Middleware started...
Middleware shuts down...
Smaller resolution statistics are in a log file...
Final aggregates per worker:


Worker 46
Average throughput (ops/sec) = 53
Average response time (msec) = 5.454508766233767
Average queue length = 2
Average wait time in queue (msec) = 0.6991170194805194
Average service time (msec) = 3.422016798701299
Number of SET = 53
Number of GET = 0
Number of MULTI GET = 0


Worker 47
Average throughput (ops/sec) = 52
Average response time (msec) = 5.853147298701298
Average queue length = 2
Average wait time in queue (msec) = 0.6889318506493507
Average service time (msec) = 3.6813366363636364
Number of SET = 52
Number of GET = 0
Number of MULTI GET = 0


Worker 48
Average throughput (ops/sec) = 53
Average response time (msec) = 5.762563753246753
Average queue length = 2
Average wait time in queue (msec) = 0.6568265844155845
Average service time (msec) = 3.384032012987013
Number of SET = 53
Number of GET = 0
Number of MULTI GET = 0


Worker 49
Average throughput (ops/sec) = 53
Average response time (msec) = 5.457490798701299
Average queue length = 2
Average wait time in queue (msec) = 0.7133161753246753
Average service time (msec) = 3.554582798701299
Number of SET = 53
Number of GET = 0
Number of MULTI GET = 0


Worker 42
Average throughput (ops/sec) = 52
Average response time (msec) = 5.333182986928104
Average queue length = 3
Average wait time in queue (msec) = 0.6331694575163398
Average service time (msec) = 3.6950085490196076
Number of SET = 51
Number of GET = 0
Number of MULTI GET = 0


Worker 43
Average throughput (ops/sec) = 52
Average response time (msec) = 6.17060398051948
Average queue length = 2
Average wait time in queue (msec) = 0.7270002467532467
Average service time (msec) = 3.6422534675324676
Number of SET = 52
Number of GET = 0
Number of MULTI GET = 0


Worker 44
Average throughput (ops/sec) = 53
Average response time (msec) = 5.185376402597402
Average queue length = 2
Average wait time in queue (msec) = 0.6847537922077922
Average service time (msec) = 3.4387562857142857
Number of SET = 53
Number of GET = 0
Number of MULTI GET = 0


Worker 45
Average throughput (ops/sec) = 53
Average response time (msec) = 5.601097824675325
Average queue length = 2
Average wait time in queue (msec) = 0.7675796753246753
Average service time (msec) = 3.746638
Number of SET = 53
Number of GET = 0
Number of MULTI GET = 0


Worker 50
Average throughput (ops/sec) = 53
Average response time (msec) = 5.928858623376624
Average queue length = 2
Average wait time in queue (msec) = 0.7070106753246753
Average service time (msec) = 3.726454461038961
Number of SET = 53
Number of GET = 0
Number of MULTI GET = 0


Worker 51
Average throughput (ops/sec) = 54
Average response time (msec) = 5.751183467532467
Average queue length = 2
Average wait time in queue (msec) = 0.6970987012987013
Average service time (msec) = 3.801026616883117
Number of SET = 54
Number of GET = 0
Number of MULTI GET = 0


Worker 52
Average throughput (ops/sec) = 52
Average response time (msec) = 5.3727947402597405
Average queue length = 3
Average wait time in queue (msec) = 0.6138161298701299
Average service time (msec) = 3.687497025974026
Number of SET = 52
Number of GET = 0
Number of MULTI GET = 0


Worker 57
Average throughput (ops/sec) = 52
Average response time (msec) = 6.228766785714286
Average queue length = 3
Average wait time in queue (msec) = 0.6942988246753248
Average service time (msec) = 4.192567733766234
Number of SET = 52
Number of GET = 0
Number of MULTI GET = 0


Worker 13
Average throughput (ops/sec) = 152
Average response time (msec) = 10.769075658682635
Average queue length = 8
Average wait time in queue (msec) = 4.341880314371257
Average service time (msec) = 5.53683022754491
Number of SET = 152
Number of GET = 0
Number of MULTI GET = 0


Worker 58
Average throughput (ops/sec) = 54
Average response time (msec) = 5.542514986928104
Average queue length = 2
Average wait time in queue (msec) = 0.6275924901960784
Average service time (msec) = 3.7481978496732027
Number of SET = 54
Number of GET = 0
Number of MULTI GET = 0


Worker 14
Average throughput (ops/sec) = 152
Average response time (msec) = 8.942311523952096
Average queue length = 9
Average wait time in queue (msec) = 4.399788901197605
Average service time (msec) = 3.683925998502994
Number of SET = 152
Number of GET = 0
Number of MULTI GET = 0


Worker 59
Average throughput (ops/sec) = 52
Average response time (msec) = 5.71422914379085
Average queue length = 2
Average wait time in queue (msec) = 0.6870850196078432
Average service time (msec) = 3.703675248366013
Number of SET = 52
Number of GET = 0
Number of MULTI GET = 0


Worker 15
Average throughput (ops/sec) = 152
Average response time (msec) = 9.464836778443113
Average queue length = 9
Average wait time in queue (msec) = 4.351969491017964
Average service time (msec) = 4.253536717065868
Number of SET = 152
Number of GET = 0
Number of MULTI GET = 0


Worker 16
Average throughput (ops/sec) = 152
Average response time (msec) = 9.6188864745509
Average queue length = 8
Average wait time in queue (msec) = 4.34386169011976
Average service time (msec) = 2.990891760479042
Number of SET = 152
Number of GET = 0
Number of MULTI GET = 0


Worker 53
Average throughput (ops/sec) = 54
Average response time (msec) = 5.494904811688311
Average queue length = 2
Average wait time in queue (msec) = 0.6647626558441558
Average service time (msec) = 3.532364850649351
Number of SET = 53
Number of GET = 0
Number of MULTI GET = 0


Worker 54
Average throughput (ops/sec) = 53
Average response time (msec) = 5.649767254901961
Average queue length = 2
Average wait time in queue (msec) = 0.6541480980392157
Average service time (msec) = 3.69825377124183
Number of SET = 53
Number of GET = 0
Number of MULTI GET = 0


Worker 10
Average throughput (ops/sec) = 152
Average response time (msec) = 9.472942233532933
Average queue length = 8
Average wait time in queue (msec) = 4.3495527410179635
Average service time (msec) = 4.273139546407186
Number of SET = 152
Number of GET = 0
Number of MULTI GET = 0


Worker 55
Average throughput (ops/sec) = 52
Average response time (msec) = 5.453668
Average queue length = 2
Average wait time in queue (msec) = 0.697411409090909
Average service time (msec) = 3.6206642337662336
Number of SET = 52
Number of GET = 0
Number of MULTI GET = 0


Worker 11
Average throughput (ops/sec) = 152
Average response time (msec) = 9.179943288922155
Average queue length = 9
Average wait time in queue (msec) = 4.423088031437126
Average service time (msec) = 3.843466130239521
Number of SET = 152
Number of GET = 0
Number of MULTI GET = 0


Worker 56
Average throughput (ops/sec) = 53
Average response time (msec) = 5.475054320261437
Average queue length = 3
Average wait time in queue (msec) = 0.6505917124183007
Average service time (msec) = 3.4965654575163403
Number of SET = 53
Number of GET = 0
Number of MULTI GET = 0


Worker 12
Average throughput (ops/sec) = 152
Average response time (msec) = 10.773313375748502
Average queue length = 9
Average wait time in queue (msec) = 4.398054824850299
Average service time (msec) = 3.0290187035928144
Number of SET = 152
Number of GET = 0
Number of MULTI GET = 0


Worker 17
Average throughput (ops/sec) = 95
Average response time (msec) = 5.57114786097561
Average queue length = 5
Average wait time in queue (msec) = 1.115615368292683
Average service time (msec) = 3.4844626634146345
Number of SET = 95
Number of GET = 0
Number of MULTI GET = 0


Worker 18
Average throughput (ops/sec) = 96
Average response time (msec) = 5.752629521951219
Average queue length = 5
Average wait time in queue (msec) = 1.1039633926829266
Average service time (msec) = 3.370977351219512
Number of SET = 96
Number of GET = 0
Number of MULTI GET = 0


Worker 19
Average throughput (ops/sec) = 95
Average response time (msec) = 5.7225455
Average queue length = 5
Average wait time in queue (msec) = 1.1300040487804879
Average service time (msec) = 3.318648826829268
Number of SET = 95
Number of GET = 0
Number of MULTI GET = 0


Worker 60
Average throughput (ops/sec) = 55
Average response time (msec) = 5.429228562091503
Average queue length = 2
Average wait time in queue (msec) = 0.6908939477124183
Average service time (msec) = 3.4568935751633987
Number of SET = 55
Number of GET = 0
Number of MULTI GET = 0


Worker 61
Average throughput (ops/sec) = 53
Average response time (msec) = 5.594694967532467
Average queue length = 2
Average wait time in queue (msec) = 0.5894008376623378
Average service time (msec) = 3.7334775909090907
Number of SET = 53
Number of GET = 0
Number of MULTI GET = 0


Worker 62
Average throughput (ops/sec) = 52
Average response time (msec) = 5.9432983831168835
Average queue length = 2
Average wait time in queue (msec) = 0.6492554675324675
Average service time (msec) = 3.8390079155844155
Number of SET = 52
Number of GET = 0
Number of MULTI GET = 0


Worker 63
Average throughput (ops/sec) = 53
Average response time (msec) = 5.725196415584415
Average queue length = 1
Average wait time in queue (msec) = 0.6739056623376622
Average service time (msec) = 3.60155237012987
Number of SET = 53
Number of GET = 0
Number of MULTI GET = 0


Worker 24
Average throughput (ops/sec) = 96
Average response time (msec) = 5.5430187536585365
Average queue length = 5
Average wait time in queue (msec) = 1.1208962390243902
Average service time (msec) = 3.389040987804878
Number of SET = 96
Number of GET = 0
Number of MULTI GET = 0


Worker 7
Average throughput (ops/sec) = 233
Average response time (msec) = 8.613218135881104
Average queue length = 12
Average wait time in queue (msec) = 4.671140926751592
Average service time (msec) = 3.2100069256900214
Number of SET = 233
Number of GET = 0
Number of MULTI GET = 0


Worker 25
Average throughput (ops/sec) = 96
Average response time (msec) = 5.6587262073170725
Average queue length = 5
Average wait time in queue (msec) = 1.0811711804878048
Average service time (msec) = 3.5631667292682927
Number of SET = 96
Number of GET = 0
Number of MULTI GET = 0


Worker 6
Average throughput (ops/sec) = 234
Average response time (msec) = 6.170883105207226
Average queue length = 12
Average wait time in queue (msec) = 2.911740125398512
Average service time (msec) = 2.5734673931987246
Number of SET = 234
Number of GET = 0
Number of MULTI GET = 0


Worker 26
Average throughput (ops/sec) = 96
Average response time (msec) = 5.5612094195121955
Average queue length = 5
Average wait time in queue (msec) = 1.1091181658536584
Average service time (msec) = 3.333235475609756
Number of SET = 96
Number of GET = 0
Number of MULTI GET = 0


Worker 9
Average throughput (ops/sec) = 152
Average response time (msec) = 9.027558468562875
Average queue length = 8
Average wait time in queue (msec) = 4.362888741017963
Average service time (msec) = 3.8350942784431137
Number of SET = 152
Number of GET = 0
Number of MULTI GET = 0


Worker 27
Average throughput (ops/sec) = 96
Average response time (msec) = 5.707922636585366
Average queue length = 5
Average wait time in queue (msec) = 1.1233849146341464
Average service time (msec) = 3.371192124390244
Number of SET = 96
Number of GET = 0
Number of MULTI GET = 0


Worker 8
Average throughput (ops/sec) = 234
Average response time (msec) = 8.91878009447983
Average queue length = 12
Average wait time in queue (msec) = 4.6917042951167724
Average service time (msec) = 3.552045061571125
Number of SET = 234
Number of GET = 0
Number of MULTI GET = 0


Worker 64
Average throughput (ops/sec) = 53
Average response time (msec) = 5.599709038961039
Average queue length = 1
Average wait time in queue (msec) = 0.6497803701298701
Average service time (msec) = 3.8780454805194804
Number of SET = 53
Number of GET = 0
Number of MULTI GET = 0


Worker 20
Average throughput (ops/sec) = 96
Average response time (msec) = 5.5117959170731705
Average queue length = 5
Average wait time in queue (msec) = 1.1245026658536585
Average service time (msec) = 3.37693266097561
Number of SET = 96
Number of GET = 0
Number of MULTI GET = 0


Worker 3
Average throughput (ops/sec) = 234
Average response time (msec) = 8.870959723991508
Average queue length = 12
Average wait time in queue (msec) = 4.697899751592357
Average service time (msec) = 3.4873563354564756
Number of SET = 234
Number of GET = 0
Number of MULTI GET = 0


Worker 21
Average throughput (ops/sec) = 96
Average response time (msec) = 5.764955812195122
Average queue length = 5
Average wait time in queue (msec) = 1.1256325024390244
Average service time (msec) = 3.4725671829268294
Number of SET = 96
Number of GET = 0
Number of MULTI GET = 0


Worker 2
Average throughput (ops/sec) = 234
Average response time (msec) = 8.515098916135882
Average queue length = 12
Average wait time in queue (msec) = 4.6702036985138005
Average service time (msec) = 3.0947400414012742
Number of SET = 234
Number of GET = 0
Number of MULTI GET = 0


Worker 22
Average throughput (ops/sec) = 96
Average response time (msec) = 5.689628502439024
Average queue length = 5
Average wait time in queue (msec) = 1.1335501195121953
Average service time (msec) = 3.520969482926829
Number of SET = 96
Number of GET = 0
Number of MULTI GET = 0


Worker 5
Average throughput (ops/sec) = 234
Average response time (msec) = 8.284685199575371
Average queue length = 12
Average wait time in queue (msec) = 4.684973605095541
Average service time (msec) = 2.9172108269639065
Number of SET = 234
Number of GET = 0
Number of MULTI GET = 0


Worker 23
Average throughput (ops/sec) = 96
Average response time (msec) = 5.702226236585366
Average queue length = 5
Average wait time in queue (msec) = 1.146057895121951
Average service time (msec) = 3.333980709756098
Number of SET = 96
Number of GET = 0
Number of MULTI GET = 0


Worker 4
Average throughput (ops/sec) = 234
Average response time (msec) = 9.838105194267515
Average queue length = 12
Average wait time in queue (msec) = 4.705631704883227
Average service time (msec) = 2.64650483970276
Number of SET = 234
Number of GET = 0
Number of MULTI GET = 0


Worker 28
Average throughput (ops/sec) = 97
Average response time (msec) = 5.51855403902439
Average queue length = 5
Average wait time in queue (msec) = 1.1229325975609756
Average service time (msec) = 3.3463324951219513
Number of SET = 96
Number of GET = 0
Number of MULTI GET = 0


Worker 29
Average throughput (ops/sec) = 96
Average response time (msec) = 5.561022534146342
Average queue length = 6
Average wait time in queue (msec) = 1.0948831585365852
Average service time (msec) = 3.4035870731707316
Number of SET = 96
Number of GET = 0
Number of MULTI GET = 0


Worker 1
Average throughput (ops/sec) = 234
Average response time (msec) = 8.827012813163481
Average queue length = 12
Average wait time in queue (msec) = 4.684724933121019
Average service time (msec) = 3.467047609341826
Number of SET = 234
Number of GET = 0
Number of MULTI GET = 0


Worker 30
Average throughput (ops/sec) = 96
Average response time (msec) = 5.681855156097561
Average queue length = 5
Average wait time in queue (msec) = 1.147507168292683
Average service time (msec) = 3.5443669048780486
Number of SET = 96
Number of GET = 0
Number of MULTI GET = 0


Worker 35
Average throughput (ops/sec) = 52
Average response time (msec) = 6.078414506493507
Average queue length = 2
Average wait time in queue (msec) = 0.6534909805194805
Average service time (msec) = 4.4461181038961035
Number of SET = 52
Number of GET = 0
Number of MULTI GET = 0


Worker 36
Average throughput (ops/sec) = 52
Average response time (msec) = 6.097865772727272
Average queue length = 2
Average wait time in queue (msec) = 0.7098258441558442
Average service time (msec) = 3.6972077662337663
Number of SET = 52
Number of GET = 0
Number of MULTI GET = 0


Worker 37
Average throughput (ops/sec) = 51
Average response time (msec) = 6.325612396103896
Average queue length = 3
Average wait time in queue (msec) = 0.5984646428571428
Average service time (msec) = 4.114884487012987
Number of SET = 51
Number of GET = 0
Number of MULTI GET = 0


Worker 38
Average throughput (ops/sec) = 52
Average response time (msec) = 5.884887987012987
Average queue length = 2
Average wait time in queue (msec) = 0.777827577922078
Average service time (msec) = 3.873541272727273
Number of SET = 52
Number of GET = 0
Number of MULTI GET = 0


Worker 31
Average throughput (ops/sec) = 97
Average response time (msec) = 5.765096734146342
Average queue length = 5
Average wait time in queue (msec) = 1.2725675
Average service time (msec) = 3.258592043902439
Number of SET = 97
Number of GET = 0
Number of MULTI GET = 0


Worker 32
Average throughput (ops/sec) = 97
Average response time (msec) = 5.837466387804878
Average queue length = 4
Average wait time in queue (msec) = 1.1422178585365854
Average service time (msec) = 3.554607992682927
Number of SET = 97
Number of GET = 0
Number of MULTI GET = 0


Worker 33
Average throughput (ops/sec) = 52
Average response time (msec) = 5.912594545454546
Average queue length = 2
Average wait time in queue (msec) = 0.742657103896104
Average service time (msec) = 3.6030438961038964
Number of SET = 52
Number of GET = 0
Number of MULTI GET = 0


Worker 34
Average throughput (ops/sec) = 52
Average response time (msec) = 6.106350201298701
Average queue length = 2
Average wait time in queue (msec) = 0.6520566818181818
Average service time (msec) = 3.5319240194805195
Number of SET = 52
Number of GET = 0
Number of MULTI GET = 0


Worker 39
Average throughput (ops/sec) = 53
Average response time (msec) = 5.159270714285714
Average queue length = 2
Average wait time in queue (msec) = 0.641848487012987
Average service time (msec) = 3.4295081558441556
Number of SET = 53
Number of GET = 0
Number of MULTI GET = 0


Worker 40
Average throughput (ops/sec) = 51
Average response time (msec) = 6.230494428571428
Average queue length = 2
Average wait time in queue (msec) = 0.6962049480519481
Average service time (msec) = 4.077061214285714
Number of SET = 51
Number of GET = 0
Number of MULTI GET = 0


Worker 41
Average throughput (ops/sec) = 51
Average response time (msec) = 6.026543707792207
Average queue length = 3
Average wait time in queue (msec) = 0.6266655324675324
Average service time (msec) = 3.8577125454545453
Number of SET = 51
Number of GET = 0
Number of MULTI GET = 0


FINAL STATS
Average throughput (ops/sec) = 6306
Average response time (msec) = 1.9219768859733746
Average queue length = 4
Average wait time in queue (msec) = 1.7249983930191577
Average service time (msec) = 3.592950207683121
Number of SET = 98
Number of GET = 0
Number of MULTI GET = 0
Number of Cache misses = 0


Histogram response times (0.1 msec step)
0.0 msec : 58
0.1 msec : 371
0.2 msec : 898
0.3 msec : 1440
0.4 msec : 1605
0.5 msec : 1614
0.6 msec : 1421
0.7 msec : 1232
0.8 msec : 1023
0.9 msec : 768
1.0 msec : 627
1.1 msec : 557
1.2 msec : 445
1.3 msec : 363
1.4 msec : 272
1.5 msec : 242
1.6 msec : 211
1.7 msec : 197
1.8 msec : 149
1.9 msec : 107
2.0 msec : 110
2.1 msec : 97
2.2 msec : 91
2.3 msec : 71
2.4 msec : 63
2.5 msec : 73
2.6 msec : 52
2.7 msec : 56
2.8 msec : 40
2.9 msec : 51
3.0 msec : 53
3.1 msec : 43
3.2 msec : 37
3.3 msec : 58
3.4 msec : 36
3.5 msec : 41
3.6 msec : 44
3.7 msec : 51
3.8 msec : 53
3.9 msec : 47
4.0 msec : 52
4.1 msec : 38
4.2 msec : 35
4.3 msec : 42
4.4 msec : 38
4.5 msec : 29
4.6 msec : 24
4.7 msec : 37
4.8 msec : 26
4.9 msec : 25
5.0 msec : 26
5.1 msec : 20
5.2 msec : 13
5.3 msec : 15
5.4 msec : 19
5.5 msec : 23
5.6 msec : 11
5.7 msec : 7
5.8 msec : 10
5.9 msec : 10
6.0 msec : 9
6.1 msec : 9
6.2 msec : 3
6.3 msec : 5
6.4 msec : 11
6.5 msec : 8
6.6 msec : 8
6.7 msec : 9
6.8 msec : 7
6.9 msec : 8
7.0 msec : 7
7.1 msec : 7
7.2 msec : 16
7.3 msec : 3
7.4 msec : 7
7.5 msec : 9
7.6 msec : 6
7.7 msec : 4
7.8 msec : 7
7.9 msec : 6
8.0 msec : 4
8.1 msec : 5
8.2 msec : 1
8.3 msec : 4
8.4 msec : 2
8.5 msec : 7
8.6 msec : 2
8.7 msec : 3
8.8 msec : 4
8.9 msec : 3
9.0 msec : 5
9.1 msec : 3
9.2 msec : 1
9.3 msec : 2
9.4 msec : 2
9.5 msec : 1
9.6 msec : 2
9.7 msec : 1
9.8 msec : 1
9.9 msec : 0
10.0 msec : 0
10.1 msec : 2
10.2 msec : 2
10.3 msec : 1
10.4 msec : 3
10.5 msec : 1
10.6 msec : 1
10.7 msec : 1
10.8 msec : 2
10.9 msec : 0
11.0 msec : 0
11.1 msec : 2
11.2 msec : 1
11.3 msec : 1
11.4 msec : 0
11.5 msec : 1
11.6 msec : 1
11.7 msec : 3
11.8 msec : 0
11.9 msec : 1
12.0 msec : 0
12.1 msec : 0
12.2 msec : 3
12.3 msec : 0
12.4 msec : 1
12.5 msec : 1
12.6 msec : 0
12.7 msec : 0
12.8 msec : 1
12.9 msec : 0
13.0 msec : 0
13.1 msec : 1
13.2 msec : 1
13.3 msec : 1
13.4 msec : 0
13.5 msec : 0
13.6 msec : 1
13.7 msec : 1
13.8 msec : 0
13.9 msec : 1
14.0 msec : 3
14.1 msec : 0
14.2 msec : 1
14.3 msec : 1
14.4 msec : 0
14.5 msec : 0
14.6 msec : 0
14.7 msec : 0
14.8 msec : 0
14.9 msec : 1
15.0 msec : 1
15.1 msec : 0
15.2 msec : 0
15.3 msec : 0
15.4 msec : 0
15.5 msec : 0
15.6 msec : 0
15.7 msec : 1
15.8 msec : 0
15.9 msec : 0
16.0 msec : 0
16.1 msec : 0
16.2 msec : 1
16.3 msec : 0
16.4 msec : 0
16.5 msec : 0
16.6 msec : 0
16.7 msec : 0
16.8 msec : 0
16.9 msec : 0
17.0 msec : 0
17.1 msec : 0
17.2 msec : 0
17.3 msec : 1
17.4 msec : 0
17.5 msec : 0
17.6 msec : 0
17.7 msec : 0
17.8 msec : 0
17.9 msec : 0
18.0 msec : 0
18.1 msec : 0
18.2 msec : 0
18.3 msec : 0
18.4 msec : 0
18.5 msec : 0
18.6 msec : 0
18.7 msec : 0
18.8 msec : 0
18.9 msec : 0
19.0 msec : 0
19.1 msec : 1
19.2 msec : 0
19.3 msec : 0
19.4 msec : 0
19.5 msec : 0
19.6 msec : 0
19.7 msec : 0
19.8 msec : 1
19.9 msec : 0
20.0 msec : 2
20.1 msec : 0
20.2 msec : 0
20.3 msec : 0
20.4 msec : 0
20.5 msec : 0
20.6 msec : 0
20.7 msec : 0
20.8 msec : 0
20.9 msec : 0
21.0 msec : 0
21.1 msec : 0
21.2 msec : 0
21.3 msec : 0
21.4 msec : 0
21.5 msec : 0
21.6 msec : 0
21.7 msec : 0
21.8 msec : 0
21.9 msec : 0
22.0 msec : 0
22.1 msec : 0
22.2 msec : 0
22.3 msec : 0
22.4 msec : 1
22.5 msec : 0
22.6 msec : 1
22.7 msec : 0
22.8 msec : 0
22.9 msec : 2
23.0 msec : 0
23.1 msec : 1
23.2 msec : 0
23.3 msec : 0
23.4 msec : 0
23.5 msec : 0
23.6 msec : 1
23.7 msec : 0
23.8 msec : 1
23.9 msec : 0
24.0 msec : 0
24.1 msec : 0
24.2 msec : 0
24.3 msec : 0
24.4 msec : 0
24.5 msec : 0
24.6 msec : 0
24.7 msec : 0
24.8 msec : 0
24.9 msec : 0
25.0 msec : 0
25.1 msec : 0
25.2 msec : 0
25.3 msec : 0
25.4 msec : 0
25.5 msec : 0
25.6 msec : 0
25.7 msec : 0
25.8 msec : 0
25.9 msec : 0
26.0 msec : 0
26.1 msec : 0
26.2 msec : 1
26.3 msec : 1
26.4 msec : 0
26.5 msec : 0
26.6 msec : 0
26.7 msec : 0
26.8 msec : 0
26.9 msec : 0
27.0 msec : 0
27.1 msec : 1
27.2 msec : 0
27.3 msec : 0
27.4 msec : 0
27.5 msec : 1
27.6 msec : 0
27.7 msec : 0
27.8 msec : 0
27.9 msec : 0
28.0 msec : 0
28.1 msec : 0
28.2 msec : 0
28.3 msec : 0
28.4 msec : 0
28.5 msec : 0
28.6 msec : 0
28.7 msec : 0
28.8 msec : 0
28.9 msec : 0
29.0 msec : 0
29.1 msec : 0
29.2 msec : 0
29.3 msec : 0
29.4 msec : 0
29.5 msec : 0
29.6 msec : 0
29.7 msec : 0
29.8 msec : 0
29.9 msec : 0
30.0 msec : 0
30.1 msec : 0
30.2 msec : 0
30.3 msec : 0
30.4 msec : 0
30.5 msec : 0
30.6 msec : 0
30.7 msec : 0
30.8 msec : 0
30.9 msec : 0
31.0 msec : 0
31.1 msec : 0
31.2 msec : 0
31.3 msec : 0
31.4 msec : 0
31.5 msec : 0
31.6 msec : 1
31.7 msec : 0
31.8 msec : 0
31.9 msec : 0
32.0 msec : 0
32.1 msec : 0
32.2 msec : 0
32.3 msec : 0
32.4 msec : 0
32.5 msec : 0
32.6 msec : 0
32.7 msec : 0
32.8 msec : 0
32.9 msec : 0
33.0 msec : 0
33.1 msec : 0
33.2 msec : 0
33.3 msec : 0
33.4 msec : 0
33.5 msec : 0
33.6 msec : 1
33.7 msec : 0
33.8 msec : 0
33.9 msec : 0
34.0 msec : 0
34.1 msec : 0
34.2 msec : 0
34.3 msec : 0
34.4 msec : 0
34.5 msec : 0
34.6 msec : 0
34.7 msec : 0
34.8 msec : 0
34.9 msec : 0
35.0 msec : 0
35.1 msec : 0
35.2 msec : 0
35.3 msec : 0
35.4 msec : 0
35.5 msec : 0
35.6 msec : 0
35.7 msec : 0
35.8 msec : 0
35.9 msec : 0
36.0 msec : 0
36.1 msec : 0
36.2 msec : 0
36.3 msec : 0
36.4 msec : 0
36.5 msec : 0
36.6 msec : 0
36.7 msec : 0
36.8 msec : 0
36.9 msec : 0
37.0 msec : 0
37.1 msec : 0
37.2 msec : 0
37.3 msec : 0
37.4 msec : 0
37.5 msec : 0
37.6 msec : 0
37.7 msec : 0
37.8 msec : 0
37.9 msec : 0
38.0 msec : 0
38.1 msec : 0
38.2 msec : 0
38.3 msec : 0
38.4 msec : 0
38.5 msec : 0
38.6 msec : 0
38.7 msec : 0
38.8 msec : 1
38.9 msec : 0
39.0 msec : 0
39.1 msec : 0
39.2 msec : 0
39.3 msec : 0
39.4 msec : 0
39.5 msec : 0
39.6 msec : 0
39.7 msec : 0
39.8 msec : 0
39.9 msec : 0
40.0 msec : 0
40.1 msec : 0
40.2 msec : 0
40.3 msec : 0
40.4 msec : 0
40.5 msec : 0
40.6 msec : 0
40.7 msec : 0
40.8 msec : 0
40.9 msec : 0
41.0 msec : 0
41.1 msec : 0
41.2 msec : 0
41.3 msec : 0
41.4 msec : 0
41.5 msec : 0
41.6 msec : 0
41.7 msec : 0
41.8 msec : 0
41.9 msec : 0
42.0 msec : 0
42.1 msec : 0
42.2 msec : 0
42.3 msec : 0
42.4 msec : 0
42.5 msec : 0
42.6 msec : 0
42.7 msec : 0
42.8 msec : 0
42.9 msec : 0
43.0 msec : 0
43.1 msec : 0
43.2 msec : 0
43.3 msec : 0
43.4 msec : 0
43.5 msec : 0
43.6 msec : 0
43.7 msec : 0
43.8 msec : 0
43.9 msec : 0
44.0 msec : 0
44.1 msec : 0
44.2 msec : 0
44.3 msec : 0
44.4 msec : 0
44.5 msec : 0
44.6 msec : 0
44.7 msec : 0
44.8 msec : 0
44.9 msec : 0
45.0 msec : 0
45.1 msec : 0
45.2 msec : 0
45.3 msec : 0
45.4 msec : 0
45.5 msec : 0
45.6 msec : 0
45.7 msec : 0
45.8 msec : 0
45.9 msec : 0
46.0 msec : 0
46.1 msec : 0
46.2 msec : 0
46.3 msec : 0
46.4 msec : 0
46.5 msec : 0
46.6 msec : 0
46.7 msec : 0
46.8 msec : 0
46.9 msec : 0
47.0 msec : 0
47.1 msec : 0
47.2 msec : 0
47.3 msec : 1
47.4 msec : 0
47.5 msec : 0
47.6 msec : 0
47.7 msec : 0
47.8 msec : 0
47.9 msec : 0
48.0 msec : 0
48.1 msec : 0
48.2 msec : 0
48.3 msec : 0
48.4 msec : 0
48.5 msec : 0
48.6 msec : 0
48.7 msec : 0
48.8 msec : 0
48.9 msec : 0
49.0 msec : 0
49.1 msec : 0
49.2 msec : 0
49.3 msec : 0
49.4 msec : 0
49.5 msec : 0
49.6 msec : 0
49.7 msec : 0
49.8 msec : 0
49.9 msec : 0
50.0 msec : 0
50.1 msec : 0
50.2 msec : 0
50.3 msec : 0
50.4 msec : 0
50.5 msec : 0
50.6 msec : 0
50.7 msec : 0
50.8 msec : 0
50.9 msec : 0
51.0 msec : 0
51.1 msec : 0
51.2 msec : 0
51.3 msec : 0
51.4 msec : 0
51.5 msec : 0
51.6 msec : 0
51.7 msec : 0
51.8 msec : 0
51.9 msec : 0
52.0 msec : 0
52.1 msec : 0
52.2 msec : 0
52.3 msec : 0
52.4 msec : 0
52.5 msec : 0
52.6 msec : 0
52.7 msec : 0
52.8 msec : 0
52.9 msec : 0
53.0 msec : 0
53.1 msec : 0
53.2 msec : 0
53.3 msec : 0
53.4 msec : 0
53.5 msec : 0
53.6 msec : 0
53.7 msec : 0
53.8 msec : 0
53.9 msec : 0
54.0 msec : 0
54.1 msec : 0
54.2 msec : 0
54.3 msec : 0
54.4 msec : 0
54.5 msec : 0
54.6 msec : 0
54.7 msec : 0
54.8 msec : 0
54.9 msec : 0
55.0 msec : 0
55.1 msec : 0
55.2 msec : 0
55.3 msec : 0
55.4 msec : 0
55.5 msec : 0
55.6 msec : 0
55.7 msec : 0
55.8 msec : 0
55.9 msec : 0
56.0 msec : 0
56.1 msec : 0
56.2 msec : 0
56.3 msec : 0
56.4 msec : 0
56.5 msec : 0
56.6 msec : 0
56.7 msec : 0
56.8 msec : 0
56.9 msec : 0
57.0 msec : 0
57.1 msec : 0
57.2 msec : 0
57.3 msec : 0
57.4 msec : 0
57.5 msec : 0
57.6 msec : 0
57.7 msec : 0
57.8 msec : 0
57.9 msec : 0
58.0 msec : 0
58.1 msec : 0
58.2 msec : 1
58.3 msec : 0
58.4 msec : 0
58.5 msec : 0
58.6 msec : 0
58.7 msec : 0
58.8 msec : 0
58.9 msec : 0
59.0 msec : 0
59.1 msec : 0
59.2 msec : 0
59.3 msec : 0
59.4 msec : 0
59.5 msec : 0
59.6 msec : 0
59.7 msec : 0
59.8 msec : 0
59.9 msec : 0
60.0 msec : 0
60.1 msec : 0
60.2 msec : 0
60.3 msec : 0
60.4 msec : 0
60.5 msec : 0
60.6 msec : 0
60.7 msec : 0
60.8 msec : 0
60.9 msec : 0
61.0 msec : 0
61.1 msec : 0
61.2 msec : 0
61.3 msec : 0
61.4 msec : 0
61.5 msec : 0
61.6 msec : 0
61.7 msec : 1
61.8 msec : 0
61.9 msec : 0
62.0 msec : 0
62.1 msec : 0
62.2 msec : 0
62.3 msec : 0
62.4 msec : 0
62.5 msec : 0
62.6 msec : 0
62.7 msec : 0
62.8 msec : 0
62.9 msec : 0
63.0 msec : 0
63.1 msec : 0
63.2 msec : 0
63.3 msec : 0
63.4 msec : 0
63.5 msec : 0
63.6 msec : 0
63.7 msec : 0
63.8 msec : 0
63.9 msec : 0
64.0 msec : 0
64.1 msec : 0
64.2 msec : 0
64.3 msec : 0
64.4 msec : 0
64.5 msec : 0
64.6 msec : 0
64.7 msec : 0
64.8 msec : 0
64.9 msec : 0
65.0 msec : 0
65.1 msec : 0
65.2 msec : 0
65.3 msec : 0
65.4 msec : 0
65.5 msec : 0
65.6 msec : 0
65.7 msec : 0
65.8 msec : 0
65.9 msec : 0
66.0 msec : 0
66.1 msec : 0
66.2 msec : 0
66.3 msec : 0
66.4 msec : 0
66.5 msec : 0
66.6 msec : 0
66.7 msec : 0
66.8 msec : 0
66.9 msec : 0
67.0 msec : 0
67.1 msec : 0
67.2 msec : 0
67.3 msec : 0
67.4 msec : 0
67.5 msec : 0
67.6 msec : 0
67.7 msec : 0
67.8 msec : 0
67.9 msec : 0
68.0 msec : 0
68.1 msec : 0
68.2 msec : 0
68.3 msec : 0
68.4 msec : 0
68.5 msec : 0
68.6 msec : 0
68.7 msec : 0
68.8 msec : 0
68.9 msec : 0
69.0 msec : 0
69.1 msec : 0
69.2 msec : 0
69.3 msec : 0
69.4 msec : 0
69.5 msec : 0
69.6 msec : 0
69.7 msec : 0
69.8 msec : 0
69.9 msec : 0
70.0 msec : 0
70.1 msec : 0
70.2 msec : 0
70.3 msec : 0
70.4 msec : 0
70.5 msec : 0
70.6 msec : 0
70.7 msec : 0
70.8 msec : 0
70.9 msec : 0
71.0 msec : 0
71.1 msec : 0
71.2 msec : 0
71.3 msec : 0
71.4 msec : 0
71.5 msec : 0
71.6 msec : 0
71.7 msec : 0
71.8 msec : 0
71.9 msec : 0
72.0 msec : 0
72.1 msec : 0
72.2 msec : 0
72.3 msec : 0
72.4 msec : 0
72.5 msec : 0
72.6 msec : 0
72.7 msec : 0
72.8 msec : 0
72.9 msec : 0
73.0 msec : 0
73.1 msec : 0
73.2 msec : 0
73.3 msec : 0
73.4 msec : 0
73.5 msec : 0
73.6 msec : 0
73.7 msec : 0
73.8 msec : 0
73.9 msec : 0
74.0 msec : 0
74.1 msec : 0
74.2 msec : 0
74.3 msec : 0
74.4 msec : 0
74.5 msec : 0
74.6 msec : 0
74.7 msec : 0
74.8 msec : 0
74.9 msec : 0
75.0 msec : 0
75.1 msec : 0
75.2 msec : 0
75.3 msec : 0
75.4 msec : 0
75.5 msec : 0
75.6 msec : 0
75.7 msec : 0
75.8 msec : 0
75.9 msec : 0
76.0 msec : 0
76.1 msec : 0
76.2 msec : 0
76.3 msec : 0
76.4 msec : 0
76.5 msec : 0
76.6 msec : 0
76.7 msec : 0
76.8 msec : 0
76.9 msec : 0
77.0 msec : 0
77.1 msec : 0
77.2 msec : 0
77.3 msec : 0
77.4 msec : 0
77.5 msec : 0
77.6 msec : 0
77.7 msec : 0
77.8 msec : 0
77.9 msec : 0
78.0 msec : 0
78.1 msec : 0
78.2 msec : 0
78.3 msec : 0
78.4 msec : 0
78.5 msec : 0
78.6 msec : 0
78.7 msec : 0
78.8 msec : 0
78.9 msec : 0
79.0 msec : 0
79.1 msec : 0
79.2 msec : 0
79.3 msec : 0
79.4 msec : 0
79.5 msec : 0
79.6 msec : 0
79.7 msec : 0
79.8 msec : 0
79.9 msec : 0
80.0 msec : 0
80.1 msec : 0
80.2 msec : 0
80.3 msec : 0
80.4 msec : 0
80.5 msec : 0
80.6 msec : 0
80.7 msec : 0
80.8 msec : 0
80.9 msec : 0
81.0 msec : 0
81.1 msec : 0
81.2 msec : 0
81.3 msec : 0
81.4 msec : 0
81.5 msec : 0
81.6 msec : 0
81.7 msec : 0
81.8 msec : 0
81.9 msec : 0
82.0 msec : 0
82.1 msec : 0
82.2 msec : 0
82.3 msec : 0
82.4 msec : 0
82.5 msec : 0
82.6 msec : 0
82.7 msec : 0
82.8 msec : 0
82.9 msec : 0
83.0 msec : 0
83.1 msec : 0
83.2 msec : 0
83.3 msec : 0
83.4 msec : 0
83.5 msec : 0
83.6 msec : 0
83.7 msec : 0
83.8 msec : 0
83.9 msec : 0
84.0 msec : 0
84.1 msec : 0
84.2 msec : 0
84.3 msec : 0
84.4 msec : 0
84.5 msec : 0
84.6 msec : 0
84.7 msec : 0
84.8 msec : 0
84.9 msec : 0
85.0 msec : 0
85.1 msec : 0
85.2 msec : 0
85.3 msec : 0
85.4 msec : 0
85.5 msec : 0
85.6 msec : 0
85.7 msec : 0
85.8 msec : 0
85.9 msec : 0
86.0 msec : 0
86.1 msec : 0
86.2 msec : 0
86.3 msec : 0
86.4 msec : 0
86.5 msec : 0
86.6 msec : 0
86.7 msec : 0
86.8 msec : 0
86.9 msec : 0
87.0 msec : 0
87.1 msec : 0
87.2 msec : 0
87.3 msec : 0
87.4 msec : 0
87.5 msec : 0
87.6 msec : 0
87.7 msec : 0
87.8 msec : 0
87.9 msec : 0
88.0 msec : 0
88.1 msec : 0
88.2 msec : 0
88.3 msec : 0
88.4 msec : 0
88.5 msec : 0
88.6 msec : 0
88.7 msec : 0
88.8 msec : 0
88.9 msec : 0
89.0 msec : 0
89.1 msec : 0
89.2 msec : 0
89.3 msec : 0
89.4 msec : 0
89.5 msec : 0
89.6 msec : 0
89.7 msec : 0
89.8 msec : 0
89.9 msec : 0
90.0 msec : 0
90.1 msec : 0
90.2 msec : 0
90.3 msec : 0
90.4 msec : 0
90.5 msec : 0
90.6 msec : 0
90.7 msec : 0
90.8 msec : 0
90.9 msec : 0
91.0 msec : 0
91.1 msec : 0
91.2 msec : 0
91.3 msec : 0
91.4 msec : 0
91.5 msec : 0
91.6 msec : 0
91.7 msec : 0
91.8 msec : 0
91.9 msec : 0
92.0 msec : 0
92.1 msec : 0
92.2 msec : 0
92.3 msec : 0
92.4 msec : 0
92.5 msec : 0
92.6 msec : 0
92.7 msec : 0
92.8 msec : 0
92.9 msec : 0
93.0 msec : 0
93.1 msec : 0
93.2 msec : 0
93.3 msec : 0
93.4 msec : 0
93.5 msec : 0
93.6 msec : 0
93.7 msec : 0
93.8 msec : 0
93.9 msec : 0
94.0 msec : 0
94.1 msec : 0
94.2 msec : 0
94.3 msec : 0
94.4 msec : 0
94.5 msec : 0
94.6 msec : 0
94.7 msec : 0
94.8 msec : 0
94.9 msec : 0
95.0 msec : 0
95.1 msec : 0
95.2 msec : 0
95.3 msec : 0
95.4 msec : 0
95.5 msec : 0
95.6 msec : 0
95.7 msec : 0
95.8 msec : 0
95.9 msec : 0
96.0 msec : 0
96.1 msec : 0
96.2 msec : 0
96.3 msec : 0
96.4 msec : 0
96.5 msec : 0
96.6 msec : 0
96.7 msec : 0
96.8 msec : 0
96.9 msec : 0
97.0 msec : 0
97.1 msec : 0
97.2 msec : 0
97.3 msec : 0
97.4 msec : 0
97.5 msec : 0
97.6 msec : 0
97.7 msec : 0
97.8 msec : 0
97.9 msec : 0
98.0 msec : 0
98.1 msec : 0
98.2 msec : 0
98.3 msec : 0
98.4 msec : 0
98.5 msec : 0
98.6 msec : 0
98.7 msec : 0
98.8 msec : 0
98.9 msec : 0
99.0 msec : 0
99.1 msec : 0
99.2 msec : 0
99.3 msec : 0
99.4 msec : 0
99.5 msec : 0
99.6 msec : 0
99.7 msec : 0
99.8 msec : 0
99.9 msec : 0
100.0 msec : 0
100.1 msec : 0
100.2 msec : 0
100.3 msec : 0
100.4 msec : 0
100.5 msec : 0
100.6 msec : 0
100.7 msec : 0
100.8 msec : 0
100.9 msec : 0
101.0 msec : 0
101.1 msec : 0
101.2 msec : 0
101.3 msec : 0
101.4 msec : 0
101.5 msec : 0
101.6 msec : 0
101.7 msec : 0
101.8 msec : 0
101.9 msec : 0
102.0 msec : 0
102.1 msec : 0
102.2 msec : 0
102.3 msec : 0
102.4 msec : 0
102.5 msec : 0
102.6 msec : 0
102.7 msec : 0
102.8 msec : 0
102.9 msec : 0
103.0 msec : 0
103.1 msec : 0
103.2 msec : 0
103.3 msec : 0
103.4 msec : 0
103.5 msec : 0
103.6 msec : 0
103.7 msec : 0
103.8 msec : 0
103.9 msec : 0
104.0 msec : 0
104.1 msec : 0
104.2 msec : 0
104.3 msec : 0
104.4 msec : 0
104.5 msec : 0
104.6 msec : 0
104.7 msec : 0
104.8 msec : 0
104.9 msec : 0
105.0 msec : 0
105.1 msec : 0
105.2 msec : 0
105.3 msec : 0
105.4 msec : 0
105.5 msec : 0
105.6 msec : 0
105.7 msec : 0
105.8 msec : 0
105.9 msec : 0
106.0 msec : 0
106.1 msec : 0
106.2 msec : 0
106.3 msec : 0
106.4 msec : 0
106.5 msec : 0
106.6 msec : 0
106.7 msec : 0
106.8 msec : 0
106.9 msec : 0
107.0 msec : 0
107.1 msec : 0
107.2 msec : 0
107.3 msec : 0
107.4 msec : 0
107.5 msec : 0
107.6 msec : 0
107.7 msec : 0
107.8 msec : 0
107.9 msec : 0
108.0 msec : 0
108.1 msec : 0
108.2 msec : 0
108.3 msec : 0
108.4 msec : 0
108.5 msec : 0
108.6 msec : 0
108.7 msec : 0
108.8 msec : 0
108.9 msec : 0
109.0 msec : 0
109.1 msec : 0
109.2 msec : 0
109.3 msec : 0
109.4 msec : 0
109.5 msec : 0
109.6 msec : 0
109.7 msec : 0
109.8 msec : 0
109.9 msec : 0
110.0 msec : 0
110.1 msec : 0
110.2 msec : 0
110.3 msec : 0
110.4 msec : 0
110.5 msec : 0
110.6 msec : 0
110.7 msec : 0
110.8 msec : 0
110.9 msec : 0
111.0 msec : 0
111.1 msec : 0
111.2 msec : 0
111.3 msec : 0
111.4 msec : 0
111.5 msec : 0
111.6 msec : 0
111.7 msec : 0
111.8 msec : 0
111.9 msec : 0
112.0 msec : 0
112.1 msec : 0
112.2 msec : 0
112.3 msec : 0
112.4 msec : 0
112.5 msec : 0
112.6 msec : 0
112.7 msec : 0
112.8 msec : 0
112.9 msec : 0
113.0 msec : 0
113.1 msec : 0
113.2 msec : 0
113.3 msec : 0
113.4 msec : 0
113.5 msec : 0
113.6 msec : 0
113.7 msec : 0
113.8 msec : 0
113.9 msec : 0
114.0 msec : 0
114.1 msec : 0
114.2 msec : 0
114.3 msec : 0
114.4 msec : 0
114.5 msec : 0
114.6 msec : 0
114.7 msec : 0
114.8 msec : 0
114.9 msec : 0
115.0 msec : 0
115.1 msec : 0
115.2 msec : 0
115.3 msec : 0
115.4 msec : 0
115.5 msec : 0
115.6 msec : 0
115.7 msec : 0
115.8 msec : 0
115.9 msec : 0
116.0 msec : 0
116.1 msec : 0
116.2 msec : 0
116.3 msec : 0
116.4 msec : 0
116.5 msec : 0
116.6 msec : 0
116.7 msec : 0
116.8 msec : 0
116.9 msec : 0
117.0 msec : 0
117.1 msec : 0
117.2 msec : 0
117.3 msec : 0
117.4 msec : 0
117.5 msec : 0
117.6 msec : 0
117.7 msec : 0
117.8 msec : 0
117.9 msec : 0
118.0 msec : 0
118.1 msec : 0
118.2 msec : 0
118.3 msec : 0
118.4 msec : 0
118.5 msec : 0
118.6 msec : 0
118.7 msec : 0
118.8 msec : 0
118.9 msec : 0
119.0 msec : 0
119.1 msec : 0
119.2 msec : 0
119.3 msec : 0
119.4 msec : 0
119.5 msec : 0
119.6 msec : 0
119.7 msec : 0
119.8 msec : 0
119.9 msec : 0
120.0 msec : 0
120.1 msec : 0
120.2 msec : 0
120.3 msec : 0
120.4 msec : 0
120.5 msec : 0
120.6 msec : 0
120.7 msec : 0
120.8 msec : 0
120.9 msec : 0
121.0 msec : 0
121.1 msec : 0
121.2 msec : 0
121.3 msec : 0
121.4 msec : 0
121.5 msec : 0
121.6 msec : 0
121.7 msec : 0
121.8 msec : 0
121.9 msec : 0
122.0 msec : 0
122.1 msec : 0
122.2 msec : 0
122.3 msec : 0
122.4 msec : 0
122.5 msec : 0
122.6 msec : 0
122.7 msec : 0
122.8 msec : 0
122.9 msec : 0
123.0 msec : 0
123.1 msec : 0
123.2 msec : 0
123.3 msec : 0
123.4 msec : 0
123.5 msec : 0
123.6 msec : 0
123.7 msec : 0
123.8 msec : 0
123.9 msec : 0
124.0 msec : 0
124.1 msec : 0
124.2 msec : 0
124.3 msec : 0
124.4 msec : 0
124.5 msec : 0
124.6 msec : 0
124.7 msec : 0
124.8 msec : 1
124.9 msec : 0
125.0 msec : 0
125.1 msec : 0
125.2 msec : 0
125.3 msec : 0
125.4 msec : 0
125.5 msec : 0
125.6 msec : 0
125.7 msec : 1
125.8 msec : 0
125.9 msec : 0
126.0 msec : 0
126.1 msec : 0
126.2 msec : 0
126.3 msec : 0
126.4 msec : 0
126.5 msec : 0
126.6 msec : 0
126.7 msec : 0
126.8 msec : 0
126.9 msec : 0
127.0 msec : 0
127.1 msec : 0
127.2 msec : 0
127.3 msec : 0
127.4 msec : 0
127.5 msec : 0
127.6 msec : 0
127.7 msec : 0
127.8 msec : 0
127.9 msec : 0
128.0 msec : 0
128.1 msec : 0
128.2 msec : 0
128.3 msec : 0
128.4 msec : 0
128.5 msec : 0
128.6 msec : 0
128.7 msec : 0
128.8 msec : 0
128.9 msec : 0
129.0 msec : 0
129.1 msec : 0
129.2 msec : 0
129.3 msec : 0
129.4 msec : 0
129.5 msec : 0
129.6 msec : 0
129.7 msec : 0
129.8 msec : 0
129.9 msec : 0
130.0 msec : 0
130.1 msec : 1
130.2 msec : 0
130.3 msec : 0
130.4 msec : 0
130.5 msec : 0
130.6 msec : 0
130.7 msec : 0
130.8 msec : 1
130.9 msec : 1
131.0 msec : 0
131.1 msec : 0
131.2 msec : 0
131.3 msec : 0
131.4 msec : 1
131.5 msec : 0
131.6 msec : 1
131.7 msec : 0
131.8 msec : 2
131.9 msec : 0
132.0 msec : 0
132.1 msec : 0
132.2 msec : 0
132.3 msec : 1
132.4 msec : 0
132.5 msec : 0
132.6 msec : 0
132.7 msec : 0
132.8 msec : 0
132.9 msec : 0
133.0 msec : 0
133.1 msec : 1
133.2 msec : 0
133.3 msec : 0
133.4 msec : 0
133.5 msec : 0
133.6 msec : 0
133.7 msec : 0
133.8 msec : 0
133.9 msec : 0
134.0 msec : 0
134.1 msec : 1
134.2 msec : 0
134.3 msec : 0
134.4 msec : 0
134.5 msec : 0
134.6 msec : 0
134.7 msec : 0
134.8 msec : 0
134.9 msec : 0
135.0 msec : 0
135.1 msec : 0
135.2 msec : 0
135.3 msec : 0
135.4 msec : 0
135.5 msec : 1
135.6 msec : 0
135.7 msec : 0
135.8 msec : 0
135.9 msec : 0
136.0 msec : 0
136.1 msec : 0
136.2 msec : 0
136.3 msec : 0
136.4 msec : 0
