Middleware started...
Middleware shuts down...
Smaller resolution statistics are in a log file...
Final aggregates per worker:


Worker 13
Average throughput (ops/sec) = 206
Average response time (msec) = 2.1849707540983605
Average queue length = 0
Average wait time in queue (msec) = 0.11019422950819671
Average service time (msec) = 2.00575562295082
Number of SET = 0
Number of GET = 206
Number of MULTI GET = 0


Worker 7
Average throughput (ops/sec) = 206
Average response time (msec) = 2.1737172622950816
Average queue length = 0
Average wait time in queue (msec) = 0.10995439344262295
Average service time (msec) = 1.992783262295082
Number of SET = 0
Number of GET = 206
Number of MULTI GET = 0


Worker 14
Average throughput (ops/sec) = 206
Average response time (msec) = 2.1788857540983604
Average queue length = 0
Average wait time in queue (msec) = 0.11184288524590164
Average service time (msec) = 1.9885648196721313
Number of SET = 0
Number of GET = 206
Number of MULTI GET = 0


Worker 6
Average throughput (ops/sec) = 205
Average response time (msec) = 2.1852636721311476
Average queue length = 0
Average wait time in queue (msec) = 0.1132766393442623
Average service time (msec) = 2.0017278852459017
Number of SET = 0
Number of GET = 205
Number of MULTI GET = 0


Worker 15
Average throughput (ops/sec) = 206
Average response time (msec) = 2.174101098360656
Average queue length = 1
Average wait time in queue (msec) = 0.11118703278688524
Average service time (msec) = 1.9937798032786886
Number of SET = 0
Number of GET = 206
Number of MULTI GET = 0


Worker 9
Average throughput (ops/sec) = 205
Average response time (msec) = 2.162509180327869
Average queue length = 0
Average wait time in queue (msec) = 0.10806373770491803
Average service time (msec) = 1.9803779016393441
Number of SET = 0
Number of GET = 205
Number of MULTI GET = 0


Worker 16
Average throughput (ops/sec) = 207
Average response time (msec) = 2.177733770491803
Average queue length = 0
Average wait time in queue (msec) = 0.1157265081967213
Average service time (msec) = 1.9897110819672132
Number of SET = 0
Number of GET = 207
Number of MULTI GET = 0


Worker 8
Average throughput (ops/sec) = 207
Average response time (msec) = 2.167501557377049
Average queue length = 0
Average wait time in queue (msec) = 0.10720668852459017
Average service time (msec) = 1.9862432786885247
Number of SET = 0
Number of GET = 207
Number of MULTI GET = 0


Worker 3
Average throughput (ops/sec) = 205
Average response time (msec) = 2.174593704918033
Average queue length = 0
Average wait time in queue (msec) = 0.11032883606557377
Average service time (msec) = 1.9916861967213115
Number of SET = 0
Number of GET = 205
Number of MULTI GET = 0


Worker 10
Average throughput (ops/sec) = 205
Average response time (msec) = 2.1681509016393443
Average queue length = 0
Average wait time in queue (msec) = 0.11133083606557376
Average service time (msec) = 1.9820021803278687
Number of SET = 0
Number of GET = 204
Number of MULTI GET = 0


Worker 2
Average throughput (ops/sec) = 205
Average response time (msec) = 2.179050557377049
Average queue length = 0
Average wait time in queue (msec) = 0.10631855737704918
Average service time (msec) = 2.000636573770492
Number of SET = 0
Number of GET = 205
Number of MULTI GET = 0


Worker 5
Average throughput (ops/sec) = 204
Average response time (msec) = 2.156312344262295
Average queue length = 0
Average wait time in queue (msec) = 0.10451024590163933
Average service time (msec) = 1.9812732459016393
Number of SET = 0
Number of GET = 204
Number of MULTI GET = 0


Worker 11
Average throughput (ops/sec) = 206
Average response time (msec) = 2.172590737704918
Average queue length = 0
Average wait time in queue (msec) = 0.11222663934426229
Average service time (msec) = 1.9913782786885246
Number of SET = 0
Number of GET = 206
Number of MULTI GET = 0


Worker 12
Average throughput (ops/sec) = 206
Average response time (msec) = 2.16786037704918
Average queue length = 0
Average wait time in queue (msec) = 0.10947070491803279
Average service time (msec) = 1.9890796229508199
Number of SET = 0
Number of GET = 206
Number of MULTI GET = 0


Worker 4
Average throughput (ops/sec) = 207
Average response time (msec) = 2.1662524590163934
Average queue length = 0
Average wait time in queue (msec) = 0.10563491803278688
Average service time (msec) = 1.9836257704918032
Number of SET = 0
Number of GET = 207
Number of MULTI GET = 0


Worker 1
Average throughput (ops/sec) = 206
Average response time (msec) = 2.1626753114754096
Average queue length = 0
Average wait time in queue (msec) = 0.10545291803278688
Average service time (msec) = 1.9874952295081967
Number of SET = 0
Number of GET = 206
Number of MULTI GET = 0


FINAL STATS
Average throughput (ops/sec) = 3292
Average response time (msec) = 2.147686756395409
Average queue length = 0
Average wait time in queue (msec) = 0.10954536065573771
Average service time (msec) = 1.9903825471311474
Number of SET = 0
Number of GET = 205
Number of MULTI GET = 0
Number of Cache misses = 201199


Histogram response times (0.1 msec step)
0.0 msec : 2184
0.1 msec : 22099
0.2 msec : 41728
0.3 msec : 42245
0.4 msec : 31576
0.5 msec : 20735
0.6 msec : 12817
0.7 msec : 7796
0.8 msec : 4739
0.9 msec : 3002
1.0 msec : 2070
1.1 msec : 1475
1.2 msec : 1075
1.3 msec : 817
1.4 msec : 667
1.5 msec : 582
1.6 msec : 471
1.7 msec : 400
1.8 msec : 299
1.9 msec : 277
2.0 msec : 252
2.1 msec : 239
2.2 msec : 188
2.3 msec : 162
2.4 msec : 135
2.5 msec : 128
2.6 msec : 113
2.7 msec : 111
2.8 msec : 95
2.9 msec : 89
3.0 msec : 114
3.1 msec : 83
3.2 msec : 87
3.3 msec : 88
3.4 msec : 82
3.5 msec : 102
3.6 msec : 108
3.7 msec : 84
3.8 msec : 70
3.9 msec : 67
4.0 msec : 66
4.1 msec : 45
4.2 msec : 52
4.3 msec : 44
4.4 msec : 57
4.5 msec : 48
4.6 msec : 57
4.7 msec : 65
4.8 msec : 50
4.9 msec : 55
5.0 msec : 57
5.1 msec : 56
5.2 msec : 59
5.3 msec : 45
5.4 msec : 37
5.5 msec : 49
5.6 msec : 60
5.7 msec : 59
5.8 msec : 58
5.9 msec : 51
6.0 msec : 44
6.1 msec : 54
6.2 msec : 48
6.3 msec : 46
6.4 msec : 27
6.5 msec : 20
6.6 msec : 28
6.7 msec : 31
6.8 msec : 19
6.9 msec : 16
7.0 msec : 19
7.1 msec : 21
7.2 msec : 16
7.3 msec : 16
7.4 msec : 20
7.5 msec : 14
7.6 msec : 6
7.7 msec : 13
7.8 msec : 17
7.9 msec : 14
8.0 msec : 8
8.1 msec : 9
8.2 msec : 6
8.3 msec : 4
8.4 msec : 5
8.5 msec : 4
8.6 msec : 7
8.7 msec : 10
8.8 msec : 7
8.9 msec : 3
9.0 msec : 4
9.1 msec : 8
9.2 msec : 7
9.3 msec : 2
9.4 msec : 1
9.5 msec : 2
9.6 msec : 3
9.7 msec : 4
9.8 msec : 1
9.9 msec : 3
10.0 msec : 3
10.1 msec : 3
10.2 msec : 1
10.3 msec : 0
10.4 msec : 1
10.5 msec : 0
10.6 msec : 1
10.7 msec : 0
10.8 msec : 5
10.9 msec : 0
11.0 msec : 1
11.1 msec : 1
11.2 msec : 2
11.3 msec : 2
11.4 msec : 1
11.5 msec : 4
11.6 msec : 1
11.7 msec : 1
11.8 msec : 0
11.9 msec : 1
12.0 msec : 0
12.1 msec : 0
12.2 msec : 0
12.3 msec : 0
12.4 msec : 2
12.5 msec : 0
12.6 msec : 1
12.7 msec : 2
12.8 msec : 0
12.9 msec : 0
13.0 msec : 0
13.1 msec : 0
13.2 msec : 0
13.3 msec : 0
13.4 msec : 0
13.5 msec : 1
13.6 msec : 0
13.7 msec : 1
13.8 msec : 0
13.9 msec : 0
14.0 msec : 0
14.1 msec : 2
14.2 msec : 2
14.3 msec : 2
14.4 msec : 1
14.5 msec : 1
14.6 msec : 0
14.7 msec : 0
14.8 msec : 0
14.9 msec : 0
15.0 msec : 1
15.1 msec : 2
15.2 msec : 1
15.3 msec : 0
15.4 msec : 2
15.5 msec : 0
15.6 msec : 0
15.7 msec : 0
15.8 msec : 0
15.9 msec : 1
16.0 msec : 2
16.1 msec : 1
16.2 msec : 4
16.3 msec : 0
16.4 msec : 1
16.5 msec : 1
16.6 msec : 0
16.7 msec : 1
16.8 msec : 1
16.9 msec : 1
17.0 msec : 0
17.1 msec : 0
17.2 msec : 0
17.3 msec : 0
17.4 msec : 0
17.5 msec : 0
17.6 msec : 0
17.7 msec : 0
17.8 msec : 1
17.9 msec : 0
18.0 msec : 0
18.1 msec : 1
18.2 msec : 0
18.3 msec : 0
18.4 msec : 0
18.5 msec : 0
18.6 msec : 1
18.7 msec : 0
18.8 msec : 1
18.9 msec : 0
19.0 msec : 0
19.1 msec : 0
19.2 msec : 0
19.3 msec : 0
19.4 msec : 0
19.5 msec : 0
19.6 msec : 1
19.7 msec : 0
19.8 msec : 0
19.9 msec : 0
20.0 msec : 0
20.1 msec : 0
20.2 msec : 0
20.3 msec : 0
20.4 msec : 0
20.5 msec : 0
20.6 msec : 0
20.7 msec : 0
20.8 msec : 3
20.9 msec : 0
21.0 msec : 2
21.1 msec : 0
21.2 msec : 1
21.3 msec : 0
21.4 msec : 0
21.5 msec : 0
21.6 msec : 0
21.7 msec : 0
21.8 msec : 0
21.9 msec : 0
22.0 msec : 0
22.1 msec : 0
22.2 msec : 0
22.3 msec : 0
22.4 msec : 1
22.5 msec : 0
22.6 msec : 1
22.7 msec : 0
22.8 msec : 0
22.9 msec : 0
23.0 msec : 0
23.1 msec : 1
23.2 msec : 0
23.3 msec : 0
23.4 msec : 0
23.5 msec : 0
23.6 msec : 0
23.7 msec : 0
23.8 msec : 0
23.9 msec : 0
24.0 msec : 0
24.1 msec : 0
24.2 msec : 0
24.3 msec : 0
24.4 msec : 0
24.5 msec : 0
24.6 msec : 0
24.7 msec : 0
24.8 msec : 0
24.9 msec : 0
25.0 msec : 0
25.1 msec : 0
25.2 msec : 0
25.3 msec : 0
25.4 msec : 0
25.5 msec : 0
25.6 msec : 0
25.7 msec : 0
25.8 msec : 0
25.9 msec : 0
26.0 msec : 0
26.1 msec : 0
26.2 msec : 0
26.3 msec : 0
26.4 msec : 0
26.5 msec : 0
26.6 msec : 0
26.7 msec : 0
26.8 msec : 0
26.9 msec : 0
27.0 msec : 0
27.1 msec : 0
27.2 msec : 0
27.3 msec : 0
27.4 msec : 0
27.5 msec : 0
27.6 msec : 0
27.7 msec : 0
27.8 msec : 0
27.9 msec : 0
28.0 msec : 0
28.1 msec : 0
28.2 msec : 0
28.3 msec : 0
28.4 msec : 0
28.5 msec : 0
28.6 msec : 0
28.7 msec : 0
28.8 msec : 1
28.9 msec : 0
29.0 msec : 1
29.1 msec : 0
29.2 msec : 1
29.3 msec : 0
29.4 msec : 0
29.5 msec : 0
29.6 msec : 0
29.7 msec : 0
29.8 msec : 0
29.9 msec : 0
30.0 msec : 0
30.1 msec : 0
30.2 msec : 0
30.3 msec : 0
30.4 msec : 0
30.5 msec : 0
30.6 msec : 0
30.7 msec : 0
30.8 msec : 0
30.9 msec : 0
31.0 msec : 0
31.1 msec : 0
31.2 msec : 0
31.3 msec : 0
31.4 msec : 0
31.5 msec : 0
31.6 msec : 0
31.7 msec : 0
31.8 msec : 0
31.9 msec : 0
32.0 msec : 0
32.1 msec : 0
32.2 msec : 0
32.3 msec : 0
32.4 msec : 0
32.5 msec : 0
32.6 msec : 1
32.7 msec : 1
32.8 msec : 0
32.9 msec : 0
33.0 msec : 0
33.1 msec : 0
33.2 msec : 0
33.3 msec : 0
33.4 msec : 0
33.5 msec : 0
33.6 msec : 0
33.7 msec : 1
33.8 msec : 0
33.9 msec : 0
34.0 msec : 0
34.1 msec : 0
34.2 msec : 0
34.3 msec : 0
34.4 msec : 0
34.5 msec : 0
34.6 msec : 0
34.7 msec : 0
34.8 msec : 1
34.9 msec : 0
35.0 msec : 0
35.1 msec : 1
35.2 msec : 0
35.3 msec : 1
35.4 msec : 0
35.5 msec : 0
35.6 msec : 0
35.7 msec : 0
35.8 msec : 0
35.9 msec : 0
36.0 msec : 0
36.1 msec : 0
36.2 msec : 0
36.3 msec : 0
36.4 msec : 0
36.5 msec : 0
36.6 msec : 0
36.7 msec : 0
36.8 msec : 0
36.9 msec : 0
37.0 msec : 0
37.1 msec : 0
37.2 msec : 0
37.3 msec : 0
37.4 msec : 0
37.5 msec : 0
37.6 msec : 0
37.7 msec : 0
37.8 msec : 0
37.9 msec : 0
38.0 msec : 0
38.1 msec : 0
38.2 msec : 0
38.3 msec : 0
38.4 msec : 0
38.5 msec : 0
38.6 msec : 0
38.7 msec : 0
38.8 msec : 0
38.9 msec : 0
39.0 msec : 0
39.1 msec : 0
39.2 msec : 0
39.3 msec : 0
39.4 msec : 0
39.5 msec : 0
39.6 msec : 1
39.7 msec : 1
39.8 msec : 0
39.9 msec : 2
40.0 msec : 1
40.1 msec : 0
