Middleware started...
Middleware shuts down...
Smaller resolution statistics are in a log file...
Final aggregates per worker:


Worker 13
Average throughput (ops/sec) = 251
Average response time (msec) = 2.4348920327868853
Average queue length = 0
Average wait time in queue (msec) = 0.15559140983606556
Average service time (msec) = 2.197535672131148
Number of SET = 0
Number of GET = 251
Number of MULTI GET = 0


Worker 7
Average throughput (ops/sec) = 250
Average response time (msec) = 2.4538024918032786
Average queue length = 0
Average wait time in queue (msec) = 0.16446137704918032
Average service time (msec) = 2.19738068852459
Number of SET = 0
Number of GET = 250
Number of MULTI GET = 0


Worker 14
Average throughput (ops/sec) = 249
Average response time (msec) = 2.432409606557377
Average queue length = 0
Average wait time in queue (msec) = 0.1642349836065574
Average service time (msec) = 2.1771485573770493
Number of SET = 0
Number of GET = 249
Number of MULTI GET = 0


Worker 6
Average throughput (ops/sec) = 251
Average response time (msec) = 2.4333175409836065
Average queue length = 0
Average wait time in queue (msec) = 0.15254632786885247
Average service time (msec) = 2.1889411147540985
Number of SET = 0
Number of GET = 251
Number of MULTI GET = 0


Worker 15
Average throughput (ops/sec) = 250
Average response time (msec) = 2.448739016393443
Average queue length = 0
Average wait time in queue (msec) = 0.170768131147541
Average service time (msec) = 2.191153
Number of SET = 0
Number of GET = 250
Number of MULTI GET = 0


Worker 9
Average throughput (ops/sec) = 249
Average response time (msec) = 2.4343086393442626
Average queue length = 0
Average wait time in queue (msec) = 0.15972418032786884
Average service time (msec) = 2.1909146393442622
Number of SET = 0
Number of GET = 249
Number of MULTI GET = 0


Worker 16
Average throughput (ops/sec) = 249
Average response time (msec) = 2.456755606557377
Average queue length = 0
Average wait time in queue (msec) = 0.16425708196721311
Average service time (msec) = 2.2040489836065573
Number of SET = 0
Number of GET = 249
Number of MULTI GET = 0


Worker 8
Average throughput (ops/sec) = 250
Average response time (msec) = 2.4456413114754096
Average queue length = 0
Average wait time in queue (msec) = 0.15516318032786885
Average service time (msec) = 2.1999100655737704
Number of SET = 0
Number of GET = 250
Number of MULTI GET = 0


Worker 3
Average throughput (ops/sec) = 250
Average response time (msec) = 2.4351560655737705
Average queue length = 1
Average wait time in queue (msec) = 0.15358118032786885
Average service time (msec) = 2.1915749672131146
Number of SET = 0
Number of GET = 250
Number of MULTI GET = 0


Worker 10
Average throughput (ops/sec) = 248
Average response time (msec) = 2.4512748852459016
Average queue length = 0
Average wait time in queue (msec) = 0.15659667213114753
Average service time (msec) = 2.2108772131147543
Number of SET = 0
Number of GET = 248
Number of MULTI GET = 0


Worker 2
Average throughput (ops/sec) = 250
Average response time (msec) = 2.4528635081967214
Average queue length = 0
Average wait time in queue (msec) = 0.16654832786885249
Average service time (msec) = 2.2012068852459015
Number of SET = 0
Number of GET = 250
Number of MULTI GET = 0


Worker 11
Average throughput (ops/sec) = 251
Average response time (msec) = 2.4697125409836067
Average queue length = 0
Average wait time in queue (msec) = 0.1697296393442623
Average service time (msec) = 2.210540032786885
Number of SET = 0
Number of GET = 251
Number of MULTI GET = 0


Worker 5
Average throughput (ops/sec) = 250
Average response time (msec) = 2.447395016393443
Average queue length = 0
Average wait time in queue (msec) = 0.15803362295081966
Average service time (msec) = 2.1879790655737708
Number of SET = 0
Number of GET = 250
Number of MULTI GET = 0


Worker 12
Average throughput (ops/sec) = 249
Average response time (msec) = 2.4430120491803278
Average queue length = 0
Average wait time in queue (msec) = 0.16209270491803277
Average service time (msec) = 2.195964
Number of SET = 0
Number of GET = 249
Number of MULTI GET = 0


Worker 4
Average throughput (ops/sec) = 250
Average response time (msec) = 2.461473852459016
Average queue length = 0
Average wait time in queue (msec) = 0.158167131147541
Average service time (msec) = 2.2142031639344264
Number of SET = 0
Number of GET = 250
Number of MULTI GET = 0


Worker 1
Average throughput (ops/sec) = 249
Average response time (msec) = 2.4339283606557376
Average queue length = 0
Average wait time in queue (msec) = 0.15035518032786885
Average service time (msec) = 2.2043178360655737
Number of SET = 0
Number of GET = 249
Number of MULTI GET = 0


FINAL STATS
Average throughput (ops/sec) = 3996
Average response time (msec) = 2.393970888745991
Average queue length = 0
Average wait time in queue (msec) = 0.16011569569672132
Average service time (msec) = 2.197730992827869
Number of SET = 0
Number of GET = 249
Number of MULTI GET = 0
Number of Cache misses = 244153


Histogram response times (0.1 msec step)
0.0 msec : 3430
0.1 msec : 24604
0.2 msec : 41927
0.3 msec : 42497
0.4 msec : 33990
0.5 msec : 24809
0.6 msec : 17058
0.7 msec : 11583
0.8 msec : 8157
0.9 msec : 5626
1.0 msec : 4050
1.1 msec : 2870
1.2 msec : 2134
1.3 msec : 1693
1.4 msec : 1288
1.5 msec : 1032
1.6 msec : 922
1.7 msec : 726
1.8 msec : 605
1.9 msec : 506
2.0 msec : 443
2.1 msec : 372
2.2 msec : 333
2.3 msec : 296
2.4 msec : 292
2.5 msec : 250
2.6 msec : 198
2.7 msec : 188
2.8 msec : 155
2.9 msec : 135
3.0 msec : 141
3.1 msec : 119
3.2 msec : 150
3.3 msec : 125
3.4 msec : 145
3.5 msec : 161
3.6 msec : 151
3.7 msec : 124
3.8 msec : 140
3.9 msec : 128
4.0 msec : 102
4.1 msec : 130
4.2 msec : 153
4.3 msec : 171
4.4 msec : 272
4.5 msec : 361
4.6 msec : 399
4.7 msec : 423
4.8 msec : 427
4.9 msec : 432
5.0 msec : 431
5.1 msec : 424
5.2 msec : 399
5.3 msec : 410
5.4 msec : 412
5.5 msec : 383
5.6 msec : 391
5.7 msec : 421
5.8 msec : 421
5.9 msec : 453
6.0 msec : 435
6.1 msec : 399
6.2 msec : 347
6.3 msec : 310
6.4 msec : 273
6.5 msec : 209
6.6 msec : 199
6.7 msec : 151
6.8 msec : 113
6.9 msec : 88
7.0 msec : 85
7.1 msec : 64
7.2 msec : 54
7.3 msec : 35
7.4 msec : 30
7.5 msec : 33
7.6 msec : 39
7.7 msec : 27
7.8 msec : 22
7.9 msec : 23
8.0 msec : 26
8.1 msec : 21
8.2 msec : 19
8.3 msec : 18
8.4 msec : 22
8.5 msec : 13
8.6 msec : 19
8.7 msec : 16
8.8 msec : 16
8.9 msec : 15
9.0 msec : 10
9.1 msec : 16
9.2 msec : 13
9.3 msec : 6
9.4 msec : 12
9.5 msec : 10
9.6 msec : 11
9.7 msec : 11
9.8 msec : 16
9.9 msec : 14
10.0 msec : 9
10.1 msec : 6
10.2 msec : 7
10.3 msec : 6
10.4 msec : 5
10.5 msec : 8
10.6 msec : 8
10.7 msec : 6
10.8 msec : 5
10.9 msec : 12
11.0 msec : 4
11.1 msec : 7
11.2 msec : 5
11.3 msec : 4
11.4 msec : 1
11.5 msec : 6
11.6 msec : 2
11.7 msec : 4
11.8 msec : 4
11.9 msec : 2
12.0 msec : 3
12.1 msec : 3
12.2 msec : 3
12.3 msec : 4
12.4 msec : 0
12.5 msec : 2
12.6 msec : 2
12.7 msec : 4
12.8 msec : 4
12.9 msec : 4
13.0 msec : 3
13.1 msec : 3
13.2 msec : 4
13.3 msec : 7
13.4 msec : 4
13.5 msec : 7
13.6 msec : 3
13.7 msec : 6
13.8 msec : 2
13.9 msec : 2
14.0 msec : 2
14.1 msec : 2
14.2 msec : 5
14.3 msec : 2
14.4 msec : 4
14.5 msec : 2
14.6 msec : 2
14.7 msec : 3
14.8 msec : 3
14.9 msec : 4
15.0 msec : 5
15.1 msec : 7
15.2 msec : 8
15.3 msec : 5
15.4 msec : 3
15.5 msec : 3
15.6 msec : 3
15.7 msec : 1
15.8 msec : 4
15.9 msec : 1
16.0 msec : 2
16.1 msec : 1
16.2 msec : 1
16.3 msec : 0
16.4 msec : 2
16.5 msec : 0
16.6 msec : 2
16.7 msec : 1
16.8 msec : 1
16.9 msec : 0
17.0 msec : 0
17.1 msec : 1
17.2 msec : 0
17.3 msec : 2
17.4 msec : 1
17.5 msec : 0
17.6 msec : 2
17.7 msec : 0
17.8 msec : 0
17.9 msec : 2
18.0 msec : 0
18.1 msec : 0
18.2 msec : 0
18.3 msec : 2
18.4 msec : 0
18.5 msec : 1
18.6 msec : 0
18.7 msec : 1
18.8 msec : 1
18.9 msec : 1
19.0 msec : 0
19.1 msec : 0
19.2 msec : 5
19.3 msec : 3
19.4 msec : 4
19.5 msec : 1
19.6 msec : 1
19.7 msec : 1
19.8 msec : 1
19.9 msec : 1
20.0 msec : 3
20.1 msec : 2
20.2 msec : 3
20.3 msec : 0
20.4 msec : 1
20.5 msec : 0
20.6 msec : 1
20.7 msec : 1
20.8 msec : 0
20.9 msec : 0
21.0 msec : 0
21.1 msec : 1
21.2 msec : 1
21.3 msec : 0
21.4 msec : 0
21.5 msec : 0
21.6 msec : 1
21.7 msec : 0
21.8 msec : 0
21.9 msec : 0
22.0 msec : 0
22.1 msec : 1
22.2 msec : 2
22.3 msec : 0
22.4 msec : 1
22.5 msec : 0
22.6 msec : 0
22.7 msec : 0
22.8 msec : 0
22.9 msec : 0
23.0 msec : 0
23.1 msec : 1
23.2 msec : 1
23.3 msec : 1
23.4 msec : 0
23.5 msec : 1
23.6 msec : 0
23.7 msec : 0
23.8 msec : 1
23.9 msec : 0
24.0 msec : 1
24.1 msec : 0
24.2 msec : 1
24.3 msec : 0
24.4 msec : 0
24.5 msec : 1
24.6 msec : 0
24.7 msec : 0
24.8 msec : 2
24.9 msec : 1
25.0 msec : 0
25.1 msec : 0
25.2 msec : 0
25.3 msec : 1
25.4 msec : 0
25.5 msec : 1
25.6 msec : 0
25.7 msec : 0
25.8 msec : 0
25.9 msec : 0
26.0 msec : 0
26.1 msec : 0
26.2 msec : 0
26.3 msec : 0
26.4 msec : 0
26.5 msec : 0
26.6 msec : 0
26.7 msec : 0
26.8 msec : 0
26.9 msec : 0
27.0 msec : 0
27.1 msec : 0
27.2 msec : 0
27.3 msec : 0
27.4 msec : 1
27.5 msec : 0
27.6 msec : 0
27.7 msec : 0
27.8 msec : 0
27.9 msec : 0
28.0 msec : 0
28.1 msec : 0
28.2 msec : 0
28.3 msec : 0
28.4 msec : 0
28.5 msec : 0
28.6 msec : 1
28.7 msec : 0
28.8 msec : 0
28.9 msec : 0
29.0 msec : 0
29.1 msec : 0
29.2 msec : 0
29.3 msec : 0
29.4 msec : 0
29.5 msec : 0
29.6 msec : 0
29.7 msec : 0
29.8 msec : 0
29.9 msec : 0
30.0 msec : 0
30.1 msec : 0
30.2 msec : 0
30.3 msec : 0
30.4 msec : 0
30.5 msec : 0
30.6 msec : 0
30.7 msec : 0
30.8 msec : 0
30.9 msec : 0
31.0 msec : 0
31.1 msec : 0
31.2 msec : 0
31.3 msec : 0
31.4 msec : 0
31.5 msec : 0
31.6 msec : 0
31.7 msec : 0
31.8 msec : 0
31.9 msec : 0
32.0 msec : 0
32.1 msec : 0
32.2 msec : 0
32.3 msec : 0
32.4 msec : 0
32.5 msec : 0
32.6 msec : 0
32.7 msec : 0
32.8 msec : 0
32.9 msec : 0
33.0 msec : 0
33.1 msec : 0
33.2 msec : 0
33.3 msec : 0
33.4 msec : 0
33.5 msec : 0
33.6 msec : 0
33.7 msec : 0
33.8 msec : 0
33.9 msec : 1
34.0 msec : 0
34.1 msec : 0
34.2 msec : 0
34.3 msec : 0
34.4 msec : 0
34.5 msec : 0
34.6 msec : 0
34.7 msec : 0
34.8 msec : 0
34.9 msec : 0
35.0 msec : 0
35.1 msec : 0
35.2 msec : 0
35.3 msec : 0
35.4 msec : 0
35.5 msec : 0
35.6 msec : 0
35.7 msec : 0
35.8 msec : 0
35.9 msec : 0
36.0 msec : 0
36.1 msec : 0
36.2 msec : 0
36.3 msec : 0
36.4 msec : 0
36.5 msec : 0
36.6 msec : 0
36.7 msec : 0
36.8 msec : 0
36.9 msec : 0
37.0 msec : 0
37.1 msec : 0
37.2 msec : 0
37.3 msec : 0
37.4 msec : 0
37.5 msec : 0
37.6 msec : 0
37.7 msec : 0
37.8 msec : 0
37.9 msec : 0
38.0 msec : 0
38.1 msec : 0
38.2 msec : 0
38.3 msec : 0
38.4 msec : 0
38.5 msec : 0
38.6 msec : 0
38.7 msec : 0
38.8 msec : 0
38.9 msec : 0
39.0 msec : 0
39.1 msec : 0
39.2 msec : 0
39.3 msec : 0
39.4 msec : 0
39.5 msec : 0
39.6 msec : 0
39.7 msec : 0
39.8 msec : 0
39.9 msec : 0
40.0 msec : 0
40.1 msec : 0
40.2 msec : 0
40.3 msec : 0
40.4 msec : 0
40.5 msec : 0
40.6 msec : 0
40.7 msec : 0
40.8 msec : 0
40.9 msec : 0
41.0 msec : 0
41.1 msec : 0
41.2 msec : 0
41.3 msec : 0
41.4 msec : 0
41.5 msec : 0
41.6 msec : 0
41.7 msec : 0
41.8 msec : 0
41.9 msec : 0
42.0 msec : 0
42.1 msec : 0
42.2 msec : 0
42.3 msec : 0
42.4 msec : 0
42.5 msec : 0
42.6 msec : 0
42.7 msec : 0
42.8 msec : 0
42.9 msec : 0
43.0 msec : 0
43.1 msec : 0
43.2 msec : 0
43.3 msec : 0
43.4 msec : 0
43.5 msec : 0
43.6 msec : 0
43.7 msec : 0
43.8 msec : 0
43.9 msec : 0
44.0 msec : 0
44.1 msec : 0
44.2 msec : 0
44.3 msec : 0
44.4 msec : 0
44.5 msec : 0
44.6 msec : 0
44.7 msec : 0
44.8 msec : 0
44.9 msec : 0
45.0 msec : 0
45.1 msec : 0
45.2 msec : 0
45.3 msec : 0
45.4 msec : 0
45.5 msec : 0
45.6 msec : 0
45.7 msec : 0
45.8 msec : 0
45.9 msec : 0
46.0 msec : 0
46.1 msec : 0
46.2 msec : 0
46.3 msec : 0
46.4 msec : 0
46.5 msec : 0
46.6 msec : 0
46.7 msec : 0
46.8 msec : 0
46.9 msec : 0
47.0 msec : 0
47.1 msec : 0
47.2 msec : 0
47.3 msec : 0
47.4 msec : 0
47.5 msec : 0
47.6 msec : 0
47.7 msec : 0
47.8 msec : 0
47.9 msec : 0
48.0 msec : 0
48.1 msec : 0
48.2 msec : 0
48.3 msec : 0
48.4 msec : 0
48.5 msec : 0
48.6 msec : 0
48.7 msec : 0
48.8 msec : 0
48.9 msec : 0
49.0 msec : 0
49.1 msec : 0
49.2 msec : 0
49.3 msec : 0
49.4 msec : 0
49.5 msec : 0
49.6 msec : 0
49.7 msec : 0
49.8 msec : 0
49.9 msec : 0
50.0 msec : 0
50.1 msec : 0
50.2 msec : 0
50.3 msec : 0
50.4 msec : 0
50.5 msec : 0
50.6 msec : 0
50.7 msec : 0
50.8 msec : 0
50.9 msec : 0
51.0 msec : 0
51.1 msec : 0
51.2 msec : 0
51.3 msec : 0
51.4 msec : 0
51.5 msec : 0
51.6 msec : 0
51.7 msec : 1
51.8 msec : 1
51.9 msec : 0
52.0 msec : 0
52.1 msec : 0
52.2 msec : 0
52.3 msec : 1
52.4 msec : 1
52.5 msec : 1
52.6 msec : 1
52.7 msec : 0
52.8 msec : 2
52.9 msec : 0
53.0 msec : 0
53.1 msec : 0
53.2 msec : 3
53.3 msec : 0
53.4 msec : 1
53.5 msec : 1
53.6 msec : 1
53.7 msec : 1
53.8 msec : 0
53.9 msec : 0
54.0 msec : 0
54.1 msec : 0
54.2 msec : 0
54.3 msec : 0
54.4 msec : 0
54.5 msec : 0
54.6 msec : 0
54.7 msec : 0
54.8 msec : 0
54.9 msec : 0
55.0 msec : 0
55.1 msec : 0
55.2 msec : 0
55.3 msec : 0
55.4 msec : 0
55.5 msec : 0
55.6 msec : 0
55.7 msec : 0
55.8 msec : 0
55.9 msec : 0
56.0 msec : 0
56.1 msec : 0
56.2 msec : 0
56.3 msec : 0
56.4 msec : 0
56.5 msec : 0
56.6 msec : 0
56.7 msec : 0
56.8 msec : 0
56.9 msec : 0
57.0 msec : 0
57.1 msec : 0
57.2 msec : 0
57.3 msec : 0
57.4 msec : 0
57.5 msec : 0
57.6 msec : 0
57.7 msec : 0
57.8 msec : 0
57.9 msec : 0
58.0 msec : 0
58.1 msec : 0
58.2 msec : 0
58.3 msec : 0
58.4 msec : 0
58.5 msec : 0
58.6 msec : 0
58.7 msec : 0
58.8 msec : 0
58.9 msec : 0
59.0 msec : 0
59.1 msec : 0
59.2 msec : 0
59.3 msec : 0
59.4 msec : 0
59.5 msec : 0
59.6 msec : 0
59.7 msec : 0
59.8 msec : 0
59.9 msec : 0
60.0 msec : 0
60.1 msec : 0
60.2 msec : 0
60.3 msec : 0
60.4 msec : 0
60.5 msec : 0
60.6 msec : 0
60.7 msec : 0
60.8 msec : 0
60.9 msec : 0
61.0 msec : 0
61.1 msec : 0
61.2 msec : 0
61.3 msec : 0
61.4 msec : 0
61.5 msec : 0
61.6 msec : 0
61.7 msec : 0
61.8 msec : 0
61.9 msec : 0
62.0 msec : 0
62.1 msec : 0
62.2 msec : 0
62.3 msec : 0
62.4 msec : 0
62.5 msec : 0
62.6 msec : 1
62.7 msec : 0
62.8 msec : 0
62.9 msec : 0
63.0 msec : 1
63.1 msec : 1
63.2 msec : 0
63.3 msec : 0
63.4 msec : 0
63.5 msec : 0
63.6 msec : 0
63.7 msec : 0
63.8 msec : 0
63.9 msec : 0
64.0 msec : 0
64.1 msec : 0
64.2 msec : 0
64.3 msec : 0
64.4 msec : 0
64.5 msec : 0
64.6 msec : 0
64.7 msec : 0
64.8 msec : 0
64.9 msec : 0
65.0 msec : 0
65.1 msec : 0
65.2 msec : 0
65.3 msec : 0
65.4 msec : 0
65.5 msec : 0
65.6 msec : 0
65.7 msec : 0
65.8 msec : 0
65.9 msec : 0
66.0 msec : 0
66.1 msec : 0
66.2 msec : 0
66.3 msec : 0
66.4 msec : 0
66.5 msec : 0
66.6 msec : 0
66.7 msec : 0
66.8 msec : 0
66.9 msec : 0
67.0 msec : 0
67.1 msec : 0
67.2 msec : 0
67.3 msec : 0
67.4 msec : 0
67.5 msec : 0
67.6 msec : 0
67.7 msec : 0
67.8 msec : 0
67.9 msec : 0
68.0 msec : 0
68.1 msec : 0
68.2 msec : 0
68.3 msec : 0
68.4 msec : 0
68.5 msec : 0
68.6 msec : 0
68.7 msec : 0
68.8 msec : 0
68.9 msec : 0
69.0 msec : 0
69.1 msec : 0
69.2 msec : 0
69.3 msec : 0
69.4 msec : 0
69.5 msec : 0
69.6 msec : 0
69.7 msec : 0
69.8 msec : 0
69.9 msec : 0
70.0 msec : 0
70.1 msec : 0
70.2 msec : 0
70.3 msec : 0
70.4 msec : 0
70.5 msec : 0
70.6 msec : 0
70.7 msec : 0
70.8 msec : 0
70.9 msec : 0
71.0 msec : 0
71.1 msec : 0
71.2 msec : 0
71.3 msec : 0
71.4 msec : 0
71.5 msec : 0
71.6 msec : 0
71.7 msec : 0
71.8 msec : 0
71.9 msec : 0
72.0 msec : 0
72.1 msec : 0
72.2 msec : 0
72.3 msec : 0
72.4 msec : 0
72.5 msec : 0
72.6 msec : 0
72.7 msec : 0
72.8 msec : 0
72.9 msec : 0
73.0 msec : 0
73.1 msec : 0
73.2 msec : 0
73.3 msec : 0
73.4 msec : 0
73.5 msec : 0
73.6 msec : 0
73.7 msec : 0
73.8 msec : 0
73.9 msec : 0
74.0 msec : 0
74.1 msec : 0
74.2 msec : 0
74.3 msec : 0
74.4 msec : 0
74.5 msec : 0
74.6 msec : 0
74.7 msec : 0
74.8 msec : 0
74.9 msec : 0
75.0 msec : 0
75.1 msec : 0
75.2 msec : 0
75.3 msec : 0
75.4 msec : 0
75.5 msec : 0
75.6 msec : 0
75.7 msec : 0
75.8 msec : 0
75.9 msec : 0
76.0 msec : 0
76.1 msec : 0
76.2 msec : 0
76.3 msec : 0
76.4 msec : 0
76.5 msec : 0
76.6 msec : 0
76.7 msec : 0
76.8 msec : 0
76.9 msec : 0
77.0 msec : 0
77.1 msec : 0
77.2 msec : 0
77.3 msec : 0
77.4 msec : 0
77.5 msec : 0
77.6 msec : 0
77.7 msec : 0
77.8 msec : 0
77.9 msec : 0
78.0 msec : 0
78.1 msec : 0
78.2 msec : 0
78.3 msec : 0
78.4 msec : 0
78.5 msec : 0
78.6 msec : 0
78.7 msec : 0
78.8 msec : 0
78.9 msec : 0
79.0 msec : 0
79.1 msec : 0
79.2 msec : 0
79.3 msec : 0
79.4 msec : 0
79.5 msec : 0
79.6 msec : 0
79.7 msec : 0
79.8 msec : 0
79.9 msec : 0
80.0 msec : 0
80.1 msec : 0
80.2 msec : 0
80.3 msec : 0
80.4 msec : 0
80.5 msec : 0
80.6 msec : 0
80.7 msec : 0
80.8 msec : 0
80.9 msec : 0
81.0 msec : 0
81.1 msec : 0
81.2 msec : 0
81.3 msec : 0
