Middleware started...
Middleware shuts down...
Smaller resolution statistics are in a log file...
Final aggregates per worker:


Worker 13
Average throughput (ops/sec) = 105
Average response time (msec) = 2.280434229508197
Average queue length = 0
Average wait time in queue (msec) = 0.0802234918032787
Average service time (msec) = 2.1381945901639345
Number of SET = 0
Number of GET = 105
Number of MULTI GET = 0


Worker 7
Average throughput (ops/sec) = 106
Average response time (msec) = 2.28422031147541
Average queue length = 0
Average wait time in queue (msec) = 0.08199552459016393
Average service time (msec) = 2.1401388360655735
Number of SET = 0
Number of GET = 106
Number of MULTI GET = 0


Worker 14
Average throughput (ops/sec) = 106
Average response time (msec) = 2.2818704590163934
Average queue length = 0
Average wait time in queue (msec) = 0.0826125737704918
Average service time (msec) = 2.1333525901639345
Number of SET = 0
Number of GET = 106
Number of MULTI GET = 0


Worker 6
Average throughput (ops/sec) = 105
Average response time (msec) = 2.2820405573770493
Average queue length = 0
Average wait time in queue (msec) = 0.07950583606557377
Average service time (msec) = 2.1402184426229507
Number of SET = 0
Number of GET = 105
Number of MULTI GET = 0


Worker 15
Average throughput (ops/sec) = 105
Average response time (msec) = 2.2810662131147543
Average queue length = 0
Average wait time in queue (msec) = 0.07858177049180329
Average service time (msec) = 2.140950557377049
Number of SET = 0
Number of GET = 105
Number of MULTI GET = 0


Worker 9
Average throughput (ops/sec) = 106
Average response time (msec) = 2.2701410655737706
Average queue length = 0
Average wait time in queue (msec) = 0.07932636065573771
Average service time (msec) = 2.1297009344262294
Number of SET = 0
Number of GET = 106
Number of MULTI GET = 0


Worker 16
Average throughput (ops/sec) = 106
Average response time (msec) = 2.3013187540983604
Average queue length = 0
Average wait time in queue (msec) = 0.08883681967213115
Average service time (msec) = 2.1477915901639344
Number of SET = 0
Number of GET = 105
Number of MULTI GET = 0


Worker 8
Average throughput (ops/sec) = 105
Average response time (msec) = 2.2851777704918033
Average queue length = 0
Average wait time in queue (msec) = 0.08341118032786884
Average service time (msec) = 2.1385402295081968
Number of SET = 0
Number of GET = 105
Number of MULTI GET = 0


Worker 3
Average throughput (ops/sec) = 106
Average response time (msec) = 2.29046068852459
Average queue length = 0
Average wait time in queue (msec) = 0.0793197049180328
Average service time (msec) = 2.1486610163934428
Number of SET = 0
Number of GET = 106
Number of MULTI GET = 0


Worker 10
Average throughput (ops/sec) = 106
Average response time (msec) = 2.2836268032786884
Average queue length = 0
Average wait time in queue (msec) = 0.08294055737704918
Average service time (msec) = 2.1355774590163934
Number of SET = 0
Number of GET = 106
Number of MULTI GET = 0


Worker 2
Average throughput (ops/sec) = 106
Average response time (msec) = 2.3006459344262296
Average queue length = 0
Average wait time in queue (msec) = 0.08393136065573771
Average service time (msec) = 2.1548987868852456
Number of SET = 0
Number of GET = 106
Number of MULTI GET = 0


Worker 11
Average throughput (ops/sec) = 107
Average response time (msec) = 2.2860101475409835
Average queue length = 0
Average wait time in queue (msec) = 0.08606704918032787
Average service time (msec) = 2.1376175901639347
Number of SET = 0
Number of GET = 107
Number of MULTI GET = 0


Worker 5
Average throughput (ops/sec) = 105
Average response time (msec) = 2.282569295081967
Average queue length = 0
Average wait time in queue (msec) = 0.0837486393442623
Average service time (msec) = 2.1364334098360653
Number of SET = 0
Number of GET = 105
Number of MULTI GET = 0


Worker 12
Average throughput (ops/sec) = 105
Average response time (msec) = 2.289085950819672
Average queue length = 0
Average wait time in queue (msec) = 0.07949047540983607
Average service time (msec) = 2.1457429836065574
Number of SET = 0
Number of GET = 105
Number of MULTI GET = 0


Worker 4
Average throughput (ops/sec) = 105
Average response time (msec) = 2.297950295081967
Average queue length = 0
Average wait time in queue (msec) = 0.082073
Average service time (msec) = 2.150181573770492
Number of SET = 0
Number of GET = 105
Number of MULTI GET = 0


Worker 1
Average throughput (ops/sec) = 105
Average response time (msec) = 2.295547540983607
Average queue length = 0
Average wait time in queue (msec) = 0.07919075409836066
Average service time (msec) = 2.1499298360655734
Number of SET = 0
Number of GET = 105
Number of MULTI GET = 0


FINAL STATS
Average throughput (ops/sec) = 1689
Average response time (msec) = 2.276235921805498
Average queue length = 0
Average wait time in queue (msec) = 0.081953443647541
Average service time (msec) = 2.141745651639344
Number of SET = 0
Number of GET = 105
Number of MULTI GET = 0
Number of Cache misses = 103639


Histogram response times (0.1 msec step)
0.0 msec : 1368
0.1 msec : 9810
0.2 msec : 19942
0.3 msec : 22572
0.4 msec : 18174
0.5 msec : 11572
0.6 msec : 6472
0.7 msec : 3744
0.8 msec : 2439
0.9 msec : 1712
1.0 msec : 1133
1.1 msec : 833
1.2 msec : 575
1.3 msec : 444
1.4 msec : 321
1.5 msec : 256
1.6 msec : 211
1.7 msec : 155
1.8 msec : 116
1.9 msec : 107
2.0 msec : 122
2.1 msec : 102
2.2 msec : 82
2.3 msec : 88
2.4 msec : 68
2.5 msec : 50
2.6 msec : 62
2.7 msec : 63
2.8 msec : 52
2.9 msec : 41
3.0 msec : 34
3.1 msec : 39
3.2 msec : 24
3.3 msec : 26
3.4 msec : 35
3.5 msec : 18
3.6 msec : 26
3.7 msec : 13
3.8 msec : 21
3.9 msec : 12
4.0 msec : 19
4.1 msec : 24
4.2 msec : 23
4.3 msec : 27
4.4 msec : 26
4.5 msec : 34
4.6 msec : 35
4.7 msec : 27
4.8 msec : 31
4.9 msec : 29
5.0 msec : 41
5.1 msec : 30
5.2 msec : 24
5.3 msec : 24
5.4 msec : 25
5.5 msec : 29
5.6 msec : 7
5.7 msec : 17
5.8 msec : 14
5.9 msec : 10
6.0 msec : 21
6.1 msec : 16
6.2 msec : 5
6.3 msec : 8
6.4 msec : 10
6.5 msec : 8
6.6 msec : 9
6.7 msec : 7
6.8 msec : 5
6.9 msec : 5
7.0 msec : 11
7.1 msec : 8
7.2 msec : 2
7.3 msec : 6
7.4 msec : 4
7.5 msec : 7
7.6 msec : 3
7.7 msec : 6
7.8 msec : 8
7.9 msec : 0
8.0 msec : 2
8.1 msec : 4
8.2 msec : 0
8.3 msec : 2
8.4 msec : 0
8.5 msec : 4
8.6 msec : 0
8.7 msec : 1
8.8 msec : 2
8.9 msec : 0
9.0 msec : 0
9.1 msec : 1
9.2 msec : 1
9.3 msec : 1
9.4 msec : 4
9.5 msec : 0
9.6 msec : 0
9.7 msec : 2
9.8 msec : 0
9.9 msec : 1
10.0 msec : 0
10.1 msec : 0
10.2 msec : 2
10.3 msec : 4
10.4 msec : 0
10.5 msec : 1
10.6 msec : 1
10.7 msec : 0
10.8 msec : 0
10.9 msec : 0
11.0 msec : 0
11.1 msec : 0
11.2 msec : 0
11.3 msec : 1
11.4 msec : 0
11.5 msec : 0
11.6 msec : 2
11.7 msec : 1
11.8 msec : 0
11.9 msec : 1
12.0 msec : 0
12.1 msec : 0
12.2 msec : 0
12.3 msec : 0
12.4 msec : 0
12.5 msec : 0
12.6 msec : 0
12.7 msec : 0
12.8 msec : 0
12.9 msec : 0
13.0 msec : 0
13.1 msec : 1
13.2 msec : 0
13.3 msec : 2
13.4 msec : 3
13.5 msec : 1
13.6 msec : 1
13.7 msec : 0
13.8 msec : 0
13.9 msec : 0
14.0 msec : 0
14.1 msec : 0
14.2 msec : 0
14.3 msec : 0
14.4 msec : 0
14.5 msec : 0
14.6 msec : 0
14.7 msec : 0
14.8 msec : 0
14.9 msec : 0
15.0 msec : 0
15.1 msec : 0
15.2 msec : 0
15.3 msec : 0
15.4 msec : 0
15.5 msec : 0
15.6 msec : 0
15.7 msec : 0
15.8 msec : 0
15.9 msec : 0
16.0 msec : 0
16.1 msec : 0
16.2 msec : 0
16.3 msec : 0
16.4 msec : 0
16.5 msec : 0
16.6 msec : 0
16.7 msec : 0
16.8 msec : 0
16.9 msec : 0
17.0 msec : 1
17.1 msec : 0
17.2 msec : 0
17.3 msec : 0
17.4 msec : 0
17.5 msec : 0
17.6 msec : 0
17.7 msec : 0
17.8 msec : 0
17.9 msec : 0
18.0 msec : 0
18.1 msec : 0
18.2 msec : 0
18.3 msec : 0
18.4 msec : 0
18.5 msec : 0
18.6 msec : 1
18.7 msec : 1
18.8 msec : 1
18.9 msec : 0
19.0 msec : 1
19.1 msec : 1
19.2 msec : 0
19.3 msec : 2
19.4 msec : 0
19.5 msec : 0
19.6 msec : 0
19.7 msec : 0
19.8 msec : 0
19.9 msec : 0
20.0 msec : 0
20.1 msec : 0
20.2 msec : 0
20.3 msec : 0
20.4 msec : 0
20.5 msec : 0
20.6 msec : 0
20.7 msec : 0
20.8 msec : 0
20.9 msec : 0
21.0 msec : 0
21.1 msec : 0
21.2 msec : 0
21.3 msec : 0
21.4 msec : 0
21.5 msec : 0
21.6 msec : 0
21.7 msec : 0
21.8 msec : 0
21.9 msec : 0
22.0 msec : 0
22.1 msec : 0
22.2 msec : 0
22.3 msec : 0
22.4 msec : 0
22.5 msec : 0
22.6 msec : 0
22.7 msec : 0
22.8 msec : 0
22.9 msec : 0
23.0 msec : 0
23.1 msec : 0
23.2 msec : 0
23.3 msec : 0
23.4 msec : 0
23.5 msec : 0
23.6 msec : 0
23.7 msec : 0
23.8 msec : 0
23.9 msec : 0
24.0 msec : 0
24.1 msec : 0
24.2 msec : 0
24.3 msec : 0
24.4 msec : 0
24.5 msec : 0
24.6 msec : 0
24.7 msec : 0
24.8 msec : 0
24.9 msec : 2
25.0 msec : 0
25.1 msec : 0
25.2 msec : 0
25.3 msec : 0
25.4 msec : 1
25.5 msec : 0
25.6 msec : 0
25.7 msec : 0
25.8 msec : 0
25.9 msec : 0
26.0 msec : 0
26.1 msec : 0
26.2 msec : 0
26.3 msec : 0
26.4 msec : 0
26.5 msec : 0
26.6 msec : 0
26.7 msec : 0
26.8 msec : 0
26.9 msec : 0
27.0 msec : 0
27.1 msec : 0
27.2 msec : 0
27.3 msec : 0
27.4 msec : 0
27.5 msec : 0
27.6 msec : 0
27.7 msec : 0
27.8 msec : 0
27.9 msec : 0
28.0 msec : 0
28.1 msec : 0
28.2 msec : 0
28.3 msec : 0
28.4 msec : 0
28.5 msec : 0
28.6 msec : 0
28.7 msec : 0
28.8 msec : 0
28.9 msec : 0
29.0 msec : 0
29.1 msec : 0
29.2 msec : 0
29.3 msec : 0
29.4 msec : 0
29.5 msec : 0
29.6 msec : 0
29.7 msec : 0
29.8 msec : 0
29.9 msec : 0
30.0 msec : 0
30.1 msec : 0
30.2 msec : 0
30.3 msec : 0
30.4 msec : 0
30.5 msec : 0
30.6 msec : 0
30.7 msec : 0
30.8 msec : 0
30.9 msec : 0
31.0 msec : 0
31.1 msec : 0
31.2 msec : 0
31.3 msec : 0
31.4 msec : 0
31.5 msec : 0
31.6 msec : 1
31.7 msec : 0
31.8 msec : 0
