Middleware started...
Middleware shuts down...
Smaller resolution statistics are in a log file...
Final aggregates per worker:


Worker 7
Average throughput (ops/sec) = 272
Average response time (msec) = 3.122247672131148
Average queue length = 3
Average wait time in queue (msec) = 0.737061262295082
Average service time (msec) = 2.29589362295082
Number of SET = 0
Number of GET = 272
Number of MULTI GET = 0


Worker 13
Average throughput (ops/sec) = 272
Average response time (msec) = 3.121204737704918
Average queue length = 3
Average wait time in queue (msec) = 0.7444520491803279
Average service time (msec) = 2.2745050655737704
Number of SET = 0
Number of GET = 272
Number of MULTI GET = 0


Worker 14
Average throughput (ops/sec) = 272
Average response time (msec) = 3.126895803278688
Average queue length = 2
Average wait time in queue (msec) = 0.7407431803278689
Average service time (msec) = 2.2885207213114755
Number of SET = 0
Number of GET = 272
Number of MULTI GET = 0


Worker 6
Average throughput (ops/sec) = 271
Average response time (msec) = 3.1203520163934426
Average queue length = 3
Average wait time in queue (msec) = 0.734408475409836
Average service time (msec) = 2.2833117540983605
Number of SET = 0
Number of GET = 271
Number of MULTI GET = 0


Worker 9
Average throughput (ops/sec) = 271
Average response time (msec) = 3.121494606557377
Average queue length = 3
Average wait time in queue (msec) = 0.7418652295081967
Average service time (msec) = 2.2885533934426228
Number of SET = 0
Number of GET = 271
Number of MULTI GET = 0


Worker 15
Average throughput (ops/sec) = 271
Average response time (msec) = 3.1052065573770493
Average queue length = 3
Average wait time in queue (msec) = 0.7318678196721311
Average service time (msec) = 2.2804948524590163
Number of SET = 0
Number of GET = 271
Number of MULTI GET = 0


Worker 16
Average throughput (ops/sec) = 271
Average response time (msec) = 3.117877344262295
Average queue length = 3
Average wait time in queue (msec) = 0.732976475409836
Average service time (msec) = 2.2919116557377053
Number of SET = 0
Number of GET = 271
Number of MULTI GET = 0


Worker 8
Average throughput (ops/sec) = 269
Average response time (msec) = 3.131071868852459
Average queue length = 3
Average wait time in queue (msec) = 0.7306100163934426
Average service time (msec) = 2.306838229508197
Number of SET = 0
Number of GET = 269
Number of MULTI GET = 0


Worker 3
Average throughput (ops/sec) = 270
Average response time (msec) = 3.0999376885245904
Average queue length = 4
Average wait time in queue (msec) = 0.7149092786885246
Average service time (msec) = 2.2845962786885243
Number of SET = 0
Number of GET = 270
Number of MULTI GET = 0


Worker 10
Average throughput (ops/sec) = 272
Average response time (msec) = 3.110499819672131
Average queue length = 3
Average wait time in queue (msec) = 0.7396582786885246
Average service time (msec) = 2.28512968852459
Number of SET = 0
Number of GET = 272
Number of MULTI GET = 0


Worker 2
Average throughput (ops/sec) = 271
Average response time (msec) = 3.1295973606557377
Average queue length = 2
Average wait time in queue (msec) = 0.7350769836065574
Average service time (msec) = 2.297588098360656
Number of SET = 0
Number of GET = 271
Number of MULTI GET = 0


Worker 11
Average throughput (ops/sec) = 272
Average response time (msec) = 3.106046770491803
Average queue length = 3
Average wait time in queue (msec) = 0.7353796721311476
Average service time (msec) = 2.27540637704918
Number of SET = 0
Number of GET = 272
Number of MULTI GET = 0


Worker 5
Average throughput (ops/sec) = 272
Average response time (msec) = 3.096958032786885
Average queue length = 3
Average wait time in queue (msec) = 0.735093475409836
Average service time (msec) = 2.270063344262295
Number of SET = 0
Number of GET = 272
Number of MULTI GET = 0


Worker 12
Average throughput (ops/sec) = 272
Average response time (msec) = 3.1018210655737706
Average queue length = 3
Average wait time in queue (msec) = 0.7371970163934426
Average service time (msec) = 2.2762801967213115
Number of SET = 0
Number of GET = 272
Number of MULTI GET = 0


Worker 4
Average throughput (ops/sec) = 271
Average response time (msec) = 3.1137387213114756
Average queue length = 4
Average wait time in queue (msec) = 0.7244051147540983
Average service time (msec) = 2.2955186721311476
Number of SET = 0
Number of GET = 271
Number of MULTI GET = 0


Worker 1
Average throughput (ops/sec) = 271
Average response time (msec) = 3.1186008852459017
Average queue length = 3
Average wait time in queue (msec) = 0.730002950819672
Average service time (msec) = 2.2957565081967215
Number of SET = 0
Number of GET = 270
Number of MULTI GET = 0


FINAL STATS
Average throughput (ops/sec) = 4340
Average response time (msec) = 3.0648440858310213
Average queue length = 3
Average wait time in queue (msec) = 0.7341067049180328
Average service time (msec) = 2.2868980286885248
Number of SET = 0
Number of GET = 271
Number of MULTI GET = 0
Number of Cache misses = 265312


Histogram response times (0.1 msec step)
0.0 msec : 820
0.1 msec : 7436
0.2 msec : 16748
0.3 msec : 21118
0.4 msec : 20569
0.5 msec : 18172
0.6 msec : 15989
0.7 msec : 14220
0.8 msec : 13134
0.9 msec : 12146
1.0 msec : 11861
1.1 msec : 11415
1.2 msec : 10975
1.3 msec : 9923
1.4 msec : 8673
1.5 msec : 7491
1.6 msec : 6618
1.7 msec : 5792
1.8 msec : 4792
1.9 msec : 4518
2.0 msec : 3867
2.1 msec : 3636
2.2 msec : 3229
2.3 msec : 3051
2.4 msec : 2687
2.5 msec : 2446
2.6 msec : 2084
2.7 msec : 1724
2.8 msec : 1434
2.9 msec : 1197
3.0 msec : 987
3.1 msec : 851
3.2 msec : 721
3.3 msec : 573
3.4 msec : 461
3.5 msec : 417
3.6 msec : 377
3.7 msec : 363
3.8 msec : 311
3.9 msec : 282
4.0 msec : 242
4.1 msec : 236
4.2 msec : 211
4.3 msec : 201
4.4 msec : 163
4.5 msec : 201
4.6 msec : 211
4.7 msec : 194
4.8 msec : 230
4.9 msec : 219
5.0 msec : 221
5.1 msec : 217
5.2 msec : 260
5.3 msec : 288
5.4 msec : 266
5.5 msec : 326
5.6 msec : 307
5.7 msec : 336
5.8 msec : 348
5.9 msec : 377
6.0 msec : 422
6.1 msec : 417
6.2 msec : 385
6.3 msec : 435
6.4 msec : 433
6.5 msec : 373
6.6 msec : 411
6.7 msec : 351
6.8 msec : 345
6.9 msec : 316
7.0 msec : 306
7.1 msec : 262
7.2 msec : 253
7.3 msec : 219
7.4 msec : 171
7.5 msec : 142
7.6 msec : 112
7.7 msec : 115
7.8 msec : 104
7.9 msec : 86
8.0 msec : 86
8.1 msec : 59
8.2 msec : 72
8.3 msec : 56
8.4 msec : 42
8.5 msec : 58
8.6 msec : 48
8.7 msec : 45
8.8 msec : 42
8.9 msec : 32
9.0 msec : 36
9.1 msec : 25
9.2 msec : 21
9.3 msec : 27
9.4 msec : 20
9.5 msec : 21
9.6 msec : 27
9.7 msec : 12
9.8 msec : 14
9.9 msec : 12
10.0 msec : 23
10.1 msec : 17
10.2 msec : 14
10.3 msec : 21
10.4 msec : 11
10.5 msec : 13
10.6 msec : 14
10.7 msec : 13
10.8 msec : 8
10.9 msec : 13
11.0 msec : 9
11.1 msec : 10
11.2 msec : 11
11.3 msec : 8
11.4 msec : 10
11.5 msec : 16
11.6 msec : 17
11.7 msec : 11
11.8 msec : 12
11.9 msec : 8
12.0 msec : 10
12.1 msec : 11
12.2 msec : 12
12.3 msec : 7
12.4 msec : 11
12.5 msec : 16
12.6 msec : 9
12.7 msec : 9
12.8 msec : 4
12.9 msec : 4
13.0 msec : 6
13.1 msec : 5
13.2 msec : 4
13.3 msec : 6
13.4 msec : 6
13.5 msec : 3
13.6 msec : 6
13.7 msec : 8
13.8 msec : 5
13.9 msec : 2
14.0 msec : 9
14.1 msec : 5
14.2 msec : 3
14.3 msec : 4
14.4 msec : 3
14.5 msec : 3
14.6 msec : 3
14.7 msec : 5
14.8 msec : 5
14.9 msec : 4
15.0 msec : 4
15.1 msec : 3
15.2 msec : 3
15.3 msec : 2
15.4 msec : 2
15.5 msec : 10
15.6 msec : 7
15.7 msec : 4
15.8 msec : 7
15.9 msec : 5
16.0 msec : 7
16.1 msec : 5
16.2 msec : 3
16.3 msec : 2
16.4 msec : 7
16.5 msec : 6
16.6 msec : 3
16.7 msec : 7
16.8 msec : 5
16.9 msec : 3
17.0 msec : 4
17.1 msec : 10
17.2 msec : 6
17.3 msec : 3
17.4 msec : 4
17.5 msec : 3
17.6 msec : 4
17.7 msec : 4
17.8 msec : 0
17.9 msec : 0
18.0 msec : 3
18.1 msec : 3
18.2 msec : 2
18.3 msec : 1
18.4 msec : 1
18.5 msec : 5
18.6 msec : 0
18.7 msec : 1
18.8 msec : 3
18.9 msec : 2
19.0 msec : 1
19.1 msec : 2
19.2 msec : 0
19.3 msec : 1
19.4 msec : 1
19.5 msec : 3
19.6 msec : 1
19.7 msec : 1
19.8 msec : 1
19.9 msec : 0
20.0 msec : 3
20.1 msec : 1
20.2 msec : 1
20.3 msec : 2
20.4 msec : 0
20.5 msec : 0
20.6 msec : 0
20.7 msec : 0
20.8 msec : 1
20.9 msec : 0
21.0 msec : 0
21.1 msec : 0
21.2 msec : 1
21.3 msec : 1
21.4 msec : 0
21.5 msec : 0
21.6 msec : 0
21.7 msec : 1
21.8 msec : 0
21.9 msec : 0
22.0 msec : 0
22.1 msec : 0
22.2 msec : 0
22.3 msec : 0
22.4 msec : 0
22.5 msec : 0
22.6 msec : 0
22.7 msec : 0
22.8 msec : 0
22.9 msec : 0
23.0 msec : 0
23.1 msec : 0
23.2 msec : 2
23.3 msec : 3
23.4 msec : 0
23.5 msec : 0
23.6 msec : 1
23.7 msec : 0
23.8 msec : 0
23.9 msec : 0
24.0 msec : 0
24.1 msec : 1
24.2 msec : 0
24.3 msec : 0
24.4 msec : 3
24.5 msec : 2
24.6 msec : 0
24.7 msec : 1
24.8 msec : 4
24.9 msec : 1
25.0 msec : 1
25.1 msec : 1
25.2 msec : 2
25.3 msec : 1
25.4 msec : 1
25.5 msec : 3
25.6 msec : 3
25.7 msec : 3
25.8 msec : 3
25.9 msec : 0
26.0 msec : 0
26.1 msec : 0
26.2 msec : 1
26.3 msec : 1
26.4 msec : 1
26.5 msec : 0
26.6 msec : 1
26.7 msec : 0
26.8 msec : 0
26.9 msec : 0
27.0 msec : 0
27.1 msec : 0
27.2 msec : 1
27.3 msec : 0
27.4 msec : 0
27.5 msec : 0
27.6 msec : 0
27.7 msec : 0
27.8 msec : 0
27.9 msec : 0
28.0 msec : 0
28.1 msec : 0
28.2 msec : 0
28.3 msec : 0
28.4 msec : 0
28.5 msec : 0
28.6 msec : 0
28.7 msec : 0
28.8 msec : 0
28.9 msec : 0
29.0 msec : 0
29.1 msec : 0
29.2 msec : 0
29.3 msec : 0
29.4 msec : 0
29.5 msec : 0
29.6 msec : 0
29.7 msec : 0
29.8 msec : 0
29.9 msec : 0
30.0 msec : 0
30.1 msec : 0
30.2 msec : 0
30.3 msec : 0
30.4 msec : 1
30.5 msec : 0
30.6 msec : 0
30.7 msec : 0
30.8 msec : 0
30.9 msec : 0
31.0 msec : 1
31.1 msec : 1
31.2 msec : 0
31.3 msec : 1
31.4 msec : 0
31.5 msec : 1
31.6 msec : 1
31.7 msec : 0
31.8 msec : 1
31.9 msec : 0
32.0 msec : 0
32.1 msec : 0
32.2 msec : 0
32.3 msec : 0
32.4 msec : 0
32.5 msec : 1
32.6 msec : 2
32.7 msec : 0
32.8 msec : 0
32.9 msec : 0
33.0 msec : 2
33.1 msec : 0
33.2 msec : 2
33.3 msec : 1
33.4 msec : 1
33.5 msec : 0
33.6 msec : 0
33.7 msec : 0
33.8 msec : 0
33.9 msec : 0
34.0 msec : 1
34.1 msec : 1
34.2 msec : 0
34.3 msec : 1
34.4 msec : 0
34.5 msec : 0
34.6 msec : 0
34.7 msec : 1
34.8 msec : 0
34.9 msec : 2
35.0 msec : 2
35.1 msec : 0
35.2 msec : 3
35.3 msec : 0
35.4 msec : 0
35.5 msec : 0
35.6 msec : 2
35.7 msec : 0
35.8 msec : 0
35.9 msec : 0
36.0 msec : 0
36.1 msec : 0
36.2 msec : 0
36.3 msec : 0
36.4 msec : 1
36.5 msec : 2
36.6 msec : 1
36.7 msec : 2
36.8 msec : 1
36.9 msec : 0
37.0 msec : 0
37.1 msec : 0
37.2 msec : 0
37.3 msec : 0
37.4 msec : 1
37.5 msec : 1
37.6 msec : 0
37.7 msec : 0
37.8 msec : 0
37.9 msec : 0
38.0 msec : 0
38.1 msec : 0
38.2 msec : 0
38.3 msec : 0
38.4 msec : 0
38.5 msec : 0
38.6 msec : 0
38.7 msec : 0
38.8 msec : 0
38.9 msec : 0
39.0 msec : 0
39.1 msec : 0
39.2 msec : 0
39.3 msec : 0
39.4 msec : 0
39.5 msec : 0
39.6 msec : 0
39.7 msec : 0
39.8 msec : 0
39.9 msec : 0
40.0 msec : 0
40.1 msec : 0
40.2 msec : 0
40.3 msec : 0
40.4 msec : 0
40.5 msec : 0
40.6 msec : 0
40.7 msec : 0
40.8 msec : 0
40.9 msec : 0
41.0 msec : 0
41.1 msec : 0
41.2 msec : 0
41.3 msec : 0
41.4 msec : 0
41.5 msec : 0
41.6 msec : 0
41.7 msec : 0
41.8 msec : 0
41.9 msec : 0
42.0 msec : 0
42.1 msec : 0
42.2 msec : 0
42.3 msec : 0
42.4 msec : 0
42.5 msec : 0
42.6 msec : 0
42.7 msec : 0
42.8 msec : 0
42.9 msec : 0
43.0 msec : 0
43.1 msec : 0
43.2 msec : 0
43.3 msec : 0
43.4 msec : 0
43.5 msec : 0
43.6 msec : 0
43.7 msec : 0
43.8 msec : 0
43.9 msec : 0
44.0 msec : 0
44.1 msec : 0
44.2 msec : 0
44.3 msec : 0
44.4 msec : 0
44.5 msec : 0
44.6 msec : 0
44.7 msec : 0
44.8 msec : 0
44.9 msec : 0
45.0 msec : 0
45.1 msec : 0
45.2 msec : 0
45.3 msec : 0
45.4 msec : 0
45.5 msec : 0
45.6 msec : 0
45.7 msec : 0
45.8 msec : 0
45.9 msec : 0
46.0 msec : 0
46.1 msec : 0
46.2 msec : 0
46.3 msec : 0
46.4 msec : 0
46.5 msec : 0
46.6 msec : 0
46.7 msec : 0
46.8 msec : 0
46.9 msec : 0
47.0 msec : 0
47.1 msec : 0
47.2 msec : 0
47.3 msec : 0
47.4 msec : 0
47.5 msec : 0
47.6 msec : 0
47.7 msec : 0
47.8 msec : 0
47.9 msec : 0
48.0 msec : 0
48.1 msec : 0
48.2 msec : 0
48.3 msec : 0
48.4 msec : 0
48.5 msec : 0
48.6 msec : 0
48.7 msec : 0
48.8 msec : 0
48.9 msec : 0
49.0 msec : 0
49.1 msec : 0
49.2 msec : 0
49.3 msec : 0
49.4 msec : 0
49.5 msec : 0
49.6 msec : 0
49.7 msec : 0
49.8 msec : 0
49.9 msec : 0
50.0 msec : 0
50.1 msec : 0
50.2 msec : 0
50.3 msec : 0
50.4 msec : 0
50.5 msec : 0
50.6 msec : 0
50.7 msec : 0
50.8 msec : 0
50.9 msec : 0
51.0 msec : 1
51.1 msec : 1
51.2 msec : 0
51.3 msec : 0
51.4 msec : 1
51.5 msec : 1
51.6 msec : 0
51.7 msec : 0
51.8 msec : 3
51.9 msec : 3
52.0 msec : 2
52.1 msec : 1
52.2 msec : 0
52.3 msec : 0
52.4 msec : 1
52.5 msec : 0
52.6 msec : 1
52.7 msec : 0
52.8 msec : 1
52.9 msec : 0
53.0 msec : 0
53.1 msec : 0
53.2 msec : 0
53.3 msec : 1
53.4 msec : 0
53.5 msec : 1
53.6 msec : 0
53.7 msec : 0
53.8 msec : 0
53.9 msec : 0
54.0 msec : 0
54.1 msec : 0
54.2 msec : 0
54.3 msec : 0
54.4 msec : 0
54.5 msec : 0
54.6 msec : 0
54.7 msec : 0
54.8 msec : 0
54.9 msec : 0
55.0 msec : 0
55.1 msec : 0
55.2 msec : 0
55.3 msec : 0
55.4 msec : 0
55.5 msec : 0
55.6 msec : 0
55.7 msec : 0
55.8 msec : 0
55.9 msec : 0
56.0 msec : 0
56.1 msec : 0
56.2 msec : 0
56.3 msec : 0
56.4 msec : 0
56.5 msec : 0
56.6 msec : 0
56.7 msec : 0
56.8 msec : 0
56.9 msec : 0
57.0 msec : 0
57.1 msec : 0
57.2 msec : 0
57.3 msec : 0
57.4 msec : 0
57.5 msec : 0
57.6 msec : 0
57.7 msec : 0
57.8 msec : 0
57.9 msec : 0
58.0 msec : 0
58.1 msec : 0
58.2 msec : 0
58.3 msec : 0
58.4 msec : 0
58.5 msec : 0
58.6 msec : 0
58.7 msec : 0
58.8 msec : 0
58.9 msec : 0
59.0 msec : 0
59.1 msec : 0
59.2 msec : 0
59.3 msec : 0
59.4 msec : 0
59.5 msec : 0
59.6 msec : 0
59.7 msec : 0
59.8 msec : 0
59.9 msec : 0
60.0 msec : 0
60.1 msec : 0
60.2 msec : 0
60.3 msec : 0
60.4 msec : 0
60.5 msec : 0
60.6 msec : 0
60.7 msec : 0
60.8 msec : 0
60.9 msec : 0
61.0 msec : 0
61.1 msec : 0
61.2 msec : 0
61.3 msec : 0
61.4 msec : 0
61.5 msec : 0
61.6 msec : 0
61.7 msec : 0
61.8 msec : 0
61.9 msec : 0
62.0 msec : 0
62.1 msec : 0
62.2 msec : 0
62.3 msec : 0
62.4 msec : 0
62.5 msec : 0
62.6 msec : 0
62.7 msec : 0
62.8 msec : 0
62.9 msec : 0
63.0 msec : 0
63.1 msec : 0
63.2 msec : 0
63.3 msec : 0
63.4 msec : 0
63.5 msec : 0
63.6 msec : 0
63.7 msec : 0
63.8 msec : 0
63.9 msec : 0
64.0 msec : 0
64.1 msec : 0
64.2 msec : 0
64.3 msec : 0
64.4 msec : 0
64.5 msec : 0
64.6 msec : 0
64.7 msec : 0
64.8 msec : 0
64.9 msec : 0
65.0 msec : 0
65.1 msec : 0
65.2 msec : 0
65.3 msec : 0
65.4 msec : 0
65.5 msec : 0
65.6 msec : 0
65.7 msec : 0
65.8 msec : 0
65.9 msec : 0
66.0 msec : 0
66.1 msec : 0
66.2 msec : 0
66.3 msec : 0
66.4 msec : 0
66.5 msec : 0
66.6 msec : 0
66.7 msec : 0
66.8 msec : 0
66.9 msec : 0
67.0 msec : 0
67.1 msec : 0
67.2 msec : 0
67.3 msec : 0
67.4 msec : 0
67.5 msec : 0
67.6 msec : 0
67.7 msec : 0
67.8 msec : 0
67.9 msec : 0
68.0 msec : 0
68.1 msec : 0
68.2 msec : 0
68.3 msec : 0
68.4 msec : 0
68.5 msec : 0
68.6 msec : 0
68.7 msec : 0
68.8 msec : 0
68.9 msec : 0
69.0 msec : 0
69.1 msec : 0
69.2 msec : 0
69.3 msec : 0
69.4 msec : 0
69.5 msec : 0
69.6 msec : 0
69.7 msec : 0
69.8 msec : 0
69.9 msec : 0
70.0 msec : 0
70.1 msec : 0
70.2 msec : 0
70.3 msec : 0
70.4 msec : 0
70.5 msec : 0
70.6 msec : 0
70.7 msec : 0
70.8 msec : 0
70.9 msec : 0
71.0 msec : 0
71.1 msec : 0
71.2 msec : 0
71.3 msec : 0
71.4 msec : 0
71.5 msec : 0
71.6 msec : 0
71.7 msec : 0
71.8 msec : 0
71.9 msec : 0
72.0 msec : 0
72.1 msec : 0
72.2 msec : 0
72.3 msec : 0
72.4 msec : 0
72.5 msec : 0
72.6 msec : 0
72.7 msec : 0
72.8 msec : 0
72.9 msec : 0
73.0 msec : 0
73.1 msec : 0
73.2 msec : 0
73.3 msec : 0
73.4 msec : 0
73.5 msec : 0
73.6 msec : 0
73.7 msec : 0
73.8 msec : 0
73.9 msec : 0
74.0 msec : 0
74.1 msec : 0
74.2 msec : 0
74.3 msec : 0
74.4 msec : 0
74.5 msec : 0
74.6 msec : 0
74.7 msec : 0
74.8 msec : 0
74.9 msec : 0
75.0 msec : 0
75.1 msec : 0
75.2 msec : 0
75.3 msec : 0
75.4 msec : 0
75.5 msec : 0
75.6 msec : 0
75.7 msec : 0
75.8 msec : 0
75.9 msec : 0
76.0 msec : 0
76.1 msec : 0
76.2 msec : 0
76.3 msec : 0
76.4 msec : 0
76.5 msec : 0
76.6 msec : 0
76.7 msec : 0
76.8 msec : 0
76.9 msec : 0
77.0 msec : 0
77.1 msec : 0
77.2 msec : 0
77.3 msec : 0
77.4 msec : 0
77.5 msec : 0
77.6 msec : 0
77.7 msec : 0
77.8 msec : 0
77.9 msec : 0
78.0 msec : 0
78.1 msec : 0
78.2 msec : 0
78.3 msec : 0
78.4 msec : 0
78.5 msec : 0
78.6 msec : 0
78.7 msec : 0
78.8 msec : 1
78.9 msec : 1
79.0 msec : 0
79.1 msec : 2
79.2 msec : 0
79.3 msec : 0
79.4 msec : 2
79.5 msec : 1
79.6 msec : 0
79.7 msec : 0
79.8 msec : 1
79.9 msec : 0
80.0 msec : 0
80.1 msec : 0
80.2 msec : 0
80.3 msec : 0
80.4 msec : 0
80.5 msec : 2
80.6 msec : 2
80.7 msec : 0
80.8 msec : 0
80.9 msec : 0
81.0 msec : 0
81.1 msec : 1
81.2 msec : 0
81.3 msec : 0
81.4 msec : 0
81.5 msec : 0
81.6 msec : 0
81.7 msec : 0
81.8 msec : 0
81.9 msec : 0
82.0 msec : 0
82.1 msec : 0
82.2 msec : 2
82.3 msec : 0
82.4 msec : 0
82.5 msec : 1
82.6 msec : 0
82.7 msec : 0
82.8 msec : 0
82.9 msec : 0
83.0 msec : 0
