Middleware started...
Middleware shuts down...
Smaller resolution statistics are in a log file...
Final aggregates per worker:


Worker 7
Average throughput (ops/sec) = 282
Average response time (msec) = 1.1158059166666667
Average queue length = 0
Average wait time in queue (msec) = 0.15673706666666667
Average service time (msec) = 0.8535818666666667
Number of SET = 282
Number of GET = 0
Number of MULTI GET = 0


Worker 6
Average throughput (ops/sec) = 288
Average response time (msec) = 1.0918500333333334
Average queue length = 0
Average wait time in queue (msec) = 0.15065903333333333
Average service time (msec) = 0.8351877
Number of SET = 289
Number of GET = 0
Number of MULTI GET = 0


Worker 8
Average throughput (ops/sec) = 287
Average response time (msec) = 1.0762568833333332
Average queue length = 0
Average wait time in queue (msec) = 0.14727985000000002
Average service time (msec) = 0.8310583
Number of SET = 287
Number of GET = 0
Number of MULTI GET = 0


Worker 3
Average throughput (ops/sec) = 284
Average response time (msec) = 1.0851843
Average queue length = 0
Average wait time in queue (msec) = 0.14311454999999998
Average service time (msec) = 0.8388500166666667
Number of SET = 284
Number of GET = 0
Number of MULTI GET = 0


Worker 2
Average throughput (ops/sec) = 277
Average response time (msec) = 1.1130117540983606
Average queue length = 0
Average wait time in queue (msec) = 0.15339040983606558
Average service time (msec) = 0.8545602295081967
Number of SET = 277
Number of GET = 0
Number of MULTI GET = 0


Worker 5
Average throughput (ops/sec) = 283
Average response time (msec) = 1.10942
Average queue length = 0
Average wait time in queue (msec) = 0.15441935
Average service time (msec) = 0.8487671833333333
Number of SET = 283
Number of GET = 0
Number of MULTI GET = 0


Worker 4
Average throughput (ops/sec) = 278
Average response time (msec) = 1.0914319836065574
Average queue length = 0
Average wait time in queue (msec) = 0.15473591803278688
Average service time (msec) = 0.8310249672131147
Number of SET = 278
Number of GET = 0
Number of MULTI GET = 0


Worker 1
Average throughput (ops/sec) = 278
Average response time (msec) = 1.1043325901639345
Average queue length = 0
Average wait time in queue (msec) = 0.14904139344262293
Average service time (msec) = 0.8429269016393443
Number of SET = 278
Number of GET = 0
Number of MULTI GET = 0


FINAL STATS
Average throughput (ops/sec) = 2257
Average response time (msec) = 1.0925847164738889
Average queue length = 0
Average wait time in queue (msec) = 0.15117219641393442
Average service time (msec) = 0.8419946456284153
Number of SET = 2258
Number of GET = 0
Number of MULTI GET = 0
Number of Cache misses = 0
Arrival rate (lambda) = [0, 0, 0, 0, 0, 0, 1760, 2449, 1931, 2047, 2052, 2240, 2055, 2439, 2217, 2121, 2344, 2255, 2022, 2285, 2228, 2379, 2573, 2555, 2419, 2241, 2360, 2259, 2354, 2234, 2306, 2491, 2419, 2226, 2308, 2248, 2374, 2389, 2137, 2184, 2254, 2165, 2578, 2452, 2316, 2322, 2307, 2342, 2135, 2345, 2174, 2592, 2249, 2128, 2309, 2151, 2268, 2382, 2268, 2224, 2254, 2312, 2294, 2286, 2212, 2293, 5, 0]


Histogram response times (0.1 msec step)
0.0 msec : 1458
0.1 msec : 11446
0.2 msec : 23548
0.3 msec : 26645
0.4 msec : 22787
0.5 msec : 16458
0.6 msec : 10508
0.7 msec : 6045
0.8 msec : 3284
0.9 msec : 1930
1.0 msec : 1256
1.1 msec : 877
1.2 msec : 693
1.3 msec : 540
1.4 msec : 389
1.5 msec : 341
1.6 msec : 287
1.7 msec : 315
1.8 msec : 237
1.9 msec : 191
2.0 msec : 187
2.1 msec : 144
2.2 msec : 160
2.3 msec : 140
2.4 msec : 120
2.5 msec : 103
2.6 msec : 82
2.7 msec : 81
2.8 msec : 74
2.9 msec : 77
3.0 msec : 67
3.1 msec : 63
3.2 msec : 73
3.3 msec : 69
3.4 msec : 68
3.5 msec : 50
3.6 msec : 60
3.7 msec : 53
3.8 msec : 46
3.9 msec : 43
4.0 msec : 35
4.1 msec : 31
4.2 msec : 39
4.3 msec : 39
4.4 msec : 44
4.5 msec : 39
4.6 msec : 39
4.7 msec : 24
4.8 msec : 33
4.9 msec : 37
5.0 msec : 31
5.1 msec : 42
5.2 msec : 33
5.3 msec : 55
5.4 msec : 105
5.5 msec : 177
5.6 msec : 354
5.7 msec : 452
5.8 msec : 459
5.9 msec : 487
6.0 msec : 463
6.1 msec : 506
6.2 msec : 435
6.3 msec : 358
6.4 msec : 250
6.5 msec : 172
6.6 msec : 124
6.7 msec : 79
6.8 msec : 54
6.9 msec : 38
7.0 msec : 27
7.1 msec : 31
7.2 msec : 36
7.3 msec : 15
7.4 msec : 26
7.5 msec : 13
7.6 msec : 11
7.7 msec : 15
7.8 msec : 15
7.9 msec : 12
8.0 msec : 13
8.1 msec : 15
8.2 msec : 17
8.3 msec : 13
8.4 msec : 8
8.5 msec : 10
8.6 msec : 8
8.7 msec : 9
8.8 msec : 11
8.9 msec : 5
9.0 msec : 8
9.1 msec : 7
9.2 msec : 7
9.3 msec : 8
9.4 msec : 11
9.5 msec : 8
9.6 msec : 4
9.7 msec : 3
9.8 msec : 1
9.9 msec : 2
10.0 msec : 6
10.1 msec : 3
10.2 msec : 3
10.3 msec : 4
10.4 msec : 3
10.5 msec : 2
10.6 msec : 1
10.7 msec : 1
10.8 msec : 0
10.9 msec : 0
11.0 msec : 1
11.1 msec : 2
11.2 msec : 3
11.3 msec : 2
11.4 msec : 2
11.5 msec : 1
11.6 msec : 3
11.7 msec : 1
11.8 msec : 0
11.9 msec : 2
12.0 msec : 0
12.1 msec : 0
12.2 msec : 1
12.3 msec : 1
12.4 msec : 0
12.5 msec : 0
12.6 msec : 1
12.7 msec : 5
12.8 msec : 7
12.9 msec : 7
13.0 msec : 1
13.1 msec : 1
13.2 msec : 0
13.3 msec : 0
13.4 msec : 0
13.5 msec : 1
13.6 msec : 1
13.7 msec : 1
13.8 msec : 3
13.9 msec : 1
14.0 msec : 1
14.1 msec : 1
14.2 msec : 0
14.3 msec : 0
14.4 msec : 0
14.5 msec : 1
14.6 msec : 0
14.7 msec : 1
14.8 msec : 1
14.9 msec : 0
15.0 msec : 1
15.1 msec : 0
15.2 msec : 0
15.3 msec : 1
15.4 msec : 1
15.5 msec : 2
15.6 msec : 1
15.7 msec : 0
15.8 msec : 1
15.9 msec : 1
16.0 msec : 0
16.1 msec : 0
16.2 msec : 2
16.3 msec : 0
16.4 msec : 2
16.5 msec : 0
16.6 msec : 0
16.7 msec : 0
16.8 msec : 0
16.9 msec : 0
17.0 msec : 0
17.1 msec : 0
17.2 msec : 0
17.3 msec : 0
17.4 msec : 0
17.5 msec : 0
17.6 msec : 0
17.7 msec : 0
17.8 msec : 0
17.9 msec : 0
18.0 msec : 1
18.1 msec : 1
18.2 msec : 0
18.3 msec : 0
18.4 msec : 0
18.5 msec : 0
18.6 msec : 0
18.7 msec : 1
18.8 msec : 0
18.9 msec : 0
19.0 msec : 0
19.1 msec : 0
19.2 msec : 0
19.3 msec : 0
19.4 msec : 0
19.5 msec : 0
19.6 msec : 0
19.7 msec : 0
19.8 msec : 0
19.9 msec : 0
20.0 msec : 0
20.1 msec : 1
20.2 msec : 0
20.3 msec : 0
20.4 msec : 2
20.5 msec : 0
20.6 msec : 0
20.7 msec : 0
20.8 msec : 0
20.9 msec : 1
21.0 msec : 0
21.1 msec : 1
21.2 msec : 1
21.3 msec : 0
21.4 msec : 0
21.5 msec : 0
21.6 msec : 0
21.7 msec : 1
21.8 msec : 0
21.9 msec : 0
22.0 msec : 0
22.1 msec : 0
22.2 msec : 1
22.3 msec : 0
22.4 msec : 0
22.5 msec : 1
22.6 msec : 0
22.7 msec : 0
22.8 msec : 1
22.9 msec : 0
23.0 msec : 0
23.1 msec : 0
23.2 msec : 0
23.3 msec : 0
23.4 msec : 0
23.5 msec : 0
23.6 msec : 0
23.7 msec : 0
23.8 msec : 0
23.9 msec : 0
24.0 msec : 0
24.1 msec : 0
24.2 msec : 0
24.3 msec : 0
24.4 msec : 0
24.5 msec : 0
24.6 msec : 0
24.7 msec : 0
24.8 msec : 0
24.9 msec : 0
25.0 msec : 0
25.1 msec : 0
25.2 msec : 0
25.3 msec : 1
25.4 msec : 0
25.5 msec : 1
25.6 msec : 0
25.7 msec : 0
25.8 msec : 0
25.9 msec : 0
26.0 msec : 1
26.1 msec : 0
26.2 msec : 0
26.3 msec : 1
26.4 msec : 1
26.5 msec : 0
26.6 msec : 1
26.7 msec : 0
26.8 msec : 1
26.9 msec : 0
27.0 msec : 0
27.1 msec : 0
27.2 msec : 0
27.3 msec : 0
27.4 msec : 1
27.5 msec : 0
27.6 msec : 0
27.7 msec : 0
27.8 msec : 0
27.9 msec : 0
28.0 msec : 0
28.1 msec : 0
28.2 msec : 0
28.3 msec : 0
28.4 msec : 0
28.5 msec : 0
28.6 msec : 0
28.7 msec : 0
28.8 msec : 0
28.9 msec : 0
29.0 msec : 0
29.1 msec : 0
29.2 msec : 0
29.3 msec : 0
29.4 msec : 0
29.5 msec : 0
29.6 msec : 0
29.7 msec : 0
29.8 msec : 0
29.9 msec : 0
30.0 msec : 0
30.1 msec : 0
30.2 msec : 0
30.3 msec : 0
30.4 msec : 0
30.5 msec : 0
30.6 msec : 0
30.7 msec : 0
30.8 msec : 0
30.9 msec : 0
31.0 msec : 0
31.1 msec : 0
31.2 msec : 0
31.3 msec : 0
31.4 msec : 0
31.5 msec : 0
31.6 msec : 0
31.7 msec : 0
31.8 msec : 0
31.9 msec : 0
32.0 msec : 0
32.1 msec : 0
32.2 msec : 0
32.3 msec : 0
32.4 msec : 0
32.5 msec : 0
32.6 msec : 0
32.7 msec : 0
32.8 msec : 0
32.9 msec : 0
33.0 msec : 0
33.1 msec : 0
33.2 msec : 0
33.3 msec : 0
33.4 msec : 0
33.5 msec : 0
33.6 msec : 0
33.7 msec : 0
33.8 msec : 0
33.9 msec : 0
34.0 msec : 0
34.1 msec : 0
34.2 msec : 0
34.3 msec : 0
34.4 msec : 0
34.5 msec : 0
34.6 msec : 0
34.7 msec : 0
34.8 msec : 0
34.9 msec : 0
35.0 msec : 0
35.1 msec : 0
35.2 msec : 0
35.3 msec : 0
35.4 msec : 0
35.5 msec : 0
35.6 msec : 0
35.7 msec : 0
35.8 msec : 0
35.9 msec : 0
36.0 msec : 0
36.1 msec : 0
36.2 msec : 0
36.3 msec : 0
36.4 msec : 0
36.5 msec : 0
36.6 msec : 0
36.7 msec : 0
36.8 msec : 0
36.9 msec : 0
37.0 msec : 0
37.1 msec : 3
37.2 msec : 2
37.3 msec : 0
37.4 msec : 0
37.5 msec : 0
37.6 msec : 0
37.7 msec : 0
37.8 msec : 0
