Middleware started...
Middleware shuts down...
Smaller resolution statistics are in a log file...
Final aggregates per worker:


Worker 24
Average throughput (ops/sec) = 168
Average response time (msec) = 3.161800147540984
Average queue length = 2
Average wait time in queue (msec) = 0.48474044262295085
Average service time (msec) = 2.57258
Number of SET = 0
Number of GET = 168
Number of MULTI GET = 0


Worker 7
Average throughput (ops/sec) = 169
Average response time (msec) = 3.132866475409836
Average queue length = 0
Average wait time in queue (msec) = 0.48887991803278685
Average service time (msec) = 2.5399268688524588
Number of SET = 0
Number of GET = 169
Number of MULTI GET = 0


Worker 25
Average throughput (ops/sec) = 168
Average response time (msec) = 3.1600183114754095
Average queue length = 4
Average wait time in queue (msec) = 0.48791454098360654
Average service time (msec) = 2.564417180327869
Number of SET = 0
Number of GET = 168
Number of MULTI GET = 0


Worker 6
Average throughput (ops/sec) = 170
Average response time (msec) = 3.133326180327869
Average queue length = 2
Average wait time in queue (msec) = 0.5004504098360656
Average service time (msec) = 2.5410389836065574
Number of SET = 0
Number of GET = 170
Number of MULTI GET = 0


Worker 26
Average throughput (ops/sec) = 173
Average response time (msec) = 3.112156868852459
Average queue length = 3
Average wait time in queue (msec) = 0.49223247540983606
Average service time (msec) = 2.520638770491803
Number of SET = 0
Number of GET = 173
Number of MULTI GET = 0


Worker 9
Average throughput (ops/sec) = 164
Average response time (msec) = 3.1917681475409836
Average queue length = 3
Average wait time in queue (msec) = 0.486301131147541
Average service time (msec) = 2.6041498852459015
Number of SET = 0
Number of GET = 164
Number of MULTI GET = 0


Worker 27
Average throughput (ops/sec) = 166
Average response time (msec) = 3.128544
Average queue length = 4
Average wait time in queue (msec) = 0.47307150819672134
Average service time (msec) = 2.554587770491803
Number of SET = 0
Number of GET = 166
Number of MULTI GET = 0


Worker 8
Average throughput (ops/sec) = 172
Average response time (msec) = 3.097301393442623
Average queue length = 3
Average wait time in queue (msec) = 0.4937267049180328
Average service time (msec) = 2.50908837704918
Number of SET = 0
Number of GET = 172
Number of MULTI GET = 0


Worker 20
Average throughput (ops/sec) = 168
Average response time (msec) = 3.191034049180328
Average queue length = 2
Average wait time in queue (msec) = 0.49024701639344265
Average service time (msec) = 2.602921852459016
Number of SET = 0
Number of GET = 168
Number of MULTI GET = 0


Worker 3
Average throughput (ops/sec) = 164
Average response time (msec) = 3.2066463114754096
Average queue length = 2
Average wait time in queue (msec) = 0.48320675409836067
Average service time (msec) = 2.624818032786885
Number of SET = 0
Number of GET = 164
Number of MULTI GET = 0


Worker 21
Average throughput (ops/sec) = 165
Average response time (msec) = 3.1581931147540985
Average queue length = 1
Average wait time in queue (msec) = 0.4665827049180328
Average service time (msec) = 2.5815904098360654
Number of SET = 0
Number of GET = 165
Number of MULTI GET = 0


Worker 2
Average throughput (ops/sec) = 169
Average response time (msec) = 3.1773079344262296
Average queue length = 2
Average wait time in queue (msec) = 0.4921110327868852
Average service time (msec) = 2.5829045901639347
Number of SET = 0
Number of GET = 169
Number of MULTI GET = 0


Worker 22
Average throughput (ops/sec) = 167
Average response time (msec) = 3.2058312786885246
Average queue length = 4
Average wait time in queue (msec) = 0.5062907377049181
Average service time (msec) = 2.597360229508197
Number of SET = 0
Number of GET = 167
Number of MULTI GET = 0


Worker 5
Average throughput (ops/sec) = 171
Average response time (msec) = 3.1565661475409836
Average queue length = 3
Average wait time in queue (msec) = 0.5018406065573771
Average service time (msec) = 2.5579596229508197
Number of SET = 0
Number of GET = 171
Number of MULTI GET = 0


Worker 23
Average throughput (ops/sec) = 170
Average response time (msec) = 3.1283632786885245
Average queue length = 1
Average wait time in queue (msec) = 0.4935550163934426
Average service time (msec) = 2.5322335737704917
Number of SET = 0
Number of GET = 170
Number of MULTI GET = 0


Worker 4
Average throughput (ops/sec) = 165
Average response time (msec) = 3.1758261475409837
Average queue length = 3
Average wait time in queue (msec) = 0.49236459016393447
Average service time (msec) = 2.584779672131148
Number of SET = 0
Number of GET = 165
Number of MULTI GET = 0


Worker 28
Average throughput (ops/sec) = 170
Average response time (msec) = 3.128365655737705
Average queue length = 1
Average wait time in queue (msec) = 0.48675421311475414
Average service time (msec) = 2.540263967213115
Number of SET = 0
Number of GET = 170
Number of MULTI GET = 0


Worker 29
Average throughput (ops/sec) = 168
Average response time (msec) = 3.1454608360655736
Average queue length = 1
Average wait time in queue (msec) = 0.49235518032786885
Average service time (msec) = 2.5459480163934427
Number of SET = 0
Number of GET = 168
Number of MULTI GET = 0


Worker 1
Average throughput (ops/sec) = 168
Average response time (msec) = 3.1690726229508197
Average queue length = 6
Average wait time in queue (msec) = 0.49128567213114754
Average service time (msec) = 2.570627737704918
Number of SET = 0
Number of GET = 168
Number of MULTI GET = 0


Worker 30
Average throughput (ops/sec) = 169
Average response time (msec) = 3.13193231147541
Average queue length = 3
Average wait time in queue (msec) = 0.4958450655737705
Average service time (msec) = 2.5301620819672133
Number of SET = 0
Number of GET = 169
Number of MULTI GET = 0


Worker 13
Average throughput (ops/sec) = 168
Average response time (msec) = 3.1699138360655734
Average queue length = 2
Average wait time in queue (msec) = 0.5043251147540984
Average service time (msec) = 2.5631867213114754
Number of SET = 0
Number of GET = 168
Number of MULTI GET = 0


Worker 14
Average throughput (ops/sec) = 167
Average response time (msec) = 3.176716459016393
Average queue length = 2
Average wait time in queue (msec) = 0.4941789344262295
Average service time (msec) = 2.5739778852459017
Number of SET = 0
Number of GET = 167
Number of MULTI GET = 0


Worker 15
Average throughput (ops/sec) = 169
Average response time (msec) = 3.132626918032787
Average queue length = 3
Average wait time in queue (msec) = 0.47522540983606554
Average service time (msec) = 2.55763437704918
Number of SET = 0
Number of GET = 169
Number of MULTI GET = 0


Worker 16
Average throughput (ops/sec) = 169
Average response time (msec) = 3.1277919016393443
Average queue length = 2
Average wait time in queue (msec) = 0.47021798360655737
Average service time (msec) = 2.5554201475409837
Number of SET = 0
Number of GET = 169
Number of MULTI GET = 0


Worker 31
Average throughput (ops/sec) = 171
Average response time (msec) = 3.1234811311475412
Average queue length = 2
Average wait time in queue (msec) = 0.487420737704918
Average service time (msec) = 2.528096737704918
Number of SET = 0
Number of GET = 171
Number of MULTI GET = 0


Worker 32
Average throughput (ops/sec) = 168
Average response time (msec) = 3.15013537704918
Average queue length = 2
Average wait time in queue (msec) = 0.4702535737704918
Average service time (msec) = 2.5720712786885245
Number of SET = 0
Number of GET = 168
Number of MULTI GET = 0


Worker 10
Average throughput (ops/sec) = 165
Average response time (msec) = 3.2044281967213117
Average queue length = 3
Average wait time in queue (msec) = 0.493725868852459
Average service time (msec) = 2.606930704918033
Number of SET = 0
Number of GET = 165
Number of MULTI GET = 0


Worker 11
Average throughput (ops/sec) = 167
Average response time (msec) = 3.1434911147540983
Average queue length = 2
Average wait time in queue (msec) = 0.49031613114754097
Average service time (msec) = 2.553777049180328
Number of SET = 0
Number of GET = 167
Number of MULTI GET = 0


Worker 12
Average throughput (ops/sec) = 167
Average response time (msec) = 3.125486049180328
Average queue length = 0
Average wait time in queue (msec) = 0.46803462295081966
Average service time (msec) = 2.554489950819672
Number of SET = 0
Number of GET = 167
Number of MULTI GET = 0


Worker 17
Average throughput (ops/sec) = 166
Average response time (msec) = 3.2073024426229506
Average queue length = 4
Average wait time in queue (msec) = 0.4897715737704918
Average service time (msec) = 2.6170497868852456
Number of SET = 0
Number of GET = 166
Number of MULTI GET = 0


Worker 18
Average throughput (ops/sec) = 166
Average response time (msec) = 3.187047
Average queue length = 2
Average wait time in queue (msec) = 0.4821443606557377
Average service time (msec) = 2.5977431147540986
Number of SET = 0
Number of GET = 166
Number of MULTI GET = 0


Worker 19
Average throughput (ops/sec) = 169
Average response time (msec) = 3.1870454590163932
Average queue length = 1
Average wait time in queue (msec) = 0.4932381967213115
Average service time (msec) = 2.5903293606557374
Number of SET = 0
Number of GET = 169
Number of MULTI GET = 0


FINAL STATS
Average throughput (ops/sec) = 5376
Average response time (msec) = 3.124347166890696
Average queue length = 2
Average wait time in queue (msec) = 0.48808150717213117
Average service time (msec) = 2.566522023053279
Number of SET = 0
Number of GET = 5376
Number of MULTI GET = 0
Number of Cache misses = 0
Arrival rate (lambda) = [0, 0, 1232, 4404, 4648, 5790, 5241, 5553, 5281, 5188, 5232, 5469, 5553, 5285, 5384, 5811, 6010, 5668, 5740, 5115, 5640, 5452, 5636, 5008, 5493, 5691, 5607, 5384, 5427, 5387, 5546, 5812, 5455, 5457, 5527, 5339, 5310, 5578, 5683, 5838, 5401, 5641, 5397, 5701, 5563, 5466, 5379, 5745, 5434, 5754, 5672, 5515, 5629, 5664, 5841, 5466, 5548, 5345, 5565, 5420, 5653, 5671, 3511, 0, 0]


Histogram response times (0.1 msec step)
0.0 msec : 127
0.1 msec : 1114
0.2 msec : 4367
0.3 msec : 9636
0.4 msec : 15319
0.5 msec : 19890
0.6 msec : 21757
0.7 msec : 21718
0.8 msec : 20218
0.9 msec : 18923
1.0 msec : 16378
1.1 msec : 14341
1.2 msec : 12176
1.3 msec : 10520
1.4 msec : 8608
1.5 msec : 7209
1.6 msec : 6058
1.7 msec : 5256
1.8 msec : 4450
1.9 msec : 3361
2.0 msec : 2634
2.1 msec : 2209
2.2 msec : 1850
2.3 msec : 1623
2.4 msec : 1277
2.5 msec : 1154
2.6 msec : 962
2.7 msec : 961
2.8 msec : 916
2.9 msec : 723
3.0 msec : 787
3.1 msec : 831
3.2 msec : 755
3.3 msec : 840
3.4 msec : 822
3.5 msec : 757
3.6 msec : 774
3.7 msec : 670
3.8 msec : 706
3.9 msec : 820
4.0 msec : 796
4.1 msec : 776
4.2 msec : 732
4.3 msec : 674
4.4 msec : 640
4.5 msec : 683
4.6 msec : 634
4.7 msec : 741
4.8 msec : 783
4.9 msec : 791
5.0 msec : 836
5.1 msec : 839
5.2 msec : 836
5.3 msec : 796
5.4 msec : 682
5.5 msec : 623
5.6 msec : 743
5.7 msec : 1014
5.8 msec : 1267
5.9 msec : 1374
6.0 msec : 1506
6.1 msec : 1595
6.2 msec : 1557
6.3 msec : 1692
6.4 msec : 1764
6.5 msec : 1717
6.6 msec : 1787
6.7 msec : 1623
6.8 msec : 1657
6.9 msec : 1627
7.0 msec : 1624
7.1 msec : 1682
7.2 msec : 1813
7.3 msec : 1721
7.4 msec : 1793
7.5 msec : 1804
7.6 msec : 1798
7.7 msec : 1659
7.8 msec : 1786
7.9 msec : 1642
8.0 msec : 1661
8.1 msec : 1757
8.2 msec : 1665
8.3 msec : 1811
8.4 msec : 1781
8.5 msec : 1733
8.6 msec : 1839
8.7 msec : 1866
8.8 msec : 1833
8.9 msec : 1791
9.0 msec : 1768
9.1 msec : 1802
9.2 msec : 1799
9.3 msec : 1717
9.4 msec : 1567
9.5 msec : 1331
9.6 msec : 1148
9.7 msec : 1086
9.8 msec : 949
9.9 msec : 783
10.0 msec : 588
10.1 msec : 423
10.2 msec : 306
10.3 msec : 259
10.4 msec : 221
10.5 msec : 186
10.6 msec : 141
10.7 msec : 88
10.8 msec : 103
10.9 msec : 74
11.0 msec : 61
11.1 msec : 58
11.2 msec : 40
11.3 msec : 28
11.4 msec : 33
11.5 msec : 28
11.6 msec : 19
11.7 msec : 32
11.8 msec : 26
11.9 msec : 13
12.0 msec : 19
12.1 msec : 21
12.2 msec : 21
12.3 msec : 17
12.4 msec : 24
12.5 msec : 9
12.6 msec : 12
12.7 msec : 13
12.8 msec : 13
12.9 msec : 15
13.0 msec : 16
13.1 msec : 12
13.2 msec : 8
13.3 msec : 12
13.4 msec : 24
13.5 msec : 19
13.6 msec : 17
13.7 msec : 14
13.8 msec : 4
13.9 msec : 8
14.0 msec : 10
14.1 msec : 12
14.2 msec : 10
14.3 msec : 7
14.4 msec : 6
14.5 msec : 9
14.6 msec : 11
14.7 msec : 6
14.8 msec : 8
14.9 msec : 6
15.0 msec : 4
15.1 msec : 4
15.2 msec : 4
15.3 msec : 2
15.4 msec : 3
15.5 msec : 1
15.6 msec : 5
15.7 msec : 4
15.8 msec : 4
15.9 msec : 2
16.0 msec : 3
16.1 msec : 2
16.2 msec : 1
16.3 msec : 4
16.4 msec : 5
16.5 msec : 7
16.6 msec : 5
16.7 msec : 0
16.8 msec : 1
16.9 msec : 1
17.0 msec : 1
17.1 msec : 6
17.2 msec : 3
17.3 msec : 1
17.4 msec : 3
17.5 msec : 6
17.6 msec : 0
17.7 msec : 1
17.8 msec : 1
17.9 msec : 2
18.0 msec : 2
18.1 msec : 0
18.2 msec : 2
18.3 msec : 0
18.4 msec : 0
18.5 msec : 0
18.6 msec : 0
18.7 msec : 1
18.8 msec : 0
18.9 msec : 1
19.0 msec : 10
19.1 msec : 1
19.2 msec : 3
19.3 msec : 10
19.4 msec : 6
19.5 msec : 3
19.6 msec : 1
19.7 msec : 1
19.8 msec : 1
19.9 msec : 1
20.0 msec : 2
20.1 msec : 3
20.2 msec : 1
20.3 msec : 5
20.4 msec : 5
20.5 msec : 0
20.6 msec : 0
20.7 msec : 3
20.8 msec : 3
20.9 msec : 3
21.0 msec : 7
21.1 msec : 8
21.2 msec : 7
21.3 msec : 9
21.4 msec : 8
21.5 msec : 7
21.6 msec : 9
21.7 msec : 7
21.8 msec : 3
21.9 msec : 4
22.0 msec : 0
22.1 msec : 0
22.2 msec : 0
22.3 msec : 2
22.4 msec : 1
22.5 msec : 2
22.6 msec : 2
22.7 msec : 3
22.8 msec : 1
22.9 msec : 4
23.0 msec : 1
23.1 msec : 2
23.2 msec : 0
23.3 msec : 0
23.4 msec : 0
23.5 msec : 0
23.6 msec : 0
23.7 msec : 1
23.8 msec : 2
23.9 msec : 1
24.0 msec : 0
24.1 msec : 2
24.2 msec : 1
24.3 msec : 2
24.4 msec : 0
24.5 msec : 2
24.6 msec : 0
24.7 msec : 1
24.8 msec : 3
24.9 msec : 1
25.0 msec : 2
25.1 msec : 1
25.2 msec : 1
25.3 msec : 2
25.4 msec : 3
25.5 msec : 0
25.6 msec : 1
25.7 msec : 4
25.8 msec : 2
25.9 msec : 3
26.0 msec : 3
26.1 msec : 2
26.2 msec : 4
26.3 msec : 4
26.4 msec : 1
26.5 msec : 3
26.6 msec : 5
26.7 msec : 4
26.8 msec : 3
26.9 msec : 7
27.0 msec : 3
27.1 msec : 3
27.2 msec : 1
27.3 msec : 0
27.4 msec : 0
27.5 msec : 0
27.6 msec : 1
27.7 msec : 0
27.8 msec : 0
27.9 msec : 0
28.0 msec : 0
28.1 msec : 0
28.2 msec : 0
28.3 msec : 0
28.4 msec : 0
28.5 msec : 1
28.6 msec : 0
28.7 msec : 0
28.8 msec : 0
28.9 msec : 0
29.0 msec : 0
29.1 msec : 0
29.2 msec : 0
29.3 msec : 0
29.4 msec : 1
29.5 msec : 1
29.6 msec : 1
29.7 msec : 1
29.8 msec : 0
29.9 msec : 0
30.0 msec : 0
30.1 msec : 1
30.2 msec : 1
30.3 msec : 1
30.4 msec : 0
30.5 msec : 1
30.6 msec : 1
30.7 msec : 2
30.8 msec : 1
30.9 msec : 1
31.0 msec : 1
31.1 msec : 1
31.2 msec : 0
31.3 msec : 3
31.4 msec : 2
31.5 msec : 2
31.6 msec : 1
31.7 msec : 2
31.8 msec : 2
31.9 msec : 2
32.0 msec : 2
32.1 msec : 2
32.2 msec : 7
32.3 msec : 3
32.4 msec : 3
32.5 msec : 0
32.6 msec : 1
32.7 msec : 2
32.8 msec : 1
32.9 msec : 1
33.0 msec : 1
33.1 msec : 1
33.2 msec : 1
33.3 msec : 4
33.4 msec : 3
33.5 msec : 1
33.6 msec : 1
33.7 msec : 0
33.8 msec : 0
33.9 msec : 0
34.0 msec : 1
34.1 msec : 0
34.2 msec : 0
34.3 msec : 0
34.4 msec : 0
34.5 msec : 0
34.6 msec : 0
34.7 msec : 0
34.8 msec : 0
34.9 msec : 0
35.0 msec : 0
35.1 msec : 0
35.2 msec : 0
35.3 msec : 0
35.4 msec : 0
35.5 msec : 0
35.6 msec : 0
35.7 msec : 0
35.8 msec : 0
35.9 msec : 0
36.0 msec : 0
36.1 msec : 0
36.2 msec : 0
36.3 msec : 0
36.4 msec : 0
36.5 msec : 3
36.6 msec : 2
36.7 msec : 2
36.8 msec : 1
36.9 msec : 0
37.0 msec : 2
37.1 msec : 1
37.2 msec : 0
37.3 msec : 0
37.4 msec : 1
37.5 msec : 0
37.6 msec : 0
37.7 msec : 1
37.8 msec : 1
37.9 msec : 0
38.0 msec : 0
38.1 msec : 4
38.2 msec : 0
38.3 msec : 0
38.4 msec : 1
38.5 msec : 0
38.6 msec : 0
38.7 msec : 0
38.8 msec : 0
38.9 msec : 0
39.0 msec : 0
39.1 msec : 0
39.2 msec : 0
39.3 msec : 0
39.4 msec : 0
39.5 msec : 0
39.6 msec : 0
39.7 msec : 0
39.8 msec : 1
39.9 msec : 1
40.0 msec : 1
40.1 msec : 0
40.2 msec : 0
40.3 msec : 0
40.4 msec : 0
40.5 msec : 0
40.6 msec : 0
40.7 msec : 0
40.8 msec : 0
40.9 msec : 0
41.0 msec : 0
41.1 msec : 0
41.2 msec : 0
41.3 msec : 0
41.4 msec : 0
41.5 msec : 0
41.6 msec : 0
41.7 msec : 0
41.8 msec : 0
41.9 msec : 0
42.0 msec : 0
42.1 msec : 0
42.2 msec : 0
42.3 msec : 0
42.4 msec : 0
42.5 msec : 0
42.6 msec : 0
42.7 msec : 0
42.8 msec : 0
42.9 msec : 0
43.0 msec : 0
43.1 msec : 0
43.2 msec : 0
43.3 msec : 0
43.4 msec : 0
43.5 msec : 0
43.6 msec : 0
43.7 msec : 0
43.8 msec : 0
43.9 msec : 0
44.0 msec : 0
44.1 msec : 0
44.2 msec : 0
44.3 msec : 0
44.4 msec : 0
44.5 msec : 0
44.6 msec : 0
44.7 msec : 0
44.8 msec : 0
44.9 msec : 0
45.0 msec : 0
45.1 msec : 0
45.2 msec : 0
45.3 msec : 0
45.4 msec : 0
45.5 msec : 0
45.6 msec : 0
45.7 msec : 0
45.8 msec : 0
45.9 msec : 0
46.0 msec : 0
46.1 msec : 0
46.2 msec : 0
46.3 msec : 0
46.4 msec : 0
46.5 msec : 0
46.6 msec : 0
46.7 msec : 0
46.8 msec : 0
46.9 msec : 0
47.0 msec : 0
47.1 msec : 0
47.2 msec : 0
47.3 msec : 0
47.4 msec : 0
47.5 msec : 0
47.6 msec : 0
47.7 msec : 0
47.8 msec : 0
47.9 msec : 0
48.0 msec : 0
48.1 msec : 0
48.2 msec : 0
48.3 msec : 0
48.4 msec : 0
48.5 msec : 0
48.6 msec : 0
48.7 msec : 0
48.8 msec : 0
48.9 msec : 1
49.0 msec : 0
49.1 msec : 0
49.2 msec : 0
49.3 msec : 0
49.4 msec : 0
49.5 msec : 0
49.6 msec : 1
49.7 msec : 1
49.8 msec : 0
49.9 msec : 0
50.0 msec : 0
50.1 msec : 0
50.2 msec : 0
50.3 msec : 0
50.4 msec : 0
50.5 msec : 0
50.6 msec : 0
50.7 msec : 0
50.8 msec : 0
50.9 msec : 0
51.0 msec : 0
51.1 msec : 0
51.2 msec : 0
51.3 msec : 0
51.4 msec : 0
51.5 msec : 0
51.6 msec : 0
51.7 msec : 0
51.8 msec : 0
51.9 msec : 0
52.0 msec : 0
52.1 msec : 0
52.2 msec : 0
52.3 msec : 0
52.4 msec : 0
52.5 msec : 0
52.6 msec : 0
52.7 msec : 0
52.8 msec : 0
52.9 msec : 0
53.0 msec : 0
53.1 msec : 0
53.2 msec : 0
53.3 msec : 0
53.4 msec : 0
53.5 msec : 0
53.6 msec : 0
53.7 msec : 0
53.8 msec : 0
53.9 msec : 0
54.0 msec : 0
54.1 msec : 0
54.2 msec : 0
54.3 msec : 0
54.4 msec : 0
54.5 msec : 0
54.6 msec : 0
54.7 msec : 0
54.8 msec : 0
54.9 msec : 0
55.0 msec : 0
55.1 msec : 0
55.2 msec : 0
55.3 msec : 0
55.4 msec : 0
55.5 msec : 0
55.6 msec : 0
55.7 msec : 0
55.8 msec : 0
55.9 msec : 0
56.0 msec : 0
56.1 msec : 0
56.2 msec : 0
56.3 msec : 0
56.4 msec : 0
56.5 msec : 0
56.6 msec : 0
56.7 msec : 0
56.8 msec : 0
56.9 msec : 0
57.0 msec : 0
57.1 msec : 0
57.2 msec : 0
57.3 msec : 0
57.4 msec : 0
57.5 msec : 0
57.6 msec : 0
57.7 msec : 0
57.8 msec : 0
57.9 msec : 0
58.0 msec : 0
58.1 msec : 0
58.2 msec : 0
58.3 msec : 0
58.4 msec : 0
58.5 msec : 0
58.6 msec : 0
58.7 msec : 0
58.8 msec : 0
58.9 msec : 0
59.0 msec : 0
59.1 msec : 0
59.2 msec : 0
59.3 msec : 0
59.4 msec : 0
59.5 msec : 0
59.6 msec : 0
59.7 msec : 0
59.8 msec : 0
59.9 msec : 0
60.0 msec : 0
60.1 msec : 0
60.2 msec : 0
60.3 msec : 0
60.4 msec : 0
60.5 msec : 0
60.6 msec : 0
60.7 msec : 0
60.8 msec : 0
60.9 msec : 0
61.0 msec : 0
61.1 msec : 0
61.2 msec : 0
61.3 msec : 0
61.4 msec : 0
61.5 msec : 0
61.6 msec : 0
61.7 msec : 0
61.8 msec : 0
61.9 msec : 0
62.0 msec : 0
62.1 msec : 0
62.2 msec : 0
62.3 msec : 0
62.4 msec : 0
62.5 msec : 0
62.6 msec : 0
62.7 msec : 0
62.8 msec : 0
62.9 msec : 0
63.0 msec : 0
63.1 msec : 0
63.2 msec : 0
63.3 msec : 0
63.4 msec : 0
63.5 msec : 0
63.6 msec : 0
63.7 msec : 0
63.8 msec : 0
63.9 msec : 0
64.0 msec : 0
64.1 msec : 0
64.2 msec : 0
64.3 msec : 0
64.4 msec : 0
64.5 msec : 0
64.6 msec : 0
64.7 msec : 0
64.8 msec : 0
64.9 msec : 0
65.0 msec : 0
65.1 msec : 0
65.2 msec : 0
65.3 msec : 0
65.4 msec : 0
65.5 msec : 0
65.6 msec : 0
65.7 msec : 0
65.8 msec : 0
65.9 msec : 0
66.0 msec : 0
66.1 msec : 0
66.2 msec : 0
66.3 msec : 0
66.4 msec : 0
66.5 msec : 0
66.6 msec : 0
66.7 msec : 0
66.8 msec : 0
66.9 msec : 0
67.0 msec : 0
67.1 msec : 0
67.2 msec : 0
67.3 msec : 0
67.4 msec : 0
67.5 msec : 0
67.6 msec : 0
67.7 msec : 0
67.8 msec : 0
67.9 msec : 0
68.0 msec : 0
68.1 msec : 0
68.2 msec : 0
68.3 msec : 0
68.4 msec : 0
68.5 msec : 0
68.6 msec : 0
68.7 msec : 0
68.8 msec : 0
68.9 msec : 0
69.0 msec : 0
69.1 msec : 0
69.2 msec : 0
69.3 msec : 0
69.4 msec : 0
69.5 msec : 0
69.6 msec : 0
69.7 msec : 1
69.8 msec : 0
69.9 msec : 1
70.0 msec : 1
70.1 msec : 0
70.2 msec : 0
70.3 msec : 0
70.4 msec : 0
70.5 msec : 0
70.6 msec : 0
70.7 msec : 0
70.8 msec : 0
70.9 msec : 0
71.0 msec : 0
71.1 msec : 0
71.2 msec : 0
71.3 msec : 0
71.4 msec : 0
71.5 msec : 0
71.6 msec : 0
71.7 msec : 0
71.8 msec : 0
71.9 msec : 0
72.0 msec : 0
72.1 msec : 0
72.2 msec : 0
72.3 msec : 0
72.4 msec : 0
72.5 msec : 0
72.6 msec : 0
72.7 msec : 0
72.8 msec : 0
72.9 msec : 0
73.0 msec : 0
73.1 msec : 0
73.2 msec : 0
73.3 msec : 0
73.4 msec : 0
73.5 msec : 0
73.6 msec : 0
73.7 msec : 0
73.8 msec : 0
73.9 msec : 0
74.0 msec : 0
74.1 msec : 0
74.2 msec : 0
74.3 msec : 0
74.4 msec : 0
74.5 msec : 0
74.6 msec : 0
74.7 msec : 0
74.8 msec : 0
74.9 msec : 0
75.0 msec : 0
75.1 msec : 0
75.2 msec : 0
75.3 msec : 0
75.4 msec : 0
75.5 msec : 0
75.6 msec : 0
75.7 msec : 0
75.8 msec : 0
75.9 msec : 0
76.0 msec : 0
76.1 msec : 0
76.2 msec : 0
76.3 msec : 0
76.4 msec : 0
76.5 msec : 0
76.6 msec : 0
76.7 msec : 0
76.8 msec : 0
76.9 msec : 0
77.0 msec : 0
77.1 msec : 0
77.2 msec : 0
77.3 msec : 0
77.4 msec : 0
77.5 msec : 0
77.6 msec : 0
77.7 msec : 0
77.8 msec : 0
77.9 msec : 0
78.0 msec : 0
78.1 msec : 0
78.2 msec : 0
78.3 msec : 0
78.4 msec : 0
78.5 msec : 0
78.6 msec : 0
78.7 msec : 0
78.8 msec : 0
78.9 msec : 0
79.0 msec : 0
79.1 msec : 0
79.2 msec : 0
79.3 msec : 0
79.4 msec : 0
79.5 msec : 0
79.6 msec : 0
79.7 msec : 0
79.8 msec : 0
79.9 msec : 0
80.0 msec : 0
80.1 msec : 0
80.2 msec : 0
80.3 msec : 0
80.4 msec : 0
80.5 msec : 0
80.6 msec : 0
80.7 msec : 0
80.8 msec : 0
80.9 msec : 0
81.0 msec : 0
81.1 msec : 0
81.2 msec : 0
81.3 msec : 0
81.4 msec : 0
81.5 msec : 0
81.6 msec : 0
81.7 msec : 0
81.8 msec : 0
81.9 msec : 0
82.0 msec : 0
82.1 msec : 0
82.2 msec : 0
82.3 msec : 0
82.4 msec : 0
82.5 msec : 0
82.6 msec : 0
82.7 msec : 0
82.8 msec : 0
82.9 msec : 0
83.0 msec : 0
83.1 msec : 0
83.2 msec : 0
83.3 msec : 0
83.4 msec : 0
83.5 msec : 0
83.6 msec : 0
83.7 msec : 0
83.8 msec : 0
83.9 msec : 0
84.0 msec : 0
84.1 msec : 0
84.2 msec : 0
84.3 msec : 0
84.4 msec : 0
84.5 msec : 0
84.6 msec : 0
84.7 msec : 0
84.8 msec : 0
84.9 msec : 0
85.0 msec : 0
85.1 msec : 0
85.2 msec : 0
85.3 msec : 0
85.4 msec : 0
85.5 msec : 0
85.6 msec : 0
85.7 msec : 0
85.8 msec : 0
85.9 msec : 0
86.0 msec : 0
86.1 msec : 0
86.2 msec : 0
86.3 msec : 0
86.4 msec : 0
86.5 msec : 0
86.6 msec : 0
86.7 msec : 2
86.8 msec : 1
86.9 msec : 4
87.0 msec : 0
87.1 msec : 0
87.2 msec : 1
87.3 msec : 1
87.4 msec : 0
87.5 msec : 1
87.6 msec : 0
87.7 msec : 0
87.8 msec : 0
87.9 msec : 0
88.0 msec : 0
88.1 msec : 0
88.2 msec : 0
88.3 msec : 0
88.4 msec : 0
88.5 msec : 0
88.6 msec : 0
88.7 msec : 0
88.8 msec : 0
88.9 msec : 0
89.0 msec : 0
89.1 msec : 0
89.2 msec : 0
89.3 msec : 0
89.4 msec : 0
89.5 msec : 0
89.6 msec : 0
89.7 msec : 0
89.8 msec : 0
89.9 msec : 0
90.0 msec : 0
90.1 msec : 0
90.2 msec : 0
90.3 msec : 0
90.4 msec : 0
90.5 msec : 0
90.6 msec : 0
90.7 msec : 0
90.8 msec : 0
90.9 msec : 0
91.0 msec : 0
91.1 msec : 0
91.2 msec : 0
91.3 msec : 0
91.4 msec : 0
91.5 msec : 0
91.6 msec : 0
91.7 msec : 0
91.8 msec : 0
91.9 msec : 0
92.0 msec : 0
92.1 msec : 0
92.2 msec : 0
92.3 msec : 0
92.4 msec : 0
92.5 msec : 0
92.6 msec : 0
92.7 msec : 0
92.8 msec : 0
92.9 msec : 0
93.0 msec : 0
93.1 msec : 0
93.2 msec : 0
93.3 msec : 0
93.4 msec : 0
93.5 msec : 0
93.6 msec : 0
93.7 msec : 0
93.8 msec : 0
93.9 msec : 0
94.0 msec : 0
94.1 msec : 0
94.2 msec : 0
94.3 msec : 0
94.4 msec : 0
94.5 msec : 0
94.6 msec : 0
94.7 msec : 0
94.8 msec : 0
94.9 msec : 0
95.0 msec : 0
95.1 msec : 0
95.2 msec : 0
95.3 msec : 0
95.4 msec : 0
95.5 msec : 0
95.6 msec : 0
95.7 msec : 0
95.8 msec : 0
95.9 msec : 0
96.0 msec : 0
96.1 msec : 0
96.2 msec : 0
96.3 msec : 0
96.4 msec : 0
96.5 msec : 0
96.6 msec : 0
96.7 msec : 0
96.8 msec : 0
96.9 msec : 0
97.0 msec : 0
97.1 msec : 0
97.2 msec : 0
97.3 msec : 0
97.4 msec : 0
97.5 msec : 0
97.6 msec : 0
97.7 msec : 0
97.8 msec : 0
97.9 msec : 0
98.0 msec : 0
98.1 msec : 0
98.2 msec : 0
98.3 msec : 0
98.4 msec : 0
98.5 msec : 0
98.6 msec : 0
98.7 msec : 0
98.8 msec : 0
98.9 msec : 0
99.0 msec : 0
99.1 msec : 0
99.2 msec : 0
99.3 msec : 0
99.4 msec : 0
99.5 msec : 0
99.6 msec : 0
99.7 msec : 0
99.8 msec : 0
99.9 msec : 0
