Middleware started...
Middleware shuts down...
Smaller resolution statistics are in a log file...
Final aggregates per worker:


Worker 24
Average throughput (ops/sec) = 77
Average response time (msec) = 0.9371602950819673
Average queue length = 0
Average wait time in queue (msec) = 0.1376979180327869
Average service time (msec) = 0.7266929672131147
Number of SET = 0
Number of GET = 77
Number of MULTI GET = 0


Worker 7
Average throughput (ops/sec) = 77
Average response time (msec) = 0.947231
Average queue length = 0
Average wait time in queue (msec) = 0.12181647540983608
Average service time (msec) = 0.7540120163934426
Number of SET = 0
Number of GET = 77
Number of MULTI GET = 0


Worker 25
Average throughput (ops/sec) = 78
Average response time (msec) = 0.942267918032787
Average queue length = 0
Average wait time in queue (msec) = 0.13383145901639343
Average service time (msec) = 0.7317969344262296
Number of SET = 0
Number of GET = 78
Number of MULTI GET = 0


Worker 6
Average throughput (ops/sec) = 78
Average response time (msec) = 0.946508786885246
Average queue length = 0
Average wait time in queue (msec) = 0.13517137704918034
Average service time (msec) = 0.739729393442623
Number of SET = 0
Number of GET = 77
Number of MULTI GET = 0


Worker 26
Average throughput (ops/sec) = 77
Average response time (msec) = 0.9440296885245901
Average queue length = 0
Average wait time in queue (msec) = 0.12729503278688525
Average service time (msec) = 0.7450664918032787
Number of SET = 0
Number of GET = 77
Number of MULTI GET = 0


Worker 9
Average throughput (ops/sec) = 77
Average response time (msec) = 1.1297237540983607
Average queue length = 0
Average wait time in queue (msec) = 0.1272944262295082
Average service time (msec) = 0.7281492295081967
Number of SET = 0
Number of GET = 77
Number of MULTI GET = 0


Worker 27
Average throughput (ops/sec) = 77
Average response time (msec) = 0.9614471639344263
Average queue length = 0
Average wait time in queue (msec) = 0.15458795081967214
Average service time (msec) = 0.7276476393442624
Number of SET = 0
Number of GET = 77
Number of MULTI GET = 0


Worker 8
Average throughput (ops/sec) = 77
Average response time (msec) = 1.0797975081967213
Average queue length = 0
Average wait time in queue (msec) = 0.12405054098360656
Average service time (msec) = 0.7411258032786886
Number of SET = 0
Number of GET = 77
Number of MULTI GET = 0


Worker 20
Average throughput (ops/sec) = 76
Average response time (msec) = 0.9432507213114754
Average queue length = 0
Average wait time in queue (msec) = 0.13577959016393443
Average service time (msec) = 0.7355946065573771
Number of SET = 0
Number of GET = 77
Number of MULTI GET = 0


Worker 3
Average throughput (ops/sec) = 76
Average response time (msec) = 1.0741309344262295
Average queue length = 0
Average wait time in queue (msec) = 0.13234796721311476
Average service time (msec) = 0.8529821475409837
Number of SET = 0
Number of GET = 76
Number of MULTI GET = 0


Worker 21
Average throughput (ops/sec) = 77
Average response time (msec) = 0.9415907868852459
Average queue length = 0
Average wait time in queue (msec) = 0.13070696721311476
Average service time (msec) = 0.736187606557377
Number of SET = 0
Number of GET = 77
Number of MULTI GET = 0


Worker 2
Average throughput (ops/sec) = 77
Average response time (msec) = 1.1570997049180327
Average queue length = 0
Average wait time in queue (msec) = 0.1304409344262295
Average service time (msec) = 0.7523498360655737
Number of SET = 0
Number of GET = 77
Number of MULTI GET = 0


Worker 22
Average throughput (ops/sec) = 76
Average response time (msec) = 0.933913786885246
Average queue length = 0
Average wait time in queue (msec) = 0.13466426229508197
Average service time (msec) = 0.7269729836065574
Number of SET = 0
Number of GET = 76
Number of MULTI GET = 0


Worker 5
Average throughput (ops/sec) = 77
Average response time (msec) = 1.099540262295082
Average queue length = 0
Average wait time in queue (msec) = 0.12577590163934427
Average service time (msec) = 0.7593024098360656
Number of SET = 0
Number of GET = 77
Number of MULTI GET = 0


Worker 23
Average throughput (ops/sec) = 76
Average response time (msec) = 0.9504799016393443
Average queue length = 0
Average wait time in queue (msec) = 0.13132060655737707
Average service time (msec) = 0.7447344098360656
Number of SET = 0
Number of GET = 76
Number of MULTI GET = 0


Worker 4
Average throughput (ops/sec) = 77
Average response time (msec) = 1.0348027213114754
Average queue length = 0
Average wait time in queue (msec) = 0.12845886885245902
Average service time (msec) = 0.7328275901639344
Number of SET = 0
Number of GET = 77
Number of MULTI GET = 0


Worker 28
Average throughput (ops/sec) = 76
Average response time (msec) = 0.9670537213114754
Average queue length = 0
Average wait time in queue (msec) = 0.1402641475409836
Average service time (msec) = 0.7549150491803279
Number of SET = 0
Number of GET = 76
Number of MULTI GET = 0


Worker 29
Average throughput (ops/sec) = 77
Average response time (msec) = 0.959177606557377
Average queue length = 0
Average wait time in queue (msec) = 0.14115581967213114
Average service time (msec) = 0.7441143442622951
Number of SET = 0
Number of GET = 77
Number of MULTI GET = 0


Worker 1
Average throughput (ops/sec) = 78
Average response time (msec) = 0.9098265901639344
Average queue length = 0
Average wait time in queue (msec) = 0.12305124590163934
Average service time (msec) = 0.7177051639344263
Number of SET = 0
Number of GET = 78
Number of MULTI GET = 0


Worker 30
Average throughput (ops/sec) = 77
Average response time (msec) = 0.9798194426229507
Average queue length = 0
Average wait time in queue (msec) = 0.126807
Average service time (msec) = 0.7783710983606558
Number of SET = 0
Number of GET = 77
Number of MULTI GET = 0


Worker 13
Average throughput (ops/sec) = 78
Average response time (msec) = 1.0837723278688525
Average queue length = 0
Average wait time in queue (msec) = 0.13165242622950818
Average service time (msec) = 0.7535562131147541
Number of SET = 0
Number of GET = 78
Number of MULTI GET = 0


Worker 14
Average throughput (ops/sec) = 77
Average response time (msec) = 0.9531378524590164
Average queue length = 0
Average wait time in queue (msec) = 0.13084259016393443
Average service time (msec) = 0.7468920655737704
Number of SET = 0
Number of GET = 77
Number of MULTI GET = 0


Worker 15
Average throughput (ops/sec) = 77
Average response time (msec) = 0.9485937540983607
Average queue length = 0
Average wait time in queue (msec) = 0.1351490819672131
Average service time (msec) = 0.738515524590164
Number of SET = 0
Number of GET = 77
Number of MULTI GET = 0


Worker 16
Average throughput (ops/sec) = 78
Average response time (msec) = 0.9607777049180327
Average queue length = 0
Average wait time in queue (msec) = 0.13697718032786885
Average service time (msec) = 0.7489821803278689
Number of SET = 0
Number of GET = 78
Number of MULTI GET = 0


Worker 31
Average throughput (ops/sec) = 77
Average response time (msec) = 0.9625983278688525
Average queue length = 0
Average wait time in queue (msec) = 0.13965042622950818
Average service time (msec) = 0.7488297049180327
Number of SET = 0
Number of GET = 77
Number of MULTI GET = 0


Worker 32
Average throughput (ops/sec) = 77
Average response time (msec) = 0.9851141803278689
Average queue length = 0
Average wait time in queue (msec) = 0.13322740983606557
Average service time (msec) = 0.7788552786885247
Number of SET = 0
Number of GET = 77
Number of MULTI GET = 0


Worker 10
Average throughput (ops/sec) = 79
Average response time (msec) = 1.010608786885246
Average queue length = 0
Average wait time in queue (msec) = 0.13473790163934427
Average service time (msec) = 0.741658344262295
Number of SET = 0
Number of GET = 79
Number of MULTI GET = 0


Worker 11
Average throughput (ops/sec) = 76
Average response time (msec) = 0.9304062459016393
Average queue length = 0
Average wait time in queue (msec) = 0.12882260655737704
Average service time (msec) = 0.7290088032786886
Number of SET = 0
Number of GET = 76
Number of MULTI GET = 0


Worker 12
Average throughput (ops/sec) = 77
Average response time (msec) = 0.9615497213114754
Average queue length = 0
Average wait time in queue (msec) = 0.12820439344262297
Average service time (msec) = 0.7580303606557377
Number of SET = 0
Number of GET = 77
Number of MULTI GET = 0


Worker 17
Average throughput (ops/sec) = 77
Average response time (msec) = 0.9437173114754099
Average queue length = 0
Average wait time in queue (msec) = 0.13273183606557376
Average service time (msec) = 0.7394807049180327
Number of SET = 0
Number of GET = 77
Number of MULTI GET = 0


Worker 18
Average throughput (ops/sec) = 77
Average response time (msec) = 1.0640739016393441
Average queue length = 0
Average wait time in queue (msec) = 0.13234381967213116
Average service time (msec) = 0.75992031147541
Number of SET = 0
Number of GET = 77
Number of MULTI GET = 0


Worker 19
Average throughput (ops/sec) = 78
Average response time (msec) = 1.0445177540983606
Average queue length = 0
Average wait time in queue (msec) = 0.12566690163934427
Average service time (msec) = 0.7476760327868853
Number of SET = 0
Number of GET = 78
Number of MULTI GET = 0


FINAL STATS
Average throughput (ops/sec) = 2466
Average response time (msec) = 0.933774748343232
Average queue length = 0
Average wait time in queue (msec) = 0.13226640829918032
Average service time (msec) = 0.7475526014344263
Number of SET = 0
Number of GET = 2466
Number of MULTI GET = 0
Number of Cache misses = 0
Arrival rate (lambda) = [0, 0, 0, 0, 0, 103, 2009, 2362, 2165, 2473, 2408, 2396, 2436, 2384, 2494, 2426, 2394, 2608, 2433, 2359, 2459, 2771, 2603, 2669, 2664, 2577, 2384, 2401, 2553, 2765, 2764, 2786, 2651, 2407, 2148, 2378, 2582, 2532, 2757, 2761, 2293, 2573, 2572, 2570, 2517, 3025, 2532, 2574, 2388, 2228, 2263, 2763, 2737, 2717, 2575, 2316, 2531, 2435, 2523, 2625, 2770, 2670, 2697, 2489, 2507, 2246, 5, 0]


Histogram response times (0.1 msec step)
0.0 msec : 1443
0.1 msec : 10783
0.2 msec : 21863
0.3 msec : 28509
0.4 msec : 26516
0.5 msec : 20359
0.6 msec : 12993
0.7 msec : 7329
0.8 msec : 4351
0.9 msec : 2664
1.0 msec : 1954
1.1 msec : 1457
1.2 msec : 1212
1.3 msec : 954
1.4 msec : 787
1.5 msec : 633
1.6 msec : 571
1.7 msec : 496
1.8 msec : 385
1.9 msec : 366
2.0 msec : 264
2.1 msec : 228
2.2 msec : 243
2.3 msec : 235
2.4 msec : 247
2.5 msec : 181
2.6 msec : 137
2.7 msec : 142
2.8 msec : 196
2.9 msec : 176
3.0 msec : 164
3.1 msec : 136
3.2 msec : 119
3.3 msec : 95
3.4 msec : 116
3.5 msec : 120
3.6 msec : 108
3.7 msec : 109
3.8 msec : 82
3.9 msec : 107
4.0 msec : 117
4.1 msec : 145
4.2 msec : 162
4.3 msec : 158
4.4 msec : 161
4.5 msec : 140
4.6 msec : 68
4.7 msec : 99
4.8 msec : 70
4.9 msec : 45
5.0 msec : 53
5.1 msec : 41
5.2 msec : 39
5.3 msec : 38
5.4 msec : 44
5.5 msec : 46
5.6 msec : 53
5.7 msec : 79
5.8 msec : 56
5.9 msec : 59
6.0 msec : 65
6.1 msec : 43
6.2 msec : 35
6.3 msec : 44
6.4 msec : 37
6.5 msec : 29
6.6 msec : 24
6.7 msec : 16
6.8 msec : 10
6.9 msec : 21
7.0 msec : 14
7.1 msec : 14
7.2 msec : 16
7.3 msec : 6
7.4 msec : 18
7.5 msec : 7
7.6 msec : 11
7.7 msec : 18
7.8 msec : 12
7.9 msec : 4
8.0 msec : 18
8.1 msec : 16
8.2 msec : 11
8.3 msec : 9
8.4 msec : 6
8.5 msec : 9
8.6 msec : 9
8.7 msec : 11
8.8 msec : 14
8.9 msec : 9
9.0 msec : 23
9.1 msec : 5
9.2 msec : 1
9.3 msec : 6
9.4 msec : 14
9.5 msec : 9
9.6 msec : 11
9.7 msec : 10
9.8 msec : 11
9.9 msec : 0
10.0 msec : 1
10.1 msec : 2
10.2 msec : 11
10.3 msec : 7
10.4 msec : 0
10.5 msec : 0
10.6 msec : 0
10.7 msec : 0
10.8 msec : 0
10.9 msec : 0
11.0 msec : 0
11.1 msec : 0
11.2 msec : 0
11.3 msec : 3
11.4 msec : 0
11.5 msec : 0
11.6 msec : 0
11.7 msec : 0
11.8 msec : 1
11.9 msec : 0
12.0 msec : 1
12.1 msec : 0
12.2 msec : 0
12.3 msec : 0
12.4 msec : 0
12.5 msec : 0
12.6 msec : 0
12.7 msec : 0
12.8 msec : 1
12.9 msec : 0
13.0 msec : 0
13.1 msec : 0
13.2 msec : 0
13.3 msec : 0
13.4 msec : 0
13.5 msec : 0
13.6 msec : 1
13.7 msec : 2
13.8 msec : 0
13.9 msec : 0
14.0 msec : 2
14.1 msec : 0
14.2 msec : 0
14.3 msec : 0
14.4 msec : 0
14.5 msec : 0
14.6 msec : 0
14.7 msec : 0
14.8 msec : 0
14.9 msec : 0
15.0 msec : 0
15.1 msec : 0
15.2 msec : 0
15.3 msec : 0
15.4 msec : 0
15.5 msec : 0
15.6 msec : 0
15.7 msec : 0
15.8 msec : 1
15.9 msec : 0
16.0 msec : 0
16.1 msec : 0
16.2 msec : 0
16.3 msec : 0
16.4 msec : 0
16.5 msec : 0
16.6 msec : 0
16.7 msec : 0
16.8 msec : 0
16.9 msec : 0
17.0 msec : 0
17.1 msec : 0
17.2 msec : 0
17.3 msec : 0
17.4 msec : 0
17.5 msec : 0
17.6 msec : 0
17.7 msec : 0
17.8 msec : 0
17.9 msec : 0
18.0 msec : 0
18.1 msec : 0
18.2 msec : 0
18.3 msec : 0
18.4 msec : 0
18.5 msec : 0
18.6 msec : 0
18.7 msec : 0
18.8 msec : 0
18.9 msec : 0
19.0 msec : 0
19.1 msec : 0
19.2 msec : 0
19.3 msec : 0
19.4 msec : 0
19.5 msec : 0
19.6 msec : 0
19.7 msec : 0
19.8 msec : 0
19.9 msec : 0
20.0 msec : 0
20.1 msec : 0
20.2 msec : 0
20.3 msec : 0
20.4 msec : 0
20.5 msec : 0
20.6 msec : 0
20.7 msec : 0
20.8 msec : 0
20.9 msec : 0
21.0 msec : 0
21.1 msec : 0
21.2 msec : 1
21.3 msec : 0
21.4 msec : 0
21.5 msec : 0
21.6 msec : 0
21.7 msec : 0
21.8 msec : 0
21.9 msec : 0
22.0 msec : 0
22.1 msec : 1
22.2 msec : 0
22.3 msec : 0
22.4 msec : 0
22.5 msec : 0
22.6 msec : 0
22.7 msec : 0
22.8 msec : 0
22.9 msec : 0
23.0 msec : 0
23.1 msec : 1
23.2 msec : 1
23.3 msec : 1
23.4 msec : 2
23.5 msec : 0
23.6 msec : 0
23.7 msec : 0
23.8 msec : 1
23.9 msec : 2
24.0 msec : 1
24.1 msec : 0
24.2 msec : 0
24.3 msec : 0
24.4 msec : 0
24.5 msec : 0
24.6 msec : 0
24.7 msec : 0
24.8 msec : 0
24.9 msec : 0
25.0 msec : 0
25.1 msec : 0
25.2 msec : 0
25.3 msec : 0
25.4 msec : 0
25.5 msec : 0
25.6 msec : 0
25.7 msec : 0
25.8 msec : 0
25.9 msec : 0
26.0 msec : 0
26.1 msec : 0
26.2 msec : 0
26.3 msec : 0
26.4 msec : 0
26.5 msec : 0
26.6 msec : 0
26.7 msec : 0
26.8 msec : 0
26.9 msec : 0
27.0 msec : 0
27.1 msec : 0
27.2 msec : 0
27.3 msec : 0
27.4 msec : 0
27.5 msec : 0
27.6 msec : 0
27.7 msec : 0
27.8 msec : 0
27.9 msec : 0
28.0 msec : 0
28.1 msec : 0
28.2 msec : 0
28.3 msec : 0
28.4 msec : 0
28.5 msec : 0
28.6 msec : 0
28.7 msec : 0
28.8 msec : 0
28.9 msec : 0
29.0 msec : 0
29.1 msec : 0
29.2 msec : 2
29.3 msec : 0
29.4 msec : 0
29.5 msec : 0
29.6 msec : 0
29.7 msec : 0
29.8 msec : 0
29.9 msec : 0
30.0 msec : 0
30.1 msec : 0
30.2 msec : 0
30.3 msec : 0
30.4 msec : 0
30.5 msec : 0
30.6 msec : 0
30.7 msec : 0
30.8 msec : 0
30.9 msec : 0
31.0 msec : 0
31.1 msec : 0
31.2 msec : 0
31.3 msec : 0
31.4 msec : 0
31.5 msec : 0
31.6 msec : 0
31.7 msec : 0
31.8 msec : 0
31.9 msec : 0
32.0 msec : 0
32.1 msec : 0
32.2 msec : 0
32.3 msec : 0
32.4 msec : 0
32.5 msec : 0
32.6 msec : 0
32.7 msec : 0
32.8 msec : 0
32.9 msec : 0
33.0 msec : 0
33.1 msec : 0
33.2 msec : 0
33.3 msec : 0
33.4 msec : 0
33.5 msec : 0
33.6 msec : 0
33.7 msec : 0
33.8 msec : 0
33.9 msec : 0
34.0 msec : 0
34.1 msec : 0
34.2 msec : 0
34.3 msec : 0
34.4 msec : 0
34.5 msec : 0
34.6 msec : 0
34.7 msec : 0
34.8 msec : 0
34.9 msec : 0
35.0 msec : 0
35.1 msec : 0
35.2 msec : 0
35.3 msec : 0
35.4 msec : 0
35.5 msec : 0
35.6 msec : 0
35.7 msec : 0
35.8 msec : 0
35.9 msec : 0
36.0 msec : 0
36.1 msec : 0
36.2 msec : 0
36.3 msec : 0
36.4 msec : 0
36.5 msec : 0
36.6 msec : 0
36.7 msec : 0
36.8 msec : 0
36.9 msec : 0
37.0 msec : 0
37.1 msec : 0
37.2 msec : 0
37.3 msec : 0
37.4 msec : 0
37.5 msec : 0
37.6 msec : 0
37.7 msec : 0
37.8 msec : 0
37.9 msec : 0
38.0 msec : 0
38.1 msec : 0
38.2 msec : 0
38.3 msec : 0
38.4 msec : 0
38.5 msec : 0
38.6 msec : 0
38.7 msec : 0
38.8 msec : 0
38.9 msec : 0
39.0 msec : 0
39.1 msec : 0
39.2 msec : 0
39.3 msec : 0
39.4 msec : 0
39.5 msec : 0
39.6 msec : 0
39.7 msec : 0
39.8 msec : 0
39.9 msec : 0
40.0 msec : 0
40.1 msec : 0
40.2 msec : 0
40.3 msec : 0
40.4 msec : 0
40.5 msec : 0
40.6 msec : 0
40.7 msec : 0
40.8 msec : 0
40.9 msec : 0
41.0 msec : 0
41.1 msec : 0
41.2 msec : 0
41.3 msec : 0
41.4 msec : 0
41.5 msec : 0
41.6 msec : 0
41.7 msec : 0
41.8 msec : 0
41.9 msec : 0
42.0 msec : 0
42.1 msec : 0
42.2 msec : 0
42.3 msec : 0
42.4 msec : 0
42.5 msec : 0
42.6 msec : 0
42.7 msec : 0
42.8 msec : 0
42.9 msec : 0
43.0 msec : 0
43.1 msec : 0
43.2 msec : 0
43.3 msec : 0
43.4 msec : 0
43.5 msec : 0
43.6 msec : 0
43.7 msec : 0
43.8 msec : 0
43.9 msec : 0
44.0 msec : 0
44.1 msec : 0
44.2 msec : 0
44.3 msec : 0
44.4 msec : 0
44.5 msec : 0
44.6 msec : 0
44.7 msec : 0
44.8 msec : 0
44.9 msec : 0
45.0 msec : 0
45.1 msec : 0
45.2 msec : 0
45.3 msec : 0
45.4 msec : 0
45.5 msec : 0
45.6 msec : 0
45.7 msec : 0
45.8 msec : 0
45.9 msec : 0
46.0 msec : 0
46.1 msec : 0
46.2 msec : 0
46.3 msec : 0
46.4 msec : 0
46.5 msec : 0
46.6 msec : 0
46.7 msec : 0
46.8 msec : 0
46.9 msec : 0
47.0 msec : 0
47.1 msec : 0
47.2 msec : 0
47.3 msec : 0
47.4 msec : 0
47.5 msec : 0
47.6 msec : 0
47.7 msec : 0
47.8 msec : 0
47.9 msec : 0
48.0 msec : 0
48.1 msec : 0
48.2 msec : 0
48.3 msec : 0
48.4 msec : 0
48.5 msec : 0
48.6 msec : 0
48.7 msec : 0
48.8 msec : 0
48.9 msec : 0
49.0 msec : 0
49.1 msec : 0
49.2 msec : 0
49.3 msec : 0
49.4 msec : 0
49.5 msec : 0
49.6 msec : 0
49.7 msec : 0
49.8 msec : 0
49.9 msec : 0
50.0 msec : 0
50.1 msec : 0
50.2 msec : 0
50.3 msec : 0
50.4 msec : 0
50.5 msec : 0
50.6 msec : 0
50.7 msec : 0
50.8 msec : 0
50.9 msec : 0
51.0 msec : 0
51.1 msec : 0
51.2 msec : 0
51.3 msec : 0
51.4 msec : 0
51.5 msec : 0
51.6 msec : 0
51.7 msec : 0
51.8 msec : 0
51.9 msec : 0
52.0 msec : 0
52.1 msec : 0
52.2 msec : 0
52.3 msec : 0
52.4 msec : 0
52.5 msec : 0
52.6 msec : 0
52.7 msec : 0
52.8 msec : 0
52.9 msec : 0
53.0 msec : 0
53.1 msec : 0
53.2 msec : 0
53.3 msec : 0
53.4 msec : 0
53.5 msec : 0
53.6 msec : 0
53.7 msec : 0
53.8 msec : 0
53.9 msec : 0
54.0 msec : 0
54.1 msec : 0
54.2 msec : 0
54.3 msec : 0
54.4 msec : 0
54.5 msec : 0
54.6 msec : 0
54.7 msec : 0
54.8 msec : 0
54.9 msec : 0
55.0 msec : 0
55.1 msec : 0
55.2 msec : 0
55.3 msec : 0
55.4 msec : 0
55.5 msec : 0
55.6 msec : 0
55.7 msec : 0
55.8 msec : 0
55.9 msec : 0
56.0 msec : 0
56.1 msec : 0
56.2 msec : 0
56.3 msec : 0
56.4 msec : 0
56.5 msec : 0
56.6 msec : 0
56.7 msec : 0
56.8 msec : 0
56.9 msec : 0
57.0 msec : 0
57.1 msec : 0
57.2 msec : 0
57.3 msec : 0
57.4 msec : 0
57.5 msec : 0
57.6 msec : 0
57.7 msec : 0
57.8 msec : 0
57.9 msec : 0
58.0 msec : 0
58.1 msec : 0
58.2 msec : 0
58.3 msec : 0
58.4 msec : 0
58.5 msec : 0
58.6 msec : 0
58.7 msec : 0
58.8 msec : 0
58.9 msec : 0
59.0 msec : 0
59.1 msec : 0
59.2 msec : 0
59.3 msec : 0
59.4 msec : 0
59.5 msec : 0
59.6 msec : 0
59.7 msec : 0
59.8 msec : 0
59.9 msec : 0
60.0 msec : 0
60.1 msec : 0
60.2 msec : 0
60.3 msec : 0
60.4 msec : 0
60.5 msec : 0
60.6 msec : 0
60.7 msec : 0
60.8 msec : 0
60.9 msec : 0
61.0 msec : 0
61.1 msec : 0
61.2 msec : 0
61.3 msec : 0
61.4 msec : 0
61.5 msec : 0
61.6 msec : 0
61.7 msec : 0
61.8 msec : 0
61.9 msec : 0
62.0 msec : 0
62.1 msec : 0
62.2 msec : 0
62.3 msec : 0
62.4 msec : 0
62.5 msec : 0
62.6 msec : 0
62.7 msec : 0
62.8 msec : 0
62.9 msec : 0
63.0 msec : 0
63.1 msec : 0
63.2 msec : 0
63.3 msec : 0
63.4 msec : 0
63.5 msec : 0
63.6 msec : 0
63.7 msec : 0
63.8 msec : 0
63.9 msec : 0
64.0 msec : 0
64.1 msec : 0
64.2 msec : 0
64.3 msec : 0
64.4 msec : 0
64.5 msec : 0
64.6 msec : 0
64.7 msec : 0
64.8 msec : 0
64.9 msec : 0
65.0 msec : 0
65.1 msec : 0
65.2 msec : 0
65.3 msec : 0
65.4 msec : 0
65.5 msec : 0
65.6 msec : 0
65.7 msec : 1
65.8 msec : 0
65.9 msec : 1
66.0 msec : 0
