Middleware started...
Middleware shuts down...
Smaller resolution statistics are in a log file...
Final aggregates per worker:


Worker 24
Average throughput (ops/sec) = 169
Average response time (msec) = 3.1352114426229507
Average queue length = 1
Average wait time in queue (msec) = 0.458245262295082
Average service time (msec) = 2.5704976065573772
Number of SET = 0
Number of GET = 169
Number of MULTI GET = 0


Worker 7
Average throughput (ops/sec) = 170
Average response time (msec) = 3.1495103606557375
Average queue length = 1
Average wait time in queue (msec) = 0.4425059180327869
Average service time (msec) = 2.551559819672131
Number of SET = 0
Number of GET = 170
Number of MULTI GET = 0


Worker 25
Average throughput (ops/sec) = 169
Average response time (msec) = 3.158494393442623
Average queue length = 1
Average wait time in queue (msec) = 0.4615772786885246
Average service time (msec) = 2.5630696885245903
Number of SET = 0
Number of GET = 169
Number of MULTI GET = 0


Worker 6
Average throughput (ops/sec) = 167
Average response time (msec) = 3.1065412131147543
Average queue length = 1
Average wait time in queue (msec) = 0.45349073770491805
Average service time (msec) = 2.5426575737704917
Number of SET = 0
Number of GET = 167
Number of MULTI GET = 0


Worker 26
Average throughput (ops/sec) = 168
Average response time (msec) = 3.1111789672131147
Average queue length = 2
Average wait time in queue (msec) = 0.4478368032786885
Average service time (msec) = 2.549636295081967
Number of SET = 0
Number of GET = 168
Number of MULTI GET = 0


Worker 9
Average throughput (ops/sec) = 168
Average response time (msec) = 3.1099032786885243
Average queue length = 2
Average wait time in queue (msec) = 0.4448569180327869
Average service time (msec) = 2.538402508196721
Number of SET = 0
Number of GET = 168
Number of MULTI GET = 0


Worker 27
Average throughput (ops/sec) = 168
Average response time (msec) = 3.129606098360656
Average queue length = 2
Average wait time in queue (msec) = 0.4415984918032787
Average service time (msec) = 2.554415295081967
Number of SET = 0
Number of GET = 168
Number of MULTI GET = 0


Worker 8
Average throughput (ops/sec) = 171
Average response time (msec) = 3.154275836065574
Average queue length = 1
Average wait time in queue (msec) = 0.479234
Average service time (msec) = 2.5494555573770494
Number of SET = 0
Number of GET = 171
Number of MULTI GET = 0


Worker 20
Average throughput (ops/sec) = 169
Average response time (msec) = 3.172266393442623
Average queue length = 3
Average wait time in queue (msec) = 0.46325819672131147
Average service time (msec) = 2.516779819672131
Number of SET = 0
Number of GET = 169
Number of MULTI GET = 0


Worker 3
Average throughput (ops/sec) = 169
Average response time (msec) = 3.192716475409836
Average queue length = 1
Average wait time in queue (msec) = 0.47430211475409834
Average service time (msec) = 2.5326883278688523
Number of SET = 0
Number of GET = 169
Number of MULTI GET = 0


Worker 21
Average throughput (ops/sec) = 172
Average response time (msec) = 3.1385105081967213
Average queue length = 2
Average wait time in queue (msec) = 0.4521227049180328
Average service time (msec) = 2.550872655737705
Number of SET = 0
Number of GET = 172
Number of MULTI GET = 0


Worker 2
Average throughput (ops/sec) = 173
Average response time (msec) = 3.1331865409836066
Average queue length = 2
Average wait time in queue (msec) = 0.4795849836065574
Average service time (msec) = 2.509702770491803
Number of SET = 0
Number of GET = 173
Number of MULTI GET = 0


Worker 22
Average throughput (ops/sec) = 170
Average response time (msec) = 3.1385623114754098
Average queue length = 2
Average wait time in queue (msec) = 0.4550362131147541
Average service time (msec) = 2.5606018852459016
Number of SET = 0
Number of GET = 170
Number of MULTI GET = 0


Worker 5
Average throughput (ops/sec) = 172
Average response time (msec) = 3.0462683606557377
Average queue length = 2
Average wait time in queue (msec) = 0.45868868852459016
Average service time (msec) = 2.474841180327869
Number of SET = 0
Number of GET = 172
Number of MULTI GET = 0


Worker 23
Average throughput (ops/sec) = 173
Average response time (msec) = 3.085877573770492
Average queue length = 2
Average wait time in queue (msec) = 0.4566258032786885
Average service time (msec) = 2.4934601639344263
Number of SET = 0
Number of GET = 173
Number of MULTI GET = 0


Worker 4
Average throughput (ops/sec) = 169
Average response time (msec) = 3.124925262295082
Average queue length = 1
Average wait time in queue (msec) = 0.4241799672131148
Average service time (msec) = 2.594539049180328
Number of SET = 0
Number of GET = 169
Number of MULTI GET = 0


Worker 28
Average throughput (ops/sec) = 169
Average response time (msec) = 3.083434704918033
Average queue length = 2
Average wait time in queue (msec) = 0.45395162295081964
Average service time (msec) = 2.5246850327868855
Number of SET = 0
Number of GET = 169
Number of MULTI GET = 0


Worker 29
Average throughput (ops/sec) = 166
Average response time (msec) = 3.1478986065573773
Average queue length = 3
Average wait time in queue (msec) = 0.4279335737704918
Average service time (msec) = 2.5834310655737704
Number of SET = 0
Number of GET = 166
Number of MULTI GET = 0


Worker 1
Average throughput (ops/sec) = 169
Average response time (msec) = 3.178391475409836
Average queue length = 1
Average wait time in queue (msec) = 0.4666603114754098
Average service time (msec) = 2.575125393442623
Number of SET = 0
Number of GET = 169
Number of MULTI GET = 0


Worker 30
Average throughput (ops/sec) = 168
Average response time (msec) = 3.162871475409836
Average queue length = 2
Average wait time in queue (msec) = 0.47307734426229503
Average service time (msec) = 2.547695147540984
Number of SET = 0
Number of GET = 168
Number of MULTI GET = 0


Worker 13
Average throughput (ops/sec) = 173
Average response time (msec) = 3.113325475409836
Average queue length = 1
Average wait time in queue (msec) = 0.4698852295081967
Average service time (msec) = 2.5159704590163936
Number of SET = 0
Number of GET = 173
Number of MULTI GET = 0


Worker 14
Average throughput (ops/sec) = 169
Average response time (msec) = 3.133806213114754
Average queue length = 1
Average wait time in queue (msec) = 0.45890309836065574
Average service time (msec) = 2.544716475409836
Number of SET = 0
Number of GET = 169
Number of MULTI GET = 0


Worker 15
Average throughput (ops/sec) = 169
Average response time (msec) = 3.1398961147540985
Average queue length = 3
Average wait time in queue (msec) = 0.4649816393442623
Average service time (msec) = 2.5484806885245903
Number of SET = 0
Number of GET = 169
Number of MULTI GET = 0


Worker 16
Average throughput (ops/sec) = 171
Average response time (msec) = 3.117362393442623
Average queue length = 3
Average wait time in queue (msec) = 0.4654195737704918
Average service time (msec) = 2.4946859836065576
Number of SET = 0
Number of GET = 171
Number of MULTI GET = 0


Worker 31
Average throughput (ops/sec) = 169
Average response time (msec) = 3.171522393442623
Average queue length = 3
Average wait time in queue (msec) = 0.46016544262295084
Average service time (msec) = 2.5619329672131146
Number of SET = 0
Number of GET = 169
Number of MULTI GET = 0


Worker 32
Average throughput (ops/sec) = 171
Average response time (msec) = 3.1399759016393443
Average queue length = 3
Average wait time in queue (msec) = 0.4445851639344262
Average service time (msec) = 2.557015
Number of SET = 0
Number of GET = 171
Number of MULTI GET = 0


Worker 10
Average throughput (ops/sec) = 169
Average response time (msec) = 3.1755817540983604
Average queue length = 2
Average wait time in queue (msec) = 0.47184434426229505
Average service time (msec) = 2.5377253770491803
Number of SET = 0
Number of GET = 169
Number of MULTI GET = 0


Worker 11
Average throughput (ops/sec) = 169
Average response time (msec) = 3.1379096721311477
Average queue length = 2
Average wait time in queue (msec) = 0.44446804918032784
Average service time (msec) = 2.5436204098360653
Number of SET = 0
Number of GET = 169
Number of MULTI GET = 0


Worker 12
Average throughput (ops/sec) = 174
Average response time (msec) = 3.0828868852459017
Average queue length = 2
Average wait time in queue (msec) = 0.4663240983606557
Average service time (msec) = 2.4834845409836066
Number of SET = 0
Number of GET = 174
Number of MULTI GET = 0


Worker 17
Average throughput (ops/sec) = 172
Average response time (msec) = 3.108767950819672
Average queue length = 3
Average wait time in queue (msec) = 0.47613772131147536
Average service time (msec) = 2.5161193278688523
Number of SET = 0
Number of GET = 172
Number of MULTI GET = 0


Worker 18
Average throughput (ops/sec) = 167
Average response time (msec) = 3.1743754918032785
Average queue length = 3
Average wait time in queue (msec) = 0.46566868852459015
Average service time (msec) = 2.566262737704918
Number of SET = 0
Number of GET = 167
Number of MULTI GET = 0


Worker 19
Average throughput (ops/sec) = 170
Average response time (msec) = 3.2691538360655734
Average queue length = 2
Average wait time in queue (msec) = 0.49174934426229505
Average service time (msec) = 2.5705003114754095
Number of SET = 0
Number of GET = 170
Number of MULTI GET = 0


FINAL STATS
Average throughput (ops/sec) = 5432
Average response time (msec) = 3.067187483779674
Average queue length = 1
Average wait time in queue (msec) = 0.45921560399590167
Average service time (msec) = 2.5413947223360656
Number of SET = 0
Number of GET = 5432
Number of MULTI GET = 0
Number of Cache misses = 0
Arrival rate (lambda) = [0, 0, 0, 0, 0, 371, 4330, 5573, 5236, 5614, 5327, 5953, 5490, 5820, 5443, 5576, 5453, 5358, 5649, 5449, 5486, 5673, 5898, 5643, 5436, 5572, 5430, 5682, 5408, 5645, 5436, 5382, 5391, 5477, 5557, 5328, 5577, 5670, 5409, 5688, 5623, 5625, 5460, 5564, 5786, 5483, 5717, 5322, 5485, 5599, 5515, 5746, 5642, 5742, 5796, 4635, 6065, 5638, 5656, 5721, 5869, 5908, 5505, 5582, 5579, 4452, 29]


Histogram response times (0.1 msec step)
0.0 msec : 42
0.1 msec : 780
0.2 msec : 3577
0.3 msec : 9072
0.4 msec : 15428
0.5 msec : 20834
0.6 msec : 23327
0.7 msec : 23816
0.8 msec : 22306
0.9 msec : 19903
1.0 msec : 17211
1.1 msec : 14516
1.2 msec : 12153
1.3 msec : 10091
1.4 msec : 8236
1.5 msec : 6851
1.6 msec : 5489
1.7 msec : 4445
1.8 msec : 3392
1.9 msec : 2863
2.0 msec : 2537
2.1 msec : 2205
2.2 msec : 1955
2.3 msec : 1635
2.4 msec : 1491
2.5 msec : 1298
2.6 msec : 1371
2.7 msec : 1290
2.8 msec : 1237
2.9 msec : 1165
3.0 msec : 972
3.1 msec : 1014
3.2 msec : 975
3.3 msec : 915
3.4 msec : 942
3.5 msec : 873
3.6 msec : 783
3.7 msec : 705
3.8 msec : 720
3.9 msec : 712
4.0 msec : 651
4.1 msec : 819
4.2 msec : 804
4.3 msec : 677
4.4 msec : 631
4.5 msec : 653
4.6 msec : 639
4.7 msec : 697
4.8 msec : 640
4.9 msec : 705
5.0 msec : 778
5.1 msec : 644
5.2 msec : 681
5.3 msec : 780
5.4 msec : 724
5.5 msec : 708
5.6 msec : 886
5.7 msec : 1000
5.8 msec : 1138
5.9 msec : 1314
6.0 msec : 1375
6.1 msec : 1529
6.2 msec : 1578
6.3 msec : 1448
6.4 msec : 1504
6.5 msec : 1656
6.6 msec : 1628
6.7 msec : 1605
6.8 msec : 1543
6.9 msec : 1538
7.0 msec : 1535
7.1 msec : 1537
7.2 msec : 1517
7.3 msec : 1591
7.4 msec : 1599
7.5 msec : 1668
7.6 msec : 1678
7.7 msec : 1535
7.8 msec : 1592
7.9 msec : 1686
8.0 msec : 1614
8.1 msec : 1552
8.2 msec : 1564
8.3 msec : 1750
8.4 msec : 1754
8.5 msec : 1809
8.6 msec : 1790
8.7 msec : 1833
8.8 msec : 1821
8.9 msec : 1738
9.0 msec : 1755
9.1 msec : 1483
9.2 msec : 1541
9.3 msec : 1486
9.4 msec : 1474
9.5 msec : 1358
9.6 msec : 1177
9.7 msec : 1152
9.8 msec : 1003
9.9 msec : 957
10.0 msec : 866
10.1 msec : 657
10.2 msec : 559
10.3 msec : 476
10.4 msec : 385
10.5 msec : 350
10.6 msec : 254
10.7 msec : 140
10.8 msec : 122
10.9 msec : 124
11.0 msec : 97
11.1 msec : 74
11.2 msec : 66
11.3 msec : 66
11.4 msec : 63
11.5 msec : 41
11.6 msec : 33
11.7 msec : 31
11.8 msec : 26
11.9 msec : 35
12.0 msec : 28
12.1 msec : 45
12.2 msec : 41
12.3 msec : 22
12.4 msec : 20
12.5 msec : 19
12.6 msec : 16
12.7 msec : 26
12.8 msec : 32
12.9 msec : 28
13.0 msec : 24
13.1 msec : 11
13.2 msec : 12
13.3 msec : 11
13.4 msec : 23
13.5 msec : 23
13.6 msec : 16
13.7 msec : 11
13.8 msec : 10
13.9 msec : 9
14.0 msec : 20
14.1 msec : 8
14.2 msec : 6
14.3 msec : 8
14.4 msec : 7
14.5 msec : 10
14.6 msec : 13
14.7 msec : 3
14.8 msec : 3
14.9 msec : 4
15.0 msec : 4
15.1 msec : 8
15.2 msec : 14
15.3 msec : 10
15.4 msec : 10
15.5 msec : 3
15.6 msec : 15
15.7 msec : 14
15.8 msec : 15
15.9 msec : 8
16.0 msec : 13
16.1 msec : 13
16.2 msec : 8
16.3 msec : 13
16.4 msec : 13
16.5 msec : 11
16.6 msec : 15
16.7 msec : 13
16.8 msec : 12
16.9 msec : 5
17.0 msec : 9
17.1 msec : 7
17.2 msec : 1
17.3 msec : 6
17.4 msec : 7
17.5 msec : 1
17.6 msec : 4
17.7 msec : 7
17.8 msec : 0
17.9 msec : 1
18.0 msec : 2
18.1 msec : 1
18.2 msec : 7
18.3 msec : 4
18.4 msec : 2
18.5 msec : 2
18.6 msec : 2
18.7 msec : 2
18.8 msec : 0
18.9 msec : 0
19.0 msec : 1
19.1 msec : 1
19.2 msec : 0
19.3 msec : 1
19.4 msec : 0
19.5 msec : 0
19.6 msec : 1
19.7 msec : 1
19.8 msec : 1
19.9 msec : 2
20.0 msec : 3
20.1 msec : 1
20.2 msec : 3
20.3 msec : 1
20.4 msec : 3
20.5 msec : 2
20.6 msec : 3
20.7 msec : 0
20.8 msec : 1
20.9 msec : 1
21.0 msec : 0
21.1 msec : 1
21.2 msec : 2
21.3 msec : 1
21.4 msec : 2
21.5 msec : 1
21.6 msec : 1
21.7 msec : 3
21.8 msec : 2
21.9 msec : 0
22.0 msec : 0
22.1 msec : 1
22.2 msec : 1
22.3 msec : 2
22.4 msec : 1
22.5 msec : 3
22.6 msec : 2
22.7 msec : 2
22.8 msec : 2
22.9 msec : 1
23.0 msec : 2
23.1 msec : 3
23.2 msec : 3
23.3 msec : 1
23.4 msec : 1
23.5 msec : 2
23.6 msec : 2
23.7 msec : 4
23.8 msec : 1
23.9 msec : 1
24.0 msec : 1
24.1 msec : 0
24.2 msec : 1
24.3 msec : 0
24.4 msec : 0
24.5 msec : 1
24.6 msec : 0
24.7 msec : 0
24.8 msec : 1
24.9 msec : 0
25.0 msec : 1
25.1 msec : 0
25.2 msec : 1
25.3 msec : 0
25.4 msec : 1
25.5 msec : 2
25.6 msec : 1
25.7 msec : 1
25.8 msec : 5
25.9 msec : 11
26.0 msec : 3
26.1 msec : 5
26.2 msec : 7
26.3 msec : 12
26.4 msec : 4
26.5 msec : 4
26.6 msec : 0
26.7 msec : 1
26.8 msec : 3
26.9 msec : 1
27.0 msec : 1
27.1 msec : 3
27.2 msec : 1
27.3 msec : 1
27.4 msec : 1
27.5 msec : 0
27.6 msec : 0
27.7 msec : 1
27.8 msec : 3
27.9 msec : 0
28.0 msec : 0
28.1 msec : 3
28.2 msec : 5
28.3 msec : 3
28.4 msec : 1
28.5 msec : 0
28.6 msec : 0
28.7 msec : 2
28.8 msec : 1
28.9 msec : 3
29.0 msec : 2
29.1 msec : 1
29.2 msec : 0
29.3 msec : 0
29.4 msec : 1
29.5 msec : 1
29.6 msec : 2
29.7 msec : 1
29.8 msec : 0
29.9 msec : 1
30.0 msec : 1
30.1 msec : 2
30.2 msec : 1
30.3 msec : 1
30.4 msec : 1
30.5 msec : 1
30.6 msec : 1
30.7 msec : 1
30.8 msec : 1
30.9 msec : 2
31.0 msec : 1
31.1 msec : 0
31.2 msec : 0
31.3 msec : 0
31.4 msec : 0
31.5 msec : 0
31.6 msec : 0
31.7 msec : 0
31.8 msec : 0
31.9 msec : 0
32.0 msec : 0
32.1 msec : 0
32.2 msec : 0
32.3 msec : 0
32.4 msec : 0
32.5 msec : 0
32.6 msec : 0
32.7 msec : 0
32.8 msec : 0
32.9 msec : 0
33.0 msec : 0
33.1 msec : 0
33.2 msec : 0
33.3 msec : 0
33.4 msec : 0
33.5 msec : 0
33.6 msec : 0
33.7 msec : 0
33.8 msec : 0
33.9 msec : 1
34.0 msec : 0
34.1 msec : 0
34.2 msec : 0
34.3 msec : 2
34.4 msec : 0
34.5 msec : 0
34.6 msec : 0
34.7 msec : 3
34.8 msec : 0
34.9 msec : 0
35.0 msec : 1
35.1 msec : 0
35.2 msec : 0
35.3 msec : 0
35.4 msec : 2
35.5 msec : 5
35.6 msec : 0
35.7 msec : 1
35.8 msec : 5
35.9 msec : 1
36.0 msec : 0
36.1 msec : 0
36.2 msec : 0
36.3 msec : 0
36.4 msec : 1
36.5 msec : 0
36.6 msec : 0
36.7 msec : 0
36.8 msec : 0
36.9 msec : 0
37.0 msec : 0
37.1 msec : 0
37.2 msec : 1
37.3 msec : 1
37.4 msec : 1
37.5 msec : 1
37.6 msec : 0
37.7 msec : 0
37.8 msec : 0
37.9 msec : 0
38.0 msec : 1
38.1 msec : 1
38.2 msec : 0
38.3 msec : 0
38.4 msec : 0
38.5 msec : 0
38.6 msec : 0
38.7 msec : 0
38.8 msec : 1
38.9 msec : 0
39.0 msec : 0
39.1 msec : 0
39.2 msec : 0
39.3 msec : 0
39.4 msec : 1
39.5 msec : 0
39.6 msec : 0
39.7 msec : 0
39.8 msec : 1
39.9 msec : 0
40.0 msec : 1
40.1 msec : 0
40.2 msec : 0
40.3 msec : 1
40.4 msec : 0
40.5 msec : 1
40.6 msec : 0
40.7 msec : 0
40.8 msec : 0
40.9 msec : 1
41.0 msec : 0
41.1 msec : 0
41.2 msec : 0
41.3 msec : 0
41.4 msec : 0
41.5 msec : 0
41.6 msec : 1
41.7 msec : 0
41.8 msec : 0
41.9 msec : 0
42.0 msec : 0
42.1 msec : 0
42.2 msec : 0
42.3 msec : 0
42.4 msec : 0
42.5 msec : 0
42.6 msec : 0
42.7 msec : 0
42.8 msec : 0
42.9 msec : 1
43.0 msec : 0
43.1 msec : 0
43.2 msec : 1
43.3 msec : 0
43.4 msec : 0
43.5 msec : 0
43.6 msec : 0
43.7 msec : 0
43.8 msec : 0
43.9 msec : 1
44.0 msec : 0
44.1 msec : 0
44.2 msec : 0
44.3 msec : 0
44.4 msec : 0
44.5 msec : 0
44.6 msec : 0
44.7 msec : 1
44.8 msec : 0
44.9 msec : 0
45.0 msec : 0
45.1 msec : 0
45.2 msec : 0
45.3 msec : 0
45.4 msec : 0
45.5 msec : 0
45.6 msec : 0
45.7 msec : 0
45.8 msec : 0
45.9 msec : 0
46.0 msec : 0
46.1 msec : 0
46.2 msec : 0
46.3 msec : 0
46.4 msec : 0
46.5 msec : 0
46.6 msec : 0
46.7 msec : 0
46.8 msec : 0
46.9 msec : 0
47.0 msec : 0
47.1 msec : 0
47.2 msec : 0
47.3 msec : 0
47.4 msec : 0
47.5 msec : 1
47.6 msec : 0
47.7 msec : 0
47.8 msec : 0
47.9 msec : 0
48.0 msec : 0
48.1 msec : 0
48.2 msec : 0
48.3 msec : 0
48.4 msec : 0
48.5 msec : 0
48.6 msec : 0
48.7 msec : 0
48.8 msec : 0
48.9 msec : 0
49.0 msec : 0
49.1 msec : 0
49.2 msec : 0
49.3 msec : 0
49.4 msec : 0
49.5 msec : 0
49.6 msec : 0
49.7 msec : 0
49.8 msec : 0
49.9 msec : 0
50.0 msec : 0
50.1 msec : 0
50.2 msec : 0
50.3 msec : 0
50.4 msec : 0
50.5 msec : 0
50.6 msec : 0
50.7 msec : 0
50.8 msec : 0
50.9 msec : 0
51.0 msec : 0
51.1 msec : 0
51.2 msec : 0
51.3 msec : 0
51.4 msec : 0
51.5 msec : 0
51.6 msec : 0
51.7 msec : 0
51.8 msec : 0
51.9 msec : 0
52.0 msec : 0
52.1 msec : 0
52.2 msec : 0
52.3 msec : 0
52.4 msec : 0
52.5 msec : 0
52.6 msec : 0
52.7 msec : 0
52.8 msec : 1
52.9 msec : 0
53.0 msec : 0
53.1 msec : 0
53.2 msec : 0
53.3 msec : 0
53.4 msec : 0
53.5 msec : 0
53.6 msec : 0
53.7 msec : 0
53.8 msec : 0
53.9 msec : 1
54.0 msec : 1
54.1 msec : 1
54.2 msec : 0
54.3 msec : 0
54.4 msec : 0
54.5 msec : 0
54.6 msec : 0
54.7 msec : 0
54.8 msec : 0
54.9 msec : 0
55.0 msec : 0
55.1 msec : 0
55.2 msec : 1
55.3 msec : 0
55.4 msec : 0
55.5 msec : 0
55.6 msec : 0
55.7 msec : 0
55.8 msec : 0
55.9 msec : 0
56.0 msec : 0
56.1 msec : 0
56.2 msec : 1
56.3 msec : 0
56.4 msec : 0
