Middleware started...
Middleware shuts down...
Smaller resolution statistics are in a log file...
Final aggregates per worker:


Worker 7
Average throughput (ops/sec) = 497
Average response time (msec) = 1.3849641639344261
Average queue length = 0
Average wait time in queue (msec) = 0.1703129344262295
Average service time (msec) = 1.1254642950819673
Number of SET = 0
Number of GET = 497
Number of MULTI GET = 0


Worker 6
Average throughput (ops/sec) = 498
Average response time (msec) = 1.3774596229508198
Average queue length = 0
Average wait time in queue (msec) = 0.17829718032786884
Average service time (msec) = 1.1115799344262294
Number of SET = 0
Number of GET = 498
Number of MULTI GET = 0


Worker 8
Average throughput (ops/sec) = 495
Average response time (msec) = 1.384092950819672
Average queue length = 0
Average wait time in queue (msec) = 0.1707931967213115
Average service time (msec) = 1.1203412459016393
Number of SET = 0
Number of GET = 495
Number of MULTI GET = 0


Worker 3
Average throughput (ops/sec) = 494
Average response time (msec) = 1.371603655737705
Average queue length = 0
Average wait time in queue (msec) = 0.16975483606557376
Average service time (msec) = 1.115881655737705
Number of SET = 0
Number of GET = 494
Number of MULTI GET = 0


Worker 2
Average throughput (ops/sec) = 496
Average response time (msec) = 1.3779261967213114
Average queue length = 0
Average wait time in queue (msec) = 0.1677467868852459
Average service time (msec) = 1.1246276065573773
Number of SET = 0
Number of GET = 496
Number of MULTI GET = 0


Worker 5
Average throughput (ops/sec) = 499
Average response time (msec) = 1.3866160655737705
Average queue length = 1
Average wait time in queue (msec) = 0.17418991803278688
Average service time (msec) = 1.1274849836065575
Number of SET = 0
Number of GET = 499
Number of MULTI GET = 0


Worker 4
Average throughput (ops/sec) = 494
Average response time (msec) = 1.3798668688524591
Average queue length = 0
Average wait time in queue (msec) = 0.17127162295081966
Average service time (msec) = 1.1222164098360654
Number of SET = 0
Number of GET = 494
Number of MULTI GET = 0


Worker 1
Average throughput (ops/sec) = 495
Average response time (msec) = 1.387092475409836
Average queue length = 0
Average wait time in queue (msec) = 0.17223424590163933
Average service time (msec) = 1.122799131147541
Number of SET = 0
Number of GET = 495
Number of MULTI GET = 0


FINAL STATS
Average throughput (ops/sec) = 3968
Average response time (msec) = 1.369092338162298
Average queue length = 0
Average wait time in queue (msec) = 0.17182509016393444
Average service time (msec) = 1.1212994077868852
Number of SET = 0
Number of GET = 3968
Number of MULTI GET = 0
Number of Cache misses = 3676


Histogram response times (0.1 msec step)
0.0 msec : 2849
0.1 msec : 28684
0.2 msec : 46231
0.3 msec : 43432
0.4 msec : 32342
0.5 msec : 21384
0.6 msec : 13184
0.7 msec : 8562
0.8 msec : 6016
0.9 msec : 4867
1.0 msec : 3435
1.1 msec : 2403
1.2 msec : 2088
1.3 msec : 1532
1.4 msec : 1113
1.5 msec : 905
1.6 msec : 748
1.7 msec : 644
1.8 msec : 554
1.9 msec : 506
2.0 msec : 460
2.1 msec : 374
2.2 msec : 267
2.3 msec : 253
2.4 msec : 257
2.5 msec : 271
2.6 msec : 241
2.7 msec : 215
2.8 msec : 182
2.9 msec : 129
3.0 msec : 181
3.1 msec : 123
3.2 msec : 132
3.3 msec : 118
3.4 msec : 117
3.5 msec : 103
3.6 msec : 102
3.7 msec : 114
3.8 msec : 99
3.9 msec : 79
4.0 msec : 93
4.1 msec : 82
4.2 msec : 57
4.3 msec : 57
4.4 msec : 53
4.5 msec : 46
4.6 msec : 46
4.7 msec : 70
4.8 msec : 63
4.9 msec : 41
5.0 msec : 63
5.1 msec : 91
5.2 msec : 194
5.3 msec : 576
5.4 msec : 1232
5.5 msec : 1455
5.6 msec : 1465
5.7 msec : 1466
5.8 msec : 1490
5.9 msec : 1520
6.0 msec : 1511
6.1 msec : 1210
6.2 msec : 1063
6.3 msec : 787
6.4 msec : 555
6.5 msec : 361
6.6 msec : 229
6.7 msec : 178
6.8 msec : 141
6.9 msec : 95
7.0 msec : 103
7.1 msec : 74
7.2 msec : 47
7.3 msec : 47
7.4 msec : 40
7.5 msec : 23
7.6 msec : 23
7.7 msec : 15
7.8 msec : 24
7.9 msec : 11
8.0 msec : 17
8.1 msec : 21
8.2 msec : 11
8.3 msec : 11
8.4 msec : 8
8.5 msec : 8
8.6 msec : 18
8.7 msec : 9
8.8 msec : 10
8.9 msec : 6
9.0 msec : 7
9.1 msec : 11
9.2 msec : 6
9.3 msec : 8
9.4 msec : 7
9.5 msec : 2
9.6 msec : 2
9.7 msec : 2
9.8 msec : 4
9.9 msec : 2
10.0 msec : 1
10.1 msec : 2
10.2 msec : 2
10.3 msec : 2
10.4 msec : 7
10.5 msec : 0
10.6 msec : 0
10.7 msec : 5
10.8 msec : 3
10.9 msec : 2
11.0 msec : 5
11.1 msec : 6
11.2 msec : 2
11.3 msec : 5
11.4 msec : 2
11.5 msec : 1
11.6 msec : 2
11.7 msec : 3
11.8 msec : 2
11.9 msec : 8
12.0 msec : 1
12.1 msec : 0
12.2 msec : 0
12.3 msec : 0
12.4 msec : 0
12.5 msec : 0
12.6 msec : 0
12.7 msec : 0
12.8 msec : 0
12.9 msec : 2
13.0 msec : 0
13.1 msec : 0
13.2 msec : 0
13.3 msec : 1
13.4 msec : 1
13.5 msec : 1
13.6 msec : 0
13.7 msec : 1
13.8 msec : 0
13.9 msec : 1
14.0 msec : 0
14.1 msec : 0
14.2 msec : 0
14.3 msec : 0
14.4 msec : 3
14.5 msec : 1
14.6 msec : 0
14.7 msec : 0
14.8 msec : 0
14.9 msec : 0
15.0 msec : 3
15.1 msec : 4
15.2 msec : 5
15.3 msec : 4
15.4 msec : 9
15.5 msec : 4
15.6 msec : 5
15.7 msec : 4
15.8 msec : 13
15.9 msec : 5
16.0 msec : 2
16.1 msec : 3
16.2 msec : 0
16.3 msec : 3
16.4 msec : 1
16.5 msec : 0
16.6 msec : 1
16.7 msec : 1
16.8 msec : 3
16.9 msec : 5
17.0 msec : 4
17.1 msec : 2
17.2 msec : 0
17.3 msec : 0
17.4 msec : 0
17.5 msec : 0
17.6 msec : 0
17.7 msec : 0
17.8 msec : 0
17.9 msec : 0
18.0 msec : 0
18.1 msec : 0
18.2 msec : 0
18.3 msec : 0
18.4 msec : 0
18.5 msec : 4
18.6 msec : 0
18.7 msec : 0
18.8 msec : 0
18.9 msec : 0
19.0 msec : 0
19.1 msec : 0
19.2 msec : 0
19.3 msec : 0
19.4 msec : 0
19.5 msec : 0
19.6 msec : 0
19.7 msec : 0
19.8 msec : 0
19.9 msec : 0
20.0 msec : 0
20.1 msec : 0
20.2 msec : 0
20.3 msec : 1
20.4 msec : 0
20.5 msec : 1
20.6 msec : 0
20.7 msec : 0
20.8 msec : 0
20.9 msec : 0
21.0 msec : 1
21.1 msec : 0
21.2 msec : 0
21.3 msec : 2
21.4 msec : 1
21.5 msec : 0
21.6 msec : 0
21.7 msec : 0
21.8 msec : 0
21.9 msec : 0
22.0 msec : 0
22.1 msec : 0
22.2 msec : 0
22.3 msec : 0
22.4 msec : 0
22.5 msec : 0
22.6 msec : 0
22.7 msec : 0
22.8 msec : 0
22.9 msec : 0
23.0 msec : 0
23.1 msec : 0
23.2 msec : 0
23.3 msec : 0
23.4 msec : 0
23.5 msec : 1
23.6 msec : 1
23.7 msec : 0
23.8 msec : 0
23.9 msec : 0
24.0 msec : 0
24.1 msec : 0
24.2 msec : 1
24.3 msec : 0
24.4 msec : 0
24.5 msec : 0
24.6 msec : 0
24.7 msec : 0
24.8 msec : 0
24.9 msec : 0
25.0 msec : 0
25.1 msec : 1
25.2 msec : 3
25.3 msec : 0
25.4 msec : 0
25.5 msec : 0
25.6 msec : 0
25.7 msec : 0
25.8 msec : 0
25.9 msec : 0
26.0 msec : 0
26.1 msec : 0
26.2 msec : 0
26.3 msec : 1
26.4 msec : 0
26.5 msec : 1
26.6 msec : 1
26.7 msec : 0
26.8 msec : 0
26.9 msec : 0
27.0 msec : 0
27.1 msec : 0
27.2 msec : 0
27.3 msec : 0
27.4 msec : 0
27.5 msec : 0
27.6 msec : 0
27.7 msec : 0
27.8 msec : 0
27.9 msec : 0
28.0 msec : 0
28.1 msec : 2
28.2 msec : 0
28.3 msec : 0
28.4 msec : 0
28.5 msec : 0
28.6 msec : 0
28.7 msec : 0
28.8 msec : 0
28.9 msec : 0
29.0 msec : 0
29.1 msec : 0
29.2 msec : 0
29.3 msec : 0
29.4 msec : 0
29.5 msec : 0
29.6 msec : 0
29.7 msec : 0
29.8 msec : 0
29.9 msec : 0
30.0 msec : 0
30.1 msec : 0
30.2 msec : 0
30.3 msec : 0
30.4 msec : 0
30.5 msec : 0
30.6 msec : 0
30.7 msec : 0
30.8 msec : 0
30.9 msec : 0
31.0 msec : 0
31.1 msec : 0
31.2 msec : 0
31.3 msec : 0
31.4 msec : 0
31.5 msec : 0
31.6 msec : 0
31.7 msec : 0
31.8 msec : 0
31.9 msec : 0
32.0 msec : 0
32.1 msec : 0
32.2 msec : 0
32.3 msec : 0
32.4 msec : 0
32.5 msec : 0
32.6 msec : 0
32.7 msec : 0
32.8 msec : 1
32.9 msec : 0
33.0 msec : 0
33.1 msec : 0
33.2 msec : 0
33.3 msec : 0
33.4 msec : 2
33.5 msec : 3
33.6 msec : 0
33.7 msec : 0
33.8 msec : 0
33.9 msec : 0
34.0 msec : 0
34.1 msec : 0
34.2 msec : 0
34.3 msec : 0
34.4 msec : 0
34.5 msec : 0
34.6 msec : 0
34.7 msec : 1
34.8 msec : 0
34.9 msec : 0
35.0 msec : 0
35.1 msec : 1
35.2 msec : 0
35.3 msec : 0
35.4 msec : 0
35.5 msec : 0
35.6 msec : 0
35.7 msec : 1
35.8 msec : 0
35.9 msec : 0
36.0 msec : 0
36.1 msec : 0
36.2 msec : 0
36.3 msec : 0
36.4 msec : 0
36.5 msec : 0
36.6 msec : 0
36.7 msec : 0
36.8 msec : 0
36.9 msec : 0
37.0 msec : 0
37.1 msec : 0
37.2 msec : 0
37.3 msec : 0
37.4 msec : 0
37.5 msec : 0
37.6 msec : 0
37.7 msec : 0
37.8 msec : 0
37.9 msec : 0
38.0 msec : 0
38.1 msec : 0
38.2 msec : 0
38.3 msec : 0
38.4 msec : 0
38.5 msec : 0
38.6 msec : 0
38.7 msec : 0
38.8 msec : 0
38.9 msec : 0
39.0 msec : 2
39.1 msec : 1
39.2 msec : 0
39.3 msec : 1
39.4 msec : 0
39.5 msec : 0
39.6 msec : 0
39.7 msec : 0
39.8 msec : 0
39.9 msec : 0
40.0 msec : 0
40.1 msec : 0
40.2 msec : 0
40.3 msec : 0
40.4 msec : 0
40.5 msec : 0
40.6 msec : 0
40.7 msec : 0
40.8 msec : 0
40.9 msec : 0
41.0 msec : 0
41.1 msec : 0
41.2 msec : 0
41.3 msec : 0
41.4 msec : 0
41.5 msec : 0
41.6 msec : 0
41.7 msec : 0
41.8 msec : 0
41.9 msec : 0
42.0 msec : 0
42.1 msec : 0
42.2 msec : 0
42.3 msec : 0
42.4 msec : 0
42.5 msec : 0
42.6 msec : 0
42.7 msec : 0
42.8 msec : 0
42.9 msec : 0
43.0 msec : 0
43.1 msec : 0
43.2 msec : 0
43.3 msec : 0
43.4 msec : 0
43.5 msec : 0
43.6 msec : 0
43.7 msec : 0
43.8 msec : 0
43.9 msec : 0
44.0 msec : 0
44.1 msec : 0
44.2 msec : 0
44.3 msec : 0
44.4 msec : 0
44.5 msec : 0
44.6 msec : 0
44.7 msec : 0
44.8 msec : 0
44.9 msec : 1
45.0 msec : 2
45.1 msec : 0
45.2 msec : 0
45.3 msec : 0
45.4 msec : 0
45.5 msec : 0
45.6 msec : 0
45.7 msec : 0
45.8 msec : 0
45.9 msec : 0
46.0 msec : 0
46.1 msec : 0
46.2 msec : 0
46.3 msec : 0
46.4 msec : 0
46.5 msec : 0
46.6 msec : 0
46.7 msec : 0
46.8 msec : 0
46.9 msec : 0
47.0 msec : 0
47.1 msec : 0
47.2 msec : 0
47.3 msec : 0
47.4 msec : 0
47.5 msec : 0
47.6 msec : 0
47.7 msec : 0
47.8 msec : 0
47.9 msec : 0
48.0 msec : 0
48.1 msec : 0
48.2 msec : 0
48.3 msec : 0
48.4 msec : 0
48.5 msec : 0
48.6 msec : 0
48.7 msec : 0
48.8 msec : 0
48.9 msec : 0
49.0 msec : 0
49.1 msec : 1
49.2 msec : 0
49.3 msec : 0
49.4 msec : 0
49.5 msec : 0
49.6 msec : 0
49.7 msec : 0
49.8 msec : 0
49.9 msec : 0
50.0 msec : 0
50.1 msec : 0
50.2 msec : 0
50.3 msec : 0
50.4 msec : 0
50.5 msec : 0
50.6 msec : 0
50.7 msec : 0
50.8 msec : 0
50.9 msec : 0
51.0 msec : 0
51.1 msec : 0
51.2 msec : 0
51.3 msec : 0
51.4 msec : 0
51.5 msec : 0
51.6 msec : 0
51.7 msec : 0
51.8 msec : 0
51.9 msec : 0
52.0 msec : 0
52.1 msec : 0
52.2 msec : 0
52.3 msec : 0
52.4 msec : 0
52.5 msec : 0
52.6 msec : 0
52.7 msec : 0
52.8 msec : 0
52.9 msec : 0
53.0 msec : 0
53.1 msec : 0
53.2 msec : 0
53.3 msec : 0
53.4 msec : 0
53.5 msec : 0
53.6 msec : 0
53.7 msec : 0
53.8 msec : 0
53.9 msec : 0
54.0 msec : 0
54.1 msec : 0
54.2 msec : 0
54.3 msec : 0
54.4 msec : 0
54.5 msec : 0
54.6 msec : 0
54.7 msec : 0
54.8 msec : 0
54.9 msec : 0
55.0 msec : 0
55.1 msec : 0
55.2 msec : 0
55.3 msec : 0
55.4 msec : 0
55.5 msec : 0
55.6 msec : 0
55.7 msec : 0
55.8 msec : 0
55.9 msec : 0
56.0 msec : 0
56.1 msec : 0
56.2 msec : 0
56.3 msec : 0
56.4 msec : 0
56.5 msec : 0
56.6 msec : 0
56.7 msec : 0
56.8 msec : 0
56.9 msec : 0
57.0 msec : 0
57.1 msec : 0
57.2 msec : 0
57.3 msec : 0
57.4 msec : 0
57.5 msec : 0
57.6 msec : 0
57.7 msec : 0
57.8 msec : 0
57.9 msec : 0
58.0 msec : 0
58.1 msec : 0
58.2 msec : 0
58.3 msec : 0
58.4 msec : 0
58.5 msec : 0
58.6 msec : 0
58.7 msec : 0
58.8 msec : 0
58.9 msec : 0
59.0 msec : 0
59.1 msec : 0
59.2 msec : 0
59.3 msec : 0
59.4 msec : 0
59.5 msec : 0
59.6 msec : 0
59.7 msec : 0
59.8 msec : 0
59.9 msec : 0
60.0 msec : 0
60.1 msec : 0
60.2 msec : 0
60.3 msec : 0
60.4 msec : 0
60.5 msec : 0
60.6 msec : 0
60.7 msec : 0
60.8 msec : 0
60.9 msec : 0
61.0 msec : 0
61.1 msec : 0
61.2 msec : 0
61.3 msec : 0
61.4 msec : 0
61.5 msec : 0
61.6 msec : 0
61.7 msec : 0
61.8 msec : 0
61.9 msec : 0
62.0 msec : 0
62.1 msec : 0
62.2 msec : 0
62.3 msec : 0
62.4 msec : 0
62.5 msec : 0
62.6 msec : 0
62.7 msec : 0
62.8 msec : 0
62.9 msec : 0
