Middleware started...
Middleware shuts down...
Smaller resolution statistics are in a log file...
Final aggregates per worker:


Worker 24
Average throughput (ops/sec) = 22
Average response time (msec) = 2.2007733606557376
Average queue length = 0
Average wait time in queue (msec) = 0.03533060655737705
Average service time (msec) = 2.105126704918033
Number of SET = 0
Number of GET = 22
Number of MULTI GET = 0


Worker 7
Average throughput (ops/sec) = 22
Average response time (msec) = 2.2134437377049183
Average queue length = 0
Average wait time in queue (msec) = 0.028111016393442625
Average service time (msec) = 2.1222686065573773
Number of SET = 0
Number of GET = 22
Number of MULTI GET = 0


Worker 25
Average throughput (ops/sec) = 22
Average response time (msec) = 2.2080983114754096
Average queue length = 0
Average wait time in queue (msec) = 0.02898032786885246
Average service time (msec) = 2.111141180327869
Number of SET = 0
Number of GET = 22
Number of MULTI GET = 0


Worker 6
Average throughput (ops/sec) = 22
Average response time (msec) = 2.2471241967213116
Average queue length = 0
Average wait time in queue (msec) = 0.029948081967213113
Average service time (msec) = 2.1476437213114754
Number of SET = 0
Number of GET = 22
Number of MULTI GET = 0


Worker 26
Average throughput (ops/sec) = 22
Average response time (msec) = 2.227053737704918
Average queue length = 0
Average wait time in queue (msec) = 0.032575213114754094
Average service time (msec) = 2.131678655737705
Number of SET = 0
Number of GET = 22
Number of MULTI GET = 0


Worker 9
Average throughput (ops/sec) = 22
Average response time (msec) = 2.218511180327869
Average queue length = 0
Average wait time in queue (msec) = 0.036374
Average service time (msec) = 2.1211100655737707
Number of SET = 0
Number of GET = 22
Number of MULTI GET = 0


Worker 27
Average throughput (ops/sec) = 22
Average response time (msec) = 2.2085050163934428
Average queue length = 0
Average wait time in queue (msec) = 0.02836170491803279
Average service time (msec) = 2.1117443934426228
Number of SET = 0
Number of GET = 22
Number of MULTI GET = 0


Worker 8
Average throughput (ops/sec) = 22
Average response time (msec) = 2.346983295081967
Average queue length = 0
Average wait time in queue (msec) = 0.03395959016393442
Average service time (msec) = 2.2483235409836064
Number of SET = 0
Number of GET = 22
Number of MULTI GET = 0


Worker 20
Average throughput (ops/sec) = 22
Average response time (msec) = 2.2077681147540984
Average queue length = 0
Average wait time in queue (msec) = 0.02633655737704918
Average service time (msec) = 2.117827950819672
Number of SET = 0
Number of GET = 22
Number of MULTI GET = 0


Worker 3
Average throughput (ops/sec) = 22
Average response time (msec) = 2.20734731147541
Average queue length = 0
Average wait time in queue (msec) = 0.03503375409836065
Average service time (msec) = 2.1112209836065574
Number of SET = 0
Number of GET = 22
Number of MULTI GET = 0


Worker 21
Average throughput (ops/sec) = 22
Average response time (msec) = 2.230017918032787
Average queue length = 0
Average wait time in queue (msec) = 0.0337322131147541
Average service time (msec) = 2.128599491803279
Number of SET = 0
Number of GET = 22
Number of MULTI GET = 0


Worker 2
Average throughput (ops/sec) = 22
Average response time (msec) = 2.2149410163934427
Average queue length = 0
Average wait time in queue (msec) = 0.037230573770491805
Average service time (msec) = 2.109865393442623
Number of SET = 0
Number of GET = 22
Number of MULTI GET = 0


Worker 22
Average throughput (ops/sec) = 22
Average response time (msec) = 2.202532704918033
Average queue length = 0
Average wait time in queue (msec) = 0.02785183606557377
Average service time (msec) = 2.1108070819672133
Number of SET = 0
Number of GET = 22
Number of MULTI GET = 0


Worker 5
Average throughput (ops/sec) = 22
Average response time (msec) = 2.2423113278688525
Average queue length = 0
Average wait time in queue (msec) = 0.02718883606557377
Average service time (msec) = 2.1451210983606557
Number of SET = 0
Number of GET = 22
Number of MULTI GET = 0


Worker 23
Average throughput (ops/sec) = 22
Average response time (msec) = 2.225766819672131
Average queue length = 0
Average wait time in queue (msec) = 0.029160622950819674
Average service time (msec) = 2.124037393442623
Number of SET = 0
Number of GET = 22
Number of MULTI GET = 0


Worker 4
Average throughput (ops/sec) = 22
Average response time (msec) = 2.2214844098360653
Average queue length = 0
Average wait time in queue (msec) = 0.03166373770491803
Average service time (msec) = 2.126614737704918
Number of SET = 0
Number of GET = 22
Number of MULTI GET = 0


Worker 28
Average throughput (ops/sec) = 22
Average response time (msec) = 2.208862393442623
Average queue length = 0
Average wait time in queue (msec) = 0.028352868852459016
Average service time (msec) = 2.1125882131147544
Number of SET = 0
Number of GET = 22
Number of MULTI GET = 0


Worker 29
Average throughput (ops/sec) = 22
Average response time (msec) = 2.2186044426229508
Average queue length = 0
Average wait time in queue (msec) = 0.030843360655737707
Average service time (msec) = 2.1167460983606556
Number of SET = 0
Number of GET = 22
Number of MULTI GET = 0


Worker 1
Average throughput (ops/sec) = 22
Average response time (msec) = 2.2657944590163934
Average queue length = 0
Average wait time in queue (msec) = 0.027692672131147542
Average service time (msec) = 2.1735408852459015
Number of SET = 0
Number of GET = 22
Number of MULTI GET = 0


Worker 30
Average throughput (ops/sec) = 22
Average response time (msec) = 2.218021475409836
Average queue length = 0
Average wait time in queue (msec) = 0.03172118032786885
Average service time (msec) = 2.1242857704918032
Number of SET = 0
Number of GET = 22
Number of MULTI GET = 0


Worker 13
Average throughput (ops/sec) = 22
Average response time (msec) = 2.2108162622950815
Average queue length = 0
Average wait time in queue (msec) = 0.027383524590163934
Average service time (msec) = 2.121148852459016
Number of SET = 0
Number of GET = 22
Number of MULTI GET = 0


Worker 14
Average throughput (ops/sec) = 22
Average response time (msec) = 2.200681491803279
Average queue length = 0
Average wait time in queue (msec) = 0.027734049180327867
Average service time (msec) = 2.112146442622951
Number of SET = 0
Number of GET = 22
Number of MULTI GET = 0


Worker 15
Average throughput (ops/sec) = 22
Average response time (msec) = 2.204205901639344
Average queue length = 0
Average wait time in queue (msec) = 0.02457655737704918
Average service time (msec) = 2.113324868852459
Number of SET = 0
Number of GET = 22
Number of MULTI GET = 0


Worker 16
Average throughput (ops/sec) = 22
Average response time (msec) = 2.2252333114754097
Average queue length = 0
Average wait time in queue (msec) = 0.02948911475409836
Average service time (msec) = 2.1317539016393443
Number of SET = 0
Number of GET = 22
Number of MULTI GET = 0


Worker 31
Average throughput (ops/sec) = 22
Average response time (msec) = 2.1734221311475412
Average queue length = 0
Average wait time in queue (msec) = 0.024152442622950823
Average service time (msec) = 2.0882216393442623
Number of SET = 0
Number of GET = 22
Number of MULTI GET = 0


Worker 32
Average throughput (ops/sec) = 22
Average response time (msec) = 2.2082632459016396
Average queue length = 0
Average wait time in queue (msec) = 0.0334910655737705
Average service time (msec) = 2.113055442622951
Number of SET = 0
Number of GET = 22
Number of MULTI GET = 0


Worker 10
Average throughput (ops/sec) = 22
Average response time (msec) = 2.362144016393443
Average queue length = 0
Average wait time in queue (msec) = 0.02667173770491803
Average service time (msec) = 2.274017098360656
Number of SET = 0
Number of GET = 22
Number of MULTI GET = 0


Worker 11
Average throughput (ops/sec) = 22
Average response time (msec) = 2.2381978852459015
Average queue length = 0
Average wait time in queue (msec) = 0.0425172131147541
Average service time (msec) = 2.1354735081967213
Number of SET = 0
Number of GET = 22
Number of MULTI GET = 0


Worker 12
Average throughput (ops/sec) = 22
Average response time (msec) = 2.221539131147541
Average queue length = 0
Average wait time in queue (msec) = 0.029643524590163936
Average service time (msec) = 2.1284738360655737
Number of SET = 0
Number of GET = 22
Number of MULTI GET = 0


Worker 17
Average throughput (ops/sec) = 22
Average response time (msec) = 2.1897615081967214
Average queue length = 0
Average wait time in queue (msec) = 0.026919098360655737
Average service time (msec) = 2.1030092786885244
Number of SET = 0
Number of GET = 22
Number of MULTI GET = 0


Worker 18
Average throughput (ops/sec) = 22
Average response time (msec) = 2.219640737704918
Average queue length = 0
Average wait time in queue (msec) = 0.026482983606557375
Average service time (msec) = 2.129623475409836
Number of SET = 0
Number of GET = 22
Number of MULTI GET = 0


Worker 19
Average throughput (ops/sec) = 22
Average response time (msec) = 2.1837546721311476
Average queue length = 0
Average wait time in queue (msec) = 0.025335573770491802
Average service time (msec) = 2.0957473934426227
Number of SET = 0
Number of GET = 22
Number of MULTI GET = 0


FINAL STATS
Average throughput (ops/sec) = 704
Average response time (msec) = 2.2104566240086516
Average queue length = 0
Average wait time in queue (msec) = 0.030151426229508196
Average service time (msec) = 2.1295714907786882
Number of SET = 0
Number of GET = 22
Number of MULTI GET = 0
Number of Cache misses = 2420


Histogram response times (0.1 msec step)
0.0 msec : 406
0.1 msec : 4007
0.2 msec : 10179
0.3 msec : 9944
0.4 msec : 6130
0.5 msec : 3568
0.6 msec : 2297
0.7 msec : 1721
0.8 msec : 1336
0.9 msec : 1021
1.0 msec : 758
1.1 msec : 603
1.2 msec : 440
1.3 msec : 373
1.4 msec : 293
1.5 msec : 216
1.6 msec : 178
1.7 msec : 127
1.8 msec : 129
1.9 msec : 90
2.0 msec : 66
2.1 msec : 60
2.2 msec : 41
2.3 msec : 46
2.4 msec : 34
2.5 msec : 22
2.6 msec : 23
2.7 msec : 15
2.8 msec : 10
2.9 msec : 14
3.0 msec : 12
3.1 msec : 11
3.2 msec : 7
3.3 msec : 12
3.4 msec : 6
3.5 msec : 5
3.6 msec : 7
3.7 msec : 9
3.8 msec : 3
3.9 msec : 3
4.0 msec : 0
4.1 msec : 4
4.2 msec : 2
4.3 msec : 5
4.4 msec : 5
4.5 msec : 4
4.6 msec : 5
4.7 msec : 3
4.8 msec : 4
4.9 msec : 6
5.0 msec : 2
5.1 msec : 6
5.2 msec : 5
5.3 msec : 3
5.4 msec : 6
5.5 msec : 2
5.6 msec : 1
5.7 msec : 4
5.8 msec : 6
5.9 msec : 8
6.0 msec : 7
6.1 msec : 3
6.2 msec : 6
6.3 msec : 5
6.4 msec : 4
6.5 msec : 2
6.6 msec : 1
6.7 msec : 0
6.8 msec : 3
6.9 msec : 3
7.0 msec : 0
7.1 msec : 1
7.2 msec : 2
7.3 msec : 0
7.4 msec : 2
7.5 msec : 2
7.6 msec : 1
7.7 msec : 0
7.8 msec : 0
7.9 msec : 0
8.0 msec : 0
8.1 msec : 1
8.2 msec : 1
8.3 msec : 1
8.4 msec : 4
8.5 msec : 0
8.6 msec : 1
8.7 msec : 1
8.8 msec : 0
8.9 msec : 0
9.0 msec : 0
9.1 msec : 0
9.2 msec : 2
9.3 msec : 2
9.4 msec : 1
9.5 msec : 2
9.6 msec : 0
9.7 msec : 0
9.8 msec : 0
9.9 msec : 0
10.0 msec : 0
10.1 msec : 1
10.2 msec : 0
10.3 msec : 0
10.4 msec : 0
10.5 msec : 0
10.6 msec : 0
10.7 msec : 0
10.8 msec : 0
10.9 msec : 0
11.0 msec : 0
11.1 msec : 0
11.2 msec : 0
11.3 msec : 0
11.4 msec : 0
11.5 msec : 0
11.6 msec : 0
11.7 msec : 0
11.8 msec : 0
11.9 msec : 1
12.0 msec : 0
12.1 msec : 0
12.2 msec : 0
12.3 msec : 0
12.4 msec : 1
12.5 msec : 0
12.6 msec : 1
12.7 msec : 0
12.8 msec : 1
12.9 msec : 0
13.0 msec : 0
13.1 msec : 0
13.2 msec : 0
13.3 msec : 0
13.4 msec : 0
13.5 msec : 1
13.6 msec : 0
13.7 msec : 0
13.8 msec : 0
13.9 msec : 4
14.0 msec : 0
14.1 msec : 0
14.2 msec : 0
14.3 msec : 0
14.4 msec : 0
14.5 msec : 0
14.6 msec : 0
14.7 msec : 0
14.8 msec : 0
14.9 msec : 0
15.0 msec : 0
15.1 msec : 0
15.2 msec : 0
15.3 msec : 0
15.4 msec : 0
15.5 msec : 0
15.6 msec : 0
15.7 msec : 0
15.8 msec : 0
15.9 msec : 0
16.0 msec : 0
16.1 msec : 1
16.2 msec : 0
16.3 msec : 0
16.4 msec : 0
16.5 msec : 0
16.6 msec : 0
16.7 msec : 0
16.8 msec : 0
16.9 msec : 0
17.0 msec : 0
17.1 msec : 0
17.2 msec : 0
17.3 msec : 0
17.4 msec : 0
17.5 msec : 0
17.6 msec : 0
17.7 msec : 0
17.8 msec : 0
17.9 msec : 0
18.0 msec : 0
18.1 msec : 0
18.2 msec : 0
18.3 msec : 0
18.4 msec : 0
18.5 msec : 0
18.6 msec : 0
18.7 msec : 0
18.8 msec : 0
18.9 msec : 0
19.0 msec : 0
19.1 msec : 0
19.2 msec : 0
19.3 msec : 0
19.4 msec : 0
19.5 msec : 0
19.6 msec : 0
19.7 msec : 1
19.8 msec : 0
19.9 msec : 0
20.0 msec : 1
20.1 msec : 0
20.2 msec : 0
20.3 msec : 0
20.4 msec : 0
20.5 msec : 1
20.6 msec : 0
20.7 msec : 0
20.8 msec : 0
20.9 msec : 0
21.0 msec : 0
21.1 msec : 0
21.2 msec : 0
21.3 msec : 0
21.4 msec : 0
21.5 msec : 0
21.6 msec : 0
21.7 msec : 0
21.8 msec : 0
21.9 msec : 0
22.0 msec : 0
22.1 msec : 1
22.2 msec : 0
22.3 msec : 0
22.4 msec : 0
22.5 msec : 0
22.6 msec : 0
22.7 msec : 0
22.8 msec : 0
22.9 msec : 0
23.0 msec : 0
23.1 msec : 0
23.2 msec : 1
23.3 msec : 1
23.4 msec : 0
23.5 msec : 0
23.6 msec : 0
23.7 msec : 0
23.8 msec : 0
23.9 msec : 0
24.0 msec : 0
24.1 msec : 0
24.2 msec : 0
24.3 msec : 0
24.4 msec : 0
24.5 msec : 0
24.6 msec : 0
24.7 msec : 0
24.8 msec : 0
24.9 msec : 0
25.0 msec : 0
25.1 msec : 0
25.2 msec : 0
25.3 msec : 1
25.4 msec : 1
25.5 msec : 0
25.6 msec : 0
25.7 msec : 0
25.8 msec : 0
25.9 msec : 0
26.0 msec : 0
26.1 msec : 0
26.2 msec : 0
26.3 msec : 0
26.4 msec : 0
26.5 msec : 0
26.6 msec : 0
26.7 msec : 0
26.8 msec : 0
26.9 msec : 0
27.0 msec : 0
27.1 msec : 0
27.2 msec : 0
27.3 msec : 0
27.4 msec : 0
27.5 msec : 0
27.6 msec : 0
27.7 msec : 0
27.8 msec : 0
27.9 msec : 0
28.0 msec : 0
28.1 msec : 0
28.2 msec : 0
28.3 msec : 0
28.4 msec : 0
28.5 msec : 0
28.6 msec : 0
28.7 msec : 0
28.8 msec : 0
28.9 msec : 0
29.0 msec : 0
29.1 msec : 0
29.2 msec : 0
29.3 msec : 0
29.4 msec : 0
29.5 msec : 0
29.6 msec : 0
29.7 msec : 0
29.8 msec : 0
29.9 msec : 0
30.0 msec : 0
30.1 msec : 0
30.2 msec : 0
30.3 msec : 0
30.4 msec : 0
30.5 msec : 0
30.6 msec : 0
30.7 msec : 0
30.8 msec : 0
30.9 msec : 0
31.0 msec : 0
31.1 msec : 0
31.2 msec : 0
31.3 msec : 0
31.4 msec : 0
31.5 msec : 0
31.6 msec : 0
31.7 msec : 0
31.8 msec : 0
31.9 msec : 0
32.0 msec : 0
32.1 msec : 0
32.2 msec : 0
32.3 msec : 0
32.4 msec : 0
32.5 msec : 0
32.6 msec : 0
32.7 msec : 0
32.8 msec : 0
32.9 msec : 0
33.0 msec : 0
33.1 msec : 0
33.2 msec : 0
33.3 msec : 0
33.4 msec : 0
33.5 msec : 0
33.6 msec : 0
33.7 msec : 0
33.8 msec : 0
33.9 msec : 0
34.0 msec : 0
34.1 msec : 0
34.2 msec : 0
34.3 msec : 0
34.4 msec : 0
34.5 msec : 0
34.6 msec : 0
34.7 msec : 0
34.8 msec : 0
34.9 msec : 0
35.0 msec : 0
35.1 msec : 0
35.2 msec : 0
35.3 msec : 0
35.4 msec : 0
35.5 msec : 0
35.6 msec : 0
35.7 msec : 0
35.8 msec : 0
35.9 msec : 0
36.0 msec : 0
36.1 msec : 0
36.2 msec : 0
36.3 msec : 0
36.4 msec : 0
36.5 msec : 0
36.6 msec : 0
36.7 msec : 0
36.8 msec : 0
36.9 msec : 0
37.0 msec : 0
37.1 msec : 0
37.2 msec : 0
37.3 msec : 0
37.4 msec : 0
37.5 msec : 0
37.6 msec : 0
37.7 msec : 0
37.8 msec : 0
37.9 msec : 0
38.0 msec : 0
38.1 msec : 0
38.2 msec : 0
38.3 msec : 0
38.4 msec : 0
38.5 msec : 0
38.6 msec : 0
38.7 msec : 0
38.8 msec : 0
38.9 msec : 0
39.0 msec : 0
39.1 msec : 0
39.2 msec : 0
39.3 msec : 0
39.4 msec : 0
39.5 msec : 0
39.6 msec : 0
39.7 msec : 0
39.8 msec : 0
39.9 msec : 0
40.0 msec : 0
40.1 msec : 0
40.2 msec : 0
40.3 msec : 0
40.4 msec : 0
40.5 msec : 0
40.6 msec : 0
40.7 msec : 0
40.8 msec : 0
40.9 msec : 0
41.0 msec : 0
41.1 msec : 0
41.2 msec : 0
41.3 msec : 0
41.4 msec : 0
41.5 msec : 0
41.6 msec : 0
41.7 msec : 0
41.8 msec : 0
41.9 msec : 0
42.0 msec : 0
42.1 msec : 0
42.2 msec : 0
42.3 msec : 0
42.4 msec : 0
42.5 msec : 0
42.6 msec : 0
42.7 msec : 0
42.8 msec : 0
42.9 msec : 0
43.0 msec : 0
43.1 msec : 0
43.2 msec : 0
43.3 msec : 0
43.4 msec : 0
43.5 msec : 0
43.6 msec : 0
43.7 msec : 0
43.8 msec : 0
43.9 msec : 0
44.0 msec : 0
44.1 msec : 0
44.2 msec : 0
44.3 msec : 0
44.4 msec : 0
44.5 msec : 0
44.6 msec : 0
44.7 msec : 0
44.8 msec : 0
44.9 msec : 0
45.0 msec : 0
45.1 msec : 0
45.2 msec : 0
45.3 msec : 0
45.4 msec : 0
45.5 msec : 0
45.6 msec : 0
45.7 msec : 0
45.8 msec : 0
45.9 msec : 0
46.0 msec : 0
46.1 msec : 0
46.2 msec : 0
46.3 msec : 0
46.4 msec : 0
46.5 msec : 0
46.6 msec : 0
46.7 msec : 0
46.8 msec : 0
46.9 msec : 0
47.0 msec : 0
47.1 msec : 0
47.2 msec : 0
47.3 msec : 0
47.4 msec : 0
47.5 msec : 0
47.6 msec : 0
47.7 msec : 0
47.8 msec : 0
47.9 msec : 0
48.0 msec : 0
48.1 msec : 0
48.2 msec : 0
48.3 msec : 0
48.4 msec : 0
48.5 msec : 0
48.6 msec : 0
48.7 msec : 0
48.8 msec : 0
48.9 msec : 0
49.0 msec : 0
49.1 msec : 0
49.2 msec : 0
49.3 msec : 0
49.4 msec : 0
49.5 msec : 0
49.6 msec : 0
49.7 msec : 0
49.8 msec : 0
49.9 msec : 0
50.0 msec : 0
50.1 msec : 0
50.2 msec : 0
50.3 msec : 0
50.4 msec : 0
50.5 msec : 0
50.6 msec : 0
50.7 msec : 0
50.8 msec : 0
50.9 msec : 0
51.0 msec : 0
51.1 msec : 0
51.2 msec : 0
51.3 msec : 0
51.4 msec : 0
51.5 msec : 0
51.6 msec : 0
51.7 msec : 0
51.8 msec : 0
51.9 msec : 0
52.0 msec : 0
52.1 msec : 0
52.2 msec : 0
52.3 msec : 0
52.4 msec : 0
52.5 msec : 0
52.6 msec : 0
52.7 msec : 0
52.8 msec : 0
52.9 msec : 2
53.0 msec : 1
