Middleware started...
Middleware shuts down...
Smaller resolution statistics are in a log file...
Final aggregates per worker:


Worker 13
Average throughput (ops/sec) = 355
Average response time (msec) = 3.482147901639344
Average queue length = 3
Average wait time in queue (msec) = 1.3534296229508198
Average service time (msec) = 2.00830368852459
Number of SET = 0
Number of GET = 355
Number of MULTI GET = 0


Worker 7
Average throughput (ops/sec) = 353
Average response time (msec) = 3.4959155737704917
Average queue length = 6
Average wait time in queue (msec) = 1.36188431147541
Average service time (msec) = 2.014823016393443
Number of SET = 0
Number of GET = 353
Number of MULTI GET = 0


Worker 14
Average throughput (ops/sec) = 357
Average response time (msec) = 3.4702656393442624
Average queue length = 7
Average wait time in queue (msec) = 1.3499818688524592
Average service time (msec) = 1.9856034262295081
Number of SET = 0
Number of GET = 357
Number of MULTI GET = 0


Worker 6
Average throughput (ops/sec) = 351
Average response time (msec) = 3.484590426229508
Average queue length = 10
Average wait time in queue (msec) = 1.3419719508196721
Average service time (msec) = 2.0089235409836066
Number of SET = 0
Number of GET = 351
Number of MULTI GET = 0


Worker 15
Average throughput (ops/sec) = 353
Average response time (msec) = 3.4867776885245902
Average queue length = 5
Average wait time in queue (msec) = 1.3434584590163934
Average service time (msec) = 2.0045270819672134
Number of SET = 0
Number of GET = 353
Number of MULTI GET = 0


Worker 9
Average throughput (ops/sec) = 353
Average response time (msec) = 3.493319819672131
Average queue length = 5
Average wait time in queue (msec) = 1.3495303278688526
Average service time (msec) = 2.0179494590163936
Number of SET = 0
Number of GET = 353
Number of MULTI GET = 0


Worker 16
Average throughput (ops/sec) = 353
Average response time (msec) = 3.509108852459016
Average queue length = 4
Average wait time in queue (msec) = 1.3533379508196721
Average service time (msec) = 2.030722524590164
Number of SET = 0
Number of GET = 353
Number of MULTI GET = 0


Worker 8
Average throughput (ops/sec) = 349
Average response time (msec) = 3.494420098360656
Average queue length = 2
Average wait time in queue (msec) = 1.3376693770491803
Average service time (msec) = 2.031804786885246
Number of SET = 0
Number of GET = 349
Number of MULTI GET = 0


Worker 3
Average throughput (ops/sec) = 349
Average response time (msec) = 3.4945367540983603
Average queue length = 11
Average wait time in queue (msec) = 1.340775524590164
Average service time (msec) = 2.0324717213114756
Number of SET = 0
Number of GET = 349
Number of MULTI GET = 0


Worker 10
Average throughput (ops/sec) = 352
Average response time (msec) = 3.480644426229508
Average queue length = 4
Average wait time in queue (msec) = 1.3427512786885245
Average service time (msec) = 2.010626262295082
Number of SET = 0
Number of GET = 352
Number of MULTI GET = 0


Worker 2
Average throughput (ops/sec) = 351
Average response time (msec) = 3.475777131147541
Average queue length = 13
Average wait time in queue (msec) = 1.3352566065573772
Average service time (msec) = 2.0202744098360657
Number of SET = 0
Number of GET = 351
Number of MULTI GET = 0


Worker 11
Average throughput (ops/sec) = 353
Average response time (msec) = 3.4781207540983603
Average queue length = 5
Average wait time in queue (msec) = 1.3485776065573771
Average service time (msec) = 2.000921967213115
Number of SET = 0
Number of GET = 353
Number of MULTI GET = 0


Worker 5
Average throughput (ops/sec) = 352
Average response time (msec) = 3.4922905901639347
Average queue length = 3
Average wait time in queue (msec) = 1.3545293934426228
Average service time (msec) = 2.0138248032786885
Number of SET = 0
Number of GET = 352
Number of MULTI GET = 0


Worker 12
Average throughput (ops/sec) = 351
Average response time (msec) = 3.468844344262295
Average queue length = 12
Average wait time in queue (msec) = 1.3332294098360655
Average service time (msec) = 2.0203790983606558
Number of SET = 0
Number of GET = 351
Number of MULTI GET = 0


Worker 4
Average throughput (ops/sec) = 353
Average response time (msec) = 3.483342852459016
Average queue length = 11
Average wait time in queue (msec) = 1.3544610327868853
Average service time (msec) = 2.00289531147541
Number of SET = 0
Number of GET = 353
Number of MULTI GET = 0


Worker 1
Average throughput (ops/sec) = 358
Average response time (msec) = 3.480044032786885
Average queue length = 9
Average wait time in queue (msec) = 1.3695145573770493
Average service time (msec) = 1.9827531475409834
Number of SET = 0
Number of GET = 358
Number of MULTI GET = 0


FINAL STATS
Average throughput (ops/sec) = 5643
Average response time (msec) = 3.4604548522276777
Average queue length = 6
Average wait time in queue (msec) = 1.3481474549180328
Average service time (msec) = 2.0116752653688525
Number of SET = 0
Number of GET = 5643
Number of MULTI GET = 0
Number of Cache misses = 0
Arrival rate (lambda) = [0, 0, 1110, 5357, 4955, 5710, 6137, 5602, 6056, 5567, 5713, 5982, 5597, 5810, 5671, 5666, 5796, 5791, 5946, 5632, 5880, 6012, 6056, 6075, 5808, 5804, 5714, 5620, 5803, 5836, 5850, 5481, 5990, 5695, 5468, 5665, 5866, 5832, 5769, 5730, 6026, 5666, 5730, 5921, 5774, 5911, 5611, 5931, 5830, 5519, 5845, 5850, 5983, 5871, 5777, 5763, 5696, 5505, 5865, 5797, 5708, 5627, 3563, 33, 0, 0]


Histogram response times (0.1 msec step)
0.0 msec : 84
0.1 msec : 743
0.2 msec : 2923
0.3 msec : 6511
0.4 msec : 10914
0.5 msec : 14593
0.6 msec : 18037
0.7 msec : 20213
0.8 msec : 20875
0.9 msec : 20301
1.0 msec : 18836
1.1 msec : 16840
1.2 msec : 14424
1.3 msec : 12414
1.4 msec : 10347
1.5 msec : 8454
1.6 msec : 7016
1.7 msec : 5658
1.8 msec : 4612
1.9 msec : 3824
2.0 msec : 3309
2.1 msec : 2935
2.2 msec : 2487
2.3 msec : 2148
2.4 msec : 2059
2.5 msec : 1859
2.6 msec : 1632
2.7 msec : 1444
2.8 msec : 1432
2.9 msec : 1314
3.0 msec : 1205
3.1 msec : 1295
3.2 msec : 1284
3.3 msec : 1264
3.4 msec : 1178
3.5 msec : 1170
3.6 msec : 1192
3.7 msec : 1091
3.8 msec : 1101
3.9 msec : 1092
4.0 msec : 1101
4.1 msec : 1048
4.2 msec : 1038
4.3 msec : 917
4.4 msec : 925
4.5 msec : 823
4.6 msec : 804
4.7 msec : 777
4.8 msec : 710
4.9 msec : 649
5.0 msec : 606
5.1 msec : 577
5.2 msec : 637
5.3 msec : 657
5.4 msec : 614
5.5 msec : 644
5.6 msec : 780
5.7 msec : 894
5.8 msec : 883
5.9 msec : 953
6.0 msec : 1114
6.1 msec : 1241
6.2 msec : 1278
6.3 msec : 1385
6.4 msec : 1372
6.5 msec : 1451
6.6 msec : 1458
6.7 msec : 1434
6.8 msec : 1389
6.9 msec : 1363
7.0 msec : 1432
7.1 msec : 1436
7.2 msec : 1375
7.3 msec : 1272
7.4 msec : 1259
7.5 msec : 1318
7.6 msec : 1299
7.7 msec : 1262
7.8 msec : 1255
7.9 msec : 1306
8.0 msec : 1247
8.1 msec : 1326
8.2 msec : 1348
8.3 msec : 1412
8.4 msec : 1539
8.5 msec : 1613
8.6 msec : 1837
8.7 msec : 1867
8.8 msec : 2104
8.9 msec : 2107
9.0 msec : 2166
9.1 msec : 2384
9.2 msec : 2481
9.3 msec : 2767
9.4 msec : 2753
9.5 msec : 2810
9.6 msec : 2650
9.7 msec : 2376
9.8 msec : 2214
9.9 msec : 1988
10.0 msec : 1941
10.1 msec : 1610
10.2 msec : 1295
10.3 msec : 1018
10.4 msec : 857
10.5 msec : 652
10.6 msec : 527
10.7 msec : 449
10.8 msec : 325
10.9 msec : 260
11.0 msec : 191
11.1 msec : 146
11.2 msec : 112
11.3 msec : 98
11.4 msec : 80
11.5 msec : 74
11.6 msec : 66
11.7 msec : 59
11.8 msec : 43
11.9 msec : 57
12.0 msec : 42
12.1 msec : 36
12.2 msec : 32
12.3 msec : 48
12.4 msec : 34
12.5 msec : 29
12.6 msec : 24
12.7 msec : 27
12.8 msec : 30
12.9 msec : 23
13.0 msec : 14
13.1 msec : 16
13.2 msec : 15
13.3 msec : 14
13.4 msec : 12
13.5 msec : 17
13.6 msec : 12
13.7 msec : 11
13.8 msec : 10
13.9 msec : 12
14.0 msec : 12
14.1 msec : 12
14.2 msec : 13
14.3 msec : 7
14.4 msec : 2
14.5 msec : 4
14.6 msec : 4
14.7 msec : 9
14.8 msec : 7
14.9 msec : 5
15.0 msec : 3
15.1 msec : 4
15.2 msec : 7
15.3 msec : 6
15.4 msec : 9
15.5 msec : 12
15.6 msec : 7
15.7 msec : 7
15.8 msec : 5
15.9 msec : 5
16.0 msec : 7
16.1 msec : 12
16.2 msec : 11
16.3 msec : 14
16.4 msec : 10
16.5 msec : 10
16.6 msec : 4
16.7 msec : 6
16.8 msec : 8
16.9 msec : 9
17.0 msec : 18
17.1 msec : 8
17.2 msec : 10
17.3 msec : 6
17.4 msec : 6
17.5 msec : 3
17.6 msec : 5
17.7 msec : 6
17.8 msec : 1
17.9 msec : 1
18.0 msec : 3
18.1 msec : 1
18.2 msec : 3
18.3 msec : 5
18.4 msec : 4
18.5 msec : 6
18.6 msec : 6
18.7 msec : 2
18.8 msec : 6
18.9 msec : 2
19.0 msec : 3
19.1 msec : 6
19.2 msec : 1
19.3 msec : 0
19.4 msec : 0
19.5 msec : 1
19.6 msec : 0
19.7 msec : 1
19.8 msec : 4
19.9 msec : 1
20.0 msec : 4
20.1 msec : 1
20.2 msec : 0
20.3 msec : 1
20.4 msec : 0
20.5 msec : 0
20.6 msec : 2
20.7 msec : 0
20.8 msec : 0
20.9 msec : 0
21.0 msec : 0
21.1 msec : 0
21.2 msec : 0
21.3 msec : 0
21.4 msec : 1
21.5 msec : 2
21.6 msec : 1
21.7 msec : 1
21.8 msec : 1
21.9 msec : 0
22.0 msec : 2
22.1 msec : 4
22.2 msec : 5
22.3 msec : 2
22.4 msec : 0
22.5 msec : 0
22.6 msec : 3
22.7 msec : 1
22.8 msec : 4
22.9 msec : 2
23.0 msec : 6
23.1 msec : 2
23.2 msec : 1
23.3 msec : 1
23.4 msec : 5
23.5 msec : 1
23.6 msec : 1
23.7 msec : 2
23.8 msec : 2
23.9 msec : 0
24.0 msec : 0
24.1 msec : 2
24.2 msec : 1
24.3 msec : 1
24.4 msec : 0
24.5 msec : 0
24.6 msec : 0
24.7 msec : 0
24.8 msec : 0
24.9 msec : 0
25.0 msec : 0
25.1 msec : 0
25.2 msec : 1
25.3 msec : 2
25.4 msec : 2
25.5 msec : 1
25.6 msec : 1
25.7 msec : 3
25.8 msec : 4
25.9 msec : 2
26.0 msec : 7
26.1 msec : 5
26.2 msec : 1
26.3 msec : 4
26.4 msec : 1
26.5 msec : 6
26.6 msec : 4
26.7 msec : 1
26.8 msec : 1
26.9 msec : 2
27.0 msec : 3
27.1 msec : 2
27.2 msec : 4
27.3 msec : 1
27.4 msec : 1
27.5 msec : 0
27.6 msec : 3
27.7 msec : 0
27.8 msec : 1
27.9 msec : 1
28.0 msec : 1
28.1 msec : 1
28.2 msec : 0
28.3 msec : 1
28.4 msec : 0
28.5 msec : 0
28.6 msec : 0
28.7 msec : 1
28.8 msec : 1
28.9 msec : 0
29.0 msec : 5
29.1 msec : 4
29.2 msec : 3
29.3 msec : 3
29.4 msec : 1
29.5 msec : 1
29.6 msec : 3
29.7 msec : 1
29.8 msec : 3
29.9 msec : 1
30.0 msec : 1
30.1 msec : 2
30.2 msec : 0
30.3 msec : 0
30.4 msec : 2
30.5 msec : 0
30.6 msec : 2
30.7 msec : 0
30.8 msec : 1
30.9 msec : 0
31.0 msec : 0
31.1 msec : 0
31.2 msec : 0
31.3 msec : 1
31.4 msec : 0
31.5 msec : 0
31.6 msec : 0
31.7 msec : 0
31.8 msec : 0
31.9 msec : 0
32.0 msec : 0
32.1 msec : 0
32.2 msec : 1
32.3 msec : 0
32.4 msec : 0
32.5 msec : 0
32.6 msec : 0
32.7 msec : 0
32.8 msec : 0
32.9 msec : 0
33.0 msec : 0
33.1 msec : 2
33.2 msec : 0
33.3 msec : 1
33.4 msec : 0
33.5 msec : 0
33.6 msec : 0
33.7 msec : 0
33.8 msec : 0
33.9 msec : 0
34.0 msec : 0
34.1 msec : 0
34.2 msec : 0
34.3 msec : 0
34.4 msec : 0
34.5 msec : 0
34.6 msec : 1
34.7 msec : 0
34.8 msec : 0
34.9 msec : 0
35.0 msec : 0
35.1 msec : 0
35.2 msec : 0
35.3 msec : 0
35.4 msec : 0
35.5 msec : 0
35.6 msec : 0
35.7 msec : 0
35.8 msec : 0
35.9 msec : 0
36.0 msec : 0
36.1 msec : 0
36.2 msec : 0
36.3 msec : 0
36.4 msec : 0
36.5 msec : 0
36.6 msec : 3
36.7 msec : 5
36.8 msec : 5
36.9 msec : 1
37.0 msec : 1
37.1 msec : 1
37.2 msec : 3
37.3 msec : 2
37.4 msec : 2
37.5 msec : 2
37.6 msec : 3
37.7 msec : 0
37.8 msec : 1
37.9 msec : 0
38.0 msec : 0
38.1 msec : 0
38.2 msec : 0
38.3 msec : 0
38.4 msec : 2
38.5 msec : 1
38.6 msec : 1
38.7 msec : 3
38.8 msec : 2
38.9 msec : 0
39.0 msec : 4
39.1 msec : 0
39.2 msec : 1
39.3 msec : 2
39.4 msec : 4
39.5 msec : 1
39.6 msec : 0
39.7 msec : 0
39.8 msec : 0
39.9 msec : 1
40.0 msec : 0
40.1 msec : 2
40.2 msec : 0
40.3 msec : 0
40.4 msec : 0
40.5 msec : 0
40.6 msec : 0
40.7 msec : 0
40.8 msec : 0
40.9 msec : 0
41.0 msec : 0
41.1 msec : 0
41.2 msec : 0
41.3 msec : 0
41.4 msec : 1
41.5 msec : 1
41.6 msec : 2
41.7 msec : 1
41.8 msec : 2
41.9 msec : 2
42.0 msec : 0
42.1 msec : 2
42.2 msec : 1
42.3 msec : 1
42.4 msec : 0
42.5 msec : 0
42.6 msec : 0
42.7 msec : 4
42.8 msec : 1
42.9 msec : 0
43.0 msec : 0
43.1 msec : 0
43.2 msec : 0
43.3 msec : 0
43.4 msec : 1
43.5 msec : 1
43.6 msec : 3
43.7 msec : 1
43.8 msec : 0
43.9 msec : 0
44.0 msec : 0
44.1 msec : 0
44.2 msec : 0
44.3 msec : 1
44.4 msec : 0
44.5 msec : 1
44.6 msec : 0
44.7 msec : 0
44.8 msec : 0
44.9 msec : 0
45.0 msec : 0
45.1 msec : 0
45.2 msec : 0
45.3 msec : 0
45.4 msec : 0
45.5 msec : 0
45.6 msec : 0
45.7 msec : 0
45.8 msec : 0
45.9 msec : 0
46.0 msec : 0
46.1 msec : 0
46.2 msec : 0
46.3 msec : 0
46.4 msec : 0
46.5 msec : 0
46.6 msec : 0
46.7 msec : 0
46.8 msec : 0
46.9 msec : 0
47.0 msec : 0
47.1 msec : 0
47.2 msec : 0
47.3 msec : 0
47.4 msec : 0
47.5 msec : 0
47.6 msec : 0
47.7 msec : 0
47.8 msec : 0
47.9 msec : 0
48.0 msec : 0
48.1 msec : 0
48.2 msec : 0
48.3 msec : 0
48.4 msec : 0
48.5 msec : 0
48.6 msec : 0
48.7 msec : 0
48.8 msec : 0
48.9 msec : 0
49.0 msec : 0
49.1 msec : 0
49.2 msec : 0
49.3 msec : 0
49.4 msec : 0
49.5 msec : 0
49.6 msec : 0
49.7 msec : 0
49.8 msec : 0
49.9 msec : 0
50.0 msec : 0
50.1 msec : 0
50.2 msec : 0
50.3 msec : 0
50.4 msec : 0
50.5 msec : 0
50.6 msec : 0
50.7 msec : 0
50.8 msec : 0
50.9 msec : 0
51.0 msec : 0
51.1 msec : 0
51.2 msec : 0
51.3 msec : 0
51.4 msec : 0
51.5 msec : 0
51.6 msec : 0
51.7 msec : 0
51.8 msec : 0
51.9 msec : 0
52.0 msec : 0
52.1 msec : 0
52.2 msec : 0
52.3 msec : 0
52.4 msec : 0
52.5 msec : 0
52.6 msec : 0
52.7 msec : 0
52.8 msec : 0
52.9 msec : 0
53.0 msec : 0
53.1 msec : 2
53.2 msec : 1
53.3 msec : 2
53.4 msec : 0
53.5 msec : 2
53.6 msec : 1
53.7 msec : 0
53.8 msec : 1
53.9 msec : 0
54.0 msec : 1
54.1 msec : 0
54.2 msec : 1
54.3 msec : 5
54.4 msec : 1
54.5 msec : 1
54.6 msec : 0
54.7 msec : 1
54.8 msec : 0
54.9 msec : 0
55.0 msec : 0
55.1 msec : 0
55.2 msec : 0
55.3 msec : 0
55.4 msec : 0
55.5 msec : 0
55.6 msec : 0
55.7 msec : 0
55.8 msec : 0
55.9 msec : 1
56.0 msec : 0
56.1 msec : 0
56.2 msec : 0
56.3 msec : 2
56.4 msec : 1
56.5 msec : 4
56.6 msec : 3
56.7 msec : 11
56.8 msec : 6
56.9 msec : 3
57.0 msec : 0
57.1 msec : 1
57.2 msec : 1
57.3 msec : 0
57.4 msec : 0
57.5 msec : 0
57.6 msec : 4
57.7 msec : 7
57.8 msec : 1
57.9 msec : 0
58.0 msec : 0
58.1 msec : 0
58.2 msec : 0
58.3 msec : 1
58.4 msec : 0
58.5 msec : 0
58.6 msec : 1
58.7 msec : 0
58.8 msec : 0
58.9 msec : 0
59.0 msec : 0
59.1 msec : 0
59.2 msec : 1
59.3 msec : 0
59.4 msec : 0
59.5 msec : 0
59.6 msec : 1
59.7 msec : 0
59.8 msec : 0
59.9 msec : 0
60.0 msec : 0
60.1 msec : 0
60.2 msec : 0
60.3 msec : 0
60.4 msec : 0
60.5 msec : 0
60.6 msec : 0
60.7 msec : 0
60.8 msec : 0
60.9 msec : 0
61.0 msec : 0
61.1 msec : 0
61.2 msec : 0
61.3 msec : 0
61.4 msec : 0
61.5 msec : 0
61.6 msec : 0
61.7 msec : 0
61.8 msec : 0
61.9 msec : 0
62.0 msec : 0
62.1 msec : 0
62.2 msec : 0
62.3 msec : 0
62.4 msec : 0
62.5 msec : 0
62.6 msec : 0
62.7 msec : 0
62.8 msec : 0
62.9 msec : 0
63.0 msec : 0
63.1 msec : 0
63.2 msec : 0
63.3 msec : 0
63.4 msec : 0
63.5 msec : 0
63.6 msec : 0
63.7 msec : 0
63.8 msec : 0
63.9 msec : 0
64.0 msec : 0
64.1 msec : 0
64.2 msec : 0
64.3 msec : 0
64.4 msec : 0
64.5 msec : 0
64.6 msec : 0
64.7 msec : 0
64.8 msec : 0
64.9 msec : 0
65.0 msec : 0
65.1 msec : 0
65.2 msec : 0
65.3 msec : 0
65.4 msec : 0
65.5 msec : 0
65.6 msec : 0
65.7 msec : 0
65.8 msec : 0
65.9 msec : 0
66.0 msec : 0
66.1 msec : 0
66.2 msec : 0
66.3 msec : 0
66.4 msec : 0
66.5 msec : 0
66.6 msec : 0
66.7 msec : 0
66.8 msec : 0
66.9 msec : 0
67.0 msec : 0
67.1 msec : 0
67.2 msec : 0
67.3 msec : 0
