Middleware started...
Middleware shuts down...
Smaller resolution statistics are in a log file...
Final aggregates per worker:


Worker 13
Average throughput (ops/sec) = 239
Average response time (msec) = 1.0437333442622951
Average queue length = 0
Average wait time in queue (msec) = 0.17275211475409835
Average service time (msec) = 0.7843462950819673
Number of SET = 0
Number of GET = 239
Number of MULTI GET = 0


Worker 7
Average throughput (ops/sec) = 238
Average response time (msec) = 1.0309567213114754
Average queue length = 0
Average wait time in queue (msec) = 0.18284331147540983
Average service time (msec) = 0.775379131147541
Number of SET = 0
Number of GET = 238
Number of MULTI GET = 0


Worker 14
Average throughput (ops/sec) = 238
Average response time (msec) = 1.0496657049180327
Average queue length = 0
Average wait time in queue (msec) = 0.17354159016393442
Average service time (msec) = 0.8015816393442623
Number of SET = 0
Number of GET = 238
Number of MULTI GET = 0


Worker 6
Average throughput (ops/sec) = 240
Average response time (msec) = 1.0182194426229507
Average queue length = 0
Average wait time in queue (msec) = 0.16950777049180327
Average service time (msec) = 0.7802821639344263
Number of SET = 0
Number of GET = 240
Number of MULTI GET = 0


Worker 15
Average throughput (ops/sec) = 238
Average response time (msec) = 1.0416654590163934
Average queue length = 0
Average wait time in queue (msec) = 0.17660434426229507
Average service time (msec) = 0.7898756393442623
Number of SET = 0
Number of GET = 238
Number of MULTI GET = 0


Worker 9
Average throughput (ops/sec) = 238
Average response time (msec) = 1.0247129672131148
Average queue length = 0
Average wait time in queue (msec) = 0.1717750655737705
Average service time (msec) = 0.7767749836065574
Number of SET = 0
Number of GET = 238
Number of MULTI GET = 0


Worker 16
Average throughput (ops/sec) = 239
Average response time (msec) = 1.065205
Average queue length = 0
Average wait time in queue (msec) = 0.1739842131147541
Average service time (msec) = 0.8122157377049181
Number of SET = 0
Number of GET = 239
Number of MULTI GET = 0


Worker 8
Average throughput (ops/sec) = 238
Average response time (msec) = 1.0696007540983608
Average queue length = 0
Average wait time in queue (msec) = 0.1839770163934426
Average service time (msec) = 0.8167674426229508
Number of SET = 0
Number of GET = 238
Number of MULTI GET = 0


Worker 3
Average throughput (ops/sec) = 237
Average response time (msec) = 1.0525070163934427
Average queue length = 0
Average wait time in queue (msec) = 0.16118183606557376
Average service time (msec) = 0.8096973934426229
Number of SET = 0
Number of GET = 237
Number of MULTI GET = 0


Worker 10
Average throughput (ops/sec) = 240
Average response time (msec) = 1.0306933770491804
Average queue length = 0
Average wait time in queue (msec) = 0.16740240983606558
Average service time (msec) = 0.792008475409836
Number of SET = 0
Number of GET = 240
Number of MULTI GET = 0


Worker 2
Average throughput (ops/sec) = 241
Average response time (msec) = 1.0580022295081968
Average queue length = 0
Average wait time in queue (msec) = 0.17429790163934425
Average service time (msec) = 0.8100531639344263
Number of SET = 0
Number of GET = 241
Number of MULTI GET = 0


Worker 11
Average throughput (ops/sec) = 240
Average response time (msec) = 1.0577065737704918
Average queue length = 0
Average wait time in queue (msec) = 0.1747266393442623
Average service time (msec) = 0.8146079180327869
Number of SET = 0
Number of GET = 240
Number of MULTI GET = 0


Worker 5
Average throughput (ops/sec) = 240
Average response time (msec) = 1.054203393442623
Average queue length = 0
Average wait time in queue (msec) = 0.16445495081967215
Average service time (msec) = 0.8115037049180327
Number of SET = 0
Number of GET = 240
Number of MULTI GET = 0


Worker 12
Average throughput (ops/sec) = 239
Average response time (msec) = 1.044792655737705
Average queue length = 0
Average wait time in queue (msec) = 0.17186816393442625
Average service time (msec) = 0.8017589836065574
Number of SET = 0
Number of GET = 239
Number of MULTI GET = 0


Worker 4
Average throughput (ops/sec) = 240
Average response time (msec) = 1.0526943606557377
Average queue length = 0
Average wait time in queue (msec) = 0.177348868852459
Average service time (msec) = 0.8036894918032786
Number of SET = 0
Number of GET = 240
Number of MULTI GET = 0


Worker 1
Average throughput (ops/sec) = 238
Average response time (msec) = 1.0501441147540984
Average queue length = 1
Average wait time in queue (msec) = 0.17285172131147541
Average service time (msec) = 0.7975773278688524
Number of SET = 0
Number of GET = 238
Number of MULTI GET = 0


FINAL STATS
Average throughput (ops/sec) = 3823
Average response time (msec) = 1.0047516187673502
Average queue length = 0
Average wait time in queue (msec) = 0.17306986987704917
Average service time (msec) = 0.798632468237705
Number of SET = 0
Number of GET = 238
Number of MULTI GET = 0
Number of Cache misses = 351


Histogram response times (0.1 msec step)
0.0 msec : 3873
0.1 msec : 24951
0.2 msec : 37048
0.3 msec : 37944
0.4 msec : 34230
0.5 msec : 26642
0.6 msec : 18205
0.7 msec : 11706
0.8 msec : 7584
0.9 msec : 4979
1.0 msec : 3482
1.1 msec : 2512
1.2 msec : 1943
1.3 msec : 1416
1.4 msec : 1228
1.5 msec : 775
1.6 msec : 543
1.7 msec : 452
1.8 msec : 364
1.9 msec : 333
2.0 msec : 259
2.1 msec : 239
2.2 msec : 209
2.3 msec : 176
2.4 msec : 163
2.5 msec : 140
2.6 msec : 115
2.7 msec : 127
2.8 msec : 117
2.9 msec : 88
3.0 msec : 81
3.1 msec : 102
3.2 msec : 88
3.3 msec : 78
3.4 msec : 84
3.5 msec : 78
3.6 msec : 74
3.7 msec : 54
3.8 msec : 64
3.9 msec : 68
4.0 msec : 68
4.1 msec : 67
4.2 msec : 70
4.3 msec : 76
4.4 msec : 65
4.5 msec : 62
4.6 msec : 47
4.7 msec : 63
4.8 msec : 68
4.9 msec : 56
5.0 msec : 52
5.1 msec : 35
5.2 msec : 28
5.3 msec : 28
5.4 msec : 40
5.5 msec : 24
5.6 msec : 25
5.7 msec : 36
5.8 msec : 34
5.9 msec : 29
6.0 msec : 34
6.1 msec : 22
6.2 msec : 35
6.3 msec : 46
6.4 msec : 72
6.5 msec : 124
6.6 msec : 153
6.7 msec : 248
6.8 msec : 468
6.9 msec : 796
7.0 msec : 1097
7.1 msec : 1208
7.2 msec : 1086
7.3 msec : 998
7.4 msec : 863
7.5 msec : 673
7.6 msec : 518
7.7 msec : 326
7.8 msec : 189
7.9 msec : 164
8.0 msec : 128
8.1 msec : 106
8.2 msec : 82
8.3 msec : 52
8.4 msec : 23
8.5 msec : 22
8.6 msec : 27
8.7 msec : 17
8.8 msec : 22
8.9 msec : 21
9.0 msec : 25
9.1 msec : 14
9.2 msec : 26
9.3 msec : 30
9.4 msec : 18
9.5 msec : 14
9.6 msec : 15
9.7 msec : 16
9.8 msec : 11
9.9 msec : 10
10.0 msec : 10
10.1 msec : 6
10.2 msec : 10
10.3 msec : 11
10.4 msec : 9
10.5 msec : 7
10.6 msec : 12
10.7 msec : 7
10.8 msec : 10
10.9 msec : 7
11.0 msec : 7
11.1 msec : 12
11.2 msec : 11
11.3 msec : 9
11.4 msec : 7
11.5 msec : 9
11.6 msec : 7
11.7 msec : 6
11.8 msec : 4
11.9 msec : 3
12.0 msec : 2
12.1 msec : 0
12.2 msec : 0
12.3 msec : 5
12.4 msec : 2
12.5 msec : 4
12.6 msec : 1
12.7 msec : 3
12.8 msec : 0
12.9 msec : 2
13.0 msec : 1
13.1 msec : 0
13.2 msec : 1
13.3 msec : 2
13.4 msec : 0
13.5 msec : 0
13.6 msec : 0
13.7 msec : 2
13.8 msec : 4
13.9 msec : 1
14.0 msec : 2
14.1 msec : 1
14.2 msec : 2
14.3 msec : 0
14.4 msec : 1
14.5 msec : 2
14.6 msec : 1
14.7 msec : 1
14.8 msec : 1
14.9 msec : 2
15.0 msec : 1
15.1 msec : 2
15.2 msec : 0
15.3 msec : 0
15.4 msec : 0
15.5 msec : 0
15.6 msec : 3
15.7 msec : 6
15.8 msec : 4
15.9 msec : 3
16.0 msec : 1
16.1 msec : 2
16.2 msec : 2
16.3 msec : 2
16.4 msec : 0
16.5 msec : 0
16.6 msec : 1
16.7 msec : 1
16.8 msec : 0
16.9 msec : 8
17.0 msec : 6
17.1 msec : 6
17.2 msec : 7
17.3 msec : 7
17.4 msec : 4
17.5 msec : 3
17.6 msec : 3
17.7 msec : 2
17.8 msec : 0
17.9 msec : 4
18.0 msec : 4
18.1 msec : 4
18.2 msec : 0
18.3 msec : 0
18.4 msec : 0
18.5 msec : 0
18.6 msec : 0
18.7 msec : 1
18.8 msec : 0
18.9 msec : 2
19.0 msec : 3
19.1 msec : 3
19.2 msec : 0
19.3 msec : 0
19.4 msec : 1
19.5 msec : 0
19.6 msec : 0
19.7 msec : 1
19.8 msec : 0
19.9 msec : 1
20.0 msec : 0
20.1 msec : 0
20.2 msec : 1
20.3 msec : 0
20.4 msec : 0
20.5 msec : 0
20.6 msec : 1
20.7 msec : 2
20.8 msec : 0
20.9 msec : 0
21.0 msec : 4
21.1 msec : 3
21.2 msec : 0
21.3 msec : 4
21.4 msec : 1
21.5 msec : 1
21.6 msec : 1
21.7 msec : 1
21.8 msec : 0
21.9 msec : 0
22.0 msec : 0
22.1 msec : 0
22.2 msec : 0
22.3 msec : 0
22.4 msec : 0
22.5 msec : 0
22.6 msec : 0
22.7 msec : 0
22.8 msec : 0
22.9 msec : 0
23.0 msec : 0
23.1 msec : 0
23.2 msec : 0
23.3 msec : 0
23.4 msec : 0
23.5 msec : 0
23.6 msec : 0
23.7 msec : 0
23.8 msec : 0
23.9 msec : 0
24.0 msec : 0
24.1 msec : 0
24.2 msec : 0
24.3 msec : 0
24.4 msec : 1
24.5 msec : 0
24.6 msec : 0
24.7 msec : 0
24.8 msec : 0
24.9 msec : 0
25.0 msec : 0
25.1 msec : 0
25.2 msec : 0
25.3 msec : 0
25.4 msec : 0
25.5 msec : 0
25.6 msec : 0
25.7 msec : 0
25.8 msec : 0
25.9 msec : 0
26.0 msec : 0
26.1 msec : 0
26.2 msec : 0
26.3 msec : 0
26.4 msec : 0
26.5 msec : 0
26.6 msec : 4
26.7 msec : 0
26.8 msec : 1
26.9 msec : 2
27.0 msec : 0
27.1 msec : 3
27.2 msec : 7
27.3 msec : 1
27.4 msec : 1
27.5 msec : 2
27.6 msec : 0
27.7 msec : 0
27.8 msec : 0
27.9 msec : 0
28.0 msec : 1
28.1 msec : 1
28.2 msec : 0
28.3 msec : 0
28.4 msec : 0
28.5 msec : 1
28.6 msec : 0
28.7 msec : 1
28.8 msec : 0
28.9 msec : 0
29.0 msec : 0
29.1 msec : 0
29.2 msec : 0
29.3 msec : 0
29.4 msec : 0
29.5 msec : 0
29.6 msec : 0
29.7 msec : 1
29.8 msec : 0
29.9 msec : 0
30.0 msec : 0
30.1 msec : 0
30.2 msec : 0
30.3 msec : 1
30.4 msec : 0
30.5 msec : 0
30.6 msec : 0
30.7 msec : 0
30.8 msec : 0
30.9 msec : 0
31.0 msec : 0
31.1 msec : 0
31.2 msec : 0
31.3 msec : 0
31.4 msec : 0
31.5 msec : 1
31.6 msec : 0
31.7 msec : 0
31.8 msec : 0
31.9 msec : 0
32.0 msec : 0
32.1 msec : 0
32.2 msec : 0
32.3 msec : 0
32.4 msec : 0
32.5 msec : 0
32.6 msec : 0
32.7 msec : 0
32.8 msec : 0
32.9 msec : 0
33.0 msec : 0
33.1 msec : 0
33.2 msec : 0
33.3 msec : 0
33.4 msec : 0
33.5 msec : 0
33.6 msec : 0
33.7 msec : 0
33.8 msec : 0
33.9 msec : 0
34.0 msec : 0
34.1 msec : 0
34.2 msec : 0
34.3 msec : 0
34.4 msec : 0
34.5 msec : 1
34.6 msec : 0
34.7 msec : 0
34.8 msec : 0
34.9 msec : 0
35.0 msec : 0
35.1 msec : 0
35.2 msec : 0
35.3 msec : 1
35.4 msec : 0
35.5 msec : 0
35.6 msec : 1
35.7 msec : 0
35.8 msec : 1
35.9 msec : 0
36.0 msec : 0
36.1 msec : 0
36.2 msec : 0
36.3 msec : 0
36.4 msec : 0
36.5 msec : 0
36.6 msec : 0
36.7 msec : 0
36.8 msec : 0
36.9 msec : 0
37.0 msec : 0
37.1 msec : 0
37.2 msec : 0
37.3 msec : 0
37.4 msec : 0
37.5 msec : 0
37.6 msec : 0
37.7 msec : 0
37.8 msec : 0
37.9 msec : 0
38.0 msec : 0
38.1 msec : 0
38.2 msec : 0
38.3 msec : 0
38.4 msec : 0
38.5 msec : 0
38.6 msec : 0
38.7 msec : 0
38.8 msec : 0
38.9 msec : 0
39.0 msec : 0
39.1 msec : 0
39.2 msec : 0
39.3 msec : 0
39.4 msec : 0
39.5 msec : 0
39.6 msec : 0
39.7 msec : 0
39.8 msec : 0
39.9 msec : 0
40.0 msec : 0
40.1 msec : 0
40.2 msec : 0
40.3 msec : 0
40.4 msec : 0
40.5 msec : 0
40.6 msec : 0
40.7 msec : 0
40.8 msec : 0
40.9 msec : 0
41.0 msec : 1
41.1 msec : 2
41.2 msec : 3
41.3 msec : 1
41.4 msec : 1
41.5 msec : 1
41.6 msec : 0
41.7 msec : 0
41.8 msec : 0
41.9 msec : 0
42.0 msec : 0
42.1 msec : 0
42.2 msec : 0
42.3 msec : 0
42.4 msec : 0
42.5 msec : 0
42.6 msec : 0
42.7 msec : 0
42.8 msec : 0
42.9 msec : 4
43.0 msec : 4
43.1 msec : 1
43.2 msec : 0
43.3 msec : 0
43.4 msec : 0
43.5 msec : 0
43.6 msec : 0
43.7 msec : 0
43.8 msec : 0
43.9 msec : 0
44.0 msec : 0
44.1 msec : 0
44.2 msec : 0
44.3 msec : 0
44.4 msec : 0
44.5 msec : 0
44.6 msec : 1
44.7 msec : 1
44.8 msec : 3
44.9 msec : 1
45.0 msec : 0
45.1 msec : 0
45.2 msec : 0
45.3 msec : 1
45.4 msec : 0
45.5 msec : 0
45.6 msec : 2
45.7 msec : 1
45.8 msec : 0
45.9 msec : 0
46.0 msec : 0
46.1 msec : 0
46.2 msec : 0
46.3 msec : 1
46.4 msec : 1
46.5 msec : 0
46.6 msec : 0
46.7 msec : 0
46.8 msec : 0
46.9 msec : 0
47.0 msec : 0
47.1 msec : 0
47.2 msec : 0
47.3 msec : 0
47.4 msec : 0
47.5 msec : 0
47.6 msec : 0
47.7 msec : 0
47.8 msec : 0
47.9 msec : 0
48.0 msec : 0
48.1 msec : 0
48.2 msec : 0
48.3 msec : 0
48.4 msec : 0
48.5 msec : 0
48.6 msec : 0
48.7 msec : 0
48.8 msec : 0
48.9 msec : 0
49.0 msec : 0
49.1 msec : 0
49.2 msec : 0
49.3 msec : 0
49.4 msec : 0
49.5 msec : 0
49.6 msec : 0
49.7 msec : 0
49.8 msec : 0
49.9 msec : 0
50.0 msec : 0
50.1 msec : 0
50.2 msec : 0
50.3 msec : 3
50.4 msec : 1
50.5 msec : 2
50.6 msec : 2
50.7 msec : 1
50.8 msec : 0
50.9 msec : 0
51.0 msec : 0
51.1 msec : 0
51.2 msec : 0
51.3 msec : 0
51.4 msec : 0
51.5 msec : 1
51.6 msec : 0
51.7 msec : 0
51.8 msec : 0
51.9 msec : 0
52.0 msec : 0
52.1 msec : 0
52.2 msec : 0
52.3 msec : 0
52.4 msec : 0
52.5 msec : 0
52.6 msec : 0
52.7 msec : 0
52.8 msec : 0
52.9 msec : 0
53.0 msec : 0
53.1 msec : 0
53.2 msec : 0
53.3 msec : 0
53.4 msec : 0
53.5 msec : 0
53.6 msec : 0
53.7 msec : 0
53.8 msec : 0
53.9 msec : 0
54.0 msec : 0
54.1 msec : 0
54.2 msec : 0
54.3 msec : 0
54.4 msec : 0
54.5 msec : 0
54.6 msec : 0
54.7 msec : 0
54.8 msec : 0
54.9 msec : 0
55.0 msec : 0
55.1 msec : 0
55.2 msec : 0
55.3 msec : 0
55.4 msec : 0
55.5 msec : 0
55.6 msec : 0
55.7 msec : 0
55.8 msec : 0
55.9 msec : 0
56.0 msec : 0
56.1 msec : 0
56.2 msec : 0
56.3 msec : 0
56.4 msec : 0
56.5 msec : 0
56.6 msec : 0
56.7 msec : 0
56.8 msec : 0
56.9 msec : 0
57.0 msec : 0
57.1 msec : 0
57.2 msec : 0
57.3 msec : 0
57.4 msec : 0
57.5 msec : 0
57.6 msec : 0
57.7 msec : 0
57.8 msec : 0
57.9 msec : 0
58.0 msec : 0
58.1 msec : 0
58.2 msec : 0
58.3 msec : 0
58.4 msec : 0
58.5 msec : 0
58.6 msec : 0
58.7 msec : 0
58.8 msec : 0
58.9 msec : 0
59.0 msec : 0
59.1 msec : 0
59.2 msec : 0
59.3 msec : 0
59.4 msec : 0
59.5 msec : 0
59.6 msec : 0
59.7 msec : 0
59.8 msec : 0
59.9 msec : 0
60.0 msec : 0
60.1 msec : 0
60.2 msec : 0
60.3 msec : 0
60.4 msec : 0
60.5 msec : 0
60.6 msec : 0
60.7 msec : 0
60.8 msec : 0
60.9 msec : 0
61.0 msec : 0
61.1 msec : 0
61.2 msec : 0
61.3 msec : 0
61.4 msec : 0
61.5 msec : 0
61.6 msec : 0
61.7 msec : 0
61.8 msec : 0
61.9 msec : 0
62.0 msec : 0
62.1 msec : 0
62.2 msec : 0
62.3 msec : 0
62.4 msec : 0
62.5 msec : 1
62.6 msec : 1
62.7 msec : 0
62.8 msec : 1
62.9 msec : 0
63.0 msec : 1
63.1 msec : 0
63.2 msec : 0
63.3 msec : 0
