Middleware started...
Middleware shuts down...
Smaller resolution statistics are in a log file...
Final aggregates per worker:


Worker 13
Average throughput (ops/sec) = 2562
Average response time (msec) = 0.3964556666666667
Average queue length = 0
Average wait time in queue (msec) = 0.034991
Average service time (msec) = 0.22894266666666666
Number of SET = 2562
Number of GET = 0
Number of MULTI GET = 0


Worker 7
Average throughput (ops/sec) = 2571
Average response time (msec) = 0.411396
Average queue length = 0
Average wait time in queue (msec) = 0.034558
Average service time (msec) = 0.24071316666666664
Number of SET = 2571
Number of GET = 0
Number of MULTI GET = 0


Worker 14
Average throughput (ops/sec) = 2537
Average response time (msec) = 0.407347
Average queue length = 1
Average wait time in queue (msec) = 0.03995816666666666
Average service time (msec) = 0.24299466666666666
Number of SET = 2537
Number of GET = 0
Number of MULTI GET = 0


Worker 6
Average throughput (ops/sec) = 2534
Average response time (msec) = 0.3738961666666667
Average queue length = 0
Average wait time in queue (msec) = 0.039002833333333334
Average service time (msec) = 0.21217816666666667
Number of SET = 2534
Number of GET = 0
Number of MULTI GET = 0


Worker 15
Average throughput (ops/sec) = 2538
Average response time (msec) = 0.418899
Average queue length = 1
Average wait time in queue (msec) = 0.041045
Average service time (msec) = 0.245445
Number of SET = 2538
Number of GET = 0
Number of MULTI GET = 0


Worker 9
Average throughput (ops/sec) = 2578
Average response time (msec) = 0.3823881666666667
Average queue length = 0
Average wait time in queue (msec) = 0.035282
Average service time (msec) = 0.22793266666666664
Number of SET = 2578
Number of GET = 0
Number of MULTI GET = 0


Worker 16
Average throughput (ops/sec) = 2509
Average response time (msec) = 0.4128215
Average queue length = 2
Average wait time in queue (msec) = 0.04170366666666667
Average service time (msec) = 0.23429683333333334
Number of SET = 2509
Number of GET = 0
Number of MULTI GET = 0


Worker 8
Average throughput (ops/sec) = 2530
Average response time (msec) = 0.4007073333333333
Average queue length = 0
Average wait time in queue (msec) = 0.035487833333333337
Average service time (msec) = 0.23227083333333334
Number of SET = 2530
Number of GET = 0
Number of MULTI GET = 0


Worker 3
Average throughput (ops/sec) = 2588
Average response time (msec) = 0.37932366666666667
Average queue length = 2
Average wait time in queue (msec) = 0.03726483333333334
Average service time (msec) = 0.21995633333333334
Number of SET = 2588
Number of GET = 0
Number of MULTI GET = 0


Worker 10
Average throughput (ops/sec) = 2576
Average response time (msec) = 0.41654383333333334
Average queue length = 0
Average wait time in queue (msec) = 0.0400845
Average service time (msec) = 0.23314666666666667
Number of SET = 2576
Number of GET = 0
Number of MULTI GET = 0


Worker 2
Average throughput (ops/sec) = 2570
Average response time (msec) = 0.3880265
Average queue length = 0
Average wait time in queue (msec) = 0.03550216666666666
Average service time (msec) = 0.22274
Number of SET = 2570
Number of GET = 0
Number of MULTI GET = 0


Worker 11
Average throughput (ops/sec) = 2507
Average response time (msec) = 0.402759
Average queue length = 1
Average wait time in queue (msec) = 0.038002666666666664
Average service time (msec) = 0.2291955
Number of SET = 2507
Number of GET = 0
Number of MULTI GET = 0


Worker 5
Average throughput (ops/sec) = 2572
Average response time (msec) = 0.3949918333333333
Average queue length = 0
Average wait time in queue (msec) = 0.042839
Average service time (msec) = 0.22349233333333335
Number of SET = 2572
Number of GET = 0
Number of MULTI GET = 0


Worker 12
Average throughput (ops/sec) = 2553
Average response time (msec) = 0.40345416666666667
Average queue length = 0
Average wait time in queue (msec) = 0.0396845
Average service time (msec) = 0.22384116666666665
Number of SET = 2553
Number of GET = 0
Number of MULTI GET = 0


Worker 4
Average throughput (ops/sec) = 2491
Average response time (msec) = 0.3942613333333333
Average queue length = 0
Average wait time in queue (msec) = 0.034883833333333336
Average service time (msec) = 0.2336535
Number of SET = 2491
Number of GET = 0
Number of MULTI GET = 0


Worker 1
Average throughput (ops/sec) = 2582
Average response time (msec) = 0.3883505
Average queue length = 0
Average wait time in queue (msec) = 0.034416833333333334
Average service time (msec) = 0.22989633333333334
Number of SET = 2582
Number of GET = 0
Number of MULTI GET = 0


FINAL STATS
Average throughput (ops/sec) = 40798
Average response time (msec) = 0.325393265128871
Average queue length = 0
Average wait time in queue (msec) = 0.03779417708333334
Average service time (msec) = 0.23004348958333334
Number of SET = 2549
Number of GET = 0
Number of MULTI GET = 0
Number of Cache misses = 0


Histogram response times (0.1 msec step)
0.0 msec : 79387
0.1 msec : 30500
0.2 msec : 37300
0.3 msec : 33214
0.4 msec : 24355
0.5 msec : 13804
0.6 msec : 8569
0.7 msec : 6738
0.8 msec : 4049
0.9 msec : 2065
1.0 msec : 1360
1.1 msec : 940
1.2 msec : 608
1.3 msec : 377
1.4 msec : 228
1.5 msec : 192
1.6 msec : 126
1.7 msec : 106
1.8 msec : 67
1.9 msec : 70
2.0 msec : 71
2.1 msec : 49
2.2 msec : 47
2.3 msec : 41
2.4 msec : 31
2.5 msec : 23
2.6 msec : 29
2.7 msec : 22
2.8 msec : 23
2.9 msec : 29
3.0 msec : 14
3.1 msec : 17
3.2 msec : 10
3.3 msec : 9
3.4 msec : 13
3.5 msec : 10
3.6 msec : 14
3.7 msec : 14
3.8 msec : 11
3.9 msec : 18
4.0 msec : 16
4.1 msec : 11
4.2 msec : 8
4.3 msec : 17
4.4 msec : 18
4.5 msec : 23
4.6 msec : 17
4.7 msec : 8
4.8 msec : 10
4.9 msec : 16
5.0 msec : 8
5.1 msec : 2
5.2 msec : 8
5.3 msec : 11
5.4 msec : 8
5.5 msec : 5
5.6 msec : 7
5.7 msec : 8
5.8 msec : 9
5.9 msec : 5
6.0 msec : 3
6.1 msec : 6
6.2 msec : 12
6.3 msec : 10
6.4 msec : 7
6.5 msec : 1
6.6 msec : 4
6.7 msec : 2
6.8 msec : 1
6.9 msec : 3
7.0 msec : 4
7.1 msec : 1
7.2 msec : 1
7.3 msec : 1
7.4 msec : 1
7.5 msec : 2
7.6 msec : 3
7.7 msec : 2
7.8 msec : 1
7.9 msec : 1
8.0 msec : 0
8.1 msec : 1
8.2 msec : 1
8.3 msec : 0
8.4 msec : 1
8.5 msec : 2
8.6 msec : 1
8.7 msec : 0
8.8 msec : 0
8.9 msec : 1
9.0 msec : 1
9.1 msec : 1
9.2 msec : 1
9.3 msec : 4
9.4 msec : 2
9.5 msec : 2
9.6 msec : 1
9.7 msec : 0
9.8 msec : 0
9.9 msec : 0
10.0 msec : 1
10.1 msec : 0
10.2 msec : 0
10.3 msec : 0
10.4 msec : 1
10.5 msec : 1
10.6 msec : 1
10.7 msec : 2
10.8 msec : 3
10.9 msec : 2
11.0 msec : 4
11.1 msec : 3
11.2 msec : 1
11.3 msec : 3
11.4 msec : 5
11.5 msec : 2
11.6 msec : 6
11.7 msec : 0
11.8 msec : 1
11.9 msec : 1
12.0 msec : 1
12.1 msec : 0
12.2 msec : 1
12.3 msec : 0
12.4 msec : 0
12.5 msec : 2
12.6 msec : 2
12.7 msec : 1
12.8 msec : 1
12.9 msec : 0
13.0 msec : 0
13.1 msec : 0
13.2 msec : 0
