Middleware started...
Middleware shuts down...
Smaller resolution statistics are in a log file...
Final aggregates per worker:


Worker 13
Average throughput (ops/sec) = 2626
Average response time (msec) = 0.3804146666666667
Average queue length = 1
Average wait time in queue (msec) = 0.0310235
Average service time (msec) = 0.22747483333333335
Number of SET = 2626
Number of GET = 0
Number of MULTI GET = 0


Worker 7
Average throughput (ops/sec) = 2661
Average response time (msec) = 0.3741566666666667
Average queue length = 1
Average wait time in queue (msec) = 0.03156383333333333
Average service time (msec) = 0.22337683333333333
Number of SET = 2661
Number of GET = 0
Number of MULTI GET = 0


Worker 14
Average throughput (ops/sec) = 2608
Average response time (msec) = 0.3853795
Average queue length = 1
Average wait time in queue (msec) = 0.030343666666666668
Average service time (msec) = 0.22183916666666667
Number of SET = 2608
Number of GET = 0
Number of MULTI GET = 0


Worker 6
Average throughput (ops/sec) = 2674
Average response time (msec) = 0.3598773333333333
Average queue length = 1
Average wait time in queue (msec) = 0.031162
Average service time (msec) = 0.213948
Number of SET = 2674
Number of GET = 0
Number of MULTI GET = 0


Worker 9
Average throughput (ops/sec) = 2658
Average response time (msec) = 0.3708176666666667
Average queue length = 1
Average wait time in queue (msec) = 0.028681666666666668
Average service time (msec) = 0.21839033333333335
Number of SET = 2658
Number of GET = 0
Number of MULTI GET = 0


Worker 15
Average throughput (ops/sec) = 2648
Average response time (msec) = 0.3721683333333333
Average queue length = 1
Average wait time in queue (msec) = 0.0285945
Average service time (msec) = 0.2217155
Number of SET = 2648
Number of GET = 0
Number of MULTI GET = 0


Worker 8
Average throughput (ops/sec) = 2673
Average response time (msec) = 0.3747893333333333
Average queue length = 1
Average wait time in queue (msec) = 0.030703166666666667
Average service time (msec) = 0.22362783333333333
Number of SET = 2673
Number of GET = 0
Number of MULTI GET = 0


Worker 16
Average throughput (ops/sec) = 2639
Average response time (msec) = 0.3818576666666667
Average queue length = 1
Average wait time in queue (msec) = 0.03353916666666666
Average service time (msec) = 0.22286116666666667
Number of SET = 2639
Number of GET = 0
Number of MULTI GET = 0


Worker 3
Average throughput (ops/sec) = 2645
Average response time (msec) = 0.38690816666666666
Average queue length = 1
Average wait time in queue (msec) = 0.034122
Average service time (msec) = 0.2182925
Number of SET = 2645
Number of GET = 0
Number of MULTI GET = 0


Worker 2
Average throughput (ops/sec) = 2624
Average response time (msec) = 0.3709076666666667
Average queue length = 1
Average wait time in queue (msec) = 0.030298333333333333
Average service time (msec) = 0.21919066666666664
Number of SET = 2624
Number of GET = 0
Number of MULTI GET = 0


Worker 10
Average throughput (ops/sec) = 2646
Average response time (msec) = 0.3817363333333333
Average queue length = 1
Average wait time in queue (msec) = 0.03798616666666666
Average service time (msec) = 0.2192985
Number of SET = 2646
Number of GET = 0
Number of MULTI GET = 0


Worker 5
Average throughput (ops/sec) = 2620
Average response time (msec) = 0.3852485
Average queue length = 0
Average wait time in queue (msec) = 0.04266583333333333
Average service time (msec) = 0.22187383333333335
Number of SET = 2620
Number of GET = 0
Number of MULTI GET = 0


Worker 11
Average throughput (ops/sec) = 2651
Average response time (msec) = 0.3742005
Average queue length = 1
Average wait time in queue (msec) = 0.035036333333333336
Average service time (msec) = 0.215176
Number of SET = 2651
Number of GET = 0
Number of MULTI GET = 0


Worker 12
Average throughput (ops/sec) = 2615
Average response time (msec) = 0.3940211666666667
Average queue length = 1
Average wait time in queue (msec) = 0.04010366666666666
Average service time (msec) = 0.23774916666666665
Number of SET = 2615
Number of GET = 0
Number of MULTI GET = 0


Worker 4
Average throughput (ops/sec) = 2651
Average response time (msec) = 0.36724033333333334
Average queue length = 1
Average wait time in queue (msec) = 0.030872833333333332
Average service time (msec) = 0.22515633333333335
Number of SET = 2651
Number of GET = 0
Number of MULTI GET = 0


Worker 1
Average throughput (ops/sec) = 2656
Average response time (msec) = 0.3717218333333333
Average queue length = 2
Average wait time in queue (msec) = 0.030417
Average service time (msec) = 0.2233875
Number of SET = 2656
Number of GET = 0
Number of MULTI GET = 0


FINAL STATS
Average throughput (ops/sec) = 42295
Average response time (msec) = 0.31135442877683106
Average queue length = 1
Average wait time in queue (msec) = 0.03294460416666666
Average service time (msec) = 0.22208488541666666
Number of SET = 2643
Number of GET = 0
Number of MULTI GET = 0
Number of Cache misses = 0


Histogram response times (0.1 msec step)
0.0 msec : 87341
0.1 msec : 32579
0.2 msec : 38366
0.3 msec : 32963
0.4 msec : 23590
0.5 msec : 13516
0.6 msec : 8653
0.7 msec : 6313
0.8 msec : 3777
0.9 msec : 2061
1.0 msec : 1350
1.1 msec : 903
1.2 msec : 592
1.3 msec : 350
1.4 msec : 263
1.5 msec : 177
1.6 msec : 148
1.7 msec : 100
1.8 msec : 53
1.9 msec : 43
2.0 msec : 47
2.1 msec : 24
2.2 msec : 29
2.3 msec : 34
2.4 msec : 30
2.5 msec : 22
2.6 msec : 10
2.7 msec : 13
2.8 msec : 16
2.9 msec : 15
3.0 msec : 12
3.1 msec : 10
3.2 msec : 14
3.3 msec : 16
3.4 msec : 16
3.5 msec : 17
3.6 msec : 11
3.7 msec : 14
3.8 msec : 18
3.9 msec : 13
4.0 msec : 14
4.1 msec : 21
4.2 msec : 18
4.3 msec : 14
4.4 msec : 15
4.5 msec : 13
4.6 msec : 10
4.7 msec : 8
4.8 msec : 14
4.9 msec : 11
5.0 msec : 11
5.1 msec : 19
5.2 msec : 20
5.3 msec : 18
5.4 msec : 7
5.5 msec : 9
5.6 msec : 9
5.7 msec : 8
5.8 msec : 3
5.9 msec : 6
6.0 msec : 4
6.1 msec : 5
6.2 msec : 2
6.3 msec : 5
6.4 msec : 7
6.5 msec : 4
6.6 msec : 5
6.7 msec : 3
6.8 msec : 7
6.9 msec : 1
7.0 msec : 1
7.1 msec : 3
7.2 msec : 2
7.3 msec : 2
7.4 msec : 1
7.5 msec : 4
7.6 msec : 0
7.7 msec : 0
7.8 msec : 0
7.9 msec : 1
8.0 msec : 0
8.1 msec : 1
8.2 msec : 0
8.3 msec : 0
8.4 msec : 0
8.5 msec : 0
8.6 msec : 0
8.7 msec : 2
8.8 msec : 0
8.9 msec : 1
9.0 msec : 1
9.1 msec : 0
9.2 msec : 3
9.3 msec : 1
9.4 msec : 0
9.5 msec : 0
9.6 msec : 0
9.7 msec : 0
9.8 msec : 0
9.9 msec : 0
10.0 msec : 0
10.1 msec : 1
10.2 msec : 1
10.3 msec : 2
10.4 msec : 1
10.5 msec : 0
10.6 msec : 0
10.7 msec : 0
10.8 msec : 0
10.9 msec : 0
11.0 msec : 0
11.1 msec : 1
11.2 msec : 0
11.3 msec : 1
11.4 msec : 0
11.5 msec : 0
11.6 msec : 0
11.7 msec : 2
11.8 msec : 0
11.9 msec : 2
12.0 msec : 3
12.1 msec : 3
12.2 msec : 2
12.3 msec : 1
12.4 msec : 1
12.5 msec : 1
12.6 msec : 0
12.7 msec : 0
12.8 msec : 0
