Middleware started...
Middleware shuts down...
Smaller resolution statistics are in a log file...
Final aggregates per worker:


Worker 7
Average throughput (ops/sec) = 52
Average response time (msec) = 2.1924299836065573
Average queue length = 0
Average wait time in queue (msec) = 0.054853639344262295
Average service time (msec) = 2.0269405081967213
Number of SET = 52
Number of GET = 0
Number of MULTI GET = 0


Worker 13
Average throughput (ops/sec) = 52
Average response time (msec) = 2.202857655737705
Average queue length = 0
Average wait time in queue (msec) = 0.0510099344262295
Average service time (msec) = 2.025177524590164
Number of SET = 52
Number of GET = 0
Number of MULTI GET = 0


Worker 14
Average throughput (ops/sec) = 52
Average response time (msec) = 2.2026320163934425
Average queue length = 0
Average wait time in queue (msec) = 0.05419537704918033
Average service time (msec) = 2.0172390655737704
Number of SET = 52
Number of GET = 0
Number of MULTI GET = 0


Worker 6
Average throughput (ops/sec) = 52
Average response time (msec) = 2.248365950819672
Average queue length = 0
Average wait time in queue (msec) = 0.05648098360655738
Average service time (msec) = 2.076935131147541
Number of SET = 52
Number of GET = 0
Number of MULTI GET = 0


Worker 15
Average throughput (ops/sec) = 52
Average response time (msec) = 2.1988185409836065
Average queue length = 0
Average wait time in queue (msec) = 0.05888383606557377
Average service time (msec) = 2.0218008032786887
Number of SET = 52
Number of GET = 0
Number of MULTI GET = 0


Worker 9
Average throughput (ops/sec) = 52
Average response time (msec) = 2.2273700163934427
Average queue length = 0
Average wait time in queue (msec) = 0.052803344262295084
Average service time (msec) = 2.034435950819672
Number of SET = 52
Number of GET = 0
Number of MULTI GET = 0


Worker 16
Average throughput (ops/sec) = 53
Average response time (msec) = 2.2194760655737706
Average queue length = 0
Average wait time in queue (msec) = 0.06396531147540983
Average service time (msec) = 2.012
Number of SET = 53
Number of GET = 0
Number of MULTI GET = 0


Worker 8
Average throughput (ops/sec) = 52
Average response time (msec) = 2.2208065409836064
Average queue length = 0
Average wait time in queue (msec) = 0.056810639344262295
Average service time (msec) = 2.039078163934426
Number of SET = 52
Number of GET = 0
Number of MULTI GET = 0


Worker 3
Average throughput (ops/sec) = 53
Average response time (msec) = 2.208511524590164
Average queue length = 0
Average wait time in queue (msec) = 0.046304573770491804
Average service time (msec) = 2.0527595573770494
Number of SET = 53
Number of GET = 0
Number of MULTI GET = 0


Worker 10
Average throughput (ops/sec) = 53
Average response time (msec) = 2.2089736393442623
Average queue length = 0
Average wait time in queue (msec) = 0.04951275409836065
Average service time (msec) = 2.0449745901639345
Number of SET = 53
Number of GET = 0
Number of MULTI GET = 0


Worker 2
Average throughput (ops/sec) = 52
Average response time (msec) = 2.2391545737704917
Average queue length = 0
Average wait time in queue (msec) = 0.05617463934426229
Average service time (msec) = 2.0587399672131146
Number of SET = 52
Number of GET = 0
Number of MULTI GET = 0


Worker 11
Average throughput (ops/sec) = 53
Average response time (msec) = 2.2391316721311476
Average queue length = 0
Average wait time in queue (msec) = 0.06421880327868852
Average service time (msec) = 2.036742213114754
Number of SET = 53
Number of GET = 0
Number of MULTI GET = 0


Worker 5
Average throughput (ops/sec) = 52
Average response time (msec) = 2.207119049180328
Average queue length = 0
Average wait time in queue (msec) = 0.049466688524590165
Average service time (msec) = 2.036095950819672
Number of SET = 52
Number of GET = 0
Number of MULTI GET = 0


Worker 12
Average throughput (ops/sec) = 52
Average response time (msec) = 2.203215196721312
Average queue length = 0
Average wait time in queue (msec) = 0.060410508196721314
Average service time (msec) = 2.0242655081967214
Number of SET = 52
Number of GET = 0
Number of MULTI GET = 0


Worker 4
Average throughput (ops/sec) = 53
Average response time (msec) = 2.199743918032787
Average queue length = 0
Average wait time in queue (msec) = 0.05948734426229508
Average service time (msec) = 2.0200245409836066
Number of SET = 53
Number of GET = 0
Number of MULTI GET = 0


Worker 1
Average throughput (ops/sec) = 52
Average response time (msec) = 2.183127475409836
Average queue length = 0
Average wait time in queue (msec) = 0.05057968852459017
Average service time (msec) = 2.021340032786885
Number of SET = 52
Number of GET = 0
Number of MULTI GET = 0


FINAL STATS
Average throughput (ops/sec) = 837
Average response time (msec) = 2.175551926548518
Average queue length = 0
Average wait time in queue (msec) = 0.05532237909836065
Average service time (msec) = 2.034284344262295
Number of SET = 52
Number of GET = 0
Number of MULTI GET = 0
Number of Cache misses = 0


Histogram response times (0.1 msec step)
0.0 msec : 445
0.1 msec : 2854
0.2 msec : 5662
0.3 msec : 6875
0.4 msec : 6294
0.5 msec : 5467
0.6 msec : 4615
0.7 msec : 3761
0.8 msec : 3029
0.9 msec : 2361
1.0 msec : 1823
1.1 msec : 1474
1.2 msec : 1099
1.3 msec : 870
1.4 msec : 643
1.5 msec : 532
1.6 msec : 446
1.7 msec : 389
1.8 msec : 310
1.9 msec : 225
2.0 msec : 194
2.1 msec : 156
2.2 msec : 125
2.3 msec : 114
2.4 msec : 100
2.5 msec : 69
2.6 msec : 84
2.7 msec : 68
2.8 msec : 65
2.9 msec : 58
3.0 msec : 51
3.1 msec : 40
3.2 msec : 53
3.3 msec : 46
3.4 msec : 42
3.5 msec : 53
3.6 msec : 35
3.7 msec : 43
3.8 msec : 35
3.9 msec : 34
4.0 msec : 34
4.1 msec : 30
4.2 msec : 36
4.3 msec : 33
4.4 msec : 22
4.5 msec : 28
4.6 msec : 23
4.7 msec : 16
4.8 msec : 15
4.9 msec : 16
5.0 msec : 20
5.1 msec : 13
5.2 msec : 21
5.3 msec : 8
5.4 msec : 10
5.5 msec : 14
5.6 msec : 15
5.7 msec : 8
5.8 msec : 19
5.9 msec : 16
6.0 msec : 10
6.1 msec : 17
6.2 msec : 26
6.3 msec : 21
6.4 msec : 18
6.5 msec : 18
6.6 msec : 25
6.7 msec : 19
6.8 msec : 18
6.9 msec : 13
7.0 msec : 21
7.1 msec : 30
7.2 msec : 18
7.3 msec : 24
7.4 msec : 20
7.5 msec : 20
7.6 msec : 13
7.7 msec : 12
7.8 msec : 11
7.9 msec : 4
8.0 msec : 3
8.1 msec : 8
8.2 msec : 9
8.3 msec : 4
8.4 msec : 2
8.5 msec : 4
8.6 msec : 1
8.7 msec : 5
8.8 msec : 4
8.9 msec : 3
9.0 msec : 2
9.1 msec : 4
9.2 msec : 2
9.3 msec : 2
9.4 msec : 2
9.5 msec : 3
9.6 msec : 1
9.7 msec : 0
9.8 msec : 1
9.9 msec : 1
10.0 msec : 2
10.1 msec : 2
10.2 msec : 0
10.3 msec : 2
10.4 msec : 2
10.5 msec : 0
10.6 msec : 1
10.7 msec : 2
10.8 msec : 0
10.9 msec : 0
11.0 msec : 1
11.1 msec : 1
11.2 msec : 0
11.3 msec : 0
11.4 msec : 2
11.5 msec : 1
11.6 msec : 0
11.7 msec : 1
11.8 msec : 0
11.9 msec : 0
12.0 msec : 0
12.1 msec : 2
12.2 msec : 1
12.3 msec : 1
12.4 msec : 0
12.5 msec : 0
12.6 msec : 0
12.7 msec : 1
12.8 msec : 0
12.9 msec : 2
13.0 msec : 0
13.1 msec : 0
13.2 msec : 0
13.3 msec : 0
13.4 msec : 0
13.5 msec : 0
13.6 msec : 0
13.7 msec : 0
13.8 msec : 0
13.9 msec : 0
14.0 msec : 1
14.1 msec : 1
14.2 msec : 0
14.3 msec : 0
14.4 msec : 0
14.5 msec : 0
14.6 msec : 0
14.7 msec : 0
14.8 msec : 0
14.9 msec : 1
15.0 msec : 0
15.1 msec : 0
15.2 msec : 0
15.3 msec : 0
15.4 msec : 1
15.5 msec : 0
15.6 msec : 0
15.7 msec : 0
15.8 msec : 1
15.9 msec : 0
16.0 msec : 0
16.1 msec : 2
16.2 msec : 0
16.3 msec : 1
16.4 msec : 0
16.5 msec : 0
16.6 msec : 0
16.7 msec : 1
16.8 msec : 0
16.9 msec : 0
17.0 msec : 0
17.1 msec : 1
17.2 msec : 0
17.3 msec : 0
17.4 msec : 0
17.5 msec : 0
17.6 msec : 0
17.7 msec : 0
17.8 msec : 1
17.9 msec : 0
18.0 msec : 0
18.1 msec : 0
18.2 msec : 0
18.3 msec : 0
18.4 msec : 0
18.5 msec : 0
18.6 msec : 1
18.7 msec : 1
18.8 msec : 1
18.9 msec : 1
19.0 msec : 0
19.1 msec : 0
19.2 msec : 0
19.3 msec : 1
19.4 msec : 0
19.5 msec : 0
19.6 msec : 0
19.7 msec : 0
19.8 msec : 0
19.9 msec : 0
20.0 msec : 0
20.1 msec : 3
20.2 msec : 0
20.3 msec : 0
20.4 msec : 0
20.5 msec : 0
20.6 msec : 0
20.7 msec : 0
20.8 msec : 0
20.9 msec : 0
21.0 msec : 1
21.1 msec : 0
21.2 msec : 0
21.3 msec : 0
21.4 msec : 0
21.5 msec : 0
21.6 msec : 0
21.7 msec : 0
21.8 msec : 0
21.9 msec : 1
22.0 msec : 0
22.1 msec : 0
22.2 msec : 0
22.3 msec : 0
22.4 msec : 0
22.5 msec : 0
22.6 msec : 0
22.7 msec : 0
22.8 msec : 0
22.9 msec : 0
23.0 msec : 0
23.1 msec : 0
23.2 msec : 0
23.3 msec : 0
23.4 msec : 0
23.5 msec : 0
23.6 msec : 0
23.7 msec : 0
23.8 msec : 0
23.9 msec : 0
24.0 msec : 0
24.1 msec : 0
24.2 msec : 0
24.3 msec : 0
24.4 msec : 0
24.5 msec : 0
24.6 msec : 0
24.7 msec : 0
24.8 msec : 0
24.9 msec : 0
25.0 msec : 0
25.1 msec : 0
25.2 msec : 0
25.3 msec : 0
25.4 msec : 0
25.5 msec : 0
25.6 msec : 0
25.7 msec : 0
25.8 msec : 0
25.9 msec : 0
26.0 msec : 0
26.1 msec : 0
26.2 msec : 0
26.3 msec : 0
26.4 msec : 0
26.5 msec : 0
26.6 msec : 0
26.7 msec : 0
26.8 msec : 0
26.9 msec : 0
27.0 msec : 0
27.1 msec : 0
27.2 msec : 0
27.3 msec : 0
27.4 msec : 0
27.5 msec : 0
27.6 msec : 0
27.7 msec : 0
27.8 msec : 0
27.9 msec : 0
28.0 msec : 0
28.1 msec : 0
28.2 msec : 0
28.3 msec : 0
28.4 msec : 0
28.5 msec : 0
28.6 msec : 0
28.7 msec : 0
28.8 msec : 0
28.9 msec : 0
29.0 msec : 0
29.1 msec : 0
29.2 msec : 0
29.3 msec : 0
29.4 msec : 0
29.5 msec : 0
29.6 msec : 0
29.7 msec : 0
29.8 msec : 0
29.9 msec : 0
30.0 msec : 0
30.1 msec : 1
30.2 msec : 0
30.3 msec : 0
30.4 msec : 0
30.5 msec : 0
30.6 msec : 0
30.7 msec : 0
30.8 msec : 0
30.9 msec : 1
31.0 msec : 1
31.1 msec : 0
31.2 msec : 0
31.3 msec : 0
31.4 msec : 0
31.5 msec : 0
31.6 msec : 0
31.7 msec : 0
31.8 msec : 0
31.9 msec : 0
32.0 msec : 0
32.1 msec : 0
32.2 msec : 0
32.3 msec : 0
32.4 msec : 0
32.5 msec : 0
32.6 msec : 0
32.7 msec : 0
32.8 msec : 0
32.9 msec : 0
33.0 msec : 0
33.1 msec : 0
33.2 msec : 0
33.3 msec : 0
33.4 msec : 0
33.5 msec : 0
33.6 msec : 0
33.7 msec : 0
33.8 msec : 0
33.9 msec : 0
34.0 msec : 0
34.1 msec : 0
34.2 msec : 0
34.3 msec : 0
34.4 msec : 0
34.5 msec : 0
34.6 msec : 0
34.7 msec : 0
34.8 msec : 1
34.9 msec : 0
35.0 msec : 0
35.1 msec : 0
35.2 msec : 0
35.3 msec : 0
35.4 msec : 0
35.5 msec : 0
35.6 msec : 0
35.7 msec : 0
35.8 msec : 0
35.9 msec : 0
36.0 msec : 0
36.1 msec : 0
36.2 msec : 0
36.3 msec : 0
36.4 msec : 0
36.5 msec : 0
36.6 msec : 0
36.7 msec : 0
36.8 msec : 0
36.9 msec : 0
37.0 msec : 0
37.1 msec : 0
37.2 msec : 0
37.3 msec : 0
37.4 msec : 0
37.5 msec : 0
37.6 msec : 0
37.7 msec : 0
37.8 msec : 1
37.9 msec : 0
38.0 msec : 0
38.1 msec : 0
38.2 msec : 0
38.3 msec : 0
38.4 msec : 0
38.5 msec : 0
38.6 msec : 0
38.7 msec : 0
38.8 msec : 0
38.9 msec : 0
39.0 msec : 0
39.1 msec : 0
39.2 msec : 0
39.3 msec : 1
39.4 msec : 0
39.5 msec : 0
39.6 msec : 0
39.7 msec : 0
39.8 msec : 0
39.9 msec : 0
40.0 msec : 0
40.1 msec : 0
40.2 msec : 0
40.3 msec : 3
40.4 msec : 0
40.5 msec : 0
40.6 msec : 0
40.7 msec : 0
40.8 msec : 0
40.9 msec : 0
41.0 msec : 1
41.1 msec : 0
41.2 msec : 1
41.3 msec : 0
41.4 msec : 0
41.5 msec : 0
41.6 msec : 1
41.7 msec : 0
41.8 msec : 1
41.9 msec : 0
42.0 msec : 1
42.1 msec : 0
42.2 msec : 0
42.3 msec : 0
42.4 msec : 0
42.5 msec : 0
42.6 msec : 0
42.7 msec : 0
42.8 msec : 0
42.9 msec : 0
43.0 msec : 0
43.1 msec : 0
43.2 msec : 0
43.3 msec : 0
43.4 msec : 0
43.5 msec : 0
43.6 msec : 0
43.7 msec : 0
43.8 msec : 0
43.9 msec : 1
44.0 msec : 0
44.1 msec : 0
44.2 msec : 0
44.3 msec : 0
44.4 msec : 0
44.5 msec : 0
44.6 msec : 0
44.7 msec : 0
44.8 msec : 0
44.9 msec : 1
45.0 msec : 0
45.1 msec : 0
45.2 msec : 0
45.3 msec : 0
45.4 msec : 0
45.5 msec : 0
45.6 msec : 0
45.7 msec : 0
45.8 msec : 0
45.9 msec : 0
46.0 msec : 0
46.1 msec : 0
46.2 msec : 0
46.3 msec : 0
46.4 msec : 0
46.5 msec : 0
46.6 msec : 0
46.7 msec : 0
46.8 msec : 0
