Middleware started...
Middleware shuts down...
Smaller resolution statistics are in a log file...
Final aggregates per worker:


Worker 7
Average throughput (ops/sec) = 115
Average response time (msec) = 0.5942445737704918
Average queue length = 0
Average wait time in queue (msec) = 0.017779
Average service time (msec) = 0.5253734098360656
Number of SET = 0
Number of GET = 115
Number of MULTI GET = 0


Worker 6
Average throughput (ops/sec) = 115
Average response time (msec) = 0.5911728196721311
Average queue length = 0
Average wait time in queue (msec) = 0.017709737704918033
Average service time (msec) = 0.524329655737705
Number of SET = 0
Number of GET = 115
Number of MULTI GET = 0


Worker 8
Average throughput (ops/sec) = 115
Average response time (msec) = 0.589047131147541
Average queue length = 0
Average wait time in queue (msec) = 0.01940222950819672
Average service time (msec) = 0.5216992950819672
Number of SET = 0
Number of GET = 115
Number of MULTI GET = 0


Worker 3
Average throughput (ops/sec) = 115
Average response time (msec) = 0.5841036393442623
Average queue length = 0
Average wait time in queue (msec) = 0.018032557377049178
Average service time (msec) = 0.5163974098360655
Number of SET = 0
Number of GET = 115
Number of MULTI GET = 0


Worker 2
Average throughput (ops/sec) = 115
Average response time (msec) = 0.5813125245901639
Average queue length = 0
Average wait time in queue (msec) = 0.016457983606557376
Average service time (msec) = 0.5150039508196721
Number of SET = 0
Number of GET = 115
Number of MULTI GET = 0


Worker 5
Average throughput (ops/sec) = 115
Average response time (msec) = 0.5850813442622951
Average queue length = 0
Average wait time in queue (msec) = 0.016960786885245903
Average service time (msec) = 0.5193113114754099
Number of SET = 0
Number of GET = 115
Number of MULTI GET = 0


Worker 4
Average throughput (ops/sec) = 115
Average response time (msec) = 0.5784702295081967
Average queue length = 0
Average wait time in queue (msec) = 0.016609196721311476
Average service time (msec) = 0.5114821475409836
Number of SET = 0
Number of GET = 115
Number of MULTI GET = 0


Worker 1
Average throughput (ops/sec) = 115
Average response time (msec) = 0.5864151803278689
Average queue length = 0
Average wait time in queue (msec) = 0.01782960655737705
Average service time (msec) = 0.5191410327868852
Number of SET = 0
Number of GET = 115
Number of MULTI GET = 0


FINAL STATS
Average throughput (ops/sec) = 920
Average response time (msec) = 0.5795796913667539
Average queue length = 0
Average wait time in queue (msec) = 0.01759763729508197
Average service time (msec) = 0.5190922766393443
Number of SET = 0
Number of GET = 115
Number of MULTI GET = 0
Number of Cache misses = 82


Histogram response times (0.1 msec step)
0.0 msec : 1134
0.1 msec : 7049
0.2 msec : 18459
0.3 msec : 15485
0.4 msec : 5347
0.5 msec : 2412
0.6 msec : 1782
0.7 msec : 1332
0.8 msec : 929
0.9 msec : 664
1.0 msec : 477
1.1 msec : 311
1.2 msec : 208
1.3 msec : 146
1.4 msec : 96
1.5 msec : 65
1.6 msec : 77
1.7 msec : 46
1.8 msec : 47
1.9 msec : 47
2.0 msec : 50
2.1 msec : 22
2.2 msec : 29
2.3 msec : 20
2.4 msec : 19
2.5 msec : 21
2.6 msec : 23
2.7 msec : 18
2.8 msec : 16
2.9 msec : 12
3.0 msec : 11
3.1 msec : 8
3.2 msec : 6
3.3 msec : 11
3.4 msec : 6
3.5 msec : 10
3.6 msec : 9
3.7 msec : 3
3.8 msec : 8
3.9 msec : 8
4.0 msec : 10
4.1 msec : 4
4.2 msec : 3
4.3 msec : 4
4.4 msec : 6
4.5 msec : 1
4.6 msec : 5
4.7 msec : 2
4.8 msec : 1
4.9 msec : 2
5.0 msec : 4
5.1 msec : 2
5.2 msec : 2
5.3 msec : 4
5.4 msec : 1
5.5 msec : 3
5.6 msec : 1
5.7 msec : 1
5.8 msec : 2
5.9 msec : 1
6.0 msec : 1
6.1 msec : 4
6.2 msec : 2
6.3 msec : 0
6.4 msec : 1
6.5 msec : 1
6.6 msec : 3
6.7 msec : 3
6.8 msec : 2
6.9 msec : 3
7.0 msec : 2
7.1 msec : 10
7.2 msec : 5
7.3 msec : 2
7.4 msec : 1
7.5 msec : 2
7.6 msec : 3
7.7 msec : 7
7.8 msec : 2
7.9 msec : 2
8.0 msec : 3
8.1 msec : 0
8.2 msec : 1
8.3 msec : 1
8.4 msec : 2
8.5 msec : 0
8.6 msec : 1
8.7 msec : 2
8.8 msec : 0
8.9 msec : 0
9.0 msec : 1
9.1 msec : 0
9.2 msec : 0
9.3 msec : 0
9.4 msec : 0
9.5 msec : 2
9.6 msec : 2
9.7 msec : 0
9.8 msec : 0
9.9 msec : 0
10.0 msec : 0
10.1 msec : 0
10.2 msec : 1
10.3 msec : 0
10.4 msec : 0
10.5 msec : 0
10.6 msec : 0
10.7 msec : 0
10.8 msec : 0
10.9 msec : 0
11.0 msec : 0
11.1 msec : 0
11.2 msec : 0
11.3 msec : 0
11.4 msec : 0
11.5 msec : 0
11.6 msec : 1
11.7 msec : 1
11.8 msec : 1
11.9 msec : 0
12.0 msec : 0
12.1 msec : 0
12.2 msec : 0
12.3 msec : 0
12.4 msec : 0
12.5 msec : 0
12.6 msec : 0
12.7 msec : 0
12.8 msec : 0
12.9 msec : 0
13.0 msec : 0
13.1 msec : 0
13.2 msec : 0
13.3 msec : 0
13.4 msec : 0
13.5 msec : 0
13.6 msec : 1
13.7 msec : 0
13.8 msec : 0
13.9 msec : 0
14.0 msec : 0
14.1 msec : 0
14.2 msec : 0
14.3 msec : 0
14.4 msec : 0
14.5 msec : 0
14.6 msec : 0
14.7 msec : 1
14.8 msec : 0
14.9 msec : 0
15.0 msec : 0
15.1 msec : 0
15.2 msec : 0
15.3 msec : 0
15.4 msec : 0
15.5 msec : 0
15.6 msec : 0
15.7 msec : 0
15.8 msec : 0
15.9 msec : 0
16.0 msec : 0
16.1 msec : 0
16.2 msec : 0
16.3 msec : 0
16.4 msec : 0
16.5 msec : 1
16.6 msec : 0
16.7 msec : 0
16.8 msec : 0
16.9 msec : 0
17.0 msec : 0
17.1 msec : 0
17.2 msec : 0
17.3 msec : 0
17.4 msec : 0
17.5 msec : 0
17.6 msec : 0
17.7 msec : 0
17.8 msec : 0
17.9 msec : 0
18.0 msec : 1
18.1 msec : 0
18.2 msec : 0
18.3 msec : 0
18.4 msec : 0
18.5 msec : 0
18.6 msec : 0
18.7 msec : 0
18.8 msec : 0
18.9 msec : 0
19.0 msec : 0
19.1 msec : 0
19.2 msec : 0
19.3 msec : 0
19.4 msec : 0
19.5 msec : 0
19.6 msec : 0
19.7 msec : 0
19.8 msec : 1
19.9 msec : 0
20.0 msec : 0
20.1 msec : 0
20.2 msec : 0
20.3 msec : 0
20.4 msec : 0
20.5 msec : 0
20.6 msec : 0
20.7 msec : 1
20.8 msec : 0
20.9 msec : 0
21.0 msec : 0
21.1 msec : 0
21.2 msec : 0
21.3 msec : 0
21.4 msec : 0
21.5 msec : 0
21.6 msec : 0
21.7 msec : 0
21.8 msec : 0
21.9 msec : 0
22.0 msec : 0
22.1 msec : 0
22.2 msec : 0
22.3 msec : 0
22.4 msec : 0
22.5 msec : 0
22.6 msec : 0
22.7 msec : 0
22.8 msec : 1
22.9 msec : 0
23.0 msec : 0
23.1 msec : 0
23.2 msec : 0
23.3 msec : 0
23.4 msec : 0
23.5 msec : 1
23.6 msec : 0
23.7 msec : 0
23.8 msec : 0
23.9 msec : 0
24.0 msec : 0
24.1 msec : 1
24.2 msec : 0
24.3 msec : 0
24.4 msec : 0
24.5 msec : 0
24.6 msec : 0
24.7 msec : 1
24.8 msec : 0
24.9 msec : 0
25.0 msec : 0
25.1 msec : 0
25.2 msec : 0
25.3 msec : 0
25.4 msec : 0
25.5 msec : 0
25.6 msec : 0
25.7 msec : 0
25.8 msec : 0
25.9 msec : 0
26.0 msec : 0
26.1 msec : 0
26.2 msec : 0
26.3 msec : 0
26.4 msec : 0
26.5 msec : 0
26.6 msec : 0
26.7 msec : 0
26.8 msec : 0
26.9 msec : 0
27.0 msec : 0
27.1 msec : 0
27.2 msec : 0
27.3 msec : 0
27.4 msec : 0
27.5 msec : 0
27.6 msec : 0
27.7 msec : 0
27.8 msec : 0
27.9 msec : 0
28.0 msec : 0
28.1 msec : 0
28.2 msec : 0
28.3 msec : 0
28.4 msec : 0
28.5 msec : 0
28.6 msec : 0
28.7 msec : 0
28.8 msec : 0
28.9 msec : 0
29.0 msec : 0
29.1 msec : 0
29.2 msec : 0
29.3 msec : 0
29.4 msec : 0
29.5 msec : 0
29.6 msec : 0
29.7 msec : 0
29.8 msec : 0
29.9 msec : 0
30.0 msec : 0
30.1 msec : 0
30.2 msec : 0
30.3 msec : 0
30.4 msec : 0
30.5 msec : 0
30.6 msec : 0
30.7 msec : 0
30.8 msec : 0
30.9 msec : 0
31.0 msec : 0
31.1 msec : 0
31.2 msec : 0
31.3 msec : 0
31.4 msec : 0
31.5 msec : 0
31.6 msec : 0
31.7 msec : 0
31.8 msec : 0
31.9 msec : 0
32.0 msec : 0
32.1 msec : 0
32.2 msec : 0
32.3 msec : 0
32.4 msec : 0
32.5 msec : 0
32.6 msec : 0
32.7 msec : 0
32.8 msec : 0
32.9 msec : 0
33.0 msec : 0
33.1 msec : 1
33.2 msec : 1
33.3 msec : 0
33.4 msec : 0
33.5 msec : 0
33.6 msec : 0
33.7 msec : 0
33.8 msec : 0
33.9 msec : 0
34.0 msec : 0
34.1 msec : 0
34.2 msec : 0
34.3 msec : 0
34.4 msec : 0
34.5 msec : 0
34.6 msec : 0
34.7 msec : 0
34.8 msec : 0
34.9 msec : 0
35.0 msec : 0
35.1 msec : 0
35.2 msec : 0
35.3 msec : 0
35.4 msec : 0
35.5 msec : 0
35.6 msec : 0
35.7 msec : 0
35.8 msec : 0
35.9 msec : 0
36.0 msec : 0
36.1 msec : 0
36.2 msec : 0
36.3 msec : 0
36.4 msec : 0
36.5 msec : 0
36.6 msec : 0
36.7 msec : 0
36.8 msec : 0
36.9 msec : 0
37.0 msec : 0
37.1 msec : 0
37.2 msec : 0
37.3 msec : 0
37.4 msec : 0
37.5 msec : 0
37.6 msec : 0
37.7 msec : 0
37.8 msec : 0
37.9 msec : 0
38.0 msec : 0
38.1 msec : 0
38.2 msec : 0
38.3 msec : 0
38.4 msec : 0
38.5 msec : 0
38.6 msec : 0
38.7 msec : 0
38.8 msec : 0
38.9 msec : 0
39.0 msec : 1
39.1 msec : 0
39.2 msec : 0
39.3 msec : 0
39.4 msec : 0
39.5 msec : 0
39.6 msec : 0
39.7 msec : 0
39.8 msec : 0
39.9 msec : 0
40.0 msec : 1
40.1 msec : 0
40.2 msec : 0
40.3 msec : 0
40.4 msec : 0
40.5 msec : 0
40.6 msec : 0
40.7 msec : 0
40.8 msec : 0
40.9 msec : 0
41.0 msec : 0
41.1 msec : 0
41.2 msec : 0
41.3 msec : 0
41.4 msec : 0
41.5 msec : 0
41.6 msec : 0
41.7 msec : 0
41.8 msec : 0
41.9 msec : 0
42.0 msec : 0
42.1 msec : 0
42.2 msec : 0
42.3 msec : 0
42.4 msec : 0
42.5 msec : 0
42.6 msec : 0
42.7 msec : 0
42.8 msec : 0
42.9 msec : 0
43.0 msec : 0
43.1 msec : 0
43.2 msec : 0
43.3 msec : 0
43.4 msec : 0
43.5 msec : 0
43.6 msec : 0
43.7 msec : 0
43.8 msec : 0
43.9 msec : 0
44.0 msec : 0
44.1 msec : 0
44.2 msec : 0
44.3 msec : 0
44.4 msec : 0
44.5 msec : 0
44.6 msec : 0
44.7 msec : 0
44.8 msec : 0
44.9 msec : 0
45.0 msec : 0
45.1 msec : 0
45.2 msec : 0
45.3 msec : 0
45.4 msec : 0
45.5 msec : 0
45.6 msec : 0
45.7 msec : 0
45.8 msec : 0
45.9 msec : 0
46.0 msec : 0
46.1 msec : 0
46.2 msec : 0
46.3 msec : 0
46.4 msec : 0
46.5 msec : 0
46.6 msec : 0
46.7 msec : 0
46.8 msec : 0
46.9 msec : 0
47.0 msec : 0
47.1 msec : 0
47.2 msec : 0
47.3 msec : 0
47.4 msec : 0
47.5 msec : 0
47.6 msec : 0
47.7 msec : 0
47.8 msec : 0
47.9 msec : 0
48.0 msec : 0
48.1 msec : 0
48.2 msec : 0
48.3 msec : 0
48.4 msec : 0
48.5 msec : 0
48.6 msec : 0
48.7 msec : 0
48.8 msec : 0
48.9 msec : 0
49.0 msec : 0
49.1 msec : 0
49.2 msec : 0
49.3 msec : 0
49.4 msec : 0
49.5 msec : 0
49.6 msec : 0
49.7 msec : 0
49.8 msec : 0
49.9 msec : 0
50.0 msec : 0
50.1 msec : 0
50.2 msec : 0
