Middleware started...
Middleware shuts down...
Smaller resolution statistics are in a log file...
Final aggregates per worker:


Worker 7
Average throughput (ops/sec) = 411
Average response time (msec) = 1.5456619180327869
Average queue length = 0
Average wait time in queue (msec) = 0.1618577213114754
Average service time (msec) = 1.2735865901639345
Number of SET = 411
Number of GET = 0
Number of MULTI GET = 0


Worker 6
Average throughput (ops/sec) = 410
Average response time (msec) = 1.5413485901639346
Average queue length = 0
Average wait time in queue (msec) = 0.16293104918032786
Average service time (msec) = 1.2740955573770492
Number of SET = 410
Number of GET = 0
Number of MULTI GET = 0


Worker 8
Average throughput (ops/sec) = 410
Average response time (msec) = 1.545341836065574
Average queue length = 0
Average wait time in queue (msec) = 0.16086137704918033
Average service time (msec) = 1.2794188032786886
Number of SET = 410
Number of GET = 0
Number of MULTI GET = 0


Worker 3
Average throughput (ops/sec) = 410
Average response time (msec) = 1.5428454918032788
Average queue length = 0
Average wait time in queue (msec) = 0.16325280327868852
Average service time (msec) = 1.2708400163934426
Number of SET = 410
Number of GET = 0
Number of MULTI GET = 0


Worker 2
Average throughput (ops/sec) = 411
Average response time (msec) = 1.5365187704918033
Average queue length = 0
Average wait time in queue (msec) = 0.15901309836065575
Average service time (msec) = 1.2733508032786887
Number of SET = 411
Number of GET = 0
Number of MULTI GET = 0


Worker 5
Average throughput (ops/sec) = 404
Average response time (msec) = 1.5894500491803278
Average queue length = 0
Average wait time in queue (msec) = 0.1598788524590164
Average service time (msec) = 1.2909204262295082
Number of SET = 404
Number of GET = 0
Number of MULTI GET = 0


Worker 4
Average throughput (ops/sec) = 409
Average response time (msec) = 1.5621595737704919
Average queue length = 0
Average wait time in queue (msec) = 0.176315262295082
Average service time (msec) = 1.279005868852459
Number of SET = 409
Number of GET = 0
Number of MULTI GET = 0


Worker 1
Average throughput (ops/sec) = 409
Average response time (msec) = 1.5480885245901639
Average queue length = 0
Average wait time in queue (msec) = 0.16682581967213114
Average service time (msec) = 1.2816163770491802
Number of SET = 409
Number of GET = 0
Number of MULTI GET = 0


FINAL STATS
Average throughput (ops/sec) = 3274
Average response time (msec) = 1.5298402249247418
Average queue length = 0
Average wait time in queue (msec) = 0.16386699795081966
Average service time (msec) = 1.2778543053278688
Number of SET = 3274
Number of GET = 0
Number of MULTI GET = 0
Number of Cache misses = 0


Histogram response times (0.1 msec step)
0.0 msec : 2857
0.1 msec : 19588
0.2 msec : 32089
0.3 msec : 32450
0.4 msec : 26124
0.5 msec : 19177
0.6 msec : 13285
0.7 msec : 9217
0.8 msec : 6750
0.9 msec : 5266
1.0 msec : 3857
1.1 msec : 2791
1.2 msec : 2027
1.3 msec : 1491
1.4 msec : 1233
1.5 msec : 1029
1.6 msec : 739
1.7 msec : 611
1.8 msec : 566
1.9 msec : 447
2.0 msec : 405
2.1 msec : 321
2.2 msec : 298
2.3 msec : 268
2.4 msec : 242
2.5 msec : 239
2.6 msec : 237
2.7 msec : 216
2.8 msec : 189
2.9 msec : 170
3.0 msec : 161
3.1 msec : 155
3.2 msec : 184
3.3 msec : 160
3.4 msec : 152
3.5 msec : 139
3.6 msec : 128
3.7 msec : 153
3.8 msec : 143
3.9 msec : 125
4.0 msec : 120
4.1 msec : 137
4.2 msec : 112
4.3 msec : 123
4.4 msec : 94
4.5 msec : 94
4.6 msec : 126
4.7 msec : 92
4.8 msec : 85
4.9 msec : 86
5.0 msec : 89
5.1 msec : 143
5.2 msec : 319
5.3 msec : 603
5.4 msec : 857
5.5 msec : 913
5.6 msec : 964
5.7 msec : 961
5.8 msec : 995
5.9 msec : 1069
6.0 msec : 957
6.1 msec : 775
6.2 msec : 720
6.3 msec : 579
6.4 msec : 525
6.5 msec : 419
6.6 msec : 356
6.7 msec : 253
6.8 msec : 224
6.9 msec : 171
7.0 msec : 138
7.1 msec : 112
7.2 msec : 104
7.3 msec : 71
7.4 msec : 63
7.5 msec : 58
7.6 msec : 35
7.7 msec : 51
7.8 msec : 36
7.9 msec : 34
8.0 msec : 32
8.1 msec : 28
8.2 msec : 16
8.3 msec : 23
8.4 msec : 25
8.5 msec : 17
8.6 msec : 16
8.7 msec : 16
8.8 msec : 26
8.9 msec : 14
9.0 msec : 25
9.1 msec : 19
9.2 msec : 11
9.3 msec : 10
9.4 msec : 17
9.5 msec : 23
9.6 msec : 7
9.7 msec : 8
9.8 msec : 11
9.9 msec : 11
10.0 msec : 9
10.1 msec : 4
10.2 msec : 6
10.3 msec : 12
10.4 msec : 11
10.5 msec : 4
10.6 msec : 3
10.7 msec : 6
10.8 msec : 5
10.9 msec : 5
11.0 msec : 6
11.1 msec : 4
11.2 msec : 7
11.3 msec : 1
11.4 msec : 5
11.5 msec : 3
11.6 msec : 6
11.7 msec : 2
11.8 msec : 2
11.9 msec : 3
12.0 msec : 1
12.1 msec : 3
12.2 msec : 1
12.3 msec : 3
12.4 msec : 10
12.5 msec : 5
12.6 msec : 0
12.7 msec : 0
12.8 msec : 3
12.9 msec : 4
13.0 msec : 2
13.1 msec : 0
13.2 msec : 0
13.3 msec : 1
13.4 msec : 3
13.5 msec : 6
13.6 msec : 3
13.7 msec : 2
13.8 msec : 6
13.9 msec : 5
14.0 msec : 3
14.1 msec : 0
14.2 msec : 1
14.3 msec : 1
14.4 msec : 2
14.5 msec : 0
14.6 msec : 1
14.7 msec : 1
14.8 msec : 1
14.9 msec : 0
15.0 msec : 5
15.1 msec : 3
15.2 msec : 6
15.3 msec : 2
15.4 msec : 7
15.5 msec : 3
15.6 msec : 6
15.7 msec : 4
15.8 msec : 9
15.9 msec : 3
16.0 msec : 1
16.1 msec : 6
16.2 msec : 2
16.3 msec : 1
16.4 msec : 1
16.5 msec : 2
16.6 msec : 3
16.7 msec : 2
16.8 msec : 0
16.9 msec : 0
17.0 msec : 0
17.1 msec : 0
17.2 msec : 1
17.3 msec : 0
17.4 msec : 0
17.5 msec : 2
17.6 msec : 0
17.7 msec : 0
17.8 msec : 0
17.9 msec : 1
18.0 msec : 0
18.1 msec : 0
18.2 msec : 0
18.3 msec : 0
18.4 msec : 0
18.5 msec : 0
18.6 msec : 0
18.7 msec : 0
18.8 msec : 0
18.9 msec : 1
19.0 msec : 0
19.1 msec : 0
19.2 msec : 0
19.3 msec : 1
19.4 msec : 0
19.5 msec : 0
19.6 msec : 0
19.7 msec : 1
19.8 msec : 0
19.9 msec : 0
20.0 msec : 1
20.1 msec : 1
20.2 msec : 0
20.3 msec : 1
20.4 msec : 0
20.5 msec : 1
20.6 msec : 0
20.7 msec : 1
20.8 msec : 0
20.9 msec : 0
21.0 msec : 0
21.1 msec : 1
21.2 msec : 2
21.3 msec : 0
21.4 msec : 0
21.5 msec : 1
21.6 msec : 0
21.7 msec : 0
21.8 msec : 0
21.9 msec : 0
22.0 msec : 0
22.1 msec : 0
22.2 msec : 0
22.3 msec : 0
22.4 msec : 0
22.5 msec : 1
22.6 msec : 0
22.7 msec : 0
22.8 msec : 0
22.9 msec : 0
23.0 msec : 0
23.1 msec : 0
23.2 msec : 0
23.3 msec : 0
23.4 msec : 0
23.5 msec : 0
23.6 msec : 0
23.7 msec : 0
23.8 msec : 0
23.9 msec : 0
24.0 msec : 1
24.1 msec : 2
24.2 msec : 1
24.3 msec : 0
24.4 msec : 2
24.5 msec : 0
24.6 msec : 0
24.7 msec : 2
24.8 msec : 1
24.9 msec : 3
25.0 msec : 0
25.1 msec : 0
25.2 msec : 0
25.3 msec : 0
25.4 msec : 0
25.5 msec : 0
25.6 msec : 0
25.7 msec : 0
25.8 msec : 0
25.9 msec : 0
26.0 msec : 0
26.1 msec : 0
26.2 msec : 0
26.3 msec : 1
26.4 msec : 0
26.5 msec : 0
26.6 msec : 0
26.7 msec : 0
26.8 msec : 0
26.9 msec : 2
27.0 msec : 0
27.1 msec : 1
27.2 msec : 0
27.3 msec : 1
27.4 msec : 0
27.5 msec : 0
27.6 msec : 1
27.7 msec : 0
27.8 msec : 0
27.9 msec : 0
28.0 msec : 0
28.1 msec : 0
28.2 msec : 0
28.3 msec : 0
28.4 msec : 0
28.5 msec : 0
28.6 msec : 0
28.7 msec : 0
28.8 msec : 0
28.9 msec : 0
29.0 msec : 0
29.1 msec : 0
29.2 msec : 0
29.3 msec : 0
29.4 msec : 1
29.5 msec : 0
29.6 msec : 0
29.7 msec : 0
29.8 msec : 0
29.9 msec : 0
30.0 msec : 0
30.1 msec : 0
30.2 msec : 0
30.3 msec : 0
30.4 msec : 0
30.5 msec : 0
30.6 msec : 0
30.7 msec : 0
30.8 msec : 0
30.9 msec : 0
31.0 msec : 0
31.1 msec : 0
31.2 msec : 0
31.3 msec : 0
31.4 msec : 0
31.5 msec : 0
31.6 msec : 0
31.7 msec : 0
31.8 msec : 0
31.9 msec : 0
32.0 msec : 0
32.1 msec : 0
32.2 msec : 0
32.3 msec : 0
32.4 msec : 0
32.5 msec : 0
32.6 msec : 0
32.7 msec : 0
32.8 msec : 0
32.9 msec : 0
33.0 msec : 0
33.1 msec : 0
33.2 msec : 0
33.3 msec : 0
33.4 msec : 0
33.5 msec : 0
33.6 msec : 0
33.7 msec : 0
33.8 msec : 0
33.9 msec : 0
34.0 msec : 0
34.1 msec : 0
34.2 msec : 0
34.3 msec : 0
34.4 msec : 0
34.5 msec : 0
34.6 msec : 0
34.7 msec : 0
34.8 msec : 0
34.9 msec : 0
35.0 msec : 0
35.1 msec : 0
35.2 msec : 0
35.3 msec : 0
35.4 msec : 0
35.5 msec : 0
35.6 msec : 0
35.7 msec : 0
35.8 msec : 0
35.9 msec : 0
36.0 msec : 0
36.1 msec : 0
36.2 msec : 0
36.3 msec : 0
36.4 msec : 0
36.5 msec : 0
36.6 msec : 0
36.7 msec : 0
36.8 msec : 0
36.9 msec : 0
37.0 msec : 0
37.1 msec : 0
37.2 msec : 0
37.3 msec : 0
37.4 msec : 0
37.5 msec : 0
37.6 msec : 0
37.7 msec : 0
37.8 msec : 0
37.9 msec : 0
38.0 msec : 0
38.1 msec : 0
38.2 msec : 0
38.3 msec : 0
38.4 msec : 0
38.5 msec : 0
38.6 msec : 0
38.7 msec : 0
38.8 msec : 0
38.9 msec : 0
39.0 msec : 0
39.1 msec : 0
39.2 msec : 0
39.3 msec : 0
39.4 msec : 1
39.5 msec : 0
39.6 msec : 0
39.7 msec : 0
39.8 msec : 0
39.9 msec : 0
40.0 msec : 0
40.1 msec : 0
40.2 msec : 0
40.3 msec : 0
40.4 msec : 0
40.5 msec : 0
40.6 msec : 0
40.7 msec : 0
40.8 msec : 0
40.9 msec : 0
41.0 msec : 0
41.1 msec : 0
41.2 msec : 0
41.3 msec : 0
41.4 msec : 0
41.5 msec : 0
41.6 msec : 0
41.7 msec : 0
41.8 msec : 0
41.9 msec : 0
42.0 msec : 0
42.1 msec : 0
42.2 msec : 0
42.3 msec : 0
42.4 msec : 0
42.5 msec : 0
42.6 msec : 0
42.7 msec : 0
42.8 msec : 0
42.9 msec : 0
43.0 msec : 0
43.1 msec : 0
43.2 msec : 0
43.3 msec : 0
43.4 msec : 0
43.5 msec : 0
43.6 msec : 0
43.7 msec : 0
43.8 msec : 0
43.9 msec : 0
44.0 msec : 0
44.1 msec : 0
44.2 msec : 0
44.3 msec : 0
44.4 msec : 0
44.5 msec : 0
44.6 msec : 0
44.7 msec : 1
44.8 msec : 1
44.9 msec : 0
45.0 msec : 1
45.1 msec : 0
45.2 msec : 0
45.3 msec : 0
45.4 msec : 1
45.5 msec : 0
45.6 msec : 0
45.7 msec : 0
45.8 msec : 0
45.9 msec : 0
46.0 msec : 0
46.1 msec : 0
46.2 msec : 0
46.3 msec : 0
46.4 msec : 0
46.5 msec : 0
46.6 msec : 0
46.7 msec : 0
46.8 msec : 0
46.9 msec : 0
47.0 msec : 0
47.1 msec : 0
47.2 msec : 0
47.3 msec : 0
47.4 msec : 0
47.5 msec : 0
47.6 msec : 0
47.7 msec : 0
47.8 msec : 0
47.9 msec : 0
48.0 msec : 0
48.1 msec : 0
48.2 msec : 0
48.3 msec : 0
48.4 msec : 0
48.5 msec : 0
48.6 msec : 0
48.7 msec : 0
48.8 msec : 0
48.9 msec : 0
49.0 msec : 0
49.1 msec : 0
49.2 msec : 0
49.3 msec : 0
49.4 msec : 0
49.5 msec : 0
49.6 msec : 0
49.7 msec : 0
49.8 msec : 0
49.9 msec : 0
50.0 msec : 0
50.1 msec : 0
50.2 msec : 0
50.3 msec : 0
50.4 msec : 0
50.5 msec : 0
50.6 msec : 0
50.7 msec : 0
50.8 msec : 0
50.9 msec : 0
51.0 msec : 0
51.1 msec : 1
