Middleware started...
Middleware shuts down...
Smaller resolution statistics are in a log file...
Final aggregates per worker:


Worker 7
Average throughput (ops/sec) = 523
Average response time (msec) = 3.2392509016393443
Average queue length = 5
Average wait time in queue (msec) = 1.4827509344262295
Average service time (msec) = 1.6152002295081966
Number of SET = 523
Number of GET = 0
Number of MULTI GET = 0


Worker 6
Average throughput (ops/sec) = 523
Average response time (msec) = 3.2456682786885245
Average queue length = 6
Average wait time in queue (msec) = 1.4871064098360656
Average service time (msec) = 1.6208526885245902
Number of SET = 523
Number of GET = 0
Number of MULTI GET = 0


Worker 8
Average throughput (ops/sec) = 525
Average response time (msec) = 3.262666606557377
Average queue length = 6
Average wait time in queue (msec) = 1.5058376229508197
Average service time (msec) = 1.6038865409836065
Number of SET = 525
Number of GET = 0
Number of MULTI GET = 0


Worker 3
Average throughput (ops/sec) = 525
Average response time (msec) = 3.2582280491803277
Average queue length = 6
Average wait time in queue (msec) = 1.5048617213114754
Average service time (msec) = 1.6102094262295081
Number of SET = 525
Number of GET = 0
Number of MULTI GET = 0


Worker 2
Average throughput (ops/sec) = 524
Average response time (msec) = 3.250389672131148
Average queue length = 6
Average wait time in queue (msec) = 1.4951447868852459
Average service time (msec) = 1.6150200163934427
Number of SET = 524
Number of GET = 0
Number of MULTI GET = 0


Worker 5
Average throughput (ops/sec) = 523
Average response time (msec) = 3.2383944426229507
Average queue length = 6
Average wait time in queue (msec) = 1.4820918852459015
Average service time (msec) = 1.6103638196721313
Number of SET = 523
Number of GET = 0
Number of MULTI GET = 0


Worker 4
Average throughput (ops/sec) = 527
Average response time (msec) = 3.270751803278688
Average queue length = 6
Average wait time in queue (msec) = 1.5219668852459016
Average service time (msec) = 1.6101824426229507
Number of SET = 527
Number of GET = 0
Number of MULTI GET = 0


Worker 1
Average throughput (ops/sec) = 519
Average response time (msec) = 3.254538770491803
Average queue length = 6
Average wait time in queue (msec) = 1.4845684426229508
Average service time (msec) = 1.625842163934426
Number of SET = 519
Number of GET = 0
Number of MULTI GET = 0


FINAL STATS
Average throughput (ops/sec) = 4189
Average response time (msec) = 3.215216300422139
Average queue length = 5
Average wait time in queue (msec) = 1.4955410860655736
Average service time (msec) = 1.6139446659836065
Number of SET = 4189
Number of GET = 0
Number of MULTI GET = 0
Number of Cache misses = 0


Histogram response times (0.1 msec step)
0.0 msec : 155
0.1 msec : 849
0.2 msec : 2182
0.3 msec : 3444
0.4 msec : 5259
0.5 msec : 6900
0.6 msec : 8634
0.7 msec : 10655
0.8 msec : 12557
0.9 msec : 13698
1.0 msec : 14908
1.1 msec : 14878
1.2 msec : 14233
1.3 msec : 13415
1.4 msec : 12026
1.5 msec : 10194
1.6 msec : 8763
1.7 msec : 7455
1.8 msec : 6294
1.9 msec : 5190
2.0 msec : 4178
2.1 msec : 3480
2.2 msec : 2887
2.3 msec : 2433
2.4 msec : 2113
2.5 msec : 1715
2.6 msec : 1483
2.7 msec : 1208
2.8 msec : 1064
2.9 msec : 888
3.0 msec : 817
3.1 msec : 704
3.2 msec : 671
3.3 msec : 637
3.4 msec : 518
3.5 msec : 486
3.6 msec : 418
3.7 msec : 444
3.8 msec : 381
3.9 msec : 411
4.0 msec : 367
4.1 msec : 329
4.2 msec : 276
4.3 msec : 275
4.4 msec : 297
4.5 msec : 289
4.6 msec : 246
4.7 msec : 312
4.8 msec : 302
4.9 msec : 247
5.0 msec : 199
5.1 msec : 212
5.2 msec : 261
5.3 msec : 257
5.4 msec : 283
5.5 msec : 306
5.6 msec : 350
5.7 msec : 469
5.8 msec : 623
5.9 msec : 865
6.0 msec : 1224
6.1 msec : 1744
6.2 msec : 2191
6.3 msec : 2777
6.4 msec : 3375
6.5 msec : 3665
6.6 msec : 3535
6.7 msec : 3500
6.8 msec : 3259
6.9 msec : 2992
7.0 msec : 2655
7.1 msec : 2398
7.2 msec : 2123
7.3 msec : 1925
7.4 msec : 1659
7.5 msec : 1395
7.6 msec : 1141
7.7 msec : 974
7.8 msec : 804
7.9 msec : 691
8.0 msec : 602
8.1 msec : 519
8.2 msec : 479
8.3 msec : 407
8.4 msec : 313
8.5 msec : 278
8.6 msec : 244
8.7 msec : 230
8.8 msec : 199
8.9 msec : 181
9.0 msec : 126
9.1 msec : 135
9.2 msec : 116
9.3 msec : 111
9.4 msec : 130
9.5 msec : 102
9.6 msec : 124
9.7 msec : 85
9.8 msec : 99
9.9 msec : 75
10.0 msec : 84
10.1 msec : 73
10.2 msec : 67
10.3 msec : 38
10.4 msec : 40
10.5 msec : 67
10.6 msec : 80
10.7 msec : 53
10.8 msec : 51
10.9 msec : 45
11.0 msec : 35
11.1 msec : 40
11.2 msec : 24
11.3 msec : 38
11.4 msec : 35
11.5 msec : 34
11.6 msec : 26
11.7 msec : 19
11.8 msec : 21
11.9 msec : 23
12.0 msec : 29
12.1 msec : 36
12.2 msec : 17
12.3 msec : 21
12.4 msec : 18
12.5 msec : 14
12.6 msec : 11
12.7 msec : 4
12.8 msec : 13
12.9 msec : 15
13.0 msec : 6
13.1 msec : 9
13.2 msec : 5
13.3 msec : 9
13.4 msec : 6
13.5 msec : 5
13.6 msec : 6
13.7 msec : 5
13.8 msec : 10
13.9 msec : 7
14.0 msec : 12
14.1 msec : 6
14.2 msec : 5
14.3 msec : 11
14.4 msec : 4
14.5 msec : 7
14.6 msec : 6
14.7 msec : 4
14.8 msec : 12
14.9 msec : 6
15.0 msec : 14
15.1 msec : 12
15.2 msec : 6
15.3 msec : 12
15.4 msec : 6
15.5 msec : 12
15.6 msec : 7
15.7 msec : 12
15.8 msec : 12
15.9 msec : 11
16.0 msec : 15
16.1 msec : 17
16.2 msec : 15
16.3 msec : 11
16.4 msec : 15
16.5 msec : 12
16.6 msec : 6
16.7 msec : 10
16.8 msec : 14
16.9 msec : 11
17.0 msec : 12
17.1 msec : 10
17.2 msec : 10
17.3 msec : 11
17.4 msec : 17
17.5 msec : 8
17.6 msec : 7
17.7 msec : 4
17.8 msec : 9
17.9 msec : 6
18.0 msec : 9
18.1 msec : 12
18.2 msec : 6
18.3 msec : 8
18.4 msec : 2
18.5 msec : 5
18.6 msec : 7
18.7 msec : 3
18.8 msec : 1
18.9 msec : 6
19.0 msec : 5
19.1 msec : 1
19.2 msec : 6
19.3 msec : 3
19.4 msec : 5
19.5 msec : 0
19.6 msec : 2
19.7 msec : 2
19.8 msec : 2
19.9 msec : 4
20.0 msec : 1
20.1 msec : 2
20.2 msec : 4
20.3 msec : 1
20.4 msec : 3
20.5 msec : 0
20.6 msec : 6
20.7 msec : 4
20.8 msec : 6
20.9 msec : 4
21.0 msec : 1
21.1 msec : 1
21.2 msec : 2
21.3 msec : 2
21.4 msec : 2
21.5 msec : 2
21.6 msec : 3
21.7 msec : 3
21.8 msec : 0
21.9 msec : 2
22.0 msec : 1
22.1 msec : 1
22.2 msec : 0
22.3 msec : 4
22.4 msec : 1
22.5 msec : 3
22.6 msec : 0
22.7 msec : 1
22.8 msec : 1
22.9 msec : 2
23.0 msec : 0
23.1 msec : 3
23.2 msec : 0
23.3 msec : 1
23.4 msec : 0
23.5 msec : 0
23.6 msec : 0
23.7 msec : 0
23.8 msec : 0
23.9 msec : 1
24.0 msec : 1
24.1 msec : 0
24.2 msec : 0
24.3 msec : 1
24.4 msec : 2
24.5 msec : 1
24.6 msec : 0
24.7 msec : 2
24.8 msec : 0
24.9 msec : 1
25.0 msec : 1
25.1 msec : 0
25.2 msec : 0
25.3 msec : 0
25.4 msec : 1
25.5 msec : 2
25.6 msec : 4
25.7 msec : 3
25.8 msec : 3
25.9 msec : 2
26.0 msec : 2
26.1 msec : 4
26.2 msec : 6
26.3 msec : 4
26.4 msec : 8
26.5 msec : 2
26.6 msec : 5
26.7 msec : 3
26.8 msec : 7
26.9 msec : 3
27.0 msec : 4
27.1 msec : 2
27.2 msec : 3
27.3 msec : 0
27.4 msec : 3
27.5 msec : 1
27.6 msec : 1
27.7 msec : 2
27.8 msec : 2
27.9 msec : 3
28.0 msec : 0
28.1 msec : 0
28.2 msec : 0
28.3 msec : 0
28.4 msec : 0
28.5 msec : 0
28.6 msec : 0
28.7 msec : 0
28.8 msec : 0
28.9 msec : 1
29.0 msec : 1
29.1 msec : 0
29.2 msec : 1
29.3 msec : 2
29.4 msec : 1
29.5 msec : 2
29.6 msec : 3
29.7 msec : 2
29.8 msec : 0
29.9 msec : 1
30.0 msec : 0
30.1 msec : 0
30.2 msec : 1
30.3 msec : 0
30.4 msec : 0
30.5 msec : 0
30.6 msec : 0
30.7 msec : 0
30.8 msec : 1
30.9 msec : 0
31.0 msec : 0
31.1 msec : 0
31.2 msec : 0
31.3 msec : 0
31.4 msec : 0
31.5 msec : 1
31.6 msec : 1
31.7 msec : 0
31.8 msec : 0
31.9 msec : 0
32.0 msec : 0
32.1 msec : 1
32.2 msec : 0
32.3 msec : 1
32.4 msec : 0
32.5 msec : 0
32.6 msec : 0
32.7 msec : 0
32.8 msec : 0
32.9 msec : 0
33.0 msec : 0
33.1 msec : 0
33.2 msec : 0
33.3 msec : 0
33.4 msec : 0
33.5 msec : 0
33.6 msec : 0
33.7 msec : 0
33.8 msec : 0
33.9 msec : 0
34.0 msec : 0
34.1 msec : 0
34.2 msec : 0
34.3 msec : 0
34.4 msec : 0
34.5 msec : 0
34.6 msec : 0
34.7 msec : 0
34.8 msec : 0
34.9 msec : 0
35.0 msec : 0
35.1 msec : 0
35.2 msec : 0
35.3 msec : 0
35.4 msec : 0
35.5 msec : 0
35.6 msec : 0
35.7 msec : 0
35.8 msec : 0
35.9 msec : 0
36.0 msec : 1
36.1 msec : 0
36.2 msec : 0
36.3 msec : 0
36.4 msec : 0
36.5 msec : 0
36.6 msec : 2
36.7 msec : 3
36.8 msec : 0
36.9 msec : 2
37.0 msec : 3
37.1 msec : 2
37.2 msec : 2
37.3 msec : 0
37.4 msec : 1
37.5 msec : 1
37.6 msec : 1
37.7 msec : 1
37.8 msec : 1
37.9 msec : 0
38.0 msec : 0
38.1 msec : 0
38.2 msec : 0
38.3 msec : 0
38.4 msec : 0
38.5 msec : 0
38.6 msec : 0
38.7 msec : 0
38.8 msec : 0
38.9 msec : 0
39.0 msec : 0
39.1 msec : 0
39.2 msec : 0
39.3 msec : 0
39.4 msec : 0
39.5 msec : 0
39.6 msec : 0
39.7 msec : 1
39.8 msec : 1
39.9 msec : 0
40.0 msec : 0
40.1 msec : 0
40.2 msec : 1
40.3 msec : 1
40.4 msec : 1
40.5 msec : 1
40.6 msec : 2
40.7 msec : 0
40.8 msec : 1
40.9 msec : 1
41.0 msec : 0
41.1 msec : 1
41.2 msec : 1
41.3 msec : 0
41.4 msec : 0
41.5 msec : 0
41.6 msec : 0
41.7 msec : 0
41.8 msec : 0
41.9 msec : 0
42.0 msec : 0
42.1 msec : 0
42.2 msec : 0
42.3 msec : 0
42.4 msec : 0
42.5 msec : 0
42.6 msec : 0
42.7 msec : 0
42.8 msec : 0
42.9 msec : 0
43.0 msec : 0
43.1 msec : 0
43.2 msec : 0
43.3 msec : 0
43.4 msec : 0
43.5 msec : 0
43.6 msec : 0
43.7 msec : 0
43.8 msec : 0
43.9 msec : 0
44.0 msec : 0
44.1 msec : 0
44.2 msec : 0
44.3 msec : 0
44.4 msec : 0
44.5 msec : 1
44.6 msec : 0
44.7 msec : 1
44.8 msec : 1
44.9 msec : 2
45.0 msec : 2
45.1 msec : 3
45.2 msec : 1
45.3 msec : 0
45.4 msec : 5
45.5 msec : 1
45.6 msec : 0
45.7 msec : 1
45.8 msec : 1
45.9 msec : 1
46.0 msec : 1
46.1 msec : 0
46.2 msec : 0
46.3 msec : 0
46.4 msec : 2
46.5 msec : 1
46.6 msec : 5
46.7 msec : 3
46.8 msec : 0
46.9 msec : 1
47.0 msec : 0
