Middleware started...
Middleware shuts down...
Smaller resolution statistics are in a log file...
Final aggregates per worker:


Worker 24
Average throughput (ops/sec) = 294
Average response time (msec) = 18.898308983606558
Average queue length = 140
Average wait time in queue (msec) = 15.43522849180328
Average service time (msec) = 3.3535460327868853
Number of SET = 0
Number of GET = 294
Number of MULTI GET = 0


Worker 7
Average throughput (ops/sec) = 296
Average response time (msec) = 18.938708852459015
Average queue length = 139
Average wait time in queue (msec) = 15.508425
Average service time (msec) = 3.2862763278688525
Number of SET = 0
Number of GET = 296
Number of MULTI GET = 0


Worker 25
Average throughput (ops/sec) = 295
Average response time (msec) = 18.779204278688525
Average queue length = 141
Average wait time in queue (msec) = 15.340398147540983
Average service time (msec) = 3.2882356229508196
Number of SET = 0
Number of GET = 295
Number of MULTI GET = 0


Worker 6
Average throughput (ops/sec) = 297
Average response time (msec) = 18.873738229508195
Average queue length = 141
Average wait time in queue (msec) = 15.451943983606558
Average service time (msec) = 3.2788564590163936
Number of SET = 0
Number of GET = 297
Number of MULTI GET = 0


Worker 26
Average throughput (ops/sec) = 295
Average response time (msec) = 18.8509008852459
Average queue length = 139
Average wait time in queue (msec) = 15.366437459016394
Average service time (msec) = 3.3334942622950816
Number of SET = 0
Number of GET = 295
Number of MULTI GET = 0


Worker 9
Average throughput (ops/sec) = 296
Average response time (msec) = 18.803074459016393
Average queue length = 140
Average wait time in queue (msec) = 15.36497862295082
Average service time (msec) = 3.302829475409836
Number of SET = 0
Number of GET = 296
Number of MULTI GET = 0


Worker 27
Average throughput (ops/sec) = 298
Average response time (msec) = 18.747878803278688
Average queue length = 138
Average wait time in queue (msec) = 15.338815770491802
Average service time (msec) = 3.267395786885246
Number of SET = 0
Number of GET = 298
Number of MULTI GET = 0


Worker 8
Average throughput (ops/sec) = 294
Average response time (msec) = 18.82042914754098
Average queue length = 141
Average wait time in queue (msec) = 15.354359754098361
Average service time (msec) = 3.322834524590164
Number of SET = 0
Number of GET = 294
Number of MULTI GET = 0


Worker 20
Average throughput (ops/sec) = 297
Average response time (msec) = 18.923536409836064
Average queue length = 139
Average wait time in queue (msec) = 15.491168114754098
Average service time (msec) = 3.2895464590163934
Number of SET = 0
Number of GET = 297
Number of MULTI GET = 0


Worker 3
Average throughput (ops/sec) = 297
Average response time (msec) = 18.904066147540984
Average queue length = 142
Average wait time in queue (msec) = 15.469985557377049
Average service time (msec) = 3.3006490655737704
Number of SET = 0
Number of GET = 297
Number of MULTI GET = 0


Worker 21
Average throughput (ops/sec) = 295
Average response time (msec) = 18.743510295081965
Average queue length = 142
Average wait time in queue (msec) = 15.286681
Average service time (msec) = 3.298376229508197
Number of SET = 0
Number of GET = 295
Number of MULTI GET = 0


Worker 2
Average throughput (ops/sec) = 294
Average response time (msec) = 18.789275213114752
Average queue length = 142
Average wait time in queue (msec) = 15.312809459016394
Average service time (msec) = 3.316139
Number of SET = 0
Number of GET = 294
Number of MULTI GET = 0


Worker 22
Average throughput (ops/sec) = 295
Average response time (msec) = 18.94032781967213
Average queue length = 143
Average wait time in queue (msec) = 15.485860295081968
Average service time (msec) = 3.3138587213114756
Number of SET = 0
Number of GET = 295
Number of MULTI GET = 0


Worker 5
Average throughput (ops/sec) = 294
Average response time (msec) = 18.88083180327869
Average queue length = 141
Average wait time in queue (msec) = 15.399244459016394
Average service time (msec) = 3.3463926229508196
Number of SET = 0
Number of GET = 294
Number of MULTI GET = 0


Worker 23
Average throughput (ops/sec) = 294
Average response time (msec) = 18.911919918032787
Average queue length = 142
Average wait time in queue (msec) = 15.453444590163935
Average service time (msec) = 3.304196737704918
Number of SET = 0
Number of GET = 294
Number of MULTI GET = 0


Worker 4
Average throughput (ops/sec) = 297
Average response time (msec) = 18.77807601639344
Average queue length = 140
Average wait time in queue (msec) = 15.362132852459018
Average service time (msec) = 3.266334950819672
Number of SET = 0
Number of GET = 297
Number of MULTI GET = 0


Worker 28
Average throughput (ops/sec) = 295
Average response time (msec) = 18.69391967213115
Average queue length = 142
Average wait time in queue (msec) = 15.264150967213114
Average service time (msec) = 3.2907846721311476
Number of SET = 0
Number of GET = 295
Number of MULTI GET = 0


Worker 29
Average throughput (ops/sec) = 296
Average response time (msec) = 18.831797360655735
Average queue length = 141
Average wait time in queue (msec) = 15.389956098360656
Average service time (msec) = 3.299275475409836
Number of SET = 0
Number of GET = 296
Number of MULTI GET = 0


Worker 1
Average throughput (ops/sec) = 296
Average response time (msec) = 18.870267163934425
Average queue length = 141
Average wait time in queue (msec) = 15.432041459016395
Average service time (msec) = 3.3002112622950817
Number of SET = 0
Number of GET = 296
Number of MULTI GET = 0


Worker 30
Average throughput (ops/sec) = 297
Average response time (msec) = 18.748312491803276
Average queue length = 141
Average wait time in queue (msec) = 15.32242149180328
Average service time (msec) = 3.30597262295082
Number of SET = 0
Number of GET = 297
Number of MULTI GET = 0


Worker 13
Average throughput (ops/sec) = 296
Average response time (msec) = 18.79878631147541
Average queue length = 141
Average wait time in queue (msec) = 15.350906852459017
Average service time (msec) = 3.2883744590163935
Number of SET = 0
Number of GET = 296
Number of MULTI GET = 0


Worker 14
Average throughput (ops/sec) = 295
Average response time (msec) = 18.714596442622952
Average queue length = 140
Average wait time in queue (msec) = 15.265603573770491
Average service time (msec) = 3.2988252622950816
Number of SET = 0
Number of GET = 295
Number of MULTI GET = 0


Worker 15
Average throughput (ops/sec) = 294
Average response time (msec) = 18.846220524590166
Average queue length = 141
Average wait time in queue (msec) = 15.368889327868853
Average service time (msec) = 3.331846426229508
Number of SET = 0
Number of GET = 294
Number of MULTI GET = 0


Worker 16
Average throughput (ops/sec) = 296
Average response time (msec) = 18.815111131147543
Average queue length = 143
Average wait time in queue (msec) = 15.385049573770491
Average service time (msec) = 3.2803262459016396
Number of SET = 0
Number of GET = 296
Number of MULTI GET = 0


Worker 31
Average throughput (ops/sec) = 296
Average response time (msec) = 18.937114344262294
Average queue length = 142
Average wait time in queue (msec) = 15.504432409836065
Average service time (msec) = 3.320209770491803
Number of SET = 0
Number of GET = 296
Number of MULTI GET = 0


Worker 32
Average throughput (ops/sec) = 295
Average response time (msec) = 19.0462091147541
Average queue length = 141
Average wait time in queue (msec) = 15.597421229508196
Average service time (msec) = 3.3287621967213115
Number of SET = 0
Number of GET = 295
Number of MULTI GET = 0


Worker 10
Average throughput (ops/sec) = 297
Average response time (msec) = 18.809838803278687
Average queue length = 141
Average wait time in queue (msec) = 15.38732144262295
Average service time (msec) = 3.288617852459016
Number of SET = 0
Number of GET = 297
Number of MULTI GET = 0


Worker 11
Average throughput (ops/sec) = 294
Average response time (msec) = 18.912547655737704
Average queue length = 141
Average wait time in queue (msec) = 15.446751983606559
Average service time (msec) = 3.3104635081967215
Number of SET = 0
Number of GET = 294
Number of MULTI GET = 0


Worker 12
Average throughput (ops/sec) = 295
Average response time (msec) = 18.841901901639346
Average queue length = 141
Average wait time in queue (msec) = 15.391001852459016
Average service time (msec) = 3.2834602459016398
Number of SET = 0
Number of GET = 295
Number of MULTI GET = 0


Worker 17
Average throughput (ops/sec) = 295
Average response time (msec) = 18.66539368852459
Average queue length = 140
Average wait time in queue (msec) = 15.219092163934427
Average service time (msec) = 3.3055261147540986
Number of SET = 0
Number of GET = 295
Number of MULTI GET = 0


Worker 18
Average throughput (ops/sec) = 296
Average response time (msec) = 18.919330622950817
Average queue length = 141
Average wait time in queue (msec) = 15.489735803278688
Average service time (msec) = 3.2835441639344265
Number of SET = 0
Number of GET = 296
Number of MULTI GET = 0


Worker 19
Average throughput (ops/sec) = 296
Average response time (msec) = 18.911781524590165
Average queue length = 138
Average wait time in queue (msec) = 15.487132409836065
Average service time (msec) = 3.274415967213115
Number of SET = 0
Number of GET = 296
Number of MULTI GET = 0


FINAL STATS
Average throughput (ops/sec) = 9457
Average response time (msec) = 18.326369462575798
Average queue length = 140
Average wait time in queue (msec) = 15.39761944364754
Average service time (msec) = 3.3018618288934425
Number of SET = 0
Number of GET = 295
Number of MULTI GET = 0
Number of Cache misses = 2112


Histogram response times (0.1 msec step)
0.0 msec : 4
0.1 msec : 0
0.2 msec : 2
0.3 msec : 4
0.4 msec : 15
0.5 msec : 4
0.6 msec : 7
0.7 msec : 3
0.8 msec : 2
0.9 msec : 7
1.0 msec : 6
1.1 msec : 2
1.2 msec : 3
1.3 msec : 2
1.4 msec : 2
1.5 msec : 7
1.6 msec : 6
1.7 msec : 6
1.8 msec : 2
1.9 msec : 8
2.0 msec : 7
2.1 msec : 2
2.2 msec : 0
2.3 msec : 1
2.4 msec : 0
2.5 msec : 4
2.6 msec : 9
2.7 msec : 12
2.8 msec : 10
2.9 msec : 9
3.0 msec : 7
3.1 msec : 17
3.2 msec : 11
3.3 msec : 7
3.4 msec : 12
3.5 msec : 6
3.6 msec : 5
3.7 msec : 4
3.8 msec : 16
3.9 msec : 12
4.0 msec : 13
4.1 msec : 3
4.2 msec : 10
4.3 msec : 17
4.4 msec : 19
4.5 msec : 16
4.6 msec : 11
4.7 msec : 19
4.8 msec : 22
4.9 msec : 39
5.0 msec : 30
5.1 msec : 24
5.2 msec : 33
5.3 msec : 34
5.4 msec : 36
5.5 msec : 14
5.6 msec : 26
5.7 msec : 30
5.8 msec : 30
5.9 msec : 35
6.0 msec : 54
6.1 msec : 49
6.2 msec : 51
6.3 msec : 42
6.4 msec : 53
6.5 msec : 28
6.6 msec : 47
6.7 msec : 30
6.8 msec : 38
6.9 msec : 47
7.0 msec : 60
7.1 msec : 70
7.2 msec : 98
7.3 msec : 73
7.4 msec : 92
7.5 msec : 117
7.6 msec : 132
7.7 msec : 155
7.8 msec : 178
7.9 msec : 217
8.0 msec : 240
8.1 msec : 278
8.2 msec : 402
8.3 msec : 503
8.4 msec : 463
8.5 msec : 436
8.6 msec : 455
8.7 msec : 545
8.8 msec : 554
8.9 msec : 628
9.0 msec : 900
9.1 msec : 1070
9.2 msec : 1312
9.3 msec : 1514
9.4 msec : 1781
9.5 msec : 2060
9.6 msec : 2286
9.7 msec : 2701
9.8 msec : 3284
9.9 msec : 3673
10.0 msec : 4439
10.1 msec : 5194
10.2 msec : 5585
10.3 msec : 5655
10.4 msec : 5779
10.5 msec : 5941
10.6 msec : 6253
10.7 msec : 6398
10.8 msec : 7102
10.9 msec : 8004
11.0 msec : 8868
11.1 msec : 10321
11.2 msec : 10902
11.3 msec : 11210
11.4 msec : 11571
11.5 msec : 11390
11.6 msec : 11168
11.7 msec : 10269
11.8 msec : 9773
11.9 msec : 8963
12.0 msec : 8027
12.1 msec : 7465
12.2 msec : 6984
12.3 msec : 6513
12.4 msec : 6182
12.5 msec : 5868
12.6 msec : 5644
12.7 msec : 5543
12.8 msec : 5317
12.9 msec : 5363
13.0 msec : 5480
13.1 msec : 5712
13.2 msec : 5942
13.3 msec : 6052
13.4 msec : 6326
13.5 msec : 6523
13.6 msec : 6543
13.7 msec : 6161
13.8 msec : 5773
13.9 msec : 5425
14.0 msec : 5267
14.1 msec : 4838
14.2 msec : 4549
14.3 msec : 4246
14.4 msec : 4177
14.5 msec : 4067
14.6 msec : 4284
14.7 msec : 4521
14.8 msec : 4917
14.9 msec : 5356
15.0 msec : 5857
15.1 msec : 6147
15.2 msec : 6404
15.3 msec : 6727
15.4 msec : 6570
15.5 msec : 6382
15.6 msec : 5783
15.7 msec : 4960
15.8 msec : 4401
15.9 msec : 3766
16.0 msec : 3275
16.1 msec : 2942
16.2 msec : 2624
16.3 msec : 2623
16.4 msec : 2569
16.5 msec : 2470
16.6 msec : 2681
16.7 msec : 2852
16.8 msec : 3346
16.9 msec : 3841
17.0 msec : 4351
17.1 msec : 4838
17.2 msec : 5294
17.3 msec : 5593
17.4 msec : 5609
17.5 msec : 4824
17.6 msec : 4021
17.7 msec : 3343
17.8 msec : 2879
17.9 msec : 2602
18.0 msec : 2308
18.1 msec : 2160
18.2 msec : 1910
18.3 msec : 1730
18.4 msec : 1607
18.5 msec : 1566
18.6 msec : 1587
18.7 msec : 1710
18.8 msec : 1713
18.9 msec : 1786
19.0 msec : 1889
19.1 msec : 1795
19.2 msec : 1717
19.3 msec : 1585
19.4 msec : 1514
19.5 msec : 1463
19.6 msec : 1255
19.7 msec : 1122
19.8 msec : 1045
19.9 msec : 1003
20.0 msec : 897
20.1 msec : 818
20.2 msec : 799
20.3 msec : 759
20.4 msec : 682
20.5 msec : 648
20.6 msec : 595
20.7 msec : 609
20.8 msec : 582
20.9 msec : 472
21.0 msec : 459
21.1 msec : 405
21.2 msec : 355
21.3 msec : 296
21.4 msec : 301
21.5 msec : 328
21.6 msec : 250
21.7 msec : 202
21.8 msec : 189
21.9 msec : 178
22.0 msec : 181
22.1 msec : 239
22.2 msec : 173
22.3 msec : 198
22.4 msec : 204
22.5 msec : 217
22.6 msec : 243
22.7 msec : 240
22.8 msec : 234
22.9 msec : 240
23.0 msec : 236
23.1 msec : 298
23.2 msec : 287
23.3 msec : 284
23.4 msec : 249
23.5 msec : 247
23.6 msec : 254
23.7 msec : 262
23.8 msec : 284
23.9 msec : 303
24.0 msec : 310
24.1 msec : 263
24.2 msec : 339
24.3 msec : 375
24.4 msec : 360
24.5 msec : 382
24.6 msec : 404
24.7 msec : 383
24.8 msec : 410
24.9 msec : 409
25.0 msec : 430
25.1 msec : 475
25.2 msec : 484
25.3 msec : 534
25.4 msec : 518
25.5 msec : 520
25.6 msec : 445
25.7 msec : 437
25.8 msec : 417
25.9 msec : 427
26.0 msec : 442
26.1 msec : 398
26.2 msec : 375
26.3 msec : 433
26.4 msec : 421
26.5 msec : 489
26.6 msec : 555
26.7 msec : 689
26.8 msec : 730
26.9 msec : 741
27.0 msec : 762
27.1 msec : 779
27.2 msec : 765
27.3 msec : 745
27.4 msec : 725
27.5 msec : 649
27.6 msec : 614
27.7 msec : 549
27.8 msec : 475
27.9 msec : 484
28.0 msec : 476
28.1 msec : 439
28.2 msec : 426
28.3 msec : 347
28.4 msec : 308
28.5 msec : 275
28.6 msec : 305
28.7 msec : 282
28.8 msec : 263
28.9 msec : 241
29.0 msec : 257
29.1 msec : 243
29.2 msec : 233
29.3 msec : 188
29.4 msec : 142
29.5 msec : 157
29.6 msec : 129
29.7 msec : 114
29.8 msec : 128
29.9 msec : 122
30.0 msec : 100
30.1 msec : 113
30.2 msec : 106
30.3 msec : 84
30.4 msec : 63
30.5 msec : 74
30.6 msec : 76
30.7 msec : 70
30.8 msec : 97
30.9 msec : 58
31.0 msec : 43
31.1 msec : 59
31.2 msec : 47
31.3 msec : 50
31.4 msec : 75
31.5 msec : 86
31.6 msec : 91
31.7 msec : 58
31.8 msec : 57
31.9 msec : 81
32.0 msec : 66
32.1 msec : 56
32.2 msec : 39
32.3 msec : 57
32.4 msec : 58
32.5 msec : 69
32.6 msec : 48
32.7 msec : 59
32.8 msec : 48
32.9 msec : 48
33.0 msec : 48
33.1 msec : 47
33.2 msec : 44
33.3 msec : 56
33.4 msec : 63
33.5 msec : 48
33.6 msec : 51
33.7 msec : 67
33.8 msec : 70
33.9 msec : 58
34.0 msec : 43
34.1 msec : 55
34.2 msec : 58
34.3 msec : 61
34.4 msec : 58
34.5 msec : 64
34.6 msec : 75
34.7 msec : 61
34.8 msec : 82
34.9 msec : 96
35.0 msec : 109
35.1 msec : 108
35.2 msec : 95
35.3 msec : 86
35.4 msec : 92
35.5 msec : 70
35.6 msec : 60
35.7 msec : 58
35.8 msec : 65
35.9 msec : 57
36.0 msec : 60
36.1 msec : 65
36.2 msec : 56
36.3 msec : 65
36.4 msec : 51
36.5 msec : 63
36.6 msec : 60
36.7 msec : 60
36.8 msec : 53
36.9 msec : 48
37.0 msec : 41
37.1 msec : 44
37.2 msec : 44
37.3 msec : 30
37.4 msec : 51
37.5 msec : 44
37.6 msec : 31
37.7 msec : 47
37.8 msec : 32
37.9 msec : 38
38.0 msec : 43
38.1 msec : 47
38.2 msec : 48
38.3 msec : 41
38.4 msec : 26
38.5 msec : 39
38.6 msec : 25
38.7 msec : 30
38.8 msec : 24
38.9 msec : 20
39.0 msec : 19
39.1 msec : 12
39.2 msec : 19
39.3 msec : 23
39.4 msec : 29
39.5 msec : 23
39.6 msec : 24
39.7 msec : 21
39.8 msec : 15
39.9 msec : 16
40.0 msec : 12
40.1 msec : 19
40.2 msec : 30
40.3 msec : 17
40.4 msec : 26
40.5 msec : 26
40.6 msec : 17
40.7 msec : 16
40.8 msec : 20
40.9 msec : 24
41.0 msec : 15
41.1 msec : 9
41.2 msec : 6
41.3 msec : 10
41.4 msec : 17
41.5 msec : 23
41.6 msec : 21
41.7 msec : 21
41.8 msec : 9
41.9 msec : 11
42.0 msec : 15
42.1 msec : 16
42.2 msec : 28
42.3 msec : 14
42.4 msec : 7
42.5 msec : 12
42.6 msec : 12
42.7 msec : 7
42.8 msec : 11
42.9 msec : 18
43.0 msec : 4
43.1 msec : 7
43.2 msec : 11
43.3 msec : 12
43.4 msec : 11
43.5 msec : 3
43.6 msec : 8
43.7 msec : 6
43.8 msec : 10
43.9 msec : 7
44.0 msec : 5
44.1 msec : 5
44.2 msec : 4
44.3 msec : 11
44.4 msec : 16
44.5 msec : 14
44.6 msec : 4
44.7 msec : 5
44.8 msec : 10
44.9 msec : 9
45.0 msec : 14
45.1 msec : 16
45.2 msec : 14
45.3 msec : 15
45.4 msec : 19
45.5 msec : 11
45.6 msec : 15
45.7 msec : 11
45.8 msec : 18
45.9 msec : 21
46.0 msec : 21
46.1 msec : 16
46.2 msec : 11
46.3 msec : 28
46.4 msec : 24
46.5 msec : 22
46.6 msec : 25
46.7 msec : 23
46.8 msec : 26
46.9 msec : 20
47.0 msec : 21
47.1 msec : 17
47.2 msec : 20
47.3 msec : 16
47.4 msec : 13
47.5 msec : 17
47.6 msec : 23
47.7 msec : 26
47.8 msec : 24
47.9 msec : 16
48.0 msec : 21
48.1 msec : 20
48.2 msec : 14
48.3 msec : 14
48.4 msec : 18
48.5 msec : 13
48.6 msec : 16
48.7 msec : 14
48.8 msec : 19
48.9 msec : 16
49.0 msec : 13
49.1 msec : 14
49.2 msec : 7
49.3 msec : 7
49.4 msec : 2
49.5 msec : 7
49.6 msec : 6
49.7 msec : 5
49.8 msec : 4
49.9 msec : 4
50.0 msec : 9
50.1 msec : 9
50.2 msec : 4
50.3 msec : 3
50.4 msec : 7
50.5 msec : 7
50.6 msec : 13
50.7 msec : 18
50.8 msec : 29
50.9 msec : 10
51.0 msec : 8
51.1 msec : 11
51.2 msec : 15
51.3 msec : 18
51.4 msec : 15
51.5 msec : 16
51.6 msec : 11
51.7 msec : 21
51.8 msec : 9
51.9 msec : 19
52.0 msec : 22
52.1 msec : 11
52.2 msec : 18
52.3 msec : 12
52.4 msec : 34
52.5 msec : 27
52.6 msec : 24
52.7 msec : 32
52.8 msec : 30
52.9 msec : 26
53.0 msec : 18
53.1 msec : 8
53.2 msec : 6
53.3 msec : 14
53.4 msec : 15
53.5 msec : 6
53.6 msec : 6
53.7 msec : 9
53.8 msec : 10
53.9 msec : 7
54.0 msec : 10
54.1 msec : 6
54.2 msec : 9
54.3 msec : 7
54.4 msec : 4
54.5 msec : 9
54.6 msec : 9
54.7 msec : 16
54.8 msec : 8
54.9 msec : 15
55.0 msec : 7
55.1 msec : 19
55.2 msec : 17
55.3 msec : 12
55.4 msec : 8
55.5 msec : 9
55.6 msec : 13
55.7 msec : 6
55.8 msec : 3
55.9 msec : 7
56.0 msec : 19
56.1 msec : 8
56.2 msec : 20
56.3 msec : 12
56.4 msec : 7
56.5 msec : 9
56.6 msec : 16
56.7 msec : 31
56.8 msec : 19
56.9 msec : 11
57.0 msec : 17
57.1 msec : 15
57.2 msec : 17
57.3 msec : 10
57.4 msec : 16
57.5 msec : 6
57.6 msec : 13
57.7 msec : 9
57.8 msec : 12
57.9 msec : 6
58.0 msec : 7
58.1 msec : 0
58.2 msec : 6
58.3 msec : 15
58.4 msec : 13
58.5 msec : 12
58.6 msec : 13
58.7 msec : 13
58.8 msec : 11
58.9 msec : 12
59.0 msec : 4
59.1 msec : 13
59.2 msec : 25
59.3 msec : 25
59.4 msec : 19
59.5 msec : 12
59.6 msec : 9
59.7 msec : 13
59.8 msec : 6
59.9 msec : 14
60.0 msec : 12
60.1 msec : 20
60.2 msec : 21
60.3 msec : 26
60.4 msec : 35
60.5 msec : 15
60.6 msec : 10
60.7 msec : 13
60.8 msec : 24
60.9 msec : 22
61.0 msec : 11
61.1 msec : 7
61.2 msec : 13
61.3 msec : 8
61.4 msec : 4
61.5 msec : 6
61.6 msec : 8
61.7 msec : 2
61.8 msec : 5
61.9 msec : 5
62.0 msec : 3
62.1 msec : 2
62.2 msec : 13
62.3 msec : 12
62.4 msec : 7
62.5 msec : 6
62.6 msec : 4
62.7 msec : 11
62.8 msec : 5
62.9 msec : 3
63.0 msec : 4
63.1 msec : 3
63.2 msec : 6
63.3 msec : 0
63.4 msec : 0
63.5 msec : 4
63.6 msec : 7
63.7 msec : 2
63.8 msec : 5
63.9 msec : 9
64.0 msec : 6
64.1 msec : 4
64.2 msec : 10
64.3 msec : 15
64.4 msec : 20
64.5 msec : 8
64.6 msec : 11
64.7 msec : 11
64.8 msec : 1
64.9 msec : 4
65.0 msec : 7
65.1 msec : 11
65.2 msec : 17
65.3 msec : 8
65.4 msec : 8
65.5 msec : 20
65.6 msec : 8
65.7 msec : 16
65.8 msec : 16
65.9 msec : 13
66.0 msec : 15
66.1 msec : 18
66.2 msec : 18
66.3 msec : 12
66.4 msec : 7
66.5 msec : 12
66.6 msec : 37
66.7 msec : 21
66.8 msec : 22
66.9 msec : 13
67.0 msec : 16
67.1 msec : 4
67.2 msec : 3
67.3 msec : 7
67.4 msec : 5
67.5 msec : 5
67.6 msec : 14
67.7 msec : 4
67.8 msec : 5
67.9 msec : 9
68.0 msec : 10
68.1 msec : 8
68.2 msec : 8
68.3 msec : 7
68.4 msec : 10
68.5 msec : 15
68.6 msec : 12
68.7 msec : 19
68.8 msec : 18
68.9 msec : 12
69.0 msec : 5
69.1 msec : 6
69.2 msec : 7
69.3 msec : 6
69.4 msec : 5
69.5 msec : 5
69.6 msec : 13
69.7 msec : 9
69.8 msec : 9
69.9 msec : 2
70.0 msec : 1
70.1 msec : 2
70.2 msec : 3
70.3 msec : 6
70.4 msec : 3
70.5 msec : 1
70.6 msec : 6
70.7 msec : 1
70.8 msec : 3
70.9 msec : 6
71.0 msec : 4
71.1 msec : 5
71.2 msec : 13
71.3 msec : 13
71.4 msec : 17
71.5 msec : 10
71.6 msec : 4
71.7 msec : 2
71.8 msec : 4
71.9 msec : 3
72.0 msec : 4
72.1 msec : 2
72.2 msec : 4
72.3 msec : 1
72.4 msec : 1
72.5 msec : 3
72.6 msec : 3
72.7 msec : 4
72.8 msec : 6
72.9 msec : 6
73.0 msec : 7
73.1 msec : 2
73.2 msec : 9
73.3 msec : 16
73.4 msec : 22
73.5 msec : 8
73.6 msec : 12
73.7 msec : 15
73.8 msec : 9
73.9 msec : 2
74.0 msec : 8
74.1 msec : 4
74.2 msec : 5
74.3 msec : 4
74.4 msec : 3
74.5 msec : 1
74.6 msec : 3
74.7 msec : 1
74.8 msec : 3
74.9 msec : 0
75.0 msec : 1
75.1 msec : 0
75.2 msec : 0
75.3 msec : 0
75.4 msec : 1
75.5 msec : 1
75.6 msec : 0
75.7 msec : 5
75.8 msec : 2
75.9 msec : 0
76.0 msec : 0
76.1 msec : 1
76.2 msec : 0
76.3 msec : 1
76.4 msec : 1
76.5 msec : 0
76.6 msec : 1
76.7 msec : 1
76.8 msec : 0
76.9 msec : 3
77.0 msec : 2
77.1 msec : 1
77.2 msec : 0
77.3 msec : 0
77.4 msec : 1
77.5 msec : 1
77.6 msec : 3
77.7 msec : 4
77.8 msec : 5
77.9 msec : 7
78.0 msec : 1
78.1 msec : 5
78.2 msec : 3
78.3 msec : 3
78.4 msec : 6
78.5 msec : 14
78.6 msec : 7
78.7 msec : 4
78.8 msec : 4
78.9 msec : 3
79.0 msec : 8
79.1 msec : 2
79.2 msec : 7
79.3 msec : 8
79.4 msec : 7
79.5 msec : 4
79.6 msec : 3
79.7 msec : 3
79.8 msec : 0
79.9 msec : 4
80.0 msec : 1
80.1 msec : 1
80.2 msec : 3
80.3 msec : 2
80.4 msec : 1
80.5 msec : 0
80.6 msec : 1
80.7 msec : 3
80.8 msec : 3
80.9 msec : 5
81.0 msec : 0
81.1 msec : 0
81.2 msec : 2
81.3 msec : 1
81.4 msec : 3
81.5 msec : 2
81.6 msec : 2
81.7 msec : 2
81.8 msec : 3
81.9 msec : 4
82.0 msec : 0
82.1 msec : 1
82.2 msec : 2
82.3 msec : 2
82.4 msec : 2
82.5 msec : 1
82.6 msec : 0
82.7 msec : 2
82.8 msec : 2
82.9 msec : 2
83.0 msec : 2
83.1 msec : 3
83.2 msec : 2
83.3 msec : 3
83.4 msec : 2
83.5 msec : 4
83.6 msec : 5
83.7 msec : 0
83.8 msec : 8
83.9 msec : 12
84.0 msec : 5
84.1 msec : 10
84.2 msec : 11
84.3 msec : 8
84.4 msec : 14
84.5 msec : 3
84.6 msec : 5
84.7 msec : 4
84.8 msec : 3
84.9 msec : 4
85.0 msec : 6
85.1 msec : 11
85.2 msec : 12
85.3 msec : 9
85.4 msec : 6
85.5 msec : 9
85.6 msec : 6
85.7 msec : 4
85.8 msec : 0
85.9 msec : 9
86.0 msec : 9
86.1 msec : 11
86.2 msec : 12
86.3 msec : 11
86.4 msec : 22
86.5 msec : 20
86.6 msec : 21
86.7 msec : 22
86.8 msec : 19
86.9 msec : 6
87.0 msec : 10
87.1 msec : 4
87.2 msec : 16
87.3 msec : 10
87.4 msec : 8
87.5 msec : 1
87.6 msec : 4
87.7 msec : 1
87.8 msec : 2
87.9 msec : 3
88.0 msec : 3
88.1 msec : 3
88.2 msec : 20
88.3 msec : 8
88.4 msec : 0
88.5 msec : 1
88.6 msec : 0
88.7 msec : 3
88.8 msec : 0
88.9 msec : 1
89.0 msec : 5
89.1 msec : 4
89.2 msec : 0
89.3 msec : 0
89.4 msec : 1
89.5 msec : 1
89.6 msec : 0
89.7 msec : 1
89.8 msec : 1
89.9 msec : 1
90.0 msec : 3
90.1 msec : 1
90.2 msec : 7
90.3 msec : 2
90.4 msec : 4
90.5 msec : 6
90.6 msec : 7
90.7 msec : 1
90.8 msec : 1
90.9 msec : 0
91.0 msec : 4
91.1 msec : 0
91.2 msec : 1
91.3 msec : 0
91.4 msec : 3
91.5 msec : 2
91.6 msec : 3
91.7 msec : 5
91.8 msec : 1
91.9 msec : 1
92.0 msec : 3
92.1 msec : 2
92.2 msec : 0
92.3 msec : 0
92.4 msec : 0
92.5 msec : 5
92.6 msec : 0
92.7 msec : 1
92.8 msec : 0
92.9 msec : 0
93.0 msec : 3
93.1 msec : 2
93.2 msec : 3
93.3 msec : 0
93.4 msec : 2
93.5 msec : 0
93.6 msec : 2
93.7 msec : 3
93.8 msec : 3
93.9 msec : 4
94.0 msec : 8
94.1 msec : 3
94.2 msec : 2
94.3 msec : 1
94.4 msec : 0
94.5 msec : 2
94.6 msec : 0
94.7 msec : 0
94.8 msec : 0
94.9 msec : 1
95.0 msec : 0
95.1 msec : 1
95.2 msec : 3
95.3 msec : 2
95.4 msec : 1
95.5 msec : 3
95.6 msec : 9
95.7 msec : 12
95.8 msec : 9
95.9 msec : 9
96.0 msec : 17
96.1 msec : 6
96.2 msec : 10
96.3 msec : 11
96.4 msec : 6
96.5 msec : 7
96.6 msec : 5
96.7 msec : 3
96.8 msec : 0
96.9 msec : 2
97.0 msec : 3
97.1 msec : 16
97.2 msec : 1
97.3 msec : 10
97.4 msec : 4
97.5 msec : 4
97.6 msec : 9
97.7 msec : 8
97.8 msec : 2
97.9 msec : 5
98.0 msec : 5
98.1 msec : 9
98.2 msec : 2
98.3 msec : 3
98.4 msec : 7
98.5 msec : 6
98.6 msec : 6
98.7 msec : 5
98.8 msec : 7
98.9 msec : 5
99.0 msec : 11
99.1 msec : 5
99.2 msec : 1
99.3 msec : 0
99.4 msec : 0
99.5 msec : 0
99.6 msec : 0
99.7 msec : 0
99.8 msec : 0
99.9 msec : 0
100.0 msec : 2
100.1 msec : 3
100.2 msec : 5
100.3 msec : 8
100.4 msec : 5
100.5 msec : 3
100.6 msec : 1
100.7 msec : 0
100.8 msec : 0
100.9 msec : 0
101.0 msec : 0
101.1 msec : 1
101.2 msec : 3
101.3 msec : 1
101.4 msec : 4
101.5 msec : 5
101.6 msec : 2
101.7 msec : 7
101.8 msec : 5
101.9 msec : 4
102.0 msec : 4
102.1 msec : 5
102.2 msec : 8
102.3 msec : 9
102.4 msec : 5
102.5 msec : 5
102.6 msec : 0
102.7 msec : 2
102.8 msec : 3
102.9 msec : 0
103.0 msec : 2
103.1 msec : 0
103.2 msec : 3
103.3 msec : 4
103.4 msec : 4
103.5 msec : 4
103.6 msec : 3
103.7 msec : 4
103.8 msec : 2
103.9 msec : 1
104.0 msec : 2
104.1 msec : 0
104.2 msec : 0
104.3 msec : 0
104.4 msec : 1
104.5 msec : 2
104.6 msec : 1
104.7 msec : 0
104.8 msec : 2
104.9 msec : 1
105.0 msec : 0
105.1 msec : 0
105.2 msec : 0
105.3 msec : 0
105.4 msec : 2
105.5 msec : 0
105.6 msec : 0
105.7 msec : 1
105.8 msec : 2
105.9 msec : 1
106.0 msec : 0
106.1 msec : 0
106.2 msec : 4
106.3 msec : 7
106.4 msec : 8
106.5 msec : 2
106.6 msec : 3
106.7 msec : 0
106.8 msec : 1
106.9 msec : 1
107.0 msec : 6
107.1 msec : 8
107.2 msec : 8
107.3 msec : 6
107.4 msec : 5
107.5 msec : 1
107.6 msec : 4
107.7 msec : 4
107.8 msec : 6
107.9 msec : 12
108.0 msec : 16
108.1 msec : 25
108.2 msec : 5
108.3 msec : 3
108.4 msec : 0
108.5 msec : 9
108.6 msec : 3
108.7 msec : 9
108.8 msec : 11
108.9 msec : 3
109.0 msec : 4
109.1 msec : 2
109.2 msec : 0
109.3 msec : 5
109.4 msec : 1
109.5 msec : 3
109.6 msec : 4
109.7 msec : 9
109.8 msec : 5
109.9 msec : 0
110.0 msec : 6
110.1 msec : 8
110.2 msec : 1
110.3 msec : 0
110.4 msec : 0
110.5 msec : 2
110.6 msec : 1
110.7 msec : 2
110.8 msec : 2
110.9 msec : 1
111.0 msec : 5
111.1 msec : 1
111.2 msec : 7
111.3 msec : 2
111.4 msec : 5
111.5 msec : 4
111.6 msec : 4
111.7 msec : 8
111.8 msec : 10
111.9 msec : 8
112.0 msec : 4
112.1 msec : 6
112.2 msec : 11
112.3 msec : 7
112.4 msec : 12
112.5 msec : 4
112.6 msec : 4
112.7 msec : 5
112.8 msec : 12
112.9 msec : 4
113.0 msec : 1
113.1 msec : 1
113.2 msec : 3
113.3 msec : 4
113.4 msec : 1
113.5 msec : 1
113.6 msec : 1
113.7 msec : 2
113.8 msec : 2
113.9 msec : 1
114.0 msec : 0
114.1 msec : 0
114.2 msec : 0
114.3 msec : 0
114.4 msec : 1
114.5 msec : 0
114.6 msec : 1
114.7 msec : 1
114.8 msec : 1
114.9 msec : 0
115.0 msec : 0
115.1 msec : 0
115.2 msec : 0
115.3 msec : 0
115.4 msec : 0
115.5 msec : 2
115.6 msec : 1
115.7 msec : 0
115.8 msec : 1
115.9 msec : 0
116.0 msec : 3
116.1 msec : 2
116.2 msec : 3
116.3 msec : 2
116.4 msec : 0
116.5 msec : 0
116.6 msec : 2
116.7 msec : 3
116.8 msec : 1
116.9 msec : 3
117.0 msec : 1
117.1 msec : 0
117.2 msec : 3
117.3 msec : 1
117.4 msec : 1
117.5 msec : 0
117.6 msec : 1
117.7 msec : 0
117.8 msec : 2
117.9 msec : 3
118.0 msec : 4
118.1 msec : 1
118.2 msec : 3
118.3 msec : 5
118.4 msec : 18
118.5 msec : 17
118.6 msec : 17
118.7 msec : 7
118.8 msec : 11
118.9 msec : 19
119.0 msec : 8
119.1 msec : 4
119.2 msec : 2
119.3 msec : 5
119.4 msec : 2
119.5 msec : 4
119.6 msec : 1
119.7 msec : 11
119.8 msec : 9
119.9 msec : 9
120.0 msec : 3
120.1 msec : 8
120.2 msec : 12
120.3 msec : 24
120.4 msec : 5
120.5 msec : 7
120.6 msec : 3
120.7 msec : 12
120.8 msec : 7
120.9 msec : 11
121.0 msec : 3
121.1 msec : 0
121.2 msec : 3
121.3 msec : 10
121.4 msec : 1
121.5 msec : 0
121.6 msec : 2
121.7 msec : 0
121.8 msec : 0
121.9 msec : 0
122.0 msec : 0
122.1 msec : 2
122.2 msec : 0
122.3 msec : 1
122.4 msec : 0
122.5 msec : 0
122.6 msec : 1
122.7 msec : 4
122.8 msec : 4
122.9 msec : 1
123.0 msec : 8
123.1 msec : 3
123.2 msec : 1
123.3 msec : 0
123.4 msec : 1
123.5 msec : 3
123.6 msec : 1
123.7 msec : 1
123.8 msec : 3
123.9 msec : 11
124.0 msec : 7
124.1 msec : 7
124.2 msec : 4
124.3 msec : 4
124.4 msec : 7
124.5 msec : 3
124.6 msec : 2
124.7 msec : 6
124.8 msec : 2
124.9 msec : 5
125.0 msec : 3
125.1 msec : 8
125.2 msec : 7
125.3 msec : 0
125.4 msec : 0
125.5 msec : 0
125.6 msec : 1
125.7 msec : 1
125.8 msec : 3
125.9 msec : 1
126.0 msec : 1
126.1 msec : 0
126.2 msec : 3
126.3 msec : 1
126.4 msec : 0
126.5 msec : 0
126.6 msec : 0
126.7 msec : 0
126.8 msec : 0
126.9 msec : 1
127.0 msec : 0
127.1 msec : 13
127.2 msec : 4
127.3 msec : 10
127.4 msec : 1
127.5 msec : 0
127.6 msec : 1
127.7 msec : 0
127.8 msec : 0
127.9 msec : 0
128.0 msec : 0
128.1 msec : 0
128.2 msec : 0
128.3 msec : 0
128.4 msec : 2
128.5 msec : 0
128.6 msec : 0
128.7 msec : 3
128.8 msec : 0
128.9 msec : 0
129.0 msec : 0
129.1 msec : 0
129.2 msec : 1
129.3 msec : 1
129.4 msec : 1
129.5 msec : 1
129.6 msec : 1
129.7 msec : 0
129.8 msec : 1
129.9 msec : 0
130.0 msec : 0
130.1 msec : 1
130.2 msec : 2
130.3 msec : 5
130.4 msec : 2
130.5 msec : 2
130.6 msec : 2
130.7 msec : 2
130.8 msec : 0
130.9 msec : 1
131.0 msec : 2
131.1 msec : 1
131.2 msec : 2
131.3 msec : 1
131.4 msec : 4
131.5 msec : 9
131.6 msec : 2
131.7 msec : 2
131.8 msec : 4
131.9 msec : 3
132.0 msec : 2
132.1 msec : 2
132.2 msec : 3
132.3 msec : 1
132.4 msec : 1
132.5 msec : 3
132.6 msec : 0
132.7 msec : 0
132.8 msec : 1
132.9 msec : 4
133.0 msec : 2
133.1 msec : 3
133.2 msec : 1
133.3 msec : 0
133.4 msec : 0
133.5 msec : 1
133.6 msec : 2
133.7 msec : 1
133.8 msec : 0
133.9 msec : 4
134.0 msec : 0
134.1 msec : 0
134.2 msec : 0
134.3 msec : 1
134.4 msec : 0
134.5 msec : 2
134.6 msec : 3
134.7 msec : 1
134.8 msec : 0
134.9 msec : 0
135.0 msec : 0
135.1 msec : 2
135.2 msec : 4
135.3 msec : 4
135.4 msec : 2
135.5 msec : 2
135.6 msec : 2
135.7 msec : 5
135.8 msec : 3
135.9 msec : 6
136.0 msec : 10
136.1 msec : 1
136.2 msec : 1
136.3 msec : 0
136.4 msec : 1
136.5 msec : 0
136.6 msec : 0
136.7 msec : 0
136.8 msec : 0
136.9 msec : 0
137.0 msec : 0
137.1 msec : 2
137.2 msec : 2
137.3 msec : 0
137.4 msec : 0
137.5 msec : 1
137.6 msec : 0
137.7 msec : 0
137.8 msec : 0
137.9 msec : 1
138.0 msec : 0
138.1 msec : 0
138.2 msec : 0
138.3 msec : 0
138.4 msec : 0
138.5 msec : 2
138.6 msec : 1
138.7 msec : 0
138.8 msec : 0
138.9 msec : 0
139.0 msec : 0
139.1 msec : 0
139.2 msec : 0
139.3 msec : 0
139.4 msec : 0
139.5 msec : 0
139.6 msec : 0
139.7 msec : 0
139.8 msec : 0
139.9 msec : 0
140.0 msec : 0
140.1 msec : 0
140.2 msec : 0
140.3 msec : 0
140.4 msec : 0
140.5 msec : 0
140.6 msec : 0
140.7 msec : 0
140.8 msec : 0
140.9 msec : 3
141.0 msec : 1
141.1 msec : 2
141.2 msec : 4
141.3 msec : 2
141.4 msec : 2
141.5 msec : 3
141.6 msec : 1
141.7 msec : 4
141.8 msec : 4
141.9 msec : 1
142.0 msec : 3
142.1 msec : 3
142.2 msec : 2
142.3 msec : 1
142.4 msec : 4
142.5 msec : 0
142.6 msec : 0
142.7 msec : 0
142.8 msec : 0
142.9 msec : 0
143.0 msec : 5
143.1 msec : 2
143.2 msec : 3
143.3 msec : 4
143.4 msec : 2
143.5 msec : 2
143.6 msec : 1
143.7 msec : 0
143.8 msec : 0
143.9 msec : 0
144.0 msec : 0
144.1 msec : 0
144.2 msec : 1
144.3 msec : 0
144.4 msec : 0
144.5 msec : 0
144.6 msec : 0
144.7 msec : 0
144.8 msec : 0
144.9 msec : 0
145.0 msec : 0
145.1 msec : 0
145.2 msec : 0
145.3 msec : 0
145.4 msec : 0
145.5 msec : 0
145.6 msec : 0
145.7 msec : 0
145.8 msec : 0
145.9 msec : 0
146.0 msec : 0
146.1 msec : 0
146.2 msec : 3
146.3 msec : 3
146.4 msec : 5
146.5 msec : 11
146.6 msec : 6
146.7 msec : 1
146.8 msec : 1
146.9 msec : 1
147.0 msec : 0
147.1 msec : 0
147.2 msec : 0
147.3 msec : 2
147.4 msec : 2
147.5 msec : 0
147.6 msec : 2
147.7 msec : 0
147.8 msec : 2
147.9 msec : 0
148.0 msec : 0
148.1 msec : 0
148.2 msec : 0
148.3 msec : 0
148.4 msec : 1
148.5 msec : 3
148.6 msec : 3
148.7 msec : 0
148.8 msec : 0
148.9 msec : 0
149.0 msec : 0
149.1 msec : 0
149.2 msec : 1
149.3 msec : 0
149.4 msec : 2
149.5 msec : 4
149.6 msec : 3
149.7 msec : 2
149.8 msec : 6
149.9 msec : 3
150.0 msec : 1
150.1 msec : 0
150.2 msec : 0
150.3 msec : 0
150.4 msec : 0
150.5 msec : 0
150.6 msec : 0
150.7 msec : 0
150.8 msec : 1
150.9 msec : 1
151.0 msec : 2
151.1 msec : 3
151.2 msec : 12
151.3 msec : 5
151.4 msec : 1
151.5 msec : 3
151.6 msec : 2
151.7 msec : 0
151.8 msec : 1
151.9 msec : 1
152.0 msec : 0
152.1 msec : 0
152.2 msec : 1
152.3 msec : 0
152.4 msec : 0
152.5 msec : 0
152.6 msec : 0
152.7 msec : 0
152.8 msec : 3
152.9 msec : 1
153.0 msec : 5
153.1 msec : 2
153.2 msec : 6
153.3 msec : 4
153.4 msec : 2
153.5 msec : 3
153.6 msec : 1
153.7 msec : 1
153.8 msec : 3
153.9 msec : 1
154.0 msec : 0
154.1 msec : 0
154.2 msec : 1
154.3 msec : 0
154.4 msec : 0
154.5 msec : 0
154.6 msec : 0
154.7 msec : 2
154.8 msec : 7
154.9 msec : 2
155.0 msec : 0
155.1 msec : 0
155.2 msec : 0
155.3 msec : 0
155.4 msec : 0
155.5 msec : 1
155.6 msec : 8
155.7 msec : 0
155.8 msec : 1
155.9 msec : 0
156.0 msec : 0
156.1 msec : 0
156.2 msec : 0
156.3 msec : 2
156.4 msec : 2
156.5 msec : 0
156.6 msec : 2
156.7 msec : 0
156.8 msec : 0
156.9 msec : 1
157.0 msec : 0
157.1 msec : 0
157.2 msec : 0
157.3 msec : 0
157.4 msec : 0
157.5 msec : 0
157.6 msec : 1
157.7 msec : 0
157.8 msec : 0
157.9 msec : 0
158.0 msec : 3
158.1 msec : 0
158.2 msec : 0
158.3 msec : 0
158.4 msec : 0
158.5 msec : 0
158.6 msec : 0
158.7 msec : 1
158.8 msec : 0
158.9 msec : 0
159.0 msec : 0
159.1 msec : 0
159.2 msec : 0
159.3 msec : 0
159.4 msec : 1
159.5 msec : 0
159.6 msec : 2
159.7 msec : 0
159.8 msec : 0
159.9 msec : 2
160.0 msec : 3
160.1 msec : 0
160.2 msec : 0
160.3 msec : 0
160.4 msec : 0
160.5 msec : 0
160.6 msec : 0
160.7 msec : 0
160.8 msec : 0
160.9 msec : 0
161.0 msec : 0
161.1 msec : 2
161.2 msec : 0
161.3 msec : 0
161.4 msec : 1
161.5 msec : 1
161.6 msec : 0
161.7 msec : 0
161.8 msec : 0
161.9 msec : 1
162.0 msec : 1
162.1 msec : 2
162.2 msec : 0
162.3 msec : 0
162.4 msec : 0
162.5 msec : 0
162.6 msec : 0
162.7 msec : 0
162.8 msec : 0
162.9 msec : 0
163.0 msec : 0
163.1 msec : 0
163.2 msec : 2
163.3 msec : 0
163.4 msec : 0
163.5 msec : 0
163.6 msec : 2
163.7 msec : 0
163.8 msec : 1
163.9 msec : 0
164.0 msec : 0
164.1 msec : 0
164.2 msec : 0
164.3 msec : 0
164.4 msec : 0
164.5 msec : 1
164.6 msec : 12
164.7 msec : 2
164.8 msec : 2
164.9 msec : 0
165.0 msec : 1
165.1 msec : 0
165.2 msec : 3
165.3 msec : 1
165.4 msec : 0
165.5 msec : 0
165.6 msec : 0
165.7 msec : 1
165.8 msec : 0
165.9 msec : 2
166.0 msec : 1
166.1 msec : 0
166.2 msec : 0
166.3 msec : 0
166.4 msec : 0
166.5 msec : 0
166.6 msec : 0
166.7 msec : 0
166.8 msec : 0
166.9 msec : 1
167.0 msec : 3
167.1 msec : 0
167.2 msec : 0
167.3 msec : 0
167.4 msec : 0
167.5 msec : 0
167.6 msec : 0
167.7 msec : 0
167.8 msec : 0
167.9 msec : 0
168.0 msec : 0
168.1 msec : 0
168.2 msec : 2
168.3 msec : 1
168.4 msec : 0
168.5 msec : 0
168.6 msec : 0
168.7 msec : 0
168.8 msec : 0
168.9 msec : 1
169.0 msec : 2
169.1 msec : 0
169.2 msec : 1
169.3 msec : 1
169.4 msec : 0
169.5 msec : 0
169.6 msec : 0
169.7 msec : 0
169.8 msec : 0
169.9 msec : 4
170.0 msec : 0
170.1 msec : 0
170.2 msec : 0
170.3 msec : 0
170.4 msec : 0
170.5 msec : 0
170.6 msec : 0
170.7 msec : 0
170.8 msec : 1
170.9 msec : 6
171.0 msec : 3
171.1 msec : 0
171.2 msec : 4
171.3 msec : 1
171.4 msec : 0
171.5 msec : 0
171.6 msec : 0
171.7 msec : 0
171.8 msec : 0
171.9 msec : 0
172.0 msec : 0
172.1 msec : 0
172.2 msec : 0
172.3 msec : 0
172.4 msec : 0
172.5 msec : 0
172.6 msec : 0
172.7 msec : 3
172.8 msec : 5
172.9 msec : 2
173.0 msec : 0
173.1 msec : 2
173.2 msec : 1
173.3 msec : 0
173.4 msec : 0
173.5 msec : 0
173.6 msec : 0
173.7 msec : 0
173.8 msec : 0
173.9 msec : 0
174.0 msec : 0
174.1 msec : 0
174.2 msec : 1
174.3 msec : 0
174.4 msec : 0
174.5 msec : 4
174.6 msec : 3
174.7 msec : 0
174.8 msec : 0
174.9 msec : 0
175.0 msec : 0
175.1 msec : 0
175.2 msec : 0
175.3 msec : 0
175.4 msec : 0
175.5 msec : 0
175.6 msec : 0
175.7 msec : 0
175.8 msec : 0
175.9 msec : 1
176.0 msec : 1
176.1 msec : 0
176.2 msec : 4
176.3 msec : 1
176.4 msec : 0
176.5 msec : 0
176.6 msec : 0
176.7 msec : 1
176.8 msec : 0
176.9 msec : 1
177.0 msec : 0
177.1 msec : 0
177.2 msec : 0
177.3 msec : 0
177.4 msec : 2
177.5 msec : 0
177.6 msec : 0
177.7 msec : 0
177.8 msec : 0
177.9 msec : 0
178.0 msec : 0
178.1 msec : 0
178.2 msec : 0
178.3 msec : 0
178.4 msec : 0
178.5 msec : 0
178.6 msec : 0
178.7 msec : 0
178.8 msec : 0
178.9 msec : 1
179.0 msec : 0
179.1 msec : 0
179.2 msec : 0
179.3 msec : 0
179.4 msec : 0
179.5 msec : 0
179.6 msec : 0
179.7 msec : 0
179.8 msec : 0
179.9 msec : 0
180.0 msec : 0
180.1 msec : 0
180.2 msec : 0
180.3 msec : 0
180.4 msec : 4
180.5 msec : 0
180.6 msec : 0
180.7 msec : 1
180.8 msec : 0
180.9 msec : 0
181.0 msec : 6
181.1 msec : 2
181.2 msec : 2
181.3 msec : 0
181.4 msec : 1
181.5 msec : 3
181.6 msec : 4
181.7 msec : 2
181.8 msec : 1
181.9 msec : 1
182.0 msec : 5
182.1 msec : 2
182.2 msec : 1
182.3 msec : 0
182.4 msec : 0
182.5 msec : 3
182.6 msec : 2
182.7 msec : 1
182.8 msec : 4
182.9 msec : 4
183.0 msec : 1
183.1 msec : 2
183.2 msec : 2
183.3 msec : 2
183.4 msec : 0
183.5 msec : 0
183.6 msec : 0
183.7 msec : 0
183.8 msec : 0
183.9 msec : 0
184.0 msec : 0
184.1 msec : 0
184.2 msec : 1
184.3 msec : 4
184.4 msec : 3
184.5 msec : 0
184.6 msec : 2
184.7 msec : 1
184.8 msec : 0
184.9 msec : 1
185.0 msec : 0
185.1 msec : 1
185.2 msec : 2
185.3 msec : 0
185.4 msec : 1
185.5 msec : 0
185.6 msec : 0
185.7 msec : 0
185.8 msec : 0
185.9 msec : 0
186.0 msec : 2
186.1 msec : 1
186.2 msec : 0
186.3 msec : 3
186.4 msec : 0
186.5 msec : 0
186.6 msec : 0
186.7 msec : 0
186.8 msec : 0
186.9 msec : 2
187.0 msec : 1
187.1 msec : 1
187.2 msec : 1
187.3 msec : 0
187.4 msec : 0
187.5 msec : 0
187.6 msec : 2
187.7 msec : 1
187.8 msec : 0
187.9 msec : 1
188.0 msec : 0
188.1 msec : 0
188.2 msec : 0
188.3 msec : 0
188.4 msec : 0
188.5 msec : 1
188.6 msec : 1
188.7 msec : 0
188.8 msec : 0
188.9 msec : 0
189.0 msec : 0
189.1 msec : 0
189.2 msec : 0
189.3 msec : 1
189.4 msec : 0
189.5 msec : 1
189.6 msec : 2
189.7 msec : 0
189.8 msec : 0
189.9 msec : 2
190.0 msec : 5
190.1 msec : 2
190.2 msec : 2
190.3 msec : 3
190.4 msec : 1
190.5 msec : 4
190.6 msec : 5
190.7 msec : 0
190.8 msec : 0
190.9 msec : 0
191.0 msec : 0
191.1 msec : 0
191.2 msec : 0
191.3 msec : 0
191.4 msec : 0
191.5 msec : 3
191.6 msec : 0
191.7 msec : 1
191.8 msec : 7
191.9 msec : 1
192.0 msec : 0
192.1 msec : 0
192.2 msec : 0
192.3 msec : 0
192.4 msec : 0
192.5 msec : 1
192.6 msec : 0
192.7 msec : 0
192.8 msec : 0
192.9 msec : 0
193.0 msec : 1
193.1 msec : 0
193.2 msec : 1
193.3 msec : 1
193.4 msec : 0
193.5 msec : 2
193.6 msec : 1
193.7 msec : 1
193.8 msec : 2
193.9 msec : 0
194.0 msec : 0
194.1 msec : 0
194.2 msec : 0
194.3 msec : 0
194.4 msec : 2
194.5 msec : 0
194.6 msec : 0
194.7 msec : 0
194.8 msec : 1
194.9 msec : 3
195.0 msec : 4
195.1 msec : 5
195.2 msec : 3
195.3 msec : 2
195.4 msec : 0
195.5 msec : 0
195.6 msec : 0
195.7 msec : 0
195.8 msec : 0
195.9 msec : 0
196.0 msec : 0
196.1 msec : 0
196.2 msec : 0
196.3 msec : 0
196.4 msec : 2
196.5 msec : 1
196.6 msec : 0
196.7 msec : 0
196.8 msec : 0
196.9 msec : 2
197.0 msec : 1
197.1 msec : 0
197.2 msec : 0
197.3 msec : 0
197.4 msec : 0
197.5 msec : 0
197.6 msec : 0
197.7 msec : 0
197.8 msec : 0
197.9 msec : 0
198.0 msec : 3
198.1 msec : 0
198.2 msec : 0
198.3 msec : 3
198.4 msec : 2
198.5 msec : 7
198.6 msec : 4
198.7 msec : 7
198.8 msec : 0
198.9 msec : 4
199.0 msec : 6
199.1 msec : 6
199.2 msec : 2
199.3 msec : 7
199.4 msec : 5
199.5 msec : 3
199.6 msec : 3
199.7 msec : 1
199.8 msec : 5
199.9 msec : 0
200.0 msec : 0
200.1 msec : 0
200.2 msec : 1
200.3 msec : 0
200.4 msec : 0
200.5 msec : 0
200.6 msec : 0
200.7 msec : 0
200.8 msec : 0
200.9 msec : 0
201.0 msec : 0
201.1 msec : 0
201.2 msec : 0
201.3 msec : 0
201.4 msec : 0
201.5 msec : 2
201.6 msec : 2
201.7 msec : 3
201.8 msec : 8
201.9 msec : 3
202.0 msec : 1
202.1 msec : 0
202.2 msec : 4
202.3 msec : 4
202.4 msec : 2
202.5 msec : 1
202.6 msec : 4
202.7 msec : 10
202.8 msec : 8
202.9 msec : 4
203.0 msec : 4
203.1 msec : 0
203.2 msec : 7
203.3 msec : 6
203.4 msec : 9
203.5 msec : 4
203.6 msec : 1
203.7 msec : 0
203.8 msec : 0
203.9 msec : 0
204.0 msec : 3
204.1 msec : 0
204.2 msec : 0
204.3 msec : 0
204.4 msec : 3
204.5 msec : 1
204.6 msec : 0
204.7 msec : 2
204.8 msec : 1
204.9 msec : 0
205.0 msec : 0
205.1 msec : 0
205.2 msec : 0
205.3 msec : 1
205.4 msec : 2
205.5 msec : 0
205.6 msec : 0
205.7 msec : 0
205.8 msec : 0
205.9 msec : 0
206.0 msec : 0
206.1 msec : 0
206.2 msec : 0
206.3 msec : 0
206.4 msec : 0
206.5 msec : 0
206.6 msec : 0
206.7 msec : 0
206.8 msec : 0
206.9 msec : 0
207.0 msec : 0
207.1 msec : 0
207.2 msec : 0
207.3 msec : 0
207.4 msec : 0
207.5 msec : 0
207.6 msec : 2
207.7 msec : 0
207.8 msec : 0
207.9 msec : 0
208.0 msec : 0
208.1 msec : 0
208.2 msec : 0
208.3 msec : 0
208.4 msec : 0
208.5 msec : 0
208.6 msec : 1
208.7 msec : 0
208.8 msec : 0
208.9 msec : 0
209.0 msec : 0
209.1 msec : 0
209.2 msec : 0
209.3 msec : 0
209.4 msec : 0
209.5 msec : 0
209.6 msec : 0
209.7 msec : 0
209.8 msec : 0
209.9 msec : 0
210.0 msec : 1
210.1 msec : 3
210.2 msec : 1
210.3 msec : 0
210.4 msec : 0
210.5 msec : 0
210.6 msec : 1
210.7 msec : 1
210.8 msec : 0
210.9 msec : 0
211.0 msec : 0
211.1 msec : 0
211.2 msec : 0
211.3 msec : 0
211.4 msec : 0
211.5 msec : 0
211.6 msec : 0
211.7 msec : 0
211.8 msec : 0
211.9 msec : 0
212.0 msec : 0
212.1 msec : 0
212.2 msec : 1
212.3 msec : 2
212.4 msec : 1
212.5 msec : 0
212.6 msec : 0
212.7 msec : 0
212.8 msec : 0
212.9 msec : 0
213.0 msec : 0
213.1 msec : 1
213.2 msec : 0
213.3 msec : 0
213.4 msec : 0
213.5 msec : 0
213.6 msec : 0
213.7 msec : 0
213.8 msec : 0
213.9 msec : 1
214.0 msec : 0
214.1 msec : 0
214.2 msec : 1
214.3 msec : 0
214.4 msec : 0
214.5 msec : 1
214.6 msec : 0
214.7 msec : 0
214.8 msec : 3
214.9 msec : 0
215.0 msec : 1
215.1 msec : 1
215.2 msec : 0
215.3 msec : 0
215.4 msec : 0
215.5 msec : 0
215.6 msec : 1
215.7 msec : 1
215.8 msec : 0
215.9 msec : 0
216.0 msec : 1
216.1 msec : 2
216.2 msec : 0
216.3 msec : 0
216.4 msec : 1
216.5 msec : 0
216.6 msec : 0
216.7 msec : 2
216.8 msec : 0
216.9 msec : 0
217.0 msec : 0
217.1 msec : 0
217.2 msec : 0
217.3 msec : 0
217.4 msec : 0
217.5 msec : 2
217.6 msec : 1
217.7 msec : 1
217.8 msec : 0
217.9 msec : 0
218.0 msec : 0
218.1 msec : 0
218.2 msec : 0
218.3 msec : 0
218.4 msec : 0
218.5 msec : 0
218.6 msec : 0
218.7 msec : 0
218.8 msec : 0
218.9 msec : 0
219.0 msec : 0
219.1 msec : 0
219.2 msec : 2
219.3 msec : 1
219.4 msec : 0
219.5 msec : 0
219.6 msec : 0
219.7 msec : 0
219.8 msec : 1
219.9 msec : 3
220.0 msec : 1
220.1 msec : 1
220.2 msec : 0
220.3 msec : 0
220.4 msec : 0
220.5 msec : 0
220.6 msec : 0
220.7 msec : 0
220.8 msec : 0
220.9 msec : 0
221.0 msec : 0
221.1 msec : 0
221.2 msec : 0
221.3 msec : 0
221.4 msec : 0
221.5 msec : 0
221.6 msec : 0
221.7 msec : 0
221.8 msec : 0
221.9 msec : 0
222.0 msec : 0
222.1 msec : 0
222.2 msec : 0
222.3 msec : 0
222.4 msec : 0
222.5 msec : 0
222.6 msec : 0
222.7 msec : 1
222.8 msec : 2
222.9 msec : 0
223.0 msec : 0
223.1 msec : 0
223.2 msec : 0
223.3 msec : 0
223.4 msec : 0
223.5 msec : 0
223.6 msec : 0
223.7 msec : 0
223.8 msec : 0
223.9 msec : 0
224.0 msec : 0
224.1 msec : 0
224.2 msec : 0
224.3 msec : 0
224.4 msec : 0
224.5 msec : 0
224.6 msec : 0
224.7 msec : 0
224.8 msec : 0
224.9 msec : 0
225.0 msec : 0
225.1 msec : 0
225.2 msec : 0
225.3 msec : 0
225.4 msec : 0
225.5 msec : 0
225.6 msec : 0
225.7 msec : 0
225.8 msec : 0
225.9 msec : 0
226.0 msec : 1
226.1 msec : 0
226.2 msec : 0
226.3 msec : 0
226.4 msec : 0
226.5 msec : 0
226.6 msec : 0
226.7 msec : 0
226.8 msec : 0
226.9 msec : 0
227.0 msec : 0
227.1 msec : 0
227.2 msec : 0
227.3 msec : 0
227.4 msec : 2
227.5 msec : 1
227.6 msec : 0
227.7 msec : 0
227.8 msec : 0
227.9 msec : 0
228.0 msec : 0
228.1 msec : 0
228.2 msec : 0
228.3 msec : 0
228.4 msec : 0
228.5 msec : 0
228.6 msec : 0
228.7 msec : 0
228.8 msec : 0
228.9 msec : 0
229.0 msec : 0
229.1 msec : 3
229.2 msec : 0
229.3 msec : 0
229.4 msec : 2
229.5 msec : 1
229.6 msec : 1
229.7 msec : 0
229.8 msec : 3
229.9 msec : 4
230.0 msec : 4
230.1 msec : 0
230.2 msec : 6
230.3 msec : 2
230.4 msec : 1
230.5 msec : 0
230.6 msec : 0
230.7 msec : 0
230.8 msec : 0
230.9 msec : 0
231.0 msec : 0
231.1 msec : 0
231.2 msec : 0
231.3 msec : 0
231.4 msec : 0
231.5 msec : 0
231.6 msec : 0
231.7 msec : 0
231.8 msec : 0
231.9 msec : 3
232.0 msec : 1
232.1 msec : 0
232.2 msec : 1
232.3 msec : 1
232.4 msec : 2
232.5 msec : 2
232.6 msec : 0
232.7 msec : 0
232.8 msec : 0
232.9 msec : 0
233.0 msec : 0
233.1 msec : 1
233.2 msec : 0
233.3 msec : 3
233.4 msec : 4
233.5 msec : 4
233.6 msec : 2
233.7 msec : 3
233.8 msec : 1
233.9 msec : 2
234.0 msec : 4
234.1 msec : 1
234.2 msec : 4
234.3 msec : 5
234.4 msec : 2
234.5 msec : 2
234.6 msec : 0
234.7 msec : 3
234.8 msec : 0
234.9 msec : 0
235.0 msec : 0
235.1 msec : 0
235.2 msec : 1
235.3 msec : 2
235.4 msec : 2
235.5 msec : 7
235.6 msec : 9
235.7 msec : 7
235.8 msec : 2
235.9 msec : 6
236.0 msec : 4
236.1 msec : 3
236.2 msec : 5
236.3 msec : 1
236.4 msec : 0
236.5 msec : 3
236.6 msec : 1
236.7 msec : 3
236.8 msec : 1
236.9 msec : 1
237.0 msec : 4
237.1 msec : 2
237.2 msec : 0
237.3 msec : 1
237.4 msec : 5
237.5 msec : 6
237.6 msec : 0
237.7 msec : 1
237.8 msec : 0
237.9 msec : 2
238.0 msec : 3
238.1 msec : 3
238.2 msec : 1
238.3 msec : 5
238.4 msec : 4
238.5 msec : 7
238.6 msec : 5
238.7 msec : 3
238.8 msec : 6
238.9 msec : 8
239.0 msec : 4
239.1 msec : 8
239.2 msec : 5
239.3 msec : 2
239.4 msec : 4
239.5 msec : 8
239.6 msec : 5
239.7 msec : 4
239.8 msec : 0
239.9 msec : 1
240.0 msec : 3
240.1 msec : 3
240.2 msec : 1
240.3 msec : 2
240.4 msec : 3
240.5 msec : 0
240.6 msec : 1
240.7 msec : 0
240.8 msec : 0
240.9 msec : 2
241.0 msec : 1
241.1 msec : 1
241.2 msec : 9
241.3 msec : 3
241.4 msec : 1
241.5 msec : 2
241.6 msec : 0
241.7 msec : 1
241.8 msec : 1
241.9 msec : 4
242.0 msec : 7
242.1 msec : 2
242.2 msec : 2
242.3 msec : 1
242.4 msec : 1
242.5 msec : 3
242.6 msec : 2
242.7 msec : 5
242.8 msec : 8
242.9 msec : 2
243.0 msec : 3
243.1 msec : 5
243.2 msec : 8
243.3 msec : 8
243.4 msec : 5
243.5 msec : 3
243.6 msec : 11
243.7 msec : 4
243.8 msec : 1
243.9 msec : 0
244.0 msec : 2
244.1 msec : 2
244.2 msec : 7
244.3 msec : 13
244.4 msec : 10
244.5 msec : 3
244.6 msec : 9
244.7 msec : 10
244.8 msec : 13
244.9 msec : 11
245.0 msec : 2
245.1 msec : 4
245.2 msec : 4
245.3 msec : 1
245.4 msec : 5
245.5 msec : 1
245.6 msec : 4
245.7 msec : 4
245.8 msec : 4
245.9 msec : 0
246.0 msec : 2
246.1 msec : 0
246.2 msec : 2
246.3 msec : 0
246.4 msec : 0
246.5 msec : 0
246.6 msec : 0
246.7 msec : 1
246.8 msec : 0
246.9 msec : 0
247.0 msec : 0
247.1 msec : 3
247.2 msec : 1
247.3 msec : 2
247.4 msec : 1
247.5 msec : 0
247.6 msec : 0
247.7 msec : 2
247.8 msec : 2
247.9 msec : 1
248.0 msec : 2
248.1 msec : 0
248.2 msec : 0
248.3 msec : 2
248.4 msec : 2
248.5 msec : 3
248.6 msec : 1
248.7 msec : 0
248.8 msec : 8
248.9 msec : 5
249.0 msec : 0
249.1 msec : 0
249.2 msec : 0
249.3 msec : 1
249.4 msec : 1
249.5 msec : 2
249.6 msec : 1
249.7 msec : 0
249.8 msec : 0
249.9 msec : 0
250.0 msec : 0
250.1 msec : 0
250.2 msec : 0
250.3 msec : 0
250.4 msec : 0
250.5 msec : 0
250.6 msec : 0
250.7 msec : 0
250.8 msec : 0
250.9 msec : 0
251.0 msec : 0
251.1 msec : 0
251.2 msec : 0
251.3 msec : 0
251.4 msec : 0
251.5 msec : 0
251.6 msec : 0
251.7 msec : 0
251.8 msec : 0
251.9 msec : 0
252.0 msec : 0
252.1 msec : 0
252.2 msec : 0
252.3 msec : 0
252.4 msec : 1
252.5 msec : 1
252.6 msec : 1
252.7 msec : 0
252.8 msec : 0
252.9 msec : 0
253.0 msec : 0
253.1 msec : 0
253.2 msec : 0
253.3 msec : 0
253.4 msec : 0
253.5 msec : 6
253.6 msec : 5
253.7 msec : 3
253.8 msec : 0
253.9 msec : 0
254.0 msec : 0
254.1 msec : 0
254.2 msec : 0
254.3 msec : 0
254.4 msec : 0
254.5 msec : 0
254.6 msec : 0
254.7 msec : 0
254.8 msec : 0
254.9 msec : 0
255.0 msec : 0
255.1 msec : 0
255.2 msec : 0
255.3 msec : 0
255.4 msec : 0
255.5 msec : 0
255.6 msec : 0
255.7 msec : 0
255.8 msec : 0
255.9 msec : 0
256.0 msec : 0
256.1 msec : 0
256.2 msec : 0
256.3 msec : 0
256.4 msec : 1
256.5 msec : 0
256.6 msec : 0
256.7 msec : 0
256.8 msec : 1
256.9 msec : 1
257.0 msec : 0
257.1 msec : 0
257.2 msec : 0
257.3 msec : 0
257.4 msec : 0
257.5 msec : 1
257.6 msec : 0
257.7 msec : 0
257.8 msec : 0
257.9 msec : 0
258.0 msec : 0
258.1 msec : 0
258.2 msec : 0
258.3 msec : 0
258.4 msec : 0
258.5 msec : 0
258.6 msec : 1
258.7 msec : 1
258.8 msec : 0
258.9 msec : 3
259.0 msec : 0
259.1 msec : 0
259.2 msec : 2
259.3 msec : 1
259.4 msec : 1
259.5 msec : 0
259.6 msec : 0
259.7 msec : 1
259.8 msec : 4
259.9 msec : 3
260.0 msec : 0
260.1 msec : 0
260.2 msec : 0
260.3 msec : 0
260.4 msec : 0
260.5 msec : 0
260.6 msec : 0
260.7 msec : 0
260.8 msec : 0
260.9 msec : 0
261.0 msec : 0
261.1 msec : 0
261.2 msec : 0
261.3 msec : 0
261.4 msec : 4
261.5 msec : 1
261.6 msec : 1
261.7 msec : 0
261.8 msec : 1
261.9 msec : 1
262.0 msec : 1
262.1 msec : 0
262.2 msec : 0
262.3 msec : 0
262.4 msec : 0
262.5 msec : 0
262.6 msec : 0
262.7 msec : 0
262.8 msec : 0
262.9 msec : 0
263.0 msec : 0
263.1 msec : 0
263.2 msec : 0
263.3 msec : 0
263.4 msec : 0
263.5 msec : 0
263.6 msec : 0
263.7 msec : 1
263.8 msec : 0
263.9 msec : 0
264.0 msec : 2
264.1 msec : 0
264.2 msec : 0
264.3 msec : 0
264.4 msec : 0
264.5 msec : 0
264.6 msec : 0
264.7 msec : 0
264.8 msec : 0
264.9 msec : 2
265.0 msec : 3
265.1 msec : 3
265.2 msec : 3
265.3 msec : 0
265.4 msec : 0
265.5 msec : 0
265.6 msec : 5
265.7 msec : 1
265.8 msec : 1
265.9 msec : 5
266.0 msec : 2
266.1 msec : 0
266.2 msec : 0
266.3 msec : 3
266.4 msec : 0
266.5 msec : 0
266.6 msec : 0
266.7 msec : 0
266.8 msec : 0
266.9 msec : 0
267.0 msec : 0
267.1 msec : 0
267.2 msec : 0
267.3 msec : 3
267.4 msec : 0
267.5 msec : 0
267.6 msec : 0
267.7 msec : 0
267.8 msec : 1
267.9 msec : 0
268.0 msec : 6
268.1 msec : 8
268.2 msec : 8
268.3 msec : 3
268.4 msec : 3
268.5 msec : 2
268.6 msec : 4
268.7 msec : 0
268.8 msec : 2
268.9 msec : 2
269.0 msec : 5
269.1 msec : 3
269.2 msec : 2
269.3 msec : 0
269.4 msec : 1
269.5 msec : 0
269.6 msec : 2
269.7 msec : 2
269.8 msec : 4
269.9 msec : 4
270.0 msec : 2
270.1 msec : 1
270.2 msec : 1
270.3 msec : 0
270.4 msec : 0
270.5 msec : 1
270.6 msec : 1
270.7 msec : 0
270.8 msec : 0
270.9 msec : 2
271.0 msec : 7
271.1 msec : 4
271.2 msec : 6
271.3 msec : 6
271.4 msec : 2
271.5 msec : 4
271.6 msec : 6
271.7 msec : 12
271.8 msec : 16
271.9 msec : 9
272.0 msec : 12
272.1 msec : 9
272.2 msec : 6
272.3 msec : 2
272.4 msec : 0
272.5 msec : 0
272.6 msec : 0
272.7 msec : 0
272.8 msec : 0
272.9 msec : 2
273.0 msec : 1
273.1 msec : 0
273.2 msec : 1
273.3 msec : 0
273.4 msec : 0
273.5 msec : 0
273.6 msec : 3
273.7 msec : 1
273.8 msec : 0
273.9 msec : 0
274.0 msec : 1
274.1 msec : 2
274.2 msec : 5
274.3 msec : 7
274.4 msec : 4
274.5 msec : 3
274.6 msec : 1
274.7 msec : 2
274.8 msec : 6
274.9 msec : 2
275.0 msec : 2
275.1 msec : 1
275.2 msec : 1
275.3 msec : 3
275.4 msec : 0
275.5 msec : 1
275.6 msec : 0
275.7 msec : 2
275.8 msec : 2
275.9 msec : 0
276.0 msec : 0
276.1 msec : 0
276.2 msec : 0
276.3 msec : 0
276.4 msec : 0
276.5 msec : 0
276.6 msec : 0
276.7 msec : 0
276.8 msec : 0
276.9 msec : 0
277.0 msec : 1
277.1 msec : 0
277.2 msec : 0
277.3 msec : 0
277.4 msec : 1
277.5 msec : 1
277.6 msec : 1
277.7 msec : 1
277.8 msec : 0
277.9 msec : 0
278.0 msec : 0
278.1 msec : 0
278.2 msec : 0
278.3 msec : 2
278.4 msec : 2
278.5 msec : 0
278.6 msec : 0
278.7 msec : 0
278.8 msec : 0
278.9 msec : 0
279.0 msec : 0
279.1 msec : 0
279.2 msec : 0
279.3 msec : 1
279.4 msec : 0
279.5 msec : 1
279.6 msec : 0
279.7 msec : 0
279.8 msec : 0
279.9 msec : 0
280.0 msec : 0
280.1 msec : 1
280.2 msec : 3
280.3 msec : 3
280.4 msec : 2
280.5 msec : 1
280.6 msec : 1
280.7 msec : 2
280.8 msec : 1
280.9 msec : 2
281.0 msec : 0
281.1 msec : 1
281.2 msec : 2
281.3 msec : 2
281.4 msec : 1
281.5 msec : 3
281.6 msec : 1
281.7 msec : 3
281.8 msec : 2
281.9 msec : 2
282.0 msec : 5
282.1 msec : 9
282.2 msec : 6
282.3 msec : 1
282.4 msec : 0
282.5 msec : 2
282.6 msec : 2
282.7 msec : 2
282.8 msec : 2
282.9 msec : 1
283.0 msec : 0
283.1 msec : 0
283.2 msec : 0
283.3 msec : 0
283.4 msec : 0
283.5 msec : 0
283.6 msec : 1
283.7 msec : 0
283.8 msec : 0
283.9 msec : 0
284.0 msec : 0
284.1 msec : 0
284.2 msec : 0
284.3 msec : 0
284.4 msec : 0
284.5 msec : 0
284.6 msec : 0
284.7 msec : 2
284.8 msec : 0
284.9 msec : 0
285.0 msec : 0
285.1 msec : 0
285.2 msec : 0
285.3 msec : 0
285.4 msec : 1
285.5 msec : 0
285.6 msec : 0
285.7 msec : 0
285.8 msec : 1
285.9 msec : 1
286.0 msec : 0
286.1 msec : 0
286.2 msec : 0
286.3 msec : 1
286.4 msec : 0
286.5 msec : 0
286.6 msec : 0
286.7 msec : 1
286.8 msec : 0
286.9 msec : 0
287.0 msec : 0
287.1 msec : 0
287.2 msec : 0
287.3 msec : 0
287.4 msec : 0
287.5 msec : 0
287.6 msec : 0
287.7 msec : 0
287.8 msec : 0
287.9 msec : 0
288.0 msec : 0
288.1 msec : 0
288.2 msec : 1
288.3 msec : 0
288.4 msec : 0
288.5 msec : 0
288.6 msec : 0
288.7 msec : 1
288.8 msec : 1
288.9 msec : 0
289.0 msec : 1
289.1 msec : 1
289.2 msec : 0
289.3 msec : 0
289.4 msec : 0
289.5 msec : 0
289.6 msec : 0
289.7 msec : 1
289.8 msec : 0
289.9 msec : 0
290.0 msec : 0
290.1 msec : 0
290.2 msec : 0
290.3 msec : 0
290.4 msec : 0
290.5 msec : 0
290.6 msec : 0
290.7 msec : 0
290.8 msec : 0
290.9 msec : 0
291.0 msec : 2
291.1 msec : 0
291.2 msec : 0
291.3 msec : 0
291.4 msec : 0
291.5 msec : 0
291.6 msec : 0
291.7 msec : 0
291.8 msec : 0
291.9 msec : 0
292.0 msec : 0
292.1 msec : 0
292.2 msec : 0
292.3 msec : 1
292.4 msec : 0
292.5 msec : 0
292.6 msec : 0
292.7 msec : 0
292.8 msec : 1
292.9 msec : 2
293.0 msec : 0
293.1 msec : 0
293.2 msec : 0
293.3 msec : 0
293.4 msec : 1
293.5 msec : 0
293.6 msec : 0
293.7 msec : 0
293.8 msec : 0
293.9 msec : 0
294.0 msec : 0
294.1 msec : 0
294.2 msec : 0
294.3 msec : 0
294.4 msec : 0
294.5 msec : 0
294.6 msec : 0
294.7 msec : 0
294.8 msec : 0
294.9 msec : 0
295.0 msec : 0
295.1 msec : 0
295.2 msec : 0
295.3 msec : 0
295.4 msec : 0
295.5 msec : 0
295.6 msec : 0
295.7 msec : 0
295.8 msec : 0
295.9 msec : 0
296.0 msec : 1
296.1 msec : 0
296.2 msec : 0
296.3 msec : 0
296.4 msec : 0
296.5 msec : 0
296.6 msec : 1
296.7 msec : 3
296.8 msec : 0
296.9 msec : 0
297.0 msec : 0
297.1 msec : 0
297.2 msec : 0
297.3 msec : 0
297.4 msec : 0
297.5 msec : 0
297.6 msec : 0
297.7 msec : 0
297.8 msec : 0
297.9 msec : 0
298.0 msec : 0
298.1 msec : 0
298.2 msec : 0
298.3 msec : 0
298.4 msec : 0
298.5 msec : 0
298.6 msec : 0
298.7 msec : 0
298.8 msec : 0
298.9 msec : 0
299.0 msec : 0
299.1 msec : 0
299.2 msec : 0
299.3 msec : 0
299.4 msec : 0
299.5 msec : 0
299.6 msec : 0
299.7 msec : 1
299.8 msec : 0
299.9 msec : 0
300.0 msec : 0
300.1 msec : 0
300.2 msec : 0
300.3 msec : 0
300.4 msec : 0
300.5 msec : 0
300.6 msec : 0
300.7 msec : 0
300.8 msec : 0
300.9 msec : 0
301.0 msec : 0
301.1 msec : 0
301.2 msec : 0
301.3 msec : 0
301.4 msec : 1
301.5 msec : 3
301.6 msec : 2
301.7 msec : 0
301.8 msec : 0
301.9 msec : 0
302.0 msec : 0
302.1 msec : 0
302.2 msec : 0
302.3 msec : 2
302.4 msec : 2
302.5 msec : 0
302.6 msec : 0
302.7 msec : 0
302.8 msec : 0
302.9 msec : 1
303.0 msec : 0
303.1 msec : 2
303.2 msec : 0
303.3 msec : 0
303.4 msec : 0
303.5 msec : 0
303.6 msec : 1
303.7 msec : 1
303.8 msec : 0
303.9 msec : 0
304.0 msec : 0
304.1 msec : 0
304.2 msec : 0
304.3 msec : 0
304.4 msec : 0
304.5 msec : 0
304.6 msec : 0
304.7 msec : 0
304.8 msec : 0
304.9 msec : 0
305.0 msec : 0
305.1 msec : 0
305.2 msec : 0
305.3 msec : 0
305.4 msec : 0
305.5 msec : 0
305.6 msec : 0
305.7 msec : 0
305.8 msec : 2
305.9 msec : 4
306.0 msec : 0
306.1 msec : 0
306.2 msec : 1
306.3 msec : 5
306.4 msec : 9
306.5 msec : 2
306.6 msec : 1
306.7 msec : 2
306.8 msec : 2
306.9 msec : 2
307.0 msec : 2
307.1 msec : 8
307.2 msec : 3
307.3 msec : 2
307.4 msec : 7
307.5 msec : 5
307.6 msec : 9
307.7 msec : 10
307.8 msec : 1
307.9 msec : 6
308.0 msec : 3
308.1 msec : 1
308.2 msec : 0
308.3 msec : 0
308.4 msec : 2
308.5 msec : 1
308.6 msec : 0
308.7 msec : 1
308.8 msec : 6
308.9 msec : 3
309.0 msec : 2
309.1 msec : 0
309.2 msec : 0
309.3 msec : 0
309.4 msec : 0
309.5 msec : 0
309.6 msec : 0
309.7 msec : 1
309.8 msec : 1
309.9 msec : 3
310.0 msec : 0
310.1 msec : 2
310.2 msec : 4
310.3 msec : 0
310.4 msec : 3
310.5 msec : 1
310.6 msec : 2
310.7 msec : 2
310.8 msec : 6
310.9 msec : 5
311.0 msec : 3
311.1 msec : 4
311.2 msec : 10
311.3 msec : 2
311.4 msec : 3
311.5 msec : 2
311.6 msec : 6
311.7 msec : 0
311.8 msec : 0
311.9 msec : 1
312.0 msec : 2
312.1 msec : 0
312.2 msec : 0
312.3 msec : 0
312.4 msec : 0
312.5 msec : 0
312.6 msec : 0
312.7 msec : 0
312.8 msec : 0
312.9 msec : 0
313.0 msec : 0
313.1 msec : 0
313.2 msec : 0
313.3 msec : 0
313.4 msec : 0
313.5 msec : 0
313.6 msec : 3
313.7 msec : 2
313.8 msec : 1
313.9 msec : 0
314.0 msec : 0
314.1 msec : 0
314.2 msec : 0
314.3 msec : 0
314.4 msec : 0
314.5 msec : 0
314.6 msec : 1
314.7 msec : 7
314.8 msec : 0
314.9 msec : 2
315.0 msec : 0
315.1 msec : 0
315.2 msec : 0
315.3 msec : 2
315.4 msec : 0
315.5 msec : 7
315.6 msec : 3
315.7 msec : 1
315.8 msec : 0
315.9 msec : 1
316.0 msec : 2
316.1 msec : 7
316.2 msec : 8
316.3 msec : 6
316.4 msec : 14
316.5 msec : 15
316.6 msec : 7
316.7 msec : 4
316.8 msec : 2
316.9 msec : 8
317.0 msec : 2
317.1 msec : 0
317.2 msec : 1
317.3 msec : 2
317.4 msec : 1
317.5 msec : 0
317.6 msec : 1
317.7 msec : 0
317.8 msec : 1
317.9 msec : 1
318.0 msec : 3
318.1 msec : 4
318.2 msec : 7
318.3 msec : 3
318.4 msec : 0
318.5 msec : 0
318.6 msec : 2
318.7 msec : 1
318.8 msec : 3
318.9 msec : 4
319.0 msec : 3
319.1 msec : 4
319.2 msec : 4
319.3 msec : 6
319.4 msec : 8
319.5 msec : 3
319.6 msec : 3
319.7 msec : 1
319.8 msec : 1
319.9 msec : 2
320.0 msec : 1
320.1 msec : 0
320.2 msec : 0
320.3 msec : 0
320.4 msec : 2
320.5 msec : 1
320.6 msec : 1
320.7 msec : 0
320.8 msec : 0
320.9 msec : 0
321.0 msec : 0
321.1 msec : 0
321.2 msec : 0
321.3 msec : 1
321.4 msec : 0
321.5 msec : 5
321.6 msec : 4
321.7 msec : 3
321.8 msec : 4
321.9 msec : 5
322.0 msec : 1
322.1 msec : 1
322.2 msec : 0
322.3 msec : 1
322.4 msec : 0
322.5 msec : 1
322.6 msec : 1
322.7 msec : 0
322.8 msec : 0
322.9 msec : 0
323.0 msec : 0
323.1 msec : 0
323.2 msec : 0
323.3 msec : 0
323.4 msec : 0
323.5 msec : 0
323.6 msec : 0
323.7 msec : 0
323.8 msec : 0
323.9 msec : 0
324.0 msec : 1
324.1 msec : 2
324.2 msec : 2
324.3 msec : 0
324.4 msec : 0
324.5 msec : 3
324.6 msec : 0
324.7 msec : 0
324.8 msec : 0
324.9 msec : 0
325.0 msec : 0
325.1 msec : 2
325.2 msec : 1
325.3 msec : 1
325.4 msec : 3
325.5 msec : 0
325.6 msec : 1
325.7 msec : 0
325.8 msec : 2
325.9 msec : 0
326.0 msec : 0
326.1 msec : 0
326.2 msec : 0
326.3 msec : 1
326.4 msec : 0
326.5 msec : 0
326.6 msec : 0
326.7 msec : 0
326.8 msec : 0
326.9 msec : 1
327.0 msec : 0
327.1 msec : 0
327.2 msec : 0
327.3 msec : 1
327.4 msec : 1
327.5 msec : 0
327.6 msec : 0
327.7 msec : 1
327.8 msec : 0
327.9 msec : 0
328.0 msec : 3
328.1 msec : 0
328.2 msec : 1
328.3 msec : 1
328.4 msec : 0
328.5 msec : 0
328.6 msec : 0
328.7 msec : 1
328.8 msec : 3
328.9 msec : 0
329.0 msec : 1
329.1 msec : 1
329.2 msec : 0
329.3 msec : 1
329.4 msec : 1
329.5 msec : 0
329.6 msec : 0
329.7 msec : 0
329.8 msec : 0
329.9 msec : 0
330.0 msec : 0
330.1 msec : 0
330.2 msec : 0
330.3 msec : 0
330.4 msec : 1
330.5 msec : 1
330.6 msec : 0
330.7 msec : 7
330.8 msec : 5
330.9 msec : 4
331.0 msec : 4
331.1 msec : 2
331.2 msec : 2
331.3 msec : 1
331.4 msec : 2
331.5 msec : 0
331.6 msec : 1
331.7 msec : 1
331.8 msec : 1
331.9 msec : 2
332.0 msec : 4
332.1 msec : 6
332.2 msec : 4
332.3 msec : 9
332.4 msec : 7
332.5 msec : 1
332.6 msec : 0
332.7 msec : 1
332.8 msec : 0
332.9 msec : 0
333.0 msec : 0
333.1 msec : 0
333.2 msec : 0
333.3 msec : 0
333.4 msec : 0
333.5 msec : 0
333.6 msec : 2
333.7 msec : 0
333.8 msec : 1
333.9 msec : 1
334.0 msec : 10
334.1 msec : 9
334.2 msec : 6
334.3 msec : 4
334.4 msec : 3
334.5 msec : 3
334.6 msec : 18
334.7 msec : 13
334.8 msec : 6
334.9 msec : 5
335.0 msec : 0
335.1 msec : 1
335.2 msec : 0
335.3 msec : 5
335.4 msec : 1
335.5 msec : 0
335.6 msec : 3
335.7 msec : 3
335.8 msec : 8
335.9 msec : 9
336.0 msec : 1
336.1 msec : 2
336.2 msec : 7
336.3 msec : 5
336.4 msec : 0
336.5 msec : 0
336.6 msec : 1
336.7 msec : 3
336.8 msec : 2
336.9 msec : 0
337.0 msec : 0
337.1 msec : 0
337.2 msec : 1
337.3 msec : 4
337.4 msec : 2
337.5 msec : 0
337.6 msec : 0
337.7 msec : 0
337.8 msec : 0
337.9 msec : 1
338.0 msec : 0
338.1 msec : 0
338.2 msec : 0
338.3 msec : 0
338.4 msec : 0
338.5 msec : 0
338.6 msec : 0
338.7 msec : 0
338.8 msec : 0
338.9 msec : 0
339.0 msec : 0
339.1 msec : 0
339.2 msec : 0
339.3 msec : 0
339.4 msec : 0
339.5 msec : 1
339.6 msec : 1
339.7 msec : 1
339.8 msec : 0
339.9 msec : 1
340.0 msec : 1
340.1 msec : 1
340.2 msec : 1
340.3 msec : 0
340.4 msec : 0
340.5 msec : 0
340.6 msec : 0
340.7 msec : 0
340.8 msec : 0
340.9 msec : 0
341.0 msec : 0
341.1 msec : 0
341.2 msec : 0
341.3 msec : 0
341.4 msec : 0
341.5 msec : 1
341.6 msec : 2
341.7 msec : 0
341.8 msec : 0
341.9 msec : 0
342.0 msec : 0
342.1 msec : 1
342.2 msec : 0
342.3 msec : 0
342.4 msec : 0
342.5 msec : 0
342.6 msec : 0
342.7 msec : 0
342.8 msec : 0
342.9 msec : 0
343.0 msec : 0
343.1 msec : 0
343.2 msec : 2
343.3 msec : 0
343.4 msec : 1
343.5 msec : 0
343.6 msec : 0
343.7 msec : 0
343.8 msec : 0
343.9 msec : 0
344.0 msec : 0
344.1 msec : 0
344.2 msec : 0
344.3 msec : 1
344.4 msec : 1
344.5 msec : 0
344.6 msec : 0
344.7 msec : 0
344.8 msec : 0
344.9 msec : 0
345.0 msec : 0
345.1 msec : 1
345.2 msec : 3
345.3 msec : 3
345.4 msec : 1
345.5 msec : 0
345.6 msec : 0
345.7 msec : 0
345.8 msec : 1
345.9 msec : 0
346.0 msec : 1
346.1 msec : 0
346.2 msec : 0
346.3 msec : 0
346.4 msec : 0
346.5 msec : 0
346.6 msec : 0
346.7 msec : 0
346.8 msec : 0
346.9 msec : 0
347.0 msec : 0
347.1 msec : 1
347.2 msec : 0
347.3 msec : 0
347.4 msec : 0
347.5 msec : 0
347.6 msec : 0
347.7 msec : 0
347.8 msec : 0
347.9 msec : 0
348.0 msec : 0
348.1 msec : 0
348.2 msec : 0
348.3 msec : 0
348.4 msec : 0
348.5 msec : 0
348.6 msec : 0
348.7 msec : 0
348.8 msec : 1
348.9 msec : 0
349.0 msec : 0
349.1 msec : 0
349.2 msec : 0
349.3 msec : 0
349.4 msec : 0
349.5 msec : 0
349.6 msec : 5
349.7 msec : 0
349.8 msec : 2
349.9 msec : 1
350.0 msec : 0
350.1 msec : 0
350.2 msec : 0
350.3 msec : 0
350.4 msec : 0
350.5 msec : 0
350.6 msec : 0
350.7 msec : 0
350.8 msec : 0
350.9 msec : 0
351.0 msec : 0
351.1 msec : 0
351.2 msec : 0
351.3 msec : 0
351.4 msec : 0
351.5 msec : 0
351.6 msec : 0
351.7 msec : 0
351.8 msec : 2
351.9 msec : 0
352.0 msec : 0
352.1 msec : 0
352.2 msec : 1
352.3 msec : 0
352.4 msec : 0
352.5 msec : 0
352.6 msec : 0
352.7 msec : 0
352.8 msec : 0
352.9 msec : 0
353.0 msec : 0
353.1 msec : 0
353.2 msec : 0
353.3 msec : 0
353.4 msec : 0
353.5 msec : 0
353.6 msec : 0
353.7 msec : 0
353.8 msec : 0
353.9 msec : 0
354.0 msec : 0
354.1 msec : 0
354.2 msec : 0
354.3 msec : 0
354.4 msec : 0
354.5 msec : 0
354.6 msec : 0
354.7 msec : 0
354.8 msec : 0
354.9 msec : 0
355.0 msec : 0
355.1 msec : 0
355.2 msec : 0
355.3 msec : 0
355.4 msec : 0
355.5 msec : 0
355.6 msec : 0
355.7 msec : 0
355.8 msec : 0
355.9 msec : 0
356.0 msec : 0
356.1 msec : 0
356.2 msec : 0
356.3 msec : 0
356.4 msec : 0
356.5 msec : 0
356.6 msec : 0
356.7 msec : 0
356.8 msec : 0
356.9 msec : 0
357.0 msec : 0
357.1 msec : 0
357.2 msec : 0
357.3 msec : 0
357.4 msec : 0
357.5 msec : 0
357.6 msec : 0
357.7 msec : 0
357.8 msec : 1
357.9 msec : 0
358.0 msec : 0
358.1 msec : 0
358.2 msec : 0
358.3 msec : 0
358.4 msec : 0
358.5 msec : 0
358.6 msec : 2
358.7 msec : 1
358.8 msec : 2
358.9 msec : 0
359.0 msec : 0
359.1 msec : 1
359.2 msec : 0
359.3 msec : 0
359.4 msec : 0
359.5 msec : 0
359.6 msec : 0
359.7 msec : 0
359.8 msec : 0
359.9 msec : 0
360.0 msec : 0
360.1 msec : 0
360.2 msec : 0
360.3 msec : 0
360.4 msec : 0
360.5 msec : 0
360.6 msec : 0
360.7 msec : 0
360.8 msec : 0
360.9 msec : 0
361.0 msec : 0
361.1 msec : 0
361.2 msec : 0
361.3 msec : 0
361.4 msec : 0
361.5 msec : 0
361.6 msec : 0
361.7 msec : 0
361.8 msec : 0
361.9 msec : 0
362.0 msec : 1
362.1 msec : 0
362.2 msec : 1
362.3 msec : 0
362.4 msec : 1
362.5 msec : 0
362.6 msec : 0
362.7 msec : 0
362.8 msec : 0
362.9 msec : 0
363.0 msec : 0
363.1 msec : 0
363.2 msec : 0
363.3 msec : 0
363.4 msec : 0
363.5 msec : 0
363.6 msec : 0
363.7 msec : 0
363.8 msec : 0
363.9 msec : 0
364.0 msec : 0
364.1 msec : 0
364.2 msec : 0
364.3 msec : 0
364.4 msec : 0
364.5 msec : 0
364.6 msec : 0
364.7 msec : 0
364.8 msec : 0
364.9 msec : 0
365.0 msec : 0
365.1 msec : 0
365.2 msec : 0
365.3 msec : 0
365.4 msec : 0
365.5 msec : 0
365.6 msec : 0
365.7 msec : 0
365.8 msec : 0
365.9 msec : 0
366.0 msec : 0
366.1 msec : 0
366.2 msec : 0
366.3 msec : 0
366.4 msec : 0
366.5 msec : 0
366.6 msec : 0
366.7 msec : 0
366.8 msec : 1
366.9 msec : 2
367.0 msec : 0
367.1 msec : 0
367.2 msec : 1
367.3 msec : 0
367.4 msec : 0
367.5 msec : 0
367.6 msec : 0
367.7 msec : 0
367.8 msec : 0
367.9 msec : 0
368.0 msec : 0
368.1 msec : 0
368.2 msec : 0
368.3 msec : 1
368.4 msec : 0
368.5 msec : 1
368.6 msec : 0
368.7 msec : 0
368.8 msec : 0
368.9 msec : 0
369.0 msec : 0
369.1 msec : 0
369.2 msec : 0
369.3 msec : 0
369.4 msec : 0
369.5 msec : 0
369.6 msec : 0
369.7 msec : 0
369.8 msec : 0
369.9 msec : 0
370.0 msec : 0
370.1 msec : 0
370.2 msec : 0
370.3 msec : 0
370.4 msec : 0
370.5 msec : 0
370.6 msec : 0
370.7 msec : 0
370.8 msec : 0
370.9 msec : 0
371.0 msec : 0
371.1 msec : 0
371.2 msec : 2
371.3 msec : 0
371.4 msec : 1
371.5 msec : 0
371.6 msec : 0
371.7 msec : 0
371.8 msec : 0
371.9 msec : 0
372.0 msec : 0
372.1 msec : 0
372.2 msec : 0
372.3 msec : 0
372.4 msec : 0
372.5 msec : 0
372.6 msec : 0
372.7 msec : 0
372.8 msec : 0
372.9 msec : 0
373.0 msec : 0
373.1 msec : 0
373.2 msec : 0
373.3 msec : 0
373.4 msec : 0
373.5 msec : 0
373.6 msec : 0
373.7 msec : 0
373.8 msec : 0
373.9 msec : 0
374.0 msec : 0
374.1 msec : 0
374.2 msec : 0
374.3 msec : 0
374.4 msec : 0
374.5 msec : 0
374.6 msec : 0
374.7 msec : 0
374.8 msec : 1
374.9 msec : 0
375.0 msec : 2
375.1 msec : 1
375.2 msec : 0
375.3 msec : 0
375.4 msec : 0
375.5 msec : 0
375.6 msec : 0
375.7 msec : 0
375.8 msec : 0
375.9 msec : 0
376.0 msec : 0
376.1 msec : 0
376.2 msec : 0
376.3 msec : 0
376.4 msec : 0
376.5 msec : 0
376.6 msec : 0
376.7 msec : 0
376.8 msec : 0
376.9 msec : 0
377.0 msec : 0
377.1 msec : 0
377.2 msec : 0
377.3 msec : 0
377.4 msec : 0
377.5 msec : 0
377.6 msec : 0
377.7 msec : 0
377.8 msec : 0
377.9 msec : 0
378.0 msec : 0
378.1 msec : 0
378.2 msec : 0
378.3 msec : 0
378.4 msec : 0
378.5 msec : 0
378.6 msec : 0
378.7 msec : 0
378.8 msec : 0
378.9 msec : 0
379.0 msec : 0
379.1 msec : 0
379.2 msec : 0
379.3 msec : 0
379.4 msec : 0
379.5 msec : 0
379.6 msec : 0
379.7 msec : 0
379.8 msec : 0
379.9 msec : 0
380.0 msec : 0
380.1 msec : 0
380.2 msec : 0
380.3 msec : 0
380.4 msec : 0
380.5 msec : 0
380.6 msec : 0
380.7 msec : 0
380.8 msec : 0
380.9 msec : 0
381.0 msec : 0
381.1 msec : 0
381.2 msec : 1
381.3 msec : 1
381.4 msec : 0
381.5 msec : 0
381.6 msec : 0
381.7 msec : 1
381.8 msec : 0
381.9 msec : 0
382.0 msec : 0
382.1 msec : 0
382.2 msec : 0
382.3 msec : 0
382.4 msec : 0
382.5 msec : 0
382.6 msec : 0
382.7 msec : 0
382.8 msec : 0
382.9 msec : 0
383.0 msec : 0
383.1 msec : 0
383.2 msec : 0
383.3 msec : 0
383.4 msec : 0
383.5 msec : 0
383.6 msec : 0
383.7 msec : 0
383.8 msec : 0
383.9 msec : 0
384.0 msec : 0
384.1 msec : 0
384.2 msec : 0
384.3 msec : 0
384.4 msec : 0
384.5 msec : 0
384.6 msec : 0
384.7 msec : 0
384.8 msec : 0
384.9 msec : 0
385.0 msec : 0
385.1 msec : 0
385.2 msec : 0
385.3 msec : 0
385.4 msec : 0
385.5 msec : 0
385.6 msec : 0
385.7 msec : 0
385.8 msec : 0
385.9 msec : 0
386.0 msec : 0
386.1 msec : 0
386.2 msec : 0
386.3 msec : 0
386.4 msec : 0
386.5 msec : 0
386.6 msec : 0
386.7 msec : 0
386.8 msec : 0
386.9 msec : 0
387.0 msec : 0
387.1 msec : 0
387.2 msec : 0
387.3 msec : 0
387.4 msec : 0
387.5 msec : 0
387.6 msec : 0
387.7 msec : 0
387.8 msec : 0
387.9 msec : 0
388.0 msec : 1
388.1 msec : 1
388.2 msec : 0
388.3 msec : 0
388.4 msec : 0
388.5 msec : 0
388.6 msec : 0
388.7 msec : 0
388.8 msec : 0
388.9 msec : 0
389.0 msec : 0
389.1 msec : 0
389.2 msec : 0
389.3 msec : 0
389.4 msec : 0
389.5 msec : 0
389.6 msec : 0
389.7 msec : 0
389.8 msec : 1
389.9 msec : 0
390.0 msec : 0
390.1 msec : 0
390.2 msec : 0
390.3 msec : 0
390.4 msec : 0
390.5 msec : 0
390.6 msec : 0
390.7 msec : 0
390.8 msec : 0
390.9 msec : 0
391.0 msec : 0
391.1 msec : 0
391.2 msec : 0
391.3 msec : 0
391.4 msec : 0
391.5 msec : 0
391.6 msec : 0
391.7 msec : 0
391.8 msec : 0
391.9 msec : 0
392.0 msec : 1
392.1 msec : 1
392.2 msec : 0
392.3 msec : 0
392.4 msec : 1
392.5 msec : 0
392.6 msec : 0
392.7 msec : 0
392.8 msec : 0
392.9 msec : 0
393.0 msec : 0
393.1 msec : 0
393.2 msec : 0
393.3 msec : 0
393.4 msec : 0
393.5 msec : 0
393.6 msec : 0
393.7 msec : 0
393.8 msec : 0
393.9 msec : 0
394.0 msec : 0
394.1 msec : 0
394.2 msec : 0
394.3 msec : 0
394.4 msec : 0
394.5 msec : 0
394.6 msec : 0
394.7 msec : 0
394.8 msec : 1
394.9 msec : 1
395.0 msec : 0
395.1 msec : 0
395.2 msec : 0
395.3 msec : 0
395.4 msec : 1
395.5 msec : 0
395.6 msec : 0
395.7 msec : 0
395.8 msec : 0
395.9 msec : 0
396.0 msec : 0
396.1 msec : 0
396.2 msec : 0
396.3 msec : 0
396.4 msec : 0
396.5 msec : 0
396.6 msec : 0
396.7 msec : 1
396.8 msec : 0
396.9 msec : 1
397.0 msec : 2
397.1 msec : 0
397.2 msec : 0
397.3 msec : 0
397.4 msec : 0
397.5 msec : 0
397.6 msec : 0
397.7 msec : 0
397.8 msec : 0
397.9 msec : 0
398.0 msec : 0
398.1 msec : 0
398.2 msec : 0
398.3 msec : 0
398.4 msec : 0
398.5 msec : 0
398.6 msec : 0
398.7 msec : 0
398.8 msec : 0
398.9 msec : 0
399.0 msec : 0
399.1 msec : 0
399.2 msec : 0
399.3 msec : 0
399.4 msec : 0
399.5 msec : 0
399.6 msec : 0
399.7 msec : 0
399.8 msec : 0
399.9 msec : 0
400.0 msec : 0
400.1 msec : 0
400.2 msec : 0
400.3 msec : 0
400.4 msec : 0
400.5 msec : 0
400.6 msec : 0
400.7 msec : 0
400.8 msec : 0
400.9 msec : 0
401.0 msec : 0
401.1 msec : 1
401.2 msec : 1
401.3 msec : 0
401.4 msec : 0
401.5 msec : 0
401.6 msec : 0
401.7 msec : 0
401.8 msec : 0
401.9 msec : 0
402.0 msec : 0
402.1 msec : 0
402.2 msec : 0
402.3 msec : 0
402.4 msec : 0
402.5 msec : 0
402.6 msec : 0
402.7 msec : 0
402.8 msec : 0
402.9 msec : 0
403.0 msec : 0
403.1 msec : 0
403.2 msec : 0
403.3 msec : 0
403.4 msec : 0
403.5 msec : 0
403.6 msec : 0
403.7 msec : 0
403.8 msec : 0
403.9 msec : 0
404.0 msec : 1
404.1 msec : 1
404.2 msec : 0
404.3 msec : 0
404.4 msec : 0
404.5 msec : 0
404.6 msec : 0
404.7 msec : 1
404.8 msec : 0
404.9 msec : 0
405.0 msec : 0
405.1 msec : 0
405.2 msec : 0
405.3 msec : 0
405.4 msec : 0
405.5 msec : 0
405.6 msec : 0
405.7 msec : 0
405.8 msec : 0
405.9 msec : 0
406.0 msec : 0
406.1 msec : 0
406.2 msec : 0
406.3 msec : 0
406.4 msec : 0
406.5 msec : 0
406.6 msec : 0
406.7 msec : 0
406.8 msec : 0
406.9 msec : 0
407.0 msec : 0
407.1 msec : 0
407.2 msec : 0
407.3 msec : 0
407.4 msec : 0
407.5 msec : 0
407.6 msec : 0
407.7 msec : 0
407.8 msec : 0
407.9 msec : 1
408.0 msec : 2
408.1 msec : 1
408.2 msec : 0
408.3 msec : 0
408.4 msec : 0
408.5 msec : 0
408.6 msec : 0
408.7 msec : 0
408.8 msec : 0
408.9 msec : 0
409.0 msec : 0
409.1 msec : 0
409.2 msec : 0
409.3 msec : 0
409.4 msec : 0
409.5 msec : 0
409.6 msec : 0
409.7 msec : 0
409.8 msec : 0
409.9 msec : 0
410.0 msec : 0
410.1 msec : 0
410.2 msec : 0
410.3 msec : 0
410.4 msec : 0
410.5 msec : 0
410.6 msec : 0
410.7 msec : 0
410.8 msec : 0
410.9 msec : 0
411.0 msec : 2
411.1 msec : 1
411.2 msec : 0
411.3 msec : 0
411.4 msec : 0
411.5 msec : 0
411.6 msec : 0
411.7 msec : 0
411.8 msec : 0
411.9 msec : 0
412.0 msec : 0
412.1 msec : 0
412.2 msec : 0
412.3 msec : 0
412.4 msec : 0
412.5 msec : 0
412.6 msec : 0
412.7 msec : 0
412.8 msec : 0
412.9 msec : 0
413.0 msec : 0
413.1 msec : 0
413.2 msec : 0
413.3 msec : 0
413.4 msec : 0
413.5 msec : 0
413.6 msec : 0
413.7 msec : 0
413.8 msec : 0
413.9 msec : 0
414.0 msec : 0
414.1 msec : 0
414.2 msec : 0
414.3 msec : 0
414.4 msec : 0
414.5 msec : 0
414.6 msec : 0
414.7 msec : 0
414.8 msec : 0
414.9 msec : 0
415.0 msec : 0
415.1 msec : 0
415.2 msec : 0
415.3 msec : 0
415.4 msec : 0
415.5 msec : 0
415.6 msec : 0
415.7 msec : 0
415.8 msec : 0
415.9 msec : 1
416.0 msec : 1
416.1 msec : 4
416.2 msec : 4
416.3 msec : 4
416.4 msec : 2
416.5 msec : 0
416.6 msec : 3
416.7 msec : 3
416.8 msec : 0
416.9 msec : 3
417.0 msec : 1
417.1 msec : 1
417.2 msec : 2
417.3 msec : 2
417.4 msec : 0
417.5 msec : 1
417.6 msec : 1
417.7 msec : 0
417.8 msec : 2
417.9 msec : 0
418.0 msec : 1
418.1 msec : 0
418.2 msec : 0
418.3 msec : 1
418.4 msec : 2
418.5 msec : 1
418.6 msec : 1
418.7 msec : 0
418.8 msec : 0
418.9 msec : 0
419.0 msec : 0
419.1 msec : 0
419.2 msec : 0
419.3 msec : 0
419.4 msec : 0
419.5 msec : 1
419.6 msec : 0
419.7 msec : 1
419.8 msec : 0
419.9 msec : 0
420.0 msec : 0
420.1 msec : 0
420.2 msec : 2
420.3 msec : 0
420.4 msec : 0
420.5 msec : 1
420.6 msec : 0
420.7 msec : 0
420.8 msec : 0
420.9 msec : 0
421.0 msec : 0
421.1 msec : 1
421.2 msec : 0
421.3 msec : 0
421.4 msec : 1
421.5 msec : 0
421.6 msec : 0
421.7 msec : 1
421.8 msec : 1
421.9 msec : 0
422.0 msec : 0
422.1 msec : 0
422.2 msec : 0
422.3 msec : 0
422.4 msec : 0
422.5 msec : 0
422.6 msec : 0
422.7 msec : 0
422.8 msec : 0
422.9 msec : 0
423.0 msec : 0
423.1 msec : 0
423.2 msec : 0
423.3 msec : 0
423.4 msec : 0
423.5 msec : 0
423.6 msec : 0
423.7 msec : 0
423.8 msec : 0
423.9 msec : 0
424.0 msec : 1
424.1 msec : 0
424.2 msec : 1
424.3 msec : 7
424.4 msec : 10
424.5 msec : 3
424.6 msec : 1
424.7 msec : 1
424.8 msec : 1
424.9 msec : 1
425.0 msec : 4
425.1 msec : 1
425.2 msec : 0
425.3 msec : 0
425.4 msec : 2
425.5 msec : 3
425.6 msec : 0
425.7 msec : 1
425.8 msec : 3
425.9 msec : 1
426.0 msec : 5
426.1 msec : 8
426.2 msec : 5
426.3 msec : 4
426.4 msec : 3
426.5 msec : 2
426.6 msec : 1
426.7 msec : 0
426.8 msec : 0
426.9 msec : 0
427.0 msec : 0
427.1 msec : 0
427.2 msec : 0
427.3 msec : 1
427.4 msec : 0
427.5 msec : 0
427.6 msec : 0
427.7 msec : 0
427.8 msec : 0
427.9 msec : 0
428.0 msec : 0
428.1 msec : 0
428.2 msec : 0
428.3 msec : 0
428.4 msec : 0
428.5 msec : 0
428.6 msec : 0
428.7 msec : 0
428.8 msec : 0
428.9 msec : 0
429.0 msec : 0
429.1 msec : 0
429.2 msec : 0
429.3 msec : 0
429.4 msec : 0
429.5 msec : 0
429.6 msec : 0
429.7 msec : 0
429.8 msec : 1
429.9 msec : 1
430.0 msec : 2
430.1 msec : 3
430.2 msec : 10
430.3 msec : 2
430.4 msec : 2
430.5 msec : 4
430.6 msec : 8
430.7 msec : 6
430.8 msec : 4
430.9 msec : 3
431.0 msec : 6
431.1 msec : 5
431.2 msec : 3
431.3 msec : 1
431.4 msec : 2
431.5 msec : 2
431.6 msec : 0
431.7 msec : 2
431.8 msec : 1
431.9 msec : 1
432.0 msec : 1
432.1 msec : 4
432.2 msec : 1
432.3 msec : 1
432.4 msec : 1
432.5 msec : 0
432.6 msec : 0
432.7 msec : 0
432.8 msec : 0
432.9 msec : 0
433.0 msec : 0
433.1 msec : 0
433.2 msec : 5
433.3 msec : 5
433.4 msec : 3
433.5 msec : 0
433.6 msec : 0
433.7 msec : 0
433.8 msec : 0
433.9 msec : 1
434.0 msec : 3
434.1 msec : 1
434.2 msec : 0
434.3 msec : 0
434.4 msec : 1
434.5 msec : 2
434.6 msec : 3
434.7 msec : 1
434.8 msec : 2
434.9 msec : 1
435.0 msec : 2
435.1 msec : 1
435.2 msec : 1
435.3 msec : 3
435.4 msec : 2
435.5 msec : 1
435.6 msec : 3
435.7 msec : 1
435.8 msec : 0
435.9 msec : 0
436.0 msec : 2
436.1 msec : 0
436.2 msec : 1
436.3 msec : 0
436.4 msec : 0
436.5 msec : 0
436.6 msec : 0
436.7 msec : 0
436.8 msec : 0
436.9 msec : 0
437.0 msec : 0
437.1 msec : 0
437.2 msec : 0
437.3 msec : 0
437.4 msec : 0
437.5 msec : 0
437.6 msec : 0
437.7 msec : 0
437.8 msec : 0
437.9 msec : 0
438.0 msec : 0
438.1 msec : 1
438.2 msec : 0
438.3 msec : 0
438.4 msec : 0
438.5 msec : 0
438.6 msec : 0
438.7 msec : 1
438.8 msec : 1
438.9 msec : 2
439.0 msec : 1
439.1 msec : 3
439.2 msec : 1
439.3 msec : 2
439.4 msec : 1
439.5 msec : 0
439.6 msec : 1
439.7 msec : 1
439.8 msec : 0
439.9 msec : 1
440.0 msec : 0
440.1 msec : 0
440.2 msec : 0
440.3 msec : 0
440.4 msec : 1
440.5 msec : 0
440.6 msec : 0
440.7 msec : 0
440.8 msec : 1
440.9 msec : 0
441.0 msec : 0
441.1 msec : 0
441.2 msec : 1
441.3 msec : 0
441.4 msec : 1
441.5 msec : 0
441.6 msec : 0
441.7 msec : 0
441.8 msec : 0
441.9 msec : 3
442.0 msec : 1
442.1 msec : 1
442.2 msec : 1
442.3 msec : 0
442.4 msec : 0
442.5 msec : 1
442.6 msec : 3
442.7 msec : 1
442.8 msec : 1
442.9 msec : 0
443.0 msec : 0
443.1 msec : 0
443.2 msec : 0
443.3 msec : 0
443.4 msec : 0
443.5 msec : 0
443.6 msec : 0
443.7 msec : 0
443.8 msec : 0
443.9 msec : 0
444.0 msec : 0
444.1 msec : 0
444.2 msec : 0
444.3 msec : 0
444.4 msec : 0
444.5 msec : 0
444.6 msec : 0
444.7 msec : 0
444.8 msec : 0
444.9 msec : 0
445.0 msec : 0
445.1 msec : 0
445.2 msec : 0
445.3 msec : 0
445.4 msec : 0
445.5 msec : 0
445.6 msec : 0
445.7 msec : 0
445.8 msec : 0
445.9 msec : 0
446.0 msec : 0
446.1 msec : 0
446.2 msec : 0
446.3 msec : 0
446.4 msec : 1
446.5 msec : 1
446.6 msec : 0
446.7 msec : 0
446.8 msec : 1
446.9 msec : 1
447.0 msec : 1
447.1 msec : 0
447.2 msec : 5
447.3 msec : 2
447.4 msec : 2
447.5 msec : 1
447.6 msec : 2
447.7 msec : 0
447.8 msec : 1
447.9 msec : 0
448.0 msec : 2
448.1 msec : 0
448.2 msec : 2
448.3 msec : 3
448.4 msec : 5
448.5 msec : 0
448.6 msec : 0
448.7 msec : 7
448.8 msec : 2
448.9 msec : 2
449.0 msec : 4
449.1 msec : 3
449.2 msec : 1
449.3 msec : 5
449.4 msec : 8
449.5 msec : 8
449.6 msec : 6
449.7 msec : 1
449.8 msec : 0
449.9 msec : 0
450.0 msec : 0
450.1 msec : 0
450.2 msec : 0
450.3 msec : 0
450.4 msec : 0
450.5 msec : 0
450.6 msec : 0
450.7 msec : 0
450.8 msec : 0
450.9 msec : 0
451.0 msec : 0
451.1 msec : 1
451.2 msec : 1
451.3 msec : 1
451.4 msec : 0
451.5 msec : 0
451.6 msec : 0
451.7 msec : 0
451.8 msec : 0
451.9 msec : 0
452.0 msec : 0
452.1 msec : 0
452.2 msec : 0
452.3 msec : 0
452.4 msec : 0
452.5 msec : 0
452.6 msec : 0
452.7 msec : 0
452.8 msec : 0
452.9 msec : 0
453.0 msec : 0
453.1 msec : 0
453.2 msec : 0
453.3 msec : 1
453.4 msec : 2
453.5 msec : 1
453.6 msec : 1
453.7 msec : 1
453.8 msec : 0
453.9 msec : 0
454.0 msec : 0
454.1 msec : 0
454.2 msec : 0
454.3 msec : 0
454.4 msec : 0
454.5 msec : 0
454.6 msec : 0
454.7 msec : 2
454.8 msec : 0
454.9 msec : 0
455.0 msec : 2
455.1 msec : 1
455.2 msec : 1
455.3 msec : 0
455.4 msec : 0
455.5 msec : 0
455.6 msec : 0
455.7 msec : 0
455.8 msec : 0
455.9 msec : 0
456.0 msec : 0
456.1 msec : 0
456.2 msec : 0
456.3 msec : 0
456.4 msec : 0
456.5 msec : 0
456.6 msec : 0
456.7 msec : 0
456.8 msec : 0
456.9 msec : 0
457.0 msec : 0
457.1 msec : 0
457.2 msec : 0
457.3 msec : 0
457.4 msec : 0
457.5 msec : 0
457.6 msec : 0
457.7 msec : 0
457.8 msec : 0
457.9 msec : 0
458.0 msec : 0
458.1 msec : 0
458.2 msec : 0
458.3 msec : 0
458.4 msec : 0
458.5 msec : 0
458.6 msec : 0
458.7 msec : 0
458.8 msec : 0
458.9 msec : 0
459.0 msec : 0
459.1 msec : 0
459.2 msec : 0
459.3 msec : 0
459.4 msec : 0
459.5 msec : 0
459.6 msec : 0
459.7 msec : 0
459.8 msec : 0
459.9 msec : 0
460.0 msec : 0
460.1 msec : 0
460.2 msec : 0
460.3 msec : 0
460.4 msec : 0
460.5 msec : 0
460.6 msec : 0
460.7 msec : 0
460.8 msec : 0
460.9 msec : 0
461.0 msec : 0
461.1 msec : 0
461.2 msec : 0
461.3 msec : 0
461.4 msec : 0
461.5 msec : 0
461.6 msec : 0
461.7 msec : 0
461.8 msec : 0
461.9 msec : 0
462.0 msec : 0
462.1 msec : 0
462.2 msec : 0
462.3 msec : 0
462.4 msec : 0
462.5 msec : 0
462.6 msec : 0
462.7 msec : 0
462.8 msec : 0
462.9 msec : 0
463.0 msec : 0
463.1 msec : 0
463.2 msec : 0
463.3 msec : 0
463.4 msec : 0
463.5 msec : 0
463.6 msec : 0
463.7 msec : 0
463.8 msec : 0
463.9 msec : 0
464.0 msec : 0
464.1 msec : 0
464.2 msec : 0
464.3 msec : 0
464.4 msec : 0
464.5 msec : 0
464.6 msec : 0
464.7 msec : 0
464.8 msec : 0
464.9 msec : 0
465.0 msec : 0
465.1 msec : 0
465.2 msec : 0
465.3 msec : 0
465.4 msec : 0
465.5 msec : 0
465.6 msec : 0
465.7 msec : 0
465.8 msec : 0
465.9 msec : 0
466.0 msec : 0
466.1 msec : 0
466.2 msec : 0
466.3 msec : 0
466.4 msec : 0
466.5 msec : 0
466.6 msec : 0
466.7 msec : 0
466.8 msec : 0
466.9 msec : 0
467.0 msec : 0
467.1 msec : 0
467.2 msec : 0
467.3 msec : 0
467.4 msec : 0
467.5 msec : 0
467.6 msec : 0
467.7 msec : 0
467.8 msec : 0
467.9 msec : 0
468.0 msec : 0
468.1 msec : 0
468.2 msec : 0
468.3 msec : 0
468.4 msec : 0
468.5 msec : 0
468.6 msec : 0
468.7 msec : 0
468.8 msec : 0
468.9 msec : 0
469.0 msec : 0
469.1 msec : 0
469.2 msec : 0
469.3 msec : 0
469.4 msec : 0
469.5 msec : 0
469.6 msec : 0
469.7 msec : 0
469.8 msec : 0
469.9 msec : 0
470.0 msec : 1
470.1 msec : 0
470.2 msec : 0
470.3 msec : 0
470.4 msec : 1
470.5 msec : 0
470.6 msec : 0
470.7 msec : 0
470.8 msec : 0
470.9 msec : 0
471.0 msec : 0
471.1 msec : 0
471.2 msec : 0
471.3 msec : 0
471.4 msec : 0
471.5 msec : 0
471.6 msec : 0
471.7 msec : 0
471.8 msec : 0
471.9 msec : 0
472.0 msec : 0
472.1 msec : 0
472.2 msec : 0
472.3 msec : 0
472.4 msec : 0
472.5 msec : 0
472.6 msec : 0
472.7 msec : 0
472.8 msec : 0
472.9 msec : 0
473.0 msec : 0
473.1 msec : 0
473.2 msec : 0
473.3 msec : 0
473.4 msec : 0
473.5 msec : 0
473.6 msec : 0
473.7 msec : 0
473.8 msec : 0
473.9 msec : 0
474.0 msec : 0
474.1 msec : 0
474.2 msec : 0
474.3 msec : 0
474.4 msec : 0
474.5 msec : 0
474.6 msec : 0
474.7 msec : 0
474.8 msec : 0
474.9 msec : 0
475.0 msec : 0
475.1 msec : 0
475.2 msec : 0
475.3 msec : 0
475.4 msec : 0
475.5 msec : 0
475.6 msec : 0
475.7 msec : 0
475.8 msec : 0
475.9 msec : 0
476.0 msec : 0
476.1 msec : 0
476.2 msec : 0
476.3 msec : 0
476.4 msec : 0
476.5 msec : 0
476.6 msec : 0
476.7 msec : 0
476.8 msec : 0
476.9 msec : 0
477.0 msec : 0
477.1 msec : 0
477.2 msec : 0
477.3 msec : 0
477.4 msec : 0
477.5 msec : 0
477.6 msec : 0
477.7 msec : 0
477.8 msec : 0
477.9 msec : 0
478.0 msec : 0
478.1 msec : 0
478.2 msec : 0
478.3 msec : 0
478.4 msec : 0
478.5 msec : 0
478.6 msec : 0
478.7 msec : 0
478.8 msec : 0
478.9 msec : 0
479.0 msec : 0
479.1 msec : 0
479.2 msec : 0
479.3 msec : 0
479.4 msec : 0
479.5 msec : 0
479.6 msec : 0
479.7 msec : 0
479.8 msec : 0
479.9 msec : 0
480.0 msec : 0
480.1 msec : 0
480.2 msec : 0
480.3 msec : 0
480.4 msec : 0
480.5 msec : 0
480.6 msec : 1
480.7 msec : 0
480.8 msec : 0
480.9 msec : 0
481.0 msec : 0
481.1 msec : 1
481.2 msec : 0
481.3 msec : 0
481.4 msec : 0
481.5 msec : 0
481.6 msec : 0
481.7 msec : 0
481.8 msec : 0
481.9 msec : 0
482.0 msec : 0
482.1 msec : 0
482.2 msec : 0
482.3 msec : 0
482.4 msec : 0
482.5 msec : 0
482.6 msec : 0
482.7 msec : 0
482.8 msec : 0
482.9 msec : 0
483.0 msec : 0
483.1 msec : 0
483.2 msec : 0
483.3 msec : 0
483.4 msec : 0
483.5 msec : 0
483.6 msec : 0
483.7 msec : 0
483.8 msec : 0
483.9 msec : 0
484.0 msec : 0
484.1 msec : 0
484.2 msec : 0
484.3 msec : 0
484.4 msec : 0
484.5 msec : 0
484.6 msec : 0
484.7 msec : 0
484.8 msec : 0
484.9 msec : 0
485.0 msec : 1
485.1 msec : 1
485.2 msec : 1
485.3 msec : 0
485.4 msec : 0
485.5 msec : 0
485.6 msec : 0
485.7 msec : 0
485.8 msec : 0
485.9 msec : 0
486.0 msec : 0
486.1 msec : 0
486.2 msec : 0
486.3 msec : 0
486.4 msec : 0
486.5 msec : 0
486.6 msec : 0
486.7 msec : 0
486.8 msec : 0
486.9 msec : 0
487.0 msec : 0
487.1 msec : 0
487.2 msec : 0
487.3 msec : 0
487.4 msec : 0
487.5 msec : 0
487.6 msec : 0
487.7 msec : 0
487.8 msec : 0
487.9 msec : 0
488.0 msec : 0
488.1 msec : 0
488.2 msec : 0
488.3 msec : 0
488.4 msec : 0
488.5 msec : 0
488.6 msec : 0
488.7 msec : 0
488.8 msec : 0
488.9 msec : 0
489.0 msec : 0
489.1 msec : 0
489.2 msec : 0
489.3 msec : 0
489.4 msec : 0
489.5 msec : 0
489.6 msec : 0
489.7 msec : 0
489.8 msec : 0
489.9 msec : 0
490.0 msec : 0
490.1 msec : 0
490.2 msec : 0
490.3 msec : 0
490.4 msec : 0
490.5 msec : 0
490.6 msec : 0
490.7 msec : 0
490.8 msec : 0
490.9 msec : 0
491.0 msec : 0
491.1 msec : 0
491.2 msec : 0
491.3 msec : 0
491.4 msec : 0
491.5 msec : 0
491.6 msec : 0
491.7 msec : 4
491.8 msec : 1
491.9 msec : 0
492.0 msec : 2
492.1 msec : 2
492.2 msec : 0
492.3 msec : 3
492.4 msec : 2
492.5 msec : 1
492.6 msec : 4
492.7 msec : 2
492.8 msec : 2
492.9 msec : 0
493.0 msec : 4
493.1 msec : 2
493.2 msec : 3
493.3 msec : 7
493.4 msec : 2
493.5 msec : 2
493.6 msec : 4
493.7 msec : 5
493.8 msec : 8
493.9 msec : 6
494.0 msec : 1
494.1 msec : 5
494.2 msec : 1
494.3 msec : 2
494.4 msec : 0
494.5 msec : 0
494.6 msec : 1
494.7 msec : 1
494.8 msec : 1
494.9 msec : 1
495.0 msec : 2
495.1 msec : 0
495.2 msec : 0
495.3 msec : 0
495.4 msec : 0
495.5 msec : 1
495.6 msec : 3
495.7 msec : 0
495.8 msec : 1
495.9 msec : 2
496.0 msec : 1
496.1 msec : 1
496.2 msec : 0
496.3 msec : 1
496.4 msec : 1
496.5 msec : 0
496.6 msec : 0
496.7 msec : 1
496.8 msec : 0
496.9 msec : 0
497.0 msec : 3
497.1 msec : 4
497.2 msec : 6
497.3 msec : 2
497.4 msec : 1
497.5 msec : 0
497.6 msec : 1
497.7 msec : 5
497.8 msec : 2
497.9 msec : 2
498.0 msec : 2
498.1 msec : 4
498.2 msec : 2
498.3 msec : 0
498.4 msec : 3
498.5 msec : 1
498.6 msec : 3
498.7 msec : 3
498.8 msec : 1
498.9 msec : 0
499.0 msec : 0
499.1 msec : 0
499.2 msec : 0
499.3 msec : 0
499.4 msec : 0
499.5 msec : 0
499.6 msec : 0
499.7 msec : 0
499.8 msec : 0
499.9 msec : 0
500.0 msec : 0
500.1 msec : 0
500.2 msec : 0
500.3 msec : 0
500.4 msec : 0
500.5 msec : 0
500.6 msec : 0
500.7 msec : 0
500.8 msec : 0
500.9 msec : 0
501.0 msec : 0
501.1 msec : 0
501.2 msec : 0
501.3 msec : 0
501.4 msec : 0
501.5 msec : 1
501.6 msec : 1
501.7 msec : 0
501.8 msec : 0
501.9 msec : 0
502.0 msec : 4
502.1 msec : 5
502.2 msec : 4
502.3 msec : 4
502.4 msec : 3
502.5 msec : 3
502.6 msec : 5
502.7 msec : 4
502.8 msec : 9
502.9 msec : 9
503.0 msec : 4
503.1 msec : 1
503.2 msec : 2
503.3 msec : 1
503.4 msec : 3
503.5 msec : 0
503.6 msec : 2
503.7 msec : 2
503.8 msec : 2
503.9 msec : 0
504.0 msec : 0
504.1 msec : 0
504.2 msec : 1
504.3 msec : 1
504.4 msec : 0
504.5 msec : 0
504.6 msec : 0
504.7 msec : 0
504.8 msec : 0
504.9 msec : 0
505.0 msec : 0
505.1 msec : 0
505.2 msec : 0
505.3 msec : 0
505.4 msec : 0
505.5 msec : 0
505.6 msec : 0
505.7 msec : 2
505.8 msec : 3
505.9 msec : 2
506.0 msec : 1
506.1 msec : 4
506.2 msec : 2
506.3 msec : 0
506.4 msec : 0
506.5 msec : 1
506.6 msec : 1
506.7 msec : 3
506.8 msec : 2
506.9 msec : 1
507.0 msec : 0
507.1 msec : 3
507.2 msec : 3
507.3 msec : 0
507.4 msec : 0
507.5 msec : 0
507.6 msec : 2
507.7 msec : 1
507.8 msec : 1
507.9 msec : 2
508.0 msec : 1
508.1 msec : 0
508.2 msec : 0
508.3 msec : 0
508.4 msec : 1
508.5 msec : 0
508.6 msec : 0
508.7 msec : 0
508.8 msec : 0
508.9 msec : 0
509.0 msec : 0
509.1 msec : 0
509.2 msec : 0
509.3 msec : 0
509.4 msec : 0
509.5 msec : 0
509.6 msec : 0
509.7 msec : 0
509.8 msec : 0
509.9 msec : 0
510.0 msec : 0
510.1 msec : 0
510.2 msec : 0
510.3 msec : 0
510.4 msec : 0
510.5 msec : 0
510.6 msec : 0
510.7 msec : 0
510.8 msec : 0
510.9 msec : 0
511.0 msec : 0
511.1 msec : 0
511.2 msec : 0
511.3 msec : 0
511.4 msec : 0
511.5 msec : 0
511.6 msec : 0
511.7 msec : 0
511.8 msec : 0
511.9 msec : 0
512.0 msec : 0
512.1 msec : 0
512.2 msec : 0
512.3 msec : 0
512.4 msec : 0
512.5 msec : 0
512.6 msec : 0
512.7 msec : 0
512.8 msec : 0
512.9 msec : 0
513.0 msec : 0
513.1 msec : 0
513.2 msec : 0
513.3 msec : 0
513.4 msec : 0
513.5 msec : 0
513.6 msec : 0
513.7 msec : 0
513.8 msec : 0
513.9 msec : 0
514.0 msec : 0
514.1 msec : 0
514.2 msec : 1
514.3 msec : 0
514.4 msec : 0
514.5 msec : 0
514.6 msec : 0
514.7 msec : 2
514.8 msec : 0
514.9 msec : 0
515.0 msec : 0
515.1 msec : 0
515.2 msec : 0
515.3 msec : 0
515.4 msec : 0
515.5 msec : 0
515.6 msec : 0
515.7 msec : 0
515.8 msec : 0
515.9 msec : 0
516.0 msec : 0
516.1 msec : 0
516.2 msec : 0
516.3 msec : 0
516.4 msec : 0
516.5 msec : 0
516.6 msec : 0
516.7 msec : 0
516.8 msec : 0
516.9 msec : 0
517.0 msec : 0
517.1 msec : 0
517.2 msec : 0
517.3 msec : 0
517.4 msec : 0
517.5 msec : 0
517.6 msec : 0
517.7 msec : 0
517.8 msec : 0
517.9 msec : 0
518.0 msec : 0
518.1 msec : 0
518.2 msec : 0
518.3 msec : 0
518.4 msec : 0
518.5 msec : 0
518.6 msec : 0
518.7 msec : 0
518.8 msec : 0
518.9 msec : 0
519.0 msec : 0
519.1 msec : 0
519.2 msec : 0
519.3 msec : 0
519.4 msec : 0
519.5 msec : 0
519.6 msec : 0
519.7 msec : 0
519.8 msec : 0
519.9 msec : 0
520.0 msec : 0
520.1 msec : 0
520.2 msec : 0
520.3 msec : 0
520.4 msec : 0
520.5 msec : 0
520.6 msec : 0
520.7 msec : 0
520.8 msec : 0
520.9 msec : 0
521.0 msec : 0
521.1 msec : 0
521.2 msec : 0
521.3 msec : 0
521.4 msec : 0
521.5 msec : 1
521.6 msec : 6
521.7 msec : 0
521.8 msec : 0
521.9 msec : 0
522.0 msec : 2
522.1 msec : 0
522.2 msec : 0
522.3 msec : 0
522.4 msec : 1
522.5 msec : 0
522.6 msec : 0
522.7 msec : 0
522.8 msec : 0
522.9 msec : 0
523.0 msec : 0
523.1 msec : 0
523.2 msec : 0
523.3 msec : 0
523.4 msec : 0
523.5 msec : 0
523.6 msec : 0
523.7 msec : 0
523.8 msec : 0
523.9 msec : 0
524.0 msec : 0
524.1 msec : 0
524.2 msec : 0
524.3 msec : 0
524.4 msec : 0
524.5 msec : 0
524.6 msec : 0
524.7 msec : 0
524.8 msec : 0
524.9 msec : 0
525.0 msec : 0
525.1 msec : 0
525.2 msec : 0
525.3 msec : 0
525.4 msec : 0
525.5 msec : 0
525.6 msec : 0
525.7 msec : 0
525.8 msec : 0
525.9 msec : 0
526.0 msec : 0
526.1 msec : 0
526.2 msec : 0
526.3 msec : 0
526.4 msec : 0
526.5 msec : 0
526.6 msec : 0
526.7 msec : 0
526.8 msec : 0
526.9 msec : 0
527.0 msec : 0
527.1 msec : 0
527.2 msec : 0
527.3 msec : 0
527.4 msec : 0
527.5 msec : 0
527.6 msec : 0
527.7 msec : 0
527.8 msec : 0
527.9 msec : 0
528.0 msec : 0
528.1 msec : 0
528.2 msec : 0
528.3 msec : 0
528.4 msec : 0
528.5 msec : 0
528.6 msec : 0
528.7 msec : 0
528.8 msec : 0
528.9 msec : 0
529.0 msec : 0
529.1 msec : 0
529.2 msec : 0
529.3 msec : 0
529.4 msec : 0
529.5 msec : 0
529.6 msec : 0
529.7 msec : 0
529.8 msec : 0
529.9 msec : 0
530.0 msec : 0
530.1 msec : 0
530.2 msec : 0
530.3 msec : 0
530.4 msec : 0
530.5 msec : 0
530.6 msec : 0
530.7 msec : 0
530.8 msec : 0
530.9 msec : 0
531.0 msec : 0
531.1 msec : 0
531.2 msec : 0
531.3 msec : 0
531.4 msec : 0
531.5 msec : 0
531.6 msec : 0
531.7 msec : 0
531.8 msec : 0
531.9 msec : 0
532.0 msec : 0
532.1 msec : 0
532.2 msec : 0
532.3 msec : 0
532.4 msec : 0
532.5 msec : 0
532.6 msec : 0
532.7 msec : 0
532.8 msec : 0
532.9 msec : 0
533.0 msec : 0
533.1 msec : 0
533.2 msec : 0
533.3 msec : 0
533.4 msec : 0
533.5 msec : 0
533.6 msec : 0
533.7 msec : 0
533.8 msec : 0
533.9 msec : 0
534.0 msec : 0
534.1 msec : 0
534.2 msec : 0
534.3 msec : 0
534.4 msec : 0
534.5 msec : 0
534.6 msec : 0
534.7 msec : 0
534.8 msec : 0
534.9 msec : 0
535.0 msec : 0
535.1 msec : 0
535.2 msec : 0
535.3 msec : 0
535.4 msec : 0
535.5 msec : 0
535.6 msec : 0
535.7 msec : 0
535.8 msec : 0
535.9 msec : 0
536.0 msec : 0
536.1 msec : 0
536.2 msec : 0
536.3 msec : 0
536.4 msec : 0
536.5 msec : 0
536.6 msec : 0
536.7 msec : 0
536.8 msec : 0
536.9 msec : 0
537.0 msec : 0
537.1 msec : 0
537.2 msec : 0
537.3 msec : 0
537.4 msec : 0
537.5 msec : 0
537.6 msec : 0
537.7 msec : 0
537.8 msec : 0
537.9 msec : 0
538.0 msec : 0
538.1 msec : 0
538.2 msec : 0
538.3 msec : 0
538.4 msec : 0
538.5 msec : 0
538.6 msec : 0
538.7 msec : 0
538.8 msec : 0
538.9 msec : 0
539.0 msec : 0
539.1 msec : 0
539.2 msec : 0
539.3 msec : 0
539.4 msec : 0
539.5 msec : 0
539.6 msec : 0
539.7 msec : 0
539.8 msec : 0
539.9 msec : 0
540.0 msec : 0
540.1 msec : 0
540.2 msec : 0
540.3 msec : 0
540.4 msec : 0
540.5 msec : 0
540.6 msec : 0
540.7 msec : 0
540.8 msec : 0
540.9 msec : 0
541.0 msec : 0
541.1 msec : 0
541.2 msec : 0
541.3 msec : 0
541.4 msec : 0
541.5 msec : 0
541.6 msec : 0
541.7 msec : 0
541.8 msec : 0
541.9 msec : 0
542.0 msec : 0
542.1 msec : 0
542.2 msec : 0
542.3 msec : 0
542.4 msec : 0
542.5 msec : 0
542.6 msec : 0
542.7 msec : 0
542.8 msec : 0
542.9 msec : 0
543.0 msec : 0
543.1 msec : 0
543.2 msec : 0
543.3 msec : 0
543.4 msec : 0
543.5 msec : 0
543.6 msec : 0
543.7 msec : 0
543.8 msec : 0
543.9 msec : 1
544.0 msec : 0
544.1 msec : 0
544.2 msec : 0
544.3 msec : 0
544.4 msec : 1
544.5 msec : 0
544.6 msec : 0
544.7 msec : 0
544.8 msec : 0
544.9 msec : 0
545.0 msec : 0
545.1 msec : 0
545.2 msec : 0
545.3 msec : 0
545.4 msec : 0
545.5 msec : 0
545.6 msec : 0
545.7 msec : 0
545.8 msec : 0
545.9 msec : 0
546.0 msec : 0
546.1 msec : 0
546.2 msec : 0
546.3 msec : 0
546.4 msec : 0
546.5 msec : 0
546.6 msec : 0
546.7 msec : 0
546.8 msec : 0
546.9 msec : 0
547.0 msec : 0
547.1 msec : 0
547.2 msec : 0
547.3 msec : 0
547.4 msec : 0
547.5 msec : 0
547.6 msec : 0
547.7 msec : 0
547.8 msec : 0
547.9 msec : 0
548.0 msec : 0
548.1 msec : 0
548.2 msec : 0
548.3 msec : 0
548.4 msec : 0
548.5 msec : 0
548.6 msec : 0
548.7 msec : 0
548.8 msec : 0
548.9 msec : 0
549.0 msec : 0
549.1 msec : 0
549.2 msec : 0
549.3 msec : 0
549.4 msec : 0
549.5 msec : 0
549.6 msec : 0
549.7 msec : 0
549.8 msec : 0
549.9 msec : 0
550.0 msec : 0
550.1 msec : 0
550.2 msec : 0
550.3 msec : 0
550.4 msec : 0
550.5 msec : 0
550.6 msec : 0
550.7 msec : 0
550.8 msec : 0
550.9 msec : 0
551.0 msec : 0
551.1 msec : 0
551.2 msec : 0
551.3 msec : 0
551.4 msec : 0
551.5 msec : 0
551.6 msec : 0
551.7 msec : 0
551.8 msec : 0
551.9 msec : 0
552.0 msec : 0
552.1 msec : 0
552.2 msec : 0
552.3 msec : 0
552.4 msec : 0
552.5 msec : 0
552.6 msec : 0
552.7 msec : 0
552.8 msec : 0
552.9 msec : 0
553.0 msec : 0
553.1 msec : 0
553.2 msec : 0
553.3 msec : 0
553.4 msec : 0
553.5 msec : 0
553.6 msec : 0
553.7 msec : 0
553.8 msec : 0
553.9 msec : 0
554.0 msec : 0
554.1 msec : 0
554.2 msec : 0
554.3 msec : 0
554.4 msec : 0
554.5 msec : 0
554.6 msec : 0
554.7 msec : 0
554.8 msec : 0
554.9 msec : 0
555.0 msec : 0
555.1 msec : 0
555.2 msec : 0
555.3 msec : 0
555.4 msec : 0
555.5 msec : 0
555.6 msec : 0
555.7 msec : 0
555.8 msec : 0
555.9 msec : 0
556.0 msec : 0
556.1 msec : 0
556.2 msec : 0
556.3 msec : 0
556.4 msec : 0
556.5 msec : 0
556.6 msec : 0
556.7 msec : 0
556.8 msec : 0
556.9 msec : 0
557.0 msec : 0
557.1 msec : 0
557.2 msec : 0
557.3 msec : 0
557.4 msec : 0
557.5 msec : 0
557.6 msec : 0
557.7 msec : 0
557.8 msec : 0
557.9 msec : 0
558.0 msec : 0
558.1 msec : 0
558.2 msec : 0
558.3 msec : 0
558.4 msec : 0
558.5 msec : 0
558.6 msec : 0
558.7 msec : 0
558.8 msec : 0
558.9 msec : 0
559.0 msec : 0
559.1 msec : 0
559.2 msec : 0
559.3 msec : 0
559.4 msec : 0
559.5 msec : 0
559.6 msec : 0
559.7 msec : 0
559.8 msec : 0
559.9 msec : 0
560.0 msec : 0
560.1 msec : 0
560.2 msec : 0
560.3 msec : 0
560.4 msec : 0
560.5 msec : 0
560.6 msec : 0
560.7 msec : 0
560.8 msec : 0
560.9 msec : 0
561.0 msec : 0
561.1 msec : 0
561.2 msec : 0
561.3 msec : 0
561.4 msec : 0
561.5 msec : 0
561.6 msec : 0
561.7 msec : 0
561.8 msec : 0
561.9 msec : 0
562.0 msec : 0
562.1 msec : 0
562.2 msec : 0
562.3 msec : 0
562.4 msec : 0
562.5 msec : 0
562.6 msec : 0
562.7 msec : 0
562.8 msec : 0
562.9 msec : 0
563.0 msec : 0
563.1 msec : 0
563.2 msec : 0
563.3 msec : 0
563.4 msec : 0
563.5 msec : 0
563.6 msec : 0
563.7 msec : 0
563.8 msec : 0
563.9 msec : 0
564.0 msec : 0
564.1 msec : 0
564.2 msec : 0
564.3 msec : 0
564.4 msec : 0
564.5 msec : 0
564.6 msec : 0
564.7 msec : 0
564.8 msec : 0
564.9 msec : 0
565.0 msec : 0
565.1 msec : 0
565.2 msec : 0
565.3 msec : 0
565.4 msec : 0
565.5 msec : 0
565.6 msec : 0
565.7 msec : 0
565.8 msec : 0
565.9 msec : 0
566.0 msec : 0
566.1 msec : 0
566.2 msec : 0
566.3 msec : 0
566.4 msec : 0
566.5 msec : 0
566.6 msec : 0
566.7 msec : 0
566.8 msec : 0
566.9 msec : 0
567.0 msec : 0
567.1 msec : 0
567.2 msec : 1
567.3 msec : 4
567.4 msec : 1
567.5 msec : 1
567.6 msec : 0
567.7 msec : 0
567.8 msec : 0
567.9 msec : 0
568.0 msec : 0
568.1 msec : 0
568.2 msec : 0
568.3 msec : 3
568.4 msec : 13
568.5 msec : 9
568.6 msec : 6
568.7 msec : 9
568.8 msec : 2
568.9 msec : 2
569.0 msec : 3
569.1 msec : 1
569.2 msec : 0
569.3 msec : 0
569.4 msec : 1
569.5 msec : 1
569.6 msec : 0
569.7 msec : 0
569.8 msec : 0
569.9 msec : 0
570.0 msec : 0
570.1 msec : 0
570.2 msec : 0
570.3 msec : 0
570.4 msec : 0
570.5 msec : 0
570.6 msec : 0
570.7 msec : 0
570.8 msec : 0
570.9 msec : 0
571.0 msec : 0
571.1 msec : 0
571.2 msec : 0
571.3 msec : 0
571.4 msec : 0
571.5 msec : 0
571.6 msec : 5
571.7 msec : 1
571.8 msec : 3
571.9 msec : 3
572.0 msec : 2
572.1 msec : 0
572.2 msec : 0
572.3 msec : 0
572.4 msec : 3
572.5 msec : 5
572.6 msec : 1
572.7 msec : 3
572.8 msec : 5
572.9 msec : 0
573.0 msec : 0
573.1 msec : 2
573.2 msec : 3
573.3 msec : 4
573.4 msec : 0
573.5 msec : 2
573.6 msec : 3
573.7 msec : 3
573.8 msec : 1
573.9 msec : 0
574.0 msec : 0
