Middleware started...
Middleware shuts down...
Smaller resolution statistics are in a log file...
Final aggregates per worker:


Worker 24
Average throughput (ops/sec) = 304
Average response time (msec) = 17.25266433870968
Average queue length = 136
Average wait time in queue (msec) = 14.011695064516129
Average service time (msec) = 3.0729010322580645
Number of SET = 0
Number of GET = 304
Number of MULTI GET = 0


Worker 7
Average throughput (ops/sec) = 301
Average response time (msec) = 17.258362387096774
Average queue length = 135
Average wait time in queue (msec) = 13.940187677419354
Average service time (msec) = 3.144350064516129
Number of SET = 0
Number of GET = 301
Number of MULTI GET = 0


Worker 25
Average throughput (ops/sec) = 304
Average response time (msec) = 17.21241556451613
Average queue length = 137
Average wait time in queue (msec) = 13.967209403225805
Average service time (msec) = 3.0670946612903225
Number of SET = 0
Number of GET = 304
Number of MULTI GET = 0


Worker 6
Average throughput (ops/sec) = 304
Average response time (msec) = 17.324987532258064
Average queue length = 134
Average wait time in queue (msec) = 14.080776209677419
Average service time (msec) = 3.0692996935483867
Number of SET = 0
Number of GET = 304
Number of MULTI GET = 0


Worker 26
Average throughput (ops/sec) = 302
Average response time (msec) = 17.283554177419354
Average queue length = 137
Average wait time in queue (msec) = 14.020173467741934
Average service time (msec) = 3.0820164838709676
Number of SET = 0
Number of GET = 302
Number of MULTI GET = 0


Worker 9
Average throughput (ops/sec) = 300
Average response time (msec) = 17.371859467741935
Average queue length = 133
Average wait time in queue (msec) = 14.075487064516128
Average service time (msec) = 3.111968983870968
Number of SET = 0
Number of GET = 300
Number of MULTI GET = 0


Worker 27
Average throughput (ops/sec) = 302
Average response time (msec) = 17.26434832258065
Average queue length = 136
Average wait time in queue (msec) = 13.99390693548387
Average service time (msec) = 3.1032169516129033
Number of SET = 0
Number of GET = 302
Number of MULTI GET = 0


Worker 8
Average throughput (ops/sec) = 302
Average response time (msec) = 17.312206677419354
Average queue length = 134
Average wait time in queue (msec) = 14.029027645161289
Average service time (msec) = 3.103530790322581
Number of SET = 0
Number of GET = 302
Number of MULTI GET = 0


Worker 20
Average throughput (ops/sec) = 303
Average response time (msec) = 17.369493112903225
Average queue length = 134
Average wait time in queue (msec) = 14.111416612903227
Average service time (msec) = 3.0859132903225808
Number of SET = 0
Number of GET = 303
Number of MULTI GET = 0


Worker 3
Average throughput (ops/sec) = 304
Average response time (msec) = 17.234422903225806
Average queue length = 134
Average wait time in queue (msec) = 13.977096548387097
Average service time (msec) = 3.0746969677419353
Number of SET = 0
Number of GET = 304
Number of MULTI GET = 0


Worker 21
Average throughput (ops/sec) = 305
Average response time (msec) = 17.387708
Average queue length = 135
Average wait time in queue (msec) = 14.12853108064516
Average service time (msec) = 3.085327935483871
Number of SET = 0
Number of GET = 305
Number of MULTI GET = 0


Worker 2
Average throughput (ops/sec) = 302
Average response time (msec) = 17.368672967741936
Average queue length = 135
Average wait time in queue (msec) = 14.103420451612903
Average service time (msec) = 3.0702198387096775
Number of SET = 0
Number of GET = 302
Number of MULTI GET = 0


Worker 22
Average throughput (ops/sec) = 299
Average response time (msec) = 17.26661333870968
Average queue length = 135
Average wait time in queue (msec) = 13.96693556451613
Average service time (msec) = 3.1002414032258065
Number of SET = 0
Number of GET = 299
Number of MULTI GET = 0


Worker 5
Average throughput (ops/sec) = 304
Average response time (msec) = 17.239383612903225
Average queue length = 132
Average wait time in queue (msec) = 13.984606790322582
Average service time (msec) = 3.0694754032258067
Number of SET = 0
Number of GET = 304
Number of MULTI GET = 0


Worker 23
Average throughput (ops/sec) = 306
Average response time (msec) = 17.17699622580645
Average queue length = 136
Average wait time in queue (msec) = 13.939809129032257
Average service time (msec) = 3.062530290322581
Number of SET = 0
Number of GET = 306
Number of MULTI GET = 0


Worker 4
Average throughput (ops/sec) = 305
Average response time (msec) = 17.297282612903228
Average queue length = 134
Average wait time in queue (msec) = 14.059649209677419
Average service time (msec) = 3.0669372741935486
Number of SET = 0
Number of GET = 305
Number of MULTI GET = 0


Worker 28
Average throughput (ops/sec) = 303
Average response time (msec) = 17.37363301612903
Average queue length = 137
Average wait time in queue (msec) = 14.114530032258065
Average service time (msec) = 3.085055516129032
Number of SET = 0
Number of GET = 303
Number of MULTI GET = 0


Worker 29
Average throughput (ops/sec) = 302
Average response time (msec) = 17.328821612903226
Average queue length = 135
Average wait time in queue (msec) = 14.0522885
Average service time (msec) = 3.09357464516129
Number of SET = 0
Number of GET = 302
Number of MULTI GET = 0


Worker 1
Average throughput (ops/sec) = 303
Average response time (msec) = 17.26203864516129
Average queue length = 131
Average wait time in queue (msec) = 13.995680451612904
Average service time (msec) = 3.0975985483870967
Number of SET = 0
Number of GET = 303
Number of MULTI GET = 0


Worker 30
Average throughput (ops/sec) = 304
Average response time (msec) = 17.254927774193547
Average queue length = 131
Average wait time in queue (msec) = 14.015090887096774
Average service time (msec) = 3.0737540483870966
Number of SET = 0
Number of GET = 304
Number of MULTI GET = 0


Worker 13
Average throughput (ops/sec) = 304
Average response time (msec) = 17.120125548387094
Average queue length = 131
Average wait time in queue (msec) = 13.876218612903227
Average service time (msec) = 3.0612440322580645
Number of SET = 0
Number of GET = 304
Number of MULTI GET = 0


Worker 14
Average throughput (ops/sec) = 305
Average response time (msec) = 17.29378685483871
Average queue length = 135
Average wait time in queue (msec) = 14.06207706451613
Average service time (msec) = 3.0598993870967743
Number of SET = 0
Number of GET = 305
Number of MULTI GET = 0


Worker 15
Average throughput (ops/sec) = 305
Average response time (msec) = 17.42744114516129
Average queue length = 135
Average wait time in queue (msec) = 14.193589483870968
Average service time (msec) = 3.058454016129032
Number of SET = 0
Number of GET = 305
Number of MULTI GET = 0


Worker 16
Average throughput (ops/sec) = 305
Average response time (msec) = 17.35223401612903
Average queue length = 133
Average wait time in queue (msec) = 14.106547758064515
Average service time (msec) = 3.0802776451612903
Number of SET = 0
Number of GET = 305
Number of MULTI GET = 0


Worker 31
Average throughput (ops/sec) = 305
Average response time (msec) = 17.35065070967742
Average queue length = 133
Average wait time in queue (msec) = 14.076797822580644
Average service time (msec) = 3.1006076129032256
Number of SET = 0
Number of GET = 305
Number of MULTI GET = 0


Worker 32
Average throughput (ops/sec) = 300
Average response time (msec) = 17.32884051612903
Average queue length = 134
Average wait time in queue (msec) = 14.034528290322582
Average service time (msec) = 3.1108546129032257
Number of SET = 0
Number of GET = 300
Number of MULTI GET = 0


Worker 10
Average throughput (ops/sec) = 306
Average response time (msec) = 17.209763967741935
Average queue length = 134
Average wait time in queue (msec) = 13.969988629032258
Average service time (msec) = 3.048694516129032
Number of SET = 0
Number of GET = 306
Number of MULTI GET = 0


Worker 11
Average throughput (ops/sec) = 304
Average response time (msec) = 17.254896419354836
Average queue length = 135
Average wait time in queue (msec) = 14.002652838709677
Average service time (msec) = 3.0711045806451613
Number of SET = 0
Number of GET = 304
Number of MULTI GET = 0


Worker 12
Average throughput (ops/sec) = 302
Average response time (msec) = 17.404329725806452
Average queue length = 133
Average wait time in queue (msec) = 14.11800770967742
Average service time (msec) = 3.105237290322581
Number of SET = 0
Number of GET = 302
Number of MULTI GET = 0


Worker 17
Average throughput (ops/sec) = 302
Average response time (msec) = 17.293444096774195
Average queue length = 131
Average wait time in queue (msec) = 14.012243354838711
Average service time (msec) = 3.09150335483871
Number of SET = 0
Number of GET = 302
Number of MULTI GET = 0


Worker 18
Average throughput (ops/sec) = 301
Average response time (msec) = 17.354546629032257
Average queue length = 130
Average wait time in queue (msec) = 14.077795725806453
Average service time (msec) = 3.10133935483871
Number of SET = 0
Number of GET = 301
Number of MULTI GET = 0


Worker 19
Average throughput (ops/sec) = 302
Average response time (msec) = 17.272612806451612
Average queue length = 134
Average wait time in queue (msec) = 14.000299112903226
Average service time (msec) = 3.0926191290322578
Number of SET = 0
Number of GET = 302
Number of MULTI GET = 0


FINAL STATS
Average throughput (ops/sec) = 9700
Average response time (msec) = 17.187352222890006
Average queue length = 134
Average wait time in queue (msec) = 14.034320785282258
Average service time (msec) = 3.08442310483871
Number of SET = 0
Number of GET = 303
Number of MULTI GET = 0
Number of Cache misses = 1680


Histogram response times (0.1 msec step)
0.0 msec : 77
0.1 msec : 291
0.2 msec : 428
0.3 msec : 361
0.4 msec : 175
0.5 msec : 96
0.6 msec : 59
0.7 msec : 49
0.8 msec : 46
0.9 msec : 38
1.0 msec : 24
1.1 msec : 59
1.2 msec : 192
1.3 msec : 336
1.4 msec : 406
1.5 msec : 483
1.6 msec : 488
1.7 msec : 343
1.8 msec : 235
1.9 msec : 170
2.0 msec : 134
2.1 msec : 87
2.2 msec : 82
2.3 msec : 53
2.4 msec : 52
2.5 msec : 33
2.6 msec : 43
2.7 msec : 46
2.8 msec : 38
2.9 msec : 45
3.0 msec : 62
3.1 msec : 42
3.2 msec : 55
3.3 msec : 34
3.4 msec : 38
3.5 msec : 52
3.6 msec : 30
3.7 msec : 16
3.8 msec : 24
3.9 msec : 36
4.0 msec : 53
4.1 msec : 51
4.2 msec : 29
4.3 msec : 24
4.4 msec : 25
4.5 msec : 26
4.6 msec : 31
4.7 msec : 29
4.8 msec : 19
4.9 msec : 17
5.0 msec : 27
5.1 msec : 34
5.2 msec : 33
5.3 msec : 34
5.4 msec : 44
5.5 msec : 32
5.6 msec : 45
5.7 msec : 47
5.8 msec : 62
5.9 msec : 52
6.0 msec : 89
6.1 msec : 66
6.2 msec : 55
6.3 msec : 53
6.4 msec : 52
6.5 msec : 67
6.6 msec : 99
6.7 msec : 67
6.8 msec : 70
6.9 msec : 58
7.0 msec : 102
7.1 msec : 126
7.2 msec : 103
7.3 msec : 130
7.4 msec : 149
7.5 msec : 138
7.6 msec : 126
7.7 msec : 123
7.8 msec : 161
7.9 msec : 142
8.0 msec : 158
8.1 msec : 191
8.2 msec : 208
8.3 msec : 204
8.4 msec : 237
8.5 msec : 302
8.6 msec : 295
8.7 msec : 295
8.8 msec : 304
8.9 msec : 368
9.0 msec : 474
9.1 msec : 488
9.2 msec : 470
9.3 msec : 501
9.4 msec : 707
9.5 msec : 853
9.6 msec : 1050
9.7 msec : 1282
9.8 msec : 1356
9.9 msec : 1653
10.0 msec : 1976
10.1 msec : 2386
10.2 msec : 2766
10.3 msec : 3522
10.4 msec : 3750
10.5 msec : 4182
10.6 msec : 4434
10.7 msec : 4555
10.8 msec : 4712
10.9 msec : 5184
11.0 msec : 5553
11.1 msec : 6048
11.2 msec : 6603
11.3 msec : 7395
11.4 msec : 8005
11.5 msec : 8635
11.6 msec : 8979
11.7 msec : 9229
11.8 msec : 9138
11.9 msec : 8838
12.0 msec : 8579
12.1 msec : 8886
12.2 msec : 8624
12.3 msec : 8089
12.4 msec : 7936
12.5 msec : 7614
12.6 msec : 7241
12.7 msec : 7055
12.8 msec : 6486
12.9 msec : 5740
13.0 msec : 5176
13.1 msec : 4715
13.2 msec : 4053
13.3 msec : 3464
13.4 msec : 2967
13.5 msec : 2489
13.6 msec : 2062
13.7 msec : 1844
13.8 msec : 1559
13.9 msec : 1296
14.0 msec : 1163
14.1 msec : 1170
14.2 msec : 1044
14.3 msec : 1090
14.4 msec : 1145
14.5 msec : 1203
14.6 msec : 1191
14.7 msec : 1356
14.8 msec : 1386
14.9 msec : 1378
15.0 msec : 1697
15.1 msec : 1869
15.2 msec : 1905
15.3 msec : 2135
15.4 msec : 2327
15.5 msec : 2607
15.6 msec : 2759
15.7 msec : 2982
15.8 msec : 3250
15.9 msec : 3651
16.0 msec : 4226
16.1 msec : 4570
16.2 msec : 4929
16.3 msec : 5483
16.4 msec : 5774
16.5 msec : 6438
16.6 msec : 6939
16.7 msec : 6889
16.8 msec : 7233
16.9 msec : 7523
17.0 msec : 7461
17.1 msec : 7501
17.2 msec : 7138
17.3 msec : 6934
17.4 msec : 6658
17.5 msec : 6717
17.6 msec : 6657
17.7 msec : 6836
17.8 msec : 6861
17.9 msec : 7066
18.0 msec : 7493
18.1 msec : 7766
18.2 msec : 8314
18.3 msec : 8556
18.4 msec : 9043
18.5 msec : 9114
18.6 msec : 8982
18.7 msec : 8538
18.8 msec : 7867
18.9 msec : 7036
19.0 msec : 6229
19.1 msec : 5495
19.2 msec : 4929
19.3 msec : 4531
19.4 msec : 4409
19.5 msec : 4106
19.6 msec : 3819
19.7 msec : 3497
19.8 msec : 3050
19.9 msec : 2632
20.0 msec : 2456
20.1 msec : 2301
20.2 msec : 2344
20.3 msec : 2284
20.4 msec : 2029
20.5 msec : 1990
20.6 msec : 1803
20.7 msec : 1710
20.8 msec : 1541
20.9 msec : 1368
21.0 msec : 1216
21.1 msec : 1217
21.2 msec : 1063
21.3 msec : 971
21.4 msec : 843
21.5 msec : 786
21.6 msec : 741
21.7 msec : 577
21.8 msec : 569
21.9 msec : 456
22.0 msec : 379
22.1 msec : 377
22.2 msec : 323
22.3 msec : 325
22.4 msec : 305
22.5 msec : 302
22.6 msec : 266
22.7 msec : 238
22.8 msec : 204
22.9 msec : 194
23.0 msec : 179
23.1 msec : 183
23.2 msec : 135
23.3 msec : 145
23.4 msec : 116
23.5 msec : 119
23.6 msec : 136
23.7 msec : 147
23.8 msec : 139
23.9 msec : 138
24.0 msec : 143
24.1 msec : 162
24.2 msec : 191
24.3 msec : 197
24.4 msec : 151
24.5 msec : 172
24.6 msec : 177
24.7 msec : 213
24.8 msec : 238
24.9 msec : 247
25.0 msec : 281
25.1 msec : 264
25.2 msec : 263
25.3 msec : 300
25.4 msec : 299
25.5 msec : 328
25.6 msec : 348
25.7 msec : 347
25.8 msec : 406
25.9 msec : 444
26.0 msec : 502
26.1 msec : 465
26.2 msec : 520
26.3 msec : 601
26.4 msec : 616
26.5 msec : 684
26.6 msec : 637
26.7 msec : 537
26.8 msec : 609
26.9 msec : 531
27.0 msec : 580
27.1 msec : 601
27.2 msec : 556
27.3 msec : 553
27.4 msec : 493
27.5 msec : 506
27.6 msec : 541
27.7 msec : 500
27.8 msec : 519
27.9 msec : 542
28.0 msec : 498
28.1 msec : 482
28.2 msec : 516
28.3 msec : 500
28.4 msec : 474
28.5 msec : 481
28.6 msec : 462
28.7 msec : 397
28.8 msec : 416
28.9 msec : 382
29.0 msec : 331
29.1 msec : 310
29.2 msec : 339
29.3 msec : 321
29.4 msec : 247
29.5 msec : 280
29.6 msec : 250
29.7 msec : 215
29.8 msec : 211
29.9 msec : 177
30.0 msec : 171
30.1 msec : 137
30.2 msec : 136
30.3 msec : 152
30.4 msec : 125
30.5 msec : 121
30.6 msec : 115
30.7 msec : 89
30.8 msec : 94
30.9 msec : 82
31.0 msec : 82
31.1 msec : 100
31.2 msec : 84
31.3 msec : 66
31.4 msec : 42
31.5 msec : 52
31.6 msec : 38
31.7 msec : 32
31.8 msec : 57
31.9 msec : 33
32.0 msec : 26
32.1 msec : 26
32.2 msec : 33
32.3 msec : 26
32.4 msec : 32
32.5 msec : 32
32.6 msec : 27
32.7 msec : 29
32.8 msec : 27
32.9 msec : 30
33.0 msec : 28
33.1 msec : 30
33.2 msec : 21
33.3 msec : 17
33.4 msec : 32
33.5 msec : 31
33.6 msec : 25
33.7 msec : 27
33.8 msec : 24
33.9 msec : 24
34.0 msec : 26
34.1 msec : 36
34.2 msec : 27
34.3 msec : 22
34.4 msec : 42
34.5 msec : 25
34.6 msec : 24
34.7 msec : 26
34.8 msec : 42
34.9 msec : 32
35.0 msec : 38
35.1 msec : 56
35.2 msec : 39
35.3 msec : 51
35.4 msec : 37
35.5 msec : 38
35.6 msec : 37
35.7 msec : 41
35.8 msec : 36
35.9 msec : 66
36.0 msec : 47
36.1 msec : 62
36.2 msec : 62
36.3 msec : 56
36.4 msec : 62
36.5 msec : 81
36.6 msec : 73
36.7 msec : 50
36.8 msec : 51
36.9 msec : 58
37.0 msec : 61
37.1 msec : 56
37.2 msec : 76
37.3 msec : 51
37.4 msec : 66
37.5 msec : 64
37.6 msec : 68
37.7 msec : 48
37.8 msec : 57
37.9 msec : 61
38.0 msec : 63
38.1 msec : 65
38.2 msec : 71
38.3 msec : 63
38.4 msec : 56
38.5 msec : 62
38.6 msec : 65
38.7 msec : 56
38.8 msec : 59
38.9 msec : 52
39.0 msec : 47
39.1 msec : 51
39.2 msec : 39
39.3 msec : 71
39.4 msec : 63
39.5 msec : 62
39.6 msec : 52
39.7 msec : 50
39.8 msec : 30
39.9 msec : 33
40.0 msec : 35
40.1 msec : 32
40.2 msec : 42
40.3 msec : 21
40.4 msec : 23
40.5 msec : 21
40.6 msec : 17
40.7 msec : 17
40.8 msec : 17
40.9 msec : 35
41.0 msec : 23
41.1 msec : 15
41.2 msec : 16
41.3 msec : 31
41.4 msec : 10
41.5 msec : 17
41.6 msec : 9
41.7 msec : 14
41.8 msec : 23
41.9 msec : 22
42.0 msec : 20
42.1 msec : 24
42.2 msec : 37
42.3 msec : 32
42.4 msec : 22
42.5 msec : 22
42.6 msec : 9
42.7 msec : 6
42.8 msec : 8
42.9 msec : 9
43.0 msec : 15
43.1 msec : 11
43.2 msec : 12
43.3 msec : 11
43.4 msec : 10
43.5 msec : 13
43.6 msec : 4
43.7 msec : 18
43.8 msec : 19
43.9 msec : 13
44.0 msec : 14
44.1 msec : 9
44.2 msec : 18
44.3 msec : 13
44.4 msec : 19
44.5 msec : 13
44.6 msec : 8
44.7 msec : 12
44.8 msec : 16
44.9 msec : 18
45.0 msec : 13
45.1 msec : 17
45.2 msec : 27
45.3 msec : 18
45.4 msec : 18
45.5 msec : 25
45.6 msec : 20
45.7 msec : 24
45.8 msec : 27
45.9 msec : 22
46.0 msec : 36
46.1 msec : 37
46.2 msec : 33
46.3 msec : 27
46.4 msec : 23
46.5 msec : 25
46.6 msec : 24
46.7 msec : 40
46.8 msec : 38
46.9 msec : 32
47.0 msec : 21
47.1 msec : 33
47.2 msec : 28
47.3 msec : 35
47.4 msec : 19
47.5 msec : 29
47.6 msec : 24
47.7 msec : 25
47.8 msec : 33
47.9 msec : 26
48.0 msec : 16
48.1 msec : 22
48.2 msec : 25
48.3 msec : 32
48.4 msec : 33
48.5 msec : 21
48.6 msec : 27
48.7 msec : 26
48.8 msec : 22
48.9 msec : 15
49.0 msec : 17
49.1 msec : 18
49.2 msec : 21
49.3 msec : 22
49.4 msec : 32
49.5 msec : 14
49.6 msec : 20
49.7 msec : 7
49.8 msec : 12
49.9 msec : 23
50.0 msec : 9
50.1 msec : 13
50.2 msec : 6
50.3 msec : 17
50.4 msec : 8
50.5 msec : 21
50.6 msec : 22
50.7 msec : 15
50.8 msec : 20
50.9 msec : 18
51.0 msec : 24
51.1 msec : 22
51.2 msec : 9
51.3 msec : 16
51.4 msec : 7
51.5 msec : 8
51.6 msec : 12
51.7 msec : 3
51.8 msec : 12
51.9 msec : 14
52.0 msec : 29
52.1 msec : 23
52.2 msec : 23
52.3 msec : 16
52.4 msec : 16
52.5 msec : 14
52.6 msec : 16
52.7 msec : 8
52.8 msec : 15
52.9 msec : 13
53.0 msec : 9
53.1 msec : 12
53.2 msec : 15
53.3 msec : 12
53.4 msec : 12
53.5 msec : 23
53.6 msec : 26
53.7 msec : 13
53.8 msec : 11
53.9 msec : 10
54.0 msec : 7
54.1 msec : 8
54.2 msec : 11
54.3 msec : 8
54.4 msec : 4
54.5 msec : 5
54.6 msec : 5
54.7 msec : 3
54.8 msec : 5
54.9 msec : 13
55.0 msec : 10
55.1 msec : 11
55.2 msec : 9
55.3 msec : 5
55.4 msec : 11
55.5 msec : 12
55.6 msec : 9
55.7 msec : 5
55.8 msec : 2
55.9 msec : 7
56.0 msec : 7
56.1 msec : 4
56.2 msec : 6
56.3 msec : 9
56.4 msec : 16
56.5 msec : 15
56.6 msec : 20
56.7 msec : 18
56.8 msec : 19
56.9 msec : 13
57.0 msec : 22
57.1 msec : 23
57.2 msec : 25
57.3 msec : 16
57.4 msec : 15
57.5 msec : 11
57.6 msec : 22
57.7 msec : 31
57.8 msec : 32
57.9 msec : 18
58.0 msec : 20
58.1 msec : 14
58.2 msec : 23
58.3 msec : 18
58.4 msec : 21
58.5 msec : 27
58.6 msec : 15
58.7 msec : 21
58.8 msec : 15
58.9 msec : 13
59.0 msec : 16
59.1 msec : 8
59.2 msec : 5
59.3 msec : 6
59.4 msec : 7
59.5 msec : 4
59.6 msec : 8
59.7 msec : 3
59.8 msec : 5
59.9 msec : 8
60.0 msec : 9
60.1 msec : 8
60.2 msec : 7
60.3 msec : 12
60.4 msec : 6
60.5 msec : 11
60.6 msec : 16
60.7 msec : 10
60.8 msec : 9
60.9 msec : 12
61.0 msec : 20
61.1 msec : 9
61.2 msec : 9
61.3 msec : 9
61.4 msec : 12
61.5 msec : 8
61.6 msec : 11
61.7 msec : 13
61.8 msec : 13
61.9 msec : 14
62.0 msec : 6
62.1 msec : 3
62.2 msec : 9
62.3 msec : 12
62.4 msec : 7
62.5 msec : 9
62.6 msec : 12
62.7 msec : 11
62.8 msec : 14
62.9 msec : 7
63.0 msec : 11
63.1 msec : 5
63.2 msec : 4
63.3 msec : 8
63.4 msec : 7
63.5 msec : 9
63.6 msec : 12
63.7 msec : 12
63.8 msec : 15
63.9 msec : 16
64.0 msec : 10
64.1 msec : 9
64.2 msec : 7
64.3 msec : 7
64.4 msec : 3
64.5 msec : 15
64.6 msec : 11
64.7 msec : 5
64.8 msec : 4
64.9 msec : 7
65.0 msec : 13
65.1 msec : 13
65.2 msec : 6
65.3 msec : 3
65.4 msec : 3
65.5 msec : 6
65.6 msec : 1
65.7 msec : 5
65.8 msec : 8
65.9 msec : 2
66.0 msec : 5
66.1 msec : 18
66.2 msec : 14
66.3 msec : 7
66.4 msec : 3
66.5 msec : 0
66.6 msec : 1
66.7 msec : 1
66.8 msec : 2
66.9 msec : 4
67.0 msec : 2
67.1 msec : 6
67.2 msec : 6
67.3 msec : 6
67.4 msec : 6
67.5 msec : 5
67.6 msec : 3
67.7 msec : 5
67.8 msec : 1
67.9 msec : 3
68.0 msec : 0
68.1 msec : 5
68.2 msec : 3
68.3 msec : 1
68.4 msec : 4
68.5 msec : 3
68.6 msec : 3
68.7 msec : 8
68.8 msec : 4
68.9 msec : 5
69.0 msec : 2
69.1 msec : 2
69.2 msec : 3
69.3 msec : 2
69.4 msec : 5
69.5 msec : 9
69.6 msec : 11
69.7 msec : 10
69.8 msec : 9
69.9 msec : 3
70.0 msec : 6
70.1 msec : 6
70.2 msec : 3
70.3 msec : 12
70.4 msec : 7
70.5 msec : 1
70.6 msec : 7
70.7 msec : 6
70.8 msec : 4
70.9 msec : 13
71.0 msec : 10
71.1 msec : 1
71.2 msec : 4
71.3 msec : 2
71.4 msec : 1
71.5 msec : 2
71.6 msec : 0
71.7 msec : 1
71.8 msec : 3
71.9 msec : 1
72.0 msec : 3
72.1 msec : 1
72.2 msec : 3
72.3 msec : 6
72.4 msec : 2
72.5 msec : 6
72.6 msec : 3
72.7 msec : 2
72.8 msec : 5
72.9 msec : 2
73.0 msec : 5
73.1 msec : 1
73.2 msec : 3
73.3 msec : 4
73.4 msec : 4
73.5 msec : 3
73.6 msec : 5
73.7 msec : 3
73.8 msec : 5
73.9 msec : 2
74.0 msec : 1
74.1 msec : 1
74.2 msec : 0
74.3 msec : 2
74.4 msec : 4
74.5 msec : 6
74.6 msec : 15
74.7 msec : 7
74.8 msec : 13
74.9 msec : 9
75.0 msec : 3
75.1 msec : 4
75.2 msec : 6
75.3 msec : 7
75.4 msec : 4
75.5 msec : 9
75.6 msec : 8
75.7 msec : 10
75.8 msec : 14
75.9 msec : 19
76.0 msec : 9
76.1 msec : 11
76.2 msec : 9
76.3 msec : 8
76.4 msec : 8
76.5 msec : 10
76.6 msec : 6
76.7 msec : 3
76.8 msec : 1
76.9 msec : 1
77.0 msec : 1
77.1 msec : 1
77.2 msec : 0
77.3 msec : 0
77.4 msec : 2
77.5 msec : 4
77.6 msec : 2
77.7 msec : 2
77.8 msec : 1
77.9 msec : 1
78.0 msec : 2
78.1 msec : 2
78.2 msec : 0
78.3 msec : 0
78.4 msec : 0
78.5 msec : 0
78.6 msec : 0
78.7 msec : 0
78.8 msec : 0
78.9 msec : 2
79.0 msec : 0
79.1 msec : 0
79.2 msec : 0
79.3 msec : 2
79.4 msec : 2
79.5 msec : 3
79.6 msec : 2
79.7 msec : 3
79.8 msec : 7
79.9 msec : 7
80.0 msec : 8
80.1 msec : 3
80.2 msec : 4
80.3 msec : 5
80.4 msec : 3
80.5 msec : 4
80.6 msec : 7
80.7 msec : 5
80.8 msec : 6
80.9 msec : 5
81.0 msec : 4
81.1 msec : 15
81.2 msec : 12
81.3 msec : 9
81.4 msec : 9
81.5 msec : 5
81.6 msec : 12
81.7 msec : 8
81.8 msec : 15
81.9 msec : 14
82.0 msec : 7
82.1 msec : 3
82.2 msec : 4
82.3 msec : 6
82.4 msec : 2
82.5 msec : 3
82.6 msec : 1
82.7 msec : 0
82.8 msec : 0
82.9 msec : 0
83.0 msec : 1
83.1 msec : 1
83.2 msec : 0
83.3 msec : 1
83.4 msec : 0
83.5 msec : 0
83.6 msec : 0
83.7 msec : 1
83.8 msec : 5
83.9 msec : 9
84.0 msec : 1
84.1 msec : 3
84.2 msec : 6
84.3 msec : 3
84.4 msec : 1
84.5 msec : 4
84.6 msec : 1
84.7 msec : 7
84.8 msec : 3
84.9 msec : 3
85.0 msec : 1
85.1 msec : 1
85.2 msec : 4
85.3 msec : 0
85.4 msec : 1
85.5 msec : 0
85.6 msec : 2
85.7 msec : 12
85.8 msec : 7
85.9 msec : 1
86.0 msec : 2
86.1 msec : 1
86.2 msec : 1
86.3 msec : 2
86.4 msec : 0
86.5 msec : 0
86.6 msec : 1
86.7 msec : 3
86.8 msec : 6
86.9 msec : 5
87.0 msec : 0
87.1 msec : 1
87.2 msec : 0
87.3 msec : 4
87.4 msec : 2
87.5 msec : 1
87.6 msec : 1
87.7 msec : 5
87.8 msec : 1
87.9 msec : 8
88.0 msec : 8
88.1 msec : 9
88.2 msec : 12
88.3 msec : 6
88.4 msec : 2
88.5 msec : 0
88.6 msec : 0
88.7 msec : 1
88.8 msec : 0
88.9 msec : 1
89.0 msec : 0
89.1 msec : 0
89.2 msec : 0
89.3 msec : 0
89.4 msec : 0
89.5 msec : 0
89.6 msec : 0
89.7 msec : 0
89.8 msec : 0
89.9 msec : 0
90.0 msec : 0
90.1 msec : 0
90.2 msec : 0
90.3 msec : 1
90.4 msec : 0
90.5 msec : 3
90.6 msec : 1
90.7 msec : 0
90.8 msec : 0
90.9 msec : 0
91.0 msec : 0
91.1 msec : 0
91.2 msec : 0
91.3 msec : 0
91.4 msec : 0
91.5 msec : 0
91.6 msec : 0
91.7 msec : 0
91.8 msec : 0
91.9 msec : 0
92.0 msec : 0
92.1 msec : 0
92.2 msec : 0
92.3 msec : 0
92.4 msec : 0
92.5 msec : 0
92.6 msec : 0
92.7 msec : 0
92.8 msec : 0
92.9 msec : 0
93.0 msec : 0
93.1 msec : 0
93.2 msec : 0
93.3 msec : 0
93.4 msec : 0
93.5 msec : 0
93.6 msec : 0
93.7 msec : 0
93.8 msec : 0
93.9 msec : 0
94.0 msec : 1
94.1 msec : 0
94.2 msec : 0
94.3 msec : 0
94.4 msec : 2
94.5 msec : 4
94.6 msec : 0
94.7 msec : 0
94.8 msec : 0
94.9 msec : 0
95.0 msec : 1
95.1 msec : 2
95.2 msec : 0
95.3 msec : 0
95.4 msec : 0
95.5 msec : 0
95.6 msec : 0
95.7 msec : 0
95.8 msec : 1
95.9 msec : 2
96.0 msec : 0
96.1 msec : 0
96.2 msec : 0
96.3 msec : 0
96.4 msec : 0
96.5 msec : 0
96.6 msec : 0
96.7 msec : 1
96.8 msec : 0
96.9 msec : 0
97.0 msec : 0
97.1 msec : 0
97.2 msec : 0
97.3 msec : 0
97.4 msec : 0
97.5 msec : 2
97.6 msec : 0
97.7 msec : 0
97.8 msec : 0
97.9 msec : 0
98.0 msec : 0
98.1 msec : 1
98.2 msec : 0
98.3 msec : 0
98.4 msec : 0
98.5 msec : 0
98.6 msec : 0
98.7 msec : 0
98.8 msec : 0
98.9 msec : 0
99.0 msec : 3
99.1 msec : 0
99.2 msec : 0
99.3 msec : 2
99.4 msec : 2
99.5 msec : 4
99.6 msec : 1
99.7 msec : 1
99.8 msec : 3
99.9 msec : 1
100.0 msec : 0
100.1 msec : 0
100.2 msec : 2
100.3 msec : 2
100.4 msec : 3
100.5 msec : 1
100.6 msec : 3
100.7 msec : 1
100.8 msec : 4
100.9 msec : 3
101.0 msec : 0
101.1 msec : 0
101.2 msec : 0
101.3 msec : 0
101.4 msec : 0
101.5 msec : 0
101.6 msec : 0
101.7 msec : 0
101.8 msec : 0
101.9 msec : 2
102.0 msec : 0
102.1 msec : 0
102.2 msec : 0
102.3 msec : 0
102.4 msec : 1
102.5 msec : 1
102.6 msec : 2
102.7 msec : 2
102.8 msec : 0
102.9 msec : 0
103.0 msec : 2
103.1 msec : 2
103.2 msec : 0
103.3 msec : 0
103.4 msec : 0
103.5 msec : 0
103.6 msec : 0
103.7 msec : 1
103.8 msec : 0
103.9 msec : 2
104.0 msec : 1
104.1 msec : 1
104.2 msec : 2
104.3 msec : 3
104.4 msec : 3
104.5 msec : 3
104.6 msec : 1
104.7 msec : 1
104.8 msec : 2
104.9 msec : 1
105.0 msec : 0
105.1 msec : 0
105.2 msec : 0
105.3 msec : 0
105.4 msec : 1
105.5 msec : 6
105.6 msec : 3
105.7 msec : 2
105.8 msec : 2
105.9 msec : 9
106.0 msec : 3
106.1 msec : 1
106.2 msec : 4
106.3 msec : 5
106.4 msec : 8
106.5 msec : 10
106.6 msec : 4
106.7 msec : 11
106.8 msec : 12
106.9 msec : 10
107.0 msec : 11
107.1 msec : 4
107.2 msec : 3
107.3 msec : 4
107.4 msec : 0
107.5 msec : 0
107.6 msec : 3
107.7 msec : 3
107.8 msec : 2
107.9 msec : 1
108.0 msec : 2
108.1 msec : 2
108.2 msec : 0
108.3 msec : 0
108.4 msec : 0
108.5 msec : 2
108.6 msec : 0
108.7 msec : 0
108.8 msec : 0
108.9 msec : 0
109.0 msec : 0
109.1 msec : 0
109.2 msec : 0
109.3 msec : 0
109.4 msec : 0
109.5 msec : 0
109.6 msec : 0
109.7 msec : 0
109.8 msec : 0
109.9 msec : 0
110.0 msec : 0
110.1 msec : 0
110.2 msec : 0
110.3 msec : 0
110.4 msec : 0
110.5 msec : 0
110.6 msec : 0
110.7 msec : 0
110.8 msec : 0
110.9 msec : 0
111.0 msec : 0
111.1 msec : 0
111.2 msec : 0
111.3 msec : 0
111.4 msec : 0
111.5 msec : 0
111.6 msec : 0
111.7 msec : 0
111.8 msec : 1
111.9 msec : 2
112.0 msec : 0
112.1 msec : 0
112.2 msec : 0
112.3 msec : 0
112.4 msec : 0
112.5 msec : 0
112.6 msec : 0
112.7 msec : 0
112.8 msec : 0
112.9 msec : 0
113.0 msec : 0
113.1 msec : 0
113.2 msec : 0
113.3 msec : 0
113.4 msec : 0
113.5 msec : 0
113.6 msec : 0
113.7 msec : 0
113.8 msec : 0
113.9 msec : 0
114.0 msec : 0
114.1 msec : 0
114.2 msec : 0
114.3 msec : 0
114.4 msec : 0
114.5 msec : 0
114.6 msec : 1
114.7 msec : 0
114.8 msec : 0
114.9 msec : 0
115.0 msec : 0
115.1 msec : 0
115.2 msec : 2
115.3 msec : 3
115.4 msec : 2
115.5 msec : 4
115.6 msec : 2
115.7 msec : 1
115.8 msec : 1
115.9 msec : 2
116.0 msec : 2
116.1 msec : 2
116.2 msec : 0
116.3 msec : 1
116.4 msec : 0
116.5 msec : 1
116.6 msec : 0
116.7 msec : 2
116.8 msec : 0
116.9 msec : 1
117.0 msec : 1
117.1 msec : 0
117.2 msec : 0
117.3 msec : 0
117.4 msec : 0
117.5 msec : 0
117.6 msec : 0
117.7 msec : 0
117.8 msec : 0
117.9 msec : 0
118.0 msec : 0
118.1 msec : 0
118.2 msec : 0
118.3 msec : 0
118.4 msec : 0
118.5 msec : 0
118.6 msec : 0
118.7 msec : 0
118.8 msec : 0
118.9 msec : 0
119.0 msec : 0
119.1 msec : 0
119.2 msec : 0
119.3 msec : 0
119.4 msec : 0
119.5 msec : 0
119.6 msec : 0
119.7 msec : 0
119.8 msec : 0
119.9 msec : 0
120.0 msec : 0
120.1 msec : 1
120.2 msec : 1
120.3 msec : 0
120.4 msec : 2
120.5 msec : 3
120.6 msec : 2
120.7 msec : 3
120.8 msec : 1
120.9 msec : 2
121.0 msec : 0
121.1 msec : 2
121.2 msec : 1
121.3 msec : 3
121.4 msec : 5
121.5 msec : 4
121.6 msec : 4
121.7 msec : 5
121.8 msec : 4
121.9 msec : 2
122.0 msec : 3
122.1 msec : 6
122.2 msec : 6
122.3 msec : 1
122.4 msec : 0
122.5 msec : 0
122.6 msec : 0
122.7 msec : 0
122.8 msec : 0
122.9 msec : 0
123.0 msec : 0
123.1 msec : 0
123.2 msec : 0
123.3 msec : 0
123.4 msec : 0
123.5 msec : 1
123.6 msec : 0
123.7 msec : 0
123.8 msec : 3
123.9 msec : 1
124.0 msec : 0
124.1 msec : 0
124.2 msec : 0
124.3 msec : 0
124.4 msec : 0
124.5 msec : 2
124.6 msec : 9
124.7 msec : 2
124.8 msec : 0
124.9 msec : 0
125.0 msec : 2
125.1 msec : 1
125.2 msec : 0
125.3 msec : 3
125.4 msec : 1
125.5 msec : 4
125.6 msec : 4
125.7 msec : 4
125.8 msec : 1
125.9 msec : 1
126.0 msec : 1
126.1 msec : 3
126.2 msec : 4
126.3 msec : 5
126.4 msec : 1
126.5 msec : 6
126.6 msec : 3
126.7 msec : 4
126.8 msec : 3
126.9 msec : 5
127.0 msec : 5
127.1 msec : 4
127.2 msec : 2
127.3 msec : 4
127.4 msec : 3
127.5 msec : 8
127.6 msec : 8
127.7 msec : 2
127.8 msec : 2
127.9 msec : 2
128.0 msec : 9
128.1 msec : 4
128.2 msec : 5
128.3 msec : 0
128.4 msec : 2
128.5 msec : 0
128.6 msec : 0
128.7 msec : 0
128.8 msec : 0
128.9 msec : 0
129.0 msec : 0
129.1 msec : 0
129.2 msec : 0
129.3 msec : 0
129.4 msec : 0
129.5 msec : 0
129.6 msec : 0
129.7 msec : 0
129.8 msec : 0
129.9 msec : 0
130.0 msec : 0
130.1 msec : 0
130.2 msec : 0
130.3 msec : 0
130.4 msec : 0
130.5 msec : 0
130.6 msec : 0
130.7 msec : 0
130.8 msec : 0
130.9 msec : 0
131.0 msec : 0
131.1 msec : 0
131.2 msec : 1
131.3 msec : 0
131.4 msec : 1
131.5 msec : 0
131.6 msec : 0
131.7 msec : 1
131.8 msec : 0
131.9 msec : 0
132.0 msec : 0
132.1 msec : 0
132.2 msec : 0
132.3 msec : 0
132.4 msec : 0
132.5 msec : 0
132.6 msec : 0
132.7 msec : 0
132.8 msec : 0
132.9 msec : 0
133.0 msec : 0
133.1 msec : 0
133.2 msec : 0
133.3 msec : 0
133.4 msec : 0
133.5 msec : 0
133.6 msec : 0
133.7 msec : 0
133.8 msec : 0
133.9 msec : 0
134.0 msec : 0
134.1 msec : 1
134.2 msec : 1
134.3 msec : 2
134.4 msec : 0
134.5 msec : 0
134.6 msec : 1
134.7 msec : 0
134.8 msec : 0
134.9 msec : 0
135.0 msec : 0
135.1 msec : 2
135.2 msec : 0
135.3 msec : 0
135.4 msec : 0
135.5 msec : 0
135.6 msec : 1
135.7 msec : 0
135.8 msec : 2
135.9 msec : 1
136.0 msec : 0
136.1 msec : 1
136.2 msec : 0
136.3 msec : 0
136.4 msec : 1
136.5 msec : 1
136.6 msec : 1
136.7 msec : 0
136.8 msec : 0
136.9 msec : 0
137.0 msec : 0
137.1 msec : 0
137.2 msec : 0
137.3 msec : 0
137.4 msec : 0
137.5 msec : 0
137.6 msec : 1
137.7 msec : 2
137.8 msec : 0
137.9 msec : 0
138.0 msec : 0
138.1 msec : 0
138.2 msec : 0
138.3 msec : 0
138.4 msec : 0
138.5 msec : 0
138.6 msec : 0
138.7 msec : 0
138.8 msec : 0
138.9 msec : 0
139.0 msec : 0
139.1 msec : 0
139.2 msec : 0
139.3 msec : 0
139.4 msec : 0
139.5 msec : 0
139.6 msec : 0
139.7 msec : 0
139.8 msec : 0
139.9 msec : 0
140.0 msec : 0
140.1 msec : 0
140.2 msec : 0
140.3 msec : 0
140.4 msec : 0
140.5 msec : 0
140.6 msec : 0
140.7 msec : 0
140.8 msec : 0
140.9 msec : 0
141.0 msec : 0
141.1 msec : 0
141.2 msec : 0
141.3 msec : 0
141.4 msec : 0
141.5 msec : 0
141.6 msec : 0
141.7 msec : 0
141.8 msec : 0
141.9 msec : 0
142.0 msec : 0
142.1 msec : 0
142.2 msec : 0
142.3 msec : 0
142.4 msec : 0
142.5 msec : 0
142.6 msec : 0
142.7 msec : 0
142.8 msec : 0
142.9 msec : 0
143.0 msec : 0
143.1 msec : 0
143.2 msec : 0
143.3 msec : 0
143.4 msec : 0
143.5 msec : 0
143.6 msec : 0
143.7 msec : 0
143.8 msec : 0
143.9 msec : 1
144.0 msec : 0
144.1 msec : 1
144.2 msec : 0
144.3 msec : 1
144.4 msec : 0
144.5 msec : 0
144.6 msec : 0
144.7 msec : 0
144.8 msec : 0
144.9 msec : 0
145.0 msec : 0
145.1 msec : 0
145.2 msec : 0
145.3 msec : 2
145.4 msec : 0
145.5 msec : 0
145.6 msec : 2
145.7 msec : 0
145.8 msec : 0
145.9 msec : 0
146.0 msec : 0
146.1 msec : 0
146.2 msec : 0
146.3 msec : 0
146.4 msec : 0
146.5 msec : 0
146.6 msec : 0
146.7 msec : 0
146.8 msec : 0
146.9 msec : 0
147.0 msec : 0
147.1 msec : 0
147.2 msec : 0
147.3 msec : 0
147.4 msec : 0
147.5 msec : 0
147.6 msec : 0
147.7 msec : 0
147.8 msec : 0
147.9 msec : 0
148.0 msec : 0
148.1 msec : 0
148.2 msec : 0
148.3 msec : 0
148.4 msec : 1
148.5 msec : 0
148.6 msec : 0
148.7 msec : 0
148.8 msec : 0
148.9 msec : 0
149.0 msec : 0
149.1 msec : 0
149.2 msec : 0
149.3 msec : 0
149.4 msec : 0
149.5 msec : 1
149.6 msec : 0
149.7 msec : 0
149.8 msec : 0
149.9 msec : 1
150.0 msec : 0
150.1 msec : 0
150.2 msec : 1
150.3 msec : 0
150.4 msec : 0
150.5 msec : 0
150.6 msec : 0
150.7 msec : 0
150.8 msec : 0
150.9 msec : 0
151.0 msec : 0
151.1 msec : 0
151.2 msec : 0
151.3 msec : 0
151.4 msec : 0
151.5 msec : 0
151.6 msec : 1
151.7 msec : 0
151.8 msec : 0
151.9 msec : 0
152.0 msec : 0
152.1 msec : 0
152.2 msec : 0
152.3 msec : 0
152.4 msec : 0
152.5 msec : 0
152.6 msec : 0
152.7 msec : 0
152.8 msec : 0
152.9 msec : 0
153.0 msec : 0
153.1 msec : 0
153.2 msec : 0
153.3 msec : 0
153.4 msec : 0
153.5 msec : 0
153.6 msec : 1
153.7 msec : 0
153.8 msec : 1
153.9 msec : 0
154.0 msec : 1
154.1 msec : 0
154.2 msec : 0
154.3 msec : 0
154.4 msec : 0
154.5 msec : 0
154.6 msec : 0
154.7 msec : 2
154.8 msec : 1
154.9 msec : 2
155.0 msec : 2
155.1 msec : 0
155.2 msec : 2
155.3 msec : 6
155.4 msec : 4
155.5 msec : 0
155.6 msec : 0
155.7 msec : 0
155.8 msec : 0
155.9 msec : 0
156.0 msec : 0
156.1 msec : 0
156.2 msec : 0
156.3 msec : 0
156.4 msec : 1
156.5 msec : 0
156.6 msec : 0
156.7 msec : 0
156.8 msec : 0
156.9 msec : 0
157.0 msec : 0
157.1 msec : 0
157.2 msec : 0
157.3 msec : 0
157.4 msec : 0
157.5 msec : 0
157.6 msec : 0
157.7 msec : 0
157.8 msec : 0
157.9 msec : 0
158.0 msec : 2
158.1 msec : 0
158.2 msec : 0
158.3 msec : 0
158.4 msec : 0
158.5 msec : 2
158.6 msec : 4
158.7 msec : 5
158.8 msec : 0
158.9 msec : 4
159.0 msec : 2
159.1 msec : 4
159.2 msec : 2
159.3 msec : 2
159.4 msec : 5
159.5 msec : 1
159.6 msec : 3
159.7 msec : 2
159.8 msec : 1
159.9 msec : 1
160.0 msec : 1
160.1 msec : 4
160.2 msec : 3
160.3 msec : 2
160.4 msec : 0
160.5 msec : 0
160.6 msec : 0
160.7 msec : 0
160.8 msec : 0
160.9 msec : 0
161.0 msec : 0
161.1 msec : 1
161.2 msec : 0
161.3 msec : 0
161.4 msec : 2
161.5 msec : 0
161.6 msec : 1
161.7 msec : 1
161.8 msec : 0
161.9 msec : 0
162.0 msec : 0
162.1 msec : 0
162.2 msec : 0
162.3 msec : 0
162.4 msec : 0
162.5 msec : 0
162.6 msec : 0
162.7 msec : 1
162.8 msec : 1
162.9 msec : 2
163.0 msec : 1
163.1 msec : 0
163.2 msec : 0
163.3 msec : 1
163.4 msec : 0
163.5 msec : 2
163.6 msec : 0
163.7 msec : 0
163.8 msec : 1
163.9 msec : 0
164.0 msec : 2
164.1 msec : 3
164.2 msec : 7
164.3 msec : 3
164.4 msec : 6
164.5 msec : 4
164.6 msec : 7
164.7 msec : 8
164.8 msec : 5
164.9 msec : 2
165.0 msec : 0
165.1 msec : 1
165.2 msec : 2
165.3 msec : 1
165.4 msec : 4
165.5 msec : 7
165.6 msec : 2
165.7 msec : 4
165.8 msec : 2
165.9 msec : 2
166.0 msec : 4
166.1 msec : 8
166.2 msec : 6
166.3 msec : 12
166.4 msec : 3
166.5 msec : 3
166.6 msec : 9
166.7 msec : 6
166.8 msec : 3
166.9 msec : 2
167.0 msec : 2
167.1 msec : 1
167.2 msec : 1
167.3 msec : 0
167.4 msec : 0
167.5 msec : 0
167.6 msec : 0
167.7 msec : 0
167.8 msec : 0
167.9 msec : 0
168.0 msec : 0
168.1 msec : 0
168.2 msec : 1
168.3 msec : 0
168.4 msec : 0
168.5 msec : 0
168.6 msec : 1
168.7 msec : 0
168.8 msec : 0
168.9 msec : 0
169.0 msec : 0
169.1 msec : 1
169.2 msec : 0
169.3 msec : 0
169.4 msec : 0
169.5 msec : 0
169.6 msec : 0
169.7 msec : 0
169.8 msec : 0
169.9 msec : 0
170.0 msec : 0
170.1 msec : 0
170.2 msec : 0
170.3 msec : 0
170.4 msec : 0
170.5 msec : 0
170.6 msec : 0
170.7 msec : 0
170.8 msec : 0
170.9 msec : 0
171.0 msec : 0
171.1 msec : 0
171.2 msec : 0
171.3 msec : 0
171.4 msec : 0
171.5 msec : 0
171.6 msec : 0
171.7 msec : 0
171.8 msec : 0
171.9 msec : 0
172.0 msec : 0
172.1 msec : 0
172.2 msec : 0
172.3 msec : 0
172.4 msec : 0
172.5 msec : 0
172.6 msec : 0
172.7 msec : 0
172.8 msec : 0
172.9 msec : 0
173.0 msec : 0
173.1 msec : 0
173.2 msec : 0
173.3 msec : 0
173.4 msec : 0
173.5 msec : 2
173.6 msec : 2
173.7 msec : 1
173.8 msec : 0
173.9 msec : 0
174.0 msec : 0
174.1 msec : 1
174.2 msec : 0
174.3 msec : 0
174.4 msec : 0
174.5 msec : 1
174.6 msec : 0
174.7 msec : 0
174.8 msec : 0
174.9 msec : 0
175.0 msec : 0
175.1 msec : 1
175.2 msec : 0
175.3 msec : 0
175.4 msec : 0
175.5 msec : 0
175.6 msec : 0
175.7 msec : 0
175.8 msec : 0
175.9 msec : 0
176.0 msec : 0
176.1 msec : 0
176.2 msec : 0
176.3 msec : 0
176.4 msec : 0
176.5 msec : 0
176.6 msec : 0
176.7 msec : 0
176.8 msec : 0
176.9 msec : 0
177.0 msec : 0
177.1 msec : 0
177.2 msec : 0
177.3 msec : 0
177.4 msec : 0
177.5 msec : 0
177.6 msec : 0
177.7 msec : 0
177.8 msec : 0
177.9 msec : 1
178.0 msec : 1
178.1 msec : 2
178.2 msec : 0
178.3 msec : 0
178.4 msec : 0
178.5 msec : 0
178.6 msec : 0
178.7 msec : 0
178.8 msec : 0
178.9 msec : 0
179.0 msec : 0
179.1 msec : 0
179.2 msec : 0
179.3 msec : 0
179.4 msec : 0
179.5 msec : 0
179.6 msec : 0
179.7 msec : 0
179.8 msec : 0
179.9 msec : 0
180.0 msec : 0
180.1 msec : 0
180.2 msec : 0
180.3 msec : 0
180.4 msec : 0
180.5 msec : 0
180.6 msec : 0
180.7 msec : 0
180.8 msec : 0
180.9 msec : 0
181.0 msec : 0
181.1 msec : 0
181.2 msec : 0
181.3 msec : 0
181.4 msec : 0
181.5 msec : 0
181.6 msec : 0
181.7 msec : 0
181.8 msec : 0
181.9 msec : 0
182.0 msec : 0
182.1 msec : 0
182.2 msec : 0
182.3 msec : 0
182.4 msec : 0
182.5 msec : 0
182.6 msec : 0
182.7 msec : 0
182.8 msec : 0
182.9 msec : 0
183.0 msec : 0
183.1 msec : 0
183.2 msec : 1
183.3 msec : 2
183.4 msec : 0
183.5 msec : 0
183.6 msec : 0
183.7 msec : 0
183.8 msec : 0
183.9 msec : 1
184.0 msec : 0
184.1 msec : 0
184.2 msec : 1
184.3 msec : 0
184.4 msec : 0
184.5 msec : 0
184.6 msec : 0
184.7 msec : 0
184.8 msec : 2
184.9 msec : 0
185.0 msec : 1
185.1 msec : 0
185.2 msec : 0
185.3 msec : 0
185.4 msec : 0
185.5 msec : 0
185.6 msec : 1
185.7 msec : 1
185.8 msec : 0
185.9 msec : 1
186.0 msec : 0
186.1 msec : 0
186.2 msec : 0
186.3 msec : 0
186.4 msec : 0
186.5 msec : 1
186.6 msec : 0
186.7 msec : 0
186.8 msec : 0
186.9 msec : 0
187.0 msec : 0
187.1 msec : 0
187.2 msec : 1
187.3 msec : 1
187.4 msec : 0
187.5 msec : 2
187.6 msec : 3
187.7 msec : 1
187.8 msec : 2
187.9 msec : 2
188.0 msec : 0
188.1 msec : 2
188.2 msec : 0
188.3 msec : 0
188.4 msec : 0
188.5 msec : 0
188.6 msec : 0
188.7 msec : 0
188.8 msec : 0
188.9 msec : 0
189.0 msec : 0
189.1 msec : 0
189.2 msec : 0
189.3 msec : 0
189.4 msec : 0
189.5 msec : 0
189.6 msec : 0
189.7 msec : 0
189.8 msec : 0
189.9 msec : 0
190.0 msec : 0
190.1 msec : 0
190.2 msec : 0
190.3 msec : 0
190.4 msec : 0
190.5 msec : 0
190.6 msec : 1
190.7 msec : 3
190.8 msec : 2
190.9 msec : 1
191.0 msec : 0
191.1 msec : 0
191.2 msec : 0
191.3 msec : 0
191.4 msec : 0
191.5 msec : 0
191.6 msec : 0
191.7 msec : 0
191.8 msec : 0
191.9 msec : 0
192.0 msec : 0
192.1 msec : 0
192.2 msec : 0
192.3 msec : 0
192.4 msec : 0
192.5 msec : 0
192.6 msec : 0
192.7 msec : 0
192.8 msec : 0
192.9 msec : 0
193.0 msec : 1
193.1 msec : 0
193.2 msec : 1
193.3 msec : 1
193.4 msec : 0
193.5 msec : 0
193.6 msec : 0
193.7 msec : 1
193.8 msec : 0
193.9 msec : 0
194.0 msec : 0
194.1 msec : 0
194.2 msec : 0
194.3 msec : 1
194.4 msec : 0
194.5 msec : 0
194.6 msec : 1
194.7 msec : 0
194.8 msec : 1
194.9 msec : 0
195.0 msec : 0
195.1 msec : 0
195.2 msec : 0
195.3 msec : 0
195.4 msec : 3
195.5 msec : 1
195.6 msec : 0
195.7 msec : 1
195.8 msec : 0
195.9 msec : 4
196.0 msec : 1
196.1 msec : 0
196.2 msec : 1
196.3 msec : 0
196.4 msec : 3
196.5 msec : 7
196.6 msec : 5
196.7 msec : 6
196.8 msec : 9
196.9 msec : 15
197.0 msec : 15
197.1 msec : 11
197.2 msec : 5
197.3 msec : 3
197.4 msec : 9
197.5 msec : 12
197.6 msec : 4
197.7 msec : 4
197.8 msec : 5
197.9 msec : 1
198.0 msec : 4
198.1 msec : 2
198.2 msec : 3
198.3 msec : 4
198.4 msec : 4
198.5 msec : 5
198.6 msec : 0
198.7 msec : 0
198.8 msec : 1
198.9 msec : 3
199.0 msec : 3
199.1 msec : 0
199.2 msec : 0
199.3 msec : 0
199.4 msec : 0
199.5 msec : 0
199.6 msec : 0
199.7 msec : 0
199.8 msec : 0
199.9 msec : 0
200.0 msec : 0
200.1 msec : 0
200.2 msec : 0
200.3 msec : 0
200.4 msec : 0
200.5 msec : 0
200.6 msec : 0
200.7 msec : 0
200.8 msec : 0
200.9 msec : 0
201.0 msec : 0
201.1 msec : 0
201.2 msec : 0
201.3 msec : 1
201.4 msec : 0
201.5 msec : 0
201.6 msec : 2
201.7 msec : 2
201.8 msec : 1
201.9 msec : 2
202.0 msec : 5
202.1 msec : 1
202.2 msec : 1
202.3 msec : 1
202.4 msec : 0
202.5 msec : 1
202.6 msec : 0
202.7 msec : 0
202.8 msec : 0
202.9 msec : 0
203.0 msec : 0
203.1 msec : 2
203.2 msec : 1
203.3 msec : 0
203.4 msec : 0
203.5 msec : 1
203.6 msec : 0
203.7 msec : 0
203.8 msec : 1
203.9 msec : 3
204.0 msec : 2
204.1 msec : 2
204.2 msec : 1
204.3 msec : 0
204.4 msec : 1
204.5 msec : 0
204.6 msec : 0
204.7 msec : 0
204.8 msec : 0
204.9 msec : 0
205.0 msec : 0
205.1 msec : 0
205.2 msec : 0
205.3 msec : 0
205.4 msec : 0
205.5 msec : 0
205.6 msec : 0
205.7 msec : 0
205.8 msec : 0
205.9 msec : 0
206.0 msec : 0
206.1 msec : 0
206.2 msec : 0
206.3 msec : 0
206.4 msec : 0
206.5 msec : 0
206.6 msec : 0
206.7 msec : 0
206.8 msec : 0
206.9 msec : 0
207.0 msec : 0
207.1 msec : 0
207.2 msec : 0
207.3 msec : 0
207.4 msec : 0
207.5 msec : 0
207.6 msec : 1
207.7 msec : 0
207.8 msec : 0
207.9 msec : 0
208.0 msec : 0
208.1 msec : 0
208.2 msec : 0
208.3 msec : 0
208.4 msec : 0
208.5 msec : 0
208.6 msec : 0
208.7 msec : 0
208.8 msec : 0
208.9 msec : 0
209.0 msec : 0
209.1 msec : 0
209.2 msec : 0
209.3 msec : 0
209.4 msec : 0
209.5 msec : 0
209.6 msec : 0
209.7 msec : 0
209.8 msec : 0
209.9 msec : 0
210.0 msec : 0
210.1 msec : 0
210.2 msec : 0
210.3 msec : 0
210.4 msec : 0
210.5 msec : 0
210.6 msec : 0
210.7 msec : 0
210.8 msec : 0
210.9 msec : 0
211.0 msec : 0
211.1 msec : 0
211.2 msec : 0
211.3 msec : 0
211.4 msec : 0
211.5 msec : 0
211.6 msec : 0
211.7 msec : 0
211.8 msec : 0
211.9 msec : 0
212.0 msec : 0
212.1 msec : 0
212.2 msec : 0
212.3 msec : 0
212.4 msec : 0
212.5 msec : 0
212.6 msec : 0
212.7 msec : 0
212.8 msec : 1
212.9 msec : 0
213.0 msec : 0
213.1 msec : 0
213.2 msec : 0
213.3 msec : 4
213.4 msec : 0
213.5 msec : 0
213.6 msec : 0
213.7 msec : 0
213.8 msec : 1
213.9 msec : 0
214.0 msec : 0
214.1 msec : 0
214.2 msec : 0
214.3 msec : 0
214.4 msec : 1
214.5 msec : 0
214.6 msec : 2
214.7 msec : 1
214.8 msec : 0
214.9 msec : 0
215.0 msec : 0
215.1 msec : 0
215.2 msec : 0
215.3 msec : 0
215.4 msec : 0
215.5 msec : 0
215.6 msec : 0
215.7 msec : 0
215.8 msec : 0
215.9 msec : 0
216.0 msec : 0
216.1 msec : 0
216.2 msec : 0
216.3 msec : 0
216.4 msec : 0
216.5 msec : 0
216.6 msec : 0
216.7 msec : 0
216.8 msec : 0
216.9 msec : 0
217.0 msec : 0
217.1 msec : 0
217.2 msec : 0
217.3 msec : 0
217.4 msec : 0
217.5 msec : 3
217.6 msec : 2
217.7 msec : 2
217.8 msec : 3
217.9 msec : 0
218.0 msec : 3
218.1 msec : 2
218.2 msec : 6
218.3 msec : 5
218.4 msec : 1
218.5 msec : 1
218.6 msec : 2
218.7 msec : 6
218.8 msec : 2
218.9 msec : 1
219.0 msec : 2
219.1 msec : 9
219.2 msec : 5
219.3 msec : 0
219.4 msec : 1
219.5 msec : 0
219.6 msec : 0
219.7 msec : 2
219.8 msec : 0
219.9 msec : 0
220.0 msec : 0
220.1 msec : 0
220.2 msec : 0
220.3 msec : 0
220.4 msec : 0
220.5 msec : 0
220.6 msec : 0
220.7 msec : 0
220.8 msec : 0
220.9 msec : 0
221.0 msec : 0
221.1 msec : 0
221.2 msec : 0
221.3 msec : 0
221.4 msec : 0
221.5 msec : 0
221.6 msec : 0
221.7 msec : 0
221.8 msec : 0
221.9 msec : 0
222.0 msec : 0
222.1 msec : 0
222.2 msec : 0
222.3 msec : 0
222.4 msec : 0
222.5 msec : 1
222.6 msec : 3
222.7 msec : 0
222.8 msec : 2
222.9 msec : 0
223.0 msec : 3
223.1 msec : 5
223.2 msec : 3
223.3 msec : 1
223.4 msec : 1
223.5 msec : 1
223.6 msec : 2
223.7 msec : 0
223.8 msec : 1
223.9 msec : 1
224.0 msec : 0
224.1 msec : 4
224.2 msec : 7
224.3 msec : 2
224.4 msec : 5
224.5 msec : 4
224.6 msec : 3
224.7 msec : 2
224.8 msec : 3
224.9 msec : 5
225.0 msec : 3
225.1 msec : 1
225.2 msec : 5
225.3 msec : 1
225.4 msec : 2
225.5 msec : 4
225.6 msec : 2
225.7 msec : 6
225.8 msec : 1
225.9 msec : 1
226.0 msec : 0
226.1 msec : 1
226.2 msec : 0
226.3 msec : 0
226.4 msec : 0
226.5 msec : 0
226.6 msec : 0
226.7 msec : 0
226.8 msec : 0
226.9 msec : 0
227.0 msec : 0
227.1 msec : 0
227.2 msec : 0
227.3 msec : 0
227.4 msec : 0
227.5 msec : 0
227.6 msec : 0
227.7 msec : 0
227.8 msec : 0
227.9 msec : 0
228.0 msec : 0
228.1 msec : 0
228.2 msec : 0
228.3 msec : 0
228.4 msec : 0
228.5 msec : 0
228.6 msec : 0
228.7 msec : 0
228.8 msec : 0
228.9 msec : 0
229.0 msec : 0
229.1 msec : 0
229.2 msec : 0
229.3 msec : 0
229.4 msec : 0
229.5 msec : 0
229.6 msec : 0
229.7 msec : 0
229.8 msec : 0
229.9 msec : 0
230.0 msec : 0
230.1 msec : 0
230.2 msec : 0
230.3 msec : 0
230.4 msec : 0
230.5 msec : 0
230.6 msec : 0
230.7 msec : 0
230.8 msec : 0
230.9 msec : 0
231.0 msec : 0
231.1 msec : 0
231.2 msec : 0
231.3 msec : 0
231.4 msec : 0
231.5 msec : 0
231.6 msec : 0
231.7 msec : 1
231.8 msec : 0
231.9 msec : 0
232.0 msec : 2
232.1 msec : 0
232.2 msec : 0
232.3 msec : 1
232.4 msec : 2
232.5 msec : 0
232.6 msec : 0
232.7 msec : 0
232.8 msec : 1
232.9 msec : 0
233.0 msec : 1
233.1 msec : 0
233.2 msec : 0
233.3 msec : 0
233.4 msec : 0
233.5 msec : 0
233.6 msec : 1
233.7 msec : 0
233.8 msec : 0
233.9 msec : 0
234.0 msec : 0
234.1 msec : 0
234.2 msec : 0
234.3 msec : 0
234.4 msec : 0
234.5 msec : 0
234.6 msec : 0
234.7 msec : 0
234.8 msec : 0
234.9 msec : 0
235.0 msec : 0
235.1 msec : 0
235.2 msec : 0
235.3 msec : 0
235.4 msec : 0
235.5 msec : 0
235.6 msec : 0
235.7 msec : 0
235.8 msec : 0
235.9 msec : 0
236.0 msec : 0
236.1 msec : 0
236.2 msec : 0
236.3 msec : 0
236.4 msec : 0
236.5 msec : 0
236.6 msec : 0
236.7 msec : 0
236.8 msec : 2
236.9 msec : 1
237.0 msec : 2
237.1 msec : 0
237.2 msec : 1
237.3 msec : 5
237.4 msec : 2
237.5 msec : 2
237.6 msec : 1
237.7 msec : 3
237.8 msec : 9
237.9 msec : 13
238.0 msec : 14
238.1 msec : 9
238.2 msec : 4
238.3 msec : 1
238.4 msec : 3
238.5 msec : 3
238.6 msec : 0
238.7 msec : 1
238.8 msec : 2
238.9 msec : 9
239.0 msec : 3
239.1 msec : 5
239.2 msec : 7
239.3 msec : 5
239.4 msec : 8
239.5 msec : 5
239.6 msec : 5
239.7 msec : 2
239.8 msec : 0
239.9 msec : 2
240.0 msec : 0
240.1 msec : 0
240.2 msec : 0
240.3 msec : 0
240.4 msec : 0
240.5 msec : 0
240.6 msec : 0
240.7 msec : 0
240.8 msec : 0
240.9 msec : 0
241.0 msec : 0
241.1 msec : 0
241.2 msec : 0
241.3 msec : 0
241.4 msec : 0
241.5 msec : 0
241.6 msec : 0
241.7 msec : 0
241.8 msec : 0
241.9 msec : 0
242.0 msec : 0
242.1 msec : 1
242.2 msec : 0
242.3 msec : 1
242.4 msec : 0
242.5 msec : 0
242.6 msec : 0
242.7 msec : 0
242.8 msec : 0
242.9 msec : 0
243.0 msec : 0
243.1 msec : 0
243.2 msec : 3
243.3 msec : 1
243.4 msec : 1
243.5 msec : 0
243.6 msec : 0
243.7 msec : 0
243.8 msec : 0
243.9 msec : 0
244.0 msec : 0
244.1 msec : 0
244.2 msec : 0
244.3 msec : 0
244.4 msec : 0
244.5 msec : 0
244.6 msec : 0
244.7 msec : 0
244.8 msec : 0
244.9 msec : 0
245.0 msec : 0
245.1 msec : 0
245.2 msec : 0
245.3 msec : 0
245.4 msec : 0
245.5 msec : 0
245.6 msec : 0
245.7 msec : 0
245.8 msec : 0
245.9 msec : 0
246.0 msec : 0
246.1 msec : 0
246.2 msec : 0
246.3 msec : 0
246.4 msec : 0
246.5 msec : 1
246.6 msec : 0
246.7 msec : 0
246.8 msec : 0
246.9 msec : 0
247.0 msec : 0
247.1 msec : 0
247.2 msec : 0
247.3 msec : 1
247.4 msec : 0
247.5 msec : 0
247.6 msec : 0
247.7 msec : 0
247.8 msec : 0
247.9 msec : 0
248.0 msec : 0
248.1 msec : 0
248.2 msec : 0
248.3 msec : 0
248.4 msec : 0
248.5 msec : 0
248.6 msec : 0
248.7 msec : 0
248.8 msec : 0
248.9 msec : 0
249.0 msec : 0
249.1 msec : 0
249.2 msec : 0
249.3 msec : 0
249.4 msec : 0
249.5 msec : 0
249.6 msec : 0
249.7 msec : 0
249.8 msec : 0
249.9 msec : 0
250.0 msec : 0
250.1 msec : 0
250.2 msec : 0
250.3 msec : 0
250.4 msec : 0
250.5 msec : 0
250.6 msec : 0
250.7 msec : 0
250.8 msec : 0
250.9 msec : 0
251.0 msec : 0
251.1 msec : 0
251.2 msec : 0
251.3 msec : 0
251.4 msec : 0
251.5 msec : 0
251.6 msec : 0
251.7 msec : 0
251.8 msec : 0
251.9 msec : 0
252.0 msec : 0
252.1 msec : 0
252.2 msec : 1
252.3 msec : 1
252.4 msec : 0
252.5 msec : 0
252.6 msec : 0
252.7 msec : 0
252.8 msec : 0
252.9 msec : 0
253.0 msec : 0
253.1 msec : 0
253.2 msec : 0
253.3 msec : 0
253.4 msec : 0
253.5 msec : 0
253.6 msec : 0
253.7 msec : 0
253.8 msec : 0
253.9 msec : 0
254.0 msec : 0
254.1 msec : 1
254.2 msec : 0
254.3 msec : 0
254.4 msec : 0
254.5 msec : 1
254.6 msec : 0
254.7 msec : 0
254.8 msec : 0
254.9 msec : 0
255.0 msec : 0
255.1 msec : 0
255.2 msec : 1
255.3 msec : 1
255.4 msec : 0
255.5 msec : 0
255.6 msec : 0
255.7 msec : 0
255.8 msec : 0
255.9 msec : 0
256.0 msec : 0
256.1 msec : 0
256.2 msec : 0
256.3 msec : 0
256.4 msec : 0
256.5 msec : 0
256.6 msec : 0
256.7 msec : 0
256.8 msec : 0
256.9 msec : 0
257.0 msec : 0
257.1 msec : 0
257.2 msec : 0
257.3 msec : 0
257.4 msec : 0
257.5 msec : 0
257.6 msec : 0
257.7 msec : 0
257.8 msec : 0
257.9 msec : 0
258.0 msec : 0
258.1 msec : 0
258.2 msec : 0
258.3 msec : 0
258.4 msec : 0
258.5 msec : 0
258.6 msec : 0
258.7 msec : 0
258.8 msec : 0
258.9 msec : 0
259.0 msec : 0
259.1 msec : 0
259.2 msec : 0
259.3 msec : 0
259.4 msec : 0
259.5 msec : 0
259.6 msec : 0
259.7 msec : 0
259.8 msec : 0
259.9 msec : 0
260.0 msec : 0
260.1 msec : 0
260.2 msec : 0
260.3 msec : 0
260.4 msec : 0
260.5 msec : 0
260.6 msec : 0
260.7 msec : 0
260.8 msec : 0
260.9 msec : 0
261.0 msec : 0
261.1 msec : 0
261.2 msec : 0
261.3 msec : 0
261.4 msec : 0
261.5 msec : 0
261.6 msec : 1
261.7 msec : 1
261.8 msec : 0
261.9 msec : 0
262.0 msec : 0
262.1 msec : 0
262.2 msec : 0
262.3 msec : 0
262.4 msec : 1
262.5 msec : 6
262.6 msec : 2
262.7 msec : 4
262.8 msec : 5
262.9 msec : 2
263.0 msec : 2
263.1 msec : 0
263.2 msec : 0
263.3 msec : 0
263.4 msec : 2
263.5 msec : 0
263.6 msec : 0
263.7 msec : 0
263.8 msec : 0
263.9 msec : 0
264.0 msec : 0
264.1 msec : 0
264.2 msec : 0
264.3 msec : 0
264.4 msec : 0
264.5 msec : 0
264.6 msec : 0
264.7 msec : 0
264.8 msec : 1
264.9 msec : 0
265.0 msec : 2
265.1 msec : 0
265.2 msec : 0
265.3 msec : 0
265.4 msec : 1
265.5 msec : 0
265.6 msec : 0
265.7 msec : 0
265.8 msec : 0
265.9 msec : 0
266.0 msec : 0
266.1 msec : 0
266.2 msec : 0
266.3 msec : 2
266.4 msec : 0
266.5 msec : 0
266.6 msec : 0
266.7 msec : 0
266.8 msec : 0
266.9 msec : 0
267.0 msec : 0
267.1 msec : 0
267.2 msec : 0
267.3 msec : 0
267.4 msec : 0
267.5 msec : 0
267.6 msec : 0
267.7 msec : 0
267.8 msec : 0
267.9 msec : 0
268.0 msec : 0
268.1 msec : 0
268.2 msec : 0
268.3 msec : 0
268.4 msec : 0
268.5 msec : 0
268.6 msec : 0
268.7 msec : 0
268.8 msec : 0
268.9 msec : 0
269.0 msec : 0
269.1 msec : 0
269.2 msec : 0
269.3 msec : 0
269.4 msec : 0
269.5 msec : 0
269.6 msec : 0
269.7 msec : 0
269.8 msec : 0
269.9 msec : 0
270.0 msec : 0
270.1 msec : 0
270.2 msec : 0
270.3 msec : 0
270.4 msec : 0
270.5 msec : 0
270.6 msec : 0
270.7 msec : 0
270.8 msec : 0
270.9 msec : 0
271.0 msec : 0
271.1 msec : 0
271.2 msec : 0
271.3 msec : 0
271.4 msec : 0
271.5 msec : 0
271.6 msec : 0
271.7 msec : 0
271.8 msec : 0
271.9 msec : 0
272.0 msec : 0
272.1 msec : 0
272.2 msec : 0
272.3 msec : 0
272.4 msec : 0
272.5 msec : 0
272.6 msec : 0
272.7 msec : 0
272.8 msec : 0
272.9 msec : 0
273.0 msec : 0
273.1 msec : 0
273.2 msec : 0
273.3 msec : 0
273.4 msec : 0
273.5 msec : 0
273.6 msec : 0
273.7 msec : 0
273.8 msec : 0
273.9 msec : 0
274.0 msec : 0
274.1 msec : 0
274.2 msec : 0
274.3 msec : 0
274.4 msec : 0
274.5 msec : 0
274.6 msec : 0
274.7 msec : 0
274.8 msec : 0
274.9 msec : 0
275.0 msec : 0
275.1 msec : 0
275.2 msec : 0
275.3 msec : 0
275.4 msec : 0
275.5 msec : 0
275.6 msec : 0
275.7 msec : 0
275.8 msec : 0
275.9 msec : 0
276.0 msec : 0
276.1 msec : 0
276.2 msec : 0
276.3 msec : 0
276.4 msec : 0
276.5 msec : 0
276.6 msec : 0
276.7 msec : 0
276.8 msec : 0
276.9 msec : 0
277.0 msec : 1
277.1 msec : 0
277.2 msec : 0
277.3 msec : 0
277.4 msec : 0
277.5 msec : 0
277.6 msec : 0
277.7 msec : 0
277.8 msec : 0
277.9 msec : 0
278.0 msec : 0
278.1 msec : 0
278.2 msec : 0
278.3 msec : 0
278.4 msec : 0
278.5 msec : 0
278.6 msec : 0
278.7 msec : 0
278.8 msec : 0
278.9 msec : 0
279.0 msec : 0
279.1 msec : 0
279.2 msec : 0
279.3 msec : 0
279.4 msec : 0
279.5 msec : 0
279.6 msec : 0
279.7 msec : 0
279.8 msec : 0
279.9 msec : 0
280.0 msec : 0
280.1 msec : 0
280.2 msec : 0
280.3 msec : 0
280.4 msec : 0
280.5 msec : 0
280.6 msec : 0
280.7 msec : 0
280.8 msec : 0
280.9 msec : 0
281.0 msec : 0
281.1 msec : 0
281.2 msec : 0
281.3 msec : 0
281.4 msec : 0
281.5 msec : 0
281.6 msec : 0
281.7 msec : 0
281.8 msec : 0
281.9 msec : 0
282.0 msec : 0
282.1 msec : 2
282.2 msec : 0
282.3 msec : 0
282.4 msec : 0
282.5 msec : 0
282.6 msec : 0
282.7 msec : 0
282.8 msec : 0
282.9 msec : 0
283.0 msec : 0
283.1 msec : 0
283.2 msec : 0
283.3 msec : 0
283.4 msec : 0
283.5 msec : 0
283.6 msec : 0
283.7 msec : 0
283.8 msec : 0
283.9 msec : 0
284.0 msec : 2
284.1 msec : 1
284.2 msec : 0
284.3 msec : 0
284.4 msec : 0
284.5 msec : 0
284.6 msec : 0
284.7 msec : 0
284.8 msec : 0
284.9 msec : 0
285.0 msec : 0
285.1 msec : 0
285.2 msec : 0
285.3 msec : 0
285.4 msec : 0
285.5 msec : 0
285.6 msec : 0
285.7 msec : 0
285.8 msec : 0
285.9 msec : 0
286.0 msec : 0
286.1 msec : 0
286.2 msec : 0
286.3 msec : 0
286.4 msec : 0
286.5 msec : 0
286.6 msec : 0
286.7 msec : 0
286.8 msec : 0
286.9 msec : 0
287.0 msec : 0
287.1 msec : 0
287.2 msec : 0
287.3 msec : 0
287.4 msec : 0
287.5 msec : 0
287.6 msec : 0
287.7 msec : 0
287.8 msec : 0
287.9 msec : 0
288.0 msec : 0
288.1 msec : 0
288.2 msec : 0
288.3 msec : 0
288.4 msec : 0
288.5 msec : 0
288.6 msec : 0
288.7 msec : 0
288.8 msec : 0
288.9 msec : 0
289.0 msec : 0
289.1 msec : 0
289.2 msec : 0
289.3 msec : 0
289.4 msec : 0
289.5 msec : 0
289.6 msec : 0
289.7 msec : 0
289.8 msec : 0
289.9 msec : 0
290.0 msec : 0
290.1 msec : 0
290.2 msec : 0
290.3 msec : 0
290.4 msec : 0
290.5 msec : 0
290.6 msec : 0
290.7 msec : 0
290.8 msec : 0
290.9 msec : 0
291.0 msec : 0
291.1 msec : 2
291.2 msec : 0
291.3 msec : 0
291.4 msec : 0
291.5 msec : 0
291.6 msec : 0
291.7 msec : 0
291.8 msec : 0
291.9 msec : 0
292.0 msec : 1
292.1 msec : 2
292.2 msec : 0
292.3 msec : 2
292.4 msec : 0
292.5 msec : 0
292.6 msec : 0
292.7 msec : 0
292.8 msec : 0
292.9 msec : 1
293.0 msec : 0
293.1 msec : 0
293.2 msec : 0
293.3 msec : 0
293.4 msec : 0
293.5 msec : 0
293.6 msec : 0
293.7 msec : 0
293.8 msec : 0
293.9 msec : 0
294.0 msec : 0
294.1 msec : 0
294.2 msec : 0
294.3 msec : 0
294.4 msec : 0
294.5 msec : 0
294.6 msec : 0
294.7 msec : 0
294.8 msec : 0
294.9 msec : 0
295.0 msec : 0
295.1 msec : 1
295.2 msec : 0
295.3 msec : 5
295.4 msec : 1
295.5 msec : 0
295.6 msec : 0
295.7 msec : 0
295.8 msec : 0
295.9 msec : 1
296.0 msec : 0
296.1 msec : 0
296.2 msec : 0
296.3 msec : 0
296.4 msec : 0
296.5 msec : 0
296.6 msec : 0
296.7 msec : 0
296.8 msec : 0
296.9 msec : 0
297.0 msec : 0
297.1 msec : 0
297.2 msec : 0
297.3 msec : 0
297.4 msec : 0
297.5 msec : 0
297.6 msec : 0
297.7 msec : 0
297.8 msec : 0
297.9 msec : 0
298.0 msec : 0
298.1 msec : 0
298.2 msec : 0
298.3 msec : 0
298.4 msec : 0
298.5 msec : 0
298.6 msec : 0
298.7 msec : 0
298.8 msec : 0
298.9 msec : 0
299.0 msec : 0
299.1 msec : 0
299.2 msec : 0
299.3 msec : 0
299.4 msec : 0
299.5 msec : 0
299.6 msec : 0
299.7 msec : 0
299.8 msec : 0
299.9 msec : 0
300.0 msec : 0
300.1 msec : 0
300.2 msec : 0
300.3 msec : 0
300.4 msec : 0
300.5 msec : 0
300.6 msec : 0
300.7 msec : 0
300.8 msec : 0
300.9 msec : 0
301.0 msec : 0
301.1 msec : 0
301.2 msec : 0
301.3 msec : 0
301.4 msec : 0
301.5 msec : 0
301.6 msec : 0
301.7 msec : 0
301.8 msec : 0
301.9 msec : 0
302.0 msec : 0
302.1 msec : 1
302.2 msec : 0
302.3 msec : 0
302.4 msec : 0
302.5 msec : 0
302.6 msec : 0
302.7 msec : 0
302.8 msec : 0
302.9 msec : 0
303.0 msec : 0
303.1 msec : 0
303.2 msec : 0
303.3 msec : 0
303.4 msec : 0
303.5 msec : 0
303.6 msec : 0
303.7 msec : 0
303.8 msec : 0
303.9 msec : 0
304.0 msec : 0
304.1 msec : 0
304.2 msec : 0
304.3 msec : 0
304.4 msec : 0
304.5 msec : 0
304.6 msec : 0
304.7 msec : 0
304.8 msec : 0
304.9 msec : 0
305.0 msec : 0
305.1 msec : 0
305.2 msec : 0
305.3 msec : 0
305.4 msec : 0
305.5 msec : 0
305.6 msec : 0
305.7 msec : 0
305.8 msec : 0
305.9 msec : 1
306.0 msec : 0
306.1 msec : 0
306.2 msec : 0
306.3 msec : 0
306.4 msec : 0
306.5 msec : 1
306.6 msec : 1
306.7 msec : 0
306.8 msec : 0
306.9 msec : 0
307.0 msec : 0
307.1 msec : 0
307.2 msec : 0
307.3 msec : 0
307.4 msec : 0
307.5 msec : 0
307.6 msec : 0
307.7 msec : 0
307.8 msec : 0
307.9 msec : 0
308.0 msec : 0
308.1 msec : 0
308.2 msec : 0
308.3 msec : 0
308.4 msec : 0
308.5 msec : 0
308.6 msec : 0
308.7 msec : 0
308.8 msec : 0
308.9 msec : 0
309.0 msec : 0
309.1 msec : 0
309.2 msec : 0
309.3 msec : 0
309.4 msec : 0
309.5 msec : 0
309.6 msec : 0
309.7 msec : 0
309.8 msec : 0
309.9 msec : 0
310.0 msec : 0
310.1 msec : 0
310.2 msec : 0
310.3 msec : 0
310.4 msec : 0
310.5 msec : 0
310.6 msec : 0
310.7 msec : 0
310.8 msec : 0
310.9 msec : 0
311.0 msec : 1
311.1 msec : 0
311.2 msec : 0
311.3 msec : 0
311.4 msec : 1
311.5 msec : 1
311.6 msec : 0
311.7 msec : 0
311.8 msec : 0
311.9 msec : 1
312.0 msec : 0
312.1 msec : 0
312.2 msec : 1
312.3 msec : 0
312.4 msec : 0
312.5 msec : 0
312.6 msec : 0
312.7 msec : 0
312.8 msec : 0
312.9 msec : 0
313.0 msec : 0
313.1 msec : 0
313.2 msec : 0
313.3 msec : 0
313.4 msec : 0
313.5 msec : 0
313.6 msec : 0
313.7 msec : 1
313.8 msec : 0
313.9 msec : 0
314.0 msec : 0
314.1 msec : 0
314.2 msec : 0
314.3 msec : 0
314.4 msec : 0
314.5 msec : 0
314.6 msec : 0
314.7 msec : 0
314.8 msec : 0
314.9 msec : 0
315.0 msec : 0
315.1 msec : 0
315.2 msec : 0
315.3 msec : 0
315.4 msec : 0
315.5 msec : 0
315.6 msec : 0
315.7 msec : 1
315.8 msec : 0
315.9 msec : 0
316.0 msec : 0
316.1 msec : 0
316.2 msec : 0
316.3 msec : 0
316.4 msec : 0
316.5 msec : 0
316.6 msec : 0
316.7 msec : 0
316.8 msec : 0
316.9 msec : 0
317.0 msec : 0
317.1 msec : 0
317.2 msec : 0
317.3 msec : 0
317.4 msec : 0
317.5 msec : 0
317.6 msec : 0
317.7 msec : 0
317.8 msec : 0
317.9 msec : 0
318.0 msec : 0
318.1 msec : 0
318.2 msec : 0
318.3 msec : 0
318.4 msec : 0
318.5 msec : 0
318.6 msec : 0
318.7 msec : 0
318.8 msec : 0
318.9 msec : 0
319.0 msec : 0
319.1 msec : 0
319.2 msec : 0
319.3 msec : 0
319.4 msec : 0
319.5 msec : 0
319.6 msec : 0
319.7 msec : 0
319.8 msec : 0
319.9 msec : 0
320.0 msec : 0
320.1 msec : 0
320.2 msec : 0
320.3 msec : 0
320.4 msec : 0
320.5 msec : 2
320.6 msec : 2
320.7 msec : 0
320.8 msec : 4
320.9 msec : 6
321.0 msec : 1
321.1 msec : 4
321.2 msec : 3
321.3 msec : 5
321.4 msec : 4
321.5 msec : 3
321.6 msec : 6
321.7 msec : 7
321.8 msec : 6
321.9 msec : 3
322.0 msec : 7
322.1 msec : 3
322.2 msec : 0
322.3 msec : 9
322.4 msec : 4
322.5 msec : 8
322.6 msec : 1
322.7 msec : 3
322.8 msec : 2
322.9 msec : 3
323.0 msec : 3
323.1 msec : 2
323.2 msec : 1
323.3 msec : 3
323.4 msec : 2
323.5 msec : 1
323.6 msec : 0
323.7 msec : 0
323.8 msec : 0
323.9 msec : 1
324.0 msec : 1
324.1 msec : 0
324.2 msec : 1
324.3 msec : 1
324.4 msec : 1
324.5 msec : 0
324.6 msec : 0
324.7 msec : 0
324.8 msec : 0
324.9 msec : 0
325.0 msec : 0
325.1 msec : 0
325.2 msec : 0
325.3 msec : 0
325.4 msec : 1
325.5 msec : 0
325.6 msec : 0
325.7 msec : 0
325.8 msec : 0
325.9 msec : 0
326.0 msec : 0
326.1 msec : 0
326.2 msec : 0
326.3 msec : 2
326.4 msec : 3
326.5 msec : 1
326.6 msec : 1
326.7 msec : 4
326.8 msec : 4
326.9 msec : 3
327.0 msec : 1
327.1 msec : 0
327.2 msec : 0
327.3 msec : 2
327.4 msec : 2
327.5 msec : 0
327.6 msec : 0
327.7 msec : 0
327.8 msec : 0
327.9 msec : 0
328.0 msec : 0
328.1 msec : 0
328.2 msec : 0
328.3 msec : 0
328.4 msec : 0
328.5 msec : 0
328.6 msec : 0
328.7 msec : 0
328.8 msec : 0
328.9 msec : 0
329.0 msec : 0
329.1 msec : 0
329.2 msec : 0
329.3 msec : 0
329.4 msec : 0
329.5 msec : 0
329.6 msec : 0
329.7 msec : 0
329.8 msec : 0
329.9 msec : 0
330.0 msec : 0
330.1 msec : 0
330.2 msec : 0
330.3 msec : 0
330.4 msec : 0
330.5 msec : 0
330.6 msec : 0
330.7 msec : 0
330.8 msec : 0
330.9 msec : 0
331.0 msec : 1
331.1 msec : 0
331.2 msec : 0
331.3 msec : 0
331.4 msec : 0
331.5 msec : 0
331.6 msec : 0
331.7 msec : 1
331.8 msec : 0
331.9 msec : 0
332.0 msec : 0
332.1 msec : 0
332.2 msec : 0
332.3 msec : 0
332.4 msec : 0
332.5 msec : 0
332.6 msec : 0
332.7 msec : 0
332.8 msec : 0
332.9 msec : 0
333.0 msec : 0
333.1 msec : 0
333.2 msec : 0
333.3 msec : 0
333.4 msec : 0
333.5 msec : 0
333.6 msec : 0
333.7 msec : 0
333.8 msec : 0
333.9 msec : 0
334.0 msec : 0
334.1 msec : 0
334.2 msec : 0
334.3 msec : 0
334.4 msec : 0
334.5 msec : 0
334.6 msec : 0
334.7 msec : 0
334.8 msec : 0
334.9 msec : 0
335.0 msec : 0
335.1 msec : 0
335.2 msec : 0
335.3 msec : 0
335.4 msec : 0
335.5 msec : 0
335.6 msec : 0
335.7 msec : 0
335.8 msec : 0
335.9 msec : 0
336.0 msec : 0
336.1 msec : 0
336.2 msec : 0
336.3 msec : 0
336.4 msec : 0
336.5 msec : 0
336.6 msec : 0
336.7 msec : 0
336.8 msec : 0
336.9 msec : 0
337.0 msec : 0
337.1 msec : 0
337.2 msec : 0
337.3 msec : 0
337.4 msec : 0
337.5 msec : 0
337.6 msec : 0
337.7 msec : 0
337.8 msec : 0
337.9 msec : 0
338.0 msec : 0
338.1 msec : 0
338.2 msec : 0
338.3 msec : 0
338.4 msec : 0
338.5 msec : 0
338.6 msec : 0
338.7 msec : 0
338.8 msec : 0
338.9 msec : 0
339.0 msec : 0
339.1 msec : 0
339.2 msec : 0
339.3 msec : 0
339.4 msec : 0
339.5 msec : 0
339.6 msec : 0
339.7 msec : 0
339.8 msec : 0
339.9 msec : 0
340.0 msec : 0
340.1 msec : 0
340.2 msec : 0
340.3 msec : 2
340.4 msec : 0
340.5 msec : 0
340.6 msec : 0
340.7 msec : 0
340.8 msec : 0
340.9 msec : 0
341.0 msec : 0
341.1 msec : 0
341.2 msec : 0
341.3 msec : 0
341.4 msec : 0
341.5 msec : 0
341.6 msec : 1
341.7 msec : 1
341.8 msec : 1
341.9 msec : 0
342.0 msec : 0
342.1 msec : 0
342.2 msec : 0
342.3 msec : 0
342.4 msec : 0
342.5 msec : 0
342.6 msec : 0
342.7 msec : 0
342.8 msec : 0
342.9 msec : 0
343.0 msec : 0
343.1 msec : 0
343.2 msec : 0
343.3 msec : 0
343.4 msec : 0
343.5 msec : 0
343.6 msec : 0
343.7 msec : 0
343.8 msec : 0
343.9 msec : 0
344.0 msec : 0
344.1 msec : 0
344.2 msec : 0
344.3 msec : 0
344.4 msec : 0
344.5 msec : 0
344.6 msec : 0
344.7 msec : 0
344.8 msec : 0
344.9 msec : 0
345.0 msec : 0
345.1 msec : 0
345.2 msec : 0
345.3 msec : 0
345.4 msec : 0
345.5 msec : 0
345.6 msec : 0
345.7 msec : 0
345.8 msec : 0
345.9 msec : 0
346.0 msec : 0
346.1 msec : 0
346.2 msec : 0
346.3 msec : 0
346.4 msec : 0
346.5 msec : 0
346.6 msec : 0
346.7 msec : 0
346.8 msec : 0
346.9 msec : 0
347.0 msec : 0
347.1 msec : 0
347.2 msec : 0
347.3 msec : 0
347.4 msec : 0
347.5 msec : 0
347.6 msec : 0
347.7 msec : 0
347.8 msec : 0
347.9 msec : 0
348.0 msec : 0
348.1 msec : 0
348.2 msec : 0
348.3 msec : 0
348.4 msec : 0
348.5 msec : 0
348.6 msec : 0
348.7 msec : 0
348.8 msec : 0
348.9 msec : 0
349.0 msec : 0
349.1 msec : 0
349.2 msec : 0
349.3 msec : 0
349.4 msec : 0
349.5 msec : 0
349.6 msec : 0
349.7 msec : 0
349.8 msec : 0
349.9 msec : 0
350.0 msec : 0
350.1 msec : 0
350.2 msec : 1
350.3 msec : 2
350.4 msec : 0
350.5 msec : 0
350.6 msec : 1
350.7 msec : 0
350.8 msec : 0
350.9 msec : 0
351.0 msec : 0
351.1 msec : 0
351.2 msec : 0
351.3 msec : 0
351.4 msec : 1
351.5 msec : 0
351.6 msec : 0
351.7 msec : 0
351.8 msec : 0
351.9 msec : 0
352.0 msec : 0
352.1 msec : 1
352.2 msec : 0
352.3 msec : 0
352.4 msec : 0
352.5 msec : 0
352.6 msec : 0
352.7 msec : 0
352.8 msec : 0
352.9 msec : 0
353.0 msec : 0
353.1 msec : 0
353.2 msec : 0
353.3 msec : 0
353.4 msec : 0
353.5 msec : 0
353.6 msec : 0
353.7 msec : 0
353.8 msec : 0
353.9 msec : 0
354.0 msec : 0
354.1 msec : 0
354.2 msec : 0
354.3 msec : 0
354.4 msec : 0
354.5 msec : 0
354.6 msec : 0
354.7 msec : 0
354.8 msec : 0
354.9 msec : 1
355.0 msec : 0
355.1 msec : 0
355.2 msec : 0
355.3 msec : 0
355.4 msec : 0
355.5 msec : 0
355.6 msec : 0
355.7 msec : 0
355.8 msec : 0
355.9 msec : 0
356.0 msec : 0
356.1 msec : 0
356.2 msec : 0
356.3 msec : 0
356.4 msec : 0
356.5 msec : 0
356.6 msec : 0
356.7 msec : 0
356.8 msec : 0
356.9 msec : 0
357.0 msec : 0
357.1 msec : 0
357.2 msec : 0
357.3 msec : 0
357.4 msec : 0
357.5 msec : 0
357.6 msec : 0
357.7 msec : 0
357.8 msec : 0
357.9 msec : 0
358.0 msec : 0
358.1 msec : 0
358.2 msec : 0
358.3 msec : 0
358.4 msec : 0
358.5 msec : 0
358.6 msec : 0
358.7 msec : 0
358.8 msec : 0
358.9 msec : 0
359.0 msec : 0
359.1 msec : 0
359.2 msec : 0
359.3 msec : 0
359.4 msec : 0
359.5 msec : 0
359.6 msec : 0
359.7 msec : 0
359.8 msec : 0
359.9 msec : 0
360.0 msec : 0
360.1 msec : 0
360.2 msec : 0
360.3 msec : 0
360.4 msec : 0
360.5 msec : 0
360.6 msec : 0
360.7 msec : 0
360.8 msec : 0
360.9 msec : 1
361.0 msec : 0
361.1 msec : 0
361.2 msec : 0
361.3 msec : 0
361.4 msec : 0
361.5 msec : 0
361.6 msec : 0
361.7 msec : 0
361.8 msec : 0
361.9 msec : 0
362.0 msec : 0
362.1 msec : 0
362.2 msec : 0
362.3 msec : 0
362.4 msec : 0
362.5 msec : 0
362.6 msec : 0
362.7 msec : 0
362.8 msec : 0
362.9 msec : 0
363.0 msec : 0
363.1 msec : 0
363.2 msec : 0
363.3 msec : 0
363.4 msec : 0
363.5 msec : 0
363.6 msec : 0
363.7 msec : 0
363.8 msec : 0
363.9 msec : 0
364.0 msec : 0
364.1 msec : 0
364.2 msec : 0
364.3 msec : 0
364.4 msec : 0
364.5 msec : 1
364.6 msec : 1
364.7 msec : 0
364.8 msec : 0
364.9 msec : 0
365.0 msec : 0
365.1 msec : 0
365.2 msec : 0
365.3 msec : 0
365.4 msec : 0
365.5 msec : 0
365.6 msec : 0
365.7 msec : 0
365.8 msec : 0
365.9 msec : 0
366.0 msec : 0
366.1 msec : 0
366.2 msec : 0
366.3 msec : 0
366.4 msec : 0
366.5 msec : 0
366.6 msec : 0
366.7 msec : 0
366.8 msec : 0
366.9 msec : 0
367.0 msec : 0
367.1 msec : 0
367.2 msec : 0
367.3 msec : 0
367.4 msec : 0
367.5 msec : 0
367.6 msec : 0
367.7 msec : 0
367.8 msec : 0
367.9 msec : 0
368.0 msec : 0
368.1 msec : 0
368.2 msec : 0
368.3 msec : 0
368.4 msec : 0
368.5 msec : 0
368.6 msec : 0
368.7 msec : 0
368.8 msec : 0
368.9 msec : 0
369.0 msec : 0
369.1 msec : 0
369.2 msec : 0
369.3 msec : 0
369.4 msec : 0
369.5 msec : 0
369.6 msec : 0
369.7 msec : 0
369.8 msec : 0
369.9 msec : 0
370.0 msec : 0
370.1 msec : 0
370.2 msec : 0
370.3 msec : 0
370.4 msec : 0
370.5 msec : 0
370.6 msec : 0
370.7 msec : 0
370.8 msec : 0
370.9 msec : 0
371.0 msec : 0
371.1 msec : 0
371.2 msec : 0
371.3 msec : 1
371.4 msec : 0
371.5 msec : 1
371.6 msec : 0
371.7 msec : 0
371.8 msec : 0
371.9 msec : 0
372.0 msec : 0
372.1 msec : 0
372.2 msec : 0
372.3 msec : 0
372.4 msec : 0
372.5 msec : 0
372.6 msec : 0
372.7 msec : 0
372.8 msec : 0
372.9 msec : 0
373.0 msec : 0
373.1 msec : 0
373.2 msec : 0
373.3 msec : 0
373.4 msec : 0
373.5 msec : 0
373.6 msec : 0
373.7 msec : 0
373.8 msec : 0
373.9 msec : 0
374.0 msec : 0
374.1 msec : 0
374.2 msec : 0
374.3 msec : 0
374.4 msec : 0
374.5 msec : 0
374.6 msec : 0
374.7 msec : 0
374.8 msec : 0
374.9 msec : 0
375.0 msec : 0
375.1 msec : 0
375.2 msec : 0
375.3 msec : 0
375.4 msec : 0
375.5 msec : 0
375.6 msec : 0
375.7 msec : 1
375.8 msec : 5
375.9 msec : 1
376.0 msec : 0
376.1 msec : 0
376.2 msec : 0
376.3 msec : 0
376.4 msec : 0
376.5 msec : 0
376.6 msec : 2
376.7 msec : 2
376.8 msec : 2
376.9 msec : 3
377.0 msec : 0
377.1 msec : 0
377.2 msec : 0
377.3 msec : 0
377.4 msec : 0
377.5 msec : 0
377.6 msec : 0
377.7 msec : 0
377.8 msec : 0
377.9 msec : 0
378.0 msec : 0
378.1 msec : 0
378.2 msec : 0
378.3 msec : 0
378.4 msec : 0
378.5 msec : 0
378.6 msec : 0
378.7 msec : 0
378.8 msec : 0
378.9 msec : 0
379.0 msec : 0
379.1 msec : 0
379.2 msec : 0
379.3 msec : 0
379.4 msec : 0
379.5 msec : 0
379.6 msec : 0
379.7 msec : 0
379.8 msec : 0
379.9 msec : 2
380.0 msec : 0
380.1 msec : 0
380.2 msec : 1
380.3 msec : 0
380.4 msec : 0
380.5 msec : 0
380.6 msec : 0
380.7 msec : 0
380.8 msec : 0
380.9 msec : 0
381.0 msec : 0
381.1 msec : 0
381.2 msec : 0
381.3 msec : 0
381.4 msec : 0
381.5 msec : 0
381.6 msec : 0
381.7 msec : 0
381.8 msec : 0
381.9 msec : 0
382.0 msec : 0
382.1 msec : 0
382.2 msec : 0
382.3 msec : 1
382.4 msec : 0
382.5 msec : 2
382.6 msec : 1
382.7 msec : 1
382.8 msec : 4
382.9 msec : 11
383.0 msec : 3
383.1 msec : 1
383.2 msec : 5
383.3 msec : 7
383.4 msec : 8
383.5 msec : 9
383.6 msec : 7
383.7 msec : 4
383.8 msec : 5
383.9 msec : 4
384.0 msec : 5
384.1 msec : 5
384.2 msec : 4
384.3 msec : 3
384.4 msec : 7
384.5 msec : 2
384.6 msec : 1
384.7 msec : 2
384.8 msec : 1
384.9 msec : 3
385.0 msec : 0
385.1 msec : 0
385.2 msec : 0
385.3 msec : 0
385.4 msec : 0
385.5 msec : 0
385.6 msec : 0
385.7 msec : 0
385.8 msec : 0
385.9 msec : 0
386.0 msec : 0
386.1 msec : 0
386.2 msec : 0
386.3 msec : 0
386.4 msec : 0
386.5 msec : 0
386.6 msec : 0
386.7 msec : 0
386.8 msec : 0
386.9 msec : 0
387.0 msec : 0
387.1 msec : 0
387.2 msec : 0
387.3 msec : 0
387.4 msec : 0
387.5 msec : 0
387.6 msec : 0
387.7 msec : 0
387.8 msec : 0
387.9 msec : 0
388.0 msec : 0
388.1 msec : 0
388.2 msec : 0
388.3 msec : 0
388.4 msec : 0
388.5 msec : 0
388.6 msec : 0
388.7 msec : 0
388.8 msec : 0
388.9 msec : 0
389.0 msec : 0
389.1 msec : 0
389.2 msec : 0
389.3 msec : 0
389.4 msec : 0
389.5 msec : 1
389.6 msec : 0
389.7 msec : 0
389.8 msec : 1
389.9 msec : 1
390.0 msec : 1
390.1 msec : 0
390.2 msec : 0
390.3 msec : 0
390.4 msec : 0
390.5 msec : 0
390.6 msec : 1
390.7 msec : 0
390.8 msec : 0
390.9 msec : 0
391.0 msec : 1
391.1 msec : 0
391.2 msec : 0
391.3 msec : 0
391.4 msec : 0
391.5 msec : 0
391.6 msec : 0
391.7 msec : 0
391.8 msec : 0
391.9 msec : 0
392.0 msec : 0
392.1 msec : 0
392.2 msec : 0
392.3 msec : 0
392.4 msec : 0
392.5 msec : 0
392.6 msec : 0
392.7 msec : 0
392.8 msec : 0
392.9 msec : 0
393.0 msec : 0
393.1 msec : 0
393.2 msec : 0
393.3 msec : 0
393.4 msec : 0
393.5 msec : 0
393.6 msec : 0
393.7 msec : 0
393.8 msec : 0
393.9 msec : 0
394.0 msec : 0
394.1 msec : 0
394.2 msec : 0
394.3 msec : 0
394.4 msec : 0
394.5 msec : 0
394.6 msec : 0
394.7 msec : 0
394.8 msec : 0
394.9 msec : 0
395.0 msec : 0
395.1 msec : 0
395.2 msec : 0
395.3 msec : 0
395.4 msec : 0
395.5 msec : 0
395.6 msec : 0
395.7 msec : 0
395.8 msec : 0
395.9 msec : 0
396.0 msec : 0
396.1 msec : 0
396.2 msec : 0
396.3 msec : 2
396.4 msec : 1
396.5 msec : 7
396.6 msec : 10
396.7 msec : 7
396.8 msec : 7
396.9 msec : 2
397.0 msec : 2
397.1 msec : 5
397.2 msec : 1
397.3 msec : 4
397.4 msec : 0
397.5 msec : 1
397.6 msec : 2
397.7 msec : 1
397.8 msec : 1
397.9 msec : 2
398.0 msec : 7
398.1 msec : 5
398.2 msec : 5
398.3 msec : 4
398.4 msec : 6
398.5 msec : 4
398.6 msec : 3
398.7 msec : 0
398.8 msec : 0
398.9 msec : 1
399.0 msec : 0
399.1 msec : 0
399.2 msec : 4
399.3 msec : 2
399.4 msec : 0
399.5 msec : 1
399.6 msec : 1
399.7 msec : 2
399.8 msec : 4
399.9 msec : 5
400.0 msec : 2
400.1 msec : 0
400.2 msec : 0
400.3 msec : 4
400.4 msec : 5
400.5 msec : 2
400.6 msec : 2
400.7 msec : 1
400.8 msec : 1
400.9 msec : 0
401.0 msec : 1
401.1 msec : 0
401.2 msec : 0
401.3 msec : 1
401.4 msec : 0
401.5 msec : 0
401.6 msec : 1
401.7 msec : 1
401.8 msec : 1
401.9 msec : 0
402.0 msec : 0
402.1 msec : 1
402.2 msec : 0
402.3 msec : 0
402.4 msec : 0
402.5 msec : 0
402.6 msec : 0
402.7 msec : 1
402.8 msec : 0
402.9 msec : 0
403.0 msec : 0
403.1 msec : 0
403.2 msec : 0
403.3 msec : 0
403.4 msec : 0
403.5 msec : 0
403.6 msec : 0
403.7 msec : 0
403.8 msec : 0
403.9 msec : 0
404.0 msec : 0
404.1 msec : 0
404.2 msec : 0
404.3 msec : 0
404.4 msec : 0
404.5 msec : 0
404.6 msec : 0
404.7 msec : 0
404.8 msec : 0
404.9 msec : 0
405.0 msec : 0
405.1 msec : 0
405.2 msec : 0
405.3 msec : 0
405.4 msec : 0
405.5 msec : 0
405.6 msec : 0
405.7 msec : 0
405.8 msec : 0
405.9 msec : 0
406.0 msec : 0
406.1 msec : 0
406.2 msec : 0
406.3 msec : 0
406.4 msec : 0
406.5 msec : 0
406.6 msec : 0
406.7 msec : 0
406.8 msec : 0
406.9 msec : 0
407.0 msec : 0
407.1 msec : 0
407.2 msec : 0
407.3 msec : 0
407.4 msec : 0
407.5 msec : 0
407.6 msec : 0
407.7 msec : 0
407.8 msec : 0
407.9 msec : 0
408.0 msec : 0
408.1 msec : 0
408.2 msec : 1
408.3 msec : 0
408.4 msec : 0
408.5 msec : 0
408.6 msec : 0
408.7 msec : 0
408.8 msec : 0
408.9 msec : 0
409.0 msec : 0
409.1 msec : 0
409.2 msec : 0
409.3 msec : 2
409.4 msec : 0
409.5 msec : 0
409.6 msec : 0
409.7 msec : 0
409.8 msec : 0
409.9 msec : 0
410.0 msec : 0
410.1 msec : 0
410.2 msec : 0
410.3 msec : 0
410.4 msec : 0
410.5 msec : 0
410.6 msec : 0
410.7 msec : 0
410.8 msec : 0
410.9 msec : 0
411.0 msec : 0
411.1 msec : 0
411.2 msec : 0
411.3 msec : 0
411.4 msec : 0
411.5 msec : 0
411.6 msec : 0
411.7 msec : 0
411.8 msec : 0
411.9 msec : 0
412.0 msec : 0
412.1 msec : 0
412.2 msec : 0
412.3 msec : 0
412.4 msec : 0
412.5 msec : 0
412.6 msec : 0
412.7 msec : 0
412.8 msec : 0
412.9 msec : 0
413.0 msec : 0
413.1 msec : 0
413.2 msec : 0
413.3 msec : 0
413.4 msec : 0
413.5 msec : 0
413.6 msec : 0
413.7 msec : 0
413.8 msec : 0
413.9 msec : 0
414.0 msec : 0
414.1 msec : 0
414.2 msec : 0
414.3 msec : 0
414.4 msec : 0
414.5 msec : 0
414.6 msec : 0
414.7 msec : 0
414.8 msec : 0
414.9 msec : 0
415.0 msec : 0
415.1 msec : 0
415.2 msec : 0
415.3 msec : 0
415.4 msec : 0
415.5 msec : 0
415.6 msec : 0
415.7 msec : 0
415.8 msec : 0
415.9 msec : 0
416.0 msec : 0
416.1 msec : 0
416.2 msec : 0
416.3 msec : 0
416.4 msec : 0
416.5 msec : 0
416.6 msec : 0
416.7 msec : 0
416.8 msec : 0
416.9 msec : 0
417.0 msec : 0
417.1 msec : 0
417.2 msec : 0
417.3 msec : 0
417.4 msec : 0
417.5 msec : 0
417.6 msec : 0
417.7 msec : 0
417.8 msec : 0
417.9 msec : 0
418.0 msec : 0
418.1 msec : 0
418.2 msec : 0
418.3 msec : 0
418.4 msec : 0
418.5 msec : 0
418.6 msec : 0
418.7 msec : 0
418.8 msec : 0
418.9 msec : 0
419.0 msec : 0
419.1 msec : 0
419.2 msec : 0
419.3 msec : 0
419.4 msec : 0
419.5 msec : 0
419.6 msec : 0
419.7 msec : 0
419.8 msec : 0
419.9 msec : 0
420.0 msec : 0
420.1 msec : 0
420.2 msec : 0
420.3 msec : 0
420.4 msec : 0
420.5 msec : 0
420.6 msec : 0
420.7 msec : 0
420.8 msec : 0
420.9 msec : 0
421.0 msec : 0
421.1 msec : 0
421.2 msec : 0
421.3 msec : 0
421.4 msec : 0
421.5 msec : 0
421.6 msec : 0
421.7 msec : 0
421.8 msec : 0
421.9 msec : 0
422.0 msec : 0
422.1 msec : 0
422.2 msec : 0
422.3 msec : 0
422.4 msec : 0
422.5 msec : 0
422.6 msec : 0
422.7 msec : 0
422.8 msec : 0
422.9 msec : 0
423.0 msec : 0
423.1 msec : 0
423.2 msec : 0
423.3 msec : 0
423.4 msec : 0
423.5 msec : 0
423.6 msec : 0
423.7 msec : 0
423.8 msec : 0
423.9 msec : 0
424.0 msec : 0
424.1 msec : 0
424.2 msec : 0
424.3 msec : 0
424.4 msec : 0
424.5 msec : 0
424.6 msec : 0
424.7 msec : 0
424.8 msec : 0
424.9 msec : 0
425.0 msec : 0
425.1 msec : 0
425.2 msec : 0
425.3 msec : 0
425.4 msec : 0
425.5 msec : 0
425.6 msec : 0
425.7 msec : 0
425.8 msec : 0
425.9 msec : 0
426.0 msec : 0
426.1 msec : 0
426.2 msec : 0
426.3 msec : 0
426.4 msec : 0
426.5 msec : 0
426.6 msec : 0
426.7 msec : 0
426.8 msec : 0
426.9 msec : 0
427.0 msec : 0
427.1 msec : 0
427.2 msec : 0
427.3 msec : 0
427.4 msec : 0
427.5 msec : 0
427.6 msec : 0
427.7 msec : 0
427.8 msec : 0
427.9 msec : 0
428.0 msec : 0
428.1 msec : 0
428.2 msec : 0
428.3 msec : 0
428.4 msec : 0
428.5 msec : 0
428.6 msec : 0
428.7 msec : 0
428.8 msec : 0
428.9 msec : 0
429.0 msec : 0
429.1 msec : 0
429.2 msec : 0
429.3 msec : 0
429.4 msec : 0
429.5 msec : 0
429.6 msec : 0
429.7 msec : 0
429.8 msec : 0
429.9 msec : 0
430.0 msec : 0
430.1 msec : 0
430.2 msec : 0
430.3 msec : 0
430.4 msec : 0
430.5 msec : 0
430.6 msec : 0
430.7 msec : 0
430.8 msec : 0
430.9 msec : 0
431.0 msec : 0
431.1 msec : 0
431.2 msec : 0
431.3 msec : 0
431.4 msec : 0
431.5 msec : 0
431.6 msec : 0
431.7 msec : 0
431.8 msec : 0
431.9 msec : 0
432.0 msec : 0
432.1 msec : 0
432.2 msec : 0
432.3 msec : 0
432.4 msec : 0
432.5 msec : 0
432.6 msec : 0
432.7 msec : 0
432.8 msec : 0
432.9 msec : 1
433.0 msec : 1
433.1 msec : 0
433.2 msec : 0
433.3 msec : 0
433.4 msec : 0
433.5 msec : 0
433.6 msec : 0
433.7 msec : 0
433.8 msec : 0
433.9 msec : 0
434.0 msec : 0
434.1 msec : 0
434.2 msec : 0
434.3 msec : 0
434.4 msec : 0
434.5 msec : 2
434.6 msec : 0
434.7 msec : 0
434.8 msec : 0
434.9 msec : 0
435.0 msec : 0
435.1 msec : 0
435.2 msec : 0
435.3 msec : 0
435.4 msec : 0
435.5 msec : 0
435.6 msec : 0
435.7 msec : 0
435.8 msec : 0
435.9 msec : 0
436.0 msec : 0
436.1 msec : 0
436.2 msec : 0
436.3 msec : 0
436.4 msec : 0
436.5 msec : 0
436.6 msec : 0
436.7 msec : 0
436.8 msec : 0
436.9 msec : 0
437.0 msec : 0
437.1 msec : 0
437.2 msec : 0
437.3 msec : 0
437.4 msec : 0
437.5 msec : 0
437.6 msec : 0
437.7 msec : 1
437.8 msec : 0
437.9 msec : 0
438.0 msec : 2
438.1 msec : 1
438.2 msec : 0
438.3 msec : 0
438.4 msec : 1
438.5 msec : 0
438.6 msec : 2
438.7 msec : 0
438.8 msec : 0
438.9 msec : 0
439.0 msec : 0
439.1 msec : 0
439.2 msec : 1
439.3 msec : 0
439.4 msec : 0
439.5 msec : 0
439.6 msec : 1
439.7 msec : 0
439.8 msec : 0
439.9 msec : 0
440.0 msec : 1
440.1 msec : 0
440.2 msec : 7
440.3 msec : 1
440.4 msec : 4
440.5 msec : 4
440.6 msec : 6
440.7 msec : 13
440.8 msec : 6
440.9 msec : 2
441.0 msec : 9
441.1 msec : 7
441.2 msec : 4
441.3 msec : 0
441.4 msec : 0
441.5 msec : 0
441.6 msec : 0
441.7 msec : 0
441.8 msec : 0
441.9 msec : 0
442.0 msec : 0
442.1 msec : 0
442.2 msec : 0
442.3 msec : 0
442.4 msec : 0
442.5 msec : 0
442.6 msec : 0
442.7 msec : 0
442.8 msec : 0
442.9 msec : 0
443.0 msec : 0
443.1 msec : 0
443.2 msec : 0
443.3 msec : 0
443.4 msec : 0
443.5 msec : 0
443.6 msec : 0
443.7 msec : 0
443.8 msec : 0
443.9 msec : 0
444.0 msec : 0
444.1 msec : 0
444.2 msec : 0
444.3 msec : 0
444.4 msec : 0
444.5 msec : 0
444.6 msec : 0
444.7 msec : 0
444.8 msec : 1
444.9 msec : 0
445.0 msec : 0
445.1 msec : 0
445.2 msec : 7
445.3 msec : 2
445.4 msec : 4
445.5 msec : 1
445.6 msec : 1
445.7 msec : 0
445.8 msec : 3
445.9 msec : 3
446.0 msec : 1
446.1 msec : 0
446.2 msec : 1
446.3 msec : 0
446.4 msec : 0
446.5 msec : 0
446.6 msec : 0
446.7 msec : 0
446.8 msec : 0
446.9 msec : 0
447.0 msec : 0
447.1 msec : 0
447.2 msec : 0
447.3 msec : 1
447.4 msec : 0
447.5 msec : 2
447.6 msec : 5
447.7 msec : 3
447.8 msec : 1
447.9 msec : 1
448.0 msec : 2
448.1 msec : 6
448.2 msec : 6
448.3 msec : 7
448.4 msec : 1
448.5 msec : 1
448.6 msec : 0
448.7 msec : 3
448.8 msec : 1
448.9 msec : 0
449.0 msec : 6
449.1 msec : 5
449.2 msec : 4
449.3 msec : 2
449.4 msec : 0
449.5 msec : 1
449.6 msec : 7
449.7 msec : 2
449.8 msec : 2
449.9 msec : 1
450.0 msec : 2
450.1 msec : 1
450.2 msec : 0
450.3 msec : 1
450.4 msec : 0
450.5 msec : 1
450.6 msec : 0
450.7 msec : 0
450.8 msec : 0
450.9 msec : 0
451.0 msec : 0
451.1 msec : 0
451.2 msec : 0
451.3 msec : 0
451.4 msec : 0
451.5 msec : 0
451.6 msec : 0
451.7 msec : 0
451.8 msec : 0
451.9 msec : 0
452.0 msec : 0
452.1 msec : 0
452.2 msec : 0
452.3 msec : 0
452.4 msec : 0
452.5 msec : 0
452.6 msec : 0
452.7 msec : 0
452.8 msec : 0
452.9 msec : 0
453.0 msec : 0
453.1 msec : 0
453.2 msec : 0
453.3 msec : 0
453.4 msec : 0
453.5 msec : 0
453.6 msec : 0
453.7 msec : 0
453.8 msec : 0
453.9 msec : 0
454.0 msec : 0
454.1 msec : 0
454.2 msec : 0
454.3 msec : 0
454.4 msec : 0
454.5 msec : 0
454.6 msec : 0
454.7 msec : 0
454.8 msec : 0
454.9 msec : 0
455.0 msec : 0
455.1 msec : 0
455.2 msec : 0
455.3 msec : 0
455.4 msec : 0
455.5 msec : 0
455.6 msec : 0
455.7 msec : 0
455.8 msec : 0
455.9 msec : 0
456.0 msec : 0
456.1 msec : 0
456.2 msec : 0
456.3 msec : 0
456.4 msec : 0
456.5 msec : 0
456.6 msec : 0
456.7 msec : 0
456.8 msec : 0
456.9 msec : 0
457.0 msec : 0
457.1 msec : 0
457.2 msec : 0
457.3 msec : 0
457.4 msec : 0
457.5 msec : 0
457.6 msec : 0
457.7 msec : 0
457.8 msec : 0
457.9 msec : 0
458.0 msec : 0
458.1 msec : 0
458.2 msec : 0
458.3 msec : 0
458.4 msec : 0
458.5 msec : 0
458.6 msec : 0
458.7 msec : 0
458.8 msec : 0
458.9 msec : 0
459.0 msec : 0
459.1 msec : 0
459.2 msec : 0
459.3 msec : 0
459.4 msec : 0
459.5 msec : 0
459.6 msec : 0
459.7 msec : 0
459.8 msec : 0
459.9 msec : 0
460.0 msec : 0
460.1 msec : 0
460.2 msec : 0
460.3 msec : 0
460.4 msec : 0
460.5 msec : 0
460.6 msec : 0
460.7 msec : 0
460.8 msec : 0
460.9 msec : 0
461.0 msec : 0
461.1 msec : 0
461.2 msec : 0
461.3 msec : 0
461.4 msec : 0
461.5 msec : 0
461.6 msec : 0
461.7 msec : 0
461.8 msec : 0
461.9 msec : 0
462.0 msec : 0
462.1 msec : 0
462.2 msec : 0
462.3 msec : 0
462.4 msec : 0
462.5 msec : 0
462.6 msec : 0
462.7 msec : 0
462.8 msec : 0
462.9 msec : 0
463.0 msec : 0
463.1 msec : 0
463.2 msec : 0
463.3 msec : 0
463.4 msec : 0
463.5 msec : 0
463.6 msec : 0
463.7 msec : 0
463.8 msec : 0
463.9 msec : 0
464.0 msec : 0
464.1 msec : 0
464.2 msec : 0
464.3 msec : 0
464.4 msec : 0
464.5 msec : 0
464.6 msec : 0
464.7 msec : 0
464.8 msec : 0
464.9 msec : 0
465.0 msec : 0
465.1 msec : 0
465.2 msec : 0
465.3 msec : 0
465.4 msec : 0
465.5 msec : 0
465.6 msec : 0
465.7 msec : 0
465.8 msec : 0
465.9 msec : 0
466.0 msec : 0
466.1 msec : 0
466.2 msec : 0
466.3 msec : 0
466.4 msec : 0
466.5 msec : 0
466.6 msec : 0
466.7 msec : 0
466.8 msec : 0
466.9 msec : 0
467.0 msec : 0
467.1 msec : 0
467.2 msec : 0
467.3 msec : 0
467.4 msec : 0
467.5 msec : 0
467.6 msec : 0
467.7 msec : 0
467.8 msec : 0
467.9 msec : 0
468.0 msec : 0
468.1 msec : 0
468.2 msec : 0
468.3 msec : 0
468.4 msec : 0
468.5 msec : 0
468.6 msec : 0
468.7 msec : 0
468.8 msec : 0
468.9 msec : 0
469.0 msec : 0
469.1 msec : 0
469.2 msec : 0
469.3 msec : 0
469.4 msec : 0
469.5 msec : 0
469.6 msec : 0
469.7 msec : 0
469.8 msec : 0
469.9 msec : 2
470.0 msec : 0
470.1 msec : 0
470.2 msec : 0
470.3 msec : 0
470.4 msec : 0
470.5 msec : 0
470.6 msec : 0
470.7 msec : 0
470.8 msec : 0
470.9 msec : 0
471.0 msec : 0
471.1 msec : 0
471.2 msec : 0
471.3 msec : 0
471.4 msec : 0
471.5 msec : 0
471.6 msec : 0
471.7 msec : 0
471.8 msec : 0
471.9 msec : 0
472.0 msec : 0
472.1 msec : 0
472.2 msec : 0
472.3 msec : 0
472.4 msec : 0
472.5 msec : 0
472.6 msec : 0
472.7 msec : 0
472.8 msec : 0
472.9 msec : 0
473.0 msec : 0
473.1 msec : 0
473.2 msec : 0
473.3 msec : 0
473.4 msec : 0
473.5 msec : 0
473.6 msec : 0
473.7 msec : 0
473.8 msec : 0
473.9 msec : 0
474.0 msec : 0
474.1 msec : 0
474.2 msec : 0
474.3 msec : 0
474.4 msec : 0
474.5 msec : 0
474.6 msec : 0
474.7 msec : 0
474.8 msec : 0
474.9 msec : 0
475.0 msec : 0
475.1 msec : 0
475.2 msec : 0
475.3 msec : 0
475.4 msec : 0
475.5 msec : 0
475.6 msec : 0
475.7 msec : 0
475.8 msec : 0
475.9 msec : 0
476.0 msec : 0
476.1 msec : 0
476.2 msec : 0
476.3 msec : 0
476.4 msec : 0
476.5 msec : 0
476.6 msec : 0
476.7 msec : 0
476.8 msec : 0
476.9 msec : 0
477.0 msec : 0
477.1 msec : 0
477.2 msec : 0
477.3 msec : 0
477.4 msec : 0
477.5 msec : 0
477.6 msec : 0
477.7 msec : 0
477.8 msec : 0
477.9 msec : 0
478.0 msec : 0
478.1 msec : 0
478.2 msec : 0
478.3 msec : 0
478.4 msec : 0
478.5 msec : 0
478.6 msec : 0
478.7 msec : 0
478.8 msec : 0
478.9 msec : 0
479.0 msec : 0
479.1 msec : 0
479.2 msec : 0
479.3 msec : 0
479.4 msec : 0
479.5 msec : 0
479.6 msec : 0
479.7 msec : 0
479.8 msec : 0
479.9 msec : 0
480.0 msec : 0
480.1 msec : 0
480.2 msec : 0
480.3 msec : 0
480.4 msec : 0
480.5 msec : 0
480.6 msec : 0
480.7 msec : 0
480.8 msec : 0
480.9 msec : 0
481.0 msec : 0
481.1 msec : 0
481.2 msec : 0
481.3 msec : 0
481.4 msec : 0
481.5 msec : 0
481.6 msec : 0
481.7 msec : 0
481.8 msec : 0
481.9 msec : 0
482.0 msec : 0
482.1 msec : 0
482.2 msec : 0
482.3 msec : 0
482.4 msec : 0
482.5 msec : 0
482.6 msec : 0
482.7 msec : 0
482.8 msec : 0
482.9 msec : 0
483.0 msec : 0
483.1 msec : 0
483.2 msec : 0
483.3 msec : 0
483.4 msec : 0
483.5 msec : 0
483.6 msec : 0
483.7 msec : 0
483.8 msec : 0
483.9 msec : 0
484.0 msec : 0
484.1 msec : 0
484.2 msec : 0
484.3 msec : 0
484.4 msec : 0
484.5 msec : 0
484.6 msec : 0
484.7 msec : 0
484.8 msec : 0
484.9 msec : 0
485.0 msec : 0
485.1 msec : 0
485.2 msec : 0
485.3 msec : 0
485.4 msec : 0
485.5 msec : 0
485.6 msec : 0
485.7 msec : 0
485.8 msec : 0
485.9 msec : 0
486.0 msec : 0
486.1 msec : 0
486.2 msec : 0
486.3 msec : 0
486.4 msec : 0
486.5 msec : 0
486.6 msec : 0
486.7 msec : 0
486.8 msec : 0
486.9 msec : 0
487.0 msec : 0
487.1 msec : 0
487.2 msec : 0
487.3 msec : 0
487.4 msec : 0
487.5 msec : 0
487.6 msec : 0
487.7 msec : 0
487.8 msec : 0
487.9 msec : 0
488.0 msec : 0
488.1 msec : 0
488.2 msec : 0
488.3 msec : 0
488.4 msec : 0
488.5 msec : 0
488.6 msec : 0
488.7 msec : 0
488.8 msec : 0
488.9 msec : 0
489.0 msec : 0
489.1 msec : 0
489.2 msec : 0
489.3 msec : 0
489.4 msec : 0
489.5 msec : 0
489.6 msec : 0
489.7 msec : 0
489.8 msec : 0
489.9 msec : 0
490.0 msec : 0
490.1 msec : 0
490.2 msec : 0
490.3 msec : 0
490.4 msec : 1
490.5 msec : 0
490.6 msec : 1
490.7 msec : 1
490.8 msec : 2
490.9 msec : 2
491.0 msec : 5
491.1 msec : 8
491.2 msec : 2
491.3 msec : 5
491.4 msec : 3
491.5 msec : 2
491.6 msec : 2
491.7 msec : 0
491.8 msec : 1
491.9 msec : 3
492.0 msec : 0
492.1 msec : 3
492.2 msec : 7
492.3 msec : 0
492.4 msec : 4
492.5 msec : 3
492.6 msec : 3
492.7 msec : 2
492.8 msec : 0
492.9 msec : 1
493.0 msec : 1
493.1 msec : 1
493.2 msec : 2
493.3 msec : 0
493.4 msec : 1
493.5 msec : 1
493.6 msec : 2
493.7 msec : 0
493.8 msec : 0
493.9 msec : 0
494.0 msec : 0
494.1 msec : 0
494.2 msec : 0
494.3 msec : 0
494.4 msec : 0
494.5 msec : 0
494.6 msec : 0
494.7 msec : 0
494.8 msec : 0
494.9 msec : 0
495.0 msec : 0
495.1 msec : 0
495.2 msec : 1
495.3 msec : 3
495.4 msec : 3
495.5 msec : 2
495.6 msec : 0
495.7 msec : 0
495.8 msec : 1
495.9 msec : 2
496.0 msec : 2
496.1 msec : 0
496.2 msec : 0
496.3 msec : 0
496.4 msec : 4
496.5 msec : 4
496.6 msec : 0
496.7 msec : 2
496.8 msec : 0
496.9 msec : 1
497.0 msec : 0
497.1 msec : 0
497.2 msec : 5
497.3 msec : 1
497.4 msec : 0
497.5 msec : 2
497.6 msec : 4
497.7 msec : 7
497.8 msec : 5
497.9 msec : 1
498.0 msec : 4
