Middleware started...
Middleware shuts down...
Smaller resolution statistics are in a log file...
Final aggregates per worker:


Worker 7
Average throughput (ops/sec) = 611
Average response time (msec) = 38.335740426229506
Average queue length = 177
Average wait time in queue (msec) = 36.69839667213115
Average service time (msec) = 1.578874606557377
Number of SET = 0
Number of GET = 611
Number of MULTI GET = 0


Worker 6
Average throughput (ops/sec) = 612
Average response time (msec) = 38.33952431147541
Average queue length = 177
Average wait time in queue (msec) = 36.702058163934424
Average service time (msec) = 1.5768619508196722
Number of SET = 0
Number of GET = 612
Number of MULTI GET = 0


Worker 8
Average throughput (ops/sec) = 610
Average response time (msec) = 38.31212152459016
Average queue length = 176
Average wait time in queue (msec) = 36.66871467213115
Average service time (msec) = 1.5871146393442621
Number of SET = 0
Number of GET = 610
Number of MULTI GET = 0


Worker 3
Average throughput (ops/sec) = 614
Average response time (msec) = 38.135207278688526
Average queue length = 176
Average wait time in queue (msec) = 36.495300737704916
Average service time (msec) = 1.570273
Number of SET = 0
Number of GET = 614
Number of MULTI GET = 0


Worker 2
Average throughput (ops/sec) = 611
Average response time (msec) = 38.33624
Average queue length = 176
Average wait time in queue (msec) = 36.69664032786885
Average service time (msec) = 1.5860822295081967
Number of SET = 0
Number of GET = 611
Number of MULTI GET = 0


Worker 5
Average throughput (ops/sec) = 610
Average response time (msec) = 38.23956560655738
Average queue length = 177
Average wait time in queue (msec) = 36.58087159016393
Average service time (msec) = 1.5828645901639344
Number of SET = 0
Number of GET = 610
Number of MULTI GET = 0


Worker 4
Average throughput (ops/sec) = 613
Average response time (msec) = 38.34416086885246
Average queue length = 177
Average wait time in queue (msec) = 36.71336468852459
Average service time (msec) = 1.573521786885246
Number of SET = 0
Number of GET = 613
Number of MULTI GET = 0


Worker 1
Average throughput (ops/sec) = 610
Average response time (msec) = 38.224346918032786
Average queue length = 177
Average wait time in queue (msec) = 36.57722052459017
Average service time (msec) = 1.5862434918032786
Number of SET = 0
Number of GET = 610
Number of MULTI GET = 0


FINAL STATS
Average throughput (ops/sec) = 4891
Average response time (msec) = 37.70583386590996
Average queue length = 176
Average wait time in queue (msec) = 36.64157092213115
Average service time (msec) = 1.580229536885246
Number of SET = 0
Number of GET = 611
Number of MULTI GET = 0
Number of Cache misses = 566


Histogram response times (0.1 msec step)
0.0 msec : 1
0.1 msec : 0
0.2 msec : 2
0.3 msec : 0
0.4 msec : 0
0.5 msec : 0
0.6 msec : 0
0.7 msec : 0
0.8 msec : 0
0.9 msec : 1
1.0 msec : 0
1.1 msec : 0
1.2 msec : 1
1.3 msec : 0
1.4 msec : 0
1.5 msec : 3
1.6 msec : 0
1.7 msec : 2
1.8 msec : 0
1.9 msec : 2
2.0 msec : 1
2.1 msec : 2
2.2 msec : 0
2.3 msec : 2
2.4 msec : 1
2.5 msec : 0
2.6 msec : 1
2.7 msec : 1
2.8 msec : 1
2.9 msec : 1
3.0 msec : 1
3.1 msec : 1
3.2 msec : 0
3.3 msec : 2
3.4 msec : 2
3.5 msec : 2
3.6 msec : 3
3.7 msec : 2
3.8 msec : 4
3.9 msec : 3
4.0 msec : 2
4.1 msec : 3
4.2 msec : 4
4.3 msec : 4
4.4 msec : 2
4.5 msec : 3
4.6 msec : 5
4.7 msec : 9
4.8 msec : 7
4.9 msec : 1
5.0 msec : 8
5.1 msec : 4
5.2 msec : 7
5.3 msec : 10
5.4 msec : 7
5.5 msec : 4
5.6 msec : 7
5.7 msec : 9
5.8 msec : 15
5.9 msec : 6
6.0 msec : 4
6.1 msec : 15
6.2 msec : 11
6.3 msec : 12
6.4 msec : 11
6.5 msec : 5
6.6 msec : 3
6.7 msec : 9
6.8 msec : 2
6.9 msec : 6
7.0 msec : 3
7.1 msec : 1
7.2 msec : 3
7.3 msec : 1
7.4 msec : 4
7.5 msec : 2
7.6 msec : 1
7.7 msec : 2
7.8 msec : 3
7.9 msec : 2
8.0 msec : 6
8.1 msec : 2
8.2 msec : 2
8.3 msec : 0
8.4 msec : 1
8.5 msec : 2
8.6 msec : 1
8.7 msec : 1
8.8 msec : 0
8.9 msec : 0
9.0 msec : 1
9.1 msec : 0
9.2 msec : 0
9.3 msec : 0
9.4 msec : 0
9.5 msec : 1
9.6 msec : 0
9.7 msec : 0
9.8 msec : 0
9.9 msec : 0
10.0 msec : 1
10.1 msec : 0
10.2 msec : 0
10.3 msec : 2
10.4 msec : 1
10.5 msec : 1
10.6 msec : 2
10.7 msec : 0
10.8 msec : 3
10.9 msec : 0
11.0 msec : 0
11.1 msec : 4
11.2 msec : 0
11.3 msec : 0
11.4 msec : 2
11.5 msec : 1
11.6 msec : 2
11.7 msec : 3
11.8 msec : 1
11.9 msec : 1
12.0 msec : 0
12.1 msec : 0
12.2 msec : 0
12.3 msec : 0
12.4 msec : 0
12.5 msec : 0
12.6 msec : 1
12.7 msec : 0
12.8 msec : 7
12.9 msec : 3
13.0 msec : 1
13.1 msec : 4
13.2 msec : 1
13.3 msec : 2
13.4 msec : 6
13.5 msec : 5
13.6 msec : 3
13.7 msec : 5
13.8 msec : 2
13.9 msec : 3
14.0 msec : 1
14.1 msec : 4
14.2 msec : 1
14.3 msec : 0
14.4 msec : 8
14.5 msec : 7
14.6 msec : 8
14.7 msec : 10
14.8 msec : 6
14.9 msec : 10
15.0 msec : 12
15.1 msec : 10
15.2 msec : 12
15.3 msec : 4
15.4 msec : 16
15.5 msec : 12
15.6 msec : 7
15.7 msec : 12
15.8 msec : 14
15.9 msec : 6
16.0 msec : 3
16.1 msec : 8
16.2 msec : 8
16.3 msec : 10
16.4 msec : 7
16.5 msec : 11
16.6 msec : 15
16.7 msec : 16
16.8 msec : 11
16.9 msec : 3
17.0 msec : 5
17.1 msec : 3
17.2 msec : 13
17.3 msec : 4
17.4 msec : 5
17.5 msec : 9
17.6 msec : 6
17.7 msec : 3
17.8 msec : 5
17.9 msec : 5
18.0 msec : 5
18.1 msec : 6
18.2 msec : 4
18.3 msec : 3
18.4 msec : 12
18.5 msec : 4
18.6 msec : 4
18.7 msec : 4
18.8 msec : 6
18.9 msec : 6
19.0 msec : 2
19.1 msec : 7
19.2 msec : 8
19.3 msec : 6
19.4 msec : 7
19.5 msec : 2
19.6 msec : 7
19.7 msec : 10
19.8 msec : 9
19.9 msec : 10
20.0 msec : 5
20.1 msec : 9
20.2 msec : 11
20.3 msec : 8
20.4 msec : 5
20.5 msec : 5
20.6 msec : 5
20.7 msec : 6
20.8 msec : 11
20.9 msec : 11
21.0 msec : 14
21.1 msec : 5
21.2 msec : 5
21.3 msec : 10
21.4 msec : 25
21.5 msec : 25
21.6 msec : 19
21.7 msec : 23
21.8 msec : 17
21.9 msec : 27
22.0 msec : 24
22.1 msec : 39
22.2 msec : 21
22.3 msec : 30
22.4 msec : 33
22.5 msec : 47
22.6 msec : 45
22.7 msec : 55
22.8 msec : 69
22.9 msec : 85
23.0 msec : 83
23.1 msec : 94
23.2 msec : 121
23.3 msec : 113
23.4 msec : 127
23.5 msec : 162
23.6 msec : 215
23.7 msec : 237
23.8 msec : 249
23.9 msec : 309
24.0 msec : 274
24.1 msec : 342
24.2 msec : 387
24.3 msec : 434
24.4 msec : 516
24.5 msec : 571
24.6 msec : 585
24.7 msec : 636
24.8 msec : 681
24.9 msec : 789
25.0 msec : 840
25.1 msec : 902
25.2 msec : 966
25.3 msec : 981
25.4 msec : 1116
25.5 msec : 1196
25.6 msec : 1266
25.7 msec : 1359
25.8 msec : 1440
25.9 msec : 1499
26.0 msec : 1656
26.1 msec : 1761
26.2 msec : 1775
26.3 msec : 1904
26.4 msec : 2044
26.5 msec : 2066
26.6 msec : 2153
26.7 msec : 2233
26.8 msec : 2301
26.9 msec : 2429
27.0 msec : 2511
27.1 msec : 2497
27.2 msec : 2570
27.3 msec : 2800
27.4 msec : 2684
27.5 msec : 2765
27.6 msec : 2832
27.7 msec : 2838
27.8 msec : 2863
27.9 msec : 2995
28.0 msec : 3046
28.1 msec : 3108
28.2 msec : 3149
28.3 msec : 3292
28.4 msec : 3148
28.5 msec : 3223
28.6 msec : 3261
28.7 msec : 3330
28.8 msec : 3305
28.9 msec : 3256
29.0 msec : 3170
29.1 msec : 3199
29.2 msec : 3208
29.3 msec : 3315
29.4 msec : 3302
29.5 msec : 3229
29.6 msec : 3231
29.7 msec : 3168
29.8 msec : 3230
29.9 msec : 3296
30.0 msec : 3238
30.1 msec : 3167
30.2 msec : 3105
30.3 msec : 3123
30.4 msec : 3050
30.5 msec : 2860
30.6 msec : 2875
30.7 msec : 2729
30.8 msec : 2685
30.9 msec : 2724
31.0 msec : 2605
31.1 msec : 2614
31.2 msec : 2585
31.3 msec : 2584
31.4 msec : 2631
31.5 msec : 2509
31.6 msec : 2530
31.7 msec : 2579
31.8 msec : 2488
31.9 msec : 2533
32.0 msec : 2469
32.1 msec : 2421
32.2 msec : 2239
32.3 msec : 2169
32.4 msec : 2035
32.5 msec : 2034
32.6 msec : 1996
32.7 msec : 1955
32.8 msec : 1948
32.9 msec : 1934
33.0 msec : 1904
33.1 msec : 1941
33.2 msec : 1977
33.3 msec : 1978
33.4 msec : 2066
33.5 msec : 2042
33.6 msec : 1898
33.7 msec : 1990
33.8 msec : 2010
33.9 msec : 1938
34.0 msec : 1830
34.1 msec : 1731
34.2 msec : 1620
34.3 msec : 1587
34.4 msec : 1598
34.5 msec : 1469
34.6 msec : 1436
34.7 msec : 1281
34.8 msec : 1372
34.9 msec : 1360
35.0 msec : 1270
35.1 msec : 1247
35.2 msec : 1304
35.3 msec : 1303
35.4 msec : 1286
35.5 msec : 1280
35.6 msec : 1191
35.7 msec : 1132
35.8 msec : 1161
35.9 msec : 1153
36.0 msec : 981
36.1 msec : 1016
36.2 msec : 1022
36.3 msec : 898
36.4 msec : 908
36.5 msec : 860
36.6 msec : 839
36.7 msec : 787
36.8 msec : 823
36.9 msec : 768
37.0 msec : 765
37.1 msec : 741
37.2 msec : 754
37.3 msec : 770
37.4 msec : 689
37.5 msec : 660
37.6 msec : 638
37.7 msec : 644
37.8 msec : 578
37.9 msec : 573
38.0 msec : 550
38.1 msec : 574
38.2 msec : 519
38.3 msec : 505
38.4 msec : 465
38.5 msec : 483
38.6 msec : 438
38.7 msec : 457
38.8 msec : 464
38.9 msec : 440
39.0 msec : 433
39.1 msec : 405
39.2 msec : 390
39.3 msec : 392
39.4 msec : 396
39.5 msec : 399
39.6 msec : 400
39.7 msec : 388
39.8 msec : 351
39.9 msec : 352
40.0 msec : 360
40.1 msec : 354
40.2 msec : 342
40.3 msec : 351
40.4 msec : 312
40.5 msec : 288
40.6 msec : 293
40.7 msec : 295
40.8 msec : 286
40.9 msec : 293
41.0 msec : 288
41.1 msec : 261
41.2 msec : 292
41.3 msec : 293
41.4 msec : 235
41.5 msec : 242
41.6 msec : 237
41.7 msec : 228
41.8 msec : 233
41.9 msec : 209
42.0 msec : 215
42.1 msec : 160
42.2 msec : 176
42.3 msec : 154
42.4 msec : 159
42.5 msec : 161
42.6 msec : 136
42.7 msec : 137
42.8 msec : 132
42.9 msec : 136
43.0 msec : 139
43.1 msec : 108
43.2 msec : 134
43.3 msec : 118
43.4 msec : 119
43.5 msec : 125
43.6 msec : 120
43.7 msec : 112
43.8 msec : 122
43.9 msec : 94
44.0 msec : 105
44.1 msec : 116
44.2 msec : 88
44.3 msec : 75
44.4 msec : 97
44.5 msec : 69
44.6 msec : 84
44.7 msec : 67
44.8 msec : 67
44.9 msec : 63
45.0 msec : 91
45.1 msec : 81
45.2 msec : 87
45.3 msec : 74
45.4 msec : 82
45.5 msec : 62
45.6 msec : 82
45.7 msec : 66
45.8 msec : 64
45.9 msec : 56
46.0 msec : 68
46.1 msec : 61
46.2 msec : 62
46.3 msec : 59
46.4 msec : 64
46.5 msec : 52
46.6 msec : 65
46.7 msec : 68
46.8 msec : 59
46.9 msec : 53
47.0 msec : 57
47.1 msec : 48
47.2 msec : 55
47.3 msec : 55
47.4 msec : 56
47.5 msec : 44
47.6 msec : 50
47.7 msec : 55
47.8 msec : 56
47.9 msec : 49
48.0 msec : 45
48.1 msec : 38
48.2 msec : 37
48.3 msec : 31
48.4 msec : 28
48.5 msec : 36
48.6 msec : 43
48.7 msec : 48
48.8 msec : 39
48.9 msec : 31
49.0 msec : 27
49.1 msec : 32
49.2 msec : 23
49.3 msec : 27
49.4 msec : 43
49.5 msec : 41
49.6 msec : 23
49.7 msec : 30
49.8 msec : 42
49.9 msec : 27
50.0 msec : 27
50.1 msec : 27
50.2 msec : 30
50.3 msec : 45
50.4 msec : 41
50.5 msec : 31
50.6 msec : 25
50.7 msec : 26
50.8 msec : 28
50.9 msec : 27
51.0 msec : 41
51.1 msec : 64
51.2 msec : 43
51.3 msec : 30
51.4 msec : 33
51.5 msec : 45
51.6 msec : 54
51.7 msec : 45
51.8 msec : 43
51.9 msec : 38
52.0 msec : 30
52.1 msec : 28
52.2 msec : 23
52.3 msec : 32
52.4 msec : 42
52.5 msec : 45
52.6 msec : 36
52.7 msec : 33
52.8 msec : 40
52.9 msec : 36
53.0 msec : 29
53.1 msec : 43
53.2 msec : 41
53.3 msec : 33
53.4 msec : 54
53.5 msec : 47
53.6 msec : 48
53.7 msec : 44
53.8 msec : 48
53.9 msec : 36
54.0 msec : 50
54.1 msec : 29
54.2 msec : 52
54.3 msec : 46
54.4 msec : 58
54.5 msec : 36
54.6 msec : 44
54.7 msec : 36
54.8 msec : 26
54.9 msec : 28
55.0 msec : 36
55.1 msec : 27
55.2 msec : 36
55.3 msec : 33
55.4 msec : 32
55.5 msec : 34
55.6 msec : 20
55.7 msec : 22
55.8 msec : 23
55.9 msec : 17
56.0 msec : 15
56.1 msec : 17
56.2 msec : 20
56.3 msec : 13
56.4 msec : 23
56.5 msec : 13
56.6 msec : 14
56.7 msec : 11
56.8 msec : 22
56.9 msec : 7
57.0 msec : 8
57.1 msec : 4
57.2 msec : 6
57.3 msec : 15
57.4 msec : 17
57.5 msec : 13
57.6 msec : 11
57.7 msec : 13
57.8 msec : 16
57.9 msec : 9
58.0 msec : 17
58.1 msec : 6
58.2 msec : 6
58.3 msec : 13
58.4 msec : 9
58.5 msec : 7
58.6 msec : 8
58.7 msec : 7
58.8 msec : 8
58.9 msec : 13
59.0 msec : 5
59.1 msec : 7
59.2 msec : 14
59.3 msec : 4
59.4 msec : 3
59.5 msec : 6
59.6 msec : 8
59.7 msec : 6
59.8 msec : 5
59.9 msec : 4
60.0 msec : 8
60.1 msec : 8
60.2 msec : 5
60.3 msec : 3
60.4 msec : 3
60.5 msec : 8
60.6 msec : 12
60.7 msec : 10
60.8 msec : 15
60.9 msec : 14
61.0 msec : 7
61.1 msec : 7
61.2 msec : 4
61.3 msec : 7
61.4 msec : 10
61.5 msec : 6
61.6 msec : 11
61.7 msec : 13
61.8 msec : 8
61.9 msec : 2
62.0 msec : 5
62.1 msec : 13
62.2 msec : 13
62.3 msec : 12
62.4 msec : 12
62.5 msec : 11
62.6 msec : 10
62.7 msec : 9
62.8 msec : 5
62.9 msec : 11
63.0 msec : 16
63.1 msec : 14
63.2 msec : 18
63.3 msec : 20
63.4 msec : 8
63.5 msec : 5
63.6 msec : 5
63.7 msec : 9
63.8 msec : 4
63.9 msec : 8
64.0 msec : 2
64.1 msec : 7
64.2 msec : 6
64.3 msec : 9
64.4 msec : 5
64.5 msec : 4
64.6 msec : 8
64.7 msec : 4
64.8 msec : 9
64.9 msec : 7
65.0 msec : 9
65.1 msec : 2
65.2 msec : 5
65.3 msec : 3
65.4 msec : 6
65.5 msec : 3
65.6 msec : 6
65.7 msec : 6
65.8 msec : 3
65.9 msec : 8
66.0 msec : 5
66.1 msec : 8
66.2 msec : 6
66.3 msec : 5
66.4 msec : 7
66.5 msec : 6
66.6 msec : 10
66.7 msec : 6
66.8 msec : 3
66.9 msec : 4
67.0 msec : 7
67.1 msec : 2
67.2 msec : 6
67.3 msec : 2
67.4 msec : 9
67.5 msec : 14
67.6 msec : 3
67.7 msec : 5
67.8 msec : 4
67.9 msec : 7
68.0 msec : 11
68.1 msec : 10
68.2 msec : 6
68.3 msec : 5
68.4 msec : 9
68.5 msec : 3
68.6 msec : 7
68.7 msec : 5
68.8 msec : 6
68.9 msec : 12
69.0 msec : 8
69.1 msec : 10
69.2 msec : 9
69.3 msec : 10
69.4 msec : 10
69.5 msec : 9
69.6 msec : 10
69.7 msec : 3
69.8 msec : 9
69.9 msec : 8
70.0 msec : 8
70.1 msec : 12
70.2 msec : 15
70.3 msec : 7
70.4 msec : 11
70.5 msec : 10
70.6 msec : 10
70.7 msec : 8
70.8 msec : 6
70.9 msec : 8
71.0 msec : 10
71.1 msec : 5
71.2 msec : 12
71.3 msec : 24
71.4 msec : 17
71.5 msec : 10
71.6 msec : 14
71.7 msec : 17
71.8 msec : 9
71.9 msec : 8
72.0 msec : 6
72.1 msec : 17
72.2 msec : 11
72.3 msec : 16
72.4 msec : 8
72.5 msec : 11
72.6 msec : 7
72.7 msec : 11
72.8 msec : 7
72.9 msec : 7
73.0 msec : 10
73.1 msec : 7
73.2 msec : 3
73.3 msec : 6
73.4 msec : 7
73.5 msec : 8
73.6 msec : 11
73.7 msec : 16
73.8 msec : 5
73.9 msec : 8
74.0 msec : 9
74.1 msec : 6
74.2 msec : 8
74.3 msec : 5
74.4 msec : 6
74.5 msec : 12
74.6 msec : 15
74.7 msec : 13
74.8 msec : 15
74.9 msec : 8
75.0 msec : 9
75.1 msec : 10
75.2 msec : 9
75.3 msec : 9
75.4 msec : 8
75.5 msec : 5
75.6 msec : 4
75.7 msec : 8
75.8 msec : 9
75.9 msec : 8
76.0 msec : 6
76.1 msec : 6
76.2 msec : 7
76.3 msec : 4
76.4 msec : 7
76.5 msec : 4
76.6 msec : 4
76.7 msec : 6
76.8 msec : 2
76.9 msec : 5
77.0 msec : 5
77.1 msec : 2
77.2 msec : 8
77.3 msec : 7
77.4 msec : 4
77.5 msec : 6
77.6 msec : 4
77.7 msec : 4
77.8 msec : 7
77.9 msec : 5
78.0 msec : 9
78.1 msec : 2
78.2 msec : 13
78.3 msec : 7
78.4 msec : 11
78.5 msec : 12
78.6 msec : 8
78.7 msec : 10
78.8 msec : 13
78.9 msec : 9
79.0 msec : 7
79.1 msec : 10
79.2 msec : 12
79.3 msec : 7
79.4 msec : 7
79.5 msec : 12
79.6 msec : 12
79.7 msec : 13
79.8 msec : 11
79.9 msec : 13
80.0 msec : 9
80.1 msec : 14
80.2 msec : 15
80.3 msec : 7
80.4 msec : 11
80.5 msec : 12
80.6 msec : 12
80.7 msec : 6
80.8 msec : 14
80.9 msec : 21
81.0 msec : 7
81.1 msec : 29
81.2 msec : 11
81.3 msec : 10
81.4 msec : 16
81.5 msec : 12
81.6 msec : 16
81.7 msec : 17
81.8 msec : 9
81.9 msec : 9
82.0 msec : 8
82.1 msec : 7
82.2 msec : 8
82.3 msec : 9
82.4 msec : 8
82.5 msec : 8
82.6 msec : 3
82.7 msec : 2
82.8 msec : 8
82.9 msec : 10
83.0 msec : 14
83.1 msec : 6
83.2 msec : 7
83.3 msec : 7
83.4 msec : 5
83.5 msec : 4
83.6 msec : 2
83.7 msec : 8
83.8 msec : 8
83.9 msec : 10
84.0 msec : 4
84.1 msec : 4
84.2 msec : 11
84.3 msec : 5
84.4 msec : 4
84.5 msec : 4
84.6 msec : 1
84.7 msec : 5
84.8 msec : 1
84.9 msec : 3
85.0 msec : 8
85.1 msec : 3
85.2 msec : 3
85.3 msec : 2
85.4 msec : 3
85.5 msec : 4
85.6 msec : 6
85.7 msec : 2
85.8 msec : 1
85.9 msec : 4
86.0 msec : 1
86.1 msec : 0
86.2 msec : 0
86.3 msec : 1
86.4 msec : 1
86.5 msec : 2
86.6 msec : 1
86.7 msec : 1
86.8 msec : 4
86.9 msec : 2
87.0 msec : 1
87.1 msec : 2
87.2 msec : 2
87.3 msec : 3
87.4 msec : 5
87.5 msec : 1
87.6 msec : 0
87.7 msec : 2
87.8 msec : 0
87.9 msec : 1
88.0 msec : 0
88.1 msec : 0
88.2 msec : 2
88.3 msec : 2
88.4 msec : 0
88.5 msec : 2
88.6 msec : 2
88.7 msec : 0
88.8 msec : 0
88.9 msec : 0
89.0 msec : 0
89.1 msec : 1
89.2 msec : 0
89.3 msec : 0
89.4 msec : 1
89.5 msec : 1
89.6 msec : 1
89.7 msec : 0
89.8 msec : 0
89.9 msec : 1
90.0 msec : 0
90.1 msec : 1
90.2 msec : 0
90.3 msec : 3
90.4 msec : 0
90.5 msec : 0
90.6 msec : 0
90.7 msec : 0
90.8 msec : 0
90.9 msec : 0
91.0 msec : 1
91.1 msec : 0
91.2 msec : 0
91.3 msec : 2
91.4 msec : 2
91.5 msec : 0
91.6 msec : 1
91.7 msec : 1
91.8 msec : 0
91.9 msec : 2
92.0 msec : 0
92.1 msec : 1
92.2 msec : 0
92.3 msec : 0
92.4 msec : 2
92.5 msec : 2
92.6 msec : 0
92.7 msec : 0
92.8 msec : 1
92.9 msec : 5
93.0 msec : 1
93.1 msec : 3
93.2 msec : 2
93.3 msec : 1
93.4 msec : 1
93.5 msec : 1
93.6 msec : 2
93.7 msec : 0
93.8 msec : 0
93.9 msec : 1
94.0 msec : 3
94.1 msec : 4
94.2 msec : 0
94.3 msec : 0
94.4 msec : 0
94.5 msec : 2
94.6 msec : 0
94.7 msec : 0
94.8 msec : 0
94.9 msec : 4
95.0 msec : 4
95.1 msec : 3
95.2 msec : 1
95.3 msec : 3
95.4 msec : 3
95.5 msec : 2
95.6 msec : 5
95.7 msec : 0
95.8 msec : 2
95.9 msec : 1
96.0 msec : 0
96.1 msec : 0
96.2 msec : 1
96.3 msec : 0
96.4 msec : 3
96.5 msec : 1
96.6 msec : 0
96.7 msec : 0
96.8 msec : 0
96.9 msec : 0
97.0 msec : 2
97.1 msec : 0
97.2 msec : 0
97.3 msec : 0
97.4 msec : 2
97.5 msec : 3
97.6 msec : 0
97.7 msec : 0
97.8 msec : 0
97.9 msec : 0
98.0 msec : 0
98.1 msec : 1
98.2 msec : 0
98.3 msec : 3
98.4 msec : 0
98.5 msec : 0
98.6 msec : 2
98.7 msec : 3
98.8 msec : 3
98.9 msec : 0
99.0 msec : 0
99.1 msec : 4
99.2 msec : 1
99.3 msec : 0
99.4 msec : 0
99.5 msec : 2
99.6 msec : 1
99.7 msec : 0
99.8 msec : 0
99.9 msec : 1
100.0 msec : 0
100.1 msec : 0
100.2 msec : 0
100.3 msec : 2
100.4 msec : 1
100.5 msec : 0
100.6 msec : 1
100.7 msec : 0
100.8 msec : 3
100.9 msec : 1
101.0 msec : 0
101.1 msec : 1
101.2 msec : 0
101.3 msec : 1
101.4 msec : 2
101.5 msec : 0
101.6 msec : 0
101.7 msec : 0
101.8 msec : 0
101.9 msec : 1
102.0 msec : 3
102.1 msec : 1
102.2 msec : 0
102.3 msec : 2
102.4 msec : 1
102.5 msec : 0
102.6 msec : 1
102.7 msec : 0
102.8 msec : 3
102.9 msec : 0
103.0 msec : 0
103.1 msec : 0
103.2 msec : 0
103.3 msec : 0
103.4 msec : 1
103.5 msec : 0
103.6 msec : 0
103.7 msec : 0
103.8 msec : 0
103.9 msec : 1
104.0 msec : 0
104.1 msec : 1
104.2 msec : 0
104.3 msec : 1
104.4 msec : 0
104.5 msec : 1
104.6 msec : 0
104.7 msec : 0
104.8 msec : 0
104.9 msec : 0
105.0 msec : 0
105.1 msec : 0
105.2 msec : 0
105.3 msec : 0
105.4 msec : 0
105.5 msec : 0
105.6 msec : 0
105.7 msec : 0
105.8 msec : 0
105.9 msec : 0
106.0 msec : 0
106.1 msec : 0
106.2 msec : 0
106.3 msec : 0
106.4 msec : 0
106.5 msec : 0
106.6 msec : 0
106.7 msec : 0
106.8 msec : 0
106.9 msec : 0
107.0 msec : 0
107.1 msec : 0
107.2 msec : 0
107.3 msec : 0
107.4 msec : 0
107.5 msec : 0
107.6 msec : 0
107.7 msec : 0
107.8 msec : 0
107.9 msec : 0
108.0 msec : 0
108.1 msec : 1
108.2 msec : 1
108.3 msec : 0
108.4 msec : 0
108.5 msec : 1
108.6 msec : 0
108.7 msec : 0
108.8 msec : 0
108.9 msec : 0
109.0 msec : 3
109.1 msec : 1
109.2 msec : 0
109.3 msec : 0
109.4 msec : 1
109.5 msec : 1
109.6 msec : 0
109.7 msec : 0
109.8 msec : 0
109.9 msec : 0
110.0 msec : 0
110.1 msec : 0
110.2 msec : 0
110.3 msec : 0
110.4 msec : 0
110.5 msec : 0
110.6 msec : 0
110.7 msec : 0
110.8 msec : 0
110.9 msec : 0
111.0 msec : 0
111.1 msec : 0
111.2 msec : 0
111.3 msec : 0
111.4 msec : 0
111.5 msec : 0
111.6 msec : 0
111.7 msec : 0
111.8 msec : 0
111.9 msec : 0
112.0 msec : 0
112.1 msec : 0
112.2 msec : 1
112.3 msec : 1
112.4 msec : 2
112.5 msec : 1
112.6 msec : 0
112.7 msec : 0
112.8 msec : 0
112.9 msec : 0
113.0 msec : 0
113.1 msec : 0
113.2 msec : 0
113.3 msec : 0
113.4 msec : 0
113.5 msec : 0
113.6 msec : 0
113.7 msec : 0
113.8 msec : 1
113.9 msec : 0
114.0 msec : 1
114.1 msec : 0
114.2 msec : 0
114.3 msec : 0
114.4 msec : 0
114.5 msec : 0
114.6 msec : 0
114.7 msec : 0
114.8 msec : 0
114.9 msec : 0
115.0 msec : 0
115.1 msec : 0
115.2 msec : 0
115.3 msec : 0
115.4 msec : 0
115.5 msec : 0
115.6 msec : 0
115.7 msec : 0
115.8 msec : 0
115.9 msec : 1
116.0 msec : 0
116.1 msec : 1
116.2 msec : 2
116.3 msec : 2
116.4 msec : 3
116.5 msec : 2
116.6 msec : 2
116.7 msec : 3
116.8 msec : 1
116.9 msec : 1
117.0 msec : 1
117.1 msec : 4
117.2 msec : 1
117.3 msec : 2
117.4 msec : 1
117.5 msec : 0
117.6 msec : 2
117.7 msec : 4
117.8 msec : 2
117.9 msec : 0
118.0 msec : 0
118.1 msec : 3
118.2 msec : 0
118.3 msec : 2
118.4 msec : 2
118.5 msec : 0
118.6 msec : 0
118.7 msec : 2
118.8 msec : 0
118.9 msec : 5
119.0 msec : 2
119.1 msec : 4
119.2 msec : 1
119.3 msec : 1
119.4 msec : 1
119.5 msec : 0
119.6 msec : 0
119.7 msec : 3
119.8 msec : 2
119.9 msec : 0
120.0 msec : 0
120.1 msec : 1
120.2 msec : 0
120.3 msec : 2
120.4 msec : 2
120.5 msec : 1
120.6 msec : 1
120.7 msec : 2
120.8 msec : 0
120.9 msec : 1
121.0 msec : 3
121.1 msec : 3
121.2 msec : 1
121.3 msec : 2
121.4 msec : 0
121.5 msec : 0
121.6 msec : 1
121.7 msec : 3
121.8 msec : 1
121.9 msec : 4
122.0 msec : 3
122.1 msec : 2
122.2 msec : 2
122.3 msec : 3
122.4 msec : 1
122.5 msec : 2
122.6 msec : 3
122.7 msec : 2
122.8 msec : 2
122.9 msec : 2
123.0 msec : 1
123.1 msec : 3
123.2 msec : 1
123.3 msec : 1
123.4 msec : 1
123.5 msec : 1
123.6 msec : 2
123.7 msec : 4
123.8 msec : 3
123.9 msec : 0
124.0 msec : 0
124.1 msec : 0
124.2 msec : 1
124.3 msec : 2
124.4 msec : 0
124.5 msec : 1
124.6 msec : 2
124.7 msec : 6
124.8 msec : 4
124.9 msec : 7
125.0 msec : 2
125.1 msec : 1
125.2 msec : 0
125.3 msec : 1
125.4 msec : 2
125.5 msec : 0
125.6 msec : 2
125.7 msec : 0
125.8 msec : 1
125.9 msec : 0
126.0 msec : 2
126.1 msec : 1
126.2 msec : 1
126.3 msec : 0
126.4 msec : 1
126.5 msec : 3
126.6 msec : 3
126.7 msec : 3
126.8 msec : 3
126.9 msec : 0
127.0 msec : 2
127.1 msec : 1
127.2 msec : 0
127.3 msec : 5
127.4 msec : 1
127.5 msec : 1
127.6 msec : 3
127.7 msec : 5
127.8 msec : 3
127.9 msec : 1
128.0 msec : 2
128.1 msec : 0
128.2 msec : 3
128.3 msec : 2
128.4 msec : 3
128.5 msec : 0
128.6 msec : 0
128.7 msec : 1
128.8 msec : 1
128.9 msec : 3
129.0 msec : 0
129.1 msec : 1
129.2 msec : 0
129.3 msec : 0
129.4 msec : 0
129.5 msec : 0
129.6 msec : 1
129.7 msec : 0
129.8 msec : 0
129.9 msec : 0
130.0 msec : 0
130.1 msec : 0
130.2 msec : 0
130.3 msec : 0
130.4 msec : 0
130.5 msec : 0
130.6 msec : 0
130.7 msec : 0
130.8 msec : 0
130.9 msec : 1
131.0 msec : 1
131.1 msec : 0
131.2 msec : 0
131.3 msec : 0
131.4 msec : 0
131.5 msec : 0
131.6 msec : 0
131.7 msec : 0
131.8 msec : 0
131.9 msec : 2
132.0 msec : 1
132.1 msec : 0
132.2 msec : 0
132.3 msec : 1
132.4 msec : 0
132.5 msec : 0
132.6 msec : 0
132.7 msec : 0
132.8 msec : 0
132.9 msec : 0
133.0 msec : 0
133.1 msec : 0
133.2 msec : 0
133.3 msec : 0
133.4 msec : 1
133.5 msec : 0
133.6 msec : 0
133.7 msec : 0
133.8 msec : 0
133.9 msec : 0
134.0 msec : 0
134.1 msec : 0
134.2 msec : 0
134.3 msec : 0
134.4 msec : 0
134.5 msec : 0
134.6 msec : 0
134.7 msec : 0
134.8 msec : 0
134.9 msec : 0
135.0 msec : 0
135.1 msec : 0
135.2 msec : 0
135.3 msec : 0
135.4 msec : 0
135.5 msec : 0
135.6 msec : 0
135.7 msec : 0
135.8 msec : 0
135.9 msec : 0
136.0 msec : 0
136.1 msec : 0
136.2 msec : 0
136.3 msec : 0
136.4 msec : 0
136.5 msec : 0
136.6 msec : 0
136.7 msec : 0
136.8 msec : 0
136.9 msec : 0
137.0 msec : 1
137.1 msec : 0
137.2 msec : 0
137.3 msec : 0
137.4 msec : 0
137.5 msec : 0
137.6 msec : 0
137.7 msec : 0
137.8 msec : 0
137.9 msec : 2
138.0 msec : 0
138.1 msec : 0
138.2 msec : 0
138.3 msec : 0
138.4 msec : 0
138.5 msec : 0
138.6 msec : 0
138.7 msec : 0
138.8 msec : 0
138.9 msec : 0
139.0 msec : 0
139.1 msec : 0
139.2 msec : 0
139.3 msec : 0
139.4 msec : 0
139.5 msec : 0
139.6 msec : 1
139.7 msec : 0
139.8 msec : 0
139.9 msec : 0
140.0 msec : 0
140.1 msec : 1
140.2 msec : 1
140.3 msec : 0
140.4 msec : 0
140.5 msec : 0
140.6 msec : 0
140.7 msec : 0
140.8 msec : 0
140.9 msec : 0
141.0 msec : 0
141.1 msec : 0
141.2 msec : 0
141.3 msec : 0
141.4 msec : 0
141.5 msec : 1
141.6 msec : 0
141.7 msec : 0
141.8 msec : 0
141.9 msec : 0
142.0 msec : 1
142.1 msec : 1
142.2 msec : 0
142.3 msec : 0
142.4 msec : 1
142.5 msec : 1
142.6 msec : 0
142.7 msec : 0
142.8 msec : 0
142.9 msec : 0
143.0 msec : 0
143.1 msec : 0
143.2 msec : 0
143.3 msec : 0
143.4 msec : 0
143.5 msec : 0
143.6 msec : 0
143.7 msec : 0
143.8 msec : 0
143.9 msec : 0
144.0 msec : 0
144.1 msec : 0
144.2 msec : 0
144.3 msec : 0
144.4 msec : 0
144.5 msec : 0
144.6 msec : 0
144.7 msec : 0
144.8 msec : 0
144.9 msec : 0
145.0 msec : 0
145.1 msec : 0
145.2 msec : 1
145.3 msec : 1
145.4 msec : 2
145.5 msec : 1
145.6 msec : 0
145.7 msec : 0
145.8 msec : 3
145.9 msec : 1
146.0 msec : 1
146.1 msec : 1
146.2 msec : 0
146.3 msec : 2
146.4 msec : 4
146.5 msec : 0
146.6 msec : 3
146.7 msec : 0
146.8 msec : 2
146.9 msec : 1
147.0 msec : 1
147.1 msec : 0
147.2 msec : 1
147.3 msec : 2
147.4 msec : 1
147.5 msec : 0
147.6 msec : 0
147.7 msec : 2
147.8 msec : 1
147.9 msec : 1
148.0 msec : 1
148.1 msec : 1
148.2 msec : 2
148.3 msec : 0
148.4 msec : 2
148.5 msec : 1
148.6 msec : 1
148.7 msec : 3
148.8 msec : 2
148.9 msec : 2
149.0 msec : 2
149.1 msec : 1
149.2 msec : 3
149.3 msec : 2
149.4 msec : 3
149.5 msec : 2
149.6 msec : 4
149.7 msec : 2
149.8 msec : 1
149.9 msec : 2
150.0 msec : 5
150.1 msec : 3
150.2 msec : 0
150.3 msec : 2
150.4 msec : 5
150.5 msec : 2
150.6 msec : 2
150.7 msec : 2
150.8 msec : 6
150.9 msec : 1
151.0 msec : 0
151.1 msec : 2
151.2 msec : 0
151.3 msec : 1
151.4 msec : 1
151.5 msec : 2
151.6 msec : 5
151.7 msec : 0
151.8 msec : 1
151.9 msec : 4
152.0 msec : 0
152.1 msec : 3
152.2 msec : 2
152.3 msec : 0
152.4 msec : 1
152.5 msec : 1
152.6 msec : 3
152.7 msec : 3
152.8 msec : 1
152.9 msec : 3
153.0 msec : 1
153.1 msec : 2
153.2 msec : 3
153.3 msec : 3
153.4 msec : 1
153.5 msec : 3
153.6 msec : 1
153.7 msec : 4
153.8 msec : 2
153.9 msec : 1
154.0 msec : 0
154.1 msec : 2
154.2 msec : 1
154.3 msec : 1
154.4 msec : 1
154.5 msec : 0
154.6 msec : 0
154.7 msec : 1
154.8 msec : 0
154.9 msec : 1
155.0 msec : 1
155.1 msec : 0
155.2 msec : 0
155.3 msec : 0
155.4 msec : 0
155.5 msec : 1
155.6 msec : 1
155.7 msec : 1
155.8 msec : 1
155.9 msec : 0
156.0 msec : 3
156.1 msec : 2
156.2 msec : 1
156.3 msec : 2
156.4 msec : 0
156.5 msec : 0
156.6 msec : 0
156.7 msec : 0
156.8 msec : 1
156.9 msec : 1
157.0 msec : 1
157.1 msec : 2
157.2 msec : 1
157.3 msec : 1
157.4 msec : 1
157.5 msec : 0
157.6 msec : 1
157.7 msec : 2
157.8 msec : 1
157.9 msec : 0
158.0 msec : 0
158.1 msec : 0
158.2 msec : 0
158.3 msec : 0
158.4 msec : 1
158.5 msec : 0
158.6 msec : 1
158.7 msec : 1
158.8 msec : 1
158.9 msec : 1
159.0 msec : 0
159.1 msec : 0
159.2 msec : 0
159.3 msec : 0
159.4 msec : 0
159.5 msec : 0
159.6 msec : 0
159.7 msec : 0
159.8 msec : 0
159.9 msec : 0
160.0 msec : 0
160.1 msec : 0
160.2 msec : 1
160.3 msec : 0
160.4 msec : 0
160.5 msec : 0
160.6 msec : 0
160.7 msec : 0
160.8 msec : 0
160.9 msec : 0
161.0 msec : 0
161.1 msec : 0
161.2 msec : 0
161.3 msec : 0
161.4 msec : 0
161.5 msec : 0
161.6 msec : 0
161.7 msec : 0
161.8 msec : 0
161.9 msec : 0
162.0 msec : 0
162.1 msec : 0
162.2 msec : 0
162.3 msec : 0
162.4 msec : 0
162.5 msec : 0
162.6 msec : 0
162.7 msec : 0
162.8 msec : 0
162.9 msec : 0
163.0 msec : 0
163.1 msec : 0
163.2 msec : 0
163.3 msec : 0
163.4 msec : 0
163.5 msec : 0
163.6 msec : 0
163.7 msec : 0
163.8 msec : 0
163.9 msec : 0
164.0 msec : 0
164.1 msec : 0
164.2 msec : 0
164.3 msec : 0
164.4 msec : 0
164.5 msec : 0
164.6 msec : 0
164.7 msec : 0
164.8 msec : 0
164.9 msec : 0
165.0 msec : 0
165.1 msec : 0
165.2 msec : 0
165.3 msec : 0
165.4 msec : 0
165.5 msec : 0
165.6 msec : 0
165.7 msec : 0
165.8 msec : 0
165.9 msec : 0
166.0 msec : 0
166.1 msec : 0
166.2 msec : 0
166.3 msec : 0
166.4 msec : 0
166.5 msec : 0
166.6 msec : 0
166.7 msec : 0
166.8 msec : 0
166.9 msec : 0
167.0 msec : 0
167.1 msec : 0
167.2 msec : 0
167.3 msec : 0
167.4 msec : 1
167.5 msec : 0
167.6 msec : 2
167.7 msec : 1
167.8 msec : 0
167.9 msec : 0
168.0 msec : 0
168.1 msec : 0
168.2 msec : 0
168.3 msec : 0
168.4 msec : 0
168.5 msec : 0
168.6 msec : 0
168.7 msec : 0
168.8 msec : 1
168.9 msec : 0
169.0 msec : 0
169.1 msec : 1
169.2 msec : 3
169.3 msec : 2
169.4 msec : 1
169.5 msec : 1
169.6 msec : 0
169.7 msec : 0
169.8 msec : 0
169.9 msec : 1
170.0 msec : 3
170.1 msec : 1
170.2 msec : 1
170.3 msec : 3
170.4 msec : 3
170.5 msec : 3
170.6 msec : 0
170.7 msec : 1
170.8 msec : 4
170.9 msec : 2
171.0 msec : 1
171.1 msec : 3
171.2 msec : 5
171.3 msec : 3
171.4 msec : 6
171.5 msec : 2
171.6 msec : 3
171.7 msec : 2
171.8 msec : 0
171.9 msec : 0
172.0 msec : 3
172.1 msec : 0
172.2 msec : 3
172.3 msec : 2
172.4 msec : 2
172.5 msec : 2
172.6 msec : 1
172.7 msec : 1
172.8 msec : 4
172.9 msec : 0
173.0 msec : 5
173.1 msec : 7
173.2 msec : 4
173.3 msec : 3
173.4 msec : 3
173.5 msec : 1
173.6 msec : 1
173.7 msec : 2
173.8 msec : 1
173.9 msec : 2
174.0 msec : 1
174.1 msec : 2
174.2 msec : 4
174.3 msec : 4
174.4 msec : 1
174.5 msec : 5
174.6 msec : 2
174.7 msec : 4
174.8 msec : 5
174.9 msec : 1
175.0 msec : 0
175.1 msec : 1
175.2 msec : 0
175.3 msec : 0
175.4 msec : 0
175.5 msec : 0
175.6 msec : 0
175.7 msec : 0
175.8 msec : 0
175.9 msec : 0
176.0 msec : 1
176.1 msec : 0
176.2 msec : 1
176.3 msec : 0
176.4 msec : 0
176.5 msec : 0
176.6 msec : 0
176.7 msec : 0
176.8 msec : 0
176.9 msec : 1
177.0 msec : 1
177.1 msec : 1
177.2 msec : 1
177.3 msec : 4
177.4 msec : 3
177.5 msec : 1
177.6 msec : 2
177.7 msec : 0
177.8 msec : 4
177.9 msec : 2
178.0 msec : 1
178.1 msec : 0
178.2 msec : 1
178.3 msec : 4
178.4 msec : 1
178.5 msec : 4
178.6 msec : 2
178.7 msec : 0
178.8 msec : 2
178.9 msec : 1
179.0 msec : 0
179.1 msec : 1
179.2 msec : 0
179.3 msec : 0
179.4 msec : 1
179.5 msec : 0
179.6 msec : 1
179.7 msec : 0
179.8 msec : 1
179.9 msec : 0
180.0 msec : 0
180.1 msec : 0
180.2 msec : 0
180.3 msec : 0
180.4 msec : 0
180.5 msec : 0
180.6 msec : 0
180.7 msec : 0
180.8 msec : 0
180.9 msec : 0
181.0 msec : 0
181.1 msec : 0
181.2 msec : 0
181.3 msec : 0
181.4 msec : 1
181.5 msec : 0
181.6 msec : 0
181.7 msec : 0
181.8 msec : 1
181.9 msec : 0
182.0 msec : 0
182.1 msec : 1
182.2 msec : 2
182.3 msec : 0
182.4 msec : 2
182.5 msec : 1
182.6 msec : 1
182.7 msec : 1
182.8 msec : 0
182.9 msec : 1
183.0 msec : 2
183.1 msec : 7
183.2 msec : 4
183.3 msec : 2
183.4 msec : 2
183.5 msec : 2
183.6 msec : 5
183.7 msec : 1
183.8 msec : 7
183.9 msec : 1
184.0 msec : 3
184.1 msec : 5
184.2 msec : 1
184.3 msec : 3
184.4 msec : 5
184.5 msec : 10
184.6 msec : 5
184.7 msec : 4
184.8 msec : 3
184.9 msec : 12
185.0 msec : 2
185.1 msec : 8
185.2 msec : 3
185.3 msec : 4
185.4 msec : 4
185.5 msec : 3
185.6 msec : 8
185.7 msec : 5
185.8 msec : 5
185.9 msec : 6
186.0 msec : 2
186.1 msec : 1
186.2 msec : 6
186.3 msec : 1
186.4 msec : 2
186.5 msec : 3
186.6 msec : 5
186.7 msec : 3
186.8 msec : 2
186.9 msec : 0
187.0 msec : 0
187.1 msec : 1
187.2 msec : 2
187.3 msec : 0
187.4 msec : 1
187.5 msec : 0
187.6 msec : 0
187.7 msec : 0
187.8 msec : 0
187.9 msec : 1
188.0 msec : 0
188.1 msec : 0
188.2 msec : 0
188.3 msec : 0
188.4 msec : 0
188.5 msec : 0
188.6 msec : 0
188.7 msec : 0
188.8 msec : 0
188.9 msec : 0
189.0 msec : 0
189.1 msec : 0
189.2 msec : 0
189.3 msec : 0
189.4 msec : 0
189.5 msec : 0
189.6 msec : 0
189.7 msec : 0
189.8 msec : 0
189.9 msec : 0
190.0 msec : 0
190.1 msec : 0
190.2 msec : 0
190.3 msec : 1
190.4 msec : 1
190.5 msec : 0
190.6 msec : 0
190.7 msec : 0
190.8 msec : 1
190.9 msec : 0
191.0 msec : 1
191.1 msec : 0
191.2 msec : 1
191.3 msec : 1
191.4 msec : 0
191.5 msec : 0
191.6 msec : 0
191.7 msec : 0
191.8 msec : 0
191.9 msec : 0
192.0 msec : 0
192.1 msec : 0
192.2 msec : 0
192.3 msec : 0
192.4 msec : 0
192.5 msec : 0
192.6 msec : 0
192.7 msec : 0
192.8 msec : 0
192.9 msec : 0
193.0 msec : 0
193.1 msec : 0
193.2 msec : 0
193.3 msec : 0
193.4 msec : 0
193.5 msec : 0
193.6 msec : 0
193.7 msec : 0
193.8 msec : 0
193.9 msec : 0
194.0 msec : 0
194.1 msec : 0
194.2 msec : 0
194.3 msec : 0
194.4 msec : 0
194.5 msec : 0
194.6 msec : 0
194.7 msec : 0
194.8 msec : 0
194.9 msec : 0
195.0 msec : 0
195.1 msec : 0
195.2 msec : 0
195.3 msec : 0
195.4 msec : 0
195.5 msec : 0
195.6 msec : 0
195.7 msec : 0
195.8 msec : 1
195.9 msec : 0
196.0 msec : 0
196.1 msec : 0
196.2 msec : 0
196.3 msec : 0
196.4 msec : 2
196.5 msec : 1
196.6 msec : 0
196.7 msec : 0
196.8 msec : 0
196.9 msec : 0
197.0 msec : 0
197.1 msec : 0
197.2 msec : 0
197.3 msec : 0
197.4 msec : 0
197.5 msec : 0
197.6 msec : 0
197.7 msec : 0
197.8 msec : 0
197.9 msec : 0
198.0 msec : 0
198.1 msec : 0
198.2 msec : 0
198.3 msec : 0
198.4 msec : 0
198.5 msec : 0
198.6 msec : 0
198.7 msec : 1
198.8 msec : 0
198.9 msec : 0
199.0 msec : 0
199.1 msec : 1
199.2 msec : 0
199.3 msec : 1
199.4 msec : 0
199.5 msec : 0
199.6 msec : 0
199.7 msec : 0
199.8 msec : 1
199.9 msec : 0
200.0 msec : 1
200.1 msec : 0
200.2 msec : 0
200.3 msec : 0
200.4 msec : 0
200.5 msec : 0
200.6 msec : 0
200.7 msec : 0
200.8 msec : 0
200.9 msec : 0
201.0 msec : 0
201.1 msec : 1
201.2 msec : 0
201.3 msec : 0
201.4 msec : 0
201.5 msec : 0
201.6 msec : 0
201.7 msec : 0
201.8 msec : 0
201.9 msec : 0
202.0 msec : 0
202.1 msec : 0
202.2 msec : 0
202.3 msec : 0
202.4 msec : 0
202.5 msec : 0
202.6 msec : 0
202.7 msec : 0
202.8 msec : 0
202.9 msec : 1
203.0 msec : 0
203.1 msec : 0
203.2 msec : 1
203.3 msec : 0
203.4 msec : 1
203.5 msec : 0
203.6 msec : 1
203.7 msec : 2
203.8 msec : 0
203.9 msec : 1
204.0 msec : 0
204.1 msec : 2
204.2 msec : 1
204.3 msec : 1
204.4 msec : 0
204.5 msec : 0
204.6 msec : 2
204.7 msec : 2
204.8 msec : 2
204.9 msec : 1
205.0 msec : 0
205.1 msec : 0
205.2 msec : 1
205.3 msec : 0
205.4 msec : 1
205.5 msec : 2
205.6 msec : 3
205.7 msec : 2
205.8 msec : 0
205.9 msec : 1
206.0 msec : 2
206.1 msec : 2
206.2 msec : 4
206.3 msec : 4
206.4 msec : 3
206.5 msec : 4
206.6 msec : 4
206.7 msec : 1
206.8 msec : 4
206.9 msec : 5
207.0 msec : 1
207.1 msec : 5
207.2 msec : 2
207.3 msec : 4
207.4 msec : 4
207.5 msec : 5
207.6 msec : 5
207.7 msec : 6
207.8 msec : 3
207.9 msec : 5
208.0 msec : 5
208.1 msec : 2
208.2 msec : 3
208.3 msec : 4
208.4 msec : 1
208.5 msec : 4
208.6 msec : 4
208.7 msec : 3
208.8 msec : 10
208.9 msec : 0
209.0 msec : 2
209.1 msec : 1
209.2 msec : 3
209.3 msec : 3
209.4 msec : 1
209.5 msec : 0
209.6 msec : 1
209.7 msec : 4
209.8 msec : 1
209.9 msec : 0
210.0 msec : 3
210.1 msec : 1
210.2 msec : 5
210.3 msec : 1
210.4 msec : 3
210.5 msec : 0
210.6 msec : 0
210.7 msec : 0
210.8 msec : 0
210.9 msec : 0
211.0 msec : 0
211.1 msec : 0
211.2 msec : 2
211.3 msec : 1
211.4 msec : 0
211.5 msec : 3
211.6 msec : 0
211.7 msec : 0
211.8 msec : 0
211.9 msec : 0
212.0 msec : 0
212.1 msec : 0
212.2 msec : 0
212.3 msec : 0
212.4 msec : 0
212.5 msec : 0
212.6 msec : 0
212.7 msec : 0
212.8 msec : 0
212.9 msec : 0
213.0 msec : 0
213.1 msec : 0
213.2 msec : 0
213.3 msec : 0
213.4 msec : 0
213.5 msec : 0
213.6 msec : 0
213.7 msec : 0
213.8 msec : 0
213.9 msec : 0
214.0 msec : 0
214.1 msec : 0
214.2 msec : 0
214.3 msec : 0
214.4 msec : 0
214.5 msec : 0
214.6 msec : 0
214.7 msec : 0
214.8 msec : 0
214.9 msec : 0
215.0 msec : 0
215.1 msec : 0
215.2 msec : 0
215.3 msec : 0
215.4 msec : 0
215.5 msec : 0
215.6 msec : 0
215.7 msec : 0
215.8 msec : 0
215.9 msec : 0
216.0 msec : 0
216.1 msec : 0
216.2 msec : 0
216.3 msec : 0
216.4 msec : 0
216.5 msec : 0
216.6 msec : 0
216.7 msec : 0
216.8 msec : 0
216.9 msec : 0
217.0 msec : 0
217.1 msec : 0
217.2 msec : 0
217.3 msec : 0
217.4 msec : 0
217.5 msec : 0
217.6 msec : 0
217.7 msec : 0
217.8 msec : 0
217.9 msec : 0
218.0 msec : 0
218.1 msec : 0
218.2 msec : 0
218.3 msec : 0
218.4 msec : 0
218.5 msec : 0
218.6 msec : 0
218.7 msec : 0
218.8 msec : 0
218.9 msec : 0
219.0 msec : 0
219.1 msec : 0
219.2 msec : 0
219.3 msec : 0
219.4 msec : 0
219.5 msec : 0
219.6 msec : 0
219.7 msec : 0
219.8 msec : 0
219.9 msec : 0
220.0 msec : 0
220.1 msec : 0
220.2 msec : 0
220.3 msec : 0
220.4 msec : 0
220.5 msec : 0
220.6 msec : 0
220.7 msec : 0
220.8 msec : 0
220.9 msec : 0
221.0 msec : 0
221.1 msec : 0
221.2 msec : 0
221.3 msec : 0
221.4 msec : 0
221.5 msec : 0
221.6 msec : 0
221.7 msec : 0
221.8 msec : 0
221.9 msec : 0
222.0 msec : 0
222.1 msec : 0
222.2 msec : 0
222.3 msec : 0
222.4 msec : 0
222.5 msec : 0
222.6 msec : 0
222.7 msec : 0
222.8 msec : 0
222.9 msec : 0
223.0 msec : 0
223.1 msec : 0
223.2 msec : 0
223.3 msec : 0
223.4 msec : 0
223.5 msec : 0
223.6 msec : 0
223.7 msec : 0
223.8 msec : 0
223.9 msec : 0
224.0 msec : 0
224.1 msec : 0
224.2 msec : 0
224.3 msec : 0
224.4 msec : 0
224.5 msec : 0
224.6 msec : 0
224.7 msec : 0
224.8 msec : 2
224.9 msec : 1
225.0 msec : 0
225.1 msec : 0
225.2 msec : 0
225.3 msec : 0
225.4 msec : 0
225.5 msec : 0
225.6 msec : 0
225.7 msec : 0
225.8 msec : 0
225.9 msec : 0
226.0 msec : 0
226.1 msec : 0
226.2 msec : 0
226.3 msec : 0
226.4 msec : 0
226.5 msec : 0
226.6 msec : 0
226.7 msec : 0
226.8 msec : 0
226.9 msec : 0
227.0 msec : 0
227.1 msec : 0
227.2 msec : 0
227.3 msec : 0
227.4 msec : 0
227.5 msec : 0
227.6 msec : 0
227.7 msec : 0
227.8 msec : 0
227.9 msec : 0
228.0 msec : 0
228.1 msec : 0
228.2 msec : 0
228.3 msec : 0
228.4 msec : 0
228.5 msec : 0
228.6 msec : 0
228.7 msec : 0
228.8 msec : 0
228.9 msec : 0
229.0 msec : 0
229.1 msec : 0
229.2 msec : 0
229.3 msec : 0
229.4 msec : 0
229.5 msec : 2
229.6 msec : 0
229.7 msec : 0
229.8 msec : 0
229.9 msec : 0
230.0 msec : 1
230.1 msec : 0
230.2 msec : 0
230.3 msec : 0
230.4 msec : 0
230.5 msec : 0
230.6 msec : 0
230.7 msec : 0
230.8 msec : 0
230.9 msec : 0
231.0 msec : 0
231.1 msec : 0
231.2 msec : 0
231.3 msec : 1
231.4 msec : 0
231.5 msec : 1
231.6 msec : 0
231.7 msec : 0
231.8 msec : 0
231.9 msec : 0
232.0 msec : 0
232.1 msec : 1
232.2 msec : 2
232.3 msec : 0
232.4 msec : 0
232.5 msec : 0
232.6 msec : 0
232.7 msec : 0
232.8 msec : 1
232.9 msec : 0
233.0 msec : 2
233.1 msec : 1
233.2 msec : 0
233.3 msec : 1
233.4 msec : 2
233.5 msec : 2
233.6 msec : 0
233.7 msec : 1
233.8 msec : 0
233.9 msec : 1
234.0 msec : 0
234.1 msec : 1
234.2 msec : 1
234.3 msec : 4
234.4 msec : 2
234.5 msec : 1
234.6 msec : 3
234.7 msec : 1
234.8 msec : 6
234.9 msec : 4
235.0 msec : 2
235.1 msec : 3
235.2 msec : 6
235.3 msec : 2
235.4 msec : 4
235.5 msec : 3
235.6 msec : 5
235.7 msec : 0
235.8 msec : 2
235.9 msec : 4
236.0 msec : 1
236.1 msec : 6
236.2 msec : 5
236.3 msec : 8
236.4 msec : 4
236.5 msec : 3
236.6 msec : 8
236.7 msec : 3
236.8 msec : 5
236.9 msec : 3
237.0 msec : 4
237.1 msec : 4
237.2 msec : 7
237.3 msec : 7
237.4 msec : 2
237.5 msec : 5
237.6 msec : 2
237.7 msec : 1
237.8 msec : 5
237.9 msec : 0
238.0 msec : 0
238.1 msec : 0
238.2 msec : 2
238.3 msec : 0
238.4 msec : 2
238.5 msec : 1
238.6 msec : 1
238.7 msec : 1
238.8 msec : 0
238.9 msec : 2
239.0 msec : 1
239.1 msec : 0
239.2 msec : 0
239.3 msec : 0
239.4 msec : 1
239.5 msec : 0
239.6 msec : 0
239.7 msec : 0
239.8 msec : 0
239.9 msec : 0
240.0 msec : 0
240.1 msec : 0
240.2 msec : 0
240.3 msec : 0
240.4 msec : 0
240.5 msec : 0
240.6 msec : 0
240.7 msec : 0
240.8 msec : 0
240.9 msec : 0
241.0 msec : 0
241.1 msec : 0
241.2 msec : 0
241.3 msec : 0
241.4 msec : 0
241.5 msec : 0
241.6 msec : 0
241.7 msec : 0
241.8 msec : 0
241.9 msec : 0
242.0 msec : 0
242.1 msec : 0
242.2 msec : 0
242.3 msec : 0
242.4 msec : 0
242.5 msec : 0
242.6 msec : 0
242.7 msec : 0
242.8 msec : 0
242.9 msec : 0
243.0 msec : 0
243.1 msec : 0
243.2 msec : 0
243.3 msec : 0
243.4 msec : 0
243.5 msec : 0
243.6 msec : 0
243.7 msec : 0
243.8 msec : 0
243.9 msec : 0
244.0 msec : 0
244.1 msec : 0
244.2 msec : 0
244.3 msec : 0
244.4 msec : 0
244.5 msec : 0
244.6 msec : 0
244.7 msec : 0
244.8 msec : 0
244.9 msec : 0
245.0 msec : 0
245.1 msec : 0
245.2 msec : 0
245.3 msec : 0
245.4 msec : 0
245.5 msec : 0
245.6 msec : 0
245.7 msec : 0
245.8 msec : 0
245.9 msec : 0
246.0 msec : 0
246.1 msec : 0
246.2 msec : 0
246.3 msec : 0
246.4 msec : 0
246.5 msec : 0
246.6 msec : 0
246.7 msec : 0
246.8 msec : 0
246.9 msec : 0
247.0 msec : 0
247.1 msec : 0
247.2 msec : 0
247.3 msec : 0
247.4 msec : 0
247.5 msec : 0
247.6 msec : 0
247.7 msec : 0
247.8 msec : 0
247.9 msec : 0
248.0 msec : 0
248.1 msec : 0
248.2 msec : 0
248.3 msec : 0
248.4 msec : 0
248.5 msec : 0
248.6 msec : 1
248.7 msec : 0
248.8 msec : 0
248.9 msec : 0
249.0 msec : 1
249.1 msec : 0
249.2 msec : 0
249.3 msec : 0
249.4 msec : 0
249.5 msec : 0
249.6 msec : 0
249.7 msec : 0
249.8 msec : 0
249.9 msec : 0
250.0 msec : 0
250.1 msec : 0
250.2 msec : 0
250.3 msec : 0
250.4 msec : 0
250.5 msec : 0
250.6 msec : 0
250.7 msec : 0
250.8 msec : 0
250.9 msec : 0
251.0 msec : 0
251.1 msec : 0
251.2 msec : 0
251.3 msec : 0
251.4 msec : 0
251.5 msec : 0
251.6 msec : 0
251.7 msec : 0
251.8 msec : 0
251.9 msec : 0
252.0 msec : 0
252.1 msec : 0
252.2 msec : 0
252.3 msec : 0
252.4 msec : 0
252.5 msec : 0
252.6 msec : 0
252.7 msec : 0
252.8 msec : 0
252.9 msec : 0
253.0 msec : 1
253.1 msec : 0
253.2 msec : 1
253.3 msec : 0
253.4 msec : 0
253.5 msec : 0
253.6 msec : 0
253.7 msec : 0
253.8 msec : 0
253.9 msec : 0
254.0 msec : 0
254.1 msec : 0
254.2 msec : 0
254.3 msec : 0
254.4 msec : 1
254.5 msec : 0
254.6 msec : 0
254.7 msec : 0
254.8 msec : 0
254.9 msec : 0
255.0 msec : 0
255.1 msec : 0
255.2 msec : 0
255.3 msec : 0
255.4 msec : 0
255.5 msec : 0
255.6 msec : 0
255.7 msec : 0
255.8 msec : 0
255.9 msec : 0
256.0 msec : 0
256.1 msec : 0
256.2 msec : 0
256.3 msec : 0
256.4 msec : 0
256.5 msec : 0
256.6 msec : 0
256.7 msec : 0
256.8 msec : 0
256.9 msec : 0
257.0 msec : 0
257.1 msec : 0
257.2 msec : 0
257.3 msec : 0
257.4 msec : 0
257.5 msec : 0
257.6 msec : 0
257.7 msec : 0
257.8 msec : 0
257.9 msec : 0
258.0 msec : 0
258.1 msec : 0
258.2 msec : 0
258.3 msec : 0
258.4 msec : 1
258.5 msec : 0
258.6 msec : 0
258.7 msec : 0
258.8 msec : 0
258.9 msec : 0
259.0 msec : 0
259.1 msec : 0
259.2 msec : 0
259.3 msec : 0
259.4 msec : 0
259.5 msec : 0
259.6 msec : 0
259.7 msec : 0
259.8 msec : 0
259.9 msec : 0
260.0 msec : 0
260.1 msec : 0
260.2 msec : 0
260.3 msec : 0
260.4 msec : 0
260.5 msec : 0
260.6 msec : 0
260.7 msec : 0
260.8 msec : 0
260.9 msec : 0
261.0 msec : 0
261.1 msec : 0
261.2 msec : 0
261.3 msec : 0
261.4 msec : 0
261.5 msec : 0
261.6 msec : 0
261.7 msec : 0
261.8 msec : 0
261.9 msec : 0
262.0 msec : 0
262.1 msec : 0
262.2 msec : 0
262.3 msec : 0
262.4 msec : 0
262.5 msec : 0
262.6 msec : 0
262.7 msec : 0
262.8 msec : 0
262.9 msec : 0
263.0 msec : 0
263.1 msec : 0
263.2 msec : 0
263.3 msec : 0
263.4 msec : 0
263.5 msec : 0
263.6 msec : 0
263.7 msec : 0
263.8 msec : 0
263.9 msec : 0
264.0 msec : 0
264.1 msec : 0
264.2 msec : 0
264.3 msec : 0
264.4 msec : 0
264.5 msec : 0
264.6 msec : 0
264.7 msec : 0
264.8 msec : 0
264.9 msec : 0
265.0 msec : 0
265.1 msec : 0
265.2 msec : 0
265.3 msec : 0
265.4 msec : 0
265.5 msec : 0
265.6 msec : 0
265.7 msec : 0
265.8 msec : 0
265.9 msec : 0
266.0 msec : 0
266.1 msec : 0
266.2 msec : 0
266.3 msec : 0
266.4 msec : 0
266.5 msec : 0
266.6 msec : 0
266.7 msec : 0
266.8 msec : 0
266.9 msec : 0
267.0 msec : 0
267.1 msec : 0
267.2 msec : 0
267.3 msec : 0
267.4 msec : 0
267.5 msec : 0
267.6 msec : 0
267.7 msec : 0
267.8 msec : 0
267.9 msec : 0
268.0 msec : 0
268.1 msec : 0
268.2 msec : 0
268.3 msec : 0
268.4 msec : 0
268.5 msec : 0
268.6 msec : 0
268.7 msec : 0
268.8 msec : 0
268.9 msec : 0
269.0 msec : 0
269.1 msec : 0
269.2 msec : 0
269.3 msec : 0
269.4 msec : 0
269.5 msec : 0
269.6 msec : 0
269.7 msec : 0
269.8 msec : 0
269.9 msec : 0
270.0 msec : 0
270.1 msec : 0
270.2 msec : 0
270.3 msec : 0
270.4 msec : 0
270.5 msec : 0
270.6 msec : 0
270.7 msec : 0
270.8 msec : 0
270.9 msec : 0
271.0 msec : 0
271.1 msec : 0
271.2 msec : 0
271.3 msec : 0
271.4 msec : 0
271.5 msec : 0
271.6 msec : 0
271.7 msec : 0
271.8 msec : 0
271.9 msec : 0
272.0 msec : 0
272.1 msec : 0
272.2 msec : 0
272.3 msec : 0
272.4 msec : 0
272.5 msec : 0
272.6 msec : 0
272.7 msec : 0
272.8 msec : 0
272.9 msec : 0
273.0 msec : 0
273.1 msec : 0
273.2 msec : 0
273.3 msec : 0
273.4 msec : 0
273.5 msec : 0
273.6 msec : 0
273.7 msec : 0
273.8 msec : 0
273.9 msec : 0
274.0 msec : 0
274.1 msec : 0
274.2 msec : 0
274.3 msec : 0
274.4 msec : 0
274.5 msec : 0
274.6 msec : 0
274.7 msec : 0
274.8 msec : 0
274.9 msec : 0
275.0 msec : 0
275.1 msec : 0
275.2 msec : 0
275.3 msec : 0
275.4 msec : 0
275.5 msec : 0
275.6 msec : 0
275.7 msec : 0
275.8 msec : 0
275.9 msec : 0
276.0 msec : 0
276.1 msec : 0
276.2 msec : 0
276.3 msec : 0
276.4 msec : 0
276.5 msec : 0
276.6 msec : 0
276.7 msec : 0
276.8 msec : 0
276.9 msec : 0
277.0 msec : 0
277.1 msec : 0
277.2 msec : 0
277.3 msec : 0
277.4 msec : 0
277.5 msec : 0
277.6 msec : 0
277.7 msec : 0
277.8 msec : 0
277.9 msec : 0
278.0 msec : 0
278.1 msec : 4
278.2 msec : 0
278.3 msec : 0
278.4 msec : 0
278.5 msec : 0
278.6 msec : 0
278.7 msec : 0
278.8 msec : 0
278.9 msec : 0
279.0 msec : 0
279.1 msec : 0
279.2 msec : 0
279.3 msec : 0
279.4 msec : 0
279.5 msec : 0
279.6 msec : 0
279.7 msec : 0
279.8 msec : 0
279.9 msec : 0
280.0 msec : 0
280.1 msec : 0
280.2 msec : 0
280.3 msec : 0
280.4 msec : 0
280.5 msec : 0
280.6 msec : 0
280.7 msec : 0
280.8 msec : 0
280.9 msec : 0
281.0 msec : 0
281.1 msec : 0
281.2 msec : 0
281.3 msec : 0
281.4 msec : 0
281.5 msec : 0
281.6 msec : 0
281.7 msec : 0
281.8 msec : 0
281.9 msec : 0
282.0 msec : 0
282.1 msec : 0
282.2 msec : 1
282.3 msec : 0
282.4 msec : 0
282.5 msec : 0
282.6 msec : 1
282.7 msec : 0
282.8 msec : 0
282.9 msec : 0
283.0 msec : 0
283.1 msec : 0
283.2 msec : 0
283.3 msec : 0
283.4 msec : 0
283.5 msec : 0
283.6 msec : 0
283.7 msec : 0
283.8 msec : 0
283.9 msec : 1
284.0 msec : 0
284.1 msec : 0
284.2 msec : 0
284.3 msec : 0
284.4 msec : 0
284.5 msec : 0
284.6 msec : 0
284.7 msec : 0
284.8 msec : 0
284.9 msec : 0
285.0 msec : 0
285.1 msec : 0
285.2 msec : 0
285.3 msec : 0
285.4 msec : 0
285.5 msec : 0
285.6 msec : 0
285.7 msec : 0
285.8 msec : 0
285.9 msec : 0
286.0 msec : 0
286.1 msec : 0
286.2 msec : 0
286.3 msec : 0
286.4 msec : 0
286.5 msec : 0
286.6 msec : 0
286.7 msec : 0
286.8 msec : 0
286.9 msec : 0
287.0 msec : 0
287.1 msec : 0
287.2 msec : 0
287.3 msec : 0
287.4 msec : 0
287.5 msec : 0
287.6 msec : 0
287.7 msec : 0
287.8 msec : 0
287.9 msec : 0
288.0 msec : 0
288.1 msec : 0
288.2 msec : 0
288.3 msec : 0
288.4 msec : 0
288.5 msec : 0
288.6 msec : 0
288.7 msec : 0
288.8 msec : 0
288.9 msec : 0
289.0 msec : 0
289.1 msec : 0
289.2 msec : 0
289.3 msec : 0
289.4 msec : 0
289.5 msec : 0
289.6 msec : 0
289.7 msec : 0
289.8 msec : 0
289.9 msec : 0
290.0 msec : 0
290.1 msec : 0
290.2 msec : 0
290.3 msec : 0
290.4 msec : 0
290.5 msec : 0
290.6 msec : 0
290.7 msec : 0
290.8 msec : 0
290.9 msec : 0
291.0 msec : 0
291.1 msec : 0
291.2 msec : 0
291.3 msec : 0
291.4 msec : 0
291.5 msec : 0
291.6 msec : 0
291.7 msec : 0
291.8 msec : 0
291.9 msec : 0
292.0 msec : 0
292.1 msec : 0
292.2 msec : 0
292.3 msec : 0
292.4 msec : 0
292.5 msec : 0
292.6 msec : 0
292.7 msec : 0
292.8 msec : 0
292.9 msec : 0
293.0 msec : 0
293.1 msec : 0
293.2 msec : 0
293.3 msec : 0
293.4 msec : 0
293.5 msec : 0
293.6 msec : 0
293.7 msec : 0
293.8 msec : 0
293.9 msec : 0
294.0 msec : 0
294.1 msec : 0
294.2 msec : 0
294.3 msec : 0
294.4 msec : 0
294.5 msec : 0
294.6 msec : 0
294.7 msec : 0
294.8 msec : 0
294.9 msec : 0
295.0 msec : 0
295.1 msec : 0
295.2 msec : 0
295.3 msec : 0
295.4 msec : 0
295.5 msec : 0
295.6 msec : 0
295.7 msec : 0
295.8 msec : 0
295.9 msec : 0
296.0 msec : 0
296.1 msec : 0
296.2 msec : 0
296.3 msec : 0
296.4 msec : 0
296.5 msec : 0
296.6 msec : 0
296.7 msec : 0
296.8 msec : 0
296.9 msec : 0
297.0 msec : 0
297.1 msec : 0
297.2 msec : 0
297.3 msec : 0
297.4 msec : 0
297.5 msec : 0
297.6 msec : 0
297.7 msec : 0
297.8 msec : 0
297.9 msec : 0
298.0 msec : 0
298.1 msec : 0
298.2 msec : 0
298.3 msec : 0
298.4 msec : 0
298.5 msec : 0
298.6 msec : 0
298.7 msec : 0
298.8 msec : 0
298.9 msec : 0
299.0 msec : 0
299.1 msec : 0
299.2 msec : 0
299.3 msec : 0
299.4 msec : 0
299.5 msec : 0
299.6 msec : 0
299.7 msec : 0
299.8 msec : 0
299.9 msec : 0
300.0 msec : 0
300.1 msec : 0
300.2 msec : 0
300.3 msec : 0
300.4 msec : 0
300.5 msec : 0
300.6 msec : 0
300.7 msec : 0
300.8 msec : 0
300.9 msec : 0
301.0 msec : 0
301.1 msec : 0
301.2 msec : 0
301.3 msec : 0
301.4 msec : 0
301.5 msec : 0
301.6 msec : 0
301.7 msec : 0
301.8 msec : 0
301.9 msec : 0
302.0 msec : 0
302.1 msec : 0
302.2 msec : 0
302.3 msec : 0
302.4 msec : 0
302.5 msec : 0
302.6 msec : 0
302.7 msec : 0
302.8 msec : 0
302.9 msec : 0
303.0 msec : 0
303.1 msec : 0
303.2 msec : 0
303.3 msec : 0
303.4 msec : 0
303.5 msec : 0
303.6 msec : 0
303.7 msec : 0
303.8 msec : 0
303.9 msec : 0
304.0 msec : 0
304.1 msec : 0
304.2 msec : 0
304.3 msec : 0
304.4 msec : 0
304.5 msec : 0
304.6 msec : 0
304.7 msec : 0
304.8 msec : 0
304.9 msec : 0
305.0 msec : 0
305.1 msec : 0
305.2 msec : 0
305.3 msec : 0
305.4 msec : 0
305.5 msec : 0
305.6 msec : 0
305.7 msec : 0
305.8 msec : 0
305.9 msec : 0
306.0 msec : 0
306.1 msec : 0
306.2 msec : 0
306.3 msec : 0
306.4 msec : 0
306.5 msec : 0
306.6 msec : 0
306.7 msec : 0
306.8 msec : 0
306.9 msec : 0
307.0 msec : 0
307.1 msec : 0
307.2 msec : 0
307.3 msec : 0
307.4 msec : 1
307.5 msec : 0
307.6 msec : 0
307.7 msec : 0
307.8 msec : 0
307.9 msec : 0
308.0 msec : 0
308.1 msec : 0
308.2 msec : 0
308.3 msec : 0
308.4 msec : 0
308.5 msec : 0
308.6 msec : 0
308.7 msec : 0
308.8 msec : 0
308.9 msec : 0
309.0 msec : 0
309.1 msec : 0
309.2 msec : 0
309.3 msec : 0
309.4 msec : 0
309.5 msec : 0
309.6 msec : 0
309.7 msec : 0
309.8 msec : 0
309.9 msec : 0
310.0 msec : 0
310.1 msec : 0
310.2 msec : 0
310.3 msec : 0
310.4 msec : 0
310.5 msec : 0
310.6 msec : 0
310.7 msec : 0
310.8 msec : 0
310.9 msec : 0
311.0 msec : 0
311.1 msec : 0
311.2 msec : 0
311.3 msec : 0
311.4 msec : 0
311.5 msec : 0
311.6 msec : 0
311.7 msec : 0
311.8 msec : 0
311.9 msec : 0
312.0 msec : 1
312.1 msec : 0
312.2 msec : 0
312.3 msec : 0
312.4 msec : 0
312.5 msec : 0
312.6 msec : 0
312.7 msec : 0
312.8 msec : 0
312.9 msec : 0
313.0 msec : 0
313.1 msec : 0
313.2 msec : 0
313.3 msec : 0
313.4 msec : 2
313.5 msec : 0
313.6 msec : 0
313.7 msec : 0
313.8 msec : 0
313.9 msec : 0
314.0 msec : 0
314.1 msec : 0
314.2 msec : 0
314.3 msec : 0
314.4 msec : 0
314.5 msec : 0
314.6 msec : 0
314.7 msec : 0
314.8 msec : 0
314.9 msec : 0
315.0 msec : 0
315.1 msec : 0
315.2 msec : 0
315.3 msec : 0
315.4 msec : 0
315.5 msec : 0
315.6 msec : 0
315.7 msec : 0
315.8 msec : 0
315.9 msec : 0
316.0 msec : 0
316.1 msec : 0
316.2 msec : 0
316.3 msec : 0
316.4 msec : 0
316.5 msec : 0
316.6 msec : 0
316.7 msec : 0
316.8 msec : 0
316.9 msec : 0
317.0 msec : 0
317.1 msec : 0
317.2 msec : 0
317.3 msec : 0
317.4 msec : 0
317.5 msec : 0
317.6 msec : 0
317.7 msec : 0
317.8 msec : 0
317.9 msec : 0
318.0 msec : 0
318.1 msec : 0
318.2 msec : 0
318.3 msec : 0
318.4 msec : 0
318.5 msec : 0
318.6 msec : 0
318.7 msec : 0
318.8 msec : 0
318.9 msec : 0
319.0 msec : 0
319.1 msec : 0
319.2 msec : 0
319.3 msec : 0
319.4 msec : 0
319.5 msec : 0
319.6 msec : 0
319.7 msec : 0
319.8 msec : 0
319.9 msec : 0
320.0 msec : 0
320.1 msec : 0
320.2 msec : 0
320.3 msec : 0
320.4 msec : 0
320.5 msec : 0
320.6 msec : 0
320.7 msec : 0
320.8 msec : 0
320.9 msec : 0
321.0 msec : 0
321.1 msec : 0
321.2 msec : 0
321.3 msec : 0
321.4 msec : 0
321.5 msec : 0
321.6 msec : 0
321.7 msec : 0
321.8 msec : 0
321.9 msec : 0
322.0 msec : 0
322.1 msec : 0
322.2 msec : 0
322.3 msec : 0
322.4 msec : 0
322.5 msec : 0
322.6 msec : 0
322.7 msec : 0
322.8 msec : 0
322.9 msec : 0
323.0 msec : 0
323.1 msec : 0
323.2 msec : 0
323.3 msec : 0
323.4 msec : 0
323.5 msec : 0
323.6 msec : 0
323.7 msec : 0
323.8 msec : 0
323.9 msec : 0
324.0 msec : 0
324.1 msec : 0
324.2 msec : 0
324.3 msec : 0
324.4 msec : 0
324.5 msec : 0
324.6 msec : 0
324.7 msec : 0
324.8 msec : 0
324.9 msec : 0
325.0 msec : 0
325.1 msec : 0
325.2 msec : 0
325.3 msec : 0
325.4 msec : 0
325.5 msec : 0
325.6 msec : 0
325.7 msec : 0
325.8 msec : 0
325.9 msec : 0
326.0 msec : 0
326.1 msec : 0
326.2 msec : 0
326.3 msec : 0
326.4 msec : 0
326.5 msec : 0
326.6 msec : 0
326.7 msec : 0
326.8 msec : 0
326.9 msec : 0
327.0 msec : 0
327.1 msec : 1
327.2 msec : 0
327.3 msec : 0
327.4 msec : 0
327.5 msec : 0
327.6 msec : 0
327.7 msec : 0
327.8 msec : 0
327.9 msec : 0
328.0 msec : 0
328.1 msec : 0
328.2 msec : 0
328.3 msec : 0
328.4 msec : 0
328.5 msec : 0
328.6 msec : 0
328.7 msec : 0
328.8 msec : 0
328.9 msec : 0
329.0 msec : 0
329.1 msec : 0
329.2 msec : 0
329.3 msec : 0
329.4 msec : 0
329.5 msec : 0
329.6 msec : 0
329.7 msec : 0
329.8 msec : 0
329.9 msec : 0
330.0 msec : 0
330.1 msec : 0
330.2 msec : 0
330.3 msec : 0
330.4 msec : 0
330.5 msec : 0
330.6 msec : 0
330.7 msec : 0
330.8 msec : 0
330.9 msec : 0
331.0 msec : 0
331.1 msec : 0
331.2 msec : 0
331.3 msec : 0
331.4 msec : 0
331.5 msec : 0
331.6 msec : 0
331.7 msec : 0
331.8 msec : 0
331.9 msec : 0
332.0 msec : 0
332.1 msec : 0
332.2 msec : 0
332.3 msec : 0
332.4 msec : 0
332.5 msec : 0
332.6 msec : 0
332.7 msec : 0
332.8 msec : 0
332.9 msec : 0
333.0 msec : 0
333.1 msec : 0
333.2 msec : 0
333.3 msec : 0
333.4 msec : 0
333.5 msec : 0
333.6 msec : 0
333.7 msec : 0
333.8 msec : 0
333.9 msec : 0
334.0 msec : 0
334.1 msec : 0
334.2 msec : 0
334.3 msec : 0
334.4 msec : 0
334.5 msec : 0
334.6 msec : 0
334.7 msec : 0
334.8 msec : 0
334.9 msec : 0
335.0 msec : 0
335.1 msec : 0
335.2 msec : 0
335.3 msec : 0
335.4 msec : 0
335.5 msec : 0
335.6 msec : 0
335.7 msec : 0
335.8 msec : 0
335.9 msec : 0
336.0 msec : 0
336.1 msec : 0
336.2 msec : 0
336.3 msec : 0
336.4 msec : 1
336.5 msec : 0
336.6 msec : 0
336.7 msec : 0
336.8 msec : 2
336.9 msec : 0
337.0 msec : 0
337.1 msec : 1
337.2 msec : 0
337.3 msec : 0
337.4 msec : 0
337.5 msec : 0
337.6 msec : 0
337.7 msec : 0
337.8 msec : 0
337.9 msec : 0
338.0 msec : 0
338.1 msec : 0
338.2 msec : 0
338.3 msec : 0
338.4 msec : 0
338.5 msec : 0
338.6 msec : 0
338.7 msec : 0
338.8 msec : 0
338.9 msec : 0
339.0 msec : 0
339.1 msec : 0
339.2 msec : 0
339.3 msec : 0
339.4 msec : 0
339.5 msec : 0
339.6 msec : 0
339.7 msec : 0
339.8 msec : 0
339.9 msec : 0
340.0 msec : 0
340.1 msec : 0
340.2 msec : 0
340.3 msec : 0
340.4 msec : 0
340.5 msec : 0
340.6 msec : 0
340.7 msec : 0
340.8 msec : 0
340.9 msec : 0
341.0 msec : 0
341.1 msec : 0
341.2 msec : 0
341.3 msec : 0
341.4 msec : 3
341.5 msec : 0
341.6 msec : 0
341.7 msec : 0
341.8 msec : 0
341.9 msec : 0
342.0 msec : 0
342.1 msec : 0
342.2 msec : 0
342.3 msec : 0
342.4 msec : 0
342.5 msec : 0
342.6 msec : 0
342.7 msec : 0
342.8 msec : 0
342.9 msec : 0
343.0 msec : 0
343.1 msec : 0
343.2 msec : 0
343.3 msec : 0
343.4 msec : 0
343.5 msec : 0
343.6 msec : 0
343.7 msec : 0
343.8 msec : 0
343.9 msec : 0
344.0 msec : 0
344.1 msec : 0
344.2 msec : 0
344.3 msec : 0
344.4 msec : 0
344.5 msec : 0
344.6 msec : 0
344.7 msec : 0
344.8 msec : 0
344.9 msec : 0
345.0 msec : 0
345.1 msec : 0
345.2 msec : 0
345.3 msec : 0
345.4 msec : 0
345.5 msec : 0
345.6 msec : 0
345.7 msec : 0
345.8 msec : 0
345.9 msec : 0
346.0 msec : 0
346.1 msec : 0
346.2 msec : 0
346.3 msec : 0
346.4 msec : 0
346.5 msec : 0
346.6 msec : 0
346.7 msec : 0
346.8 msec : 0
346.9 msec : 0
347.0 msec : 0
347.1 msec : 0
347.2 msec : 0
347.3 msec : 0
347.4 msec : 0
347.5 msec : 0
347.6 msec : 0
347.7 msec : 0
347.8 msec : 0
347.9 msec : 0
348.0 msec : 0
348.1 msec : 0
348.2 msec : 0
348.3 msec : 0
348.4 msec : 0
348.5 msec : 0
348.6 msec : 0
348.7 msec : 0
348.8 msec : 0
348.9 msec : 0
349.0 msec : 0
349.1 msec : 0
349.2 msec : 0
349.3 msec : 0
349.4 msec : 0
349.5 msec : 0
349.6 msec : 0
349.7 msec : 0
349.8 msec : 0
349.9 msec : 0
350.0 msec : 0
350.1 msec : 0
350.2 msec : 0
350.3 msec : 0
350.4 msec : 0
350.5 msec : 0
350.6 msec : 0
350.7 msec : 0
350.8 msec : 0
350.9 msec : 0
351.0 msec : 0
351.1 msec : 0
351.2 msec : 0
351.3 msec : 0
351.4 msec : 0
351.5 msec : 0
351.6 msec : 0
351.7 msec : 0
351.8 msec : 0
351.9 msec : 0
352.0 msec : 0
352.1 msec : 0
352.2 msec : 0
352.3 msec : 0
352.4 msec : 0
352.5 msec : 0
352.6 msec : 0
352.7 msec : 0
352.8 msec : 0
352.9 msec : 0
353.0 msec : 0
353.1 msec : 0
353.2 msec : 0
353.3 msec : 0
353.4 msec : 0
353.5 msec : 0
353.6 msec : 0
353.7 msec : 0
353.8 msec : 0
353.9 msec : 0
354.0 msec : 0
354.1 msec : 0
354.2 msec : 0
354.3 msec : 0
354.4 msec : 0
354.5 msec : 0
354.6 msec : 0
354.7 msec : 0
354.8 msec : 0
354.9 msec : 0
355.0 msec : 0
355.1 msec : 0
355.2 msec : 0
355.3 msec : 0
355.4 msec : 0
355.5 msec : 0
355.6 msec : 0
355.7 msec : 0
355.8 msec : 0
355.9 msec : 0
356.0 msec : 0
356.1 msec : 0
356.2 msec : 0
356.3 msec : 0
356.4 msec : 0
356.5 msec : 0
356.6 msec : 0
356.7 msec : 0
356.8 msec : 0
356.9 msec : 0
357.0 msec : 0
357.1 msec : 0
357.2 msec : 0
357.3 msec : 0
357.4 msec : 0
357.5 msec : 0
357.6 msec : 0
357.7 msec : 0
357.8 msec : 0
357.9 msec : 0
358.0 msec : 0
358.1 msec : 0
358.2 msec : 0
358.3 msec : 0
358.4 msec : 0
358.5 msec : 0
358.6 msec : 0
358.7 msec : 0
358.8 msec : 0
358.9 msec : 0
359.0 msec : 0
359.1 msec : 0
359.2 msec : 0
359.3 msec : 0
359.4 msec : 0
359.5 msec : 0
359.6 msec : 0
359.7 msec : 0
359.8 msec : 0
359.9 msec : 0
360.0 msec : 0
360.1 msec : 0
360.2 msec : 0
360.3 msec : 0
360.4 msec : 0
360.5 msec : 0
360.6 msec : 0
360.7 msec : 0
360.8 msec : 0
360.9 msec : 0
361.0 msec : 0
361.1 msec : 0
361.2 msec : 0
361.3 msec : 0
361.4 msec : 0
361.5 msec : 0
361.6 msec : 0
361.7 msec : 0
361.8 msec : 0
361.9 msec : 0
362.0 msec : 0
362.1 msec : 0
362.2 msec : 0
362.3 msec : 0
362.4 msec : 0
362.5 msec : 0
362.6 msec : 0
362.7 msec : 0
362.8 msec : 0
362.9 msec : 0
363.0 msec : 0
363.1 msec : 0
363.2 msec : 0
363.3 msec : 0
363.4 msec : 0
363.5 msec : 0
363.6 msec : 0
363.7 msec : 0
363.8 msec : 0
363.9 msec : 0
364.0 msec : 0
364.1 msec : 0
364.2 msec : 0
364.3 msec : 0
364.4 msec : 0
364.5 msec : 0
364.6 msec : 0
364.7 msec : 0
364.8 msec : 0
364.9 msec : 0
365.0 msec : 0
365.1 msec : 0
365.2 msec : 0
365.3 msec : 0
365.4 msec : 0
365.5 msec : 0
365.6 msec : 0
365.7 msec : 0
365.8 msec : 0
365.9 msec : 0
366.0 msec : 0
366.1 msec : 0
366.2 msec : 0
366.3 msec : 0
366.4 msec : 0
366.5 msec : 0
366.6 msec : 0
366.7 msec : 0
366.8 msec : 0
366.9 msec : 0
367.0 msec : 0
367.1 msec : 0
367.2 msec : 0
367.3 msec : 0
367.4 msec : 0
367.5 msec : 0
367.6 msec : 0
367.7 msec : 0
367.8 msec : 0
367.9 msec : 0
368.0 msec : 0
368.1 msec : 0
368.2 msec : 0
368.3 msec : 0
368.4 msec : 0
368.5 msec : 0
368.6 msec : 0
368.7 msec : 0
368.8 msec : 0
368.9 msec : 0
369.0 msec : 0
369.1 msec : 0
369.2 msec : 0
369.3 msec : 0
369.4 msec : 0
369.5 msec : 0
369.6 msec : 0
369.7 msec : 0
369.8 msec : 0
369.9 msec : 0
370.0 msec : 0
370.1 msec : 0
370.2 msec : 0
370.3 msec : 0
370.4 msec : 0
370.5 msec : 0
370.6 msec : 0
370.7 msec : 0
370.8 msec : 0
370.9 msec : 0
371.0 msec : 1
371.1 msec : 0
371.2 msec : 0
371.3 msec : 0
371.4 msec : 0
371.5 msec : 0
371.6 msec : 0
371.7 msec : 2
371.8 msec : 0
371.9 msec : 0
372.0 msec : 0
372.1 msec : 0
372.2 msec : 0
372.3 msec : 0
372.4 msec : 0
372.5 msec : 0
372.6 msec : 0
372.7 msec : 0
372.8 msec : 0
372.9 msec : 0
373.0 msec : 0
373.1 msec : 0
373.2 msec : 0
373.3 msec : 0
373.4 msec : 0
373.5 msec : 0
373.6 msec : 0
373.7 msec : 0
373.8 msec : 0
373.9 msec : 0
374.0 msec : 0
374.1 msec : 0
374.2 msec : 0
374.3 msec : 0
374.4 msec : 0
374.5 msec : 0
374.6 msec : 0
374.7 msec : 0
374.8 msec : 0
374.9 msec : 0
375.0 msec : 0
375.1 msec : 0
375.2 msec : 0
375.3 msec : 0
375.4 msec : 0
375.5 msec : 0
375.6 msec : 0
375.7 msec : 0
375.8 msec : 0
375.9 msec : 0
376.0 msec : 0
376.1 msec : 0
376.2 msec : 0
376.3 msec : 0
376.4 msec : 0
376.5 msec : 1
376.6 msec : 0
376.7 msec : 0
376.8 msec : 0
376.9 msec : 0
377.0 msec : 0
377.1 msec : 1
377.2 msec : 0
377.3 msec : 0
377.4 msec : 0
377.5 msec : 0
377.6 msec : 0
377.7 msec : 0
377.8 msec : 0
377.9 msec : 0
378.0 msec : 0
378.1 msec : 0
378.2 msec : 0
378.3 msec : 0
378.4 msec : 0
378.5 msec : 0
378.6 msec : 0
378.7 msec : 0
378.8 msec : 0
378.9 msec : 0
379.0 msec : 0
379.1 msec : 0
379.2 msec : 0
379.3 msec : 0
379.4 msec : 0
379.5 msec : 0
379.6 msec : 0
379.7 msec : 0
379.8 msec : 0
379.9 msec : 0
380.0 msec : 0
380.1 msec : 0
380.2 msec : 0
380.3 msec : 0
380.4 msec : 0
380.5 msec : 0
380.6 msec : 0
380.7 msec : 0
380.8 msec : 0
380.9 msec : 0
381.0 msec : 0
381.1 msec : 0
381.2 msec : 0
381.3 msec : 0
381.4 msec : 0
381.5 msec : 0
381.6 msec : 0
381.7 msec : 0
381.8 msec : 0
381.9 msec : 0
382.0 msec : 0
382.1 msec : 0
382.2 msec : 0
382.3 msec : 0
382.4 msec : 0
382.5 msec : 0
382.6 msec : 0
382.7 msec : 0
382.8 msec : 0
382.9 msec : 0
383.0 msec : 0
383.1 msec : 0
383.2 msec : 0
383.3 msec : 0
383.4 msec : 0
383.5 msec : 0
383.6 msec : 0
383.7 msec : 0
383.8 msec : 0
383.9 msec : 0
384.0 msec : 0
384.1 msec : 0
384.2 msec : 0
384.3 msec : 0
384.4 msec : 0
384.5 msec : 0
384.6 msec : 0
384.7 msec : 0
384.8 msec : 0
384.9 msec : 0
385.0 msec : 0
385.1 msec : 0
385.2 msec : 0
385.3 msec : 0
385.4 msec : 0
385.5 msec : 0
385.6 msec : 0
385.7 msec : 0
385.8 msec : 0
385.9 msec : 0
386.0 msec : 0
386.1 msec : 0
386.2 msec : 0
386.3 msec : 0
386.4 msec : 0
386.5 msec : 0
386.6 msec : 0
386.7 msec : 0
386.8 msec : 0
386.9 msec : 0
387.0 msec : 0
387.1 msec : 0
387.2 msec : 0
387.3 msec : 0
387.4 msec : 0
387.5 msec : 0
387.6 msec : 0
387.7 msec : 0
387.8 msec : 0
387.9 msec : 0
388.0 msec : 0
388.1 msec : 0
388.2 msec : 0
388.3 msec : 0
388.4 msec : 0
388.5 msec : 0
388.6 msec : 0
388.7 msec : 0
388.8 msec : 0
388.9 msec : 0
389.0 msec : 0
389.1 msec : 0
389.2 msec : 0
389.3 msec : 0
389.4 msec : 0
389.5 msec : 0
389.6 msec : 0
389.7 msec : 0
389.8 msec : 0
389.9 msec : 0
390.0 msec : 0
390.1 msec : 0
390.2 msec : 0
390.3 msec : 0
390.4 msec : 0
390.5 msec : 0
390.6 msec : 0
390.7 msec : 0
390.8 msec : 0
390.9 msec : 0
391.0 msec : 0
391.1 msec : 0
391.2 msec : 0
391.3 msec : 0
391.4 msec : 0
391.5 msec : 0
391.6 msec : 0
391.7 msec : 0
391.8 msec : 0
391.9 msec : 1
392.0 msec : 0
392.1 msec : 0
392.2 msec : 0
392.3 msec : 0
392.4 msec : 0
392.5 msec : 0
392.6 msec : 0
392.7 msec : 0
392.8 msec : 0
392.9 msec : 0
393.0 msec : 0
393.1 msec : 0
393.2 msec : 0
393.3 msec : 0
393.4 msec : 0
393.5 msec : 0
393.6 msec : 0
393.7 msec : 0
393.8 msec : 0
393.9 msec : 0
394.0 msec : 0
394.1 msec : 0
394.2 msec : 0
394.3 msec : 0
394.4 msec : 0
394.5 msec : 0
394.6 msec : 0
394.7 msec : 0
394.8 msec : 0
394.9 msec : 0
395.0 msec : 0
395.1 msec : 0
395.2 msec : 0
395.3 msec : 0
395.4 msec : 0
395.5 msec : 0
395.6 msec : 0
395.7 msec : 0
395.8 msec : 0
395.9 msec : 0
396.0 msec : 0
396.1 msec : 0
396.2 msec : 0
396.3 msec : 0
396.4 msec : 0
396.5 msec : 0
396.6 msec : 0
396.7 msec : 0
396.8 msec : 0
396.9 msec : 0
397.0 msec : 0
397.1 msec : 0
397.2 msec : 0
397.3 msec : 0
397.4 msec : 0
397.5 msec : 0
397.6 msec : 0
397.7 msec : 0
397.8 msec : 0
397.9 msec : 0
398.0 msec : 0
398.1 msec : 0
398.2 msec : 0
398.3 msec : 0
398.4 msec : 0
398.5 msec : 0
398.6 msec : 0
398.7 msec : 0
398.8 msec : 0
398.9 msec : 0
399.0 msec : 0
399.1 msec : 0
399.2 msec : 0
399.3 msec : 0
399.4 msec : 0
399.5 msec : 0
399.6 msec : 0
399.7 msec : 0
399.8 msec : 0
399.9 msec : 0
400.0 msec : 0
400.1 msec : 0
400.2 msec : 2
400.3 msec : 0
400.4 msec : 0
400.5 msec : 0
400.6 msec : 0
400.7 msec : 0
400.8 msec : 0
400.9 msec : 0
401.0 msec : 0
401.1 msec : 0
401.2 msec : 1
401.3 msec : 0
401.4 msec : 1
401.5 msec : 0
401.6 msec : 0
401.7 msec : 0
401.8 msec : 0
401.9 msec : 0
402.0 msec : 0
402.1 msec : 0
402.2 msec : 0
402.3 msec : 0
402.4 msec : 0
402.5 msec : 0
402.6 msec : 0
402.7 msec : 0
402.8 msec : 0
402.9 msec : 0
403.0 msec : 0
403.1 msec : 0
403.2 msec : 0
403.3 msec : 0
403.4 msec : 0
403.5 msec : 0
403.6 msec : 0
403.7 msec : 0
403.8 msec : 0
403.9 msec : 0
404.0 msec : 0
404.1 msec : 0
404.2 msec : 0
404.3 msec : 0
404.4 msec : 0
404.5 msec : 0
404.6 msec : 0
404.7 msec : 0
404.8 msec : 0
404.9 msec : 0
405.0 msec : 0
405.1 msec : 0
405.2 msec : 0
405.3 msec : 0
405.4 msec : 0
405.5 msec : 0
405.6 msec : 0
405.7 msec : 0
405.8 msec : 0
405.9 msec : 0
406.0 msec : 0
406.1 msec : 0
406.2 msec : 0
406.3 msec : 0
406.4 msec : 0
406.5 msec : 0
406.6 msec : 0
406.7 msec : 0
406.8 msec : 0
406.9 msec : 0
407.0 msec : 0
407.1 msec : 0
407.2 msec : 0
407.3 msec : 0
407.4 msec : 0
407.5 msec : 0
407.6 msec : 0
407.7 msec : 0
407.8 msec : 0
407.9 msec : 0
408.0 msec : 0
408.1 msec : 0
408.2 msec : 0
408.3 msec : 0
408.4 msec : 0
408.5 msec : 0
408.6 msec : 0
408.7 msec : 0
408.8 msec : 0
408.9 msec : 0
409.0 msec : 0
409.1 msec : 0
409.2 msec : 0
409.3 msec : 0
409.4 msec : 0
409.5 msec : 0
409.6 msec : 0
409.7 msec : 0
409.8 msec : 0
409.9 msec : 0
410.0 msec : 0
410.1 msec : 0
410.2 msec : 0
410.3 msec : 0
410.4 msec : 0
410.5 msec : 0
410.6 msec : 0
410.7 msec : 0
410.8 msec : 0
410.9 msec : 0
411.0 msec : 0
411.1 msec : 0
411.2 msec : 0
411.3 msec : 0
411.4 msec : 0
411.5 msec : 0
411.6 msec : 0
411.7 msec : 0
411.8 msec : 0
411.9 msec : 0
412.0 msec : 0
412.1 msec : 0
412.2 msec : 0
412.3 msec : 0
412.4 msec : 0
412.5 msec : 0
412.6 msec : 0
412.7 msec : 0
412.8 msec : 0
412.9 msec : 0
413.0 msec : 0
413.1 msec : 0
413.2 msec : 0
413.3 msec : 0
413.4 msec : 0
413.5 msec : 0
413.6 msec : 0
413.7 msec : 0
413.8 msec : 0
413.9 msec : 0
414.0 msec : 0
414.1 msec : 0
414.2 msec : 0
414.3 msec : 0
414.4 msec : 0
414.5 msec : 0
414.6 msec : 0
414.7 msec : 0
414.8 msec : 0
414.9 msec : 0
415.0 msec : 0
415.1 msec : 0
415.2 msec : 2
415.3 msec : 0
415.4 msec : 1
415.5 msec : 0
415.6 msec : 0
415.7 msec : 0
415.8 msec : 0
415.9 msec : 0
416.0 msec : 0
416.1 msec : 0
416.2 msec : 0
416.3 msec : 0
416.4 msec : 0
416.5 msec : 0
416.6 msec : 0
416.7 msec : 0
416.8 msec : 0
416.9 msec : 0
417.0 msec : 0
417.1 msec : 0
417.2 msec : 0
417.3 msec : 0
417.4 msec : 0
417.5 msec : 0
417.6 msec : 0
417.7 msec : 0
417.8 msec : 0
417.9 msec : 0
418.0 msec : 0
418.1 msec : 0
418.2 msec : 0
418.3 msec : 0
418.4 msec : 0
418.5 msec : 0
418.6 msec : 0
418.7 msec : 0
418.8 msec : 0
418.9 msec : 0
419.0 msec : 0
419.1 msec : 0
419.2 msec : 0
419.3 msec : 0
419.4 msec : 0
419.5 msec : 0
419.6 msec : 0
419.7 msec : 0
419.8 msec : 0
419.9 msec : 0
420.0 msec : 0
420.1 msec : 0
420.2 msec : 0
420.3 msec : 0
420.4 msec : 0
420.5 msec : 0
420.6 msec : 0
420.7 msec : 0
420.8 msec : 0
420.9 msec : 0
421.0 msec : 0
421.1 msec : 0
421.2 msec : 0
421.3 msec : 0
421.4 msec : 0
421.5 msec : 0
421.6 msec : 0
421.7 msec : 0
421.8 msec : 0
421.9 msec : 0
422.0 msec : 0
422.1 msec : 0
422.2 msec : 0
422.3 msec : 0
422.4 msec : 0
422.5 msec : 0
422.6 msec : 0
422.7 msec : 0
422.8 msec : 0
422.9 msec : 0
423.0 msec : 0
423.1 msec : 0
423.2 msec : 0
423.3 msec : 0
423.4 msec : 0
423.5 msec : 0
423.6 msec : 0
423.7 msec : 0
423.8 msec : 0
423.9 msec : 0
424.0 msec : 0
424.1 msec : 0
424.2 msec : 0
424.3 msec : 0
424.4 msec : 0
424.5 msec : 0
424.6 msec : 0
424.7 msec : 0
424.8 msec : 0
424.9 msec : 0
425.0 msec : 0
425.1 msec : 0
425.2 msec : 0
425.3 msec : 0
425.4 msec : 0
425.5 msec : 0
425.6 msec : 0
425.7 msec : 0
425.8 msec : 0
425.9 msec : 0
426.0 msec : 0
426.1 msec : 0
426.2 msec : 0
426.3 msec : 0
426.4 msec : 0
426.5 msec : 0
426.6 msec : 0
426.7 msec : 0
426.8 msec : 0
426.9 msec : 0
427.0 msec : 0
427.1 msec : 0
427.2 msec : 0
427.3 msec : 0
427.4 msec : 0
427.5 msec : 0
427.6 msec : 0
427.7 msec : 0
427.8 msec : 0
427.9 msec : 0
428.0 msec : 0
428.1 msec : 0
428.2 msec : 0
428.3 msec : 0
428.4 msec : 0
428.5 msec : 0
428.6 msec : 0
428.7 msec : 0
428.8 msec : 0
428.9 msec : 0
429.0 msec : 0
429.1 msec : 0
429.2 msec : 0
429.3 msec : 0
429.4 msec : 0
429.5 msec : 0
429.6 msec : 0
429.7 msec : 1
429.8 msec : 1
429.9 msec : 0
430.0 msec : 0
430.1 msec : 0
430.2 msec : 0
430.3 msec : 0
430.4 msec : 0
430.5 msec : 0
430.6 msec : 0
430.7 msec : 0
430.8 msec : 0
430.9 msec : 0
431.0 msec : 0
431.1 msec : 0
431.2 msec : 0
431.3 msec : 0
431.4 msec : 0
431.5 msec : 0
431.6 msec : 0
431.7 msec : 0
431.8 msec : 0
431.9 msec : 0
432.0 msec : 0
432.1 msec : 0
432.2 msec : 0
432.3 msec : 0
432.4 msec : 0
432.5 msec : 0
432.6 msec : 0
432.7 msec : 0
432.8 msec : 0
432.9 msec : 0
433.0 msec : 0
433.1 msec : 0
433.2 msec : 0
433.3 msec : 0
433.4 msec : 0
433.5 msec : 0
433.6 msec : 0
433.7 msec : 0
433.8 msec : 0
433.9 msec : 0
434.0 msec : 0
434.1 msec : 0
434.2 msec : 0
434.3 msec : 0
434.4 msec : 0
434.5 msec : 0
434.6 msec : 0
434.7 msec : 0
434.8 msec : 0
434.9 msec : 0
435.0 msec : 0
435.1 msec : 0
435.2 msec : 0
435.3 msec : 0
435.4 msec : 0
435.5 msec : 0
435.6 msec : 0
435.7 msec : 0
435.8 msec : 0
435.9 msec : 0
436.0 msec : 0
436.1 msec : 0
436.2 msec : 0
436.3 msec : 0
436.4 msec : 0
436.5 msec : 0
436.6 msec : 0
436.7 msec : 0
436.8 msec : 0
436.9 msec : 0
437.0 msec : 0
437.1 msec : 0
437.2 msec : 0
437.3 msec : 0
437.4 msec : 0
437.5 msec : 0
437.6 msec : 0
437.7 msec : 0
437.8 msec : 0
437.9 msec : 0
438.0 msec : 0
438.1 msec : 0
438.2 msec : 0
438.3 msec : 0
438.4 msec : 0
438.5 msec : 0
438.6 msec : 0
438.7 msec : 0
438.8 msec : 0
438.9 msec : 0
439.0 msec : 1
439.1 msec : 0
439.2 msec : 0
439.3 msec : 0
439.4 msec : 0
439.5 msec : 0
439.6 msec : 0
439.7 msec : 0
439.8 msec : 0
439.9 msec : 0
440.0 msec : 0
440.1 msec : 0
440.2 msec : 0
440.3 msec : 0
440.4 msec : 0
440.5 msec : 0
440.6 msec : 0
440.7 msec : 0
440.8 msec : 0
440.9 msec : 0
441.0 msec : 0
441.1 msec : 0
441.2 msec : 0
441.3 msec : 0
441.4 msec : 0
441.5 msec : 0
441.6 msec : 0
441.7 msec : 0
441.8 msec : 0
441.9 msec : 0
442.0 msec : 0
442.1 msec : 0
442.2 msec : 0
442.3 msec : 0
442.4 msec : 0
442.5 msec : 0
442.6 msec : 0
442.7 msec : 0
442.8 msec : 0
442.9 msec : 0
443.0 msec : 0
443.1 msec : 0
443.2 msec : 0
443.3 msec : 0
443.4 msec : 0
443.5 msec : 0
443.6 msec : 0
443.7 msec : 0
443.8 msec : 0
443.9 msec : 0
444.0 msec : 0
444.1 msec : 0
444.2 msec : 0
444.3 msec : 0
444.4 msec : 0
444.5 msec : 0
444.6 msec : 0
444.7 msec : 0
444.8 msec : 0
444.9 msec : 0
445.0 msec : 0
445.1 msec : 0
445.2 msec : 0
445.3 msec : 0
445.4 msec : 0
445.5 msec : 0
445.6 msec : 0
445.7 msec : 0
445.8 msec : 0
445.9 msec : 0
446.0 msec : 0
446.1 msec : 0
446.2 msec : 0
446.3 msec : 0
446.4 msec : 0
446.5 msec : 0
446.6 msec : 0
446.7 msec : 0
446.8 msec : 0
446.9 msec : 0
447.0 msec : 0
447.1 msec : 0
447.2 msec : 0
447.3 msec : 0
447.4 msec : 0
447.5 msec : 0
447.6 msec : 0
447.7 msec : 0
447.8 msec : 0
447.9 msec : 0
448.0 msec : 0
448.1 msec : 0
448.2 msec : 0
448.3 msec : 0
448.4 msec : 0
448.5 msec : 0
448.6 msec : 0
448.7 msec : 0
448.8 msec : 0
448.9 msec : 0
449.0 msec : 0
449.1 msec : 0
449.2 msec : 0
449.3 msec : 0
449.4 msec : 0
449.5 msec : 0
449.6 msec : 0
449.7 msec : 0
449.8 msec : 0
449.9 msec : 0
450.0 msec : 0
450.1 msec : 0
450.2 msec : 0
450.3 msec : 0
450.4 msec : 0
450.5 msec : 0
450.6 msec : 0
450.7 msec : 0
450.8 msec : 0
450.9 msec : 0
451.0 msec : 0
451.1 msec : 0
451.2 msec : 0
451.3 msec : 0
451.4 msec : 0
451.5 msec : 0
451.6 msec : 0
451.7 msec : 0
451.8 msec : 0
451.9 msec : 0
452.0 msec : 0
452.1 msec : 0
452.2 msec : 0
452.3 msec : 0
452.4 msec : 0
452.5 msec : 0
452.6 msec : 0
452.7 msec : 0
452.8 msec : 0
452.9 msec : 0
453.0 msec : 0
453.1 msec : 0
453.2 msec : 0
453.3 msec : 0
453.4 msec : 0
453.5 msec : 1
453.6 msec : 0
453.7 msec : 3
453.8 msec : 1
453.9 msec : 1
454.0 msec : 0
454.1 msec : 1
454.2 msec : 2
454.3 msec : 2
454.4 msec : 2
454.5 msec : 1
454.6 msec : 1
454.7 msec : 1
454.8 msec : 1
454.9 msec : 4
455.0 msec : 1
455.1 msec : 0
455.2 msec : 3
455.3 msec : 3
455.4 msec : 4
455.5 msec : 2
455.6 msec : 2
455.7 msec : 2
455.8 msec : 2
455.9 msec : 4
456.0 msec : 2
456.1 msec : 1
456.2 msec : 1
456.3 msec : 2
456.4 msec : 3
456.5 msec : 0
456.6 msec : 2
456.7 msec : 5
456.8 msec : 2
456.9 msec : 2
457.0 msec : 0
457.1 msec : 2
457.2 msec : 6
457.3 msec : 2
457.4 msec : 6
457.5 msec : 8
457.6 msec : 2
457.7 msec : 3
457.8 msec : 1
457.9 msec : 7
458.0 msec : 5
458.1 msec : 6
458.2 msec : 4
458.3 msec : 5
458.4 msec : 6
458.5 msec : 3
458.6 msec : 5
458.7 msec : 3
458.8 msec : 1
458.9 msec : 1
459.0 msec : 1
459.1 msec : 0
459.2 msec : 0
459.3 msec : 0
