Middleware started...
Middleware shuts down...
Smaller resolution statistics are in a log file...
Final aggregates per worker:


Worker 24
Average throughput (ops/sec) = 841
Average response time (msec) = 0.05778558064516129
Average queue length = 0
Average wait time in queue (msec) = 0.004102387096774194
Average service time (msec) = 0.032724709677419354
Number of SET = 0
Number of GET = 841
Number of MULTI GET = 0


Worker 7
Average throughput (ops/sec) = 841
Average response time (msec) = 0.05769835483870967
Average queue length = 0
Average wait time in queue (msec) = 0.004288580645161291
Average service time (msec) = 0.03178258064516129
Number of SET = 0
Number of GET = 841
Number of MULTI GET = 0


Worker 25
Average throughput (ops/sec) = 842
Average response time (msec) = 0.055900419354838714
Average queue length = 0
Average wait time in queue (msec) = 0.0039484838709677415
Average service time (msec) = 0.030899451612903226
Number of SET = 0
Number of GET = 842
Number of MULTI GET = 0


Worker 6
Average throughput (ops/sec) = 841
Average response time (msec) = 0.056366129032258065
Average queue length = 0
Average wait time in queue (msec) = 0.004100806451612904
Average service time (msec) = 0.03113809677419355
Number of SET = 0
Number of GET = 841
Number of MULTI GET = 0


Worker 26
Average throughput (ops/sec) = 838
Average response time (msec) = 0.0557686129032258
Average queue length = 0
Average wait time in queue (msec) = 0.004095129032258065
Average service time (msec) = 0.030599161290322578
Number of SET = 0
Number of GET = 838
Number of MULTI GET = 0


Worker 9
Average throughput (ops/sec) = 867
Average response time (msec) = 0.054938612903225804
Average queue length = 0
Average wait time in queue (msec) = 0.003827935483870968
Average service time (msec) = 0.030238612903225808
Number of SET = 0
Number of GET = 841
Number of MULTI GET = 0


Worker 27
Average throughput (ops/sec) = 839
Average response time (msec) = 0.05569222580645161
Average queue length = 0
Average wait time in queue (msec) = 0.003938967741935484
Average service time (msec) = 0.030698032258064514
Number of SET = 0
Number of GET = 839
Number of MULTI GET = 0


Worker 8
Average throughput (ops/sec) = 839
Average response time (msec) = 0.05596116129032258
Average queue length = 0
Average wait time in queue (msec) = 0.003914774193548388
Average service time (msec) = 0.03073264516129032
Number of SET = 0
Number of GET = 839
Number of MULTI GET = 0


Worker 20
Average throughput (ops/sec) = 839
Average response time (msec) = 0.05616683870967742
Average queue length = 0
Average wait time in queue (msec) = 0.004251161290322581
Average service time (msec) = 0.030860903225806452
Number of SET = 0
Number of GET = 839
Number of MULTI GET = 0


Worker 3
Average throughput (ops/sec) = 840
Average response time (msec) = 0.055996838709677414
Average queue length = 0
Average wait time in queue (msec) = 0.00399141935483871
Average service time (msec) = 0.031002483870967743
Number of SET = 0
Number of GET = 840
Number of MULTI GET = 0


Worker 21
Average throughput (ops/sec) = 840
Average response time (msec) = 0.055750225806451614
Average queue length = 0
Average wait time in queue (msec) = 0.003911612903225807
Average service time (msec) = 0.030750193548387098
Number of SET = 0
Number of GET = 840
Number of MULTI GET = 0


Worker 2
Average throughput (ops/sec) = 842
Average response time (msec) = 0.056493935483870966
Average queue length = 0
Average wait time in queue (msec) = 0.004286129032258065
Average service time (msec) = 0.031083612903225807
Number of SET = 0
Number of GET = 842
Number of MULTI GET = 0


Worker 22
Average throughput (ops/sec) = 839
Average response time (msec) = 0.05617729032258064
Average queue length = 0
Average wait time in queue (msec) = 0.00401058064516129
Average service time (msec) = 0.03109351612903226
Number of SET = 0
Number of GET = 839
Number of MULTI GET = 0


Worker 5
Average throughput (ops/sec) = 840
Average response time (msec) = 0.05547441935483871
Average queue length = 0
Average wait time in queue (msec) = 0.003945354838709678
Average service time (msec) = 0.030525774193548388
Number of SET = 0
Number of GET = 840
Number of MULTI GET = 0


Worker 23
Average throughput (ops/sec) = 840
Average response time (msec) = 0.0557041935483871
Average queue length = 0
Average wait time in queue (msec) = 0.0038792903225806454
Average service time (msec) = 0.030868451612903226
Number of SET = 0
Number of GET = 840
Number of MULTI GET = 0


Worker 4
Average throughput (ops/sec) = 839
Average response time (msec) = 0.05622274193548387
Average queue length = 0
Average wait time in queue (msec) = 0.004046806451612903
Average service time (msec) = 0.03093941935483871
Number of SET = 0
Number of GET = 839
Number of MULTI GET = 0


Worker 28
Average throughput (ops/sec) = 841
Average response time (msec) = 0.05593683870967742
Average queue length = 0
Average wait time in queue (msec) = 0.004012516129032258
Average service time (msec) = 0.03083016129032258
Number of SET = 0
Number of GET = 841
Number of MULTI GET = 0


Worker 29
Average throughput (ops/sec) = 842
Average response time (msec) = 0.0562521935483871
Average queue length = 0
Average wait time in queue (msec) = 0.003966387096774194
Average service time (msec) = 0.03070632258064516
Number of SET = 0
Number of GET = 842
Number of MULTI GET = 0


Worker 1
Average throughput (ops/sec) = 840
Average response time (msec) = 0.056490419354838714
Average queue length = 0
Average wait time in queue (msec) = 0.004027225806451613
Average service time (msec) = 0.031200354838709678
Number of SET = 0
Number of GET = 840
Number of MULTI GET = 0


Worker 30
Average throughput (ops/sec) = 841
Average response time (msec) = 0.0560441935483871
Average queue length = 0
Average wait time in queue (msec) = 0.003972064516129032
Average service time (msec) = 0.030981935483870966
Number of SET = 0
Number of GET = 841
Number of MULTI GET = 0


Worker 13
Average throughput (ops/sec) = 841
Average response time (msec) = 0.05636845161290323
Average queue length = 0
Average wait time in queue (msec) = 0.004101967741935484
Average service time (msec) = 0.031061645161290324
Number of SET = 0
Number of GET = 841
Number of MULTI GET = 0


Worker 14
Average throughput (ops/sec) = 840
Average response time (msec) = 0.056016387096774194
Average queue length = 0
Average wait time in queue (msec) = 0.004009
Average service time (msec) = 0.03106390322580645
Number of SET = 0
Number of GET = 840
Number of MULTI GET = 0


Worker 15
Average throughput (ops/sec) = 839
Average response time (msec) = 0.057601580645161285
Average queue length = 0
Average wait time in queue (msec) = 0.004302096774193549
Average service time (msec) = 0.032138516129032256
Number of SET = 0
Number of GET = 839
Number of MULTI GET = 0


Worker 16
Average throughput (ops/sec) = 839
Average response time (msec) = 0.05747422580645161
Average queue length = 0
Average wait time in queue (msec) = 0.004195806451612903
Average service time (msec) = 0.03197970967741936
Number of SET = 0
Number of GET = 839
Number of MULTI GET = 0


Worker 31
Average throughput (ops/sec) = 838
Average response time (msec) = 0.05651725806451613
Average queue length = 0
Average wait time in queue (msec) = 0.004142
Average service time (msec) = 0.03093209677419355
Number of SET = 0
Number of GET = 838
Number of MULTI GET = 0


Worker 32
Average throughput (ops/sec) = 844
Average response time (msec) = 0.05564051612903226
Average queue length = 0
Average wait time in queue (msec) = 0.003984225806451613
Average service time (msec) = 0.030603032258064516
Number of SET = 0
Number of GET = 844
Number of MULTI GET = 0


Worker 10
Average throughput (ops/sec) = 842
Average response time (msec) = 0.05602874193548387
Average queue length = 0
Average wait time in queue (msec) = 0.003983290322580645
Average service time (msec) = 0.030968612903225806
Number of SET = 0
Number of GET = 842
Number of MULTI GET = 0


Worker 11
Average throughput (ops/sec) = 840
Average response time (msec) = 0.05592964516129033
Average queue length = 0
Average wait time in queue (msec) = 0.003990935483870968
Average service time (msec) = 0.031037483870967743
Number of SET = 0
Number of GET = 840
Number of MULTI GET = 0


Worker 12
Average throughput (ops/sec) = 838
Average response time (msec) = 0.055707548387096774
Average queue length = 0
Average wait time in queue (msec) = 0.003965870967741936
Average service time (msec) = 0.03074274193548387
Number of SET = 0
Number of GET = 838
Number of MULTI GET = 0


Worker 17
Average throughput (ops/sec) = 842
Average response time (msec) = 0.055660290322580644
Average queue length = 0
Average wait time in queue (msec) = 0.003927129032258065
Average service time (msec) = 0.030600967741935485
Number of SET = 0
Number of GET = 842
Number of MULTI GET = 0


Worker 18
Average throughput (ops/sec) = 839
Average response time (msec) = 0.055517354838709676
Average queue length = 0
Average wait time in queue (msec) = 0.003946387096774194
Average service time (msec) = 0.030545483870967744
Number of SET = 0
Number of GET = 839
Number of MULTI GET = 0


Worker 19
Average throughput (ops/sec) = 840
Average response time (msec) = 0.055676967741935486
Average queue length = 0
Average wait time in queue (msec) = 0.0038964193548387096
Average service time (msec) = 0.03062564516129032
Number of SET = 0
Number of GET = 840
Number of MULTI GET = 0


FINAL STATS
Average throughput (ops/sec) = 26913
Average response time (msec) = 0.05346576225912824
Average queue length = 0
Average wait time in queue (msec) = 0.004030085685483871
Average service time (msec) = 0.03099863306451613
Number of SET = 0
Number of GET = 840
Number of MULTI GET = 0
Number of Cache misses = 240


Histogram response times (0.1 msec step)
0.0 msec : 832129
0.1 msec : 1378
0.2 msec : 187
0.3 msec : 74
0.4 msec : 31
0.5 msec : 26
0.6 msec : 14
0.7 msec : 4
0.8 msec : 4
0.9 msec : 4
1.0 msec : 0
1.1 msec : 0
1.2 msec : 1
1.3 msec : 3
1.4 msec : 1
1.5 msec : 4
1.6 msec : 10
1.7 msec : 2
1.8 msec : 1
1.9 msec : 3
2.0 msec : 1
2.1 msec : 2
2.2 msec : 0
2.3 msec : 4
2.4 msec : 11
2.5 msec : 11
2.6 msec : 6
2.7 msec : 2
2.8 msec : 7
2.9 msec : 0
3.0 msec : 5
3.1 msec : 1
3.2 msec : 0
3.3 msec : 3
3.4 msec : 0
3.5 msec : 4
3.6 msec : 0
3.7 msec : 0
3.8 msec : 5
3.9 msec : 1
4.0 msec : 0
4.1 msec : 0
4.2 msec : 0
4.3 msec : 1
4.4 msec : 0
4.5 msec : 0
4.6 msec : 0
4.7 msec : 1
4.8 msec : 0
4.9 msec : 2
5.0 msec : 0
5.1 msec : 1
5.2 msec : 1
5.3 msec : 0
5.4 msec : 0
5.5 msec : 0
5.6 msec : 0
5.7 msec : 2
5.8 msec : 0
5.9 msec : 0
6.0 msec : 0
6.1 msec : 0
6.2 msec : 0
6.3 msec : 1
6.4 msec : 0
6.5 msec : 0
6.6 msec : 1
6.7 msec : 0
6.8 msec : 0
6.9 msec : 0
7.0 msec : 0
7.1 msec : 0
