Middleware started...
Middleware shuts down...
Smaller resolution statistics are in a log file...
Final aggregates per worker:


Worker 24
Average throughput (ops/sec) = 20
Average response time (msec) = 2.750943
Average queue length = 0
Average wait time in queue (msec) = 0.14410083333333334
Average service time (msec) = 2.2055358333333337
Number of SET = 20
Number of GET = 0
Number of MULTI GET = 0


Worker 7
Average throughput (ops/sec) = 20
Average response time (msec) = 2.8880771666666667
Average queue length = 0
Average wait time in queue (msec) = 0.14112883333333334
Average service time (msec) = 2.4846156666666666
Number of SET = 20
Number of GET = 0
Number of MULTI GET = 0


Worker 25
Average throughput (ops/sec) = 19
Average response time (msec) = 2.7250385
Average queue length = 0
Average wait time in queue (msec) = 0.23279866666666665
Average service time (msec) = 2.2516736666666666
Number of SET = 19
Number of GET = 0
Number of MULTI GET = 0


Worker 6
Average throughput (ops/sec) = 18
Average response time (msec) = 2.9877791666666664
Average queue length = 0
Average wait time in queue (msec) = 0.2957336666666667
Average service time (msec) = 2.3020411666666667
Number of SET = 18
Number of GET = 0
Number of MULTI GET = 0


Worker 26
Average throughput (ops/sec) = 19
Average response time (msec) = 2.9568041666666667
Average queue length = 0
Average wait time in queue (msec) = 0.154771
Average service time (msec) = 2.4363043333333336
Number of SET = 19
Number of GET = 0
Number of MULTI GET = 0


Worker 9
Average throughput (ops/sec) = 19
Average response time (msec) = 2.6993066666666663
Average queue length = 0
Average wait time in queue (msec) = 0.1372675
Average service time (msec) = 2.2566643333333336
Number of SET = 19
Number of GET = 0
Number of MULTI GET = 0


Worker 27
Average throughput (ops/sec) = 19
Average response time (msec) = 3.205467
Average queue length = 0
Average wait time in queue (msec) = 0.1095385
Average service time (msec) = 2.72006
Number of SET = 19
Number of GET = 0
Number of MULTI GET = 0


Worker 8
Average throughput (ops/sec) = 19
Average response time (msec) = 2.79988
Average queue length = 0
Average wait time in queue (msec) = 0.1137755
Average service time (msec) = 2.3808773333333333
Number of SET = 19
Number of GET = 0
Number of MULTI GET = 0


Worker 20
Average throughput (ops/sec) = 19
Average response time (msec) = 3.3515016666666666
Average queue length = 0
Average wait time in queue (msec) = 0.3948608333333333
Average service time (msec) = 2.3040788333333335
Number of SET = 19
Number of GET = 0
Number of MULTI GET = 0


Worker 3
Average throughput (ops/sec) = 19
Average response time (msec) = 3.071122
Average queue length = 0
Average wait time in queue (msec) = 0.24180683333333333
Average service time (msec) = 2.5996671666666664
Number of SET = 19
Number of GET = 0
Number of MULTI GET = 0


Worker 21
Average throughput (ops/sec) = 19
Average response time (msec) = 2.6284923333333334
Average queue length = 0
Average wait time in queue (msec) = 0.1311315
Average service time (msec) = 2.2636793333333336
Number of SET = 19
Number of GET = 0
Number of MULTI GET = 0


Worker 2
Average throughput (ops/sec) = 21
Average response time (msec) = 3.2586081666666664
Average queue length = 0
Average wait time in queue (msec) = 0.4018888333333333
Average service time (msec) = 2.6202886666666667
Number of SET = 21
Number of GET = 0
Number of MULTI GET = 0


Worker 22
Average throughput (ops/sec) = 19
Average response time (msec) = 2.7538271666666665
Average queue length = 0
Average wait time in queue (msec) = 0.2863675
Average service time (msec) = 2.2046391666666665
Number of SET = 19
Number of GET = 0
Number of MULTI GET = 0


Worker 5
Average throughput (ops/sec) = 19
Average response time (msec) = 2.801074
Average queue length = 0
Average wait time in queue (msec) = 0.1447385
Average service time (msec) = 2.4008643333333333
Number of SET = 19
Number of GET = 0
Number of MULTI GET = 0


Worker 23
Average throughput (ops/sec) = 19
Average response time (msec) = 2.9973196666666664
Average queue length = 0
Average wait time in queue (msec) = 0.3929458333333333
Average service time (msec) = 2.3277443333333334
Number of SET = 19
Number of GET = 0
Number of MULTI GET = 0


Worker 4
Average throughput (ops/sec) = 19
Average response time (msec) = 3.01716
Average queue length = 0
Average wait time in queue (msec) = 0.25981066666666663
Average service time (msec) = 2.3247516666666663
Number of SET = 19
Number of GET = 0
Number of MULTI GET = 0


Worker 28
Average throughput (ops/sec) = 18
Average response time (msec) = 2.7860435
Average queue length = 0
Average wait time in queue (msec) = 0.07540133333333333
Average service time (msec) = 2.458786
Number of SET = 18
Number of GET = 0
Number of MULTI GET = 0


Worker 29
Average throughput (ops/sec) = 19
Average response time (msec) = 2.9857676666666664
Average queue length = 0
Average wait time in queue (msec) = 0.08012266666666668
Average service time (msec) = 2.417702
Number of SET = 19
Number of GET = 0
Number of MULTI GET = 0


Worker 1
Average throughput (ops/sec) = 19
Average response time (msec) = 2.924846
Average queue length = 0
Average wait time in queue (msec) = 0.140918
Average service time (msec) = 2.32647
Number of SET = 19
Number of GET = 0
Number of MULTI GET = 0


Worker 30
Average throughput (ops/sec) = 20
Average response time (msec) = 2.7583973333333334
Average queue length = 0
Average wait time in queue (msec) = 0.231927
Average service time (msec) = 2.2542188333333333
Number of SET = 20
Number of GET = 0
Number of MULTI GET = 0


Worker 13
Average throughput (ops/sec) = 18
Average response time (msec) = 3.0008106666666663
Average queue length = 0
Average wait time in queue (msec) = 0.3603065
Average service time (msec) = 2.388376
Number of SET = 18
Number of GET = 0
Number of MULTI GET = 0


Worker 14
Average throughput (ops/sec) = 19
Average response time (msec) = 2.8733045
Average queue length = 0
Average wait time in queue (msec) = 0.19941366666666666
Average service time (msec) = 2.3768268333333333
Number of SET = 19
Number of GET = 0
Number of MULTI GET = 0


Worker 15
Average throughput (ops/sec) = 21
Average response time (msec) = 2.5205178333333333
Average queue length = 0
Average wait time in queue (msec) = 0.10676866666666668
Average service time (msec) = 2.1803721666666664
Number of SET = 21
Number of GET = 0
Number of MULTI GET = 0


Worker 16
Average throughput (ops/sec) = 19
Average response time (msec) = 2.7945158333333335
Average queue length = 0
Average wait time in queue (msec) = 0.11446433333333333
Average service time (msec) = 2.4526091666666665
Number of SET = 19
Number of GET = 0
Number of MULTI GET = 0


Worker 31
Average throughput (ops/sec) = 19
Average response time (msec) = 2.9803273333333333
Average queue length = 0
Average wait time in queue (msec) = 0.18558
Average service time (msec) = 2.5687868333333337
Number of SET = 19
Number of GET = 0
Number of MULTI GET = 0


Worker 32
Average throughput (ops/sec) = 19
Average response time (msec) = 2.4216805
Average queue length = 0
Average wait time in queue (msec) = 0.23693016666666666
Average service time (msec) = 1.9611255
Number of SET = 19
Number of GET = 0
Number of MULTI GET = 0


Worker 10
Average throughput (ops/sec) = 19
Average response time (msec) = 3.0009171666666665
Average queue length = 0
Average wait time in queue (msec) = 0.254886
Average service time (msec) = 2.4387501666666664
Number of SET = 19
Number of GET = 0
Number of MULTI GET = 0


Worker 11
Average throughput (ops/sec) = 20
Average response time (msec) = 2.8025478333333336
Average queue length = 0
Average wait time in queue (msec) = 0.1355625
Average service time (msec) = 2.4343783333333335
Number of SET = 20
Number of GET = 0
Number of MULTI GET = 0


Worker 12
Average throughput (ops/sec) = 19
Average response time (msec) = 3.1204098333333334
Average queue length = 0
Average wait time in queue (msec) = 0.25883266666666666
Average service time (msec) = 2.6271008333333334
Number of SET = 19
Number of GET = 0
Number of MULTI GET = 0


Worker 17
Average throughput (ops/sec) = 18
Average response time (msec) = 2.5605905
Average queue length = 0
Average wait time in queue (msec) = 0.1560515
Average service time (msec) = 2.1531623333333334
Number of SET = 18
Number of GET = 0
Number of MULTI GET = 0


Worker 18
Average throughput (ops/sec) = 20
Average response time (msec) = 2.4944326666666665
Average queue length = 0
Average wait time in queue (msec) = 0.1946835
Average service time (msec) = 2.0592851666666667
Number of SET = 20
Number of GET = 0
Number of MULTI GET = 0


Worker 19
Average throughput (ops/sec) = 19
Average response time (msec) = 2.8530356666666665
Average queue length = 0
Average wait time in queue (msec) = 0.247873
Average service time (msec) = 2.187202
Number of SET = 19
Number of GET = 0
Number of MULTI GET = 0


FINAL STATS
Average throughput (ops/sec) = 613
Average response time (msec) = 2.628022547194895
Average queue length = 0
Average wait time in queue (msec) = 0.205074578125
Average service time (msec) = 2.3552699375
Number of SET = 19
Number of GET = 0
Number of MULTI GET = 0
Number of Cache misses = 0


Histogram response times (0.1 msec step)
0.0 msec : 37
0.1 msec : 237
0.2 msec : 410
0.3 msec : 418
0.4 msec : 370
0.5 msec : 387
0.6 msec : 298
0.7 msec : 242
0.8 msec : 200
0.9 msec : 169
1.0 msec : 125
1.1 msec : 89
1.2 msec : 80
1.3 msec : 72
1.4 msec : 50
1.5 msec : 42
1.6 msec : 47
1.7 msec : 32
1.8 msec : 23
1.9 msec : 19
2.0 msec : 13
2.1 msec : 25
2.2 msec : 12
2.3 msec : 11
2.4 msec : 16
2.5 msec : 9
2.6 msec : 16
2.7 msec : 6
2.8 msec : 6
2.9 msec : 9
3.0 msec : 11
3.1 msec : 4
3.2 msec : 8
3.3 msec : 9
3.4 msec : 6
3.5 msec : 7
3.6 msec : 7
3.7 msec : 5
3.8 msec : 7
3.9 msec : 11
4.0 msec : 4
4.1 msec : 9
4.2 msec : 8
4.3 msec : 5
4.4 msec : 4
4.5 msec : 8
4.6 msec : 3
4.7 msec : 11
4.8 msec : 6
4.9 msec : 6
5.0 msec : 10
5.1 msec : 8
5.2 msec : 5
5.3 msec : 6
5.4 msec : 12
5.5 msec : 7
5.6 msec : 7
5.7 msec : 6
5.8 msec : 10
5.9 msec : 7
6.0 msec : 4
6.1 msec : 6
6.2 msec : 6
6.3 msec : 0
6.4 msec : 6
6.5 msec : 4
6.6 msec : 1
6.7 msec : 5
6.8 msec : 4
6.9 msec : 2
7.0 msec : 0
7.1 msec : 1
7.2 msec : 7
7.3 msec : 1
7.4 msec : 1
7.5 msec : 3
7.6 msec : 0
7.7 msec : 3
7.8 msec : 0
7.9 msec : 1
8.0 msec : 2
8.1 msec : 0
8.2 msec : 0
8.3 msec : 0
8.4 msec : 2
8.5 msec : 0
8.6 msec : 2
8.7 msec : 0
8.8 msec : 0
8.9 msec : 0
9.0 msec : 0
9.1 msec : 0
9.2 msec : 1
9.3 msec : 0
9.4 msec : 2
9.5 msec : 1
9.6 msec : 0
9.7 msec : 0
9.8 msec : 0
9.9 msec : 2
10.0 msec : 0
10.1 msec : 0
10.2 msec : 0
10.3 msec : 0
10.4 msec : 1
10.5 msec : 0
10.6 msec : 0
10.7 msec : 0
10.8 msec : 0
10.9 msec : 0
11.0 msec : 0
11.1 msec : 0
11.2 msec : 0
11.3 msec : 0
11.4 msec : 0
11.5 msec : 0
11.6 msec : 0
11.7 msec : 0
11.8 msec : 0
11.9 msec : 0
12.0 msec : 0
12.1 msec : 0
12.2 msec : 0
12.3 msec : 0
12.4 msec : 0
12.5 msec : 0
12.6 msec : 2
12.7 msec : 0
12.8 msec : 0
12.9 msec : 0
13.0 msec : 0
13.1 msec : 1
13.2 msec : 0
13.3 msec : 0
13.4 msec : 0
13.5 msec : 0
13.6 msec : 0
13.7 msec : 0
13.8 msec : 0
13.9 msec : 0
14.0 msec : 0
14.1 msec : 0
14.2 msec : 0
14.3 msec : 0
14.4 msec : 1
14.5 msec : 0
14.6 msec : 0
14.7 msec : 0
14.8 msec : 0
14.9 msec : 0
15.0 msec : 0
15.1 msec : 1
15.2 msec : 0
15.3 msec : 0
15.4 msec : 0
15.5 msec : 0
15.6 msec : 0
15.7 msec : 0
15.8 msec : 0
15.9 msec : 0
16.0 msec : 0
16.1 msec : 0
16.2 msec : 0
16.3 msec : 0
16.4 msec : 0
16.5 msec : 0
16.6 msec : 0
16.7 msec : 0
16.8 msec : 0
16.9 msec : 0
17.0 msec : 0
17.1 msec : 0
17.2 msec : 0
17.3 msec : 0
17.4 msec : 0
17.5 msec : 0
17.6 msec : 0
17.7 msec : 0
17.8 msec : 0
17.9 msec : 0
18.0 msec : 0
18.1 msec : 0
