Middleware started...
Middleware shuts down...
Smaller resolution statistics are in a log file...
Final aggregates per worker:


Worker 24
Average throughput (ops/sec) = 67
Average response time (msec) = 32.8460395
Average queue length = 44
Average wait time in queue (msec) = 18.77165516666667
Average service time (msec) = 11.031981666666667
Number of SET = 67
Number of GET = 0
Number of MULTI GET = 0


Worker 7
Average throughput (ops/sec) = 69
Average response time (msec) = 32.18286883333333
Average queue length = 52
Average wait time in queue (msec) = 19.058790833333333
Average service time (msec) = 9.795845666666667
Number of SET = 69
Number of GET = 0
Number of MULTI GET = 0


Worker 25
Average throughput (ops/sec) = 71
Average response time (msec) = 30.970998
Average queue length = 45
Average wait time in queue (msec) = 18.747571333333333
Average service time (msec) = 9.536840333333334
Number of SET = 71
Number of GET = 0
Number of MULTI GET = 0


Worker 6
Average throughput (ops/sec) = 68
Average response time (msec) = 33.48000266666667
Average queue length = 47
Average wait time in queue (msec) = 20.134623
Average service time (msec) = 10.909188
Number of SET = 68
Number of GET = 0
Number of MULTI GET = 0


Worker 26
Average throughput (ops/sec) = 74
Average response time (msec) = 30.863466
Average queue length = 46
Average wait time in queue (msec) = 19.493667833333333
Average service time (msec) = 9.074679666666666
Number of SET = 74
Number of GET = 0
Number of MULTI GET = 0


Worker 9
Average throughput (ops/sec) = 68
Average response time (msec) = 33.56989933333334
Average queue length = 52
Average wait time in queue (msec) = 20.455049666666667
Average service time (msec) = 10.071013833333334
Number of SET = 68
Number of GET = 0
Number of MULTI GET = 0


Worker 27
Average throughput (ops/sec) = 71
Average response time (msec) = 30.84747966666667
Average queue length = 43
Average wait time in queue (msec) = 18.940852
Average service time (msec) = 9.820139333333334
Number of SET = 71
Number of GET = 0
Number of MULTI GET = 0


Worker 8
Average throughput (ops/sec) = 67
Average response time (msec) = 33.592222166666666
Average queue length = 52
Average wait time in queue (msec) = 19.794606666666667
Average service time (msec) = 10.2213885
Number of SET = 67
Number of GET = 0
Number of MULTI GET = 0


Worker 20
Average throughput (ops/sec) = 71
Average response time (msec) = 30.633230333333334
Average queue length = 43
Average wait time in queue (msec) = 18.674659
Average service time (msec) = 8.714138666666667
Number of SET = 71
Number of GET = 0
Number of MULTI GET = 0


Worker 3
Average throughput (ops/sec) = 74
Average response time (msec) = 32.830219
Average queue length = 50
Average wait time in queue (msec) = 20.598386166666668
Average service time (msec) = 9.722377166666666
Number of SET = 74
Number of GET = 0
Number of MULTI GET = 0


Worker 21
Average throughput (ops/sec) = 65
Average response time (msec) = 32.68198133333333
Average queue length = 42
Average wait time in queue (msec) = 18.5222825
Average service time (msec) = 10.5941115
Number of SET = 65
Number of GET = 0
Number of MULTI GET = 0


Worker 2
Average throughput (ops/sec) = 73
Average response time (msec) = 32.20067233333333
Average queue length = 49
Average wait time in queue (msec) = 20.038700666666667
Average service time (msec) = 9.4974315
Number of SET = 73
Number of GET = 0
Number of MULTI GET = 0


Worker 22
Average throughput (ops/sec) = 70
Average response time (msec) = 31.101445666666667
Average queue length = 39
Average wait time in queue (msec) = 17.937644
Average service time (msec) = 10.043802
Number of SET = 70
Number of GET = 0
Number of MULTI GET = 0


Worker 5
Average throughput (ops/sec) = 70
Average response time (msec) = 33.10908083333333
Average queue length = 48
Average wait time in queue (msec) = 20.37951383333333
Average service time (msec) = 9.663701
Number of SET = 70
Number of GET = 0
Number of MULTI GET = 0


Worker 23
Average throughput (ops/sec) = 71
Average response time (msec) = 32.30556833333333
Average queue length = 45
Average wait time in queue (msec) = 18.600528
Average service time (msec) = 10.824754
Number of SET = 71
Number of GET = 0
Number of MULTI GET = 0


Worker 4
Average throughput (ops/sec) = 68
Average response time (msec) = 32.80112233333333
Average queue length = 47
Average wait time in queue (msec) = 19.883179166666668
Average service time (msec) = 9.721836333333334
Number of SET = 69
Number of GET = 0
Number of MULTI GET = 0


Worker 28
Average throughput (ops/sec) = 70
Average response time (msec) = 31.9222775
Average queue length = 43
Average wait time in queue (msec) = 19.844982833333333
Average service time (msec) = 9.502200166666666
Number of SET = 70
Number of GET = 0
Number of MULTI GET = 0


Worker 29
Average throughput (ops/sec) = 69
Average response time (msec) = 31.6133865
Average queue length = 44
Average wait time in queue (msec) = 18.71231266666667
Average service time (msec) = 9.336774166666666
Number of SET = 69
Number of GET = 0
Number of MULTI GET = 0


Worker 1
Average throughput (ops/sec) = 74
Average response time (msec) = 32.98298033333333
Average queue length = 48
Average wait time in queue (msec) = 21.022062833333333
Average service time (msec) = 9.883181666666665
Number of SET = 74
Number of GET = 0
Number of MULTI GET = 0


Worker 30
Average throughput (ops/sec) = 56
Average response time (msec) = 27.53806714285714
Average queue length = 37
Average wait time in queue (msec) = 16.031263857142857
Average service time (msec) = 9.175872142857143
Number of SET = 56
Number of GET = 0
Number of MULTI GET = 0


Worker 13
Average throughput (ops/sec) = 69
Average response time (msec) = 33.06266983333333
Average queue length = 52
Average wait time in queue (msec) = 20.72759166666667
Average service time (msec) = 9.610132333333334
Number of SET = 69
Number of GET = 0
Number of MULTI GET = 0


Worker 14
Average throughput (ops/sec) = 70
Average response time (msec) = 31.99231866666667
Average queue length = 51
Average wait time in queue (msec) = 19.966828666666668
Average service time (msec) = 8.814561333333334
Number of SET = 70
Number of GET = 0
Number of MULTI GET = 0


Worker 15
Average throughput (ops/sec) = 70
Average response time (msec) = 31.7982085
Average queue length = 49
Average wait time in queue (msec) = 19.1039505
Average service time (msec) = 10.264313
Number of SET = 70
Number of GET = 0
Number of MULTI GET = 0


Worker 16
Average throughput (ops/sec) = 71
Average response time (msec) = 32.393575
Average queue length = 50
Average wait time in queue (msec) = 20.317821833333333
Average service time (msec) = 9.5994975
Number of SET = 71
Number of GET = 0
Number of MULTI GET = 0


Worker 31
Average throughput (ops/sec) = 60
Average response time (msec) = 25.845018285714286
Average queue length = 33
Average wait time in queue (msec) = 15.976415
Average service time (msec) = 8.228086142857142
Number of SET = 60
Number of GET = 0
Number of MULTI GET = 0


Worker 10
Average throughput (ops/sec) = 69
Average response time (msec) = 32.560690666666666
Average queue length = 47
Average wait time in queue (msec) = 19.62651016666667
Average service time (msec) = 9.614962
Number of SET = 69
Number of GET = 0
Number of MULTI GET = 0


Worker 32
Average throughput (ops/sec) = 57
Average response time (msec) = 28.915971428571428
Average queue length = 33
Average wait time in queue (msec) = 16.146158142857143
Average service time (msec) = 8.227454142857143
Number of SET = 57
Number of GET = 0
Number of MULTI GET = 0


Worker 11
Average throughput (ops/sec) = 67
Average response time (msec) = 32.88405433333333
Average queue length = 50
Average wait time in queue (msec) = 19.852990166666668
Average service time (msec) = 9.905034
Number of SET = 67
Number of GET = 0
Number of MULTI GET = 0


Worker 12
Average throughput (ops/sec) = 72
Average response time (msec) = 31.291479
Average queue length = 52
Average wait time in queue (msec) = 19.126256166666668
Average service time (msec) = 9.234950333333334
Number of SET = 72
Number of GET = 0
Number of MULTI GET = 0


Worker 17
Average throughput (ops/sec) = 71
Average response time (msec) = 31.76962083333333
Average queue length = 50
Average wait time in queue (msec) = 19.820091833333333
Average service time (msec) = 9.337681
Number of SET = 71
Number of GET = 0
Number of MULTI GET = 0


Worker 18
Average throughput (ops/sec) = 69
Average response time (msec) = 30.992695166666667
Average queue length = 42
Average wait time in queue (msec) = 18.6822985
Average service time (msec) = 9.766965833333334
Number of SET = 69
Number of GET = 0
Number of MULTI GET = 0


Worker 19
Average throughput (ops/sec) = 69
Average response time (msec) = 31.63884883333333
Average queue length = 44
Average wait time in queue (msec) = 19.3275265
Average service time (msec) = 9.487147333333334
Number of SET = 69
Number of GET = 0
Number of MULTI GET = 0


FINAL STATS
Average throughput (ops/sec) = 2200
Average response time (msec) = 32.16513264321757
Average queue length = 45
Average wait time in queue (msec) = 19.197399098958332
Average service time (msec) = 9.663501320684524
Number of SET = 68
Number of GET = 0
Number of MULTI GET = 0
Number of Cache misses = 0


Histogram response times (0.1 msec step)
0.0 msec : 4
0.1 msec : 9
0.2 msec : 10
0.3 msec : 9
0.4 msec : 7
0.5 msec : 7
0.6 msec : 7
0.7 msec : 9
0.8 msec : 2
0.9 msec : 8
1.0 msec : 5
1.1 msec : 8
1.2 msec : 6
1.3 msec : 1
1.4 msec : 7
1.5 msec : 2
1.6 msec : 4
1.7 msec : 7
1.8 msec : 8
1.9 msec : 4
2.0 msec : 2
2.1 msec : 2
2.2 msec : 5
2.3 msec : 3
2.4 msec : 7
2.5 msec : 2
2.6 msec : 5
2.7 msec : 0
2.8 msec : 3
2.9 msec : 5
3.0 msec : 0
3.1 msec : 3
3.2 msec : 3
3.3 msec : 2
3.4 msec : 2
3.5 msec : 0
3.6 msec : 0
3.7 msec : 1
3.8 msec : 1
3.9 msec : 1
4.0 msec : 1
4.1 msec : 1
4.2 msec : 0
4.3 msec : 0
4.4 msec : 0
4.5 msec : 0
4.6 msec : 0
4.7 msec : 5
4.8 msec : 3
4.9 msec : 0
5.0 msec : 1
5.1 msec : 1
5.2 msec : 2
5.3 msec : 2
5.4 msec : 4
5.5 msec : 0
5.6 msec : 4
5.7 msec : 3
5.8 msec : 2
5.9 msec : 0
6.0 msec : 2
6.1 msec : 5
6.2 msec : 2
6.3 msec : 5
6.4 msec : 5
6.5 msec : 3
6.6 msec : 2
6.7 msec : 4
6.8 msec : 4
6.9 msec : 4
7.0 msec : 4
7.1 msec : 4
7.2 msec : 7
7.3 msec : 3
7.4 msec : 3
7.5 msec : 4
7.6 msec : 3
7.7 msec : 5
7.8 msec : 3
7.9 msec : 5
8.0 msec : 5
8.1 msec : 2
8.2 msec : 4
8.3 msec : 3
8.4 msec : 3
8.5 msec : 8
8.6 msec : 5
8.7 msec : 6
8.8 msec : 5
8.9 msec : 6
9.0 msec : 3
9.1 msec : 6
9.2 msec : 0
9.3 msec : 1
9.4 msec : 9
9.5 msec : 4
9.6 msec : 1
9.7 msec : 1
9.8 msec : 1
9.9 msec : 1
10.0 msec : 4
10.1 msec : 3
10.2 msec : 3
10.3 msec : 4
10.4 msec : 2
10.5 msec : 1
10.6 msec : 8
10.7 msec : 7
10.8 msec : 5
10.9 msec : 5
11.0 msec : 5
11.1 msec : 9
11.2 msec : 5
11.3 msec : 10
11.4 msec : 6
11.5 msec : 4
11.6 msec : 6
11.7 msec : 7
11.8 msec : 9
11.9 msec : 8
12.0 msec : 8
12.1 msec : 8
12.2 msec : 7
12.3 msec : 3
12.4 msec : 7
12.5 msec : 6
12.6 msec : 11
12.7 msec : 17
12.8 msec : 9
12.9 msec : 17
13.0 msec : 16
13.1 msec : 12
13.2 msec : 13
13.3 msec : 13
13.4 msec : 15
13.5 msec : 22
13.6 msec : 24
13.7 msec : 23
13.8 msec : 32
13.9 msec : 27
14.0 msec : 23
14.1 msec : 19
14.2 msec : 22
14.3 msec : 21
14.4 msec : 28
14.5 msec : 24
14.6 msec : 16
14.7 msec : 20
14.8 msec : 23
14.9 msec : 25
15.0 msec : 28
15.1 msec : 24
15.2 msec : 28
15.3 msec : 22
15.4 msec : 24
15.5 msec : 15
15.6 msec : 20
15.7 msec : 22
15.8 msec : 22
15.9 msec : 23
16.0 msec : 26
16.1 msec : 24
16.2 msec : 18
16.3 msec : 21
16.4 msec : 20
16.5 msec : 22
16.6 msec : 17
16.7 msec : 28
16.8 msec : 26
16.9 msec : 27
17.0 msec : 21
17.1 msec : 26
17.2 msec : 26
17.3 msec : 27
17.4 msec : 40
17.5 msec : 25
17.6 msec : 24
17.7 msec : 36
17.8 msec : 47
17.9 msec : 43
18.0 msec : 62
18.1 msec : 54
18.2 msec : 58
18.3 msec : 38
18.4 msec : 66
18.5 msec : 63
18.6 msec : 57
18.7 msec : 61
18.8 msec : 44
18.9 msec : 56
19.0 msec : 61
19.1 msec : 48
19.2 msec : 49
19.3 msec : 56
19.4 msec : 69
19.5 msec : 51
19.6 msec : 60
19.7 msec : 58
19.8 msec : 70
19.9 msec : 58
20.0 msec : 69
20.1 msec : 68
20.2 msec : 60
20.3 msec : 45
20.4 msec : 79
20.5 msec : 75
20.6 msec : 68
20.7 msec : 71
20.8 msec : 60
20.9 msec : 66
21.0 msec : 71
21.1 msec : 76
21.2 msec : 74
21.3 msec : 69
21.4 msec : 77
21.5 msec : 64
21.6 msec : 68
21.7 msec : 57
21.8 msec : 67
21.9 msec : 75
22.0 msec : 73
22.1 msec : 60
22.2 msec : 72
22.3 msec : 66
22.4 msec : 81
22.5 msec : 60
22.6 msec : 60
22.7 msec : 56
22.8 msec : 67
22.9 msec : 49
23.0 msec : 58
23.1 msec : 55
23.2 msec : 48
23.3 msec : 71
23.4 msec : 54
23.5 msec : 61
23.6 msec : 43
23.7 msec : 60
23.8 msec : 62
23.9 msec : 71
24.0 msec : 63
24.1 msec : 53
24.2 msec : 50
24.3 msec : 46
24.4 msec : 49
24.5 msec : 67
24.6 msec : 43
24.7 msec : 55
24.8 msec : 50
24.9 msec : 51
25.0 msec : 51
25.1 msec : 44
25.2 msec : 42
25.3 msec : 57
25.4 msec : 50
25.5 msec : 48
25.6 msec : 61
25.7 msec : 53
25.8 msec : 56
25.9 msec : 43
26.0 msec : 60
26.1 msec : 56
26.2 msec : 53
26.3 msec : 53
26.4 msec : 45
26.5 msec : 56
26.6 msec : 50
26.7 msec : 47
26.8 msec : 45
26.9 msec : 38
27.0 msec : 60
27.1 msec : 49
27.2 msec : 52
27.3 msec : 59
27.4 msec : 45
27.5 msec : 43
27.6 msec : 66
27.7 msec : 55
27.8 msec : 55
27.9 msec : 47
28.0 msec : 63
28.1 msec : 37
28.2 msec : 49
28.3 msec : 39
28.4 msec : 44
28.5 msec : 45
28.6 msec : 49
28.7 msec : 54
28.8 msec : 34
28.9 msec : 42
29.0 msec : 42
29.1 msec : 47
29.2 msec : 43
29.3 msec : 49
29.4 msec : 41
29.5 msec : 46
29.6 msec : 39
29.7 msec : 43
29.8 msec : 47
29.9 msec : 39
30.0 msec : 33
30.1 msec : 33
30.2 msec : 41
30.3 msec : 40
30.4 msec : 47
30.5 msec : 29
30.6 msec : 35
30.7 msec : 41
30.8 msec : 37
30.9 msec : 30
31.0 msec : 26
31.1 msec : 24
31.2 msec : 20
31.3 msec : 23
31.4 msec : 28
31.5 msec : 29
31.6 msec : 34
31.7 msec : 25
31.8 msec : 25
31.9 msec : 38
32.0 msec : 35
32.1 msec : 25
32.2 msec : 30
32.3 msec : 30
32.4 msec : 24
32.5 msec : 26
32.6 msec : 23
32.7 msec : 27
32.8 msec : 20
32.9 msec : 17
33.0 msec : 13
33.1 msec : 25
33.2 msec : 22
33.3 msec : 19
33.4 msec : 26
33.5 msec : 18
33.6 msec : 25
33.7 msec : 27
33.8 msec : 21
33.9 msec : 11
34.0 msec : 23
34.1 msec : 17
34.2 msec : 24
34.3 msec : 21
34.4 msec : 28
34.5 msec : 18
34.6 msec : 24
34.7 msec : 25
34.8 msec : 27
34.9 msec : 21
35.0 msec : 24
35.1 msec : 35
35.2 msec : 20
35.3 msec : 23
35.4 msec : 28
35.5 msec : 23
35.6 msec : 23
35.7 msec : 23
35.8 msec : 28
35.9 msec : 24
36.0 msec : 23
36.1 msec : 25
36.2 msec : 28
36.3 msec : 22
36.4 msec : 19
36.5 msec : 29
36.6 msec : 25
36.7 msec : 34
36.8 msec : 25
36.9 msec : 31
37.0 msec : 32
37.1 msec : 36
37.2 msec : 32
37.3 msec : 41
37.4 msec : 31
37.5 msec : 32
37.6 msec : 30
37.7 msec : 34
37.8 msec : 26
37.9 msec : 31
38.0 msec : 25
38.1 msec : 23
38.2 msec : 30
38.3 msec : 25
38.4 msec : 36
38.5 msec : 28
38.6 msec : 21
38.7 msec : 23
38.8 msec : 19
38.9 msec : 28
39.0 msec : 13
39.1 msec : 28
39.2 msec : 29
39.3 msec : 26
39.4 msec : 24
39.5 msec : 32
39.6 msec : 19
39.7 msec : 17
39.8 msec : 19
39.9 msec : 22
40.0 msec : 19
40.1 msec : 15
40.2 msec : 17
40.3 msec : 24
40.4 msec : 19
40.5 msec : 13
40.6 msec : 12
40.7 msec : 12
40.8 msec : 16
40.9 msec : 15
41.0 msec : 17
41.1 msec : 13
41.2 msec : 16
41.3 msec : 10
41.4 msec : 8
41.5 msec : 15
41.6 msec : 9
41.7 msec : 10
41.8 msec : 13
41.9 msec : 10
42.0 msec : 14
42.1 msec : 9
42.2 msec : 6
42.3 msec : 9
42.4 msec : 15
42.5 msec : 6
42.6 msec : 13
42.7 msec : 7
42.8 msec : 6
42.9 msec : 12
43.0 msec : 10
43.1 msec : 9
43.2 msec : 6
43.3 msec : 14
43.4 msec : 7
43.5 msec : 11
43.6 msec : 10
43.7 msec : 5
43.8 msec : 14
43.9 msec : 6
44.0 msec : 11
44.1 msec : 5
44.2 msec : 9
44.3 msec : 10
44.4 msec : 7
44.5 msec : 15
44.6 msec : 12
44.7 msec : 12
44.8 msec : 16
44.9 msec : 11
45.0 msec : 15
45.1 msec : 7
45.2 msec : 20
45.3 msec : 10
45.4 msec : 13
45.5 msec : 18
45.6 msec : 10
45.7 msec : 12
45.8 msec : 10
45.9 msec : 12
46.0 msec : 10
46.1 msec : 13
46.2 msec : 15
46.3 msec : 13
46.4 msec : 11
46.5 msec : 12
46.6 msec : 11
46.7 msec : 19
46.8 msec : 11
46.9 msec : 12
47.0 msec : 12
47.1 msec : 11
47.2 msec : 13
47.3 msec : 14
47.4 msec : 18
47.5 msec : 15
47.6 msec : 14
47.7 msec : 10
47.8 msec : 15
47.9 msec : 8
48.0 msec : 13
48.1 msec : 12
48.2 msec : 5
48.3 msec : 9
48.4 msec : 12
48.5 msec : 6
48.6 msec : 7
48.7 msec : 8
48.8 msec : 2
48.9 msec : 8
49.0 msec : 13
49.1 msec : 6
49.2 msec : 12
49.3 msec : 13
49.4 msec : 9
49.5 msec : 6
49.6 msec : 5
49.7 msec : 7
49.8 msec : 4
49.9 msec : 7
50.0 msec : 7
50.1 msec : 5
50.2 msec : 6
50.3 msec : 9
50.4 msec : 10
50.5 msec : 5
50.6 msec : 4
50.7 msec : 8
50.8 msec : 5
50.9 msec : 9
51.0 msec : 7
51.1 msec : 3
51.2 msec : 10
51.3 msec : 9
51.4 msec : 6
51.5 msec : 7
51.6 msec : 4
51.7 msec : 3
51.8 msec : 4
51.9 msec : 8
52.0 msec : 5
52.1 msec : 2
52.2 msec : 6
52.3 msec : 4
52.4 msec : 4
52.5 msec : 3
52.6 msec : 6
52.7 msec : 6
52.8 msec : 3
52.9 msec : 3
53.0 msec : 4
53.1 msec : 3
53.2 msec : 5
53.3 msec : 4
53.4 msec : 7
53.5 msec : 5
53.6 msec : 4
53.7 msec : 2
53.8 msec : 4
53.9 msec : 7
54.0 msec : 1
54.1 msec : 3
54.2 msec : 2
54.3 msec : 5
54.4 msec : 5
54.5 msec : 4
54.6 msec : 8
54.7 msec : 4
54.8 msec : 3
54.9 msec : 4
55.0 msec : 1
55.1 msec : 8
55.2 msec : 4
55.3 msec : 1
55.4 msec : 7
55.5 msec : 3
55.6 msec : 2
55.7 msec : 9
55.8 msec : 8
55.9 msec : 7
56.0 msec : 3
56.1 msec : 4
56.2 msec : 5
56.3 msec : 6
56.4 msec : 8
56.5 msec : 4
56.6 msec : 5
56.7 msec : 7
56.8 msec : 5
56.9 msec : 2
57.0 msec : 4
57.1 msec : 4
57.2 msec : 3
57.3 msec : 6
57.4 msec : 5
57.5 msec : 2
57.6 msec : 9
57.7 msec : 2
57.8 msec : 6
57.9 msec : 5
58.0 msec : 3
58.1 msec : 2
58.2 msec : 3
58.3 msec : 3
58.4 msec : 2
58.5 msec : 6
58.6 msec : 2
58.7 msec : 5
58.8 msec : 9
58.9 msec : 7
59.0 msec : 4
59.1 msec : 4
59.2 msec : 4
59.3 msec : 3
59.4 msec : 5
59.5 msec : 2
59.6 msec : 1
59.7 msec : 5
59.8 msec : 7
59.9 msec : 1
60.0 msec : 3
60.1 msec : 3
60.2 msec : 1
60.3 msec : 3
60.4 msec : 7
60.5 msec : 3
60.6 msec : 1
60.7 msec : 3
60.8 msec : 2
60.9 msec : 2
61.0 msec : 0
61.1 msec : 1
61.2 msec : 1
61.3 msec : 0
61.4 msec : 3
61.5 msec : 3
61.6 msec : 4
61.7 msec : 2
61.8 msec : 3
61.9 msec : 2
62.0 msec : 0
62.1 msec : 4
62.2 msec : 3
62.3 msec : 1
62.4 msec : 5
62.5 msec : 2
62.6 msec : 3
62.7 msec : 2
62.8 msec : 3
62.9 msec : 4
63.0 msec : 3
63.1 msec : 1
63.2 msec : 1
63.3 msec : 2
63.4 msec : 4
63.5 msec : 5
63.6 msec : 4
63.7 msec : 2
63.8 msec : 2
63.9 msec : 2
64.0 msec : 2
64.1 msec : 3
64.2 msec : 2
64.3 msec : 2
64.4 msec : 3
64.5 msec : 3
64.6 msec : 1
64.7 msec : 3
64.8 msec : 3
64.9 msec : 2
65.0 msec : 1
65.1 msec : 2
65.2 msec : 4
65.3 msec : 3
65.4 msec : 2
65.5 msec : 2
65.6 msec : 2
65.7 msec : 1
65.8 msec : 2
65.9 msec : 0
66.0 msec : 6
66.1 msec : 6
66.2 msec : 5
66.3 msec : 4
66.4 msec : 5
66.5 msec : 2
66.6 msec : 2
66.7 msec : 2
66.8 msec : 3
66.9 msec : 0
67.0 msec : 4
67.1 msec : 4
67.2 msec : 5
67.3 msec : 2
67.4 msec : 3
67.5 msec : 3
67.6 msec : 3
67.7 msec : 7
67.8 msec : 4
67.9 msec : 3
68.0 msec : 1
68.1 msec : 2
68.2 msec : 2
68.3 msec : 2
68.4 msec : 0
68.5 msec : 1
68.6 msec : 4
68.7 msec : 3
68.8 msec : 2
68.9 msec : 2
69.0 msec : 4
69.1 msec : 2
69.2 msec : 6
69.3 msec : 1
69.4 msec : 3
69.5 msec : 4
69.6 msec : 3
69.7 msec : 3
69.8 msec : 2
69.9 msec : 1
70.0 msec : 5
70.1 msec : 6
70.2 msec : 0
70.3 msec : 2
70.4 msec : 6
70.5 msec : 3
70.6 msec : 1
70.7 msec : 3
70.8 msec : 1
70.9 msec : 1
71.0 msec : 2
71.1 msec : 5
71.2 msec : 1
71.3 msec : 2
71.4 msec : 2
71.5 msec : 4
71.6 msec : 3
71.7 msec : 2
71.8 msec : 5
71.9 msec : 1
72.0 msec : 1
72.1 msec : 2
72.2 msec : 3
72.3 msec : 3
72.4 msec : 2
72.5 msec : 2
72.6 msec : 2
72.7 msec : 0
72.8 msec : 2
72.9 msec : 3
73.0 msec : 1
73.1 msec : 0
73.2 msec : 3
73.3 msec : 3
73.4 msec : 1
73.5 msec : 4
73.6 msec : 3
73.7 msec : 2
73.8 msec : 0
73.9 msec : 3
74.0 msec : 2
74.1 msec : 2
74.2 msec : 4
74.3 msec : 0
74.4 msec : 3
74.5 msec : 1
74.6 msec : 0
74.7 msec : 1
74.8 msec : 1
74.9 msec : 2
75.0 msec : 2
75.1 msec : 1
75.2 msec : 0
75.3 msec : 1
75.4 msec : 3
75.5 msec : 2
75.6 msec : 4
75.7 msec : 1
75.8 msec : 3
75.9 msec : 3
76.0 msec : 2
76.1 msec : 2
76.2 msec : 2
76.3 msec : 0
76.4 msec : 1
76.5 msec : 0
76.6 msec : 3
76.7 msec : 2
76.8 msec : 2
76.9 msec : 2
77.0 msec : 1
77.1 msec : 1
77.2 msec : 1
77.3 msec : 1
77.4 msec : 3
77.5 msec : 1
77.6 msec : 4
77.7 msec : 0
77.8 msec : 0
77.9 msec : 3
78.0 msec : 3
78.1 msec : 4
78.2 msec : 2
78.3 msec : 2
78.4 msec : 2
78.5 msec : 5
78.6 msec : 2
78.7 msec : 2
78.8 msec : 5
78.9 msec : 2
79.0 msec : 3
79.1 msec : 2
79.2 msec : 4
79.3 msec : 2
79.4 msec : 3
79.5 msec : 2
79.6 msec : 3
79.7 msec : 3
79.8 msec : 2
79.9 msec : 2
80.0 msec : 1
80.1 msec : 2
80.2 msec : 5
80.3 msec : 1
80.4 msec : 1
80.5 msec : 2
80.6 msec : 1
80.7 msec : 0
80.8 msec : 2
80.9 msec : 0
81.0 msec : 2
81.1 msec : 4
81.2 msec : 1
81.3 msec : 1
81.4 msec : 1
81.5 msec : 3
81.6 msec : 2
81.7 msec : 0
81.8 msec : 1
81.9 msec : 0
82.0 msec : 2
82.1 msec : 0
82.2 msec : 5
82.3 msec : 1
82.4 msec : 1
82.5 msec : 3
82.6 msec : 2
82.7 msec : 0
82.8 msec : 3
82.9 msec : 2
83.0 msec : 2
83.1 msec : 0
83.2 msec : 2
83.3 msec : 0
83.4 msec : 1
83.5 msec : 0
83.6 msec : 1
83.7 msec : 0
83.8 msec : 0
83.9 msec : 2
84.0 msec : 2
84.1 msec : 0
84.2 msec : 0
84.3 msec : 1
84.4 msec : 2
84.5 msec : 0
84.6 msec : 2
84.7 msec : 1
84.8 msec : 1
84.9 msec : 1
85.0 msec : 1
85.1 msec : 0
85.2 msec : 0
85.3 msec : 1
85.4 msec : 0
85.5 msec : 0
85.6 msec : 0
85.7 msec : 1
85.8 msec : 1
85.9 msec : 3
86.0 msec : 0
86.1 msec : 1
86.2 msec : 1
86.3 msec : 0
86.4 msec : 1
86.5 msec : 0
86.6 msec : 1
86.7 msec : 0
86.8 msec : 0
86.9 msec : 1
87.0 msec : 1
87.1 msec : 1
87.2 msec : 4
87.3 msec : 3
87.4 msec : 2
87.5 msec : 1
87.6 msec : 1
87.7 msec : 1
87.8 msec : 2
87.9 msec : 1
88.0 msec : 1
88.1 msec : 1
88.2 msec : 1
88.3 msec : 1
88.4 msec : 1
88.5 msec : 0
88.6 msec : 3
88.7 msec : 1
88.8 msec : 1
88.9 msec : 1
89.0 msec : 0
89.1 msec : 1
89.2 msec : 0
89.3 msec : 2
89.4 msec : 1
89.5 msec : 0
89.6 msec : 0
89.7 msec : 4
89.8 msec : 0
89.9 msec : 2
90.0 msec : 0
90.1 msec : 1
90.2 msec : 4
90.3 msec : 3
90.4 msec : 0
90.5 msec : 0
90.6 msec : 0
90.7 msec : 0
90.8 msec : 0
90.9 msec : 0
91.0 msec : 1
91.1 msec : 0
91.2 msec : 0
91.3 msec : 0
91.4 msec : 0
91.5 msec : 2
91.6 msec : 1
91.7 msec : 0
91.8 msec : 0
91.9 msec : 1
92.0 msec : 2
92.1 msec : 0
92.2 msec : 0
92.3 msec : 0
92.4 msec : 1
92.5 msec : 0
92.6 msec : 0
92.7 msec : 0
92.8 msec : 0
92.9 msec : 1
93.0 msec : 1
93.1 msec : 1
93.2 msec : 0
93.3 msec : 0
93.4 msec : 0
93.5 msec : 0
93.6 msec : 0
93.7 msec : 0
93.8 msec : 0
93.9 msec : 1
94.0 msec : 2
94.1 msec : 0
94.2 msec : 0
94.3 msec : 0
94.4 msec : 0
94.5 msec : 0
94.6 msec : 0
94.7 msec : 1
94.8 msec : 3
94.9 msec : 0
95.0 msec : 1
95.1 msec : 1
95.2 msec : 0
95.3 msec : 1
95.4 msec : 0
95.5 msec : 1
95.6 msec : 0
95.7 msec : 2
95.8 msec : 2
95.9 msec : 0
96.0 msec : 0
96.1 msec : 2
96.2 msec : 0
96.3 msec : 0
96.4 msec : 0
96.5 msec : 0
96.6 msec : 0
96.7 msec : 0
96.8 msec : 0
96.9 msec : 0
97.0 msec : 2
97.1 msec : 0
97.2 msec : 2
97.3 msec : 2
97.4 msec : 1
97.5 msec : 0
97.6 msec : 3
97.7 msec : 2
97.8 msec : 1
97.9 msec : 1
98.0 msec : 3
98.1 msec : 1
98.2 msec : 0
98.3 msec : 0
98.4 msec : 1
98.5 msec : 0
98.6 msec : 0
98.7 msec : 1
98.8 msec : 0
98.9 msec : 1
99.0 msec : 0
99.1 msec : 0
99.2 msec : 1
99.3 msec : 1
99.4 msec : 1
99.5 msec : 2
99.6 msec : 0
99.7 msec : 0
99.8 msec : 0
99.9 msec : 0
100.0 msec : 0
100.1 msec : 0
100.2 msec : 0
100.3 msec : 0
100.4 msec : 0
100.5 msec : 0
100.6 msec : 0
100.7 msec : 0
100.8 msec : 0
100.9 msec : 0
101.0 msec : 0
101.1 msec : 0
101.2 msec : 0
101.3 msec : 0
101.4 msec : 0
101.5 msec : 0
101.6 msec : 0
101.7 msec : 0
101.8 msec : 0
101.9 msec : 1
102.0 msec : 1
102.1 msec : 0
102.2 msec : 0
102.3 msec : 0
102.4 msec : 0
102.5 msec : 0
102.6 msec : 0
102.7 msec : 0
102.8 msec : 1
102.9 msec : 0
103.0 msec : 2
103.1 msec : 0
103.2 msec : 1
103.3 msec : 0
103.4 msec : 1
103.5 msec : 1
103.6 msec : 0
103.7 msec : 1
103.8 msec : 1
103.9 msec : 1
104.0 msec : 0
104.1 msec : 2
104.2 msec : 1
104.3 msec : 0
104.4 msec : 0
104.5 msec : 1
104.6 msec : 0
104.7 msec : 0
104.8 msec : 0
104.9 msec : 0
105.0 msec : 1
105.1 msec : 1
105.2 msec : 1
105.3 msec : 2
105.4 msec : 1
105.5 msec : 2
105.6 msec : 0
105.7 msec : 1
105.8 msec : 2
105.9 msec : 0
106.0 msec : 0
106.1 msec : 0
106.2 msec : 2
106.3 msec : 0
106.4 msec : 1
106.5 msec : 1
106.6 msec : 0
106.7 msec : 1
106.8 msec : 1
106.9 msec : 1
107.0 msec : 1
107.1 msec : 1
107.2 msec : 3
107.3 msec : 1
107.4 msec : 0
107.5 msec : 0
107.6 msec : 2
107.7 msec : 0
107.8 msec : 0
107.9 msec : 0
108.0 msec : 0
108.1 msec : 0
108.2 msec : 0
108.3 msec : 0
108.4 msec : 0
108.5 msec : 0
108.6 msec : 0
108.7 msec : 0
108.8 msec : 0
108.9 msec : 0
109.0 msec : 0
109.1 msec : 1
109.2 msec : 0
109.3 msec : 0
109.4 msec : 1
109.5 msec : 0
109.6 msec : 0
109.7 msec : 0
109.8 msec : 0
109.9 msec : 0
110.0 msec : 0
110.1 msec : 0
110.2 msec : 0
110.3 msec : 0
110.4 msec : 1
110.5 msec : 2
110.6 msec : 0
110.7 msec : 0
110.8 msec : 0
110.9 msec : 0
111.0 msec : 0
111.1 msec : 0
111.2 msec : 2
111.3 msec : 0
111.4 msec : 0
111.5 msec : 1
111.6 msec : 1
111.7 msec : 1
111.8 msec : 1
111.9 msec : 0
112.0 msec : 1
112.1 msec : 0
112.2 msec : 0
112.3 msec : 1
112.4 msec : 1
112.5 msec : 1
112.6 msec : 2
112.7 msec : 0
112.8 msec : 2
112.9 msec : 0
113.0 msec : 0
113.1 msec : 0
113.2 msec : 0
113.3 msec : 1
113.4 msec : 1
113.5 msec : 1
113.6 msec : 0
113.7 msec : 0
113.8 msec : 2
113.9 msec : 2
114.0 msec : 0
114.1 msec : 0
114.2 msec : 2
114.3 msec : 0
114.4 msec : 1
114.5 msec : 0
114.6 msec : 0
114.7 msec : 0
114.8 msec : 0
114.9 msec : 0
115.0 msec : 0
115.1 msec : 0
115.2 msec : 1
115.3 msec : 0
115.4 msec : 0
115.5 msec : 0
115.6 msec : 0
115.7 msec : 3
115.8 msec : 0
115.9 msec : 1
116.0 msec : 0
116.1 msec : 1
116.2 msec : 2
116.3 msec : 0
116.4 msec : 1
116.5 msec : 1
116.6 msec : 0
116.7 msec : 0
116.8 msec : 0
116.9 msec : 0
117.0 msec : 1
117.1 msec : 2
117.2 msec : 0
117.3 msec : 0
117.4 msec : 1
117.5 msec : 0
117.6 msec : 1
117.7 msec : 0
117.8 msec : 1
117.9 msec : 0
118.0 msec : 1
118.1 msec : 0
118.2 msec : 0
118.3 msec : 1
118.4 msec : 0
118.5 msec : 0
118.6 msec : 0
118.7 msec : 0
118.8 msec : 0
118.9 msec : 0
119.0 msec : 1
119.1 msec : 0
119.2 msec : 0
119.3 msec : 0
119.4 msec : 1
119.5 msec : 0
119.6 msec : 0
119.7 msec : 1
119.8 msec : 0
119.9 msec : 0
120.0 msec : 0
120.1 msec : 1
120.2 msec : 0
120.3 msec : 0
120.4 msec : 0
120.5 msec : 0
120.6 msec : 0
120.7 msec : 0
120.8 msec : 0
120.9 msec : 0
121.0 msec : 0
121.1 msec : 0
121.2 msec : 0
121.3 msec : 0
121.4 msec : 0
121.5 msec : 0
121.6 msec : 0
121.7 msec : 0
121.8 msec : 0
121.9 msec : 0
122.0 msec : 1
122.1 msec : 0
122.2 msec : 1
122.3 msec : 0
122.4 msec : 2
122.5 msec : 0
122.6 msec : 0
122.7 msec : 0
122.8 msec : 1
122.9 msec : 0
123.0 msec : 0
123.1 msec : 0
123.2 msec : 0
123.3 msec : 0
123.4 msec : 1
123.5 msec : 0
123.6 msec : 2
123.7 msec : 0
123.8 msec : 0
123.9 msec : 0
124.0 msec : 0
124.1 msec : 1
124.2 msec : 0
124.3 msec : 0
124.4 msec : 1
124.5 msec : 0
124.6 msec : 1
124.7 msec : 0
124.8 msec : 0
124.9 msec : 0
125.0 msec : 0
125.1 msec : 1
125.2 msec : 0
125.3 msec : 0
125.4 msec : 0
125.5 msec : 0
125.6 msec : 1
125.7 msec : 0
125.8 msec : 0
125.9 msec : 1
126.0 msec : 1
126.1 msec : 0
126.2 msec : 0
126.3 msec : 0
126.4 msec : 1
126.5 msec : 0
126.6 msec : 1
126.7 msec : 1
126.8 msec : 0
126.9 msec : 0
127.0 msec : 0
127.1 msec : 0
127.2 msec : 1
127.3 msec : 0
127.4 msec : 0
127.5 msec : 0
127.6 msec : 0
127.7 msec : 0
127.8 msec : 0
127.9 msec : 0
128.0 msec : 0
128.1 msec : 0
128.2 msec : 0
128.3 msec : 0
128.4 msec : 0
128.5 msec : 0
128.6 msec : 0
128.7 msec : 0
128.8 msec : 0
128.9 msec : 0
129.0 msec : 0
129.1 msec : 0
129.2 msec : 0
129.3 msec : 0
129.4 msec : 0
129.5 msec : 1
129.6 msec : 0
129.7 msec : 0
129.8 msec : 0
129.9 msec : 0
130.0 msec : 0
130.1 msec : 0
130.2 msec : 0
130.3 msec : 0
130.4 msec : 0
130.5 msec : 0
130.6 msec : 0
130.7 msec : 0
130.8 msec : 0
130.9 msec : 0
131.0 msec : 0
131.1 msec : 0
131.2 msec : 0
131.3 msec : 0
131.4 msec : 0
131.5 msec : 0
131.6 msec : 0
131.7 msec : 0
131.8 msec : 0
131.9 msec : 0
132.0 msec : 0
132.1 msec : 0
132.2 msec : 1
132.3 msec : 0
132.4 msec : 0
132.5 msec : 0
132.6 msec : 0
132.7 msec : 0
132.8 msec : 0
132.9 msec : 0
133.0 msec : 0
133.1 msec : 1
133.2 msec : 0
133.3 msec : 0
133.4 msec : 0
133.5 msec : 0
133.6 msec : 0
133.7 msec : 0
133.8 msec : 0
133.9 msec : 0
134.0 msec : 1
134.1 msec : 0
134.2 msec : 0
134.3 msec : 1
134.4 msec : 0
134.5 msec : 0
134.6 msec : 1
134.7 msec : 0
134.8 msec : 2
134.9 msec : 0
135.0 msec : 0
135.1 msec : 0
135.2 msec : 1
135.3 msec : 0
135.4 msec : 0
135.5 msec : 0
135.6 msec : 0
135.7 msec : 0
135.8 msec : 0
135.9 msec : 0
136.0 msec : 0
136.1 msec : 0
136.2 msec : 0
136.3 msec : 0
136.4 msec : 1
136.5 msec : 1
136.6 msec : 0
136.7 msec : 0
136.8 msec : 0
136.9 msec : 0
137.0 msec : 1
137.1 msec : 0
137.2 msec : 0
137.3 msec : 0
137.4 msec : 0
137.5 msec : 0
137.6 msec : 0
137.7 msec : 0
137.8 msec : 0
137.9 msec : 0
138.0 msec : 0
138.1 msec : 0
138.2 msec : 0
138.3 msec : 0
138.4 msec : 0
138.5 msec : 1
138.6 msec : 0
138.7 msec : 0
138.8 msec : 0
138.9 msec : 1
139.0 msec : 0
139.1 msec : 0
139.2 msec : 0
139.3 msec : 0
139.4 msec : 0
139.5 msec : 0
139.6 msec : 0
139.7 msec : 0
139.8 msec : 0
139.9 msec : 0
140.0 msec : 0
140.1 msec : 0
140.2 msec : 0
140.3 msec : 0
140.4 msec : 0
140.5 msec : 0
140.6 msec : 0
140.7 msec : 0
140.8 msec : 0
140.9 msec : 0
141.0 msec : 0
141.1 msec : 0
141.2 msec : 0
141.3 msec : 0
141.4 msec : 0
141.5 msec : 0
141.6 msec : 0
141.7 msec : 0
141.8 msec : 0
141.9 msec : 0
142.0 msec : 0
142.1 msec : 0
142.2 msec : 0
142.3 msec : 0
142.4 msec : 0
142.5 msec : 0
142.6 msec : 0
142.7 msec : 0
142.8 msec : 0
142.9 msec : 0
143.0 msec : 0
143.1 msec : 0
143.2 msec : 0
143.3 msec : 0
143.4 msec : 0
143.5 msec : 0
143.6 msec : 0
143.7 msec : 0
143.8 msec : 0
143.9 msec : 0
144.0 msec : 0
144.1 msec : 0
144.2 msec : 0
144.3 msec : 1
144.4 msec : 1
144.5 msec : 0
144.6 msec : 0
144.7 msec : 0
144.8 msec : 0
144.9 msec : 0
145.0 msec : 0
145.1 msec : 0
145.2 msec : 0
145.3 msec : 0
145.4 msec : 0
145.5 msec : 0
