Middleware started...
Middleware shuts down...
Smaller resolution statistics are in a log file...
Final aggregates per worker:


Worker 46
Average throughput (ops/sec) = 59
Average response time (msec) = 6.144418209302326
Average queue length = 3
Average wait time in queue (msec) = 0.7941619844961241
Average service time (msec) = 3.801644503875969
Number of SET = 59
Number of GET = 0
Number of MULTI GET = 0


Worker 47
Average throughput (ops/sec) = 57
Average response time (msec) = 6.602620108527131
Average queue length = 2
Average wait time in queue (msec) = 0.7891714031007752
Average service time (msec) = 4.100023775193798
Number of SET = 57
Number of GET = 0
Number of MULTI GET = 0


Worker 48
Average throughput (ops/sec) = 58
Average response time (msec) = 6.473261837209302
Average queue length = 3
Average wait time in queue (msec) = 0.7372940310077519
Average service time (msec) = 3.7347798449612406
Number of SET = 58
Number of GET = 0
Number of MULTI GET = 0


Worker 49
Average throughput (ops/sec) = 58
Average response time (msec) = 6.118392519379845
Average queue length = 2
Average wait time in queue (msec) = 0.8105446356589147
Average service time (msec) = 3.943322891472868
Number of SET = 58
Number of GET = 0
Number of MULTI GET = 0


Worker 42
Average throughput (ops/sec) = 57
Average response time (msec) = 6.013631046875
Average queue length = 3
Average wait time in queue (msec) = 0.7216815
Average service time (msec) = 4.1289152265625
Number of SET = 57
Number of GET = 0
Number of MULTI GET = 0


Worker 43
Average throughput (ops/sec) = 58
Average response time (msec) = 7.022500294573644
Average queue length = 3
Average wait time in queue (msec) = 0.8322627209302326
Average service time (msec) = 4.088874240310077
Number of SET = 58
Number of GET = 0
Number of MULTI GET = 0


Worker 44
Average throughput (ops/sec) = 59
Average response time (msec) = 5.850525
Average queue length = 3
Average wait time in queue (msec) = 0.7860294341085271
Average service time (msec) = 3.841720031007752
Number of SET = 59
Number of GET = 0
Number of MULTI GET = 0


Worker 45
Average throughput (ops/sec) = 58
Average response time (msec) = 6.301823837209302
Average queue length = 2
Average wait time in queue (msec) = 0.8797034108527132
Average service time (msec) = 4.174844356589148
Number of SET = 58
Number of GET = 0
Number of MULTI GET = 0


Worker 50
Average throughput (ops/sec) = 59
Average response time (msec) = 6.694602124031007
Average queue length = 2
Average wait time in queue (msec) = 0.8059719147286821
Average service time (msec) = 4.173827697674419
Number of SET = 59
Number of GET = 0
Number of MULTI GET = 0


Worker 51
Average throughput (ops/sec) = 59
Average response time (msec) = 6.481457627906977
Average queue length = 3
Average wait time in queue (msec) = 0.7877256666666667
Average service time (msec) = 4.266998713178294
Number of SET = 59
Number of GET = 0
Number of MULTI GET = 0


Worker 52
Average throughput (ops/sec) = 58
Average response time (msec) = 6.026472906976744
Average queue length = 4
Average wait time in queue (msec) = 0.6954643953488373
Average service time (msec) = 4.1043417829457365
Number of SET = 58
Number of GET = 0
Number of MULTI GET = 0


Worker 57
Average throughput (ops/sec) = 58
Average response time (msec) = 7.032682976744186
Average queue length = 3
Average wait time in queue (msec) = 0.7894399534883721
Average service time (msec) = 4.689252046511628
Number of SET = 58
Number of GET = 0
Number of MULTI GET = 0


Worker 13
Average throughput (ops/sec) = 140
Average response time (msec) = 5.941061063131313
Average queue length = 7
Average wait time in queue (msec) = 1.6830424873737373
Average service time (msec) = 3.2297409494949494
Number of SET = 140
Number of GET = 0
Number of MULTI GET = 0


Worker 58
Average throughput (ops/sec) = 60
Average response time (msec) = 6.2088256953125
Average queue length = 2
Average wait time in queue (msec) = 0.71617196875
Average service time (msec) = 4.1810383203125
Number of SET = 60
Number of GET = 0
Number of MULTI GET = 0


Worker 14
Average throughput (ops/sec) = 139
Average response time (msec) = 6.002870909090909
Average queue length = 8
Average wait time in queue (msec) = 1.7213703813131314
Average service time (msec) = 3.3438043080808084
Number of SET = 139
Number of GET = 0
Number of MULTI GET = 0


Worker 59
Average throughput (ops/sec) = 58
Average response time (msec) = 6.4285325234375
Average queue length = 2
Average wait time in queue (msec) = 0.7824552421875
Average service time (msec) = 4.131733046875
Number of SET = 58
Number of GET = 0
Number of MULTI GET = 0


Worker 15
Average throughput (ops/sec) = 140
Average response time (msec) = 5.921934906565657
Average queue length = 7
Average wait time in queue (msec) = 1.7360613863636365
Average service time (msec) = 3.219865527777778
Number of SET = 140
Number of GET = 0
Number of MULTI GET = 0


Worker 16
Average throughput (ops/sec) = 139
Average response time (msec) = 6.163216103535353
Average queue length = 8
Average wait time in queue (msec) = 1.7040163585858585
Average service time (msec) = 3.1816928232323236
Number of SET = 139
Number of GET = 0
Number of MULTI GET = 0


Worker 53
Average throughput (ops/sec) = 59
Average response time (msec) = 6.16925176744186
Average queue length = 2
Average wait time in queue (msec) = 0.752622503875969
Average service time (msec) = 3.946212069767442
Number of SET = 59
Number of GET = 0
Number of MULTI GET = 0


Worker 54
Average throughput (ops/sec) = 59
Average response time (msec) = 6.384660546875
Average queue length = 2
Average wait time in queue (msec) = 0.7377505625
Average service time (msec) = 4.143885859375
Number of SET = 58
Number of GET = 0
Number of MULTI GET = 0


Worker 10
Average throughput (ops/sec) = 139
Average response time (msec) = 5.964675474747474
Average queue length = 8
Average wait time in queue (msec) = 1.7485740833333332
Average service time (msec) = 3.256112472222222
Number of SET = 139
Number of GET = 0
Number of MULTI GET = 0


Worker 55
Average throughput (ops/sec) = 57
Average response time (msec) = 6.16289715503876
Average queue length = 2
Average wait time in queue (msec) = 0.7950809922480621
Average service time (msec) = 4.050922503875969
Number of SET = 57
Number of GET = 0
Number of MULTI GET = 0


Worker 11
Average throughput (ops/sec) = 140
Average response time (msec) = 6.080697883838384
Average queue length = 8
Average wait time in queue (msec) = 1.749013563131313
Average service time (msec) = 3.248673868686869
Number of SET = 140
Number of GET = 0
Number of MULTI GET = 0


Worker 56
Average throughput (ops/sec) = 59
Average response time (msec) = 6.1870028984375
Average queue length = 3
Average wait time in queue (msec) = 0.73790296875
Average service time (msec) = 3.9022177265625
Number of SET = 59
Number of GET = 0
Number of MULTI GET = 0


Worker 12
Average throughput (ops/sec) = 140
Average response time (msec) = 5.958081414141414
Average queue length = 8
Average wait time in queue (msec) = 1.7776698863636364
Average service time (msec) = 3.2289504343434343
Number of SET = 140
Number of GET = 0
Number of MULTI GET = 0


Worker 17
Average throughput (ops/sec) = 91
Average response time (msec) = 5.968837535849056
Average queue length = 5
Average wait time in queue (msec) = 1.1096558150943396
Average service time (msec) = 3.7905485056603774
Number of SET = 91
Number of GET = 0
Number of MULTI GET = 0


Worker 18
Average throughput (ops/sec) = 91
Average response time (msec) = 6.286287422641509
Average queue length = 5
Average wait time in queue (msec) = 1.0986942641509434
Average service time (msec) = 3.6781296264150942
Number of SET = 91
Number of GET = 0
Number of MULTI GET = 0


Worker 19
Average throughput (ops/sec) = 90
Average response time (msec) = 6.1761477094339625
Average queue length = 5
Average wait time in queue (msec) = 1.1217865283018869
Average service time (msec) = 3.5595325132075475
Number of SET = 90
Number of GET = 0
Number of MULTI GET = 0


Worker 60
Average throughput (ops/sec) = 61
Average response time (msec) = 6.1505695078125
Average queue length = 2
Average wait time in queue (msec) = 0.7911294140625
Average service time (msec) = 3.8716322265625
Number of SET = 61
Number of GET = 0
Number of MULTI GET = 0


Worker 61
Average throughput (ops/sec) = 59
Average response time (msec) = 6.318723410852714
Average queue length = 3
Average wait time in queue (msec) = 0.669549519379845
Average service time (msec) = 4.1773872868217055
Number of SET = 59
Number of GET = 0
Number of MULTI GET = 0


Worker 62
Average throughput (ops/sec) = 58
Average response time (msec) = 6.73663519379845
Average queue length = 3
Average wait time in queue (msec) = 0.7357057596899225
Average service time (msec) = 4.323037317829457
Number of SET = 58
Number of GET = 0
Number of MULTI GET = 0


Worker 63
Average throughput (ops/sec) = 59
Average response time (msec) = 6.442565751937985
Average queue length = 2
Average wait time in queue (msec) = 0.7577891627906976
Average service time (msec) = 4.021455333333334
Number of SET = 59
Number of GET = 0
Number of MULTI GET = 0


Worker 24
Average throughput (ops/sec) = 90
Average response time (msec) = 5.928135905660378
Average queue length = 5
Average wait time in queue (msec) = 1.1159324
Average service time (msec) = 3.6568094943396225
Number of SET = 90
Number of GET = 0
Number of MULTI GET = 0


Worker 7
Average throughput (ops/sec) = 229
Average response time (msec) = 6.0592454326599325
Average queue length = 10
Average wait time in queue (msec) = 2.536970937710438
Average service time (msec) = 2.716374267676768
Number of SET = 229
Number of GET = 0
Number of MULTI GET = 0


Worker 25
Average throughput (ops/sec) = 91
Average response time (msec) = 6.0927268679245286
Average queue length = 5
Average wait time in queue (msec) = 1.088054920754717
Average service time (msec) = 3.891095275471698
Number of SET = 91
Number of GET = 0
Number of MULTI GET = 0


Worker 6
Average throughput (ops/sec) = 229
Average response time (msec) = 5.953396814814814
Average queue length = 10
Average wait time in queue (msec) = 2.5754773939393942
Average service time (msec) = 2.6426992845117847
Number of SET = 229
Number of GET = 0
Number of MULTI GET = 0


Worker 26
Average throughput (ops/sec) = 91
Average response time (msec) = 5.977740260377359
Average queue length = 5
Average wait time in queue (msec) = 1.104433196226415
Average service time (msec) = 3.599688577358491
Number of SET = 91
Number of GET = 0
Number of MULTI GET = 0


Worker 9
Average throughput (ops/sec) = 140
Average response time (msec) = 5.84551027020202
Average queue length = 8
Average wait time in queue (msec) = 1.7169943409090909
Average service time (msec) = 3.190199532828283
Number of SET = 140
Number of GET = 0
Number of MULTI GET = 0


Worker 27
Average throughput (ops/sec) = 91
Average response time (msec) = 6.205239362264151
Average queue length = 5
Average wait time in queue (msec) = 1.1343487962264152
Average service time (msec) = 3.6191343358490564
Number of SET = 91
Number of GET = 0
Number of MULTI GET = 0


Worker 8
Average throughput (ops/sec) = 229
Average response time (msec) = 6.057780765993266
Average queue length = 10
Average wait time in queue (msec) = 2.561251494949495
Average service time (msec) = 2.782900296296296
Number of SET = 229
Number of GET = 0
Number of MULTI GET = 0


Worker 64
Average throughput (ops/sec) = 59
Average response time (msec) = 6.300708961240311
Average queue length = 1
Average wait time in queue (msec) = 0.7306633875968992
Average service time (msec) = 4.36080384496124
Number of SET = 59
Number of GET = 0
Number of MULTI GET = 0


Worker 20
Average throughput (ops/sec) = 91
Average response time (msec) = 5.7577429849056605
Average queue length = 5
Average wait time in queue (msec) = 1.096347196226415
Average service time (msec) = 3.539061981132076
Number of SET = 91
Number of GET = 0
Number of MULTI GET = 0


Worker 3
Average throughput (ops/sec) = 229
Average response time (msec) = 5.959992557239057
Average queue length = 10
Average wait time in queue (msec) = 2.544769398989899
Average service time (msec) = 2.682947575757576
Number of SET = 229
Number of GET = 0
Number of MULTI GET = 0


Worker 21
Average throughput (ops/sec) = 91
Average response time (msec) = 6.277264750943396
Average queue length = 5
Average wait time in queue (msec) = 1.1423591622641511
Average service time (msec) = 3.787711430188679
Number of SET = 91
Number of GET = 0
Number of MULTI GET = 0


Worker 2
Average throughput (ops/sec) = 230
Average response time (msec) = 6.100905818181818
Average queue length = 10
Average wait time in queue (msec) = 2.5184355892255894
Average service time (msec) = 2.788784745791246
Number of SET = 230
Number of GET = 0
Number of MULTI GET = 0


Worker 22
Average throughput (ops/sec) = 91
Average response time (msec) = 6.137685264150943
Average queue length = 5
Average wait time in queue (msec) = 1.1126832188679245
Average service time (msec) = 3.8814629773584906
Number of SET = 91
Number of GET = 0
Number of MULTI GET = 0


Worker 5
Average throughput (ops/sec) = 230
Average response time (msec) = 6.067896740740741
Average queue length = 10
Average wait time in queue (msec) = 2.5462812306397304
Average service time (msec) = 2.7897569983164985
Number of SET = 230
Number of GET = 0
Number of MULTI GET = 0


Worker 23
Average throughput (ops/sec) = 91
Average response time (msec) = 6.145258652830189
Average queue length = 5
Average wait time in queue (msec) = 1.151469762264151
Average service time (msec) = 3.5324300113207547
Number of SET = 91
Number of GET = 0
Number of MULTI GET = 0


Worker 4
Average throughput (ops/sec) = 230
Average response time (msec) = 6.037536072390572
Average queue length = 10
Average wait time in queue (msec) = 2.561033920875421
Average service time (msec) = 2.7579570707070706
Number of SET = 230
Number of GET = 0
Number of MULTI GET = 0


Worker 28
Average throughput (ops/sec) = 92
Average response time (msec) = 5.840967279245284
Average queue length = 5
Average wait time in queue (msec) = 1.1010382150943396
Average service time (msec) = 3.5903128150943395
Number of SET = 92
Number of GET = 0
Number of MULTI GET = 0


Worker 29
Average throughput (ops/sec) = 92
Average response time (msec) = 5.973451603773585
Average queue length = 5
Average wait time in queue (msec) = 1.101046483018868
Average service time (msec) = 3.6874799698113208
Number of SET = 92
Number of GET = 0
Number of MULTI GET = 0


Worker 1
Average throughput (ops/sec) = 230
Average response time (msec) = 5.889504122895622
Average queue length = 10
Average wait time in queue (msec) = 2.5447573737373737
Average service time (msec) = 2.639145872053872
Number of SET = 230
Number of GET = 0
Number of MULTI GET = 0


Worker 30
Average throughput (ops/sec) = 91
Average response time (msec) = 6.067187373584906
Average queue length = 5
Average wait time in queue (msec) = 1.1075920792452831
Average service time (msec) = 3.8784306679245284
Number of SET = 91
Number of GET = 0
Number of MULTI GET = 0


Worker 35
Average throughput (ops/sec) = 58
Average response time (msec) = 6.872788170542636
Average queue length = 3
Average wait time in queue (msec) = 0.7423113100775194
Average service time (msec) = 5.004929488372093
Number of SET = 58
Number of GET = 0
Number of MULTI GET = 0


Worker 36
Average throughput (ops/sec) = 57
Average response time (msec) = 6.906292170542636
Average queue length = 3
Average wait time in queue (msec) = 0.8109575736434108
Average service time (msec) = 4.124683604651163
Number of SET = 57
Number of GET = 0
Number of MULTI GET = 0


Worker 37
Average throughput (ops/sec) = 57
Average response time (msec) = 7.154041356589147
Average queue length = 3
Average wait time in queue (msec) = 0.6822835426356588
Average service time (msec) = 4.632870294573643
Number of SET = 57
Number of GET = 0
Number of MULTI GET = 0


Worker 38
Average throughput (ops/sec) = 58
Average response time (msec) = 6.64351572868217
Average queue length = 3
Average wait time in queue (msec) = 0.8669984573643411
Average service time (msec) = 4.3564994263565895
Number of SET = 58
Number of GET = 0
Number of MULTI GET = 0


Worker 31
Average throughput (ops/sec) = 93
Average response time (msec) = 6.135047366037735
Average queue length = 5
Average wait time in queue (msec) = 1.2078811471698114
Average service time (msec) = 3.4589836452830185
Number of SET = 93
Number of GET = 0
Number of MULTI GET = 0


Worker 32
Average throughput (ops/sec) = 92
Average response time (msec) = 6.336661301886792
Average queue length = 4
Average wait time in queue (msec) = 1.1617455018867924
Average service time (msec) = 3.8818316641509436
Number of SET = 92
Number of GET = 0
Number of MULTI GET = 0


Worker 33
Average throughput (ops/sec) = 57
Average response time (msec) = 6.672678364341085
Average queue length = 3
Average wait time in queue (msec) = 0.8445041782945737
Average service time (msec) = 4.015287813953488
Number of SET = 57
Number of GET = 0
Number of MULTI GET = 0


Worker 34
Average throughput (ops/sec) = 57
Average response time (msec) = 6.927390085271318
Average queue length = 3
Average wait time in queue (msec) = 0.726425007751938
Average service time (msec) = 3.9462267596899223
Number of SET = 57
Number of GET = 0
Number of MULTI GET = 0


Worker 39
Average throughput (ops/sec) = 58
Average response time (msec) = 5.716944968992248
Average queue length = 3
Average wait time in queue (msec) = 0.729405534883721
Average service time (msec) = 3.7405402558139533
Number of SET = 58
Number of GET = 0
Number of MULTI GET = 0


Worker 40
Average throughput (ops/sec) = 57
Average response time (msec) = 7.08726180620155
Average queue length = 3
Average wait time in queue (msec) = 0.7912952480620156
Average service time (msec) = 4.603641418604651
Number of SET = 57
Number of GET = 0
Number of MULTI GET = 0


Worker 41
Average throughput (ops/sec) = 57
Average response time (msec) = 6.769120124031008
Average queue length = 3
Average wait time in queue (msec) = 0.7148264341085272
Average service time (msec) = 4.257362007751938
Number of SET = 57
Number of GET = 0
Number of MULTI GET = 0


FINAL STATS
Average throughput (ops/sec) = 6274
Average response time (msec) = 4.408606739847315
Average queue length = 4
Average wait time in queue (msec) = 1.1988448177074098
Average service time (msec) = 3.7433306442917393
Number of SET = 98
Number of GET = 0
Number of MULTI GET = 0
Number of Cache misses = 0


Histogram response times (0.1 msec step)
0.0 msec : 4
0.1 msec : 12
0.2 msec : 24
0.3 msec : 38
0.4 msec : 38
0.5 msec : 54
0.6 msec : 64
0.7 msec : 72
0.8 msec : 87
0.9 msec : 121
1.0 msec : 192
1.1 msec : 227
1.2 msec : 388
1.3 msec : 463
1.4 msec : 520
1.5 msec : 634
1.6 msec : 666
1.7 msec : 734
1.8 msec : 819
1.9 msec : 799
2.0 msec : 845
2.1 msec : 834
2.2 msec : 807
2.3 msec : 768
2.4 msec : 732
2.5 msec : 721
2.6 msec : 612
2.7 msec : 542
2.8 msec : 512
2.9 msec : 421
3.0 msec : 377
3.1 msec : 386
3.2 msec : 323
3.3 msec : 353
3.4 msec : 282
3.5 msec : 261
3.6 msec : 280
3.7 msec : 227
3.8 msec : 222
3.9 msec : 218
4.0 msec : 193
4.1 msec : 186
4.2 msec : 195
4.3 msec : 164
4.4 msec : 164
4.5 msec : 163
4.6 msec : 164
4.7 msec : 159
4.8 msec : 163
4.9 msec : 173
5.0 msec : 207
5.1 msec : 178
5.2 msec : 175
5.3 msec : 193
5.4 msec : 159
5.5 msec : 184
5.6 msec : 181
5.7 msec : 175
5.8 msec : 155
5.9 msec : 135
6.0 msec : 122
6.1 msec : 137
6.2 msec : 124
6.3 msec : 94
6.4 msec : 120
6.5 msec : 108
6.6 msec : 119
6.7 msec : 102
6.8 msec : 67
6.9 msec : 85
7.0 msec : 62
7.1 msec : 82
7.2 msec : 70
7.3 msec : 68
7.4 msec : 80
7.5 msec : 53
7.6 msec : 48
7.7 msec : 50
7.8 msec : 52
7.9 msec : 43
8.0 msec : 34
8.1 msec : 55
8.2 msec : 41
8.3 msec : 45
8.4 msec : 33
8.5 msec : 35
8.6 msec : 46
8.7 msec : 30
8.8 msec : 36
8.9 msec : 24
9.0 msec : 29
9.1 msec : 31
9.2 msec : 30
9.3 msec : 21
9.4 msec : 28
9.5 msec : 26
9.6 msec : 19
9.7 msec : 18
9.8 msec : 21
9.9 msec : 22
10.0 msec : 17
10.1 msec : 15
10.2 msec : 17
10.3 msec : 17
10.4 msec : 17
10.5 msec : 15
10.6 msec : 15
10.7 msec : 20
10.8 msec : 10
10.9 msec : 16
11.0 msec : 7
11.1 msec : 15
11.2 msec : 16
11.3 msec : 7
11.4 msec : 10
11.5 msec : 14
11.6 msec : 13
11.7 msec : 7
11.8 msec : 12
11.9 msec : 10
12.0 msec : 8
12.1 msec : 8
12.2 msec : 10
12.3 msec : 14
12.4 msec : 11
12.5 msec : 4
12.6 msec : 6
12.7 msec : 5
12.8 msec : 4
12.9 msec : 7
13.0 msec : 7
13.1 msec : 8
13.2 msec : 6
13.3 msec : 4
13.4 msec : 6
13.5 msec : 6
13.6 msec : 6
13.7 msec : 0
13.8 msec : 6
13.9 msec : 4
14.0 msec : 3
14.1 msec : 5
14.2 msec : 6
14.3 msec : 1
14.4 msec : 3
14.5 msec : 5
14.6 msec : 8
14.7 msec : 4
14.8 msec : 6
14.9 msec : 4
15.0 msec : 2
15.1 msec : 7
15.2 msec : 3
15.3 msec : 5
15.4 msec : 6
15.5 msec : 2
15.6 msec : 5
15.7 msec : 3
15.8 msec : 3
15.9 msec : 2
16.0 msec : 3
16.1 msec : 0
16.2 msec : 2
16.3 msec : 1
16.4 msec : 5
16.5 msec : 4
16.6 msec : 1
16.7 msec : 1
16.8 msec : 3
16.9 msec : 2
17.0 msec : 2
17.1 msec : 3
17.2 msec : 1
17.3 msec : 1
17.4 msec : 0
17.5 msec : 1
17.6 msec : 1
17.7 msec : 0
17.8 msec : 1
17.9 msec : 0
18.0 msec : 3
18.1 msec : 1
18.2 msec : 2
18.3 msec : 2
18.4 msec : 2
18.5 msec : 2
18.6 msec : 0
18.7 msec : 0
18.8 msec : 3
18.9 msec : 1
19.0 msec : 2
19.1 msec : 5
19.2 msec : 2
19.3 msec : 4
19.4 msec : 3
19.5 msec : 2
19.6 msec : 3
19.7 msec : 4
19.8 msec : 2
19.9 msec : 6
20.0 msec : 0
20.1 msec : 3
20.2 msec : 0
20.3 msec : 3
20.4 msec : 3
20.5 msec : 1
20.6 msec : 2
20.7 msec : 2
20.8 msec : 1
20.9 msec : 3
21.0 msec : 1
21.1 msec : 3
21.2 msec : 3
21.3 msec : 3
21.4 msec : 2
21.5 msec : 1
21.6 msec : 0
21.7 msec : 0
21.8 msec : 0
21.9 msec : 0
22.0 msec : 1
22.1 msec : 0
22.2 msec : 1
22.3 msec : 1
22.4 msec : 1
22.5 msec : 0
22.6 msec : 1
22.7 msec : 0
22.8 msec : 1
22.9 msec : 0
23.0 msec : 3
23.1 msec : 2
23.2 msec : 1
23.3 msec : 2
23.4 msec : 0
23.5 msec : 2
23.6 msec : 0
23.7 msec : 1
23.8 msec : 1
23.9 msec : 0
24.0 msec : 0
24.1 msec : 1
24.2 msec : 4
24.3 msec : 1
24.4 msec : 1
24.5 msec : 0
24.6 msec : 1
24.7 msec : 0
24.8 msec : 1
24.9 msec : 0
25.0 msec : 0
25.1 msec : 0
25.2 msec : 0
25.3 msec : 0
25.4 msec : 0
25.5 msec : 0
25.6 msec : 0
25.7 msec : 0
25.8 msec : 0
25.9 msec : 0
26.0 msec : 0
26.1 msec : 3
26.2 msec : 0
26.3 msec : 1
26.4 msec : 0
26.5 msec : 0
26.6 msec : 0
26.7 msec : 4
26.8 msec : 1
26.9 msec : 1
27.0 msec : 1
27.1 msec : 4
27.2 msec : 2
27.3 msec : 1
27.4 msec : 1
27.5 msec : 1
27.6 msec : 1
27.7 msec : 1
27.8 msec : 2
27.9 msec : 0
28.0 msec : 0
28.1 msec : 0
28.2 msec : 1
28.3 msec : 0
28.4 msec : 1
28.5 msec : 2
28.6 msec : 1
28.7 msec : 0
28.8 msec : 0
28.9 msec : 0
29.0 msec : 0
29.1 msec : 1
29.2 msec : 0
29.3 msec : 0
29.4 msec : 0
29.5 msec : 0
29.6 msec : 0
29.7 msec : 0
29.8 msec : 0
29.9 msec : 0
30.0 msec : 0
30.1 msec : 0
30.2 msec : 0
30.3 msec : 0
30.4 msec : 0
30.5 msec : 1
30.6 msec : 0
30.7 msec : 1
30.8 msec : 0
30.9 msec : 0
31.0 msec : 0
31.1 msec : 0
31.2 msec : 1
31.3 msec : 0
31.4 msec : 0
31.5 msec : 0
31.6 msec : 0
31.7 msec : 0
31.8 msec : 0
31.9 msec : 0
32.0 msec : 0
32.1 msec : 0
32.2 msec : 0
32.3 msec : 0
32.4 msec : 0
32.5 msec : 0
32.6 msec : 0
32.7 msec : 0
32.8 msec : 0
32.9 msec : 0
33.0 msec : 0
33.1 msec : 0
33.2 msec : 0
33.3 msec : 0
33.4 msec : 0
33.5 msec : 0
33.6 msec : 0
33.7 msec : 0
33.8 msec : 0
33.9 msec : 0
34.0 msec : 0
34.1 msec : 0
34.2 msec : 0
34.3 msec : 0
34.4 msec : 0
34.5 msec : 0
34.6 msec : 0
34.7 msec : 1
34.8 msec : 0
34.9 msec : 0
35.0 msec : 0
35.1 msec : 0
35.2 msec : 0
35.3 msec : 0
35.4 msec : 0
35.5 msec : 0
35.6 msec : 0
35.7 msec : 0
35.8 msec : 0
35.9 msec : 0
36.0 msec : 0
36.1 msec : 0
36.2 msec : 0
36.3 msec : 0
36.4 msec : 0
36.5 msec : 0
36.6 msec : 0
36.7 msec : 0
36.8 msec : 0
36.9 msec : 0
37.0 msec : 0
37.1 msec : 0
37.2 msec : 0
37.3 msec : 0
37.4 msec : 0
37.5 msec : 0
37.6 msec : 0
37.7 msec : 0
37.8 msec : 0
37.9 msec : 0
38.0 msec : 0
38.1 msec : 0
38.2 msec : 0
38.3 msec : 0
38.4 msec : 0
38.5 msec : 0
38.6 msec : 0
38.7 msec : 0
38.8 msec : 0
38.9 msec : 0
39.0 msec : 0
39.1 msec : 0
39.2 msec : 0
39.3 msec : 0
39.4 msec : 0
39.5 msec : 0
39.6 msec : 0
39.7 msec : 0
39.8 msec : 0
39.9 msec : 0
40.0 msec : 0
40.1 msec : 0
40.2 msec : 0
40.3 msec : 0
40.4 msec : 0
40.5 msec : 0
40.6 msec : 0
40.7 msec : 0
40.8 msec : 0
40.9 msec : 0
41.0 msec : 0
41.1 msec : 0
41.2 msec : 0
41.3 msec : 0
41.4 msec : 0
41.5 msec : 0
41.6 msec : 0
41.7 msec : 0
41.8 msec : 0
41.9 msec : 0
42.0 msec : 0
42.1 msec : 0
42.2 msec : 0
42.3 msec : 0
42.4 msec : 0
42.5 msec : 0
42.6 msec : 0
42.7 msec : 0
42.8 msec : 0
42.9 msec : 0
43.0 msec : 0
43.1 msec : 0
43.2 msec : 0
43.3 msec : 0
43.4 msec : 0
43.5 msec : 0
43.6 msec : 0
43.7 msec : 0
43.8 msec : 0
43.9 msec : 0
44.0 msec : 0
44.1 msec : 0
44.2 msec : 0
44.3 msec : 0
44.4 msec : 0
44.5 msec : 0
44.6 msec : 0
44.7 msec : 0
44.8 msec : 0
44.9 msec : 0
45.0 msec : 0
45.1 msec : 0
45.2 msec : 0
45.3 msec : 0
45.4 msec : 0
45.5 msec : 0
45.6 msec : 0
45.7 msec : 0
45.8 msec : 0
45.9 msec : 0
46.0 msec : 0
46.1 msec : 0
46.2 msec : 0
46.3 msec : 0
46.4 msec : 0
46.5 msec : 0
46.6 msec : 0
46.7 msec : 0
46.8 msec : 0
46.9 msec : 0
47.0 msec : 0
47.1 msec : 0
47.2 msec : 0
47.3 msec : 0
47.4 msec : 0
47.5 msec : 0
47.6 msec : 0
47.7 msec : 0
47.8 msec : 0
47.9 msec : 0
48.0 msec : 0
48.1 msec : 0
48.2 msec : 0
48.3 msec : 0
48.4 msec : 0
48.5 msec : 0
48.6 msec : 0
48.7 msec : 0
48.8 msec : 0
48.9 msec : 0
49.0 msec : 0
49.1 msec : 0
49.2 msec : 0
49.3 msec : 0
49.4 msec : 0
49.5 msec : 0
49.6 msec : 0
49.7 msec : 0
49.8 msec : 0
49.9 msec : 0
50.0 msec : 0
50.1 msec : 0
50.2 msec : 0
50.3 msec : 0
50.4 msec : 0
50.5 msec : 0
50.6 msec : 0
50.7 msec : 0
50.8 msec : 0
50.9 msec : 0
51.0 msec : 0
51.1 msec : 0
51.2 msec : 0
51.3 msec : 0
51.4 msec : 0
51.5 msec : 0
51.6 msec : 0
51.7 msec : 0
51.8 msec : 0
51.9 msec : 0
52.0 msec : 0
52.1 msec : 0
52.2 msec : 0
52.3 msec : 0
52.4 msec : 0
52.5 msec : 0
52.6 msec : 0
52.7 msec : 0
52.8 msec : 0
52.9 msec : 0
53.0 msec : 0
53.1 msec : 0
53.2 msec : 0
53.3 msec : 0
53.4 msec : 0
53.5 msec : 0
53.6 msec : 0
53.7 msec : 0
53.8 msec : 0
53.9 msec : 0
54.0 msec : 0
54.1 msec : 0
54.2 msec : 0
54.3 msec : 0
54.4 msec : 0
54.5 msec : 0
54.6 msec : 0
54.7 msec : 0
54.8 msec : 0
54.9 msec : 0
55.0 msec : 0
55.1 msec : 0
55.2 msec : 0
55.3 msec : 0
55.4 msec : 0
55.5 msec : 0
55.6 msec : 0
55.7 msec : 0
55.8 msec : 0
55.9 msec : 0
56.0 msec : 0
56.1 msec : 0
56.2 msec : 0
56.3 msec : 0
56.4 msec : 0
56.5 msec : 0
56.6 msec : 0
56.7 msec : 0
56.8 msec : 0
56.9 msec : 0
57.0 msec : 0
57.1 msec : 0
57.2 msec : 0
57.3 msec : 0
57.4 msec : 0
57.5 msec : 0
57.6 msec : 0
57.7 msec : 0
57.8 msec : 0
57.9 msec : 0
58.0 msec : 0
58.1 msec : 0
58.2 msec : 0
58.3 msec : 0
58.4 msec : 0
58.5 msec : 0
58.6 msec : 0
58.7 msec : 0
58.8 msec : 0
58.9 msec : 0
59.0 msec : 0
59.1 msec : 0
59.2 msec : 0
59.3 msec : 0
59.4 msec : 0
59.5 msec : 0
59.6 msec : 0
59.7 msec : 0
59.8 msec : 0
59.9 msec : 0
60.0 msec : 0
60.1 msec : 0
60.2 msec : 0
60.3 msec : 0
60.4 msec : 0
60.5 msec : 0
60.6 msec : 0
60.7 msec : 0
60.8 msec : 0
60.9 msec : 0
61.0 msec : 0
61.1 msec : 0
61.2 msec : 0
61.3 msec : 0
61.4 msec : 0
61.5 msec : 0
61.6 msec : 0
61.7 msec : 0
61.8 msec : 0
61.9 msec : 0
62.0 msec : 0
62.1 msec : 0
62.2 msec : 0
62.3 msec : 0
62.4 msec : 0
62.5 msec : 0
62.6 msec : 0
62.7 msec : 0
62.8 msec : 0
62.9 msec : 0
63.0 msec : 0
63.1 msec : 0
63.2 msec : 0
63.3 msec : 0
63.4 msec : 0
63.5 msec : 0
63.6 msec : 0
63.7 msec : 0
63.8 msec : 0
63.9 msec : 0
64.0 msec : 0
64.1 msec : 0
64.2 msec : 0
64.3 msec : 0
64.4 msec : 0
64.5 msec : 0
64.6 msec : 0
64.7 msec : 0
64.8 msec : 0
64.9 msec : 0
65.0 msec : 0
65.1 msec : 0
65.2 msec : 0
65.3 msec : 0
65.4 msec : 0
65.5 msec : 0
65.6 msec : 0
65.7 msec : 0
65.8 msec : 0
65.9 msec : 0
66.0 msec : 0
66.1 msec : 0
66.2 msec : 0
66.3 msec : 0
66.4 msec : 0
66.5 msec : 0
66.6 msec : 0
66.7 msec : 0
66.8 msec : 0
66.9 msec : 0
67.0 msec : 0
67.1 msec : 0
67.2 msec : 0
67.3 msec : 0
67.4 msec : 0
67.5 msec : 0
67.6 msec : 0
67.7 msec : 0
67.8 msec : 0
67.9 msec : 0
68.0 msec : 0
68.1 msec : 0
68.2 msec : 0
68.3 msec : 0
68.4 msec : 0
68.5 msec : 0
68.6 msec : 0
68.7 msec : 0
68.8 msec : 0
68.9 msec : 0
69.0 msec : 0
69.1 msec : 0
69.2 msec : 0
69.3 msec : 0
69.4 msec : 0
69.5 msec : 0
69.6 msec : 0
69.7 msec : 0
69.8 msec : 0
69.9 msec : 0
70.0 msec : 0
70.1 msec : 0
70.2 msec : 0
70.3 msec : 0
70.4 msec : 0
70.5 msec : 0
70.6 msec : 0
70.7 msec : 0
70.8 msec : 0
70.9 msec : 0
71.0 msec : 0
71.1 msec : 0
71.2 msec : 0
71.3 msec : 0
71.4 msec : 0
71.5 msec : 0
71.6 msec : 0
71.7 msec : 0
71.8 msec : 0
71.9 msec : 0
72.0 msec : 0
72.1 msec : 0
72.2 msec : 0
72.3 msec : 0
72.4 msec : 0
72.5 msec : 0
72.6 msec : 0
72.7 msec : 0
72.8 msec : 0
72.9 msec : 0
73.0 msec : 0
73.1 msec : 0
73.2 msec : 0
73.3 msec : 0
73.4 msec : 0
73.5 msec : 0
73.6 msec : 0
73.7 msec : 0
73.8 msec : 0
73.9 msec : 0
74.0 msec : 0
74.1 msec : 0
74.2 msec : 0
74.3 msec : 0
74.4 msec : 0
74.5 msec : 0
74.6 msec : 0
74.7 msec : 0
74.8 msec : 0
74.9 msec : 0
75.0 msec : 0
75.1 msec : 0
75.2 msec : 0
75.3 msec : 0
75.4 msec : 0
75.5 msec : 0
75.6 msec : 0
75.7 msec : 0
75.8 msec : 0
75.9 msec : 0
76.0 msec : 0
76.1 msec : 0
76.2 msec : 0
76.3 msec : 0
76.4 msec : 0
76.5 msec : 0
76.6 msec : 0
76.7 msec : 0
76.8 msec : 0
76.9 msec : 0
77.0 msec : 0
77.1 msec : 0
77.2 msec : 0
77.3 msec : 1
77.4 msec : 0
77.5 msec : 0
77.6 msec : 0
77.7 msec : 0
77.8 msec : 0
77.9 msec : 1
78.0 msec : 0
78.1 msec : 0
78.2 msec : 0
78.3 msec : 0
78.4 msec : 0
78.5 msec : 0
78.6 msec : 0
78.7 msec : 0
78.8 msec : 0
78.9 msec : 0
79.0 msec : 1
79.1 msec : 1
79.2 msec : 1
79.3 msec : 2
79.4 msec : 2
79.5 msec : 1
79.6 msec : 0
79.7 msec : 1
79.8 msec : 0
79.9 msec : 1
80.0 msec : 0
80.1 msec : 0
80.2 msec : 1
80.3 msec : 3
80.4 msec : 1
80.5 msec : 1
80.6 msec : 1
80.7 msec : 0
80.8 msec : 0
80.9 msec : 0
81.0 msec : 0
81.1 msec : 0
81.2 msec : 0
81.3 msec : 0
81.4 msec : 0
81.5 msec : 0
81.6 msec : 0
81.7 msec : 0
81.8 msec : 0
81.9 msec : 2
82.0 msec : 0
82.1 msec : 0
82.2 msec : 0
82.3 msec : 1
82.4 msec : 0
82.5 msec : 0
82.6 msec : 0
82.7 msec : 0
82.8 msec : 0
82.9 msec : 0
83.0 msec : 0
83.1 msec : 0
83.2 msec : 0
83.3 msec : 0
83.4 msec : 0
83.5 msec : 0
83.6 msec : 0
83.7 msec : 0
83.8 msec : 0
83.9 msec : 0
84.0 msec : 0
84.1 msec : 0
84.2 msec : 0
84.3 msec : 0
84.4 msec : 1
84.5 msec : 0
84.6 msec : 0
84.7 msec : 0
84.8 msec : 0
84.9 msec : 0
85.0 msec : 0
85.1 msec : 0
85.2 msec : 0
85.3 msec : 0
85.4 msec : 0
85.5 msec : 0
85.6 msec : 0
85.7 msec : 0
85.8 msec : 0
85.9 msec : 0
86.0 msec : 0
86.1 msec : 0
86.2 msec : 0
86.3 msec : 0
86.4 msec : 0
86.5 msec : 0
86.6 msec : 0
86.7 msec : 0
86.8 msec : 0
86.9 msec : 0
87.0 msec : 0
87.1 msec : 0
87.2 msec : 0
87.3 msec : 0
87.4 msec : 1
87.5 msec : 0
87.6 msec : 0
87.7 msec : 0
87.8 msec : 1
87.9 msec : 0
88.0 msec : 0
88.1 msec : 0
88.2 msec : 0
88.3 msec : 0
88.4 msec : 0
