Middleware started...
Middleware shuts down...
Smaller resolution statistics are in a log file...
Final aggregates per worker:


Worker 7
Average throughput (ops/sec) = 44
Average response time (msec) = 1.525288
Average queue length = 0
Average wait time in queue (msec) = 0.11661780000000001
Average service time (msec) = 1.2364666000000002
Number of SET = 44
Number of GET = 0
Number of MULTI GET = 0


Worker 13
Average throughput (ops/sec) = 37
Average response time (msec) = 2.1609051666666663
Average queue length = 0
Average wait time in queue (msec) = 0.09558383333333333
Average service time (msec) = 1.6091421666666668
Number of SET = 37
Number of GET = 0
Number of MULTI GET = 0


Worker 14
Average throughput (ops/sec) = 37
Average response time (msec) = 1.659528
Average queue length = 0
Average wait time in queue (msec) = 0.1004605
Average service time (msec) = 1.2800788333333333
Number of SET = 37
Number of GET = 0
Number of MULTI GET = 0


Worker 6
Average throughput (ops/sec) = 37
Average response time (msec) = 2.267871
Average queue length = 0
Average wait time in queue (msec) = 0.12102866666666667
Average service time (msec) = 1.3555908333333333
Number of SET = 37
Number of GET = 0
Number of MULTI GET = 0


Worker 15
Average throughput (ops/sec) = 37
Average response time (msec) = 1.6859646666666668
Average queue length = 0
Average wait time in queue (msec) = 0.11048333333333332
Average service time (msec) = 1.312716
Number of SET = 37
Number of GET = 0
Number of MULTI GET = 0


Worker 9
Average throughput (ops/sec) = 37
Average response time (msec) = 1.712209
Average queue length = 0
Average wait time in queue (msec) = 0.10062133333333333
Average service time (msec) = 1.3347103333333332
Number of SET = 37
Number of GET = 0
Number of MULTI GET = 0


Worker 8
Average throughput (ops/sec) = 44
Average response time (msec) = 1.5008798
Average queue length = 0
Average wait time in queue (msec) = 0.125001
Average service time (msec) = 1.2004363999999998
Number of SET = 44
Number of GET = 0
Number of MULTI GET = 0


Worker 16
Average throughput (ops/sec) = 37
Average response time (msec) = 1.8201161666666668
Average queue length = 0
Average wait time in queue (msec) = 0.10497283333333333
Average service time (msec) = 1.2376106666666666
Number of SET = 37
Number of GET = 0
Number of MULTI GET = 0


Worker 3
Average throughput (ops/sec) = 45
Average response time (msec) = 1.5660438
Average queue length = 0
Average wait time in queue (msec) = 0.096706
Average service time (msec) = 1.3027052
Number of SET = 45
Number of GET = 0
Number of MULTI GET = 0


Worker 10
Average throughput (ops/sec) = 38
Average response time (msec) = 2.6080525
Average queue length = 0
Average wait time in queue (msec) = 0.3186686666666667
Average service time (msec) = 1.6983186666666668
Number of SET = 38
Number of GET = 0
Number of MULTI GET = 0


Worker 2
Average throughput (ops/sec) = 37
Average response time (msec) = 1.7293831666666668
Average queue length = 0
Average wait time in queue (msec) = 0.12223116666666667
Average service time (msec) = 1.3084741666666668
Number of SET = 37
Number of GET = 0
Number of MULTI GET = 0


Worker 5
Average throughput (ops/sec) = 45
Average response time (msec) = 1.4434806
Average queue length = 0
Average wait time in queue (msec) = 0.0936928
Average service time (msec) = 1.173029
Number of SET = 45
Number of GET = 0
Number of MULTI GET = 0


Worker 11
Average throughput (ops/sec) = 37
Average response time (msec) = 1.9424043333333332
Average queue length = 0
Average wait time in queue (msec) = 0.101913
Average service time (msec) = 1.5216891666666668
Number of SET = 37
Number of GET = 0
Number of MULTI GET = 0


Worker 12
Average throughput (ops/sec) = 37
Average response time (msec) = 1.6109458333333333
Average queue length = 0
Average wait time in queue (msec) = 0.10836166666666668
Average service time (msec) = 1.2117766666666667
Number of SET = 37
Number of GET = 0
Number of MULTI GET = 0


Worker 4
Average throughput (ops/sec) = 37
Average response time (msec) = 1.7469633333333332
Average queue length = 0
Average wait time in queue (msec) = 0.1147025
Average service time (msec) = 1.2677661666666666
Number of SET = 37
Number of GET = 0
Number of MULTI GET = 0


Worker 1
Average throughput (ops/sec) = 38
Average response time (msec) = 1.945583
Average queue length = 0
Average wait time in queue (msec) = 0.1053585
Average service time (msec) = 1.5906201666666668
Number of SET = 38
Number of GET = 0
Number of MULTI GET = 0


FINAL STATS
Average throughput (ops/sec) = 624
Average response time (msec) = 1.5730523200889137
Average queue length = 0
Average wait time in queue (msec) = 0.121025225
Average service time (msec) = 1.3525706895833334
Number of SET = 39
Number of GET = 0
Number of MULTI GET = 0
Number of Cache misses = 0


Histogram response times (0.1 msec step)
0.0 msec : 12
0.1 msec : 58
0.2 msec : 190
0.3 msec : 374
0.4 msec : 479
0.5 msec : 439
0.6 msec : 414
0.7 msec : 345
0.8 msec : 289
0.9 msec : 194
1.0 msec : 157
1.1 msec : 127
1.2 msec : 93
1.3 msec : 73
1.4 msec : 69
1.5 msec : 51
1.6 msec : 32
1.7 msec : 26
1.8 msec : 20
1.9 msec : 16
2.0 msec : 23
2.1 msec : 18
2.2 msec : 11
2.3 msec : 8
2.4 msec : 10
2.5 msec : 3
2.6 msec : 4
2.7 msec : 7
2.8 msec : 3
2.9 msec : 3
3.0 msec : 2
3.1 msec : 1
3.2 msec : 2
3.3 msec : 2
3.4 msec : 2
3.5 msec : 2
3.6 msec : 1
3.7 msec : 1
3.8 msec : 2
3.9 msec : 2
4.0 msec : 1
4.1 msec : 6
4.2 msec : 3
4.3 msec : 3
4.4 msec : 1
4.5 msec : 2
4.6 msec : 2
4.7 msec : 2
4.8 msec : 0
4.9 msec : 0
5.0 msec : 0
5.1 msec : 0
5.2 msec : 0
5.3 msec : 1
5.4 msec : 1
5.5 msec : 1
5.6 msec : 2
5.7 msec : 1
5.8 msec : 0
5.9 msec : 0
6.0 msec : 0
6.1 msec : 0
6.2 msec : 0
6.3 msec : 0
6.4 msec : 0
6.5 msec : 0
6.6 msec : 0
6.7 msec : 0
6.8 msec : 0
6.9 msec : 0
7.0 msec : 0
7.1 msec : 1
7.2 msec : 0
7.3 msec : 0
7.4 msec : 0
7.5 msec : 0
7.6 msec : 0
7.7 msec : 1
7.8 msec : 0
7.9 msec : 0
8.0 msec : 0
8.1 msec : 0
8.2 msec : 0
8.3 msec : 1
8.4 msec : 0
8.5 msec : 1
8.6 msec : 0
8.7 msec : 0
8.8 msec : 0
8.9 msec : 0
9.0 msec : 0
9.1 msec : 0
9.2 msec : 0
9.3 msec : 0
9.4 msec : 0
9.5 msec : 0
9.6 msec : 0
9.7 msec : 0
9.8 msec : 0
9.9 msec : 0
10.0 msec : 0
10.1 msec : 0
10.2 msec : 0
10.3 msec : 0
10.4 msec : 0
10.5 msec : 0
10.6 msec : 0
10.7 msec : 0
10.8 msec : 0
10.9 msec : 0
11.0 msec : 0
11.1 msec : 0
11.2 msec : 0
11.3 msec : 0
11.4 msec : 0
11.5 msec : 0
11.6 msec : 0
11.7 msec : 0
11.8 msec : 0
11.9 msec : 0
12.0 msec : 0
12.1 msec : 0
12.2 msec : 0
12.3 msec : 0
12.4 msec : 0
12.5 msec : 0
12.6 msec : 0
12.7 msec : 0
12.8 msec : 0
12.9 msec : 0
13.0 msec : 0
13.1 msec : 0
13.2 msec : 0
13.3 msec : 0
13.4 msec : 0
13.5 msec : 0
13.6 msec : 0
13.7 msec : 0
13.8 msec : 0
13.9 msec : 0
14.0 msec : 0
14.1 msec : 0
14.2 msec : 0
14.3 msec : 0
14.4 msec : 0
14.5 msec : 0
14.6 msec : 0
14.7 msec : 0
14.8 msec : 0
14.9 msec : 0
15.0 msec : 0
15.1 msec : 0
15.2 msec : 0
15.3 msec : 0
15.4 msec : 0
15.5 msec : 0
15.6 msec : 0
15.7 msec : 0
15.8 msec : 0
15.9 msec : 0
16.0 msec : 0
16.1 msec : 0
16.2 msec : 0
16.3 msec : 0
16.4 msec : 0
16.5 msec : 0
16.6 msec : 0
16.7 msec : 0
16.8 msec : 0
16.9 msec : 0
17.0 msec : 0
17.1 msec : 0
17.2 msec : 0
17.3 msec : 0
17.4 msec : 0
17.5 msec : 0
17.6 msec : 0
17.7 msec : 0
17.8 msec : 0
17.9 msec : 0
18.0 msec : 0
18.1 msec : 0
18.2 msec : 0
18.3 msec : 0
18.4 msec : 0
18.5 msec : 0
18.6 msec : 0
18.7 msec : 0
18.8 msec : 0
18.9 msec : 0
19.0 msec : 0
19.1 msec : 0
19.2 msec : 0
19.3 msec : 0
19.4 msec : 0
19.5 msec : 0
19.6 msec : 0
19.7 msec : 0
19.8 msec : 0
19.9 msec : 0
20.0 msec : 0
20.1 msec : 0
20.2 msec : 0
20.3 msec : 0
20.4 msec : 0
20.5 msec : 0
20.6 msec : 0
20.7 msec : 0
20.8 msec : 0
20.9 msec : 0
21.0 msec : 0
21.1 msec : 0
21.2 msec : 0
21.3 msec : 0
21.4 msec : 0
21.5 msec : 0
21.6 msec : 0
21.7 msec : 0
21.8 msec : 0
21.9 msec : 0
22.0 msec : 0
22.1 msec : 0
22.2 msec : 0
22.3 msec : 0
22.4 msec : 0
22.5 msec : 0
22.6 msec : 0
22.7 msec : 0
22.8 msec : 0
22.9 msec : 0
23.0 msec : 0
23.1 msec : 0
23.2 msec : 0
23.3 msec : 0
23.4 msec : 0
23.5 msec : 0
23.6 msec : 0
23.7 msec : 0
23.8 msec : 0
23.9 msec : 0
24.0 msec : 0
24.1 msec : 0
24.2 msec : 0
24.3 msec : 0
24.4 msec : 0
24.5 msec : 0
24.6 msec : 0
24.7 msec : 0
24.8 msec : 0
24.9 msec : 0
25.0 msec : 0
25.1 msec : 0
25.2 msec : 0
25.3 msec : 0
25.4 msec : 0
25.5 msec : 0
25.6 msec : 0
25.7 msec : 0
25.8 msec : 0
25.9 msec : 0
26.0 msec : 0
26.1 msec : 0
26.2 msec : 0
26.3 msec : 0
26.4 msec : 0
26.5 msec : 0
26.6 msec : 0
26.7 msec : 0
26.8 msec : 0
26.9 msec : 0
27.0 msec : 0
27.1 msec : 0
27.2 msec : 0
27.3 msec : 0
27.4 msec : 0
27.5 msec : 0
27.6 msec : 0
27.7 msec : 0
27.8 msec : 0
27.9 msec : 0
28.0 msec : 0
28.1 msec : 0
28.2 msec : 0
28.3 msec : 0
28.4 msec : 0
28.5 msec : 0
28.6 msec : 0
28.7 msec : 0
28.8 msec : 0
28.9 msec : 0
29.0 msec : 0
29.1 msec : 0
29.2 msec : 0
29.3 msec : 0
29.4 msec : 0
29.5 msec : 0
29.6 msec : 0
29.7 msec : 0
29.8 msec : 0
29.9 msec : 0
30.0 msec : 0
30.1 msec : 0
30.2 msec : 0
30.3 msec : 0
30.4 msec : 0
30.5 msec : 0
30.6 msec : 0
30.7 msec : 0
30.8 msec : 0
30.9 msec : 0
31.0 msec : 0
31.1 msec : 0
31.2 msec : 0
31.3 msec : 0
31.4 msec : 0
31.5 msec : 0
31.6 msec : 0
31.7 msec : 0
31.8 msec : 0
31.9 msec : 0
32.0 msec : 0
32.1 msec : 0
32.2 msec : 0
32.3 msec : 0
32.4 msec : 0
32.5 msec : 0
32.6 msec : 0
32.7 msec : 0
32.8 msec : 0
32.9 msec : 0
33.0 msec : 0
33.1 msec : 0
33.2 msec : 0
33.3 msec : 0
33.4 msec : 0
33.5 msec : 0
33.6 msec : 0
33.7 msec : 0
33.8 msec : 0
33.9 msec : 0
34.0 msec : 0
34.1 msec : 0
34.2 msec : 0
34.3 msec : 0
34.4 msec : 0
34.5 msec : 0
34.6 msec : 0
34.7 msec : 0
34.8 msec : 0
34.9 msec : 0
35.0 msec : 0
35.1 msec : 0
35.2 msec : 0
35.3 msec : 0
35.4 msec : 0
35.5 msec : 0
35.6 msec : 0
35.7 msec : 0
35.8 msec : 0
35.9 msec : 0
36.0 msec : 0
36.1 msec : 0
36.2 msec : 0
36.3 msec : 0
36.4 msec : 0
36.5 msec : 0
36.6 msec : 0
36.7 msec : 0
36.8 msec : 0
36.9 msec : 0
37.0 msec : 0
37.1 msec : 0
37.2 msec : 0
37.3 msec : 0
37.4 msec : 0
37.5 msec : 0
37.6 msec : 0
37.7 msec : 0
37.8 msec : 0
37.9 msec : 0
38.0 msec : 0
38.1 msec : 0
38.2 msec : 0
38.3 msec : 0
38.4 msec : 0
38.5 msec : 0
38.6 msec : 0
38.7 msec : 0
38.8 msec : 0
38.9 msec : 0
39.0 msec : 0
39.1 msec : 0
39.2 msec : 0
39.3 msec : 0
39.4 msec : 0
39.5 msec : 0
39.6 msec : 0
39.7 msec : 0
39.8 msec : 0
39.9 msec : 0
40.0 msec : 0
40.1 msec : 0
40.2 msec : 0
40.3 msec : 0
40.4 msec : 0
40.5 msec : 0
40.6 msec : 0
40.7 msec : 0
40.8 msec : 0
40.9 msec : 0
41.0 msec : 0
41.1 msec : 0
41.2 msec : 0
41.3 msec : 0
41.4 msec : 0
41.5 msec : 0
41.6 msec : 0
41.7 msec : 0
41.8 msec : 0
41.9 msec : 0
42.0 msec : 0
42.1 msec : 0
42.2 msec : 0
42.3 msec : 0
42.4 msec : 0
42.5 msec : 0
42.6 msec : 0
42.7 msec : 0
42.8 msec : 0
42.9 msec : 0
43.0 msec : 0
43.1 msec : 0
43.2 msec : 0
43.3 msec : 0
43.4 msec : 0
43.5 msec : 0
43.6 msec : 0
43.7 msec : 0
43.8 msec : 0
43.9 msec : 0
44.0 msec : 0
44.1 msec : 0
44.2 msec : 0
44.3 msec : 0
44.4 msec : 0
44.5 msec : 0
44.6 msec : 0
44.7 msec : 0
44.8 msec : 0
44.9 msec : 0
45.0 msec : 0
45.1 msec : 0
45.2 msec : 0
45.3 msec : 0
45.4 msec : 0
45.5 msec : 0
45.6 msec : 0
45.7 msec : 0
45.8 msec : 0
45.9 msec : 0
46.0 msec : 0
46.1 msec : 0
46.2 msec : 0
46.3 msec : 0
46.4 msec : 0
46.5 msec : 0
46.6 msec : 0
46.7 msec : 0
46.8 msec : 0
46.9 msec : 0
47.0 msec : 0
47.1 msec : 0
47.2 msec : 0
47.3 msec : 0
47.4 msec : 0
47.5 msec : 0
47.6 msec : 0
47.7 msec : 0
47.8 msec : 0
47.9 msec : 0
48.0 msec : 0
48.1 msec : 0
48.2 msec : 0
48.3 msec : 0
48.4 msec : 0
48.5 msec : 0
48.6 msec : 0
48.7 msec : 0
48.8 msec : 0
48.9 msec : 0
49.0 msec : 0
49.1 msec : 0
49.2 msec : 0
49.3 msec : 0
49.4 msec : 0
49.5 msec : 0
49.6 msec : 0
49.7 msec : 0
49.8 msec : 0
49.9 msec : 0
50.0 msec : 0
50.1 msec : 0
50.2 msec : 0
50.3 msec : 0
50.4 msec : 0
50.5 msec : 1
50.6 msec : 1
50.7 msec : 0
50.8 msec : 0
50.9 msec : 0
51.0 msec : 0
51.1 msec : 0
51.2 msec : 0
51.3 msec : 0
51.4 msec : 0
51.5 msec : 0
51.6 msec : 0
51.7 msec : 0
51.8 msec : 0
51.9 msec : 0
52.0 msec : 0
52.1 msec : 0
52.2 msec : 0
52.3 msec : 0
52.4 msec : 0
52.5 msec : 0
52.6 msec : 0
52.7 msec : 0
52.8 msec : 0
52.9 msec : 0
53.0 msec : 0
53.1 msec : 0
53.2 msec : 0
53.3 msec : 0
53.4 msec : 0
53.5 msec : 0
53.6 msec : 0
53.7 msec : 0
53.8 msec : 0
53.9 msec : 0
54.0 msec : 0
54.1 msec : 0
54.2 msec : 0
54.3 msec : 0
54.4 msec : 0
54.5 msec : 0
54.6 msec : 0
54.7 msec : 0
54.8 msec : 0
54.9 msec : 0
55.0 msec : 0
55.1 msec : 0
55.2 msec : 0
55.3 msec : 0
55.4 msec : 0
55.5 msec : 0
55.6 msec : 0
55.7 msec : 0
55.8 msec : 0
55.9 msec : 0
56.0 msec : 0
56.1 msec : 0
56.2 msec : 0
56.3 msec : 0
56.4 msec : 0
56.5 msec : 0
56.6 msec : 0
56.7 msec : 0
56.8 msec : 0
56.9 msec : 0
57.0 msec : 0
57.1 msec : 0
57.2 msec : 0
57.3 msec : 0
57.4 msec : 0
57.5 msec : 0
57.6 msec : 0
57.7 msec : 0
57.8 msec : 0
57.9 msec : 0
58.0 msec : 0
58.1 msec : 0
58.2 msec : 0
58.3 msec : 0
58.4 msec : 0
58.5 msec : 0
58.6 msec : 0
58.7 msec : 0
58.8 msec : 0
58.9 msec : 0
59.0 msec : 0
59.1 msec : 0
59.2 msec : 0
59.3 msec : 0
59.4 msec : 0
59.5 msec : 0
59.6 msec : 0
59.7 msec : 0
59.8 msec : 0
59.9 msec : 0
60.0 msec : 0
60.1 msec : 0
60.2 msec : 0
60.3 msec : 0
60.4 msec : 1
