Middleware started...
Middleware shuts down...
Smaller resolution statistics are in a log file...
Final aggregates per worker:


Worker 24
Average throughput (ops/sec) = 28
Average response time (msec) = 0.702907213114754
Average queue length = 0
Average wait time in queue (msec) = 0.017951409836065572
Average service time (msec) = 0.6210726721311476
Number of SET = 28
Number of GET = 0
Number of MULTI GET = 0


Worker 7
Average throughput (ops/sec) = 28
Average response time (msec) = 0.6174975737704917
Average queue length = 0
Average wait time in queue (msec) = 0.01679580327868852
Average service time (msec) = 0.5275878032786886
Number of SET = 28
Number of GET = 0
Number of MULTI GET = 0


Worker 25
Average throughput (ops/sec) = 28
Average response time (msec) = 0.6040377868852459
Average queue length = 0
Average wait time in queue (msec) = 0.01814345901639344
Average service time (msec) = 0.5154263278688525
Number of SET = 28
Number of GET = 0
Number of MULTI GET = 0


Worker 6
Average throughput (ops/sec) = 28
Average response time (msec) = 0.6134681967213115
Average queue length = 0
Average wait time in queue (msec) = 0.018405278688524592
Average service time (msec) = 0.5263643278688525
Number of SET = 28
Number of GET = 0
Number of MULTI GET = 0


Worker 26
Average throughput (ops/sec) = 28
Average response time (msec) = 0.6033361639344262
Average queue length = 0
Average wait time in queue (msec) = 0.017307688524590165
Average service time (msec) = 0.5207379836065573
Number of SET = 28
Number of GET = 0
Number of MULTI GET = 0


Worker 9
Average throughput (ops/sec) = 28
Average response time (msec) = 0.6157010819672131
Average queue length = 0
Average wait time in queue (msec) = 0.01887706557377049
Average service time (msec) = 0.5160845737704918
Number of SET = 28
Number of GET = 0
Number of MULTI GET = 0


Worker 27
Average throughput (ops/sec) = 28
Average response time (msec) = 0.6015404262295082
Average queue length = 0
Average wait time in queue (msec) = 0.017365590163934425
Average service time (msec) = 0.5130416393442623
Number of SET = 28
Number of GET = 0
Number of MULTI GET = 0


Worker 8
Average throughput (ops/sec) = 28
Average response time (msec) = 0.6358135573770493
Average queue length = 0
Average wait time in queue (msec) = 0.02281565573770492
Average service time (msec) = 0.5469332459016394
Number of SET = 28
Number of GET = 0
Number of MULTI GET = 0


Worker 20
Average throughput (ops/sec) = 28
Average response time (msec) = 0.6277512950819673
Average queue length = 0
Average wait time in queue (msec) = 0.020139262295081967
Average service time (msec) = 0.5378527213114754
Number of SET = 28
Number of GET = 0
Number of MULTI GET = 0


Worker 3
Average throughput (ops/sec) = 28
Average response time (msec) = 0.6042469016393442
Average queue length = 0
Average wait time in queue (msec) = 0.01747286885245902
Average service time (msec) = 0.5233670819672132
Number of SET = 28
Number of GET = 0
Number of MULTI GET = 0


Worker 21
Average throughput (ops/sec) = 28
Average response time (msec) = 0.711132180327869
Average queue length = 0
Average wait time in queue (msec) = 0.017855213114754097
Average service time (msec) = 0.6279114426229507
Number of SET = 28
Number of GET = 0
Number of MULTI GET = 0


Worker 2
Average throughput (ops/sec) = 28
Average response time (msec) = 0.608213786885246
Average queue length = 0
Average wait time in queue (msec) = 0.017707983606557377
Average service time (msec) = 0.5272261967213114
Number of SET = 28
Number of GET = 0
Number of MULTI GET = 0


Worker 22
Average throughput (ops/sec) = 28
Average response time (msec) = 0.6293934918032786
Average queue length = 0
Average wait time in queue (msec) = 0.017971377049180327
Average service time (msec) = 0.5354965081967213
Number of SET = 28
Number of GET = 0
Number of MULTI GET = 0


Worker 5
Average throughput (ops/sec) = 28
Average response time (msec) = 0.6081010655737704
Average queue length = 0
Average wait time in queue (msec) = 0.020120819672131147
Average service time (msec) = 0.5162647868852459
Number of SET = 28
Number of GET = 0
Number of MULTI GET = 0


Worker 4
Average throughput (ops/sec) = 28
Average response time (msec) = 0.6141344
Average queue length = 0
Average wait time in queue (msec) = 0.025007633333333334
Average service time (msec) = 0.5185458333333333
Number of SET = 28
Number of GET = 0
Number of MULTI GET = 0


Worker 23
Average throughput (ops/sec) = 28
Average response time (msec) = 0.6383291639344263
Average queue length = 0
Average wait time in queue (msec) = 0.018631081967213116
Average service time (msec) = 0.5498575901639344
Number of SET = 28
Number of GET = 0
Number of MULTI GET = 0


Worker 28
Average throughput (ops/sec) = 28
Average response time (msec) = 0.6177174918032787
Average queue length = 0
Average wait time in queue (msec) = 0.017137639344262295
Average service time (msec) = 0.5275864426229507
Number of SET = 28
Number of GET = 0
Number of MULTI GET = 0


Worker 29
Average throughput (ops/sec) = 28
Average response time (msec) = 0.6345412950819672
Average queue length = 0
Average wait time in queue (msec) = 0.01866870491803279
Average service time (msec) = 0.5440274754098361
Number of SET = 28
Number of GET = 0
Number of MULTI GET = 0


Worker 1
Average throughput (ops/sec) = 28
Average response time (msec) = 0.5908289
Average queue length = 0
Average wait time in queue (msec) = 0.016458283333333334
Average service time (msec) = 0.5117667
Number of SET = 28
Number of GET = 0
Number of MULTI GET = 0


Worker 30
Average throughput (ops/sec) = 28
Average response time (msec) = 0.6268299180327869
Average queue length = 0
Average wait time in queue (msec) = 0.02132345901639344
Average service time (msec) = 0.542662262295082
Number of SET = 28
Number of GET = 0
Number of MULTI GET = 0


Worker 13
Average throughput (ops/sec) = 28
Average response time (msec) = 0.7951939672131147
Average queue length = 0
Average wait time in queue (msec) = 0.02401155737704918
Average service time (msec) = 0.672397786885246
Number of SET = 28
Number of GET = 0
Number of MULTI GET = 0


Worker 14
Average throughput (ops/sec) = 28
Average response time (msec) = 0.60631045
Average queue length = 0
Average wait time in queue (msec) = 0.017473066666666665
Average service time (msec) = 0.5042344166666667
Number of SET = 28
Number of GET = 0
Number of MULTI GET = 0


Worker 15
Average throughput (ops/sec) = 28
Average response time (msec) = 0.7212807868852459
Average queue length = 0
Average wait time in queue (msec) = 0.12985181967213116
Average service time (msec) = 0.5283941475409837
Number of SET = 28
Number of GET = 0
Number of MULTI GET = 0


Worker 16
Average throughput (ops/sec) = 28
Average response time (msec) = 0.6116603333333334
Average queue length = 0
Average wait time in queue (msec) = 0.016740183333333335
Average service time (msec) = 0.5301863166666666
Number of SET = 28
Number of GET = 0
Number of MULTI GET = 0


Worker 31
Average throughput (ops/sec) = 28
Average response time (msec) = 0.607371868852459
Average queue length = 0
Average wait time in queue (msec) = 0.017004213114754096
Average service time (msec) = 0.515776344262295
Number of SET = 28
Number of GET = 0
Number of MULTI GET = 0


Worker 32
Average throughput (ops/sec) = 28
Average response time (msec) = 0.626365
Average queue length = 0
Average wait time in queue (msec) = 0.04242134426229508
Average service time (msec) = 0.5179680819672131
Number of SET = 28
Number of GET = 0
Number of MULTI GET = 0


Worker 10
Average throughput (ops/sec) = 28
Average response time (msec) = 0.5845626393442623
Average queue length = 0
Average wait time in queue (msec) = 0.01765209836065574
Average service time (msec) = 0.5094977213114754
Number of SET = 28
Number of GET = 0
Number of MULTI GET = 0


Worker 11
Average throughput (ops/sec) = 28
Average response time (msec) = 0.5869979180327869
Average queue length = 0
Average wait time in queue (msec) = 0.01716126229508197
Average service time (msec) = 0.5056014262295082
Number of SET = 28
Number of GET = 0
Number of MULTI GET = 0


Worker 12
Average throughput (ops/sec) = 28
Average response time (msec) = 0.744767475409836
Average queue length = 0
Average wait time in queue (msec) = 0.12978447540983606
Average service time (msec) = 0.5489320163934427
Number of SET = 28
Number of GET = 0
Number of MULTI GET = 0


Worker 17
Average throughput (ops/sec) = 28
Average response time (msec) = 0.6133945737704918
Average queue length = 0
Average wait time in queue (msec) = 0.019298590163934426
Average service time (msec) = 0.531877918032787
Number of SET = 28
Number of GET = 0
Number of MULTI GET = 0


Worker 18
Average throughput (ops/sec) = 28
Average response time (msec) = 0.5845821475409836
Average queue length = 0
Average wait time in queue (msec) = 0.018588754098360655
Average service time (msec) = 0.497869262295082
Number of SET = 28
Number of GET = 0
Number of MULTI GET = 0


Worker 19
Average throughput (ops/sec) = 28
Average response time (msec) = 0.5895805081967214
Average queue length = 0
Average wait time in queue (msec) = 0.017570426229508197
Average service time (msec) = 0.5082573606557377
Number of SET = 28
Number of GET = 0
Number of MULTI GET = 0


FINAL STATS
Average throughput (ops/sec) = 896
Average response time (msec) = 0.5955479530897609
Average queue length = 0
Average wait time in queue (msec) = 0.02636606463456284
Average service time (msec) = 0.535025200443989
Number of SET = 28
Number of GET = 0
Number of MULTI GET = 0
Number of Cache misses = 0


Histogram response times (0.1 msec step)
0.0 msec : 995
0.1 msec : 5848
0.2 msec : 19424
0.3 msec : 14834
0.4 msec : 5019
0.5 msec : 2466
0.6 msec : 1721
0.7 msec : 1240
0.8 msec : 905
0.9 msec : 715
1.0 msec : 473
1.1 msec : 375
1.2 msec : 276
1.3 msec : 189
1.4 msec : 126
1.5 msec : 99
1.6 msec : 87
1.7 msec : 70
1.8 msec : 63
1.9 msec : 48
2.0 msec : 35
2.1 msec : 26
2.2 msec : 25
2.3 msec : 22
2.4 msec : 26
2.5 msec : 11
2.6 msec : 15
2.7 msec : 15
2.8 msec : 13
2.9 msec : 13
3.0 msec : 16
3.1 msec : 12
3.2 msec : 11
3.3 msec : 11
3.4 msec : 8
3.5 msec : 8
3.6 msec : 6
3.7 msec : 9
3.8 msec : 4
3.9 msec : 7
4.0 msec : 10
4.1 msec : 4
4.2 msec : 2
4.3 msec : 5
4.4 msec : 5
4.5 msec : 4
4.6 msec : 4
4.7 msec : 4
4.8 msec : 3
4.9 msec : 5
5.0 msec : 4
5.1 msec : 1
5.2 msec : 2
5.3 msec : 1
5.4 msec : 2
5.5 msec : 6
5.6 msec : 5
5.7 msec : 1
5.8 msec : 3
5.9 msec : 2
6.0 msec : 2
6.1 msec : 0
6.2 msec : 1
6.3 msec : 3
6.4 msec : 1
6.5 msec : 2
6.6 msec : 3
6.7 msec : 2
6.8 msec : 1
6.9 msec : 5
7.0 msec : 3
7.1 msec : 3
7.2 msec : 8
7.3 msec : 6
7.4 msec : 6
7.5 msec : 3
7.6 msec : 3
7.7 msec : 1
7.8 msec : 2
7.9 msec : 1
8.0 msec : 2
8.1 msec : 1
8.2 msec : 0
8.3 msec : 0
8.4 msec : 1
8.5 msec : 2
8.6 msec : 1
8.7 msec : 0
8.8 msec : 0
8.9 msec : 0
9.0 msec : 0
9.1 msec : 1
9.2 msec : 1
9.3 msec : 0
9.4 msec : 1
9.5 msec : 0
9.6 msec : 0
9.7 msec : 0
9.8 msec : 1
9.9 msec : 2
10.0 msec : 1
10.1 msec : 2
10.2 msec : 0
10.3 msec : 0
10.4 msec : 1
10.5 msec : 0
10.6 msec : 0
10.7 msec : 0
10.8 msec : 0
10.9 msec : 0
11.0 msec : 0
11.1 msec : 0
11.2 msec : 0
11.3 msec : 0
11.4 msec : 0
11.5 msec : 0
11.6 msec : 0
11.7 msec : 0
11.8 msec : 0
11.9 msec : 0
12.0 msec : 0
12.1 msec : 0
12.2 msec : 0
12.3 msec : 0
12.4 msec : 0
12.5 msec : 0
12.6 msec : 0
12.7 msec : 0
12.8 msec : 0
12.9 msec : 0
13.0 msec : 0
13.1 msec : 1
13.2 msec : 0
13.3 msec : 0
13.4 msec : 0
13.5 msec : 1
13.6 msec : 0
13.7 msec : 0
13.8 msec : 0
13.9 msec : 0
14.0 msec : 0
14.1 msec : 0
14.2 msec : 0
14.3 msec : 0
14.4 msec : 0
14.5 msec : 0
14.6 msec : 0
14.7 msec : 0
14.8 msec : 0
14.9 msec : 0
15.0 msec : 0
15.1 msec : 0
15.2 msec : 0
15.3 msec : 0
15.4 msec : 0
15.5 msec : 0
15.6 msec : 0
15.7 msec : 0
15.8 msec : 0
15.9 msec : 0
16.0 msec : 0
16.1 msec : 0
16.2 msec : 0
16.3 msec : 0
16.4 msec : 0
16.5 msec : 0
16.6 msec : 1
16.7 msec : 0
16.8 msec : 0
16.9 msec : 0
17.0 msec : 0
17.1 msec : 0
17.2 msec : 0
17.3 msec : 0
17.4 msec : 0
17.5 msec : 0
17.6 msec : 0
17.7 msec : 0
17.8 msec : 0
17.9 msec : 0
18.0 msec : 0
18.1 msec : 0
18.2 msec : 0
18.3 msec : 0
18.4 msec : 0
18.5 msec : 0
18.6 msec : 0
18.7 msec : 0
18.8 msec : 0
18.9 msec : 0
19.0 msec : 0
19.1 msec : 0
19.2 msec : 0
19.3 msec : 0
19.4 msec : 0
19.5 msec : 0
19.6 msec : 0
19.7 msec : 0
19.8 msec : 0
19.9 msec : 0
20.0 msec : 1
20.1 msec : 0
20.2 msec : 0
20.3 msec : 0
20.4 msec : 0
20.5 msec : 0
20.6 msec : 0
20.7 msec : 0
20.8 msec : 0
20.9 msec : 0
21.0 msec : 0
21.1 msec : 0
21.2 msec : 1
21.3 msec : 1
21.4 msec : 0
21.5 msec : 0
21.6 msec : 0
21.7 msec : 0
21.8 msec : 0
21.9 msec : 0
22.0 msec : 0
22.1 msec : 1
22.2 msec : 0
22.3 msec : 0
22.4 msec : 0
22.5 msec : 0
22.6 msec : 0
22.7 msec : 0
22.8 msec : 0
22.9 msec : 0
23.0 msec : 0
23.1 msec : 0
23.2 msec : 1
23.3 msec : 0
23.4 msec : 0
23.5 msec : 0
23.6 msec : 0
23.7 msec : 0
23.8 msec : 0
23.9 msec : 0
24.0 msec : 0
24.1 msec : 0
24.2 msec : 0
24.3 msec : 0
24.4 msec : 0
24.5 msec : 0
24.6 msec : 0
24.7 msec : 0
24.8 msec : 0
24.9 msec : 0
25.0 msec : 1
25.1 msec : 0
25.2 msec : 0
25.3 msec : 0
25.4 msec : 0
25.5 msec : 0
25.6 msec : 0
25.7 msec : 0
25.8 msec : 0
25.9 msec : 0
26.0 msec : 0
26.1 msec : 0
26.2 msec : 0
26.3 msec : 0
26.4 msec : 0
26.5 msec : 0
26.6 msec : 0
26.7 msec : 0
26.8 msec : 0
26.9 msec : 0
27.0 msec : 0
27.1 msec : 0
27.2 msec : 0
27.3 msec : 0
27.4 msec : 0
27.5 msec : 0
27.6 msec : 0
27.7 msec : 0
27.8 msec : 0
27.9 msec : 0
28.0 msec : 0
28.1 msec : 1
28.2 msec : 0
28.3 msec : 0
28.4 msec : 0
28.5 msec : 0
28.6 msec : 0
28.7 msec : 0
28.8 msec : 0
28.9 msec : 0
29.0 msec : 0
29.1 msec : 0
29.2 msec : 0
29.3 msec : 0
29.4 msec : 0
29.5 msec : 0
29.6 msec : 0
29.7 msec : 0
29.8 msec : 0
29.9 msec : 0
30.0 msec : 0
30.1 msec : 0
30.2 msec : 0
30.3 msec : 0
30.4 msec : 0
30.5 msec : 0
30.6 msec : 0
30.7 msec : 0
30.8 msec : 0
30.9 msec : 0
31.0 msec : 0
31.1 msec : 0
31.2 msec : 0
31.3 msec : 0
31.4 msec : 0
31.5 msec : 0
31.6 msec : 0
31.7 msec : 0
31.8 msec : 0
31.9 msec : 0
32.0 msec : 0
32.1 msec : 0
32.2 msec : 0
32.3 msec : 0
32.4 msec : 0
32.5 msec : 0
32.6 msec : 0
32.7 msec : 0
32.8 msec : 0
32.9 msec : 0
33.0 msec : 0
33.1 msec : 0
33.2 msec : 1
33.3 msec : 0
33.4 msec : 0
33.5 msec : 0
33.6 msec : 0
33.7 msec : 0
33.8 msec : 0
33.9 msec : 0
34.0 msec : 0
34.1 msec : 0
34.2 msec : 0
34.3 msec : 1
34.4 msec : 0
34.5 msec : 0
34.6 msec : 0
34.7 msec : 0
34.8 msec : 0
34.9 msec : 0
35.0 msec : 0
35.1 msec : 0
35.2 msec : 0
35.3 msec : 0
35.4 msec : 0
35.5 msec : 0
35.6 msec : 0
35.7 msec : 0
35.8 msec : 0
35.9 msec : 0
36.0 msec : 0
36.1 msec : 0
36.2 msec : 0
36.3 msec : 0
36.4 msec : 0
36.5 msec : 0
36.6 msec : 0
36.7 msec : 0
36.8 msec : 0
36.9 msec : 0
37.0 msec : 0
37.1 msec : 0
37.2 msec : 0
37.3 msec : 0
37.4 msec : 0
37.5 msec : 0
37.6 msec : 0
37.7 msec : 0
37.8 msec : 0
37.9 msec : 0
38.0 msec : 0
38.1 msec : 0
38.2 msec : 0
38.3 msec : 0
38.4 msec : 0
38.5 msec : 0
38.6 msec : 0
38.7 msec : 0
38.8 msec : 0
38.9 msec : 0
39.0 msec : 0
39.1 msec : 0
39.2 msec : 0
39.3 msec : 0
39.4 msec : 0
39.5 msec : 0
39.6 msec : 0
39.7 msec : 0
39.8 msec : 0
39.9 msec : 0
40.0 msec : 0
40.1 msec : 0
40.2 msec : 0
40.3 msec : 0
40.4 msec : 0
40.5 msec : 0
40.6 msec : 0
40.7 msec : 0
40.8 msec : 0
40.9 msec : 0
41.0 msec : 0
41.1 msec : 0
41.2 msec : 0
41.3 msec : 0
41.4 msec : 0
41.5 msec : 0
41.6 msec : 0
41.7 msec : 0
