Middleware started...
Middleware shuts down...
Smaller resolution statistics are in a log file...
Final aggregates per worker:


Worker 46
Average throughput (ops/sec) = 11
Average response time (msec) = 2.2515060655737704
Average queue length = 0
Average wait time in queue (msec) = 0.028231754098360654
Average service time (msec) = 2.1581264590163936
Number of SET = 0
Number of GET = 11
Number of MULTI GET = 0


Worker 47
Average throughput (ops/sec) = 11
Average response time (msec) = 2.22174968852459
Average queue length = 0
Average wait time in queue (msec) = 0.02878755737704918
Average service time (msec) = 2.126963524590164
Number of SET = 0
Number of GET = 11
Number of MULTI GET = 0


Worker 48
Average throughput (ops/sec) = 11
Average response time (msec) = 2.2452781639344264
Average queue length = 0
Average wait time in queue (msec) = 0.02794650819672131
Average service time (msec) = 2.1540627213114756
Number of SET = 0
Number of GET = 11
Number of MULTI GET = 0


Worker 49
Average throughput (ops/sec) = 11
Average response time (msec) = 2.2564701967213114
Average queue length = 0
Average wait time in queue (msec) = 0.037747098360655734
Average service time (msec) = 2.153487770491803
Number of SET = 0
Number of GET = 11
Number of MULTI GET = 0


Worker 42
Average throughput (ops/sec) = 11
Average response time (msec) = 2.2252637540983606
Average queue length = 0
Average wait time in queue (msec) = 0.027909360655737705
Average service time (msec) = 2.133169049180328
Number of SET = 0
Number of GET = 11
Number of MULTI GET = 0


Worker 43
Average throughput (ops/sec) = 11
Average response time (msec) = 2.2758208032786884
Average queue length = 0
Average wait time in queue (msec) = 0.05385332786885246
Average service time (msec) = 2.1572214098360654
Number of SET = 0
Number of GET = 11
Number of MULTI GET = 0


Worker 44
Average throughput (ops/sec) = 11
Average response time (msec) = 2.2423226393442626
Average queue length = 0
Average wait time in queue (msec) = 0.03729283606557377
Average service time (msec) = 2.127891573770492
Number of SET = 0
Number of GET = 11
Number of MULTI GET = 0


Worker 45
Average throughput (ops/sec) = 11
Average response time (msec) = 2.2247957213114757
Average queue length = 0
Average wait time in queue (msec) = 0.03244416393442623
Average service time (msec) = 2.1263598360655735
Number of SET = 0
Number of GET = 11
Number of MULTI GET = 0


Worker 50
Average throughput (ops/sec) = 11
Average response time (msec) = 2.229231147540984
Average queue length = 0
Average wait time in queue (msec) = 0.026364491803278687
Average service time (msec) = 2.1383864918032787
Number of SET = 0
Number of GET = 11
Number of MULTI GET = 0


Worker 51
Average throughput (ops/sec) = 11
Average response time (msec) = 2.242041852459016
Average queue length = 0
Average wait time in queue (msec) = 0.033343196721311474
Average service time (msec) = 2.1421050819672134
Number of SET = 0
Number of GET = 11
Number of MULTI GET = 0


Worker 52
Average throughput (ops/sec) = 11
Average response time (msec) = 2.2823032459016397
Average queue length = 0
Average wait time in queue (msec) = 0.03184483606557377
Average service time (msec) = 2.184053180327869
Number of SET = 0
Number of GET = 11
Number of MULTI GET = 0


Worker 57
Average throughput (ops/sec) = 11
Average response time (msec) = 2.2497699836065572
Average queue length = 0
Average wait time in queue (msec) = 0.028646032786885246
Average service time (msec) = 2.1545544918032786
Number of SET = 0
Number of GET = 11
Number of MULTI GET = 0


Worker 13
Average throughput (ops/sec) = 11
Average response time (msec) = 2.2659150163934427
Average queue length = 0
Average wait time in queue (msec) = 0.036529983606557376
Average service time (msec) = 2.1645020983606558
Number of SET = 0
Number of GET = 11
Number of MULTI GET = 0


Worker 14
Average throughput (ops/sec) = 11
Average response time (msec) = 2.2822593278688523
Average queue length = 0
Average wait time in queue (msec) = 0.08994267213114754
Average service time (msec) = 2.1276186721311476
Number of SET = 0
Number of GET = 11
Number of MULTI GET = 0


Worker 58
Average throughput (ops/sec) = 11
Average response time (msec) = 2.2759369344262295
Average queue length = 0
Average wait time in queue (msec) = 0.03709598360655738
Average service time (msec) = 2.172657819672131
Number of SET = 0
Number of GET = 11
Number of MULTI GET = 0


Worker 59
Average throughput (ops/sec) = 11
Average response time (msec) = 2.226821836065574
Average queue length = 0
Average wait time in queue (msec) = 0.026989426229508198
Average service time (msec) = 2.1362807868852456
Number of SET = 0
Number of GET = 11
Number of MULTI GET = 0


Worker 15
Average throughput (ops/sec) = 11
Average response time (msec) = 2.2590367213114755
Average queue length = 0
Average wait time in queue (msec) = 0.05681360655737705
Average service time (msec) = 2.1374762950819672
Number of SET = 0
Number of GET = 11
Number of MULTI GET = 0


Worker 16
Average throughput (ops/sec) = 11
Average response time (msec) = 2.2658375409836067
Average queue length = 0
Average wait time in queue (msec) = 0.02781688524590164
Average service time (msec) = 2.154579081967213
Number of SET = 0
Number of GET = 11
Number of MULTI GET = 0


Worker 53
Average throughput (ops/sec) = 11
Average response time (msec) = 2.303778049180328
Average queue length = 0
Average wait time in queue (msec) = 0.039211213114754104
Average service time (msec) = 2.2026227540983605
Number of SET = 0
Number of GET = 11
Number of MULTI GET = 0


Worker 10
Average throughput (ops/sec) = 11
Average response time (msec) = 2.3065531639344266
Average queue length = 0
Average wait time in queue (msec) = 0.04316259016393442
Average service time (msec) = 2.1952098852459017
Number of SET = 0
Number of GET = 11
Number of MULTI GET = 0


Worker 54
Average throughput (ops/sec) = 11
Average response time (msec) = 2.2325461475409836
Average queue length = 0
Average wait time in queue (msec) = 0.029655409836065575
Average service time (msec) = 2.1384207704918032
Number of SET = 0
Number of GET = 11
Number of MULTI GET = 0


Worker 55
Average throughput (ops/sec) = 11
Average response time (msec) = 2.251653983606557
Average queue length = 0
Average wait time in queue (msec) = 0.03328598360655738
Average service time (msec) = 2.1554590655737704
Number of SET = 0
Number of GET = 11
Number of MULTI GET = 0


Worker 11
Average throughput (ops/sec) = 11
Average response time (msec) = 2.282566950819672
Average queue length = 0
Average wait time in queue (msec) = 0.042637590163934425
Average service time (msec) = 2.1746199836065574
Number of SET = 0
Number of GET = 11
Number of MULTI GET = 0


Worker 56
Average throughput (ops/sec) = 11
Average response time (msec) = 2.2810645901639344
Average queue length = 0
Average wait time in queue (msec) = 0.03065460655737705
Average service time (msec) = 2.1868539836065573
Number of SET = 0
Number of GET = 11
Number of MULTI GET = 0


Worker 12
Average throughput (ops/sec) = 11
Average response time (msec) = 2.2394238360655736
Average queue length = 0
Average wait time in queue (msec) = 0.039185475409836065
Average service time (msec) = 2.134011
Number of SET = 0
Number of GET = 11
Number of MULTI GET = 0


Worker 17
Average throughput (ops/sec) = 11
Average response time (msec) = 2.252421868852459
Average queue length = 0
Average wait time in queue (msec) = 0.03782755737704918
Average service time (msec) = 2.148230393442623
Number of SET = 0
Number of GET = 11
Number of MULTI GET = 0


Worker 18
Average throughput (ops/sec) = 11
Average response time (msec) = 2.239603672131148
Average queue length = 0
Average wait time in queue (msec) = 0.02784367213114754
Average service time (msec) = 2.1454156393442623
Number of SET = 0
Number of GET = 11
Number of MULTI GET = 0


Worker 19
Average throughput (ops/sec) = 11
Average response time (msec) = 2.2278849180327867
Average queue length = 0
Average wait time in queue (msec) = 0.02853395081967213
Average service time (msec) = 2.1014562786885245
Number of SET = 0
Number of GET = 11
Number of MULTI GET = 0


Worker 60
Average throughput (ops/sec) = 11
Average response time (msec) = 2.228377508196721
Average queue length = 0
Average wait time in queue (msec) = 0.047141442622950815
Average service time (msec) = 2.114212868852459
Number of SET = 0
Number of GET = 11
Number of MULTI GET = 0


Worker 61
Average throughput (ops/sec) = 11
Average response time (msec) = 2.2013943770491804
Average queue length = 0
Average wait time in queue (msec) = 0.02793290163934426
Average service time (msec) = 2.109111229508197
Number of SET = 0
Number of GET = 11
Number of MULTI GET = 0


Worker 62
Average throughput (ops/sec) = 11
Average response time (msec) = 2.3184125409836067
Average queue length = 0
Average wait time in queue (msec) = 0.03015773770491803
Average service time (msec) = 2.2252306393442622
Number of SET = 0
Number of GET = 11
Number of MULTI GET = 0


Worker 63
Average throughput (ops/sec) = 11
Average response time (msec) = 2.3007061967213116
Average queue length = 0
Average wait time in queue (msec) = 0.04321
Average service time (msec) = 2.1916046885245906
Number of SET = 0
Number of GET = 11
Number of MULTI GET = 0


Worker 24
Average throughput (ops/sec) = 11
Average response time (msec) = 2.2847181475409837
Average queue length = 0
Average wait time in queue (msec) = 0.02971972131147541
Average service time (msec) = 2.1876630655737705
Number of SET = 0
Number of GET = 11
Number of MULTI GET = 0


Worker 7
Average throughput (ops/sec) = 11
Average response time (msec) = 2.2265497540983605
Average queue length = 0
Average wait time in queue (msec) = 0.026421131147540983
Average service time (msec) = 2.1353661967213116
Number of SET = 0
Number of GET = 11
Number of MULTI GET = 0


Worker 25
Average throughput (ops/sec) = 11
Average response time (msec) = 2.252439098360656
Average queue length = 0
Average wait time in queue (msec) = 0.05570713114754098
Average service time (msec) = 2.1308591147540983
Number of SET = 0
Number of GET = 11
Number of MULTI GET = 0


Worker 6
Average throughput (ops/sec) = 11
Average response time (msec) = 2.233010262295082
Average queue length = 0
Average wait time in queue (msec) = 0.03760396721311475
Average service time (msec) = 2.1319604754098362
Number of SET = 0
Number of GET = 11
Number of MULTI GET = 0


Worker 26
Average throughput (ops/sec) = 11
Average response time (msec) = 2.284865278688524
Average queue length = 0
Average wait time in queue (msec) = 0.02823826229508197
Average service time (msec) = 2.192178442622951
Number of SET = 0
Number of GET = 11
Number of MULTI GET = 0


Worker 9
Average throughput (ops/sec) = 11
Average response time (msec) = 2.3092448360655737
Average queue length = 0
Average wait time in queue (msec) = 0.04128445901639344
Average service time (msec) = 2.202619213114754
Number of SET = 0
Number of GET = 11
Number of MULTI GET = 0


Worker 27
Average throughput (ops/sec) = 11
Average response time (msec) = 2.3464100655737705
Average queue length = 0
Average wait time in queue (msec) = 0.040177819672131146
Average service time (msec) = 2.2405805901639346
Number of SET = 0
Number of GET = 11
Number of MULTI GET = 0


Worker 8
Average throughput (ops/sec) = 11
Average response time (msec) = 2.240394819672131
Average queue length = 0
Average wait time in queue (msec) = 0.037556065573770496
Average service time (msec) = 2.1381313114754095
Number of SET = 0
Number of GET = 11
Number of MULTI GET = 0


Worker 64
Average throughput (ops/sec) = 11
Average response time (msec) = 2.2399391475409836
Average queue length = 0
Average wait time in queue (msec) = 0.033493868852459016
Average service time (msec) = 2.138535655737705
Number of SET = 0
Number of GET = 11
Number of MULTI GET = 0


Worker 3
Average throughput (ops/sec) = 11
Average response time (msec) = 2.2719132786885243
Average queue length = 0
Average wait time in queue (msec) = 0.027450098360655737
Average service time (msec) = 2.155709967213115
Number of SET = 0
Number of GET = 11
Number of MULTI GET = 0


Worker 20
Average throughput (ops/sec) = 11
Average response time (msec) = 2.283373868852459
Average queue length = 0
Average wait time in queue (msec) = 0.02996770491803279
Average service time (msec) = 2.1875348852459013
Number of SET = 0
Number of GET = 11
Number of MULTI GET = 0


Worker 21
Average throughput (ops/sec) = 11
Average response time (msec) = 2.273579770491803
Average queue length = 0
Average wait time in queue (msec) = 0.03450327868852459
Average service time (msec) = 2.1733542459016397
Number of SET = 0
Number of GET = 11
Number of MULTI GET = 0


Worker 2
Average throughput (ops/sec) = 11
Average response time (msec) = 2.285473983606557
Average queue length = 0
Average wait time in queue (msec) = 0.03909222950819673
Average service time (msec) = 2.179218737704918
Number of SET = 0
Number of GET = 11
Number of MULTI GET = 0


Worker 22
Average throughput (ops/sec) = 11
Average response time (msec) = 2.20442637704918
Average queue length = 0
Average wait time in queue (msec) = 0.03593167213114754
Average service time (msec) = 2.1039174918032786
Number of SET = 0
Number of GET = 11
Number of MULTI GET = 0


Worker 5
Average throughput (ops/sec) = 11
Average response time (msec) = 2.226699606557377
Average queue length = 0
Average wait time in queue (msec) = 0.03750357377049181
Average service time (msec) = 2.124590508196721
Number of SET = 0
Number of GET = 11
Number of MULTI GET = 0


Worker 4
Average throughput (ops/sec) = 11
Average response time (msec) = 2.278175180327869
Average queue length = 0
Average wait time in queue (msec) = 0.0314824262295082
Average service time (msec) = 2.1786589836065575
Number of SET = 0
Number of GET = 11
Number of MULTI GET = 0


Worker 23
Average throughput (ops/sec) = 11
Average response time (msec) = 2.2975738852459013
Average queue length = 0
Average wait time in queue (msec) = 0.07830424590163934
Average service time (msec) = 2.136951918032787
Number of SET = 0
Number of GET = 11
Number of MULTI GET = 0


Worker 28
Average throughput (ops/sec) = 11
Average response time (msec) = 2.2518054098360656
Average queue length = 0
Average wait time in queue (msec) = 0.02865127868852459
Average service time (msec) = 2.147649852459016
Number of SET = 0
Number of GET = 11
Number of MULTI GET = 0


Worker 29
Average throughput (ops/sec) = 11
Average response time (msec) = 2.2569241475409836
Average queue length = 0
Average wait time in queue (msec) = 0.03356008196721312
Average service time (msec) = 2.1609816721311477
Number of SET = 0
Number of GET = 11
Number of MULTI GET = 0


Worker 1
Average throughput (ops/sec) = 11
Average response time (msec) = 2.2700193606557377
Average queue length = 0
Average wait time in queue (msec) = 0.035882950819672126
Average service time (msec) = 2.159043442622951
Number of SET = 0
Number of GET = 11
Number of MULTI GET = 0


Worker 30
Average throughput (ops/sec) = 11
Average response time (msec) = 2.255361180327869
Average queue length = 0
Average wait time in queue (msec) = 0.03606245901639344
Average service time (msec) = 2.124771508196721
Number of SET = 0
Number of GET = 11
Number of MULTI GET = 0


Worker 35
Average throughput (ops/sec) = 11
Average response time (msec) = 2.2512741311475413
Average queue length = 0
Average wait time in queue (msec) = 0.030055377049180328
Average service time (msec) = 2.1558807868852456
Number of SET = 0
Number of GET = 11
Number of MULTI GET = 0


Worker 36
Average throughput (ops/sec) = 11
Average response time (msec) = 2.208924229508197
Average queue length = 0
Average wait time in queue (msec) = 0.0361047868852459
Average service time (msec) = 2.112123573770492
Number of SET = 0
Number of GET = 11
Number of MULTI GET = 0


Worker 37
Average throughput (ops/sec) = 11
Average response time (msec) = 2.2206702786885244
Average queue length = 0
Average wait time in queue (msec) = 0.029185147540983607
Average service time (msec) = 2.1278455737704918
Number of SET = 0
Number of GET = 11
Number of MULTI GET = 0


Worker 38
Average throughput (ops/sec) = 11
Average response time (msec) = 2.25743862295082
Average queue length = 0
Average wait time in queue (msec) = 0.03774345901639344
Average service time (msec) = 2.1530375409836067
Number of SET = 0
Number of GET = 11
Number of MULTI GET = 0


Worker 31
Average throughput (ops/sec) = 11
Average response time (msec) = 2.2289536393442626
Average queue length = 0
Average wait time in queue (msec) = 0.02877139344262295
Average service time (msec) = 2.137366557377049
Number of SET = 0
Number of GET = 11
Number of MULTI GET = 0


Worker 32
Average throughput (ops/sec) = 11
Average response time (msec) = 2.2607062295081968
Average queue length = 0
Average wait time in queue (msec) = 0.038123098360655736
Average service time (msec) = 2.1541578852459016
Number of SET = 0
Number of GET = 11
Number of MULTI GET = 0


Worker 33
Average throughput (ops/sec) = 11
Average response time (msec) = 2.2609513770491803
Average queue length = 0
Average wait time in queue (msec) = 0.02796545901639344
Average service time (msec) = 2.16953862295082
Number of SET = 0
Number of GET = 11
Number of MULTI GET = 0


Worker 34
Average throughput (ops/sec) = 11
Average response time (msec) = 2.256893180327869
Average queue length = 0
Average wait time in queue (msec) = 0.03644760655737705
Average service time (msec) = 2.156746573770492
Number of SET = 0
Number of GET = 11
Number of MULTI GET = 0


Worker 39
Average throughput (ops/sec) = 11
Average response time (msec) = 2.230207393442623
Average queue length = 0
Average wait time in queue (msec) = 0.030240360655737705
Average service time (msec) = 2.133529704918033
Number of SET = 0
Number of GET = 11
Number of MULTI GET = 0


Worker 40
Average throughput (ops/sec) = 11
Average response time (msec) = 2.241294967213115
Average queue length = 0
Average wait time in queue (msec) = 0.027875688524590166
Average service time (msec) = 2.1497392786885245
Number of SET = 0
Number of GET = 11
Number of MULTI GET = 0


Worker 41
Average throughput (ops/sec) = 11
Average response time (msec) = 2.2443700655737704
Average queue length = 0
Average wait time in queue (msec) = 0.03184640983606557
Average service time (msec) = 2.148248049180328
Number of SET = 0
Number of GET = 11
Number of MULTI GET = 0


FINAL STATS
Average throughput (ops/sec) = 704
Average response time (msec) = 2.2434857165876343
Average queue length = 0
Average wait time in queue (msec) = 0.03598426664959017
Average service time (msec) = 2.153131983606557
Number of SET = 0
Number of GET = 11
Number of MULTI GET = 0
Number of Cache misses = 2366


Histogram response times (0.1 msec step)
0.0 msec : 333
0.1 msec : 3387
0.2 msec : 9168
0.3 msec : 9920
0.4 msec : 6430
0.5 msec : 3739
0.6 msec : 2534
0.7 msec : 1736
0.8 msec : 1354
0.9 msec : 970
1.0 msec : 764
1.1 msec : 575
1.2 msec : 439
1.3 msec : 319
1.4 msec : 266
1.5 msec : 203
1.6 msec : 170
1.7 msec : 130
1.8 msec : 122
1.9 msec : 72
2.0 msec : 54
2.1 msec : 56
2.2 msec : 40
2.3 msec : 54
2.4 msec : 35
2.5 msec : 26
2.6 msec : 21
2.7 msec : 17
2.8 msec : 16
2.9 msec : 13
3.0 msec : 20
3.1 msec : 16
3.2 msec : 17
3.3 msec : 13
3.4 msec : 15
3.5 msec : 9
3.6 msec : 8
3.7 msec : 7
3.8 msec : 5
3.9 msec : 6
4.0 msec : 8
4.1 msec : 12
4.2 msec : 9
4.3 msec : 14
4.4 msec : 10
4.5 msec : 13
4.6 msec : 22
4.7 msec : 18
4.8 msec : 21
4.9 msec : 18
5.0 msec : 17
5.1 msec : 16
5.2 msec : 23
5.3 msec : 17
5.4 msec : 9
5.5 msec : 5
5.6 msec : 9
5.7 msec : 8
5.8 msec : 6
5.9 msec : 4
6.0 msec : 3
6.1 msec : 8
6.2 msec : 7
6.3 msec : 6
6.4 msec : 2
6.5 msec : 3
6.6 msec : 5
6.7 msec : 3
6.8 msec : 1
6.9 msec : 2
7.0 msec : 3
7.1 msec : 3
7.2 msec : 3
7.3 msec : 1
7.4 msec : 2
7.5 msec : 3
7.6 msec : 2
7.7 msec : 0
7.8 msec : 4
7.9 msec : 2
8.0 msec : 0
8.1 msec : 3
8.2 msec : 1
8.3 msec : 0
8.4 msec : 0
8.5 msec : 0
8.6 msec : 0
8.7 msec : 1
8.8 msec : 0
8.9 msec : 1
9.0 msec : 3
9.1 msec : 2
9.2 msec : 2
9.3 msec : 0
9.4 msec : 0
9.5 msec : 0
9.6 msec : 0
9.7 msec : 0
9.8 msec : 0
9.9 msec : 0
10.0 msec : 0
10.1 msec : 0
10.2 msec : 0
10.3 msec : 0
10.4 msec : 0
10.5 msec : 0
10.6 msec : 0
10.7 msec : 0
10.8 msec : 0
10.9 msec : 0
11.0 msec : 0
11.1 msec : 0
11.2 msec : 0
11.3 msec : 0
11.4 msec : 0
11.5 msec : 0
11.6 msec : 0
11.7 msec : 0
11.8 msec : 0
11.9 msec : 1
12.0 msec : 2
12.1 msec : 1
12.2 msec : 1
12.3 msec : 0
12.4 msec : 1
12.5 msec : 0
12.6 msec : 0
12.7 msec : 1
12.8 msec : 0
12.9 msec : 0
13.0 msec : 0
13.1 msec : 0
13.2 msec : 0
13.3 msec : 0
13.4 msec : 0
13.5 msec : 0
13.6 msec : 0
13.7 msec : 0
13.8 msec : 0
13.9 msec : 0
14.0 msec : 0
14.1 msec : 0
14.2 msec : 0
14.3 msec : 0
14.4 msec : 2
14.5 msec : 0
14.6 msec : 0
14.7 msec : 0
14.8 msec : 0
14.9 msec : 0
15.0 msec : 0
15.1 msec : 1
15.2 msec : 0
15.3 msec : 1
15.4 msec : 0
15.5 msec : 1
15.6 msec : 0
15.7 msec : 0
15.8 msec : 1
15.9 msec : 0
16.0 msec : 0
16.1 msec : 0
16.2 msec : 0
16.3 msec : 0
16.4 msec : 0
16.5 msec : 0
16.6 msec : 0
16.7 msec : 0
16.8 msec : 1
16.9 msec : 0
17.0 msec : 1
17.1 msec : 0
17.2 msec : 0
17.3 msec : 0
17.4 msec : 0
17.5 msec : 0
17.6 msec : 0
17.7 msec : 0
17.8 msec : 0
17.9 msec : 0
18.0 msec : 0
18.1 msec : 0
18.2 msec : 0
18.3 msec : 0
18.4 msec : 0
18.5 msec : 0
18.6 msec : 0
18.7 msec : 0
18.8 msec : 2
18.9 msec : 1
19.0 msec : 0
19.1 msec : 0
19.2 msec : 0
19.3 msec : 0
19.4 msec : 0
19.5 msec : 0
19.6 msec : 1
19.7 msec : 0
19.8 msec : 0
19.9 msec : 0
20.0 msec : 0
20.1 msec : 0
20.2 msec : 1
20.3 msec : 0
20.4 msec : 0
20.5 msec : 0
20.6 msec : 0
20.7 msec : 0
20.8 msec : 0
20.9 msec : 0
21.0 msec : 0
21.1 msec : 0
21.2 msec : 0
21.3 msec : 0
21.4 msec : 0
21.5 msec : 0
21.6 msec : 0
21.7 msec : 0
21.8 msec : 0
21.9 msec : 0
22.0 msec : 0
22.1 msec : 0
22.2 msec : 0
22.3 msec : 0
22.4 msec : 0
22.5 msec : 0
22.6 msec : 0
22.7 msec : 1
22.8 msec : 1
22.9 msec : 0
23.0 msec : 0
23.1 msec : 0
23.2 msec : 0
23.3 msec : 0
23.4 msec : 0
23.5 msec : 0
23.6 msec : 0
23.7 msec : 0
23.8 msec : 0
23.9 msec : 0
24.0 msec : 0
24.1 msec : 0
24.2 msec : 0
24.3 msec : 0
24.4 msec : 0
24.5 msec : 0
24.6 msec : 0
24.7 msec : 0
24.8 msec : 0
24.9 msec : 0
25.0 msec : 0
25.1 msec : 0
25.2 msec : 0
25.3 msec : 0
25.4 msec : 0
25.5 msec : 0
25.6 msec : 0
25.7 msec : 0
25.8 msec : 0
25.9 msec : 0
26.0 msec : 0
26.1 msec : 0
26.2 msec : 0
26.3 msec : 0
26.4 msec : 0
26.5 msec : 0
26.6 msec : 0
26.7 msec : 0
26.8 msec : 0
26.9 msec : 0
27.0 msec : 0
27.1 msec : 0
27.2 msec : 0
27.3 msec : 0
27.4 msec : 0
27.5 msec : 0
27.6 msec : 0
27.7 msec : 0
27.8 msec : 0
27.9 msec : 0
28.0 msec : 0
28.1 msec : 1
28.2 msec : 0
28.3 msec : 1
28.4 msec : 0
28.5 msec : 0
28.6 msec : 0
28.7 msec : 0
28.8 msec : 0
28.9 msec : 0
29.0 msec : 0
29.1 msec : 0
29.2 msec : 0
29.3 msec : 0
29.4 msec : 0
29.5 msec : 0
29.6 msec : 0
29.7 msec : 2
29.8 msec : 0
29.9 msec : 0
30.0 msec : 0
30.1 msec : 0
30.2 msec : 0
30.3 msec : 0
30.4 msec : 0
30.5 msec : 0
30.6 msec : 0
30.7 msec : 0
30.8 msec : 0
30.9 msec : 0
31.0 msec : 0
31.1 msec : 0
31.2 msec : 0
31.3 msec : 0
31.4 msec : 0
31.5 msec : 0
31.6 msec : 0
31.7 msec : 0
31.8 msec : 0
31.9 msec : 0
32.0 msec : 0
32.1 msec : 0
32.2 msec : 0
32.3 msec : 0
32.4 msec : 0
32.5 msec : 0
32.6 msec : 0
32.7 msec : 0
32.8 msec : 0
32.9 msec : 0
33.0 msec : 0
33.1 msec : 0
33.2 msec : 0
33.3 msec : 0
33.4 msec : 0
33.5 msec : 0
33.6 msec : 1
33.7 msec : 0
33.8 msec : 0
33.9 msec : 0
34.0 msec : 0
34.1 msec : 0
34.2 msec : 0
34.3 msec : 0
34.4 msec : 0
