Middleware started...
Middleware shuts down...
Smaller resolution statistics are in a log file...
Final aggregates per worker:


Worker 24
Average throughput (ops/sec) = 168
Average response time (msec) = 1.7606006393442621
Average queue length = 1
Average wait time in queue (msec) = 0.36640647540983606
Average service time (msec) = 1.2544239508196722
Number of SET = 168
Number of GET = 0
Number of MULTI GET = 0


Worker 7
Average throughput (ops/sec) = 168
Average response time (msec) = 1.7901944426229508
Average queue length = 3
Average wait time in queue (msec) = 0.3767339672131148
Average service time (msec) = 1.2604823278688526
Number of SET = 168
Number of GET = 0
Number of MULTI GET = 0


Worker 25
Average throughput (ops/sec) = 169
Average response time (msec) = 1.8031747540983607
Average queue length = 2
Average wait time in queue (msec) = 0.37248624590163937
Average service time (msec) = 1.2728672786885247
Number of SET = 169
Number of GET = 0
Number of MULTI GET = 0


Worker 6
Average throughput (ops/sec) = 173
Average response time (msec) = 1.8178707540983607
Average queue length = 2
Average wait time in queue (msec) = 0.37510590163934426
Average service time (msec) = 1.2966331803278688
Number of SET = 173
Number of GET = 0
Number of MULTI GET = 0


Worker 26
Average throughput (ops/sec) = 168
Average response time (msec) = 1.7764924590163933
Average queue length = 2
Average wait time in queue (msec) = 0.3615003278688525
Average service time (msec) = 1.2756680983606559
Number of SET = 168
Number of GET = 0
Number of MULTI GET = 0


Worker 9
Average throughput (ops/sec) = 168
Average response time (msec) = 1.7748240327868854
Average queue length = 3
Average wait time in queue (msec) = 0.365940868852459
Average service time (msec) = 1.2601233442622952
Number of SET = 168
Number of GET = 0
Number of MULTI GET = 0


Worker 27
Average throughput (ops/sec) = 169
Average response time (msec) = 1.7439807213114753
Average queue length = 2
Average wait time in queue (msec) = 0.3512802950819672
Average service time (msec) = 1.2510235409836066
Number of SET = 169
Number of GET = 0
Number of MULTI GET = 0


Worker 8
Average throughput (ops/sec) = 171
Average response time (msec) = 1.7940443770491803
Average queue length = 2
Average wait time in queue (msec) = 0.36037191803278684
Average service time (msec) = 1.2785810163934426
Number of SET = 171
Number of GET = 0
Number of MULTI GET = 0


Worker 20
Average throughput (ops/sec) = 168
Average response time (msec) = 1.7841956557377048
Average queue length = 1
Average wait time in queue (msec) = 0.3624390983606557
Average service time (msec) = 1.277413
Number of SET = 168
Number of GET = 0
Number of MULTI GET = 0


Worker 3
Average throughput (ops/sec) = 169
Average response time (msec) = 1.7661364098360655
Average queue length = 2
Average wait time in queue (msec) = 0.3711699672131148
Average service time (msec) = 1.2541686065573772
Number of SET = 169
Number of GET = 0
Number of MULTI GET = 0


Worker 2
Average throughput (ops/sec) = 169
Average response time (msec) = 1.7687009016393442
Average queue length = 3
Average wait time in queue (msec) = 0.37501867213114753
Average service time (msec) = 1.2430913114754099
Number of SET = 169
Number of GET = 0
Number of MULTI GET = 0


Worker 21
Average throughput (ops/sec) = 170
Average response time (msec) = 1.7713448688524591
Average queue length = 1
Average wait time in queue (msec) = 0.36730131147540984
Average service time (msec) = 1.2659764918032788
Number of SET = 170
Number of GET = 0
Number of MULTI GET = 0


Worker 5
Average throughput (ops/sec) = 172
Average response time (msec) = 1.816028426229508
Average queue length = 3
Average wait time in queue (msec) = 0.38362775409836064
Average service time (msec) = 1.2871022459016392
Number of SET = 172
Number of GET = 0
Number of MULTI GET = 0


Worker 22
Average throughput (ops/sec) = 171
Average response time (msec) = 1.7775458032786886
Average queue length = 2
Average wait time in queue (msec) = 0.3733067213114754
Average service time (msec) = 1.2589596885245902
Number of SET = 171
Number of GET = 0
Number of MULTI GET = 0


Worker 23
Average throughput (ops/sec) = 171
Average response time (msec) = 1.7515769344262295
Average queue length = 2
Average wait time in queue (msec) = 0.3509910327868852
Average service time (msec) = 1.2656665901639346
Number of SET = 171
Number of GET = 0
Number of MULTI GET = 0


Worker 4
Average throughput (ops/sec) = 171
Average response time (msec) = 1.8209259344262294
Average queue length = 2
Average wait time in queue (msec) = 0.39402034426229504
Average service time (msec) = 1.291578606557377
Number of SET = 171
Number of GET = 0
Number of MULTI GET = 0


Worker 28
Average throughput (ops/sec) = 172
Average response time (msec) = 1.7775820819672132
Average queue length = 2
Average wait time in queue (msec) = 0.36674931147540984
Average service time (msec) = 1.277005213114754
Number of SET = 172
Number of GET = 0
Number of MULTI GET = 0


Worker 29
Average throughput (ops/sec) = 171
Average response time (msec) = 1.7812876229508199
Average queue length = 1
Average wait time in queue (msec) = 0.36909322950819673
Average service time (msec) = 1.2780112459016393
Number of SET = 171
Number of GET = 0
Number of MULTI GET = 0


Worker 1
Average throughput (ops/sec) = 171
Average response time (msec) = 1.7574630327868852
Average queue length = 2
Average wait time in queue (msec) = 0.370370868852459
Average service time (msec) = 1.2548356065573771
Number of SET = 171
Number of GET = 0
Number of MULTI GET = 0


Worker 30
Average throughput (ops/sec) = 170
Average response time (msec) = 1.7979320655737705
Average queue length = 1
Average wait time in queue (msec) = 0.381933475409836
Average service time (msec) = 1.275582737704918
Number of SET = 170
Number of GET = 0
Number of MULTI GET = 0


Worker 13
Average throughput (ops/sec) = 171
Average response time (msec) = 1.8068801311475409
Average queue length = 1
Average wait time in queue (msec) = 0.39070644262295084
Average service time (msec) = 1.269318786885246
Number of SET = 171
Number of GET = 0
Number of MULTI GET = 0


Worker 14
Average throughput (ops/sec) = 169
Average response time (msec) = 1.7899260983606557
Average queue length = 2
Average wait time in queue (msec) = 0.362439737704918
Average service time (msec) = 1.2868800655737707
Number of SET = 169
Number of GET = 0
Number of MULTI GET = 0


Worker 15
Average throughput (ops/sec) = 169
Average response time (msec) = 1.7887966393442623
Average queue length = 2
Average wait time in queue (msec) = 0.3744142786885246
Average service time (msec) = 1.2813217540983606
Number of SET = 169
Number of GET = 0
Number of MULTI GET = 0


Worker 16
Average throughput (ops/sec) = 170
Average response time (msec) = 1.7987337704918034
Average queue length = 2
Average wait time in queue (msec) = 0.38491737704918033
Average service time (msec) = 1.2686577704918034
Number of SET = 170
Number of GET = 0
Number of MULTI GET = 0


Worker 31
Average throughput (ops/sec) = 171
Average response time (msec) = 1.7945565737704918
Average queue length = 1
Average wait time in queue (msec) = 0.37742552459016393
Average service time (msec) = 1.2768431639344262
Number of SET = 171
Number of GET = 0
Number of MULTI GET = 0


Worker 32
Average throughput (ops/sec) = 171
Average response time (msec) = 1.7794482295081968
Average queue length = 2
Average wait time in queue (msec) = 0.3796742786885246
Average service time (msec) = 1.2680399344262294
Number of SET = 171
Number of GET = 0
Number of MULTI GET = 0


Worker 10
Average throughput (ops/sec) = 168
Average response time (msec) = 1.7752222459016394
Average queue length = 2
Average wait time in queue (msec) = 0.363056868852459
Average service time (msec) = 1.2701159344262294
Number of SET = 168
Number of GET = 0
Number of MULTI GET = 0


Worker 11
Average throughput (ops/sec) = 166
Average response time (msec) = 1.7436104590163934
Average queue length = 3
Average wait time in queue (msec) = 0.36111055737704917
Average service time (msec) = 1.2431408852459016
Number of SET = 166
Number of GET = 0
Number of MULTI GET = 0


Worker 12
Average throughput (ops/sec) = 169
Average response time (msec) = 1.7729202786885245
Average queue length = 1
Average wait time in queue (msec) = 0.3837816393442623
Average service time (msec) = 1.2430767213114753
Number of SET = 169
Number of GET = 0
Number of MULTI GET = 0


Worker 17
Average throughput (ops/sec) = 168
Average response time (msec) = 1.7529704426229509
Average queue length = 1
Average wait time in queue (msec) = 0.349401262295082
Average service time (msec) = 1.2669310163934426
Number of SET = 168
Number of GET = 0
Number of MULTI GET = 0


Worker 18
Average throughput (ops/sec) = 169
Average response time (msec) = 1.7793195409836067
Average queue length = 2
Average wait time in queue (msec) = 0.3712392950819672
Average service time (msec) = 1.2708478852459015
Number of SET = 168
Number of GET = 0
Number of MULTI GET = 0


Worker 19
Average throughput (ops/sec) = 170
Average response time (msec) = 1.740139
Average queue length = 2
Average wait time in queue (msec) = 0.3808854426229508
Average service time (msec) = 1.2190557868852459
Number of SET = 170
Number of GET = 0
Number of MULTI GET = 0


FINAL STATS
Average throughput (ops/sec) = 5430
Average response time (msec) = 1.7556378851985581
Average queue length = 1
Average wait time in queue (msec) = 0.3710906403688525
Average service time (msec) = 1.266981993340164
Number of SET = 5429
Number of GET = 0
Number of MULTI GET = 0
Number of Cache misses = 0
Arrival rate (lambda) = [0, 0, 2431, 4235, 4610, 4833, 5410, 4934, 5446, 5522, 5471, 5527, 5499, 5478, 5770, 5549, 5563, 5403, 5707, 5990, 5251, 5753, 5628, 5204, 5473, 5601, 5379, 5728, 5686, 5670, 5982, 5724, 6166, 5790, 5738, 5153, 5974, 6143, 5724, 5552, 6132, 5750, 5577, 5576, 5676, 5342, 5731, 5702, 5553, 5591, 5773, 5458, 5562, 5411, 5429, 5437, 5577, 5884, 5588, 5769, 5692, 5795, 1385, 0]


Histogram response times (0.1 msec step)
0.0 msec : 479
0.1 msec : 5691
0.2 msec : 18234
0.3 msec : 31571
0.4 msec : 37904
0.5 msec : 36967
0.6 msec : 33345
0.7 msec : 27659
0.8 msec : 22310
0.9 msec : 17215
1.0 msec : 13539
1.1 msec : 10291
1.2 msec : 7663
1.3 msec : 5900
1.4 msec : 4531
1.5 msec : 3608
1.6 msec : 2953
1.7 msec : 2384
1.8 msec : 1898
1.9 msec : 1655
2.0 msec : 1367
2.1 msec : 1257
2.2 msec : 1109
2.3 msec : 938
2.4 msec : 892
2.5 msec : 778
2.6 msec : 645
2.7 msec : 645
2.8 msec : 690
2.9 msec : 621
3.0 msec : 559
3.1 msec : 504
3.2 msec : 398
3.3 msec : 457
3.4 msec : 476
3.5 msec : 394
3.6 msec : 389
3.7 msec : 312
3.8 msec : 307
3.9 msec : 318
4.0 msec : 333
4.1 msec : 280
4.2 msec : 268
4.3 msec : 241
4.4 msec : 286
4.5 msec : 253
4.6 msec : 248
4.7 msec : 209
4.8 msec : 272
4.9 msec : 238
5.0 msec : 229
5.1 msec : 274
5.2 msec : 276
5.3 msec : 413
5.4 msec : 579
5.5 msec : 1038
5.6 msec : 1617
5.7 msec : 1979
5.8 msec : 2239
5.9 msec : 2481
6.0 msec : 2478
6.1 msec : 2362
6.2 msec : 2104
6.3 msec : 1776
6.4 msec : 1488
6.5 msec : 1196
6.6 msec : 1025
6.7 msec : 889
6.8 msec : 679
6.9 msec : 569
7.0 msec : 493
7.1 msec : 421
7.2 msec : 301
7.3 msec : 263
7.4 msec : 230
7.5 msec : 202
7.6 msec : 169
7.7 msec : 175
7.8 msec : 135
7.9 msec : 159
8.0 msec : 119
8.1 msec : 113
8.2 msec : 103
8.3 msec : 90
8.4 msec : 79
8.5 msec : 60
8.6 msec : 69
8.7 msec : 69
8.8 msec : 65
8.9 msec : 83
9.0 msec : 60
9.1 msec : 62
9.2 msec : 55
9.3 msec : 53
9.4 msec : 56
9.5 msec : 57
9.6 msec : 51
9.7 msec : 49
9.8 msec : 37
9.9 msec : 43
10.0 msec : 44
10.1 msec : 26
10.2 msec : 18
10.3 msec : 25
10.4 msec : 21
10.5 msec : 19
10.6 msec : 15
10.7 msec : 18
10.8 msec : 17
10.9 msec : 26
11.0 msec : 28
11.1 msec : 24
11.2 msec : 21
11.3 msec : 20
11.4 msec : 13
11.5 msec : 16
11.6 msec : 27
11.7 msec : 15
11.8 msec : 16
11.9 msec : 13
12.0 msec : 11
12.1 msec : 16
12.2 msec : 12
12.3 msec : 13
12.4 msec : 12
12.5 msec : 12
12.6 msec : 3
12.7 msec : 6
12.8 msec : 4
12.9 msec : 2
13.0 msec : 10
13.1 msec : 5
13.2 msec : 13
13.3 msec : 9
13.4 msec : 9
13.5 msec : 3
13.6 msec : 5
13.7 msec : 9
13.8 msec : 5
13.9 msec : 7
14.0 msec : 6
14.1 msec : 6
14.2 msec : 8
14.3 msec : 6
14.4 msec : 4
14.5 msec : 7
14.6 msec : 0
14.7 msec : 0
14.8 msec : 4
14.9 msec : 2
15.0 msec : 2
15.1 msec : 2
15.2 msec : 4
15.3 msec : 1
15.4 msec : 2
15.5 msec : 1
15.6 msec : 8
15.7 msec : 12
15.8 msec : 5
15.9 msec : 10
16.0 msec : 9
16.1 msec : 5
16.2 msec : 7
16.3 msec : 3
16.4 msec : 3
16.5 msec : 1
16.6 msec : 1
16.7 msec : 3
16.8 msec : 0
16.9 msec : 2
17.0 msec : 2
17.1 msec : 0
17.2 msec : 2
17.3 msec : 2
17.4 msec : 1
17.5 msec : 1
17.6 msec : 1
17.7 msec : 9
17.8 msec : 5
17.9 msec : 1
18.0 msec : 1
18.1 msec : 1
18.2 msec : 0
18.3 msec : 1
18.4 msec : 2
18.5 msec : 0
18.6 msec : 0
18.7 msec : 2
18.8 msec : 0
18.9 msec : 2
19.0 msec : 1
19.1 msec : 3
19.2 msec : 1
19.3 msec : 2
19.4 msec : 2
19.5 msec : 1
19.6 msec : 1
19.7 msec : 0
19.8 msec : 2
19.9 msec : 7
20.0 msec : 2
20.1 msec : 1
20.2 msec : 1
20.3 msec : 3
20.4 msec : 2
20.5 msec : 5
20.6 msec : 3
20.7 msec : 4
20.8 msec : 5
20.9 msec : 1
21.0 msec : 2
21.1 msec : 5
21.2 msec : 1
21.3 msec : 3
21.4 msec : 4
21.5 msec : 0
21.6 msec : 1
21.7 msec : 1
21.8 msec : 2
21.9 msec : 4
22.0 msec : 2
22.1 msec : 7
22.2 msec : 3
22.3 msec : 2
22.4 msec : 3
22.5 msec : 3
22.6 msec : 1
22.7 msec : 2
22.8 msec : 0
22.9 msec : 1
23.0 msec : 3
23.1 msec : 3
23.2 msec : 3
23.3 msec : 1
23.4 msec : 2
23.5 msec : 2
23.6 msec : 2
23.7 msec : 4
23.8 msec : 3
23.9 msec : 2
24.0 msec : 6
24.1 msec : 3
24.2 msec : 1
24.3 msec : 1
24.4 msec : 2
24.5 msec : 2
24.6 msec : 0
24.7 msec : 1
24.8 msec : 0
24.9 msec : 2
25.0 msec : 2
25.1 msec : 0
25.2 msec : 1
25.3 msec : 4
25.4 msec : 2
25.5 msec : 0
25.6 msec : 0
25.7 msec : 0
25.8 msec : 1
25.9 msec : 1
26.0 msec : 2
26.1 msec : 3
26.2 msec : 1
26.3 msec : 1
26.4 msec : 3
26.5 msec : 2
26.6 msec : 0
26.7 msec : 2
26.8 msec : 1
26.9 msec : 0
27.0 msec : 1
27.1 msec : 0
27.2 msec : 0
27.3 msec : 0
27.4 msec : 0
27.5 msec : 0
27.6 msec : 0
27.7 msec : 1
27.8 msec : 0
27.9 msec : 0
28.0 msec : 0
28.1 msec : 0
28.2 msec : 0
28.3 msec : 0
28.4 msec : 0
28.5 msec : 0
28.6 msec : 0
28.7 msec : 0
28.8 msec : 0
28.9 msec : 0
29.0 msec : 0
29.1 msec : 0
29.2 msec : 0
29.3 msec : 0
29.4 msec : 0
29.5 msec : 0
29.6 msec : 0
29.7 msec : 0
29.8 msec : 0
29.9 msec : 0
30.0 msec : 0
30.1 msec : 0
30.2 msec : 0
30.3 msec : 0
30.4 msec : 0
30.5 msec : 0
30.6 msec : 0
30.7 msec : 0
30.8 msec : 0
30.9 msec : 2
31.0 msec : 0
31.1 msec : 0
31.2 msec : 0
31.3 msec : 0
31.4 msec : 0
31.5 msec : 0
31.6 msec : 0
31.7 msec : 0
31.8 msec : 0
31.9 msec : 1
32.0 msec : 0
32.1 msec : 0
32.2 msec : 0
32.3 msec : 0
32.4 msec : 0
32.5 msec : 0
32.6 msec : 0
32.7 msec : 0
32.8 msec : 0
32.9 msec : 0
33.0 msec : 0
33.1 msec : 0
33.2 msec : 0
33.3 msec : 0
33.4 msec : 0
33.5 msec : 0
33.6 msec : 0
33.7 msec : 0
33.8 msec : 0
33.9 msec : 0
34.0 msec : 0
34.1 msec : 0
34.2 msec : 0
34.3 msec : 0
34.4 msec : 0
34.5 msec : 0
34.6 msec : 0
34.7 msec : 0
34.8 msec : 0
34.9 msec : 0
35.0 msec : 0
35.1 msec : 0
35.2 msec : 0
35.3 msec : 3
35.4 msec : 5
35.5 msec : 2
35.6 msec : 2
35.7 msec : 2
35.8 msec : 1
35.9 msec : 1
36.0 msec : 0
36.1 msec : 0
36.2 msec : 0
36.3 msec : 0
36.4 msec : 0
36.5 msec : 0
36.6 msec : 0
36.7 msec : 0
36.8 msec : 0
36.9 msec : 0
37.0 msec : 0
37.1 msec : 0
37.2 msec : 0
37.3 msec : 0
37.4 msec : 0
37.5 msec : 0
37.6 msec : 0
37.7 msec : 0
37.8 msec : 0
37.9 msec : 0
38.0 msec : 0
38.1 msec : 0
38.2 msec : 0
38.3 msec : 0
38.4 msec : 0
38.5 msec : 0
38.6 msec : 0
38.7 msec : 0
38.8 msec : 0
38.9 msec : 1
39.0 msec : 1
39.1 msec : 0
39.2 msec : 0
39.3 msec : 0
39.4 msec : 0
39.5 msec : 0
39.6 msec : 0
39.7 msec : 0
39.8 msec : 0
39.9 msec : 0
40.0 msec : 0
40.1 msec : 0
40.2 msec : 0
40.3 msec : 0
40.4 msec : 0
40.5 msec : 0
40.6 msec : 0
40.7 msec : 0
40.8 msec : 0
40.9 msec : 0
41.0 msec : 0
41.1 msec : 0
41.2 msec : 0
41.3 msec : 0
41.4 msec : 0
41.5 msec : 0
41.6 msec : 0
41.7 msec : 0
41.8 msec : 0
41.9 msec : 0
42.0 msec : 0
42.1 msec : 0
42.2 msec : 0
42.3 msec : 0
42.4 msec : 0
42.5 msec : 0
42.6 msec : 0
42.7 msec : 0
42.8 msec : 0
42.9 msec : 0
43.0 msec : 0
43.1 msec : 0
43.2 msec : 0
43.3 msec : 0
43.4 msec : 0
43.5 msec : 0
43.6 msec : 0
43.7 msec : 0
43.8 msec : 0
43.9 msec : 0
44.0 msec : 0
44.1 msec : 0
44.2 msec : 0
44.3 msec : 3
44.4 msec : 0
44.5 msec : 0
44.6 msec : 1
44.7 msec : 0
44.8 msec : 1
44.9 msec : 1
45.0 msec : 0
45.1 msec : 0
45.2 msec : 0
45.3 msec : 0
45.4 msec : 0
45.5 msec : 0
45.6 msec : 0
45.7 msec : 0
45.8 msec : 0
45.9 msec : 0
46.0 msec : 0
46.1 msec : 0
46.2 msec : 0
46.3 msec : 0
46.4 msec : 0
46.5 msec : 0
46.6 msec : 0
46.7 msec : 0
46.8 msec : 0
46.9 msec : 0
47.0 msec : 0
47.1 msec : 0
47.2 msec : 0
47.3 msec : 0
47.4 msec : 0
47.5 msec : 0
47.6 msec : 0
47.7 msec : 0
47.8 msec : 0
47.9 msec : 0
48.0 msec : 0
48.1 msec : 0
48.2 msec : 0
48.3 msec : 0
48.4 msec : 0
48.5 msec : 0
48.6 msec : 0
48.7 msec : 1
48.8 msec : 0
48.9 msec : 0
49.0 msec : 2
49.1 msec : 1
49.2 msec : 2
49.3 msec : 0
49.4 msec : 0
49.5 msec : 0
49.6 msec : 1
49.7 msec : 0
49.8 msec : 1
49.9 msec : 0
50.0 msec : 3
50.1 msec : 0
50.2 msec : 0
50.3 msec : 1
50.4 msec : 0
50.5 msec : 1
50.6 msec : 2
50.7 msec : 0
50.8 msec : 0
50.9 msec : 0
51.0 msec : 0
51.1 msec : 0
51.2 msec : 0
51.3 msec : 0
51.4 msec : 0
51.5 msec : 0
51.6 msec : 0
51.7 msec : 0
51.8 msec : 0
51.9 msec : 0
52.0 msec : 0
52.1 msec : 0
52.2 msec : 0
52.3 msec : 0
52.4 msec : 0
52.5 msec : 0
52.6 msec : 0
52.7 msec : 0
52.8 msec : 0
52.9 msec : 0
53.0 msec : 0
53.1 msec : 0
53.2 msec : 0
53.3 msec : 0
53.4 msec : 0
53.5 msec : 0
53.6 msec : 0
53.7 msec : 0
53.8 msec : 0
53.9 msec : 0
54.0 msec : 0
54.1 msec : 0
54.2 msec : 0
54.3 msec : 0
54.4 msec : 0
54.5 msec : 0
54.6 msec : 0
54.7 msec : 0
54.8 msec : 0
54.9 msec : 0
55.0 msec : 0
55.1 msec : 1
55.2 msec : 0
55.3 msec : 0
55.4 msec : 0
55.5 msec : 0
55.6 msec : 0
55.7 msec : 0
55.8 msec : 0
55.9 msec : 0
56.0 msec : 0
56.1 msec : 0
56.2 msec : 0
56.3 msec : 0
56.4 msec : 0
56.5 msec : 0
56.6 msec : 0
56.7 msec : 0
56.8 msec : 0
56.9 msec : 0
57.0 msec : 0
57.1 msec : 0
57.2 msec : 0
57.3 msec : 0
57.4 msec : 0
57.5 msec : 0
57.6 msec : 0
57.7 msec : 0
57.8 msec : 0
57.9 msec : 0
58.0 msec : 0
58.1 msec : 0
58.2 msec : 0
58.3 msec : 0
58.4 msec : 2
58.5 msec : 0
58.6 msec : 3
58.7 msec : 1
58.8 msec : 2
58.9 msec : 3
59.0 msec : 0
59.1 msec : 0
59.2 msec : 0
59.3 msec : 0
59.4 msec : 0
59.5 msec : 0
59.6 msec : 0
59.7 msec : 0
59.8 msec : 0
59.9 msec : 0
60.0 msec : 0
60.1 msec : 0
60.2 msec : 0
60.3 msec : 0
60.4 msec : 0
60.5 msec : 0
60.6 msec : 0
60.7 msec : 0
60.8 msec : 0
60.9 msec : 0
61.0 msec : 0
61.1 msec : 0
61.2 msec : 0
61.3 msec : 0
61.4 msec : 0
61.5 msec : 0
61.6 msec : 0
61.7 msec : 0
61.8 msec : 0
61.9 msec : 0
62.0 msec : 0
62.1 msec : 0
62.2 msec : 0
62.3 msec : 0
62.4 msec : 0
62.5 msec : 0
62.6 msec : 0
62.7 msec : 0
62.8 msec : 0
62.9 msec : 0
63.0 msec : 0
63.1 msec : 0
63.2 msec : 0
63.3 msec : 0
63.4 msec : 0
63.5 msec : 0
63.6 msec : 0
63.7 msec : 0
63.8 msec : 0
63.9 msec : 0
64.0 msec : 0
64.1 msec : 0
64.2 msec : 0
64.3 msec : 0
64.4 msec : 0
64.5 msec : 0
64.6 msec : 0
64.7 msec : 0
64.8 msec : 0
64.9 msec : 0
65.0 msec : 0
65.1 msec : 0
65.2 msec : 0
65.3 msec : 0
65.4 msec : 0
65.5 msec : 0
65.6 msec : 0
65.7 msec : 0
65.8 msec : 0
65.9 msec : 0
66.0 msec : 0
66.1 msec : 0
66.2 msec : 0
66.3 msec : 0
66.4 msec : 0
66.5 msec : 0
66.6 msec : 0
66.7 msec : 0
66.8 msec : 0
66.9 msec : 0
67.0 msec : 0
67.1 msec : 0
67.2 msec : 0
67.3 msec : 0
67.4 msec : 0
67.5 msec : 0
67.6 msec : 0
67.7 msec : 0
67.8 msec : 0
67.9 msec : 0
68.0 msec : 0
68.1 msec : 0
68.2 msec : 0
68.3 msec : 0
68.4 msec : 1
68.5 msec : 2
68.6 msec : 0
68.7 msec : 0
68.8 msec : 0
68.9 msec : 0
69.0 msec : 0
69.1 msec : 0
69.2 msec : 0
69.3 msec : 0
69.4 msec : 0
69.5 msec : 0
69.6 msec : 0
69.7 msec : 0
69.8 msec : 0
69.9 msec : 0
70.0 msec : 0
70.1 msec : 0
70.2 msec : 0
70.3 msec : 0
70.4 msec : 0
70.5 msec : 0
70.6 msec : 0
70.7 msec : 0
70.8 msec : 0
70.9 msec : 0
71.0 msec : 0
71.1 msec : 0
71.2 msec : 0
71.3 msec : 0
71.4 msec : 0
71.5 msec : 0
71.6 msec : 0
71.7 msec : 0
71.8 msec : 0
71.9 msec : 0
72.0 msec : 0
72.1 msec : 0
72.2 msec : 0
72.3 msec : 0
72.4 msec : 0
72.5 msec : 0
72.6 msec : 0
72.7 msec : 0
72.8 msec : 0
72.9 msec : 0
73.0 msec : 0
73.1 msec : 0
73.2 msec : 0
73.3 msec : 0
73.4 msec : 0
73.5 msec : 0
73.6 msec : 0
73.7 msec : 0
73.8 msec : 0
73.9 msec : 0
74.0 msec : 0
74.1 msec : 2
74.2 msec : 0
74.3 msec : 0
74.4 msec : 0
74.5 msec : 0
74.6 msec : 0
74.7 msec : 0
74.8 msec : 0
74.9 msec : 0
75.0 msec : 0
75.1 msec : 1
75.2 msec : 4
75.3 msec : 1
75.4 msec : 0
75.5 msec : 0
75.6 msec : 0
75.7 msec : 0
75.8 msec : 0
75.9 msec : 0
76.0 msec : 0
76.1 msec : 0
76.2 msec : 0
76.3 msec : 0
76.4 msec : 0
76.5 msec : 0
76.6 msec : 0
76.7 msec : 0
76.8 msec : 0
76.9 msec : 0
77.0 msec : 0
77.1 msec : 0
77.2 msec : 0
77.3 msec : 0
77.4 msec : 0
77.5 msec : 0
77.6 msec : 0
77.7 msec : 0
77.8 msec : 0
77.9 msec : 0
78.0 msec : 0
78.1 msec : 0
78.2 msec : 0
78.3 msec : 0
78.4 msec : 0
78.5 msec : 0
78.6 msec : 0
78.7 msec : 0
78.8 msec : 0
78.9 msec : 0
79.0 msec : 0
79.1 msec : 0
79.2 msec : 0
79.3 msec : 0
79.4 msec : 0
79.5 msec : 0
79.6 msec : 0
79.7 msec : 0
79.8 msec : 0
79.9 msec : 0
80.0 msec : 0
80.1 msec : 0
80.2 msec : 0
80.3 msec : 0
80.4 msec : 0
80.5 msec : 0
80.6 msec : 0
80.7 msec : 0
80.8 msec : 0
80.9 msec : 0
81.0 msec : 0
81.1 msec : 0
81.2 msec : 0
81.3 msec : 0
81.4 msec : 0
81.5 msec : 0
81.6 msec : 0
81.7 msec : 0
81.8 msec : 0
81.9 msec : 0
82.0 msec : 0
82.1 msec : 0
82.2 msec : 0
82.3 msec : 0
82.4 msec : 0
82.5 msec : 0
82.6 msec : 0
82.7 msec : 0
82.8 msec : 0
82.9 msec : 0
83.0 msec : 0
83.1 msec : 0
83.2 msec : 0
83.3 msec : 0
83.4 msec : 0
83.5 msec : 0
83.6 msec : 0
83.7 msec : 0
83.8 msec : 0
83.9 msec : 0
84.0 msec : 0
84.1 msec : 0
84.2 msec : 0
84.3 msec : 0
84.4 msec : 0
84.5 msec : 0
84.6 msec : 0
84.7 msec : 0
84.8 msec : 0
84.9 msec : 0
85.0 msec : 0
85.1 msec : 0
