Middleware started...
Middleware shuts down...
Smaller resolution statistics are in a log file...
Final aggregates per worker:


Worker 24
Average throughput (ops/sec) = 264
Average response time (msec) = 3.194118868852459
Average queue length = 6
Average wait time in queue (msec) = 0.7818451967213115
Average service time (msec) = 2.0710950983606558
Number of SET = 264
Number of GET = 0
Number of MULTI GET = 0


Worker 7
Average throughput (ops/sec) = 265
Average response time (msec) = 3.1913735901639346
Average queue length = 5
Average wait time in queue (msec) = 0.7842209344262295
Average service time (msec) = 2.060832475409836
Number of SET = 265
Number of GET = 0
Number of MULTI GET = 0


Worker 25
Average throughput (ops/sec) = 264
Average response time (msec) = 3.225488180327869
Average queue length = 7
Average wait time in queue (msec) = 0.7991963114754099
Average service time (msec) = 2.0661540327868853
Number of SET = 264
Number of GET = 0
Number of MULTI GET = 0


Worker 6
Average throughput (ops/sec) = 264
Average response time (msec) = 3.188521344262295
Average queue length = 6
Average wait time in queue (msec) = 0.8270425901639344
Average service time (msec) = 2.0059388360655737
Number of SET = 264
Number of GET = 0
Number of MULTI GET = 0


Worker 26
Average throughput (ops/sec) = 267
Average response time (msec) = 3.1910324754098363
Average queue length = 10
Average wait time in queue (msec) = 0.7926880491803279
Average service time (msec) = 2.061648573770492
Number of SET = 267
Number of GET = 0
Number of MULTI GET = 0


Worker 9
Average throughput (ops/sec) = 261
Average response time (msec) = 3.2019921475409836
Average queue length = 6
Average wait time in queue (msec) = 0.7773354262295082
Average service time (msec) = 2.06587668852459
Number of SET = 261
Number of GET = 0
Number of MULTI GET = 0


Worker 27
Average throughput (ops/sec) = 268
Average response time (msec) = 3.209328737704918
Average queue length = 7
Average wait time in queue (msec) = 0.8116189508196721
Average service time (msec) = 2.0571212459016395
Number of SET = 268
Number of GET = 0
Number of MULTI GET = 0


Worker 8
Average throughput (ops/sec) = 263
Average response time (msec) = 3.2446090327868853
Average queue length = 6
Average wait time in queue (msec) = 0.8164280327868852
Average service time (msec) = 2.0707766721311476
Number of SET = 263
Number of GET = 0
Number of MULTI GET = 0


Worker 20
Average throughput (ops/sec) = 266
Average response time (msec) = 3.186008098360656
Average queue length = 8
Average wait time in queue (msec) = 0.8025851803278689
Average service time (msec) = 2.0514095409836064
Number of SET = 266
Number of GET = 0
Number of MULTI GET = 0


Worker 3
Average throughput (ops/sec) = 265
Average response time (msec) = 3.1896294098360656
Average queue length = 6
Average wait time in queue (msec) = 0.7894214262295083
Average service time (msec) = 2.0578997540983606
Number of SET = 265
Number of GET = 0
Number of MULTI GET = 0


Worker 21
Average throughput (ops/sec) = 263
Average response time (msec) = 3.2260502786885246
Average queue length = 6
Average wait time in queue (msec) = 0.8134594918032787
Average service time (msec) = 2.08375
Number of SET = 263
Number of GET = 0
Number of MULTI GET = 0


Worker 2
Average throughput (ops/sec) = 261
Average response time (msec) = 3.185060786885246
Average queue length = 7
Average wait time in queue (msec) = 0.778283475409836
Average service time (msec) = 2.061942213114754
Number of SET = 261
Number of GET = 0
Number of MULTI GET = 0


Worker 22
Average throughput (ops/sec) = 264
Average response time (msec) = 3.185624
Average queue length = 6
Average wait time in queue (msec) = 0.7797181475409837
Average service time (msec) = 2.061764524590164
Number of SET = 264
Number of GET = 0
Number of MULTI GET = 0


Worker 5
Average throughput (ops/sec) = 267
Average response time (msec) = 3.223686180327869
Average queue length = 6
Average wait time in queue (msec) = 0.810310131147541
Average service time (msec) = 2.059073475409836
Number of SET = 267
Number of GET = 0
Number of MULTI GET = 0


Worker 23
Average throughput (ops/sec) = 263
Average response time (msec) = 3.2185085573770493
Average queue length = 6
Average wait time in queue (msec) = 0.798024393442623
Average service time (msec) = 2.074972049180328
Number of SET = 263
Number of GET = 0
Number of MULTI GET = 0


Worker 4
Average throughput (ops/sec) = 265
Average response time (msec) = 3.179777770491803
Average queue length = 5
Average wait time in queue (msec) = 0.7854331475409836
Average service time (msec) = 2.0536049344262293
Number of SET = 265
Number of GET = 0
Number of MULTI GET = 0


Worker 28
Average throughput (ops/sec) = 267
Average response time (msec) = 3.188753442622951
Average queue length = 9
Average wait time in queue (msec) = 0.7934104262295082
Average service time (msec) = 2.052214737704918
Number of SET = 267
Number of GET = 0
Number of MULTI GET = 0


Worker 29
Average throughput (ops/sec) = 263
Average response time (msec) = 3.21310337704918
Average queue length = 6
Average wait time in queue (msec) = 0.7917870327868852
Average service time (msec) = 2.0706298032786887
Number of SET = 263
Number of GET = 0
Number of MULTI GET = 0


Worker 1
Average throughput (ops/sec) = 263
Average response time (msec) = 3.1790903606557377
Average queue length = 4
Average wait time in queue (msec) = 0.790980131147541
Average service time (msec) = 2.0457221475409835
Number of SET = 263
Number of GET = 0
Number of MULTI GET = 0


Worker 30
Average throughput (ops/sec) = 266
Average response time (msec) = 3.1986972786885244
Average queue length = 6
Average wait time in queue (msec) = 0.7731834098360656
Average service time (msec) = 2.0760464590163936
Number of SET = 266
Number of GET = 0
Number of MULTI GET = 0


Worker 13
Average throughput (ops/sec) = 263
Average response time (msec) = 3.2133437540983603
Average queue length = 6
Average wait time in queue (msec) = 0.8121596393442623
Average service time (msec) = 2.0401919344262294
Number of SET = 263
Number of GET = 0
Number of MULTI GET = 0


Worker 14
Average throughput (ops/sec) = 266
Average response time (msec) = 3.2222840327868854
Average queue length = 10
Average wait time in queue (msec) = 0.803926049180328
Average service time (msec) = 2.0731608852459016
Number of SET = 266
Number of GET = 0
Number of MULTI GET = 0


Worker 15
Average throughput (ops/sec) = 266
Average response time (msec) = 3.203656081967213
Average queue length = 5
Average wait time in queue (msec) = 0.8141525409836066
Average service time (msec) = 2.0496188524590164
Number of SET = 266
Number of GET = 0
Number of MULTI GET = 0


Worker 16
Average throughput (ops/sec) = 263
Average response time (msec) = 3.187949475409836
Average queue length = 8
Average wait time in queue (msec) = 0.7833504262295082
Average service time (msec) = 2.0629741803278687
Number of SET = 263
Number of GET = 0
Number of MULTI GET = 0


Worker 31
Average throughput (ops/sec) = 264
Average response time (msec) = 3.2034481967213115
Average queue length = 5
Average wait time in queue (msec) = 0.7928114754098361
Average service time (msec) = 2.056917803278689
Number of SET = 264
Number of GET = 0
Number of MULTI GET = 0


Worker 32
Average throughput (ops/sec) = 266
Average response time (msec) = 3.1651003278688523
Average queue length = 7
Average wait time in queue (msec) = 0.7779619508196721
Average service time (msec) = 2.0385777213114755
Number of SET = 266
Number of GET = 0
Number of MULTI GET = 0


Worker 10
Average throughput (ops/sec) = 267
Average response time (msec) = 3.213700868852459
Average queue length = 7
Average wait time in queue (msec) = 0.8170153606557377
Average service time (msec) = 2.0503857868852458
Number of SET = 267
Number of GET = 0
Number of MULTI GET = 0


Worker 11
Average throughput (ops/sec) = 264
Average response time (msec) = 3.1920141147540986
Average queue length = 6
Average wait time in queue (msec) = 0.792492524590164
Average service time (msec) = 2.0585089672131147
Number of SET = 264
Number of GET = 0
Number of MULTI GET = 0


Worker 12
Average throughput (ops/sec) = 267
Average response time (msec) = 3.2218841475409836
Average queue length = 10
Average wait time in queue (msec) = 0.8222669344262296
Average service time (msec) = 2.066419295081967
Number of SET = 267
Number of GET = 0
Number of MULTI GET = 0


Worker 17
Average throughput (ops/sec) = 264
Average response time (msec) = 3.1874655573770494
Average queue length = 6
Average wait time in queue (msec) = 0.806224737704918
Average service time (msec) = 2.0346329016393443
Number of SET = 264
Number of GET = 0
Number of MULTI GET = 0


Worker 18
Average throughput (ops/sec) = 264
Average response time (msec) = 3.1983601639344266
Average queue length = 7
Average wait time in queue (msec) = 0.7949590163934427
Average service time (msec) = 2.0561855409836065
Number of SET = 264
Number of GET = 0
Number of MULTI GET = 0


Worker 19
Average throughput (ops/sec) = 268
Average response time (msec) = 3.1591818360655735
Average queue length = 6
Average wait time in queue (msec) = 0.7848376885245901
Average service time (msec) = 2.0341053114754097
Number of SET = 268
Number of GET = 0
Number of MULTI GET = 0


FINAL STATS
Average throughput (ops/sec) = 8471
Average response time (msec) = 3.128619743069642
Average queue length = 6
Average wait time in queue (msec) = 0.7968478196721313
Average service time (msec) = 2.057192263831967
Number of SET = 8471
Number of GET = 0
Number of MULTI GET = 0
Number of Cache misses = 0
Arrival rate (lambda) = [0, 0, 2881, 6224, 6994, 8012, 8625, 8486, 9156, 8850, 8798, 8545, 9142, 9175, 8597, 9001, 9226, 9200, 9142, 8675, 7925, 8555, 8933, 9099, 9059, 9028, 8353, 8609, 8780, 9124, 8484, 8931, 8665, 9534, 9375, 9064, 9060, 7968, 8608, 9011, 9245, 8829, 8838, 8533, 7963, 8602, 6626, 9333, 8799, 9095, 8144, 8970, 9322, 8810, 8618, 8756, 8358, 8424, 8836, 9159, 8536, 8637, 2373, 0, 0, 0]


Histogram response times (0.1 msec step)
0.0 msec : 158
0.1 msec : 1132
0.2 msec : 3616
0.3 msec : 7868
0.4 msec : 13053
0.5 msec : 18884
0.6 msec : 23688
0.7 msec : 27261
0.8 msec : 29421
0.9 msec : 29372
1.0 msec : 28459
1.1 msec : 26275
1.2 msec : 24075
1.3 msec : 21728
1.4 msec : 18858
1.5 msec : 16729
1.6 msec : 14681
1.7 msec : 12321
1.8 msec : 10698
1.9 msec : 9259
2.0 msec : 8163
2.1 msec : 7033
2.2 msec : 6098
2.3 msec : 5227
2.4 msec : 4589
2.5 msec : 4035
2.6 msec : 3457
2.7 msec : 3062
2.8 msec : 2692
2.9 msec : 2344
3.0 msec : 2013
3.1 msec : 1944
3.2 msec : 1720
3.3 msec : 1453
3.4 msec : 1365
3.5 msec : 1298
3.6 msec : 1229
3.7 msec : 1150
3.8 msec : 985
3.9 msec : 989
4.0 msec : 904
4.1 msec : 836
4.2 msec : 825
4.3 msec : 762
4.4 msec : 728
4.5 msec : 746
4.6 msec : 745
4.7 msec : 700
4.8 msec : 713
4.9 msec : 805
5.0 msec : 742
5.1 msec : 738
5.2 msec : 692
5.3 msec : 810
5.4 msec : 1046
5.5 msec : 1380
5.6 msec : 2075
5.7 msec : 2803
5.8 msec : 3531
5.9 msec : 4483
6.0 msec : 4869
6.1 msec : 5229
6.2 msec : 5433
6.3 msec : 5489
6.4 msec : 5509
6.5 msec : 5198
6.6 msec : 4954
6.7 msec : 4810
6.8 msec : 4349
6.9 msec : 3979
7.0 msec : 3556
7.1 msec : 3258
7.2 msec : 2865
7.3 msec : 2490
7.4 msec : 2221
7.5 msec : 1973
7.6 msec : 1812
7.7 msec : 1636
7.8 msec : 1585
7.9 msec : 1356
8.0 msec : 1293
8.1 msec : 1016
8.2 msec : 962
8.3 msec : 873
8.4 msec : 852
8.5 msec : 793
8.6 msec : 766
8.7 msec : 676
8.8 msec : 620
8.9 msec : 564
9.0 msec : 565
9.1 msec : 509
9.2 msec : 472
9.3 msec : 449
9.4 msec : 380
9.5 msec : 401
9.6 msec : 370
9.7 msec : 345
9.8 msec : 298
9.9 msec : 273
10.0 msec : 246
10.1 msec : 240
10.2 msec : 216
10.3 msec : 202
10.4 msec : 174
10.5 msec : 194
10.6 msec : 224
10.7 msec : 189
10.8 msec : 178
10.9 msec : 179
11.0 msec : 151
11.1 msec : 194
11.2 msec : 147
11.3 msec : 106
11.4 msec : 129
11.5 msec : 111
11.6 msec : 110
11.7 msec : 119
11.8 msec : 123
11.9 msec : 115
12.0 msec : 141
12.1 msec : 102
12.2 msec : 88
12.3 msec : 91
12.4 msec : 107
12.5 msec : 106
12.6 msec : 99
12.7 msec : 78
12.8 msec : 97
12.9 msec : 99
13.0 msec : 64
13.1 msec : 73
13.2 msec : 72
13.3 msec : 46
13.4 msec : 65
13.5 msec : 63
13.6 msec : 68
13.7 msec : 57
13.8 msec : 57
13.9 msec : 65
14.0 msec : 56
14.1 msec : 64
14.2 msec : 64
14.3 msec : 39
14.4 msec : 43
14.5 msec : 50
14.6 msec : 43
14.7 msec : 27
14.8 msec : 53
14.9 msec : 44
15.0 msec : 31
15.1 msec : 26
15.2 msec : 28
15.3 msec : 30
15.4 msec : 42
15.5 msec : 33
15.6 msec : 32
15.7 msec : 47
15.8 msec : 37
15.9 msec : 28
16.0 msec : 38
16.1 msec : 26
16.2 msec : 38
16.3 msec : 29
16.4 msec : 34
16.5 msec : 40
16.6 msec : 32
16.7 msec : 41
16.8 msec : 30
16.9 msec : 27
17.0 msec : 37
17.1 msec : 29
17.2 msec : 41
17.3 msec : 22
17.4 msec : 34
17.5 msec : 28
17.6 msec : 30
17.7 msec : 16
17.8 msec : 17
17.9 msec : 21
18.0 msec : 22
18.1 msec : 30
18.2 msec : 43
18.3 msec : 22
18.4 msec : 18
18.5 msec : 18
18.6 msec : 19
18.7 msec : 24
18.8 msec : 25
18.9 msec : 24
19.0 msec : 11
19.1 msec : 25
19.2 msec : 12
19.3 msec : 22
19.4 msec : 10
19.5 msec : 13
19.6 msec : 15
19.7 msec : 15
19.8 msec : 18
19.9 msec : 19
20.0 msec : 12
20.1 msec : 20
20.2 msec : 16
20.3 msec : 14
20.4 msec : 14
20.5 msec : 14
20.6 msec : 18
20.7 msec : 9
20.8 msec : 20
20.9 msec : 25
21.0 msec : 16
21.1 msec : 9
21.2 msec : 18
21.3 msec : 21
21.4 msec : 23
21.5 msec : 19
21.6 msec : 13
21.7 msec : 9
21.8 msec : 10
21.9 msec : 17
22.0 msec : 12
22.1 msec : 13
22.2 msec : 13
22.3 msec : 13
22.4 msec : 16
22.5 msec : 10
22.6 msec : 13
22.7 msec : 8
22.8 msec : 15
22.9 msec : 12
23.0 msec : 7
23.1 msec : 14
23.2 msec : 8
23.3 msec : 10
23.4 msec : 6
23.5 msec : 4
23.6 msec : 13
23.7 msec : 3
23.8 msec : 8
23.9 msec : 6
24.0 msec : 11
24.1 msec : 7
24.2 msec : 13
24.3 msec : 10
24.4 msec : 13
24.5 msec : 6
24.6 msec : 7
24.7 msec : 8
24.8 msec : 8
24.9 msec : 7
25.0 msec : 12
25.1 msec : 10
25.2 msec : 7
25.3 msec : 7
25.4 msec : 13
25.5 msec : 9
25.6 msec : 8
25.7 msec : 14
25.8 msec : 7
25.9 msec : 5
26.0 msec : 8
26.1 msec : 6
26.2 msec : 14
26.3 msec : 16
26.4 msec : 11
26.5 msec : 12
26.6 msec : 10
26.7 msec : 11
26.8 msec : 9
26.9 msec : 7
27.0 msec : 2
27.1 msec : 5
27.2 msec : 5
27.3 msec : 5
27.4 msec : 9
27.5 msec : 8
27.6 msec : 6
27.7 msec : 7
27.8 msec : 11
27.9 msec : 4
28.0 msec : 3
28.1 msec : 2
28.2 msec : 3
28.3 msec : 6
28.4 msec : 7
28.5 msec : 4
28.6 msec : 4
28.7 msec : 4
28.8 msec : 4
28.9 msec : 10
29.0 msec : 0
29.1 msec : 3
29.2 msec : 4
29.3 msec : 6
29.4 msec : 3
29.5 msec : 3
29.6 msec : 0
29.7 msec : 5
29.8 msec : 4
29.9 msec : 2
30.0 msec : 5
30.1 msec : 2
30.2 msec : 6
30.3 msec : 6
30.4 msec : 4
30.5 msec : 3
30.6 msec : 3
30.7 msec : 2
30.8 msec : 5
30.9 msec : 5
31.0 msec : 4
31.1 msec : 2
31.2 msec : 6
31.3 msec : 2
31.4 msec : 2
31.5 msec : 2
31.6 msec : 3
31.7 msec : 2
31.8 msec : 4
31.9 msec : 2
32.0 msec : 5
32.1 msec : 6
32.2 msec : 7
32.3 msec : 4
32.4 msec : 7
32.5 msec : 4
32.6 msec : 2
32.7 msec : 5
32.8 msec : 2
32.9 msec : 8
33.0 msec : 6
33.1 msec : 15
33.2 msec : 10
33.3 msec : 11
33.4 msec : 7
33.5 msec : 4
33.6 msec : 3
33.7 msec : 4
33.8 msec : 4
33.9 msec : 4
34.0 msec : 5
34.1 msec : 2
34.2 msec : 0
34.3 msec : 1
34.4 msec : 2
34.5 msec : 4
34.6 msec : 4
34.7 msec : 7
34.8 msec : 4
34.9 msec : 0
35.0 msec : 3
35.1 msec : 2
35.2 msec : 7
35.3 msec : 0
35.4 msec : 5
35.5 msec : 6
35.6 msec : 2
35.7 msec : 1
35.8 msec : 2
35.9 msec : 3
36.0 msec : 1
36.1 msec : 2
36.2 msec : 0
36.3 msec : 3
36.4 msec : 0
36.5 msec : 1
36.6 msec : 0
36.7 msec : 2
36.8 msec : 0
36.9 msec : 0
37.0 msec : 1
37.1 msec : 1
37.2 msec : 2
37.3 msec : 0
37.4 msec : 3
37.5 msec : 1
37.6 msec : 1
37.7 msec : 1
37.8 msec : 1
37.9 msec : 0
38.0 msec : 1
38.1 msec : 0
38.2 msec : 0
38.3 msec : 0
38.4 msec : 0
38.5 msec : 1
38.6 msec : 1
38.7 msec : 1
38.8 msec : 0
38.9 msec : 0
39.0 msec : 1
39.1 msec : 1
39.2 msec : 2
39.3 msec : 0
39.4 msec : 0
39.5 msec : 3
39.6 msec : 0
39.7 msec : 0
39.8 msec : 1
39.9 msec : 0
40.0 msec : 0
40.1 msec : 0
40.2 msec : 0
40.3 msec : 1
40.4 msec : 1
40.5 msec : 1
40.6 msec : 0
40.7 msec : 0
40.8 msec : 1
40.9 msec : 0
41.0 msec : 1
41.1 msec : 1
41.2 msec : 0
41.3 msec : 0
41.4 msec : 1
41.5 msec : 0
41.6 msec : 1
41.7 msec : 0
41.8 msec : 0
41.9 msec : 1
42.0 msec : 0
42.1 msec : 0
42.2 msec : 1
42.3 msec : 0
42.4 msec : 2
42.5 msec : 0
42.6 msec : 0
42.7 msec : 1
42.8 msec : 0
42.9 msec : 0
43.0 msec : 0
43.1 msec : 0
43.2 msec : 0
43.3 msec : 0
43.4 msec : 0
43.5 msec : 1
43.6 msec : 0
43.7 msec : 0
43.8 msec : 0
43.9 msec : 0
44.0 msec : 0
44.1 msec : 0
44.2 msec : 0
44.3 msec : 0
44.4 msec : 0
44.5 msec : 0
44.6 msec : 0
44.7 msec : 1
44.8 msec : 0
44.9 msec : 0
45.0 msec : 0
45.1 msec : 0
45.2 msec : 1
45.3 msec : 0
45.4 msec : 1
45.5 msec : 0
45.6 msec : 0
45.7 msec : 0
45.8 msec : 0
45.9 msec : 0
46.0 msec : 1
46.1 msec : 1
46.2 msec : 0
46.3 msec : 1
46.4 msec : 1
46.5 msec : 2
46.6 msec : 0
46.7 msec : 0
46.8 msec : 0
46.9 msec : 0
47.0 msec : 0
47.1 msec : 0
47.2 msec : 0
47.3 msec : 0
47.4 msec : 0
47.5 msec : 0
47.6 msec : 0
47.7 msec : 0
47.8 msec : 0
47.9 msec : 0
48.0 msec : 0
48.1 msec : 1
48.2 msec : 0
48.3 msec : 0
48.4 msec : 0
48.5 msec : 0
48.6 msec : 0
48.7 msec : 0
48.8 msec : 0
48.9 msec : 0
49.0 msec : 0
49.1 msec : 0
49.2 msec : 0
49.3 msec : 0
49.4 msec : 0
49.5 msec : 0
49.6 msec : 0
49.7 msec : 0
49.8 msec : 0
49.9 msec : 0
50.0 msec : 0
50.1 msec : 0
50.2 msec : 0
50.3 msec : 0
50.4 msec : 0
50.5 msec : 0
50.6 msec : 0
50.7 msec : 1
50.8 msec : 0
50.9 msec : 0
51.0 msec : 0
51.1 msec : 0
51.2 msec : 0
51.3 msec : 0
51.4 msec : 3
51.5 msec : 0
51.6 msec : 1
51.7 msec : 0
51.8 msec : 0
51.9 msec : 0
52.0 msec : 0
52.1 msec : 0
52.2 msec : 0
52.3 msec : 0
52.4 msec : 0
52.5 msec : 0
52.6 msec : 0
52.7 msec : 0
52.8 msec : 2
52.9 msec : 0
53.0 msec : 0
53.1 msec : 2
53.2 msec : 0
53.3 msec : 0
53.4 msec : 2
53.5 msec : 0
53.6 msec : 0
53.7 msec : 0
53.8 msec : 1
53.9 msec : 1
54.0 msec : 0
54.1 msec : 0
54.2 msec : 1
54.3 msec : 0
54.4 msec : 0
54.5 msec : 0
54.6 msec : 0
54.7 msec : 0
54.8 msec : 0
54.9 msec : 0
55.0 msec : 0
55.1 msec : 1
55.2 msec : 0
55.3 msec : 0
55.4 msec : 0
55.5 msec : 1
55.6 msec : 0
55.7 msec : 0
55.8 msec : 0
55.9 msec : 0
56.0 msec : 0
56.1 msec : 0
56.2 msec : 0
56.3 msec : 0
56.4 msec : 0
56.5 msec : 0
56.6 msec : 0
56.7 msec : 0
56.8 msec : 0
56.9 msec : 0
57.0 msec : 0
57.1 msec : 0
57.2 msec : 0
57.3 msec : 0
57.4 msec : 0
57.5 msec : 0
57.6 msec : 1
57.7 msec : 3
57.8 msec : 2
57.9 msec : 0
58.0 msec : 4
58.1 msec : 3
58.2 msec : 3
58.3 msec : 0
58.4 msec : 1
58.5 msec : 1
58.6 msec : 2
58.7 msec : 0
58.8 msec : 0
58.9 msec : 0
59.0 msec : 1
59.1 msec : 0
59.2 msec : 1
59.3 msec : 0
59.4 msec : 1
59.5 msec : 0
59.6 msec : 0
59.7 msec : 0
59.8 msec : 0
59.9 msec : 0
60.0 msec : 0
60.1 msec : 0
60.2 msec : 0
60.3 msec : 1
60.4 msec : 1
60.5 msec : 0
60.6 msec : 0
60.7 msec : 0
60.8 msec : 0
60.9 msec : 0
61.0 msec : 0
61.1 msec : 0
61.2 msec : 0
61.3 msec : 0
61.4 msec : 0
61.5 msec : 0
61.6 msec : 0
61.7 msec : 0
61.8 msec : 0
61.9 msec : 0
62.0 msec : 0
62.1 msec : 0
62.2 msec : 0
62.3 msec : 0
62.4 msec : 0
62.5 msec : 0
62.6 msec : 0
62.7 msec : 0
62.8 msec : 0
62.9 msec : 0
63.0 msec : 0
63.1 msec : 0
63.2 msec : 0
63.3 msec : 0
63.4 msec : 0
63.5 msec : 0
63.6 msec : 0
63.7 msec : 0
63.8 msec : 0
63.9 msec : 0
64.0 msec : 0
64.1 msec : 0
64.2 msec : 0
64.3 msec : 0
64.4 msec : 1
64.5 msec : 0
64.6 msec : 0
64.7 msec : 0
64.8 msec : 0
64.9 msec : 0
65.0 msec : 0
65.1 msec : 1
65.2 msec : 0
65.3 msec : 0
65.4 msec : 0
65.5 msec : 0
65.6 msec : 0
65.7 msec : 0
65.8 msec : 0
65.9 msec : 0
66.0 msec : 0
66.1 msec : 0
66.2 msec : 0
66.3 msec : 0
66.4 msec : 0
66.5 msec : 0
66.6 msec : 0
66.7 msec : 0
66.8 msec : 0
66.9 msec : 0
67.0 msec : 0
67.1 msec : 0
67.2 msec : 0
67.3 msec : 0
67.4 msec : 0
67.5 msec : 0
67.6 msec : 0
67.7 msec : 0
67.8 msec : 0
67.9 msec : 0
68.0 msec : 0
68.1 msec : 0
68.2 msec : 0
68.3 msec : 0
68.4 msec : 0
68.5 msec : 0
68.6 msec : 0
68.7 msec : 0
68.8 msec : 0
68.9 msec : 0
69.0 msec : 0
69.1 msec : 0
69.2 msec : 0
69.3 msec : 0
69.4 msec : 0
69.5 msec : 0
69.6 msec : 0
69.7 msec : 0
69.8 msec : 0
69.9 msec : 0
70.0 msec : 0
70.1 msec : 0
70.2 msec : 0
70.3 msec : 0
70.4 msec : 1
70.5 msec : 0
70.6 msec : 0
70.7 msec : 0
70.8 msec : 0
70.9 msec : 0
71.0 msec : 1
71.1 msec : 0
71.2 msec : 0
71.3 msec : 0
71.4 msec : 0
71.5 msec : 0
71.6 msec : 0
71.7 msec : 0
71.8 msec : 0
71.9 msec : 0
72.0 msec : 0
72.1 msec : 0
72.2 msec : 0
72.3 msec : 0
72.4 msec : 0
72.5 msec : 0
72.6 msec : 0
72.7 msec : 0
72.8 msec : 0
72.9 msec : 0
73.0 msec : 0
73.1 msec : 0
73.2 msec : 0
73.3 msec : 0
73.4 msec : 0
73.5 msec : 0
73.6 msec : 0
73.7 msec : 0
73.8 msec : 0
73.9 msec : 0
74.0 msec : 0
74.1 msec : 0
74.2 msec : 0
74.3 msec : 0
74.4 msec : 0
74.5 msec : 0
74.6 msec : 0
74.7 msec : 0
74.8 msec : 0
74.9 msec : 0
75.0 msec : 0
75.1 msec : 0
75.2 msec : 0
75.3 msec : 0
75.4 msec : 0
75.5 msec : 0
75.6 msec : 0
75.7 msec : 0
75.8 msec : 0
75.9 msec : 0
76.0 msec : 0
76.1 msec : 0
76.2 msec : 0
76.3 msec : 0
76.4 msec : 0
76.5 msec : 0
76.6 msec : 0
76.7 msec : 0
76.8 msec : 0
76.9 msec : 0
77.0 msec : 0
77.1 msec : 0
77.2 msec : 0
77.3 msec : 0
77.4 msec : 0
77.5 msec : 0
77.6 msec : 0
77.7 msec : 0
77.8 msec : 0
77.9 msec : 0
78.0 msec : 0
78.1 msec : 0
78.2 msec : 0
78.3 msec : 0
78.4 msec : 0
78.5 msec : 0
78.6 msec : 0
78.7 msec : 0
78.8 msec : 0
78.9 msec : 0
79.0 msec : 0
79.1 msec : 0
79.2 msec : 0
79.3 msec : 0
79.4 msec : 0
79.5 msec : 0
79.6 msec : 0
79.7 msec : 0
79.8 msec : 0
79.9 msec : 0
80.0 msec : 0
80.1 msec : 0
80.2 msec : 0
80.3 msec : 0
80.4 msec : 0
80.5 msec : 0
80.6 msec : 0
80.7 msec : 0
80.8 msec : 0
80.9 msec : 0
81.0 msec : 0
81.1 msec : 0
81.2 msec : 0
81.3 msec : 0
81.4 msec : 0
81.5 msec : 0
81.6 msec : 11
81.7 msec : 7
81.8 msec : 4
81.9 msec : 3
82.0 msec : 3
82.1 msec : 3
82.2 msec : 1
82.3 msec : 1
82.4 msec : 2
82.5 msec : 0
82.6 msec : 0
82.7 msec : 0
82.8 msec : 0
82.9 msec : 0
83.0 msec : 0
83.1 msec : 0
83.2 msec : 0
83.3 msec : 0
83.4 msec : 1
83.5 msec : 2
83.6 msec : 1
83.7 msec : 2
83.8 msec : 2
