Middleware started...
Middleware shuts down...
Smaller resolution statistics are in a log file...
Final aggregates per worker:


Worker 13
Average throughput (ops/sec) = 34
Average response time (msec) = 1.0531190819672132
Average queue length = 0
Average wait time in queue (msec) = 0.02077593442622951
Average service time (msec) = 0.9556973606557377
Number of SET = 34
Number of GET = 0
Number of MULTI GET = 0


Worker 7
Average throughput (ops/sec) = 34
Average response time (msec) = 1.0599521311475408
Average queue length = 0
Average wait time in queue (msec) = 0.022120524590163934
Average service time (msec) = 0.9623910491803279
Number of SET = 34
Number of GET = 0
Number of MULTI GET = 0


Worker 14
Average throughput (ops/sec) = 34
Average response time (msec) = 1.09003868852459
Average queue length = 0
Average wait time in queue (msec) = 0.020478442622950822
Average service time (msec) = 0.9797881967213115
Number of SET = 34
Number of GET = 0
Number of MULTI GET = 0


Worker 6
Average throughput (ops/sec) = 34
Average response time (msec) = 1.1007742950819672
Average queue length = 0
Average wait time in queue (msec) = 0.021723426229508198
Average service time (msec) = 0.9904290655737704
Number of SET = 34
Number of GET = 0
Number of MULTI GET = 0


Worker 15
Average throughput (ops/sec) = 34
Average response time (msec) = 1.085181573770492
Average queue length = 0
Average wait time in queue (msec) = 0.02376586885245902
Average service time (msec) = 0.9749331803278689
Number of SET = 34
Number of GET = 0
Number of MULTI GET = 0


Worker 9
Average throughput (ops/sec) = 34
Average response time (msec) = 1.0547906885245901
Average queue length = 0
Average wait time in queue (msec) = 0.020710098360655738
Average service time (msec) = 0.9594435573770492
Number of SET = 34
Number of GET = 0
Number of MULTI GET = 0


Worker 16
Average throughput (ops/sec) = 34
Average response time (msec) = 1.0352732459016394
Average queue length = 0
Average wait time in queue (msec) = 0.022728475409836066
Average service time (msec) = 0.9399956557377049
Number of SET = 34
Number of GET = 0
Number of MULTI GET = 0


Worker 8
Average throughput (ops/sec) = 34
Average response time (msec) = 1.0952143278688524
Average queue length = 0
Average wait time in queue (msec) = 0.024740426229508197
Average service time (msec) = 0.9739167049180327
Number of SET = 34
Number of GET = 0
Number of MULTI GET = 0


Worker 3
Average throughput (ops/sec) = 34
Average response time (msec) = 1.0916732950819672
Average queue length = 0
Average wait time in queue (msec) = 0.02396744262295082
Average service time (msec) = 0.9949478524590164
Number of SET = 34
Number of GET = 0
Number of MULTI GET = 0


Worker 10
Average throughput (ops/sec) = 34
Average response time (msec) = 1.0670559016393442
Average queue length = 0
Average wait time in queue (msec) = 0.020238622950819674
Average service time (msec) = 0.9718755245901639
Number of SET = 34
Number of GET = 0
Number of MULTI GET = 0


Worker 2
Average throughput (ops/sec) = 34
Average response time (msec) = 1.0821963934426229
Average queue length = 0
Average wait time in queue (msec) = 0.03028967213114754
Average service time (msec) = 0.979110344262295
Number of SET = 34
Number of GET = 0
Number of MULTI GET = 0


Worker 11
Average throughput (ops/sec) = 34
Average response time (msec) = 1.1398055081967213
Average queue length = 0
Average wait time in queue (msec) = 0.022097147540983606
Average service time (msec) = 0.9961221803278689
Number of SET = 34
Number of GET = 0
Number of MULTI GET = 0


Worker 5
Average throughput (ops/sec) = 34
Average response time (msec) = 1.071788950819672
Average queue length = 0
Average wait time in queue (msec) = 0.02450416393442623
Average service time (msec) = 0.9749668524590164
Number of SET = 34
Number of GET = 0
Number of MULTI GET = 0


Worker 12
Average throughput (ops/sec) = 34
Average response time (msec) = 1.0924766229508198
Average queue length = 0
Average wait time in queue (msec) = 0.031322819672131144
Average service time (msec) = 0.9849830327868853
Number of SET = 34
Number of GET = 0
Number of MULTI GET = 0


Worker 4
Average throughput (ops/sec) = 34
Average response time (msec) = 1.0697612295081966
Average queue length = 0
Average wait time in queue (msec) = 0.020532590163934425
Average service time (msec) = 0.9742158360655737
Number of SET = 34
Number of GET = 0
Number of MULTI GET = 0


Worker 1
Average throughput (ops/sec) = 34
Average response time (msec) = 1.0646741967213114
Average queue length = 0
Average wait time in queue (msec) = 0.021721245901639343
Average service time (msec) = 0.967828344262295
Number of SET = 34
Number of GET = 0
Number of MULTI GET = 0


FINAL STATS
Average throughput (ops/sec) = 544
Average response time (msec) = 1.0600825456818046
Average queue length = 0
Average wait time in queue (msec) = 0.023232306352459018
Average service time (msec) = 0.9737902961065573
Number of SET = 544
Number of GET = 0
Number of MULTI GET = 0
Number of Cache misses = 0


Histogram response times (0.1 msec step)
0.0 msec : 2607
0.1 msec : 10960
0.2 msec : 6272
0.3 msec : 3281
0.4 msec : 2163
0.5 msec : 1551
0.6 msec : 1121
0.7 msec : 893
0.8 msec : 728
0.9 msec : 541
1.0 msec : 461
1.1 msec : 454
1.2 msec : 251
1.3 msec : 248
1.4 msec : 221
1.5 msec : 178
1.6 msec : 163
1.7 msec : 141
1.8 msec : 159
1.9 msec : 101
2.0 msec : 68
2.1 msec : 81
2.2 msec : 81
2.3 msec : 54
2.4 msec : 79
2.5 msec : 68
2.6 msec : 54
2.7 msec : 45
2.8 msec : 55
2.9 msec : 37
3.0 msec : 26
3.1 msec : 40
3.2 msec : 35
3.3 msec : 22
3.4 msec : 26
3.5 msec : 24
3.6 msec : 31
3.7 msec : 23
3.8 msec : 20
3.9 msec : 18
4.0 msec : 19
4.1 msec : 20
4.2 msec : 10
4.3 msec : 11
4.4 msec : 7
4.5 msec : 7
4.6 msec : 8
4.7 msec : 9
4.8 msec : 6
4.9 msec : 4
5.0 msec : 7
5.1 msec : 3
5.2 msec : 7
5.3 msec : 5
5.4 msec : 6
5.5 msec : 6
5.6 msec : 4
5.7 msec : 5
5.8 msec : 4
5.9 msec : 4
6.0 msec : 1
6.1 msec : 3
6.2 msec : 2
6.3 msec : 2
6.4 msec : 3
6.5 msec : 2
6.6 msec : 9
6.7 msec : 2
6.8 msec : 3
6.9 msec : 2
7.0 msec : 4
7.1 msec : 2
7.2 msec : 2
7.3 msec : 1
7.4 msec : 1
7.5 msec : 2
7.6 msec : 1
7.7 msec : 1
7.8 msec : 1
7.9 msec : 2
8.0 msec : 0
8.1 msec : 1
8.2 msec : 1
8.3 msec : 1
8.4 msec : 0
8.5 msec : 2
8.6 msec : 3
8.7 msec : 0
8.8 msec : 2
8.9 msec : 0
9.0 msec : 2
9.1 msec : 0
9.2 msec : 0
9.3 msec : 1
9.4 msec : 0
9.5 msec : 1
9.6 msec : 1
9.7 msec : 1
9.8 msec : 0
9.9 msec : 0
10.0 msec : 1
10.1 msec : 0
10.2 msec : 0
10.3 msec : 0
10.4 msec : 0
10.5 msec : 0
10.6 msec : 0
10.7 msec : 0
10.8 msec : 0
10.9 msec : 0
11.0 msec : 1
11.1 msec : 0
11.2 msec : 0
11.3 msec : 0
11.4 msec : 0
11.5 msec : 0
11.6 msec : 0
11.7 msec : 1
11.8 msec : 0
11.9 msec : 0
12.0 msec : 0
12.1 msec : 0
12.2 msec : 0
12.3 msec : 0
12.4 msec : 0
12.5 msec : 0
12.6 msec : 0
12.7 msec : 0
12.8 msec : 0
12.9 msec : 0
13.0 msec : 0
13.1 msec : 0
13.2 msec : 0
13.3 msec : 0
13.4 msec : 0
13.5 msec : 0
13.6 msec : 0
13.7 msec : 0
13.8 msec : 0
13.9 msec : 0
14.0 msec : 0
14.1 msec : 0
14.2 msec : 0
14.3 msec : 1
14.4 msec : 0
14.5 msec : 0
14.6 msec : 0
14.7 msec : 0
14.8 msec : 0
14.9 msec : 0
15.0 msec : 0
15.1 msec : 0
15.2 msec : 0
15.3 msec : 0
15.4 msec : 0
15.5 msec : 0
15.6 msec : 0
15.7 msec : 0
15.8 msec : 0
15.9 msec : 0
16.0 msec : 0
16.1 msec : 0
16.2 msec : 0
16.3 msec : 0
16.4 msec : 0
16.5 msec : 0
16.6 msec : 0
16.7 msec : 0
16.8 msec : 0
16.9 msec : 1
17.0 msec : 0
17.1 msec : 0
17.2 msec : 0
17.3 msec : 0
17.4 msec : 0
17.5 msec : 0
17.6 msec : 0
17.7 msec : 0
17.8 msec : 0
17.9 msec : 0
18.0 msec : 0
18.1 msec : 0
18.2 msec : 0
18.3 msec : 1
18.4 msec : 0
18.5 msec : 0
18.6 msec : 0
18.7 msec : 0
18.8 msec : 0
18.9 msec : 0
19.0 msec : 0
19.1 msec : 0
19.2 msec : 0
19.3 msec : 0
19.4 msec : 0
19.5 msec : 0
19.6 msec : 0
19.7 msec : 0
19.8 msec : 0
19.9 msec : 0
20.0 msec : 0
20.1 msec : 0
20.2 msec : 0
20.3 msec : 0
20.4 msec : 0
20.5 msec : 0
20.6 msec : 0
20.7 msec : 0
20.8 msec : 0
20.9 msec : 0
21.0 msec : 0
21.1 msec : 0
21.2 msec : 0
21.3 msec : 0
21.4 msec : 0
21.5 msec : 0
21.6 msec : 0
21.7 msec : 0
21.8 msec : 0
21.9 msec : 0
22.0 msec : 0
22.1 msec : 0
22.2 msec : 0
22.3 msec : 0
22.4 msec : 0
22.5 msec : 0
22.6 msec : 0
22.7 msec : 0
22.8 msec : 0
22.9 msec : 0
23.0 msec : 0
23.1 msec : 0
23.2 msec : 0
23.3 msec : 0
23.4 msec : 0
23.5 msec : 0
23.6 msec : 0
23.7 msec : 0
23.8 msec : 0
23.9 msec : 0
24.0 msec : 0
24.1 msec : 0
24.2 msec : 0
24.3 msec : 0
24.4 msec : 0
24.5 msec : 0
24.6 msec : 0
24.7 msec : 0
24.8 msec : 0
24.9 msec : 0
25.0 msec : 0
25.1 msec : 0
25.2 msec : 0
25.3 msec : 0
25.4 msec : 0
25.5 msec : 0
25.6 msec : 0
25.7 msec : 0
25.8 msec : 0
25.9 msec : 0
26.0 msec : 0
26.1 msec : 0
26.2 msec : 0
26.3 msec : 0
26.4 msec : 0
26.5 msec : 0
26.6 msec : 0
26.7 msec : 0
26.8 msec : 0
26.9 msec : 0
27.0 msec : 0
27.1 msec : 0
27.2 msec : 0
27.3 msec : 0
27.4 msec : 0
27.5 msec : 0
27.6 msec : 0
27.7 msec : 0
27.8 msec : 0
27.9 msec : 0
28.0 msec : 0
28.1 msec : 0
28.2 msec : 0
28.3 msec : 0
28.4 msec : 0
28.5 msec : 0
28.6 msec : 0
28.7 msec : 0
28.8 msec : 0
28.9 msec : 0
29.0 msec : 0
29.1 msec : 0
29.2 msec : 0
29.3 msec : 0
29.4 msec : 0
29.5 msec : 0
29.6 msec : 0
29.7 msec : 0
29.8 msec : 0
29.9 msec : 0
30.0 msec : 0
30.1 msec : 0
30.2 msec : 0
30.3 msec : 0
30.4 msec : 0
30.5 msec : 0
30.6 msec : 0
30.7 msec : 0
30.8 msec : 0
30.9 msec : 0
31.0 msec : 0
31.1 msec : 0
