Middleware started...
Middleware shuts down...
Smaller resolution statistics are in a log file...
Final aggregates per worker:


Worker 13
Average throughput (ops/sec) = 33
Average response time (msec) = 1.0761439508196722
Average queue length = 0
Average wait time in queue (msec) = 0.018906
Average service time (msec) = 0.9859570819672131
Number of SET = 33
Number of GET = 0
Number of MULTI GET = 0


Worker 7
Average throughput (ops/sec) = 33
Average response time (msec) = 1.09028731147541
Average queue length = 0
Average wait time in queue (msec) = 0.03144344262295082
Average service time (msec) = 0.984679131147541
Number of SET = 33
Number of GET = 0
Number of MULTI GET = 0


Worker 14
Average throughput (ops/sec) = 33
Average response time (msec) = 1.074917426229508
Average queue length = 0
Average wait time in queue (msec) = 0.017482344262295082
Average service time (msec) = 0.976344524590164
Number of SET = 33
Number of GET = 0
Number of MULTI GET = 0


Worker 6
Average throughput (ops/sec) = 33
Average response time (msec) = 1.070743868852459
Average queue length = 0
Average wait time in queue (msec) = 0.021109737704918034
Average service time (msec) = 0.9788556721311475
Number of SET = 33
Number of GET = 0
Number of MULTI GET = 0


Worker 15
Average throughput (ops/sec) = 33
Average response time (msec) = 1.0680822950819673
Average queue length = 0
Average wait time in queue (msec) = 0.017197475409836065
Average service time (msec) = 0.9819002295081967
Number of SET = 33
Number of GET = 0
Number of MULTI GET = 0


Worker 9
Average throughput (ops/sec) = 33
Average response time (msec) = 1.097470049180328
Average queue length = 0
Average wait time in queue (msec) = 0.023179049180327867
Average service time (msec) = 0.9956812950819672
Number of SET = 33
Number of GET = 0
Number of MULTI GET = 0


Worker 16
Average throughput (ops/sec) = 33
Average response time (msec) = 1.0527695573770492
Average queue length = 0
Average wait time in queue (msec) = 0.01958526229508197
Average service time (msec) = 0.967123131147541
Number of SET = 33
Number of GET = 0
Number of MULTI GET = 0


Worker 8
Average throughput (ops/sec) = 33
Average response time (msec) = 1.1361844918032786
Average queue length = 0
Average wait time in queue (msec) = 0.017778704918032788
Average service time (msec) = 1.0310706229508197
Number of SET = 33
Number of GET = 0
Number of MULTI GET = 0


Worker 3
Average throughput (ops/sec) = 33
Average response time (msec) = 1.0853780327868854
Average queue length = 0
Average wait time in queue (msec) = 0.02738527868852459
Average service time (msec) = 0.9873058524590164
Number of SET = 33
Number of GET = 0
Number of MULTI GET = 0


Worker 10
Average throughput (ops/sec) = 33
Average response time (msec) = 1.0931978196721313
Average queue length = 0
Average wait time in queue (msec) = 0.017457475409836064
Average service time (msec) = 0.990580081967213
Number of SET = 33
Number of GET = 0
Number of MULTI GET = 0


Worker 2
Average throughput (ops/sec) = 33
Average response time (msec) = 1.0792536721311474
Average queue length = 0
Average wait time in queue (msec) = 0.022245950819672133
Average service time (msec) = 0.9795166885245901
Number of SET = 33
Number of GET = 0
Number of MULTI GET = 0


Worker 11
Average throughput (ops/sec) = 33
Average response time (msec) = 1.0607166721311474
Average queue length = 0
Average wait time in queue (msec) = 0.01897670491803279
Average service time (msec) = 0.9725380491803279
Number of SET = 33
Number of GET = 0
Number of MULTI GET = 0


Worker 5
Average throughput (ops/sec) = 33
Average response time (msec) = 1.0881686557377048
Average queue length = 0
Average wait time in queue (msec) = 0.017863049180327866
Average service time (msec) = 0.9960426557377049
Number of SET = 33
Number of GET = 0
Number of MULTI GET = 0


Worker 12
Average throughput (ops/sec) = 33
Average response time (msec) = 1.0792013934426228
Average queue length = 0
Average wait time in queue (msec) = 0.019373262295081968
Average service time (msec) = 0.9797376229508197
Number of SET = 33
Number of GET = 0
Number of MULTI GET = 0


Worker 4
Average throughput (ops/sec) = 33
Average response time (msec) = 1.084660950819672
Average queue length = 0
Average wait time in queue (msec) = 0.022124180327868854
Average service time (msec) = 0.9902338196721311
Number of SET = 33
Number of GET = 0
Number of MULTI GET = 0


Worker 1
Average throughput (ops/sec) = 33
Average response time (msec) = 1.0718248032786886
Average queue length = 0
Average wait time in queue (msec) = 0.02221119672131148
Average service time (msec) = 0.980665344262295
Number of SET = 33
Number of GET = 0
Number of MULTI GET = 0


FINAL STATS
Average throughput (ops/sec) = 528
Average response time (msec) = 1.0736259956553222
Average queue length = 0
Average wait time in queue (msec) = 0.020894944672131148
Average service time (msec) = 0.986139487704918
Number of SET = 528
Number of GET = 0
Number of MULTI GET = 0
Number of Cache misses = 0


Histogram response times (0.1 msec step)
0.0 msec : 2343
0.1 msec : 10679
0.2 msec : 6419
0.3 msec : 3209
0.4 msec : 2000
0.5 msec : 1600
0.6 msec : 1168
0.7 msec : 784
0.8 msec : 646
0.9 msec : 561
1.0 msec : 475
1.1 msec : 380
1.2 msec : 350
1.3 msec : 268
1.4 msec : 256
1.5 msec : 222
1.6 msec : 245
1.7 msec : 140
1.8 msec : 144
1.9 msec : 107
2.0 msec : 109
2.1 msec : 80
2.2 msec : 88
2.3 msec : 69
2.4 msec : 76
2.5 msec : 49
2.6 msec : 65
2.7 msec : 75
2.8 msec : 57
2.9 msec : 44
3.0 msec : 35
3.1 msec : 29
3.2 msec : 25
3.3 msec : 27
3.4 msec : 19
3.5 msec : 26
3.6 msec : 22
3.7 msec : 13
3.8 msec : 23
3.9 msec : 27
4.0 msec : 9
4.1 msec : 16
4.2 msec : 5
4.3 msec : 6
4.4 msec : 6
4.5 msec : 9
4.6 msec : 10
4.7 msec : 3
4.8 msec : 4
4.9 msec : 7
5.0 msec : 7
5.1 msec : 2
5.2 msec : 7
5.3 msec : 6
5.4 msec : 7
5.5 msec : 4
5.6 msec : 9
5.7 msec : 5
5.8 msec : 6
5.9 msec : 10
6.0 msec : 3
6.1 msec : 4
6.2 msec : 3
6.3 msec : 0
6.4 msec : 4
6.5 msec : 0
6.6 msec : 3
6.7 msec : 5
6.8 msec : 2
6.9 msec : 1
7.0 msec : 1
7.1 msec : 1
7.2 msec : 0
7.3 msec : 0
7.4 msec : 1
7.5 msec : 1
7.6 msec : 2
7.7 msec : 3
7.8 msec : 2
7.9 msec : 0
8.0 msec : 2
8.1 msec : 1
8.2 msec : 0
8.3 msec : 0
8.4 msec : 0
8.5 msec : 1
8.6 msec : 0
8.7 msec : 0
8.8 msec : 1
8.9 msec : 1
9.0 msec : 1
9.1 msec : 0
9.2 msec : 0
9.3 msec : 0
9.4 msec : 0
9.5 msec : 0
9.6 msec : 0
9.7 msec : 0
9.8 msec : 0
9.9 msec : 0
10.0 msec : 0
10.1 msec : 0
10.2 msec : 1
10.3 msec : 0
10.4 msec : 0
10.5 msec : 1
10.6 msec : 0
10.7 msec : 0
10.8 msec : 1
10.9 msec : 0
11.0 msec : 0
11.1 msec : 0
11.2 msec : 0
11.3 msec : 0
11.4 msec : 1
11.5 msec : 0
11.6 msec : 0
11.7 msec : 1
11.8 msec : 0
11.9 msec : 0
12.0 msec : 0
12.1 msec : 0
12.2 msec : 0
12.3 msec : 0
12.4 msec : 0
12.5 msec : 0
12.6 msec : 0
12.7 msec : 0
12.8 msec : 0
12.9 msec : 0
13.0 msec : 0
13.1 msec : 0
13.2 msec : 0
13.3 msec : 0
13.4 msec : 0
13.5 msec : 0
13.6 msec : 0
13.7 msec : 0
13.8 msec : 0
13.9 msec : 0
14.0 msec : 0
14.1 msec : 0
14.2 msec : 0
14.3 msec : 0
14.4 msec : 0
14.5 msec : 0
14.6 msec : 0
14.7 msec : 0
14.8 msec : 0
14.9 msec : 0
15.0 msec : 0
15.1 msec : 0
15.2 msec : 0
15.3 msec : 0
15.4 msec : 0
15.5 msec : 0
15.6 msec : 0
15.7 msec : 0
15.8 msec : 0
15.9 msec : 0
16.0 msec : 0
16.1 msec : 0
16.2 msec : 0
16.3 msec : 0
16.4 msec : 0
16.5 msec : 0
16.6 msec : 0
16.7 msec : 0
16.8 msec : 0
16.9 msec : 0
17.0 msec : 0
17.1 msec : 0
17.2 msec : 0
17.3 msec : 0
17.4 msec : 0
17.5 msec : 0
17.6 msec : 0
17.7 msec : 0
17.8 msec : 0
17.9 msec : 0
18.0 msec : 0
18.1 msec : 0
18.2 msec : 0
18.3 msec : 0
18.4 msec : 0
18.5 msec : 0
18.6 msec : 0
18.7 msec : 0
18.8 msec : 0
18.9 msec : 0
19.0 msec : 0
19.1 msec : 0
19.2 msec : 0
19.3 msec : 0
19.4 msec : 0
19.5 msec : 0
19.6 msec : 0
19.7 msec : 0
19.8 msec : 0
19.9 msec : 0
20.0 msec : 0
20.1 msec : 0
20.2 msec : 0
20.3 msec : 0
20.4 msec : 0
20.5 msec : 0
20.6 msec : 0
20.7 msec : 0
20.8 msec : 0
20.9 msec : 0
21.0 msec : 0
21.1 msec : 0
21.2 msec : 0
21.3 msec : 0
21.4 msec : 1
21.5 msec : 0
21.6 msec : 0
21.7 msec : 0
21.8 msec : 0
21.9 msec : 0
22.0 msec : 0
22.1 msec : 0
22.2 msec : 0
22.3 msec : 0
22.4 msec : 0
22.5 msec : 0
22.6 msec : 0
22.7 msec : 0
22.8 msec : 0
22.9 msec : 0
23.0 msec : 0
23.1 msec : 0
23.2 msec : 0
23.3 msec : 0
23.4 msec : 0
23.5 msec : 1
23.6 msec : 0
23.7 msec : 0
23.8 msec : 0
23.9 msec : 0
24.0 msec : 0
24.1 msec : 0
24.2 msec : 0
24.3 msec : 0
24.4 msec : 0
24.5 msec : 0
24.6 msec : 0
24.7 msec : 0
24.8 msec : 0
24.9 msec : 0
25.0 msec : 0
25.1 msec : 0
25.2 msec : 0
25.3 msec : 0
25.4 msec : 0
25.5 msec : 0
25.6 msec : 0
25.7 msec : 0
25.8 msec : 0
25.9 msec : 0
26.0 msec : 0
26.1 msec : 0
26.2 msec : 0
26.3 msec : 0
26.4 msec : 0
26.5 msec : 0
26.6 msec : 0
26.7 msec : 0
26.8 msec : 0
26.9 msec : 0
27.0 msec : 0
27.1 msec : 0
27.2 msec : 0
27.3 msec : 0
27.4 msec : 0
27.5 msec : 0
27.6 msec : 0
27.7 msec : 0
27.8 msec : 0
27.9 msec : 0
28.0 msec : 0
28.1 msec : 0
28.2 msec : 0
28.3 msec : 0
28.4 msec : 0
28.5 msec : 0
28.6 msec : 0
28.7 msec : 0
28.8 msec : 1
28.9 msec : 0
29.0 msec : 0
29.1 msec : 0
29.2 msec : 0
29.3 msec : 0
29.4 msec : 0
29.5 msec : 0
29.6 msec : 0
29.7 msec : 0
29.8 msec : 0
29.9 msec : 0
30.0 msec : 0
30.1 msec : 0
30.2 msec : 0
30.3 msec : 0
30.4 msec : 0
30.5 msec : 0
30.6 msec : 0
30.7 msec : 0
30.8 msec : 0
30.9 msec : 0
31.0 msec : 0
31.1 msec : 0
31.2 msec : 0
31.3 msec : 0
31.4 msec : 0
31.5 msec : 0
31.6 msec : 0
31.7 msec : 0
31.8 msec : 0
31.9 msec : 0
32.0 msec : 0
32.1 msec : 0
32.2 msec : 0
32.3 msec : 0
32.4 msec : 0
32.5 msec : 0
32.6 msec : 0
32.7 msec : 0
32.8 msec : 0
32.9 msec : 0
33.0 msec : 0
33.1 msec : 0
33.2 msec : 0
33.3 msec : 0
33.4 msec : 0
33.5 msec : 0
33.6 msec : 0
33.7 msec : 0
33.8 msec : 0
33.9 msec : 0
34.0 msec : 0
34.1 msec : 0
34.2 msec : 0
34.3 msec : 0
34.4 msec : 0
34.5 msec : 0
34.6 msec : 0
34.7 msec : 0
34.8 msec : 0
34.9 msec : 0
35.0 msec : 0
35.1 msec : 0
35.2 msec : 0
35.3 msec : 0
35.4 msec : 0
35.5 msec : 0
35.6 msec : 0
35.7 msec : 0
35.8 msec : 0
35.9 msec : 0
36.0 msec : 0
36.1 msec : 0
36.2 msec : 0
36.3 msec : 0
36.4 msec : 0
36.5 msec : 0
36.6 msec : 0
36.7 msec : 0
36.8 msec : 0
36.9 msec : 0
37.0 msec : 0
37.1 msec : 0
37.2 msec : 0
