Middleware started...
Middleware shuts down...
Smaller resolution statistics are in a log file...
Final aggregates per worker:


Worker 13
Average throughput (ops/sec) = 34
Average response time (msec) = 1.0660261967213114
Average queue length = 0
Average wait time in queue (msec) = 0.020286360655737707
Average service time (msec) = 0.9493641147540983
Number of SET = 34
Number of GET = 0
Number of MULTI GET = 0


Worker 7
Average throughput (ops/sec) = 34
Average response time (msec) = 1.0382836557377049
Average queue length = 0
Average wait time in queue (msec) = 0.02546422950819672
Average service time (msec) = 0.9421360983606557
Number of SET = 34
Number of GET = 0
Number of MULTI GET = 0


Worker 6
Average throughput (ops/sec) = 34
Average response time (msec) = 1.0359245573770492
Average queue length = 0
Average wait time in queue (msec) = 0.021417622950819674
Average service time (msec) = 0.93989931147541
Number of SET = 34
Number of GET = 0
Number of MULTI GET = 0


Worker 14
Average throughput (ops/sec) = 34
Average response time (msec) = 1.0634201967213115
Average queue length = 0
Average wait time in queue (msec) = 0.024576114754098363
Average service time (msec) = 0.9628525573770492
Number of SET = 34
Number of GET = 0
Number of MULTI GET = 0


Worker 15
Average throughput (ops/sec) = 34
Average response time (msec) = 1.068773344262295
Average queue length = 0
Average wait time in queue (msec) = 0.031091475409836065
Average service time (msec) = 0.9574878524590164
Number of SET = 34
Number of GET = 0
Number of MULTI GET = 0


Worker 9
Average throughput (ops/sec) = 34
Average response time (msec) = 1.0504409836065574
Average queue length = 0
Average wait time in queue (msec) = 0.02051845901639344
Average service time (msec) = 0.9556699672131147
Number of SET = 34
Number of GET = 0
Number of MULTI GET = 0


Worker 16
Average throughput (ops/sec) = 34
Average response time (msec) = 1.05886131147541
Average queue length = 0
Average wait time in queue (msec) = 0.02219093442622951
Average service time (msec) = 0.9602812786885246
Number of SET = 34
Number of GET = 0
Number of MULTI GET = 0


Worker 8
Average throughput (ops/sec) = 34
Average response time (msec) = 1.0784621311475409
Average queue length = 0
Average wait time in queue (msec) = 0.021187245901639343
Average service time (msec) = 0.9681945409836066
Number of SET = 34
Number of GET = 0
Number of MULTI GET = 0


Worker 3
Average throughput (ops/sec) = 34
Average response time (msec) = 1.1035606393442623
Average queue length = 0
Average wait time in queue (msec) = 0.030698196721311476
Average service time (msec) = 0.9811716885245901
Number of SET = 34
Number of GET = 0
Number of MULTI GET = 0


Worker 10
Average throughput (ops/sec) = 34
Average response time (msec) = 1.0387978852459017
Average queue length = 0
Average wait time in queue (msec) = 0.01978883606557377
Average service time (msec) = 0.9262152786885246
Number of SET = 34
Number of GET = 0
Number of MULTI GET = 0


Worker 2
Average throughput (ops/sec) = 34
Average response time (msec) = 1.073068131147541
Average queue length = 0
Average wait time in queue (msec) = 0.020121
Average service time (msec) = 0.9676772459016394
Number of SET = 34
Number of GET = 0
Number of MULTI GET = 0


Worker 11
Average throughput (ops/sec) = 34
Average response time (msec) = 1.066091131147541
Average queue length = 0
Average wait time in queue (msec) = 0.021085245901639346
Average service time (msec) = 0.971381737704918
Number of SET = 34
Number of GET = 0
Number of MULTI GET = 0


Worker 5
Average throughput (ops/sec) = 34
Average response time (msec) = 1.0790764098360655
Average queue length = 0
Average wait time in queue (msec) = 0.021078639344262295
Average service time (msec) = 0.9883517868852459
Number of SET = 34
Number of GET = 0
Number of MULTI GET = 0


Worker 4
Average throughput (ops/sec) = 34
Average response time (msec) = 1.0283221967213114
Average queue length = 0
Average wait time in queue (msec) = 0.021645655737704918
Average service time (msec) = 0.928102262295082
Number of SET = 34
Number of GET = 0
Number of MULTI GET = 0


Worker 12
Average throughput (ops/sec) = 34
Average response time (msec) = 1.0330160819672132
Average queue length = 0
Average wait time in queue (msec) = 0.020813245901639344
Average service time (msec) = 0.9406769672131148
Number of SET = 34
Number of GET = 0
Number of MULTI GET = 0


Worker 1
Average throughput (ops/sec) = 34
Average response time (msec) = 1.0447814754098361
Average queue length = 0
Average wait time in queue (msec) = 0.02236426229508197
Average service time (msec) = 0.948714475409836
Number of SET = 34
Number of GET = 0
Number of MULTI GET = 0


FINAL STATS
Average throughput (ops/sec) = 544
Average response time (msec) = 1.0495826989311163
Average queue length = 0
Average wait time in queue (msec) = 0.022770470286885246
Average service time (msec) = 0.9555110727459016
Number of SET = 544
Number of GET = 0
Number of MULTI GET = 0
Number of Cache misses = 0


Histogram response times (0.1 msec step)
0.0 msec : 1948
0.1 msec : 10999
0.2 msec : 7019
0.3 msec : 3453
0.4 msec : 2181
0.5 msec : 1538
0.6 msec : 1090
0.7 msec : 883
0.8 msec : 668
0.9 msec : 575
1.0 msec : 458
1.1 msec : 372
1.2 msec : 295
1.3 msec : 249
1.4 msec : 208
1.5 msec : 164
1.6 msec : 132
1.7 msec : 131
1.8 msec : 134
1.9 msec : 84
2.0 msec : 93
2.1 msec : 83
2.2 msec : 84
2.3 msec : 71
2.4 msec : 66
2.5 msec : 54
2.6 msec : 57
2.7 msec : 61
2.8 msec : 54
2.9 msec : 36
3.0 msec : 37
3.1 msec : 25
3.2 msec : 38
3.3 msec : 25
3.4 msec : 22
3.5 msec : 21
3.6 msec : 22
3.7 msec : 21
3.8 msec : 18
3.9 msec : 6
4.0 msec : 13
4.1 msec : 12
4.2 msec : 5
4.3 msec : 12
4.4 msec : 12
4.5 msec : 4
4.6 msec : 9
4.7 msec : 5
4.8 msec : 9
4.9 msec : 7
5.0 msec : 5
5.1 msec : 3
5.2 msec : 10
5.3 msec : 6
5.4 msec : 8
5.5 msec : 5
5.6 msec : 3
5.7 msec : 7
5.8 msec : 5
5.9 msec : 9
6.0 msec : 3
6.1 msec : 3
6.2 msec : 1
6.3 msec : 3
6.4 msec : 1
6.5 msec : 6
6.6 msec : 1
6.7 msec : 2
6.8 msec : 3
6.9 msec : 2
7.0 msec : 3
7.1 msec : 1
7.2 msec : 1
7.3 msec : 1
7.4 msec : 2
7.5 msec : 0
7.6 msec : 0
7.7 msec : 0
7.8 msec : 0
7.9 msec : 2
8.0 msec : 0
8.1 msec : 0
8.2 msec : 0
8.3 msec : 0
8.4 msec : 0
8.5 msec : 0
8.6 msec : 0
8.7 msec : 0
8.8 msec : 2
8.9 msec : 0
9.0 msec : 0
9.1 msec : 1
9.2 msec : 1
9.3 msec : 3
9.4 msec : 0
9.5 msec : 2
9.6 msec : 1
9.7 msec : 0
9.8 msec : 1
9.9 msec : 0
10.0 msec : 0
10.1 msec : 0
10.2 msec : 1
10.3 msec : 0
10.4 msec : 0
10.5 msec : 0
10.6 msec : 1
10.7 msec : 0
10.8 msec : 0
10.9 msec : 1
11.0 msec : 0
11.1 msec : 0
11.2 msec : 0
11.3 msec : 0
11.4 msec : 0
11.5 msec : 0
11.6 msec : 0
11.7 msec : 0
11.8 msec : 0
11.9 msec : 0
12.0 msec : 0
12.1 msec : 0
12.2 msec : 0
12.3 msec : 0
12.4 msec : 0
12.5 msec : 0
12.6 msec : 0
12.7 msec : 0
12.8 msec : 0
12.9 msec : 0
13.0 msec : 0
13.1 msec : 0
13.2 msec : 0
13.3 msec : 0
13.4 msec : 0
13.5 msec : 0
13.6 msec : 0
13.7 msec : 0
13.8 msec : 0
13.9 msec : 0
14.0 msec : 0
14.1 msec : 0
14.2 msec : 1
14.3 msec : 0
14.4 msec : 0
14.5 msec : 0
14.6 msec : 0
14.7 msec : 0
14.8 msec : 0
14.9 msec : 0
15.0 msec : 0
15.1 msec : 0
15.2 msec : 0
15.3 msec : 0
15.4 msec : 0
15.5 msec : 0
15.6 msec : 2
15.7 msec : 0
15.8 msec : 0
15.9 msec : 0
16.0 msec : 0
16.1 msec : 0
16.2 msec : 0
16.3 msec : 0
16.4 msec : 0
16.5 msec : 0
16.6 msec : 0
16.7 msec : 0
16.8 msec : 0
16.9 msec : 0
17.0 msec : 0
17.1 msec : 0
17.2 msec : 0
17.3 msec : 0
17.4 msec : 0
17.5 msec : 0
17.6 msec : 0
17.7 msec : 0
17.8 msec : 0
17.9 msec : 0
18.0 msec : 0
18.1 msec : 0
18.2 msec : 0
18.3 msec : 0
18.4 msec : 0
18.5 msec : 0
18.6 msec : 1
18.7 msec : 0
18.8 msec : 0
18.9 msec : 0
19.0 msec : 0
19.1 msec : 0
19.2 msec : 0
19.3 msec : 0
19.4 msec : 0
19.5 msec : 0
19.6 msec : 0
19.7 msec : 0
19.8 msec : 0
19.9 msec : 0
20.0 msec : 0
20.1 msec : 0
20.2 msec : 0
20.3 msec : 0
20.4 msec : 0
20.5 msec : 0
20.6 msec : 0
20.7 msec : 0
20.8 msec : 0
20.9 msec : 0
21.0 msec : 0
21.1 msec : 0
21.2 msec : 0
21.3 msec : 0
21.4 msec : 0
21.5 msec : 0
21.6 msec : 0
21.7 msec : 0
21.8 msec : 0
21.9 msec : 0
22.0 msec : 0
22.1 msec : 0
22.2 msec : 0
22.3 msec : 0
22.4 msec : 0
22.5 msec : 0
22.6 msec : 0
22.7 msec : 0
22.8 msec : 0
22.9 msec : 0
23.0 msec : 0
23.1 msec : 0
23.2 msec : 0
23.3 msec : 0
23.4 msec : 0
23.5 msec : 0
23.6 msec : 0
23.7 msec : 0
23.8 msec : 0
23.9 msec : 0
24.0 msec : 1
24.1 msec : 0
24.2 msec : 0
24.3 msec : 0
24.4 msec : 0
24.5 msec : 0
24.6 msec : 0
24.7 msec : 0
24.8 msec : 0
24.9 msec : 0
25.0 msec : 0
25.1 msec : 0
25.2 msec : 0
25.3 msec : 0
25.4 msec : 0
25.5 msec : 0
25.6 msec : 0
25.7 msec : 0
25.8 msec : 0
25.9 msec : 0
26.0 msec : 0
26.1 msec : 0
26.2 msec : 0
26.3 msec : 0
26.4 msec : 0
26.5 msec : 0
26.6 msec : 0
26.7 msec : 0
26.8 msec : 0
26.9 msec : 0
27.0 msec : 0
27.1 msec : 0
27.2 msec : 0
27.3 msec : 0
27.4 msec : 1
27.5 msec : 0
27.6 msec : 0
27.7 msec : 0
27.8 msec : 0
27.9 msec : 0
28.0 msec : 0
28.1 msec : 0
28.2 msec : 0
28.3 msec : 0
28.4 msec : 0
28.5 msec : 0
28.6 msec : 0
28.7 msec : 0
28.8 msec : 0
28.9 msec : 0
29.0 msec : 0
29.1 msec : 0
29.2 msec : 0
29.3 msec : 0
29.4 msec : 0
29.5 msec : 0
29.6 msec : 0
29.7 msec : 0
29.8 msec : 0
29.9 msec : 0
