Middleware started...
Middleware shuts down...
Smaller resolution statistics are in a log file...
Final aggregates per worker:


Worker 13
Average throughput (ops/sec) = 165
Average response time (msec) = 1.093497
Average queue length = 0
Average wait time in queue (msec) = 0.07634477049180328
Average service time (msec) = 0.9428163934426229
Number of SET = 0
Number of GET = 165
Number of MULTI GET = 0


Worker 7
Average throughput (ops/sec) = 164
Average response time (msec) = 1.066998213114754
Average queue length = 0
Average wait time in queue (msec) = 0.08174981967213116
Average service time (msec) = 0.928505524590164
Number of SET = 0
Number of GET = 164
Number of MULTI GET = 0


Worker 14
Average throughput (ops/sec) = 165
Average response time (msec) = 1.0520279180327867
Average queue length = 0
Average wait time in queue (msec) = 0.07328501639344262
Average service time (msec) = 0.9208542622950819
Number of SET = 0
Number of GET = 165
Number of MULTI GET = 0


Worker 6
Average throughput (ops/sec) = 163
Average response time (msec) = 1.0744606229508198
Average queue length = 0
Average wait time in queue (msec) = 0.07740486885245901
Average service time (msec) = 0.9394559180327869
Number of SET = 0
Number of GET = 163
Number of MULTI GET = 0


Worker 15
Average throughput (ops/sec) = 166
Average response time (msec) = 1.074318786885246
Average queue length = 0
Average wait time in queue (msec) = 0.07000834426229509
Average service time (msec) = 0.939585081967213
Number of SET = 0
Number of GET = 166
Number of MULTI GET = 0


Worker 9
Average throughput (ops/sec) = 165
Average response time (msec) = 1.0729173770491802
Average queue length = 0
Average wait time in queue (msec) = 0.07410436065573771
Average service time (msec) = 0.9411935245901639
Number of SET = 0
Number of GET = 165
Number of MULTI GET = 0


Worker 16
Average throughput (ops/sec) = 165
Average response time (msec) = 1.0696983934426227
Average queue length = 0
Average wait time in queue (msec) = 0.0805969344262295
Average service time (msec) = 0.9319714098360656
Number of SET = 0
Number of GET = 165
Number of MULTI GET = 0


Worker 8
Average throughput (ops/sec) = 163
Average response time (msec) = 1.0764477704918034
Average queue length = 0
Average wait time in queue (msec) = 0.07069067213114755
Average service time (msec) = 0.898205344262295
Number of SET = 0
Number of GET = 163
Number of MULTI GET = 0


Worker 3
Average throughput (ops/sec) = 163
Average response time (msec) = 1.0584362295081966
Average queue length = 0
Average wait time in queue (msec) = 0.08812270491803278
Average service time (msec) = 0.9119557704918033
Number of SET = 0
Number of GET = 163
Number of MULTI GET = 0


Worker 10
Average throughput (ops/sec) = 164
Average response time (msec) = 1.0469240163934426
Average queue length = 0
Average wait time in queue (msec) = 0.07603127868852459
Average service time (msec) = 0.9119199344262295
Number of SET = 0
Number of GET = 164
Number of MULTI GET = 0


Worker 2
Average throughput (ops/sec) = 164
Average response time (msec) = 1.0430950327868853
Average queue length = 0
Average wait time in queue (msec) = 0.07866326229508197
Average service time (msec) = 0.9065809344262296
Number of SET = 0
Number of GET = 164
Number of MULTI GET = 0


Worker 11
Average throughput (ops/sec) = 163
Average response time (msec) = 1.1226439672131148
Average queue length = 0
Average wait time in queue (msec) = 0.08614780327868853
Average service time (msec) = 0.9783137540983606
Number of SET = 0
Number of GET = 163
Number of MULTI GET = 0


Worker 5
Average throughput (ops/sec) = 163
Average response time (msec) = 1.0839360327868852
Average queue length = 0
Average wait time in queue (msec) = 0.0768039344262295
Average service time (msec) = 0.9487421475409836
Number of SET = 0
Number of GET = 163
Number of MULTI GET = 0


Worker 12
Average throughput (ops/sec) = 162
Average response time (msec) = 1.0869937049180327
Average queue length = 0
Average wait time in queue (msec) = 0.08122816393442624
Average service time (msec) = 0.9344647213114754
Number of SET = 0
Number of GET = 162
Number of MULTI GET = 0


Worker 4
Average throughput (ops/sec) = 162
Average response time (msec) = 1.0645146393442622
Average queue length = 0
Average wait time in queue (msec) = 0.07711134426229509
Average service time (msec) = 0.9258006065573771
Number of SET = 0
Number of GET = 162
Number of MULTI GET = 0


Worker 1
Average throughput (ops/sec) = 165
Average response time (msec) = 1.0512313770491801
Average queue length = 0
Average wait time in queue (msec) = 0.07794537704918034
Average service time (msec) = 0.9158676229508197
Number of SET = 0
Number of GET = 165
Number of MULTI GET = 0


FINAL STATS
Average throughput (ops/sec) = 2622
Average response time (msec) = 1.033173864025876
Average queue length = 0
Average wait time in queue (msec) = 0.07788991598360655
Average service time (msec) = 0.9297645594262296
Number of SET = 0
Number of GET = 2622
Number of MULTI GET = 0
Number of Cache misses = 110297


Histogram response times (0.1 msec step)
0.0 msec : 2333
0.1 msec : 20671
0.2 msec : 33452
0.3 msec : 31217
0.4 msec : 22144
0.5 msec : 13757
0.6 msec : 8300
0.7 msec : 5599
0.8 msec : 4386
0.9 msec : 3191
1.0 msec : 2444
1.1 msec : 1874
1.2 msec : 1541
1.3 msec : 1296
1.4 msec : 987
1.5 msec : 768
1.6 msec : 671
1.7 msec : 560
1.8 msec : 416
1.9 msec : 402
2.0 msec : 306
2.1 msec : 264
2.2 msec : 313
2.3 msec : 233
2.4 msec : 204
2.5 msec : 201
2.6 msec : 209
2.7 msec : 189
2.8 msec : 149
2.9 msec : 117
3.0 msec : 108
3.1 msec : 109
3.2 msec : 120
3.3 msec : 144
3.4 msec : 131
3.5 msec : 75
3.6 msec : 66
3.7 msec : 73
3.8 msec : 66
3.9 msec : 69
4.0 msec : 75
4.1 msec : 79
4.2 msec : 64
4.3 msec : 44
4.4 msec : 53
4.5 msec : 56
4.6 msec : 47
4.7 msec : 41
4.8 msec : 43
4.9 msec : 52
5.0 msec : 33
5.1 msec : 23
5.2 msec : 27
5.3 msec : 23
5.4 msec : 30
5.5 msec : 37
5.6 msec : 30
5.7 msec : 30
5.8 msec : 28
5.9 msec : 39
6.0 msec : 37
6.1 msec : 30
6.2 msec : 19
6.3 msec : 30
6.4 msec : 27
6.5 msec : 11
6.6 msec : 5
6.7 msec : 8
6.8 msec : 11
6.9 msec : 19
7.0 msec : 11
7.1 msec : 21
7.2 msec : 15
7.3 msec : 11
7.4 msec : 17
7.5 msec : 6
7.6 msec : 19
7.7 msec : 7
7.8 msec : 2
7.9 msec : 2
8.0 msec : 2
8.1 msec : 16
8.2 msec : 0
8.3 msec : 8
8.4 msec : 9
8.5 msec : 3
8.6 msec : 7
8.7 msec : 5
8.8 msec : 0
8.9 msec : 6
9.0 msec : 1
9.1 msec : 2
9.2 msec : 10
9.3 msec : 8
9.4 msec : 0
9.5 msec : 0
9.6 msec : 1
9.7 msec : 2
9.8 msec : 2
9.9 msec : 4
10.0 msec : 7
10.1 msec : 4
10.2 msec : 7
10.3 msec : 0
10.4 msec : 0
10.5 msec : 0
10.6 msec : 1
10.7 msec : 0
10.8 msec : 1
10.9 msec : 0
11.0 msec : 1
11.1 msec : 0
11.2 msec : 0
11.3 msec : 0
11.4 msec : 2
11.5 msec : 1
11.6 msec : 1
11.7 msec : 0
11.8 msec : 0
11.9 msec : 0
12.0 msec : 2
12.1 msec : 1
12.2 msec : 0
12.3 msec : 1
12.4 msec : 0
12.5 msec : 1
12.6 msec : 0
12.7 msec : 1
12.8 msec : 0
12.9 msec : 0
13.0 msec : 0
13.1 msec : 0
13.2 msec : 0
13.3 msec : 0
13.4 msec : 0
13.5 msec : 0
13.6 msec : 0
13.7 msec : 0
13.8 msec : 0
13.9 msec : 0
14.0 msec : 0
14.1 msec : 1
14.2 msec : 4
14.3 msec : 0
14.4 msec : 0
14.5 msec : 0
14.6 msec : 0
14.7 msec : 0
14.8 msec : 0
14.9 msec : 0
15.0 msec : 1
15.1 msec : 0
15.2 msec : 0
15.3 msec : 0
15.4 msec : 0
15.5 msec : 0
15.6 msec : 0
15.7 msec : 0
15.8 msec : 0
15.9 msec : 0
16.0 msec : 0
16.1 msec : 0
16.2 msec : 0
16.3 msec : 0
16.4 msec : 0
16.5 msec : 0
16.6 msec : 0
16.7 msec : 0
16.8 msec : 0
16.9 msec : 0
17.0 msec : 0
17.1 msec : 0
17.2 msec : 0
17.3 msec : 0
17.4 msec : 0
17.5 msec : 0
17.6 msec : 0
17.7 msec : 0
17.8 msec : 0
17.9 msec : 0
18.0 msec : 0
18.1 msec : 0
18.2 msec : 0
18.3 msec : 0
18.4 msec : 0
18.5 msec : 0
18.6 msec : 1
18.7 msec : 0
18.8 msec : 0
18.9 msec : 0
19.0 msec : 0
19.1 msec : 0
19.2 msec : 0
19.3 msec : 1
19.4 msec : 0
19.5 msec : 0
19.6 msec : 0
19.7 msec : 0
19.8 msec : 0
19.9 msec : 0
20.0 msec : 0
20.1 msec : 0
20.2 msec : 0
20.3 msec : 0
20.4 msec : 0
20.5 msec : 0
20.6 msec : 0
20.7 msec : 0
20.8 msec : 0
20.9 msec : 0
21.0 msec : 0
21.1 msec : 0
21.2 msec : 0
21.3 msec : 0
21.4 msec : 0
21.5 msec : 0
21.6 msec : 0
21.7 msec : 0
21.8 msec : 0
21.9 msec : 0
22.0 msec : 0
22.1 msec : 0
22.2 msec : 0
22.3 msec : 0
22.4 msec : 0
22.5 msec : 0
22.6 msec : 0
22.7 msec : 0
22.8 msec : 0
22.9 msec : 0
23.0 msec : 0
23.1 msec : 0
23.2 msec : 0
23.3 msec : 0
23.4 msec : 0
23.5 msec : 0
23.6 msec : 1
23.7 msec : 1
23.8 msec : 0
23.9 msec : 0
24.0 msec : 0
24.1 msec : 0
24.2 msec : 0
24.3 msec : 0
24.4 msec : 0
24.5 msec : 0
24.6 msec : 1
24.7 msec : 0
24.8 msec : 0
24.9 msec : 0
25.0 msec : 0
25.1 msec : 1
25.2 msec : 0
25.3 msec : 0
25.4 msec : 0
25.5 msec : 0
25.6 msec : 0
25.7 msec : 0
25.8 msec : 0
25.9 msec : 0
26.0 msec : 0
26.1 msec : 2
26.2 msec : 1
26.3 msec : 1
26.4 msec : 1
26.5 msec : 0
26.6 msec : 0
26.7 msec : 0
26.8 msec : 0
26.9 msec : 0
27.0 msec : 0
27.1 msec : 0
27.2 msec : 0
27.3 msec : 0
27.4 msec : 0
27.5 msec : 0
27.6 msec : 0
27.7 msec : 0
27.8 msec : 0
27.9 msec : 0
28.0 msec : 0
28.1 msec : 0
28.2 msec : 0
28.3 msec : 0
28.4 msec : 0
28.5 msec : 0
28.6 msec : 0
28.7 msec : 0
28.8 msec : 0
28.9 msec : 0
29.0 msec : 0
29.1 msec : 0
29.2 msec : 0
29.3 msec : 0
29.4 msec : 0
29.5 msec : 0
29.6 msec : 0
29.7 msec : 0
29.8 msec : 0
29.9 msec : 0
30.0 msec : 0
30.1 msec : 0
30.2 msec : 0
30.3 msec : 0
30.4 msec : 0
30.5 msec : 0
30.6 msec : 0
30.7 msec : 0
30.8 msec : 0
30.9 msec : 0
31.0 msec : 0
31.1 msec : 0
31.2 msec : 0
31.3 msec : 0
31.4 msec : 0
31.5 msec : 0
31.6 msec : 0
31.7 msec : 0
31.8 msec : 0
31.9 msec : 0
32.0 msec : 0
32.1 msec : 0
32.2 msec : 0
32.3 msec : 0
32.4 msec : 0
32.5 msec : 0
32.6 msec : 0
32.7 msec : 0
32.8 msec : 0
32.9 msec : 0
33.0 msec : 0
33.1 msec : 0
33.2 msec : 0
33.3 msec : 0
33.4 msec : 0
33.5 msec : 0
33.6 msec : 0
33.7 msec : 0
33.8 msec : 0
33.9 msec : 0
34.0 msec : 0
34.1 msec : 0
34.2 msec : 0
34.3 msec : 0
34.4 msec : 0
34.5 msec : 0
34.6 msec : 0
34.7 msec : 0
34.8 msec : 0
34.9 msec : 0
35.0 msec : 0
35.1 msec : 0
35.2 msec : 0
35.3 msec : 0
35.4 msec : 2
35.5 msec : 1
35.6 msec : 0
35.7 msec : 0
35.8 msec : 1
35.9 msec : 0
36.0 msec : 0
36.1 msec : 0
36.2 msec : 0
36.3 msec : 0
36.4 msec : 0
36.5 msec : 0
36.6 msec : 0
36.7 msec : 0
36.8 msec : 0
36.9 msec : 0
37.0 msec : 0
37.1 msec : 0
37.2 msec : 0
37.3 msec : 0
37.4 msec : 0
37.5 msec : 0
37.6 msec : 0
37.7 msec : 0
37.8 msec : 0
37.9 msec : 0
38.0 msec : 0
38.1 msec : 0
38.2 msec : 0
38.3 msec : 0
38.4 msec : 0
38.5 msec : 0
38.6 msec : 0
38.7 msec : 0
38.8 msec : 0
38.9 msec : 0
39.0 msec : 0
39.1 msec : 0
39.2 msec : 0
39.3 msec : 0
39.4 msec : 0
39.5 msec : 0
39.6 msec : 0
39.7 msec : 0
39.8 msec : 0
39.9 msec : 0
40.0 msec : 0
40.1 msec : 0
40.2 msec : 0
40.3 msec : 0
40.4 msec : 0
40.5 msec : 0
40.6 msec : 0
40.7 msec : 0
40.8 msec : 0
40.9 msec : 0
41.0 msec : 0
41.1 msec : 0
41.2 msec : 0
41.3 msec : 0
41.4 msec : 0
41.5 msec : 0
41.6 msec : 0
41.7 msec : 0
41.8 msec : 0
41.9 msec : 0
42.0 msec : 0
42.1 msec : 0
42.2 msec : 0
42.3 msec : 0
42.4 msec : 0
42.5 msec : 0
42.6 msec : 0
42.7 msec : 0
42.8 msec : 0
42.9 msec : 0
43.0 msec : 0
43.1 msec : 0
43.2 msec : 0
43.3 msec : 0
43.4 msec : 0
43.5 msec : 0
43.6 msec : 0
43.7 msec : 0
43.8 msec : 0
43.9 msec : 0
44.0 msec : 0
44.1 msec : 0
44.2 msec : 0
44.3 msec : 0
44.4 msec : 0
44.5 msec : 0
44.6 msec : 0
44.7 msec : 0
44.8 msec : 0
44.9 msec : 0
45.0 msec : 0
45.1 msec : 0
45.2 msec : 0
45.3 msec : 0
45.4 msec : 0
45.5 msec : 0
45.6 msec : 0
45.7 msec : 0
45.8 msec : 0
45.9 msec : 0
46.0 msec : 0
46.1 msec : 0
46.2 msec : 0
46.3 msec : 0
46.4 msec : 0
46.5 msec : 0
46.6 msec : 0
46.7 msec : 0
46.8 msec : 0
46.9 msec : 0
47.0 msec : 0
47.1 msec : 0
47.2 msec : 0
47.3 msec : 0
47.4 msec : 0
47.5 msec : 0
47.6 msec : 0
47.7 msec : 0
47.8 msec : 0
47.9 msec : 0
48.0 msec : 1
48.1 msec : 0
48.2 msec : 0
48.3 msec : 0
48.4 msec : 0
48.5 msec : 0
48.6 msec : 0
48.7 msec : 0
48.8 msec : 0
48.9 msec : 0
49.0 msec : 0
49.1 msec : 0
49.2 msec : 0
49.3 msec : 0
49.4 msec : 0
49.5 msec : 0
49.6 msec : 0
49.7 msec : 0
49.8 msec : 0
49.9 msec : 0
50.0 msec : 0
50.1 msec : 0
50.2 msec : 0
50.3 msec : 0
50.4 msec : 0
50.5 msec : 0
50.6 msec : 0
50.7 msec : 0
50.8 msec : 0
50.9 msec : 0
51.0 msec : 0
51.1 msec : 0
51.2 msec : 0
51.3 msec : 0
51.4 msec : 0
51.5 msec : 0
51.6 msec : 0
