Middleware started...
Middleware shuts down...
Smaller resolution statistics are in a log file...
Final aggregates per worker:


Worker 13
Average throughput (ops/sec) = 308
Average response time (msec) = 1.3425808196721312
Average queue length = 0
Average wait time in queue (msec) = 0.1556620163934426
Average service time (msec) = 1.1158691639344263
Number of SET = 0
Number of GET = 308
Number of MULTI GET = 0


Worker 7
Average throughput (ops/sec) = 308
Average response time (msec) = 1.3707649016393442
Average queue length = 1
Average wait time in queue (msec) = 0.1555735737704918
Average service time (msec) = 1.1404769016393441
Number of SET = 0
Number of GET = 308
Number of MULTI GET = 0


Worker 14
Average throughput (ops/sec) = 306
Average response time (msec) = 1.379792950819672
Average queue length = 0
Average wait time in queue (msec) = 0.15663981967213114
Average service time (msec) = 1.147161786885246
Number of SET = 0
Number of GET = 306
Number of MULTI GET = 0


Worker 6
Average throughput (ops/sec) = 308
Average response time (msec) = 1.3651406721311474
Average queue length = 0
Average wait time in queue (msec) = 0.1522785081967213
Average service time (msec) = 1.1386535081967213
Number of SET = 0
Number of GET = 308
Number of MULTI GET = 0


Worker 15
Average throughput (ops/sec) = 306
Average response time (msec) = 1.3725798032786887
Average queue length = 0
Average wait time in queue (msec) = 0.1477028032786885
Average service time (msec) = 1.1486185409836065
Number of SET = 0
Number of GET = 306
Number of MULTI GET = 0


Worker 9
Average throughput (ops/sec) = 309
Average response time (msec) = 1.3470011803278688
Average queue length = 0
Average wait time in queue (msec) = 0.15173786885245902
Average service time (msec) = 1.1220088852459016
Number of SET = 0
Number of GET = 309
Number of MULTI GET = 0


Worker 16
Average throughput (ops/sec) = 307
Average response time (msec) = 1.371566475409836
Average queue length = 0
Average wait time in queue (msec) = 0.1531700819672131
Average service time (msec) = 1.1450686721311474
Number of SET = 0
Number of GET = 307
Number of MULTI GET = 0


Worker 8
Average throughput (ops/sec) = 308
Average response time (msec) = 1.3606291803278687
Average queue length = 0
Average wait time in queue (msec) = 0.1557230655737705
Average service time (msec) = 1.13881468852459
Number of SET = 0
Number of GET = 308
Number of MULTI GET = 0


Worker 3
Average throughput (ops/sec) = 307
Average response time (msec) = 1.367628524590164
Average queue length = 0
Average wait time in queue (msec) = 0.1551993606557377
Average service time (msec) = 1.1359436721311476
Number of SET = 0
Number of GET = 307
Number of MULTI GET = 0


Worker 2
Average throughput (ops/sec) = 308
Average response time (msec) = 1.3780823606557377
Average queue length = 0
Average wait time in queue (msec) = 0.15567175409836065
Average service time (msec) = 1.1465027049180327
Number of SET = 0
Number of GET = 308
Number of MULTI GET = 0


Worker 10
Average throughput (ops/sec) = 308
Average response time (msec) = 1.3686052786885246
Average queue length = 1
Average wait time in queue (msec) = 0.16211939344262294
Average service time (msec) = 1.1347621803278687
Number of SET = 0
Number of GET = 308
Number of MULTI GET = 0


Worker 11
Average throughput (ops/sec) = 307
Average response time (msec) = 1.3851366229508197
Average queue length = 0
Average wait time in queue (msec) = 0.15754216393442624
Average service time (msec) = 1.1516026557377048
Number of SET = 0
Number of GET = 307
Number of MULTI GET = 0


Worker 5
Average throughput (ops/sec) = 306
Average response time (msec) = 1.377138049180328
Average queue length = 0
Average wait time in queue (msec) = 0.15598672131147542
Average service time (msec) = 1.1492695901639345
Number of SET = 0
Number of GET = 306
Number of MULTI GET = 0


Worker 12
Average throughput (ops/sec) = 309
Average response time (msec) = 1.3669871639344262
Average queue length = 1
Average wait time in queue (msec) = 0.15348632786885247
Average service time (msec) = 1.138239393442623
Number of SET = 0
Number of GET = 309
Number of MULTI GET = 0


Worker 4
Average throughput (ops/sec) = 307
Average response time (msec) = 1.354611393442623
Average queue length = 0
Average wait time in queue (msec) = 0.1509682950819672
Average service time (msec) = 1.1320112786885246
Number of SET = 0
Number of GET = 307
Number of MULTI GET = 0


Worker 1
Average throughput (ops/sec) = 307
Average response time (msec) = 1.384413262295082
Average queue length = 0
Average wait time in queue (msec) = 0.1573780655737705
Average service time (msec) = 1.1536296393442622
Number of SET = 0
Number of GET = 306
Number of MULTI GET = 0


FINAL STATS
Average throughput (ops/sec) = 4919
Average response time (msec) = 1.3475777968171367
Average queue length = 0
Average wait time in queue (msec) = 0.1548024887295082
Average service time (msec) = 1.1399145788934426
Number of SET = 0
Number of GET = 4918
Number of MULTI GET = 0
Number of Cache misses = 199380


Histogram response times (0.1 msec step)
0.0 msec : 1902
0.1 msec : 16983
0.2 msec : 37702
0.3 msec : 48578
0.4 msec : 46017
0.5 msec : 37747
0.6 msec : 28278
0.7 msec : 19403
0.8 msec : 13037
0.9 msec : 8150
1.0 msec : 5566
1.1 msec : 4045
1.2 msec : 2876
1.3 msec : 2211
1.4 msec : 1786
1.5 msec : 1388
1.6 msec : 1169
1.7 msec : 881
1.8 msec : 790
1.9 msec : 642
2.0 msec : 532
2.1 msec : 406
2.2 msec : 396
2.3 msec : 380
2.4 msec : 350
2.5 msec : 264
2.6 msec : 349
2.7 msec : 317
2.8 msec : 236
2.9 msec : 246
3.0 msec : 199
3.1 msec : 195
3.2 msec : 229
3.3 msec : 187
3.4 msec : 180
3.5 msec : 208
3.6 msec : 178
3.7 msec : 181
3.8 msec : 167
3.9 msec : 154
4.0 msec : 178
4.1 msec : 181
4.2 msec : 133
4.3 msec : 141
4.4 msec : 167
4.5 msec : 119
4.6 msec : 100
4.7 msec : 109
4.8 msec : 90
4.9 msec : 70
5.0 msec : 87
5.1 msec : 156
5.2 msec : 179
5.3 msec : 678
5.4 msec : 1084
5.5 msec : 1289
5.6 msec : 1355
5.7 msec : 1274
5.8 msec : 1292
5.9 msec : 1275
6.0 msec : 1101
6.1 msec : 1014
6.2 msec : 851
6.3 msec : 630
6.4 msec : 457
6.5 msec : 348
6.6 msec : 243
6.7 msec : 170
6.8 msec : 138
6.9 msec : 99
7.0 msec : 84
7.1 msec : 71
7.2 msec : 46
7.3 msec : 67
7.4 msec : 51
7.5 msec : 45
7.6 msec : 37
7.7 msec : 38
7.8 msec : 25
7.9 msec : 19
8.0 msec : 8
8.1 msec : 16
8.2 msec : 15
8.3 msec : 11
8.4 msec : 20
8.5 msec : 26
8.6 msec : 9
8.7 msec : 12
8.8 msec : 15
8.9 msec : 15
9.0 msec : 19
9.1 msec : 22
9.2 msec : 17
9.3 msec : 5
9.4 msec : 10
9.5 msec : 8
9.6 msec : 20
9.7 msec : 11
9.8 msec : 22
9.9 msec : 21
10.0 msec : 19
10.1 msec : 12
10.2 msec : 16
10.3 msec : 4
10.4 msec : 9
10.5 msec : 6
10.6 msec : 2
10.7 msec : 5
10.8 msec : 6
10.9 msec : 6
11.0 msec : 6
11.1 msec : 3
11.2 msec : 4
11.3 msec : 1
11.4 msec : 1
11.5 msec : 0
11.6 msec : 5
11.7 msec : 3
11.8 msec : 4
11.9 msec : 4
12.0 msec : 5
12.1 msec : 0
12.2 msec : 2
12.3 msec : 6
12.4 msec : 5
12.5 msec : 5
12.6 msec : 1
12.7 msec : 2
12.8 msec : 2
12.9 msec : 1
13.0 msec : 3
13.1 msec : 2
13.2 msec : 4
13.3 msec : 0
13.4 msec : 0
13.5 msec : 0
13.6 msec : 0
13.7 msec : 0
13.8 msec : 0
13.9 msec : 1
14.0 msec : 0
14.1 msec : 2
14.2 msec : 1
14.3 msec : 3
14.4 msec : 2
14.5 msec : 0
14.6 msec : 0
14.7 msec : 0
14.8 msec : 0
14.9 msec : 2
15.0 msec : 2
15.1 msec : 1
15.2 msec : 0
15.3 msec : 5
15.4 msec : 3
15.5 msec : 5
15.6 msec : 1
15.7 msec : 2
15.8 msec : 3
15.9 msec : 2
16.0 msec : 3
16.1 msec : 3
16.2 msec : 1
16.3 msec : 3
16.4 msec : 0
16.5 msec : 1
16.6 msec : 0
16.7 msec : 0
16.8 msec : 3
16.9 msec : 0
17.0 msec : 0
17.1 msec : 1
17.2 msec : 0
17.3 msec : 0
17.4 msec : 0
17.5 msec : 0
17.6 msec : 0
17.7 msec : 0
17.8 msec : 0
17.9 msec : 0
18.0 msec : 0
18.1 msec : 0
18.2 msec : 0
18.3 msec : 0
18.4 msec : 0
18.5 msec : 0
18.6 msec : 0
18.7 msec : 0
18.8 msec : 0
18.9 msec : 0
19.0 msec : 0
19.1 msec : 0
19.2 msec : 0
19.3 msec : 0
19.4 msec : 0
19.5 msec : 0
19.6 msec : 0
19.7 msec : 0
19.8 msec : 0
19.9 msec : 0
20.0 msec : 0
20.1 msec : 0
20.2 msec : 0
20.3 msec : 1
20.4 msec : 0
20.5 msec : 0
20.6 msec : 0
20.7 msec : 0
20.8 msec : 0
20.9 msec : 0
21.0 msec : 0
21.1 msec : 0
21.2 msec : 0
21.3 msec : 0
21.4 msec : 0
21.5 msec : 1
21.6 msec : 1
21.7 msec : 0
21.8 msec : 0
21.9 msec : 0
22.0 msec : 2
22.1 msec : 1
22.2 msec : 1
22.3 msec : 0
22.4 msec : 0
22.5 msec : 0
22.6 msec : 1
22.7 msec : 0
22.8 msec : 0
22.9 msec : 0
23.0 msec : 0
23.1 msec : 0
23.2 msec : 0
23.3 msec : 0
23.4 msec : 0
23.5 msec : 0
23.6 msec : 0
23.7 msec : 0
23.8 msec : 0
23.9 msec : 1
24.0 msec : 0
24.1 msec : 0
24.2 msec : 0
24.3 msec : 0
24.4 msec : 0
24.5 msec : 0
24.6 msec : 0
24.7 msec : 0
24.8 msec : 0
24.9 msec : 0
25.0 msec : 0
25.1 msec : 0
25.2 msec : 0
25.3 msec : 0
25.4 msec : 0
25.5 msec : 0
25.6 msec : 0
25.7 msec : 0
25.8 msec : 2
25.9 msec : 1
26.0 msec : 1
26.1 msec : 0
26.2 msec : 0
26.3 msec : 1
26.4 msec : 0
26.5 msec : 0
26.6 msec : 1
26.7 msec : 0
26.8 msec : 0
26.9 msec : 0
27.0 msec : 1
27.1 msec : 0
27.2 msec : 0
27.3 msec : 0
27.4 msec : 0
27.5 msec : 0
27.6 msec : 0
27.7 msec : 0
27.8 msec : 0
27.9 msec : 0
28.0 msec : 0
28.1 msec : 0
28.2 msec : 0
28.3 msec : 0
28.4 msec : 0
28.5 msec : 1
28.6 msec : 0
28.7 msec : 0
28.8 msec : 0
28.9 msec : 0
29.0 msec : 1
29.1 msec : 1
29.2 msec : 0
29.3 msec : 0
29.4 msec : 0
29.5 msec : 0
29.6 msec : 0
29.7 msec : 0
29.8 msec : 0
29.9 msec : 0
30.0 msec : 0
30.1 msec : 0
30.2 msec : 0
30.3 msec : 0
30.4 msec : 0
30.5 msec : 0
30.6 msec : 0
30.7 msec : 0
30.8 msec : 1
30.9 msec : 1
31.0 msec : 1
31.1 msec : 0
31.2 msec : 0
31.3 msec : 0
31.4 msec : 0
31.5 msec : 0
31.6 msec : 0
31.7 msec : 0
31.8 msec : 0
31.9 msec : 0
32.0 msec : 1
32.1 msec : 1
32.2 msec : 0
32.3 msec : 0
32.4 msec : 0
32.5 msec : 1
32.6 msec : 0
32.7 msec : 0
32.8 msec : 0
32.9 msec : 0
33.0 msec : 0
33.1 msec : 0
33.2 msec : 0
33.3 msec : 0
33.4 msec : 0
33.5 msec : 0
33.6 msec : 0
33.7 msec : 0
33.8 msec : 0
33.9 msec : 0
34.0 msec : 0
34.1 msec : 0
34.2 msec : 0
34.3 msec : 0
34.4 msec : 0
34.5 msec : 0
34.6 msec : 0
34.7 msec : 0
34.8 msec : 0
34.9 msec : 0
35.0 msec : 0
35.1 msec : 0
35.2 msec : 0
35.3 msec : 0
35.4 msec : 0
35.5 msec : 0
35.6 msec : 0
35.7 msec : 0
35.8 msec : 0
35.9 msec : 0
36.0 msec : 0
36.1 msec : 0
36.2 msec : 0
36.3 msec : 0
36.4 msec : 0
36.5 msec : 0
36.6 msec : 0
36.7 msec : 0
36.8 msec : 0
36.9 msec : 0
37.0 msec : 0
37.1 msec : 0
37.2 msec : 0
37.3 msec : 0
37.4 msec : 0
37.5 msec : 0
37.6 msec : 0
37.7 msec : 0
37.8 msec : 0
37.9 msec : 0
38.0 msec : 0
38.1 msec : 0
38.2 msec : 0
38.3 msec : 0
38.4 msec : 0
38.5 msec : 0
38.6 msec : 0
38.7 msec : 0
38.8 msec : 1
38.9 msec : 1
39.0 msec : 1
39.1 msec : 2
39.2 msec : 2
39.3 msec : 0
39.4 msec : 0
39.5 msec : 0
39.6 msec : 0
39.7 msec : 1
39.8 msec : 0
39.9 msec : 0
40.0 msec : 0
40.1 msec : 0
40.2 msec : 0
40.3 msec : 0
40.4 msec : 0
40.5 msec : 0
40.6 msec : 0
40.7 msec : 0
40.8 msec : 0
40.9 msec : 0
41.0 msec : 0
41.1 msec : 0
41.2 msec : 0
41.3 msec : 0
41.4 msec : 0
41.5 msec : 0
41.6 msec : 0
41.7 msec : 0
41.8 msec : 0
41.9 msec : 0
42.0 msec : 0
42.1 msec : 0
42.2 msec : 0
42.3 msec : 0
42.4 msec : 0
42.5 msec : 0
42.6 msec : 0
42.7 msec : 0
42.8 msec : 0
42.9 msec : 0
43.0 msec : 0
43.1 msec : 0
43.2 msec : 0
43.3 msec : 0
43.4 msec : 0
43.5 msec : 0
43.6 msec : 0
43.7 msec : 0
43.8 msec : 0
43.9 msec : 0
44.0 msec : 0
44.1 msec : 0
44.2 msec : 0
44.3 msec : 0
44.4 msec : 0
44.5 msec : 0
44.6 msec : 0
44.7 msec : 0
44.8 msec : 0
44.9 msec : 0
45.0 msec : 0
45.1 msec : 0
45.2 msec : 0
45.3 msec : 0
45.4 msec : 0
45.5 msec : 0
45.6 msec : 0
45.7 msec : 0
45.8 msec : 0
45.9 msec : 0
46.0 msec : 0
46.1 msec : 0
46.2 msec : 0
46.3 msec : 0
46.4 msec : 0
46.5 msec : 0
46.6 msec : 0
46.7 msec : 0
46.8 msec : 1
46.9 msec : 0
47.0 msec : 0
47.1 msec : 0
47.2 msec : 0
47.3 msec : 0
47.4 msec : 3
47.5 msec : 1
47.6 msec : 0
47.7 msec : 0
47.8 msec : 0
47.9 msec : 0
48.0 msec : 1
48.1 msec : 0
48.2 msec : 0
48.3 msec : 0
48.4 msec : 0
48.5 msec : 0
48.6 msec : 0
48.7 msec : 0
48.8 msec : 0
48.9 msec : 0
49.0 msec : 0
49.1 msec : 0
49.2 msec : 0
49.3 msec : 0
49.4 msec : 0
49.5 msec : 0
49.6 msec : 0
49.7 msec : 0
49.8 msec : 0
49.9 msec : 0
50.0 msec : 0
50.1 msec : 0
50.2 msec : 0
50.3 msec : 0
50.4 msec : 0
50.5 msec : 0
50.6 msec : 0
50.7 msec : 0
50.8 msec : 0
50.9 msec : 0
51.0 msec : 0
51.1 msec : 0
51.2 msec : 0
51.3 msec : 0
51.4 msec : 0
51.5 msec : 0
51.6 msec : 0
51.7 msec : 0
51.8 msec : 0
51.9 msec : 0
52.0 msec : 0
52.1 msec : 0
52.2 msec : 0
52.3 msec : 0
52.4 msec : 0
52.5 msec : 0
52.6 msec : 0
52.7 msec : 0
52.8 msec : 0
52.9 msec : 0
53.0 msec : 0
53.1 msec : 0
53.2 msec : 0
53.3 msec : 0
53.4 msec : 0
53.5 msec : 0
53.6 msec : 0
53.7 msec : 0
53.8 msec : 0
53.9 msec : 0
54.0 msec : 0
54.1 msec : 0
54.2 msec : 0
54.3 msec : 0
54.4 msec : 0
54.5 msec : 0
54.6 msec : 0
54.7 msec : 0
54.8 msec : 0
54.9 msec : 0
55.0 msec : 0
55.1 msec : 0
55.2 msec : 0
55.3 msec : 0
55.4 msec : 0
55.5 msec : 0
55.6 msec : 0
55.7 msec : 0
55.8 msec : 0
55.9 msec : 0
56.0 msec : 0
56.1 msec : 0
56.2 msec : 0
56.3 msec : 0
56.4 msec : 0
56.5 msec : 0
56.6 msec : 0
56.7 msec : 0
56.8 msec : 0
56.9 msec : 0
57.0 msec : 0
57.1 msec : 0
57.2 msec : 0
57.3 msec : 0
57.4 msec : 0
57.5 msec : 0
57.6 msec : 0
57.7 msec : 0
57.8 msec : 0
57.9 msec : 0
58.0 msec : 0
58.1 msec : 0
58.2 msec : 0
58.3 msec : 0
58.4 msec : 0
58.5 msec : 0
58.6 msec : 0
58.7 msec : 0
58.8 msec : 0
58.9 msec : 1
59.0 msec : 0
59.1 msec : 0
59.2 msec : 0
59.3 msec : 0
59.4 msec : 0
59.5 msec : 0
59.6 msec : 0
59.7 msec : 0
59.8 msec : 0
59.9 msec : 0
60.0 msec : 2
