Middleware started...
Middleware shuts down...
Smaller resolution statistics are in a log file...
Final aggregates per worker:


Worker 46
Average throughput (ops/sec) = 25
Average response time (msec) = 16.060211857142857
Average queue length = 2
Average wait time in queue (msec) = 0.6108292857142856
Average service time (msec) = 11.129074714285714
Number of SET = 25
Number of GET = 0
Number of MULTI GET = 0


Worker 47
Average throughput (ops/sec) = 26
Average response time (msec) = 15.059875
Average queue length = 1
Average wait time in queue (msec) = 1.050538142857143
Average service time (msec) = 9.532942142857143
Number of SET = 26
Number of GET = 0
Number of MULTI GET = 0


Worker 48
Average throughput (ops/sec) = 28
Average response time (msec) = 15.717014666666666
Average queue length = 0
Average wait time in queue (msec) = 0.515081
Average service time (msec) = 9.272984833333334
Number of SET = 28
Number of GET = 0
Number of MULTI GET = 0


Worker 49
Average throughput (ops/sec) = 26
Average response time (msec) = 14.312714428571429
Average queue length = 0
Average wait time in queue (msec) = 0.6444257142857143
Average service time (msec) = 9.480672285714286
Number of SET = 26
Number of GET = 0
Number of MULTI GET = 0


Worker 42
Average throughput (ops/sec) = 25
Average response time (msec) = 14.463089285714286
Average queue length = 2
Average wait time in queue (msec) = 0.5458184285714285
Average service time (msec) = 10.491232714285715
Number of SET = 25
Number of GET = 0
Number of MULTI GET = 0


Worker 43
Average throughput (ops/sec) = 24
Average response time (msec) = 16.747638428571427
Average queue length = 1
Average wait time in queue (msec) = 0.39476757142857144
Average service time (msec) = 10.869081857142856
Number of SET = 24
Number of GET = 0
Number of MULTI GET = 0


Worker 44
Average throughput (ops/sec) = 24
Average response time (msec) = 15.012768
Average queue length = 2
Average wait time in queue (msec) = 1.2124521428571429
Average service time (msec) = 9.188195285714285
Number of SET = 24
Number of GET = 0
Number of MULTI GET = 0


Worker 45
Average throughput (ops/sec) = 23
Average response time (msec) = 16.146952714285714
Average queue length = 3
Average wait time in queue (msec) = 0.8138522857142857
Average service time (msec) = 10.74838042857143
Number of SET = 23
Number of GET = 0
Number of MULTI GET = 0


Worker 50
Average throughput (ops/sec) = 24
Average response time (msec) = 12.929454714285715
Average queue length = 0
Average wait time in queue (msec) = 0.6229941428571428
Average service time (msec) = 8.922898428571429
Number of SET = 24
Number of GET = 0
Number of MULTI GET = 0


Worker 51
Average throughput (ops/sec) = 28
Average response time (msec) = 16.423432142857145
Average queue length = 0
Average wait time in queue (msec) = 1.2743082857142858
Average service time (msec) = 10.32766257142857
Number of SET = 28
Number of GET = 0
Number of MULTI GET = 0


Worker 52
Average throughput (ops/sec) = 25
Average response time (msec) = 15.165761857142856
Average queue length = 0
Average wait time in queue (msec) = 0.5966768571428571
Average service time (msec) = 9.992764285714285
Number of SET = 25
Number of GET = 0
Number of MULTI GET = 0


Worker 13
Average throughput (ops/sec) = 29
Average response time (msec) = 16.3473595
Average queue length = 3
Average wait time in queue (msec) = 0.8347985
Average service time (msec) = 10.944030833333334
Number of SET = 29
Number of GET = 0
Number of MULTI GET = 0


Worker 57
Average throughput (ops/sec) = 23
Average response time (msec) = 16.39830457142857
Average queue length = 1
Average wait time in queue (msec) = 1.3781587142857143
Average service time (msec) = 9.95300657142857
Number of SET = 23
Number of GET = 0
Number of MULTI GET = 0


Worker 14
Average throughput (ops/sec) = 29
Average response time (msec) = 16.540527
Average queue length = 0
Average wait time in queue (msec) = 0.5778171666666666
Average service time (msec) = 11.247685
Number of SET = 29
Number of GET = 0
Number of MULTI GET = 0


Worker 58
Average throughput (ops/sec) = 25
Average response time (msec) = 14.56595857142857
Average queue length = 0
Average wait time in queue (msec) = 0.44316157142857143
Average service time (msec) = 10.324098428571428
Number of SET = 25
Number of GET = 0
Number of MULTI GET = 0


Worker 15
Average throughput (ops/sec) = 31
Average response time (msec) = 14.999129333333334
Average queue length = 0
Average wait time in queue (msec) = 0.8295995
Average service time (msec) = 9.196758333333333
Number of SET = 31
Number of GET = 0
Number of MULTI GET = 0


Worker 59
Average throughput (ops/sec) = 24
Average response time (msec) = 15.223839428571429
Average queue length = 1
Average wait time in queue (msec) = 0.8568094285714285
Average service time (msec) = 9.604267142857143
Number of SET = 24
Number of GET = 0
Number of MULTI GET = 0


Worker 16
Average throughput (ops/sec) = 27
Average response time (msec) = 17.0831725
Average queue length = 2
Average wait time in queue (msec) = 0.7371808333333334
Average service time (msec) = 11.0806555
Number of SET = 27
Number of GET = 0
Number of MULTI GET = 0


Worker 53
Average throughput (ops/sec) = 25
Average response time (msec) = 15.35692242857143
Average queue length = 0
Average wait time in queue (msec) = 0.5628384285714285
Average service time (msec) = 9.472495285714285
Number of SET = 25
Number of GET = 0
Number of MULTI GET = 0


Worker 10
Average throughput (ops/sec) = 29
Average response time (msec) = 16.893335166666667
Average queue length = 0
Average wait time in queue (msec) = 0.6145441666666667
Average service time (msec) = 10.894183666666667
Number of SET = 29
Number of GET = 0
Number of MULTI GET = 0


Worker 54
Average throughput (ops/sec) = 23
Average response time (msec) = 15.537586
Average queue length = 0
Average wait time in queue (msec) = 1.221287
Average service time (msec) = 9.691411142857143
Number of SET = 23
Number of GET = 0
Number of MULTI GET = 0


Worker 11
Average throughput (ops/sec) = 26
Average response time (msec) = 17.489271833333333
Average queue length = 0
Average wait time in queue (msec) = 0.5896838333333334
Average service time (msec) = 11.439771166666667
Number of SET = 26
Number of GET = 0
Number of MULTI GET = 0


Worker 55
Average throughput (ops/sec) = 25
Average response time (msec) = 14.333854714285714
Average queue length = 0
Average wait time in queue (msec) = 0.9808781428571428
Average service time (msec) = 9.70782142857143
Number of SET = 25
Number of GET = 0
Number of MULTI GET = 0


Worker 12
Average throughput (ops/sec) = 30
Average response time (msec) = 17.02369016666667
Average queue length = 0
Average wait time in queue (msec) = 0.8896266666666667
Average service time (msec) = 11.5818585
Number of SET = 30
Number of GET = 0
Number of MULTI GET = 0


Worker 56
Average throughput (ops/sec) = 25
Average response time (msec) = 15.105350714285715
Average queue length = 0
Average wait time in queue (msec) = 0.8759091428571428
Average service time (msec) = 9.654252857142856
Number of SET = 25
Number of GET = 0
Number of MULTI GET = 0


Worker 17
Average throughput (ops/sec) = 23
Average response time (msec) = 15.717736857142857
Average queue length = 3
Average wait time in queue (msec) = 0.5908327142857143
Average service time (msec) = 10.51941042857143
Number of SET = 23
Number of GET = 0
Number of MULTI GET = 0


Worker 18
Average throughput (ops/sec) = 23
Average response time (msec) = 15.015602857142856
Average queue length = 3
Average wait time in queue (msec) = 1.0088932857142856
Average service time (msec) = 9.667383714285714
Number of SET = 23
Number of GET = 0
Number of MULTI GET = 0


Worker 19
Average throughput (ops/sec) = 25
Average response time (msec) = 11.879631285714286
Average queue length = 1
Average wait time in queue (msec) = 0.7927874285714285
Average service time (msec) = 8.163042428571428
Number of SET = 25
Number of GET = 0
Number of MULTI GET = 0


Worker 60
Average throughput (ops/sec) = 25
Average response time (msec) = 16.48169957142857
Average queue length = 1
Average wait time in queue (msec) = 1.3817954285714287
Average service time (msec) = 10.397521
Number of SET = 25
Number of GET = 0
Number of MULTI GET = 0


Worker 61
Average throughput (ops/sec) = 29
Average response time (msec) = 14.8568175
Average queue length = 1
Average wait time in queue (msec) = 0.8337741666666666
Average service time (msec) = 9.450568666666666
Number of SET = 29
Number of GET = 0
Number of MULTI GET = 0


Worker 62
Average throughput (ops/sec) = 25
Average response time (msec) = 16.274652285714286
Average queue length = 1
Average wait time in queue (msec) = 1.1226337142857143
Average service time (msec) = 11.531528285714286
Number of SET = 25
Number of GET = 0
Number of MULTI GET = 0


Worker 63
Average throughput (ops/sec) = 25
Average response time (msec) = 16.323684
Average queue length = 0
Average wait time in queue (msec) = 0.8826875714285715
Average service time (msec) = 11.194409857142857
Number of SET = 25
Number of GET = 0
Number of MULTI GET = 0


Worker 7
Average throughput (ops/sec) = 28
Average response time (msec) = 16.356979
Average queue length = 1
Average wait time in queue (msec) = 0.6920945
Average service time (msec) = 11.586860333333334
Number of SET = 28
Number of GET = 0
Number of MULTI GET = 0


Worker 24
Average throughput (ops/sec) = 25
Average response time (msec) = 14.913285142857143
Average queue length = 2
Average wait time in queue (msec) = 0.8356265714285714
Average service time (msec) = 9.170720142857144
Number of SET = 25
Number of GET = 0
Number of MULTI GET = 0


Worker 6
Average throughput (ops/sec) = 28
Average response time (msec) = 16.726568666666665
Average queue length = 2
Average wait time in queue (msec) = 0.9047718333333333
Average service time (msec) = 11.9043255
Number of SET = 28
Number of GET = 0
Number of MULTI GET = 0


Worker 25
Average throughput (ops/sec) = 26
Average response time (msec) = 13.355960428571429
Average queue length = 2
Average wait time in queue (msec) = 0.4309591428571428
Average service time (msec) = 9.491851285714285
Number of SET = 26
Number of GET = 0
Number of MULTI GET = 0


Worker 9
Average throughput (ops/sec) = 30
Average response time (msec) = 15.776317166666667
Average queue length = 1
Average wait time in queue (msec) = 0.7278498333333334
Average service time (msec) = 10.050335
Number of SET = 30
Number of GET = 0
Number of MULTI GET = 0


Worker 26
Average throughput (ops/sec) = 24
Average response time (msec) = 14.188408571428571
Average queue length = 2
Average wait time in queue (msec) = 0.4695377142857143
Average service time (msec) = 8.565626714285715
Number of SET = 24
Number of GET = 0
Number of MULTI GET = 0


Worker 27
Average throughput (ops/sec) = 28
Average response time (msec) = 18.679356833333333
Average queue length = 2
Average wait time in queue (msec) = 1.0082268333333333
Average service time (msec) = 12.594466833333334
Number of SET = 28
Number of GET = 0
Number of MULTI GET = 0


Worker 8
Average throughput (ops/sec) = 29
Average response time (msec) = 14.97523
Average queue length = 0
Average wait time in queue (msec) = 0.7169173333333334
Average service time (msec) = 9.9379295
Number of SET = 29
Number of GET = 0
Number of MULTI GET = 0


Worker 20
Average throughput (ops/sec) = 28
Average response time (msec) = 16.208900333333332
Average queue length = 1
Average wait time in queue (msec) = 0.6313438333333333
Average service time (msec) = 10.352774333333334
Number of SET = 28
Number of GET = 0
Number of MULTI GET = 0


Worker 3
Average throughput (ops/sec) = 31
Average response time (msec) = 15.677462
Average queue length = 0
Average wait time in queue (msec) = 0.6629261666666666
Average service time (msec) = 9.653932166666666
Number of SET = 31
Number of GET = 0
Number of MULTI GET = 0


Worker 64
Average throughput (ops/sec) = 23
Average response time (msec) = 15.645649
Average queue length = 0
Average wait time in queue (msec) = 0.6583997142857143
Average service time (msec) = 10.977004571428571
Number of SET = 23
Number of GET = 0
Number of MULTI GET = 0


Worker 2
Average throughput (ops/sec) = 28
Average response time (msec) = 15.583175
Average queue length = 2
Average wait time in queue (msec) = 0.46105266666666667
Average service time (msec) = 9.681151
Number of SET = 28
Number of GET = 0
Number of MULTI GET = 0


Worker 21
Average throughput (ops/sec) = 26
Average response time (msec) = 15.185754285714285
Average queue length = 2
Average wait time in queue (msec) = 0.5153647142857143
Average service time (msec) = 10.607846285714285
Number of SET = 26
Number of GET = 0
Number of MULTI GET = 0


Worker 5
Average throughput (ops/sec) = 31
Average response time (msec) = 16.722154166666666
Average queue length = 1
Average wait time in queue (msec) = 0.61379
Average service time (msec) = 11.7761645
Number of SET = 31
Number of GET = 0
Number of MULTI GET = 0


Worker 22
Average throughput (ops/sec) = 26
Average response time (msec) = 13.780555
Average queue length = 0
Average wait time in queue (msec) = 0.47260414285714286
Average service time (msec) = 9.589437
Number of SET = 26
Number of GET = 0
Number of MULTI GET = 0


Worker 4
Average throughput (ops/sec) = 30
Average response time (msec) = 18.1692335
Average queue length = 0
Average wait time in queue (msec) = 0.5528433333333334
Average service time (msec) = 11.950641333333333
Number of SET = 30
Number of GET = 0
Number of MULTI GET = 0


Worker 23
Average throughput (ops/sec) = 25
Average response time (msec) = 15.291589285714286
Average queue length = 1
Average wait time in queue (msec) = 0.8281014285714285
Average service time (msec) = 9.603748714285715
Number of SET = 25
Number of GET = 0
Number of MULTI GET = 0


Worker 28
Average throughput (ops/sec) = 29
Average response time (msec) = 16.325388
Average queue length = 1
Average wait time in queue (msec) = 0.5509145
Average service time (msec) = 10.994993833333334
Number of SET = 29
Number of GET = 0
Number of MULTI GET = 0


Worker 29
Average throughput (ops/sec) = 24
Average response time (msec) = 15.04023142857143
Average queue length = 0
Average wait time in queue (msec) = 0.5088084285714286
Average service time (msec) = 9.489453857142855
Number of SET = 24
Number of GET = 0
Number of MULTI GET = 0


Worker 1
Average throughput (ops/sec) = 28
Average response time (msec) = 15.888603833333335
Average queue length = 1
Average wait time in queue (msec) = 0.5602935
Average service time (msec) = 9.847429
Number of SET = 28
Number of GET = 0
Number of MULTI GET = 0


Worker 30
Average throughput (ops/sec) = 31
Average response time (msec) = 16.184031666666666
Average queue length = 0
Average wait time in queue (msec) = 0.6179056666666666
Average service time (msec) = 11.025386
Number of SET = 31
Number of GET = 0
Number of MULTI GET = 0


Worker 35
Average throughput (ops/sec) = 24
Average response time (msec) = 15.187318285714285
Average queue length = 1
Average wait time in queue (msec) = 0.7919285714285714
Average service time (msec) = 10.409882857142856
Number of SET = 24
Number of GET = 0
Number of MULTI GET = 0


Worker 36
Average throughput (ops/sec) = 25
Average response time (msec) = 15.485546142857144
Average queue length = 2
Average wait time in queue (msec) = 0.75165
Average service time (msec) = 10.199661
Number of SET = 25
Number of GET = 0
Number of MULTI GET = 0


Worker 37
Average throughput (ops/sec) = 25
Average response time (msec) = 14.375057142857143
Average queue length = 0
Average wait time in queue (msec) = 0.7183618571428572
Average service time (msec) = 9.221060857142856
Number of SET = 25
Number of GET = 0
Number of MULTI GET = 0


Worker 38
Average throughput (ops/sec) = 25
Average response time (msec) = 15.772020428571428
Average queue length = 2
Average wait time in queue (msec) = 0.5119162857142857
Average service time (msec) = 10.819201857142856
Number of SET = 25
Number of GET = 0
Number of MULTI GET = 0


Worker 31
Average throughput (ops/sec) = 31
Average response time (msec) = 14.320939
Average queue length = 1
Average wait time in queue (msec) = 0.5955168333333334
Average service time (msec) = 8.861685666666666
Number of SET = 31
Number of GET = 0
Number of MULTI GET = 0


Worker 32
Average throughput (ops/sec) = 24
Average response time (msec) = 16.585058142857143
Average queue length = 0
Average wait time in queue (msec) = 0.6275447142857143
Average service time (msec) = 11.706813
Number of SET = 24
Number of GET = 0
Number of MULTI GET = 0


Worker 33
Average throughput (ops/sec) = 25
Average response time (msec) = 14.38296342857143
Average queue length = 1
Average wait time in queue (msec) = 0.6142044285714285
Average service time (msec) = 9.570402857142856
Number of SET = 25
Number of GET = 0
Number of MULTI GET = 0


Worker 34
Average throughput (ops/sec) = 24
Average response time (msec) = 16.821049428571428
Average queue length = 0
Average wait time in queue (msec) = 0.7546948571428571
Average service time (msec) = 11.62480057142857
Number of SET = 24
Number of GET = 0
Number of MULTI GET = 0


Worker 39
Average throughput (ops/sec) = 24
Average response time (msec) = 17.916152571428572
Average queue length = 1
Average wait time in queue (msec) = 0.96188
Average service time (msec) = 11.756506285714286
Number of SET = 24
Number of GET = 0
Number of MULTI GET = 0


Worker 40
Average throughput (ops/sec) = 28
Average response time (msec) = 12.629415428571429
Average queue length = 2
Average wait time in queue (msec) = 0.482618
Average service time (msec) = 8.787202857142857
Number of SET = 28
Number of GET = 0
Number of MULTI GET = 0


Worker 41
Average throughput (ops/sec) = 27
Average response time (msec) = 13.517534
Average queue length = 2
Average wait time in queue (msec) = 0.5627727142857143
Average service time (msec) = 8.70786057142857
Number of SET = 27
Number of GET = 0
Number of MULTI GET = 0


FINAL STATS
Average throughput (ops/sec) = 1684
Average response time (msec) = 15.118017004155982
Average queue length = 0
Average wait time in queue (msec) = 0.7356384590773809
Average service time (msec) = 10.252956344866071
Number of SET = 26
Number of GET = 0
Number of MULTI GET = 0
Number of Cache misses = 0


Histogram response times (0.1 msec step)
0.0 msec : 46
0.1 msec : 110
0.2 msec : 135
0.3 msec : 185
0.4 msec : 160
0.5 msec : 143
0.6 msec : 112
0.7 msec : 118
0.8 msec : 97
0.9 msec : 72
1.0 msec : 78
1.1 msec : 73
1.2 msec : 64
1.3 msec : 72
1.4 msec : 57
1.5 msec : 55
1.6 msec : 64
1.7 msec : 67
1.8 msec : 57
1.9 msec : 67
2.0 msec : 56
2.1 msec : 66
2.2 msec : 56
2.3 msec : 50
2.4 msec : 41
2.5 msec : 47
2.6 msec : 43
2.7 msec : 66
2.8 msec : 55
2.9 msec : 70
3.0 msec : 52
3.1 msec : 65
3.2 msec : 54
3.3 msec : 43
3.4 msec : 57
3.5 msec : 61
3.6 msec : 64
3.7 msec : 48
3.8 msec : 57
3.9 msec : 54
4.0 msec : 58
4.1 msec : 43
4.2 msec : 46
4.3 msec : 46
4.4 msec : 50
4.5 msec : 46
4.6 msec : 59
4.7 msec : 48
4.8 msec : 50
4.9 msec : 53
5.0 msec : 31
5.1 msec : 53
5.2 msec : 42
5.3 msec : 52
5.4 msec : 41
5.5 msec : 46
5.6 msec : 47
5.7 msec : 51
5.8 msec : 51
5.9 msec : 40
6.0 msec : 47
6.1 msec : 50
6.2 msec : 53
6.3 msec : 62
6.4 msec : 50
6.5 msec : 49
6.6 msec : 51
6.7 msec : 55
6.8 msec : 46
6.9 msec : 61
7.0 msec : 56
7.1 msec : 48
7.2 msec : 55
7.3 msec : 57
7.4 msec : 51
7.5 msec : 53
7.6 msec : 42
7.7 msec : 53
7.8 msec : 50
7.9 msec : 47
8.0 msec : 42
8.1 msec : 47
8.2 msec : 50
8.3 msec : 56
8.4 msec : 47
8.5 msec : 60
8.6 msec : 49
8.7 msec : 53
8.8 msec : 46
8.9 msec : 53
9.0 msec : 48
9.1 msec : 35
9.2 msec : 51
9.3 msec : 38
9.4 msec : 39
9.5 msec : 40
9.6 msec : 52
9.7 msec : 40
9.8 msec : 53
9.9 msec : 52
10.0 msec : 34
10.1 msec : 42
10.2 msec : 44
10.3 msec : 39
10.4 msec : 48
10.5 msec : 53
10.6 msec : 36
10.7 msec : 54
10.8 msec : 43
10.9 msec : 43
11.0 msec : 44
11.1 msec : 44
11.2 msec : 37
11.3 msec : 43
11.4 msec : 48
11.5 msec : 41
11.6 msec : 37
11.7 msec : 38
11.8 msec : 34
11.9 msec : 41
12.0 msec : 35
12.1 msec : 43
12.2 msec : 38
12.3 msec : 36
12.4 msec : 27
12.5 msec : 33
12.6 msec : 39
12.7 msec : 30
12.8 msec : 37
12.9 msec : 37
13.0 msec : 31
13.1 msec : 40
13.2 msec : 39
13.3 msec : 23
13.4 msec : 24
13.5 msec : 23
13.6 msec : 30
13.7 msec : 31
13.8 msec : 32
13.9 msec : 33
14.0 msec : 35
14.1 msec : 34
14.2 msec : 21
14.3 msec : 32
14.4 msec : 24
14.5 msec : 33
14.6 msec : 23
14.7 msec : 33
14.8 msec : 30
14.9 msec : 22
15.0 msec : 33
15.1 msec : 36
15.2 msec : 28
15.3 msec : 28
15.4 msec : 29
15.5 msec : 33
15.6 msec : 34
15.7 msec : 29
15.8 msec : 28
15.9 msec : 25
16.0 msec : 24
16.1 msec : 27
16.2 msec : 26
16.3 msec : 26
16.4 msec : 24
16.5 msec : 26
16.6 msec : 29
16.7 msec : 23
16.8 msec : 27
16.9 msec : 20
17.0 msec : 27
17.1 msec : 22
17.2 msec : 23
17.3 msec : 20
17.4 msec : 21
17.5 msec : 28
17.6 msec : 14
17.7 msec : 21
17.8 msec : 20
17.9 msec : 17
18.0 msec : 22
18.1 msec : 26
18.2 msec : 29
18.3 msec : 24
18.4 msec : 20
18.5 msec : 18
18.6 msec : 23
18.7 msec : 14
18.8 msec : 28
18.9 msec : 28
19.0 msec : 19
19.1 msec : 25
19.2 msec : 23
19.3 msec : 17
19.4 msec : 24
19.5 msec : 21
19.6 msec : 19
19.7 msec : 16
19.8 msec : 19
19.9 msec : 21
20.0 msec : 17
20.1 msec : 14
20.2 msec : 26
20.3 msec : 12
20.4 msec : 18
20.5 msec : 27
20.6 msec : 13
20.7 msec : 16
20.8 msec : 15
20.9 msec : 13
21.0 msec : 18
21.1 msec : 15
21.2 msec : 21
21.3 msec : 18
21.4 msec : 15
21.5 msec : 16
21.6 msec : 25
21.7 msec : 24
21.8 msec : 13
21.9 msec : 15
22.0 msec : 20
22.1 msec : 11
22.2 msec : 17
22.3 msec : 11
22.4 msec : 13
22.5 msec : 21
22.6 msec : 20
22.7 msec : 9
22.8 msec : 14
22.9 msec : 17
23.0 msec : 14
23.1 msec : 17
23.2 msec : 15
23.3 msec : 11
23.4 msec : 13
23.5 msec : 14
23.6 msec : 14
23.7 msec : 23
23.8 msec : 19
23.9 msec : 9
24.0 msec : 13
24.1 msec : 17
24.2 msec : 13
24.3 msec : 16
24.4 msec : 18
24.5 msec : 16
24.6 msec : 14
24.7 msec : 10
24.8 msec : 17
24.9 msec : 11
25.0 msec : 11
25.1 msec : 8
25.2 msec : 15
25.3 msec : 11
25.4 msec : 17
25.5 msec : 13
25.6 msec : 14
25.7 msec : 10
25.8 msec : 11
25.9 msec : 10
26.0 msec : 10
26.1 msec : 19
26.2 msec : 19
26.3 msec : 11
26.4 msec : 8
26.5 msec : 9
26.6 msec : 11
26.7 msec : 8
26.8 msec : 4
26.9 msec : 6
27.0 msec : 7
27.1 msec : 10
27.2 msec : 10
27.3 msec : 10
27.4 msec : 6
27.5 msec : 10
27.6 msec : 3
27.7 msec : 5
27.8 msec : 16
27.9 msec : 12
28.0 msec : 16
28.1 msec : 15
28.2 msec : 9
28.3 msec : 8
28.4 msec : 7
28.5 msec : 2
28.6 msec : 11
28.7 msec : 8
28.8 msec : 4
28.9 msec : 9
29.0 msec : 8
29.1 msec : 12
29.2 msec : 7
29.3 msec : 8
29.4 msec : 6
29.5 msec : 11
29.6 msec : 12
29.7 msec : 4
29.8 msec : 8
29.9 msec : 9
30.0 msec : 5
30.1 msec : 3
30.2 msec : 7
30.3 msec : 6
30.4 msec : 5
30.5 msec : 7
30.6 msec : 7
30.7 msec : 4
30.8 msec : 7
30.9 msec : 11
31.0 msec : 7
31.1 msec : 10
31.2 msec : 8
31.3 msec : 6
31.4 msec : 9
31.5 msec : 6
31.6 msec : 4
31.7 msec : 2
31.8 msec : 4
31.9 msec : 9
32.0 msec : 3
32.1 msec : 5
32.2 msec : 4
32.3 msec : 6
32.4 msec : 4
32.5 msec : 8
32.6 msec : 5
32.7 msec : 5
32.8 msec : 8
32.9 msec : 7
33.0 msec : 7
33.1 msec : 3
33.2 msec : 5
33.3 msec : 11
33.4 msec : 8
33.5 msec : 8
33.6 msec : 7
33.7 msec : 5
33.8 msec : 10
33.9 msec : 8
34.0 msec : 7
34.1 msec : 2
34.2 msec : 10
34.3 msec : 6
34.4 msec : 6
34.5 msec : 5
34.6 msec : 8
34.7 msec : 1
34.8 msec : 7
34.9 msec : 2
35.0 msec : 5
35.1 msec : 5
35.2 msec : 1
35.3 msec : 8
35.4 msec : 4
35.5 msec : 4
35.6 msec : 7
35.7 msec : 3
35.8 msec : 3
35.9 msec : 4
36.0 msec : 3
36.1 msec : 4
36.2 msec : 7
36.3 msec : 6
36.4 msec : 9
36.5 msec : 0
36.6 msec : 7
36.7 msec : 5
36.8 msec : 7
36.9 msec : 1
37.0 msec : 2
37.1 msec : 2
37.2 msec : 6
37.3 msec : 5
37.4 msec : 5
37.5 msec : 4
37.6 msec : 3
37.7 msec : 7
37.8 msec : 3
37.9 msec : 6
38.0 msec : 4
38.1 msec : 2
38.2 msec : 6
38.3 msec : 3
38.4 msec : 5
38.5 msec : 2
38.6 msec : 8
38.7 msec : 4
38.8 msec : 5
38.9 msec : 6
39.0 msec : 2
39.1 msec : 5
39.2 msec : 5
39.3 msec : 5
39.4 msec : 4
39.5 msec : 7
39.6 msec : 2
39.7 msec : 2
39.8 msec : 6
39.9 msec : 2
40.0 msec : 4
40.1 msec : 7
40.2 msec : 6
40.3 msec : 3
40.4 msec : 6
40.5 msec : 4
40.6 msec : 4
40.7 msec : 3
40.8 msec : 2
40.9 msec : 3
41.0 msec : 8
41.1 msec : 4
41.2 msec : 2
41.3 msec : 2
41.4 msec : 2
41.5 msec : 3
41.6 msec : 5
41.7 msec : 4
41.8 msec : 2
41.9 msec : 5
42.0 msec : 2
42.1 msec : 3
42.2 msec : 5
42.3 msec : 2
42.4 msec : 3
42.5 msec : 3
42.6 msec : 0
42.7 msec : 3
42.8 msec : 4
42.9 msec : 3
43.0 msec : 5
43.1 msec : 4
43.2 msec : 2
43.3 msec : 4
43.4 msec : 0
43.5 msec : 4
43.6 msec : 5
43.7 msec : 2
43.8 msec : 2
43.9 msec : 3
44.0 msec : 2
44.1 msec : 2
44.2 msec : 2
44.3 msec : 4
44.4 msec : 4
44.5 msec : 2
44.6 msec : 2
44.7 msec : 3
44.8 msec : 0
44.9 msec : 1
45.0 msec : 1
45.1 msec : 5
45.2 msec : 2
45.3 msec : 3
45.4 msec : 1
45.5 msec : 1
45.6 msec : 5
45.7 msec : 1
45.8 msec : 2
45.9 msec : 1
46.0 msec : 2
46.1 msec : 4
46.2 msec : 2
46.3 msec : 4
46.4 msec : 3
46.5 msec : 4
46.6 msec : 2
46.7 msec : 2
46.8 msec : 2
46.9 msec : 2
47.0 msec : 1
47.1 msec : 1
47.2 msec : 5
47.3 msec : 3
47.4 msec : 4
47.5 msec : 2
47.6 msec : 2
47.7 msec : 4
47.8 msec : 4
47.9 msec : 1
48.0 msec : 2
48.1 msec : 2
48.2 msec : 3
48.3 msec : 2
48.4 msec : 3
48.5 msec : 2
48.6 msec : 1
48.7 msec : 2
48.8 msec : 0
48.9 msec : 5
49.0 msec : 4
49.1 msec : 2
49.2 msec : 1
49.3 msec : 1
49.4 msec : 1
49.5 msec : 2
49.6 msec : 1
49.7 msec : 3
49.8 msec : 3
49.9 msec : 1
50.0 msec : 3
50.1 msec : 0
50.2 msec : 3
50.3 msec : 2
50.4 msec : 2
50.5 msec : 1
50.6 msec : 3
50.7 msec : 3
50.8 msec : 0
50.9 msec : 0
51.0 msec : 4
51.1 msec : 2
51.2 msec : 3
51.3 msec : 3
51.4 msec : 0
51.5 msec : 4
51.6 msec : 1
51.7 msec : 2
51.8 msec : 4
51.9 msec : 0
52.0 msec : 2
52.1 msec : 1
52.2 msec : 3
52.3 msec : 3
52.4 msec : 2
52.5 msec : 1
52.6 msec : 2
52.7 msec : 1
52.8 msec : 1
52.9 msec : 4
53.0 msec : 2
53.1 msec : 2
53.2 msec : 2
53.3 msec : 2
53.4 msec : 1
53.5 msec : 3
53.6 msec : 2
53.7 msec : 2
53.8 msec : 3
53.9 msec : 1
54.0 msec : 3
54.1 msec : 1
54.2 msec : 1
54.3 msec : 1
54.4 msec : 0
54.5 msec : 1
54.6 msec : 1
54.7 msec : 1
54.8 msec : 1
54.9 msec : 2
55.0 msec : 0
55.1 msec : 2
55.2 msec : 1
55.3 msec : 0
55.4 msec : 2
55.5 msec : 1
55.6 msec : 1
55.7 msec : 0
55.8 msec : 1
55.9 msec : 1
56.0 msec : 0
56.1 msec : 2
56.2 msec : 2
56.3 msec : 1
56.4 msec : 0
56.5 msec : 1
56.6 msec : 1
56.7 msec : 0
56.8 msec : 0
56.9 msec : 0
57.0 msec : 3
57.1 msec : 0
57.2 msec : 2
57.3 msec : 0
57.4 msec : 2
57.5 msec : 0
57.6 msec : 2
57.7 msec : 0
57.8 msec : 0
57.9 msec : 0
58.0 msec : 1
58.1 msec : 0
58.2 msec : 1
58.3 msec : 2
58.4 msec : 1
58.5 msec : 1
58.6 msec : 2
58.7 msec : 2
58.8 msec : 3
58.9 msec : 1
59.0 msec : 1
59.1 msec : 2
59.2 msec : 0
59.3 msec : 2
59.4 msec : 1
59.5 msec : 3
59.6 msec : 1
59.7 msec : 1
59.8 msec : 0
59.9 msec : 1
60.0 msec : 0
60.1 msec : 1
60.2 msec : 2
60.3 msec : 2
60.4 msec : 0
60.5 msec : 2
60.6 msec : 3
60.7 msec : 2
60.8 msec : 0
60.9 msec : 0
61.0 msec : 0
61.1 msec : 3
61.2 msec : 1
61.3 msec : 1
61.4 msec : 0
61.5 msec : 0
61.6 msec : 1
61.7 msec : 2
61.8 msec : 1
61.9 msec : 1
62.0 msec : 0
62.1 msec : 3
62.2 msec : 0
62.3 msec : 1
62.4 msec : 0
62.5 msec : 1
62.6 msec : 2
62.7 msec : 0
62.8 msec : 1
62.9 msec : 0
63.0 msec : 1
63.1 msec : 1
63.2 msec : 0
63.3 msec : 0
63.4 msec : 2
63.5 msec : 0
63.6 msec : 1
63.7 msec : 2
63.8 msec : 1
63.9 msec : 1
64.0 msec : 0
64.1 msec : 1
64.2 msec : 0
64.3 msec : 0
64.4 msec : 0
64.5 msec : 0
64.6 msec : 1
64.7 msec : 1
64.8 msec : 1
64.9 msec : 0
65.0 msec : 1
65.1 msec : 0
65.2 msec : 0
65.3 msec : 1
65.4 msec : 0
65.5 msec : 1
65.6 msec : 0
65.7 msec : 1
65.8 msec : 0
65.9 msec : 1
66.0 msec : 0
66.1 msec : 1
66.2 msec : 1
66.3 msec : 2
66.4 msec : 1
66.5 msec : 1
66.6 msec : 0
66.7 msec : 1
66.8 msec : 0
66.9 msec : 0
67.0 msec : 2
67.1 msec : 0
67.2 msec : 2
67.3 msec : 2
67.4 msec : 1
67.5 msec : 1
67.6 msec : 1
67.7 msec : 0
67.8 msec : 0
67.9 msec : 1
68.0 msec : 2
68.1 msec : 0
68.2 msec : 2
68.3 msec : 2
68.4 msec : 3
68.5 msec : 0
68.6 msec : 2
68.7 msec : 1
68.8 msec : 3
68.9 msec : 1
69.0 msec : 1
69.1 msec : 0
69.2 msec : 2
69.3 msec : 0
69.4 msec : 1
69.5 msec : 2
69.6 msec : 3
69.7 msec : 1
69.8 msec : 2
69.9 msec : 0
70.0 msec : 0
70.1 msec : 0
70.2 msec : 3
70.3 msec : 1
70.4 msec : 2
70.5 msec : 2
70.6 msec : 1
70.7 msec : 3
70.8 msec : 0
70.9 msec : 1
71.0 msec : 2
71.1 msec : 2
71.2 msec : 0
71.3 msec : 1
71.4 msec : 0
71.5 msec : 0
71.6 msec : 0
71.7 msec : 0
71.8 msec : 0
71.9 msec : 0
72.0 msec : 0
72.1 msec : 1
72.2 msec : 0
72.3 msec : 0
72.4 msec : 1
72.5 msec : 1
72.6 msec : 0
72.7 msec : 1
72.8 msec : 0
72.9 msec : 2
73.0 msec : 1
73.1 msec : 0
73.2 msec : 0
73.3 msec : 2
73.4 msec : 0
73.5 msec : 1
73.6 msec : 0
73.7 msec : 1
73.8 msec : 2
73.9 msec : 0
74.0 msec : 1
74.1 msec : 0
74.2 msec : 0
74.3 msec : 0
74.4 msec : 0
74.5 msec : 1
74.6 msec : 0
74.7 msec : 0
74.8 msec : 0
74.9 msec : 0
75.0 msec : 2
75.1 msec : 1
75.2 msec : 0
75.3 msec : 2
75.4 msec : 0
75.5 msec : 0
75.6 msec : 0
75.7 msec : 1
75.8 msec : 0
75.9 msec : 1
76.0 msec : 0
76.1 msec : 0
76.2 msec : 1
76.3 msec : 1
76.4 msec : 1
76.5 msec : 0
76.6 msec : 1
76.7 msec : 0
76.8 msec : 0
76.9 msec : 0
77.0 msec : 0
77.1 msec : 0
77.2 msec : 2
77.3 msec : 0
77.4 msec : 0
77.5 msec : 1
77.6 msec : 0
77.7 msec : 0
77.8 msec : 1
77.9 msec : 0
78.0 msec : 1
78.1 msec : 0
78.2 msec : 1
78.3 msec : 0
78.4 msec : 0
78.5 msec : 1
78.6 msec : 1
78.7 msec : 0
78.8 msec : 0
78.9 msec : 1
79.0 msec : 0
79.1 msec : 0
79.2 msec : 0
79.3 msec : 2
79.4 msec : 0
79.5 msec : 0
79.6 msec : 1
79.7 msec : 1
79.8 msec : 0
79.9 msec : 1
80.0 msec : 0
80.1 msec : 1
80.2 msec : 1
80.3 msec : 0
80.4 msec : 1
80.5 msec : 0
80.6 msec : 1
80.7 msec : 0
80.8 msec : 0
80.9 msec : 0
81.0 msec : 2
81.1 msec : 0
81.2 msec : 0
81.3 msec : 0
81.4 msec : 0
81.5 msec : 1
81.6 msec : 2
81.7 msec : 0
81.8 msec : 0
81.9 msec : 0
82.0 msec : 1
82.1 msec : 0
82.2 msec : 0
82.3 msec : 0
82.4 msec : 0
82.5 msec : 0
82.6 msec : 1
82.7 msec : 2
82.8 msec : 0
82.9 msec : 0
83.0 msec : 0
83.1 msec : 0
83.2 msec : 0
83.3 msec : 0
83.4 msec : 0
83.5 msec : 0
83.6 msec : 0
83.7 msec : 0
83.8 msec : 0
83.9 msec : 1
84.0 msec : 0
84.1 msec : 0
84.2 msec : 0
84.3 msec : 0
84.4 msec : 0
84.5 msec : 0
84.6 msec : 0
84.7 msec : 1
84.8 msec : 0
84.9 msec : 0
85.0 msec : 1
85.1 msec : 0
85.2 msec : 1
85.3 msec : 0
85.4 msec : 0
85.5 msec : 0
85.6 msec : 0
85.7 msec : 0
85.8 msec : 0
85.9 msec : 0
86.0 msec : 0
86.1 msec : 1
86.2 msec : 1
86.3 msec : 0
86.4 msec : 0
86.5 msec : 0
86.6 msec : 0
86.7 msec : 0
86.8 msec : 2
86.9 msec : 0
87.0 msec : 0
87.1 msec : 1
87.2 msec : 2
87.3 msec : 0
87.4 msec : 0
87.5 msec : 1
87.6 msec : 1
87.7 msec : 0
87.8 msec : 0
87.9 msec : 1
88.0 msec : 1
88.1 msec : 0
88.2 msec : 0
88.3 msec : 0
88.4 msec : 0
88.5 msec : 0
88.6 msec : 0
88.7 msec : 2
88.8 msec : 1
88.9 msec : 0
89.0 msec : 0
89.1 msec : 0
89.2 msec : 1
89.3 msec : 0
89.4 msec : 0
89.5 msec : 0
89.6 msec : 0
89.7 msec : 0
89.8 msec : 0
89.9 msec : 0
90.0 msec : 0
90.1 msec : 1
90.2 msec : 0
90.3 msec : 0
90.4 msec : 0
90.5 msec : 1
90.6 msec : 0
90.7 msec : 0
90.8 msec : 0
90.9 msec : 0
91.0 msec : 0
91.1 msec : 0
91.2 msec : 0
91.3 msec : 0
91.4 msec : 0
91.5 msec : 0
91.6 msec : 0
91.7 msec : 1
91.8 msec : 0
91.9 msec : 0
92.0 msec : 0
92.1 msec : 0
92.2 msec : 0
92.3 msec : 0
92.4 msec : 0
92.5 msec : 0
92.6 msec : 0
92.7 msec : 1
92.8 msec : 0
92.9 msec : 0
93.0 msec : 0
93.1 msec : 0
93.2 msec : 0
93.3 msec : 0
93.4 msec : 0
93.5 msec : 0
93.6 msec : 0
93.7 msec : 0
93.8 msec : 0
93.9 msec : 0
94.0 msec : 0
94.1 msec : 0
94.2 msec : 0
94.3 msec : 0
94.4 msec : 0
94.5 msec : 0
94.6 msec : 0
94.7 msec : 0
94.8 msec : 0
94.9 msec : 1
95.0 msec : 0
95.1 msec : 1
95.2 msec : 0
95.3 msec : 0
95.4 msec : 0
95.5 msec : 0
95.6 msec : 0
95.7 msec : 0
95.8 msec : 0
95.9 msec : 0
96.0 msec : 0
96.1 msec : 0
96.2 msec : 0
96.3 msec : 0
96.4 msec : 0
96.5 msec : 0
96.6 msec : 0
96.7 msec : 0
96.8 msec : 0
96.9 msec : 0
97.0 msec : 0
97.1 msec : 0
97.2 msec : 0
97.3 msec : 0
97.4 msec : 0
97.5 msec : 1
97.6 msec : 0
97.7 msec : 0
97.8 msec : 0
97.9 msec : 0
98.0 msec : 0
98.1 msec : 0
98.2 msec : 0
98.3 msec : 0
98.4 msec : 0
98.5 msec : 0
98.6 msec : 0
98.7 msec : 0
98.8 msec : 1
98.9 msec : 1
99.0 msec : 0
99.1 msec : 1
99.2 msec : 0
99.3 msec : 0
99.4 msec : 0
99.5 msec : 0
99.6 msec : 0
99.7 msec : 0
99.8 msec : 0
99.9 msec : 0
100.0 msec : 0
100.1 msec : 0
100.2 msec : 0
100.3 msec : 0
100.4 msec : 0
100.5 msec : 0
100.6 msec : 0
100.7 msec : 0
100.8 msec : 0
100.9 msec : 0
101.0 msec : 0
101.1 msec : 0
101.2 msec : 0
101.3 msec : 0
101.4 msec : 0
101.5 msec : 0
101.6 msec : 0
101.7 msec : 0
101.8 msec : 0
101.9 msec : 0
102.0 msec : 0
102.1 msec : 0
102.2 msec : 0
102.3 msec : 0
102.4 msec : 0
102.5 msec : 0
102.6 msec : 0
102.7 msec : 0
102.8 msec : 0
102.9 msec : 0
103.0 msec : 0
103.1 msec : 0
103.2 msec : 0
103.3 msec : 0
103.4 msec : 0
103.5 msec : 0
103.6 msec : 0
103.7 msec : 0
103.8 msec : 0
103.9 msec : 0
104.0 msec : 0
104.1 msec : 0
104.2 msec : 1
104.3 msec : 0
104.4 msec : 0
104.5 msec : 0
104.6 msec : 0
104.7 msec : 0
104.8 msec : 0
104.9 msec : 0
105.0 msec : 0
105.1 msec : 0
105.2 msec : 0
105.3 msec : 0
105.4 msec : 0
105.5 msec : 0
105.6 msec : 0
105.7 msec : 0
105.8 msec : 0
105.9 msec : 0
106.0 msec : 0
106.1 msec : 0
106.2 msec : 0
106.3 msec : 0
106.4 msec : 0
106.5 msec : 0
106.6 msec : 0
106.7 msec : 0
106.8 msec : 0
106.9 msec : 0
107.0 msec : 0
107.1 msec : 0
107.2 msec : 1
107.3 msec : 0
107.4 msec : 0
107.5 msec : 0
107.6 msec : 1
107.7 msec : 0
107.8 msec : 0
107.9 msec : 0
108.0 msec : 0
108.1 msec : 0
108.2 msec : 0
108.3 msec : 0
108.4 msec : 0
108.5 msec : 0
108.6 msec : 0
108.7 msec : 0
108.8 msec : 0
108.9 msec : 0
109.0 msec : 0
109.1 msec : 0
109.2 msec : 0
109.3 msec : 0
109.4 msec : 0
109.5 msec : 0
109.6 msec : 0
109.7 msec : 0
109.8 msec : 0
109.9 msec : 0
110.0 msec : 0
110.1 msec : 0
110.2 msec : 0
110.3 msec : 0
110.4 msec : 0
110.5 msec : 0
110.6 msec : 0
110.7 msec : 0
110.8 msec : 0
110.9 msec : 0
111.0 msec : 0
111.1 msec : 0
111.2 msec : 0
111.3 msec : 0
111.4 msec : 0
111.5 msec : 0
111.6 msec : 0
111.7 msec : 0
111.8 msec : 0
111.9 msec : 0
112.0 msec : 0
112.1 msec : 0
112.2 msec : 0
112.3 msec : 0
112.4 msec : 0
112.5 msec : 0
112.6 msec : 0
112.7 msec : 0
112.8 msec : 0
112.9 msec : 0
113.0 msec : 0
113.1 msec : 1
113.2 msec : 0
113.3 msec : 1
113.4 msec : 0
113.5 msec : 0
113.6 msec : 0
113.7 msec : 0
113.8 msec : 0
113.9 msec : 0
114.0 msec : 0
114.1 msec : 0
114.2 msec : 0
114.3 msec : 0
114.4 msec : 0
114.5 msec : 0
114.6 msec : 1
114.7 msec : 0
114.8 msec : 0
114.9 msec : 0
115.0 msec : 0
115.1 msec : 1
115.2 msec : 0
115.3 msec : 0
115.4 msec : 0
115.5 msec : 0
115.6 msec : 0
115.7 msec : 0
115.8 msec : 0
115.9 msec : 0
116.0 msec : 0
116.1 msec : 0
116.2 msec : 0
116.3 msec : 0
116.4 msec : 0
116.5 msec : 0
116.6 msec : 0
116.7 msec : 0
116.8 msec : 0
116.9 msec : 0
117.0 msec : 0
117.1 msec : 0
117.2 msec : 0
117.3 msec : 0
117.4 msec : 0
117.5 msec : 0
117.6 msec : 0
117.7 msec : 0
117.8 msec : 0
117.9 msec : 0
118.0 msec : 0
118.1 msec : 0
118.2 msec : 0
118.3 msec : 0
118.4 msec : 0
118.5 msec : 0
118.6 msec : 0
118.7 msec : 0
118.8 msec : 0
118.9 msec : 0
119.0 msec : 0
119.1 msec : 0
119.2 msec : 0
119.3 msec : 0
119.4 msec : 0
119.5 msec : 0
119.6 msec : 0
119.7 msec : 0
119.8 msec : 0
119.9 msec : 0
120.0 msec : 0
120.1 msec : 0
120.2 msec : 0
120.3 msec : 0
120.4 msec : 0
120.5 msec : 0
120.6 msec : 0
120.7 msec : 0
120.8 msec : 0
120.9 msec : 0
121.0 msec : 0
121.1 msec : 0
121.2 msec : 0
121.3 msec : 0
121.4 msec : 0
121.5 msec : 0
121.6 msec : 0
121.7 msec : 0
121.8 msec : 0
121.9 msec : 0
122.0 msec : 0
122.1 msec : 0
122.2 msec : 0
122.3 msec : 0
122.4 msec : 0
122.5 msec : 0
122.6 msec : 0
122.7 msec : 0
122.8 msec : 0
122.9 msec : 0
123.0 msec : 0
123.1 msec : 0
123.2 msec : 0
123.3 msec : 0
123.4 msec : 0
123.5 msec : 0
123.6 msec : 0
123.7 msec : 0
123.8 msec : 0
123.9 msec : 0
124.0 msec : 0
124.1 msec : 0
124.2 msec : 0
124.3 msec : 0
124.4 msec : 0
124.5 msec : 0
124.6 msec : 0
124.7 msec : 0
124.8 msec : 0
124.9 msec : 0
125.0 msec : 0
125.1 msec : 0
125.2 msec : 0
125.3 msec : 0
125.4 msec : 0
125.5 msec : 0
125.6 msec : 0
125.7 msec : 0
125.8 msec : 0
125.9 msec : 0
126.0 msec : 0
126.1 msec : 0
126.2 msec : 0
126.3 msec : 0
126.4 msec : 0
126.5 msec : 0
126.6 msec : 0
126.7 msec : 0
126.8 msec : 0
126.9 msec : 0
127.0 msec : 0
127.1 msec : 0
127.2 msec : 0
127.3 msec : 0
127.4 msec : 0
127.5 msec : 1
127.6 msec : 0
127.7 msec : 0
127.8 msec : 0
127.9 msec : 0
128.0 msec : 0
128.1 msec : 0
128.2 msec : 0
128.3 msec : 0
128.4 msec : 0
128.5 msec : 0
128.6 msec : 0
128.7 msec : 0
128.8 msec : 0
128.9 msec : 0
129.0 msec : 0
129.1 msec : 0
129.2 msec : 0
129.3 msec : 0
129.4 msec : 0
129.5 msec : 0
129.6 msec : 0
129.7 msec : 0
129.8 msec : 0
129.9 msec : 0
130.0 msec : 0
130.1 msec : 0
130.2 msec : 0
130.3 msec : 0
130.4 msec : 0
130.5 msec : 0
130.6 msec : 0
130.7 msec : 0
130.8 msec : 0
130.9 msec : 0
131.0 msec : 0
131.1 msec : 0
131.2 msec : 0
131.3 msec : 0
131.4 msec : 0
131.5 msec : 0
131.6 msec : 0
131.7 msec : 0
131.8 msec : 0
131.9 msec : 0
132.0 msec : 0
132.1 msec : 0
132.2 msec : 0
132.3 msec : 0
132.4 msec : 0
132.5 msec : 0
132.6 msec : 0
132.7 msec : 0
132.8 msec : 0
132.9 msec : 0
133.0 msec : 0
133.1 msec : 0
133.2 msec : 0
133.3 msec : 0
133.4 msec : 0
133.5 msec : 0
133.6 msec : 0
133.7 msec : 0
133.8 msec : 0
133.9 msec : 0
134.0 msec : 0
134.1 msec : 0
134.2 msec : 0
134.3 msec : 0
134.4 msec : 0
134.5 msec : 0
134.6 msec : 0
134.7 msec : 0
134.8 msec : 0
134.9 msec : 0
135.0 msec : 0
135.1 msec : 0
135.2 msec : 0
135.3 msec : 0
135.4 msec : 0
135.5 msec : 0
135.6 msec : 0
135.7 msec : 0
135.8 msec : 0
135.9 msec : 0
136.0 msec : 0
136.1 msec : 0
136.2 msec : 0
136.3 msec : 0
136.4 msec : 0
136.5 msec : 0
136.6 msec : 0
136.7 msec : 0
136.8 msec : 0
136.9 msec : 0
137.0 msec : 0
137.1 msec : 0
137.2 msec : 0
137.3 msec : 0
137.4 msec : 0
137.5 msec : 0
137.6 msec : 0
137.7 msec : 0
137.8 msec : 0
137.9 msec : 0
138.0 msec : 0
138.1 msec : 0
138.2 msec : 0
138.3 msec : 0
138.4 msec : 0
138.5 msec : 0
138.6 msec : 0
138.7 msec : 0
138.8 msec : 0
138.9 msec : 0
139.0 msec : 0
139.1 msec : 0
139.2 msec : 0
139.3 msec : 0
139.4 msec : 0
139.5 msec : 0
139.6 msec : 0
139.7 msec : 0
139.8 msec : 0
139.9 msec : 0
140.0 msec : 0
140.1 msec : 0
140.2 msec : 0
140.3 msec : 0
140.4 msec : 0
140.5 msec : 0
140.6 msec : 0
140.7 msec : 0
140.8 msec : 0
140.9 msec : 0
141.0 msec : 0
141.1 msec : 0
141.2 msec : 0
141.3 msec : 0
141.4 msec : 0
141.5 msec : 0
141.6 msec : 0
141.7 msec : 0
141.8 msec : 0
141.9 msec : 0
142.0 msec : 0
142.1 msec : 0
142.2 msec : 0
142.3 msec : 0
142.4 msec : 0
142.5 msec : 0
142.6 msec : 0
142.7 msec : 0
142.8 msec : 0
142.9 msec : 0
143.0 msec : 0
143.1 msec : 0
143.2 msec : 0
143.3 msec : 0
143.4 msec : 0
143.5 msec : 0
143.6 msec : 0
143.7 msec : 0
143.8 msec : 0
143.9 msec : 0
144.0 msec : 0
144.1 msec : 0
144.2 msec : 0
144.3 msec : 0
144.4 msec : 0
144.5 msec : 0
144.6 msec : 0
144.7 msec : 0
144.8 msec : 0
144.9 msec : 0
145.0 msec : 0
145.1 msec : 0
145.2 msec : 0
145.3 msec : 0
145.4 msec : 0
145.5 msec : 0
145.6 msec : 0
145.7 msec : 0
145.8 msec : 0
145.9 msec : 0
146.0 msec : 0
146.1 msec : 0
146.2 msec : 0
146.3 msec : 0
146.4 msec : 0
146.5 msec : 0
146.6 msec : 0
146.7 msec : 0
146.8 msec : 0
146.9 msec : 0
147.0 msec : 0
147.1 msec : 0
147.2 msec : 0
147.3 msec : 0
147.4 msec : 0
147.5 msec : 0
147.6 msec : 0
147.7 msec : 0
147.8 msec : 0
147.9 msec : 0
148.0 msec : 0
148.1 msec : 0
148.2 msec : 0
148.3 msec : 0
148.4 msec : 0
148.5 msec : 0
148.6 msec : 0
148.7 msec : 0
148.8 msec : 0
148.9 msec : 0
149.0 msec : 0
149.1 msec : 0
149.2 msec : 0
149.3 msec : 0
149.4 msec : 0
149.5 msec : 0
149.6 msec : 0
149.7 msec : 0
149.8 msec : 0
149.9 msec : 0
150.0 msec : 0
150.1 msec : 0
150.2 msec : 0
150.3 msec : 0
150.4 msec : 0
150.5 msec : 0
150.6 msec : 0
150.7 msec : 0
150.8 msec : 0
150.9 msec : 0
151.0 msec : 0
151.1 msec : 0
151.2 msec : 0
151.3 msec : 0
151.4 msec : 0
151.5 msec : 0
151.6 msec : 0
151.7 msec : 0
151.8 msec : 0
151.9 msec : 0
152.0 msec : 0
152.1 msec : 0
152.2 msec : 0
152.3 msec : 0
152.4 msec : 0
152.5 msec : 0
152.6 msec : 0
152.7 msec : 0
152.8 msec : 0
152.9 msec : 0
153.0 msec : 0
