Middleware started...
Middleware shuts down...
Smaller resolution statistics are in a log file...
Final aggregates per worker:


Worker 46
Average throughput (ops/sec) = 28
Average response time (msec) = 11.4220175
Average queue length = 0
Average wait time in queue (msec) = 0.8567355
Average service time (msec) = 7.540269333333333
Number of SET = 28
Number of GET = 0
Number of MULTI GET = 0


Worker 47
Average throughput (ops/sec) = 27
Average response time (msec) = 12.174977666666667
Average queue length = 0
Average wait time in queue (msec) = 0.9821015
Average service time (msec) = 8.141434
Number of SET = 27
Number of GET = 0
Number of MULTI GET = 0


Worker 48
Average throughput (ops/sec) = 30
Average response time (msec) = 11.7230365
Average queue length = 0
Average wait time in queue (msec) = 0.567248
Average service time (msec) = 8.1996175
Number of SET = 30
Number of GET = 0
Number of MULTI GET = 0


Worker 49
Average throughput (ops/sec) = 27
Average response time (msec) = 9.786276166666665
Average queue length = 0
Average wait time in queue (msec) = 0.719601
Average service time (msec) = 6.710227666666667
Number of SET = 27
Number of GET = 0
Number of MULTI GET = 0


Worker 42
Average throughput (ops/sec) = 26
Average response time (msec) = 17.374569333333334
Average queue length = 3
Average wait time in queue (msec) = 0.7627211666666667
Average service time (msec) = 10.645918666666667
Number of SET = 26
Number of GET = 0
Number of MULTI GET = 0


Worker 43
Average throughput (ops/sec) = 25
Average response time (msec) = 14.495276333333335
Average queue length = 0
Average wait time in queue (msec) = 1.0645691666666668
Average service time (msec) = 10.182480833333335
Number of SET = 25
Number of GET = 0
Number of MULTI GET = 0


Worker 44
Average throughput (ops/sec) = 27
Average response time (msec) = 10.782184333333333
Average queue length = 0
Average wait time in queue (msec) = 0.571641
Average service time (msec) = 6.400383
Number of SET = 27
Number of GET = 0
Number of MULTI GET = 0


Worker 45
Average throughput (ops/sec) = 29
Average response time (msec) = 12.5134345
Average queue length = 0
Average wait time in queue (msec) = 0.8613705
Average service time (msec) = 8.416567166666667
Number of SET = 29
Number of GET = 0
Number of MULTI GET = 0


Worker 50
Average throughput (ops/sec) = 28
Average response time (msec) = 13.225981333333333
Average queue length = 0
Average wait time in queue (msec) = 0.7911253333333333
Average service time (msec) = 9.220731666666666
Number of SET = 28
Number of GET = 0
Number of MULTI GET = 0


Worker 51
Average throughput (ops/sec) = 25
Average response time (msec) = 15.665976666666666
Average queue length = 0
Average wait time in queue (msec) = 0.7203538333333334
Average service time (msec) = 10.739074166666667
Number of SET = 25
Number of GET = 0
Number of MULTI GET = 0


Worker 52
Average throughput (ops/sec) = 29
Average response time (msec) = 11.259603166666666
Average queue length = 1
Average wait time in queue (msec) = 0.814568
Average service time (msec) = 7.433109
Number of SET = 29
Number of GET = 0
Number of MULTI GET = 0


Worker 57
Average throughput (ops/sec) = 30
Average response time (msec) = 12.5552555
Average queue length = 3
Average wait time in queue (msec) = 0.5987673333333333
Average service time (msec) = 8.484749833333334
Number of SET = 30
Number of GET = 0
Number of MULTI GET = 0


Worker 13
Average throughput (ops/sec) = 27
Average response time (msec) = 13.2732465
Average queue length = 1
Average wait time in queue (msec) = 0.6167361666666666
Average service time (msec) = 9.7273665
Number of SET = 27
Number of GET = 0
Number of MULTI GET = 0


Worker 58
Average throughput (ops/sec) = 32
Average response time (msec) = 14.547338333333334
Average queue length = 3
Average wait time in queue (msec) = 0.7825135
Average service time (msec) = 9.911767166666666
Number of SET = 32
Number of GET = 0
Number of MULTI GET = 0


Worker 14
Average throughput (ops/sec) = 29
Average response time (msec) = 12.427
Average queue length = 1
Average wait time in queue (msec) = 1.4640845
Average service time (msec) = 8.5098595
Number of SET = 29
Number of GET = 0
Number of MULTI GET = 0


Worker 59
Average throughput (ops/sec) = 32
Average response time (msec) = 12.977223333333335
Average queue length = 2
Average wait time in queue (msec) = 0.887558
Average service time (msec) = 7.058932666666667
Number of SET = 32
Number of GET = 0
Number of MULTI GET = 0


Worker 15
Average throughput (ops/sec) = 30
Average response time (msec) = 9.725846833333334
Average queue length = 0
Average wait time in queue (msec) = 1.4355571666666667
Average service time (msec) = 5.4663555
Number of SET = 30
Number of GET = 0
Number of MULTI GET = 0


Worker 16
Average throughput (ops/sec) = 28
Average response time (msec) = 12.635121833333335
Average queue length = 3
Average wait time in queue (msec) = 0.6745883333333333
Average service time (msec) = 6.849279
Number of SET = 28
Number of GET = 0
Number of MULTI GET = 0


Worker 53
Average throughput (ops/sec) = 29
Average response time (msec) = 14.337449833333334
Average queue length = 2
Average wait time in queue (msec) = 0.4876465
Average service time (msec) = 8.7533205
Number of SET = 29
Number of GET = 0
Number of MULTI GET = 0


Worker 54
Average throughput (ops/sec) = 27
Average response time (msec) = 12.877113
Average queue length = 0
Average wait time in queue (msec) = 0.7067846666666666
Average service time (msec) = 7.989213333333333
Number of SET = 27
Number of GET = 0
Number of MULTI GET = 0


Worker 10
Average throughput (ops/sec) = 27
Average response time (msec) = 12.8109335
Average queue length = 1
Average wait time in queue (msec) = 0.710654
Average service time (msec) = 7.006829833333333
Number of SET = 27
Number of GET = 0
Number of MULTI GET = 0


Worker 55
Average throughput (ops/sec) = 31
Average response time (msec) = 12.013872
Average queue length = 1
Average wait time in queue (msec) = 0.8186061666666666
Average service time (msec) = 6.5430885
Number of SET = 31
Number of GET = 0
Number of MULTI GET = 0


Worker 11
Average throughput (ops/sec) = 25
Average response time (msec) = 11.140598
Average queue length = 1
Average wait time in queue (msec) = 1.1136493333333333
Average service time (msec) = 6.9599655
Number of SET = 25
Number of GET = 0
Number of MULTI GET = 0


Worker 56
Average throughput (ops/sec) = 31
Average response time (msec) = 13.413725333333334
Average queue length = 0
Average wait time in queue (msec) = 0.7344865
Average service time (msec) = 8.144580166666668
Number of SET = 31
Number of GET = 0
Number of MULTI GET = 0


Worker 12
Average throughput (ops/sec) = 31
Average response time (msec) = 12.9576805
Average queue length = 0
Average wait time in queue (msec) = 1.3821333333333332
Average service time (msec) = 7.828274166666667
Number of SET = 31
Number of GET = 0
Number of MULTI GET = 0


Worker 17
Average throughput (ops/sec) = 28
Average response time (msec) = 11.274813333333334
Average queue length = 2
Average wait time in queue (msec) = 0.4664353333333333
Average service time (msec) = 7.295792
Number of SET = 28
Number of GET = 0
Number of MULTI GET = 0


Worker 18
Average throughput (ops/sec) = 28
Average response time (msec) = 11.4459305
Average queue length = 0
Average wait time in queue (msec) = 0.5675831666666666
Average service time (msec) = 8.175742333333334
Number of SET = 28
Number of GET = 0
Number of MULTI GET = 0


Worker 19
Average throughput (ops/sec) = 27
Average response time (msec) = 11.274252333333333
Average queue length = 1
Average wait time in queue (msec) = 0.7921475
Average service time (msec) = 8.025939833333332
Number of SET = 27
Number of GET = 0
Number of MULTI GET = 0


Worker 60
Average throughput (ops/sec) = 28
Average response time (msec) = 12.520717333333334
Average queue length = 0
Average wait time in queue (msec) = 0.5806936666666667
Average service time (msec) = 8.166252833333333
Number of SET = 28
Number of GET = 0
Number of MULTI GET = 0


Worker 61
Average throughput (ops/sec) = 28
Average response time (msec) = 12.377702
Average queue length = 0
Average wait time in queue (msec) = 1.4395945
Average service time (msec) = 8.43705
Number of SET = 28
Number of GET = 0
Number of MULTI GET = 0


Worker 62
Average throughput (ops/sec) = 28
Average response time (msec) = 11.258711833333335
Average queue length = 3
Average wait time in queue (msec) = 0.6187726666666666
Average service time (msec) = 6.546773166666667
Number of SET = 28
Number of GET = 0
Number of MULTI GET = 0


Worker 63
Average throughput (ops/sec) = 29
Average response time (msec) = 14.0514195
Average queue length = 4
Average wait time in queue (msec) = 0.5618221666666666
Average service time (msec) = 9.5464125
Number of SET = 29
Number of GET = 0
Number of MULTI GET = 0


Worker 24
Average throughput (ops/sec) = 30
Average response time (msec) = 11.893849666666666
Average queue length = 1
Average wait time in queue (msec) = 1.4094166666666668
Average service time (msec) = 7.772817166666667
Number of SET = 30
Number of GET = 0
Number of MULTI GET = 0


Worker 7
Average throughput (ops/sec) = 27
Average response time (msec) = 12.943426833333334
Average queue length = 2
Average wait time in queue (msec) = 1.3615126666666668
Average service time (msec) = 8.283068
Number of SET = 27
Number of GET = 0
Number of MULTI GET = 0


Worker 25
Average throughput (ops/sec) = 28
Average response time (msec) = 10.429946666666666
Average queue length = 0
Average wait time in queue (msec) = 0.6911231666666666
Average service time (msec) = 7.388752333333333
Number of SET = 28
Number of GET = 0
Number of MULTI GET = 0


Worker 6
Average throughput (ops/sec) = 30
Average response time (msec) = 11.544982166666665
Average queue length = 2
Average wait time in queue (msec) = 0.8477393333333334
Average service time (msec) = 7.60466
Number of SET = 30
Number of GET = 0
Number of MULTI GET = 0


Worker 26
Average throughput (ops/sec) = 28
Average response time (msec) = 11.327927
Average queue length = 1
Average wait time in queue (msec) = 0.8818471666666666
Average service time (msec) = 6.8011015
Number of SET = 28
Number of GET = 0
Number of MULTI GET = 0


Worker 9
Average throughput (ops/sec) = 29
Average response time (msec) = 12.1270455
Average queue length = 0
Average wait time in queue (msec) = 0.43760683333333333
Average service time (msec) = 8.0918135
Number of SET = 29
Number of GET = 0
Number of MULTI GET = 0


Worker 27
Average throughput (ops/sec) = 28
Average response time (msec) = 10.382750166666666
Average queue length = 0
Average wait time in queue (msec) = 0.8955751666666666
Average service time (msec) = 6.335713
Number of SET = 28
Number of GET = 0
Number of MULTI GET = 0


Worker 8
Average throughput (ops/sec) = 28
Average response time (msec) = 11.733605333333333
Average queue length = 0
Average wait time in queue (msec) = 1.4018675
Average service time (msec) = 7.285252666666667
Number of SET = 28
Number of GET = 0
Number of MULTI GET = 0


Worker 64
Average throughput (ops/sec) = 30
Average response time (msec) = 13.235503333333334
Average queue length = 0
Average wait time in queue (msec) = 0.6619783333333333
Average service time (msec) = 8.362821166666667
Number of SET = 30
Number of GET = 0
Number of MULTI GET = 0


Worker 20
Average throughput (ops/sec) = 26
Average response time (msec) = 14.289465
Average queue length = 0
Average wait time in queue (msec) = 0.8137878333333334
Average service time (msec) = 7.095223666666667
Number of SET = 26
Number of GET = 0
Number of MULTI GET = 0


Worker 3
Average throughput (ops/sec) = 28
Average response time (msec) = 12.922712833333334
Average queue length = 2
Average wait time in queue (msec) = 2.2260125
Average service time (msec) = 7.984658666666667
Number of SET = 28
Number of GET = 0
Number of MULTI GET = 0


Worker 2
Average throughput (ops/sec) = 29
Average response time (msec) = 13.3790005
Average queue length = 1
Average wait time in queue (msec) = 1.633513
Average service time (msec) = 8.279471166666667
Number of SET = 29
Number of GET = 0
Number of MULTI GET = 0


Worker 21
Average throughput (ops/sec) = 29
Average response time (msec) = 10.932499
Average queue length = 0
Average wait time in queue (msec) = 1.186503
Average service time (msec) = 7.312137666666667
Number of SET = 29
Number of GET = 0
Number of MULTI GET = 0


Worker 22
Average throughput (ops/sec) = 30
Average response time (msec) = 11.620009666666666
Average queue length = 1
Average wait time in queue (msec) = 1.238359
Average service time (msec) = 7.242552833333333
Number of SET = 30
Number of GET = 0
Number of MULTI GET = 0


Worker 5
Average throughput (ops/sec) = 31
Average response time (msec) = 9.811685166666667
Average queue length = 0
Average wait time in queue (msec) = 1.9411083333333332
Average service time (msec) = 7.034580166666667
Number of SET = 31
Number of GET = 0
Number of MULTI GET = 0


Worker 23
Average throughput (ops/sec) = 27
Average response time (msec) = 10.897512833333334
Average queue length = 0
Average wait time in queue (msec) = 0.606559
Average service time (msec) = 7.6297125
Number of SET = 27
Number of GET = 0
Number of MULTI GET = 0


Worker 4
Average throughput (ops/sec) = 27
Average response time (msec) = 11.964359666666667
Average queue length = 0
Average wait time in queue (msec) = 1.0427111666666666
Average service time (msec) = 7.8708911666666665
Number of SET = 27
Number of GET = 0
Number of MULTI GET = 0


Worker 28
Average throughput (ops/sec) = 29
Average response time (msec) = 12.015244833333334
Average queue length = 0
Average wait time in queue (msec) = 0.7438255
Average service time (msec) = 7.9997575
Number of SET = 29
Number of GET = 0
Number of MULTI GET = 0


Worker 29
Average throughput (ops/sec) = 28
Average response time (msec) = 11.507768
Average queue length = 2
Average wait time in queue (msec) = 1.4876136666666668
Average service time (msec) = 6.6476535
Number of SET = 28
Number of GET = 0
Number of MULTI GET = 0


Worker 1
Average throughput (ops/sec) = 30
Average response time (msec) = 10.840426
Average queue length = 1
Average wait time in queue (msec) = 0.9206971666666667
Average service time (msec) = 7.197036833333333
Number of SET = 30
Number of GET = 0
Number of MULTI GET = 0


Worker 30
Average throughput (ops/sec) = 30
Average response time (msec) = 10.519464666666666
Average queue length = 1
Average wait time in queue (msec) = 0.8080121666666666
Average service time (msec) = 6.140913333333333
Number of SET = 30
Number of GET = 0
Number of MULTI GET = 0


Worker 35
Average throughput (ops/sec) = 27
Average response time (msec) = 10.6346285
Average queue length = 2
Average wait time in queue (msec) = 0.567885
Average service time (msec) = 7.4236785
Number of SET = 27
Number of GET = 0
Number of MULTI GET = 0


Worker 36
Average throughput (ops/sec) = 29
Average response time (msec) = 11.215237333333334
Average queue length = 2
Average wait time in queue (msec) = 0.5260355
Average service time (msec) = 7.848802166666667
Number of SET = 29
Number of GET = 0
Number of MULTI GET = 0


Worker 37
Average throughput (ops/sec) = 31
Average response time (msec) = 16.702657
Average queue length = 0
Average wait time in queue (msec) = 1.2641515
Average service time (msec) = 6.003711833333333
Number of SET = 31
Number of GET = 0
Number of MULTI GET = 0


Worker 38
Average throughput (ops/sec) = 27
Average response time (msec) = 12.196785833333333
Average queue length = 2
Average wait time in queue (msec) = 0.9428083333333334
Average service time (msec) = 7.373345
Number of SET = 27
Number of GET = 0
Number of MULTI GET = 0


Worker 31
Average throughput (ops/sec) = 28
Average response time (msec) = 15.317743
Average queue length = 0
Average wait time in queue (msec) = 2.054260833333333
Average service time (msec) = 9.228398
Number of SET = 28
Number of GET = 0
Number of MULTI GET = 0


Worker 32
Average throughput (ops/sec) = 26
Average response time (msec) = 12.8149125
Average queue length = 0
Average wait time in queue (msec) = 0.4822763333333333
Average service time (msec) = 9.578618166666667
Number of SET = 26
Number of GET = 0
Number of MULTI GET = 0


Worker 33
Average throughput (ops/sec) = 27
Average response time (msec) = 12.171713833333333
Average queue length = 0
Average wait time in queue (msec) = 1.3473901666666668
Average service time (msec) = 7.328027
Number of SET = 27
Number of GET = 0
Number of MULTI GET = 0


Worker 34
Average throughput (ops/sec) = 29
Average response time (msec) = 12.918815333333335
Average queue length = 0
Average wait time in queue (msec) = 1.4585291666666667
Average service time (msec) = 7.915858
Number of SET = 29
Number of GET = 0
Number of MULTI GET = 0


Worker 39
Average throughput (ops/sec) = 29
Average response time (msec) = 12.282657333333335
Average queue length = 2
Average wait time in queue (msec) = 0.7278671666666666
Average service time (msec) = 8.209958333333333
Number of SET = 29
Number of GET = 0
Number of MULTI GET = 0


Worker 40
Average throughput (ops/sec) = 29
Average response time (msec) = 13.179240333333334
Average queue length = 1
Average wait time in queue (msec) = 0.5076673333333334
Average service time (msec) = 8.455168833333333
Number of SET = 29
Number of GET = 0
Number of MULTI GET = 0


Worker 41
Average throughput (ops/sec) = 26
Average response time (msec) = 16.012223333333335
Average queue length = 1
Average wait time in queue (msec) = 0.5773226666666667
Average service time (msec) = 11.736922666666667
Number of SET = 26
Number of GET = 0
Number of MULTI GET = 0


FINAL STATS
Average throughput (ops/sec) = 1816
Average response time (msec) = 10.253170416289592
Average queue length = 0
Average wait time in queue (msec) = 0.9351001979166667
Average service time (msec) = 7.914381791666667
Number of SET = 28
Number of GET = 0
Number of MULTI GET = 0
Number of Cache misses = 0


Histogram response times (0.1 msec step)
0.0 msec : 18
0.1 msec : 82
0.2 msec : 152
0.3 msec : 168
0.4 msec : 190
0.5 msec : 148
0.6 msec : 169
0.7 msec : 161
0.8 msec : 133
0.9 msec : 105
1.0 msec : 110
1.1 msec : 120
1.2 msec : 136
1.3 msec : 106
1.4 msec : 126
1.5 msec : 100
1.6 msec : 110
1.7 msec : 100
1.8 msec : 86
1.9 msec : 105
2.0 msec : 105
2.1 msec : 117
2.2 msec : 96
2.3 msec : 114
2.4 msec : 101
2.5 msec : 92
2.6 msec : 90
2.7 msec : 81
2.8 msec : 94
2.9 msec : 82
3.0 msec : 74
3.1 msec : 87
3.2 msec : 78
3.3 msec : 87
3.4 msec : 85
3.5 msec : 67
3.6 msec : 74
3.7 msec : 82
3.8 msec : 81
3.9 msec : 72
4.0 msec : 79
4.1 msec : 63
4.2 msec : 54
4.3 msec : 66
4.4 msec : 64
4.5 msec : 56
4.6 msec : 63
4.7 msec : 61
4.8 msec : 65
4.9 msec : 64
5.0 msec : 61
5.1 msec : 60
5.2 msec : 60
5.3 msec : 70
5.4 msec : 64
5.5 msec : 73
5.6 msec : 53
5.7 msec : 66
5.8 msec : 62
5.9 msec : 73
6.0 msec : 67
6.1 msec : 63
6.2 msec : 64
6.3 msec : 58
6.4 msec : 56
6.5 msec : 48
6.6 msec : 62
6.7 msec : 74
6.8 msec : 62
6.9 msec : 60
7.0 msec : 56
7.1 msec : 60
7.2 msec : 53
7.3 msec : 48
7.4 msec : 63
7.5 msec : 54
7.6 msec : 52
7.7 msec : 54
7.8 msec : 66
7.9 msec : 53
8.0 msec : 58
8.1 msec : 72
8.2 msec : 67
8.3 msec : 47
8.4 msec : 40
8.5 msec : 49
8.6 msec : 50
8.7 msec : 72
8.8 msec : 64
8.9 msec : 59
9.0 msec : 47
9.1 msec : 65
9.2 msec : 38
9.3 msec : 42
9.4 msec : 47
9.5 msec : 43
9.6 msec : 43
9.7 msec : 61
9.8 msec : 55
9.9 msec : 40
10.0 msec : 49
10.1 msec : 51
10.2 msec : 56
10.3 msec : 37
10.4 msec : 48
10.5 msec : 34
10.6 msec : 50
10.7 msec : 45
10.8 msec : 56
10.9 msec : 51
11.0 msec : 49
11.1 msec : 35
11.2 msec : 34
11.3 msec : 35
11.4 msec : 38
11.5 msec : 36
11.6 msec : 36
11.7 msec : 21
11.8 msec : 43
11.9 msec : 32
12.0 msec : 31
12.1 msec : 28
12.2 msec : 35
12.3 msec : 29
12.4 msec : 24
12.5 msec : 28
12.6 msec : 32
12.7 msec : 25
12.8 msec : 26
12.9 msec : 25
13.0 msec : 29
13.1 msec : 20
13.2 msec : 33
13.3 msec : 45
13.4 msec : 32
13.5 msec : 19
13.6 msec : 22
13.7 msec : 14
13.8 msec : 24
13.9 msec : 22
14.0 msec : 17
14.1 msec : 17
14.2 msec : 25
14.3 msec : 33
14.4 msec : 20
14.5 msec : 21
14.6 msec : 16
14.7 msec : 28
14.8 msec : 18
14.9 msec : 30
15.0 msec : 25
15.1 msec : 17
15.2 msec : 16
15.3 msec : 17
15.4 msec : 22
15.5 msec : 16
15.6 msec : 17
15.7 msec : 15
15.8 msec : 15
15.9 msec : 19
16.0 msec : 19
16.1 msec : 13
16.2 msec : 22
16.3 msec : 12
16.4 msec : 17
16.5 msec : 12
16.6 msec : 18
16.7 msec : 16
16.8 msec : 13
16.9 msec : 15
17.0 msec : 11
17.1 msec : 12
17.2 msec : 17
17.3 msec : 13
17.4 msec : 26
17.5 msec : 15
17.6 msec : 13
17.7 msec : 9
17.8 msec : 18
17.9 msec : 14
18.0 msec : 15
18.1 msec : 10
18.2 msec : 13
18.3 msec : 11
18.4 msec : 11
18.5 msec : 11
18.6 msec : 17
18.7 msec : 13
18.8 msec : 11
18.9 msec : 10
19.0 msec : 16
19.1 msec : 11
19.2 msec : 19
19.3 msec : 12
19.4 msec : 14
19.5 msec : 10
19.6 msec : 9
19.7 msec : 11
19.8 msec : 12
19.9 msec : 5
20.0 msec : 7
20.1 msec : 11
20.2 msec : 11
20.3 msec : 6
20.4 msec : 14
20.5 msec : 8
20.6 msec : 14
20.7 msec : 10
20.8 msec : 8
20.9 msec : 14
21.0 msec : 11
21.1 msec : 11
21.2 msec : 13
21.3 msec : 4
21.4 msec : 9
21.5 msec : 8
21.6 msec : 7
21.7 msec : 13
21.8 msec : 9
21.9 msec : 12
22.0 msec : 5
22.1 msec : 6
22.2 msec : 5
22.3 msec : 5
22.4 msec : 6
22.5 msec : 9
22.6 msec : 4
22.7 msec : 10
22.8 msec : 6
22.9 msec : 7
23.0 msec : 7
23.1 msec : 6
23.2 msec : 6
23.3 msec : 11
23.4 msec : 4
23.5 msec : 9
23.6 msec : 10
23.7 msec : 4
23.8 msec : 6
23.9 msec : 10
24.0 msec : 5
24.1 msec : 4
24.2 msec : 7
24.3 msec : 3
24.4 msec : 4
24.5 msec : 6
24.6 msec : 6
24.7 msec : 8
24.8 msec : 9
24.9 msec : 4
25.0 msec : 3
25.1 msec : 4
25.2 msec : 6
25.3 msec : 7
25.4 msec : 9
25.5 msec : 7
25.6 msec : 8
25.7 msec : 4
25.8 msec : 5
25.9 msec : 7
26.0 msec : 5
26.1 msec : 5
26.2 msec : 4
26.3 msec : 2
26.4 msec : 5
26.5 msec : 7
26.6 msec : 4
26.7 msec : 5
26.8 msec : 4
26.9 msec : 5
27.0 msec : 7
27.1 msec : 6
27.2 msec : 2
27.3 msec : 7
27.4 msec : 3
27.5 msec : 4
27.6 msec : 3
27.7 msec : 6
27.8 msec : 1
27.9 msec : 5
28.0 msec : 6
28.1 msec : 3
28.2 msec : 5
28.3 msec : 3
28.4 msec : 6
28.5 msec : 7
28.6 msec : 4
28.7 msec : 3
28.8 msec : 3
28.9 msec : 3
29.0 msec : 3
29.1 msec : 4
29.2 msec : 5
29.3 msec : 2
29.4 msec : 2
29.5 msec : 3
29.6 msec : 2
29.7 msec : 2
29.8 msec : 1
29.9 msec : 5
30.0 msec : 3
30.1 msec : 2
30.2 msec : 0
30.3 msec : 2
30.4 msec : 2
30.5 msec : 2
30.6 msec : 2
30.7 msec : 3
30.8 msec : 1
30.9 msec : 4
31.0 msec : 2
31.1 msec : 8
31.2 msec : 2
31.3 msec : 4
31.4 msec : 3
31.5 msec : 3
31.6 msec : 3
31.7 msec : 0
31.8 msec : 4
31.9 msec : 0
32.0 msec : 2
32.1 msec : 2
32.2 msec : 3
32.3 msec : 2
32.4 msec : 3
32.5 msec : 1
32.6 msec : 3
32.7 msec : 4
32.8 msec : 3
32.9 msec : 5
33.0 msec : 2
33.1 msec : 4
33.2 msec : 4
33.3 msec : 3
33.4 msec : 0
33.5 msec : 2
33.6 msec : 5
33.7 msec : 4
33.8 msec : 4
33.9 msec : 4
34.0 msec : 4
34.1 msec : 3
34.2 msec : 3
34.3 msec : 3
34.4 msec : 3
34.5 msec : 0
34.6 msec : 1
34.7 msec : 2
34.8 msec : 4
34.9 msec : 2
35.0 msec : 1
35.1 msec : 2
35.2 msec : 4
35.3 msec : 1
35.4 msec : 0
35.5 msec : 3
35.6 msec : 0
35.7 msec : 3
35.8 msec : 2
35.9 msec : 0
36.0 msec : 3
36.1 msec : 1
36.2 msec : 1
36.3 msec : 2
36.4 msec : 0
36.5 msec : 2
36.6 msec : 3
36.7 msec : 1
36.8 msec : 2
36.9 msec : 1
37.0 msec : 4
37.1 msec : 1
37.2 msec : 1
37.3 msec : 2
37.4 msec : 5
37.5 msec : 2
37.6 msec : 2
37.7 msec : 0
37.8 msec : 0
37.9 msec : 0
38.0 msec : 0
38.1 msec : 0
38.2 msec : 1
38.3 msec : 6
38.4 msec : 2
38.5 msec : 4
38.6 msec : 0
38.7 msec : 3
38.8 msec : 2
38.9 msec : 3
39.0 msec : 2
39.1 msec : 1
39.2 msec : 0
39.3 msec : 4
39.4 msec : 6
39.5 msec : 1
39.6 msec : 0
39.7 msec : 3
39.8 msec : 1
39.9 msec : 1
40.0 msec : 0
40.1 msec : 1
40.2 msec : 3
40.3 msec : 2
40.4 msec : 3
40.5 msec : 0
40.6 msec : 1
40.7 msec : 2
40.8 msec : 2
40.9 msec : 3
41.0 msec : 0
41.1 msec : 1
41.2 msec : 1
41.3 msec : 4
41.4 msec : 0
41.5 msec : 1
41.6 msec : 1
41.7 msec : 1
41.8 msec : 3
41.9 msec : 0
42.0 msec : 1
42.1 msec : 1
42.2 msec : 2
42.3 msec : 0
42.4 msec : 0
42.5 msec : 1
42.6 msec : 1
42.7 msec : 2
42.8 msec : 1
42.9 msec : 1
43.0 msec : 0
43.1 msec : 0
43.2 msec : 1
43.3 msec : 1
43.4 msec : 2
43.5 msec : 0
43.6 msec : 1
43.7 msec : 2
43.8 msec : 1
43.9 msec : 3
44.0 msec : 1
44.1 msec : 2
44.2 msec : 0
44.3 msec : 3
44.4 msec : 0
44.5 msec : 0
44.6 msec : 2
44.7 msec : 3
44.8 msec : 2
44.9 msec : 1
45.0 msec : 1
45.1 msec : 2
45.2 msec : 0
45.3 msec : 0
45.4 msec : 0
45.5 msec : 1
45.6 msec : 2
45.7 msec : 0
45.8 msec : 2
45.9 msec : 1
46.0 msec : 3
46.1 msec : 0
46.2 msec : 2
46.3 msec : 2
46.4 msec : 0
46.5 msec : 1
46.6 msec : 1
46.7 msec : 0
46.8 msec : 0
46.9 msec : 1
47.0 msec : 0
47.1 msec : 3
47.2 msec : 0
47.3 msec : 1
47.4 msec : 0
47.5 msec : 1
47.6 msec : 1
47.7 msec : 0
47.8 msec : 2
47.9 msec : 0
48.0 msec : 1
48.1 msec : 2
48.2 msec : 0
48.3 msec : 0
48.4 msec : 1
48.5 msec : 0
48.6 msec : 1
48.7 msec : 1
48.8 msec : 2
48.9 msec : 0
49.0 msec : 0
49.1 msec : 0
49.2 msec : 1
49.3 msec : 0
49.4 msec : 1
49.5 msec : 0
49.6 msec : 0
49.7 msec : 0
49.8 msec : 1
49.9 msec : 0
50.0 msec : 0
50.1 msec : 1
50.2 msec : 1
50.3 msec : 2
50.4 msec : 0
50.5 msec : 0
50.6 msec : 0
50.7 msec : 2
50.8 msec : 0
50.9 msec : 0
51.0 msec : 0
51.1 msec : 0
51.2 msec : 0
51.3 msec : 1
51.4 msec : 0
51.5 msec : 1
51.6 msec : 1
51.7 msec : 1
51.8 msec : 2
51.9 msec : 0
52.0 msec : 2
52.1 msec : 0
52.2 msec : 1
52.3 msec : 1
52.4 msec : 0
52.5 msec : 2
52.6 msec : 0
52.7 msec : 0
52.8 msec : 1
52.9 msec : 0
53.0 msec : 0
53.1 msec : 0
53.2 msec : 1
53.3 msec : 0
53.4 msec : 0
53.5 msec : 0
53.6 msec : 0
53.7 msec : 1
53.8 msec : 0
53.9 msec : 1
54.0 msec : 0
54.1 msec : 0
54.2 msec : 0
54.3 msec : 1
54.4 msec : 1
54.5 msec : 1
54.6 msec : 0
54.7 msec : 0
54.8 msec : 1
54.9 msec : 1
55.0 msec : 0
55.1 msec : 0
55.2 msec : 0
55.3 msec : 3
55.4 msec : 0
55.5 msec : 0
55.6 msec : 0
55.7 msec : 1
55.8 msec : 1
55.9 msec : 0
56.0 msec : 0
56.1 msec : 1
56.2 msec : 1
56.3 msec : 2
56.4 msec : 1
56.5 msec : 0
56.6 msec : 0
56.7 msec : 0
56.8 msec : 0
56.9 msec : 0
57.0 msec : 0
57.1 msec : 1
57.2 msec : 1
57.3 msec : 0
57.4 msec : 1
57.5 msec : 1
57.6 msec : 0
57.7 msec : 1
57.8 msec : 0
57.9 msec : 0
58.0 msec : 0
58.1 msec : 1
58.2 msec : 0
58.3 msec : 0
58.4 msec : 1
58.5 msec : 0
58.6 msec : 0
58.7 msec : 0
58.8 msec : 0
58.9 msec : 1
59.0 msec : 0
59.1 msec : 0
59.2 msec : 0
59.3 msec : 0
59.4 msec : 0
59.5 msec : 0
59.6 msec : 0
59.7 msec : 0
59.8 msec : 1
59.9 msec : 0
60.0 msec : 0
60.1 msec : 0
60.2 msec : 0
60.3 msec : 0
60.4 msec : 1
60.5 msec : 0
60.6 msec : 0
60.7 msec : 0
60.8 msec : 1
60.9 msec : 0
61.0 msec : 0
61.1 msec : 0
61.2 msec : 0
61.3 msec : 0
61.4 msec : 0
61.5 msec : 0
61.6 msec : 0
61.7 msec : 0
61.8 msec : 0
61.9 msec : 1
62.0 msec : 2
62.1 msec : 0
62.2 msec : 0
62.3 msec : 0
62.4 msec : 0
62.5 msec : 0
62.6 msec : 0
62.7 msec : 1
62.8 msec : 0
62.9 msec : 0
63.0 msec : 0
63.1 msec : 0
63.2 msec : 0
63.3 msec : 0
63.4 msec : 0
63.5 msec : 0
63.6 msec : 0
63.7 msec : 0
63.8 msec : 0
63.9 msec : 0
64.0 msec : 1
64.1 msec : 0
64.2 msec : 0
64.3 msec : 0
64.4 msec : 0
64.5 msec : 0
64.6 msec : 1
64.7 msec : 0
64.8 msec : 0
64.9 msec : 0
65.0 msec : 0
65.1 msec : 0
65.2 msec : 0
65.3 msec : 0
65.4 msec : 0
65.5 msec : 0
65.6 msec : 0
65.7 msec : 1
65.8 msec : 0
65.9 msec : 0
66.0 msec : 0
66.1 msec : 0
66.2 msec : 1
66.3 msec : 0
66.4 msec : 0
66.5 msec : 0
66.6 msec : 0
66.7 msec : 0
66.8 msec : 0
66.9 msec : 0
67.0 msec : 0
67.1 msec : 0
67.2 msec : 0
67.3 msec : 0
67.4 msec : 0
67.5 msec : 1
67.6 msec : 2
67.7 msec : 2
67.8 msec : 1
67.9 msec : 1
68.0 msec : 0
68.1 msec : 0
68.2 msec : 0
68.3 msec : 0
68.4 msec : 0
68.5 msec : 0
68.6 msec : 0
68.7 msec : 1
68.8 msec : 0
68.9 msec : 0
69.0 msec : 0
69.1 msec : 0
69.2 msec : 0
69.3 msec : 0
69.4 msec : 1
69.5 msec : 1
69.6 msec : 0
69.7 msec : 0
69.8 msec : 0
69.9 msec : 0
70.0 msec : 0
70.1 msec : 1
70.2 msec : 0
70.3 msec : 0
70.4 msec : 1
70.5 msec : 0
70.6 msec : 0
70.7 msec : 0
70.8 msec : 0
70.9 msec : 0
71.0 msec : 0
71.1 msec : 1
71.2 msec : 1
71.3 msec : 0
71.4 msec : 1
71.5 msec : 0
71.6 msec : 0
71.7 msec : 0
71.8 msec : 0
71.9 msec : 1
72.0 msec : 0
72.1 msec : 0
72.2 msec : 0
72.3 msec : 0
72.4 msec : 0
72.5 msec : 1
72.6 msec : 0
72.7 msec : 0
72.8 msec : 0
72.9 msec : 0
73.0 msec : 0
73.1 msec : 1
73.2 msec : 0
73.3 msec : 1
73.4 msec : 0
73.5 msec : 0
73.6 msec : 0
73.7 msec : 1
73.8 msec : 0
73.9 msec : 0
74.0 msec : 0
74.1 msec : 0
74.2 msec : 1
74.3 msec : 0
74.4 msec : 0
74.5 msec : 0
74.6 msec : 0
74.7 msec : 0
74.8 msec : 0
74.9 msec : 0
75.0 msec : 0
75.1 msec : 0
75.2 msec : 0
75.3 msec : 0
75.4 msec : 1
75.5 msec : 0
75.6 msec : 0
75.7 msec : 0
75.8 msec : 0
75.9 msec : 0
76.0 msec : 0
76.1 msec : 0
76.2 msec : 0
76.3 msec : 0
76.4 msec : 0
76.5 msec : 0
76.6 msec : 0
76.7 msec : 0
76.8 msec : 0
76.9 msec : 0
77.0 msec : 0
77.1 msec : 0
77.2 msec : 0
77.3 msec : 0
77.4 msec : 1
77.5 msec : 0
77.6 msec : 0
77.7 msec : 0
77.8 msec : 0
77.9 msec : 0
78.0 msec : 0
78.1 msec : 0
78.2 msec : 0
78.3 msec : 0
78.4 msec : 0
78.5 msec : 0
78.6 msec : 0
78.7 msec : 0
78.8 msec : 0
78.9 msec : 0
79.0 msec : 0
79.1 msec : 0
79.2 msec : 0
79.3 msec : 0
79.4 msec : 0
79.5 msec : 0
79.6 msec : 0
79.7 msec : 0
79.8 msec : 0
79.9 msec : 0
80.0 msec : 0
80.1 msec : 0
80.2 msec : 0
80.3 msec : 0
80.4 msec : 0
80.5 msec : 0
80.6 msec : 0
80.7 msec : 1
80.8 msec : 0
80.9 msec : 0
81.0 msec : 0
81.1 msec : 0
81.2 msec : 0
81.3 msec : 0
81.4 msec : 0
81.5 msec : 0
81.6 msec : 0
81.7 msec : 0
81.8 msec : 0
81.9 msec : 0
82.0 msec : 0
82.1 msec : 0
82.2 msec : 1
82.3 msec : 0
82.4 msec : 0
82.5 msec : 0
82.6 msec : 0
82.7 msec : 0
82.8 msec : 0
82.9 msec : 0
83.0 msec : 0
83.1 msec : 0
83.2 msec : 0
83.3 msec : 0
83.4 msec : 0
83.5 msec : 0
83.6 msec : 0
83.7 msec : 0
83.8 msec : 0
83.9 msec : 0
84.0 msec : 0
84.1 msec : 0
84.2 msec : 0
84.3 msec : 0
84.4 msec : 0
84.5 msec : 0
84.6 msec : 0
84.7 msec : 1
84.8 msec : 0
84.9 msec : 0
85.0 msec : 0
85.1 msec : 0
85.2 msec : 0
85.3 msec : 0
85.4 msec : 0
85.5 msec : 0
85.6 msec : 0
85.7 msec : 0
85.8 msec : 0
85.9 msec : 0
86.0 msec : 0
86.1 msec : 0
86.2 msec : 0
86.3 msec : 0
86.4 msec : 0
86.5 msec : 0
86.6 msec : 0
86.7 msec : 0
86.8 msec : 0
86.9 msec : 0
87.0 msec : 0
87.1 msec : 0
87.2 msec : 0
87.3 msec : 0
87.4 msec : 0
87.5 msec : 0
87.6 msec : 0
87.7 msec : 0
87.8 msec : 0
87.9 msec : 0
88.0 msec : 0
88.1 msec : 0
88.2 msec : 0
88.3 msec : 0
88.4 msec : 0
88.5 msec : 0
88.6 msec : 0
88.7 msec : 0
88.8 msec : 0
88.9 msec : 0
89.0 msec : 0
89.1 msec : 0
89.2 msec : 0
89.3 msec : 0
89.4 msec : 0
89.5 msec : 0
89.6 msec : 0
89.7 msec : 0
89.8 msec : 0
89.9 msec : 0
90.0 msec : 0
90.1 msec : 1
90.2 msec : 0
90.3 msec : 0
90.4 msec : 0
90.5 msec : 0
90.6 msec : 0
90.7 msec : 0
90.8 msec : 0
90.9 msec : 0
91.0 msec : 0
91.1 msec : 0
91.2 msec : 0
91.3 msec : 0
91.4 msec : 0
91.5 msec : 0
91.6 msec : 0
91.7 msec : 1
91.8 msec : 0
91.9 msec : 0
92.0 msec : 0
92.1 msec : 0
92.2 msec : 1
92.3 msec : 0
92.4 msec : 0
92.5 msec : 1
92.6 msec : 0
92.7 msec : 0
92.8 msec : 0
92.9 msec : 0
93.0 msec : 0
93.1 msec : 0
93.2 msec : 0
93.3 msec : 0
93.4 msec : 0
93.5 msec : 0
93.6 msec : 0
93.7 msec : 0
93.8 msec : 0
93.9 msec : 0
94.0 msec : 0
94.1 msec : 0
94.2 msec : 0
94.3 msec : 0
94.4 msec : 0
94.5 msec : 0
94.6 msec : 0
94.7 msec : 0
94.8 msec : 0
94.9 msec : 0
95.0 msec : 0
95.1 msec : 0
95.2 msec : 0
95.3 msec : 0
95.4 msec : 0
95.5 msec : 0
95.6 msec : 0
95.7 msec : 0
95.8 msec : 0
95.9 msec : 0
96.0 msec : 0
96.1 msec : 0
96.2 msec : 0
96.3 msec : 0
96.4 msec : 0
96.5 msec : 0
96.6 msec : 0
96.7 msec : 1
96.8 msec : 0
96.9 msec : 0
97.0 msec : 0
97.1 msec : 0
97.2 msec : 0
97.3 msec : 0
97.4 msec : 0
97.5 msec : 0
97.6 msec : 0
97.7 msec : 0
97.8 msec : 0
97.9 msec : 0
98.0 msec : 0
98.1 msec : 0
98.2 msec : 0
98.3 msec : 0
98.4 msec : 0
98.5 msec : 0
98.6 msec : 0
98.7 msec : 0
98.8 msec : 0
98.9 msec : 0
99.0 msec : 0
99.1 msec : 0
99.2 msec : 0
99.3 msec : 0
99.4 msec : 0
99.5 msec : 0
99.6 msec : 0
99.7 msec : 0
99.8 msec : 0
99.9 msec : 0
100.0 msec : 0
100.1 msec : 0
100.2 msec : 0
100.3 msec : 0
100.4 msec : 0
100.5 msec : 0
