Middleware started...
Middleware shuts down...
Smaller resolution statistics are in a log file...
Final aggregates per worker:


Worker 7
Average throughput (ops/sec) = 29
Average response time (msec) = 0.5719257704918033
Average queue length = 0
Average wait time in queue (msec) = 0.016931754098360657
Average service time (msec) = 0.49365324590163934
Number of SET = 0
Number of GET = 29
Number of MULTI GET = 0


Worker 24
Average throughput (ops/sec) = 29
Average response time (msec) = 0.5988268032786885
Average queue length = 0
Average wait time in queue (msec) = 0.017040918032786886
Average service time (msec) = 0.528154524590164
Number of SET = 0
Number of GET = 29
Number of MULTI GET = 0


Worker 6
Average throughput (ops/sec) = 29
Average response time (msec) = 0.5932149180327869
Average queue length = 0
Average wait time in queue (msec) = 0.01777606557377049
Average service time (msec) = 0.5268198852459016
Number of SET = 0
Number of GET = 29
Number of MULTI GET = 0


Worker 25
Average throughput (ops/sec) = 29
Average response time (msec) = 0.5954533934426229
Average queue length = 0
Average wait time in queue (msec) = 0.01971022950819672
Average service time (msec) = 0.5275204918032786
Number of SET = 0
Number of GET = 29
Number of MULTI GET = 0


Worker 9
Average throughput (ops/sec) = 29
Average response time (msec) = 0.5912895081967213
Average queue length = 0
Average wait time in queue (msec) = 0.01683193442622951
Average service time (msec) = 0.526531737704918
Number of SET = 0
Number of GET = 29
Number of MULTI GET = 0


Worker 26
Average throughput (ops/sec) = 29
Average response time (msec) = 0.5969056885245901
Average queue length = 0
Average wait time in queue (msec) = 0.03798716393442623
Average service time (msec) = 0.5106328032786885
Number of SET = 0
Number of GET = 29
Number of MULTI GET = 0


Worker 27
Average throughput (ops/sec) = 29
Average response time (msec) = 0.5805242786885246
Average queue length = 0
Average wait time in queue (msec) = 0.017239688524590166
Average service time (msec) = 0.5146860327868852
Number of SET = 0
Number of GET = 29
Number of MULTI GET = 0


Worker 8
Average throughput (ops/sec) = 29
Average response time (msec) = 0.554159475409836
Average queue length = 0
Average wait time in queue (msec) = 0.01733422950819672
Average service time (msec) = 0.49128124590163935
Number of SET = 0
Number of GET = 29
Number of MULTI GET = 0


Worker 20
Average throughput (ops/sec) = 29
Average response time (msec) = 0.6049740983606557
Average queue length = 0
Average wait time in queue (msec) = 0.016865967213114754
Average service time (msec) = 0.5295455573770492
Number of SET = 0
Number of GET = 29
Number of MULTI GET = 0


Worker 3
Average throughput (ops/sec) = 29
Average response time (msec) = 0.5809054098360656
Average queue length = 0
Average wait time in queue (msec) = 0.017343245901639343
Average service time (msec) = 0.5156324426229508
Number of SET = 0
Number of GET = 29
Number of MULTI GET = 0


Worker 2
Average throughput (ops/sec) = 29
Average response time (msec) = 0.6068885081967214
Average queue length = 0
Average wait time in queue (msec) = 0.016787590163934427
Average service time (msec) = 0.5440278032786886
Number of SET = 0
Number of GET = 29
Number of MULTI GET = 0


Worker 21
Average throughput (ops/sec) = 29
Average response time (msec) = 0.6111728360655737
Average queue length = 0
Average wait time in queue (msec) = 0.01670283606557377
Average service time (msec) = 0.5307606721311476
Number of SET = 0
Number of GET = 29
Number of MULTI GET = 0


Worker 5
Average throughput (ops/sec) = 29
Average response time (msec) = 0.5806991639344262
Average queue length = 0
Average wait time in queue (msec) = 0.03237462295081967
Average service time (msec) = 0.4989860819672131
Number of SET = 0
Number of GET = 29
Number of MULTI GET = 0


Worker 22
Average throughput (ops/sec) = 29
Average response time (msec) = 0.5916468524590164
Average queue length = 0
Average wait time in queue (msec) = 0.017767950819672133
Average service time (msec) = 0.5106185409836065
Number of SET = 0
Number of GET = 29
Number of MULTI GET = 0


Worker 4
Average throughput (ops/sec) = 29
Average response time (msec) = 0.5826219836065574
Average queue length = 0
Average wait time in queue (msec) = 0.01692267213114754
Average service time (msec) = 0.5199650819672131
Number of SET = 0
Number of GET = 29
Number of MULTI GET = 0


Worker 23
Average throughput (ops/sec) = 29
Average response time (msec) = 0.5923195573770492
Average queue length = 0
Average wait time in queue (msec) = 0.01623227868852459
Average service time (msec) = 0.5149297704918033
Number of SET = 0
Number of GET = 29
Number of MULTI GET = 0


Worker 28
Average throughput (ops/sec) = 29
Average response time (msec) = 0.6106564590163934
Average queue length = 0
Average wait time in queue (msec) = 0.018249852459016395
Average service time (msec) = 0.5274267213114754
Number of SET = 0
Number of GET = 29
Number of MULTI GET = 0


Worker 29
Average throughput (ops/sec) = 29
Average response time (msec) = 0.6019387868852459
Average queue length = 0
Average wait time in queue (msec) = 0.016575967213114752
Average service time (msec) = 0.5187177540983606
Number of SET = 0
Number of GET = 29
Number of MULTI GET = 0


Worker 1
Average throughput (ops/sec) = 29
Average response time (msec) = 0.6549906721311476
Average queue length = 0
Average wait time in queue (msec) = 0.020490147540983605
Average service time (msec) = 0.5717331475409836
Number of SET = 0
Number of GET = 29
Number of MULTI GET = 0


Worker 30
Average throughput (ops/sec) = 29
Average response time (msec) = 0.6391292950819673
Average queue length = 0
Average wait time in queue (msec) = 0.03655970491803279
Average service time (msec) = 0.553931606557377
Number of SET = 0
Number of GET = 29
Number of MULTI GET = 0


Worker 13
Average throughput (ops/sec) = 29
Average response time (msec) = 0.5717754590163934
Average queue length = 0
Average wait time in queue (msec) = 0.019654786885245905
Average service time (msec) = 0.5039025245901639
Number of SET = 0
Number of GET = 29
Number of MULTI GET = 0


Worker 14
Average throughput (ops/sec) = 29
Average response time (msec) = 0.588407
Average queue length = 0
Average wait time in queue (msec) = 0.01870344262295082
Average service time (msec) = 0.5147468852459016
Number of SET = 0
Number of GET = 29
Number of MULTI GET = 0


Worker 15
Average throughput (ops/sec) = 29
Average response time (msec) = 0.5595432295081967
Average queue length = 0
Average wait time in queue (msec) = 0.020713524590163936
Average service time (msec) = 0.49107632786885247
Number of SET = 0
Number of GET = 29
Number of MULTI GET = 0


Worker 16
Average throughput (ops/sec) = 29
Average response time (msec) = 0.5719956721311475
Average queue length = 0
Average wait time in queue (msec) = 0.01942265573770492
Average service time (msec) = 0.5045088196721311
Number of SET = 0
Number of GET = 29
Number of MULTI GET = 0


Worker 31
Average throughput (ops/sec) = 29
Average response time (msec) = 0.5628024262295083
Average queue length = 0
Average wait time in queue (msec) = 0.02108267213114754
Average service time (msec) = 0.4953283606557377
Number of SET = 0
Number of GET = 29
Number of MULTI GET = 0


Worker 32
Average throughput (ops/sec) = 29
Average response time (msec) = 0.5872908524590164
Average queue length = 0
Average wait time in queue (msec) = 0.01882690163934426
Average service time (msec) = 0.5184381803278688
Number of SET = 0
Number of GET = 29
Number of MULTI GET = 0


Worker 10
Average throughput (ops/sec) = 29
Average response time (msec) = 0.5969846885245901
Average queue length = 0
Average wait time in queue (msec) = 0.017002786885245903
Average service time (msec) = 0.5180592622950819
Number of SET = 0
Number of GET = 29
Number of MULTI GET = 0


Worker 11
Average throughput (ops/sec) = 29
Average response time (msec) = 0.5671405081967213
Average queue length = 0
Average wait time in queue (msec) = 0.018808426229508197
Average service time (msec) = 0.4997502295081967
Number of SET = 0
Number of GET = 29
Number of MULTI GET = 0


Worker 12
Average throughput (ops/sec) = 29
Average response time (msec) = 0.6016759344262296
Average queue length = 0
Average wait time in queue (msec) = 0.02675849180327869
Average service time (msec) = 0.5271881967213115
Number of SET = 0
Number of GET = 29
Number of MULTI GET = 0


Worker 17
Average throughput (ops/sec) = 29
Average response time (msec) = 0.586497868852459
Average queue length = 0
Average wait time in queue (msec) = 0.01736645901639344
Average service time (msec) = 0.5173111639344262
Number of SET = 0
Number of GET = 29
Number of MULTI GET = 0


Worker 18
Average throughput (ops/sec) = 29
Average response time (msec) = 0.5804662459016393
Average queue length = 0
Average wait time in queue (msec) = 0.016879213114754096
Average service time (msec) = 0.5172781475409837
Number of SET = 0
Number of GET = 29
Number of MULTI GET = 0


Worker 19
Average throughput (ops/sec) = 29
Average response time (msec) = 0.5989476885245901
Average queue length = 0
Average wait time in queue (msec) = 0.016669
Average service time (msec) = 0.534213049180328
Number of SET = 0
Number of GET = 29
Number of MULTI GET = 0


FINAL STATS
Average throughput (ops/sec) = 928
Average response time (msec) = 0.5721969903424057
Average queue length = 0
Average wait time in queue (msec) = 0.019862911885245905
Average service time (msec) = 0.5186673842213115
Number of SET = 0
Number of GET = 29
Number of MULTI GET = 0
Number of Cache misses = 82


Histogram response times (0.1 msec step)
0.0 msec : 1147
0.1 msec : 6886
0.2 msec : 21015
0.3 msec : 15731
0.4 msec : 4262
0.5 msec : 2018
0.6 msec : 1539
0.7 msec : 1099
0.8 msec : 791
0.9 msec : 610
1.0 msec : 431
1.1 msec : 322
1.2 msec : 219
1.3 msec : 149
1.4 msec : 86
1.5 msec : 66
1.6 msec : 62
1.7 msec : 51
1.8 msec : 44
1.9 msec : 22
2.0 msec : 21
2.1 msec : 24
2.2 msec : 20
2.3 msec : 24
2.4 msec : 29
2.5 msec : 14
2.6 msec : 14
2.7 msec : 17
2.8 msec : 13
2.9 msec : 8
3.0 msec : 7
3.1 msec : 6
3.2 msec : 3
3.3 msec : 8
3.4 msec : 13
3.5 msec : 6
3.6 msec : 4
3.7 msec : 6
3.8 msec : 10
3.9 msec : 7
4.0 msec : 4
4.1 msec : 4
4.2 msec : 7
4.3 msec : 6
4.4 msec : 4
4.5 msec : 2
4.6 msec : 7
4.7 msec : 1
4.8 msec : 2
4.9 msec : 1
5.0 msec : 1
5.1 msec : 4
5.2 msec : 1
5.3 msec : 0
5.4 msec : 4
5.5 msec : 2
5.6 msec : 1
5.7 msec : 1
5.8 msec : 1
5.9 msec : 2
6.0 msec : 2
6.1 msec : 1
6.2 msec : 4
6.3 msec : 1
6.4 msec : 1
6.5 msec : 2
6.6 msec : 0
6.7 msec : 2
6.8 msec : 2
6.9 msec : 4
7.0 msec : 5
7.1 msec : 6
7.2 msec : 4
7.3 msec : 5
7.4 msec : 7
7.5 msec : 4
7.6 msec : 3
7.7 msec : 4
7.8 msec : 5
7.9 msec : 3
8.0 msec : 2
8.1 msec : 3
8.2 msec : 2
8.3 msec : 3
8.4 msec : 0
8.5 msec : 0
8.6 msec : 2
8.7 msec : 0
8.8 msec : 0
8.9 msec : 0
9.0 msec : 1
9.1 msec : 1
9.2 msec : 1
9.3 msec : 1
9.4 msec : 0
9.5 msec : 1
9.6 msec : 0
9.7 msec : 0
9.8 msec : 0
9.9 msec : 0
10.0 msec : 1
10.1 msec : 0
10.2 msec : 0
10.3 msec : 0
10.4 msec : 0
10.5 msec : 0
10.6 msec : 0
10.7 msec : 0
10.8 msec : 0
10.9 msec : 0
11.0 msec : 0
11.1 msec : 0
11.2 msec : 0
11.3 msec : 0
11.4 msec : 0
11.5 msec : 0
11.6 msec : 0
11.7 msec : 0
11.8 msec : 0
11.9 msec : 0
12.0 msec : 0
12.1 msec : 0
12.2 msec : 0
12.3 msec : 0
12.4 msec : 0
12.5 msec : 0
12.6 msec : 0
12.7 msec : 0
12.8 msec : 0
12.9 msec : 0
13.0 msec : 1
13.1 msec : 0
13.2 msec : 1
13.3 msec : 0
13.4 msec : 0
13.5 msec : 0
13.6 msec : 0
13.7 msec : 0
13.8 msec : 0
13.9 msec : 0
14.0 msec : 0
14.1 msec : 0
14.2 msec : 0
14.3 msec : 0
14.4 msec : 0
14.5 msec : 0
14.6 msec : 0
14.7 msec : 0
14.8 msec : 0
14.9 msec : 0
15.0 msec : 0
15.1 msec : 0
15.2 msec : 0
15.3 msec : 0
15.4 msec : 0
15.5 msec : 0
15.6 msec : 1
15.7 msec : 0
15.8 msec : 0
15.9 msec : 0
16.0 msec : 0
16.1 msec : 0
16.2 msec : 0
16.3 msec : 0
16.4 msec : 0
16.5 msec : 0
16.6 msec : 0
16.7 msec : 0
16.8 msec : 0
16.9 msec : 0
17.0 msec : 0
17.1 msec : 0
17.2 msec : 0
17.3 msec : 0
17.4 msec : 0
17.5 msec : 0
17.6 msec : 0
17.7 msec : 0
17.8 msec : 0
17.9 msec : 0
18.0 msec : 0
18.1 msec : 0
18.2 msec : 0
18.3 msec : 0
18.4 msec : 0
18.5 msec : 1
18.6 msec : 0
18.7 msec : 0
18.8 msec : 0
18.9 msec : 0
19.0 msec : 0
19.1 msec : 0
19.2 msec : 0
19.3 msec : 0
19.4 msec : 0
19.5 msec : 0
19.6 msec : 0
19.7 msec : 0
19.8 msec : 0
19.9 msec : 0
20.0 msec : 0
20.1 msec : 0
20.2 msec : 0
20.3 msec : 0
20.4 msec : 0
20.5 msec : 0
20.6 msec : 0
20.7 msec : 0
20.8 msec : 0
20.9 msec : 0
21.0 msec : 0
21.1 msec : 0
21.2 msec : 0
21.3 msec : 0
21.4 msec : 0
21.5 msec : 0
21.6 msec : 0
21.7 msec : 0
21.8 msec : 0
21.9 msec : 1
22.0 msec : 0
22.1 msec : 0
22.2 msec : 0
22.3 msec : 0
22.4 msec : 0
22.5 msec : 0
22.6 msec : 0
22.7 msec : 0
22.8 msec : 0
22.9 msec : 0
23.0 msec : 0
23.1 msec : 0
23.2 msec : 0
23.3 msec : 0
23.4 msec : 0
23.5 msec : 1
23.6 msec : 0
23.7 msec : 0
23.8 msec : 0
23.9 msec : 0
24.0 msec : 0
24.1 msec : 0
24.2 msec : 0
24.3 msec : 0
24.4 msec : 0
24.5 msec : 0
24.6 msec : 0
24.7 msec : 0
24.8 msec : 0
24.9 msec : 0
25.0 msec : 0
25.1 msec : 0
25.2 msec : 0
25.3 msec : 0
25.4 msec : 0
25.5 msec : 0
25.6 msec : 0
25.7 msec : 0
25.8 msec : 0
25.9 msec : 0
26.0 msec : 0
26.1 msec : 0
26.2 msec : 0
26.3 msec : 0
26.4 msec : 0
26.5 msec : 0
26.6 msec : 0
26.7 msec : 0
26.8 msec : 0
26.9 msec : 0
27.0 msec : 0
27.1 msec : 0
27.2 msec : 0
27.3 msec : 0
27.4 msec : 0
27.5 msec : 0
27.6 msec : 0
27.7 msec : 0
27.8 msec : 0
27.9 msec : 0
28.0 msec : 0
28.1 msec : 0
28.2 msec : 0
28.3 msec : 0
28.4 msec : 0
28.5 msec : 0
28.6 msec : 0
28.7 msec : 0
28.8 msec : 0
28.9 msec : 0
29.0 msec : 0
29.1 msec : 0
29.2 msec : 0
29.3 msec : 0
29.4 msec : 0
29.5 msec : 0
29.6 msec : 0
29.7 msec : 0
29.8 msec : 0
29.9 msec : 0
30.0 msec : 0
30.1 msec : 0
30.2 msec : 0
30.3 msec : 0
30.4 msec : 0
30.5 msec : 0
30.6 msec : 0
30.7 msec : 0
30.8 msec : 0
30.9 msec : 0
31.0 msec : 0
31.1 msec : 0
31.2 msec : 0
31.3 msec : 0
31.4 msec : 0
31.5 msec : 0
31.6 msec : 0
31.7 msec : 0
31.8 msec : 0
31.9 msec : 0
32.0 msec : 0
32.1 msec : 0
32.2 msec : 0
32.3 msec : 0
32.4 msec : 0
32.5 msec : 0
32.6 msec : 0
32.7 msec : 0
32.8 msec : 0
32.9 msec : 0
33.0 msec : 0
33.1 msec : 0
33.2 msec : 0
33.3 msec : 0
33.4 msec : 0
33.5 msec : 0
33.6 msec : 0
33.7 msec : 0
33.8 msec : 0
33.9 msec : 0
34.0 msec : 1
34.1 msec : 0
34.2 msec : 0
34.3 msec : 0
34.4 msec : 0
34.5 msec : 0
34.6 msec : 0
34.7 msec : 0
34.8 msec : 0
34.9 msec : 0
35.0 msec : 0
35.1 msec : 0
35.2 msec : 0
35.3 msec : 0
35.4 msec : 0
35.5 msec : 0
35.6 msec : 0
35.7 msec : 0
35.8 msec : 0
35.9 msec : 0
36.0 msec : 0
36.1 msec : 0
36.2 msec : 0
36.3 msec : 0
36.4 msec : 0
36.5 msec : 0
36.6 msec : 0
36.7 msec : 0
36.8 msec : 0
36.9 msec : 0
37.0 msec : 0
37.1 msec : 0
37.2 msec : 0
37.3 msec : 0
37.4 msec : 0
37.5 msec : 0
37.6 msec : 0
37.7 msec : 0
37.8 msec : 0
37.9 msec : 0
38.0 msec : 0
38.1 msec : 0
38.2 msec : 0
38.3 msec : 0
38.4 msec : 0
38.5 msec : 0
38.6 msec : 0
38.7 msec : 0
38.8 msec : 0
38.9 msec : 0
39.0 msec : 0
39.1 msec : 0
39.2 msec : 0
39.3 msec : 0
39.4 msec : 0
39.5 msec : 0
39.6 msec : 0
39.7 msec : 0
39.8 msec : 0
39.9 msec : 0
40.0 msec : 0
40.1 msec : 0
40.2 msec : 0
40.3 msec : 0
40.4 msec : 0
40.5 msec : 0
40.6 msec : 0
40.7 msec : 0
40.8 msec : 0
40.9 msec : 0
41.0 msec : 0
41.1 msec : 0
41.2 msec : 0
41.3 msec : 0
41.4 msec : 0
41.5 msec : 0
41.6 msec : 0
41.7 msec : 0
41.8 msec : 0
41.9 msec : 0
42.0 msec : 0
42.1 msec : 0
42.2 msec : 0
42.3 msec : 0
42.4 msec : 0
