Middleware started...
Middleware shuts down...
Smaller resolution statistics are in a log file...
Final aggregates per worker:


Worker 13
Average throughput (ops/sec) = 486
Average response time (msec) = 5.194149524590164
Average queue length = 24
Average wait time in queue (msec) = 3.260465229508197
Average service time (msec) = 1.7538392786885246
Number of SET = 0
Number of GET = 486
Number of MULTI GET = 0


Worker 7
Average throughput (ops/sec) = 485
Average response time (msec) = 5.217721557377049
Average queue length = 24
Average wait time in queue (msec) = 3.2585831639344263
Average service time (msec) = 1.7671036721311475
Number of SET = 0
Number of GET = 485
Number of MULTI GET = 0


Worker 14
Average throughput (ops/sec) = 483
Average response time (msec) = 5.210861590163934
Average queue length = 23
Average wait time in queue (msec) = 3.2566328360655734
Average service time (msec) = 1.762084213114754
Number of SET = 0
Number of GET = 483
Number of MULTI GET = 0


Worker 6
Average throughput (ops/sec) = 480
Average response time (msec) = 5.222442672131147
Average queue length = 27
Average wait time in queue (msec) = 3.2662181639344263
Average service time (msec) = 1.7634197704918033
Number of SET = 0
Number of GET = 480
Number of MULTI GET = 0


Worker 15
Average throughput (ops/sec) = 484
Average response time (msec) = 5.191069131147541
Average queue length = 25
Average wait time in queue (msec) = 3.2405633606557376
Average service time (msec) = 1.763081262295082
Number of SET = 0
Number of GET = 484
Number of MULTI GET = 0


Worker 9
Average throughput (ops/sec) = 486
Average response time (msec) = 5.220286672131147
Average queue length = 26
Average wait time in queue (msec) = 3.2806226721311478
Average service time (msec) = 1.7500798852459016
Number of SET = 0
Number of GET = 486
Number of MULTI GET = 0


Worker 16
Average throughput (ops/sec) = 487
Average response time (msec) = 5.202451836065574
Average queue length = 24
Average wait time in queue (msec) = 3.265508950819672
Average service time (msec) = 1.7495574262295082
Number of SET = 0
Number of GET = 487
Number of MULTI GET = 0


Worker 8
Average throughput (ops/sec) = 485
Average response time (msec) = 5.183474918032787
Average queue length = 25
Average wait time in queue (msec) = 3.2397568032786883
Average service time (msec) = 1.7621576393442622
Number of SET = 0
Number of GET = 485
Number of MULTI GET = 0


Worker 3
Average throughput (ops/sec) = 484
Average response time (msec) = 5.22455831147541
Average queue length = 26
Average wait time in queue (msec) = 3.270245393442623
Average service time (msec) = 1.7625742459016394
Number of SET = 0
Number of GET = 484
Number of MULTI GET = 0


Worker 10
Average throughput (ops/sec) = 482
Average response time (msec) = 5.2409065901639345
Average queue length = 25
Average wait time in queue (msec) = 3.2786710983606557
Average service time (msec) = 1.7832063278688526
Number of SET = 0
Number of GET = 482
Number of MULTI GET = 0


Worker 2
Average throughput (ops/sec) = 487
Average response time (msec) = 5.218761737704917
Average queue length = 26
Average wait time in queue (msec) = 3.2735828032786882
Average service time (msec) = 1.7540143770491803
Number of SET = 0
Number of GET = 487
Number of MULTI GET = 0


Worker 11
Average throughput (ops/sec) = 482
Average response time (msec) = 5.178563409836066
Average queue length = 25
Average wait time in queue (msec) = 3.218203475409836
Average service time (msec) = 1.7736560819672131
Number of SET = 0
Number of GET = 482
Number of MULTI GET = 0


Worker 5
Average throughput (ops/sec) = 485
Average response time (msec) = 5.194121639344262
Average queue length = 25
Average wait time in queue (msec) = 3.2463180327868852
Average service time (msec) = 1.7566451475409834
Number of SET = 0
Number of GET = 485
Number of MULTI GET = 0


Worker 12
Average throughput (ops/sec) = 486
Average response time (msec) = 5.219276606557377
Average queue length = 24
Average wait time in queue (msec) = 3.2785303606557377
Average service time (msec) = 1.7568164098360655
Number of SET = 0
Number of GET = 486
Number of MULTI GET = 0


Worker 4
Average throughput (ops/sec) = 486
Average response time (msec) = 5.2113540655737705
Average queue length = 26
Average wait time in queue (msec) = 3.2755272786885246
Average service time (msec) = 1.7573645409836065
Number of SET = 0
Number of GET = 486
Number of MULTI GET = 0


Worker 1
Average throughput (ops/sec) = 484
Average response time (msec) = 5.214864262295082
Average queue length = 27
Average wait time in queue (msec) = 3.268166770491803
Average service time (msec) = 1.7605707704918032
Number of SET = 0
Number of GET = 484
Number of MULTI GET = 0


FINAL STATS
Average throughput (ops/sec) = 7752
Average response time (msec) = 5.135485105510993
Average queue length = 25
Average wait time in queue (msec) = 3.2610997745901638
Average service time (msec) = 1.7610106905737706
Number of SET = 0
Number of GET = 7752
Number of MULTI GET = 0
Number of Cache misses = 0
Arrival rate (lambda) = [0, 0, 1796, 5070, 6871, 8034, 7721, 7350, 7105, 7912, 8091, 8178, 8487, 7976, 7505, 6412, 8005, 7753, 8073, 7636, 6872, 8630, 8056, 6871, 8451, 8464, 8390, 8373, 8387, 8286, 8783, 8175, 7832, 8363, 7599, 8083, 8108, 8003, 7810, 7963, 8287, 8167, 8066, 6977, 8303, 7989, 7942, 8399, 8550, 8545, 8109, 8277, 8092, 8164, 8006, 7693, 7690, 8470, 7944, 7914, 8428, 8039, 3896, 0]


Histogram response times (0.1 msec step)
0.0 msec : 20
0.1 msec : 145
0.2 msec : 476
0.3 msec : 959
0.4 msec : 1387
0.5 msec : 1808
0.6 msec : 1927
0.7 msec : 2276
0.8 msec : 2328
0.9 msec : 2377
1.0 msec : 2560
1.1 msec : 2660
1.2 msec : 2963
1.3 msec : 3452
1.4 msec : 4407
1.5 msec : 5378
1.6 msec : 6976
1.7 msec : 8452
1.8 msec : 10735
1.9 msec : 12656
2.0 msec : 14756
2.1 msec : 16235
2.2 msec : 17044
2.3 msec : 17427
2.4 msec : 17067
2.5 msec : 16617
2.6 msec : 15389
2.7 msec : 14344
2.8 msec : 12659
2.9 msec : 11383
3.0 msec : 9953
3.1 msec : 8678
3.2 msec : 7689
3.3 msec : 6742
3.4 msec : 5718
3.5 msec : 5029
3.6 msec : 4489
3.7 msec : 3948
3.8 msec : 3273
3.9 msec : 2927
4.0 msec : 2495
4.1 msec : 2229
4.2 msec : 2005
4.3 msec : 1786
4.4 msec : 1670
4.5 msec : 1450
4.6 msec : 1376
4.7 msec : 1296
4.8 msec : 1068
4.9 msec : 1028
5.0 msec : 1063
5.1 msec : 1039
5.2 msec : 949
5.3 msec : 841
5.4 msec : 881
5.5 msec : 725
5.6 msec : 761
5.7 msec : 760
5.8 msec : 736
5.9 msec : 774
6.0 msec : 800
6.1 msec : 694
6.2 msec : 802
6.3 msec : 714
6.4 msec : 834
6.5 msec : 972
6.6 msec : 1086
6.7 msec : 1131
6.8 msec : 1386
6.9 msec : 1766
7.0 msec : 2161
7.1 msec : 2844
7.2 msec : 3642
7.3 msec : 4388
7.4 msec : 5173
7.5 msec : 5871
7.6 msec : 6519
7.7 msec : 7014
7.8 msec : 7442
7.9 msec : 7721
8.0 msec : 7792
8.1 msec : 7620
8.2 msec : 7332
8.3 msec : 6747
8.4 msec : 6400
8.5 msec : 5812
8.6 msec : 5431
8.7 msec : 4867
8.8 msec : 4317
8.9 msec : 3904
9.0 msec : 3493
9.1 msec : 3074
9.2 msec : 2647
9.3 msec : 2325
9.4 msec : 2141
9.5 msec : 1935
9.6 msec : 1826
9.7 msec : 1563
9.8 msec : 1385
9.9 msec : 1246
10.0 msec : 1066
10.1 msec : 990
10.2 msec : 877
10.3 msec : 779
10.4 msec : 679
10.5 msec : 614
10.6 msec : 544
10.7 msec : 581
10.8 msec : 508
10.9 msec : 442
11.0 msec : 431
11.1 msec : 447
11.2 msec : 337
11.3 msec : 377
11.4 msec : 374
11.5 msec : 353
11.6 msec : 313
11.7 msec : 298
11.8 msec : 230
11.9 msec : 227
12.0 msec : 209
12.1 msec : 215
12.2 msec : 205
12.3 msec : 190
12.4 msec : 176
12.5 msec : 150
12.6 msec : 128
12.7 msec : 134
12.8 msec : 109
12.9 msec : 111
13.0 msec : 129
13.1 msec : 133
13.2 msec : 128
13.3 msec : 97
13.4 msec : 116
13.5 msec : 113
13.6 msec : 86
13.7 msec : 92
13.8 msec : 87
13.9 msec : 75
14.0 msec : 59
14.1 msec : 60
14.2 msec : 51
14.3 msec : 54
14.4 msec : 61
14.5 msec : 57
14.6 msec : 66
14.7 msec : 60
14.8 msec : 53
14.9 msec : 33
15.0 msec : 46
15.1 msec : 41
15.2 msec : 33
15.3 msec : 48
15.4 msec : 43
15.5 msec : 41
15.6 msec : 51
15.7 msec : 68
15.8 msec : 64
15.9 msec : 55
16.0 msec : 61
16.1 msec : 55
16.2 msec : 55
16.3 msec : 54
16.4 msec : 50
16.5 msec : 68
16.6 msec : 56
16.7 msec : 86
16.8 msec : 74
16.9 msec : 71
17.0 msec : 51
17.1 msec : 53
17.2 msec : 36
17.3 msec : 62
17.4 msec : 63
17.5 msec : 47
17.6 msec : 69
17.7 msec : 76
17.8 msec : 81
17.9 msec : 57
18.0 msec : 46
18.1 msec : 69
18.2 msec : 48
18.3 msec : 57
18.4 msec : 47
18.5 msec : 57
18.6 msec : 60
18.7 msec : 32
18.8 msec : 41
18.9 msec : 39
19.0 msec : 37
19.1 msec : 36
19.2 msec : 38
19.3 msec : 47
19.4 msec : 30
19.5 msec : 17
19.6 msec : 18
19.7 msec : 16
19.8 msec : 22
19.9 msec : 12
20.0 msec : 13
20.1 msec : 19
20.2 msec : 26
20.3 msec : 14
20.4 msec : 19
20.5 msec : 29
20.6 msec : 33
20.7 msec : 25
20.8 msec : 17
20.9 msec : 24
21.0 msec : 16
21.1 msec : 15
21.2 msec : 13
21.3 msec : 14
21.4 msec : 12
21.5 msec : 3
21.6 msec : 9
21.7 msec : 16
21.8 msec : 16
21.9 msec : 7
22.0 msec : 8
22.1 msec : 8
22.2 msec : 6
22.3 msec : 6
22.4 msec : 2
22.5 msec : 5
22.6 msec : 5
22.7 msec : 1
22.8 msec : 3
22.9 msec : 8
23.0 msec : 3
23.1 msec : 4
23.2 msec : 2
23.3 msec : 3
23.4 msec : 6
23.5 msec : 7
23.6 msec : 12
23.7 msec : 3
23.8 msec : 6
23.9 msec : 6
24.0 msec : 6
24.1 msec : 9
24.2 msec : 15
24.3 msec : 19
24.4 msec : 24
24.5 msec : 11
24.6 msec : 7
24.7 msec : 2
24.8 msec : 8
24.9 msec : 2
25.0 msec : 7
25.1 msec : 8
25.2 msec : 5
25.3 msec : 7
25.4 msec : 8
25.5 msec : 10
25.6 msec : 7
25.7 msec : 4
25.8 msec : 3
25.9 msec : 4
26.0 msec : 1
26.1 msec : 8
26.2 msec : 6
26.3 msec : 14
26.4 msec : 17
26.5 msec : 11
26.6 msec : 8
26.7 msec : 4
26.8 msec : 2
26.9 msec : 9
27.0 msec : 10
27.1 msec : 22
27.2 msec : 9
27.3 msec : 16
27.4 msec : 11
27.5 msec : 8
27.6 msec : 3
27.7 msec : 14
27.8 msec : 18
27.9 msec : 14
28.0 msec : 13
28.1 msec : 10
28.2 msec : 6
28.3 msec : 12
28.4 msec : 10
28.5 msec : 5
28.6 msec : 11
28.7 msec : 13
28.8 msec : 8
28.9 msec : 12
29.0 msec : 13
29.1 msec : 18
29.2 msec : 13
29.3 msec : 15
29.4 msec : 9
29.5 msec : 3
29.6 msec : 4
29.7 msec : 4
29.8 msec : 6
29.9 msec : 5
30.0 msec : 8
30.1 msec : 1
30.2 msec : 1
30.3 msec : 6
30.4 msec : 3
30.5 msec : 4
30.6 msec : 1
30.7 msec : 2
30.8 msec : 4
30.9 msec : 2
31.0 msec : 1
31.1 msec : 4
31.2 msec : 7
31.3 msec : 6
31.4 msec : 3
31.5 msec : 3
31.6 msec : 5
31.7 msec : 3
31.8 msec : 3
31.9 msec : 6
32.0 msec : 5
32.1 msec : 6
32.2 msec : 2
32.3 msec : 1
32.4 msec : 5
32.5 msec : 4
32.6 msec : 2
32.7 msec : 3
32.8 msec : 1
32.9 msec : 0
33.0 msec : 4
33.1 msec : 2
33.2 msec : 2
33.3 msec : 3
33.4 msec : 3
33.5 msec : 2
33.6 msec : 0
33.7 msec : 2
33.8 msec : 1
33.9 msec : 2
34.0 msec : 5
34.1 msec : 0
34.2 msec : 3
34.3 msec : 3
34.4 msec : 2
34.5 msec : 0
34.6 msec : 5
34.7 msec : 4
34.8 msec : 1
34.9 msec : 1
35.0 msec : 4
35.1 msec : 5
35.2 msec : 4
35.3 msec : 8
35.4 msec : 1
35.5 msec : 6
35.6 msec : 6
35.7 msec : 8
35.8 msec : 6
35.9 msec : 8
36.0 msec : 2
36.1 msec : 1
36.2 msec : 9
36.3 msec : 10
36.4 msec : 5
36.5 msec : 7
36.6 msec : 5
36.7 msec : 4
36.8 msec : 3
36.9 msec : 6
37.0 msec : 4
37.1 msec : 5
37.2 msec : 2
37.3 msec : 2
37.4 msec : 2
37.5 msec : 5
37.6 msec : 8
37.7 msec : 5
37.8 msec : 7
37.9 msec : 3
38.0 msec : 11
38.1 msec : 7
38.2 msec : 6
38.3 msec : 13
38.4 msec : 8
38.5 msec : 9
38.6 msec : 11
38.7 msec : 15
38.8 msec : 8
38.9 msec : 10
39.0 msec : 5
39.1 msec : 6
39.2 msec : 11
39.3 msec : 9
39.4 msec : 6
39.5 msec : 3
39.6 msec : 1
39.7 msec : 1
39.8 msec : 0
39.9 msec : 0
40.0 msec : 0
40.1 msec : 0
40.2 msec : 0
40.3 msec : 0
40.4 msec : 0
40.5 msec : 0
40.6 msec : 0
40.7 msec : 3
40.8 msec : 6
40.9 msec : 4
41.0 msec : 0
41.1 msec : 0
41.2 msec : 0
41.3 msec : 0
41.4 msec : 0
41.5 msec : 0
41.6 msec : 2
41.7 msec : 1
41.8 msec : 0
41.9 msec : 0
42.0 msec : 1
42.1 msec : 2
42.2 msec : 0
42.3 msec : 1
42.4 msec : 1
42.5 msec : 0
42.6 msec : 2
42.7 msec : 0
42.8 msec : 2
42.9 msec : 0
43.0 msec : 0
43.1 msec : 0
43.2 msec : 0
43.3 msec : 0
43.4 msec : 0
43.5 msec : 0
43.6 msec : 0
43.7 msec : 2
43.8 msec : 1
43.9 msec : 1
44.0 msec : 0
44.1 msec : 0
44.2 msec : 0
44.3 msec : 1
44.4 msec : 0
44.5 msec : 0
44.6 msec : 0
44.7 msec : 0
44.8 msec : 0
44.9 msec : 0
45.0 msec : 0
45.1 msec : 0
45.2 msec : 3
45.3 msec : 1
45.4 msec : 1
45.5 msec : 1
45.6 msec : 1
45.7 msec : 1
45.8 msec : 3
45.9 msec : 2
46.0 msec : 5
46.1 msec : 7
46.2 msec : 6
46.3 msec : 3
46.4 msec : 1
46.5 msec : 0
46.6 msec : 0
46.7 msec : 1
46.8 msec : 1
46.9 msec : 4
47.0 msec : 1
47.1 msec : 5
47.2 msec : 1
47.3 msec : 2
47.4 msec : 4
47.5 msec : 2
47.6 msec : 5
47.7 msec : 8
47.8 msec : 1
47.9 msec : 1
48.0 msec : 0
48.1 msec : 0
48.2 msec : 0
48.3 msec : 0
48.4 msec : 0
48.5 msec : 0
48.6 msec : 0
48.7 msec : 0
48.8 msec : 0
48.9 msec : 0
49.0 msec : 3
49.1 msec : 0
49.2 msec : 0
49.3 msec : 0
49.4 msec : 0
49.5 msec : 0
49.6 msec : 0
49.7 msec : 1
49.8 msec : 1
49.9 msec : 1
50.0 msec : 2
50.1 msec : 2
50.2 msec : 1
50.3 msec : 1
50.4 msec : 1
50.5 msec : 0
50.6 msec : 1
50.7 msec : 0
50.8 msec : 0
50.9 msec : 0
51.0 msec : 1
51.1 msec : 1
51.2 msec : 0
51.3 msec : 3
51.4 msec : 1
51.5 msec : 4
51.6 msec : 0
51.7 msec : 1
51.8 msec : 0
51.9 msec : 1
52.0 msec : 0
52.1 msec : 1
52.2 msec : 1
52.3 msec : 0
52.4 msec : 1
52.5 msec : 0
52.6 msec : 0
52.7 msec : 0
52.8 msec : 0
52.9 msec : 0
53.0 msec : 0
53.1 msec : 0
53.2 msec : 0
53.3 msec : 1
53.4 msec : 1
53.5 msec : 4
53.6 msec : 0
53.7 msec : 0
53.8 msec : 3
53.9 msec : 0
54.0 msec : 0
54.1 msec : 3
54.2 msec : 5
54.3 msec : 15
54.4 msec : 19
54.5 msec : 6
54.6 msec : 1
54.7 msec : 3
54.8 msec : 8
54.9 msec : 8
55.0 msec : 4
55.1 msec : 0
55.2 msec : 3
55.3 msec : 1
55.4 msec : 1
55.5 msec : 1
55.6 msec : 1
55.7 msec : 1
55.8 msec : 1
55.9 msec : 1
56.0 msec : 8
56.1 msec : 1
56.2 msec : 1
56.3 msec : 4
56.4 msec : 1
56.5 msec : 1
56.6 msec : 8
56.7 msec : 5
56.8 msec : 7
56.9 msec : 4
57.0 msec : 2
57.1 msec : 9
57.2 msec : 6
57.3 msec : 5
57.4 msec : 10
57.5 msec : 6
57.6 msec : 9
57.7 msec : 12
57.8 msec : 10
57.9 msec : 8
58.0 msec : 12
58.1 msec : 6
58.2 msec : 14
58.3 msec : 5
58.4 msec : 4
58.5 msec : 7
58.6 msec : 1
58.7 msec : 1
58.8 msec : 1
58.9 msec : 5
59.0 msec : 5
59.1 msec : 3
59.2 msec : 0
59.3 msec : 0
59.4 msec : 0
59.5 msec : 0
59.6 msec : 0
59.7 msec : 0
59.8 msec : 0
59.9 msec : 0
60.0 msec : 0
60.1 msec : 0
60.2 msec : 0
60.3 msec : 0
60.4 msec : 0
60.5 msec : 0
60.6 msec : 0
60.7 msec : 0
60.8 msec : 0
60.9 msec : 0
61.0 msec : 0
61.1 msec : 0
61.2 msec : 0
61.3 msec : 0
61.4 msec : 0
61.5 msec : 0
61.6 msec : 0
61.7 msec : 0
61.8 msec : 0
61.9 msec : 0
62.0 msec : 0
62.1 msec : 0
62.2 msec : 0
62.3 msec : 0
62.4 msec : 1
62.5 msec : 0
62.6 msec : 0
62.7 msec : 0
62.8 msec : 0
62.9 msec : 0
63.0 msec : 0
63.1 msec : 0
63.2 msec : 0
63.3 msec : 0
63.4 msec : 0
63.5 msec : 0
63.6 msec : 0
63.7 msec : 1
63.8 msec : 1
63.9 msec : 0
64.0 msec : 0
64.1 msec : 1
64.2 msec : 0
64.3 msec : 0
64.4 msec : 0
64.5 msec : 2
64.6 msec : 0
64.7 msec : 2
64.8 msec : 0
64.9 msec : 0
65.0 msec : 0
65.1 msec : 0
65.2 msec : 0
65.3 msec : 0
65.4 msec : 0
65.5 msec : 0
65.6 msec : 0
65.7 msec : 0
65.8 msec : 0
65.9 msec : 0
66.0 msec : 0
66.1 msec : 0
66.2 msec : 0
66.3 msec : 0
66.4 msec : 0
66.5 msec : 0
66.6 msec : 0
66.7 msec : 0
66.8 msec : 0
66.9 msec : 0
67.0 msec : 0
67.1 msec : 0
67.2 msec : 0
67.3 msec : 1
67.4 msec : 0
67.5 msec : 0
67.6 msec : 1
67.7 msec : 0
67.8 msec : 0
67.9 msec : 3
68.0 msec : 0
68.1 msec : 0
68.2 msec : 0
68.3 msec : 0
68.4 msec : 1
68.5 msec : 0
68.6 msec : 1
68.7 msec : 0
68.8 msec : 1
68.9 msec : 0
69.0 msec : 0
69.1 msec : 0
69.2 msec : 0
69.3 msec : 0
69.4 msec : 0
69.5 msec : 0
69.6 msec : 0
69.7 msec : 0
69.8 msec : 0
69.9 msec : 0
70.0 msec : 1
70.1 msec : 0
70.2 msec : 0
70.3 msec : 1
70.4 msec : 0
70.5 msec : 3
70.6 msec : 3
70.7 msec : 2
70.8 msec : 0
70.9 msec : 3
71.0 msec : 5
71.1 msec : 1
71.2 msec : 2
71.3 msec : 0
71.4 msec : 3
71.5 msec : 0
71.6 msec : 0
71.7 msec : 0
71.8 msec : 0
71.9 msec : 0
72.0 msec : 2
72.1 msec : 1
72.2 msec : 0
72.3 msec : 0
72.4 msec : 2
72.5 msec : 0
72.6 msec : 2
72.7 msec : 0
72.8 msec : 0
72.9 msec : 3
73.0 msec : 2
73.1 msec : 0
73.2 msec : 0
73.3 msec : 1
73.4 msec : 2
73.5 msec : 3
73.6 msec : 2
73.7 msec : 3
73.8 msec : 2
73.9 msec : 0
74.0 msec : 1
74.1 msec : 4
74.2 msec : 0
74.3 msec : 6
74.4 msec : 6
74.5 msec : 2
74.6 msec : 1
74.7 msec : 0
74.8 msec : 0
74.9 msec : 2
75.0 msec : 0
75.1 msec : 1
75.2 msec : 0
75.3 msec : 0
75.4 msec : 0
75.5 msec : 0
75.6 msec : 0
75.7 msec : 1
75.8 msec : 1
75.9 msec : 1
76.0 msec : 0
76.1 msec : 0
76.2 msec : 0
76.3 msec : 0
76.4 msec : 1
76.5 msec : 0
76.6 msec : 0
76.7 msec : 0
76.8 msec : 0
76.9 msec : 1
77.0 msec : 0
77.1 msec : 0
77.2 msec : 0
77.3 msec : 0
77.4 msec : 0
77.5 msec : 0
77.6 msec : 0
77.7 msec : 0
77.8 msec : 0
77.9 msec : 0
78.0 msec : 0
78.1 msec : 0
78.2 msec : 0
78.3 msec : 0
78.4 msec : 0
78.5 msec : 0
78.6 msec : 2
78.7 msec : 0
78.8 msec : 0
78.9 msec : 0
79.0 msec : 1
79.1 msec : 0
79.2 msec : 1
79.3 msec : 0
79.4 msec : 1
79.5 msec : 0
79.6 msec : 0
79.7 msec : 0
79.8 msec : 0
79.9 msec : 0
80.0 msec : 0
80.1 msec : 0
80.2 msec : 0
80.3 msec : 0
80.4 msec : 0
80.5 msec : 0
80.6 msec : 0
80.7 msec : 0
80.8 msec : 0
80.9 msec : 0
81.0 msec : 0
81.1 msec : 0
81.2 msec : 0
81.3 msec : 0
81.4 msec : 0
81.5 msec : 0
81.6 msec : 0
81.7 msec : 0
81.8 msec : 0
81.9 msec : 0
82.0 msec : 0
82.1 msec : 0
82.2 msec : 0
82.3 msec : 0
82.4 msec : 0
82.5 msec : 0
82.6 msec : 0
82.7 msec : 0
82.8 msec : 0
82.9 msec : 0
83.0 msec : 0
83.1 msec : 0
83.2 msec : 0
83.3 msec : 0
83.4 msec : 0
83.5 msec : 0
83.6 msec : 0
83.7 msec : 0
83.8 msec : 0
83.9 msec : 0
84.0 msec : 0
84.1 msec : 0
84.2 msec : 0
84.3 msec : 0
84.4 msec : 0
84.5 msec : 0
84.6 msec : 0
84.7 msec : 0
84.8 msec : 0
84.9 msec : 0
85.0 msec : 0
85.1 msec : 0
85.2 msec : 0
85.3 msec : 0
85.4 msec : 0
85.5 msec : 0
85.6 msec : 0
85.7 msec : 0
85.8 msec : 0
85.9 msec : 0
86.0 msec : 0
86.1 msec : 0
86.2 msec : 0
86.3 msec : 0
86.4 msec : 0
86.5 msec : 0
86.6 msec : 0
86.7 msec : 0
86.8 msec : 2
86.9 msec : 0
87.0 msec : 1
87.1 msec : 0
87.2 msec : 0
87.3 msec : 0
87.4 msec : 1
87.5 msec : 2
87.6 msec : 0
87.7 msec : 0
87.8 msec : 0
87.9 msec : 0
88.0 msec : 0
88.1 msec : 0
88.2 msec : 1
88.3 msec : 2
88.4 msec : 2
88.5 msec : 2
88.6 msec : 1
88.7 msec : 1
88.8 msec : 0
88.9 msec : 0
89.0 msec : 0
89.1 msec : 1
89.2 msec : 0
89.3 msec : 1
89.4 msec : 4
89.5 msec : 3
89.6 msec : 3
89.7 msec : 0
89.8 msec : 1
89.9 msec : 0
90.0 msec : 1
90.1 msec : 4
90.2 msec : 2
90.3 msec : 0
90.4 msec : 1
90.5 msec : 6
90.6 msec : 5
90.7 msec : 1
90.8 msec : 2
90.9 msec : 2
91.0 msec : 2
91.1 msec : 1
91.2 msec : 0
91.3 msec : 0
91.4 msec : 0
91.5 msec : 1
91.6 msec : 0
91.7 msec : 0
91.8 msec : 0
91.9 msec : 0
92.0 msec : 0
92.1 msec : 1
92.2 msec : 0
92.3 msec : 1
92.4 msec : 0
92.5 msec : 0
92.6 msec : 0
92.7 msec : 0
92.8 msec : 0
92.9 msec : 0
93.0 msec : 0
93.1 msec : 0
93.2 msec : 0
93.3 msec : 0
93.4 msec : 0
93.5 msec : 0
93.6 msec : 0
93.7 msec : 0
93.8 msec : 0
93.9 msec : 0
94.0 msec : 0
94.1 msec : 0
94.2 msec : 0
94.3 msec : 0
94.4 msec : 0
94.5 msec : 0
94.6 msec : 0
94.7 msec : 0
94.8 msec : 0
94.9 msec : 0
95.0 msec : 0
95.1 msec : 0
95.2 msec : 0
95.3 msec : 0
95.4 msec : 0
95.5 msec : 0
95.6 msec : 0
95.7 msec : 0
95.8 msec : 0
95.9 msec : 0
96.0 msec : 0
96.1 msec : 0
96.2 msec : 0
96.3 msec : 0
96.4 msec : 0
96.5 msec : 0
96.6 msec : 0
96.7 msec : 0
96.8 msec : 0
96.9 msec : 0
97.0 msec : 0
97.1 msec : 0
97.2 msec : 0
97.3 msec : 0
97.4 msec : 0
97.5 msec : 0
97.6 msec : 0
97.7 msec : 0
97.8 msec : 0
97.9 msec : 0
98.0 msec : 0
98.1 msec : 0
98.2 msec : 0
98.3 msec : 0
98.4 msec : 0
98.5 msec : 0
98.6 msec : 0
98.7 msec : 0
98.8 msec : 0
98.9 msec : 0
99.0 msec : 0
99.1 msec : 0
99.2 msec : 0
99.3 msec : 0
99.4 msec : 0
99.5 msec : 0
99.6 msec : 0
99.7 msec : 0
99.8 msec : 0
99.9 msec : 0
100.0 msec : 0
100.1 msec : 0
100.2 msec : 0
100.3 msec : 0
100.4 msec : 0
100.5 msec : 0
100.6 msec : 0
100.7 msec : 0
100.8 msec : 0
100.9 msec : 0
101.0 msec : 0
101.1 msec : 0
101.2 msec : 0
101.3 msec : 0
101.4 msec : 0
101.5 msec : 0
101.6 msec : 0
101.7 msec : 0
101.8 msec : 0
101.9 msec : 0
102.0 msec : 0
102.1 msec : 0
102.2 msec : 0
102.3 msec : 0
102.4 msec : 0
102.5 msec : 0
102.6 msec : 0
102.7 msec : 0
102.8 msec : 0
102.9 msec : 0
103.0 msec : 0
103.1 msec : 0
103.2 msec : 0
103.3 msec : 0
103.4 msec : 0
103.5 msec : 0
103.6 msec : 0
103.7 msec : 0
103.8 msec : 0
103.9 msec : 0
104.0 msec : 0
104.1 msec : 0
104.2 msec : 0
104.3 msec : 0
104.4 msec : 0
104.5 msec : 0
104.6 msec : 0
104.7 msec : 0
104.8 msec : 0
104.9 msec : 0
105.0 msec : 0
105.1 msec : 0
105.2 msec : 0
105.3 msec : 0
105.4 msec : 0
105.5 msec : 0
105.6 msec : 0
105.7 msec : 0
105.8 msec : 0
105.9 msec : 0
106.0 msec : 0
106.1 msec : 0
106.2 msec : 0
106.3 msec : 0
106.4 msec : 0
106.5 msec : 0
106.6 msec : 3
106.7 msec : 0
106.8 msec : 0
106.9 msec : 0
107.0 msec : 0
107.1 msec : 0
107.2 msec : 0
107.3 msec : 0
107.4 msec : 0
107.5 msec : 0
107.6 msec : 0
107.7 msec : 0
107.8 msec : 0
107.9 msec : 0
108.0 msec : 0
108.1 msec : 0
108.2 msec : 0
108.3 msec : 0
108.4 msec : 0
108.5 msec : 0
108.6 msec : 0
108.7 msec : 0
108.8 msec : 0
108.9 msec : 0
109.0 msec : 0
109.1 msec : 0
109.2 msec : 0
109.3 msec : 0
109.4 msec : 0
109.5 msec : 0
109.6 msec : 0
109.7 msec : 0
109.8 msec : 0
109.9 msec : 0
110.0 msec : 0
110.1 msec : 0
110.2 msec : 0
110.3 msec : 0
110.4 msec : 0
110.5 msec : 0
110.6 msec : 0
110.7 msec : 0
110.8 msec : 0
110.9 msec : 0
111.0 msec : 0
111.1 msec : 0
111.2 msec : 0
111.3 msec : 0
111.4 msec : 0
111.5 msec : 0
111.6 msec : 0
111.7 msec : 0
111.8 msec : 0
111.9 msec : 0
112.0 msec : 0
112.1 msec : 0
112.2 msec : 0
112.3 msec : 0
112.4 msec : 0
112.5 msec : 0
112.6 msec : 0
112.7 msec : 0
112.8 msec : 0
112.9 msec : 0
113.0 msec : 0
113.1 msec : 0
113.2 msec : 0
113.3 msec : 0
113.4 msec : 0
113.5 msec : 0
113.6 msec : 0
113.7 msec : 0
113.8 msec : 0
113.9 msec : 0
114.0 msec : 0
114.1 msec : 0
114.2 msec : 0
114.3 msec : 0
114.4 msec : 0
114.5 msec : 0
114.6 msec : 0
114.7 msec : 0
114.8 msec : 0
114.9 msec : 0
115.0 msec : 0
115.1 msec : 0
115.2 msec : 0
115.3 msec : 0
115.4 msec : 1
115.5 msec : 0
115.6 msec : 0
115.7 msec : 0
115.8 msec : 0
115.9 msec : 0
116.0 msec : 0
116.1 msec : 0
116.2 msec : 0
116.3 msec : 0
116.4 msec : 0
116.5 msec : 0
116.6 msec : 0
116.7 msec : 1
116.8 msec : 1
116.9 msec : 1
117.0 msec : 0
117.1 msec : 0
117.2 msec : 0
117.3 msec : 0
117.4 msec : 0
117.5 msec : 0
117.6 msec : 0
117.7 msec : 0
117.8 msec : 0
117.9 msec : 0
118.0 msec : 0
118.1 msec : 0
118.2 msec : 0
118.3 msec : 0
118.4 msec : 0
118.5 msec : 0
118.6 msec : 0
118.7 msec : 0
118.8 msec : 0
118.9 msec : 0
119.0 msec : 0
119.1 msec : 0
119.2 msec : 0
119.3 msec : 0
119.4 msec : 0
119.5 msec : 0
119.6 msec : 0
119.7 msec : 0
119.8 msec : 0
119.9 msec : 0
120.0 msec : 0
120.1 msec : 0
120.2 msec : 0
120.3 msec : 0
120.4 msec : 0
120.5 msec : 0
120.6 msec : 0
120.7 msec : 0
120.8 msec : 0
120.9 msec : 0
121.0 msec : 0
121.1 msec : 0
121.2 msec : 0
121.3 msec : 1
121.4 msec : 0
121.5 msec : 0
121.6 msec : 1
121.7 msec : 3
121.8 msec : 0
121.9 msec : 0
122.0 msec : 0
122.1 msec : 0
122.2 msec : 0
122.3 msec : 0
122.4 msec : 4
122.5 msec : 3
122.6 msec : 4
122.7 msec : 2
122.8 msec : 0
122.9 msec : 0
123.0 msec : 1
123.1 msec : 0
123.2 msec : 0
123.3 msec : 0
123.4 msec : 0
123.5 msec : 0
123.6 msec : 0
123.7 msec : 0
123.8 msec : 0
123.9 msec : 0
124.0 msec : 0
124.1 msec : 0
124.2 msec : 0
124.3 msec : 0
124.4 msec : 0
124.5 msec : 0
124.6 msec : 0
124.7 msec : 0
124.8 msec : 0
124.9 msec : 0
125.0 msec : 0
125.1 msec : 0
125.2 msec : 0
125.3 msec : 0
125.4 msec : 0
125.5 msec : 0
125.6 msec : 0
125.7 msec : 0
125.8 msec : 0
125.9 msec : 0
126.0 msec : 0
126.1 msec : 0
126.2 msec : 0
126.3 msec : 0
126.4 msec : 0
126.5 msec : 0
126.6 msec : 0
126.7 msec : 0
126.8 msec : 0
126.9 msec : 0
127.0 msec : 0
127.1 msec : 0
127.2 msec : 0
127.3 msec : 0
127.4 msec : 0
127.5 msec : 0
127.6 msec : 0
127.7 msec : 0
127.8 msec : 0
127.9 msec : 0
128.0 msec : 0
128.1 msec : 0
128.2 msec : 1
128.3 msec : 7
128.4 msec : 2
128.5 msec : 0
128.6 msec : 1
128.7 msec : 2
128.8 msec : 1
128.9 msec : 0
129.0 msec : 1
129.1 msec : 0
129.2 msec : 0
129.3 msec : 0
129.4 msec : 0
129.5 msec : 0
129.6 msec : 0
129.7 msec : 0
129.8 msec : 0
129.9 msec : 0
130.0 msec : 0
130.1 msec : 0
130.2 msec : 0
130.3 msec : 0
130.4 msec : 0
130.5 msec : 0
130.6 msec : 0
130.7 msec : 0
130.8 msec : 0
130.9 msec : 0
131.0 msec : 0
131.1 msec : 0
131.2 msec : 0
131.3 msec : 0
131.4 msec : 0
131.5 msec : 0
131.6 msec : 0
131.7 msec : 0
131.8 msec : 0
131.9 msec : 0
132.0 msec : 0
132.1 msec : 0
132.2 msec : 0
132.3 msec : 0
132.4 msec : 0
132.5 msec : 0
132.6 msec : 0
132.7 msec : 0
132.8 msec : 0
132.9 msec : 0
133.0 msec : 0
133.1 msec : 0
133.2 msec : 0
133.3 msec : 0
133.4 msec : 0
133.5 msec : 0
133.6 msec : 0
133.7 msec : 0
133.8 msec : 0
133.9 msec : 0
134.0 msec : 0
134.1 msec : 0
134.2 msec : 0
134.3 msec : 0
134.4 msec : 0
134.5 msec : 0
134.6 msec : 0
134.7 msec : 0
134.8 msec : 0
134.9 msec : 0
135.0 msec : 0
135.1 msec : 0
135.2 msec : 0
135.3 msec : 0
135.4 msec : 0
135.5 msec : 0
135.6 msec : 0
135.7 msec : 0
135.8 msec : 0
135.9 msec : 0
136.0 msec : 0
136.1 msec : 0
136.2 msec : 0
136.3 msec : 0
136.4 msec : 0
136.5 msec : 0
136.6 msec : 0
136.7 msec : 4
136.8 msec : 2
136.9 msec : 1
137.0 msec : 4
137.1 msec : 2
137.2 msec : 2
137.3 msec : 0
137.4 msec : 0
137.5 msec : 0
137.6 msec : 0
137.7 msec : 0
137.8 msec : 0
137.9 msec : 0
138.0 msec : 1
138.1 msec : 0
138.2 msec : 0
138.3 msec : 0
138.4 msec : 0
138.5 msec : 0
138.6 msec : 0
138.7 msec : 0
138.8 msec : 0
138.9 msec : 0
139.0 msec : 0
139.1 msec : 0
139.2 msec : 0
139.3 msec : 0
139.4 msec : 0
139.5 msec : 0
139.6 msec : 0
139.7 msec : 0
139.8 msec : 0
139.9 msec : 0
140.0 msec : 0
140.1 msec : 0
140.2 msec : 0
140.3 msec : 0
140.4 msec : 0
140.5 msec : 0
140.6 msec : 0
140.7 msec : 0
140.8 msec : 0
140.9 msec : 0
141.0 msec : 0
141.1 msec : 0
141.2 msec : 0
141.3 msec : 0
141.4 msec : 0
141.5 msec : 0
141.6 msec : 0
141.7 msec : 0
141.8 msec : 0
141.9 msec : 0
142.0 msec : 0
142.1 msec : 0
142.2 msec : 0
142.3 msec : 0
142.4 msec : 0
142.5 msec : 0
142.6 msec : 0
142.7 msec : 0
142.8 msec : 0
142.9 msec : 0
143.0 msec : 0
143.1 msec : 0
143.2 msec : 0
143.3 msec : 0
143.4 msec : 0
143.5 msec : 0
143.6 msec : 0
143.7 msec : 0
143.8 msec : 0
143.9 msec : 0
144.0 msec : 0
144.1 msec : 0
144.2 msec : 0
144.3 msec : 0
144.4 msec : 0
144.5 msec : 0
144.6 msec : 0
144.7 msec : 0
144.8 msec : 2
144.9 msec : 2
145.0 msec : 4
145.1 msec : 2
145.2 msec : 3
145.3 msec : 2
145.4 msec : 0
145.5 msec : 0
145.6 msec : 0
145.7 msec : 1
145.8 msec : 4
145.9 msec : 0
146.0 msec : 2
146.1 msec : 5
146.2 msec : 1
146.3 msec : 1
146.4 msec : 1
146.5 msec : 0
146.6 msec : 0
146.7 msec : 1
146.8 msec : 0
146.9 msec : 0
147.0 msec : 0
147.1 msec : 0
147.2 msec : 0
147.3 msec : 0
147.4 msec : 0
147.5 msec : 0
147.6 msec : 0
147.7 msec : 0
147.8 msec : 0
147.9 msec : 0
148.0 msec : 0
148.1 msec : 0
148.2 msec : 0
148.3 msec : 0
148.4 msec : 0
148.5 msec : 0
148.6 msec : 0
148.7 msec : 0
148.8 msec : 0
148.9 msec : 0
149.0 msec : 0
149.1 msec : 0
149.2 msec : 0
149.3 msec : 0
149.4 msec : 0
149.5 msec : 0
149.6 msec : 0
149.7 msec : 0
149.8 msec : 0
149.9 msec : 0
150.0 msec : 0
150.1 msec : 0
150.2 msec : 0
150.3 msec : 0
150.4 msec : 0
150.5 msec : 0
150.6 msec : 0
150.7 msec : 0
150.8 msec : 0
150.9 msec : 0
151.0 msec : 0
151.1 msec : 0
151.2 msec : 0
151.3 msec : 0
151.4 msec : 0
151.5 msec : 0
151.6 msec : 0
151.7 msec : 0
151.8 msec : 0
151.9 msec : 0
152.0 msec : 0
152.1 msec : 0
152.2 msec : 0
152.3 msec : 0
152.4 msec : 0
152.5 msec : 0
152.6 msec : 0
152.7 msec : 0
152.8 msec : 0
152.9 msec : 0
153.0 msec : 0
153.1 msec : 0
153.2 msec : 0
153.3 msec : 0
153.4 msec : 0
153.5 msec : 0
153.6 msec : 0
153.7 msec : 0
153.8 msec : 0
153.9 msec : 0
154.0 msec : 0
154.1 msec : 0
154.2 msec : 0
154.3 msec : 0
154.4 msec : 0
154.5 msec : 0
154.6 msec : 0
154.7 msec : 0
154.8 msec : 0
154.9 msec : 0
155.0 msec : 0
155.1 msec : 0
155.2 msec : 0
155.3 msec : 0
155.4 msec : 0
155.5 msec : 0
155.6 msec : 0
155.7 msec : 0
155.8 msec : 0
155.9 msec : 0
156.0 msec : 0
156.1 msec : 0
156.2 msec : 0
156.3 msec : 0
156.4 msec : 0
156.5 msec : 0
156.6 msec : 0
156.7 msec : 0
156.8 msec : 0
156.9 msec : 0
157.0 msec : 0
157.1 msec : 0
157.2 msec : 0
157.3 msec : 0
157.4 msec : 0
157.5 msec : 0
157.6 msec : 0
157.7 msec : 0
157.8 msec : 0
157.9 msec : 0
158.0 msec : 0
158.1 msec : 0
158.2 msec : 0
158.3 msec : 0
158.4 msec : 0
158.5 msec : 0
158.6 msec : 0
158.7 msec : 0
158.8 msec : 0
158.9 msec : 0
159.0 msec : 0
159.1 msec : 0
159.2 msec : 0
159.3 msec : 0
159.4 msec : 0
159.5 msec : 0
159.6 msec : 0
159.7 msec : 0
159.8 msec : 0
159.9 msec : 0
160.0 msec : 0
160.1 msec : 0
160.2 msec : 0
160.3 msec : 0
160.4 msec : 0
160.5 msec : 0
160.6 msec : 0
160.7 msec : 0
160.8 msec : 0
160.9 msec : 0
161.0 msec : 0
161.1 msec : 0
161.2 msec : 0
161.3 msec : 0
161.4 msec : 0
161.5 msec : 0
161.6 msec : 0
161.7 msec : 0
161.8 msec : 0
161.9 msec : 0
162.0 msec : 0
162.1 msec : 0
162.2 msec : 0
162.3 msec : 0
162.4 msec : 0
162.5 msec : 0
162.6 msec : 0
162.7 msec : 0
162.8 msec : 0
162.9 msec : 0
163.0 msec : 0
163.1 msec : 0
163.2 msec : 0
163.3 msec : 0
163.4 msec : 0
163.5 msec : 0
163.6 msec : 0
163.7 msec : 0
163.8 msec : 0
163.9 msec : 0
164.0 msec : 0
164.1 msec : 0
164.2 msec : 0
164.3 msec : 0
164.4 msec : 0
164.5 msec : 0
164.6 msec : 0
164.7 msec : 0
164.8 msec : 0
164.9 msec : 0
165.0 msec : 0
165.1 msec : 0
165.2 msec : 0
165.3 msec : 0
165.4 msec : 0
165.5 msec : 0
165.6 msec : 0
165.7 msec : 0
165.8 msec : 0
165.9 msec : 0
166.0 msec : 0
166.1 msec : 0
166.2 msec : 1
166.3 msec : 1
166.4 msec : 1
166.5 msec : 0
166.6 msec : 0
166.7 msec : 0
166.8 msec : 0
166.9 msec : 0
167.0 msec : 0
167.1 msec : 0
167.2 msec : 0
167.3 msec : 0
167.4 msec : 0
167.5 msec : 0
167.6 msec : 0
167.7 msec : 0
167.8 msec : 0
167.9 msec : 0
168.0 msec : 0
168.1 msec : 0
168.2 msec : 0
168.3 msec : 0
168.4 msec : 0
168.5 msec : 0
168.6 msec : 0
168.7 msec : 0
168.8 msec : 0
168.9 msec : 0
169.0 msec : 0
169.1 msec : 0
169.2 msec : 0
169.3 msec : 0
169.4 msec : 0
169.5 msec : 0
169.6 msec : 0
169.7 msec : 0
169.8 msec : 0
169.9 msec : 0
170.0 msec : 0
170.1 msec : 0
170.2 msec : 0
170.3 msec : 0
170.4 msec : 0
170.5 msec : 0
170.6 msec : 0
170.7 msec : 0
170.8 msec : 0
170.9 msec : 0
171.0 msec : 0
171.1 msec : 0
171.2 msec : 0
171.3 msec : 0
171.4 msec : 0
171.5 msec : 0
171.6 msec : 0
171.7 msec : 0
171.8 msec : 0
171.9 msec : 0
172.0 msec : 0
172.1 msec : 0
172.2 msec : 0
172.3 msec : 0
172.4 msec : 0
172.5 msec : 0
172.6 msec : 0
172.7 msec : 0
172.8 msec : 0
172.9 msec : 0
173.0 msec : 0
173.1 msec : 0
173.2 msec : 0
173.3 msec : 0
173.4 msec : 0
173.5 msec : 0
173.6 msec : 0
173.7 msec : 0
173.8 msec : 0
173.9 msec : 0
174.0 msec : 0
174.1 msec : 0
174.2 msec : 0
174.3 msec : 0
174.4 msec : 0
174.5 msec : 0
174.6 msec : 0
174.7 msec : 0
174.8 msec : 0
174.9 msec : 0
175.0 msec : 0
175.1 msec : 0
175.2 msec : 0
175.3 msec : 0
175.4 msec : 0
175.5 msec : 0
175.6 msec : 0
175.7 msec : 0
175.8 msec : 0
175.9 msec : 0
176.0 msec : 0
176.1 msec : 0
176.2 msec : 0
176.3 msec : 0
176.4 msec : 0
176.5 msec : 0
176.6 msec : 0
176.7 msec : 0
176.8 msec : 0
176.9 msec : 0
177.0 msec : 0
177.1 msec : 0
177.2 msec : 0
177.3 msec : 0
177.4 msec : 0
177.5 msec : 0
177.6 msec : 0
177.7 msec : 0
177.8 msec : 0
177.9 msec : 0
178.0 msec : 0
178.1 msec : 0
178.2 msec : 0
178.3 msec : 0
178.4 msec : 0
178.5 msec : 0
178.6 msec : 0
178.7 msec : 0
178.8 msec : 0
178.9 msec : 0
179.0 msec : 0
179.1 msec : 0
179.2 msec : 0
179.3 msec : 0
179.4 msec : 0
179.5 msec : 0
179.6 msec : 0
179.7 msec : 0
179.8 msec : 0
179.9 msec : 0
180.0 msec : 0
180.1 msec : 0
180.2 msec : 0
180.3 msec : 0
180.4 msec : 0
180.5 msec : 0
180.6 msec : 0
180.7 msec : 0
180.8 msec : 0
180.9 msec : 0
181.0 msec : 0
181.1 msec : 0
181.2 msec : 0
181.3 msec : 0
181.4 msec : 0
181.5 msec : 0
181.6 msec : 0
181.7 msec : 0
181.8 msec : 0
181.9 msec : 0
182.0 msec : 0
182.1 msec : 0
182.2 msec : 0
182.3 msec : 0
182.4 msec : 0
182.5 msec : 0
182.6 msec : 0
182.7 msec : 0
182.8 msec : 0
182.9 msec : 0
183.0 msec : 0
183.1 msec : 0
183.2 msec : 0
183.3 msec : 0
183.4 msec : 0
183.5 msec : 0
183.6 msec : 0
183.7 msec : 0
183.8 msec : 0
183.9 msec : 0
184.0 msec : 0
184.1 msec : 0
184.2 msec : 0
184.3 msec : 0
184.4 msec : 0
184.5 msec : 0
184.6 msec : 0
184.7 msec : 0
184.8 msec : 0
184.9 msec : 0
185.0 msec : 0
185.1 msec : 0
185.2 msec : 0
185.3 msec : 0
185.4 msec : 0
185.5 msec : 0
185.6 msec : 0
185.7 msec : 0
185.8 msec : 0
185.9 msec : 0
186.0 msec : 0
186.1 msec : 0
186.2 msec : 0
186.3 msec : 0
186.4 msec : 0
186.5 msec : 0
186.6 msec : 0
186.7 msec : 0
186.8 msec : 0
186.9 msec : 0
187.0 msec : 0
187.1 msec : 0
187.2 msec : 0
187.3 msec : 0
187.4 msec : 0
187.5 msec : 0
187.6 msec : 0
187.7 msec : 0
187.8 msec : 0
187.9 msec : 0
188.0 msec : 0
188.1 msec : 0
188.2 msec : 0
188.3 msec : 0
188.4 msec : 0
188.5 msec : 0
188.6 msec : 0
188.7 msec : 0
188.8 msec : 0
188.9 msec : 0
189.0 msec : 0
189.1 msec : 0
189.2 msec : 0
189.3 msec : 0
189.4 msec : 0
189.5 msec : 0
189.6 msec : 0
189.7 msec : 0
189.8 msec : 0
189.9 msec : 0
190.0 msec : 0
190.1 msec : 0
190.2 msec : 0
190.3 msec : 0
190.4 msec : 0
190.5 msec : 0
190.6 msec : 0
190.7 msec : 0
190.8 msec : 0
190.9 msec : 0
191.0 msec : 0
191.1 msec : 0
191.2 msec : 0
191.3 msec : 0
191.4 msec : 0
191.5 msec : 0
191.6 msec : 0
191.7 msec : 0
191.8 msec : 0
191.9 msec : 0
192.0 msec : 0
192.1 msec : 0
192.2 msec : 0
192.3 msec : 0
192.4 msec : 0
192.5 msec : 0
192.6 msec : 0
192.7 msec : 0
192.8 msec : 0
192.9 msec : 0
193.0 msec : 0
193.1 msec : 0
193.2 msec : 0
193.3 msec : 0
193.4 msec : 0
193.5 msec : 0
193.6 msec : 0
193.7 msec : 0
193.8 msec : 0
193.9 msec : 0
194.0 msec : 0
194.1 msec : 0
194.2 msec : 0
194.3 msec : 0
194.4 msec : 0
194.5 msec : 0
194.6 msec : 0
194.7 msec : 0
194.8 msec : 0
194.9 msec : 0
195.0 msec : 0
195.1 msec : 0
195.2 msec : 0
195.3 msec : 0
195.4 msec : 0
195.5 msec : 0
195.6 msec : 0
195.7 msec : 0
195.8 msec : 0
195.9 msec : 2
196.0 msec : 1
196.1 msec : 0
196.2 msec : 0
196.3 msec : 0
196.4 msec : 1
196.5 msec : 0
196.6 msec : 1
196.7 msec : 0
196.8 msec : 0
196.9 msec : 0
197.0 msec : 0
197.1 msec : 0
197.2 msec : 0
197.3 msec : 0
197.4 msec : 0
197.5 msec : 0
197.6 msec : 0
197.7 msec : 0
197.8 msec : 0
197.9 msec : 0
198.0 msec : 0
198.1 msec : 0
198.2 msec : 0
198.3 msec : 0
198.4 msec : 0
198.5 msec : 0
198.6 msec : 0
198.7 msec : 0
198.8 msec : 0
198.9 msec : 0
199.0 msec : 0
199.1 msec : 0
199.2 msec : 0
199.3 msec : 0
199.4 msec : 0
199.5 msec : 0
199.6 msec : 0
199.7 msec : 0
199.8 msec : 0
199.9 msec : 0
200.0 msec : 0
200.1 msec : 0
200.2 msec : 0
200.3 msec : 0
200.4 msec : 0
200.5 msec : 0
200.6 msec : 0
200.7 msec : 0
200.8 msec : 0
200.9 msec : 0
201.0 msec : 0
201.1 msec : 0
201.2 msec : 0
201.3 msec : 0
201.4 msec : 0
201.5 msec : 0
201.6 msec : 0
201.7 msec : 0
201.8 msec : 0
201.9 msec : 0
202.0 msec : 0
202.1 msec : 0
202.2 msec : 0
202.3 msec : 0
202.4 msec : 0
202.5 msec : 0
202.6 msec : 0
202.7 msec : 0
202.8 msec : 0
202.9 msec : 0
203.0 msec : 0
203.1 msec : 0
203.2 msec : 0
203.3 msec : 0
203.4 msec : 0
203.5 msec : 0
203.6 msec : 0
203.7 msec : 0
203.8 msec : 0
203.9 msec : 0
204.0 msec : 0
204.1 msec : 0
204.2 msec : 0
204.3 msec : 0
204.4 msec : 0
204.5 msec : 0
204.6 msec : 0
204.7 msec : 0
204.8 msec : 0
204.9 msec : 0
205.0 msec : 0
205.1 msec : 0
205.2 msec : 0
205.3 msec : 0
205.4 msec : 0
205.5 msec : 0
205.6 msec : 0
205.7 msec : 0
205.8 msec : 0
205.9 msec : 0
206.0 msec : 0
206.1 msec : 0
206.2 msec : 0
206.3 msec : 0
206.4 msec : 0
206.5 msec : 0
206.6 msec : 0
206.7 msec : 0
206.8 msec : 0
206.9 msec : 0
207.0 msec : 0
207.1 msec : 0
207.2 msec : 0
207.3 msec : 0
207.4 msec : 0
207.5 msec : 0
207.6 msec : 0
207.7 msec : 0
207.8 msec : 0
207.9 msec : 0
208.0 msec : 0
208.1 msec : 0
208.2 msec : 0
208.3 msec : 0
208.4 msec : 0
208.5 msec : 0
208.6 msec : 0
208.7 msec : 0
208.8 msec : 0
208.9 msec : 0
209.0 msec : 0
209.1 msec : 0
209.2 msec : 0
209.3 msec : 0
209.4 msec : 0
209.5 msec : 0
209.6 msec : 0
209.7 msec : 0
209.8 msec : 0
209.9 msec : 0
210.0 msec : 0
210.1 msec : 0
210.2 msec : 0
210.3 msec : 0
210.4 msec : 0
210.5 msec : 0
210.6 msec : 0
210.7 msec : 0
210.8 msec : 0
210.9 msec : 0
211.0 msec : 0
211.1 msec : 0
211.2 msec : 0
211.3 msec : 0
211.4 msec : 0
211.5 msec : 0
211.6 msec : 0
211.7 msec : 0
211.8 msec : 0
211.9 msec : 0
212.0 msec : 0
212.1 msec : 0
212.2 msec : 0
212.3 msec : 0
212.4 msec : 0
212.5 msec : 0
212.6 msec : 0
212.7 msec : 0
212.8 msec : 0
212.9 msec : 0
213.0 msec : 0
213.1 msec : 0
213.2 msec : 0
213.3 msec : 0
213.4 msec : 0
213.5 msec : 0
213.6 msec : 0
213.7 msec : 0
213.8 msec : 0
213.9 msec : 0
214.0 msec : 0
214.1 msec : 0
214.2 msec : 0
214.3 msec : 0
214.4 msec : 0
214.5 msec : 0
214.6 msec : 0
214.7 msec : 0
214.8 msec : 0
214.9 msec : 0
215.0 msec : 0
215.1 msec : 0
215.2 msec : 0
215.3 msec : 0
215.4 msec : 0
215.5 msec : 0
215.6 msec : 0
215.7 msec : 0
215.8 msec : 0
215.9 msec : 0
216.0 msec : 0
216.1 msec : 0
216.2 msec : 0
216.3 msec : 0
216.4 msec : 0
216.5 msec : 0
216.6 msec : 0
216.7 msec : 0
216.8 msec : 0
216.9 msec : 0
217.0 msec : 0
217.1 msec : 0
217.2 msec : 0
217.3 msec : 0
217.4 msec : 0
217.5 msec : 0
217.6 msec : 0
217.7 msec : 0
217.8 msec : 0
217.9 msec : 0
218.0 msec : 0
218.1 msec : 0
218.2 msec : 0
218.3 msec : 0
218.4 msec : 0
218.5 msec : 0
218.6 msec : 0
218.7 msec : 0
218.8 msec : 0
218.9 msec : 0
219.0 msec : 0
219.1 msec : 0
219.2 msec : 0
219.3 msec : 0
219.4 msec : 0
219.5 msec : 0
219.6 msec : 0
219.7 msec : 0
219.8 msec : 0
219.9 msec : 0
220.0 msec : 0
220.1 msec : 0
220.2 msec : 0
220.3 msec : 0
220.4 msec : 0
220.5 msec : 0
220.6 msec : 0
220.7 msec : 0
220.8 msec : 0
220.9 msec : 0
221.0 msec : 0
221.1 msec : 0
221.2 msec : 0
221.3 msec : 0
221.4 msec : 0
221.5 msec : 0
221.6 msec : 0
221.7 msec : 0
221.8 msec : 0
221.9 msec : 0
222.0 msec : 0
222.1 msec : 0
222.2 msec : 0
222.3 msec : 0
222.4 msec : 0
222.5 msec : 0
222.6 msec : 0
222.7 msec : 0
222.8 msec : 0
222.9 msec : 0
223.0 msec : 0
223.1 msec : 0
223.2 msec : 0
223.3 msec : 0
223.4 msec : 0
223.5 msec : 0
223.6 msec : 0
223.7 msec : 0
223.8 msec : 0
223.9 msec : 0
224.0 msec : 0
224.1 msec : 0
224.2 msec : 0
224.3 msec : 0
224.4 msec : 0
224.5 msec : 0
224.6 msec : 0
224.7 msec : 1
224.8 msec : 0
224.9 msec : 1
225.0 msec : 1
225.1 msec : 0
225.2 msec : 0
225.3 msec : 3
225.4 msec : 1
225.5 msec : 1
225.6 msec : 0
225.7 msec : 1
225.8 msec : 1
225.9 msec : 1
226.0 msec : 1
226.1 msec : 1
226.2 msec : 1
226.3 msec : 1
226.4 msec : 0
226.5 msec : 1
226.6 msec : 0
226.7 msec : 0
226.8 msec : 1
226.9 msec : 2
227.0 msec : 0
