Middleware started...
Middleware shuts down...
Smaller resolution statistics are in a log file...
Final aggregates per worker:


Worker 13
Average throughput (ops/sec) = 391
Average response time (msec) = 1.4981084098360655
Average queue length = 2
Average wait time in queue (msec) = 0.3331429016393443
Average service time (msec) = 1.0647563278688525
Number of SET = 0
Number of GET = 391
Number of MULTI GET = 0


Worker 7
Average throughput (ops/sec) = 387
Average response time (msec) = 1.5100565737704919
Average queue length = 2
Average wait time in queue (msec) = 0.33182139344262296
Average service time (msec) = 1.0773534590163933
Number of SET = 0
Number of GET = 387
Number of MULTI GET = 0


Worker 14
Average throughput (ops/sec) = 390
Average response time (msec) = 1.508276950819672
Average queue length = 2
Average wait time in queue (msec) = 0.3317244426229508
Average service time (msec) = 1.0709269672131148
Number of SET = 0
Number of GET = 390
Number of MULTI GET = 0


Worker 6
Average throughput (ops/sec) = 392
Average response time (msec) = 1.508369606557377
Average queue length = 1
Average wait time in queue (msec) = 0.3386357213114754
Average service time (msec) = 1.0694479344262295
Number of SET = 0
Number of GET = 392
Number of MULTI GET = 0


Worker 15
Average throughput (ops/sec) = 388
Average response time (msec) = 1.4966964590163934
Average queue length = 2
Average wait time in queue (msec) = 0.3296379508196721
Average service time (msec) = 1.0629840819672132
Number of SET = 0
Number of GET = 388
Number of MULTI GET = 0


Worker 9
Average throughput (ops/sec) = 387
Average response time (msec) = 1.4875066229508198
Average queue length = 2
Average wait time in queue (msec) = 0.32608778688524587
Average service time (msec) = 1.0673129344262295
Number of SET = 0
Number of GET = 387
Number of MULTI GET = 0


Worker 16
Average throughput (ops/sec) = 387
Average response time (msec) = 1.519949524590164
Average queue length = 2
Average wait time in queue (msec) = 0.3285082786885246
Average service time (msec) = 1.08611631147541
Number of SET = 0
Number of GET = 387
Number of MULTI GET = 0


Worker 8
Average throughput (ops/sec) = 390
Average response time (msec) = 1.495952524590164
Average queue length = 0
Average wait time in queue (msec) = 0.3351121639344262
Average service time (msec) = 1.0548465901639346
Number of SET = 0
Number of GET = 390
Number of MULTI GET = 0


Worker 3
Average throughput (ops/sec) = 393
Average response time (msec) = 1.5029738688524592
Average queue length = 1
Average wait time in queue (msec) = 0.33607318032786887
Average service time (msec) = 1.063652
Number of SET = 0
Number of GET = 393
Number of MULTI GET = 0


Worker 10
Average throughput (ops/sec) = 388
Average response time (msec) = 1.4855753770491802
Average queue length = 2
Average wait time in queue (msec) = 0.31675359016393445
Average service time (msec) = 1.0587881967213115
Number of SET = 0
Number of GET = 388
Number of MULTI GET = 0


Worker 2
Average throughput (ops/sec) = 390
Average response time (msec) = 1.5211759344262294
Average queue length = 1
Average wait time in queue (msec) = 0.31485127868852464
Average service time (msec) = 1.0742549180327867
Number of SET = 0
Number of GET = 390
Number of MULTI GET = 0


Worker 11
Average throughput (ops/sec) = 387
Average response time (msec) = 1.4931942295081968
Average queue length = 2
Average wait time in queue (msec) = 0.32028772131147537
Average service time (msec) = 1.0674242295081966
Number of SET = 0
Number of GET = 387
Number of MULTI GET = 0


Worker 5
Average throughput (ops/sec) = 387
Average response time (msec) = 1.5005142786885246
Average queue length = 2
Average wait time in queue (msec) = 0.32664124590163934
Average service time (msec) = 1.0614932786885247
Number of SET = 0
Number of GET = 387
Number of MULTI GET = 0


Worker 12
Average throughput (ops/sec) = 389
Average response time (msec) = 1.4802553114754098
Average queue length = 1
Average wait time in queue (msec) = 0.3173601967213115
Average service time (msec) = 1.068125950819672
Number of SET = 0
Number of GET = 389
Number of MULTI GET = 0


Worker 4
Average throughput (ops/sec) = 384
Average response time (msec) = 1.517462655737705
Average queue length = 2
Average wait time in queue (msec) = 0.3398502131147541
Average service time (msec) = 1.0741869016393442
Number of SET = 0
Number of GET = 384
Number of MULTI GET = 0


Worker 1
Average throughput (ops/sec) = 390
Average response time (msec) = 1.5056093114754099
Average queue length = 1
Average wait time in queue (msec) = 0.33471795081967215
Average service time (msec) = 1.0724631311475408
Number of SET = 0
Number of GET = 390
Number of MULTI GET = 0


FINAL STATS
Average throughput (ops/sec) = 6220
Average response time (msec) = 1.4559883697062361
Average queue length = 1
Average wait time in queue (msec) = 0.32882537602459017
Average service time (msec) = 1.068383325819672
Number of SET = 0
Number of GET = 6220
Number of MULTI GET = 0
Number of Cache misses = 0
Arrival rate (lambda) = [0, 0, 891, 4241, 5138, 5783, 6087, 5666, 6424, 5921, 6583, 6359, 6538, 7156, 6398, 5914, 6703, 6912, 6871, 7005, 6583, 6710, 5876, 6892, 7156, 5911, 6601, 6127, 6425, 5691, 6630, 6313, 6819, 6203, 7113, 6170, 6102, 5615, 6636, 6565, 6083, 6526, 6534, 6710, 6607, 6700, 6790, 5970, 6023, 6452, 6888, 6698, 6578, 6037, 6290, 6264, 6215, 6682, 6229, 6475, 6505, 6102, 3931, 0, 0]


Histogram response times (0.1 msec step)
0.0 msec : 411
0.1 msec : 6197
0.2 msec : 21200
0.3 msec : 37871
0.4 msec : 46253
0.5 msec : 47249
0.6 msec : 42124
0.7 msec : 34751
0.8 msec : 27135
0.9 msec : 20371
1.0 msec : 15527
1.1 msec : 11396
1.2 msec : 8435
1.3 msec : 6143
1.4 msec : 4640
1.5 msec : 3749
1.6 msec : 2912
1.7 msec : 2233
1.8 msec : 1983
1.9 msec : 1592
2.0 msec : 1348
2.1 msec : 1196
2.2 msec : 1082
2.3 msec : 977
2.4 msec : 928
2.5 msec : 723
2.6 msec : 671
2.7 msec : 645
2.8 msec : 543
2.9 msec : 586
3.0 msec : 544
3.1 msec : 442
3.2 msec : 398
3.3 msec : 358
3.4 msec : 340
3.5 msec : 342
3.6 msec : 279
3.7 msec : 296
3.8 msec : 296
3.9 msec : 294
4.0 msec : 315
4.1 msec : 243
4.2 msec : 182
4.3 msec : 225
4.4 msec : 194
4.5 msec : 153
4.6 msec : 192
4.7 msec : 150
4.8 msec : 162
4.9 msec : 218
5.0 msec : 190
5.1 msec : 168
5.2 msec : 164
5.3 msec : 228
5.4 msec : 394
5.5 msec : 624
5.6 msec : 1063
5.7 msec : 1557
5.8 msec : 1901
5.9 msec : 2085
6.0 msec : 1963
6.1 msec : 1761
6.2 msec : 1604
6.3 msec : 1457
6.4 msec : 1179
6.5 msec : 985
6.6 msec : 846
6.7 msec : 728
6.8 msec : 606
6.9 msec : 456
7.0 msec : 395
7.1 msec : 301
7.2 msec : 210
7.3 msec : 203
7.4 msec : 172
7.5 msec : 129
7.6 msec : 124
7.7 msec : 94
7.8 msec : 90
7.9 msec : 78
8.0 msec : 68
8.1 msec : 52
8.2 msec : 65
8.3 msec : 68
8.4 msec : 53
8.5 msec : 53
8.6 msec : 55
8.7 msec : 55
8.8 msec : 38
8.9 msec : 43
9.0 msec : 44
9.1 msec : 49
9.2 msec : 48
9.3 msec : 55
9.4 msec : 36
9.5 msec : 25
9.6 msec : 25
9.7 msec : 37
9.8 msec : 33
9.9 msec : 32
10.0 msec : 25
10.1 msec : 22
10.2 msec : 27
10.3 msec : 20
10.4 msec : 10
10.5 msec : 28
10.6 msec : 24
10.7 msec : 24
10.8 msec : 34
10.9 msec : 15
11.0 msec : 17
11.1 msec : 13
11.2 msec : 18
11.3 msec : 12
11.4 msec : 11
11.5 msec : 13
11.6 msec : 12
11.7 msec : 12
11.8 msec : 14
11.9 msec : 15
12.0 msec : 17
12.1 msec : 4
12.2 msec : 4
12.3 msec : 2
12.4 msec : 4
12.5 msec : 2
12.6 msec : 1
12.7 msec : 1
12.8 msec : 5
12.9 msec : 2
13.0 msec : 1
13.1 msec : 2
13.2 msec : 3
13.3 msec : 2
13.4 msec : 3
13.5 msec : 1
13.6 msec : 3
13.7 msec : 6
13.8 msec : 6
13.9 msec : 7
14.0 msec : 2
14.1 msec : 2
14.2 msec : 3
14.3 msec : 5
14.4 msec : 0
14.5 msec : 0
14.6 msec : 2
14.7 msec : 3
14.8 msec : 4
14.9 msec : 1
15.0 msec : 3
15.1 msec : 0
15.2 msec : 2
15.3 msec : 5
15.4 msec : 5
15.5 msec : 4
15.6 msec : 6
15.7 msec : 13
15.8 msec : 8
15.9 msec : 6
16.0 msec : 10
16.1 msec : 6
16.2 msec : 5
16.3 msec : 2
16.4 msec : 5
16.5 msec : 11
16.6 msec : 6
16.7 msec : 8
16.8 msec : 4
16.9 msec : 5
17.0 msec : 5
17.1 msec : 1
17.2 msec : 1
17.3 msec : 0
17.4 msec : 1
17.5 msec : 1
17.6 msec : 2
17.7 msec : 2
17.8 msec : 3
17.9 msec : 2
18.0 msec : 0
18.1 msec : 0
18.2 msec : 3
18.3 msec : 1
18.4 msec : 0
18.5 msec : 1
18.6 msec : 0
18.7 msec : 0
18.8 msec : 1
18.9 msec : 0
19.0 msec : 0
19.1 msec : 0
19.2 msec : 0
19.3 msec : 0
19.4 msec : 0
19.5 msec : 0
19.6 msec : 0
19.7 msec : 0
19.8 msec : 2
19.9 msec : 0
20.0 msec : 0
20.1 msec : 2
20.2 msec : 1
20.3 msec : 1
20.4 msec : 3
20.5 msec : 3
20.6 msec : 2
20.7 msec : 0
20.8 msec : 4
20.9 msec : 5
21.0 msec : 5
21.1 msec : 2
21.2 msec : 1
21.3 msec : 0
21.4 msec : 0
21.5 msec : 4
21.6 msec : 1
21.7 msec : 1
21.8 msec : 4
21.9 msec : 3
22.0 msec : 1
22.1 msec : 5
22.2 msec : 6
22.3 msec : 2
22.4 msec : 1
22.5 msec : 5
22.6 msec : 1
22.7 msec : 0
22.8 msec : 1
22.9 msec : 0
23.0 msec : 0
23.1 msec : 0
23.2 msec : 0
23.3 msec : 2
23.4 msec : 2
23.5 msec : 1
23.6 msec : 0
23.7 msec : 1
23.8 msec : 3
23.9 msec : 1
24.0 msec : 0
24.1 msec : 0
24.2 msec : 0
24.3 msec : 2
24.4 msec : 0
24.5 msec : 0
24.6 msec : 0
24.7 msec : 1
24.8 msec : 1
24.9 msec : 0
25.0 msec : 1
25.1 msec : 0
25.2 msec : 1
25.3 msec : 1
25.4 msec : 1
25.5 msec : 0
25.6 msec : 1
25.7 msec : 2
25.8 msec : 0
25.9 msec : 0
26.0 msec : 0
26.1 msec : 1
26.2 msec : 1
26.3 msec : 0
26.4 msec : 2
26.5 msec : 0
26.6 msec : 0
26.7 msec : 0
26.8 msec : 0
26.9 msec : 0
27.0 msec : 0
27.1 msec : 0
27.2 msec : 0
27.3 msec : 0
27.4 msec : 0
27.5 msec : 0
27.6 msec : 0
27.7 msec : 0
27.8 msec : 0
27.9 msec : 0
28.0 msec : 0
28.1 msec : 0
28.2 msec : 0
28.3 msec : 0
28.4 msec : 0
28.5 msec : 0
28.6 msec : 0
28.7 msec : 0
28.8 msec : 0
28.9 msec : 0
29.0 msec : 0
29.1 msec : 0
29.2 msec : 0
29.3 msec : 1
29.4 msec : 1
29.5 msec : 0
29.6 msec : 1
29.7 msec : 0
29.8 msec : 0
29.9 msec : 0
30.0 msec : 0
30.1 msec : 1
30.2 msec : 0
30.3 msec : 0
30.4 msec : 0
30.5 msec : 0
30.6 msec : 0
30.7 msec : 0
30.8 msec : 0
30.9 msec : 0
31.0 msec : 0
31.1 msec : 0
31.2 msec : 0
31.3 msec : 0
31.4 msec : 0
31.5 msec : 0
31.6 msec : 0
31.7 msec : 0
31.8 msec : 2
31.9 msec : 5
32.0 msec : 0
32.1 msec : 1
32.2 msec : 0
32.3 msec : 0
32.4 msec : 1
32.5 msec : 2
32.6 msec : 1
32.7 msec : 0
32.8 msec : 3
32.9 msec : 2
33.0 msec : 3
33.1 msec : 0
33.2 msec : 0
33.3 msec : 0
33.4 msec : 0
33.5 msec : 0
33.6 msec : 0
33.7 msec : 0
33.8 msec : 0
33.9 msec : 0
34.0 msec : 2
34.1 msec : 0
34.2 msec : 0
34.3 msec : 0
34.4 msec : 0
34.5 msec : 0
34.6 msec : 0
34.7 msec : 0
34.8 msec : 0
34.9 msec : 0
35.0 msec : 0
35.1 msec : 0
35.2 msec : 0
35.3 msec : 1
35.4 msec : 8
35.5 msec : 1
35.6 msec : 0
35.7 msec : 0
35.8 msec : 0
35.9 msec : 0
36.0 msec : 0
36.1 msec : 0
36.2 msec : 0
36.3 msec : 0
36.4 msec : 0
36.5 msec : 0
36.6 msec : 0
36.7 msec : 0
36.8 msec : 0
36.9 msec : 0
37.0 msec : 0
37.1 msec : 0
37.2 msec : 0
37.3 msec : 0
37.4 msec : 0
37.5 msec : 0
37.6 msec : 0
37.7 msec : 0
37.8 msec : 0
37.9 msec : 0
38.0 msec : 0
38.1 msec : 0
38.2 msec : 0
38.3 msec : 0
38.4 msec : 0
38.5 msec : 0
38.6 msec : 0
38.7 msec : 0
38.8 msec : 0
38.9 msec : 1
39.0 msec : 1
39.1 msec : 0
39.2 msec : 0
39.3 msec : 1
39.4 msec : 1
39.5 msec : 1
39.6 msec : 0
39.7 msec : 1
39.8 msec : 0
39.9 msec : 2
40.0 msec : 1
40.1 msec : 0
40.2 msec : 0
40.3 msec : 0
40.4 msec : 0
40.5 msec : 0
40.6 msec : 1
40.7 msec : 2
40.8 msec : 1
40.9 msec : 0
41.0 msec : 0
41.1 msec : 0
41.2 msec : 2
41.3 msec : 2
41.4 msec : 0
41.5 msec : 0
41.6 msec : 1
41.7 msec : 0
41.8 msec : 1
41.9 msec : 0
42.0 msec : 0
42.1 msec : 0
42.2 msec : 0
42.3 msec : 0
42.4 msec : 1
42.5 msec : 0
42.6 msec : 0
42.7 msec : 1
42.8 msec : 1
42.9 msec : 1
43.0 msec : 0
43.1 msec : 1
43.2 msec : 2
43.3 msec : 0
43.4 msec : 0
43.5 msec : 0
43.6 msec : 0
43.7 msec : 0
43.8 msec : 0
43.9 msec : 0
44.0 msec : 0
44.1 msec : 2
44.2 msec : 2
44.3 msec : 0
44.4 msec : 2
44.5 msec : 3
44.6 msec : 1
44.7 msec : 0
44.8 msec : 0
44.9 msec : 0
45.0 msec : 0
45.1 msec : 0
45.2 msec : 0
45.3 msec : 0
45.4 msec : 0
45.5 msec : 0
45.6 msec : 0
45.7 msec : 0
45.8 msec : 0
45.9 msec : 0
46.0 msec : 0
46.1 msec : 0
46.2 msec : 0
46.3 msec : 0
46.4 msec : 0
46.5 msec : 0
46.6 msec : 0
46.7 msec : 0
46.8 msec : 0
46.9 msec : 0
47.0 msec : 0
47.1 msec : 0
47.2 msec : 0
47.3 msec : 0
47.4 msec : 0
47.5 msec : 0
47.6 msec : 0
47.7 msec : 0
47.8 msec : 1
47.9 msec : 0
48.0 msec : 0
48.1 msec : 0
48.2 msec : 0
48.3 msec : 0
48.4 msec : 0
48.5 msec : 0
48.6 msec : 0
48.7 msec : 0
48.8 msec : 0
48.9 msec : 0
49.0 msec : 0
49.1 msec : 0
49.2 msec : 0
49.3 msec : 0
49.4 msec : 0
49.5 msec : 0
49.6 msec : 0
49.7 msec : 0
49.8 msec : 0
49.9 msec : 0
50.0 msec : 0
50.1 msec : 0
50.2 msec : 0
50.3 msec : 0
50.4 msec : 0
50.5 msec : 0
50.6 msec : 1
50.7 msec : 0
50.8 msec : 2
50.9 msec : 1
51.0 msec : 1
51.1 msec : 0
51.2 msec : 1
51.3 msec : 1
51.4 msec : 3
51.5 msec : 1
51.6 msec : 0
51.7 msec : 0
51.8 msec : 0
51.9 msec : 0
52.0 msec : 0
52.1 msec : 0
52.2 msec : 0
52.3 msec : 0
52.4 msec : 0
52.5 msec : 1
52.6 msec : 1
52.7 msec : 0
52.8 msec : 0
52.9 msec : 0
53.0 msec : 0
53.1 msec : 0
53.2 msec : 0
53.3 msec : 0
53.4 msec : 0
53.5 msec : 0
53.6 msec : 0
53.7 msec : 0
53.8 msec : 0
53.9 msec : 0
54.0 msec : 0
54.1 msec : 0
54.2 msec : 0
54.3 msec : 0
54.4 msec : 0
54.5 msec : 0
54.6 msec : 0
54.7 msec : 0
54.8 msec : 0
54.9 msec : 0
55.0 msec : 0
55.1 msec : 0
55.2 msec : 0
55.3 msec : 0
55.4 msec : 0
55.5 msec : 0
55.6 msec : 0
55.7 msec : 0
55.8 msec : 0
55.9 msec : 0
56.0 msec : 0
56.1 msec : 0
56.2 msec : 0
56.3 msec : 0
56.4 msec : 0
56.5 msec : 0
56.6 msec : 0
56.7 msec : 0
56.8 msec : 0
56.9 msec : 0
57.0 msec : 0
57.1 msec : 0
57.2 msec : 0
57.3 msec : 0
57.4 msec : 0
57.5 msec : 0
57.6 msec : 0
57.7 msec : 0
57.8 msec : 0
57.9 msec : 0
58.0 msec : 0
58.1 msec : 0
58.2 msec : 0
58.3 msec : 0
58.4 msec : 0
58.5 msec : 0
58.6 msec : 0
58.7 msec : 0
58.8 msec : 0
58.9 msec : 0
59.0 msec : 0
59.1 msec : 0
59.2 msec : 0
59.3 msec : 0
59.4 msec : 0
59.5 msec : 0
59.6 msec : 0
59.7 msec : 0
59.8 msec : 0
59.9 msec : 0
60.0 msec : 0
60.1 msec : 0
60.2 msec : 0
60.3 msec : 0
60.4 msec : 0
60.5 msec : 0
60.6 msec : 0
60.7 msec : 0
60.8 msec : 0
60.9 msec : 0
61.0 msec : 0
61.1 msec : 0
61.2 msec : 0
61.3 msec : 0
61.4 msec : 0
61.5 msec : 0
61.6 msec : 0
61.7 msec : 4
61.8 msec : 2
61.9 msec : 0
62.0 msec : 0
62.1 msec : 0
62.2 msec : 0
62.3 msec : 0
62.4 msec : 4
62.5 msec : 5
62.6 msec : 0
62.7 msec : 0
62.8 msec : 0
62.9 msec : 0
63.0 msec : 0
63.1 msec : 0
63.2 msec : 0
63.3 msec : 0
63.4 msec : 0
63.5 msec : 0
63.6 msec : 0
63.7 msec : 0
63.8 msec : 0
63.9 msec : 0
64.0 msec : 0
64.1 msec : 0
64.2 msec : 0
64.3 msec : 0
64.4 msec : 0
64.5 msec : 0
64.6 msec : 0
64.7 msec : 0
64.8 msec : 0
64.9 msec : 0
65.0 msec : 0
65.1 msec : 0
65.2 msec : 0
65.3 msec : 0
65.4 msec : 0
65.5 msec : 0
65.6 msec : 0
65.7 msec : 1
65.8 msec : 0
65.9 msec : 0
66.0 msec : 0
66.1 msec : 0
66.2 msec : 1
66.3 msec : 2
66.4 msec : 1
66.5 msec : 0
66.6 msec : 0
66.7 msec : 0
66.8 msec : 0
66.9 msec : 0
67.0 msec : 0
67.1 msec : 0
67.2 msec : 0
67.3 msec : 0
67.4 msec : 0
67.5 msec : 0
67.6 msec : 0
67.7 msec : 0
67.8 msec : 0
67.9 msec : 0
68.0 msec : 0
68.1 msec : 0
68.2 msec : 0
68.3 msec : 0
68.4 msec : 1
68.5 msec : 0
68.6 msec : 1
68.7 msec : 2
68.8 msec : 0
68.9 msec : 0
69.0 msec : 0
69.1 msec : 0
69.2 msec : 0
69.3 msec : 0
69.4 msec : 0
69.5 msec : 0
69.6 msec : 0
69.7 msec : 0
69.8 msec : 0
69.9 msec : 0
70.0 msec : 0
70.1 msec : 0
70.2 msec : 0
70.3 msec : 0
70.4 msec : 0
70.5 msec : 1
70.6 msec : 1
70.7 msec : 0
70.8 msec : 1
70.9 msec : 0
71.0 msec : 2
71.1 msec : 0
71.2 msec : 0
71.3 msec : 0
71.4 msec : 0
71.5 msec : 2
71.6 msec : 0
71.7 msec : 0
71.8 msec : 0
71.9 msec : 0
72.0 msec : 0
72.1 msec : 0
72.2 msec : 0
72.3 msec : 0
72.4 msec : 1
72.5 msec : 2
72.6 msec : 0
72.7 msec : 0
72.8 msec : 0
72.9 msec : 0
73.0 msec : 0
73.1 msec : 0
73.2 msec : 0
73.3 msec : 0
73.4 msec : 0
73.5 msec : 0
73.6 msec : 0
73.7 msec : 0
73.8 msec : 0
73.9 msec : 0
74.0 msec : 0
74.1 msec : 0
74.2 msec : 0
74.3 msec : 0
74.4 msec : 0
74.5 msec : 0
74.6 msec : 0
74.7 msec : 0
74.8 msec : 0
74.9 msec : 0
75.0 msec : 0
75.1 msec : 0
75.2 msec : 0
75.3 msec : 0
75.4 msec : 0
75.5 msec : 0
75.6 msec : 0
75.7 msec : 0
75.8 msec : 1
75.9 msec : 0
76.0 msec : 0
76.1 msec : 0
76.2 msec : 0
76.3 msec : 0
76.4 msec : 0
76.5 msec : 0
76.6 msec : 0
76.7 msec : 0
76.8 msec : 0
76.9 msec : 0
77.0 msec : 0
77.1 msec : 0
77.2 msec : 0
77.3 msec : 0
77.4 msec : 0
77.5 msec : 0
77.6 msec : 0
77.7 msec : 0
77.8 msec : 0
77.9 msec : 0
78.0 msec : 0
78.1 msec : 0
78.2 msec : 0
78.3 msec : 0
78.4 msec : 0
78.5 msec : 0
78.6 msec : 0
78.7 msec : 0
78.8 msec : 0
78.9 msec : 0
79.0 msec : 0
79.1 msec : 0
79.2 msec : 0
79.3 msec : 0
79.4 msec : 0
79.5 msec : 0
79.6 msec : 0
79.7 msec : 0
79.8 msec : 0
79.9 msec : 0
80.0 msec : 0
80.1 msec : 0
80.2 msec : 0
80.3 msec : 0
80.4 msec : 0
80.5 msec : 0
80.6 msec : 0
80.7 msec : 0
80.8 msec : 0
80.9 msec : 0
81.0 msec : 0
81.1 msec : 0
81.2 msec : 0
81.3 msec : 0
81.4 msec : 0
81.5 msec : 0
81.6 msec : 0
81.7 msec : 0
81.8 msec : 0
81.9 msec : 0
82.0 msec : 0
82.1 msec : 0
82.2 msec : 0
82.3 msec : 0
82.4 msec : 0
82.5 msec : 0
82.6 msec : 0
82.7 msec : 0
82.8 msec : 0
82.9 msec : 0
83.0 msec : 0
83.1 msec : 0
83.2 msec : 0
83.3 msec : 0
83.4 msec : 0
83.5 msec : 0
83.6 msec : 0
83.7 msec : 0
83.8 msec : 0
83.9 msec : 0
84.0 msec : 0
84.1 msec : 0
84.2 msec : 0
84.3 msec : 0
84.4 msec : 0
84.5 msec : 0
84.6 msec : 0
84.7 msec : 0
84.8 msec : 0
84.9 msec : 0
85.0 msec : 0
85.1 msec : 0
85.2 msec : 0
85.3 msec : 0
85.4 msec : 0
85.5 msec : 0
85.6 msec : 0
85.7 msec : 0
85.8 msec : 0
85.9 msec : 0
86.0 msec : 0
86.1 msec : 0
86.2 msec : 0
86.3 msec : 0
86.4 msec : 0
86.5 msec : 0
86.6 msec : 0
86.7 msec : 0
86.8 msec : 0
86.9 msec : 0
87.0 msec : 0
87.1 msec : 0
87.2 msec : 0
87.3 msec : 0
87.4 msec : 0
87.5 msec : 0
87.6 msec : 0
87.7 msec : 0
87.8 msec : 0
87.9 msec : 0
88.0 msec : 0
88.1 msec : 0
88.2 msec : 0
88.3 msec : 0
88.4 msec : 0
88.5 msec : 0
88.6 msec : 0
88.7 msec : 0
88.8 msec : 0
88.9 msec : 0
89.0 msec : 0
89.1 msec : 0
89.2 msec : 0
89.3 msec : 0
89.4 msec : 0
89.5 msec : 0
89.6 msec : 0
89.7 msec : 0
89.8 msec : 0
89.9 msec : 0
90.0 msec : 0
90.1 msec : 0
90.2 msec : 0
90.3 msec : 0
90.4 msec : 0
90.5 msec : 0
90.6 msec : 0
90.7 msec : 0
90.8 msec : 0
90.9 msec : 0
91.0 msec : 0
91.1 msec : 0
91.2 msec : 0
91.3 msec : 0
91.4 msec : 0
91.5 msec : 0
91.6 msec : 0
91.7 msec : 0
91.8 msec : 0
91.9 msec : 0
92.0 msec : 0
92.1 msec : 0
92.2 msec : 0
92.3 msec : 0
92.4 msec : 0
92.5 msec : 0
92.6 msec : 0
92.7 msec : 0
92.8 msec : 0
92.9 msec : 0
93.0 msec : 0
93.1 msec : 0
93.2 msec : 0
93.3 msec : 0
93.4 msec : 0
93.5 msec : 0
93.6 msec : 0
93.7 msec : 0
93.8 msec : 0
93.9 msec : 0
94.0 msec : 0
94.1 msec : 0
94.2 msec : 0
94.3 msec : 0
94.4 msec : 0
94.5 msec : 0
94.6 msec : 0
94.7 msec : 0
94.8 msec : 0
94.9 msec : 0
95.0 msec : 0
95.1 msec : 0
95.2 msec : 0
95.3 msec : 0
95.4 msec : 0
95.5 msec : 0
95.6 msec : 0
95.7 msec : 0
95.8 msec : 0
95.9 msec : 0
96.0 msec : 0
96.1 msec : 0
96.2 msec : 0
96.3 msec : 0
96.4 msec : 0
96.5 msec : 0
96.6 msec : 0
96.7 msec : 0
96.8 msec : 0
96.9 msec : 0
97.0 msec : 0
97.1 msec : 0
97.2 msec : 0
97.3 msec : 0
97.4 msec : 0
97.5 msec : 0
97.6 msec : 0
97.7 msec : 0
97.8 msec : 1
97.9 msec : 0
