Middleware started...
Middleware shuts down...
Smaller resolution statistics are in a log file...
Final aggregates per worker:


Worker 24
Average throughput (ops/sec) = 138
Average response time (msec) = 1.2841368524590164
Average queue length = 0
Average wait time in queue (msec) = 0.12063532786885246
Average service time (msec) = 1.0902368032786887
Number of SET = 0
Number of GET = 138
Number of MULTI GET = 0


Worker 7
Average throughput (ops/sec) = 139
Average response time (msec) = 1.2805968032786885
Average queue length = 0
Average wait time in queue (msec) = 0.11630345901639345
Average service time (msec) = 1.0978848524590166
Number of SET = 0
Number of GET = 139
Number of MULTI GET = 0


Worker 25
Average throughput (ops/sec) = 138
Average response time (msec) = 1.255015393442623
Average queue length = 0
Average wait time in queue (msec) = 0.10853806557377049
Average service time (msec) = 1.0814185901639346
Number of SET = 0
Number of GET = 138
Number of MULTI GET = 0


Worker 6
Average throughput (ops/sec) = 137
Average response time (msec) = 1.2714139180327868
Average queue length = 0
Average wait time in queue (msec) = 0.11752155737704918
Average service time (msec) = 1.0896687049180327
Number of SET = 0
Number of GET = 137
Number of MULTI GET = 0


Worker 26
Average throughput (ops/sec) = 138
Average response time (msec) = 1.2517418524590165
Average queue length = 0
Average wait time in queue (msec) = 0.11332229508196721
Average service time (msec) = 1.0730066229508197
Number of SET = 0
Number of GET = 138
Number of MULTI GET = 0


Worker 9
Average throughput (ops/sec) = 138
Average response time (msec) = 1.2645675081967214
Average queue length = 0
Average wait time in queue (msec) = 0.11283391803278688
Average service time (msec) = 1.0842705737704919
Number of SET = 0
Number of GET = 138
Number of MULTI GET = 0


Worker 27
Average throughput (ops/sec) = 137
Average response time (msec) = 1.253367786885246
Average queue length = 0
Average wait time in queue (msec) = 0.11847437704918033
Average service time (msec) = 1.0694786065573771
Number of SET = 0
Number of GET = 137
Number of MULTI GET = 0


Worker 8
Average throughput (ops/sec) = 140
Average response time (msec) = 1.246925836065574
Average queue length = 0
Average wait time in queue (msec) = 0.11932003278688524
Average service time (msec) = 1.0674534262295081
Number of SET = 0
Number of GET = 140
Number of MULTI GET = 0


Worker 20
Average throughput (ops/sec) = 138
Average response time (msec) = 1.2625199016393442
Average queue length = 0
Average wait time in queue (msec) = 0.10883131147540984
Average service time (msec) = 1.0878696065573772
Number of SET = 0
Number of GET = 138
Number of MULTI GET = 0


Worker 3
Average throughput (ops/sec) = 137
Average response time (msec) = 1.241758262295082
Average queue length = 0
Average wait time in queue (msec) = 0.11585280327868853
Average service time (msec) = 1.059577524590164
Number of SET = 0
Number of GET = 137
Number of MULTI GET = 0


Worker 21
Average throughput (ops/sec) = 138
Average response time (msec) = 1.26222468852459
Average queue length = 0
Average wait time in queue (msec) = 0.11948924590163934
Average service time (msec) = 1.0770782295081966
Number of SET = 0
Number of GET = 138
Number of MULTI GET = 0


Worker 2
Average throughput (ops/sec) = 137
Average response time (msec) = 1.2344080983606558
Average queue length = 0
Average wait time in queue (msec) = 0.11069270491803279
Average service time (msec) = 1.0554683442622952
Number of SET = 0
Number of GET = 137
Number of MULTI GET = 0


Worker 22
Average throughput (ops/sec) = 137
Average response time (msec) = 1.2452542295081968
Average queue length = 0
Average wait time in queue (msec) = 0.10877691803278688
Average service time (msec) = 1.0711238852459015
Number of SET = 0
Number of GET = 137
Number of MULTI GET = 0


Worker 5
Average throughput (ops/sec) = 137
Average response time (msec) = 1.262848426229508
Average queue length = 0
Average wait time in queue (msec) = 0.1143689344262295
Average service time (msec) = 1.0804099836065573
Number of SET = 0
Number of GET = 137
Number of MULTI GET = 0


Worker 23
Average throughput (ops/sec) = 139
Average response time (msec) = 1.2506553770491802
Average queue length = 0
Average wait time in queue (msec) = 0.10910798360655738
Average service time (msec) = 1.0698547049180327
Number of SET = 0
Number of GET = 139
Number of MULTI GET = 0


Worker 4
Average throughput (ops/sec) = 138
Average response time (msec) = 1.253909786885246
Average queue length = 0
Average wait time in queue (msec) = 0.11722565573770492
Average service time (msec) = 1.0743214262295082
Number of SET = 0
Number of GET = 138
Number of MULTI GET = 0


Worker 28
Average throughput (ops/sec) = 137
Average response time (msec) = 1.2313515081967212
Average queue length = 0
Average wait time in queue (msec) = 0.10275496721311475
Average service time (msec) = 1.0640950819672133
Number of SET = 0
Number of GET = 137
Number of MULTI GET = 0


Worker 29
Average throughput (ops/sec) = 137
Average response time (msec) = 1.2654750327868853
Average queue length = 0
Average wait time in queue (msec) = 0.11437762295081967
Average service time (msec) = 1.0862535081967213
Number of SET = 0
Number of GET = 137
Number of MULTI GET = 0


Worker 1
Average throughput (ops/sec) = 139
Average response time (msec) = 1.2549657049180327
Average queue length = 0
Average wait time in queue (msec) = 0.11661683606557377
Average service time (msec) = 1.0766937213114753
Number of SET = 0
Number of GET = 139
Number of MULTI GET = 0


Worker 30
Average throughput (ops/sec) = 138
Average response time (msec) = 1.2453982295081967
Average queue length = 0
Average wait time in queue (msec) = 0.10389068852459017
Average service time (msec) = 1.0808112459016392
Number of SET = 0
Number of GET = 138
Number of MULTI GET = 0


Worker 13
Average throughput (ops/sec) = 138
Average response time (msec) = 1.2392367213114754
Average queue length = 0
Average wait time in queue (msec) = 0.11290678688524591
Average service time (msec) = 1.0658497049180327
Number of SET = 0
Number of GET = 138
Number of MULTI GET = 0


Worker 14
Average throughput (ops/sec) = 138
Average response time (msec) = 1.2621979344262295
Average queue length = 0
Average wait time in queue (msec) = 0.11718945901639345
Average service time (msec) = 1.0802801967213114
Number of SET = 0
Number of GET = 138
Number of MULTI GET = 0


Worker 15
Average throughput (ops/sec) = 139
Average response time (msec) = 1.2726698688524591
Average queue length = 0
Average wait time in queue (msec) = 0.10715626229508196
Average service time (msec) = 1.0995681147540985
Number of SET = 0
Number of GET = 139
Number of MULTI GET = 0


Worker 16
Average throughput (ops/sec) = 137
Average response time (msec) = 1.2487986393442623
Average queue length = 0
Average wait time in queue (msec) = 0.10695775409836066
Average service time (msec) = 1.0751465573770493
Number of SET = 0
Number of GET = 137
Number of MULTI GET = 0


Worker 31
Average throughput (ops/sec) = 138
Average response time (msec) = 1.272577606557377
Average queue length = 0
Average wait time in queue (msec) = 0.11464990163934426
Average service time (msec) = 1.0986700327868852
Number of SET = 0
Number of GET = 138
Number of MULTI GET = 0


Worker 32
Average throughput (ops/sec) = 137
Average response time (msec) = 1.2558792295081966
Average queue length = 0
Average wait time in queue (msec) = 0.10878506557377049
Average service time (msec) = 1.0968722295081967
Number of SET = 0
Number of GET = 137
Number of MULTI GET = 0


Worker 10
Average throughput (ops/sec) = 138
Average response time (msec) = 1.2489062131147541
Average queue length = 0
Average wait time in queue (msec) = 0.10955791803278689
Average service time (msec) = 1.074631655737705
Number of SET = 0
Number of GET = 138
Number of MULTI GET = 0


Worker 11
Average throughput (ops/sec) = 139
Average response time (msec) = 1.2506644590163933
Average queue length = 0
Average wait time in queue (msec) = 0.10555986885245901
Average service time (msec) = 1.0773504262295082
Number of SET = 0
Number of GET = 139
Number of MULTI GET = 0


Worker 12
Average throughput (ops/sec) = 137
Average response time (msec) = 1.276527950819672
Average queue length = 0
Average wait time in queue (msec) = 0.11555640983606558
Average service time (msec) = 1.0894589180327867
Number of SET = 0
Number of GET = 137
Number of MULTI GET = 0


Worker 17
Average throughput (ops/sec) = 137
Average response time (msec) = 1.2433337213114755
Average queue length = 0
Average wait time in queue (msec) = 0.10873490163934425
Average service time (msec) = 1.0641568032786886
Number of SET = 0
Number of GET = 137
Number of MULTI GET = 0


Worker 18
Average throughput (ops/sec) = 140
Average response time (msec) = 1.2368405409836065
Average queue length = 0
Average wait time in queue (msec) = 0.10701244262295083
Average service time (msec) = 1.0611728032786887
Number of SET = 0
Number of GET = 140
Number of MULTI GET = 0


Worker 19
Average throughput (ops/sec) = 138
Average response time (msec) = 1.2172899016393441
Average queue length = 0
Average wait time in queue (msec) = 0.10336829508196721
Average service time (msec) = 1.0494719344262295
Number of SET = 0
Number of GET = 138
Number of MULTI GET = 0


FINAL STATS
Average throughput (ops/sec) = 4413
Average response time (msec) = 1.233204000133276
Average queue length = 0
Average wait time in queue (msec) = 0.11207405532786885
Average service time (msec) = 1.077175150614754
Number of SET = 0
Number of GET = 4413
Number of MULTI GET = 0
Number of Cache misses = 4092


Histogram response times (0.1 msec step)
0.0 msec : 2177
0.1 msec : 26343
0.2 msec : 49032
0.3 msec : 49592
0.4 msec : 39342
0.5 msec : 27730
0.6 msec : 17571
0.7 msec : 11171
0.8 msec : 7472
0.9 msec : 5017
1.0 msec : 3617
1.1 msec : 2664
1.2 msec : 2322
1.3 msec : 1825
1.4 msec : 1323
1.5 msec : 1102
1.6 msec : 906
1.7 msec : 905
1.8 msec : 781
1.9 msec : 631
2.0 msec : 600
2.1 msec : 565
2.2 msec : 483
2.3 msec : 467
2.4 msec : 463
2.5 msec : 507
2.6 msec : 474
2.7 msec : 489
2.8 msec : 492
2.9 msec : 429
3.0 msec : 407
3.1 msec : 394
3.2 msec : 349
3.3 msec : 283
3.4 msec : 306
3.5 msec : 287
3.6 msec : 233
3.7 msec : 239
3.8 msec : 165
3.9 msec : 195
4.0 msec : 149
4.1 msec : 128
4.2 msec : 122
4.3 msec : 111
4.4 msec : 137
4.5 msec : 118
4.6 msec : 149
4.7 msec : 112
4.8 msec : 110
4.9 msec : 121
5.0 msec : 112
5.1 msec : 134
5.2 msec : 142
5.3 msec : 477
5.4 msec : 740
5.5 msec : 879
5.6 msec : 835
5.7 msec : 872
5.8 msec : 941
5.9 msec : 941
6.0 msec : 761
6.1 msec : 528
6.2 msec : 428
6.3 msec : 265
6.4 msec : 234
6.5 msec : 136
6.6 msec : 93
6.7 msec : 91
6.8 msec : 74
6.9 msec : 55
7.0 msec : 55
7.1 msec : 45
7.2 msec : 43
7.3 msec : 50
7.4 msec : 27
7.5 msec : 15
7.6 msec : 18
7.7 msec : 13
7.8 msec : 13
7.9 msec : 24
8.0 msec : 17
8.1 msec : 14
8.2 msec : 21
8.3 msec : 20
8.4 msec : 20
8.5 msec : 13
8.6 msec : 29
8.7 msec : 20
8.8 msec : 22
8.9 msec : 15
9.0 msec : 9
9.1 msec : 6
9.2 msec : 6
9.3 msec : 20
9.4 msec : 7
9.5 msec : 8
9.6 msec : 10
9.7 msec : 7
9.8 msec : 8
9.9 msec : 11
10.0 msec : 7
10.1 msec : 7
10.2 msec : 5
10.3 msec : 2
10.4 msec : 6
10.5 msec : 6
10.6 msec : 4
10.7 msec : 5
10.8 msec : 4
10.9 msec : 7
11.0 msec : 8
11.1 msec : 5
11.2 msec : 3
11.3 msec : 4
11.4 msec : 2
11.5 msec : 4
11.6 msec : 0
11.7 msec : 2
11.8 msec : 2
11.9 msec : 0
12.0 msec : 1
12.1 msec : 1
12.2 msec : 2
12.3 msec : 2
12.4 msec : 5
12.5 msec : 4
12.6 msec : 2
12.7 msec : 2
12.8 msec : 0
12.9 msec : 0
13.0 msec : 2
13.1 msec : 4
13.2 msec : 4
13.3 msec : 0
13.4 msec : 0
13.5 msec : 0
13.6 msec : 3
13.7 msec : 0
13.8 msec : 0
13.9 msec : 2
14.0 msec : 2
14.1 msec : 2
14.2 msec : 0
14.3 msec : 0
14.4 msec : 0
14.5 msec : 0
14.6 msec : 1
14.7 msec : 1
14.8 msec : 0
14.9 msec : 1
15.0 msec : 0
15.1 msec : 0
15.2 msec : 1
15.3 msec : 4
15.4 msec : 1
15.5 msec : 0
15.6 msec : 1
15.7 msec : 3
15.8 msec : 3
15.9 msec : 0
16.0 msec : 0
16.1 msec : 0
16.2 msec : 0
16.3 msec : 0
16.4 msec : 5
16.5 msec : 2
16.6 msec : 1
16.7 msec : 3
16.8 msec : 1
16.9 msec : 1
17.0 msec : 1
17.1 msec : 1
17.2 msec : 0
17.3 msec : 0
17.4 msec : 0
17.5 msec : 0
17.6 msec : 1
17.7 msec : 0
17.8 msec : 1
17.9 msec : 1
18.0 msec : 0
18.1 msec : 0
18.2 msec : 0
18.3 msec : 0
18.4 msec : 0
18.5 msec : 0
18.6 msec : 0
18.7 msec : 0
18.8 msec : 0
18.9 msec : 0
19.0 msec : 0
19.1 msec : 0
19.2 msec : 0
19.3 msec : 0
19.4 msec : 0
19.5 msec : 0
19.6 msec : 0
19.7 msec : 0
19.8 msec : 0
19.9 msec : 0
20.0 msec : 1
20.1 msec : 0
20.2 msec : 0
20.3 msec : 0
20.4 msec : 0
20.5 msec : 0
20.6 msec : 0
20.7 msec : 0
20.8 msec : 0
20.9 msec : 0
21.0 msec : 0
21.1 msec : 1
21.2 msec : 1
21.3 msec : 0
21.4 msec : 1
21.5 msec : 0
21.6 msec : 0
21.7 msec : 0
21.8 msec : 0
21.9 msec : 1
22.0 msec : 0
22.1 msec : 1
22.2 msec : 3
22.3 msec : 0
22.4 msec : 0
22.5 msec : 0
22.6 msec : 0
22.7 msec : 0
22.8 msec : 0
22.9 msec : 0
23.0 msec : 0
23.1 msec : 0
23.2 msec : 0
23.3 msec : 0
23.4 msec : 0
23.5 msec : 0
23.6 msec : 0
23.7 msec : 0
23.8 msec : 0
23.9 msec : 0
24.0 msec : 0
24.1 msec : 0
24.2 msec : 0
24.3 msec : 0
24.4 msec : 0
24.5 msec : 0
24.6 msec : 0
24.7 msec : 0
24.8 msec : 0
24.9 msec : 0
25.0 msec : 0
25.1 msec : 0
25.2 msec : 0
25.3 msec : 0
25.4 msec : 0
25.5 msec : 0
25.6 msec : 0
25.7 msec : 0
25.8 msec : 1
25.9 msec : 1
26.0 msec : 0
26.1 msec : 0
26.2 msec : 0
26.3 msec : 0
26.4 msec : 0
26.5 msec : 0
26.6 msec : 1
26.7 msec : 0
26.8 msec : 0
26.9 msec : 1
27.0 msec : 0
27.1 msec : 0
27.2 msec : 0
27.3 msec : 0
27.4 msec : 0
27.5 msec : 0
27.6 msec : 0
27.7 msec : 0
27.8 msec : 0
27.9 msec : 0
28.0 msec : 0
28.1 msec : 0
28.2 msec : 0
28.3 msec : 0
28.4 msec : 0
28.5 msec : 0
28.6 msec : 0
28.7 msec : 0
28.8 msec : 0
28.9 msec : 0
29.0 msec : 0
29.1 msec : 0
29.2 msec : 0
29.3 msec : 0
29.4 msec : 0
29.5 msec : 0
29.6 msec : 0
29.7 msec : 0
29.8 msec : 0
29.9 msec : 0
30.0 msec : 0
30.1 msec : 0
30.2 msec : 1
30.3 msec : 1
30.4 msec : 0
30.5 msec : 0
30.6 msec : 0
30.7 msec : 0
30.8 msec : 0
30.9 msec : 0
31.0 msec : 0
31.1 msec : 0
31.2 msec : 0
31.3 msec : 2
31.4 msec : 1
31.5 msec : 1
31.6 msec : 0
31.7 msec : 0
31.8 msec : 1
31.9 msec : 0
32.0 msec : 0
32.1 msec : 0
32.2 msec : 0
32.3 msec : 1
32.4 msec : 1
32.5 msec : 2
32.6 msec : 0
32.7 msec : 0
32.8 msec : 0
32.9 msec : 0
33.0 msec : 0
33.1 msec : 0
33.2 msec : 1
33.3 msec : 0
33.4 msec : 0
33.5 msec : 0
33.6 msec : 0
33.7 msec : 0
33.8 msec : 0
33.9 msec : 0
34.0 msec : 0
34.1 msec : 0
34.2 msec : 0
34.3 msec : 0
34.4 msec : 0
34.5 msec : 0
34.6 msec : 0
34.7 msec : 0
34.8 msec : 0
34.9 msec : 0
35.0 msec : 0
35.1 msec : 0
35.2 msec : 1
35.3 msec : 2
35.4 msec : 0
35.5 msec : 0
35.6 msec : 0
35.7 msec : 0
35.8 msec : 0
35.9 msec : 0
36.0 msec : 0
36.1 msec : 0
36.2 msec : 0
36.3 msec : 0
36.4 msec : 0
36.5 msec : 0
36.6 msec : 0
36.7 msec : 0
36.8 msec : 0
36.9 msec : 0
37.0 msec : 0
37.1 msec : 0
37.2 msec : 0
37.3 msec : 0
37.4 msec : 0
37.5 msec : 0
37.6 msec : 0
37.7 msec : 0
37.8 msec : 0
37.9 msec : 0
38.0 msec : 0
38.1 msec : 0
38.2 msec : 0
38.3 msec : 0
38.4 msec : 0
38.5 msec : 0
38.6 msec : 0
