Middleware started...
Middleware shuts down...
Smaller resolution statistics are in a log file...
Final aggregates per worker:


Worker 46
Average throughput (ops/sec) = 44
Average response time (msec) = 2.3624286721311476
Average queue length = 0
Average wait time in queue (msec) = 0.10581722950819672
Average service time (msec) = 2.1660709180327866
Number of SET = 44
Number of GET = 0
Number of MULTI GET = 0


Worker 47
Average throughput (ops/sec) = 44
Average response time (msec) = 2.3937964918032786
Average queue length = 0
Average wait time in queue (msec) = 0.106215
Average service time (msec) = 2.1997999344262293
Number of SET = 44
Number of GET = 0
Number of MULTI GET = 0


Worker 48
Average throughput (ops/sec) = 44
Average response time (msec) = 2.392514475409836
Average queue length = 0
Average wait time in queue (msec) = 0.10407290163934425
Average service time (msec) = 2.204167819672131
Number of SET = 44
Number of GET = 0
Number of MULTI GET = 0


Worker 49
Average throughput (ops/sec) = 44
Average response time (msec) = 2.3906632622950816
Average queue length = 0
Average wait time in queue (msec) = 0.11751462295081967
Average service time (msec) = 2.181633950819672
Number of SET = 44
Number of GET = 0
Number of MULTI GET = 0


Worker 42
Average throughput (ops/sec) = 44
Average response time (msec) = 2.37900368852459
Average queue length = 0
Average wait time in queue (msec) = 0.11377791803278688
Average service time (msec) = 2.1782758524590164
Number of SET = 44
Number of GET = 0
Number of MULTI GET = 0


Worker 43
Average throughput (ops/sec) = 44
Average response time (msec) = 2.3901899508196722
Average queue length = 0
Average wait time in queue (msec) = 0.1136887868852459
Average service time (msec) = 2.1853253114754096
Number of SET = 44
Number of GET = 0
Number of MULTI GET = 0


Worker 44
Average throughput (ops/sec) = 44
Average response time (msec) = 2.390214180327869
Average queue length = 0
Average wait time in queue (msec) = 0.11577624590163935
Average service time (msec) = 2.182988393442623
Number of SET = 44
Number of GET = 0
Number of MULTI GET = 0


Worker 45
Average throughput (ops/sec) = 45
Average response time (msec) = 2.382244868852459
Average queue length = 0
Average wait time in queue (msec) = 0.11358995081967213
Average service time (msec) = 2.1815094098360657
Number of SET = 45
Number of GET = 0
Number of MULTI GET = 0


Worker 50
Average throughput (ops/sec) = 44
Average response time (msec) = 2.3817981475409837
Average queue length = 0
Average wait time in queue (msec) = 0.11466708196721312
Average service time (msec) = 2.183834475409836
Number of SET = 44
Number of GET = 0
Number of MULTI GET = 0


Worker 51
Average throughput (ops/sec) = 44
Average response time (msec) = 2.3840366065573773
Average queue length = 0
Average wait time in queue (msec) = 0.09626744262295082
Average service time (msec) = 2.189219524590164
Number of SET = 44
Number of GET = 0
Number of MULTI GET = 0


Worker 52
Average throughput (ops/sec) = 44
Average response time (msec) = 2.3942725409836068
Average queue length = 0
Average wait time in queue (msec) = 0.11395114754098361
Average service time (msec) = 2.182517098360656
Number of SET = 44
Number of GET = 0
Number of MULTI GET = 0


Worker 57
Average throughput (ops/sec) = 43
Average response time (msec) = 2.4159728524590163
Average queue length = 0
Average wait time in queue (msec) = 0.1170100655737705
Average service time (msec) = 2.206337393442623
Number of SET = 43
Number of GET = 0
Number of MULTI GET = 0


Worker 13
Average throughput (ops/sec) = 44
Average response time (msec) = 2.394707032786885
Average queue length = 0
Average wait time in queue (msec) = 0.10639704918032787
Average service time (msec) = 2.2015460983606556
Number of SET = 44
Number of GET = 0
Number of MULTI GET = 0


Worker 58
Average throughput (ops/sec) = 45
Average response time (msec) = 2.370787868852459
Average queue length = 0
Average wait time in queue (msec) = 0.10897322950819671
Average service time (msec) = 2.177046950819672
Number of SET = 45
Number of GET = 0
Number of MULTI GET = 0


Worker 14
Average throughput (ops/sec) = 44
Average response time (msec) = 2.384471475409836
Average queue length = 0
Average wait time in queue (msec) = 0.10519640983606558
Average service time (msec) = 2.188719655737705
Number of SET = 44
Number of GET = 0
Number of MULTI GET = 0


Worker 59
Average throughput (ops/sec) = 44
Average response time (msec) = 2.4007735573770494
Average queue length = 0
Average wait time in queue (msec) = 0.15084329508196723
Average service time (msec) = 2.1660217213114756
Number of SET = 44
Number of GET = 0
Number of MULTI GET = 0


Worker 15
Average throughput (ops/sec) = 44
Average response time (msec) = 2.3926826885245904
Average queue length = 0
Average wait time in queue (msec) = 0.09851039344262295
Average service time (msec) = 2.186157524590164
Number of SET = 44
Number of GET = 0
Number of MULTI GET = 0


Worker 16
Average throughput (ops/sec) = 44
Average response time (msec) = 2.4182914098360655
Average queue length = 0
Average wait time in queue (msec) = 0.11704639344262295
Average service time (msec) = 2.2162093770491804
Number of SET = 44
Number of GET = 0
Number of MULTI GET = 0


Worker 53
Average throughput (ops/sec) = 45
Average response time (msec) = 2.3989005901639344
Average queue length = 0
Average wait time in queue (msec) = 0.11123811475409837
Average service time (msec) = 2.2003343278688523
Number of SET = 45
Number of GET = 0
Number of MULTI GET = 0


Worker 54
Average throughput (ops/sec) = 44
Average response time (msec) = 2.399447295081967
Average queue length = 0
Average wait time in queue (msec) = 0.11686296721311475
Average service time (msec) = 2.1948088032786885
Number of SET = 44
Number of GET = 0
Number of MULTI GET = 0


Worker 10
Average throughput (ops/sec) = 44
Average response time (msec) = 2.435824868852459
Average queue length = 0
Average wait time in queue (msec) = 0.12180221311475409
Average service time (msec) = 2.216738180327869
Number of SET = 44
Number of GET = 0
Number of MULTI GET = 0


Worker 55
Average throughput (ops/sec) = 44
Average response time (msec) = 2.4156268524590163
Average queue length = 0
Average wait time in queue (msec) = 0.11518683606557377
Average service time (msec) = 2.2134467540983604
Number of SET = 44
Number of GET = 0
Number of MULTI GET = 0


Worker 11
Average throughput (ops/sec) = 44
Average response time (msec) = 2.3993345081967212
Average queue length = 0
Average wait time in queue (msec) = 0.10998067213114754
Average service time (msec) = 2.2024740655737705
Number of SET = 44
Number of GET = 0
Number of MULTI GET = 0


Worker 56
Average throughput (ops/sec) = 44
Average response time (msec) = 2.4147374590163935
Average queue length = 0
Average wait time in queue (msec) = 0.1041254918032787
Average service time (msec) = 2.2266435901639343
Number of SET = 44
Number of GET = 0
Number of MULTI GET = 0


Worker 12
Average throughput (ops/sec) = 44
Average response time (msec) = 2.3762343934426227
Average queue length = 0
Average wait time in queue (msec) = 0.1064456393442623
Average service time (msec) = 2.184241327868852
Number of SET = 44
Number of GET = 0
Number of MULTI GET = 0


Worker 17
Average throughput (ops/sec) = 44
Average response time (msec) = 2.3782849344262296
Average queue length = 0
Average wait time in queue (msec) = 0.11295998360655737
Average service time (msec) = 2.1797312786885246
Number of SET = 44
Number of GET = 0
Number of MULTI GET = 0


Worker 18
Average throughput (ops/sec) = 44
Average response time (msec) = 2.4138085573770494
Average queue length = 0
Average wait time in queue (msec) = 0.11709409836065574
Average service time (msec) = 2.20735162295082
Number of SET = 44
Number of GET = 0
Number of MULTI GET = 0


Worker 19
Average throughput (ops/sec) = 44
Average response time (msec) = 2.4228813606557376
Average queue length = 0
Average wait time in queue (msec) = 0.10907459016393442
Average service time (msec) = 2.2216373114754098
Number of SET = 44
Number of GET = 0
Number of MULTI GET = 0


Worker 60
Average throughput (ops/sec) = 44
Average response time (msec) = 2.387539032786885
Average queue length = 0
Average wait time in queue (msec) = 0.11050668852459017
Average service time (msec) = 2.185659262295082
Number of SET = 44
Number of GET = 0
Number of MULTI GET = 0


Worker 61
Average throughput (ops/sec) = 44
Average response time (msec) = 2.3930030327868854
Average queue length = 0
Average wait time in queue (msec) = 0.11901232786885246
Average service time (msec) = 2.179577
Number of SET = 44
Number of GET = 0
Number of MULTI GET = 0


Worker 62
Average throughput (ops/sec) = 44
Average response time (msec) = 2.376365606557377
Average queue length = 0
Average wait time in queue (msec) = 0.10967945901639345
Average service time (msec) = 2.1790098360655734
Number of SET = 44
Number of GET = 0
Number of MULTI GET = 0


Worker 63
Average throughput (ops/sec) = 44
Average response time (msec) = 2.404552295081967
Average queue length = 0
Average wait time in queue (msec) = 0.13104801639344263
Average service time (msec) = 2.1848621475409837
Number of SET = 44
Number of GET = 0
Number of MULTI GET = 0


Worker 24
Average throughput (ops/sec) = 44
Average response time (msec) = 2.376027442622951
Average queue length = 0
Average wait time in queue (msec) = 0.09942426229508196
Average service time (msec) = 2.1946996229508198
Number of SET = 44
Number of GET = 0
Number of MULTI GET = 0


Worker 7
Average throughput (ops/sec) = 44
Average response time (msec) = 2.4002526885245903
Average queue length = 0
Average wait time in queue (msec) = 0.10935519672131147
Average service time (msec) = 2.2036620163934426
Number of SET = 44
Number of GET = 0
Number of MULTI GET = 0


Worker 25
Average throughput (ops/sec) = 45
Average response time (msec) = 2.386196786885246
Average queue length = 0
Average wait time in queue (msec) = 0.11957260655737705
Average service time (msec) = 2.1773515081967214
Number of SET = 45
Number of GET = 0
Number of MULTI GET = 0


Worker 6
Average throughput (ops/sec) = 45
Average response time (msec) = 2.390877819672131
Average queue length = 0
Average wait time in queue (msec) = 0.11199380327868853
Average service time (msec) = 2.198437
Number of SET = 45
Number of GET = 0
Number of MULTI GET = 0


Worker 26
Average throughput (ops/sec) = 44
Average response time (msec) = 2.3883356721311477
Average queue length = 0
Average wait time in queue (msec) = 0.09976060655737705
Average service time (msec) = 2.20665037704918
Number of SET = 44
Number of GET = 0
Number of MULTI GET = 0


Worker 9
Average throughput (ops/sec) = 44
Average response time (msec) = 2.432917557377049
Average queue length = 0
Average wait time in queue (msec) = 0.11841888524590163
Average service time (msec) = 2.222850606557377
Number of SET = 44
Number of GET = 0
Number of MULTI GET = 0


Worker 27
Average throughput (ops/sec) = 44
Average response time (msec) = 2.4049721967213116
Average queue length = 0
Average wait time in queue (msec) = 0.1103645081967213
Average service time (msec) = 2.202418229508197
Number of SET = 44
Number of GET = 0
Number of MULTI GET = 0


Worker 8
Average throughput (ops/sec) = 45
Average response time (msec) = 2.375534868852459
Average queue length = 0
Average wait time in queue (msec) = 0.11216814754098361
Average service time (msec) = 2.1740241475409836
Number of SET = 45
Number of GET = 0
Number of MULTI GET = 0


Worker 64
Average throughput (ops/sec) = 44
Average response time (msec) = 2.403056344262295
Average queue length = 0
Average wait time in queue (msec) = 0.12071591803278688
Average service time (msec) = 2.1898989836065574
Number of SET = 44
Number of GET = 0
Number of MULTI GET = 0


Worker 20
Average throughput (ops/sec) = 44
Average response time (msec) = 2.3833907540983605
Average queue length = 0
Average wait time in queue (msec) = 0.10676427868852459
Average service time (msec) = 2.190003901639344
Number of SET = 44
Number of GET = 0
Number of MULTI GET = 0


Worker 3
Average throughput (ops/sec) = 44
Average response time (msec) = 2.3787900491803278
Average queue length = 0
Average wait time in queue (msec) = 0.11100647540983608
Average service time (msec) = 2.1790446885245904
Number of SET = 44
Number of GET = 0
Number of MULTI GET = 0


Worker 21
Average throughput (ops/sec) = 44
Average response time (msec) = 2.4048819180327867
Average queue length = 0
Average wait time in queue (msec) = 0.11533072131147541
Average service time (msec) = 2.189895
Number of SET = 44
Number of GET = 0
Number of MULTI GET = 0


Worker 2
Average throughput (ops/sec) = 45
Average response time (msec) = 2.389767295081967
Average queue length = 0
Average wait time in queue (msec) = 0.12827996721311474
Average service time (msec) = 2.1792774098360654
Number of SET = 45
Number of GET = 0
Number of MULTI GET = 0


Worker 22
Average throughput (ops/sec) = 44
Average response time (msec) = 2.3659146393442625
Average queue length = 0
Average wait time in queue (msec) = 0.09770573770491804
Average service time (msec) = 2.1843365901639347
Number of SET = 44
Number of GET = 0
Number of MULTI GET = 0


Worker 5
Average throughput (ops/sec) = 45
Average response time (msec) = 2.393215704918033
Average queue length = 0
Average wait time in queue (msec) = 0.10288855737704918
Average service time (msec) = 2.194004819672131
Number of SET = 45
Number of GET = 0
Number of MULTI GET = 0


Worker 23
Average throughput (ops/sec) = 44
Average response time (msec) = 2.4134590327868852
Average queue length = 0
Average wait time in queue (msec) = 0.09626696721311476
Average service time (msec) = 2.233041180327869
Number of SET = 44
Number of GET = 0
Number of MULTI GET = 0


Worker 4
Average throughput (ops/sec) = 44
Average response time (msec) = 2.4179537213114757
Average queue length = 0
Average wait time in queue (msec) = 0.1177025081967213
Average service time (msec) = 2.2160579836065573
Number of SET = 44
Number of GET = 0
Number of MULTI GET = 0


Worker 28
Average throughput (ops/sec) = 44
Average response time (msec) = 2.368337426229508
Average queue length = 0
Average wait time in queue (msec) = 0.10183081967213116
Average service time (msec) = 2.1834381967213115
Number of SET = 44
Number of GET = 0
Number of MULTI GET = 0


Worker 29
Average throughput (ops/sec) = 44
Average response time (msec) = 2.367439770491803
Average queue length = 0
Average wait time in queue (msec) = 0.10510949180327869
Average service time (msec) = 2.1721411475409838
Number of SET = 44
Number of GET = 0
Number of MULTI GET = 0


Worker 1
Average throughput (ops/sec) = 44
Average response time (msec) = 2.3803992131147544
Average queue length = 0
Average wait time in queue (msec) = 0.11329534426229508
Average service time (msec) = 2.1820282295081967
Number of SET = 44
Number of GET = 0
Number of MULTI GET = 0


Worker 30
Average throughput (ops/sec) = 44
Average response time (msec) = 2.38448237704918
Average queue length = 0
Average wait time in queue (msec) = 0.12216473770491804
Average service time (msec) = 2.175914803278688
Number of SET = 44
Number of GET = 0
Number of MULTI GET = 0


Worker 35
Average throughput (ops/sec) = 44
Average response time (msec) = 2.397821081967213
Average queue length = 0
Average wait time in queue (msec) = 0.10505509836065574
Average service time (msec) = 2.205838393442623
Number of SET = 44
Number of GET = 0
Number of MULTI GET = 0


Worker 36
Average throughput (ops/sec) = 44
Average response time (msec) = 2.3869722459016396
Average queue length = 0
Average wait time in queue (msec) = 0.12031478688524591
Average service time (msec) = 2.172906639344262
Number of SET = 44
Number of GET = 0
Number of MULTI GET = 0


Worker 37
Average throughput (ops/sec) = 44
Average response time (msec) = 2.421894704918033
Average queue length = 0
Average wait time in queue (msec) = 0.12016140983606557
Average service time (msec) = 2.211751229508197
Number of SET = 44
Number of GET = 0
Number of MULTI GET = 0


Worker 38
Average throughput (ops/sec) = 44
Average response time (msec) = 2.3898770655737707
Average queue length = 0
Average wait time in queue (msec) = 0.10727290163934426
Average service time (msec) = 2.201031819672131
Number of SET = 44
Number of GET = 0
Number of MULTI GET = 0


Worker 31
Average throughput (ops/sec) = 44
Average response time (msec) = 2.414180868852459
Average queue length = 0
Average wait time in queue (msec) = 0.11155765573770492
Average service time (msec) = 2.2083236885245903
Number of SET = 44
Number of GET = 0
Number of MULTI GET = 0


Worker 32
Average throughput (ops/sec) = 44
Average response time (msec) = 2.4063915409836065
Average queue length = 0
Average wait time in queue (msec) = 0.11367114754098362
Average service time (msec) = 2.208125098360656
Number of SET = 44
Number of GET = 0
Number of MULTI GET = 0


Worker 33
Average throughput (ops/sec) = 44
Average response time (msec) = 2.3831843770491803
Average queue length = 0
Average wait time in queue (msec) = 0.1109937868852459
Average service time (msec) = 2.187771131147541
Number of SET = 44
Number of GET = 0
Number of MULTI GET = 0


Worker 34
Average throughput (ops/sec) = 44
Average response time (msec) = 2.3842417213114757
Average queue length = 0
Average wait time in queue (msec) = 0.12373834426229509
Average service time (msec) = 2.169562786885246
Number of SET = 44
Number of GET = 0
Number of MULTI GET = 0


Worker 39
Average throughput (ops/sec) = 44
Average response time (msec) = 2.3870411967213117
Average queue length = 0
Average wait time in queue (msec) = 0.10745621311475409
Average service time (msec) = 2.196800655737705
Number of SET = 44
Number of GET = 0
Number of MULTI GET = 0


Worker 40
Average throughput (ops/sec) = 45
Average response time (msec) = 2.389834295081967
Average queue length = 0
Average wait time in queue (msec) = 0.1101884918032787
Average service time (msec) = 2.184971901639344
Number of SET = 45
Number of GET = 0
Number of MULTI GET = 0


Worker 41
Average throughput (ops/sec) = 44
Average response time (msec) = 2.368863
Average queue length = 0
Average wait time in queue (msec) = 0.10534391803278688
Average service time (msec) = 2.176480098360656
Number of SET = 44
Number of GET = 0
Number of MULTI GET = 0


FINAL STATS
Average throughput (ops/sec) = 2824
Average response time (msec) = 2.373122502298322
Average queue length = 0
Average wait time in queue (msec) = 0.11203446183401639
Average service time (msec) = 2.1926037000512295
Number of SET = 44
Number of GET = 0
Number of MULTI GET = 0
Number of Cache misses = 0


Histogram response times (0.1 msec step)
0.0 msec : 1505
0.1 msec : 15594
0.2 msec : 32701
0.3 msec : 34193
0.4 msec : 27057
0.5 msec : 18268
0.6 msec : 11716
0.7 msec : 7547
0.8 msec : 5101
0.9 msec : 3678
1.0 msec : 2612
1.1 msec : 1881
1.2 msec : 1502
1.3 msec : 1167
1.4 msec : 847
1.5 msec : 692
1.6 msec : 631
1.7 msec : 542
1.8 msec : 482
1.9 msec : 432
2.0 msec : 362
2.1 msec : 350
2.2 msec : 317
2.3 msec : 311
2.4 msec : 287
2.5 msec : 192
2.6 msec : 188
2.7 msec : 174
2.8 msec : 162
2.9 msec : 179
3.0 msec : 149
3.1 msec : 162
3.2 msec : 146
3.3 msec : 133
3.4 msec : 118
3.5 msec : 107
3.6 msec : 132
3.7 msec : 107
3.8 msec : 125
3.9 msec : 98
4.0 msec : 93
4.1 msec : 87
4.2 msec : 86
4.3 msec : 74
4.4 msec : 92
4.5 msec : 81
4.6 msec : 81
4.7 msec : 77
4.8 msec : 60
4.9 msec : 68
5.0 msec : 67
5.1 msec : 59
5.2 msec : 63
5.3 msec : 57
5.4 msec : 57
5.5 msec : 67
5.6 msec : 54
5.7 msec : 53
5.8 msec : 48
5.9 msec : 56
6.0 msec : 55
6.1 msec : 41
6.2 msec : 43
6.3 msec : 38
6.4 msec : 32
6.5 msec : 20
6.6 msec : 22
6.7 msec : 38
6.8 msec : 21
6.9 msec : 21
7.0 msec : 30
7.1 msec : 16
7.2 msec : 17
7.3 msec : 17
7.4 msec : 18
7.5 msec : 19
7.6 msec : 13
7.7 msec : 12
7.8 msec : 12
7.9 msec : 6
8.0 msec : 4
8.1 msec : 10
8.2 msec : 8
8.3 msec : 6
8.4 msec : 7
8.5 msec : 8
8.6 msec : 8
8.7 msec : 11
8.8 msec : 4
8.9 msec : 6
9.0 msec : 5
9.1 msec : 7
9.2 msec : 3
9.3 msec : 6
9.4 msec : 2
9.5 msec : 3
9.6 msec : 2
9.7 msec : 4
9.8 msec : 1
9.9 msec : 0
10.0 msec : 1
10.1 msec : 0
10.2 msec : 0
10.3 msec : 1
10.4 msec : 0
10.5 msec : 1
10.6 msec : 0
10.7 msec : 2
10.8 msec : 1
10.9 msec : 5
11.0 msec : 4
11.1 msec : 1
11.2 msec : 1
11.3 msec : 3
11.4 msec : 3
11.5 msec : 2
11.6 msec : 0
11.7 msec : 1
11.8 msec : 0
11.9 msec : 1
12.0 msec : 1
12.1 msec : 1
12.2 msec : 1
12.3 msec : 0
12.4 msec : 2
12.5 msec : 0
12.6 msec : 2
12.7 msec : 2
12.8 msec : 1
12.9 msec : 1
13.0 msec : 1
13.1 msec : 0
13.2 msec : 2
13.3 msec : 1
13.4 msec : 1
13.5 msec : 0
13.6 msec : 1
13.7 msec : 2
13.8 msec : 1
13.9 msec : 0
14.0 msec : 0
14.1 msec : 1
14.2 msec : 0
14.3 msec : 0
14.4 msec : 0
14.5 msec : 0
14.6 msec : 2
14.7 msec : 1
14.8 msec : 0
14.9 msec : 3
15.0 msec : 1
15.1 msec : 0
15.2 msec : 3
15.3 msec : 1
15.4 msec : 1
15.5 msec : 1
15.6 msec : 0
15.7 msec : 0
15.8 msec : 0
15.9 msec : 0
16.0 msec : 0
16.1 msec : 2
16.2 msec : 1
16.3 msec : 0
16.4 msec : 0
16.5 msec : 0
16.6 msec : 0
16.7 msec : 2
16.8 msec : 2
16.9 msec : 1
17.0 msec : 2
17.1 msec : 4
17.2 msec : 4
17.3 msec : 2
17.4 msec : 0
17.5 msec : 0
17.6 msec : 0
17.7 msec : 1
17.8 msec : 0
17.9 msec : 0
18.0 msec : 1
18.1 msec : 0
18.2 msec : 0
18.3 msec : 1
18.4 msec : 2
18.5 msec : 2
18.6 msec : 1
18.7 msec : 0
18.8 msec : 0
18.9 msec : 0
19.0 msec : 0
19.1 msec : 1
19.2 msec : 2
19.3 msec : 3
19.4 msec : 1
19.5 msec : 0
19.6 msec : 2
19.7 msec : 0
19.8 msec : 0
19.9 msec : 0
20.0 msec : 0
20.1 msec : 0
20.2 msec : 0
20.3 msec : 0
20.4 msec : 1
20.5 msec : 2
20.6 msec : 1
20.7 msec : 0
20.8 msec : 0
20.9 msec : 0
21.0 msec : 0
21.1 msec : 0
21.2 msec : 0
21.3 msec : 0
21.4 msec : 0
21.5 msec : 0
21.6 msec : 0
21.7 msec : 0
21.8 msec : 0
21.9 msec : 0
22.0 msec : 0
22.1 msec : 0
22.2 msec : 0
22.3 msec : 0
22.4 msec : 0
22.5 msec : 0
22.6 msec : 0
22.7 msec : 0
22.8 msec : 0
22.9 msec : 1
23.0 msec : 0
23.1 msec : 0
23.2 msec : 0
23.3 msec : 0
23.4 msec : 0
23.5 msec : 0
23.6 msec : 0
23.7 msec : 1
23.8 msec : 0
23.9 msec : 0
24.0 msec : 0
24.1 msec : 0
24.2 msec : 0
24.3 msec : 0
24.4 msec : 0
24.5 msec : 0
24.6 msec : 0
24.7 msec : 0
24.8 msec : 0
24.9 msec : 0
25.0 msec : 1
25.1 msec : 0
25.2 msec : 0
25.3 msec : 0
25.4 msec : 1
25.5 msec : 1
25.6 msec : 0
25.7 msec : 0
25.8 msec : 0
25.9 msec : 0
26.0 msec : 1
26.1 msec : 0
26.2 msec : 0
26.3 msec : 0
26.4 msec : 0
26.5 msec : 0
26.6 msec : 2
26.7 msec : 0
26.8 msec : 0
26.9 msec : 0
27.0 msec : 0
27.1 msec : 0
27.2 msec : 1
27.3 msec : 0
27.4 msec : 0
27.5 msec : 0
27.6 msec : 0
27.7 msec : 0
27.8 msec : 0
27.9 msec : 0
28.0 msec : 0
28.1 msec : 0
28.2 msec : 0
28.3 msec : 0
28.4 msec : 0
28.5 msec : 0
28.6 msec : 0
28.7 msec : 0
28.8 msec : 0
28.9 msec : 0
29.0 msec : 0
29.1 msec : 0
29.2 msec : 0
29.3 msec : 0
29.4 msec : 0
29.5 msec : 0
29.6 msec : 0
29.7 msec : 0
29.8 msec : 0
29.9 msec : 0
30.0 msec : 0
30.1 msec : 0
30.2 msec : 0
30.3 msec : 0
30.4 msec : 0
30.5 msec : 1
30.6 msec : 0
30.7 msec : 0
30.8 msec : 0
30.9 msec : 0
31.0 msec : 0
31.1 msec : 0
31.2 msec : 0
31.3 msec : 0
31.4 msec : 0
31.5 msec : 0
31.6 msec : 0
31.7 msec : 0
31.8 msec : 0
31.9 msec : 0
32.0 msec : 0
32.1 msec : 0
32.2 msec : 0
32.3 msec : 0
32.4 msec : 0
32.5 msec : 1
32.6 msec : 0
32.7 msec : 2
32.8 msec : 0
32.9 msec : 0
33.0 msec : 0
33.1 msec : 0
33.2 msec : 0
33.3 msec : 0
33.4 msec : 0
33.5 msec : 0
33.6 msec : 1
33.7 msec : 0
