Middleware started...
Middleware shuts down...
Smaller resolution statistics are in a log file...
Final aggregates per worker:


Worker 46
Average throughput (ops/sec) = 65
Average response time (msec) = 1.033580524590164
Average queue length = 0
Average wait time in queue (msec) = 0.08958031147540983
Average service time (msec) = 0.8846048196721311
Number of SET = 0
Number of GET = 65
Number of MULTI GET = 0


Worker 47
Average throughput (ops/sec) = 64
Average response time (msec) = 1.026537606557377
Average queue length = 0
Average wait time in queue (msec) = 0.08236773770491804
Average service time (msec) = 0.88303231147541
Number of SET = 0
Number of GET = 64
Number of MULTI GET = 0


Worker 48
Average throughput (ops/sec) = 65
Average response time (msec) = 1.0180033770491803
Average queue length = 0
Average wait time in queue (msec) = 0.08059359016393443
Average service time (msec) = 0.8670930163934426
Number of SET = 0
Number of GET = 65
Number of MULTI GET = 0


Worker 49
Average throughput (ops/sec) = 64
Average response time (msec) = 1.0128228360655738
Average queue length = 0
Average wait time in queue (msec) = 0.08145877049180328
Average service time (msec) = 0.871747950819672
Number of SET = 0
Number of GET = 64
Number of MULTI GET = 0


Worker 42
Average throughput (ops/sec) = 65
Average response time (msec) = 1.0325370655737705
Average queue length = 0
Average wait time in queue (msec) = 0.08125562295081967
Average service time (msec) = 0.891499262295082
Number of SET = 0
Number of GET = 65
Number of MULTI GET = 0


Worker 43
Average throughput (ops/sec) = 65
Average response time (msec) = 1.0170826393442622
Average queue length = 0
Average wait time in queue (msec) = 0.09274465573770492
Average service time (msec) = 0.8683508852459016
Number of SET = 0
Number of GET = 65
Number of MULTI GET = 0


Worker 44
Average throughput (ops/sec) = 64
Average response time (msec) = 1.0399182295081968
Average queue length = 0
Average wait time in queue (msec) = 0.09485390163934426
Average service time (msec) = 0.888700655737705
Number of SET = 0
Number of GET = 64
Number of MULTI GET = 0


Worker 45
Average throughput (ops/sec) = 65
Average response time (msec) = 1.0508463114754099
Average queue length = 0
Average wait time in queue (msec) = 0.09423675409836066
Average service time (msec) = 0.890903
Number of SET = 0
Number of GET = 65
Number of MULTI GET = 0


Worker 50
Average throughput (ops/sec) = 64
Average response time (msec) = 1.0276144918032786
Average queue length = 0
Average wait time in queue (msec) = 0.09073245901639344
Average service time (msec) = 0.878819868852459
Number of SET = 0
Number of GET = 64
Number of MULTI GET = 0


Worker 51
Average throughput (ops/sec) = 65
Average response time (msec) = 1.0169597704918032
Average queue length = 0
Average wait time in queue (msec) = 0.08841855737704918
Average service time (msec) = 0.8578198524590164
Number of SET = 0
Number of GET = 65
Number of MULTI GET = 0


Worker 52
Average throughput (ops/sec) = 64
Average response time (msec) = 1.046951606557377
Average queue length = 0
Average wait time in queue (msec) = 0.09055204918032787
Average service time (msec) = 0.8982817704918032
Number of SET = 0
Number of GET = 64
Number of MULTI GET = 0


Worker 57
Average throughput (ops/sec) = 66
Average response time (msec) = 1.0298838852459016
Average queue length = 0
Average wait time in queue (msec) = 0.09704239344262296
Average service time (msec) = 0.875293786885246
Number of SET = 0
Number of GET = 66
Number of MULTI GET = 0


Worker 13
Average throughput (ops/sec) = 64
Average response time (msec) = 1.0258627540983607
Average queue length = 0
Average wait time in queue (msec) = 0.08599459016393442
Average service time (msec) = 0.8773217704918033
Number of SET = 0
Number of GET = 64
Number of MULTI GET = 0


Worker 58
Average throughput (ops/sec) = 64
Average response time (msec) = 1.0099789344262295
Average queue length = 0
Average wait time in queue (msec) = 0.07983854098360656
Average service time (msec) = 0.8708710327868853
Number of SET = 0
Number of GET = 64
Number of MULTI GET = 0


Worker 14
Average throughput (ops/sec) = 65
Average response time (msec) = 1.0554561639344262
Average queue length = 0
Average wait time in queue (msec) = 0.09656598360655738
Average service time (msec) = 0.8923520655737704
Number of SET = 0
Number of GET = 65
Number of MULTI GET = 0


Worker 59
Average throughput (ops/sec) = 65
Average response time (msec) = 1.0056462786885245
Average queue length = 0
Average wait time in queue (msec) = 0.07946727868852459
Average service time (msec) = 0.8677121639344263
Number of SET = 0
Number of GET = 65
Number of MULTI GET = 0


Worker 15
Average throughput (ops/sec) = 65
Average response time (msec) = 1.023088606557377
Average queue length = 0
Average wait time in queue (msec) = 0.08288086885245902
Average service time (msec) = 0.8831340491803279
Number of SET = 0
Number of GET = 65
Number of MULTI GET = 0


Worker 16
Average throughput (ops/sec) = 65
Average response time (msec) = 1.0381872950819673
Average queue length = 0
Average wait time in queue (msec) = 0.09349319672131147
Average service time (msec) = 0.8820601967213114
Number of SET = 0
Number of GET = 65
Number of MULTI GET = 0


Worker 53
Average throughput (ops/sec) = 65
Average response time (msec) = 1.0306743770491804
Average queue length = 0
Average wait time in queue (msec) = 0.09672329508196721
Average service time (msec) = 0.8750632295081967
Number of SET = 0
Number of GET = 65
Number of MULTI GET = 0


Worker 54
Average throughput (ops/sec) = 65
Average response time (msec) = 1.044405131147541
Average queue length = 0
Average wait time in queue (msec) = 0.08557139344262295
Average service time (msec) = 0.8973982459016393
Number of SET = 0
Number of GET = 65
Number of MULTI GET = 0


Worker 10
Average throughput (ops/sec) = 65
Average response time (msec) = 1.0227380983606558
Average queue length = 0
Average wait time in queue (msec) = 0.09231522950819672
Average service time (msec) = 0.873356344262295
Number of SET = 0
Number of GET = 65
Number of MULTI GET = 0


Worker 55
Average throughput (ops/sec) = 65
Average response time (msec) = 1.0306656721311476
Average queue length = 0
Average wait time in queue (msec) = 0.08857644262295082
Average service time (msec) = 0.8744558032786885
Number of SET = 0
Number of GET = 65
Number of MULTI GET = 0


Worker 11
Average throughput (ops/sec) = 65
Average response time (msec) = 1.063069836065574
Average queue length = 0
Average wait time in queue (msec) = 0.11459091803278688
Average service time (msec) = 0.8904732295081967
Number of SET = 0
Number of GET = 65
Number of MULTI GET = 0


Worker 56
Average throughput (ops/sec) = 64
Average response time (msec) = 1.0378300983606557
Average queue length = 0
Average wait time in queue (msec) = 0.08307616393442624
Average service time (msec) = 0.8887930819672131
Number of SET = 0
Number of GET = 64
Number of MULTI GET = 0


Worker 12
Average throughput (ops/sec) = 65
Average response time (msec) = 1.090107950819672
Average queue length = 0
Average wait time in queue (msec) = 0.09240385245901639
Average service time (msec) = 0.9388613442622951
Number of SET = 0
Number of GET = 65
Number of MULTI GET = 0


Worker 17
Average throughput (ops/sec) = 65
Average response time (msec) = 1.0198648360655738
Average queue length = 0
Average wait time in queue (msec) = 0.08967986885245902
Average service time (msec) = 0.873686
Number of SET = 0
Number of GET = 65
Number of MULTI GET = 0


Worker 18
Average throughput (ops/sec) = 65
Average response time (msec) = 1.0359573606557377
Average queue length = 0
Average wait time in queue (msec) = 0.08749067213114754
Average service time (msec) = 0.885176737704918
Number of SET = 0
Number of GET = 65
Number of MULTI GET = 0


Worker 19
Average throughput (ops/sec) = 64
Average response time (msec) = 1.036124868852459
Average queue length = 0
Average wait time in queue (msec) = 0.09718493442622951
Average service time (msec) = 0.8825008360655737
Number of SET = 0
Number of GET = 64
Number of MULTI GET = 0


Worker 60
Average throughput (ops/sec) = 64
Average response time (msec) = 1.038995475409836
Average queue length = 0
Average wait time in queue (msec) = 0.07382498360655737
Average service time (msec) = 0.9086718360655738
Number of SET = 0
Number of GET = 64
Number of MULTI GET = 0


Worker 61
Average throughput (ops/sec) = 65
Average response time (msec) = 1.0463322295081967
Average queue length = 0
Average wait time in queue (msec) = 0.08841639344262295
Average service time (msec) = 0.8933600655737705
Number of SET = 0
Number of GET = 65
Number of MULTI GET = 0


Worker 62
Average throughput (ops/sec) = 65
Average response time (msec) = 1.0307672950819673
Average queue length = 0
Average wait time in queue (msec) = 0.08096983606557376
Average service time (msec) = 0.892283950819672
Number of SET = 0
Number of GET = 65
Number of MULTI GET = 0


Worker 63
Average throughput (ops/sec) = 65
Average response time (msec) = 1.043247918032787
Average queue length = 0
Average wait time in queue (msec) = 0.08633424590163934
Average service time (msec) = 0.877591524590164
Number of SET = 0
Number of GET = 65
Number of MULTI GET = 0


Worker 24
Average throughput (ops/sec) = 64
Average response time (msec) = 1.0326911639344263
Average queue length = 0
Average wait time in queue (msec) = 0.09329631147540983
Average service time (msec) = 0.8795348524590164
Number of SET = 0
Number of GET = 64
Number of MULTI GET = 0


Worker 7
Average throughput (ops/sec) = 64
Average response time (msec) = 1.0494347049180328
Average queue length = 0
Average wait time in queue (msec) = 0.08838922950819672
Average service time (msec) = 0.904111
Number of SET = 0
Number of GET = 64
Number of MULTI GET = 0


Worker 25
Average throughput (ops/sec) = 65
Average response time (msec) = 1.0644277213114754
Average queue length = 0
Average wait time in queue (msec) = 0.0966907868852459
Average service time (msec) = 0.8956179508196721
Number of SET = 0
Number of GET = 65
Number of MULTI GET = 0


Worker 6
Average throughput (ops/sec) = 65
Average response time (msec) = 1.0421801639344264
Average queue length = 0
Average wait time in queue (msec) = 0.09481309836065574
Average service time (msec) = 0.8846539672131147
Number of SET = 0
Number of GET = 65
Number of MULTI GET = 0


Worker 26
Average throughput (ops/sec) = 63
Average response time (msec) = 1.0339838032786886
Average queue length = 0
Average wait time in queue (msec) = 0.08177767213114755
Average service time (msec) = 0.891881606557377
Number of SET = 0
Number of GET = 63
Number of MULTI GET = 0


Worker 9
Average throughput (ops/sec) = 64
Average response time (msec) = 1.026688918032787
Average queue length = 0
Average wait time in queue (msec) = 0.08271083606557376
Average service time (msec) = 0.878034393442623
Number of SET = 0
Number of GET = 64
Number of MULTI GET = 0


Worker 27
Average throughput (ops/sec) = 64
Average response time (msec) = 1.0272527049180327
Average queue length = 0
Average wait time in queue (msec) = 0.07739945901639345
Average service time (msec) = 0.8880348852459017
Number of SET = 0
Number of GET = 64
Number of MULTI GET = 0


Worker 8
Average throughput (ops/sec) = 64
Average response time (msec) = 1.048777098360656
Average queue length = 0
Average wait time in queue (msec) = 0.1056872786885246
Average service time (msec) = 0.8784372950819672
Number of SET = 0
Number of GET = 64
Number of MULTI GET = 0


Worker 64
Average throughput (ops/sec) = 65
Average response time (msec) = 1.064826524590164
Average queue length = 0
Average wait time in queue (msec) = 0.0813182131147541
Average service time (msec) = 0.9139850983606557
Number of SET = 0
Number of GET = 65
Number of MULTI GET = 0


Worker 20
Average throughput (ops/sec) = 64
Average response time (msec) = 1.0196530327868853
Average queue length = 0
Average wait time in queue (msec) = 0.08378837704918032
Average service time (msec) = 0.8774822950819673
Number of SET = 0
Number of GET = 64
Number of MULTI GET = 0


Worker 3
Average throughput (ops/sec) = 66
Average response time (msec) = 1.0324896229508196
Average queue length = 0
Average wait time in queue (msec) = 0.08967391803278688
Average service time (msec) = 0.881451475409836
Number of SET = 0
Number of GET = 66
Number of MULTI GET = 0


Worker 21
Average throughput (ops/sec) = 65
Average response time (msec) = 1.0241591475409837
Average queue length = 0
Average wait time in queue (msec) = 0.0961315737704918
Average service time (msec) = 0.857694213114754
Number of SET = 0
Number of GET = 65
Number of MULTI GET = 0


Worker 2
Average throughput (ops/sec) = 65
Average response time (msec) = 1.0336788032786886
Average queue length = 0
Average wait time in queue (msec) = 0.08875396721311475
Average service time (msec) = 0.8865971639344262
Number of SET = 0
Number of GET = 65
Number of MULTI GET = 0


Worker 22
Average throughput (ops/sec) = 64
Average response time (msec) = 1.0131156393442624
Average queue length = 0
Average wait time in queue (msec) = 0.08153404918032787
Average service time (msec) = 0.8650271803278688
Number of SET = 0
Number of GET = 64
Number of MULTI GET = 0


Worker 5
Average throughput (ops/sec) = 64
Average response time (msec) = 1.026588
Average queue length = 0
Average wait time in queue (msec) = 0.07712103278688524
Average service time (msec) = 0.8772584262295082
Number of SET = 0
Number of GET = 64
Number of MULTI GET = 0


Worker 23
Average throughput (ops/sec) = 65
Average response time (msec) = 1.0607448852459016
Average queue length = 0
Average wait time in queue (msec) = 0.1127704262295082
Average service time (msec) = 0.8908631803278689
Number of SET = 0
Number of GET = 65
Number of MULTI GET = 0


Worker 4
Average throughput (ops/sec) = 65
Average response time (msec) = 1.062708213114754
Average queue length = 0
Average wait time in queue (msec) = 0.08738811475409837
Average service time (msec) = 0.9081790819672131
Number of SET = 0
Number of GET = 65
Number of MULTI GET = 0


Worker 28
Average throughput (ops/sec) = 65
Average response time (msec) = 1.050058
Average queue length = 0
Average wait time in queue (msec) = 0.09013422950819672
Average service time (msec) = 0.9004355573770493
Number of SET = 0
Number of GET = 65
Number of MULTI GET = 0


Worker 29
Average throughput (ops/sec) = 66
Average response time (msec) = 1.0323889344262296
Average queue length = 0
Average wait time in queue (msec) = 0.0898144262295082
Average service time (msec) = 0.8854633606557377
Number of SET = 0
Number of GET = 66
Number of MULTI GET = 0


Worker 1
Average throughput (ops/sec) = 64
Average response time (msec) = 1.0417245409836067
Average queue length = 0
Average wait time in queue (msec) = 0.08867609836065574
Average service time (msec) = 0.8947638688524591
Number of SET = 0
Number of GET = 64
Number of MULTI GET = 0


Worker 30
Average throughput (ops/sec) = 65
Average response time (msec) = 1.024401950819672
Average queue length = 0
Average wait time in queue (msec) = 0.0875450655737705
Average service time (msec) = 0.8722127049180327
Number of SET = 0
Number of GET = 65
Number of MULTI GET = 0


Worker 35
Average throughput (ops/sec) = 64
Average response time (msec) = 1.0227708360655738
Average queue length = 0
Average wait time in queue (msec) = 0.08388680327868853
Average service time (msec) = 0.8817270983606557
Number of SET = 0
Number of GET = 64
Number of MULTI GET = 0


Worker 36
Average throughput (ops/sec) = 65
Average response time (msec) = 1.0367811475409836
Average queue length = 0
Average wait time in queue (msec) = 0.09258927868852458
Average service time (msec) = 0.8848165409836066
Number of SET = 0
Number of GET = 65
Number of MULTI GET = 0


Worker 37
Average throughput (ops/sec) = 65
Average response time (msec) = 1.041050393442623
Average queue length = 0
Average wait time in queue (msec) = 0.08915265573770492
Average service time (msec) = 0.8897597540983606
Number of SET = 0
Number of GET = 65
Number of MULTI GET = 0


Worker 38
Average throughput (ops/sec) = 65
Average response time (msec) = 1.0452111147540983
Average queue length = 0
Average wait time in queue (msec) = 0.094756
Average service time (msec) = 0.8887045409836066
Number of SET = 0
Number of GET = 65
Number of MULTI GET = 0


Worker 31
Average throughput (ops/sec) = 65
Average response time (msec) = 1.0157875737704918
Average queue length = 0
Average wait time in queue (msec) = 0.08332588524590163
Average service time (msec) = 0.8776598360655737
Number of SET = 0
Number of GET = 65
Number of MULTI GET = 0


Worker 32
Average throughput (ops/sec) = 64
Average response time (msec) = 1.0745294098360656
Average queue length = 0
Average wait time in queue (msec) = 0.08308172131147541
Average service time (msec) = 0.8830336229508197
Number of SET = 0
Number of GET = 64
Number of MULTI GET = 0


Worker 33
Average throughput (ops/sec) = 65
Average response time (msec) = 1.0391934098360656
Average queue length = 0
Average wait time in queue (msec) = 0.10094901639344263
Average service time (msec) = 0.8798538360655738
Number of SET = 0
Number of GET = 65
Number of MULTI GET = 0


Worker 34
Average throughput (ops/sec) = 65
Average response time (msec) = 1.0147754426229507
Average queue length = 0
Average wait time in queue (msec) = 0.08130391803278689
Average service time (msec) = 0.8774618032786886
Number of SET = 0
Number of GET = 65
Number of MULTI GET = 0


Worker 39
Average throughput (ops/sec) = 66
Average response time (msec) = 1.0610354754098361
Average queue length = 0
Average wait time in queue (msec) = 0.09969737704918033
Average service time (msec) = 0.8963286393442623
Number of SET = 0
Number of GET = 66
Number of MULTI GET = 0


Worker 40
Average throughput (ops/sec) = 64
Average response time (msec) = 1.0352245573770493
Average queue length = 0
Average wait time in queue (msec) = 0.1024314262295082
Average service time (msec) = 0.8613763278688524
Number of SET = 0
Number of GET = 64
Number of MULTI GET = 0


Worker 41
Average throughput (ops/sec) = 64
Average response time (msec) = 1.0383368032786886
Average queue length = 0
Average wait time in queue (msec) = 0.09019554098360655
Average service time (msec) = 0.8932849016393443
Number of SET = 0
Number of GET = 64
Number of MULTI GET = 0


FINAL STATS
Average throughput (ops/sec) = 4139
Average response time (msec) = 1.0143135846831264
Average queue length = 0
Average wait time in queue (msec) = 0.0893128012295082
Average service time (msec) = 0.8844843304303279
Number of SET = 0
Number of GET = 4139
Number of MULTI GET = 0
Number of Cache misses = 3435


Histogram response times (0.1 msec step)
0.0 msec : 2230
0.1 msec : 24251
0.2 msec : 50905
0.3 msec : 55449
0.4 msec : 41702
0.5 msec : 26198
0.6 msec : 15956
0.7 msec : 9852
0.8 msec : 6422
0.9 msec : 4236
1.0 msec : 3148
1.1 msec : 2222
1.2 msec : 1458
1.3 msec : 1179
1.4 msec : 939
1.5 msec : 776
1.6 msec : 635
1.7 msec : 510
1.8 msec : 480
1.9 msec : 375
2.0 msec : 301
2.1 msec : 282
2.2 msec : 256
2.3 msec : 221
2.4 msec : 219
2.5 msec : 215
2.6 msec : 207
2.7 msec : 217
2.8 msec : 181
2.9 msec : 166
3.0 msec : 110
3.1 msec : 104
3.2 msec : 90
3.3 msec : 120
3.4 msec : 116
3.5 msec : 106
3.6 msec : 138
3.7 msec : 97
3.8 msec : 87
3.9 msec : 63
4.0 msec : 78
4.1 msec : 69
4.2 msec : 68
4.3 msec : 53
4.4 msec : 44
4.5 msec : 78
4.6 msec : 52
4.7 msec : 62
4.8 msec : 46
4.9 msec : 30
5.0 msec : 32
5.1 msec : 33
5.2 msec : 53
5.3 msec : 89
5.4 msec : 88
5.5 msec : 95
5.6 msec : 95
5.7 msec : 90
5.8 msec : 84
5.9 msec : 89
6.0 msec : 89
6.1 msec : 66
6.2 msec : 62
6.3 msec : 43
6.4 msec : 49
6.5 msec : 38
6.6 msec : 8
6.7 msec : 9
6.8 msec : 16
6.9 msec : 15
7.0 msec : 14
7.1 msec : 18
7.2 msec : 19
7.3 msec : 22
7.4 msec : 15
7.5 msec : 21
7.6 msec : 10
7.7 msec : 11
7.8 msec : 16
7.9 msec : 11
8.0 msec : 12
8.1 msec : 4
8.2 msec : 20
8.3 msec : 16
8.4 msec : 13
8.5 msec : 10
8.6 msec : 9
8.7 msec : 18
8.8 msec : 5
8.9 msec : 1
9.0 msec : 9
9.1 msec : 8
9.2 msec : 10
9.3 msec : 21
9.4 msec : 2
9.5 msec : 4
9.6 msec : 10
9.7 msec : 3
9.8 msec : 5
9.9 msec : 5
10.0 msec : 3
10.1 msec : 3
10.2 msec : 1
10.3 msec : 4
10.4 msec : 1
10.5 msec : 0
10.6 msec : 1
10.7 msec : 0
10.8 msec : 0
10.9 msec : 0
11.0 msec : 0
11.1 msec : 3
11.2 msec : 0
11.3 msec : 0
11.4 msec : 1
11.5 msec : 0
11.6 msec : 0
11.7 msec : 0
11.8 msec : 0
11.9 msec : 0
12.0 msec : 0
12.1 msec : 0
12.2 msec : 1
12.3 msec : 0
12.4 msec : 0
12.5 msec : 0
12.6 msec : 0
12.7 msec : 0
12.8 msec : 0
12.9 msec : 0
13.0 msec : 2
13.1 msec : 1
13.2 msec : 0
13.3 msec : 0
13.4 msec : 2
13.5 msec : 2
13.6 msec : 1
13.7 msec : 0
13.8 msec : 0
13.9 msec : 0
14.0 msec : 1
14.1 msec : 0
14.2 msec : 3
14.3 msec : 2
14.4 msec : 1
14.5 msec : 0
14.6 msec : 0
14.7 msec : 0
14.8 msec : 2
14.9 msec : 0
15.0 msec : 0
15.1 msec : 0
15.2 msec : 0
15.3 msec : 2
15.4 msec : 0
15.5 msec : 0
15.6 msec : 0
15.7 msec : 0
15.8 msec : 1
15.9 msec : 0
16.0 msec : 0
16.1 msec : 1
16.2 msec : 0
16.3 msec : 2
16.4 msec : 1
16.5 msec : 0
16.6 msec : 0
16.7 msec : 1
16.8 msec : 0
16.9 msec : 0
17.0 msec : 0
17.1 msec : 0
17.2 msec : 4
17.3 msec : 1
17.4 msec : 0
17.5 msec : 1
17.6 msec : 0
17.7 msec : 0
17.8 msec : 1
17.9 msec : 0
18.0 msec : 0
18.1 msec : 1
18.2 msec : 1
18.3 msec : 2
18.4 msec : 0
18.5 msec : 0
18.6 msec : 1
18.7 msec : 0
18.8 msec : 0
18.9 msec : 0
19.0 msec : 0
19.1 msec : 0
19.2 msec : 1
19.3 msec : 0
19.4 msec : 0
19.5 msec : 3
19.6 msec : 3
19.7 msec : 0
19.8 msec : 3
19.9 msec : 0
20.0 msec : 0
20.1 msec : 0
20.2 msec : 1
20.3 msec : 0
20.4 msec : 0
20.5 msec : 0
20.6 msec : 0
20.7 msec : 0
20.8 msec : 1
20.9 msec : 0
21.0 msec : 0
21.1 msec : 0
21.2 msec : 0
21.3 msec : 3
21.4 msec : 0
21.5 msec : 0
21.6 msec : 0
21.7 msec : 0
21.8 msec : 0
21.9 msec : 0
22.0 msec : 0
22.1 msec : 0
22.2 msec : 1
22.3 msec : 0
22.4 msec : 0
22.5 msec : 0
22.6 msec : 0
22.7 msec : 0
22.8 msec : 0
22.9 msec : 0
23.0 msec : 0
23.1 msec : 0
23.2 msec : 0
23.3 msec : 0
23.4 msec : 0
23.5 msec : 0
23.6 msec : 0
23.7 msec : 0
23.8 msec : 0
23.9 msec : 0
24.0 msec : 0
24.1 msec : 0
24.2 msec : 0
24.3 msec : 0
24.4 msec : 0
24.5 msec : 0
24.6 msec : 0
24.7 msec : 0
24.8 msec : 0
24.9 msec : 0
25.0 msec : 1
25.1 msec : 0
25.2 msec : 1
25.3 msec : 0
25.4 msec : 0
25.5 msec : 1
25.6 msec : 0
25.7 msec : 0
25.8 msec : 0
25.9 msec : 0
26.0 msec : 0
26.1 msec : 0
26.2 msec : 0
26.3 msec : 0
26.4 msec : 0
26.5 msec : 0
26.6 msec : 0
26.7 msec : 0
26.8 msec : 0
26.9 msec : 0
27.0 msec : 0
27.1 msec : 0
27.2 msec : 0
27.3 msec : 0
27.4 msec : 0
27.5 msec : 0
27.6 msec : 0
27.7 msec : 0
27.8 msec : 0
27.9 msec : 0
28.0 msec : 0
28.1 msec : 0
28.2 msec : 0
28.3 msec : 0
28.4 msec : 0
28.5 msec : 0
28.6 msec : 0
28.7 msec : 0
28.8 msec : 0
28.9 msec : 0
29.0 msec : 0
29.1 msec : 0
29.2 msec : 0
29.3 msec : 0
29.4 msec : 0
29.5 msec : 0
29.6 msec : 0
29.7 msec : 0
29.8 msec : 0
29.9 msec : 0
30.0 msec : 0
30.1 msec : 0
30.2 msec : 0
30.3 msec : 0
30.4 msec : 0
30.5 msec : 0
30.6 msec : 1
30.7 msec : 0
30.8 msec : 0
30.9 msec : 0
31.0 msec : 0
31.1 msec : 0
31.2 msec : 0
31.3 msec : 0
31.4 msec : 0
31.5 msec : 0
31.6 msec : 0
31.7 msec : 0
31.8 msec : 0
31.9 msec : 0
32.0 msec : 0
32.1 msec : 0
32.2 msec : 0
32.3 msec : 0
32.4 msec : 0
32.5 msec : 0
32.6 msec : 0
32.7 msec : 0
32.8 msec : 0
32.9 msec : 0
33.0 msec : 0
33.1 msec : 0
33.2 msec : 0
33.3 msec : 0
33.4 msec : 0
33.5 msec : 0
33.6 msec : 0
33.7 msec : 0
33.8 msec : 0
33.9 msec : 0
34.0 msec : 0
34.1 msec : 0
34.2 msec : 0
34.3 msec : 0
34.4 msec : 0
34.5 msec : 0
34.6 msec : 0
34.7 msec : 0
34.8 msec : 0
34.9 msec : 0
35.0 msec : 0
35.1 msec : 0
35.2 msec : 0
35.3 msec : 0
35.4 msec : 0
35.5 msec : 0
35.6 msec : 0
35.7 msec : 0
35.8 msec : 0
35.9 msec : 0
36.0 msec : 0
36.1 msec : 0
36.2 msec : 0
36.3 msec : 0
36.4 msec : 0
