Middleware started...
Middleware shuts down...
Smaller resolution statistics are in a log file...
Final aggregates per worker:


Worker 46
Average throughput (ops/sec) = 65
Average response time (msec) = 1.0723463606557377
Average queue length = 0
Average wait time in queue (msec) = 0.11676291803278688
Average service time (msec) = 0.8896348032786886
Number of SET = 0
Number of GET = 65
Number of MULTI GET = 0


Worker 47
Average throughput (ops/sec) = 63
Average response time (msec) = 1.0616951967213115
Average queue length = 0
Average wait time in queue (msec) = 0.09822968852459016
Average service time (msec) = 0.906715344262295
Number of SET = 0
Number of GET = 63
Number of MULTI GET = 0


Worker 48
Average throughput (ops/sec) = 65
Average response time (msec) = 1.0493138524590164
Average queue length = 0
Average wait time in queue (msec) = 0.10251154098360656
Average service time (msec) = 0.8886039836065573
Number of SET = 0
Number of GET = 65
Number of MULTI GET = 0


Worker 49
Average throughput (ops/sec) = 63
Average response time (msec) = 1.0552812295081968
Average queue length = 0
Average wait time in queue (msec) = 0.08416598360655737
Average service time (msec) = 0.8942410983606557
Number of SET = 0
Number of GET = 63
Number of MULTI GET = 0


Worker 42
Average throughput (ops/sec) = 64
Average response time (msec) = 1.0527254918032787
Average queue length = 0
Average wait time in queue (msec) = 0.10587277049180328
Average service time (msec) = 0.8916513114754099
Number of SET = 0
Number of GET = 64
Number of MULTI GET = 0


Worker 43
Average throughput (ops/sec) = 64
Average response time (msec) = 1.0538457049180328
Average queue length = 0
Average wait time in queue (msec) = 0.09569195081967213
Average service time (msec) = 0.894195131147541
Number of SET = 0
Number of GET = 64
Number of MULTI GET = 0


Worker 44
Average throughput (ops/sec) = 65
Average response time (msec) = 1.0723476557377047
Average queue length = 0
Average wait time in queue (msec) = 0.09237844262295082
Average service time (msec) = 0.9217857868852459
Number of SET = 0
Number of GET = 65
Number of MULTI GET = 0


Worker 45
Average throughput (ops/sec) = 65
Average response time (msec) = 1.0451388196721312
Average queue length = 0
Average wait time in queue (msec) = 0.0940019344262295
Average service time (msec) = 0.8901860983606558
Number of SET = 0
Number of GET = 65
Number of MULTI GET = 0


Worker 50
Average throughput (ops/sec) = 64
Average response time (msec) = 1.0589961311475409
Average queue length = 0
Average wait time in queue (msec) = 0.1052585737704918
Average service time (msec) = 0.8948481475409836
Number of SET = 0
Number of GET = 64
Number of MULTI GET = 0


Worker 51
Average throughput (ops/sec) = 63
Average response time (msec) = 1.0494161475409836
Average queue length = 0
Average wait time in queue (msec) = 0.09261239344262295
Average service time (msec) = 0.8731862786885246
Number of SET = 0
Number of GET = 63
Number of MULTI GET = 0


Worker 52
Average throughput (ops/sec) = 64
Average response time (msec) = 1.053325524590164
Average queue length = 0
Average wait time in queue (msec) = 0.10554990163934426
Average service time (msec) = 0.8832278524590164
Number of SET = 0
Number of GET = 64
Number of MULTI GET = 0


Worker 57
Average throughput (ops/sec) = 64
Average response time (msec) = 1.035107737704918
Average queue length = 0
Average wait time in queue (msec) = 0.09592326229508197
Average service time (msec) = 0.8809476393442623
Number of SET = 0
Number of GET = 64
Number of MULTI GET = 0


Worker 13
Average throughput (ops/sec) = 64
Average response time (msec) = 1.029432393442623
Average queue length = 0
Average wait time in queue (msec) = 0.08553745901639345
Average service time (msec) = 0.8893797540983607
Number of SET = 0
Number of GET = 64
Number of MULTI GET = 0


Worker 58
Average throughput (ops/sec) = 64
Average response time (msec) = 1.0958658688524592
Average queue length = 0
Average wait time in queue (msec) = 0.12634965573770493
Average service time (msec) = 0.9070315081967213
Number of SET = 0
Number of GET = 64
Number of MULTI GET = 0


Worker 14
Average throughput (ops/sec) = 64
Average response time (msec) = 1.0464000163934426
Average queue length = 0
Average wait time in queue (msec) = 0.09889136065573771
Average service time (msec) = 0.8914343114754099
Number of SET = 0
Number of GET = 64
Number of MULTI GET = 0


Worker 59
Average throughput (ops/sec) = 64
Average response time (msec) = 1.072775180327869
Average queue length = 0
Average wait time in queue (msec) = 0.10799570491803279
Average service time (msec) = 0.9024742459016394
Number of SET = 0
Number of GET = 64
Number of MULTI GET = 0


Worker 15
Average throughput (ops/sec) = 64
Average response time (msec) = 1.0515142131147541
Average queue length = 0
Average wait time in queue (msec) = 0.0954125737704918
Average service time (msec) = 0.899253393442623
Number of SET = 0
Number of GET = 64
Number of MULTI GET = 0


Worker 16
Average throughput (ops/sec) = 64
Average response time (msec) = 1.063257737704918
Average queue length = 0
Average wait time in queue (msec) = 0.09483229508196721
Average service time (msec) = 0.909425
Number of SET = 0
Number of GET = 64
Number of MULTI GET = 0


Worker 53
Average throughput (ops/sec) = 64
Average response time (msec) = 1.0449131967213114
Average queue length = 0
Average wait time in queue (msec) = 0.09385154098360655
Average service time (msec) = 0.8841715737704917
Number of SET = 0
Number of GET = 64
Number of MULTI GET = 0


Worker 54
Average throughput (ops/sec) = 62
Average response time (msec) = 1.0461126229508197
Average queue length = 0
Average wait time in queue (msec) = 0.08680232786885246
Average service time (msec) = 0.8966593606557377
Number of SET = 0
Number of GET = 62
Number of MULTI GET = 0


Worker 10
Average throughput (ops/sec) = 63
Average response time (msec) = 1.0177721967213114
Average queue length = 0
Average wait time in queue (msec) = 0.08898483606557377
Average service time (msec) = 0.8725563278688524
Number of SET = 0
Number of GET = 63
Number of MULTI GET = 0


Worker 55
Average throughput (ops/sec) = 64
Average response time (msec) = 1.0614528688524592
Average queue length = 0
Average wait time in queue (msec) = 0.10740762295081967
Average service time (msec) = 0.8965289180327869
Number of SET = 0
Number of GET = 64
Number of MULTI GET = 0


Worker 11
Average throughput (ops/sec) = 64
Average response time (msec) = 1.036171868852459
Average queue length = 0
Average wait time in queue (msec) = 0.09181067213114755
Average service time (msec) = 0.888014
Number of SET = 0
Number of GET = 64
Number of MULTI GET = 0


Worker 56
Average throughput (ops/sec) = 63
Average response time (msec) = 1.059406081967213
Average queue length = 0
Average wait time in queue (msec) = 0.08712239344262296
Average service time (msec) = 0.9061664098360656
Number of SET = 0
Number of GET = 63
Number of MULTI GET = 0


Worker 12
Average throughput (ops/sec) = 64
Average response time (msec) = 1.0566870819672132
Average queue length = 0
Average wait time in queue (msec) = 0.09546580327868853
Average service time (msec) = 0.8984459344262296
Number of SET = 0
Number of GET = 64
Number of MULTI GET = 0


Worker 17
Average throughput (ops/sec) = 63
Average response time (msec) = 1.039086
Average queue length = 1
Average wait time in queue (msec) = 0.11329927868852459
Average service time (msec) = 0.8675367540983606
Number of SET = 0
Number of GET = 63
Number of MULTI GET = 0


Worker 18
Average throughput (ops/sec) = 64
Average response time (msec) = 1.0713737540983606
Average queue length = 0
Average wait time in queue (msec) = 0.10376908196721311
Average service time (msec) = 0.8998827049180328
Number of SET = 0
Number of GET = 64
Number of MULTI GET = 0


Worker 19
Average throughput (ops/sec) = 63
Average response time (msec) = 1.0545384426229507
Average queue length = 0
Average wait time in queue (msec) = 0.09630113114754099
Average service time (msec) = 0.9000992950819673
Number of SET = 0
Number of GET = 64
Number of MULTI GET = 0


Worker 60
Average throughput (ops/sec) = 64
Average response time (msec) = 1.0164339344262296
Average queue length = 0
Average wait time in queue (msec) = 0.0929294918032787
Average service time (msec) = 0.8646641967213115
Number of SET = 0
Number of GET = 64
Number of MULTI GET = 0


Worker 61
Average throughput (ops/sec) = 64
Average response time (msec) = 1.0820950819672133
Average queue length = 0
Average wait time in queue (msec) = 0.10582360655737705
Average service time (msec) = 0.9159799836065574
Number of SET = 0
Number of GET = 64
Number of MULTI GET = 0


Worker 62
Average throughput (ops/sec) = 64
Average response time (msec) = 1.040950918032787
Average queue length = 0
Average wait time in queue (msec) = 0.08907975409836066
Average service time (msec) = 0.8888178688524591
Number of SET = 0
Number of GET = 64
Number of MULTI GET = 0


Worker 63
Average throughput (ops/sec) = 64
Average response time (msec) = 1.0452785901639343
Average queue length = 0
Average wait time in queue (msec) = 0.10298296721311476
Average service time (msec) = 0.885820655737705
Number of SET = 0
Number of GET = 64
Number of MULTI GET = 0


Worker 24
Average throughput (ops/sec) = 64
Average response time (msec) = 1.0572284426229508
Average queue length = 0
Average wait time in queue (msec) = 0.10848996721311475
Average service time (msec) = 0.8868071639344263
Number of SET = 0
Number of GET = 64
Number of MULTI GET = 0


Worker 7
Average throughput (ops/sec) = 65
Average response time (msec) = 1.0407703606557377
Average queue length = 0
Average wait time in queue (msec) = 0.09886427868852458
Average service time (msec) = 0.880817262295082
Number of SET = 0
Number of GET = 65
Number of MULTI GET = 0


Worker 25
Average throughput (ops/sec) = 63
Average response time (msec) = 1.0722133770491802
Average queue length = 0
Average wait time in queue (msec) = 0.10331947540983608
Average service time (msec) = 0.907363393442623
Number of SET = 0
Number of GET = 63
Number of MULTI GET = 0


Worker 6
Average throughput (ops/sec) = 64
Average response time (msec) = 1.0420103278688524
Average queue length = 0
Average wait time in queue (msec) = 0.09760459016393443
Average service time (msec) = 0.8855129508196721
Number of SET = 0
Number of GET = 64
Number of MULTI GET = 0


Worker 26
Average throughput (ops/sec) = 64
Average response time (msec) = 1.0552478032786885
Average queue length = 0
Average wait time in queue (msec) = 0.09291067213114754
Average service time (msec) = 0.8984632950819672
Number of SET = 0
Number of GET = 64
Number of MULTI GET = 0


Worker 9
Average throughput (ops/sec) = 64
Average response time (msec) = 1.0316944262295082
Average queue length = 0
Average wait time in queue (msec) = 0.09501850819672131
Average service time (msec) = 0.8779720491803279
Number of SET = 0
Number of GET = 64
Number of MULTI GET = 0


Worker 27
Average throughput (ops/sec) = 63
Average response time (msec) = 1.033670475409836
Average queue length = 0
Average wait time in queue (msec) = 0.09451752459016392
Average service time (msec) = 0.8789671475409836
Number of SET = 0
Number of GET = 63
Number of MULTI GET = 0


Worker 8
Average throughput (ops/sec) = 64
Average response time (msec) = 1.0509015081967212
Average queue length = 0
Average wait time in queue (msec) = 0.09525980327868853
Average service time (msec) = 0.885349918032787
Number of SET = 0
Number of GET = 64
Number of MULTI GET = 0


Worker 64
Average throughput (ops/sec) = 63
Average response time (msec) = 1.0448980655737705
Average queue length = 0
Average wait time in queue (msec) = 0.09294137704918033
Average service time (msec) = 0.894716737704918
Number of SET = 0
Number of GET = 63
Number of MULTI GET = 0


Worker 20
Average throughput (ops/sec) = 63
Average response time (msec) = 1.034086180327869
Average queue length = 0
Average wait time in queue (msec) = 0.0940952950819672
Average service time (msec) = 0.8740389672131147
Number of SET = 0
Number of GET = 63
Number of MULTI GET = 0


Worker 3
Average throughput (ops/sec) = 64
Average response time (msec) = 1.0352310655737704
Average queue length = 0
Average wait time in queue (msec) = 0.09225806557377049
Average service time (msec) = 0.8856832786885246
Number of SET = 0
Number of GET = 64
Number of MULTI GET = 0


Worker 21
Average throughput (ops/sec) = 64
Average response time (msec) = 1.048301393442623
Average queue length = 0
Average wait time in queue (msec) = 0.09979511475409837
Average service time (msec) = 0.8904823278688524
Number of SET = 0
Number of GET = 64
Number of MULTI GET = 0


Worker 2
Average throughput (ops/sec) = 65
Average response time (msec) = 1.0691144918032787
Average queue length = 0
Average wait time in queue (msec) = 0.10191175409836066
Average service time (msec) = 0.9100841147540983
Number of SET = 0
Number of GET = 65
Number of MULTI GET = 0


Worker 22
Average throughput (ops/sec) = 64
Average response time (msec) = 1.0622529344262295
Average queue length = 0
Average wait time in queue (msec) = 0.09803531147540984
Average service time (msec) = 0.9061184590163934
Number of SET = 0
Number of GET = 64
Number of MULTI GET = 0


Worker 5
Average throughput (ops/sec) = 65
Average response time (msec) = 1.0431139836065573
Average queue length = 0
Average wait time in queue (msec) = 0.09092027868852459
Average service time (msec) = 0.8815959508196721
Number of SET = 0
Number of GET = 65
Number of MULTI GET = 0


Worker 23
Average throughput (ops/sec) = 64
Average response time (msec) = 1.0237295081967213
Average queue length = 0
Average wait time in queue (msec) = 0.09206073770491803
Average service time (msec) = 0.8664810491803279
Number of SET = 0
Number of GET = 64
Number of MULTI GET = 0


Worker 4
Average throughput (ops/sec) = 64
Average response time (msec) = 1.0461964426229509
Average queue length = 0
Average wait time in queue (msec) = 0.10438898360655738
Average service time (msec) = 0.8838739180327869
Number of SET = 0
Number of GET = 64
Number of MULTI GET = 0


Worker 28
Average throughput (ops/sec) = 65
Average response time (msec) = 1.052555213114754
Average queue length = 0
Average wait time in queue (msec) = 0.10408413114754099
Average service time (msec) = 0.8852707704918032
Number of SET = 0
Number of GET = 65
Number of MULTI GET = 0


Worker 29
Average throughput (ops/sec) = 63
Average response time (msec) = 1.0440269672131148
Average queue length = 0
Average wait time in queue (msec) = 0.09816226229508196
Average service time (msec) = 0.8846832295081967
Number of SET = 0
Number of GET = 63
Number of MULTI GET = 0


Worker 1
Average throughput (ops/sec) = 64
Average response time (msec) = 1.0447974754098361
Average queue length = 0
Average wait time in queue (msec) = 0.09063490163934426
Average service time (msec) = 0.8976123114754099
Number of SET = 0
Number of GET = 64
Number of MULTI GET = 0


Worker 30
Average throughput (ops/sec) = 64
Average response time (msec) = 1.0669556393442623
Average queue length = 0
Average wait time in queue (msec) = 0.10164345901639345
Average service time (msec) = 0.9061613606557377
Number of SET = 0
Number of GET = 64
Number of MULTI GET = 0


Worker 35
Average throughput (ops/sec) = 63
Average response time (msec) = 1.0387455573770492
Average queue length = 0
Average wait time in queue (msec) = 0.0991074262295082
Average service time (msec) = 0.880275049180328
Number of SET = 0
Number of GET = 63
Number of MULTI GET = 0


Worker 36
Average throughput (ops/sec) = 63
Average response time (msec) = 1.074032655737705
Average queue length = 0
Average wait time in queue (msec) = 0.09933724590163934
Average service time (msec) = 0.9071320163934427
Number of SET = 0
Number of GET = 63
Number of MULTI GET = 0


Worker 37
Average throughput (ops/sec) = 63
Average response time (msec) = 1.0550917868852459
Average queue length = 0
Average wait time in queue (msec) = 0.10016967213114754
Average service time (msec) = 0.8972011967213114
Number of SET = 0
Number of GET = 63
Number of MULTI GET = 0


Worker 38
Average throughput (ops/sec) = 64
Average response time (msec) = 1.0572318032786885
Average queue length = 0
Average wait time in queue (msec) = 0.10189226229508197
Average service time (msec) = 0.8942055737704917
Number of SET = 0
Number of GET = 64
Number of MULTI GET = 0


Worker 31
Average throughput (ops/sec) = 64
Average response time (msec) = 1.0389470655737705
Average queue length = 0
Average wait time in queue (msec) = 0.10153724590163934
Average service time (msec) = 0.878834868852459
Number of SET = 0
Number of GET = 64
Number of MULTI GET = 0


Worker 32
Average throughput (ops/sec) = 64
Average response time (msec) = 1.0518322459016394
Average queue length = 0
Average wait time in queue (msec) = 0.10145677049180328
Average service time (msec) = 0.8849733114754099
Number of SET = 0
Number of GET = 64
Number of MULTI GET = 0


Worker 33
Average throughput (ops/sec) = 63
Average response time (msec) = 1.056547737704918
Average queue length = 0
Average wait time in queue (msec) = 0.09121424590163935
Average service time (msec) = 0.9091420491803279
Number of SET = 0
Number of GET = 63
Number of MULTI GET = 0


Worker 34
Average throughput (ops/sec) = 65
Average response time (msec) = 1.0441594262295082
Average queue length = 0
Average wait time in queue (msec) = 0.11163326229508197
Average service time (msec) = 0.8763422295081967
Number of SET = 0
Number of GET = 65
Number of MULTI GET = 0


Worker 39
Average throughput (ops/sec) = 65
Average response time (msec) = 1.0320011639344262
Average queue length = 0
Average wait time in queue (msec) = 0.09999345901639345
Average service time (msec) = 0.8761925409836065
Number of SET = 0
Number of GET = 65
Number of MULTI GET = 0


Worker 40
Average throughput (ops/sec) = 64
Average response time (msec) = 1.0817905573770492
Average queue length = 0
Average wait time in queue (msec) = 0.10963103278688524
Average service time (msec) = 0.898912655737705
Number of SET = 0
Number of GET = 64
Number of MULTI GET = 0


Worker 41
Average throughput (ops/sec) = 64
Average response time (msec) = 1.0695730655737705
Average queue length = 0
Average wait time in queue (msec) = 0.11333826229508197
Average service time (msec) = 0.9002093278688524
Number of SET = 0
Number of GET = 64
Number of MULTI GET = 0


FINAL STATS
Average throughput (ops/sec) = 4088
Average response time (msec) = 1.036413269736999
Average queue length = 0
Average wait time in queue (msec) = 0.09890369211065574
Average service time (msec) = 0.891328783555328
Number of SET = 0
Number of GET = 4089
Number of MULTI GET = 0
Number of Cache misses = 3393


Histogram response times (0.1 msec step)
0.0 msec : 2308
0.1 msec : 25089
0.2 msec : 50755
0.3 msec : 52420
0.4 msec : 40023
0.5 msec : 25399
0.6 msec : 15266
0.7 msec : 9895
0.8 msec : 6709
0.9 msec : 4431
1.0 msec : 3069
1.1 msec : 2315
1.2 msec : 1656
1.3 msec : 1383
1.4 msec : 1071
1.5 msec : 878
1.6 msec : 788
1.7 msec : 605
1.8 msec : 390
1.9 msec : 403
2.0 msec : 341
2.1 msec : 343
2.2 msec : 316
2.3 msec : 249
2.4 msec : 238
2.5 msec : 234
2.6 msec : 206
2.7 msec : 182
2.8 msec : 174
2.9 msec : 142
3.0 msec : 159
3.1 msec : 140
3.2 msec : 109
3.3 msec : 121
3.4 msec : 99
3.5 msec : 114
3.6 msec : 94
3.7 msec : 100
3.8 msec : 110
3.9 msec : 95
4.0 msec : 71
4.1 msec : 79
4.2 msec : 69
4.3 msec : 96
4.4 msec : 65
4.5 msec : 63
4.6 msec : 79
4.7 msec : 57
4.8 msec : 47
4.9 msec : 43
5.0 msec : 43
5.1 msec : 70
5.2 msec : 78
5.3 msec : 115
5.4 msec : 167
5.5 msec : 131
5.6 msec : 164
5.7 msec : 170
5.8 msec : 198
5.9 msec : 243
6.0 msec : 167
6.1 msec : 108
6.2 msec : 78
6.3 msec : 44
6.4 msec : 39
6.5 msec : 51
6.6 msec : 30
6.7 msec : 22
6.8 msec : 20
6.9 msec : 35
7.0 msec : 23
7.1 msec : 19
7.2 msec : 19
7.3 msec : 21
7.4 msec : 20
7.5 msec : 18
7.6 msec : 10
7.7 msec : 7
7.8 msec : 8
7.9 msec : 3
8.0 msec : 15
8.1 msec : 11
8.2 msec : 14
8.3 msec : 19
8.4 msec : 4
8.5 msec : 8
8.6 msec : 15
8.7 msec : 8
8.8 msec : 6
8.9 msec : 6
9.0 msec : 9
9.1 msec : 4
9.2 msec : 5
9.3 msec : 8
9.4 msec : 8
9.5 msec : 7
9.6 msec : 6
9.7 msec : 7
9.8 msec : 8
9.9 msec : 2
10.0 msec : 6
10.1 msec : 11
10.2 msec : 4
10.3 msec : 5
10.4 msec : 2
10.5 msec : 2
10.6 msec : 1
10.7 msec : 0
10.8 msec : 1
10.9 msec : 4
11.0 msec : 2
11.1 msec : 0
11.2 msec : 2
11.3 msec : 2
11.4 msec : 0
11.5 msec : 3
11.6 msec : 0
11.7 msec : 0
11.8 msec : 0
11.9 msec : 0
12.0 msec : 0
12.1 msec : 0
12.2 msec : 0
12.3 msec : 0
12.4 msec : 0
12.5 msec : 0
12.6 msec : 0
12.7 msec : 0
12.8 msec : 0
12.9 msec : 0
13.0 msec : 0
13.1 msec : 0
13.2 msec : 0
13.3 msec : 0
13.4 msec : 0
13.5 msec : 0
13.6 msec : 0
13.7 msec : 0
13.8 msec : 0
13.9 msec : 0
14.0 msec : 0
14.1 msec : 0
14.2 msec : 0
14.3 msec : 0
14.4 msec : 1
14.5 msec : 0
14.6 msec : 0
14.7 msec : 3
14.8 msec : 1
14.9 msec : 2
15.0 msec : 1
15.1 msec : 0
15.2 msec : 0
15.3 msec : 1
15.4 msec : 1
15.5 msec : 2
15.6 msec : 1
15.7 msec : 0
15.8 msec : 1
15.9 msec : 2
16.0 msec : 0
16.1 msec : 1
16.2 msec : 2
16.3 msec : 2
16.4 msec : 2
16.5 msec : 3
16.6 msec : 0
16.7 msec : 1
16.8 msec : 0
16.9 msec : 1
17.0 msec : 4
17.1 msec : 2
17.2 msec : 0
17.3 msec : 0
17.4 msec : 0
17.5 msec : 0
17.6 msec : 1
17.7 msec : 1
17.8 msec : 0
17.9 msec : 0
18.0 msec : 0
18.1 msec : 0
18.2 msec : 0
18.3 msec : 0
18.4 msec : 0
18.5 msec : 0
18.6 msec : 0
18.7 msec : 0
18.8 msec : 0
18.9 msec : 0
19.0 msec : 0
19.1 msec : 0
19.2 msec : 0
19.3 msec : 0
19.4 msec : 0
19.5 msec : 0
19.6 msec : 0
19.7 msec : 0
19.8 msec : 0
19.9 msec : 0
20.0 msec : 0
20.1 msec : 0
20.2 msec : 0
20.3 msec : 0
20.4 msec : 0
20.5 msec : 0
20.6 msec : 0
20.7 msec : 0
20.8 msec : 0
20.9 msec : 1
21.0 msec : 0
21.1 msec : 0
21.2 msec : 1
21.3 msec : 2
21.4 msec : 0
21.5 msec : 0
21.6 msec : 0
21.7 msec : 0
21.8 msec : 0
21.9 msec : 0
22.0 msec : 0
22.1 msec : 0
22.2 msec : 0
22.3 msec : 0
22.4 msec : 0
22.5 msec : 0
22.6 msec : 0
22.7 msec : 1
22.8 msec : 1
22.9 msec : 1
23.0 msec : 2
23.1 msec : 1
23.2 msec : 0
23.3 msec : 1
23.4 msec : 0
23.5 msec : 0
23.6 msec : 0
23.7 msec : 0
23.8 msec : 0
23.9 msec : 1
24.0 msec : 0
24.1 msec : 0
24.2 msec : 0
24.3 msec : 0
24.4 msec : 0
24.5 msec : 0
24.6 msec : 0
24.7 msec : 0
24.8 msec : 0
24.9 msec : 0
25.0 msec : 0
25.1 msec : 0
25.2 msec : 0
25.3 msec : 0
25.4 msec : 0
25.5 msec : 0
25.6 msec : 0
25.7 msec : 0
25.8 msec : 0
25.9 msec : 0
26.0 msec : 0
26.1 msec : 0
26.2 msec : 0
26.3 msec : 0
26.4 msec : 0
26.5 msec : 0
26.6 msec : 0
26.7 msec : 1
26.8 msec : 0
26.9 msec : 0
27.0 msec : 0
27.1 msec : 0
27.2 msec : 0
27.3 msec : 1
27.4 msec : 0
27.5 msec : 0
27.6 msec : 0
27.7 msec : 0
27.8 msec : 0
27.9 msec : 0
28.0 msec : 0
28.1 msec : 0
28.2 msec : 0
28.3 msec : 0
28.4 msec : 0
28.5 msec : 0
28.6 msec : 0
28.7 msec : 0
28.8 msec : 0
28.9 msec : 0
29.0 msec : 0
29.1 msec : 0
29.2 msec : 0
29.3 msec : 0
29.4 msec : 0
29.5 msec : 0
29.6 msec : 0
29.7 msec : 0
29.8 msec : 0
29.9 msec : 0
30.0 msec : 0
30.1 msec : 0
30.2 msec : 0
30.3 msec : 0
30.4 msec : 0
30.5 msec : 0
30.6 msec : 0
30.7 msec : 0
30.8 msec : 0
30.9 msec : 1
31.0 msec : 0
31.1 msec : 0
31.2 msec : 2
31.3 msec : 0
31.4 msec : 1
31.5 msec : 1
31.6 msec : 0
31.7 msec : 2
31.8 msec : 0
31.9 msec : 0
