Middleware started...
Middleware shuts down...
Smaller resolution statistics are in a log file...
Final aggregates per worker:


Worker 46
Average throughput (ops/sec) = 85
Average response time (msec) = 1.7198044918032787
Average queue length = 0
Average wait time in queue (msec) = 0.14755547540983607
Average service time (msec) = 1.5043393278688526
Number of SET = 0
Number of GET = 85
Number of MULTI GET = 0


Worker 47
Average throughput (ops/sec) = 83
Average response time (msec) = 1.7718151475409836
Average queue length = 1
Average wait time in queue (msec) = 0.15648354098360656
Average service time (msec) = 1.5526934098360654
Number of SET = 0
Number of GET = 83
Number of MULTI GET = 0


Worker 48
Average throughput (ops/sec) = 84
Average response time (msec) = 1.7748170655737705
Average queue length = 0
Average wait time in queue (msec) = 0.17686367213114754
Average service time (msec) = 1.519946524590164
Number of SET = 0
Number of GET = 84
Number of MULTI GET = 0


Worker 49
Average throughput (ops/sec) = 85
Average response time (msec) = 1.7315591147540985
Average queue length = 0
Average wait time in queue (msec) = 0.14384590163934427
Average service time (msec) = 1.522527868852459
Number of SET = 0
Number of GET = 85
Number of MULTI GET = 0


Worker 42
Average throughput (ops/sec) = 84
Average response time (msec) = 1.780001049180328
Average queue length = 0
Average wait time in queue (msec) = 0.162878
Average service time (msec) = 1.5585331967213114
Number of SET = 0
Number of GET = 84
Number of MULTI GET = 0


Worker 43
Average throughput (ops/sec) = 84
Average response time (msec) = 1.7396776065573771
Average queue length = 1
Average wait time in queue (msec) = 0.16705818032786884
Average service time (msec) = 1.5074341967213114
Number of SET = 0
Number of GET = 84
Number of MULTI GET = 0


Worker 44
Average throughput (ops/sec) = 83
Average response time (msec) = 1.7843353278688525
Average queue length = 1
Average wait time in queue (msec) = 0.15732321311475408
Average service time (msec) = 1.5636174918032786
Number of SET = 0
Number of GET = 83
Number of MULTI GET = 0


Worker 45
Average throughput (ops/sec) = 86
Average response time (msec) = 1.7337765901639346
Average queue length = 0
Average wait time in queue (msec) = 0.14735547540983607
Average service time (msec) = 1.5206183278688525
Number of SET = 0
Number of GET = 86
Number of MULTI GET = 0


Worker 50
Average throughput (ops/sec) = 85
Average response time (msec) = 1.7628943770491803
Average queue length = 0
Average wait time in queue (msec) = 0.1553437049180328
Average service time (msec) = 1.5439514262295082
Number of SET = 0
Number of GET = 85
Number of MULTI GET = 0


Worker 51
Average throughput (ops/sec) = 85
Average response time (msec) = 1.7710722459016393
Average queue length = 0
Average wait time in queue (msec) = 0.16799037704918032
Average service time (msec) = 1.5455925901639345
Number of SET = 0
Number of GET = 85
Number of MULTI GET = 0


Worker 52
Average throughput (ops/sec) = 85
Average response time (msec) = 1.7616468852459015
Average queue length = 0
Average wait time in queue (msec) = 0.14912404918032784
Average service time (msec) = 1.5414116393442623
Number of SET = 0
Number of GET = 85
Number of MULTI GET = 0


Worker 57
Average throughput (ops/sec) = 84
Average response time (msec) = 1.764167163934426
Average queue length = 0
Average wait time in queue (msec) = 0.14788119672131148
Average service time (msec) = 1.5448689016393442
Number of SET = 0
Number of GET = 84
Number of MULTI GET = 0


Worker 13
Average throughput (ops/sec) = 85
Average response time (msec) = 1.7302058196721313
Average queue length = 0
Average wait time in queue (msec) = 0.15583537704918032
Average service time (msec) = 1.5147685245901639
Number of SET = 0
Number of GET = 85
Number of MULTI GET = 0


Worker 58
Average throughput (ops/sec) = 83
Average response time (msec) = 1.7925937540983607
Average queue length = 0
Average wait time in queue (msec) = 0.15760124590163935
Average service time (msec) = 1.567512868852459
Number of SET = 0
Number of GET = 83
Number of MULTI GET = 0


Worker 14
Average throughput (ops/sec) = 86
Average response time (msec) = 1.7570741803278689
Average queue length = 0
Average wait time in queue (msec) = 0.154615262295082
Average service time (msec) = 1.5312929180327868
Number of SET = 0
Number of GET = 86
Number of MULTI GET = 0


Worker 59
Average throughput (ops/sec) = 85
Average response time (msec) = 1.733360393442623
Average queue length = 0
Average wait time in queue (msec) = 0.1328577868852459
Average service time (msec) = 1.540200901639344
Number of SET = 0
Number of GET = 85
Number of MULTI GET = 0


Worker 15
Average throughput (ops/sec) = 84
Average response time (msec) = 1.747022098360656
Average queue length = 0
Average wait time in queue (msec) = 0.15459529508196723
Average service time (msec) = 1.5297084098360656
Number of SET = 0
Number of GET = 84
Number of MULTI GET = 0


Worker 16
Average throughput (ops/sec) = 85
Average response time (msec) = 1.7657703442622952
Average queue length = 0
Average wait time in queue (msec) = 0.16603163934426232
Average service time (msec) = 1.5294425573770491
Number of SET = 0
Number of GET = 85
Number of MULTI GET = 0


Worker 53
Average throughput (ops/sec) = 84
Average response time (msec) = 1.7668760655737705
Average queue length = 0
Average wait time in queue (msec) = 0.16091650819672132
Average service time (msec) = 1.5448674426229507
Number of SET = 0
Number of GET = 84
Number of MULTI GET = 0


Worker 54
Average throughput (ops/sec) = 85
Average response time (msec) = 1.7633398524590165
Average queue length = 1
Average wait time in queue (msec) = 0.14943865573770493
Average service time (msec) = 1.552091426229508
Number of SET = 0
Number of GET = 85
Number of MULTI GET = 0


Worker 10
Average throughput (ops/sec) = 85
Average response time (msec) = 1.794525573770492
Average queue length = 0
Average wait time in queue (msec) = 0.17597055737704917
Average service time (msec) = 1.5557734098360654
Number of SET = 0
Number of GET = 85
Number of MULTI GET = 0


Worker 55
Average throughput (ops/sec) = 84
Average response time (msec) = 1.765865737704918
Average queue length = 0
Average wait time in queue (msec) = 0.15331011475409836
Average service time (msec) = 1.5468413442622952
Number of SET = 0
Number of GET = 84
Number of MULTI GET = 0


Worker 11
Average throughput (ops/sec) = 84
Average response time (msec) = 1.7513990983606558
Average queue length = 0
Average wait time in queue (msec) = 0.16020054098360656
Average service time (msec) = 1.524095213114754
Number of SET = 0
Number of GET = 84
Number of MULTI GET = 0


Worker 56
Average throughput (ops/sec) = 84
Average response time (msec) = 1.7434118688524591
Average queue length = 1
Average wait time in queue (msec) = 0.14565929508196723
Average service time (msec) = 1.5329744262295082
Number of SET = 0
Number of GET = 84
Number of MULTI GET = 0


Worker 12
Average throughput (ops/sec) = 84
Average response time (msec) = 1.7316636557377048
Average queue length = 0
Average wait time in queue (msec) = 0.1589129180327869
Average service time (msec) = 1.5082456393442623
Number of SET = 0
Number of GET = 84
Number of MULTI GET = 0


Worker 17
Average throughput (ops/sec) = 84
Average response time (msec) = 1.781048950819672
Average queue length = 1
Average wait time in queue (msec) = 0.16212667213114754
Average service time (msec) = 1.5520792459016393
Number of SET = 0
Number of GET = 84
Number of MULTI GET = 0


Worker 18
Average throughput (ops/sec) = 84
Average response time (msec) = 1.762270737704918
Average queue length = 0
Average wait time in queue (msec) = 0.15730254098360658
Average service time (msec) = 1.5244665245901639
Number of SET = 0
Number of GET = 84
Number of MULTI GET = 0


Worker 19
Average throughput (ops/sec) = 85
Average response time (msec) = 1.757492163934426
Average queue length = 0
Average wait time in queue (msec) = 0.16286698360655738
Average service time (msec) = 1.5328589672131148
Number of SET = 0
Number of GET = 85
Number of MULTI GET = 0


Worker 60
Average throughput (ops/sec) = 85
Average response time (msec) = 1.7219122459016394
Average queue length = 1
Average wait time in queue (msec) = 0.14478281967213116
Average service time (msec) = 1.5177658688524591
Number of SET = 0
Number of GET = 85
Number of MULTI GET = 0


Worker 61
Average throughput (ops/sec) = 84
Average response time (msec) = 1.7987911803278689
Average queue length = 0
Average wait time in queue (msec) = 0.16600570491803276
Average service time (msec) = 1.5701689836065573
Number of SET = 0
Number of GET = 84
Number of MULTI GET = 0


Worker 62
Average throughput (ops/sec) = 86
Average response time (msec) = 1.7425219180327869
Average queue length = 0
Average wait time in queue (msec) = 0.15354545901639344
Average service time (msec) = 1.5303280655737705
Number of SET = 0
Number of GET = 86
Number of MULTI GET = 0


Worker 63
Average throughput (ops/sec) = 84
Average response time (msec) = 1.7586227049180327
Average queue length = 0
Average wait time in queue (msec) = 0.14908639344262295
Average service time (msec) = 1.5477478032786887
Number of SET = 0
Number of GET = 84
Number of MULTI GET = 0


Worker 24
Average throughput (ops/sec) = 86
Average response time (msec) = 1.7571614426229507
Average queue length = 0
Average wait time in queue (msec) = 0.16833485245901642
Average service time (msec) = 1.5306318032786885
Number of SET = 0
Number of GET = 86
Number of MULTI GET = 0


Worker 7
Average throughput (ops/sec) = 84
Average response time (msec) = 1.7371005081967212
Average queue length = 0
Average wait time in queue (msec) = 0.160604868852459
Average service time (msec) = 1.513385950819672
Number of SET = 0
Number of GET = 84
Number of MULTI GET = 0


Worker 25
Average throughput (ops/sec) = 85
Average response time (msec) = 1.7451849672131148
Average queue length = 0
Average wait time in queue (msec) = 0.1630244262295082
Average service time (msec) = 1.5172392786885247
Number of SET = 0
Number of GET = 85
Number of MULTI GET = 0


Worker 6
Average throughput (ops/sec) = 85
Average response time (msec) = 1.7421019344262294
Average queue length = 0
Average wait time in queue (msec) = 0.14520031147540985
Average service time (msec) = 1.5365693278688526
Number of SET = 0
Number of GET = 85
Number of MULTI GET = 0


Worker 9
Average throughput (ops/sec) = 85
Average response time (msec) = 1.72698731147541
Average queue length = 0
Average wait time in queue (msec) = 0.1541001475409836
Average service time (msec) = 1.5101052950819673
Number of SET = 0
Number of GET = 85
Number of MULTI GET = 0


Worker 26
Average throughput (ops/sec) = 85
Average response time (msec) = 1.7358513606557378
Average queue length = 1
Average wait time in queue (msec) = 0.16449149180327868
Average service time (msec) = 1.5064469344262295
Number of SET = 0
Number of GET = 85
Number of MULTI GET = 0


Worker 27
Average throughput (ops/sec) = 86
Average response time (msec) = 1.7411059016393442
Average queue length = 0
Average wait time in queue (msec) = 0.14972837704918032
Average service time (msec) = 1.5306883442622952
Number of SET = 0
Number of GET = 86
Number of MULTI GET = 0


Worker 8
Average throughput (ops/sec) = 86
Average response time (msec) = 1.7355931967213114
Average queue length = 0
Average wait time in queue (msec) = 0.1571980655737705
Average service time (msec) = 1.510752
Number of SET = 0
Number of GET = 86
Number of MULTI GET = 0


Worker 64
Average throughput (ops/sec) = 85
Average response time (msec) = 1.758789049180328
Average queue length = 0
Average wait time in queue (msec) = 0.14677367213114753
Average service time (msec) = 1.5504848196721313
Number of SET = 0
Number of GET = 85
Number of MULTI GET = 0


Worker 3
Average throughput (ops/sec) = 83
Average response time (msec) = 1.7502765901639346
Average queue length = 0
Average wait time in queue (msec) = 0.15398952459016393
Average service time (msec) = 1.5361969344262294
Number of SET = 0
Number of GET = 83
Number of MULTI GET = 0


Worker 20
Average throughput (ops/sec) = 85
Average response time (msec) = 1.7498892786885245
Average queue length = 1
Average wait time in queue (msec) = 0.13520206557377049
Average service time (msec) = 1.5493006065573771
Number of SET = 0
Number of GET = 85
Number of MULTI GET = 0


Worker 2
Average throughput (ops/sec) = 85
Average response time (msec) = 1.7246168852459016
Average queue length = 1
Average wait time in queue (msec) = 0.16200857377049183
Average service time (msec) = 1.5041479344262294
Number of SET = 0
Number of GET = 85
Number of MULTI GET = 0


Worker 21
Average throughput (ops/sec) = 84
Average response time (msec) = 1.7324674098360655
Average queue length = 1
Average wait time in queue (msec) = 0.14829203278688524
Average service time (msec) = 1.525051131147541
Number of SET = 0
Number of GET = 84
Number of MULTI GET = 0


Worker 5
Average throughput (ops/sec) = 84
Average response time (msec) = 1.7275186885245901
Average queue length = 0
Average wait time in queue (msec) = 0.15510001639344262
Average service time (msec) = 1.508535868852459
Number of SET = 0
Number of GET = 84
Number of MULTI GET = 0


Worker 22
Average throughput (ops/sec) = 84
Average response time (msec) = 1.7415682786885247
Average queue length = 0
Average wait time in queue (msec) = 0.15636670491803278
Average service time (msec) = 1.5233198524590166
Number of SET = 0
Number of GET = 84
Number of MULTI GET = 0


Worker 4
Average throughput (ops/sec) = 83
Average response time (msec) = 1.7729215409836065
Average queue length = 0
Average wait time in queue (msec) = 0.1594589836065574
Average service time (msec) = 1.5407584098360654
Number of SET = 0
Number of GET = 83
Number of MULTI GET = 0


Worker 23
Average throughput (ops/sec) = 84
Average response time (msec) = 1.7573088032786885
Average queue length = 1
Average wait time in queue (msec) = 0.16502388524590164
Average service time (msec) = 1.5313428360655739
Number of SET = 0
Number of GET = 84
Number of MULTI GET = 0


Worker 28
Average throughput (ops/sec) = 84
Average response time (msec) = 1.7646237540983607
Average queue length = 0
Average wait time in queue (msec) = 0.15842829508196724
Average service time (msec) = 1.5264909672131146
Number of SET = 0
Number of GET = 84
Number of MULTI GET = 0


Worker 29
Average throughput (ops/sec) = 83
Average response time (msec) = 1.759071
Average queue length = 0
Average wait time in queue (msec) = 0.1622402786885246
Average service time (msec) = 1.531564737704918
Number of SET = 0
Number of GET = 83
Number of MULTI GET = 0


Worker 1
Average throughput (ops/sec) = 85
Average response time (msec) = 1.7660099344262294
Average queue length = 0
Average wait time in queue (msec) = 0.1482276557377049
Average service time (msec) = 1.551885868852459
Number of SET = 0
Number of GET = 85
Number of MULTI GET = 0


Worker 30
Average throughput (ops/sec) = 85
Average response time (msec) = 1.7707191967213114
Average queue length = 0
Average wait time in queue (msec) = 0.17709049180327868
Average service time (msec) = 1.5291394590163934
Number of SET = 0
Number of GET = 85
Number of MULTI GET = 0


Worker 35
Average throughput (ops/sec) = 85
Average response time (msec) = 1.751052098360656
Average queue length = 0
Average wait time in queue (msec) = 0.16229952459016392
Average service time (msec) = 1.5243148852459016
Number of SET = 0
Number of GET = 85
Number of MULTI GET = 0


Worker 36
Average throughput (ops/sec) = 84
Average response time (msec) = 1.7511102459016394
Average queue length = 0
Average wait time in queue (msec) = 0.1485164918032787
Average service time (msec) = 1.538097163934426
Number of SET = 0
Number of GET = 84
Number of MULTI GET = 0


Worker 37
Average throughput (ops/sec) = 83
Average response time (msec) = 1.7596928032786885
Average queue length = 0
Average wait time in queue (msec) = 0.1524810819672131
Average service time (msec) = 1.5351141967213113
Number of SET = 0
Number of GET = 83
Number of MULTI GET = 0


Worker 38
Average throughput (ops/sec) = 84
Average response time (msec) = 1.734306213114754
Average queue length = 0
Average wait time in queue (msec) = 0.15862754098360657
Average service time (msec) = 1.511106
Number of SET = 0
Number of GET = 84
Number of MULTI GET = 0


Worker 31
Average throughput (ops/sec) = 85
Average response time (msec) = 1.7170864098360654
Average queue length = 1
Average wait time in queue (msec) = 0.1472391475409836
Average service time (msec) = 1.5058748852459016
Number of SET = 0
Number of GET = 85
Number of MULTI GET = 0


Worker 32
Average throughput (ops/sec) = 84
Average response time (msec) = 1.7648486885245902
Average queue length = 0
Average wait time in queue (msec) = 0.14902803278688526
Average service time (msec) = 1.5548789344262295
Number of SET = 0
Number of GET = 84
Number of MULTI GET = 0


Worker 33
Average throughput (ops/sec) = 83
Average response time (msec) = 1.7487578688524592
Average queue length = 0
Average wait time in queue (msec) = 0.14432386885245901
Average service time (msec) = 1.5432244918032787
Number of SET = 0
Number of GET = 85
Number of MULTI GET = 0


Worker 34
Average throughput (ops/sec) = 85
Average response time (msec) = 1.7270380163934427
Average queue length = 0
Average wait time in queue (msec) = 0.16255577049180328
Average service time (msec) = 1.5039833442622952
Number of SET = 0
Number of GET = 85
Number of MULTI GET = 0


Worker 39
Average throughput (ops/sec) = 85
Average response time (msec) = 1.7673466229508197
Average queue length = 0
Average wait time in queue (msec) = 0.16031196721311475
Average service time (msec) = 1.5355139836065574
Number of SET = 0
Number of GET = 85
Number of MULTI GET = 0


Worker 40
Average throughput (ops/sec) = 84
Average response time (msec) = 1.7412195409836067
Average queue length = 0
Average wait time in queue (msec) = 0.1441976557377049
Average service time (msec) = 1.5380998032786886
Number of SET = 0
Number of GET = 84
Number of MULTI GET = 0


Worker 41
Average throughput (ops/sec) = 85
Average response time (msec) = 1.7410216885245902
Average queue length = 0
Average wait time in queue (msec) = 0.1441512131147541
Average service time (msec) = 1.530749475409836
Number of SET = 0
Number of GET = 85
Number of MULTI GET = 0


FINAL STATS
Average throughput (ops/sec) = 5406
Average response time (msec) = 1.7342496948976762
Average queue length = 0
Average wait time in queue (msec) = 0.15571846209016393
Average service time (msec) = 1.532246265112705
Number of SET = 0
Number of GET = 5408
Number of MULTI GET = 0
Number of Cache misses = 4546


Histogram response times (0.1 msec step)
0.0 msec : 1983
0.1 msec : 17579
0.2 msec : 38435
0.3 msec : 48710
0.4 msec : 46095
0.5 msec : 38462
0.6 msec : 27248
0.7 msec : 17254
0.8 msec : 10571
0.9 msec : 6818
1.0 msec : 4401
1.1 msec : 3359
1.2 msec : 2565
1.3 msec : 2059
1.4 msec : 1681
1.5 msec : 1422
1.6 msec : 1187
1.7 msec : 1056
1.8 msec : 1071
1.9 msec : 999
2.0 msec : 985
2.1 msec : 1015
2.2 msec : 918
2.3 msec : 1071
2.4 msec : 1089
2.5 msec : 1124
2.6 msec : 1066
2.7 msec : 1048
2.8 msec : 1118
2.9 msec : 1236
3.0 msec : 1208
3.1 msec : 1371
3.2 msec : 1393
3.3 msec : 1366
3.4 msec : 1332
3.5 msec : 1397
3.6 msec : 1379
3.7 msec : 1380
3.8 msec : 1462
3.9 msec : 1323
4.0 msec : 1494
4.1 msec : 1362
4.2 msec : 1405
4.3 msec : 1306
4.4 msec : 1312
4.5 msec : 1259
4.6 msec : 1106
4.7 msec : 1168
4.8 msec : 1164
4.9 msec : 1182
5.0 msec : 1198
5.1 msec : 1222
5.2 msec : 1361
5.3 msec : 1420
5.4 msec : 1428
5.5 msec : 1334
5.6 msec : 1398
5.7 msec : 1387
5.8 msec : 1380
5.9 msec : 1344
6.0 msec : 1187
6.1 msec : 1059
6.2 msec : 1025
6.3 msec : 852
6.4 msec : 691
6.5 msec : 588
6.6 msec : 433
6.7 msec : 327
6.8 msec : 213
6.9 msec : 195
7.0 msec : 173
7.1 msec : 121
7.2 msec : 93
7.3 msec : 107
7.4 msec : 64
7.5 msec : 36
7.6 msec : 45
7.7 msec : 23
7.8 msec : 46
7.9 msec : 41
8.0 msec : 35
8.1 msec : 25
8.2 msec : 28
8.3 msec : 43
8.4 msec : 44
8.5 msec : 39
8.6 msec : 22
8.7 msec : 39
8.8 msec : 29
8.9 msec : 26
9.0 msec : 12
9.1 msec : 11
9.2 msec : 10
9.3 msec : 22
9.4 msec : 15
9.5 msec : 7
9.6 msec : 6
9.7 msec : 18
9.8 msec : 12
9.9 msec : 6
10.0 msec : 8
10.1 msec : 6
10.2 msec : 5
10.3 msec : 6
10.4 msec : 4
10.5 msec : 0
10.6 msec : 9
10.7 msec : 6
10.8 msec : 5
10.9 msec : 9
11.0 msec : 7
11.1 msec : 2
11.2 msec : 5
11.3 msec : 5
11.4 msec : 10
11.5 msec : 10
11.6 msec : 6
11.7 msec : 5
11.8 msec : 0
11.9 msec : 2
12.0 msec : 3
12.1 msec : 3
12.2 msec : 2
12.3 msec : 3
12.4 msec : 2
12.5 msec : 0
12.6 msec : 3
12.7 msec : 3
12.8 msec : 4
12.9 msec : 3
13.0 msec : 0
13.1 msec : 4
13.2 msec : 1
13.3 msec : 0
13.4 msec : 1
13.5 msec : 5
13.6 msec : 2
13.7 msec : 0
13.8 msec : 0
13.9 msec : 1
14.0 msec : 5
14.1 msec : 4
14.2 msec : 15
14.3 msec : 3
14.4 msec : 4
14.5 msec : 3
14.6 msec : 5
14.7 msec : 0
14.8 msec : 0
14.9 msec : 2
15.0 msec : 1
15.1 msec : 1
15.2 msec : 1
15.3 msec : 0
15.4 msec : 1
15.5 msec : 1
15.6 msec : 1
15.7 msec : 3
15.8 msec : 5
15.9 msec : 3
16.0 msec : 2
16.1 msec : 4
16.2 msec : 1
16.3 msec : 1
16.4 msec : 3
16.5 msec : 0
16.6 msec : 1
16.7 msec : 0
16.8 msec : 1
16.9 msec : 1
17.0 msec : 4
17.1 msec : 6
17.2 msec : 5
17.3 msec : 3
17.4 msec : 13
17.5 msec : 7
17.6 msec : 2
17.7 msec : 3
17.8 msec : 4
17.9 msec : 8
18.0 msec : 16
18.1 msec : 6
18.2 msec : 1
18.3 msec : 6
18.4 msec : 4
18.5 msec : 10
18.6 msec : 12
18.7 msec : 8
18.8 msec : 14
18.9 msec : 2
19.0 msec : 3
19.1 msec : 3
19.2 msec : 2
19.3 msec : 2
19.4 msec : 7
19.5 msec : 5
19.6 msec : 1
19.7 msec : 1
19.8 msec : 1
19.9 msec : 1
20.0 msec : 1
20.1 msec : 0
20.2 msec : 0
20.3 msec : 0
20.4 msec : 3
20.5 msec : 1
20.6 msec : 0
20.7 msec : 0
20.8 msec : 0
20.9 msec : 0
21.0 msec : 0
21.1 msec : 0
21.2 msec : 0
21.3 msec : 0
21.4 msec : 0
21.5 msec : 0
21.6 msec : 0
21.7 msec : 0
21.8 msec : 0
21.9 msec : 0
22.0 msec : 1
22.1 msec : 2
22.2 msec : 0
22.3 msec : 1
22.4 msec : 1
22.5 msec : 0
22.6 msec : 2
22.7 msec : 1
22.8 msec : 2
22.9 msec : 1
23.0 msec : 2
23.1 msec : 2
23.2 msec : 0
23.3 msec : 1
23.4 msec : 0
23.5 msec : 1
23.6 msec : 1
23.7 msec : 0
23.8 msec : 0
23.9 msec : 0
24.0 msec : 1
24.1 msec : 2
24.2 msec : 1
24.3 msec : 1
24.4 msec : 0
24.5 msec : 1
24.6 msec : 1
24.7 msec : 1
24.8 msec : 3
24.9 msec : 4
25.0 msec : 1
25.1 msec : 0
25.2 msec : 0
25.3 msec : 1
25.4 msec : 0
25.5 msec : 0
25.6 msec : 0
25.7 msec : 0
25.8 msec : 0
25.9 msec : 0
26.0 msec : 0
26.1 msec : 0
26.2 msec : 0
26.3 msec : 0
26.4 msec : 0
26.5 msec : 0
26.6 msec : 0
26.7 msec : 0
26.8 msec : 0
26.9 msec : 0
27.0 msec : 0
27.1 msec : 0
27.2 msec : 0
27.3 msec : 0
27.4 msec : 0
27.5 msec : 0
27.6 msec : 0
27.7 msec : 0
27.8 msec : 0
27.9 msec : 0
28.0 msec : 0
28.1 msec : 0
28.2 msec : 0
28.3 msec : 0
28.4 msec : 0
28.5 msec : 0
28.6 msec : 0
28.7 msec : 0
28.8 msec : 0
28.9 msec : 0
29.0 msec : 0
29.1 msec : 0
29.2 msec : 0
29.3 msec : 0
29.4 msec : 0
29.5 msec : 0
29.6 msec : 0
29.7 msec : 0
29.8 msec : 0
29.9 msec : 0
30.0 msec : 0
30.1 msec : 0
30.2 msec : 0
30.3 msec : 0
30.4 msec : 0
30.5 msec : 0
30.6 msec : 0
30.7 msec : 0
30.8 msec : 0
30.9 msec : 0
31.0 msec : 0
31.1 msec : 0
31.2 msec : 0
31.3 msec : 0
31.4 msec : 0
31.5 msec : 0
31.6 msec : 0
31.7 msec : 0
31.8 msec : 0
31.9 msec : 1
32.0 msec : 0
32.1 msec : 0
32.2 msec : 0
32.3 msec : 0
32.4 msec : 0
32.5 msec : 2
32.6 msec : 0
32.7 msec : 0
32.8 msec : 0
32.9 msec : 0
33.0 msec : 1
33.1 msec : 1
33.2 msec : 2
33.3 msec : 0
33.4 msec : 0
33.5 msec : 0
33.6 msec : 1
33.7 msec : 0
33.8 msec : 1
33.9 msec : 0
34.0 msec : 2
34.1 msec : 0
34.2 msec : 0
34.3 msec : 0
34.4 msec : 0
34.5 msec : 0
34.6 msec : 0
34.7 msec : 0
34.8 msec : 0
34.9 msec : 0
35.0 msec : 0
35.1 msec : 0
35.2 msec : 0
35.3 msec : 0
35.4 msec : 0
35.5 msec : 0
35.6 msec : 0
35.7 msec : 0
35.8 msec : 0
35.9 msec : 0
36.0 msec : 0
36.1 msec : 0
36.2 msec : 0
36.3 msec : 0
36.4 msec : 0
36.5 msec : 0
36.6 msec : 0
36.7 msec : 0
36.8 msec : 0
36.9 msec : 0
37.0 msec : 0
37.1 msec : 0
37.2 msec : 0
37.3 msec : 0
37.4 msec : 0
37.5 msec : 0
37.6 msec : 0
37.7 msec : 0
37.8 msec : 0
37.9 msec : 0
38.0 msec : 0
38.1 msec : 0
38.2 msec : 0
38.3 msec : 0
38.4 msec : 0
38.5 msec : 0
38.6 msec : 0
38.7 msec : 0
38.8 msec : 0
38.9 msec : 0
39.0 msec : 0
39.1 msec : 0
39.2 msec : 0
39.3 msec : 0
39.4 msec : 0
39.5 msec : 0
39.6 msec : 0
39.7 msec : 0
39.8 msec : 0
39.9 msec : 0
40.0 msec : 0
40.1 msec : 0
40.2 msec : 0
40.3 msec : 0
40.4 msec : 0
40.5 msec : 0
40.6 msec : 0
40.7 msec : 0
40.8 msec : 0
40.9 msec : 0
41.0 msec : 0
41.1 msec : 0
41.2 msec : 0
41.3 msec : 0
41.4 msec : 0
41.5 msec : 0
41.6 msec : 0
41.7 msec : 0
41.8 msec : 0
41.9 msec : 0
42.0 msec : 0
42.1 msec : 0
42.2 msec : 0
42.3 msec : 0
42.4 msec : 0
42.5 msec : 0
42.6 msec : 0
42.7 msec : 0
42.8 msec : 0
42.9 msec : 0
43.0 msec : 0
43.1 msec : 0
43.2 msec : 0
43.3 msec : 0
43.4 msec : 0
43.5 msec : 0
43.6 msec : 0
43.7 msec : 0
43.8 msec : 0
43.9 msec : 0
44.0 msec : 0
44.1 msec : 0
44.2 msec : 0
44.3 msec : 0
44.4 msec : 0
44.5 msec : 0
44.6 msec : 0
44.7 msec : 0
44.8 msec : 0
44.9 msec : 0
45.0 msec : 0
45.1 msec : 0
45.2 msec : 0
45.3 msec : 0
45.4 msec : 0
45.5 msec : 0
45.6 msec : 0
45.7 msec : 0
45.8 msec : 0
45.9 msec : 0
46.0 msec : 0
46.1 msec : 0
46.2 msec : 0
46.3 msec : 0
46.4 msec : 0
46.5 msec : 0
46.6 msec : 0
46.7 msec : 0
46.8 msec : 0
46.9 msec : 0
47.0 msec : 0
47.1 msec : 0
47.2 msec : 1
47.3 msec : 0
47.4 msec : 0
47.5 msec : 0
47.6 msec : 0
47.7 msec : 0
47.8 msec : 0
47.9 msec : 0
48.0 msec : 0
48.1 msec : 0
48.2 msec : 0
48.3 msec : 0
48.4 msec : 0
48.5 msec : 0
48.6 msec : 0
48.7 msec : 0
48.8 msec : 0
48.9 msec : 0
49.0 msec : 0
49.1 msec : 0
49.2 msec : 0
49.3 msec : 0
49.4 msec : 0
49.5 msec : 0
49.6 msec : 0
49.7 msec : 0
49.8 msec : 0
49.9 msec : 0
50.0 msec : 0
50.1 msec : 0
50.2 msec : 0
50.3 msec : 0
50.4 msec : 0
50.5 msec : 0
50.6 msec : 0
50.7 msec : 0
50.8 msec : 0
50.9 msec : 0
51.0 msec : 0
51.1 msec : 0
51.2 msec : 0
51.3 msec : 0
51.4 msec : 0
51.5 msec : 0
51.6 msec : 0
51.7 msec : 0
51.8 msec : 0
51.9 msec : 0
52.0 msec : 0
52.1 msec : 0
52.2 msec : 0
52.3 msec : 0
52.4 msec : 0
52.5 msec : 0
52.6 msec : 0
52.7 msec : 0
52.8 msec : 0
52.9 msec : 0
53.0 msec : 0
53.1 msec : 0
53.2 msec : 0
53.3 msec : 0
53.4 msec : 1
53.5 msec : 0
53.6 msec : 0
53.7 msec : 0
53.8 msec : 0
53.9 msec : 0
54.0 msec : 0
54.1 msec : 0
54.2 msec : 0
54.3 msec : 1
54.4 msec : 0
54.5 msec : 0
54.6 msec : 0
54.7 msec : 1
54.8 msec : 0
54.9 msec : 0
55.0 msec : 2
55.1 msec : 0
55.2 msec : 1
55.3 msec : 0
55.4 msec : 0
55.5 msec : 0
55.6 msec : 0
55.7 msec : 0
55.8 msec : 0
55.9 msec : 0
56.0 msec : 0
56.1 msec : 0
56.2 msec : 0
56.3 msec : 0
56.4 msec : 0
56.5 msec : 0
56.6 msec : 0
56.7 msec : 0
56.8 msec : 0
56.9 msec : 0
57.0 msec : 0
57.1 msec : 0
57.2 msec : 0
57.3 msec : 0
57.4 msec : 0
57.5 msec : 0
57.6 msec : 0
57.7 msec : 0
57.8 msec : 0
57.9 msec : 0
58.0 msec : 0
58.1 msec : 0
58.2 msec : 0
58.3 msec : 0
58.4 msec : 0
58.5 msec : 0
58.6 msec : 0
58.7 msec : 0
58.8 msec : 0
58.9 msec : 0
59.0 msec : 0
59.1 msec : 0
59.2 msec : 0
59.3 msec : 0
59.4 msec : 0
59.5 msec : 0
59.6 msec : 0
59.7 msec : 0
59.8 msec : 0
59.9 msec : 0
60.0 msec : 0
60.1 msec : 0
60.2 msec : 0
60.3 msec : 0
60.4 msec : 0
60.5 msec : 0
60.6 msec : 0
60.7 msec : 0
60.8 msec : 0
60.9 msec : 0
61.0 msec : 0
61.1 msec : 0
61.2 msec : 0
61.3 msec : 0
61.4 msec : 0
61.5 msec : 0
61.6 msec : 0
61.7 msec : 0
61.8 msec : 0
61.9 msec : 0
62.0 msec : 0
62.1 msec : 0
62.2 msec : 0
62.3 msec : 0
62.4 msec : 0
62.5 msec : 0
62.6 msec : 0
62.7 msec : 0
62.8 msec : 0
62.9 msec : 0
63.0 msec : 0
63.1 msec : 0
63.2 msec : 0
63.3 msec : 0
63.4 msec : 0
63.5 msec : 0
63.6 msec : 0
63.7 msec : 0
63.8 msec : 0
63.9 msec : 0
64.0 msec : 0
64.1 msec : 0
64.2 msec : 0
64.3 msec : 0
64.4 msec : 0
64.5 msec : 0
64.6 msec : 0
64.7 msec : 0
64.8 msec : 0
64.9 msec : 0
65.0 msec : 0
65.1 msec : 0
65.2 msec : 0
65.3 msec : 0
65.4 msec : 0
65.5 msec : 0
65.6 msec : 0
65.7 msec : 0
65.8 msec : 0
65.9 msec : 0
66.0 msec : 0
66.1 msec : 0
66.2 msec : 0
66.3 msec : 0
66.4 msec : 0
66.5 msec : 0
66.6 msec : 0
66.7 msec : 0
66.8 msec : 1
66.9 msec : 1
67.0 msec : 3
67.1 msec : 2
67.2 msec : 0
67.3 msec : 2
67.4 msec : 2
67.5 msec : 2
67.6 msec : 0
67.7 msec : 0
67.8 msec : 1
67.9 msec : 0
68.0 msec : 0
68.1 msec : 1
68.2 msec : 1
68.3 msec : 0
68.4 msec : 1
68.5 msec : 0
68.6 msec : 0
68.7 msec : 0
68.8 msec : 0
68.9 msec : 0
69.0 msec : 0
69.1 msec : 0
69.2 msec : 0
69.3 msec : 0
69.4 msec : 0
69.5 msec : 0
69.6 msec : 0
69.7 msec : 0
69.8 msec : 0
69.9 msec : 0
70.0 msec : 0
70.1 msec : 0
70.2 msec : 0
70.3 msec : 0
70.4 msec : 0
70.5 msec : 0
70.6 msec : 0
70.7 msec : 0
70.8 msec : 0
70.9 msec : 0
71.0 msec : 0
71.1 msec : 0
71.2 msec : 0
71.3 msec : 0
71.4 msec : 0
71.5 msec : 0
71.6 msec : 0
71.7 msec : 0
71.8 msec : 0
71.9 msec : 0
72.0 msec : 0
72.1 msec : 0
72.2 msec : 0
72.3 msec : 0
72.4 msec : 0
72.5 msec : 0
72.6 msec : 0
72.7 msec : 0
72.8 msec : 0
72.9 msec : 0
73.0 msec : 0
73.1 msec : 0
73.2 msec : 0
73.3 msec : 0
73.4 msec : 0
73.5 msec : 0
