Middleware started...
Middleware shuts down...
Smaller resolution statistics are in a log file...
Final aggregates per worker:


Worker 46
Average throughput (ops/sec) = 87
Average response time (msec) = 8.254065475409837
Average queue length = 2
Average wait time in queue (msec) = 0.3894877049180328
Average service time (msec) = 7.76702
Number of SET = 0
Number of GET = 87
Number of MULTI GET = 0


Worker 47
Average throughput (ops/sec) = 87
Average response time (msec) = 8.216191114754098
Average queue length = 2
Average wait time in queue (msec) = 0.4182045573770492
Average service time (msec) = 7.72364624590164
Number of SET = 0
Number of GET = 87
Number of MULTI GET = 0


Worker 48
Average throughput (ops/sec) = 87
Average response time (msec) = 8.15714931147541
Average queue length = 5
Average wait time in queue (msec) = 0.432218393442623
Average service time (msec) = 7.629734672131147
Number of SET = 0
Number of GET = 87
Number of MULTI GET = 0


Worker 49
Average throughput (ops/sec) = 87
Average response time (msec) = 8.265154737704918
Average queue length = 2
Average wait time in queue (msec) = 0.4426996557377049
Average service time (msec) = 7.734350360655738
Number of SET = 0
Number of GET = 87
Number of MULTI GET = 0


Worker 42
Average throughput (ops/sec) = 86
Average response time (msec) = 8.209938950819673
Average queue length = 3
Average wait time in queue (msec) = 0.41626175409836064
Average service time (msec) = 7.711286622950819
Number of SET = 0
Number of GET = 86
Number of MULTI GET = 0


Worker 43
Average throughput (ops/sec) = 86
Average response time (msec) = 8.302746885245902
Average queue length = 3
Average wait time in queue (msec) = 0.4082552950819672
Average service time (msec) = 7.796042213114754
Number of SET = 0
Number of GET = 86
Number of MULTI GET = 0


Worker 44
Average throughput (ops/sec) = 88
Average response time (msec) = 8.20127913114754
Average queue length = 2
Average wait time in queue (msec) = 0.4317018032786885
Average service time (msec) = 7.668823377049181
Number of SET = 0
Number of GET = 88
Number of MULTI GET = 0


Worker 45
Average throughput (ops/sec) = 87
Average response time (msec) = 8.326682639344263
Average queue length = 2
Average wait time in queue (msec) = 0.4419535737704918
Average service time (msec) = 7.796536377049181
Number of SET = 0
Number of GET = 87
Number of MULTI GET = 0


Worker 50
Average throughput (ops/sec) = 86
Average response time (msec) = 8.35266762295082
Average queue length = 2
Average wait time in queue (msec) = 0.4197287704918033
Average service time (msec) = 7.845247327868853
Number of SET = 0
Number of GET = 86
Number of MULTI GET = 0


Worker 51
Average throughput (ops/sec) = 89
Average response time (msec) = 8.121180983606557
Average queue length = 2
Average wait time in queue (msec) = 0.4111043278688525
Average service time (msec) = 7.61656524590164
Number of SET = 0
Number of GET = 89
Number of MULTI GET = 0


Worker 52
Average throughput (ops/sec) = 86
Average response time (msec) = 8.392320049180327
Average queue length = 2
Average wait time in queue (msec) = 0.4467657868852459
Average service time (msec) = 7.85378168852459
Number of SET = 0
Number of GET = 86
Number of MULTI GET = 0


Worker 57
Average throughput (ops/sec) = 89
Average response time (msec) = 8.148099721311475
Average queue length = 2
Average wait time in queue (msec) = 0.4178567213114754
Average service time (msec) = 7.628000573770492
Number of SET = 0
Number of GET = 89
Number of MULTI GET = 0


Worker 13
Average throughput (ops/sec) = 86
Average response time (msec) = 8.247989459016393
Average queue length = 1
Average wait time in queue (msec) = 0.44194326229508196
Average service time (msec) = 7.693670754098361
Number of SET = 0
Number of GET = 86
Number of MULTI GET = 0


Worker 58
Average throughput (ops/sec) = 87
Average response time (msec) = 8.171688327868853
Average queue length = 3
Average wait time in queue (msec) = 0.4167674262295082
Average service time (msec) = 7.654312983606557
Number of SET = 0
Number of GET = 87
Number of MULTI GET = 0


Worker 14
Average throughput (ops/sec) = 86
Average response time (msec) = 8.374836163934427
Average queue length = 1
Average wait time in queue (msec) = 0.4438607704918033
Average service time (msec) = 7.8408793934426235
Number of SET = 0
Number of GET = 86
Number of MULTI GET = 0


Worker 59
Average throughput (ops/sec) = 86
Average response time (msec) = 8.309234295081968
Average queue length = 1
Average wait time in queue (msec) = 0.41819832786885247
Average service time (msec) = 7.767324721311475
Number of SET = 0
Number of GET = 86
Number of MULTI GET = 0


Worker 15
Average throughput (ops/sec) = 87
Average response time (msec) = 8.230388262295083
Average queue length = 0
Average wait time in queue (msec) = 0.4114817868852459
Average service time (msec) = 7.709878245901639
Number of SET = 0
Number of GET = 87
Number of MULTI GET = 0


Worker 16
Average throughput (ops/sec) = 87
Average response time (msec) = 8.255586655737705
Average queue length = 5
Average wait time in queue (msec) = 0.4240157704918033
Average service time (msec) = 7.7361143114754105
Number of SET = 0
Number of GET = 87
Number of MULTI GET = 0


Worker 53
Average throughput (ops/sec) = 88
Average response time (msec) = 8.185343704918033
Average queue length = 2
Average wait time in queue (msec) = 0.42537055737704915
Average service time (msec) = 7.6622177213114755
Number of SET = 0
Number of GET = 88
Number of MULTI GET = 0


Worker 54
Average throughput (ops/sec) = 86
Average response time (msec) = 8.315514032786885
Average queue length = 4
Average wait time in queue (msec) = 0.42712495081967217
Average service time (msec) = 7.7923112786885245
Number of SET = 0
Number of GET = 86
Number of MULTI GET = 0


Worker 10
Average throughput (ops/sec) = 87
Average response time (msec) = 8.244747131147541
Average queue length = 1
Average wait time in queue (msec) = 0.46409331147540983
Average service time (msec) = 7.678197803278688
Number of SET = 0
Number of GET = 87
Number of MULTI GET = 0


Worker 55
Average throughput (ops/sec) = 86
Average response time (msec) = 8.36091037704918
Average queue length = 2
Average wait time in queue (msec) = 0.43500368852459015
Average service time (msec) = 7.819517901639344
Number of SET = 0
Number of GET = 86
Number of MULTI GET = 0


Worker 11
Average throughput (ops/sec) = 87
Average response time (msec) = 8.231691786885246
Average queue length = 1
Average wait time in queue (msec) = 0.40872124590163933
Average service time (msec) = 7.738506885245902
Number of SET = 0
Number of GET = 87
Number of MULTI GET = 0


Worker 56
Average throughput (ops/sec) = 85
Average response time (msec) = 8.338391344262295
Average queue length = 0
Average wait time in queue (msec) = 0.42338118032786887
Average service time (msec) = 7.819775918032787
Number of SET = 0
Number of GET = 85
Number of MULTI GET = 0


Worker 12
Average throughput (ops/sec) = 86
Average response time (msec) = 8.370603393442623
Average queue length = 1
Average wait time in queue (msec) = 0.45373332786885245
Average service time (msec) = 7.8229215573770485
Number of SET = 0
Number of GET = 86
Number of MULTI GET = 0


Worker 17
Average throughput (ops/sec) = 88
Average response time (msec) = 8.163044491803278
Average queue length = 1
Average wait time in queue (msec) = 0.39905681967213114
Average service time (msec) = 7.664786377049181
Number of SET = 0
Number of GET = 88
Number of MULTI GET = 0


Worker 18
Average throughput (ops/sec) = 85
Average response time (msec) = 8.332858836065574
Average queue length = 4
Average wait time in queue (msec) = 0.4222010655737705
Average service time (msec) = 7.794000213114754
Number of SET = 0
Number of GET = 85
Number of MULTI GET = 0


Worker 19
Average throughput (ops/sec) = 86
Average response time (msec) = 8.326158967213114
Average queue length = 3
Average wait time in queue (msec) = 0.40506029508196717
Average service time (msec) = 7.837693098360655
Number of SET = 0
Number of GET = 86
Number of MULTI GET = 0


Worker 60
Average throughput (ops/sec) = 87
Average response time (msec) = 8.243759573770491
Average queue length = 4
Average wait time in queue (msec) = 0.4468562786885246
Average service time (msec) = 7.707716196721312
Number of SET = 0
Number of GET = 87
Number of MULTI GET = 0


Worker 61
Average throughput (ops/sec) = 86
Average response time (msec) = 8.388182639344262
Average queue length = 1
Average wait time in queue (msec) = 0.39830611475409833
Average service time (msec) = 7.878220409836066
Number of SET = 0
Number of GET = 87
Number of MULTI GET = 0


Worker 62
Average throughput (ops/sec) = 88
Average response time (msec) = 8.192816672131148
Average queue length = 1
Average wait time in queue (msec) = 0.4539446393442623
Average service time (msec) = 7.6492443442622955
Number of SET = 0
Number of GET = 88
Number of MULTI GET = 0


Worker 63
Average throughput (ops/sec) = 87
Average response time (msec) = 8.208568491803279
Average queue length = 4
Average wait time in queue (msec) = 0.42409765573770497
Average service time (msec) = 7.6645864262295085
Number of SET = 0
Number of GET = 87
Number of MULTI GET = 0


Worker 24
Average throughput (ops/sec) = 86
Average response time (msec) = 8.160146360655737
Average queue length = 1
Average wait time in queue (msec) = 0.4129968360655738
Average service time (msec) = 7.653152295081967
Number of SET = 0
Number of GET = 86
Number of MULTI GET = 0


Worker 7
Average throughput (ops/sec) = 89
Average response time (msec) = 8.16304593442623
Average queue length = 4
Average wait time in queue (msec) = 0.41892668852459014
Average service time (msec) = 7.653442459016394
Number of SET = 0
Number of GET = 89
Number of MULTI GET = 0


Worker 25
Average throughput (ops/sec) = 87
Average response time (msec) = 8.276514147540984
Average queue length = 6
Average wait time in queue (msec) = 0.42695070491803283
Average service time (msec) = 7.762631393442623
Number of SET = 0
Number of GET = 87
Number of MULTI GET = 0


Worker 6
Average throughput (ops/sec) = 88
Average response time (msec) = 8.215486606557377
Average queue length = 2
Average wait time in queue (msec) = 0.41263708196721316
Average service time (msec) = 7.70557468852459
Number of SET = 0
Number of GET = 88
Number of MULTI GET = 0


Worker 26
Average throughput (ops/sec) = 86
Average response time (msec) = 8.283966163934426
Average queue length = 6
Average wait time in queue (msec) = 0.41277373770491804
Average service time (msec) = 7.79062075409836
Number of SET = 0
Number of GET = 86
Number of MULTI GET = 0


Worker 9
Average throughput (ops/sec) = 86
Average response time (msec) = 8.223175704918033
Average queue length = 1
Average wait time in queue (msec) = 0.39749347540983604
Average service time (msec) = 7.7307152459016395
Number of SET = 0
Number of GET = 86
Number of MULTI GET = 0


Worker 27
Average throughput (ops/sec) = 88
Average response time (msec) = 8.246065278688524
Average queue length = 6
Average wait time in queue (msec) = 0.42113618032786887
Average service time (msec) = 7.72730162295082
Number of SET = 0
Number of GET = 88
Number of MULTI GET = 0


Worker 8
Average throughput (ops/sec) = 87
Average response time (msec) = 8.218967131147542
Average queue length = 2
Average wait time in queue (msec) = 0.3962422950819672
Average service time (msec) = 7.732424852459016
Number of SET = 0
Number of GET = 87
Number of MULTI GET = 0


Worker 64
Average throughput (ops/sec) = 86
Average response time (msec) = 8.27794568852459
Average queue length = 2
Average wait time in queue (msec) = 0.4257116721311475
Average service time (msec) = 7.756444524590163
Number of SET = 0
Number of GET = 86
Number of MULTI GET = 0


Worker 20
Average throughput (ops/sec) = 87
Average response time (msec) = 8.226195360655739
Average queue length = 8
Average wait time in queue (msec) = 0.43527181967213113
Average service time (msec) = 7.711519836065573
Number of SET = 0
Number of GET = 87
Number of MULTI GET = 0


Worker 3
Average throughput (ops/sec) = 86
Average response time (msec) = 8.16990431147541
Average queue length = 1
Average wait time in queue (msec) = 0.3976269180327869
Average service time (msec) = 7.667877557377048
Number of SET = 0
Number of GET = 86
Number of MULTI GET = 0


Worker 21
Average throughput (ops/sec) = 86
Average response time (msec) = 8.176544196721311
Average queue length = 0
Average wait time in queue (msec) = 0.39825444262295084
Average service time (msec) = 7.701881754098361
Number of SET = 0
Number of GET = 86
Number of MULTI GET = 0


Worker 2
Average throughput (ops/sec) = 88
Average response time (msec) = 8.107537786885246
Average queue length = 1
Average wait time in queue (msec) = 0.42357245901639345
Average service time (msec) = 7.598504754098361
Number of SET = 0
Number of GET = 88
Number of MULTI GET = 0


Worker 22
Average throughput (ops/sec) = 88
Average response time (msec) = 8.238036737704919
Average queue length = 0
Average wait time in queue (msec) = 0.42341291803278686
Average service time (msec) = 7.723814803278688
Number of SET = 0
Number of GET = 88
Number of MULTI GET = 0


Worker 5
Average throughput (ops/sec) = 86
Average response time (msec) = 8.319299213114755
Average queue length = 0
Average wait time in queue (msec) = 0.40570181967213115
Average service time (msec) = 7.822061508196721
Number of SET = 0
Number of GET = 86
Number of MULTI GET = 0


Worker 23
Average throughput (ops/sec) = 87
Average response time (msec) = 8.200853950819672
Average queue length = 0
Average wait time in queue (msec) = 0.43807560655737704
Average service time (msec) = 7.665736409836066
Number of SET = 0
Number of GET = 87
Number of MULTI GET = 0


Worker 4
Average throughput (ops/sec) = 85
Average response time (msec) = 8.42853062295082
Average queue length = 1
Average wait time in queue (msec) = 0.4397860491803279
Average service time (msec) = 7.900499721311475
Number of SET = 0
Number of GET = 85
Number of MULTI GET = 0


Worker 28
Average throughput (ops/sec) = 88
Average response time (msec) = 8.218600409836066
Average queue length = 6
Average wait time in queue (msec) = 0.38931273770491803
Average service time (msec) = 7.735686098360656
Number of SET = 0
Number of GET = 88
Number of MULTI GET = 0


Worker 29
Average throughput (ops/sec) = 87
Average response time (msec) = 8.133739524590164
Average queue length = 6
Average wait time in queue (msec) = 0.40621775409836064
Average service time (msec) = 7.634026868852459
Number of SET = 0
Number of GET = 87
Number of MULTI GET = 0


Worker 1
Average throughput (ops/sec) = 88
Average response time (msec) = 8.283427737704917
Average queue length = 2
Average wait time in queue (msec) = 0.4683040819672131
Average service time (msec) = 7.716159426229509
Number of SET = 0
Number of GET = 88
Number of MULTI GET = 0


Worker 30
Average throughput (ops/sec) = 86
Average response time (msec) = 8.343902426229509
Average queue length = 7
Average wait time in queue (msec) = 0.40885283606557377
Average service time (msec) = 7.822112213114754
Number of SET = 0
Number of GET = 86
Number of MULTI GET = 0


Worker 35
Average throughput (ops/sec) = 88
Average response time (msec) = 8.252352409836066
Average queue length = 4
Average wait time in queue (msec) = 0.4342087049180328
Average service time (msec) = 7.71804031147541
Number of SET = 0
Number of GET = 88
Number of MULTI GET = 0


Worker 36
Average throughput (ops/sec) = 87
Average response time (msec) = 8.3253341147541
Average queue length = 4
Average wait time in queue (msec) = 0.4620822131147541
Average service time (msec) = 7.773651491803279
Number of SET = 0
Number of GET = 87
Number of MULTI GET = 0


Worker 37
Average throughput (ops/sec) = 87
Average response time (msec) = 8.265321327868852
Average queue length = 5
Average wait time in queue (msec) = 0.4194191147540984
Average service time (msec) = 7.72893168852459
Number of SET = 0
Number of GET = 87
Number of MULTI GET = 0


Worker 38
Average throughput (ops/sec) = 85
Average response time (msec) = 8.359271508196722
Average queue length = 5
Average wait time in queue (msec) = 0.39845508196721313
Average service time (msec) = 7.857795163934426
Number of SET = 0
Number of GET = 85
Number of MULTI GET = 0


Worker 31
Average throughput (ops/sec) = 87
Average response time (msec) = 8.370948213114755
Average queue length = 6
Average wait time in queue (msec) = 0.4187926393442623
Average service time (msec) = 7.853801081967213
Number of SET = 0
Number of GET = 87
Number of MULTI GET = 0


Worker 32
Average throughput (ops/sec) = 86
Average response time (msec) = 8.31852837704918
Average queue length = 1
Average wait time in queue (msec) = 0.43252250819672133
Average service time (msec) = 7.772333409836066
Number of SET = 0
Number of GET = 86
Number of MULTI GET = 0


Worker 33
Average throughput (ops/sec) = 86
Average response time (msec) = 8.239511836065574
Average queue length = 1
Average wait time in queue (msec) = 0.4466429672131148
Average service time (msec) = 7.691847524590163
Number of SET = 0
Number of GET = 86
Number of MULTI GET = 0


Worker 34
Average throughput (ops/sec) = 86
Average response time (msec) = 8.29434637704918
Average queue length = 4
Average wait time in queue (msec) = 0.43617398360655735
Average service time (msec) = 7.766659327868853
Number of SET = 0
Number of GET = 86
Number of MULTI GET = 0


Worker 39
Average throughput (ops/sec) = 85
Average response time (msec) = 8.403348590163935
Average queue length = 7
Average wait time in queue (msec) = 0.4224667049180328
Average service time (msec) = 7.883879131147541
Number of SET = 0
Number of GET = 85
Number of MULTI GET = 0


Worker 40
Average throughput (ops/sec) = 86
Average response time (msec) = 8.309259983606557
Average queue length = 4
Average wait time in queue (msec) = 0.41128134426229507
Average service time (msec) = 7.810752983606557
Number of SET = 0
Number of GET = 86
Number of MULTI GET = 0


Worker 41
Average throughput (ops/sec) = 87
Average response time (msec) = 8.275475885245902
Average queue length = 6
Average wait time in queue (msec) = 0.4126684590163935
Average service time (msec) = 7.781097475409837
Number of SET = 0
Number of GET = 87
Number of MULTI GET = 0


FINAL STATS
Average throughput (ops/sec) = 5551
Average response time (msec) = 8.250170193931526
Average queue length = 2
Average wait time in queue (msec) = 0.4230223227459016
Average service time (msec) = 7.743029525358606
Number of SET = 0
Number of GET = 5552
Number of MULTI GET = 0
Number of Cache misses = 4907


Histogram response times (0.1 msec step)
0.0 msec : 310
0.1 msec : 2773
0.2 msec : 6834
0.3 msec : 10457
0.4 msec : 12669
0.5 msec : 13674
0.6 msec : 13485
0.7 msec : 12720
0.8 msec : 10955
0.9 msec : 8787
1.0 msec : 6499
1.1 msec : 4815
1.2 msec : 3436
1.3 msec : 2589
1.4 msec : 2036
1.5 msec : 1506
1.6 msec : 1174
1.7 msec : 927
1.8 msec : 711
1.9 msec : 642
2.0 msec : 561
2.1 msec : 452
2.2 msec : 430
2.3 msec : 439
2.4 msec : 320
2.5 msec : 329
2.6 msec : 279
2.7 msec : 243
2.8 msec : 242
2.9 msec : 217
3.0 msec : 197
3.1 msec : 168
3.2 msec : 211
3.3 msec : 186
3.4 msec : 128
3.5 msec : 200
3.6 msec : 158
3.7 msec : 215
3.8 msec : 186
3.9 msec : 125
4.0 msec : 161
4.1 msec : 196
4.2 msec : 163
4.3 msec : 155
4.4 msec : 215
4.5 msec : 192
4.6 msec : 152
4.7 msec : 161
4.8 msec : 223
4.9 msec : 200
5.0 msec : 168
5.1 msec : 187
5.2 msec : 173
5.3 msec : 232
5.4 msec : 226
5.5 msec : 257
5.6 msec : 303
5.7 msec : 320
5.8 msec : 315
5.9 msec : 356
6.0 msec : 343
6.1 msec : 377
6.2 msec : 365
6.3 msec : 402
6.4 msec : 310
6.5 msec : 296
6.6 msec : 347
6.7 msec : 372
6.8 msec : 333
6.9 msec : 346
7.0 msec : 381
7.1 msec : 392
7.2 msec : 447
7.3 msec : 482
7.4 msec : 383
7.5 msec : 380
7.6 msec : 394
7.7 msec : 435
7.8 msec : 469
7.9 msec : 489
8.0 msec : 485
8.1 msec : 479
8.2 msec : 527
8.3 msec : 732
8.4 msec : 748
8.5 msec : 840
8.6 msec : 853
8.7 msec : 994
8.8 msec : 1131
8.9 msec : 1187
9.0 msec : 1445
9.1 msec : 1589
9.2 msec : 1694
9.3 msec : 2045
9.4 msec : 2320
9.5 msec : 2455
9.6 msec : 2212
9.7 msec : 2061
9.8 msec : 2003
9.9 msec : 2089
10.0 msec : 2369
10.1 msec : 2220
10.2 msec : 2338
10.3 msec : 2257
10.4 msec : 2177
10.5 msec : 2211
10.6 msec : 2342
10.7 msec : 2427
10.8 msec : 2535
10.9 msec : 2764
11.0 msec : 2954
11.1 msec : 3041
11.2 msec : 3253
11.3 msec : 3710
11.4 msec : 4013
11.5 msec : 4060
11.6 msec : 4594
11.7 msec : 5196
11.8 msec : 5724
11.9 msec : 6265
12.0 msec : 7010
12.1 msec : 8202
12.2 msec : 9095
12.3 msec : 10081
12.4 msec : 10663
12.5 msec : 11389
12.6 msec : 10618
12.7 msec : 9565
12.8 msec : 8000
12.9 msec : 6213
13.0 msec : 4962
13.1 msec : 3510
13.2 msec : 2335
13.3 msec : 1593
13.4 msec : 1188
13.5 msec : 868
13.6 msec : 642
13.7 msec : 454
13.8 msec : 379
13.9 msec : 291
14.0 msec : 197
14.1 msec : 161
14.2 msec : 141
14.3 msec : 154
14.4 msec : 143
14.5 msec : 140
14.6 msec : 105
14.7 msec : 88
14.8 msec : 70
14.9 msec : 124
15.0 msec : 80
15.1 msec : 76
15.2 msec : 83
15.3 msec : 66
15.4 msec : 33
15.5 msec : 21
15.6 msec : 38
15.7 msec : 41
15.8 msec : 29
15.9 msec : 37
16.0 msec : 63
16.1 msec : 39
16.2 msec : 24
16.3 msec : 26
16.4 msec : 36
16.5 msec : 49
16.6 msec : 51
16.7 msec : 51
16.8 msec : 26
16.9 msec : 29
17.0 msec : 24
17.1 msec : 14
17.2 msec : 23
17.3 msec : 13
17.4 msec : 11
17.5 msec : 11
17.6 msec : 8
17.7 msec : 8
17.8 msec : 10
17.9 msec : 7
18.0 msec : 10
18.1 msec : 15
18.2 msec : 9
18.3 msec : 12
18.4 msec : 5
18.5 msec : 8
18.6 msec : 11
18.7 msec : 14
18.8 msec : 19
18.9 msec : 11
19.0 msec : 15
19.1 msec : 13
19.2 msec : 13
19.3 msec : 11
19.4 msec : 17
19.5 msec : 12
19.6 msec : 9
19.7 msec : 7
19.8 msec : 10
19.9 msec : 15
20.0 msec : 8
20.1 msec : 3
20.2 msec : 10
20.3 msec : 9
20.4 msec : 4
20.5 msec : 5
20.6 msec : 4
20.7 msec : 5
20.8 msec : 5
20.9 msec : 10
21.0 msec : 13
21.1 msec : 4
21.2 msec : 7
21.3 msec : 15
21.4 msec : 3
21.5 msec : 6
21.6 msec : 6
21.7 msec : 6
21.8 msec : 3
21.9 msec : 2
22.0 msec : 5
22.1 msec : 14
22.2 msec : 15
22.3 msec : 13
22.4 msec : 20
22.5 msec : 26
22.6 msec : 20
22.7 msec : 20
22.8 msec : 14
22.9 msec : 9
23.0 msec : 21
23.1 msec : 28
23.2 msec : 17
23.3 msec : 3
23.4 msec : 11
23.5 msec : 10
23.6 msec : 8
23.7 msec : 16
23.8 msec : 15
23.9 msec : 19
24.0 msec : 7
24.1 msec : 18
24.2 msec : 27
24.3 msec : 22
24.4 msec : 27
24.5 msec : 22
24.6 msec : 25
24.7 msec : 19
24.8 msec : 22
24.9 msec : 39
25.0 msec : 16
25.1 msec : 25
25.2 msec : 29
25.3 msec : 16
25.4 msec : 40
25.5 msec : 59
25.6 msec : 27
25.7 msec : 16
25.8 msec : 16
25.9 msec : 36
26.0 msec : 32
26.1 msec : 26
26.2 msec : 32
26.3 msec : 31
26.4 msec : 10
26.5 msec : 20
26.6 msec : 21
26.7 msec : 41
26.8 msec : 35
26.9 msec : 25
27.0 msec : 63
27.1 msec : 54
27.2 msec : 32
27.3 msec : 64
27.4 msec : 38
27.5 msec : 46
27.6 msec : 33
27.7 msec : 31
27.8 msec : 22
27.9 msec : 17
28.0 msec : 4
28.1 msec : 14
28.2 msec : 18
28.3 msec : 23
28.4 msec : 12
28.5 msec : 7
28.6 msec : 6
28.7 msec : 6
28.8 msec : 8
28.9 msec : 3
29.0 msec : 6
29.1 msec : 6
29.2 msec : 3
29.3 msec : 15
29.4 msec : 22
29.5 msec : 5
29.6 msec : 1
29.7 msec : 3
29.8 msec : 5
29.9 msec : 7
30.0 msec : 3
30.1 msec : 7
30.2 msec : 7
30.3 msec : 3
30.4 msec : 3
30.5 msec : 4
30.6 msec : 2
30.7 msec : 3
30.8 msec : 2
30.9 msec : 0
31.0 msec : 0
31.1 msec : 0
31.2 msec : 1
31.3 msec : 0
31.4 msec : 0
31.5 msec : 0
31.6 msec : 0
31.7 msec : 2
31.8 msec : 1
31.9 msec : 1
32.0 msec : 0
32.1 msec : 1
32.2 msec : 0
32.3 msec : 0
32.4 msec : 2
32.5 msec : 0
32.6 msec : 0
32.7 msec : 0
32.8 msec : 0
32.9 msec : 0
33.0 msec : 0
33.1 msec : 1
33.2 msec : 1
33.3 msec : 1
33.4 msec : 0
33.5 msec : 2
33.6 msec : 0
33.7 msec : 2
33.8 msec : 0
33.9 msec : 1
34.0 msec : 2
34.1 msec : 3
34.2 msec : 3
34.3 msec : 1
34.4 msec : 2
34.5 msec : 3
34.6 msec : 2
34.7 msec : 1
34.8 msec : 3
34.9 msec : 3
35.0 msec : 2
35.1 msec : 4
35.2 msec : 2
35.3 msec : 2
35.4 msec : 0
35.5 msec : 0
35.6 msec : 0
35.7 msec : 1
35.8 msec : 0
35.9 msec : 0
36.0 msec : 0
36.1 msec : 1
36.2 msec : 1
36.3 msec : 4
36.4 msec : 5
36.5 msec : 2
36.6 msec : 5
36.7 msec : 3
36.8 msec : 6
36.9 msec : 3
37.0 msec : 2
37.1 msec : 4
37.2 msec : 3
37.3 msec : 2
37.4 msec : 3
37.5 msec : 2
37.6 msec : 2
37.7 msec : 1
37.8 msec : 0
37.9 msec : 2
38.0 msec : 0
38.1 msec : 0
38.2 msec : 6
38.3 msec : 1
38.4 msec : 2
38.5 msec : 0
38.6 msec : 0
38.7 msec : 1
38.8 msec : 2
38.9 msec : 1
39.0 msec : 3
39.1 msec : 1
39.2 msec : 0
39.3 msec : 1
39.4 msec : 0
39.5 msec : 0
39.6 msec : 1
39.7 msec : 1
39.8 msec : 0
39.9 msec : 0
40.0 msec : 1
40.1 msec : 1
40.2 msec : 1
40.3 msec : 1
40.4 msec : 3
40.5 msec : 0
40.6 msec : 1
40.7 msec : 1
40.8 msec : 0
40.9 msec : 0
41.0 msec : 0
41.1 msec : 0
41.2 msec : 1
41.3 msec : 0
41.4 msec : 0
41.5 msec : 0
41.6 msec : 1
41.7 msec : 0
41.8 msec : 0
41.9 msec : 0
42.0 msec : 0
42.1 msec : 1
42.2 msec : 1
42.3 msec : 0
42.4 msec : 0
42.5 msec : 1
42.6 msec : 0
42.7 msec : 0
42.8 msec : 0
42.9 msec : 0
43.0 msec : 0
43.1 msec : 1
43.2 msec : 0
43.3 msec : 0
43.4 msec : 0
43.5 msec : 0
43.6 msec : 0
43.7 msec : 0
43.8 msec : 0
43.9 msec : 0
44.0 msec : 0
44.1 msec : 1
44.2 msec : 0
44.3 msec : 0
44.4 msec : 0
44.5 msec : 1
44.6 msec : 0
44.7 msec : 1
44.8 msec : 0
44.9 msec : 0
45.0 msec : 0
45.1 msec : 0
45.2 msec : 0
45.3 msec : 0
45.4 msec : 2
45.5 msec : 1
45.6 msec : 0
45.7 msec : 0
45.8 msec : 0
45.9 msec : 1
46.0 msec : 0
46.1 msec : 0
46.2 msec : 0
46.3 msec : 0
46.4 msec : 0
46.5 msec : 0
46.6 msec : 0
46.7 msec : 0
46.8 msec : 0
46.9 msec : 0
47.0 msec : 0
47.1 msec : 0
47.2 msec : 0
47.3 msec : 0
47.4 msec : 2
47.5 msec : 1
47.6 msec : 0
47.7 msec : 2
47.8 msec : 0
47.9 msec : 1
48.0 msec : 1
48.1 msec : 0
48.2 msec : 0
48.3 msec : 0
48.4 msec : 0
48.5 msec : 3
48.6 msec : 2
48.7 msec : 1
48.8 msec : 0
48.9 msec : 0
49.0 msec : 0
49.1 msec : 1
49.2 msec : 2
49.3 msec : 0
49.4 msec : 2
49.5 msec : 1
49.6 msec : 0
49.7 msec : 1
49.8 msec : 2
49.9 msec : 1
50.0 msec : 1
50.1 msec : 3
50.2 msec : 5
50.3 msec : 2
50.4 msec : 2
50.5 msec : 2
50.6 msec : 1
50.7 msec : 1
50.8 msec : 2
50.9 msec : 0
51.0 msec : 1
51.1 msec : 3
51.2 msec : 2
51.3 msec : 4
51.4 msec : 2
51.5 msec : 4
51.6 msec : 3
51.7 msec : 2
51.8 msec : 0
51.9 msec : 0
52.0 msec : 2
52.1 msec : 1
52.2 msec : 0
52.3 msec : 3
52.4 msec : 1
52.5 msec : 2
52.6 msec : 0
52.7 msec : 2
52.8 msec : 0
52.9 msec : 2
53.0 msec : 1
53.1 msec : 1
53.2 msec : 0
53.3 msec : 0
53.4 msec : 0
53.5 msec : 1
53.6 msec : 1
53.7 msec : 0
53.8 msec : 0
53.9 msec : 0
54.0 msec : 0
54.1 msec : 0
54.2 msec : 1
54.3 msec : 0
54.4 msec : 0
54.5 msec : 0
54.6 msec : 1
54.7 msec : 0
54.8 msec : 0
54.9 msec : 0
55.0 msec : 0
55.1 msec : 0
55.2 msec : 0
55.3 msec : 0
55.4 msec : 0
55.5 msec : 0
55.6 msec : 0
55.7 msec : 1
55.8 msec : 0
55.9 msec : 0
56.0 msec : 0
56.1 msec : 0
56.2 msec : 0
56.3 msec : 1
56.4 msec : 0
56.5 msec : 0
56.6 msec : 0
56.7 msec : 0
56.8 msec : 0
56.9 msec : 0
57.0 msec : 1
57.1 msec : 0
57.2 msec : 1
57.3 msec : 0
57.4 msec : 1
57.5 msec : 1
57.6 msec : 0
57.7 msec : 2
57.8 msec : 1
57.9 msec : 0
58.0 msec : 0
58.1 msec : 0
58.2 msec : 0
58.3 msec : 0
58.4 msec : 0
58.5 msec : 0
58.6 msec : 0
58.7 msec : 0
58.8 msec : 0
58.9 msec : 0
59.0 msec : 0
59.1 msec : 0
59.2 msec : 0
59.3 msec : 0
59.4 msec : 0
59.5 msec : 0
59.6 msec : 0
59.7 msec : 0
59.8 msec : 0
59.9 msec : 0
60.0 msec : 0
60.1 msec : 0
60.2 msec : 0
60.3 msec : 0
60.4 msec : 0
60.5 msec : 0
60.6 msec : 0
60.7 msec : 0
60.8 msec : 0
60.9 msec : 0
61.0 msec : 0
61.1 msec : 0
61.2 msec : 0
61.3 msec : 0
61.4 msec : 0
61.5 msec : 0
61.6 msec : 0
61.7 msec : 0
61.8 msec : 0
61.9 msec : 0
62.0 msec : 0
62.1 msec : 0
62.2 msec : 0
62.3 msec : 0
62.4 msec : 0
62.5 msec : 0
62.6 msec : 0
62.7 msec : 0
62.8 msec : 0
62.9 msec : 0
63.0 msec : 0
63.1 msec : 0
63.2 msec : 0
63.3 msec : 0
63.4 msec : 0
63.5 msec : 0
63.6 msec : 0
63.7 msec : 2
63.8 msec : 0
63.9 msec : 0
64.0 msec : 0
64.1 msec : 1
64.2 msec : 0
64.3 msec : 1
64.4 msec : 1
64.5 msec : 0
64.6 msec : 0
64.7 msec : 0
64.8 msec : 0
64.9 msec : 0
65.0 msec : 0
65.1 msec : 0
65.2 msec : 0
65.3 msec : 0
65.4 msec : 1
65.5 msec : 1
65.6 msec : 0
65.7 msec : 1
65.8 msec : 1
65.9 msec : 0
66.0 msec : 0
66.1 msec : 0
66.2 msec : 3
66.3 msec : 1
66.4 msec : 1
66.5 msec : 1
66.6 msec : 1
66.7 msec : 0
66.8 msec : 0
66.9 msec : 1
67.0 msec : 0
67.1 msec : 0
67.2 msec : 0
67.3 msec : 0
67.4 msec : 1
67.5 msec : 0
67.6 msec : 0
67.7 msec : 0
67.8 msec : 0
67.9 msec : 1
68.0 msec : 1
68.1 msec : 0
68.2 msec : 2
68.3 msec : 2
68.4 msec : 0
68.5 msec : 1
68.6 msec : 0
68.7 msec : 0
68.8 msec : 0
68.9 msec : 1
69.0 msec : 0
69.1 msec : 0
69.2 msec : 0
69.3 msec : 0
69.4 msec : 0
69.5 msec : 1
69.6 msec : 2
69.7 msec : 1
69.8 msec : 3
69.9 msec : 3
70.0 msec : 1
70.1 msec : 0
70.2 msec : 0
70.3 msec : 2
70.4 msec : 0
70.5 msec : 0
70.6 msec : 1
70.7 msec : 0
70.8 msec : 1
70.9 msec : 0
71.0 msec : 0
71.1 msec : 0
71.2 msec : 0
71.3 msec : 0
71.4 msec : 1
71.5 msec : 0
71.6 msec : 0
71.7 msec : 0
71.8 msec : 0
71.9 msec : 0
72.0 msec : 0
72.1 msec : 0
72.2 msec : 0
72.3 msec : 0
72.4 msec : 2
72.5 msec : 0
72.6 msec : 1
72.7 msec : 0
72.8 msec : 1
72.9 msec : 0
73.0 msec : 0
73.1 msec : 0
73.2 msec : 1
73.3 msec : 0
73.4 msec : 2
73.5 msec : 0
73.6 msec : 0
73.7 msec : 1
73.8 msec : 0
73.9 msec : 0
74.0 msec : 0
74.1 msec : 0
74.2 msec : 0
74.3 msec : 0
74.4 msec : 0
74.5 msec : 0
74.6 msec : 0
74.7 msec : 0
74.8 msec : 1
74.9 msec : 0
75.0 msec : 0
75.1 msec : 0
75.2 msec : 0
75.3 msec : 0
75.4 msec : 0
75.5 msec : 0
75.6 msec : 0
75.7 msec : 0
75.8 msec : 1
75.9 msec : 0
76.0 msec : 0
76.1 msec : 0
76.2 msec : 0
76.3 msec : 0
76.4 msec : 0
76.5 msec : 0
76.6 msec : 0
76.7 msec : 0
76.8 msec : 0
76.9 msec : 0
77.0 msec : 0
77.1 msec : 0
77.2 msec : 0
77.3 msec : 0
77.4 msec : 0
77.5 msec : 0
77.6 msec : 0
77.7 msec : 0
77.8 msec : 0
77.9 msec : 0
78.0 msec : 0
78.1 msec : 0
78.2 msec : 0
78.3 msec : 0
78.4 msec : 0
78.5 msec : 0
78.6 msec : 0
78.7 msec : 0
78.8 msec : 0
78.9 msec : 0
79.0 msec : 0
79.1 msec : 0
79.2 msec : 0
79.3 msec : 0
79.4 msec : 0
79.5 msec : 0
79.6 msec : 0
79.7 msec : 0
79.8 msec : 0
79.9 msec : 0
80.0 msec : 0
80.1 msec : 0
80.2 msec : 0
80.3 msec : 0
80.4 msec : 0
80.5 msec : 0
80.6 msec : 0
80.7 msec : 0
80.8 msec : 0
80.9 msec : 0
81.0 msec : 0
81.1 msec : 0
81.2 msec : 1
81.3 msec : 0
81.4 msec : 0
81.5 msec : 0
81.6 msec : 0
81.7 msec : 0
81.8 msec : 1
81.9 msec : 0
82.0 msec : 0
82.1 msec : 1
82.2 msec : 0
82.3 msec : 0
82.4 msec : 0
82.5 msec : 0
82.6 msec : 0
82.7 msec : 0
82.8 msec : 0
82.9 msec : 0
83.0 msec : 0
83.1 msec : 0
83.2 msec : 0
83.3 msec : 0
83.4 msec : 1
83.5 msec : 0
83.6 msec : 0
83.7 msec : 1
83.8 msec : 0
83.9 msec : 0
84.0 msec : 0
84.1 msec : 0
84.2 msec : 0
84.3 msec : 0
84.4 msec : 0
84.5 msec : 0
84.6 msec : 1
84.7 msec : 0
84.8 msec : 0
84.9 msec : 0
85.0 msec : 0
85.1 msec : 0
85.2 msec : 0
85.3 msec : 0
85.4 msec : 0
85.5 msec : 0
85.6 msec : 0
85.7 msec : 0
85.8 msec : 0
85.9 msec : 0
86.0 msec : 0
86.1 msec : 0
86.2 msec : 0
86.3 msec : 0
86.4 msec : 0
86.5 msec : 0
86.6 msec : 0
86.7 msec : 0
86.8 msec : 0
