Middleware started...
Middleware shuts down...
Smaller resolution statistics are in a log file...
Final aggregates per worker:


Worker 46
Average throughput (ops/sec) = 14
Average response time (msec) = 0.9145098852459016
Average queue length = 0
Average wait time in queue (msec) = 0.021071524590163936
Average service time (msec) = 0.8200234098360656
Number of SET = 0
Number of GET = 14
Number of MULTI GET = 0


Worker 47
Average throughput (ops/sec) = 14
Average response time (msec) = 0.9168919836065573
Average queue length = 0
Average wait time in queue (msec) = 0.02244613114754098
Average service time (msec) = 0.8216373114754099
Number of SET = 0
Number of GET = 14
Number of MULTI GET = 0


Worker 48
Average throughput (ops/sec) = 14
Average response time (msec) = 0.8890493442622951
Average queue length = 0
Average wait time in queue (msec) = 0.020035590163934427
Average service time (msec) = 0.8083745737704917
Number of SET = 0
Number of GET = 14
Number of MULTI GET = 0


Worker 49
Average throughput (ops/sec) = 14
Average response time (msec) = 0.8804854098360656
Average queue length = 0
Average wait time in queue (msec) = 0.021360196721311477
Average service time (msec) = 0.7939425737704917
Number of SET = 0
Number of GET = 14
Number of MULTI GET = 0


Worker 42
Average throughput (ops/sec) = 14
Average response time (msec) = 0.8497793770491804
Average queue length = 0
Average wait time in queue (msec) = 0.022544393442622948
Average service time (msec) = 0.7734452622950819
Number of SET = 0
Number of GET = 14
Number of MULTI GET = 0


Worker 43
Average throughput (ops/sec) = 14
Average response time (msec) = 0.8965622295081968
Average queue length = 0
Average wait time in queue (msec) = 0.02208754098360656
Average service time (msec) = 0.8147892295081967
Number of SET = 0
Number of GET = 14
Number of MULTI GET = 0


Worker 44
Average throughput (ops/sec) = 14
Average response time (msec) = 0.8647765901639344
Average queue length = 0
Average wait time in queue (msec) = 0.019298344262295083
Average service time (msec) = 0.7728770327868852
Number of SET = 0
Number of GET = 14
Number of MULTI GET = 0


Worker 45
Average throughput (ops/sec) = 14
Average response time (msec) = 0.8726649344262296
Average queue length = 0
Average wait time in queue (msec) = 0.01924067213114754
Average service time (msec) = 0.7975655901639344
Number of SET = 0
Number of GET = 14
Number of MULTI GET = 0


Worker 50
Average throughput (ops/sec) = 14
Average response time (msec) = 0.8653645901639344
Average queue length = 0
Average wait time in queue (msec) = 0.021251983606557376
Average service time (msec) = 0.786138606557377
Number of SET = 0
Number of GET = 14
Number of MULTI GET = 0


Worker 51
Average throughput (ops/sec) = 14
Average response time (msec) = 0.876057737704918
Average queue length = 0
Average wait time in queue (msec) = 0.02311883606557377
Average service time (msec) = 0.7936719836065573
Number of SET = 0
Number of GET = 14
Number of MULTI GET = 0


Worker 52
Average throughput (ops/sec) = 14
Average response time (msec) = 0.8680312786885246
Average queue length = 0
Average wait time in queue (msec) = 0.02094244262295082
Average service time (msec) = 0.7882282295081967
Number of SET = 0
Number of GET = 14
Number of MULTI GET = 0


Worker 57
Average throughput (ops/sec) = 14
Average response time (msec) = 0.8714145737704918
Average queue length = 0
Average wait time in queue (msec) = 0.025708426229508197
Average service time (msec) = 0.7901342131147541
Number of SET = 0
Number of GET = 14
Number of MULTI GET = 0


Worker 13
Average throughput (ops/sec) = 14
Average response time (msec) = 0.8880470327868852
Average queue length = 0
Average wait time in queue (msec) = 0.020561409836065574
Average service time (msec) = 0.807946868852459
Number of SET = 0
Number of GET = 14
Number of MULTI GET = 0


Worker 58
Average throughput (ops/sec) = 14
Average response time (msec) = 0.8762138032786886
Average queue length = 0
Average wait time in queue (msec) = 0.021123245901639345
Average service time (msec) = 0.7950887540983607
Number of SET = 0
Number of GET = 14
Number of MULTI GET = 0


Worker 14
Average throughput (ops/sec) = 14
Average response time (msec) = 0.9033220655737705
Average queue length = 0
Average wait time in queue (msec) = 0.021594180327868855
Average service time (msec) = 0.8209546065573771
Number of SET = 0
Number of GET = 14
Number of MULTI GET = 0


Worker 59
Average throughput (ops/sec) = 14
Average response time (msec) = 0.9093084098360656
Average queue length = 0
Average wait time in queue (msec) = 0.025136245901639345
Average service time (msec) = 0.8199775573770492
Number of SET = 0
Number of GET = 14
Number of MULTI GET = 0


Worker 15
Average throughput (ops/sec) = 14
Average response time (msec) = 0.9053906885245901
Average queue length = 0
Average wait time in queue (msec) = 0.02385177049180328
Average service time (msec) = 0.8194030819672131
Number of SET = 0
Number of GET = 14
Number of MULTI GET = 0


Worker 16
Average throughput (ops/sec) = 14
Average response time (msec) = 0.9014289836065573
Average queue length = 0
Average wait time in queue (msec) = 0.020062540983606558
Average service time (msec) = 0.8226098196721311
Number of SET = 0
Number of GET = 14
Number of MULTI GET = 0


Worker 53
Average throughput (ops/sec) = 14
Average response time (msec) = 0.909548081967213
Average queue length = 0
Average wait time in queue (msec) = 0.019659918032786886
Average service time (msec) = 0.8297967213114754
Number of SET = 0
Number of GET = 14
Number of MULTI GET = 0


Worker 54
Average throughput (ops/sec) = 14
Average response time (msec) = 0.9072020491803279
Average queue length = 0
Average wait time in queue (msec) = 0.020564475409836063
Average service time (msec) = 0.8259565081967213
Number of SET = 0
Number of GET = 14
Number of MULTI GET = 0


Worker 10
Average throughput (ops/sec) = 14
Average response time (msec) = 0.8887750163934426
Average queue length = 0
Average wait time in queue (msec) = 0.019477622950819673
Average service time (msec) = 0.8128361639344263
Number of SET = 0
Number of GET = 14
Number of MULTI GET = 0


Worker 55
Average throughput (ops/sec) = 14
Average response time (msec) = 0.865796081967213
Average queue length = 0
Average wait time in queue (msec) = 0.020525688524590163
Average service time (msec) = 0.7870771147540984
Number of SET = 0
Number of GET = 14
Number of MULTI GET = 0


Worker 11
Average throughput (ops/sec) = 14
Average response time (msec) = 0.867796262295082
Average queue length = 0
Average wait time in queue (msec) = 0.019838049180327867
Average service time (msec) = 0.7923187540983606
Number of SET = 0
Number of GET = 14
Number of MULTI GET = 0


Worker 56
Average throughput (ops/sec) = 14
Average response time (msec) = 0.8801038032786885
Average queue length = 0
Average wait time in queue (msec) = 0.031197590163934426
Average service time (msec) = 0.7874231475409836
Number of SET = 0
Number of GET = 14
Number of MULTI GET = 0


Worker 12
Average throughput (ops/sec) = 14
Average response time (msec) = 0.8763073278688525
Average queue length = 0
Average wait time in queue (msec) = 0.029868311475409835
Average service time (msec) = 0.7879142295081967
Number of SET = 0
Number of GET = 14
Number of MULTI GET = 0


Worker 17
Average throughput (ops/sec) = 14
Average response time (msec) = 0.9181055573770492
Average queue length = 0
Average wait time in queue (msec) = 0.01944870491803279
Average service time (msec) = 0.8435151147540983
Number of SET = 0
Number of GET = 14
Number of MULTI GET = 0


Worker 18
Average throughput (ops/sec) = 14
Average response time (msec) = 0.8541973770491803
Average queue length = 0
Average wait time in queue (msec) = 0.022556786885245903
Average service time (msec) = 0.7766513442622951
Number of SET = 0
Number of GET = 14
Number of MULTI GET = 0


Worker 19
Average throughput (ops/sec) = 14
Average response time (msec) = 0.8726657049180327
Average queue length = 0
Average wait time in queue (msec) = 0.02068677049180328
Average service time (msec) = 0.7902180327868853
Number of SET = 0
Number of GET = 14
Number of MULTI GET = 0


Worker 60
Average throughput (ops/sec) = 14
Average response time (msec) = 0.9774650983606558
Average queue length = 0
Average wait time in queue (msec) = 0.02346019672131148
Average service time (msec) = 0.8960643442622951
Number of SET = 0
Number of GET = 14
Number of MULTI GET = 0


Worker 61
Average throughput (ops/sec) = 14
Average response time (msec) = 0.9263265737704918
Average queue length = 0
Average wait time in queue (msec) = 0.019929049180327868
Average service time (msec) = 0.8230441311475409
Number of SET = 0
Number of GET = 14
Number of MULTI GET = 0


Worker 62
Average throughput (ops/sec) = 14
Average response time (msec) = 1.0244799180327868
Average queue length = 0
Average wait time in queue (msec) = 0.020496377049180326
Average service time (msec) = 0.9464647704918033
Number of SET = 0
Number of GET = 14
Number of MULTI GET = 0


Worker 63
Average throughput (ops/sec) = 14
Average response time (msec) = 0.9114598032786886
Average queue length = 0
Average wait time in queue (msec) = 0.02353906557377049
Average service time (msec) = 0.8254234262295083
Number of SET = 0
Number of GET = 14
Number of MULTI GET = 0


Worker 24
Average throughput (ops/sec) = 14
Average response time (msec) = 0.8549307704918033
Average queue length = 0
Average wait time in queue (msec) = 0.02128034426229508
Average service time (msec) = 0.7772446393442624
Number of SET = 0
Number of GET = 14
Number of MULTI GET = 0


Worker 7
Average throughput (ops/sec) = 14
Average response time (msec) = 0.858085786885246
Average queue length = 0
Average wait time in queue (msec) = 0.020240524590163934
Average service time (msec) = 0.7792806065573771
Number of SET = 0
Number of GET = 14
Number of MULTI GET = 0


Worker 25
Average throughput (ops/sec) = 14
Average response time (msec) = 0.8590870983606557
Average queue length = 0
Average wait time in queue (msec) = 0.020916950819672132
Average service time (msec) = 0.7834274098360656
Number of SET = 0
Number of GET = 14
Number of MULTI GET = 0


Worker 6
Average throughput (ops/sec) = 14
Average response time (msec) = 0.896694475409836
Average queue length = 0
Average wait time in queue (msec) = 0.019858377049180326
Average service time (msec) = 0.8161951639344263
Number of SET = 0
Number of GET = 14
Number of MULTI GET = 0


Worker 26
Average throughput (ops/sec) = 14
Average response time (msec) = 0.8902288360655737
Average queue length = 0
Average wait time in queue (msec) = 0.02120954098360656
Average service time (msec) = 0.8153442459016393
Number of SET = 0
Number of GET = 14
Number of MULTI GET = 0


Worker 9
Average throughput (ops/sec) = 14
Average response time (msec) = 0.887344344262295
Average queue length = 0
Average wait time in queue (msec) = 0.024822295081967212
Average service time (msec) = 0.8056697868852459
Number of SET = 0
Number of GET = 14
Number of MULTI GET = 0


Worker 27
Average throughput (ops/sec) = 14
Average response time (msec) = 0.8979838196721311
Average queue length = 0
Average wait time in queue (msec) = 0.020332655737704916
Average service time (msec) = 0.8213422459016393
Number of SET = 0
Number of GET = 14
Number of MULTI GET = 0


Worker 8
Average throughput (ops/sec) = 14
Average response time (msec) = 0.901076819672131
Average queue length = 0
Average wait time in queue (msec) = 0.02327093442622951
Average service time (msec) = 0.8021744262295083
Number of SET = 0
Number of GET = 14
Number of MULTI GET = 0


Worker 64
Average throughput (ops/sec) = 14
Average response time (msec) = 0.9021639016393442
Average queue length = 0
Average wait time in queue (msec) = 0.020860377049180326
Average service time (msec) = 0.8161802295081967
Number of SET = 0
Number of GET = 14
Number of MULTI GET = 0


Worker 20
Average throughput (ops/sec) = 14
Average response time (msec) = 0.8611241639344263
Average queue length = 0
Average wait time in queue (msec) = 0.021521819672131147
Average service time (msec) = 0.7835492950819672
Number of SET = 0
Number of GET = 14
Number of MULTI GET = 0


Worker 3
Average throughput (ops/sec) = 14
Average response time (msec) = 0.8689353770491803
Average queue length = 0
Average wait time in queue (msec) = 0.020621786885245904
Average service time (msec) = 0.788833606557377
Number of SET = 0
Number of GET = 14
Number of MULTI GET = 0


Worker 21
Average throughput (ops/sec) = 14
Average response time (msec) = 0.8854205081967214
Average queue length = 0
Average wait time in queue (msec) = 0.03607729508196721
Average service time (msec) = 0.7851991475409836
Number of SET = 0
Number of GET = 14
Number of MULTI GET = 0


Worker 2
Average throughput (ops/sec) = 14
Average response time (msec) = 0.9038612131147541
Average queue length = 0
Average wait time in queue (msec) = 0.01971072131147541
Average service time (msec) = 0.8199665409836066
Number of SET = 0
Number of GET = 14
Number of MULTI GET = 0


Worker 22
Average throughput (ops/sec) = 14
Average response time (msec) = 0.8736347704918033
Average queue length = 0
Average wait time in queue (msec) = 0.018407180327868852
Average service time (msec) = 0.8013646229508197
Number of SET = 0
Number of GET = 14
Number of MULTI GET = 0


Worker 5
Average throughput (ops/sec) = 14
Average response time (msec) = 0.9288959180327869
Average queue length = 0
Average wait time in queue (msec) = 0.023357213114754097
Average service time (msec) = 0.8468580491803279
Number of SET = 0
Number of GET = 14
Number of MULTI GET = 0


Worker 23
Average throughput (ops/sec) = 14
Average response time (msec) = 0.8566605081967213
Average queue length = 0
Average wait time in queue (msec) = 0.01987549180327869
Average service time (msec) = 0.7805801475409836
Number of SET = 0
Number of GET = 14
Number of MULTI GET = 0


Worker 4
Average throughput (ops/sec) = 14
Average response time (msec) = 0.8622397868852459
Average queue length = 0
Average wait time in queue (msec) = 0.020870639344262296
Average service time (msec) = 0.7821934918032787
Number of SET = 0
Number of GET = 14
Number of MULTI GET = 0


Worker 28
Average throughput (ops/sec) = 14
Average response time (msec) = 0.8736467377049181
Average queue length = 0
Average wait time in queue (msec) = 0.0215582131147541
Average service time (msec) = 0.7951285245901639
Number of SET = 0
Number of GET = 14
Number of MULTI GET = 0


Worker 29
Average throughput (ops/sec) = 14
Average response time (msec) = 0.883655262295082
Average queue length = 0
Average wait time in queue (msec) = 0.02529304918032787
Average service time (msec) = 0.799927606557377
Number of SET = 0
Number of GET = 14
Number of MULTI GET = 0


Worker 1
Average throughput (ops/sec) = 14
Average response time (msec) = 0.8790727868852459
Average queue length = 0
Average wait time in queue (msec) = 0.022927098360655738
Average service time (msec) = 0.793613
Number of SET = 0
Number of GET = 14
Number of MULTI GET = 0


Worker 30
Average throughput (ops/sec) = 14
Average response time (msec) = 0.8578617213114754
Average queue length = 0
Average wait time in queue (msec) = 0.02397726229508197
Average service time (msec) = 0.7759932950819672
Number of SET = 0
Number of GET = 14
Number of MULTI GET = 0


Worker 35
Average throughput (ops/sec) = 14
Average response time (msec) = 0.9091780983606557
Average queue length = 0
Average wait time in queue (msec) = 0.02604922950819672
Average service time (msec) = 0.8278145409836066
Number of SET = 0
Number of GET = 14
Number of MULTI GET = 0


Worker 36
Average throughput (ops/sec) = 14
Average response time (msec) = 0.8781880819672131
Average queue length = 0
Average wait time in queue (msec) = 0.02182329508196721
Average service time (msec) = 0.797807262295082
Number of SET = 0
Number of GET = 14
Number of MULTI GET = 0


Worker 37
Average throughput (ops/sec) = 14
Average response time (msec) = 0.856938393442623
Average queue length = 0
Average wait time in queue (msec) = 0.020004049180327867
Average service time (msec) = 0.781657131147541
Number of SET = 0
Number of GET = 14
Number of MULTI GET = 0


Worker 38
Average throughput (ops/sec) = 14
Average response time (msec) = 0.8639701475409837
Average queue length = 0
Average wait time in queue (msec) = 0.02052083606557377
Average service time (msec) = 0.786269262295082
Number of SET = 0
Number of GET = 14
Number of MULTI GET = 0


Worker 31
Average throughput (ops/sec) = 14
Average response time (msec) = 0.8710122131147541
Average queue length = 0
Average wait time in queue (msec) = 0.02368706557377049
Average service time (msec) = 0.7901796393442623
Number of SET = 0
Number of GET = 14
Number of MULTI GET = 0


Worker 32
Average throughput (ops/sec) = 14
Average response time (msec) = 0.8615900163934427
Average queue length = 0
Average wait time in queue (msec) = 0.020695213114754096
Average service time (msec) = 0.778701180327869
Number of SET = 0
Number of GET = 14
Number of MULTI GET = 0


Worker 33
Average throughput (ops/sec) = 14
Average response time (msec) = 0.8838845737704918
Average queue length = 0
Average wait time in queue (msec) = 0.020541409836065574
Average service time (msec) = 0.8051924426229508
Number of SET = 0
Number of GET = 14
Number of MULTI GET = 0


Worker 34
Average throughput (ops/sec) = 14
Average response time (msec) = 0.8961852295081967
Average queue length = 0
Average wait time in queue (msec) = 0.01998016393442623
Average service time (msec) = 0.8171023606557377
Number of SET = 0
Number of GET = 14
Number of MULTI GET = 0


Worker 39
Average throughput (ops/sec) = 14
Average response time (msec) = 0.8538926721311476
Average queue length = 0
Average wait time in queue (msec) = 0.02399227868852459
Average service time (msec) = 0.7715909672131147
Number of SET = 0
Number of GET = 14
Number of MULTI GET = 0


Worker 40
Average throughput (ops/sec) = 14
Average response time (msec) = 0.8918376557377049
Average queue length = 0
Average wait time in queue (msec) = 0.019543475409836066
Average service time (msec) = 0.813439
Number of SET = 0
Number of GET = 14
Number of MULTI GET = 0


Worker 41
Average throughput (ops/sec) = 14
Average response time (msec) = 0.886929918032787
Average queue length = 0
Average wait time in queue (msec) = 0.020212590163934428
Average service time (msec) = 0.811175180327869
Number of SET = 0
Number of GET = 14
Number of MULTI GET = 0


FINAL STATS
Average throughput (ops/sec) = 896
Average response time (msec) = 0.8775209466121989
Average queue length = 0
Average wait time in queue (msec) = 0.02198005404713115
Average service time (msec) = 0.8050391805840164
Number of SET = 0
Number of GET = 896
Number of MULTI GET = 0
Number of Cache misses = 763


Histogram response times (0.1 msec step)
0.0 msec : 4671
0.1 msec : 19229
0.2 msec : 12262
0.3 msec : 6542
0.4 msec : 4116
0.5 msec : 2553
0.6 msec : 1800
0.7 msec : 1355
0.8 msec : 961
0.9 msec : 789
1.0 msec : 579
1.1 msec : 336
1.2 msec : 228
1.3 msec : 241
1.4 msec : 116
1.5 msec : 100
1.6 msec : 137
1.7 msec : 93
1.8 msec : 59
1.9 msec : 40
2.0 msec : 52
2.1 msec : 51
2.2 msec : 31
2.3 msec : 27
2.4 msec : 31
2.5 msec : 25
2.6 msec : 18
2.7 msec : 12
2.8 msec : 14
2.9 msec : 17
3.0 msec : 17
3.1 msec : 25
3.2 msec : 10
3.3 msec : 7
3.4 msec : 10
3.5 msec : 9
3.6 msec : 12
3.7 msec : 8
3.8 msec : 10
3.9 msec : 6
4.0 msec : 8
4.1 msec : 3
4.2 msec : 7
4.3 msec : 8
4.4 msec : 6
4.5 msec : 7
4.6 msec : 7
4.7 msec : 4
4.8 msec : 6
4.9 msec : 9
5.0 msec : 2
5.1 msec : 3
5.2 msec : 0
5.3 msec : 4
5.4 msec : 5
5.5 msec : 4
5.6 msec : 3
5.7 msec : 5
5.8 msec : 4
5.9 msec : 3
6.0 msec : 10
6.1 msec : 4
6.2 msec : 5
6.3 msec : 3
6.4 msec : 5
6.5 msec : 4
6.6 msec : 2
6.7 msec : 4
6.8 msec : 1
6.9 msec : 2
7.0 msec : 1
7.1 msec : 4
7.2 msec : 1
7.3 msec : 3
7.4 msec : 1
7.5 msec : 2
7.6 msec : 0
7.7 msec : 2
7.8 msec : 1
7.9 msec : 3
8.0 msec : 4
8.1 msec : 2
8.2 msec : 1
8.3 msec : 0
8.4 msec : 1
8.5 msec : 1
8.6 msec : 1
8.7 msec : 1
8.8 msec : 1
8.9 msec : 1
9.0 msec : 0
9.1 msec : 0
9.2 msec : 1
9.3 msec : 0
9.4 msec : 0
9.5 msec : 0
9.6 msec : 0
9.7 msec : 1
9.8 msec : 2
9.9 msec : 2
10.0 msec : 0
10.1 msec : 0
10.2 msec : 1
10.3 msec : 0
10.4 msec : 0
10.5 msec : 0
10.6 msec : 0
10.7 msec : 0
10.8 msec : 1
10.9 msec : 0
11.0 msec : 0
11.1 msec : 0
11.2 msec : 0
11.3 msec : 0
11.4 msec : 0
11.5 msec : 0
11.6 msec : 0
11.7 msec : 0
11.8 msec : 0
11.9 msec : 0
12.0 msec : 0
12.1 msec : 0
12.2 msec : 0
12.3 msec : 0
12.4 msec : 0
12.5 msec : 0
12.6 msec : 0
12.7 msec : 1
12.8 msec : 0
12.9 msec : 0
13.0 msec : 0
13.1 msec : 0
13.2 msec : 0
13.3 msec : 0
13.4 msec : 0
13.5 msec : 0
13.6 msec : 1
13.7 msec : 0
13.8 msec : 0
13.9 msec : 0
14.0 msec : 0
14.1 msec : 0
14.2 msec : 0
14.3 msec : 0
14.4 msec : 0
14.5 msec : 0
14.6 msec : 0
14.7 msec : 0
14.8 msec : 0
14.9 msec : 0
15.0 msec : 0
15.1 msec : 0
15.2 msec : 0
15.3 msec : 0
15.4 msec : 0
15.5 msec : 0
15.6 msec : 0
15.7 msec : 0
15.8 msec : 0
15.9 msec : 1
16.0 msec : 0
16.1 msec : 0
16.2 msec : 0
16.3 msec : 0
16.4 msec : 0
16.5 msec : 0
16.6 msec : 0
16.7 msec : 1
16.8 msec : 0
16.9 msec : 1
17.0 msec : 0
17.1 msec : 0
17.2 msec : 1
17.3 msec : 0
17.4 msec : 0
17.5 msec : 0
17.6 msec : 1
17.7 msec : 0
17.8 msec : 0
17.9 msec : 0
18.0 msec : 0
18.1 msec : 0
18.2 msec : 0
18.3 msec : 1
18.4 msec : 0
18.5 msec : 0
18.6 msec : 0
18.7 msec : 0
18.8 msec : 0
18.9 msec : 0
19.0 msec : 0
19.1 msec : 0
19.2 msec : 0
19.3 msec : 0
19.4 msec : 0
19.5 msec : 0
19.6 msec : 0
19.7 msec : 0
19.8 msec : 0
19.9 msec : 0
20.0 msec : 0
20.1 msec : 0
20.2 msec : 0
20.3 msec : 0
20.4 msec : 0
20.5 msec : 0
20.6 msec : 0
20.7 msec : 0
20.8 msec : 0
20.9 msec : 0
21.0 msec : 0
21.1 msec : 0
21.2 msec : 0
21.3 msec : 0
21.4 msec : 0
21.5 msec : 0
21.6 msec : 1
21.7 msec : 1
21.8 msec : 0
21.9 msec : 0
22.0 msec : 0
22.1 msec : 0
22.2 msec : 0
22.3 msec : 0
22.4 msec : 0
22.5 msec : 0
22.6 msec : 1
22.7 msec : 0
22.8 msec : 0
22.9 msec : 0
23.0 msec : 0
23.1 msec : 1
23.2 msec : 0
23.3 msec : 0
23.4 msec : 0
23.5 msec : 0
23.6 msec : 0
23.7 msec : 0
23.8 msec : 0
23.9 msec : 0
24.0 msec : 0
24.1 msec : 0
24.2 msec : 0
24.3 msec : 0
24.4 msec : 0
24.5 msec : 0
24.6 msec : 0
24.7 msec : 0
24.8 msec : 0
24.9 msec : 0
25.0 msec : 0
25.1 msec : 0
25.2 msec : 0
25.3 msec : 0
25.4 msec : 0
25.5 msec : 0
25.6 msec : 0
25.7 msec : 0
25.8 msec : 0
25.9 msec : 0
26.0 msec : 0
26.1 msec : 0
26.2 msec : 0
26.3 msec : 0
26.4 msec : 0
26.5 msec : 0
26.6 msec : 0
26.7 msec : 0
26.8 msec : 0
26.9 msec : 0
27.0 msec : 0
27.1 msec : 0
27.2 msec : 0
27.3 msec : 0
27.4 msec : 0
27.5 msec : 0
27.6 msec : 0
27.7 msec : 0
27.8 msec : 0
27.9 msec : 0
28.0 msec : 0
28.1 msec : 0
28.2 msec : 0
28.3 msec : 0
28.4 msec : 0
28.5 msec : 0
28.6 msec : 0
28.7 msec : 0
28.8 msec : 0
28.9 msec : 0
29.0 msec : 0
29.1 msec : 0
29.2 msec : 0
29.3 msec : 0
29.4 msec : 0
29.5 msec : 0
29.6 msec : 0
29.7 msec : 0
29.8 msec : 0
29.9 msec : 0
30.0 msec : 0
30.1 msec : 0
30.2 msec : 0
30.3 msec : 0
30.4 msec : 0
30.5 msec : 0
30.6 msec : 0
30.7 msec : 0
30.8 msec : 0
30.9 msec : 0
31.0 msec : 0
31.1 msec : 0
31.2 msec : 0
31.3 msec : 0
31.4 msec : 0
31.5 msec : 0
31.6 msec : 0
31.7 msec : 0
31.8 msec : 0
31.9 msec : 0
32.0 msec : 0
32.1 msec : 0
32.2 msec : 0
32.3 msec : 0
32.4 msec : 1
32.5 msec : 0
32.6 msec : 0
32.7 msec : 0
32.8 msec : 0
32.9 msec : 0
33.0 msec : 0
33.1 msec : 1
33.2 msec : 0
33.3 msec : 0
33.4 msec : 0
33.5 msec : 0
33.6 msec : 0
33.7 msec : 0
33.8 msec : 0
33.9 msec : 0
34.0 msec : 0
34.1 msec : 0
34.2 msec : 0
34.3 msec : 0
34.4 msec : 0
34.5 msec : 0
34.6 msec : 0
34.7 msec : 0
34.8 msec : 0
34.9 msec : 0
35.0 msec : 0
35.1 msec : 0
35.2 msec : 0
35.3 msec : 0
35.4 msec : 0
35.5 msec : 0
35.6 msec : 0
35.7 msec : 0
35.8 msec : 0
35.9 msec : 0
36.0 msec : 0
36.1 msec : 0
36.2 msec : 0
36.3 msec : 0
36.4 msec : 0
36.5 msec : 0
36.6 msec : 0
36.7 msec : 0
36.8 msec : 0
36.9 msec : 0
37.0 msec : 0
37.1 msec : 0
37.2 msec : 0
37.3 msec : 1
37.4 msec : 0
37.5 msec : 0
37.6 msec : 0
37.7 msec : 0
37.8 msec : 0
37.9 msec : 0
38.0 msec : 0
38.1 msec : 0
38.2 msec : 0
38.3 msec : 0
38.4 msec : 0
38.5 msec : 0
38.6 msec : 0
38.7 msec : 0
38.8 msec : 0
38.9 msec : 0
39.0 msec : 0
39.1 msec : 0
