Middleware started...
Middleware shuts down...
Smaller resolution statistics are in a log file...
Final aggregates per worker:


Worker 46
Average throughput (ops/sec) = 85
Average response time (msec) = 5.794145229508197
Average queue length = 0
Average wait time in queue (msec) = 0.2777845901639345
Average service time (msec) = 5.424271442622951
Number of SET = 0
Number of GET = 85
Number of MULTI GET = 0


Worker 47
Average throughput (ops/sec) = 86
Average response time (msec) = 5.777070491803279
Average queue length = 1
Average wait time in queue (msec) = 0.2803427704918033
Average service time (msec) = 5.419807295081967
Number of SET = 0
Number of GET = 86
Number of MULTI GET = 0


Worker 48
Average throughput (ops/sec) = 87
Average response time (msec) = 5.6673671639344265
Average queue length = 0
Average wait time in queue (msec) = 0.2780575573770492
Average service time (msec) = 5.317099836065574
Number of SET = 0
Number of GET = 87
Number of MULTI GET = 0


Worker 49
Average throughput (ops/sec) = 87
Average response time (msec) = 5.544776393442623
Average queue length = 1
Average wait time in queue (msec) = 0.3009657540983607
Average service time (msec) = 5.1647438032786885
Number of SET = 0
Number of GET = 87
Number of MULTI GET = 0


Worker 42
Average throughput (ops/sec) = 87
Average response time (msec) = 5.587118065573771
Average queue length = 0
Average wait time in queue (msec) = 0.276469475409836
Average service time (msec) = 5.23929806557377
Number of SET = 0
Number of GET = 87
Number of MULTI GET = 0


Worker 43
Average throughput (ops/sec) = 87
Average response time (msec) = 5.6052021967213115
Average queue length = 0
Average wait time in queue (msec) = 0.2895130983606557
Average service time (msec) = 5.226854770491803
Number of SET = 0
Number of GET = 87
Number of MULTI GET = 0


Worker 44
Average throughput (ops/sec) = 87
Average response time (msec) = 5.588869508196721
Average queue length = 1
Average wait time in queue (msec) = 0.2734101639344262
Average service time (msec) = 5.227382836065574
Number of SET = 0
Number of GET = 87
Number of MULTI GET = 0


Worker 45
Average throughput (ops/sec) = 87
Average response time (msec) = 5.652393114754099
Average queue length = 2
Average wait time in queue (msec) = 0.2992685901639345
Average service time (msec) = 5.379288377049181
Number of SET = 0
Number of GET = 87
Number of MULTI GET = 0


Worker 50
Average throughput (ops/sec) = 86
Average response time (msec) = 5.7661173442622955
Average queue length = 0
Average wait time in queue (msec) = 0.288816475409836
Average service time (msec) = 5.386109147540984
Number of SET = 0
Number of GET = 86
Number of MULTI GET = 0


Worker 51
Average throughput (ops/sec) = 86
Average response time (msec) = 5.6801110491803275
Average queue length = 0
Average wait time in queue (msec) = 0.27318034426229504
Average service time (msec) = 5.321930557377049
Number of SET = 0
Number of GET = 86
Number of MULTI GET = 0


Worker 52
Average throughput (ops/sec) = 88
Average response time (msec) = 5.56884162295082
Average queue length = 0
Average wait time in queue (msec) = 0.2683368524590164
Average service time (msec) = 5.220454163934426
Number of SET = 0
Number of GET = 88
Number of MULTI GET = 0


Worker 57
Average throughput (ops/sec) = 87
Average response time (msec) = 5.553179885245902
Average queue length = 0
Average wait time in queue (msec) = 0.26437686885245903
Average service time (msec) = 5.214364590163934
Number of SET = 0
Number of GET = 87
Number of MULTI GET = 0


Worker 13
Average throughput (ops/sec) = 84
Average response time (msec) = 5.891489704918032
Average queue length = 1
Average wait time in queue (msec) = 0.2829541639344262
Average service time (msec) = 5.527274786885246
Number of SET = 0
Number of GET = 84
Number of MULTI GET = 0


Worker 58
Average throughput (ops/sec) = 86
Average response time (msec) = 5.745205262295082
Average queue length = 3
Average wait time in queue (msec) = 0.2930618524590164
Average service time (msec) = 5.373575491803279
Number of SET = 0
Number of GET = 86
Number of MULTI GET = 0


Worker 14
Average throughput (ops/sec) = 87
Average response time (msec) = 5.652637885245902
Average queue length = 1
Average wait time in queue (msec) = 0.2849238032786885
Average service time (msec) = 5.293859295081967
Number of SET = 0
Number of GET = 87
Number of MULTI GET = 0


Worker 59
Average throughput (ops/sec) = 88
Average response time (msec) = 5.649106868852459
Average queue length = 2
Average wait time in queue (msec) = 0.3038574918032787
Average service time (msec) = 5.264361360655738
Number of SET = 0
Number of GET = 88
Number of MULTI GET = 0


Worker 15
Average throughput (ops/sec) = 87
Average response time (msec) = 5.606445032786885
Average queue length = 1
Average wait time in queue (msec) = 0.2952041967213115
Average service time (msec) = 5.230794442622951
Number of SET = 0
Number of GET = 87
Number of MULTI GET = 0


Worker 16
Average throughput (ops/sec) = 85
Average response time (msec) = 5.737762508196721
Average queue length = 1
Average wait time in queue (msec) = 0.27681504918032784
Average service time (msec) = 5.380902016393443
Number of SET = 0
Number of GET = 85
Number of MULTI GET = 0


Worker 53
Average throughput (ops/sec) = 85
Average response time (msec) = 5.843757688524589
Average queue length = 1
Average wait time in queue (msec) = 0.272826262295082
Average service time (msec) = 5.478817590163934
Number of SET = 0
Number of GET = 85
Number of MULTI GET = 0


Worker 54
Average throughput (ops/sec) = 87
Average response time (msec) = 5.74236893442623
Average queue length = 2
Average wait time in queue (msec) = 0.28123178688524586
Average service time (msec) = 5.370375819672131
Number of SET = 0
Number of GET = 87
Number of MULTI GET = 0


Worker 10
Average throughput (ops/sec) = 88
Average response time (msec) = 5.515972983606558
Average queue length = 1
Average wait time in queue (msec) = 0.25896977049180325
Average service time (msec) = 5.17909393442623
Number of SET = 0
Number of GET = 88
Number of MULTI GET = 0


Worker 55
Average throughput (ops/sec) = 86
Average response time (msec) = 5.729192393442624
Average queue length = 0
Average wait time in queue (msec) = 0.282332737704918
Average service time (msec) = 5.36015793442623
Number of SET = 0
Number of GET = 86
Number of MULTI GET = 0


Worker 11
Average throughput (ops/sec) = 87
Average response time (msec) = 5.601026491803279
Average queue length = 0
Average wait time in queue (msec) = 0.2730777049180328
Average service time (msec) = 5.250933
Number of SET = 0
Number of GET = 87
Number of MULTI GET = 0


Worker 56
Average throughput (ops/sec) = 87
Average response time (msec) = 5.703430803278688
Average queue length = 0
Average wait time in queue (msec) = 0.2927237213114754
Average service time (msec) = 5.332504278688525
Number of SET = 0
Number of GET = 87
Number of MULTI GET = 0


Worker 12
Average throughput (ops/sec) = 86
Average response time (msec) = 5.713858983606557
Average queue length = 0
Average wait time in queue (msec) = 0.3014059180327869
Average service time (msec) = 5.34107224590164
Number of SET = 0
Number of GET = 86
Number of MULTI GET = 0


Worker 17
Average throughput (ops/sec) = 86
Average response time (msec) = 5.753112508196721
Average queue length = 0
Average wait time in queue (msec) = 0.2915392131147541
Average service time (msec) = 5.384253409836066
Number of SET = 0
Number of GET = 86
Number of MULTI GET = 0


Worker 18
Average throughput (ops/sec) = 86
Average response time (msec) = 5.833887475409837
Average queue length = 0
Average wait time in queue (msec) = 0.265934
Average service time (msec) = 5.479380475409837
Number of SET = 0
Number of GET = 86
Number of MULTI GET = 0


Worker 19
Average throughput (ops/sec) = 85
Average response time (msec) = 5.688868278688525
Average queue length = 0
Average wait time in queue (msec) = 0.2819447704918033
Average service time (msec) = 5.3242555573770485
Number of SET = 0
Number of GET = 85
Number of MULTI GET = 0


Worker 60
Average throughput (ops/sec) = 86
Average response time (msec) = 5.8087892622950825
Average queue length = 2
Average wait time in queue (msec) = 0.3235688360655738
Average service time (msec) = 5.390566557377049
Number of SET = 0
Number of GET = 86
Number of MULTI GET = 0


Worker 61
Average throughput (ops/sec) = 87
Average response time (msec) = 5.703217672131148
Average queue length = 0
Average wait time in queue (msec) = 0.287874131147541
Average service time (msec) = 5.345061377049181
Number of SET = 0
Number of GET = 87
Number of MULTI GET = 0


Worker 62
Average throughput (ops/sec) = 86
Average response time (msec) = 5.715281655737704
Average queue length = 1
Average wait time in queue (msec) = 0.2944261803278688
Average service time (msec) = 5.32596631147541
Number of SET = 0
Number of GET = 86
Number of MULTI GET = 0


Worker 63
Average throughput (ops/sec) = 88
Average response time (msec) = 5.631857950819672
Average queue length = 1
Average wait time in queue (msec) = 0.28119406557377047
Average service time (msec) = 5.27503724590164
Number of SET = 0
Number of GET = 88
Number of MULTI GET = 0


Worker 24
Average throughput (ops/sec) = 87
Average response time (msec) = 5.6047469672131145
Average queue length = 2
Average wait time in queue (msec) = 0.29193978688524586
Average service time (msec) = 5.235128852459016
Number of SET = 0
Number of GET = 87
Number of MULTI GET = 0


Worker 7
Average throughput (ops/sec) = 86
Average response time (msec) = 5.6865172131147546
Average queue length = 1
Average wait time in queue (msec) = 0.28313504918032784
Average service time (msec) = 5.330691524590163
Number of SET = 0
Number of GET = 86
Number of MULTI GET = 0


Worker 25
Average throughput (ops/sec) = 88
Average response time (msec) = 5.717533737704918
Average queue length = 2
Average wait time in queue (msec) = 0.2952814918032787
Average service time (msec) = 5.336042327868853
Number of SET = 0
Number of GET = 88
Number of MULTI GET = 0


Worker 6
Average throughput (ops/sec) = 87
Average response time (msec) = 5.622887049180328
Average queue length = 0
Average wait time in queue (msec) = 0.2573067540983607
Average service time (msec) = 5.295444393442623
Number of SET = 0
Number of GET = 87
Number of MULTI GET = 0


Worker 26
Average throughput (ops/sec) = 89
Average response time (msec) = 5.51815493442623
Average queue length = 2
Average wait time in queue (msec) = 0.3046632295081967
Average service time (msec) = 5.1419464426229515
Number of SET = 0
Number of GET = 89
Number of MULTI GET = 0


Worker 9
Average throughput (ops/sec) = 86
Average response time (msec) = 5.776723770491803
Average queue length = 0
Average wait time in queue (msec) = 0.2889208524590164
Average service time (msec) = 5.415848557377049
Number of SET = 0
Number of GET = 86
Number of MULTI GET = 0


Worker 27
Average throughput (ops/sec) = 87
Average response time (msec) = 5.597183704918033
Average queue length = 2
Average wait time in queue (msec) = 0.29611852459016397
Average service time (msec) = 5.224624049180328
Number of SET = 0
Number of GET = 87
Number of MULTI GET = 0


Worker 8
Average throughput (ops/sec) = 86
Average response time (msec) = 5.650207180327869
Average queue length = 0
Average wait time in queue (msec) = 0.2908208524590164
Average service time (msec) = 5.283220147540984
Number of SET = 0
Number of GET = 86
Number of MULTI GET = 0


Worker 64
Average throughput (ops/sec) = 87
Average response time (msec) = 5.573914442622951
Average queue length = 0
Average wait time in queue (msec) = 0.29609101639344265
Average service time (msec) = 5.191504409836066
Number of SET = 0
Number of GET = 87
Number of MULTI GET = 0


Worker 20
Average throughput (ops/sec) = 87
Average response time (msec) = 5.657054918032787
Average queue length = 1
Average wait time in queue (msec) = 0.27398142622950816
Average service time (msec) = 5.308680950819672
Number of SET = 0
Number of GET = 87
Number of MULTI GET = 0


Worker 3
Average throughput (ops/sec) = 86
Average response time (msec) = 5.717071786885246
Average queue length = 1
Average wait time in queue (msec) = 0.2816260655737705
Average service time (msec) = 5.3493048688524585
Number of SET = 0
Number of GET = 86
Number of MULTI GET = 0


Worker 21
Average throughput (ops/sec) = 86
Average response time (msec) = 5.6176679016393445
Average queue length = 0
Average wait time in queue (msec) = 0.29913288524590165
Average service time (msec) = 5.247766934426229
Number of SET = 0
Number of GET = 86
Number of MULTI GET = 0


Worker 2
Average throughput (ops/sec) = 86
Average response time (msec) = 5.742977737704917
Average queue length = 0
Average wait time in queue (msec) = 0.30409040983606556
Average service time (msec) = 5.361499950819672
Number of SET = 0
Number of GET = 86
Number of MULTI GET = 0


Worker 22
Average throughput (ops/sec) = 86
Average response time (msec) = 5.694713032786885
Average queue length = 2
Average wait time in queue (msec) = 0.2736402131147541
Average service time (msec) = 5.339169967213115
Number of SET = 0
Number of GET = 86
Number of MULTI GET = 0


Worker 5
Average throughput (ops/sec) = 87
Average response time (msec) = 5.624406377049181
Average queue length = 0
Average wait time in queue (msec) = 0.27639936065573767
Average service time (msec) = 5.272245803278689
Number of SET = 0
Number of GET = 87
Number of MULTI GET = 0


Worker 23
Average throughput (ops/sec) = 86
Average response time (msec) = 5.744030262295082
Average queue length = 2
Average wait time in queue (msec) = 0.2816486721311475
Average service time (msec) = 5.386855836065574
Number of SET = 0
Number of GET = 86
Number of MULTI GET = 0


Worker 4
Average throughput (ops/sec) = 87
Average response time (msec) = 5.662362114754099
Average queue length = 0
Average wait time in queue (msec) = 0.29104495081967213
Average service time (msec) = 5.291287901639344
Number of SET = 0
Number of GET = 87
Number of MULTI GET = 0


Worker 28
Average throughput (ops/sec) = 86
Average response time (msec) = 5.7064612622950825
Average queue length = 2
Average wait time in queue (msec) = 0.27488262295081967
Average service time (msec) = 5.348080131147541
Number of SET = 0
Number of GET = 86
Number of MULTI GET = 0


Worker 29
Average throughput (ops/sec) = 86
Average response time (msec) = 5.7192210491803275
Average queue length = 2
Average wait time in queue (msec) = 0.2850976229508197
Average service time (msec) = 5.355477721311475
Number of SET = 0
Number of GET = 86
Number of MULTI GET = 0


Worker 1
Average throughput (ops/sec) = 85
Average response time (msec) = 5.823084639344262
Average queue length = 1
Average wait time in queue (msec) = 0.3043007049180328
Average service time (msec) = 5.448422262295082
Number of SET = 0
Number of GET = 85
Number of MULTI GET = 0


Worker 30
Average throughput (ops/sec) = 87
Average response time (msec) = 5.523818967213114
Average queue length = 3
Average wait time in queue (msec) = 0.2881212950819672
Average service time (msec) = 5.169235
Number of SET = 0
Number of GET = 87
Number of MULTI GET = 0


Worker 35
Average throughput (ops/sec) = 86
Average response time (msec) = 5.712831918032787
Average queue length = 5
Average wait time in queue (msec) = 0.27732314754098364
Average service time (msec) = 5.354786836065574
Number of SET = 0
Number of GET = 86
Number of MULTI GET = 0


Worker 36
Average throughput (ops/sec) = 88
Average response time (msec) = 5.65411168852459
Average queue length = 1
Average wait time in queue (msec) = 0.2859003606557377
Average service time (msec) = 5.286857639344262
Number of SET = 0
Number of GET = 88
Number of MULTI GET = 0


Worker 37
Average throughput (ops/sec) = 86
Average response time (msec) = 5.731462770491803
Average queue length = 1
Average wait time in queue (msec) = 0.28885431147540985
Average service time (msec) = 5.356867475409836
Number of SET = 0
Number of GET = 86
Number of MULTI GET = 0


Worker 38
Average throughput (ops/sec) = 88
Average response time (msec) = 5.548752590163934
Average queue length = 0
Average wait time in queue (msec) = 0.26912345901639345
Average service time (msec) = 5.1797734262295085
Number of SET = 0
Number of GET = 88
Number of MULTI GET = 0


Worker 31
Average throughput (ops/sec) = 87
Average response time (msec) = 5.611172180327869
Average queue length = 1
Average wait time in queue (msec) = 0.2630362295081967
Average service time (msec) = 5.267481918032787
Number of SET = 0
Number of GET = 87
Number of MULTI GET = 0


Worker 32
Average throughput (ops/sec) = 88
Average response time (msec) = 5.65378824590164
Average queue length = 0
Average wait time in queue (msec) = 0.28993165573770496
Average service time (msec) = 5.269280163934426
Number of SET = 0
Number of GET = 88
Number of MULTI GET = 0


Worker 33
Average throughput (ops/sec) = 84
Average response time (msec) = 5.7862838852459015
Average queue length = 0
Average wait time in queue (msec) = 0.2643157868852459
Average service time (msec) = 5.428998622950819
Number of SET = 0
Number of GET = 84
Number of MULTI GET = 0


Worker 34
Average throughput (ops/sec) = 87
Average response time (msec) = 5.503493639344262
Average queue length = 1
Average wait time in queue (msec) = 0.26895459016393447
Average service time (msec) = 5.158420442622951
Number of SET = 0
Number of GET = 87
Number of MULTI GET = 0


Worker 39
Average throughput (ops/sec) = 85
Average response time (msec) = 5.77604668852459
Average queue length = 0
Average wait time in queue (msec) = 0.28997891803278686
Average service time (msec) = 5.412646098360656
Number of SET = 0
Number of GET = 85
Number of MULTI GET = 0


Worker 40
Average throughput (ops/sec) = 86
Average response time (msec) = 5.679739508196721
Average queue length = 0
Average wait time in queue (msec) = 0.29022334426229507
Average service time (msec) = 5.2660185901639345
Number of SET = 0
Number of GET = 86
Number of MULTI GET = 0


Worker 41
Average throughput (ops/sec) = 88
Average response time (msec) = 5.559069639344262
Average queue length = 0
Average wait time in queue (msec) = 0.26181296721311476
Average service time (msec) = 5.223205688524589
Number of SET = 0
Number of GET = 88
Number of MULTI GET = 0


FINAL STATS
Average throughput (ops/sec) = 5538
Average response time (msec) = 5.6398851855341094
Average queue length = 0
Average wait time in queue (msec) = 0.28412635553278687
Average service time (msec) = 5.312291608606557
Number of SET = 0
Number of GET = 5538
Number of MULTI GET = 0
Number of Cache misses = 4700


Histogram response times (0.1 msec step)
0.0 msec : 336
0.1 msec : 3596
0.2 msec : 9444
0.3 msec : 14190
0.4 msec : 17599
0.5 msec : 19532
0.6 msec : 20092
0.7 msec : 19644
0.8 msec : 17254
0.9 msec : 14287
1.0 msec : 10911
1.1 msec : 7992
1.2 msec : 5742
1.3 msec : 4179
1.4 msec : 2972
1.5 msec : 1921
1.6 msec : 1553
1.7 msec : 1090
1.8 msec : 899
1.9 msec : 792
2.0 msec : 637
2.1 msec : 580
2.2 msec : 431
2.3 msec : 393
2.4 msec : 381
2.5 msec : 360
2.6 msec : 317
2.7 msec : 304
2.8 msec : 329
2.9 msec : 291
3.0 msec : 292
3.1 msec : 271
3.2 msec : 283
3.3 msec : 228
3.4 msec : 193
3.5 msec : 230
3.6 msec : 202
3.7 msec : 190
3.8 msec : 209
3.9 msec : 207
4.0 msec : 200
4.1 msec : 215
4.2 msec : 218
4.3 msec : 194
4.4 msec : 225
4.5 msec : 205
4.6 msec : 188
4.7 msec : 203
4.8 msec : 218
4.9 msec : 269
5.0 msec : 210
5.1 msec : 185
5.2 msec : 241
5.3 msec : 224
5.4 msec : 233
5.5 msec : 255
5.6 msec : 252
5.7 msec : 216
5.8 msec : 271
5.9 msec : 332
6.0 msec : 334
6.1 msec : 352
6.2 msec : 335
6.3 msec : 361
6.4 msec : 378
6.5 msec : 455
6.6 msec : 478
6.7 msec : 433
6.8 msec : 416
6.9 msec : 405
7.0 msec : 371
7.1 msec : 406
7.2 msec : 397
7.3 msec : 436
7.4 msec : 514
7.5 msec : 538
7.6 msec : 567
7.7 msec : 555
7.8 msec : 830
7.9 msec : 1038
8.0 msec : 1192
8.1 msec : 1537
8.2 msec : 1930
8.3 msec : 2240
8.4 msec : 2300
8.5 msec : 2578
8.6 msec : 2977
8.7 msec : 3375
8.8 msec : 4176
8.9 msec : 4523
9.0 msec : 4448
9.1 msec : 4842
9.2 msec : 4961
9.3 msec : 4671
9.4 msec : 4507
9.5 msec : 4358
9.6 msec : 4364
9.7 msec : 4013
9.8 msec : 3769
9.9 msec : 3558
10.0 msec : 3427
10.1 msec : 3060
10.2 msec : 2949
10.3 msec : 2617
10.4 msec : 2606
10.5 msec : 2404
10.6 msec : 2470
10.7 msec : 2629
10.8 msec : 2603
10.9 msec : 2588
11.0 msec : 2773
11.1 msec : 2763
11.2 msec : 3003
11.3 msec : 3158
11.4 msec : 3590
11.5 msec : 3334
11.6 msec : 3503
11.7 msec : 3379
11.8 msec : 3277
11.9 msec : 3074
12.0 msec : 2790
12.1 msec : 2621
12.2 msec : 2219
12.3 msec : 2019
12.4 msec : 1514
12.5 msec : 1010
12.6 msec : 712
12.7 msec : 499
12.8 msec : 325
12.9 msec : 184
13.0 msec : 151
13.1 msec : 92
13.2 msec : 62
13.3 msec : 52
13.4 msec : 46
13.5 msec : 41
13.6 msec : 28
13.7 msec : 26
13.8 msec : 29
13.9 msec : 51
14.0 msec : 50
14.1 msec : 28
14.2 msec : 5
14.3 msec : 9
14.4 msec : 18
14.5 msec : 13
14.6 msec : 12
14.7 msec : 12
14.8 msec : 10
14.9 msec : 15
15.0 msec : 15
15.1 msec : 15
15.2 msec : 14
15.3 msec : 9
15.4 msec : 12
15.5 msec : 12
15.6 msec : 15
15.7 msec : 8
15.8 msec : 18
15.9 msec : 12
16.0 msec : 6
16.1 msec : 9
16.2 msec : 8
16.3 msec : 5
16.4 msec : 10
16.5 msec : 15
16.6 msec : 12
16.7 msec : 13
16.8 msec : 12
16.9 msec : 10
17.0 msec : 11
17.1 msec : 6
17.2 msec : 17
17.3 msec : 14
17.4 msec : 13
17.5 msec : 14
17.6 msec : 9
17.7 msec : 8
17.8 msec : 12
17.9 msec : 10
18.0 msec : 10
18.1 msec : 11
18.2 msec : 2
18.3 msec : 6
18.4 msec : 3
18.5 msec : 3
18.6 msec : 5
18.7 msec : 9
18.8 msec : 7
18.9 msec : 7
19.0 msec : 4
19.1 msec : 3
19.2 msec : 0
19.3 msec : 2
19.4 msec : 1
19.5 msec : 4
19.6 msec : 5
19.7 msec : 4
19.8 msec : 4
19.9 msec : 3
20.0 msec : 4
20.1 msec : 5
20.2 msec : 4
20.3 msec : 0
20.4 msec : 1
20.5 msec : 0
20.6 msec : 1
20.7 msec : 0
20.8 msec : 0
20.9 msec : 2
21.0 msec : 2
21.1 msec : 1
21.2 msec : 1
21.3 msec : 6
21.4 msec : 7
21.5 msec : 20
21.6 msec : 16
21.7 msec : 5
21.8 msec : 5
21.9 msec : 3
22.0 msec : 9
22.1 msec : 5
22.2 msec : 5
22.3 msec : 4
22.4 msec : 13
22.5 msec : 1
22.6 msec : 4
22.7 msec : 5
22.8 msec : 7
22.9 msec : 9
23.0 msec : 5
23.1 msec : 12
23.2 msec : 10
23.3 msec : 5
23.4 msec : 12
23.5 msec : 8
23.6 msec : 8
23.7 msec : 13
23.8 msec : 16
23.9 msec : 5
24.0 msec : 5
24.1 msec : 2
24.2 msec : 1
24.3 msec : 5
24.4 msec : 8
24.5 msec : 5
24.6 msec : 7
24.7 msec : 10
24.8 msec : 2
24.9 msec : 3
25.0 msec : 0
25.1 msec : 1
25.2 msec : 0
25.3 msec : 8
25.4 msec : 3
25.5 msec : 0
25.6 msec : 2
25.7 msec : 4
25.8 msec : 12
25.9 msec : 12
26.0 msec : 9
26.1 msec : 5
26.2 msec : 3
26.3 msec : 3
26.4 msec : 5
26.5 msec : 5
26.6 msec : 5
26.7 msec : 1
26.8 msec : 0
26.9 msec : 2
27.0 msec : 1
27.1 msec : 0
27.2 msec : 1
27.3 msec : 1
27.4 msec : 0
27.5 msec : 0
27.6 msec : 1
27.7 msec : 1
27.8 msec : 0
27.9 msec : 0
28.0 msec : 3
28.1 msec : 1
28.2 msec : 2
28.3 msec : 6
28.4 msec : 5
28.5 msec : 1
28.6 msec : 2
28.7 msec : 3
28.8 msec : 2
28.9 msec : 0
29.0 msec : 3
29.1 msec : 2
29.2 msec : 1
29.3 msec : 0
29.4 msec : 0
29.5 msec : 0
29.6 msec : 1
29.7 msec : 4
29.8 msec : 3
29.9 msec : 3
30.0 msec : 2
30.1 msec : 0
30.2 msec : 0
30.3 msec : 0
30.4 msec : 1
30.5 msec : 0
30.6 msec : 2
30.7 msec : 0
30.8 msec : 0
30.9 msec : 1
31.0 msec : 0
31.1 msec : 0
31.2 msec : 1
31.3 msec : 0
31.4 msec : 0
31.5 msec : 0
31.6 msec : 0
31.7 msec : 1
31.8 msec : 0
31.9 msec : 0
32.0 msec : 0
32.1 msec : 0
32.2 msec : 0
32.3 msec : 0
32.4 msec : 0
32.5 msec : 0
32.6 msec : 0
32.7 msec : 0
32.8 msec : 0
32.9 msec : 0
33.0 msec : 0
33.1 msec : 0
33.2 msec : 0
33.3 msec : 0
33.4 msec : 0
33.5 msec : 0
33.6 msec : 0
33.7 msec : 0
33.8 msec : 0
33.9 msec : 0
34.0 msec : 0
34.1 msec : 0
34.2 msec : 0
34.3 msec : 0
34.4 msec : 0
34.5 msec : 0
34.6 msec : 0
34.7 msec : 2
34.8 msec : 4
34.9 msec : 1
35.0 msec : 2
35.1 msec : 0
35.2 msec : 4
35.3 msec : 3
35.4 msec : 2
35.5 msec : 2
35.6 msec : 0
35.7 msec : 1
35.8 msec : 0
35.9 msec : 1
36.0 msec : 1
36.1 msec : 1
36.2 msec : 2
36.3 msec : 3
36.4 msec : 1
36.5 msec : 1
36.6 msec : 0
36.7 msec : 0
36.8 msec : 1
36.9 msec : 1
37.0 msec : 1
37.1 msec : 0
37.2 msec : 0
37.3 msec : 0
37.4 msec : 0
37.5 msec : 0
37.6 msec : 0
37.7 msec : 0
37.8 msec : 0
37.9 msec : 0
38.0 msec : 0
38.1 msec : 0
38.2 msec : 0
38.3 msec : 0
38.4 msec : 0
38.5 msec : 0
38.6 msec : 0
38.7 msec : 0
38.8 msec : 0
38.9 msec : 0
39.0 msec : 0
39.1 msec : 0
39.2 msec : 0
39.3 msec : 0
39.4 msec : 0
39.5 msec : 0
39.6 msec : 0
39.7 msec : 0
39.8 msec : 0
39.9 msec : 0
40.0 msec : 0
40.1 msec : 0
40.2 msec : 0
40.3 msec : 0
40.4 msec : 0
40.5 msec : 0
40.6 msec : 0
40.7 msec : 0
40.8 msec : 0
40.9 msec : 0
41.0 msec : 0
41.1 msec : 0
41.2 msec : 0
41.3 msec : 0
41.4 msec : 0
41.5 msec : 0
41.6 msec : 1
41.7 msec : 0
41.8 msec : 0
41.9 msec : 0
42.0 msec : 0
42.1 msec : 3
42.2 msec : 0
42.3 msec : 0
42.4 msec : 0
42.5 msec : 0
42.6 msec : 0
42.7 msec : 0
42.8 msec : 0
42.9 msec : 0
43.0 msec : 1
43.1 msec : 1
43.2 msec : 2
43.3 msec : 0
43.4 msec : 1
43.5 msec : 1
43.6 msec : 0
43.7 msec : 0
43.8 msec : 1
43.9 msec : 1
44.0 msec : 2
44.1 msec : 2
44.2 msec : 1
44.3 msec : 3
44.4 msec : 2
44.5 msec : 2
44.6 msec : 0
44.7 msec : 3
44.8 msec : 4
44.9 msec : 1
45.0 msec : 1
45.1 msec : 0
45.2 msec : 0
45.3 msec : 1
45.4 msec : 1
45.5 msec : 0
45.6 msec : 0
45.7 msec : 0
45.8 msec : 0
45.9 msec : 0
46.0 msec : 0
46.1 msec : 0
46.2 msec : 1
46.3 msec : 3
46.4 msec : 0
46.5 msec : 0
46.6 msec : 2
46.7 msec : 0
46.8 msec : 0
46.9 msec : 0
47.0 msec : 1
47.1 msec : 0
47.2 msec : 1
47.3 msec : 1
47.4 msec : 0
47.5 msec : 1
47.6 msec : 0
47.7 msec : 0
47.8 msec : 0
47.9 msec : 0
48.0 msec : 0
48.1 msec : 0
48.2 msec : 0
48.3 msec : 0
48.4 msec : 0
48.5 msec : 0
48.6 msec : 0
48.7 msec : 0
48.8 msec : 0
48.9 msec : 0
49.0 msec : 0
49.1 msec : 1
49.2 msec : 0
49.3 msec : 2
49.4 msec : 1
49.5 msec : 1
49.6 msec : 1
49.7 msec : 1
49.8 msec : 1
49.9 msec : 1
50.0 msec : 3
50.1 msec : 3
50.2 msec : 1
50.3 msec : 5
50.4 msec : 2
50.5 msec : 2
50.6 msec : 2
50.7 msec : 2
50.8 msec : 0
50.9 msec : 0
51.0 msec : 1
51.1 msec : 1
51.2 msec : 2
51.3 msec : 0
51.4 msec : 1
51.5 msec : 1
51.6 msec : 2
51.7 msec : 2
51.8 msec : 0
51.9 msec : 2
52.0 msec : 2
52.1 msec : 0
52.2 msec : 0
52.3 msec : 2
52.4 msec : 1
52.5 msec : 2
52.6 msec : 0
52.7 msec : 0
52.8 msec : 0
52.9 msec : 0
53.0 msec : 1
53.1 msec : 0
53.2 msec : 1
53.3 msec : 0
53.4 msec : 0
53.5 msec : 0
53.6 msec : 0
53.7 msec : 1
53.8 msec : 0
53.9 msec : 0
54.0 msec : 0
54.1 msec : 0
54.2 msec : 0
54.3 msec : 1
54.4 msec : 1
54.5 msec : 0
