Middleware started...
Middleware shuts down...
Smaller resolution statistics are in a log file...
Final aggregates per worker:


Worker 46
Average throughput (ops/sec) = 14
Average response time (msec) = 0.8645662622950819
Average queue length = 0
Average wait time in queue (msec) = 0.019019032786885246
Average service time (msec) = 0.7870954426229507
Number of SET = 0
Number of GET = 14
Number of MULTI GET = 0


Worker 47
Average throughput (ops/sec) = 14
Average response time (msec) = 0.9024798524590164
Average queue length = 0
Average wait time in queue (msec) = 0.01995467213114754
Average service time (msec) = 0.826607737704918
Number of SET = 0
Number of GET = 14
Number of MULTI GET = 0


Worker 48
Average throughput (ops/sec) = 14
Average response time (msec) = 0.9146840983606557
Average queue length = 0
Average wait time in queue (msec) = 0.020659213114754098
Average service time (msec) = 0.8353109016393443
Number of SET = 0
Number of GET = 14
Number of MULTI GET = 0


Worker 49
Average throughput (ops/sec) = 14
Average response time (msec) = 0.8830371803278689
Average queue length = 0
Average wait time in queue (msec) = 0.019902737704918034
Average service time (msec) = 0.7917001639344262
Number of SET = 0
Number of GET = 14
Number of MULTI GET = 0


Worker 42
Average throughput (ops/sec) = 14
Average response time (msec) = 0.9001659016393443
Average queue length = 0
Average wait time in queue (msec) = 0.020579934426229508
Average service time (msec) = 0.8185078852459017
Number of SET = 0
Number of GET = 14
Number of MULTI GET = 0


Worker 43
Average throughput (ops/sec) = 14
Average response time (msec) = 0.866622524590164
Average queue length = 0
Average wait time in queue (msec) = 0.01900909836065574
Average service time (msec) = 0.7903982950819672
Number of SET = 0
Number of GET = 14
Number of MULTI GET = 0


Worker 44
Average throughput (ops/sec) = 14
Average response time (msec) = 0.8994554590163935
Average queue length = 0
Average wait time in queue (msec) = 0.020355
Average service time (msec) = 0.817488819672131
Number of SET = 0
Number of GET = 14
Number of MULTI GET = 0


Worker 45
Average throughput (ops/sec) = 14
Average response time (msec) = 0.8888946393442623
Average queue length = 0
Average wait time in queue (msec) = 0.020088950819672134
Average service time (msec) = 0.8069672459016394
Number of SET = 0
Number of GET = 14
Number of MULTI GET = 0


Worker 50
Average throughput (ops/sec) = 14
Average response time (msec) = 0.877060868852459
Average queue length = 0
Average wait time in queue (msec) = 0.018853147540983606
Average service time (msec) = 0.8026824918032787
Number of SET = 0
Number of GET = 14
Number of MULTI GET = 0


Worker 51
Average throughput (ops/sec) = 14
Average response time (msec) = 0.8808317704918033
Average queue length = 0
Average wait time in queue (msec) = 0.019129590163934427
Average service time (msec) = 0.8043786393442623
Number of SET = 0
Number of GET = 14
Number of MULTI GET = 0


Worker 52
Average throughput (ops/sec) = 14
Average response time (msec) = 0.964987344262295
Average queue length = 0
Average wait time in queue (msec) = 0.01958454098360656
Average service time (msec) = 0.8903531803278689
Number of SET = 0
Number of GET = 14
Number of MULTI GET = 0


Worker 57
Average throughput (ops/sec) = 14
Average response time (msec) = 0.8762148032786886
Average queue length = 0
Average wait time in queue (msec) = 0.01903195081967213
Average service time (msec) = 0.7979573770491803
Number of SET = 0
Number of GET = 14
Number of MULTI GET = 0


Worker 13
Average throughput (ops/sec) = 14
Average response time (msec) = 0.8700949836065573
Average queue length = 0
Average wait time in queue (msec) = 0.01894527868852459
Average service time (msec) = 0.790990393442623
Number of SET = 0
Number of GET = 14
Number of MULTI GET = 0


Worker 58
Average throughput (ops/sec) = 14
Average response time (msec) = 0.8799939180327869
Average queue length = 0
Average wait time in queue (msec) = 0.01877955737704918
Average service time (msec) = 0.8053206393442623
Number of SET = 0
Number of GET = 14
Number of MULTI GET = 0


Worker 14
Average throughput (ops/sec) = 14
Average response time (msec) = 0.8743777868852459
Average queue length = 0
Average wait time in queue (msec) = 0.0192054262295082
Average service time (msec) = 0.7967979016393443
Number of SET = 0
Number of GET = 14
Number of MULTI GET = 0


Worker 59
Average throughput (ops/sec) = 14
Average response time (msec) = 0.8984400655737704
Average queue length = 0
Average wait time in queue (msec) = 0.022782967213114753
Average service time (msec) = 0.817716868852459
Number of SET = 0
Number of GET = 14
Number of MULTI GET = 0


Worker 15
Average throughput (ops/sec) = 14
Average response time (msec) = 0.8582941967213115
Average queue length = 0
Average wait time in queue (msec) = 0.01945750819672131
Average service time (msec) = 0.7805516885245901
Number of SET = 0
Number of GET = 14
Number of MULTI GET = 0


Worker 16
Average throughput (ops/sec) = 14
Average response time (msec) = 0.8885518032786885
Average queue length = 0
Average wait time in queue (msec) = 0.019338262295081968
Average service time (msec) = 0.8117240655737704
Number of SET = 0
Number of GET = 14
Number of MULTI GET = 0


Worker 53
Average throughput (ops/sec) = 14
Average response time (msec) = 0.8770798524590163
Average queue length = 0
Average wait time in queue (msec) = 0.018378065573770492
Average service time (msec) = 0.7983792950819673
Number of SET = 0
Number of GET = 14
Number of MULTI GET = 0


Worker 54
Average throughput (ops/sec) = 14
Average response time (msec) = 0.8907264754098361
Average queue length = 0
Average wait time in queue (msec) = 0.018508213114754098
Average service time (msec) = 0.8141001803278689
Number of SET = 0
Number of GET = 14
Number of MULTI GET = 0


Worker 10
Average throughput (ops/sec) = 14
Average response time (msec) = 0.8763215573770492
Average queue length = 0
Average wait time in queue (msec) = 0.019051983606557375
Average service time (msec) = 0.7993972786885246
Number of SET = 0
Number of GET = 14
Number of MULTI GET = 0


Worker 55
Average throughput (ops/sec) = 14
Average response time (msec) = 0.8999183114754099
Average queue length = 0
Average wait time in queue (msec) = 0.017708918032786885
Average service time (msec) = 0.8238548196721311
Number of SET = 0
Number of GET = 14
Number of MULTI GET = 0


Worker 11
Average throughput (ops/sec) = 14
Average response time (msec) = 0.8905560491803279
Average queue length = 0
Average wait time in queue (msec) = 0.018782967213114753
Average service time (msec) = 0.8152351639344263
Number of SET = 0
Number of GET = 14
Number of MULTI GET = 0


Worker 56
Average throughput (ops/sec) = 14
Average response time (msec) = 0.9283454918032786
Average queue length = 0
Average wait time in queue (msec) = 0.031574344262295086
Average service time (msec) = 0.7963691967213115
Number of SET = 0
Number of GET = 14
Number of MULTI GET = 0


Worker 12
Average throughput (ops/sec) = 14
Average response time (msec) = 0.8459948524590164
Average queue length = 0
Average wait time in queue (msec) = 0.018964213114754096
Average service time (msec) = 0.7728174426229507
Number of SET = 0
Number of GET = 14
Number of MULTI GET = 0


Worker 17
Average throughput (ops/sec) = 14
Average response time (msec) = 0.8782770491803279
Average queue length = 0
Average wait time in queue (msec) = 0.02133267213114754
Average service time (msec) = 0.795889262295082
Number of SET = 0
Number of GET = 14
Number of MULTI GET = 0


Worker 18
Average throughput (ops/sec) = 14
Average response time (msec) = 0.9253789344262295
Average queue length = 0
Average wait time in queue (msec) = 0.01842495081967213
Average service time (msec) = 0.8516371475409836
Number of SET = 0
Number of GET = 14
Number of MULTI GET = 0


Worker 19
Average throughput (ops/sec) = 14
Average response time (msec) = 0.8694952459016393
Average queue length = 0
Average wait time in queue (msec) = 0.02066483606557377
Average service time (msec) = 0.791102262295082
Number of SET = 0
Number of GET = 14
Number of MULTI GET = 0


Worker 60
Average throughput (ops/sec) = 14
Average response time (msec) = 0.8771593278688524
Average queue length = 0
Average wait time in queue (msec) = 0.02164209836065574
Average service time (msec) = 0.798496262295082
Number of SET = 0
Number of GET = 14
Number of MULTI GET = 0


Worker 61
Average throughput (ops/sec) = 14
Average response time (msec) = 0.8996286557377049
Average queue length = 0
Average wait time in queue (msec) = 0.021953409836065575
Average service time (msec) = 0.8195002786885246
Number of SET = 0
Number of GET = 14
Number of MULTI GET = 0


Worker 62
Average throughput (ops/sec) = 14
Average response time (msec) = 0.9308827049180327
Average queue length = 0
Average wait time in queue (msec) = 0.02782993442622951
Average service time (msec) = 0.8422332950819672
Number of SET = 0
Number of GET = 14
Number of MULTI GET = 0


Worker 63
Average throughput (ops/sec) = 14
Average response time (msec) = 0.9101524426229508
Average queue length = 0
Average wait time in queue (msec) = 0.021278524590163935
Average service time (msec) = 0.829464524590164
Number of SET = 0
Number of GET = 14
Number of MULTI GET = 0


Worker 24
Average throughput (ops/sec) = 14
Average response time (msec) = 0.8686992786885246
Average queue length = 0
Average wait time in queue (msec) = 0.023666688524590165
Average service time (msec) = 0.7875837213114754
Number of SET = 0
Number of GET = 14
Number of MULTI GET = 0


Worker 7
Average throughput (ops/sec) = 14
Average response time (msec) = 0.9344432295081967
Average queue length = 0
Average wait time in queue (msec) = 0.018239622950819673
Average service time (msec) = 0.857870868852459
Number of SET = 0
Number of GET = 14
Number of MULTI GET = 0


Worker 25
Average throughput (ops/sec) = 14
Average response time (msec) = 0.879561524590164
Average queue length = 0
Average wait time in queue (msec) = 0.019452114754098363
Average service time (msec) = 0.8021563114754099
Number of SET = 0
Number of GET = 14
Number of MULTI GET = 0


Worker 6
Average throughput (ops/sec) = 14
Average response time (msec) = 0.9709605245901639
Average queue length = 0
Average wait time in queue (msec) = 0.025357032786885246
Average service time (msec) = 0.8863481147540984
Number of SET = 0
Number of GET = 14
Number of MULTI GET = 0


Worker 26
Average throughput (ops/sec) = 14
Average response time (msec) = 0.8767679016393443
Average queue length = 0
Average wait time in queue (msec) = 0.019960754098360657
Average service time (msec) = 0.800057131147541
Number of SET = 0
Number of GET = 14
Number of MULTI GET = 0


Worker 9
Average throughput (ops/sec) = 14
Average response time (msec) = 0.8775442786885246
Average queue length = 0
Average wait time in queue (msec) = 0.024346967213114752
Average service time (msec) = 0.7868570983606558
Number of SET = 0
Number of GET = 14
Number of MULTI GET = 0


Worker 27
Average throughput (ops/sec) = 14
Average response time (msec) = 0.8746911311475409
Average queue length = 0
Average wait time in queue (msec) = 0.01843122950819672
Average service time (msec) = 0.802907
Number of SET = 0
Number of GET = 14
Number of MULTI GET = 0


Worker 8
Average throughput (ops/sec) = 14
Average response time (msec) = 0.9126896721311476
Average queue length = 0
Average wait time in queue (msec) = 0.019860098360655738
Average service time (msec) = 0.836815393442623
Number of SET = 0
Number of GET = 14
Number of MULTI GET = 0


Worker 64
Average throughput (ops/sec) = 14
Average response time (msec) = 0.855411344262295
Average queue length = 0
Average wait time in queue (msec) = 0.01855511475409836
Average service time (msec) = 0.7797750163934426
Number of SET = 0
Number of GET = 14
Number of MULTI GET = 0


Worker 20
Average throughput (ops/sec) = 14
Average response time (msec) = 0.8675791639344262
Average queue length = 0
Average wait time in queue (msec) = 0.02027722950819672
Average service time (msec) = 0.7901053114754099
Number of SET = 0
Number of GET = 14
Number of MULTI GET = 0


Worker 3
Average throughput (ops/sec) = 14
Average response time (msec) = 0.910088131147541
Average queue length = 0
Average wait time in queue (msec) = 0.021761426229508198
Average service time (msec) = 0.8274703606557376
Number of SET = 0
Number of GET = 14
Number of MULTI GET = 0


Worker 21
Average throughput (ops/sec) = 14
Average response time (msec) = 0.8495311967213114
Average queue length = 0
Average wait time in queue (msec) = 0.01904683606557377
Average service time (msec) = 0.7731876885245901
Number of SET = 0
Number of GET = 14
Number of MULTI GET = 0


Worker 2
Average throughput (ops/sec) = 14
Average response time (msec) = 0.8675945737704918
Average queue length = 0
Average wait time in queue (msec) = 0.020749196721311477
Average service time (msec) = 0.7865539836065574
Number of SET = 0
Number of GET = 14
Number of MULTI GET = 0


Worker 22
Average throughput (ops/sec) = 14
Average response time (msec) = 0.8998008196721311
Average queue length = 0
Average wait time in queue (msec) = 0.021321114754098362
Average service time (msec) = 0.820133786885246
Number of SET = 0
Number of GET = 14
Number of MULTI GET = 0


Worker 5
Average throughput (ops/sec) = 14
Average response time (msec) = 0.9345920491803279
Average queue length = 0
Average wait time in queue (msec) = 0.0316094262295082
Average service time (msec) = 0.84258
Number of SET = 0
Number of GET = 14
Number of MULTI GET = 0


Worker 23
Average throughput (ops/sec) = 14
Average response time (msec) = 0.8954434262295082
Average queue length = 0
Average wait time in queue (msec) = 0.018926245901639344
Average service time (msec) = 0.8201078360655737
Number of SET = 0
Number of GET = 14
Number of MULTI GET = 0


Worker 4
Average throughput (ops/sec) = 14
Average response time (msec) = 0.8800509344262296
Average queue length = 0
Average wait time in queue (msec) = 0.02474667213114754
Average service time (msec) = 0.7961452131147541
Number of SET = 0
Number of GET = 14
Number of MULTI GET = 0


Worker 28
Average throughput (ops/sec) = 14
Average response time (msec) = 0.8726572950819672
Average queue length = 0
Average wait time in queue (msec) = 0.018234016393442624
Average service time (msec) = 0.7973357377049181
Number of SET = 0
Number of GET = 14
Number of MULTI GET = 0


Worker 29
Average throughput (ops/sec) = 14
Average response time (msec) = 0.8788997704918033
Average queue length = 0
Average wait time in queue (msec) = 0.02123406557377049
Average service time (msec) = 0.7994264098360656
Number of SET = 0
Number of GET = 14
Number of MULTI GET = 0


Worker 1
Average throughput (ops/sec) = 14
Average response time (msec) = 0.8750680983606557
Average queue length = 0
Average wait time in queue (msec) = 0.01883777049180328
Average service time (msec) = 0.7848370163934426
Number of SET = 0
Number of GET = 14
Number of MULTI GET = 0


Worker 30
Average throughput (ops/sec) = 14
Average response time (msec) = 0.8860545737704918
Average queue length = 0
Average wait time in queue (msec) = 0.020635262295081967
Average service time (msec) = 0.8070589672131148
Number of SET = 0
Number of GET = 14
Number of MULTI GET = 0


Worker 35
Average throughput (ops/sec) = 14
Average response time (msec) = 0.8701399180327869
Average queue length = 0
Average wait time in queue (msec) = 0.019318622950819674
Average service time (msec) = 0.7813478524590164
Number of SET = 0
Number of GET = 14
Number of MULTI GET = 0


Worker 36
Average throughput (ops/sec) = 14
Average response time (msec) = 0.8642184262295083
Average queue length = 0
Average wait time in queue (msec) = 0.018368524590163936
Average service time (msec) = 0.7884218524590164
Number of SET = 0
Number of GET = 14
Number of MULTI GET = 0


Worker 37
Average throughput (ops/sec) = 14
Average response time (msec) = 0.8762619508196721
Average queue length = 0
Average wait time in queue (msec) = 0.018488311475409837
Average service time (msec) = 0.8002971803278689
Number of SET = 0
Number of GET = 14
Number of MULTI GET = 0


Worker 38
Average throughput (ops/sec) = 14
Average response time (msec) = 0.860709950819672
Average queue length = 0
Average wait time in queue (msec) = 0.019465196721311476
Average service time (msec) = 0.784702131147541
Number of SET = 0
Number of GET = 14
Number of MULTI GET = 0


Worker 31
Average throughput (ops/sec) = 14
Average response time (msec) = 0.8730134590163934
Average queue length = 0
Average wait time in queue (msec) = 0.034206704918032786
Average service time (msec) = 0.7803799836065574
Number of SET = 0
Number of GET = 14
Number of MULTI GET = 0


Worker 32
Average throughput (ops/sec) = 14
Average response time (msec) = 0.869105131147541
Average queue length = 0
Average wait time in queue (msec) = 0.019608229508196722
Average service time (msec) = 0.7905968852459017
Number of SET = 0
Number of GET = 14
Number of MULTI GET = 0


Worker 33
Average throughput (ops/sec) = 14
Average response time (msec) = 0.9045758360655737
Average queue length = 0
Average wait time in queue (msec) = 0.01888645901639344
Average service time (msec) = 0.828856
Number of SET = 0
Number of GET = 14
Number of MULTI GET = 0


Worker 34
Average throughput (ops/sec) = 14
Average response time (msec) = 0.9179983442622951
Average queue length = 0
Average wait time in queue (msec) = 0.019429196721311475
Average service time (msec) = 0.8401236721311476
Number of SET = 0
Number of GET = 14
Number of MULTI GET = 0


Worker 39
Average throughput (ops/sec) = 14
Average response time (msec) = 0.8561601803278689
Average queue length = 0
Average wait time in queue (msec) = 0.019499786885245902
Average service time (msec) = 0.7815980983606557
Number of SET = 0
Number of GET = 14
Number of MULTI GET = 0


Worker 40
Average throughput (ops/sec) = 14
Average response time (msec) = 0.9094934262295082
Average queue length = 0
Average wait time in queue (msec) = 0.03214980327868852
Average service time (msec) = 0.818873737704918
Number of SET = 0
Number of GET = 14
Number of MULTI GET = 0


Worker 41
Average throughput (ops/sec) = 14
Average response time (msec) = 0.8567056885245901
Average queue length = 0
Average wait time in queue (msec) = 0.023832344262295083
Average service time (msec) = 0.7734500819672131
Number of SET = 0
Number of GET = 14
Number of MULTI GET = 0


FINAL STATS
Average throughput (ops/sec) = 896
Average response time (msec) = 0.8799596253774314
Average queue length = 0
Average wait time in queue (msec) = 0.020926157274590164
Average service time (msec) = 0.8074216654713114
Number of SET = 0
Number of GET = 896
Number of MULTI GET = 0
Number of Cache misses = 764


Histogram response times (0.1 msec step)
0.0 msec : 2901
0.1 msec : 18904
0.2 msec : 13623
0.3 msec : 6825
0.4 msec : 4330
0.5 msec : 2801
0.6 msec : 1951
0.7 msec : 1374
0.8 msec : 1050
0.9 msec : 779
1.0 msec : 525
1.1 msec : 328
1.2 msec : 249
1.3 msec : 183
1.4 msec : 146
1.5 msec : 108
1.6 msec : 103
1.7 msec : 67
1.8 msec : 59
1.9 msec : 60
2.0 msec : 48
2.1 msec : 49
2.2 msec : 37
2.3 msec : 37
2.4 msec : 22
2.5 msec : 32
2.6 msec : 27
2.7 msec : 14
2.8 msec : 15
2.9 msec : 16
3.0 msec : 14
3.1 msec : 8
3.2 msec : 8
3.3 msec : 12
3.4 msec : 7
3.5 msec : 14
3.6 msec : 6
3.7 msec : 13
3.8 msec : 7
3.9 msec : 5
4.0 msec : 12
4.1 msec : 6
4.2 msec : 9
4.3 msec : 4
4.4 msec : 13
4.5 msec : 7
4.6 msec : 10
4.7 msec : 7
4.8 msec : 3
4.9 msec : 2
5.0 msec : 2
5.1 msec : 5
5.2 msec : 2
5.3 msec : 6
5.4 msec : 8
5.5 msec : 3
5.6 msec : 6
5.7 msec : 6
5.8 msec : 1
5.9 msec : 5
6.0 msec : 3
6.1 msec : 6
6.2 msec : 3
6.3 msec : 6
6.4 msec : 3
6.5 msec : 0
6.6 msec : 3
6.7 msec : 4
6.8 msec : 1
6.9 msec : 2
7.0 msec : 3
7.1 msec : 4
7.2 msec : 2
7.3 msec : 0
7.4 msec : 3
7.5 msec : 2
7.6 msec : 5
7.7 msec : 3
7.8 msec : 1
7.9 msec : 1
8.0 msec : 1
8.1 msec : 2
8.2 msec : 5
8.3 msec : 2
8.4 msec : 1
8.5 msec : 1
8.6 msec : 2
8.7 msec : 0
8.8 msec : 0
8.9 msec : 1
9.0 msec : 1
9.1 msec : 0
9.2 msec : 0
9.3 msec : 0
9.4 msec : 1
9.5 msec : 0
9.6 msec : 0
9.7 msec : 0
9.8 msec : 0
9.9 msec : 0
10.0 msec : 0
10.1 msec : 0
10.2 msec : 0
10.3 msec : 0
10.4 msec : 0
10.5 msec : 0
10.6 msec : 0
10.7 msec : 0
10.8 msec : 0
10.9 msec : 0
11.0 msec : 0
11.1 msec : 0
11.2 msec : 0
11.3 msec : 0
11.4 msec : 0
11.5 msec : 0
11.6 msec : 1
11.7 msec : 1
11.8 msec : 1
11.9 msec : 2
12.0 msec : 0
12.1 msec : 0
12.2 msec : 0
12.3 msec : 1
12.4 msec : 0
12.5 msec : 0
12.6 msec : 0
12.7 msec : 0
12.8 msec : 0
12.9 msec : 0
13.0 msec : 0
13.1 msec : 0
13.2 msec : 0
13.3 msec : 0
13.4 msec : 0
13.5 msec : 0
13.6 msec : 0
13.7 msec : 0
13.8 msec : 0
13.9 msec : 0
14.0 msec : 0
14.1 msec : 0
14.2 msec : 0
14.3 msec : 0
14.4 msec : 0
14.5 msec : 0
14.6 msec : 0
14.7 msec : 0
14.8 msec : 0
14.9 msec : 0
15.0 msec : 0
15.1 msec : 0
15.2 msec : 0
15.3 msec : 0
15.4 msec : 0
15.5 msec : 0
15.6 msec : 0
15.7 msec : 0
15.8 msec : 0
15.9 msec : 0
16.0 msec : 0
16.1 msec : 0
16.2 msec : 1
16.3 msec : 0
16.4 msec : 0
16.5 msec : 0
16.6 msec : 0
16.7 msec : 0
16.8 msec : 0
16.9 msec : 0
17.0 msec : 0
17.1 msec : 0
17.2 msec : 0
17.3 msec : 0
17.4 msec : 0
17.5 msec : 0
17.6 msec : 0
17.7 msec : 0
17.8 msec : 0
17.9 msec : 0
18.0 msec : 0
18.1 msec : 0
18.2 msec : 0
18.3 msec : 0
18.4 msec : 0
18.5 msec : 0
18.6 msec : 0
18.7 msec : 0
18.8 msec : 0
18.9 msec : 0
19.0 msec : 0
19.1 msec : 0
19.2 msec : 0
19.3 msec : 0
19.4 msec : 0
19.5 msec : 0
19.6 msec : 0
19.7 msec : 0
19.8 msec : 0
19.9 msec : 0
20.0 msec : 0
20.1 msec : 0
20.2 msec : 0
20.3 msec : 0
20.4 msec : 0
20.5 msec : 0
20.6 msec : 0
20.7 msec : 1
20.8 msec : 0
20.9 msec : 0
21.0 msec : 0
21.1 msec : 0
21.2 msec : 0
21.3 msec : 0
21.4 msec : 0
21.5 msec : 0
21.6 msec : 0
21.7 msec : 0
21.8 msec : 0
21.9 msec : 0
22.0 msec : 0
22.1 msec : 0
22.2 msec : 0
22.3 msec : 1
22.4 msec : 0
22.5 msec : 0
22.6 msec : 0
22.7 msec : 0
22.8 msec : 0
22.9 msec : 0
23.0 msec : 0
23.1 msec : 0
23.2 msec : 0
23.3 msec : 0
23.4 msec : 0
23.5 msec : 0
23.6 msec : 0
23.7 msec : 0
23.8 msec : 0
23.9 msec : 0
24.0 msec : 0
24.1 msec : 0
24.2 msec : 0
24.3 msec : 0
24.4 msec : 0
24.5 msec : 0
24.6 msec : 0
24.7 msec : 0
24.8 msec : 0
24.9 msec : 0
25.0 msec : 0
25.1 msec : 0
25.2 msec : 0
25.3 msec : 0
25.4 msec : 0
25.5 msec : 0
25.6 msec : 0
25.7 msec : 0
25.8 msec : 0
25.9 msec : 0
26.0 msec : 0
26.1 msec : 0
26.2 msec : 0
26.3 msec : 0
26.4 msec : 0
26.5 msec : 0
26.6 msec : 0
26.7 msec : 1
26.8 msec : 0
26.9 msec : 0
27.0 msec : 0
27.1 msec : 0
27.2 msec : 0
27.3 msec : 1
27.4 msec : 0
27.5 msec : 0
27.6 msec : 0
27.7 msec : 0
27.8 msec : 1
27.9 msec : 1
28.0 msec : 0
28.1 msec : 0
28.2 msec : 0
28.3 msec : 0
28.4 msec : 0
28.5 msec : 0
28.6 msec : 0
28.7 msec : 0
28.8 msec : 0
28.9 msec : 0
29.0 msec : 0
29.1 msec : 0
29.2 msec : 1
29.3 msec : 0
29.4 msec : 0
29.5 msec : 0
29.6 msec : 0
29.7 msec : 0
29.8 msec : 0
29.9 msec : 0
30.0 msec : 0
30.1 msec : 0
30.2 msec : 0
30.3 msec : 0
30.4 msec : 0
30.5 msec : 0
30.6 msec : 0
30.7 msec : 0
30.8 msec : 0
30.9 msec : 0
31.0 msec : 0
31.1 msec : 0
31.2 msec : 0
31.3 msec : 1
31.4 msec : 1
31.5 msec : 0
31.6 msec : 0
31.7 msec : 0
31.8 msec : 0
31.9 msec : 0
32.0 msec : 0
32.1 msec : 0
32.2 msec : 0
32.3 msec : 0
32.4 msec : 0
32.5 msec : 0
32.6 msec : 0
32.7 msec : 0
32.8 msec : 0
32.9 msec : 0
33.0 msec : 0
33.1 msec : 0
33.2 msec : 0
33.3 msec : 0
33.4 msec : 0
33.5 msec : 0
33.6 msec : 0
33.7 msec : 0
33.8 msec : 0
33.9 msec : 0
34.0 msec : 0
34.1 msec : 0
34.2 msec : 0
34.3 msec : 0
34.4 msec : 0
34.5 msec : 0
34.6 msec : 0
34.7 msec : 0
34.8 msec : 0
34.9 msec : 0
35.0 msec : 0
35.1 msec : 0
35.2 msec : 0
35.3 msec : 0
35.4 msec : 0
35.5 msec : 0
35.6 msec : 0
35.7 msec : 0
35.8 msec : 0
35.9 msec : 0
36.0 msec : 0
36.1 msec : 0
36.2 msec : 1
36.3 msec : 0
36.4 msec : 0
36.5 msec : 0
36.6 msec : 0
36.7 msec : 0
36.8 msec : 0
36.9 msec : 0
37.0 msec : 0
37.1 msec : 0
37.2 msec : 0
37.3 msec : 0
37.4 msec : 0
37.5 msec : 0
37.6 msec : 0
37.7 msec : 0
37.8 msec : 0
37.9 msec : 0
38.0 msec : 0
38.1 msec : 0
38.2 msec : 0
38.3 msec : 0
38.4 msec : 0
38.5 msec : 0
