Middleware started...
Middleware shuts down...
Smaller resolution statistics are in a log file...
Final aggregates per worker:


Worker 24
Average throughput (ops/sec) = 171
Average response time (msec) = 2.9304125245901638
Average queue length = 2
Average wait time in queue (msec) = 0.243217
Average service time (msec) = 2.578810049180328
Number of SET = 0
Number of GET = 171
Number of MULTI GET = 0


Worker 7
Average throughput (ops/sec) = 171
Average response time (msec) = 3.0053818852459013
Average queue length = 1
Average wait time in queue (msec) = 0.2584736557377049
Average service time (msec) = 2.638841
Number of SET = 0
Number of GET = 171
Number of MULTI GET = 0


Worker 25
Average throughput (ops/sec) = 171
Average response time (msec) = 2.94089237704918
Average queue length = 2
Average wait time in queue (msec) = 0.237597
Average service time (msec) = 2.6012730491803278
Number of SET = 0
Number of GET = 171
Number of MULTI GET = 0


Worker 6
Average throughput (ops/sec) = 170
Average response time (msec) = 2.942045098360656
Average queue length = 1
Average wait time in queue (msec) = 0.23560160655737705
Average service time (msec) = 2.600062
Number of SET = 0
Number of GET = 170
Number of MULTI GET = 0


Worker 26
Average throughput (ops/sec) = 170
Average response time (msec) = 2.9588754426229507
Average queue length = 2
Average wait time in queue (msec) = 0.23401209836065573
Average service time (msec) = 2.6159001475409838
Number of SET = 0
Number of GET = 170
Number of MULTI GET = 0


Worker 9
Average throughput (ops/sec) = 170
Average response time (msec) = 2.9714413114754095
Average queue length = 2
Average wait time in queue (msec) = 0.23469749180327867
Average service time (msec) = 2.622142295081967
Number of SET = 0
Number of GET = 170
Number of MULTI GET = 0


Worker 27
Average throughput (ops/sec) = 170
Average response time (msec) = 2.9501249016393443
Average queue length = 2
Average wait time in queue (msec) = 0.24862688524590165
Average service time (msec) = 2.594544967213115
Number of SET = 0
Number of GET = 170
Number of MULTI GET = 0


Worker 8
Average throughput (ops/sec) = 170
Average response time (msec) = 2.969175704918033
Average queue length = 1
Average wait time in queue (msec) = 0.24283068852459017
Average service time (msec) = 2.623174704918033
Number of SET = 0
Number of GET = 170
Number of MULTI GET = 0


Worker 20
Average throughput (ops/sec) = 171
Average response time (msec) = 2.9456554590163933
Average queue length = 1
Average wait time in queue (msec) = 0.24340188524590164
Average service time (msec) = 2.593110704918033
Number of SET = 0
Number of GET = 171
Number of MULTI GET = 0


Worker 3
Average throughput (ops/sec) = 170
Average response time (msec) = 3.0145091967213116
Average queue length = 2
Average wait time in queue (msec) = 0.2362309344262295
Average service time (msec) = 2.6673884754098363
Number of SET = 0
Number of GET = 170
Number of MULTI GET = 0


Worker 21
Average throughput (ops/sec) = 169
Average response time (msec) = 2.9647885573770494
Average queue length = 0
Average wait time in queue (msec) = 0.24127204918032785
Average service time (msec) = 2.616230950819672
Number of SET = 0
Number of GET = 169
Number of MULTI GET = 0


Worker 2
Average throughput (ops/sec) = 170
Average response time (msec) = 2.9950629836065574
Average queue length = 1
Average wait time in queue (msec) = 0.2409592131147541
Average service time (msec) = 2.6382808360655736
Number of SET = 0
Number of GET = 170
Number of MULTI GET = 0


Worker 22
Average throughput (ops/sec) = 170
Average response time (msec) = 2.959571032786885
Average queue length = 2
Average wait time in queue (msec) = 0.23769627868852458
Average service time (msec) = 2.6057713114754097
Number of SET = 0
Number of GET = 170
Number of MULTI GET = 0


Worker 5
Average throughput (ops/sec) = 170
Average response time (msec) = 2.983713672131148
Average queue length = 1
Average wait time in queue (msec) = 0.24211881967213114
Average service time (msec) = 2.6320147213114757
Number of SET = 0
Number of GET = 170
Number of MULTI GET = 0


Worker 23
Average throughput (ops/sec) = 170
Average response time (msec) = 2.9806471147540985
Average queue length = 1
Average wait time in queue (msec) = 0.24062362295081968
Average service time (msec) = 2.6345210163934425
Number of SET = 0
Number of GET = 170
Number of MULTI GET = 0


Worker 4
Average throughput (ops/sec) = 170
Average response time (msec) = 2.980248393442623
Average queue length = 1
Average wait time in queue (msec) = 0.238259
Average service time (msec) = 2.6313852459016394
Number of SET = 0
Number of GET = 170
Number of MULTI GET = 0


Worker 28
Average throughput (ops/sec) = 170
Average response time (msec) = 2.9478041639344266
Average queue length = 1
Average wait time in queue (msec) = 0.22847849180327867
Average service time (msec) = 2.596764524590164
Number of SET = 0
Number of GET = 170
Number of MULTI GET = 0


Worker 29
Average throughput (ops/sec) = 170
Average response time (msec) = 2.970488786885246
Average queue length = 1
Average wait time in queue (msec) = 0.2283215901639344
Average service time (msec) = 2.633332704918033
Number of SET = 0
Number of GET = 170
Number of MULTI GET = 0


Worker 1
Average throughput (ops/sec) = 170
Average response time (msec) = 3.001726344262295
Average queue length = 1
Average wait time in queue (msec) = 0.2368669344262295
Average service time (msec) = 2.6479715081967212
Number of SET = 0
Number of GET = 170
Number of MULTI GET = 0


Worker 30
Average throughput (ops/sec) = 169
Average response time (msec) = 3.0267398032786885
Average queue length = 1
Average wait time in queue (msec) = 0.2442498032786885
Average service time (msec) = 2.6588338852459015
Number of SET = 0
Number of GET = 169
Number of MULTI GET = 0


Worker 13
Average throughput (ops/sec) = 170
Average response time (msec) = 2.979279901639344
Average queue length = 3
Average wait time in queue (msec) = 0.24871496721311476
Average service time (msec) = 2.625643524590164
Number of SET = 0
Number of GET = 170
Number of MULTI GET = 0


Worker 14
Average throughput (ops/sec) = 171
Average response time (msec) = 2.9415913606557376
Average queue length = 1
Average wait time in queue (msec) = 0.24271475409836066
Average service time (msec) = 2.5996455081967214
Number of SET = 0
Number of GET = 171
Number of MULTI GET = 0


Worker 15
Average throughput (ops/sec) = 170
Average response time (msec) = 2.9803681967213116
Average queue length = 2
Average wait time in queue (msec) = 0.245999868852459
Average service time (msec) = 2.620442098360656
Number of SET = 0
Number of GET = 170
Number of MULTI GET = 0


Worker 16
Average throughput (ops/sec) = 170
Average response time (msec) = 2.952758918032787
Average queue length = 1
Average wait time in queue (msec) = 0.24980637704918032
Average service time (msec) = 2.587577901639344
Number of SET = 0
Number of GET = 170
Number of MULTI GET = 0


Worker 31
Average throughput (ops/sec) = 170
Average response time (msec) = 2.9323123770491804
Average queue length = 1
Average wait time in queue (msec) = 0.230419
Average service time (msec) = 2.584213442622951
Number of SET = 0
Number of GET = 170
Number of MULTI GET = 0


Worker 32
Average throughput (ops/sec) = 169
Average response time (msec) = 3.000523918032787
Average queue length = 2
Average wait time in queue (msec) = 0.24593868852459017
Average service time (msec) = 2.6388751967213118
Number of SET = 0
Number of GET = 169
Number of MULTI GET = 0


Worker 10
Average throughput (ops/sec) = 169
Average response time (msec) = 2.965860868852459
Average queue length = 2
Average wait time in queue (msec) = 0.2506652131147541
Average service time (msec) = 2.6175062786885244
Number of SET = 0
Number of GET = 169
Number of MULTI GET = 0


Worker 11
Average throughput (ops/sec) = 170
Average response time (msec) = 2.970548147540984
Average queue length = 2
Average wait time in queue (msec) = 0.24121478688524592
Average service time (msec) = 2.613352344262295
Number of SET = 0
Number of GET = 170
Number of MULTI GET = 0


Worker 12
Average throughput (ops/sec) = 170
Average response time (msec) = 2.92154037704918
Average queue length = 2
Average wait time in queue (msec) = 0.22854209836065575
Average service time (msec) = 2.5830194098360657
Number of SET = 0
Number of GET = 170
Number of MULTI GET = 0


Worker 17
Average throughput (ops/sec) = 171
Average response time (msec) = 2.960777131147541
Average queue length = 1
Average wait time in queue (msec) = 0.23333352459016393
Average service time (msec) = 2.6188120983606558
Number of SET = 0
Number of GET = 171
Number of MULTI GET = 0


Worker 18
Average throughput (ops/sec) = 170
Average response time (msec) = 2.938883770491803
Average queue length = 0
Average wait time in queue (msec) = 0.22885675409836065
Average service time (msec) = 2.6066700819672133
Number of SET = 0
Number of GET = 170
Number of MULTI GET = 0


Worker 19
Average throughput (ops/sec) = 171
Average response time (msec) = 2.9683524426229506
Average queue length = 1
Average wait time in queue (msec) = 0.24669354098360657
Average service time (msec) = 2.6118649836065573
Number of SET = 0
Number of GET = 171
Number of MULTI GET = 0


FINAL STATS
Average throughput (ops/sec) = 5443
Average response time (msec) = 2.910412808300425
Average queue length = 1
Average wait time in queue (msec) = 0.2402010819672131
Average service time (msec) = 2.61681178022541
Number of SET = 0
Number of GET = 170
Number of MULTI GET = 0
Number of Cache misses = 332995


Histogram response times (0.1 msec step)
0.0 msec : 2631
0.1 msec : 19726
0.2 msec : 38747
0.3 msec : 43500
0.4 msec : 38347
0.5 msec : 31500
0.6 msec : 24476
0.7 msec : 19442
0.8 msec : 15674
0.9 msec : 12558
1.0 msec : 10198
1.1 msec : 8512
1.2 msec : 7014
1.3 msec : 5652
1.4 msec : 4563
1.5 msec : 3732
1.6 msec : 2990
1.7 msec : 2339
1.8 msec : 2028
1.9 msec : 1658
2.0 msec : 1431
2.1 msec : 1166
2.2 msec : 1062
2.3 msec : 866
2.4 msec : 783
2.5 msec : 763
2.6 msec : 620
2.7 msec : 546
2.8 msec : 464
2.9 msec : 450
3.0 msec : 401
3.1 msec : 393
3.2 msec : 336
3.3 msec : 317
3.4 msec : 332
3.5 msec : 308
3.6 msec : 280
3.7 msec : 257
3.8 msec : 276
3.9 msec : 275
4.0 msec : 261
4.1 msec : 270
4.2 msec : 256
4.3 msec : 318
4.4 msec : 332
4.5 msec : 464
4.6 msec : 499
4.7 msec : 587
4.8 msec : 603
4.9 msec : 676
5.0 msec : 669
5.1 msec : 687
5.2 msec : 745
5.3 msec : 779
5.4 msec : 748
5.5 msec : 824
5.6 msec : 849
5.7 msec : 945
5.8 msec : 965
5.9 msec : 1118
6.0 msec : 1138
6.1 msec : 1117
6.2 msec : 1027
6.3 msec : 895
6.4 msec : 809
6.5 msec : 764
6.6 msec : 694
6.7 msec : 600
6.8 msec : 539
6.9 msec : 473
7.0 msec : 416
7.1 msec : 387
7.2 msec : 350
7.3 msec : 296
7.4 msec : 263
7.5 msec : 252
7.6 msec : 216
7.7 msec : 175
7.8 msec : 174
7.9 msec : 150
8.0 msec : 145
8.1 msec : 119
8.2 msec : 100
8.3 msec : 97
8.4 msec : 77
8.5 msec : 99
8.6 msec : 77
8.7 msec : 67
8.8 msec : 75
8.9 msec : 68
9.0 msec : 56
9.1 msec : 87
9.2 msec : 55
9.3 msec : 62
9.4 msec : 40
9.5 msec : 49
9.6 msec : 37
9.7 msec : 45
9.8 msec : 38
9.9 msec : 34
10.0 msec : 41
10.1 msec : 33
10.2 msec : 27
10.3 msec : 34
10.4 msec : 23
10.5 msec : 32
10.6 msec : 29
10.7 msec : 30
10.8 msec : 32
10.9 msec : 33
11.0 msec : 21
11.1 msec : 27
11.2 msec : 32
11.3 msec : 18
11.4 msec : 24
11.5 msec : 29
11.6 msec : 37
11.7 msec : 29
11.8 msec : 26
11.9 msec : 20
12.0 msec : 24
12.1 msec : 25
12.2 msec : 24
12.3 msec : 21
12.4 msec : 17
12.5 msec : 23
12.6 msec : 23
12.7 msec : 13
12.8 msec : 18
12.9 msec : 12
13.0 msec : 13
13.1 msec : 11
13.2 msec : 13
13.3 msec : 8
13.4 msec : 12
13.5 msec : 11
13.6 msec : 13
13.7 msec : 15
13.8 msec : 10
13.9 msec : 11
14.0 msec : 11
14.1 msec : 3
14.2 msec : 8
14.3 msec : 9
14.4 msec : 10
14.5 msec : 14
14.6 msec : 13
14.7 msec : 11
14.8 msec : 8
14.9 msec : 6
15.0 msec : 5
15.1 msec : 7
15.2 msec : 10
15.3 msec : 7
15.4 msec : 12
15.5 msec : 8
15.6 msec : 13
15.7 msec : 12
15.8 msec : 5
15.9 msec : 13
16.0 msec : 9
16.1 msec : 5
16.2 msec : 13
16.3 msec : 6
16.4 msec : 8
16.5 msec : 9
16.6 msec : 3
16.7 msec : 4
16.8 msec : 3
16.9 msec : 13
17.0 msec : 8
17.1 msec : 3
17.2 msec : 5
17.3 msec : 2
17.4 msec : 6
17.5 msec : 8
17.6 msec : 7
17.7 msec : 3
17.8 msec : 5
17.9 msec : 1
18.0 msec : 1
18.1 msec : 7
18.2 msec : 4
18.3 msec : 5
18.4 msec : 3
18.5 msec : 6
18.6 msec : 4
18.7 msec : 1
18.8 msec : 2
18.9 msec : 3
19.0 msec : 0
19.1 msec : 2
19.2 msec : 0
19.3 msec : 3
19.4 msec : 3
19.5 msec : 3
19.6 msec : 2
19.7 msec : 1
19.8 msec : 3
19.9 msec : 2
20.0 msec : 4
20.1 msec : 2
20.2 msec : 1
20.3 msec : 2
20.4 msec : 3
20.5 msec : 4
20.6 msec : 3
20.7 msec : 3
20.8 msec : 1
20.9 msec : 1
21.0 msec : 0
21.1 msec : 1
21.2 msec : 3
21.3 msec : 4
21.4 msec : 5
21.5 msec : 2
21.6 msec : 2
21.7 msec : 3
21.8 msec : 5
21.9 msec : 2
22.0 msec : 5
22.1 msec : 5
22.2 msec : 1
22.3 msec : 1
22.4 msec : 5
22.5 msec : 5
22.6 msec : 1
22.7 msec : 4
22.8 msec : 4
22.9 msec : 5
23.0 msec : 5
23.1 msec : 2
23.2 msec : 4
23.3 msec : 3
23.4 msec : 3
23.5 msec : 6
23.6 msec : 4
23.7 msec : 5
23.8 msec : 2
23.9 msec : 2
24.0 msec : 1
24.1 msec : 2
24.2 msec : 1
24.3 msec : 0
24.4 msec : 7
24.5 msec : 2
24.6 msec : 0
24.7 msec : 3
24.8 msec : 7
24.9 msec : 1
25.0 msec : 2
25.1 msec : 3
25.2 msec : 1
25.3 msec : 2
25.4 msec : 3
25.5 msec : 4
25.6 msec : 1
25.7 msec : 4
25.8 msec : 5
25.9 msec : 1
26.0 msec : 3
26.1 msec : 3
26.2 msec : 6
26.3 msec : 5
26.4 msec : 5
26.5 msec : 2
26.6 msec : 1
26.7 msec : 0
26.8 msec : 1
26.9 msec : 2
27.0 msec : 1
27.1 msec : 0
27.2 msec : 0
27.3 msec : 1
27.4 msec : 2
27.5 msec : 1
27.6 msec : 3
27.7 msec : 2
27.8 msec : 0
27.9 msec : 0
28.0 msec : 2
28.1 msec : 0
28.2 msec : 0
28.3 msec : 1
28.4 msec : 3
28.5 msec : 1
28.6 msec : 3
28.7 msec : 4
28.8 msec : 1
28.9 msec : 1
29.0 msec : 2
29.1 msec : 2
29.2 msec : 2
29.3 msec : 0
29.4 msec : 2
29.5 msec : 0
29.6 msec : 1
29.7 msec : 3
29.8 msec : 0
29.9 msec : 1
30.0 msec : 0
30.1 msec : 0
30.2 msec : 0
30.3 msec : 0
30.4 msec : 0
30.5 msec : 0
30.6 msec : 0
30.7 msec : 0
30.8 msec : 1
30.9 msec : 0
31.0 msec : 1
31.1 msec : 0
31.2 msec : 0
31.3 msec : 2
31.4 msec : 0
31.5 msec : 0
31.6 msec : 1
31.7 msec : 0
31.8 msec : 0
31.9 msec : 0
32.0 msec : 0
32.1 msec : 0
32.2 msec : 0
32.3 msec : 0
32.4 msec : 0
32.5 msec : 0
32.6 msec : 0
32.7 msec : 0
32.8 msec : 0
32.9 msec : 0
33.0 msec : 0
33.1 msec : 1
33.2 msec : 0
33.3 msec : 0
33.4 msec : 0
33.5 msec : 0
33.6 msec : 0
33.7 msec : 0
33.8 msec : 0
33.9 msec : 1
34.0 msec : 0
34.1 msec : 0
34.2 msec : 0
34.3 msec : 1
34.4 msec : 1
34.5 msec : 1
34.6 msec : 0
34.7 msec : 0
34.8 msec : 0
34.9 msec : 0
35.0 msec : 1
35.1 msec : 1
35.2 msec : 1
35.3 msec : 4
35.4 msec : 3
35.5 msec : 2
35.6 msec : 1
35.7 msec : 2
35.8 msec : 2
35.9 msec : 2
36.0 msec : 4
36.1 msec : 3
36.2 msec : 3
36.3 msec : 2
36.4 msec : 2
36.5 msec : 2
36.6 msec : 2
36.7 msec : 0
36.8 msec : 2
36.9 msec : 0
37.0 msec : 1
37.1 msec : 0
37.2 msec : 0
37.3 msec : 1
37.4 msec : 0
37.5 msec : 0
37.6 msec : 1
37.7 msec : 2
37.8 msec : 0
37.9 msec : 1
38.0 msec : 4
38.1 msec : 5
38.2 msec : 1
38.3 msec : 0
38.4 msec : 1
38.5 msec : 0
38.6 msec : 0
38.7 msec : 1
38.8 msec : 2
38.9 msec : 2
39.0 msec : 0
39.1 msec : 0
39.2 msec : 0
39.3 msec : 0
39.4 msec : 0
39.5 msec : 0
39.6 msec : 1
39.7 msec : 0
39.8 msec : 1
39.9 msec : 0
40.0 msec : 1
40.1 msec : 0
40.2 msec : 0
40.3 msec : 0
40.4 msec : 0
40.5 msec : 0
40.6 msec : 0
40.7 msec : 1
40.8 msec : 0
40.9 msec : 0
41.0 msec : 0
41.1 msec : 1
41.2 msec : 0
41.3 msec : 1
41.4 msec : 0
41.5 msec : 1
41.6 msec : 1
41.7 msec : 0
41.8 msec : 0
41.9 msec : 0
42.0 msec : 0
42.1 msec : 0
42.2 msec : 1
42.3 msec : 0
42.4 msec : 1
42.5 msec : 0
42.6 msec : 1
42.7 msec : 1
42.8 msec : 0
42.9 msec : 0
43.0 msec : 2
43.1 msec : 1
43.2 msec : 0
43.3 msec : 1
43.4 msec : 0
43.5 msec : 0
43.6 msec : 0
43.7 msec : 1
43.8 msec : 2
43.9 msec : 0
44.0 msec : 0
44.1 msec : 1
44.2 msec : 3
44.3 msec : 0
44.4 msec : 1
44.5 msec : 0
44.6 msec : 2
44.7 msec : 1
44.8 msec : 1
44.9 msec : 1
45.0 msec : 1
45.1 msec : 0
45.2 msec : 0
45.3 msec : 0
45.4 msec : 3
45.5 msec : 2
45.6 msec : 1
45.7 msec : 2
45.8 msec : 0
45.9 msec : 1
46.0 msec : 0
46.1 msec : 1
46.2 msec : 1
46.3 msec : 0
46.4 msec : 1
46.5 msec : 0
46.6 msec : 0
46.7 msec : 0
46.8 msec : 0
46.9 msec : 0
47.0 msec : 0
47.1 msec : 0
47.2 msec : 0
47.3 msec : 0
47.4 msec : 0
47.5 msec : 0
47.6 msec : 0
47.7 msec : 0
47.8 msec : 1
47.9 msec : 0
48.0 msec : 2
48.1 msec : 0
48.2 msec : 0
48.3 msec : 0
48.4 msec : 0
48.5 msec : 0
48.6 msec : 0
48.7 msec : 0
48.8 msec : 0
48.9 msec : 0
49.0 msec : 0
49.1 msec : 0
49.2 msec : 0
49.3 msec : 0
49.4 msec : 0
49.5 msec : 0
49.6 msec : 2
49.7 msec : 1
49.8 msec : 2
49.9 msec : 1
50.0 msec : 1
50.1 msec : 0
50.2 msec : 0
50.3 msec : 0
50.4 msec : 0
50.5 msec : 0
50.6 msec : 0
50.7 msec : 0
50.8 msec : 0
50.9 msec : 0
51.0 msec : 0
51.1 msec : 0
51.2 msec : 0
51.3 msec : 2
51.4 msec : 0
51.5 msec : 0
51.6 msec : 1
51.7 msec : 1
51.8 msec : 0
51.9 msec : 0
52.0 msec : 0
52.1 msec : 0
52.2 msec : 0
52.3 msec : 0
52.4 msec : 0
52.5 msec : 0
52.6 msec : 0
52.7 msec : 0
52.8 msec : 1
52.9 msec : 0
53.0 msec : 0
53.1 msec : 0
53.2 msec : 0
53.3 msec : 0
53.4 msec : 0
53.5 msec : 0
53.6 msec : 0
53.7 msec : 0
53.8 msec : 0
53.9 msec : 0
54.0 msec : 0
54.1 msec : 0
54.2 msec : 0
54.3 msec : 0
54.4 msec : 0
54.5 msec : 0
54.6 msec : 0
54.7 msec : 0
54.8 msec : 0
54.9 msec : 0
55.0 msec : 0
55.1 msec : 0
55.2 msec : 0
55.3 msec : 0
55.4 msec : 0
55.5 msec : 0
55.6 msec : 0
55.7 msec : 0
55.8 msec : 0
55.9 msec : 1
56.0 msec : 0
56.1 msec : 0
56.2 msec : 0
56.3 msec : 0
56.4 msec : 0
56.5 msec : 0
56.6 msec : 0
56.7 msec : 0
56.8 msec : 0
56.9 msec : 0
57.0 msec : 0
57.1 msec : 0
57.2 msec : 0
57.3 msec : 0
57.4 msec : 0
57.5 msec : 0
57.6 msec : 0
57.7 msec : 0
57.8 msec : 0
57.9 msec : 0
58.0 msec : 0
58.1 msec : 0
58.2 msec : 0
58.3 msec : 0
58.4 msec : 0
58.5 msec : 0
58.6 msec : 0
58.7 msec : 0
58.8 msec : 0
58.9 msec : 0
59.0 msec : 0
59.1 msec : 0
59.2 msec : 0
59.3 msec : 0
59.4 msec : 0
59.5 msec : 0
59.6 msec : 0
59.7 msec : 0
59.8 msec : 0
59.9 msec : 0
60.0 msec : 0
60.1 msec : 0
60.2 msec : 0
60.3 msec : 0
60.4 msec : 0
60.5 msec : 0
60.6 msec : 0
60.7 msec : 0
60.8 msec : 0
60.9 msec : 0
61.0 msec : 0
61.1 msec : 0
61.2 msec : 0
61.3 msec : 0
61.4 msec : 0
61.5 msec : 0
61.6 msec : 0
61.7 msec : 0
61.8 msec : 0
61.9 msec : 0
62.0 msec : 0
62.1 msec : 0
62.2 msec : 0
62.3 msec : 0
62.4 msec : 0
62.5 msec : 0
62.6 msec : 0
62.7 msec : 0
62.8 msec : 0
62.9 msec : 0
63.0 msec : 0
63.1 msec : 0
63.2 msec : 0
63.3 msec : 0
63.4 msec : 0
63.5 msec : 0
63.6 msec : 0
63.7 msec : 0
63.8 msec : 0
63.9 msec : 0
64.0 msec : 0
64.1 msec : 0
64.2 msec : 0
64.3 msec : 0
64.4 msec : 0
64.5 msec : 0
64.6 msec : 0
64.7 msec : 0
64.8 msec : 0
64.9 msec : 0
65.0 msec : 0
65.1 msec : 0
65.2 msec : 0
65.3 msec : 0
65.4 msec : 0
65.5 msec : 0
65.6 msec : 0
65.7 msec : 0
65.8 msec : 0
65.9 msec : 0
66.0 msec : 0
66.1 msec : 0
66.2 msec : 0
66.3 msec : 0
66.4 msec : 0
66.5 msec : 0
66.6 msec : 0
66.7 msec : 0
66.8 msec : 0
66.9 msec : 0
67.0 msec : 0
67.1 msec : 0
67.2 msec : 0
67.3 msec : 0
67.4 msec : 0
67.5 msec : 0
67.6 msec : 0
67.7 msec : 0
67.8 msec : 0
67.9 msec : 0
68.0 msec : 0
68.1 msec : 0
68.2 msec : 0
68.3 msec : 0
68.4 msec : 0
68.5 msec : 0
68.6 msec : 0
68.7 msec : 0
68.8 msec : 0
68.9 msec : 0
69.0 msec : 0
