Middleware started...
Middleware shuts down...
Smaller resolution statistics are in a log file...
Final aggregates per worker:


Worker 24
Average throughput (ops/sec) = 137
Average response time (msec) = 3.3899929344262296
Average queue length = 1
Average wait time in queue (msec) = 0.33476385245901635
Average service time (msec) = 2.921033393442623
Number of SET = 0
Number of GET = 137
Number of MULTI GET = 0


Worker 7
Average throughput (ops/sec) = 139
Average response time (msec) = 3.334749229508197
Average queue length = 1
Average wait time in queue (msec) = 0.3258257704918033
Average service time (msec) = 2.8671386393442626
Number of SET = 0
Number of GET = 139
Number of MULTI GET = 0


Worker 25
Average throughput (ops/sec) = 138
Average response time (msec) = 3.2871724590163933
Average queue length = 1
Average wait time in queue (msec) = 0.31046752459016397
Average service time (msec) = 2.8313049016393443
Number of SET = 0
Number of GET = 138
Number of MULTI GET = 0


Worker 6
Average throughput (ops/sec) = 138
Average response time (msec) = 3.2990739180327866
Average queue length = 1
Average wait time in queue (msec) = 0.3375902131147541
Average service time (msec) = 2.7906326885245902
Number of SET = 0
Number of GET = 138
Number of MULTI GET = 0


Worker 26
Average throughput (ops/sec) = 138
Average response time (msec) = 3.2934671475409836
Average queue length = 1
Average wait time in queue (msec) = 0.3200486885245902
Average service time (msec) = 2.8175154262295083
Number of SET = 0
Number of GET = 138
Number of MULTI GET = 0


Worker 9
Average throughput (ops/sec) = 138
Average response time (msec) = 3.3363198032786885
Average queue length = 1
Average wait time in queue (msec) = 0.329971
Average service time (msec) = 2.850927950819672
Number of SET = 0
Number of GET = 138
Number of MULTI GET = 0


Worker 27
Average throughput (ops/sec) = 138
Average response time (msec) = 3.3156671147540986
Average queue length = 1
Average wait time in queue (msec) = 0.3149349344262295
Average service time (msec) = 2.8497082786885244
Number of SET = 0
Number of GET = 138
Number of MULTI GET = 0


Worker 8
Average throughput (ops/sec) = 140
Average response time (msec) = 3.2782472459016394
Average queue length = 2
Average wait time in queue (msec) = 0.30123567213114755
Average service time (msec) = 2.8172461967213116
Number of SET = 0
Number of GET = 140
Number of MULTI GET = 0


Worker 20
Average throughput (ops/sec) = 137
Average response time (msec) = 3.312386770491803
Average queue length = 1
Average wait time in queue (msec) = 0.31114959016393445
Average service time (msec) = 2.8505813770491804
Number of SET = 0
Number of GET = 137
Number of MULTI GET = 0


Worker 3
Average throughput (ops/sec) = 139
Average response time (msec) = 3.296138426229508
Average queue length = 1
Average wait time in queue (msec) = 0.31940439344262295
Average service time (msec) = 2.825083426229508
Number of SET = 0
Number of GET = 139
Number of MULTI GET = 0


Worker 21
Average throughput (ops/sec) = 139
Average response time (msec) = 3.3211389836065575
Average queue length = 1
Average wait time in queue (msec) = 0.33062319672131146
Average service time (msec) = 2.840493426229508
Number of SET = 0
Number of GET = 139
Number of MULTI GET = 0


Worker 2
Average throughput (ops/sec) = 137
Average response time (msec) = 3.3407528524590164
Average queue length = 1
Average wait time in queue (msec) = 0.32333103278688524
Average service time (msec) = 2.849242918032787
Number of SET = 0
Number of GET = 137
Number of MULTI GET = 0


Worker 22
Average throughput (ops/sec) = 139
Average response time (msec) = 3.319957508196721
Average queue length = 1
Average wait time in queue (msec) = 0.3266169836065574
Average service time (msec) = 2.8444350655737707
Number of SET = 0
Number of GET = 139
Number of MULTI GET = 0


Worker 5
Average throughput (ops/sec) = 138
Average response time (msec) = 3.269927901639344
Average queue length = 2
Average wait time in queue (msec) = 0.308421262295082
Average service time (msec) = 2.8036902786885243
Number of SET = 0
Number of GET = 138
Number of MULTI GET = 0


Worker 23
Average throughput (ops/sec) = 138
Average response time (msec) = 3.357649344262295
Average queue length = 2
Average wait time in queue (msec) = 0.31240850819672134
Average service time (msec) = 2.9039848852459014
Number of SET = 0
Number of GET = 138
Number of MULTI GET = 0


Worker 4
Average throughput (ops/sec) = 139
Average response time (msec) = 3.334871131147541
Average queue length = 1
Average wait time in queue (msec) = 0.33259418032786886
Average service time (msec) = 2.8523942295081968
Number of SET = 0
Number of GET = 139
Number of MULTI GET = 0


Worker 28
Average throughput (ops/sec) = 140
Average response time (msec) = 3.3164729180327868
Average queue length = 1
Average wait time in queue (msec) = 0.32435442622950816
Average service time (msec) = 2.8305404590163934
Number of SET = 0
Number of GET = 140
Number of MULTI GET = 0


Worker 29
Average throughput (ops/sec) = 139
Average response time (msec) = 3.3370311639344266
Average queue length = 1
Average wait time in queue (msec) = 0.32547508196721314
Average service time (msec) = 2.8667863278688523
Number of SET = 0
Number of GET = 139
Number of MULTI GET = 0


Worker 1
Average throughput (ops/sec) = 137
Average response time (msec) = 3.328716475409836
Average queue length = 1
Average wait time in queue (msec) = 0.3186741803278689
Average service time (msec) = 2.8561013934426227
Number of SET = 0
Number of GET = 137
Number of MULTI GET = 0


Worker 30
Average throughput (ops/sec) = 139
Average response time (msec) = 3.399974655737705
Average queue length = 1
Average wait time in queue (msec) = 0.3334772295081967
Average service time (msec) = 2.909547344262295
Number of SET = 0
Number of GET = 139
Number of MULTI GET = 0


Worker 13
Average throughput (ops/sec) = 139
Average response time (msec) = 3.320923983606557
Average queue length = 1
Average wait time in queue (msec) = 0.3117273606557377
Average service time (msec) = 2.8654658360655736
Number of SET = 0
Number of GET = 139
Number of MULTI GET = 0


Worker 14
Average throughput (ops/sec) = 138
Average response time (msec) = 3.3292149836065574
Average queue length = 1
Average wait time in queue (msec) = 0.32149401639344266
Average service time (msec) = 2.849497524590164
Number of SET = 0
Number of GET = 138
Number of MULTI GET = 0


Worker 15
Average throughput (ops/sec) = 137
Average response time (msec) = 3.3370228524590164
Average queue length = 1
Average wait time in queue (msec) = 0.3133950819672131
Average service time (msec) = 2.8754251475409838
Number of SET = 0
Number of GET = 137
Number of MULTI GET = 0


Worker 16
Average throughput (ops/sec) = 137
Average response time (msec) = 3.295717672131148
Average queue length = 1
Average wait time in queue (msec) = 0.3203398032786885
Average service time (msec) = 2.8184731639344265
Number of SET = 0
Number of GET = 137
Number of MULTI GET = 0


Worker 31
Average throughput (ops/sec) = 137
Average response time (msec) = 3.302584147540984
Average queue length = 1
Average wait time in queue (msec) = 0.32979868852459016
Average service time (msec) = 2.810474524590164
Number of SET = 0
Number of GET = 137
Number of MULTI GET = 0


Worker 32
Average throughput (ops/sec) = 138
Average response time (msec) = 3.3553285081967212
Average queue length = 1
Average wait time in queue (msec) = 0.3340910983606557
Average service time (msec) = 2.8643720655737703
Number of SET = 0
Number of GET = 138
Number of MULTI GET = 0


Worker 10
Average throughput (ops/sec) = 139
Average response time (msec) = 3.3234878032786885
Average queue length = 1
Average wait time in queue (msec) = 0.32310742622950817
Average service time (msec) = 2.852572704918033
Number of SET = 0
Number of GET = 139
Number of MULTI GET = 0


Worker 11
Average throughput (ops/sec) = 139
Average response time (msec) = 3.279479262295082
Average queue length = 0
Average wait time in queue (msec) = 0.3290781639344262
Average service time (msec) = 2.807434475409836
Number of SET = 0
Number of GET = 139
Number of MULTI GET = 0


Worker 12
Average throughput (ops/sec) = 138
Average response time (msec) = 3.306920573770492
Average queue length = 1
Average wait time in queue (msec) = 0.3201728360655738
Average service time (msec) = 2.839042524590164
Number of SET = 0
Number of GET = 138
Number of MULTI GET = 0


Worker 17
Average throughput (ops/sec) = 139
Average response time (msec) = 3.310884836065574
Average queue length = 1
Average wait time in queue (msec) = 0.3280920655737705
Average service time (msec) = 2.8177589344262293
Number of SET = 0
Number of GET = 139
Number of MULTI GET = 0


Worker 18
Average throughput (ops/sec) = 139
Average response time (msec) = 3.3268665081967215
Average queue length = 1
Average wait time in queue (msec) = 0.31971718032786883
Average service time (msec) = 2.828514098360656
Number of SET = 0
Number of GET = 139
Number of MULTI GET = 0


Worker 19
Average throughput (ops/sec) = 140
Average response time (msec) = 3.2914730163934425
Average queue length = 1
Average wait time in queue (msec) = 0.31658201639344263
Average service time (msec) = 2.8195732786885244
Number of SET = 0
Number of GET = 140
Number of MULTI GET = 0


FINAL STATS
Average throughput (ops/sec) = 4427
Average response time (msec) = 3.254137600268613
Average queue length = 1
Average wait time in queue (msec) = 0.3221551080942623
Average service time (msec) = 2.8445935276639345
Number of SET = 0
Number of GET = 138
Number of MULTI GET = 0
Number of Cache misses = 271022


Histogram response times (0.1 msec step)
0.0 msec : 1115
0.1 msec : 9613
0.2 msec : 20314
0.3 msec : 26143
0.4 msec : 25776
0.5 msec : 22989
0.6 msec : 19566
0.7 msec : 16412
0.8 msec : 13812
0.9 msec : 11637
1.0 msec : 9707
1.1 msec : 8234
1.2 msec : 7026
1.3 msec : 5923
1.4 msec : 5001
1.5 msec : 4214
1.6 msec : 3802
1.7 msec : 3303
1.8 msec : 2795
1.9 msec : 2292
2.0 msec : 2059
2.1 msec : 1850
2.2 msec : 1529
2.3 msec : 1401
2.4 msec : 1256
2.5 msec : 1017
2.6 msec : 895
2.7 msec : 812
2.8 msec : 696
2.9 msec : 603
3.0 msec : 471
3.1 msec : 457
3.2 msec : 444
3.3 msec : 426
3.4 msec : 383
3.5 msec : 371
3.6 msec : 375
3.7 msec : 344
3.8 msec : 263
3.9 msec : 340
4.0 msec : 282
4.1 msec : 273
4.2 msec : 251
4.3 msec : 314
4.4 msec : 425
4.5 msec : 500
4.6 msec : 661
4.7 msec : 682
4.8 msec : 797
4.9 msec : 900
5.0 msec : 897
5.1 msec : 991
5.2 msec : 994
5.3 msec : 1066
5.4 msec : 1120
5.5 msec : 1239
5.6 msec : 1293
5.7 msec : 1271
5.8 msec : 1376
5.9 msec : 1376
6.0 msec : 1379
6.1 msec : 1308
6.2 msec : 1290
6.3 msec : 1129
6.4 msec : 1112
6.5 msec : 1026
6.6 msec : 960
6.7 msec : 877
6.8 msec : 807
6.9 msec : 730
7.0 msec : 661
7.1 msec : 571
7.2 msec : 463
7.3 msec : 452
7.4 msec : 437
7.5 msec : 371
7.6 msec : 349
7.7 msec : 329
7.8 msec : 279
7.9 msec : 240
8.0 msec : 231
8.1 msec : 203
8.2 msec : 172
8.3 msec : 162
8.4 msec : 151
8.5 msec : 104
8.6 msec : 130
8.7 msec : 106
8.8 msec : 104
8.9 msec : 112
9.0 msec : 86
9.1 msec : 67
9.2 msec : 86
9.3 msec : 66
9.4 msec : 69
9.5 msec : 59
9.6 msec : 45
9.7 msec : 55
9.8 msec : 43
9.9 msec : 45
10.0 msec : 49
10.1 msec : 39
10.2 msec : 43
10.3 msec : 42
10.4 msec : 39
10.5 msec : 35
10.6 msec : 35
10.7 msec : 34
10.8 msec : 51
10.9 msec : 23
11.0 msec : 31
11.1 msec : 21
11.2 msec : 20
11.3 msec : 32
11.4 msec : 25
11.5 msec : 29
11.6 msec : 25
11.7 msec : 35
11.8 msec : 25
11.9 msec : 28
12.0 msec : 27
12.1 msec : 19
12.2 msec : 19
12.3 msec : 26
12.4 msec : 20
12.5 msec : 16
12.6 msec : 23
12.7 msec : 19
12.8 msec : 19
12.9 msec : 15
13.0 msec : 12
13.1 msec : 9
13.2 msec : 10
13.3 msec : 20
13.4 msec : 9
13.5 msec : 16
13.6 msec : 19
13.7 msec : 22
13.8 msec : 12
13.9 msec : 10
14.0 msec : 15
14.1 msec : 11
14.2 msec : 13
14.3 msec : 11
14.4 msec : 10
14.5 msec : 6
14.6 msec : 8
14.7 msec : 9
14.8 msec : 10
14.9 msec : 5
15.0 msec : 5
15.1 msec : 11
15.2 msec : 6
15.3 msec : 13
15.4 msec : 7
15.5 msec : 15
15.6 msec : 18
15.7 msec : 11
15.8 msec : 6
15.9 msec : 9
16.0 msec : 10
16.1 msec : 18
16.2 msec : 6
16.3 msec : 13
16.4 msec : 14
16.5 msec : 7
16.6 msec : 10
16.7 msec : 4
16.8 msec : 3
16.9 msec : 3
17.0 msec : 5
17.1 msec : 9
17.2 msec : 2
17.3 msec : 4
17.4 msec : 3
17.5 msec : 5
17.6 msec : 3
17.7 msec : 2
17.8 msec : 3
17.9 msec : 5
18.0 msec : 2
18.1 msec : 2
18.2 msec : 6
18.3 msec : 1
18.4 msec : 4
18.5 msec : 4
18.6 msec : 1
18.7 msec : 1
18.8 msec : 0
18.9 msec : 5
19.0 msec : 2
19.1 msec : 4
19.2 msec : 0
19.3 msec : 4
19.4 msec : 5
19.5 msec : 3
19.6 msec : 1
19.7 msec : 3
19.8 msec : 8
19.9 msec : 2
20.0 msec : 3
20.1 msec : 4
20.2 msec : 4
20.3 msec : 3
20.4 msec : 2
20.5 msec : 3
20.6 msec : 4
20.7 msec : 4
20.8 msec : 3
20.9 msec : 2
21.0 msec : 1
21.1 msec : 5
21.2 msec : 3
21.3 msec : 2
21.4 msec : 4
21.5 msec : 6
21.6 msec : 5
21.7 msec : 1
21.8 msec : 6
21.9 msec : 1
22.0 msec : 2
22.1 msec : 2
22.2 msec : 2
22.3 msec : 1
22.4 msec : 2
22.5 msec : 4
22.6 msec : 1
22.7 msec : 0
22.8 msec : 1
22.9 msec : 1
23.0 msec : 5
23.1 msec : 1
23.2 msec : 2
23.3 msec : 1
23.4 msec : 1
23.5 msec : 0
23.6 msec : 2
23.7 msec : 4
23.8 msec : 3
23.9 msec : 3
24.0 msec : 3
24.1 msec : 1
24.2 msec : 4
24.3 msec : 3
24.4 msec : 2
24.5 msec : 1
24.6 msec : 2
24.7 msec : 0
24.8 msec : 3
24.9 msec : 1
25.0 msec : 2
25.1 msec : 2
25.2 msec : 2
25.3 msec : 1
25.4 msec : 1
25.5 msec : 3
25.6 msec : 0
25.7 msec : 2
25.8 msec : 1
25.9 msec : 0
26.0 msec : 1
26.1 msec : 2
26.2 msec : 2
26.3 msec : 3
26.4 msec : 1
26.5 msec : 0
26.6 msec : 1
26.7 msec : 2
26.8 msec : 4
26.9 msec : 1
27.0 msec : 3
27.1 msec : 3
27.2 msec : 2
27.3 msec : 0
27.4 msec : 2
27.5 msec : 2
27.6 msec : 2
27.7 msec : 1
27.8 msec : 2
27.9 msec : 1
28.0 msec : 2
28.1 msec : 1
28.2 msec : 1
28.3 msec : 2
28.4 msec : 1
28.5 msec : 0
28.6 msec : 0
28.7 msec : 1
28.8 msec : 2
28.9 msec : 3
29.0 msec : 4
29.1 msec : 2
29.2 msec : 0
29.3 msec : 1
29.4 msec : 0
29.5 msec : 2
29.6 msec : 0
29.7 msec : 1
29.8 msec : 1
29.9 msec : 0
30.0 msec : 1
30.1 msec : 0
30.2 msec : 0
30.3 msec : 0
30.4 msec : 1
30.5 msec : 1
30.6 msec : 2
30.7 msec : 4
30.8 msec : 1
30.9 msec : 1
31.0 msec : 0
31.1 msec : 1
31.2 msec : 2
31.3 msec : 3
31.4 msec : 0
31.5 msec : 1
31.6 msec : 1
31.7 msec : 2
31.8 msec : 1
31.9 msec : 0
32.0 msec : 2
32.1 msec : 0
32.2 msec : 0
32.3 msec : 1
32.4 msec : 1
32.5 msec : 2
32.6 msec : 0
32.7 msec : 0
32.8 msec : 0
32.9 msec : 0
33.0 msec : 0
33.1 msec : 0
33.2 msec : 0
33.3 msec : 0
33.4 msec : 0
33.5 msec : 0
33.6 msec : 0
33.7 msec : 0
33.8 msec : 1
33.9 msec : 1
34.0 msec : 1
34.1 msec : 0
34.2 msec : 0
34.3 msec : 0
34.4 msec : 1
34.5 msec : 0
34.6 msec : 1
34.7 msec : 1
34.8 msec : 2
34.9 msec : 1
35.0 msec : 1
35.1 msec : 0
35.2 msec : 0
35.3 msec : 1
35.4 msec : 1
35.5 msec : 3
35.6 msec : 0
35.7 msec : 3
35.8 msec : 2
35.9 msec : 0
36.0 msec : 0
36.1 msec : 1
36.2 msec : 0
36.3 msec : 3
36.4 msec : 0
36.5 msec : 0
36.6 msec : 2
36.7 msec : 2
36.8 msec : 1
36.9 msec : 2
37.0 msec : 1
37.1 msec : 2
37.2 msec : 1
37.3 msec : 3
37.4 msec : 1
37.5 msec : 3
37.6 msec : 3
37.7 msec : 2
37.8 msec : 1
37.9 msec : 0
38.0 msec : 0
38.1 msec : 0
38.2 msec : 2
38.3 msec : 0
38.4 msec : 1
38.5 msec : 0
38.6 msec : 0
38.7 msec : 0
38.8 msec : 0
38.9 msec : 0
39.0 msec : 0
39.1 msec : 0
39.2 msec : 0
39.3 msec : 0
39.4 msec : 1
39.5 msec : 1
39.6 msec : 0
39.7 msec : 1
39.8 msec : 0
39.9 msec : 2
40.0 msec : 2
40.1 msec : 1
40.2 msec : 0
40.3 msec : 3
40.4 msec : 3
40.5 msec : 4
40.6 msec : 1
40.7 msec : 1
40.8 msec : 0
40.9 msec : 3
41.0 msec : 2
41.1 msec : 2
41.2 msec : 2
41.3 msec : 0
41.4 msec : 0
41.5 msec : 2
41.6 msec : 0
41.7 msec : 1
41.8 msec : 1
41.9 msec : 1
42.0 msec : 0
42.1 msec : 0
42.2 msec : 0
42.3 msec : 0
42.4 msec : 1
42.5 msec : 0
42.6 msec : 0
42.7 msec : 0
42.8 msec : 0
42.9 msec : 0
43.0 msec : 0
43.1 msec : 0
43.2 msec : 0
43.3 msec : 0
43.4 msec : 0
43.5 msec : 0
43.6 msec : 1
43.7 msec : 1
43.8 msec : 3
43.9 msec : 0
44.0 msec : 0
44.1 msec : 0
44.2 msec : 1
44.3 msec : 0
44.4 msec : 2
44.5 msec : 0
44.6 msec : 1
44.7 msec : 1
44.8 msec : 0
44.9 msec : 1
45.0 msec : 0
45.1 msec : 0
45.2 msec : 0
45.3 msec : 0
45.4 msec : 1
45.5 msec : 0
45.6 msec : 0
45.7 msec : 0
45.8 msec : 0
45.9 msec : 0
46.0 msec : 0
46.1 msec : 0
46.2 msec : 0
46.3 msec : 0
46.4 msec : 0
46.5 msec : 0
46.6 msec : 0
46.7 msec : 0
46.8 msec : 0
46.9 msec : 0
47.0 msec : 0
47.1 msec : 0
47.2 msec : 0
47.3 msec : 0
47.4 msec : 0
47.5 msec : 0
47.6 msec : 0
47.7 msec : 0
47.8 msec : 0
47.9 msec : 0
48.0 msec : 0
48.1 msec : 0
48.2 msec : 0
48.3 msec : 0
48.4 msec : 0
48.5 msec : 0
48.6 msec : 0
48.7 msec : 0
48.8 msec : 0
48.9 msec : 1
49.0 msec : 3
49.1 msec : 0
49.2 msec : 1
49.3 msec : 0
49.4 msec : 0
49.5 msec : 0
49.6 msec : 0
49.7 msec : 0
49.8 msec : 0
49.9 msec : 0
50.0 msec : 0
50.1 msec : 0
50.2 msec : 0
50.3 msec : 0
50.4 msec : 0
50.5 msec : 0
50.6 msec : 0
50.7 msec : 0
50.8 msec : 0
50.9 msec : 0
51.0 msec : 0
51.1 msec : 0
51.2 msec : 0
51.3 msec : 0
51.4 msec : 1
51.5 msec : 0
51.6 msec : 0
51.7 msec : 0
51.8 msec : 0
51.9 msec : 0
52.0 msec : 0
52.1 msec : 0
52.2 msec : 0
52.3 msec : 1
52.4 msec : 0
52.5 msec : 1
52.6 msec : 1
52.7 msec : 0
52.8 msec : 0
52.9 msec : 0
53.0 msec : 0
53.1 msec : 0
53.2 msec : 0
53.3 msec : 0
53.4 msec : 0
53.5 msec : 0
53.6 msec : 0
53.7 msec : 2
53.8 msec : 0
53.9 msec : 4
54.0 msec : 0
54.1 msec : 1
54.2 msec : 0
54.3 msec : 2
54.4 msec : 0
54.5 msec : 0
54.6 msec : 2
54.7 msec : 1
54.8 msec : 2
54.9 msec : 1
55.0 msec : 0
55.1 msec : 0
55.2 msec : 0
55.3 msec : 1
55.4 msec : 2
55.5 msec : 0
55.6 msec : 1
55.7 msec : 0
55.8 msec : 0
55.9 msec : 0
56.0 msec : 0
56.1 msec : 0
56.2 msec : 0
56.3 msec : 0
56.4 msec : 0
56.5 msec : 0
56.6 msec : 0
56.7 msec : 2
56.8 msec : 2
56.9 msec : 0
57.0 msec : 0
57.1 msec : 0
57.2 msec : 0
57.3 msec : 1
57.4 msec : 1
57.5 msec : 1
57.6 msec : 3
57.7 msec : 3
57.8 msec : 1
57.9 msec : 0
58.0 msec : 1
58.1 msec : 1
58.2 msec : 1
58.3 msec : 1
58.4 msec : 0
58.5 msec : 1
58.6 msec : 0
58.7 msec : 0
58.8 msec : 0
58.9 msec : 0
59.0 msec : 0
59.1 msec : 0
59.2 msec : 0
59.3 msec : 0
59.4 msec : 0
59.5 msec : 0
59.6 msec : 0
59.7 msec : 1
59.8 msec : 1
59.9 msec : 0
60.0 msec : 0
60.1 msec : 0
60.2 msec : 0
60.3 msec : 0
60.4 msec : 0
60.5 msec : 0
60.6 msec : 0
60.7 msec : 0
60.8 msec : 0
60.9 msec : 0
61.0 msec : 0
61.1 msec : 0
61.2 msec : 0
61.3 msec : 0
61.4 msec : 0
61.5 msec : 0
61.6 msec : 0
61.7 msec : 0
61.8 msec : 0
61.9 msec : 0
62.0 msec : 0
62.1 msec : 0
62.2 msec : 0
62.3 msec : 0
62.4 msec : 0
62.5 msec : 0
62.6 msec : 0
62.7 msec : 0
62.8 msec : 0
62.9 msec : 0
63.0 msec : 0
63.1 msec : 0
63.2 msec : 0
63.3 msec : 0
63.4 msec : 0
63.5 msec : 0
63.6 msec : 0
63.7 msec : 0
63.8 msec : 0
63.9 msec : 0
64.0 msec : 0
64.1 msec : 0
64.2 msec : 0
64.3 msec : 0
64.4 msec : 0
64.5 msec : 0
64.6 msec : 0
64.7 msec : 0
64.8 msec : 0
64.9 msec : 0
65.0 msec : 0
65.1 msec : 0
65.2 msec : 0
65.3 msec : 0
65.4 msec : 0
65.5 msec : 0
65.6 msec : 0
65.7 msec : 0
65.8 msec : 0
65.9 msec : 0
66.0 msec : 0
66.1 msec : 0
66.2 msec : 0
66.3 msec : 0
66.4 msec : 0
66.5 msec : 0
66.6 msec : 0
66.7 msec : 0
66.8 msec : 0
66.9 msec : 0
67.0 msec : 0
67.1 msec : 0
67.2 msec : 0
67.3 msec : 0
67.4 msec : 0
67.5 msec : 0
67.6 msec : 0
67.7 msec : 0
67.8 msec : 0
67.9 msec : 0
68.0 msec : 0
68.1 msec : 0
68.2 msec : 0
68.3 msec : 0
68.4 msec : 0
68.5 msec : 0
68.6 msec : 0
68.7 msec : 0
68.8 msec : 0
68.9 msec : 0
69.0 msec : 0
69.1 msec : 0
69.2 msec : 0
69.3 msec : 1
69.4 msec : 1
69.5 msec : 0
69.6 msec : 0
69.7 msec : 0
69.8 msec : 0
69.9 msec : 0
70.0 msec : 0
70.1 msec : 0
70.2 msec : 0
70.3 msec : 0
70.4 msec : 0
70.5 msec : 0
70.6 msec : 0
70.7 msec : 0
70.8 msec : 0
70.9 msec : 0
71.0 msec : 0
71.1 msec : 0
71.2 msec : 0
71.3 msec : 0
71.4 msec : 0
71.5 msec : 0
71.6 msec : 0
71.7 msec : 0
71.8 msec : 0
71.9 msec : 0
72.0 msec : 0
72.1 msec : 0
72.2 msec : 0
72.3 msec : 0
72.4 msec : 0
72.5 msec : 0
72.6 msec : 0
72.7 msec : 0
72.8 msec : 0
72.9 msec : 0
73.0 msec : 0
73.1 msec : 0
73.2 msec : 0
73.3 msec : 0
73.4 msec : 0
73.5 msec : 0
73.6 msec : 0
73.7 msec : 0
73.8 msec : 0
73.9 msec : 0
74.0 msec : 0
74.1 msec : 0
74.2 msec : 0
74.3 msec : 0
74.4 msec : 0
74.5 msec : 0
74.6 msec : 0
74.7 msec : 0
74.8 msec : 0
74.9 msec : 0
75.0 msec : 0
75.1 msec : 0
75.2 msec : 0
75.3 msec : 0
75.4 msec : 0
75.5 msec : 0
75.6 msec : 0
75.7 msec : 0
75.8 msec : 0
75.9 msec : 0
76.0 msec : 0
76.1 msec : 0
76.2 msec : 0
76.3 msec : 0
76.4 msec : 0
76.5 msec : 0
76.6 msec : 0
76.7 msec : 0
76.8 msec : 0
76.9 msec : 0
77.0 msec : 0
77.1 msec : 0
77.2 msec : 0
77.3 msec : 0
77.4 msec : 0
77.5 msec : 0
77.6 msec : 0
77.7 msec : 0
77.8 msec : 0
77.9 msec : 0
78.0 msec : 0
78.1 msec : 0
78.2 msec : 0
78.3 msec : 0
78.4 msec : 0
78.5 msec : 0
78.6 msec : 0
78.7 msec : 0
78.8 msec : 0
78.9 msec : 0
79.0 msec : 0
79.1 msec : 0
79.2 msec : 0
79.3 msec : 0
79.4 msec : 0
79.5 msec : 0
79.6 msec : 0
79.7 msec : 0
79.8 msec : 0
79.9 msec : 0
80.0 msec : 0
80.1 msec : 0
80.2 msec : 0
80.3 msec : 0
80.4 msec : 0
80.5 msec : 0
80.6 msec : 0
80.7 msec : 0
80.8 msec : 0
80.9 msec : 0
81.0 msec : 0
81.1 msec : 0
81.2 msec : 0
81.3 msec : 0
81.4 msec : 0
81.5 msec : 0
81.6 msec : 0
81.7 msec : 0
81.8 msec : 0
81.9 msec : 0
82.0 msec : 0
82.1 msec : 0
82.2 msec : 0
82.3 msec : 0
82.4 msec : 0
82.5 msec : 0
82.6 msec : 0
82.7 msec : 0
82.8 msec : 0
82.9 msec : 0
83.0 msec : 0
83.1 msec : 0
83.2 msec : 0
83.3 msec : 0
83.4 msec : 0
83.5 msec : 0
83.6 msec : 0
83.7 msec : 0
83.8 msec : 0
83.9 msec : 0
84.0 msec : 0
84.1 msec : 0
84.2 msec : 0
84.3 msec : 0
84.4 msec : 0
84.5 msec : 0
84.6 msec : 0
84.7 msec : 0
84.8 msec : 0
84.9 msec : 0
85.0 msec : 0
85.1 msec : 0
85.2 msec : 0
85.3 msec : 0
85.4 msec : 0
85.5 msec : 0
85.6 msec : 0
85.7 msec : 0
85.8 msec : 0
85.9 msec : 0
86.0 msec : 0
86.1 msec : 0
86.2 msec : 0
86.3 msec : 0
86.4 msec : 0
86.5 msec : 0
86.6 msec : 0
86.7 msec : 0
86.8 msec : 0
86.9 msec : 0
87.0 msec : 0
87.1 msec : 0
87.2 msec : 0
87.3 msec : 0
87.4 msec : 0
87.5 msec : 0
87.6 msec : 0
87.7 msec : 0
87.8 msec : 0
87.9 msec : 0
88.0 msec : 0
88.1 msec : 0
88.2 msec : 0
88.3 msec : 0
88.4 msec : 0
88.5 msec : 0
88.6 msec : 0
88.7 msec : 0
88.8 msec : 0
88.9 msec : 0
89.0 msec : 0
89.1 msec : 0
89.2 msec : 0
89.3 msec : 0
89.4 msec : 0
89.5 msec : 0
89.6 msec : 0
89.7 msec : 0
89.8 msec : 0
89.9 msec : 0
90.0 msec : 0
90.1 msec : 0
90.2 msec : 0
90.3 msec : 0
90.4 msec : 0
90.5 msec : 0
90.6 msec : 0
90.7 msec : 0
90.8 msec : 0
90.9 msec : 0
91.0 msec : 0
91.1 msec : 0
91.2 msec : 0
91.3 msec : 0
91.4 msec : 0
91.5 msec : 0
91.6 msec : 0
91.7 msec : 0
91.8 msec : 0
91.9 msec : 0
92.0 msec : 0
92.1 msec : 0
92.2 msec : 0
92.3 msec : 0
92.4 msec : 0
92.5 msec : 0
92.6 msec : 0
92.7 msec : 0
92.8 msec : 0
92.9 msec : 0
93.0 msec : 0
93.1 msec : 0
93.2 msec : 0
93.3 msec : 0
93.4 msec : 0
93.5 msec : 0
93.6 msec : 0
93.7 msec : 0
93.8 msec : 0
93.9 msec : 0
94.0 msec : 0
94.1 msec : 0
94.2 msec : 0
94.3 msec : 0
94.4 msec : 0
94.5 msec : 0
94.6 msec : 0
94.7 msec : 0
94.8 msec : 0
94.9 msec : 0
95.0 msec : 0
95.1 msec : 0
95.2 msec : 0
95.3 msec : 0
95.4 msec : 0
95.5 msec : 0
95.6 msec : 0
95.7 msec : 0
95.8 msec : 0
95.9 msec : 0
96.0 msec : 0
96.1 msec : 0
96.2 msec : 0
96.3 msec : 0
96.4 msec : 0
96.5 msec : 0
96.6 msec : 0
96.7 msec : 0
96.8 msec : 0
96.9 msec : 0
97.0 msec : 0
97.1 msec : 0
97.2 msec : 0
97.3 msec : 0
97.4 msec : 0
97.5 msec : 0
97.6 msec : 0
97.7 msec : 0
97.8 msec : 0
97.9 msec : 0
98.0 msec : 0
98.1 msec : 0
98.2 msec : 0
98.3 msec : 0
98.4 msec : 0
98.5 msec : 0
98.6 msec : 0
98.7 msec : 0
98.8 msec : 0
98.9 msec : 0
99.0 msec : 0
99.1 msec : 0
99.2 msec : 0
99.3 msec : 0
99.4 msec : 0
99.5 msec : 0
99.6 msec : 0
99.7 msec : 0
99.8 msec : 0
99.9 msec : 0
100.0 msec : 0
100.1 msec : 0
100.2 msec : 0
100.3 msec : 0
100.4 msec : 0
100.5 msec : 0
100.6 msec : 0
100.7 msec : 0
100.8 msec : 0
100.9 msec : 0
101.0 msec : 0
101.1 msec : 0
101.2 msec : 0
101.3 msec : 0
101.4 msec : 0
101.5 msec : 0
101.6 msec : 0
101.7 msec : 0
101.8 msec : 0
101.9 msec : 0
102.0 msec : 0
102.1 msec : 0
102.2 msec : 0
102.3 msec : 0
102.4 msec : 0
102.5 msec : 0
102.6 msec : 0
102.7 msec : 0
102.8 msec : 0
102.9 msec : 0
103.0 msec : 0
103.1 msec : 0
103.2 msec : 0
103.3 msec : 0
103.4 msec : 0
103.5 msec : 0
103.6 msec : 0
103.7 msec : 0
103.8 msec : 0
103.9 msec : 0
104.0 msec : 0
104.1 msec : 0
104.2 msec : 0
104.3 msec : 0
104.4 msec : 0
104.5 msec : 0
104.6 msec : 0
104.7 msec : 0
104.8 msec : 0
104.9 msec : 0
105.0 msec : 0
105.1 msec : 0
105.2 msec : 0
105.3 msec : 0
105.4 msec : 0
105.5 msec : 0
105.6 msec : 0
105.7 msec : 0
105.8 msec : 0
105.9 msec : 0
106.0 msec : 0
106.1 msec : 0
106.2 msec : 0
106.3 msec : 0
106.4 msec : 0
106.5 msec : 0
106.6 msec : 0
106.7 msec : 0
106.8 msec : 0
106.9 msec : 0
107.0 msec : 0
107.1 msec : 0
107.2 msec : 0
107.3 msec : 0
107.4 msec : 0
107.5 msec : 0
107.6 msec : 0
107.7 msec : 0
107.8 msec : 0
107.9 msec : 0
108.0 msec : 0
108.1 msec : 0
108.2 msec : 0
108.3 msec : 0
108.4 msec : 0
108.5 msec : 0
108.6 msec : 0
108.7 msec : 0
108.8 msec : 0
108.9 msec : 0
109.0 msec : 0
109.1 msec : 0
109.2 msec : 0
109.3 msec : 0
109.4 msec : 0
109.5 msec : 0
109.6 msec : 0
109.7 msec : 0
109.8 msec : 0
109.9 msec : 0
110.0 msec : 0
110.1 msec : 0
110.2 msec : 0
110.3 msec : 0
110.4 msec : 0
110.5 msec : 0
110.6 msec : 0
110.7 msec : 0
110.8 msec : 0
110.9 msec : 0
111.0 msec : 0
111.1 msec : 0
111.2 msec : 0
111.3 msec : 0
111.4 msec : 0
111.5 msec : 0
111.6 msec : 0
111.7 msec : 0
111.8 msec : 0
111.9 msec : 0
112.0 msec : 0
112.1 msec : 0
112.2 msec : 0
112.3 msec : 0
112.4 msec : 0
112.5 msec : 0
112.6 msec : 0
112.7 msec : 0
112.8 msec : 0
112.9 msec : 0
113.0 msec : 0
113.1 msec : 0
113.2 msec : 0
113.3 msec : 0
113.4 msec : 0
113.5 msec : 0
113.6 msec : 0
113.7 msec : 0
113.8 msec : 0
113.9 msec : 0
114.0 msec : 0
114.1 msec : 0
114.2 msec : 0
114.3 msec : 0
114.4 msec : 0
114.5 msec : 0
114.6 msec : 0
114.7 msec : 0
114.8 msec : 0
114.9 msec : 0
115.0 msec : 0
115.1 msec : 0
115.2 msec : 0
115.3 msec : 0
115.4 msec : 0
115.5 msec : 0
115.6 msec : 0
115.7 msec : 0
115.8 msec : 0
115.9 msec : 0
116.0 msec : 0
116.1 msec : 0
116.2 msec : 0
116.3 msec : 0
116.4 msec : 0
116.5 msec : 0
116.6 msec : 0
116.7 msec : 0
116.8 msec : 0
116.9 msec : 0
117.0 msec : 0
117.1 msec : 0
117.2 msec : 0
117.3 msec : 0
117.4 msec : 0
117.5 msec : 0
117.6 msec : 0
117.7 msec : 0
117.8 msec : 0
117.9 msec : 0
118.0 msec : 0
118.1 msec : 0
118.2 msec : 0
118.3 msec : 0
118.4 msec : 0
118.5 msec : 0
118.6 msec : 0
118.7 msec : 0
118.8 msec : 0
118.9 msec : 2
119.0 msec : 0
119.1 msec : 1
119.2 msec : 1
119.3 msec : 1
119.4 msec : 1
119.5 msec : 0
119.6 msec : 0
119.7 msec : 0
119.8 msec : 0
119.9 msec : 0
120.0 msec : 0
120.1 msec : 1
120.2 msec : 0
120.3 msec : 1
120.4 msec : 0
120.5 msec : 0
120.6 msec : 0
120.7 msec : 2
120.8 msec : 0
120.9 msec : 0
121.0 msec : 0
121.1 msec : 0
121.2 msec : 0
121.3 msec : 0
121.4 msec : 0
121.5 msec : 0
121.6 msec : 0
121.7 msec : 0
121.8 msec : 0
121.9 msec : 0
122.0 msec : 0
122.1 msec : 0
122.2 msec : 0
122.3 msec : 0
122.4 msec : 0
122.5 msec : 0
122.6 msec : 0
122.7 msec : 0
122.8 msec : 0
122.9 msec : 0
123.0 msec : 0
123.1 msec : 0
123.2 msec : 0
123.3 msec : 0
123.4 msec : 0
123.5 msec : 0
123.6 msec : 0
123.7 msec : 0
123.8 msec : 0
123.9 msec : 0
124.0 msec : 0
124.1 msec : 0
124.2 msec : 0
124.3 msec : 0
124.4 msec : 0
124.5 msec : 0
124.6 msec : 0
124.7 msec : 0
124.8 msec : 0
124.9 msec : 0
125.0 msec : 0
125.1 msec : 0
125.2 msec : 0
125.3 msec : 0
125.4 msec : 0
125.5 msec : 0
125.6 msec : 0
125.7 msec : 0
125.8 msec : 0
125.9 msec : 0
126.0 msec : 0
126.1 msec : 0
126.2 msec : 3
126.3 msec : 0
126.4 msec : 1
126.5 msec : 0
126.6 msec : 2
126.7 msec : 0
126.8 msec : 0
126.9 msec : 0
127.0 msec : 0
127.1 msec : 0
127.2 msec : 0
127.3 msec : 0
127.4 msec : 0
127.5 msec : 0
127.6 msec : 0
127.7 msec : 0
127.8 msec : 0
127.9 msec : 0
128.0 msec : 0
128.1 msec : 0
128.2 msec : 0
128.3 msec : 0
128.4 msec : 0
128.5 msec : 0
128.6 msec : 0
128.7 msec : 0
128.8 msec : 0
128.9 msec : 0
129.0 msec : 0
129.1 msec : 0
129.2 msec : 0
129.3 msec : 0
129.4 msec : 0
129.5 msec : 0
129.6 msec : 0
129.7 msec : 0
129.8 msec : 0
129.9 msec : 0
130.0 msec : 0
130.1 msec : 0
130.2 msec : 0
130.3 msec : 0
130.4 msec : 0
130.5 msec : 0
130.6 msec : 0
130.7 msec : 0
130.8 msec : 0
130.9 msec : 0
131.0 msec : 0
131.1 msec : 0
131.2 msec : 0
131.3 msec : 0
131.4 msec : 0
131.5 msec : 0
131.6 msec : 0
131.7 msec : 0
131.8 msec : 0
131.9 msec : 0
132.0 msec : 1
