Middleware started...
Middleware shuts down...
Smaller resolution statistics are in a log file...
Final aggregates per worker:


Worker 24
Average throughput (ops/sec) = 166
Average response time (msec) = 2.901066901639344
Average queue length = 2
Average wait time in queue (msec) = 0.2371699836065574
Average service time (msec) = 2.541998180327869
Number of SET = 0
Number of GET = 166
Number of MULTI GET = 0


Worker 7
Average throughput (ops/sec) = 166
Average response time (msec) = 2.896760901639344
Average queue length = 1
Average wait time in queue (msec) = 0.24424018032786884
Average service time (msec) = 2.517816819672131
Number of SET = 0
Number of GET = 166
Number of MULTI GET = 0


Worker 25
Average throughput (ops/sec) = 166
Average response time (msec) = 2.9181505901639344
Average queue length = 2
Average wait time in queue (msec) = 0.24453603278688524
Average service time (msec) = 2.53804962295082
Number of SET = 0
Number of GET = 166
Number of MULTI GET = 0


Worker 6
Average throughput (ops/sec) = 167
Average response time (msec) = 2.871099131147541
Average queue length = 0
Average wait time in queue (msec) = 0.2401718524590164
Average service time (msec) = 2.5202268360655737
Number of SET = 0
Number of GET = 167
Number of MULTI GET = 0


Worker 26
Average throughput (ops/sec) = 166
Average response time (msec) = 2.898912918032787
Average queue length = 0
Average wait time in queue (msec) = 0.23789368852459017
Average service time (msec) = 2.535715704918033
Number of SET = 0
Number of GET = 166
Number of MULTI GET = 0


Worker 9
Average throughput (ops/sec) = 166
Average response time (msec) = 2.908884
Average queue length = 1
Average wait time in queue (msec) = 0.23500355737704917
Average service time (msec) = 2.542627606557377
Number of SET = 0
Number of GET = 166
Number of MULTI GET = 0


Worker 27
Average throughput (ops/sec) = 166
Average response time (msec) = 2.8764294590163932
Average queue length = 1
Average wait time in queue (msec) = 0.23569937704918034
Average service time (msec) = 2.5114737540983603
Number of SET = 0
Number of GET = 166
Number of MULTI GET = 0


Worker 8
Average throughput (ops/sec) = 166
Average response time (msec) = 2.8838869508196723
Average queue length = 1
Average wait time in queue (msec) = 0.2365503606557377
Average service time (msec) = 2.523039950819672
Number of SET = 0
Number of GET = 166
Number of MULTI GET = 0


Worker 20
Average throughput (ops/sec) = 166
Average response time (msec) = 2.917960344262295
Average queue length = 2
Average wait time in queue (msec) = 0.2469185737704918
Average service time (msec) = 2.5439036393442622
Number of SET = 0
Number of GET = 166
Number of MULTI GET = 0


Worker 3
Average throughput (ops/sec) = 166
Average response time (msec) = 2.9089939016393442
Average queue length = 1
Average wait time in queue (msec) = 0.24005927868852459
Average service time (msec) = 2.5429057868852456
Number of SET = 0
Number of GET = 166
Number of MULTI GET = 0


Worker 21
Average throughput (ops/sec) = 166
Average response time (msec) = 2.897119475409836
Average queue length = 1
Average wait time in queue (msec) = 0.24491781967213117
Average service time (msec) = 2.5216595409836065
Number of SET = 0
Number of GET = 166
Number of MULTI GET = 0


Worker 2
Average throughput (ops/sec) = 166
Average response time (msec) = 2.899816573770492
Average queue length = 1
Average wait time in queue (msec) = 0.22806636065573768
Average service time (msec) = 2.5892616393442625
Number of SET = 0
Number of GET = 166
Number of MULTI GET = 0


Worker 22
Average throughput (ops/sec) = 166
Average response time (msec) = 2.854536098360656
Average queue length = 2
Average wait time in queue (msec) = 0.2295788524590164
Average service time (msec) = 2.504491573770492
Number of SET = 0
Number of GET = 166
Number of MULTI GET = 0


Worker 5
Average throughput (ops/sec) = 166
Average response time (msec) = 2.903787180327869
Average queue length = 1
Average wait time in queue (msec) = 0.23845432786885248
Average service time (msec) = 2.538571327868852
Number of SET = 0
Number of GET = 166
Number of MULTI GET = 0


Worker 23
Average throughput (ops/sec) = 167
Average response time (msec) = 2.880651295081967
Average queue length = 1
Average wait time in queue (msec) = 0.24206854098360656
Average service time (msec) = 2.513957737704918
Number of SET = 0
Number of GET = 167
Number of MULTI GET = 0


Worker 4
Average throughput (ops/sec) = 166
Average response time (msec) = 2.8689083114754097
Average queue length = 1
Average wait time in queue (msec) = 0.24133427868852458
Average service time (msec) = 2.5060644754098362
Number of SET = 0
Number of GET = 166
Number of MULTI GET = 0


Worker 28
Average throughput (ops/sec) = 166
Average response time (msec) = 2.895813704918033
Average queue length = 0
Average wait time in queue (msec) = 0.23636875409836067
Average service time (msec) = 2.5303018524590164
Number of SET = 0
Number of GET = 166
Number of MULTI GET = 0


Worker 29
Average throughput (ops/sec) = 166
Average response time (msec) = 2.896090819672131
Average queue length = 0
Average wait time in queue (msec) = 0.2461062950819672
Average service time (msec) = 2.5241833114754098
Number of SET = 0
Number of GET = 166
Number of MULTI GET = 0


Worker 1
Average throughput (ops/sec) = 167
Average response time (msec) = 2.879207081967213
Average queue length = 0
Average wait time in queue (msec) = 0.23034683606557377
Average service time (msec) = 2.5346903606557376
Number of SET = 0
Number of GET = 167
Number of MULTI GET = 0


Worker 30
Average throughput (ops/sec) = 166
Average response time (msec) = 2.894683836065574
Average queue length = 3
Average wait time in queue (msec) = 0.2423908032786885
Average service time (msec) = 2.5300364098360655
Number of SET = 0
Number of GET = 166
Number of MULTI GET = 0


Worker 13
Average throughput (ops/sec) = 166
Average response time (msec) = 2.9021085737704917
Average queue length = 0
Average wait time in queue (msec) = 0.24653616393442623
Average service time (msec) = 2.5307548852459014
Number of SET = 0
Number of GET = 166
Number of MULTI GET = 0


Worker 14
Average throughput (ops/sec) = 166
Average response time (msec) = 2.864996180327869
Average queue length = 2
Average wait time in queue (msec) = 0.23228177049180326
Average service time (msec) = 2.5060938360655736
Number of SET = 0
Number of GET = 166
Number of MULTI GET = 0


Worker 15
Average throughput (ops/sec) = 166
Average response time (msec) = 2.8990125573770493
Average queue length = 1
Average wait time in queue (msec) = 0.25058213114754097
Average service time (msec) = 2.5234312131147543
Number of SET = 0
Number of GET = 166
Number of MULTI GET = 0


Worker 16
Average throughput (ops/sec) = 166
Average response time (msec) = 2.931367295081967
Average queue length = 2
Average wait time in queue (msec) = 0.2502266393442623
Average service time (msec) = 2.5607440163934427
Number of SET = 0
Number of GET = 166
Number of MULTI GET = 0


Worker 31
Average throughput (ops/sec) = 167
Average response time (msec) = 2.910577
Average queue length = 1
Average wait time in queue (msec) = 0.2329370163934426
Average service time (msec) = 2.5584335409836068
Number of SET = 0
Number of GET = 167
Number of MULTI GET = 0


Worker 32
Average throughput (ops/sec) = 167
Average response time (msec) = 2.901121655737705
Average queue length = 2
Average wait time in queue (msec) = 0.2395414262295082
Average service time (msec) = 2.530064491803279
Number of SET = 0
Number of GET = 167
Number of MULTI GET = 0


Worker 10
Average throughput (ops/sec) = 166
Average response time (msec) = 2.888187950819672
Average queue length = 1
Average wait time in queue (msec) = 0.23405616393442624
Average service time (msec) = 2.5339057377049183
Number of SET = 0
Number of GET = 166
Number of MULTI GET = 0


Worker 11
Average throughput (ops/sec) = 166
Average response time (msec) = 2.8770317868852455
Average queue length = 1
Average wait time in queue (msec) = 0.23325408196721312
Average service time (msec) = 2.522950524590164
Number of SET = 0
Number of GET = 166
Number of MULTI GET = 0


Worker 12
Average throughput (ops/sec) = 166
Average response time (msec) = 2.8870767377049185
Average queue length = 0
Average wait time in queue (msec) = 0.24174339344262294
Average service time (msec) = 2.519278
Number of SET = 0
Number of GET = 166
Number of MULTI GET = 0


Worker 17
Average throughput (ops/sec) = 166
Average response time (msec) = 2.8933088524590165
Average queue length = 1
Average wait time in queue (msec) = 0.235979131147541
Average service time (msec) = 2.524693360655738
Number of SET = 0
Number of GET = 166
Number of MULTI GET = 0


Worker 18
Average throughput (ops/sec) = 166
Average response time (msec) = 2.8866863606557374
Average queue length = 2
Average wait time in queue (msec) = 0.24710240983606557
Average service time (msec) = 2.5160070983606557
Number of SET = 0
Number of GET = 166
Number of MULTI GET = 0


Worker 19
Average throughput (ops/sec) = 165
Average response time (msec) = 2.8981816885245903
Average queue length = 1
Average wait time in queue (msec) = 0.23883480327868853
Average service time (msec) = 2.5303090491803277
Number of SET = 0
Number of GET = 165
Number of MULTI GET = 0


FINAL STATS
Average throughput (ops/sec) = 5316
Average response time (msec) = 2.815761179898929
Average queue length = 1
Average wait time in queue (msec) = 0.2394047151639344
Average service time (msec) = 2.5302388089139347
Number of SET = 0
Number of GET = 166
Number of MULTI GET = 0
Number of Cache misses = 325316


Histogram response times (0.1 msec step)
0.0 msec : 2181
0.1 msec : 17368
0.2 msec : 33598
0.3 msec : 38736
0.4 msec : 35420
0.5 msec : 29816
0.6 msec : 24401
0.7 msec : 20201
0.8 msec : 16897
0.9 msec : 14233
1.0 msec : 12226
1.1 msec : 10254
1.2 msec : 8709
1.3 msec : 7388
1.4 msec : 6126
1.5 msec : 5122
1.6 msec : 4280
1.7 msec : 3502
1.8 msec : 2965
1.9 msec : 2432
2.0 msec : 2021
2.1 msec : 1573
2.2 msec : 1337
2.3 msec : 1118
2.4 msec : 915
2.5 msec : 778
2.6 msec : 701
2.7 msec : 603
2.8 msec : 537
2.9 msec : 498
3.0 msec : 408
3.1 msec : 372
3.2 msec : 369
3.3 msec : 356
3.4 msec : 306
3.5 msec : 281
3.6 msec : 302
3.7 msec : 274
3.8 msec : 240
3.9 msec : 215
4.0 msec : 230
4.1 msec : 227
4.2 msec : 212
4.3 msec : 210
4.4 msec : 254
4.5 msec : 267
4.6 msec : 311
4.7 msec : 293
4.8 msec : 335
4.9 msec : 378
5.0 msec : 359
5.1 msec : 392
5.2 msec : 445
5.3 msec : 431
5.4 msec : 453
5.5 msec : 434
5.6 msec : 441
5.7 msec : 465
5.8 msec : 556
5.9 msec : 566
6.0 msec : 580
6.1 msec : 560
6.2 msec : 505
6.3 msec : 455
6.4 msec : 451
6.5 msec : 467
6.6 msec : 373
6.7 msec : 359
6.8 msec : 337
6.9 msec : 297
7.0 msec : 249
7.1 msec : 246
7.2 msec : 237
7.3 msec : 235
7.4 msec : 195
7.5 msec : 190
7.6 msec : 144
7.7 msec : 154
7.8 msec : 143
7.9 msec : 131
8.0 msec : 119
8.1 msec : 109
8.2 msec : 89
8.3 msec : 94
8.4 msec : 93
8.5 msec : 90
8.6 msec : 76
8.7 msec : 63
8.8 msec : 64
8.9 msec : 69
9.0 msec : 59
9.1 msec : 54
9.2 msec : 46
9.3 msec : 53
9.4 msec : 42
9.5 msec : 42
9.6 msec : 46
9.7 msec : 37
9.8 msec : 37
9.9 msec : 38
10.0 msec : 34
10.1 msec : 23
10.2 msec : 23
10.3 msec : 21
10.4 msec : 36
10.5 msec : 39
10.6 msec : 35
10.7 msec : 19
10.8 msec : 23
10.9 msec : 21
11.0 msec : 26
11.1 msec : 24
11.2 msec : 19
11.3 msec : 22
11.4 msec : 24
11.5 msec : 15
11.6 msec : 21
11.7 msec : 16
11.8 msec : 22
11.9 msec : 10
12.0 msec : 16
12.1 msec : 14
12.2 msec : 11
12.3 msec : 14
12.4 msec : 15
12.5 msec : 19
12.6 msec : 12
12.7 msec : 18
12.8 msec : 16
12.9 msec : 12
13.0 msec : 11
13.1 msec : 14
13.2 msec : 20
13.3 msec : 12
13.4 msec : 16
13.5 msec : 13
13.6 msec : 11
13.7 msec : 14
13.8 msec : 12
13.9 msec : 16
14.0 msec : 17
14.1 msec : 12
14.2 msec : 10
14.3 msec : 8
14.4 msec : 7
14.5 msec : 9
14.6 msec : 8
14.7 msec : 10
14.8 msec : 8
14.9 msec : 2
15.0 msec : 5
15.1 msec : 3
15.2 msec : 11
15.3 msec : 11
15.4 msec : 11
15.5 msec : 6
15.6 msec : 16
15.7 msec : 13
15.8 msec : 9
15.9 msec : 17
16.0 msec : 3
16.1 msec : 10
16.2 msec : 4
16.3 msec : 6
16.4 msec : 6
16.5 msec : 3
16.6 msec : 4
16.7 msec : 4
16.8 msec : 5
16.9 msec : 9
17.0 msec : 4
17.1 msec : 3
17.2 msec : 5
17.3 msec : 1
17.4 msec : 5
17.5 msec : 5
17.6 msec : 1
17.7 msec : 2
17.8 msec : 1
17.9 msec : 4
18.0 msec : 6
18.1 msec : 6
18.2 msec : 1
18.3 msec : 3
18.4 msec : 4
18.5 msec : 1
18.6 msec : 2
18.7 msec : 0
18.8 msec : 5
18.9 msec : 2
19.0 msec : 2
19.1 msec : 0
19.2 msec : 2
19.3 msec : 2
19.4 msec : 5
19.5 msec : 1
19.6 msec : 2
19.7 msec : 5
19.8 msec : 8
19.9 msec : 4
20.0 msec : 4
20.1 msec : 5
20.2 msec : 7
20.3 msec : 1
20.4 msec : 4
20.5 msec : 3
20.6 msec : 4
20.7 msec : 3
20.8 msec : 7
20.9 msec : 2
21.0 msec : 9
21.1 msec : 5
21.2 msec : 3
21.3 msec : 3
21.4 msec : 1
21.5 msec : 1
21.6 msec : 2
21.7 msec : 1
21.8 msec : 5
21.9 msec : 2
22.0 msec : 4
22.1 msec : 4
22.2 msec : 3
22.3 msec : 1
22.4 msec : 4
22.5 msec : 2
22.6 msec : 2
22.7 msec : 2
22.8 msec : 1
22.9 msec : 0
23.0 msec : 3
23.1 msec : 2
23.2 msec : 1
23.3 msec : 2
23.4 msec : 0
23.5 msec : 1
23.6 msec : 1
23.7 msec : 1
23.8 msec : 1
23.9 msec : 0
24.0 msec : 3
24.1 msec : 0
24.2 msec : 3
24.3 msec : 2
24.4 msec : 2
24.5 msec : 1
24.6 msec : 0
24.7 msec : 1
24.8 msec : 2
24.9 msec : 0
25.0 msec : 2
25.1 msec : 3
25.2 msec : 0
25.3 msec : 2
25.4 msec : 1
25.5 msec : 0
25.6 msec : 1
25.7 msec : 3
25.8 msec : 1
25.9 msec : 0
26.0 msec : 2
26.1 msec : 8
26.2 msec : 0
26.3 msec : 1
26.4 msec : 1
26.5 msec : 2
26.6 msec : 3
26.7 msec : 0
26.8 msec : 0
26.9 msec : 1
27.0 msec : 0
27.1 msec : 1
27.2 msec : 0
27.3 msec : 1
27.4 msec : 0
27.5 msec : 0
27.6 msec : 2
27.7 msec : 2
27.8 msec : 1
27.9 msec : 0
28.0 msec : 1
28.1 msec : 3
28.2 msec : 1
28.3 msec : 2
28.4 msec : 0
28.5 msec : 2
28.6 msec : 2
28.7 msec : 1
28.8 msec : 2
28.9 msec : 2
29.0 msec : 2
29.1 msec : 2
29.2 msec : 1
29.3 msec : 1
29.4 msec : 1
29.5 msec : 0
29.6 msec : 1
29.7 msec : 0
29.8 msec : 0
29.9 msec : 0
30.0 msec : 0
30.1 msec : 1
30.2 msec : 1
30.3 msec : 0
30.4 msec : 0
30.5 msec : 2
30.6 msec : 0
30.7 msec : 0
30.8 msec : 1
30.9 msec : 0
31.0 msec : 1
31.1 msec : 0
31.2 msec : 0
31.3 msec : 0
31.4 msec : 0
31.5 msec : 0
31.6 msec : 0
31.7 msec : 0
31.8 msec : 0
31.9 msec : 0
32.0 msec : 0
32.1 msec : 0
32.2 msec : 1
32.3 msec : 0
32.4 msec : 0
32.5 msec : 0
32.6 msec : 0
32.7 msec : 0
32.8 msec : 1
32.9 msec : 0
33.0 msec : 0
33.1 msec : 3
33.2 msec : 2
33.3 msec : 1
33.4 msec : 3
33.5 msec : 0
33.6 msec : 1
33.7 msec : 0
33.8 msec : 2
33.9 msec : 0
34.0 msec : 0
34.1 msec : 2
34.2 msec : 2
34.3 msec : 0
34.4 msec : 0
34.5 msec : 0
34.6 msec : 0
34.7 msec : 1
34.8 msec : 1
34.9 msec : 0
35.0 msec : 1
35.1 msec : 4
35.2 msec : 1
35.3 msec : 0
35.4 msec : 0
35.5 msec : 0
35.6 msec : 0
35.7 msec : 2
35.8 msec : 1
35.9 msec : 0
36.0 msec : 0
36.1 msec : 0
36.2 msec : 1
36.3 msec : 0
36.4 msec : 0
36.5 msec : 0
36.6 msec : 0
36.7 msec : 0
36.8 msec : 1
36.9 msec : 0
37.0 msec : 0
37.1 msec : 0
37.2 msec : 0
37.3 msec : 0
37.4 msec : 0
37.5 msec : 0
37.6 msec : 1
37.7 msec : 0
37.8 msec : 0
37.9 msec : 0
38.0 msec : 0
38.1 msec : 0
38.2 msec : 1
38.3 msec : 0
38.4 msec : 0
38.5 msec : 0
38.6 msec : 3
38.7 msec : 1
38.8 msec : 0
38.9 msec : 0
39.0 msec : 0
39.1 msec : 0
39.2 msec : 0
39.3 msec : 0
39.4 msec : 0
39.5 msec : 0
39.6 msec : 0
39.7 msec : 0
39.8 msec : 1
39.9 msec : 0
40.0 msec : 0
40.1 msec : 0
40.2 msec : 0
40.3 msec : 0
40.4 msec : 0
40.5 msec : 0
40.6 msec : 1
40.7 msec : 0
40.8 msec : 0
40.9 msec : 0
41.0 msec : 0
41.1 msec : 0
41.2 msec : 0
41.3 msec : 1
41.4 msec : 0
41.5 msec : 0
41.6 msec : 0
41.7 msec : 0
41.8 msec : 0
41.9 msec : 0
42.0 msec : 0
42.1 msec : 0
42.2 msec : 0
42.3 msec : 0
42.4 msec : 0
42.5 msec : 0
42.6 msec : 0
42.7 msec : 1
42.8 msec : 0
42.9 msec : 0
43.0 msec : 0
43.1 msec : 0
43.2 msec : 0
43.3 msec : 0
43.4 msec : 0
43.5 msec : 0
43.6 msec : 0
43.7 msec : 0
43.8 msec : 0
43.9 msec : 0
44.0 msec : 1
44.1 msec : 0
44.2 msec : 0
44.3 msec : 0
44.4 msec : 0
44.5 msec : 0
44.6 msec : 0
44.7 msec : 1
44.8 msec : 1
44.9 msec : 0
45.0 msec : 0
45.1 msec : 0
45.2 msec : 0
45.3 msec : 0
45.4 msec : 0
45.5 msec : 0
45.6 msec : 0
45.7 msec : 0
45.8 msec : 0
45.9 msec : 1
46.0 msec : 0
46.1 msec : 0
46.2 msec : 0
46.3 msec : 0
46.4 msec : 0
46.5 msec : 0
46.6 msec : 0
46.7 msec : 0
46.8 msec : 0
46.9 msec : 0
47.0 msec : 0
47.1 msec : 0
47.2 msec : 0
47.3 msec : 0
47.4 msec : 0
47.5 msec : 0
47.6 msec : 0
47.7 msec : 0
47.8 msec : 0
47.9 msec : 0
48.0 msec : 0
48.1 msec : 0
48.2 msec : 0
48.3 msec : 0
48.4 msec : 0
48.5 msec : 1
48.6 msec : 0
48.7 msec : 0
48.8 msec : 0
48.9 msec : 0
49.0 msec : 1
49.1 msec : 0
49.2 msec : 0
49.3 msec : 0
49.4 msec : 0
49.5 msec : 0
49.6 msec : 0
49.7 msec : 0
49.8 msec : 0
49.9 msec : 0
50.0 msec : 0
50.1 msec : 0
50.2 msec : 0
50.3 msec : 0
50.4 msec : 0
50.5 msec : 0
50.6 msec : 0
50.7 msec : 0
50.8 msec : 0
50.9 msec : 0
51.0 msec : 0
51.1 msec : 0
51.2 msec : 0
51.3 msec : 0
51.4 msec : 0
51.5 msec : 0
51.6 msec : 0
51.7 msec : 0
51.8 msec : 0
51.9 msec : 0
52.0 msec : 0
52.1 msec : 0
52.2 msec : 0
52.3 msec : 0
52.4 msec : 0
52.5 msec : 0
52.6 msec : 0
52.7 msec : 0
52.8 msec : 0
52.9 msec : 0
53.0 msec : 1
53.1 msec : 0
53.2 msec : 0
53.3 msec : 0
53.4 msec : 0
53.5 msec : 0
53.6 msec : 0
53.7 msec : 0
53.8 msec : 0
53.9 msec : 0
54.0 msec : 0
54.1 msec : 0
54.2 msec : 2
54.3 msec : 0
54.4 msec : 0
54.5 msec : 0
54.6 msec : 0
54.7 msec : 0
54.8 msec : 0
54.9 msec : 0
55.0 msec : 0
55.1 msec : 0
55.2 msec : 0
55.3 msec : 0
55.4 msec : 0
55.5 msec : 0
55.6 msec : 0
55.7 msec : 0
55.8 msec : 0
55.9 msec : 0
56.0 msec : 0
56.1 msec : 0
56.2 msec : 0
56.3 msec : 0
56.4 msec : 0
56.5 msec : 0
56.6 msec : 0
56.7 msec : 0
56.8 msec : 0
56.9 msec : 0
57.0 msec : 0
57.1 msec : 0
57.2 msec : 0
57.3 msec : 0
57.4 msec : 0
57.5 msec : 0
57.6 msec : 0
57.7 msec : 0
57.8 msec : 0
57.9 msec : 0
58.0 msec : 0
58.1 msec : 0
58.2 msec : 0
58.3 msec : 0
58.4 msec : 0
58.5 msec : 0
58.6 msec : 0
58.7 msec : 0
58.8 msec : 0
58.9 msec : 0
59.0 msec : 0
59.1 msec : 0
59.2 msec : 0
59.3 msec : 0
59.4 msec : 0
59.5 msec : 0
59.6 msec : 0
59.7 msec : 0
59.8 msec : 0
59.9 msec : 0
60.0 msec : 0
60.1 msec : 0
60.2 msec : 0
60.3 msec : 0
60.4 msec : 0
60.5 msec : 0
60.6 msec : 0
60.7 msec : 0
60.8 msec : 0
60.9 msec : 0
61.0 msec : 0
61.1 msec : 0
61.2 msec : 0
61.3 msec : 0
61.4 msec : 0
61.5 msec : 0
61.6 msec : 0
61.7 msec : 0
61.8 msec : 0
61.9 msec : 0
62.0 msec : 0
62.1 msec : 0
62.2 msec : 0
62.3 msec : 0
62.4 msec : 0
62.5 msec : 0
62.6 msec : 0
62.7 msec : 0
62.8 msec : 0
62.9 msec : 0
63.0 msec : 0
63.1 msec : 0
63.2 msec : 0
63.3 msec : 0
63.4 msec : 0
63.5 msec : 0
63.6 msec : 0
63.7 msec : 0
63.8 msec : 0
63.9 msec : 0
64.0 msec : 0
64.1 msec : 0
64.2 msec : 0
64.3 msec : 0
64.4 msec : 0
64.5 msec : 0
64.6 msec : 0
64.7 msec : 0
64.8 msec : 0
64.9 msec : 0
65.0 msec : 0
65.1 msec : 0
65.2 msec : 0
65.3 msec : 0
65.4 msec : 0
65.5 msec : 0
65.6 msec : 0
65.7 msec : 0
65.8 msec : 0
65.9 msec : 0
66.0 msec : 0
66.1 msec : 0
66.2 msec : 0
66.3 msec : 0
66.4 msec : 0
66.5 msec : 0
66.6 msec : 0
66.7 msec : 0
66.8 msec : 0
66.9 msec : 0
67.0 msec : 0
67.1 msec : 0
67.2 msec : 0
67.3 msec : 0
67.4 msec : 0
67.5 msec : 0
67.6 msec : 0
67.7 msec : 0
67.8 msec : 0
67.9 msec : 0
68.0 msec : 0
68.1 msec : 0
68.2 msec : 0
68.3 msec : 0
68.4 msec : 0
68.5 msec : 0
68.6 msec : 0
68.7 msec : 0
68.8 msec : 0
68.9 msec : 0
69.0 msec : 0
69.1 msec : 0
69.2 msec : 0
69.3 msec : 0
69.4 msec : 0
69.5 msec : 0
69.6 msec : 0
69.7 msec : 0
69.8 msec : 0
69.9 msec : 0
70.0 msec : 0
70.1 msec : 0
70.2 msec : 0
70.3 msec : 0
70.4 msec : 0
70.5 msec : 0
70.6 msec : 0
70.7 msec : 0
70.8 msec : 0
70.9 msec : 0
71.0 msec : 0
71.1 msec : 0
71.2 msec : 0
71.3 msec : 0
71.4 msec : 0
71.5 msec : 0
71.6 msec : 0
71.7 msec : 0
71.8 msec : 0
71.9 msec : 0
72.0 msec : 0
72.1 msec : 0
72.2 msec : 0
72.3 msec : 0
72.4 msec : 0
72.5 msec : 0
72.6 msec : 0
72.7 msec : 0
72.8 msec : 0
72.9 msec : 0
73.0 msec : 0
73.1 msec : 0
73.2 msec : 0
73.3 msec : 0
73.4 msec : 0
73.5 msec : 0
73.6 msec : 0
73.7 msec : 0
73.8 msec : 0
73.9 msec : 0
74.0 msec : 0
74.1 msec : 0
74.2 msec : 0
74.3 msec : 0
74.4 msec : 0
74.5 msec : 0
74.6 msec : 0
74.7 msec : 0
74.8 msec : 0
74.9 msec : 1
75.0 msec : 0
75.1 msec : 0
75.2 msec : 0
75.3 msec : 0
75.4 msec : 0
75.5 msec : 1
75.6 msec : 0
75.7 msec : 0
75.8 msec : 0
75.9 msec : 0
76.0 msec : 1
76.1 msec : 0
76.2 msec : 0
76.3 msec : 1
76.4 msec : 0
76.5 msec : 0
76.6 msec : 0
76.7 msec : 0
76.8 msec : 0
76.9 msec : 0
77.0 msec : 0
77.1 msec : 0
77.2 msec : 0
77.3 msec : 0
77.4 msec : 0
77.5 msec : 0
77.6 msec : 0
77.7 msec : 0
77.8 msec : 0
77.9 msec : 0
78.0 msec : 1
78.1 msec : 0
78.2 msec : 0
78.3 msec : 0
78.4 msec : 0
78.5 msec : 0
78.6 msec : 1
78.7 msec : 1
78.8 msec : 3
78.9 msec : 0
79.0 msec : 0
79.1 msec : 0
79.2 msec : 2
79.3 msec : 0
79.4 msec : 1
79.5 msec : 0
79.6 msec : 0
79.7 msec : 0
79.8 msec : 0
79.9 msec : 0
80.0 msec : 1
80.1 msec : 0
80.2 msec : 0
80.3 msec : 0
80.4 msec : 0
80.5 msec : 0
80.6 msec : 1
80.7 msec : 0
80.8 msec : 0
80.9 msec : 0
81.0 msec : 0
81.1 msec : 0
81.2 msec : 0
81.3 msec : 1
81.4 msec : 0
81.5 msec : 0
81.6 msec : 0
81.7 msec : 0
81.8 msec : 0
81.9 msec : 0
82.0 msec : 0
82.1 msec : 0
82.2 msec : 0
82.3 msec : 0
82.4 msec : 0
82.5 msec : 0
82.6 msec : 0
82.7 msec : 0
82.8 msec : 0
82.9 msec : 0
83.0 msec : 0
83.1 msec : 0
83.2 msec : 0
83.3 msec : 0
83.4 msec : 0
83.5 msec : 0
83.6 msec : 0
83.7 msec : 0
83.8 msec : 0
83.9 msec : 0
84.0 msec : 0
84.1 msec : 0
84.2 msec : 0
84.3 msec : 0
84.4 msec : 0
84.5 msec : 0
84.6 msec : 0
84.7 msec : 0
84.8 msec : 0
84.9 msec : 0
85.0 msec : 0
85.1 msec : 0
85.2 msec : 0
85.3 msec : 0
85.4 msec : 0
85.5 msec : 0
85.6 msec : 0
85.7 msec : 0
85.8 msec : 0
85.9 msec : 0
86.0 msec : 0
86.1 msec : 0
86.2 msec : 0
86.3 msec : 0
86.4 msec : 0
86.5 msec : 0
86.6 msec : 0
86.7 msec : 0
86.8 msec : 0
86.9 msec : 0
87.0 msec : 0
87.1 msec : 0
87.2 msec : 0
87.3 msec : 0
87.4 msec : 0
87.5 msec : 0
87.6 msec : 0
87.7 msec : 0
87.8 msec : 0
87.9 msec : 0
88.0 msec : 0
88.1 msec : 0
88.2 msec : 0
88.3 msec : 0
88.4 msec : 0
88.5 msec : 0
88.6 msec : 0
88.7 msec : 0
88.8 msec : 0
88.9 msec : 0
89.0 msec : 0
89.1 msec : 0
89.2 msec : 0
89.3 msec : 0
89.4 msec : 0
89.5 msec : 0
89.6 msec : 0
89.7 msec : 0
89.8 msec : 0
89.9 msec : 0
90.0 msec : 0
90.1 msec : 0
90.2 msec : 0
90.3 msec : 0
90.4 msec : 0
90.5 msec : 0
90.6 msec : 0
90.7 msec : 0
90.8 msec : 0
90.9 msec : 0
91.0 msec : 0
91.1 msec : 0
91.2 msec : 0
91.3 msec : 0
91.4 msec : 0
91.5 msec : 0
91.6 msec : 0
91.7 msec : 0
91.8 msec : 0
91.9 msec : 0
92.0 msec : 0
92.1 msec : 0
92.2 msec : 0
92.3 msec : 0
92.4 msec : 0
92.5 msec : 0
92.6 msec : 0
92.7 msec : 0
92.8 msec : 0
92.9 msec : 0
93.0 msec : 0
93.1 msec : 0
93.2 msec : 0
93.3 msec : 0
93.4 msec : 0
93.5 msec : 0
93.6 msec : 0
93.7 msec : 0
93.8 msec : 0
93.9 msec : 0
94.0 msec : 0
94.1 msec : 0
94.2 msec : 0
94.3 msec : 0
94.4 msec : 0
94.5 msec : 0
94.6 msec : 0
94.7 msec : 0
94.8 msec : 0
94.9 msec : 0
95.0 msec : 0
95.1 msec : 0
95.2 msec : 0
95.3 msec : 0
95.4 msec : 0
95.5 msec : 0
95.6 msec : 0
95.7 msec : 0
95.8 msec : 0
95.9 msec : 0
96.0 msec : 0
96.1 msec : 0
96.2 msec : 0
96.3 msec : 0
96.4 msec : 0
96.5 msec : 0
96.6 msec : 0
96.7 msec : 0
96.8 msec : 0
96.9 msec : 0
97.0 msec : 0
97.1 msec : 0
97.2 msec : 0
97.3 msec : 0
97.4 msec : 0
97.5 msec : 0
97.6 msec : 0
97.7 msec : 0
97.8 msec : 0
97.9 msec : 0
98.0 msec : 0
98.1 msec : 0
98.2 msec : 0
98.3 msec : 0
98.4 msec : 0
98.5 msec : 0
98.6 msec : 0
98.7 msec : 0
98.8 msec : 0
98.9 msec : 0
99.0 msec : 0
99.1 msec : 0
99.2 msec : 0
99.3 msec : 0
99.4 msec : 0
99.5 msec : 0
99.6 msec : 0
99.7 msec : 0
99.8 msec : 0
99.9 msec : 0
100.0 msec : 0
100.1 msec : 0
100.2 msec : 0
100.3 msec : 0
100.4 msec : 0
100.5 msec : 0
100.6 msec : 0
100.7 msec : 0
100.8 msec : 0
100.9 msec : 0
101.0 msec : 0
101.1 msec : 0
101.2 msec : 0
101.3 msec : 0
101.4 msec : 0
101.5 msec : 0
101.6 msec : 0
101.7 msec : 0
101.8 msec : 0
101.9 msec : 0
102.0 msec : 0
102.1 msec : 0
102.2 msec : 0
102.3 msec : 0
102.4 msec : 0
102.5 msec : 0
102.6 msec : 0
102.7 msec : 0
102.8 msec : 0
102.9 msec : 0
103.0 msec : 0
103.1 msec : 0
103.2 msec : 0
103.3 msec : 0
103.4 msec : 0
103.5 msec : 0
103.6 msec : 0
103.7 msec : 0
103.8 msec : 0
103.9 msec : 0
104.0 msec : 0
104.1 msec : 0
104.2 msec : 0
104.3 msec : 0
104.4 msec : 0
104.5 msec : 0
104.6 msec : 0
104.7 msec : 0
104.8 msec : 0
104.9 msec : 0
105.0 msec : 0
105.1 msec : 0
105.2 msec : 0
105.3 msec : 0
105.4 msec : 0
105.5 msec : 0
105.6 msec : 0
105.7 msec : 0
105.8 msec : 0
105.9 msec : 0
106.0 msec : 0
106.1 msec : 0
106.2 msec : 0
106.3 msec : 0
106.4 msec : 0
106.5 msec : 0
106.6 msec : 0
106.7 msec : 0
106.8 msec : 0
106.9 msec : 0
107.0 msec : 0
107.1 msec : 0
107.2 msec : 0
107.3 msec : 0
107.4 msec : 0
107.5 msec : 0
107.6 msec : 0
107.7 msec : 0
107.8 msec : 0
107.9 msec : 0
108.0 msec : 0
108.1 msec : 0
108.2 msec : 0
108.3 msec : 0
108.4 msec : 0
108.5 msec : 1
108.6 msec : 1
108.7 msec : 0
108.8 msec : 0
108.9 msec : 0
109.0 msec : 0
109.1 msec : 1
109.2 msec : 0
109.3 msec : 0
109.4 msec : 0
109.5 msec : 0
109.6 msec : 0
109.7 msec : 0
109.8 msec : 0
109.9 msec : 0
110.0 msec : 0
110.1 msec : 0
110.2 msec : 0
110.3 msec : 0
110.4 msec : 0
110.5 msec : 0
110.6 msec : 0
110.7 msec : 0
110.8 msec : 0
110.9 msec : 0
111.0 msec : 0
111.1 msec : 0
111.2 msec : 0
111.3 msec : 0
111.4 msec : 0
111.5 msec : 0
111.6 msec : 0
111.7 msec : 0
111.8 msec : 0
111.9 msec : 0
112.0 msec : 0
112.1 msec : 0
112.2 msec : 0
112.3 msec : 0
112.4 msec : 0
112.5 msec : 0
112.6 msec : 0
112.7 msec : 0
112.8 msec : 0
112.9 msec : 0
113.0 msec : 0
113.1 msec : 0
113.2 msec : 0
113.3 msec : 0
113.4 msec : 0
113.5 msec : 0
113.6 msec : 0
113.7 msec : 0
113.8 msec : 0
113.9 msec : 0
114.0 msec : 0
114.1 msec : 0
114.2 msec : 0
114.3 msec : 0
114.4 msec : 0
114.5 msec : 0
114.6 msec : 0
114.7 msec : 0
114.8 msec : 0
114.9 msec : 0
115.0 msec : 0
115.1 msec : 0
115.2 msec : 0
115.3 msec : 0
115.4 msec : 0
115.5 msec : 0
115.6 msec : 0
115.7 msec : 0
115.8 msec : 0
115.9 msec : 0
116.0 msec : 0
116.1 msec : 0
116.2 msec : 0
116.3 msec : 0
116.4 msec : 0
116.5 msec : 0
116.6 msec : 0
116.7 msec : 0
116.8 msec : 0
116.9 msec : 0
117.0 msec : 0
117.1 msec : 0
117.2 msec : 0
117.3 msec : 0
117.4 msec : 0
117.5 msec : 0
117.6 msec : 0
117.7 msec : 0
117.8 msec : 0
117.9 msec : 0
118.0 msec : 0
118.1 msec : 0
118.2 msec : 0
118.3 msec : 0
118.4 msec : 0
118.5 msec : 0
118.6 msec : 0
118.7 msec : 0
118.8 msec : 0
118.9 msec : 0
119.0 msec : 0
119.1 msec : 0
119.2 msec : 0
119.3 msec : 0
119.4 msec : 0
119.5 msec : 0
119.6 msec : 0
119.7 msec : 0
119.8 msec : 0
119.9 msec : 0
120.0 msec : 0
120.1 msec : 0
120.2 msec : 0
120.3 msec : 0
120.4 msec : 0
120.5 msec : 0
120.6 msec : 0
120.7 msec : 0
120.8 msec : 0
120.9 msec : 0
121.0 msec : 0
121.1 msec : 0
121.2 msec : 0
121.3 msec : 0
121.4 msec : 0
121.5 msec : 0
121.6 msec : 0
121.7 msec : 0
121.8 msec : 0
121.9 msec : 0
122.0 msec : 0
122.1 msec : 0
122.2 msec : 0
122.3 msec : 0
122.4 msec : 0
122.5 msec : 0
122.6 msec : 0
122.7 msec : 0
122.8 msec : 0
122.9 msec : 0
123.0 msec : 0
123.1 msec : 0
123.2 msec : 0
123.3 msec : 0
123.4 msec : 0
123.5 msec : 0
123.6 msec : 0
123.7 msec : 0
123.8 msec : 0
123.9 msec : 0
124.0 msec : 0
124.1 msec : 0
124.2 msec : 0
124.3 msec : 0
124.4 msec : 0
124.5 msec : 0
124.6 msec : 0
124.7 msec : 0
124.8 msec : 0
124.9 msec : 0
125.0 msec : 0
125.1 msec : 0
125.2 msec : 0
125.3 msec : 0
125.4 msec : 0
125.5 msec : 0
125.6 msec : 0
125.7 msec : 0
125.8 msec : 0
125.9 msec : 0
126.0 msec : 0
126.1 msec : 0
126.2 msec : 0
126.3 msec : 0
126.4 msec : 0
126.5 msec : 0
126.6 msec : 0
126.7 msec : 0
126.8 msec : 0
126.9 msec : 0
127.0 msec : 0
127.1 msec : 0
127.2 msec : 0
127.3 msec : 0
127.4 msec : 0
127.5 msec : 0
127.6 msec : 0
127.7 msec : 0
127.8 msec : 0
127.9 msec : 0
128.0 msec : 0
128.1 msec : 0
128.2 msec : 0
128.3 msec : 0
128.4 msec : 0
128.5 msec : 0
128.6 msec : 0
128.7 msec : 0
128.8 msec : 0
128.9 msec : 0
129.0 msec : 0
129.1 msec : 0
129.2 msec : 0
129.3 msec : 0
129.4 msec : 0
129.5 msec : 0
129.6 msec : 0
129.7 msec : 0
129.8 msec : 0
129.9 msec : 0
130.0 msec : 0
130.1 msec : 0
130.2 msec : 0
130.3 msec : 0
130.4 msec : 0
130.5 msec : 0
130.6 msec : 0
130.7 msec : 0
130.8 msec : 0
130.9 msec : 0
131.0 msec : 0
131.1 msec : 0
131.2 msec : 0
131.3 msec : 0
131.4 msec : 0
131.5 msec : 0
131.6 msec : 0
131.7 msec : 0
131.8 msec : 0
131.9 msec : 0
132.0 msec : 0
132.1 msec : 0
132.2 msec : 0
132.3 msec : 0
132.4 msec : 0
132.5 msec : 0
132.6 msec : 0
132.7 msec : 0
132.8 msec : 0
132.9 msec : 0
133.0 msec : 0
133.1 msec : 0
133.2 msec : 0
133.3 msec : 0
133.4 msec : 0
133.5 msec : 0
133.6 msec : 0
133.7 msec : 0
133.8 msec : 0
133.9 msec : 0
134.0 msec : 0
134.1 msec : 0
134.2 msec : 0
134.3 msec : 0
134.4 msec : 0
134.5 msec : 0
134.6 msec : 0
134.7 msec : 0
134.8 msec : 0
134.9 msec : 0
135.0 msec : 0
135.1 msec : 0
135.2 msec : 0
135.3 msec : 0
135.4 msec : 0
135.5 msec : 0
135.6 msec : 0
135.7 msec : 0
135.8 msec : 0
135.9 msec : 0
136.0 msec : 0
136.1 msec : 0
136.2 msec : 0
136.3 msec : 0
136.4 msec : 0
136.5 msec : 0
136.6 msec : 0
136.7 msec : 0
136.8 msec : 0
136.9 msec : 0
137.0 msec : 0
137.1 msec : 0
137.2 msec : 0
137.3 msec : 0
137.4 msec : 0
137.5 msec : 0
137.6 msec : 0
137.7 msec : 0
137.8 msec : 0
137.9 msec : 0
138.0 msec : 0
138.1 msec : 0
138.2 msec : 0
138.3 msec : 0
138.4 msec : 0
138.5 msec : 0
138.6 msec : 1
138.7 msec : 1
138.8 msec : 0
138.9 msec : 0
139.0 msec : 0
139.1 msec : 0
139.2 msec : 0
139.3 msec : 0
139.4 msec : 0
139.5 msec : 0
139.6 msec : 0
139.7 msec : 0
139.8 msec : 0
139.9 msec : 0
140.0 msec : 0
140.1 msec : 0
140.2 msec : 0
140.3 msec : 0
140.4 msec : 0
140.5 msec : 0
140.6 msec : 0
140.7 msec : 0
140.8 msec : 0
140.9 msec : 0
141.0 msec : 0
141.1 msec : 0
141.2 msec : 0
141.3 msec : 0
141.4 msec : 0
141.5 msec : 0
141.6 msec : 0
141.7 msec : 0
141.8 msec : 0
141.9 msec : 0
142.0 msec : 0
142.1 msec : 0
142.2 msec : 0
142.3 msec : 0
142.4 msec : 0
142.5 msec : 0
142.6 msec : 0
142.7 msec : 0
142.8 msec : 0
142.9 msec : 0
143.0 msec : 0
143.1 msec : 0
143.2 msec : 0
143.3 msec : 0
143.4 msec : 0
143.5 msec : 0
143.6 msec : 0
143.7 msec : 0
143.8 msec : 0
143.9 msec : 0
144.0 msec : 0
144.1 msec : 0
144.2 msec : 0
144.3 msec : 0
144.4 msec : 0
144.5 msec : 0
144.6 msec : 0
144.7 msec : 0
144.8 msec : 0
144.9 msec : 0
145.0 msec : 0
145.1 msec : 0
145.2 msec : 1
145.3 msec : 0
145.4 msec : 1
145.5 msec : 1
145.6 msec : 2
145.7 msec : 1
145.8 msec : 1
145.9 msec : 2
146.0 msec : 0
146.1 msec : 2
146.2 msec : 0
146.3 msec : 0
146.4 msec : 0
146.5 msec : 0
146.6 msec : 0
146.7 msec : 0
146.8 msec : 0
146.9 msec : 0
147.0 msec : 0
147.1 msec : 0
147.2 msec : 0
147.3 msec : 0
147.4 msec : 0
147.5 msec : 0
147.6 msec : 0
147.7 msec : 0
147.8 msec : 0
147.9 msec : 0
148.0 msec : 0
148.1 msec : 0
148.2 msec : 0
148.3 msec : 0
148.4 msec : 0
148.5 msec : 0
148.6 msec : 0
148.7 msec : 0
148.8 msec : 0
148.9 msec : 0
149.0 msec : 0
149.1 msec : 0
149.2 msec : 0
149.3 msec : 0
149.4 msec : 0
149.5 msec : 0
149.6 msec : 0
