Middleware started...
Middleware shuts down...
Smaller resolution statistics are in a log file...
Final aggregates per worker:


Worker 7
Average throughput (ops/sec) = 5622
Average response time (msec) = 0.17868083333333334
Average queue length = 0
Average wait time in queue (msec) = 0.0225235
Average service time (msec) = 0.10013683333333333
Number of SET = 5622
Number of GET = 0
Number of MULTI GET = 0


Worker 6
Average throughput (ops/sec) = 5580
Average response time (msec) = 0.18194933333333335
Average queue length = 0
Average wait time in queue (msec) = 0.026228333333333333
Average service time (msec) = 0.10054483333333333
Number of SET = 5580
Number of GET = 0
Number of MULTI GET = 0


Worker 8
Average throughput (ops/sec) = 5631
Average response time (msec) = 0.18252383333333333
Average queue length = 1
Average wait time in queue (msec) = 0.022647833333333332
Average service time (msec) = 0.10508983333333333
Number of SET = 5631
Number of GET = 0
Number of MULTI GET = 0


Worker 3
Average throughput (ops/sec) = 5636
Average response time (msec) = 0.1792535
Average queue length = 0
Average wait time in queue (msec) = 0.022118333333333334
Average service time (msec) = 0.10258866666666668
Number of SET = 5636
Number of GET = 0
Number of MULTI GET = 0


Worker 2
Average throughput (ops/sec) = 5594
Average response time (msec) = 0.1792695
Average queue length = 0
Average wait time in queue (msec) = 0.022184166666666668
Average service time (msec) = 0.100628
Number of SET = 5594
Number of GET = 0
Number of MULTI GET = 0


Worker 5
Average throughput (ops/sec) = 5603
Average response time (msec) = 0.18521516666666665
Average queue length = 1
Average wait time in queue (msec) = 0.025492666666666667
Average service time (msec) = 0.102515
Number of SET = 5603
Number of GET = 0
Number of MULTI GET = 0


Worker 4
Average throughput (ops/sec) = 5595
Average response time (msec) = 0.18214633333333335
Average queue length = 1
Average wait time in queue (msec) = 0.024257666666666667
Average service time (msec) = 0.101797
Number of SET = 5595
Number of GET = 0
Number of MULTI GET = 0


Worker 1
Average throughput (ops/sec) = 5651
Average response time (msec) = 0.18054566666666666
Average queue length = 0
Average wait time in queue (msec) = 0.022502666666666667
Average service time (msec) = 0.10168266666666667
Number of SET = 5651
Number of GET = 0
Number of MULTI GET = 0


FINAL STATS
Average throughput (ops/sec) = 44912
Average response time (msec) = 0.1472943699394083
Average queue length = 0
Average wait time in queue (msec) = 0.02349439583333333
Average service time (msec) = 0.10187285416666667
Number of SET = 5614
Number of GET = 0
Number of MULTI GET = 0
Number of Cache misses = 0


Histogram response times (0.1 msec step)
0.0 msec : 147767
0.1 msec : 87077
0.2 msec : 24112
0.3 msec : 6059
0.4 msec : 2011
0.5 msec : 832
0.6 msec : 464
0.7 msec : 266
0.8 msec : 150
0.9 msec : 108
1.0 msec : 99
1.1 msec : 60
1.2 msec : 37
1.3 msec : 23
1.4 msec : 19
1.5 msec : 9
1.6 msec : 9
1.7 msec : 24
1.8 msec : 22
1.9 msec : 21
2.0 msec : 11
2.1 msec : 10
2.2 msec : 8
2.3 msec : 6
2.4 msec : 13
2.5 msec : 2
2.6 msec : 8
2.7 msec : 15
2.8 msec : 10
2.9 msec : 8
3.0 msec : 10
3.1 msec : 12
3.2 msec : 16
3.3 msec : 14
3.4 msec : 17
3.5 msec : 12
3.6 msec : 17
3.7 msec : 5
3.8 msec : 3
3.9 msec : 9
4.0 msec : 5
4.1 msec : 10
4.2 msec : 6
4.3 msec : 7
4.4 msec : 5
4.5 msec : 8
4.6 msec : 2
4.7 msec : 2
4.8 msec : 4
4.9 msec : 0
5.0 msec : 1
5.1 msec : 2
5.2 msec : 2
5.3 msec : 2
5.4 msec : 6
5.5 msec : 3
5.6 msec : 2
5.7 msec : 2
5.8 msec : 1
5.9 msec : 5
6.0 msec : 6
6.1 msec : 6
6.2 msec : 5
6.3 msec : 2
6.4 msec : 8
6.5 msec : 2
6.6 msec : 2
6.7 msec : 1
6.8 msec : 0
6.9 msec : 1
7.0 msec : 1
7.1 msec : 2
7.2 msec : 3
7.3 msec : 2
7.4 msec : 2
7.5 msec : 1
7.6 msec : 0
7.7 msec : 0
7.8 msec : 0
7.9 msec : 0
8.0 msec : 0
8.1 msec : 1
8.2 msec : 0
8.3 msec : 1
8.4 msec : 0
8.5 msec : 0
8.6 msec : 0
8.7 msec : 0
8.8 msec : 3
8.9 msec : 3
9.0 msec : 2
9.1 msec : 0
9.2 msec : 0
9.3 msec : 0
9.4 msec : 0
9.5 msec : 0
9.6 msec : 0
9.7 msec : 1
9.8 msec : 0
9.9 msec : 1
10.0 msec : 0
10.1 msec : 0
10.2 msec : 0
10.3 msec : 0
10.4 msec : 0
10.5 msec : 0
10.6 msec : 0
10.7 msec : 0
10.8 msec : 0
10.9 msec : 0
11.0 msec : 0
11.1 msec : 0
11.2 msec : 0
11.3 msec : 0
11.4 msec : 0
11.5 msec : 0
11.6 msec : 0
11.7 msec : 0
11.8 msec : 0
11.9 msec : 1
12.0 msec : 0
12.1 msec : 0
12.2 msec : 0
12.3 msec : 0
12.4 msec : 0
12.5 msec : 0
12.6 msec : 0
12.7 msec : 0
12.8 msec : 0
12.9 msec : 0
13.0 msec : 0
13.1 msec : 0
13.2 msec : 0
13.3 msec : 0
13.4 msec : 0
13.5 msec : 0
13.6 msec : 0
13.7 msec : 0
13.8 msec : 0
13.9 msec : 0
14.0 msec : 0
14.1 msec : 0
14.2 msec : 0
14.3 msec : 1
14.4 msec : 0
14.5 msec : 0
14.6 msec : 0
14.7 msec : 0
14.8 msec : 0
14.9 msec : 0
15.0 msec : 0
15.1 msec : 0
15.2 msec : 0
15.3 msec : 0
15.4 msec : 0
15.5 msec : 0
15.6 msec : 0
15.7 msec : 0
15.8 msec : 0
15.9 msec : 0
16.0 msec : 0
16.1 msec : 0
16.2 msec : 0
16.3 msec : 0
16.4 msec : 0
16.5 msec : 0
16.6 msec : 0
16.7 msec : 0
16.8 msec : 0
16.9 msec : 0
17.0 msec : 0
