Middleware started...
Middleware shuts down...
Smaller resolution statistics are in a log file...
Final aggregates per worker:


Worker 7
Average throughput (ops/sec) = 5402
Average response time (msec) = 0.946566
Average queue length = 27
Average wait time in queue (msec) = 0.7503833333333334
Average service time (msec) = 0.1253675
Number of SET = 5402
Number of GET = 0
Number of MULTI GET = 0


Worker 6
Average throughput (ops/sec) = 5399
Average response time (msec) = 0.9527185
Average queue length = 26
Average wait time in queue (msec) = 0.765229
Average service time (msec) = 0.12133916666666666
Number of SET = 5399
Number of GET = 0
Number of MULTI GET = 0


Worker 8
Average throughput (ops/sec) = 5409
Average response time (msec) = 0.935058
Average queue length = 21
Average wait time in queue (msec) = 0.7450855
Average service time (msec) = 0.12191216666666667
Number of SET = 5409
Number of GET = 0
Number of MULTI GET = 0


Worker 3
Average throughput (ops/sec) = 5342
Average response time (msec) = 0.9547346666666666
Average queue length = 24
Average wait time in queue (msec) = 0.754934
Average service time (msec) = 0.12848283333333332
Number of SET = 5342
Number of GET = 0
Number of MULTI GET = 0


Worker 2
Average throughput (ops/sec) = 5393
Average response time (msec) = 0.9549426666666666
Average queue length = 25
Average wait time in queue (msec) = 0.7590251666666666
Average service time (msec) = 0.12302333333333333
Number of SET = 5393
Number of GET = 0
Number of MULTI GET = 0


Worker 5
Average throughput (ops/sec) = 5470
Average response time (msec) = 0.9639016666666667
Average queue length = 26
Average wait time in queue (msec) = 0.7667675
Average service time (msec) = 0.12514933333333333
Number of SET = 5470
Number of GET = 0
Number of MULTI GET = 0


Worker 4
Average throughput (ops/sec) = 5395
Average response time (msec) = 0.9531106666666667
Average queue length = 25
Average wait time in queue (msec) = 0.7574861666666667
Average service time (msec) = 0.1273455
Number of SET = 5395
Number of GET = 0
Number of MULTI GET = 0


Worker 1
Average throughput (ops/sec) = 5423
Average response time (msec) = 0.9523551666666666
Average queue length = 25
Average wait time in queue (msec) = 0.762471
Average service time (msec) = 0.12212283333333333
Number of SET = 5422
Number of GET = 0
Number of MULTI GET = 0


FINAL STATS
Average throughput (ops/sec) = 43233
Average response time (msec) = 0.7577075459367157
Average queue length = 24
Average wait time in queue (msec) = 0.7576727083333333
Average service time (msec) = 0.12434283333333333
Number of SET = 5404
Number of GET = 0
Number of MULTI GET = 0
Number of Cache misses = 0


Histogram response times (0.1 msec step)
0.0 msec : 95
0.1 msec : 311
0.2 msec : 472
0.3 msec : 2004
0.4 msec : 44084
0.5 msec : 60179
0.6 msec : 50942
0.7 msec : 43120
0.8 msec : 26498
0.9 msec : 13147
1.0 msec : 6402
1.1 msec : 3516
1.2 msec : 2009
1.3 msec : 1244
1.4 msec : 923
1.5 msec : 748
1.6 msec : 487
1.7 msec : 373
1.8 msec : 280
1.9 msec : 194
2.0 msec : 175
2.1 msec : 154
2.2 msec : 115
2.3 msec : 107
2.4 msec : 92
2.5 msec : 73
2.6 msec : 53
2.7 msec : 41
2.8 msec : 43
2.9 msec : 62
3.0 msec : 70
3.1 msec : 87
3.2 msec : 94
3.3 msec : 75
3.4 msec : 44
3.5 msec : 36
3.6 msec : 24
3.7 msec : 27
3.8 msec : 26
3.9 msec : 31
4.0 msec : 29
4.1 msec : 30
4.2 msec : 39
4.3 msec : 50
4.4 msec : 47
4.5 msec : 59
4.6 msec : 40
4.7 msec : 40
4.8 msec : 39
4.9 msec : 30
5.0 msec : 35
5.1 msec : 38
5.2 msec : 55
5.3 msec : 57
5.4 msec : 45
5.5 msec : 22
5.6 msec : 19
5.7 msec : 8
5.8 msec : 14
5.9 msec : 12
6.0 msec : 8
6.1 msec : 12
6.2 msec : 21
6.3 msec : 11
6.4 msec : 4
6.5 msec : 8
6.6 msec : 6
6.7 msec : 3
6.8 msec : 6
6.9 msec : 6
7.0 msec : 5
7.1 msec : 3
7.2 msec : 8
7.3 msec : 7
7.4 msec : 6
7.5 msec : 17
7.6 msec : 7
7.7 msec : 12
7.8 msec : 9
7.9 msec : 18
8.0 msec : 9
8.1 msec : 3
8.2 msec : 4
8.3 msec : 3
8.4 msec : 3
8.5 msec : 4
8.6 msec : 3
8.7 msec : 1
8.8 msec : 1
8.9 msec : 3
9.0 msec : 0
9.1 msec : 0
9.2 msec : 8
9.3 msec : 13
9.4 msec : 17
9.5 msec : 6
9.6 msec : 2
9.7 msec : 3
9.8 msec : 0
9.9 msec : 0
10.0 msec : 0
10.1 msec : 0
10.2 msec : 0
10.3 msec : 0
10.4 msec : 1
10.5 msec : 0
10.6 msec : 0
10.7 msec : 0
10.8 msec : 0
10.9 msec : 2
11.0 msec : 1
11.1 msec : 0
11.2 msec : 0
11.3 msec : 1
11.4 msec : 0
11.5 msec : 0
11.6 msec : 0
11.7 msec : 0
11.8 msec : 0
11.9 msec : 0
12.0 msec : 0
12.1 msec : 0
12.2 msec : 0
12.3 msec : 0
12.4 msec : 1
12.5 msec : 0
12.6 msec : 0
12.7 msec : 0
12.8 msec : 0
12.9 msec : 0
13.0 msec : 0
13.1 msec : 1
13.2 msec : 0
13.3 msec : 0
13.4 msec : 0
13.5 msec : 0
13.6 msec : 0
13.7 msec : 0
13.8 msec : 0
13.9 msec : 0
14.0 msec : 0
14.1 msec : 0
14.2 msec : 0
14.3 msec : 0
14.4 msec : 0
14.5 msec : 0
14.6 msec : 0
14.7 msec : 0
14.8 msec : 0
14.9 msec : 0
15.0 msec : 0
15.1 msec : 0
15.2 msec : 0
15.3 msec : 0
15.4 msec : 0
15.5 msec : 0
15.6 msec : 0
15.7 msec : 0
15.8 msec : 0
15.9 msec : 0
16.0 msec : 0
16.1 msec : 0
16.2 msec : 0
16.3 msec : 0
16.4 msec : 0
16.5 msec : 0
16.6 msec : 0
16.7 msec : 0
16.8 msec : 0
16.9 msec : 0
17.0 msec : 0
17.1 msec : 0
17.2 msec : 0
17.3 msec : 0
17.4 msec : 0
17.5 msec : 0
17.6 msec : 0
17.7 msec : 0
17.8 msec : 0
17.9 msec : 0
18.0 msec : 0
18.1 msec : 0
18.2 msec : 0
18.3 msec : 0
18.4 msec : 0
18.5 msec : 0
18.6 msec : 0
