Middleware started...
Middleware shuts down...
Smaller resolution statistics are in a log file...
Final aggregates per worker:


Worker 7
Average throughput (ops/sec) = 57
Average response time (msec) = 0.5987578833333334
Average queue length = 0
Average wait time in queue (msec) = 0.018129133333333335
Average service time (msec) = 0.5338124000000001
Number of SET = 0
Number of GET = 57
Number of MULTI GET = 0


Worker 13
Average throughput (ops/sec) = 56
Average response time (msec) = 0.5922184590163934
Average queue length = 0
Average wait time in queue (msec) = 0.016716393442622948
Average service time (msec) = 0.5243488032786886
Number of SET = 0
Number of GET = 56
Number of MULTI GET = 0


Worker 14
Average throughput (ops/sec) = 56
Average response time (msec) = 0.774574131147541
Average queue length = 0
Average wait time in queue (msec) = 0.03717772131147541
Average service time (msec) = 0.6697433278688524
Number of SET = 0
Number of GET = 56
Number of MULTI GET = 0


Worker 6
Average throughput (ops/sec) = 56
Average response time (msec) = 0.6421760327868853
Average queue length = 0
Average wait time in queue (msec) = 0.02437729508196721
Average service time (msec) = 0.5577314918032786
Number of SET = 0
Number of GET = 56
Number of MULTI GET = 0


Worker 9
Average throughput (ops/sec) = 57
Average response time (msec) = 0.6024761999999999
Average queue length = 0
Average wait time in queue (msec) = 0.02090085
Average service time (msec) = 0.5325199666666667
Number of SET = 0
Number of GET = 57
Number of MULTI GET = 0


Worker 15
Average throughput (ops/sec) = 57
Average response time (msec) = 0.6039250833333334
Average queue length = 0
Average wait time in queue (msec) = 0.0308086
Average service time (msec) = 0.5204908166666666
Number of SET = 0
Number of GET = 57
Number of MULTI GET = 0


Worker 16
Average throughput (ops/sec) = 56
Average response time (msec) = 0.717929737704918
Average queue length = 0
Average wait time in queue (msec) = 0.025399737704918032
Average service time (msec) = 0.5297363770491803
Number of SET = 0
Number of GET = 56
Number of MULTI GET = 0


Worker 8
Average throughput (ops/sec) = 56
Average response time (msec) = 0.7111034262295083
Average queue length = 0
Average wait time in queue (msec) = 0.019119901639344263
Average service time (msec) = 0.6394347540983607
Number of SET = 0
Number of GET = 56
Number of MULTI GET = 0


Worker 3
Average throughput (ops/sec) = 57
Average response time (msec) = 0.5765687833333333
Average queue length = 0
Average wait time in queue (msec) = 0.019936633333333335
Average service time (msec) = 0.5087197333333333
Number of SET = 0
Number of GET = 57
Number of MULTI GET = 0


Worker 10
Average throughput (ops/sec) = 56
Average response time (msec) = 0.6226034426229508
Average queue length = 0
Average wait time in queue (msec) = 0.018644967213114753
Average service time (msec) = 0.5514508524590164
Number of SET = 0
Number of GET = 56
Number of MULTI GET = 0


Worker 2
Average throughput (ops/sec) = 56
Average response time (msec) = 0.6051730163934427
Average queue length = 0
Average wait time in queue (msec) = 0.018805459016393442
Average service time (msec) = 0.5293562459016393
Number of SET = 0
Number of GET = 56
Number of MULTI GET = 0


Worker 11
Average throughput (ops/sec) = 56
Average response time (msec) = 0.6125808852459016
Average queue length = 0
Average wait time in queue (msec) = 0.02114677049180328
Average service time (msec) = 0.537380918032787
Number of SET = 0
Number of GET = 56
Number of MULTI GET = 0


Worker 5
Average throughput (ops/sec) = 56
Average response time (msec) = 0.654148868852459
Average queue length = 0
Average wait time in queue (msec) = 0.04847247540983606
Average service time (msec) = 0.5472429508196721
Number of SET = 0
Number of GET = 56
Number of MULTI GET = 0


Worker 12
Average throughput (ops/sec) = 56
Average response time (msec) = 0.6188341147540983
Average queue length = 0
Average wait time in queue (msec) = 0.019203918032786885
Average service time (msec) = 0.546191180327869
Number of SET = 0
Number of GET = 56
Number of MULTI GET = 0


Worker 4
Average throughput (ops/sec) = 56
Average response time (msec) = 0.5972385245901639
Average queue length = 0
Average wait time in queue (msec) = 0.020398032786885248
Average service time (msec) = 0.5231440491803279
Number of SET = 0
Number of GET = 56
Number of MULTI GET = 0


Worker 1
Average throughput (ops/sec) = 56
Average response time (msec) = 0.6102556393442623
Average queue length = 0
Average wait time in queue (msec) = 0.02252686885245902
Average service time (msec) = 0.5337302459016393
Number of SET = 0
Number of GET = 56
Number of MULTI GET = 0


FINAL STATS
Average throughput (ops/sec) = 900
Average response time (msec) = 0.5945138438216239
Average queue length = 0
Average wait time in queue (msec) = 0.023860297353142077
Average service time (msec) = 0.5490646320867486
Number of SET = 0
Number of GET = 56
Number of MULTI GET = 0
Number of Cache misses = 81


Histogram response times (0.1 msec step)
0.0 msec : 1117
0.1 msec : 5201
0.2 msec : 17602
0.3 msec : 17471
0.4 msec : 5569
0.5 msec : 2375
0.6 msec : 1592
0.7 msec : 1166
0.8 msec : 797
0.9 msec : 562
1.0 msec : 449
1.1 msec : 309
1.2 msec : 231
1.3 msec : 163
1.4 msec : 103
1.5 msec : 82
1.6 msec : 43
1.7 msec : 41
1.8 msec : 35
1.9 msec : 35
2.0 msec : 32
2.1 msec : 27
2.2 msec : 23
2.3 msec : 16
2.4 msec : 10
2.5 msec : 21
2.6 msec : 17
2.7 msec : 11
2.8 msec : 8
2.9 msec : 11
3.0 msec : 9
3.1 msec : 14
3.2 msec : 17
3.3 msec : 7
3.4 msec : 8
3.5 msec : 12
3.6 msec : 3
3.7 msec : 9
3.8 msec : 9
3.9 msec : 10
4.0 msec : 5
4.1 msec : 7
4.2 msec : 6
4.3 msec : 5
4.4 msec : 3
4.5 msec : 6
4.6 msec : 1
4.7 msec : 4
4.8 msec : 6
4.9 msec : 4
5.0 msec : 2
5.1 msec : 2
5.2 msec : 3
5.3 msec : 1
5.4 msec : 3
5.5 msec : 2
5.6 msec : 6
5.7 msec : 1
5.8 msec : 0
5.9 msec : 1
6.0 msec : 3
6.1 msec : 2
6.2 msec : 2
6.3 msec : 1
6.4 msec : 2
6.5 msec : 4
6.6 msec : 2
6.7 msec : 2
6.8 msec : 5
6.9 msec : 6
7.0 msec : 4
7.1 msec : 6
7.2 msec : 7
7.3 msec : 7
7.4 msec : 6
7.5 msec : 7
7.6 msec : 5
7.7 msec : 5
7.8 msec : 1
7.9 msec : 3
8.0 msec : 2
8.1 msec : 2
8.2 msec : 1
8.3 msec : 1
8.4 msec : 0
8.5 msec : 1
8.6 msec : 2
8.7 msec : 0
8.8 msec : 2
8.9 msec : 0
9.0 msec : 1
9.1 msec : 2
9.2 msec : 0
9.3 msec : 1
9.4 msec : 0
9.5 msec : 0
9.6 msec : 0
9.7 msec : 1
9.8 msec : 1
9.9 msec : 0
10.0 msec : 0
10.1 msec : 0
10.2 msec : 1
10.3 msec : 0
10.4 msec : 1
10.5 msec : 1
10.6 msec : 0
10.7 msec : 1
10.8 msec : 0
10.9 msec : 0
11.0 msec : 1
11.1 msec : 0
11.2 msec : 0
11.3 msec : 0
11.4 msec : 0
11.5 msec : 1
11.6 msec : 0
11.7 msec : 0
11.8 msec : 1
11.9 msec : 0
12.0 msec : 1
12.1 msec : 0
12.2 msec : 1
12.3 msec : 0
12.4 msec : 0
12.5 msec : 0
12.6 msec : 0
12.7 msec : 0
12.8 msec : 0
12.9 msec : 1
13.0 msec : 0
13.1 msec : 0
13.2 msec : 0
13.3 msec : 1
13.4 msec : 0
13.5 msec : 0
13.6 msec : 0
13.7 msec : 0
13.8 msec : 0
13.9 msec : 1
14.0 msec : 0
14.1 msec : 0
14.2 msec : 1
14.3 msec : 0
14.4 msec : 0
14.5 msec : 0
14.6 msec : 0
14.7 msec : 1
14.8 msec : 0
14.9 msec : 0
15.0 msec : 0
15.1 msec : 0
15.2 msec : 0
15.3 msec : 0
15.4 msec : 0
15.5 msec : 0
15.6 msec : 0
15.7 msec : 0
15.8 msec : 0
15.9 msec : 0
16.0 msec : 0
16.1 msec : 0
16.2 msec : 1
16.3 msec : 0
16.4 msec : 0
16.5 msec : 0
16.6 msec : 0
16.7 msec : 0
16.8 msec : 1
16.9 msec : 0
17.0 msec : 0
17.1 msec : 0
17.2 msec : 0
17.3 msec : 0
17.4 msec : 0
17.5 msec : 0
17.6 msec : 0
17.7 msec : 0
17.8 msec : 0
17.9 msec : 0
18.0 msec : 0
18.1 msec : 0
18.2 msec : 0
18.3 msec : 0
18.4 msec : 0
18.5 msec : 0
18.6 msec : 0
18.7 msec : 0
18.8 msec : 0
18.9 msec : 0
19.0 msec : 0
19.1 msec : 0
19.2 msec : 0
19.3 msec : 0
19.4 msec : 0
19.5 msec : 0
19.6 msec : 0
19.7 msec : 0
19.8 msec : 0
19.9 msec : 0
20.0 msec : 0
20.1 msec : 0
20.2 msec : 0
20.3 msec : 0
20.4 msec : 1
20.5 msec : 0
20.6 msec : 0
20.7 msec : 0
20.8 msec : 0
20.9 msec : 0
21.0 msec : 0
21.1 msec : 0
21.2 msec : 0
21.3 msec : 0
21.4 msec : 0
21.5 msec : 0
21.6 msec : 0
21.7 msec : 1
21.8 msec : 0
21.9 msec : 1
22.0 msec : 0
22.1 msec : 0
22.2 msec : 0
22.3 msec : 0
22.4 msec : 0
22.5 msec : 1
22.6 msec : 0
22.7 msec : 0
22.8 msec : 1
22.9 msec : 0
23.0 msec : 1
23.1 msec : 0
23.2 msec : 0
23.3 msec : 0
23.4 msec : 0
23.5 msec : 0
23.6 msec : 0
23.7 msec : 0
23.8 msec : 1
23.9 msec : 0
24.0 msec : 0
24.1 msec : 0
24.2 msec : 0
24.3 msec : 0
24.4 msec : 0
24.5 msec : 0
24.6 msec : 0
24.7 msec : 0
24.8 msec : 0
24.9 msec : 0
25.0 msec : 0
25.1 msec : 0
25.2 msec : 0
25.3 msec : 0
25.4 msec : 0
25.5 msec : 0
25.6 msec : 0
25.7 msec : 0
25.8 msec : 0
25.9 msec : 0
26.0 msec : 0
26.1 msec : 0
26.2 msec : 0
26.3 msec : 0
26.4 msec : 0
26.5 msec : 0
26.6 msec : 0
26.7 msec : 0
26.8 msec : 0
26.9 msec : 0
27.0 msec : 0
27.1 msec : 1
27.2 msec : 0
27.3 msec : 0
27.4 msec : 0
27.5 msec : 1
27.6 msec : 0
27.7 msec : 0
27.8 msec : 0
27.9 msec : 0
28.0 msec : 0
28.1 msec : 0
28.2 msec : 0
28.3 msec : 0
28.4 msec : 0
28.5 msec : 0
28.6 msec : 0
28.7 msec : 0
28.8 msec : 0
28.9 msec : 0
29.0 msec : 0
29.1 msec : 0
29.2 msec : 0
29.3 msec : 0
29.4 msec : 0
29.5 msec : 0
29.6 msec : 0
29.7 msec : 0
29.8 msec : 0
29.9 msec : 0
30.0 msec : 0
30.1 msec : 0
30.2 msec : 0
30.3 msec : 0
30.4 msec : 0
30.5 msec : 0
30.6 msec : 0
30.7 msec : 0
30.8 msec : 0
30.9 msec : 0
31.0 msec : 0
31.1 msec : 0
31.2 msec : 0
31.3 msec : 0
31.4 msec : 0
31.5 msec : 0
31.6 msec : 0
31.7 msec : 0
31.8 msec : 0
31.9 msec : 0
32.0 msec : 0
32.1 msec : 0
32.2 msec : 1
32.3 msec : 0
32.4 msec : 1
32.5 msec : 0
32.6 msec : 0
32.7 msec : 0
32.8 msec : 0
32.9 msec : 0
33.0 msec : 0
33.1 msec : 0
33.2 msec : 0
33.3 msec : 0
33.4 msec : 0
33.5 msec : 0
33.6 msec : 0
33.7 msec : 0
33.8 msec : 0
33.9 msec : 0
34.0 msec : 0
34.1 msec : 0
34.2 msec : 0
34.3 msec : 0
34.4 msec : 0
34.5 msec : 0
34.6 msec : 0
34.7 msec : 0
34.8 msec : 1
34.9 msec : 0
35.0 msec : 0
35.1 msec : 0
35.2 msec : 0
35.3 msec : 0
35.4 msec : 0
35.5 msec : 0
35.6 msec : 0
35.7 msec : 0
35.8 msec : 0
35.9 msec : 0
36.0 msec : 0
36.1 msec : 0
36.2 msec : 0
36.3 msec : 0
36.4 msec : 0
36.5 msec : 0
36.6 msec : 0
36.7 msec : 0
36.8 msec : 0
36.9 msec : 0
37.0 msec : 0
37.1 msec : 0
37.2 msec : 0
37.3 msec : 0
37.4 msec : 0
37.5 msec : 0
37.6 msec : 0
37.7 msec : 0
37.8 msec : 0
37.9 msec : 0
38.0 msec : 0
38.1 msec : 0
38.2 msec : 0
38.3 msec : 0
38.4 msec : 0
38.5 msec : 0
38.6 msec : 0
38.7 msec : 0
38.8 msec : 0
38.9 msec : 0
39.0 msec : 0
39.1 msec : 0
39.2 msec : 0
39.3 msec : 0
39.4 msec : 0
39.5 msec : 0
39.6 msec : 0
39.7 msec : 0
39.8 msec : 0
39.9 msec : 0
40.0 msec : 0
40.1 msec : 0
40.2 msec : 0
40.3 msec : 0
40.4 msec : 0
40.5 msec : 0
40.6 msec : 0
40.7 msec : 0
40.8 msec : 0
40.9 msec : 0
41.0 msec : 0
41.1 msec : 0
41.2 msec : 0
41.3 msec : 0
41.4 msec : 0
41.5 msec : 0
41.6 msec : 0
41.7 msec : 0
41.8 msec : 0
41.9 msec : 0
42.0 msec : 0
42.1 msec : 0
42.2 msec : 0
42.3 msec : 0
42.4 msec : 0
42.5 msec : 0
42.6 msec : 0
42.7 msec : 0
42.8 msec : 0
42.9 msec : 0
