Middleware started...
Middleware shuts down...
Smaller resolution statistics are in a log file...
Final aggregates per worker:


Worker 46
Average throughput (ops/sec) = 125
Average response time (msec) = 2.122245524590164
Average queue length = 4
Average wait time in queue (msec) = 0.5373014262295083
Average service time (msec) = 1.4404692786885247
Number of SET = 0
Number of GET = 125
Number of MULTI GET = 0


Worker 47
Average throughput (ops/sec) = 125
Average response time (msec) = 2.252333327868852
Average queue length = 3
Average wait time in queue (msec) = 0.5551406885245901
Average service time (msec) = 1.5402202950819672
Number of SET = 0
Number of GET = 125
Number of MULTI GET = 0


Worker 48
Average throughput (ops/sec) = 128
Average response time (msec) = 2.2296056229508197
Average queue length = 3
Average wait time in queue (msec) = 0.5545562131147541
Average service time (msec) = 1.533726213114754
Number of SET = 0
Number of GET = 128
Number of MULTI GET = 0


Worker 49
Average throughput (ops/sec) = 125
Average response time (msec) = 2.1868807049180328
Average queue length = 4
Average wait time in queue (msec) = 0.5332896229508197
Average service time (msec) = 1.5053065573770492
Number of SET = 0
Number of GET = 125
Number of MULTI GET = 0


Worker 42
Average throughput (ops/sec) = 126
Average response time (msec) = 2.1963904098360656
Average queue length = 4
Average wait time in queue (msec) = 0.5646575901639344
Average service time (msec) = 1.482505524590164
Number of SET = 0
Number of GET = 126
Number of MULTI GET = 0


Worker 43
Average throughput (ops/sec) = 125
Average response time (msec) = 2.186182229508197
Average queue length = 4
Average wait time in queue (msec) = 0.5554432131147541
Average service time (msec) = 1.469528786885246
Number of SET = 0
Number of GET = 125
Number of MULTI GET = 0


Worker 44
Average throughput (ops/sec) = 127
Average response time (msec) = 2.1817052131147543
Average queue length = 3
Average wait time in queue (msec) = 0.5416611967213114
Average service time (msec) = 1.509327
Number of SET = 0
Number of GET = 127
Number of MULTI GET = 0


Worker 45
Average throughput (ops/sec) = 126
Average response time (msec) = 2.195964737704918
Average queue length = 2
Average wait time in queue (msec) = 0.527705868852459
Average service time (msec) = 1.5142888852459016
Number of SET = 0
Number of GET = 126
Number of MULTI GET = 0


Worker 50
Average throughput (ops/sec) = 127
Average response time (msec) = 2.2283854098360654
Average queue length = 4
Average wait time in queue (msec) = 0.569658344262295
Average service time (msec) = 1.509669426229508
Number of SET = 0
Number of GET = 127
Number of MULTI GET = 0


Worker 51
Average throughput (ops/sec) = 124
Average response time (msec) = 2.179422704918033
Average queue length = 5
Average wait time in queue (msec) = 0.5445606393442624
Average service time (msec) = 1.4823228032786886
Number of SET = 0
Number of GET = 124
Number of MULTI GET = 0


Worker 52
Average throughput (ops/sec) = 127
Average response time (msec) = 2.1192659344262292
Average queue length = 4
Average wait time in queue (msec) = 0.5239090327868852
Average service time (msec) = 1.457901475409836
Number of SET = 0
Number of GET = 127
Number of MULTI GET = 0


Worker 57
Average throughput (ops/sec) = 127
Average response time (msec) = 2.1893820655737706
Average queue length = 4
Average wait time in queue (msec) = 0.5459936721311476
Average service time (msec) = 1.4808795409836066
Number of SET = 0
Number of GET = 127
Number of MULTI GET = 0


Worker 13
Average throughput (ops/sec) = 128
Average response time (msec) = 2.1975589508196722
Average queue length = 4
Average wait time in queue (msec) = 0.5706050983606558
Average service time (msec) = 1.476766475409836
Number of SET = 0
Number of GET = 128
Number of MULTI GET = 0


Worker 58
Average throughput (ops/sec) = 127
Average response time (msec) = 2.224791196721312
Average queue length = 4
Average wait time in queue (msec) = 0.582464524590164
Average service time (msec) = 1.5022705737704918
Number of SET = 0
Number of GET = 127
Number of MULTI GET = 0


Worker 14
Average throughput (ops/sec) = 125
Average response time (msec) = 2.153723704918033
Average queue length = 3
Average wait time in queue (msec) = 0.5402046885245901
Average service time (msec) = 1.4724990491803278
Number of SET = 0
Number of GET = 125
Number of MULTI GET = 0


Worker 59
Average throughput (ops/sec) = 128
Average response time (msec) = 2.190770327868852
Average queue length = 4
Average wait time in queue (msec) = 0.5594232950819673
Average service time (msec) = 1.4827927540983608
Number of SET = 0
Number of GET = 128
Number of MULTI GET = 0


Worker 15
Average throughput (ops/sec) = 123
Average response time (msec) = 2.2492258360655737
Average queue length = 5
Average wait time in queue (msec) = 0.5399924918032787
Average service time (msec) = 1.54784431147541
Number of SET = 0
Number of GET = 123
Number of MULTI GET = 0


Worker 16
Average throughput (ops/sec) = 124
Average response time (msec) = 2.2024282786885245
Average queue length = 4
Average wait time in queue (msec) = 0.5349231967213114
Average service time (msec) = 1.518723786885246
Number of SET = 0
Number of GET = 124
Number of MULTI GET = 0


Worker 53
Average throughput (ops/sec) = 127
Average response time (msec) = 2.213110180327869
Average queue length = 3
Average wait time in queue (msec) = 0.5633146557377049
Average service time (msec) = 1.5105525081967213
Number of SET = 0
Number of GET = 127
Number of MULTI GET = 0


Worker 54
Average throughput (ops/sec) = 125
Average response time (msec) = 2.172251704918033
Average queue length = 3
Average wait time in queue (msec) = 0.5515679508196721
Average service time (msec) = 1.4774401967213113
Number of SET = 0
Number of GET = 125
Number of MULTI GET = 0


Worker 10
Average throughput (ops/sec) = 125
Average response time (msec) = 2.1711945081967214
Average queue length = 4
Average wait time in queue (msec) = 0.5254704098360656
Average service time (msec) = 1.494281950819672
Number of SET = 0
Number of GET = 125
Number of MULTI GET = 0


Worker 55
Average throughput (ops/sec) = 128
Average response time (msec) = 2.2024964426229507
Average queue length = 4
Average wait time in queue (msec) = 0.5443263278688524
Average service time (msec) = 1.5128283606557378
Number of SET = 0
Number of GET = 128
Number of MULTI GET = 0


Worker 11
Average throughput (ops/sec) = 129
Average response time (msec) = 2.1888914426229507
Average queue length = 3
Average wait time in queue (msec) = 0.5345347540983607
Average service time (msec) = 1.5158666885245902
Number of SET = 0
Number of GET = 129
Number of MULTI GET = 0


Worker 56
Average throughput (ops/sec) = 125
Average response time (msec) = 2.259197770491803
Average queue length = 3
Average wait time in queue (msec) = 0.5573614262295082
Average service time (msec) = 1.565885573770492
Number of SET = 0
Number of GET = 125
Number of MULTI GET = 0


Worker 12
Average throughput (ops/sec) = 129
Average response time (msec) = 2.2129485081967215
Average queue length = 3
Average wait time in queue (msec) = 0.5518707540983606
Average service time (msec) = 1.5150519672131146
Number of SET = 0
Number of GET = 129
Number of MULTI GET = 0


Worker 17
Average throughput (ops/sec) = 128
Average response time (msec) = 2.185210737704918
Average queue length = 4
Average wait time in queue (msec) = 0.552401081967213
Average service time (msec) = 1.5073847213114753
Number of SET = 0
Number of GET = 128
Number of MULTI GET = 0


Worker 18
Average throughput (ops/sec) = 126
Average response time (msec) = 2.1614924098360655
Average queue length = 3
Average wait time in queue (msec) = 0.5517746393442623
Average service time (msec) = 1.4710509672131147
Number of SET = 0
Number of GET = 126
Number of MULTI GET = 0


Worker 19
Average throughput (ops/sec) = 125
Average response time (msec) = 2.207091
Average queue length = 4
Average wait time in queue (msec) = 0.5246840819672131
Average service time (msec) = 1.5128847540983608
Number of SET = 0
Number of GET = 125
Number of MULTI GET = 0


Worker 60
Average throughput (ops/sec) = 129
Average response time (msec) = 2.2048242459016394
Average queue length = 4
Average wait time in queue (msec) = 0.5390614426229507
Average service time (msec) = 1.5199276229508198
Number of SET = 0
Number of GET = 129
Number of MULTI GET = 0


Worker 61
Average throughput (ops/sec) = 128
Average response time (msec) = 2.18045462295082
Average queue length = 4
Average wait time in queue (msec) = 0.5533503606557377
Average service time (msec) = 1.4717977704918033
Number of SET = 0
Number of GET = 128
Number of MULTI GET = 0


Worker 62
Average throughput (ops/sec) = 126
Average response time (msec) = 2.242299704918033
Average queue length = 3
Average wait time in queue (msec) = 0.5730708032786885
Average service time (msec) = 1.5006337704918034
Number of SET = 0
Number of GET = 126
Number of MULTI GET = 0


Worker 63
Average throughput (ops/sec) = 128
Average response time (msec) = 2.112761098360656
Average queue length = 4
Average wait time in queue (msec) = 0.5340894098360656
Average service time (msec) = 1.4360421475409835
Number of SET = 0
Number of GET = 128
Number of MULTI GET = 0


Worker 24
Average throughput (ops/sec) = 124
Average response time (msec) = 2.173945213114754
Average queue length = 4
Average wait time in queue (msec) = 0.5359860327868853
Average service time (msec) = 1.4827552131147541
Number of SET = 0
Number of GET = 124
Number of MULTI GET = 0


Worker 7
Average throughput (ops/sec) = 130
Average response time (msec) = 2.20653037704918
Average queue length = 3
Average wait time in queue (msec) = 0.5897264590163934
Average service time (msec) = 1.4693215409836067
Number of SET = 0
Number of GET = 130
Number of MULTI GET = 0


Worker 25
Average throughput (ops/sec) = 128
Average response time (msec) = 2.182386524590164
Average queue length = 3
Average wait time in queue (msec) = 0.550540344262295
Average service time (msec) = 1.4818489344262293
Number of SET = 0
Number of GET = 128
Number of MULTI GET = 0


Worker 6
Average throughput (ops/sec) = 125
Average response time (msec) = 2.215733295081967
Average queue length = 4
Average wait time in queue (msec) = 0.5609197868852459
Average service time (msec) = 1.5063886557377049
Number of SET = 0
Number of GET = 125
Number of MULTI GET = 0


Worker 26
Average throughput (ops/sec) = 128
Average response time (msec) = 2.195259327868852
Average queue length = 3
Average wait time in queue (msec) = 0.5491025081967214
Average service time (msec) = 1.5001876065573772
Number of SET = 0
Number of GET = 128
Number of MULTI GET = 0


Worker 9
Average throughput (ops/sec) = 126
Average response time (msec) = 2.206181786885246
Average queue length = 4
Average wait time in queue (msec) = 0.5744127540983607
Average service time (msec) = 1.485077737704918
Number of SET = 0
Number of GET = 126
Number of MULTI GET = 0


Worker 27
Average throughput (ops/sec) = 129
Average response time (msec) = 2.159630573770492
Average queue length = 3
Average wait time in queue (msec) = 0.5276925409836066
Average service time (msec) = 1.4834455409836067
Number of SET = 0
Number of GET = 129
Number of MULTI GET = 0


Worker 8
Average throughput (ops/sec) = 126
Average response time (msec) = 2.203451
Average queue length = 2
Average wait time in queue (msec) = 0.5487479180327869
Average service time (msec) = 1.4898844098360655
Number of SET = 0
Number of GET = 126
Number of MULTI GET = 0


Worker 64
Average throughput (ops/sec) = 129
Average response time (msec) = 2.164131573770492
Average queue length = 5
Average wait time in queue (msec) = 0.5380775081967213
Average service time (msec) = 1.486021213114754
Number of SET = 0
Number of GET = 129
Number of MULTI GET = 0


Worker 20
Average throughput (ops/sec) = 125
Average response time (msec) = 2.245409295081967
Average queue length = 3
Average wait time in queue (msec) = 0.527661344262295
Average service time (msec) = 1.54537931147541
Number of SET = 0
Number of GET = 125
Number of MULTI GET = 0


Worker 3
Average throughput (ops/sec) = 127
Average response time (msec) = 2.2106870163934427
Average queue length = 3
Average wait time in queue (msec) = 0.5393177868852459
Average service time (msec) = 1.5244079344262293
Number of SET = 0
Number of GET = 127
Number of MULTI GET = 0


Worker 21
Average throughput (ops/sec) = 128
Average response time (msec) = 2.1809236229508198
Average queue length = 4
Average wait time in queue (msec) = 0.5430913442622951
Average service time (msec) = 1.4968500655737706
Number of SET = 0
Number of GET = 128
Number of MULTI GET = 0


Worker 2
Average throughput (ops/sec) = 126
Average response time (msec) = 2.186146278688524
Average queue length = 4
Average wait time in queue (msec) = 0.5601154098360656
Average service time (msec) = 1.4813428852459016
Number of SET = 0
Number of GET = 126
Number of MULTI GET = 0


Worker 22
Average throughput (ops/sec) = 125
Average response time (msec) = 2.1963548852459014
Average queue length = 4
Average wait time in queue (msec) = 0.5670516885245901
Average service time (msec) = 1.4793495573770492
Number of SET = 0
Number of GET = 125
Number of MULTI GET = 0


Worker 5
Average throughput (ops/sec) = 129
Average response time (msec) = 2.1773523278688525
Average queue length = 3
Average wait time in queue (msec) = 0.5346933114754099
Average service time (msec) = 1.504826524590164
Number of SET = 0
Number of GET = 129
Number of MULTI GET = 0


Worker 23
Average throughput (ops/sec) = 128
Average response time (msec) = 2.1588564098360656
Average queue length = 4
Average wait time in queue (msec) = 0.5423720819672131
Average service time (msec) = 1.4667581475409834
Number of SET = 0
Number of GET = 128
Number of MULTI GET = 0


Worker 4
Average throughput (ops/sec) = 124
Average response time (msec) = 2.2191220983606557
Average queue length = 4
Average wait time in queue (msec) = 0.5366965737704917
Average service time (msec) = 1.5173273934426228
Number of SET = 0
Number of GET = 124
Number of MULTI GET = 0


Worker 28
Average throughput (ops/sec) = 126
Average response time (msec) = 2.165891
Average queue length = 2
Average wait time in queue (msec) = 0.5423895573770492
Average service time (msec) = 1.4599343770491802
Number of SET = 0
Number of GET = 126
Number of MULTI GET = 0


Worker 29
Average throughput (ops/sec) = 125
Average response time (msec) = 2.2315136721311477
Average queue length = 2
Average wait time in queue (msec) = 0.5268659508196721
Average service time (msec) = 1.5541055901639345
Number of SET = 0
Number of GET = 125
Number of MULTI GET = 0


Worker 1
Average throughput (ops/sec) = 124
Average response time (msec) = 2.205868704918033
Average queue length = 4
Average wait time in queue (msec) = 0.5468823278688524
Average service time (msec) = 1.4876458360655738
Number of SET = 0
Number of GET = 124
Number of MULTI GET = 0


Worker 30
Average throughput (ops/sec) = 125
Average response time (msec) = 2.1440527540983605
Average queue length = 3
Average wait time in queue (msec) = 0.5202253278688524
Average service time (msec) = 1.4761210491803278
Number of SET = 0
Number of GET = 125
Number of MULTI GET = 0


Worker 35
Average throughput (ops/sec) = 128
Average response time (msec) = 2.1490296065573773
Average queue length = 2
Average wait time in queue (msec) = 0.499153606557377
Average service time (msec) = 1.4914612295081966
Number of SET = 0
Number of GET = 128
Number of MULTI GET = 0


Worker 36
Average throughput (ops/sec) = 127
Average response time (msec) = 2.1849277540983603
Average queue length = 4
Average wait time in queue (msec) = 0.5481749344262296
Average service time (msec) = 1.4978710327868854
Number of SET = 0
Number of GET = 127
Number of MULTI GET = 0


Worker 37
Average throughput (ops/sec) = 129
Average response time (msec) = 2.1830263770491802
Average queue length = 4
Average wait time in queue (msec) = 0.5516338852459016
Average service time (msec) = 1.4875808688524592
Number of SET = 0
Number of GET = 129
Number of MULTI GET = 0


Worker 38
Average throughput (ops/sec) = 125
Average response time (msec) = 2.2199747540983603
Average queue length = 4
Average wait time in queue (msec) = 0.5493641475409836
Average service time (msec) = 1.5104254918032787
Number of SET = 0
Number of GET = 125
Number of MULTI GET = 0


Worker 31
Average throughput (ops/sec) = 127
Average response time (msec) = 2.1775269836065574
Average queue length = 3
Average wait time in queue (msec) = 0.5601068032786886
Average service time (msec) = 1.4769704590163935
Number of SET = 0
Number of GET = 127
Number of MULTI GET = 0


Worker 32
Average throughput (ops/sec) = 126
Average response time (msec) = 2.1629904590163935
Average queue length = 3
Average wait time in queue (msec) = 0.5469803770491803
Average service time (msec) = 1.4926045081967214
Number of SET = 0
Number of GET = 126
Number of MULTI GET = 0


Worker 33
Average throughput (ops/sec) = 127
Average response time (msec) = 2.162794475409836
Average queue length = 3
Average wait time in queue (msec) = 0.5330401967213114
Average service time (msec) = 1.4702835409836066
Number of SET = 0
Number of GET = 127
Number of MULTI GET = 0


Worker 34
Average throughput (ops/sec) = 126
Average response time (msec) = 2.1779330491803277
Average queue length = 3
Average wait time in queue (msec) = 0.5326492295081967
Average service time (msec) = 1.5006637049180327
Number of SET = 0
Number of GET = 126
Number of MULTI GET = 0


Worker 39
Average throughput (ops/sec) = 127
Average response time (msec) = 2.161223049180328
Average queue length = 4
Average wait time in queue (msec) = 0.5516375573770492
Average service time (msec) = 1.4668017213114755
Number of SET = 0
Number of GET = 127
Number of MULTI GET = 0


Worker 40
Average throughput (ops/sec) = 125
Average response time (msec) = 2.14009637704918
Average queue length = 3
Average wait time in queue (msec) = 0.5225142786885246
Average service time (msec) = 1.4759013278688526
Number of SET = 0
Number of GET = 125
Number of MULTI GET = 0


Worker 41
Average throughput (ops/sec) = 125
Average response time (msec) = 2.178227655737705
Average queue length = 5
Average wait time in queue (msec) = 0.5164974918032786
Average service time (msec) = 1.488060475409836
Number of SET = 0
Number of GET = 125
Number of MULTI GET = 0


FINAL STATS
Average throughput (ops/sec) = 8094
Average response time (msec) = 2.1335040194122668
Average queue length = 3
Average wait time in queue (msec) = 0.545510780737705
Average service time (msec) = 1.4949418066086066
Number of SET = 0
Number of GET = 8094
Number of MULTI GET = 0
Number of Cache misses = 0
Arrival rate (lambda) = [0, 0, 2019, 5460, 5774, 7638, 8033, 7952, 7993, 7966, 8899, 7470, 8196, 8109, 8502, 8951, 9297, 8458, 8516, 8130, 8783, 8569, 8422, 8602, 8489, 8861, 7731, 8522, 8622, 8358, 8561, 8727, 8245, 8660, 8602, 8647, 8487, 8893, 8520, 7984, 8075, 8499, 8652, 8207, 8685, 7962, 8654, 7683, 8119, 8282, 8320, 8089, 8839, 7994, 8532, 8282, 8710, 8394, 8733, 8579, 8682, 8479, 3704, 0]


Histogram response times (0.1 msec step)
0.0 msec : 163
0.1 msec : 1975
0.2 msec : 7521
0.3 msec : 17267
0.4 msec : 28495
0.5 msec : 37510
0.6 msec : 41387
0.7 msec : 42309
0.8 msec : 38498
0.9 msec : 33582
1.0 msec : 28539
1.1 msec : 24328
1.2 msec : 20261
1.3 msec : 16806
1.4 msec : 14195
1.5 msec : 11828
1.6 msec : 9690
1.7 msec : 7925
1.8 msec : 6571
1.9 msec : 5608
2.0 msec : 4709
2.1 msec : 3886
2.2 msec : 3508
2.3 msec : 2966
2.4 msec : 2427
2.5 msec : 2189
2.6 msec : 2066
2.7 msec : 1872
2.8 msec : 1788
2.9 msec : 1521
3.0 msec : 1427
3.1 msec : 1426
3.2 msec : 1313
3.3 msec : 1103
3.4 msec : 1108
3.5 msec : 1007
3.6 msec : 947
3.7 msec : 830
3.8 msec : 873
3.9 msec : 807
4.0 msec : 861
4.1 msec : 765
4.2 msec : 658
4.3 msec : 663
4.4 msec : 661
4.5 msec : 584
4.6 msec : 569
4.7 msec : 620
4.8 msec : 587
4.9 msec : 533
5.0 msec : 610
5.1 msec : 643
5.2 msec : 593
5.3 msec : 675
5.4 msec : 866
5.5 msec : 1292
5.6 msec : 1749
5.7 msec : 2358
5.8 msec : 2879
5.9 msec : 3304
6.0 msec : 3567
6.1 msec : 3582
6.2 msec : 3570
6.3 msec : 3454
6.4 msec : 3205
6.5 msec : 2884
6.6 msec : 2461
6.7 msec : 1994
6.8 msec : 1811
6.9 msec : 1675
7.0 msec : 1336
7.1 msec : 1186
7.2 msec : 906
7.3 msec : 776
7.4 msec : 765
7.5 msec : 683
7.6 msec : 575
7.7 msec : 467
7.8 msec : 423
7.9 msec : 387
8.0 msec : 406
8.1 msec : 307
8.2 msec : 328
8.3 msec : 242
8.4 msec : 234
8.5 msec : 238
8.6 msec : 238
8.7 msec : 177
8.8 msec : 144
8.9 msec : 146
9.0 msec : 158
9.1 msec : 148
9.2 msec : 109
9.3 msec : 96
9.4 msec : 125
9.5 msec : 114
9.6 msec : 120
9.7 msec : 113
9.8 msec : 127
9.9 msec : 99
10.0 msec : 92
10.1 msec : 98
10.2 msec : 85
10.3 msec : 71
10.4 msec : 66
10.5 msec : 72
10.6 msec : 78
10.7 msec : 82
10.8 msec : 52
10.9 msec : 63
11.0 msec : 59
11.1 msec : 77
11.2 msec : 72
11.3 msec : 66
11.4 msec : 60
11.5 msec : 61
11.6 msec : 52
11.7 msec : 38
11.8 msec : 27
11.9 msec : 34
12.0 msec : 33
12.1 msec : 23
12.2 msec : 23
12.3 msec : 18
12.4 msec : 14
12.5 msec : 17
12.6 msec : 34
12.7 msec : 18
12.8 msec : 12
12.9 msec : 12
13.0 msec : 18
13.1 msec : 18
13.2 msec : 27
13.3 msec : 10
13.4 msec : 8
13.5 msec : 8
13.6 msec : 11
13.7 msec : 17
13.8 msec : 11
13.9 msec : 15
14.0 msec : 6
14.1 msec : 5
14.2 msec : 6
14.3 msec : 21
14.4 msec : 18
14.5 msec : 16
14.6 msec : 6
14.7 msec : 6
14.8 msec : 8
14.9 msec : 12
15.0 msec : 21
15.1 msec : 13
15.2 msec : 9
15.3 msec : 16
15.4 msec : 13
15.5 msec : 22
15.6 msec : 14
15.7 msec : 8
15.8 msec : 12
15.9 msec : 9
16.0 msec : 5
16.1 msec : 4
16.2 msec : 11
16.3 msec : 13
16.4 msec : 14
16.5 msec : 11
16.6 msec : 8
16.7 msec : 4
16.8 msec : 16
16.9 msec : 10
17.0 msec : 9
17.1 msec : 3
17.2 msec : 4
17.3 msec : 4
17.4 msec : 3
17.5 msec : 3
17.6 msec : 10
17.7 msec : 2
17.8 msec : 2
17.9 msec : 1
18.0 msec : 5
18.1 msec : 7
18.2 msec : 4
18.3 msec : 1
18.4 msec : 4
18.5 msec : 3
18.6 msec : 4
18.7 msec : 8
18.8 msec : 13
18.9 msec : 5
19.0 msec : 2
19.1 msec : 2
19.2 msec : 5
19.3 msec : 1
19.4 msec : 3
19.5 msec : 4
19.6 msec : 8
19.7 msec : 6
19.8 msec : 3
19.9 msec : 4
20.0 msec : 4
20.1 msec : 2
20.2 msec : 3
20.3 msec : 4
20.4 msec : 6
20.5 msec : 10
20.6 msec : 5
20.7 msec : 5
20.8 msec : 6
20.9 msec : 3
21.0 msec : 3
21.1 msec : 2
21.2 msec : 2
21.3 msec : 1
21.4 msec : 3
21.5 msec : 8
21.6 msec : 3
21.7 msec : 5
21.8 msec : 1
21.9 msec : 1
22.0 msec : 10
22.1 msec : 4
22.2 msec : 4
22.3 msec : 6
22.4 msec : 1
22.5 msec : 2
22.6 msec : 10
22.7 msec : 3
22.8 msec : 1
22.9 msec : 1
23.0 msec : 3
23.1 msec : 3
23.2 msec : 3
23.3 msec : 4
23.4 msec : 3
23.5 msec : 0
23.6 msec : 7
23.7 msec : 7
23.8 msec : 5
23.9 msec : 5
24.0 msec : 10
24.1 msec : 5
24.2 msec : 6
24.3 msec : 7
24.4 msec : 3
24.5 msec : 1
24.6 msec : 3
24.7 msec : 0
24.8 msec : 0
24.9 msec : 5
25.0 msec : 1
25.1 msec : 0
25.2 msec : 1
25.3 msec : 4
25.4 msec : 0
25.5 msec : 1
25.6 msec : 1
25.7 msec : 0
25.8 msec : 2
25.9 msec : 1
26.0 msec : 0
26.1 msec : 1
26.2 msec : 0
26.3 msec : 0
26.4 msec : 1
26.5 msec : 2
26.6 msec : 0
26.7 msec : 0
26.8 msec : 0
26.9 msec : 3
27.0 msec : 2
27.1 msec : 1
27.2 msec : 2
27.3 msec : 2
27.4 msec : 1
27.5 msec : 2
27.6 msec : 1
27.7 msec : 0
27.8 msec : 1
27.9 msec : 1
28.0 msec : 3
28.1 msec : 0
28.2 msec : 0
28.3 msec : 1
28.4 msec : 0
28.5 msec : 2
28.6 msec : 1
28.7 msec : 2
28.8 msec : 1
28.9 msec : 1
29.0 msec : 0
29.1 msec : 0
29.2 msec : 0
29.3 msec : 0
29.4 msec : 0
29.5 msec : 0
29.6 msec : 0
29.7 msec : 0
29.8 msec : 0
29.9 msec : 0
30.0 msec : 0
30.1 msec : 0
30.2 msec : 0
30.3 msec : 0
30.4 msec : 0
30.5 msec : 1
30.6 msec : 0
30.7 msec : 0
30.8 msec : 0
30.9 msec : 0
31.0 msec : 2
31.1 msec : 2
31.2 msec : 0
31.3 msec : 0
31.4 msec : 0
31.5 msec : 1
31.6 msec : 0
31.7 msec : 1
31.8 msec : 0
31.9 msec : 1
32.0 msec : 1
32.1 msec : 2
32.2 msec : 2
32.3 msec : 0
32.4 msec : 5
32.5 msec : 4
32.6 msec : 0
32.7 msec : 0
32.8 msec : 0
32.9 msec : 0
33.0 msec : 2
33.1 msec : 2
33.2 msec : 1
33.3 msec : 0
33.4 msec : 0
33.5 msec : 1
33.6 msec : 2
33.7 msec : 2
33.8 msec : 0
33.9 msec : 0
34.0 msec : 11
34.1 msec : 5
34.2 msec : 1
34.3 msec : 0
34.4 msec : 0
34.5 msec : 3
34.6 msec : 10
34.7 msec : 2
34.8 msec : 0
34.9 msec : 0
35.0 msec : 0
35.1 msec : 0
35.2 msec : 3
35.3 msec : 3
35.4 msec : 11
35.5 msec : 7
35.6 msec : 2
35.7 msec : 3
35.8 msec : 1
35.9 msec : 0
36.0 msec : 0
36.1 msec : 1
36.2 msec : 1
36.3 msec : 4
36.4 msec : 5
36.5 msec : 1
36.6 msec : 3
36.7 msec : 10
36.8 msec : 8
36.9 msec : 2
37.0 msec : 0
37.1 msec : 0
37.2 msec : 0
37.3 msec : 2
37.4 msec : 2
37.5 msec : 0
37.6 msec : 0
37.7 msec : 7
37.8 msec : 3
37.9 msec : 2
38.0 msec : 1
38.1 msec : 1
38.2 msec : 2
38.3 msec : 0
38.4 msec : 0
38.5 msec : 1
38.6 msec : 0
38.7 msec : 0
38.8 msec : 0
38.9 msec : 0
39.0 msec : 0
39.1 msec : 0
39.2 msec : 0
39.3 msec : 0
39.4 msec : 0
39.5 msec : 0
39.6 msec : 0
39.7 msec : 0
39.8 msec : 0
39.9 msec : 0
40.0 msec : 0
40.1 msec : 0
40.2 msec : 0
40.3 msec : 0
40.4 msec : 0
40.5 msec : 0
40.6 msec : 0
40.7 msec : 1
40.8 msec : 1
40.9 msec : 2
41.0 msec : 0
41.1 msec : 1
41.2 msec : 2
41.3 msec : 1
41.4 msec : 1
41.5 msec : 1
41.6 msec : 0
41.7 msec : 1
41.8 msec : 1
41.9 msec : 0
42.0 msec : 0
42.1 msec : 0
42.2 msec : 1
42.3 msec : 2
42.4 msec : 0
42.5 msec : 1
42.6 msec : 2
42.7 msec : 0
42.8 msec : 0
42.9 msec : 1
43.0 msec : 1
43.1 msec : 1
43.2 msec : 0
43.3 msec : 0
43.4 msec : 1
43.5 msec : 0
43.6 msec : 0
43.7 msec : 1
43.8 msec : 0
43.9 msec : 0
44.0 msec : 1
44.1 msec : 1
44.2 msec : 0
44.3 msec : 0
44.4 msec : 0
44.5 msec : 0
44.6 msec : 0
44.7 msec : 0
44.8 msec : 0
44.9 msec : 0
45.0 msec : 0
45.1 msec : 0
45.2 msec : 0
45.3 msec : 0
45.4 msec : 0
45.5 msec : 0
45.6 msec : 0
45.7 msec : 0
45.8 msec : 0
45.9 msec : 0
46.0 msec : 0
46.1 msec : 0
46.2 msec : 0
46.3 msec : 0
46.4 msec : 0
46.5 msec : 0
46.6 msec : 3
46.7 msec : 6
46.8 msec : 6
46.9 msec : 0
47.0 msec : 0
47.1 msec : 1
47.2 msec : 5
47.3 msec : 2
47.4 msec : 4
47.5 msec : 2
47.6 msec : 3
47.7 msec : 2
47.8 msec : 3
47.9 msec : 0
48.0 msec : 3
48.1 msec : 0
48.2 msec : 0
48.3 msec : 0
48.4 msec : 0
48.5 msec : 0
48.6 msec : 0
48.7 msec : 0
48.8 msec : 1
48.9 msec : 0
49.0 msec : 0
49.1 msec : 0
49.2 msec : 0
49.3 msec : 1
49.4 msec : 0
49.5 msec : 1
49.6 msec : 0
49.7 msec : 0
49.8 msec : 0
49.9 msec : 0
50.0 msec : 0
50.1 msec : 0
50.2 msec : 0
50.3 msec : 0
50.4 msec : 0
50.5 msec : 0
50.6 msec : 0
50.7 msec : 0
50.8 msec : 0
50.9 msec : 0
51.0 msec : 0
51.1 msec : 0
51.2 msec : 0
51.3 msec : 0
51.4 msec : 1
51.5 msec : 0
51.6 msec : 0
51.7 msec : 0
51.8 msec : 0
51.9 msec : 0
52.0 msec : 0
52.1 msec : 0
52.2 msec : 0
52.3 msec : 0
52.4 msec : 0
52.5 msec : 0
52.6 msec : 0
52.7 msec : 0
52.8 msec : 0
52.9 msec : 0
53.0 msec : 0
53.1 msec : 0
53.2 msec : 0
53.3 msec : 0
53.4 msec : 8
53.5 msec : 15
53.6 msec : 2
53.7 msec : 1
53.8 msec : 0
53.9 msec : 0
54.0 msec : 0
54.1 msec : 0
54.2 msec : 0
54.3 msec : 0
54.4 msec : 0
54.5 msec : 0
54.6 msec : 0
54.7 msec : 0
54.8 msec : 0
54.9 msec : 0
55.0 msec : 0
55.1 msec : 0
55.2 msec : 0
55.3 msec : 0
55.4 msec : 0
55.5 msec : 0
55.6 msec : 0
55.7 msec : 0
55.8 msec : 0
55.9 msec : 0
56.0 msec : 0
56.1 msec : 0
56.2 msec : 0
56.3 msec : 0
56.4 msec : 0
56.5 msec : 0
56.6 msec : 0
56.7 msec : 0
56.8 msec : 0
56.9 msec : 0
57.0 msec : 0
57.1 msec : 0
57.2 msec : 0
57.3 msec : 0
57.4 msec : 0
57.5 msec : 1
57.6 msec : 0
57.7 msec : 0
57.8 msec : 0
57.9 msec : 0
58.0 msec : 0
58.1 msec : 0
58.2 msec : 0
58.3 msec : 0
58.4 msec : 0
58.5 msec : 0
58.6 msec : 0
58.7 msec : 0
58.8 msec : 0
58.9 msec : 0
59.0 msec : 0
59.1 msec : 0
59.2 msec : 0
59.3 msec : 0
59.4 msec : 0
59.5 msec : 0
59.6 msec : 0
59.7 msec : 0
59.8 msec : 0
59.9 msec : 0
60.0 msec : 0
60.1 msec : 0
60.2 msec : 0
60.3 msec : 0
60.4 msec : 0
60.5 msec : 0
60.6 msec : 0
60.7 msec : 0
60.8 msec : 0
60.9 msec : 0
61.0 msec : 0
61.1 msec : 0
61.2 msec : 0
61.3 msec : 0
61.4 msec : 0
61.5 msec : 0
61.6 msec : 0
61.7 msec : 0
61.8 msec : 0
61.9 msec : 0
62.0 msec : 0
62.1 msec : 0
62.2 msec : 0
62.3 msec : 0
62.4 msec : 0
62.5 msec : 0
62.6 msec : 0
62.7 msec : 0
62.8 msec : 0
62.9 msec : 0
63.0 msec : 0
63.1 msec : 0
63.2 msec : 0
63.3 msec : 0
63.4 msec : 0
63.5 msec : 0
63.6 msec : 5
63.7 msec : 0
63.8 msec : 0
63.9 msec : 0
64.0 msec : 0
64.1 msec : 0
64.2 msec : 0
64.3 msec : 0
64.4 msec : 1
64.5 msec : 3
64.6 msec : 2
64.7 msec : 2
64.8 msec : 0
64.9 msec : 0
65.0 msec : 0
65.1 msec : 0
65.2 msec : 1
65.3 msec : 0
65.4 msec : 0
65.5 msec : 0
65.6 msec : 1
65.7 msec : 0
65.8 msec : 0
65.9 msec : 0
66.0 msec : 0
66.1 msec : 0
66.2 msec : 0
66.3 msec : 0
66.4 msec : 0
66.5 msec : 0
66.6 msec : 0
66.7 msec : 0
66.8 msec : 0
66.9 msec : 0
67.0 msec : 0
67.1 msec : 0
67.2 msec : 0
67.3 msec : 0
67.4 msec : 0
67.5 msec : 0
67.6 msec : 0
67.7 msec : 0
67.8 msec : 0
67.9 msec : 0
68.0 msec : 0
68.1 msec : 0
68.2 msec : 0
68.3 msec : 0
68.4 msec : 0
68.5 msec : 0
68.6 msec : 0
68.7 msec : 0
68.8 msec : 0
68.9 msec : 0
69.0 msec : 0
69.1 msec : 0
69.2 msec : 0
69.3 msec : 0
69.4 msec : 0
69.5 msec : 0
69.6 msec : 0
69.7 msec : 0
69.8 msec : 0
69.9 msec : 0
70.0 msec : 0
70.1 msec : 0
70.2 msec : 0
70.3 msec : 0
70.4 msec : 0
70.5 msec : 0
70.6 msec : 0
70.7 msec : 0
70.8 msec : 0
70.9 msec : 0
71.0 msec : 0
71.1 msec : 0
71.2 msec : 0
71.3 msec : 0
71.4 msec : 0
71.5 msec : 0
71.6 msec : 0
71.7 msec : 0
71.8 msec : 0
71.9 msec : 0
72.0 msec : 0
72.1 msec : 0
72.2 msec : 0
72.3 msec : 0
72.4 msec : 0
72.5 msec : 1
72.6 msec : 0
72.7 msec : 0
72.8 msec : 0
72.9 msec : 0
73.0 msec : 0
73.1 msec : 0
73.2 msec : 0
73.3 msec : 0
73.4 msec : 0
73.5 msec : 0
73.6 msec : 0
73.7 msec : 0
73.8 msec : 0
73.9 msec : 0
74.0 msec : 0
74.1 msec : 0
74.2 msec : 0
74.3 msec : 0
74.4 msec : 0
74.5 msec : 0
74.6 msec : 0
74.7 msec : 0
74.8 msec : 0
74.9 msec : 0
75.0 msec : 0
75.1 msec : 0
75.2 msec : 0
75.3 msec : 0
75.4 msec : 0
75.5 msec : 0
75.6 msec : 0
75.7 msec : 0
75.8 msec : 0
75.9 msec : 0
76.0 msec : 0
76.1 msec : 0
76.2 msec : 0
76.3 msec : 0
76.4 msec : 0
76.5 msec : 0
76.6 msec : 0
76.7 msec : 0
76.8 msec : 0
76.9 msec : 0
77.0 msec : 0
77.1 msec : 0
77.2 msec : 0
77.3 msec : 0
77.4 msec : 0
77.5 msec : 0
77.6 msec : 0
77.7 msec : 0
77.8 msec : 0
77.9 msec : 0
78.0 msec : 0
78.1 msec : 0
78.2 msec : 0
78.3 msec : 0
78.4 msec : 0
78.5 msec : 0
78.6 msec : 0
78.7 msec : 0
78.8 msec : 0
78.9 msec : 0
79.0 msec : 0
79.1 msec : 0
79.2 msec : 0
79.3 msec : 0
79.4 msec : 0
79.5 msec : 0
79.6 msec : 0
79.7 msec : 0
79.8 msec : 0
79.9 msec : 0
80.0 msec : 0
80.1 msec : 0
80.2 msec : 0
80.3 msec : 0
80.4 msec : 0
80.5 msec : 0
80.6 msec : 0
80.7 msec : 0
80.8 msec : 0
80.9 msec : 0
81.0 msec : 0
81.1 msec : 0
81.2 msec : 0
81.3 msec : 0
81.4 msec : 0
81.5 msec : 0
81.6 msec : 0
81.7 msec : 0
81.8 msec : 0
81.9 msec : 0
82.0 msec : 0
82.1 msec : 0
82.2 msec : 0
82.3 msec : 0
82.4 msec : 1
82.5 msec : 4
82.6 msec : 1
82.7 msec : 0
82.8 msec : 0
82.9 msec : 0
83.0 msec : 0
83.1 msec : 0
83.2 msec : 0
83.3 msec : 0
83.4 msec : 0
83.5 msec : 5
83.6 msec : 6
83.7 msec : 0
83.8 msec : 1
83.9 msec : 12
84.0 msec : 0
84.1 msec : 0
84.2 msec : 0
84.3 msec : 0
84.4 msec : 0
84.5 msec : 0
84.6 msec : 0
84.7 msec : 0
84.8 msec : 0
84.9 msec : 0
85.0 msec : 0
85.1 msec : 0
85.2 msec : 0
85.3 msec : 0
85.4 msec : 0
85.5 msec : 0
85.6 msec : 0
85.7 msec : 0
85.8 msec : 0
85.9 msec : 0
86.0 msec : 0
86.1 msec : 0
86.2 msec : 0
86.3 msec : 0
86.4 msec : 0
86.5 msec : 0
86.6 msec : 0
86.7 msec : 0
86.8 msec : 0
86.9 msec : 0
87.0 msec : 0
87.1 msec : 0
87.2 msec : 0
87.3 msec : 0
87.4 msec : 0
87.5 msec : 0
87.6 msec : 0
87.7 msec : 0
87.8 msec : 0
87.9 msec : 0
88.0 msec : 0
88.1 msec : 0
88.2 msec : 0
88.3 msec : 0
88.4 msec : 0
88.5 msec : 0
88.6 msec : 0
88.7 msec : 0
88.8 msec : 0
88.9 msec : 0
89.0 msec : 0
89.1 msec : 0
89.2 msec : 0
89.3 msec : 0
89.4 msec : 0
89.5 msec : 0
89.6 msec : 0
89.7 msec : 0
89.8 msec : 0
89.9 msec : 0
90.0 msec : 0
90.1 msec : 0
90.2 msec : 0
90.3 msec : 0
90.4 msec : 0
90.5 msec : 0
90.6 msec : 0
90.7 msec : 0
90.8 msec : 0
90.9 msec : 0
91.0 msec : 0
91.1 msec : 0
91.2 msec : 0
91.3 msec : 0
91.4 msec : 0
91.5 msec : 0
91.6 msec : 0
91.7 msec : 0
91.8 msec : 0
91.9 msec : 0
92.0 msec : 0
92.1 msec : 0
92.2 msec : 0
92.3 msec : 0
92.4 msec : 0
92.5 msec : 0
92.6 msec : 0
92.7 msec : 0
92.8 msec : 0
92.9 msec : 0
93.0 msec : 0
93.1 msec : 0
93.2 msec : 0
93.3 msec : 0
93.4 msec : 0
93.5 msec : 0
93.6 msec : 0
93.7 msec : 0
93.8 msec : 0
93.9 msec : 0
94.0 msec : 0
94.1 msec : 0
94.2 msec : 0
94.3 msec : 0
94.4 msec : 0
94.5 msec : 0
94.6 msec : 0
94.7 msec : 0
94.8 msec : 0
94.9 msec : 0
95.0 msec : 0
95.1 msec : 0
95.2 msec : 6
95.3 msec : 1
95.4 msec : 0
95.5 msec : 0
95.6 msec : 0
95.7 msec : 0
95.8 msec : 0
95.9 msec : 0
96.0 msec : 3
96.1 msec : 6
96.2 msec : 1
96.3 msec : 0
96.4 msec : 0
96.5 msec : 0
96.6 msec : 3
96.7 msec : 2
96.8 msec : 0
96.9 msec : 0
97.0 msec : 0
97.1 msec : 0
97.2 msec : 0
97.3 msec : 0
97.4 msec : 0
97.5 msec : 0
97.6 msec : 0
97.7 msec : 0
97.8 msec : 0
97.9 msec : 0
98.0 msec : 0
98.1 msec : 0
98.2 msec : 0
98.3 msec : 0
98.4 msec : 0
98.5 msec : 0
98.6 msec : 0
98.7 msec : 0
98.8 msec : 0
98.9 msec : 0
99.0 msec : 0
99.1 msec : 0
99.2 msec : 0
99.3 msec : 0
99.4 msec : 0
99.5 msec : 0
99.6 msec : 0
99.7 msec : 0
99.8 msec : 0
99.9 msec : 0
100.0 msec : 0
100.1 msec : 0
100.2 msec : 0
100.3 msec : 0
100.4 msec : 0
100.5 msec : 0
100.6 msec : 0
100.7 msec : 0
100.8 msec : 0
100.9 msec : 0
101.0 msec : 0
101.1 msec : 0
101.2 msec : 0
101.3 msec : 0
101.4 msec : 0
101.5 msec : 0
101.6 msec : 0
101.7 msec : 0
101.8 msec : 0
101.9 msec : 0
102.0 msec : 0
102.1 msec : 0
102.2 msec : 0
102.3 msec : 0
102.4 msec : 0
102.5 msec : 0
102.6 msec : 0
102.7 msec : 0
102.8 msec : 0
102.9 msec : 0
103.0 msec : 0
103.1 msec : 0
103.2 msec : 0
103.3 msec : 0
103.4 msec : 0
103.5 msec : 0
103.6 msec : 0
103.7 msec : 0
103.8 msec : 0
103.9 msec : 0
104.0 msec : 0
104.1 msec : 0
104.2 msec : 0
104.3 msec : 0
104.4 msec : 0
104.5 msec : 0
104.6 msec : 0
104.7 msec : 0
104.8 msec : 0
104.9 msec : 1
105.0 msec : 4
105.1 msec : 0
105.2 msec : 0
105.3 msec : 1
105.4 msec : 0
105.5 msec : 0
105.6 msec : 0
105.7 msec : 1
105.8 msec : 4
105.9 msec : 0
106.0 msec : 0
106.1 msec : 0
106.2 msec : 0
106.3 msec : 0
106.4 msec : 0
106.5 msec : 0
106.6 msec : 0
106.7 msec : 0
106.8 msec : 0
106.9 msec : 0
107.0 msec : 0
107.1 msec : 0
107.2 msec : 0
107.3 msec : 0
107.4 msec : 0
107.5 msec : 0
107.6 msec : 0
107.7 msec : 0
107.8 msec : 0
107.9 msec : 0
108.0 msec : 0
108.1 msec : 0
108.2 msec : 0
108.3 msec : 0
108.4 msec : 0
108.5 msec : 0
108.6 msec : 0
108.7 msec : 0
108.8 msec : 0
108.9 msec : 0
109.0 msec : 0
109.1 msec : 0
109.2 msec : 0
109.3 msec : 0
109.4 msec : 0
109.5 msec : 0
109.6 msec : 0
109.7 msec : 0
109.8 msec : 0
109.9 msec : 1
110.0 msec : 1
110.1 msec : 0
110.2 msec : 0
110.3 msec : 0
110.4 msec : 0
110.5 msec : 1
110.6 msec : 0
110.7 msec : 0
