Middleware started...
Middleware shuts down...
Smaller resolution statistics are in a log file...
Final aggregates per worker:


Worker 7
Average throughput (ops/sec) = 73
Average response time (msec) = 0.9179622459016393
Average queue length = 0
Average wait time in queue (msec) = 0.022959901639344263
Average service time (msec) = 0.8403538852459016
Number of SET = 0
Number of GET = 73
Number of MULTI GET = 0


Worker 13
Average throughput (ops/sec) = 74
Average response time (msec) = 0.9088698852459016
Average queue length = 0
Average wait time in queue (msec) = 0.02547977049180328
Average service time (msec) = 0.8289108852459016
Number of SET = 0
Number of GET = 74
Number of MULTI GET = 0


Worker 14
Average throughput (ops/sec) = 74
Average response time (msec) = 0.9117897540983606
Average queue length = 0
Average wait time in queue (msec) = 0.026598540983606558
Average service time (msec) = 0.8331669508196721
Number of SET = 0
Number of GET = 74
Number of MULTI GET = 0


Worker 6
Average throughput (ops/sec) = 74
Average response time (msec) = 0.9166875901639344
Average queue length = 0
Average wait time in queue (msec) = 0.028426688524590165
Average service time (msec) = 0.832509475409836
Number of SET = 0
Number of GET = 74
Number of MULTI GET = 0


Worker 15
Average throughput (ops/sec) = 74
Average response time (msec) = 0.9089333114754099
Average queue length = 0
Average wait time in queue (msec) = 0.024457868852459017
Average service time (msec) = 0.827037344262295
Number of SET = 0
Number of GET = 74
Number of MULTI GET = 0


Worker 9
Average throughput (ops/sec) = 74
Average response time (msec) = 0.9341301967213115
Average queue length = 0
Average wait time in queue (msec) = 0.02570316393442623
Average service time (msec) = 0.855640737704918
Number of SET = 0
Number of GET = 74
Number of MULTI GET = 0


Worker 16
Average throughput (ops/sec) = 74
Average response time (msec) = 0.8984846393442623
Average queue length = 0
Average wait time in queue (msec) = 0.025591557377049177
Average service time (msec) = 0.8210607540983607
Number of SET = 0
Number of GET = 74
Number of MULTI GET = 0


Worker 8
Average throughput (ops/sec) = 74
Average response time (msec) = 0.911968868852459
Average queue length = 0
Average wait time in queue (msec) = 0.022782196721311477
Average service time (msec) = 0.8336410327868853
Number of SET = 0
Number of GET = 74
Number of MULTI GET = 0


Worker 3
Average throughput (ops/sec) = 74
Average response time (msec) = 0.9126789016393443
Average queue length = 0
Average wait time in queue (msec) = 0.03096744262295082
Average service time (msec) = 0.831605262295082
Number of SET = 0
Number of GET = 74
Number of MULTI GET = 0


Worker 10
Average throughput (ops/sec) = 74
Average response time (msec) = 0.9196878196721311
Average queue length = 0
Average wait time in queue (msec) = 0.02455888524590164
Average service time (msec) = 0.8444908032786885
Number of SET = 0
Number of GET = 74
Number of MULTI GET = 0


Worker 2
Average throughput (ops/sec) = 73
Average response time (msec) = 0.9102102786885247
Average queue length = 0
Average wait time in queue (msec) = 0.02536055737704918
Average service time (msec) = 0.8345542950819672
Number of SET = 0
Number of GET = 73
Number of MULTI GET = 0


Worker 11
Average throughput (ops/sec) = 73
Average response time (msec) = 0.916451344262295
Average queue length = 0
Average wait time in queue (msec) = 0.02240554098360656
Average service time (msec) = 0.8359925901639343
Number of SET = 0
Number of GET = 73
Number of MULTI GET = 0


Worker 5
Average throughput (ops/sec) = 73
Average response time (msec) = 0.9117142459016393
Average queue length = 0
Average wait time in queue (msec) = 0.030210655737704917
Average service time (msec) = 0.8240178032786886
Number of SET = 0
Number of GET = 73
Number of MULTI GET = 0


Worker 12
Average throughput (ops/sec) = 74
Average response time (msec) = 0.9131867704918033
Average queue length = 0
Average wait time in queue (msec) = 0.02386527868852459
Average service time (msec) = 0.8350753934426229
Number of SET = 0
Number of GET = 74
Number of MULTI GET = 0


Worker 4
Average throughput (ops/sec) = 74
Average response time (msec) = 0.9064877213114754
Average queue length = 0
Average wait time in queue (msec) = 0.028718081967213115
Average service time (msec) = 0.8254497540983606
Number of SET = 0
Number of GET = 74
Number of MULTI GET = 0


Worker 1
Average throughput (ops/sec) = 74
Average response time (msec) = 0.8958002459016393
Average queue length = 0
Average wait time in queue (msec) = 0.030007360655737707
Average service time (msec) = 0.8149957540983607
Number of SET = 0
Number of GET = 74
Number of MULTI GET = 0


FINAL STATS
Average throughput (ops/sec) = 1180
Average response time (msec) = 0.9018648181152512
Average queue length = 0
Average wait time in queue (msec) = 0.02613084323770492
Average service time (msec) = 0.8324064200819673
Number of SET = 0
Number of GET = 1180
Number of MULTI GET = 0
Number of Cache misses = 1087


Histogram response times (0.1 msec step)
0.0 msec : 5466
0.1 msec : 23589
0.2 msec : 19080
0.3 msec : 7882
0.4 msec : 3965
0.5 msec : 2571
0.6 msec : 1926
0.7 msec : 1428
0.8 msec : 1352
0.9 msec : 796
1.0 msec : 600
1.1 msec : 500
1.2 msec : 453
1.3 msec : 277
1.4 msec : 274
1.5 msec : 188
1.6 msec : 185
1.7 msec : 186
1.8 msec : 163
1.9 msec : 114
2.0 msec : 104
2.1 msec : 109
2.2 msec : 73
2.3 msec : 74
2.4 msec : 54
2.5 msec : 53
2.6 msec : 79
2.7 msec : 71
2.8 msec : 57
2.9 msec : 43
3.0 msec : 53
3.1 msec : 46
3.2 msec : 34
3.3 msec : 38
3.4 msec : 38
3.5 msec : 31
3.6 msec : 29
3.7 msec : 11
3.8 msec : 22
3.9 msec : 21
4.0 msec : 23
4.1 msec : 18
4.2 msec : 11
4.3 msec : 11
4.4 msec : 12
4.5 msec : 12
4.6 msec : 12
4.7 msec : 14
4.8 msec : 10
4.9 msec : 7
5.0 msec : 7
5.1 msec : 5
5.2 msec : 6
5.3 msec : 5
5.4 msec : 19
5.5 msec : 7
5.6 msec : 11
5.7 msec : 5
5.8 msec : 13
5.9 msec : 9
6.0 msec : 10
6.1 msec : 3
6.2 msec : 3
6.3 msec : 7
6.4 msec : 6
6.5 msec : 6
6.6 msec : 7
6.7 msec : 5
6.8 msec : 7
6.9 msec : 2
7.0 msec : 0
7.1 msec : 5
7.2 msec : 0
7.3 msec : 2
7.4 msec : 5
7.5 msec : 3
7.6 msec : 0
7.7 msec : 0
7.8 msec : 5
7.9 msec : 3
8.0 msec : 3
8.1 msec : 0
8.2 msec : 2
8.3 msec : 1
8.4 msec : 2
8.5 msec : 4
8.6 msec : 6
8.7 msec : 0
8.8 msec : 1
8.9 msec : 1
9.0 msec : 2
9.1 msec : 2
9.2 msec : 0
9.3 msec : 0
9.4 msec : 0
9.5 msec : 1
9.6 msec : 0
9.7 msec : 0
9.8 msec : 0
9.9 msec : 0
10.0 msec : 0
10.1 msec : 2
10.2 msec : 2
10.3 msec : 0
10.4 msec : 0
10.5 msec : 0
10.6 msec : 0
10.7 msec : 2
10.8 msec : 1
10.9 msec : 0
11.0 msec : 0
11.1 msec : 0
11.2 msec : 0
11.3 msec : 0
11.4 msec : 1
11.5 msec : 0
11.6 msec : 0
11.7 msec : 0
11.8 msec : 0
11.9 msec : 1
12.0 msec : 0
12.1 msec : 0
12.2 msec : 0
12.3 msec : 0
12.4 msec : 0
12.5 msec : 0
12.6 msec : 0
12.7 msec : 0
12.8 msec : 0
12.9 msec : 0
13.0 msec : 0
13.1 msec : 0
13.2 msec : 0
13.3 msec : 0
13.4 msec : 0
13.5 msec : 0
13.6 msec : 0
13.7 msec : 0
13.8 msec : 0
13.9 msec : 0
14.0 msec : 0
14.1 msec : 0
14.2 msec : 0
14.3 msec : 0
14.4 msec : 0
14.5 msec : 1
14.6 msec : 0
14.7 msec : 0
14.8 msec : 0
14.9 msec : 0
15.0 msec : 0
15.1 msec : 0
15.2 msec : 0
15.3 msec : 0
15.4 msec : 0
15.5 msec : 0
15.6 msec : 0
15.7 msec : 0
15.8 msec : 0
15.9 msec : 0
16.0 msec : 0
16.1 msec : 0
16.2 msec : 0
16.3 msec : 0
16.4 msec : 0
16.5 msec : 0
16.6 msec : 0
16.7 msec : 1
16.8 msec : 0
16.9 msec : 0
17.0 msec : 0
17.1 msec : 0
17.2 msec : 0
17.3 msec : 0
17.4 msec : 0
17.5 msec : 0
17.6 msec : 0
17.7 msec : 0
17.8 msec : 0
17.9 msec : 0
18.0 msec : 0
18.1 msec : 0
18.2 msec : 0
18.3 msec : 0
18.4 msec : 0
18.5 msec : 0
18.6 msec : 0
18.7 msec : 0
18.8 msec : 0
18.9 msec : 0
19.0 msec : 0
19.1 msec : 0
19.2 msec : 0
19.3 msec : 0
19.4 msec : 0
19.5 msec : 0
19.6 msec : 0
19.7 msec : 0
19.8 msec : 1
19.9 msec : 0
20.0 msec : 0
20.1 msec : 0
20.2 msec : 0
20.3 msec : 0
20.4 msec : 0
20.5 msec : 0
20.6 msec : 0
20.7 msec : 0
20.8 msec : 0
20.9 msec : 0
21.0 msec : 0
21.1 msec : 0
21.2 msec : 0
21.3 msec : 0
21.4 msec : 0
21.5 msec : 0
21.6 msec : 0
21.7 msec : 0
21.8 msec : 0
21.9 msec : 0
22.0 msec : 0
22.1 msec : 0
22.2 msec : 0
22.3 msec : 0
22.4 msec : 0
22.5 msec : 1
22.6 msec : 0
22.7 msec : 0
22.8 msec : 0
22.9 msec : 0
23.0 msec : 0
23.1 msec : 0
23.2 msec : 0
23.3 msec : 0
23.4 msec : 0
23.5 msec : 0
23.6 msec : 0
23.7 msec : 0
23.8 msec : 0
23.9 msec : 0
24.0 msec : 0
24.1 msec : 0
24.2 msec : 1
24.3 msec : 0
24.4 msec : 0
24.5 msec : 0
24.6 msec : 0
24.7 msec : 0
24.8 msec : 0
24.9 msec : 1
25.0 msec : 0
25.1 msec : 0
25.2 msec : 0
25.3 msec : 0
25.4 msec : 0
25.5 msec : 0
25.6 msec : 0
25.7 msec : 0
25.8 msec : 0
25.9 msec : 0
26.0 msec : 0
26.1 msec : 0
26.2 msec : 0
26.3 msec : 0
26.4 msec : 0
26.5 msec : 0
26.6 msec : 0
26.7 msec : 0
26.8 msec : 0
26.9 msec : 1
27.0 msec : 0
27.1 msec : 0
27.2 msec : 0
27.3 msec : 0
27.4 msec : 0
27.5 msec : 0
27.6 msec : 0
27.7 msec : 0
27.8 msec : 1
27.9 msec : 0
28.0 msec : 0
28.1 msec : 0
28.2 msec : 0
28.3 msec : 2
28.4 msec : 0
28.5 msec : 0
28.6 msec : 0
28.7 msec : 0
28.8 msec : 0
28.9 msec : 0
29.0 msec : 0
29.1 msec : 0
29.2 msec : 0
29.3 msec : 0
29.4 msec : 0
29.5 msec : 0
29.6 msec : 0
29.7 msec : 0
29.8 msec : 0
29.9 msec : 0
30.0 msec : 0
30.1 msec : 0
30.2 msec : 0
30.3 msec : 0
30.4 msec : 1
30.5 msec : 1
30.6 msec : 0
30.7 msec : 0
30.8 msec : 0
30.9 msec : 0
31.0 msec : 0
31.1 msec : 0
31.2 msec : 0
31.3 msec : 0
31.4 msec : 0
31.5 msec : 0
31.6 msec : 0
31.7 msec : 0
31.8 msec : 2
31.9 msec : 0
32.0 msec : 0
32.1 msec : 0
32.2 msec : 0
32.3 msec : 0
32.4 msec : 0
32.5 msec : 0
32.6 msec : 0
32.7 msec : 0
32.8 msec : 0
32.9 msec : 0
33.0 msec : 0
33.1 msec : 0
33.2 msec : 0
33.3 msec : 0
33.4 msec : 0
33.5 msec : 0
33.6 msec : 0
33.7 msec : 0
33.8 msec : 0
33.9 msec : 0
34.0 msec : 0
34.1 msec : 0
34.2 msec : 0
34.3 msec : 0
34.4 msec : 0
34.5 msec : 0
34.6 msec : 0
34.7 msec : 0
34.8 msec : 0
34.9 msec : 0
35.0 msec : 0
35.1 msec : 0
35.2 msec : 0
35.3 msec : 0
35.4 msec : 0
35.5 msec : 0
35.6 msec : 0
35.7 msec : 0
35.8 msec : 0
35.9 msec : 0
36.0 msec : 0
36.1 msec : 0
36.2 msec : 0
36.3 msec : 0
36.4 msec : 1
36.5 msec : 0
36.6 msec : 0
36.7 msec : 0
36.8 msec : 0
36.9 msec : 0
37.0 msec : 0
37.1 msec : 0
37.2 msec : 0
37.3 msec : 0
37.4 msec : 0
37.5 msec : 0
37.6 msec : 0
37.7 msec : 0
37.8 msec : 0
37.9 msec : 0
38.0 msec : 0
38.1 msec : 0
38.2 msec : 0
38.3 msec : 0
38.4 msec : 0
38.5 msec : 0
38.6 msec : 0
38.7 msec : 0
38.8 msec : 0
38.9 msec : 0
39.0 msec : 0
39.1 msec : 0
39.2 msec : 0
39.3 msec : 0
39.4 msec : 0
39.5 msec : 0
39.6 msec : 0
39.7 msec : 0
39.8 msec : 0
39.9 msec : 0
40.0 msec : 0
40.1 msec : 0
40.2 msec : 0
40.3 msec : 0
40.4 msec : 0
40.5 msec : 0
40.6 msec : 0
40.7 msec : 0
40.8 msec : 0
40.9 msec : 0
41.0 msec : 0
41.1 msec : 0
41.2 msec : 0
41.3 msec : 0
41.4 msec : 0
41.5 msec : 0
41.6 msec : 0
41.7 msec : 0
41.8 msec : 0
41.9 msec : 0
42.0 msec : 0
42.1 msec : 0
42.2 msec : 0
42.3 msec : 0
42.4 msec : 0
42.5 msec : 0
42.6 msec : 0
42.7 msec : 0
42.8 msec : 0
42.9 msec : 0
43.0 msec : 0
43.1 msec : 0
43.2 msec : 0
