Middleware started...
Middleware shuts down...
Smaller resolution statistics are in a log file...
Final aggregates per worker:


Worker 13
Average throughput (ops/sec) = 386
Average response time (msec) = 1.5299762950819673
Average queue length = 1
Average wait time in queue (msec) = 0.19281516393442624
Average service time (msec) = 1.2451368196721313
Number of SET = 0
Number of GET = 386
Number of MULTI GET = 0


Worker 7
Average throughput (ops/sec) = 388
Average response time (msec) = 1.53178
Average queue length = 1
Average wait time in queue (msec) = 0.18489465573770492
Average service time (msec) = 1.260695655737705
Number of SET = 0
Number of GET = 388
Number of MULTI GET = 0


Worker 14
Average throughput (ops/sec) = 387
Average response time (msec) = 1.5425431967213115
Average queue length = 1
Average wait time in queue (msec) = 0.18915360655737706
Average service time (msec) = 1.2703268524590166
Number of SET = 0
Number of GET = 387
Number of MULTI GET = 0


Worker 6
Average throughput (ops/sec) = 389
Average response time (msec) = 1.5323645737704918
Average queue length = 1
Average wait time in queue (msec) = 0.19649277049180328
Average service time (msec) = 1.257000950819672
Number of SET = 0
Number of GET = 389
Number of MULTI GET = 0


Worker 9
Average throughput (ops/sec) = 385
Average response time (msec) = 1.5243033278688525
Average queue length = 1
Average wait time in queue (msec) = 0.1868663442622951
Average service time (msec) = 1.2548058360655738
Number of SET = 0
Number of GET = 386
Number of MULTI GET = 0


Worker 15
Average throughput (ops/sec) = 389
Average response time (msec) = 1.5328102295081967
Average queue length = 1
Average wait time in queue (msec) = 0.184837131147541
Average service time (msec) = 1.268363426229508
Number of SET = 0
Number of GET = 389
Number of MULTI GET = 0


Worker 8
Average throughput (ops/sec) = 390
Average response time (msec) = 1.5420657704918033
Average queue length = 1
Average wait time in queue (msec) = 0.19144111475409836
Average service time (msec) = 1.2686141639344262
Number of SET = 0
Number of GET = 390
Number of MULTI GET = 0


Worker 16
Average throughput (ops/sec) = 386
Average response time (msec) = 1.5264479672131148
Average queue length = 0
Average wait time in queue (msec) = 0.18730329508196722
Average service time (msec) = 1.2554637868852458
Number of SET = 0
Number of GET = 386
Number of MULTI GET = 0


Worker 3
Average throughput (ops/sec) = 388
Average response time (msec) = 1.5350600163934427
Average queue length = 0
Average wait time in queue (msec) = 0.1910293606557377
Average service time (msec) = 1.2587836557377048
Number of SET = 0
Number of GET = 388
Number of MULTI GET = 0


Worker 10
Average throughput (ops/sec) = 387
Average response time (msec) = 1.537855
Average queue length = 1
Average wait time in queue (msec) = 0.18532816393442625
Average service time (msec) = 1.2716378524590164
Number of SET = 0
Number of GET = 387
Number of MULTI GET = 0


Worker 2
Average throughput (ops/sec) = 386
Average response time (msec) = 1.537389786885246
Average queue length = 0
Average wait time in queue (msec) = 0.18825281967213114
Average service time (msec) = 1.2637891475409835
Number of SET = 0
Number of GET = 386
Number of MULTI GET = 0


Worker 11
Average throughput (ops/sec) = 386
Average response time (msec) = 1.5411217540983606
Average queue length = 1
Average wait time in queue (msec) = 0.19134190163934425
Average service time (msec) = 1.2593404590163935
Number of SET = 0
Number of GET = 386
Number of MULTI GET = 0


Worker 5
Average throughput (ops/sec) = 389
Average response time (msec) = 1.5228864098360655
Average queue length = 1
Average wait time in queue (msec) = 0.18402460655737707
Average service time (msec) = 1.2550645081967213
Number of SET = 0
Number of GET = 389
Number of MULTI GET = 0


Worker 4
Average throughput (ops/sec) = 382
Average response time (msec) = 1.5567953770491803
Average queue length = 1
Average wait time in queue (msec) = 0.1882227868852459
Average service time (msec) = 1.2821377540983607
Number of SET = 0
Number of GET = 382
Number of MULTI GET = 0


Worker 12
Average throughput (ops/sec) = 388
Average response time (msec) = 1.5355039672131148
Average queue length = 1
Average wait time in queue (msec) = 0.19579296721311476
Average service time (msec) = 1.2612509344262295
Number of SET = 0
Number of GET = 388
Number of MULTI GET = 0


Worker 1
Average throughput (ops/sec) = 390
Average response time (msec) = 1.539502426229508
Average queue length = 1
Average wait time in queue (msec) = 0.18755947540983609
Average service time (msec) = 1.2704602786885246
Number of SET = 0
Number of GET = 390
Number of MULTI GET = 0


FINAL STATS
Average throughput (ops/sec) = 6196
Average response time (msec) = 1.5070028990255555
Average queue length = 0
Average wait time in queue (msec) = 0.18908476024590165
Average service time (msec) = 1.2626795051229507
Number of SET = 0
Number of GET = 6197
Number of MULTI GET = 0
Number of Cache misses = 5818


Histogram response times (0.1 msec step)
0.0 msec : 4324
0.1 msec : 37060
0.2 msec : 65964
0.3 msec : 65255
0.4 msec : 51419
0.5 msec : 36185
0.6 msec : 23672
0.7 msec : 16197
0.8 msec : 10847
0.9 msec : 7213
1.0 msec : 5033
1.1 msec : 3782
1.2 msec : 2749
1.3 msec : 2224
1.4 msec : 1696
1.5 msec : 1445
1.6 msec : 1196
1.7 msec : 1035
1.8 msec : 793
1.9 msec : 690
2.0 msec : 531
2.1 msec : 439
2.2 msec : 411
2.3 msec : 405
2.4 msec : 371
2.5 msec : 337
2.6 msec : 325
2.7 msec : 296
2.8 msec : 269
2.9 msec : 258
3.0 msec : 263
3.1 msec : 189
3.2 msec : 227
3.3 msec : 200
3.4 msec : 249
3.5 msec : 211
3.6 msec : 198
3.7 msec : 183
3.8 msec : 123
3.9 msec : 136
4.0 msec : 111
4.1 msec : 136
4.2 msec : 145
4.3 msec : 92
4.4 msec : 108
4.5 msec : 110
4.6 msec : 128
4.7 msec : 119
4.8 msec : 171
4.9 msec : 160
5.0 msec : 184
5.1 msec : 210
5.2 msec : 328
5.3 msec : 1153
5.4 msec : 2417
5.5 msec : 3085
5.6 msec : 3116
5.7 msec : 3174
5.8 msec : 3342
5.9 msec : 3236
6.0 msec : 2787
6.1 msec : 2153
6.2 msec : 1536
6.3 msec : 1195
6.4 msec : 952
6.5 msec : 645
6.6 msec : 470
6.7 msec : 332
6.8 msec : 291
6.9 msec : 190
7.0 msec : 199
7.1 msec : 154
7.2 msec : 98
7.3 msec : 60
7.4 msec : 67
7.5 msec : 65
7.6 msec : 46
7.7 msec : 40
7.8 msec : 37
7.9 msec : 29
8.0 msec : 41
8.1 msec : 53
8.2 msec : 32
8.3 msec : 22
8.4 msec : 24
8.5 msec : 29
8.6 msec : 28
8.7 msec : 38
8.8 msec : 20
8.9 msec : 22
9.0 msec : 34
9.1 msec : 20
9.2 msec : 35
9.3 msec : 22
9.4 msec : 35
9.5 msec : 22
9.6 msec : 25
9.7 msec : 24
9.8 msec : 17
9.9 msec : 17
10.0 msec : 17
10.1 msec : 23
10.2 msec : 21
10.3 msec : 21
10.4 msec : 12
10.5 msec : 9
10.6 msec : 13
10.7 msec : 13
10.8 msec : 15
10.9 msec : 19
11.0 msec : 7
11.1 msec : 15
11.2 msec : 15
11.3 msec : 9
11.4 msec : 7
11.5 msec : 8
11.6 msec : 7
11.7 msec : 7
11.8 msec : 3
11.9 msec : 5
12.0 msec : 6
12.1 msec : 3
12.2 msec : 4
12.3 msec : 1
12.4 msec : 5
12.5 msec : 2
12.6 msec : 1
12.7 msec : 3
12.8 msec : 4
12.9 msec : 1
13.0 msec : 5
13.1 msec : 3
13.2 msec : 7
13.3 msec : 4
13.4 msec : 2
13.5 msec : 2
13.6 msec : 1
13.7 msec : 5
13.8 msec : 1
13.9 msec : 1
14.0 msec : 2
14.1 msec : 4
14.2 msec : 4
14.3 msec : 5
14.4 msec : 8
14.5 msec : 2
14.6 msec : 2
14.7 msec : 3
14.8 msec : 2
14.9 msec : 0
15.0 msec : 3
15.1 msec : 6
15.2 msec : 11
15.3 msec : 13
15.4 msec : 13
15.5 msec : 10
15.6 msec : 5
15.7 msec : 5
15.8 msec : 12
15.9 msec : 4
16.0 msec : 4
16.1 msec : 1
16.2 msec : 1
16.3 msec : 0
16.4 msec : 2
16.5 msec : 1
16.6 msec : 4
16.7 msec : 1
16.8 msec : 0
16.9 msec : 0
17.0 msec : 0
17.1 msec : 0
17.2 msec : 1
17.3 msec : 0
17.4 msec : 0
17.5 msec : 0
17.6 msec : 0
17.7 msec : 1
17.8 msec : 0
17.9 msec : 0
18.0 msec : 0
18.1 msec : 0
18.2 msec : 0
18.3 msec : 0
18.4 msec : 0
18.5 msec : 0
18.6 msec : 0
18.7 msec : 0
18.8 msec : 2
18.9 msec : 2
19.0 msec : 0
19.1 msec : 1
19.2 msec : 1
19.3 msec : 3
19.4 msec : 4
19.5 msec : 1
19.6 msec : 1
19.7 msec : 1
19.8 msec : 0
19.9 msec : 0
20.0 msec : 0
20.1 msec : 0
20.2 msec : 0
20.3 msec : 2
20.4 msec : 0
20.5 msec : 0
20.6 msec : 1
20.7 msec : 0
20.8 msec : 0
20.9 msec : 0
21.0 msec : 0
21.1 msec : 1
21.2 msec : 0
21.3 msec : 2
21.4 msec : 3
21.5 msec : 0
21.6 msec : 0
21.7 msec : 0
21.8 msec : 0
21.9 msec : 3
22.0 msec : 0
22.1 msec : 1
22.2 msec : 0
22.3 msec : 4
22.4 msec : 0
22.5 msec : 0
22.6 msec : 0
22.7 msec : 0
22.8 msec : 0
22.9 msec : 0
23.0 msec : 1
23.1 msec : 1
23.2 msec : 0
23.3 msec : 0
23.4 msec : 0
23.5 msec : 1
23.6 msec : 0
23.7 msec : 0
23.8 msec : 4
23.9 msec : 2
24.0 msec : 2
24.1 msec : 2
24.2 msec : 1
24.3 msec : 3
24.4 msec : 0
24.5 msec : 2
24.6 msec : 1
24.7 msec : 1
24.8 msec : 1
24.9 msec : 1
25.0 msec : 0
25.1 msec : 1
25.2 msec : 1
25.3 msec : 4
25.4 msec : 4
25.5 msec : 2
25.6 msec : 2
25.7 msec : 3
25.8 msec : 0
25.9 msec : 0
26.0 msec : 1
26.1 msec : 1
26.2 msec : 0
26.3 msec : 0
26.4 msec : 0
26.5 msec : 1
26.6 msec : 1
26.7 msec : 0
26.8 msec : 1
26.9 msec : 0
27.0 msec : 0
27.1 msec : 0
27.2 msec : 0
27.3 msec : 2
27.4 msec : 1
27.5 msec : 5
27.6 msec : 2
27.7 msec : 0
27.8 msec : 1
27.9 msec : 0
28.0 msec : 1
28.1 msec : 0
28.2 msec : 0
28.3 msec : 0
28.4 msec : 0
28.5 msec : 0
28.6 msec : 0
28.7 msec : 0
28.8 msec : 0
28.9 msec : 0
29.0 msec : 0
29.1 msec : 2
29.2 msec : 1
29.3 msec : 0
29.4 msec : 0
29.5 msec : 1
29.6 msec : 1
29.7 msec : 1
29.8 msec : 0
29.9 msec : 0
30.0 msec : 1
30.1 msec : 0
30.2 msec : 1
30.3 msec : 4
30.4 msec : 1
30.5 msec : 0
30.6 msec : 0
30.7 msec : 1
30.8 msec : 0
30.9 msec : 0
31.0 msec : 0
31.1 msec : 0
31.2 msec : 0
31.3 msec : 0
31.4 msec : 0
31.5 msec : 0
31.6 msec : 0
31.7 msec : 1
31.8 msec : 2
31.9 msec : 2
32.0 msec : 2
32.1 msec : 3
32.2 msec : 1
32.3 msec : 0
32.4 msec : 2
32.5 msec : 0
32.6 msec : 0
32.7 msec : 0
32.8 msec : 0
32.9 msec : 0
33.0 msec : 0
33.1 msec : 0
33.2 msec : 0
33.3 msec : 0
33.4 msec : 0
33.5 msec : 0
33.6 msec : 0
33.7 msec : 0
33.8 msec : 0
33.9 msec : 0
34.0 msec : 1
34.1 msec : 2
34.2 msec : 0
34.3 msec : 0
34.4 msec : 3
34.5 msec : 3
34.6 msec : 0
34.7 msec : 0
34.8 msec : 1
34.9 msec : 1
35.0 msec : 0
35.1 msec : 2
35.2 msec : 3
35.3 msec : 1
35.4 msec : 2
35.5 msec : 3
35.6 msec : 2
35.7 msec : 1
35.8 msec : 1
35.9 msec : 2
36.0 msec : 2
36.1 msec : 0
36.2 msec : 0
36.3 msec : 1
36.4 msec : 0
36.5 msec : 0
36.6 msec : 1
36.7 msec : 0
36.8 msec : 0
36.9 msec : 0
37.0 msec : 0
37.1 msec : 0
37.2 msec : 0
37.3 msec : 0
37.4 msec : 0
37.5 msec : 0
37.6 msec : 0
37.7 msec : 0
37.8 msec : 0
37.9 msec : 0
38.0 msec : 0
38.1 msec : 0
38.2 msec : 0
38.3 msec : 0
38.4 msec : 0
38.5 msec : 0
38.6 msec : 0
38.7 msec : 0
38.8 msec : 0
38.9 msec : 0
39.0 msec : 1
39.1 msec : 0
39.2 msec : 0
39.3 msec : 0
39.4 msec : 0
39.5 msec : 0
39.6 msec : 0
39.7 msec : 0
39.8 msec : 0
39.9 msec : 0
40.0 msec : 0
40.1 msec : 0
40.2 msec : 0
40.3 msec : 0
40.4 msec : 0
40.5 msec : 0
40.6 msec : 0
40.7 msec : 0
40.8 msec : 0
40.9 msec : 0
41.0 msec : 0
41.1 msec : 0
41.2 msec : 0
41.3 msec : 0
41.4 msec : 0
41.5 msec : 0
41.6 msec : 0
41.7 msec : 0
41.8 msec : 0
41.9 msec : 0
42.0 msec : 0
42.1 msec : 0
42.2 msec : 0
42.3 msec : 0
42.4 msec : 0
42.5 msec : 0
42.6 msec : 0
42.7 msec : 0
42.8 msec : 0
42.9 msec : 0
43.0 msec : 0
43.1 msec : 0
43.2 msec : 0
43.3 msec : 0
43.4 msec : 0
43.5 msec : 0
43.6 msec : 0
43.7 msec : 0
43.8 msec : 0
43.9 msec : 0
44.0 msec : 1
44.1 msec : 0
44.2 msec : 2
44.3 msec : 0
44.4 msec : 0
44.5 msec : 0
44.6 msec : 0
44.7 msec : 0
44.8 msec : 0
44.9 msec : 0
45.0 msec : 0
45.1 msec : 0
45.2 msec : 2
45.3 msec : 0
45.4 msec : 0
45.5 msec : 0
45.6 msec : 0
45.7 msec : 0
45.8 msec : 0
45.9 msec : 0
46.0 msec : 0
46.1 msec : 0
46.2 msec : 0
46.3 msec : 0
46.4 msec : 0
46.5 msec : 0
46.6 msec : 0
46.7 msec : 0
46.8 msec : 0
46.9 msec : 0
47.0 msec : 0
47.1 msec : 0
47.2 msec : 0
47.3 msec : 0
47.4 msec : 0
47.5 msec : 0
47.6 msec : 0
47.7 msec : 0
47.8 msec : 0
47.9 msec : 0
48.0 msec : 0
48.1 msec : 0
48.2 msec : 0
48.3 msec : 0
48.4 msec : 0
48.5 msec : 0
48.6 msec : 0
48.7 msec : 0
48.8 msec : 0
48.9 msec : 0
49.0 msec : 0
49.1 msec : 0
49.2 msec : 0
49.3 msec : 0
49.4 msec : 0
49.5 msec : 0
49.6 msec : 0
49.7 msec : 4
49.8 msec : 2
49.9 msec : 0
50.0 msec : 0
50.1 msec : 1
50.2 msec : 0
50.3 msec : 0
50.4 msec : 0
50.5 msec : 0
50.6 msec : 0
50.7 msec : 0
50.8 msec : 0
50.9 msec : 0
51.0 msec : 0
51.1 msec : 0
51.2 msec : 0
51.3 msec : 0
51.4 msec : 0
51.5 msec : 0
51.6 msec : 0
51.7 msec : 0
51.8 msec : 0
51.9 msec : 0
52.0 msec : 0
52.1 msec : 0
52.2 msec : 0
52.3 msec : 0
52.4 msec : 0
52.5 msec : 0
52.6 msec : 0
52.7 msec : 0
52.8 msec : 0
52.9 msec : 0
53.0 msec : 0
53.1 msec : 0
53.2 msec : 0
53.3 msec : 0
53.4 msec : 0
53.5 msec : 0
53.6 msec : 0
53.7 msec : 0
53.8 msec : 0
53.9 msec : 0
54.0 msec : 0
54.1 msec : 0
54.2 msec : 0
54.3 msec : 0
54.4 msec : 0
54.5 msec : 0
54.6 msec : 0
54.7 msec : 0
54.8 msec : 0
54.9 msec : 0
55.0 msec : 0
55.1 msec : 0
55.2 msec : 0
55.3 msec : 0
55.4 msec : 0
55.5 msec : 0
55.6 msec : 0
55.7 msec : 0
55.8 msec : 0
55.9 msec : 0
56.0 msec : 0
56.1 msec : 0
56.2 msec : 0
56.3 msec : 0
56.4 msec : 0
56.5 msec : 0
56.6 msec : 0
56.7 msec : 0
56.8 msec : 0
56.9 msec : 0
57.0 msec : 0
57.1 msec : 0
57.2 msec : 0
57.3 msec : 0
57.4 msec : 0
57.5 msec : 0
57.6 msec : 0
57.7 msec : 0
57.8 msec : 0
57.9 msec : 0
58.0 msec : 0
58.1 msec : 0
58.2 msec : 0
58.3 msec : 0
58.4 msec : 0
58.5 msec : 0
58.6 msec : 0
58.7 msec : 0
58.8 msec : 0
58.9 msec : 0
59.0 msec : 0
59.1 msec : 0
59.2 msec : 0
59.3 msec : 0
59.4 msec : 0
59.5 msec : 0
59.6 msec : 0
59.7 msec : 0
59.8 msec : 0
59.9 msec : 0
60.0 msec : 0
60.1 msec : 0
60.2 msec : 0
60.3 msec : 0
60.4 msec : 0
60.5 msec : 0
60.6 msec : 0
60.7 msec : 0
60.8 msec : 0
60.9 msec : 0
61.0 msec : 0
61.1 msec : 0
61.2 msec : 0
61.3 msec : 0
61.4 msec : 0
61.5 msec : 0
61.6 msec : 0
61.7 msec : 0
61.8 msec : 0
61.9 msec : 0
62.0 msec : 0
62.1 msec : 0
62.2 msec : 0
62.3 msec : 0
62.4 msec : 0
62.5 msec : 0
62.6 msec : 0
62.7 msec : 0
62.8 msec : 0
62.9 msec : 0
63.0 msec : 0
63.1 msec : 0
63.2 msec : 0
63.3 msec : 0
63.4 msec : 0
63.5 msec : 0
63.6 msec : 2
63.7 msec : 1
63.8 msec : 5
63.9 msec : 1
64.0 msec : 0
64.1 msec : 0
64.2 msec : 0
64.3 msec : 0
64.4 msec : 1
64.5 msec : 0
64.6 msec : 0
64.7 msec : 1
64.8 msec : 1
64.9 msec : 2
65.0 msec : 1
65.1 msec : 2
65.2 msec : 2
65.3 msec : 1
65.4 msec : 2
65.5 msec : 4
65.6 msec : 0
65.7 msec : 1
65.8 msec : 0
65.9 msec : 2
66.0 msec : 1
66.1 msec : 1
66.2 msec : 0
66.3 msec : 0
66.4 msec : 0
66.5 msec : 0
66.6 msec : 0
66.7 msec : 0
66.8 msec : 0
66.9 msec : 0
67.0 msec : 0
67.1 msec : 0
67.2 msec : 0
67.3 msec : 0
67.4 msec : 0
67.5 msec : 0
67.6 msec : 0
67.7 msec : 0
67.8 msec : 0
67.9 msec : 0
68.0 msec : 0
68.1 msec : 0
68.2 msec : 0
68.3 msec : 0
68.4 msec : 0
68.5 msec : 0
68.6 msec : 0
68.7 msec : 0
68.8 msec : 1
68.9 msec : 0
69.0 msec : 0
69.1 msec : 0
69.2 msec : 0
69.3 msec : 0
69.4 msec : 0
69.5 msec : 0
69.6 msec : 0
69.7 msec : 0
69.8 msec : 0
69.9 msec : 0
70.0 msec : 3
70.1 msec : 4
70.2 msec : 0
70.3 msec : 0
70.4 msec : 0
70.5 msec : 0
70.6 msec : 0
70.7 msec : 0
70.8 msec : 0
70.9 msec : 0
71.0 msec : 0
71.1 msec : 0
71.2 msec : 0
71.3 msec : 0
71.4 msec : 0
71.5 msec : 0
71.6 msec : 0
71.7 msec : 0
71.8 msec : 0
71.9 msec : 0
72.0 msec : 0
72.1 msec : 0
72.2 msec : 0
72.3 msec : 0
72.4 msec : 0
72.5 msec : 0
72.6 msec : 0
72.7 msec : 0
72.8 msec : 0
72.9 msec : 0
73.0 msec : 0
73.1 msec : 0
73.2 msec : 0
73.3 msec : 0
73.4 msec : 1
73.5 msec : 1
