Middleware started...
Middleware shuts down...
Smaller resolution statistics are in a log file...
Final aggregates per worker:


Worker 13
Average throughput (ops/sec) = 476
Average response time (msec) = 1.8286847540983606
Average queue length = 2
Average wait time in queue (msec) = 0.3122439180327869
Average service time (msec) = 1.4158821639344261
Number of SET = 0
Number of GET = 476
Number of MULTI GET = 0


Worker 7
Average throughput (ops/sec) = 476
Average response time (msec) = 1.8135312622950819
Average queue length = 3
Average wait time in queue (msec) = 0.301090475409836
Average service time (msec) = 1.4094537540983607
Number of SET = 0
Number of GET = 476
Number of MULTI GET = 0


Worker 14
Average throughput (ops/sec) = 472
Average response time (msec) = 1.8146519344262295
Average queue length = 3
Average wait time in queue (msec) = 0.2939999672131148
Average service time (msec) = 1.4156054590163933
Number of SET = 0
Number of GET = 472
Number of MULTI GET = 0


Worker 6
Average throughput (ops/sec) = 472
Average response time (msec) = 1.8272759016393443
Average queue length = 1
Average wait time in queue (msec) = 0.30891281967213113
Average service time (msec) = 1.4131080327868852
Number of SET = 0
Number of GET = 472
Number of MULTI GET = 0


Worker 15
Average throughput (ops/sec) = 471
Average response time (msec) = 1.8177618032786886
Average queue length = 3
Average wait time in queue (msec) = 0.2985323114754098
Average service time (msec) = 1.4100646885245902
Number of SET = 0
Number of GET = 471
Number of MULTI GET = 0


Worker 9
Average throughput (ops/sec) = 476
Average response time (msec) = 1.81643831147541
Average queue length = 2
Average wait time in queue (msec) = 0.30525978688524585
Average service time (msec) = 1.413572098360656
Number of SET = 0
Number of GET = 476
Number of MULTI GET = 0


Worker 16
Average throughput (ops/sec) = 475
Average response time (msec) = 1.8365091147540984
Average queue length = 3
Average wait time in queue (msec) = 0.30521440983606557
Average service time (msec) = 1.4247516393442623
Number of SET = 0
Number of GET = 475
Number of MULTI GET = 0


Worker 8
Average throughput (ops/sec) = 473
Average response time (msec) = 1.8181633278688525
Average queue length = 3
Average wait time in queue (msec) = 0.30538414754098364
Average service time (msec) = 1.4029050163934427
Number of SET = 0
Number of GET = 473
Number of MULTI GET = 0


Worker 3
Average throughput (ops/sec) = 472
Average response time (msec) = 1.8335463770491802
Average queue length = 2
Average wait time in queue (msec) = 0.30947455737704915
Average service time (msec) = 1.41388
Number of SET = 0
Number of GET = 472
Number of MULTI GET = 0


Worker 10
Average throughput (ops/sec) = 473
Average response time (msec) = 1.8211756721311474
Average queue length = 4
Average wait time in queue (msec) = 0.29901311475409836
Average service time (msec) = 1.4136567540983607
Number of SET = 0
Number of GET = 473
Number of MULTI GET = 0


Worker 2
Average throughput (ops/sec) = 477
Average response time (msec) = 1.8204529180327869
Average queue length = 2
Average wait time in queue (msec) = 0.30103681967213114
Average service time (msec) = 1.4092408688524591
Number of SET = 0
Number of GET = 477
Number of MULTI GET = 0


Worker 11
Average throughput (ops/sec) = 477
Average response time (msec) = 1.815960475409836
Average queue length = 2
Average wait time in queue (msec) = 0.30830344262295084
Average service time (msec) = 1.400139737704918
Number of SET = 0
Number of GET = 477
Number of MULTI GET = 0


Worker 5
Average throughput (ops/sec) = 473
Average response time (msec) = 1.8282396885245902
Average queue length = 3
Average wait time in queue (msec) = 0.3006700655737705
Average service time (msec) = 1.4151685901639346
Number of SET = 0
Number of GET = 473
Number of MULTI GET = 0


Worker 12
Average throughput (ops/sec) = 474
Average response time (msec) = 1.806355049180328
Average queue length = 3
Average wait time in queue (msec) = 0.2999610819672131
Average service time (msec) = 1.403685836065574
Number of SET = 0
Number of GET = 474
Number of MULTI GET = 0


Worker 4
Average throughput (ops/sec) = 473
Average response time (msec) = 1.8248348032786885
Average queue length = 2
Average wait time in queue (msec) = 0.29858881967213113
Average service time (msec) = 1.4207090983606558
Number of SET = 0
Number of GET = 473
Number of MULTI GET = 0


Worker 1
Average throughput (ops/sec) = 473
Average response time (msec) = 1.8206346229508197
Average queue length = 2
Average wait time in queue (msec) = 0.30539511475409836
Average service time (msec) = 1.415045655737705
Number of SET = 0
Number of GET = 473
Number of MULTI GET = 0


FINAL STATS
Average throughput (ops/sec) = 7583
Average response time (msec) = 1.785707046857424
Average queue length = 2
Average wait time in queue (msec) = 0.30331755327868853
Average service time (msec) = 1.412304337090164
Number of SET = 0
Number of GET = 7583
Number of MULTI GET = 0
Number of Cache misses = 7109


Histogram response times (0.1 msec step)
0.0 msec : 1353
0.1 msec : 18867
0.2 msec : 48326
0.3 msec : 64744
0.4 msec : 63088
0.5 msec : 52162
0.6 msec : 40787
0.7 msec : 30533
0.8 msec : 21254
0.9 msec : 14545
1.0 msec : 10888
1.1 msec : 8185
1.2 msec : 6507
1.3 msec : 4806
1.4 msec : 3675
1.5 msec : 3104
1.6 msec : 2346
1.7 msec : 1768
1.8 msec : 1425
1.9 msec : 1160
2.0 msec : 1002
2.1 msec : 808
2.2 msec : 784
2.3 msec : 640
2.4 msec : 625
2.5 msec : 514
2.6 msec : 496
2.7 msec : 477
2.8 msec : 439
2.9 msec : 386
3.0 msec : 390
3.1 msec : 322
3.2 msec : 292
3.3 msec : 278
3.4 msec : 313
3.5 msec : 267
3.6 msec : 214
3.7 msec : 204
3.8 msec : 169
3.9 msec : 178
4.0 msec : 192
4.1 msec : 182
4.2 msec : 214
4.3 msec : 208
4.4 msec : 184
4.5 msec : 196
4.6 msec : 210
4.7 msec : 216
4.8 msec : 196
4.9 msec : 150
5.0 msec : 202
5.1 msec : 237
5.2 msec : 329
5.3 msec : 821
5.4 msec : 2257
5.5 msec : 3378
5.6 msec : 3774
5.7 msec : 4101
5.8 msec : 4716
5.9 msec : 4798
6.0 msec : 4429
6.1 msec : 4097
6.2 msec : 3299
6.3 msec : 2694
6.4 msec : 2138
6.5 msec : 1799
6.6 msec : 1440
6.7 msec : 1186
6.8 msec : 889
6.9 msec : 743
7.0 msec : 570
7.1 msec : 465
7.2 msec : 405
7.3 msec : 325
7.4 msec : 251
7.5 msec : 197
7.6 msec : 167
7.7 msec : 140
7.8 msec : 111
7.9 msec : 102
8.0 msec : 109
8.1 msec : 95
8.2 msec : 94
8.3 msec : 67
8.4 msec : 75
8.5 msec : 91
8.6 msec : 69
8.7 msec : 68
8.8 msec : 57
8.9 msec : 54
9.0 msec : 70
9.1 msec : 64
9.2 msec : 67
9.3 msec : 80
9.4 msec : 98
9.5 msec : 69
9.6 msec : 79
9.7 msec : 52
9.8 msec : 71
9.9 msec : 54
10.0 msec : 50
10.1 msec : 48
10.2 msec : 38
10.3 msec : 32
10.4 msec : 37
10.5 msec : 38
10.6 msec : 38
10.7 msec : 19
10.8 msec : 35
10.9 msec : 26
11.0 msec : 21
11.1 msec : 19
11.2 msec : 25
11.3 msec : 20
11.4 msec : 24
11.5 msec : 21
11.6 msec : 19
11.7 msec : 23
11.8 msec : 15
11.9 msec : 16
12.0 msec : 8
12.1 msec : 22
12.2 msec : 11
12.3 msec : 13
12.4 msec : 7
12.5 msec : 5
12.6 msec : 2
12.7 msec : 5
12.8 msec : 9
12.9 msec : 4
13.0 msec : 3
13.1 msec : 7
13.2 msec : 1
13.3 msec : 1
13.4 msec : 2
13.5 msec : 3
13.6 msec : 2
13.7 msec : 1
13.8 msec : 0
13.9 msec : 2
14.0 msec : 1
14.1 msec : 0
14.2 msec : 2
14.3 msec : 1
14.4 msec : 0
14.5 msec : 2
14.6 msec : 4
14.7 msec : 5
14.8 msec : 7
14.9 msec : 3
15.0 msec : 6
15.1 msec : 8
15.2 msec : 14
15.3 msec : 11
15.4 msec : 11
15.5 msec : 11
15.6 msec : 18
15.7 msec : 22
15.8 msec : 20
15.9 msec : 9
16.0 msec : 20
16.1 msec : 34
16.2 msec : 25
16.3 msec : 8
16.4 msec : 8
16.5 msec : 13
16.6 msec : 2
16.7 msec : 6
16.8 msec : 8
16.9 msec : 7
17.0 msec : 11
17.1 msec : 8
17.2 msec : 6
17.3 msec : 5
17.4 msec : 5
17.5 msec : 3
17.6 msec : 9
17.7 msec : 4
17.8 msec : 3
17.9 msec : 2
18.0 msec : 1
18.1 msec : 2
18.2 msec : 3
18.3 msec : 4
18.4 msec : 0
18.5 msec : 3
18.6 msec : 3
18.7 msec : 11
18.8 msec : 2
18.9 msec : 6
19.0 msec : 1
19.1 msec : 2
19.2 msec : 4
19.3 msec : 0
19.4 msec : 1
19.5 msec : 0
19.6 msec : 2
19.7 msec : 1
19.8 msec : 2
19.9 msec : 2
20.0 msec : 7
20.1 msec : 2
20.2 msec : 5
20.3 msec : 4
20.4 msec : 5
20.5 msec : 7
20.6 msec : 3
20.7 msec : 6
20.8 msec : 5
20.9 msec : 5
21.0 msec : 2
21.1 msec : 0
21.2 msec : 3
21.3 msec : 3
21.4 msec : 2
21.5 msec : 1
21.6 msec : 0
21.7 msec : 0
21.8 msec : 2
21.9 msec : 0
22.0 msec : 0
22.1 msec : 2
22.2 msec : 5
22.3 msec : 2
22.4 msec : 4
22.5 msec : 2
22.6 msec : 2
22.7 msec : 4
22.8 msec : 2
22.9 msec : 0
23.0 msec : 10
23.1 msec : 3
23.2 msec : 3
23.3 msec : 7
23.4 msec : 5
23.5 msec : 0
23.6 msec : 6
23.7 msec : 2
23.8 msec : 3
23.9 msec : 3
24.0 msec : 0
24.1 msec : 0
24.2 msec : 1
24.3 msec : 0
24.4 msec : 1
24.5 msec : 0
24.6 msec : 0
24.7 msec : 2
24.8 msec : 1
24.9 msec : 5
25.0 msec : 1
25.1 msec : 3
25.2 msec : 4
25.3 msec : 6
25.4 msec : 5
25.5 msec : 1
25.6 msec : 3
25.7 msec : 11
25.8 msec : 15
25.9 msec : 10
26.0 msec : 5
26.1 msec : 2
26.2 msec : 4
26.3 msec : 0
26.4 msec : 2
26.5 msec : 0
26.6 msec : 1
26.7 msec : 5
26.8 msec : 4
26.9 msec : 2
27.0 msec : 2
27.1 msec : 1
27.2 msec : 1
27.3 msec : 0
27.4 msec : 2
27.5 msec : 0
27.6 msec : 0
27.7 msec : 0
27.8 msec : 0
27.9 msec : 0
28.0 msec : 0
28.1 msec : 0
28.2 msec : 0
28.3 msec : 0
28.4 msec : 0
28.5 msec : 0
28.6 msec : 0
28.7 msec : 0
28.8 msec : 0
28.9 msec : 0
29.0 msec : 0
29.1 msec : 0
29.2 msec : 0
29.3 msec : 0
29.4 msec : 0
29.5 msec : 0
29.6 msec : 1
29.7 msec : 0
29.8 msec : 1
29.9 msec : 0
30.0 msec : 0
30.1 msec : 0
30.2 msec : 0
30.3 msec : 0
30.4 msec : 0
30.5 msec : 0
30.6 msec : 0
30.7 msec : 0
30.8 msec : 0
30.9 msec : 0
31.0 msec : 0
31.1 msec : 0
31.2 msec : 0
31.3 msec : 0
31.4 msec : 1
31.5 msec : 0
31.6 msec : 1
31.7 msec : 0
31.8 msec : 0
31.9 msec : 0
32.0 msec : 0
32.1 msec : 0
32.2 msec : 0
32.3 msec : 0
32.4 msec : 1
32.5 msec : 0
32.6 msec : 0
32.7 msec : 0
32.8 msec : 0
32.9 msec : 0
33.0 msec : 0
33.1 msec : 0
33.2 msec : 0
33.3 msec : 2
33.4 msec : 1
33.5 msec : 1
33.6 msec : 0
33.7 msec : 0
33.8 msec : 0
33.9 msec : 0
34.0 msec : 1
34.1 msec : 0
34.2 msec : 0
34.3 msec : 0
34.4 msec : 1
34.5 msec : 3
34.6 msec : 1
34.7 msec : 2
34.8 msec : 1
34.9 msec : 0
35.0 msec : 0
35.1 msec : 0
35.2 msec : 0
35.3 msec : 0
35.4 msec : 0
35.5 msec : 0
35.6 msec : 0
35.7 msec : 0
35.8 msec : 0
35.9 msec : 0
36.0 msec : 0
36.1 msec : 0
36.2 msec : 0
36.3 msec : 0
36.4 msec : 0
36.5 msec : 0
36.6 msec : 0
36.7 msec : 0
36.8 msec : 0
36.9 msec : 0
37.0 msec : 0
37.1 msec : 0
37.2 msec : 0
37.3 msec : 0
37.4 msec : 0
37.5 msec : 0
37.6 msec : 0
37.7 msec : 0
37.8 msec : 0
37.9 msec : 0
38.0 msec : 0
38.1 msec : 0
38.2 msec : 0
38.3 msec : 0
38.4 msec : 0
38.5 msec : 0
38.6 msec : 0
38.7 msec : 0
38.8 msec : 0
38.9 msec : 0
39.0 msec : 0
39.1 msec : 2
39.2 msec : 0
39.3 msec : 0
39.4 msec : 0
39.5 msec : 0
39.6 msec : 0
39.7 msec : 0
39.8 msec : 0
39.9 msec : 0
40.0 msec : 0
40.1 msec : 0
40.2 msec : 0
40.3 msec : 0
40.4 msec : 0
40.5 msec : 0
40.6 msec : 0
40.7 msec : 0
40.8 msec : 0
40.9 msec : 0
41.0 msec : 0
41.1 msec : 0
41.2 msec : 0
41.3 msec : 0
41.4 msec : 0
41.5 msec : 0
41.6 msec : 0
41.7 msec : 0
41.8 msec : 0
41.9 msec : 0
42.0 msec : 0
42.1 msec : 0
42.2 msec : 0
42.3 msec : 0
42.4 msec : 0
42.5 msec : 0
42.6 msec : 0
42.7 msec : 0
42.8 msec : 0
42.9 msec : 0
43.0 msec : 0
43.1 msec : 0
43.2 msec : 0
43.3 msec : 0
43.4 msec : 0
43.5 msec : 0
43.6 msec : 0
43.7 msec : 0
43.8 msec : 0
43.9 msec : 0
44.0 msec : 0
44.1 msec : 0
44.2 msec : 0
44.3 msec : 0
44.4 msec : 0
44.5 msec : 0
44.6 msec : 0
44.7 msec : 0
44.8 msec : 0
44.9 msec : 0
45.0 msec : 0
45.1 msec : 0
45.2 msec : 0
45.3 msec : 0
45.4 msec : 0
45.5 msec : 0
45.6 msec : 0
45.7 msec : 0
45.8 msec : 0
45.9 msec : 0
46.0 msec : 0
46.1 msec : 0
46.2 msec : 0
46.3 msec : 0
46.4 msec : 0
46.5 msec : 0
46.6 msec : 0
46.7 msec : 0
46.8 msec : 0
46.9 msec : 0
47.0 msec : 0
47.1 msec : 0
47.2 msec : 0
47.3 msec : 0
47.4 msec : 0
47.5 msec : 0
47.6 msec : 0
47.7 msec : 0
47.8 msec : 0
47.9 msec : 0
48.0 msec : 0
48.1 msec : 0
48.2 msec : 2
48.3 msec : 0
48.4 msec : 0
48.5 msec : 0
48.6 msec : 0
48.7 msec : 0
48.8 msec : 0
48.9 msec : 0
49.0 msec : 0
49.1 msec : 0
49.2 msec : 0
49.3 msec : 0
49.4 msec : 0
49.5 msec : 0
49.6 msec : 0
49.7 msec : 0
49.8 msec : 0
49.9 msec : 0
50.0 msec : 0
50.1 msec : 0
50.2 msec : 0
50.3 msec : 0
50.4 msec : 0
50.5 msec : 0
50.6 msec : 0
50.7 msec : 0
50.8 msec : 0
50.9 msec : 0
51.0 msec : 0
51.1 msec : 0
51.2 msec : 0
51.3 msec : 0
51.4 msec : 0
51.5 msec : 0
51.6 msec : 0
51.7 msec : 0
51.8 msec : 0
51.9 msec : 0
52.0 msec : 0
52.1 msec : 0
52.2 msec : 0
52.3 msec : 1
52.4 msec : 1
52.5 msec : 1
52.6 msec : 0
52.7 msec : 0
52.8 msec : 0
52.9 msec : 0
53.0 msec : 0
53.1 msec : 0
53.2 msec : 0
53.3 msec : 3
53.4 msec : 3
53.5 msec : 0
53.6 msec : 0
53.7 msec : 0
53.8 msec : 0
53.9 msec : 0
54.0 msec : 0
54.1 msec : 0
54.2 msec : 0
54.3 msec : 0
54.4 msec : 1
54.5 msec : 0
54.6 msec : 2
54.7 msec : 6
54.8 msec : 1
54.9 msec : 0
55.0 msec : 0
55.1 msec : 0
55.2 msec : 0
55.3 msec : 0
55.4 msec : 0
55.5 msec : 0
55.6 msec : 0
55.7 msec : 0
55.8 msec : 0
55.9 msec : 0
56.0 msec : 0
56.1 msec : 0
56.2 msec : 0
56.3 msec : 0
56.4 msec : 0
56.5 msec : 0
56.6 msec : 0
56.7 msec : 0
56.8 msec : 0
56.9 msec : 0
57.0 msec : 0
57.1 msec : 0
57.2 msec : 0
57.3 msec : 0
57.4 msec : 0
57.5 msec : 1
57.6 msec : 0
57.7 msec : 0
57.8 msec : 0
57.9 msec : 0
58.0 msec : 0
58.1 msec : 0
58.2 msec : 0
58.3 msec : 0
58.4 msec : 0
58.5 msec : 0
58.6 msec : 0
58.7 msec : 0
58.8 msec : 0
58.9 msec : 0
59.0 msec : 0
59.1 msec : 1
59.2 msec : 1
59.3 msec : 0
59.4 msec : 0
59.5 msec : 0
59.6 msec : 0
59.7 msec : 0
59.8 msec : 0
59.9 msec : 1
60.0 msec : 0
60.1 msec : 0
60.2 msec : 0
60.3 msec : 0
60.4 msec : 0
60.5 msec : 0
60.6 msec : 0
60.7 msec : 0
60.8 msec : 0
60.9 msec : 0
61.0 msec : 0
61.1 msec : 0
61.2 msec : 0
61.3 msec : 0
61.4 msec : 0
61.5 msec : 0
61.6 msec : 0
61.7 msec : 0
61.8 msec : 0
61.9 msec : 0
62.0 msec : 0
62.1 msec : 0
62.2 msec : 0
62.3 msec : 0
62.4 msec : 0
62.5 msec : 3
62.6 msec : 1
62.7 msec : 0
62.8 msec : 0
62.9 msec : 0
63.0 msec : 0
63.1 msec : 3
63.2 msec : 3
63.3 msec : 0
63.4 msec : 0
63.5 msec : 0
63.6 msec : 0
63.7 msec : 0
63.8 msec : 0
63.9 msec : 0
64.0 msec : 0
64.1 msec : 0
64.2 msec : 0
64.3 msec : 0
64.4 msec : 0
64.5 msec : 0
64.6 msec : 0
64.7 msec : 0
64.8 msec : 0
64.9 msec : 0
65.0 msec : 0
65.1 msec : 0
65.2 msec : 0
65.3 msec : 0
65.4 msec : 0
65.5 msec : 0
65.6 msec : 0
65.7 msec : 0
65.8 msec : 0
65.9 msec : 0
66.0 msec : 0
66.1 msec : 0
66.2 msec : 0
66.3 msec : 0
66.4 msec : 0
66.5 msec : 0
66.6 msec : 0
66.7 msec : 0
66.8 msec : 0
66.9 msec : 0
67.0 msec : 0
67.1 msec : 0
67.2 msec : 0
67.3 msec : 0
67.4 msec : 0
67.5 msec : 0
67.6 msec : 1
67.7 msec : 0
67.8 msec : 1
67.9 msec : 0
68.0 msec : 0
68.1 msec : 0
68.2 msec : 0
68.3 msec : 0
68.4 msec : 0
68.5 msec : 0
68.6 msec : 0
68.7 msec : 0
68.8 msec : 0
68.9 msec : 0
69.0 msec : 0
69.1 msec : 0
69.2 msec : 0
69.3 msec : 0
69.4 msec : 0
69.5 msec : 0
69.6 msec : 0
69.7 msec : 0
69.8 msec : 0
69.9 msec : 0
70.0 msec : 0
70.1 msec : 0
70.2 msec : 0
70.3 msec : 0
70.4 msec : 0
70.5 msec : 0
70.6 msec : 0
70.7 msec : 0
70.8 msec : 0
70.9 msec : 0
71.0 msec : 0
71.1 msec : 0
71.2 msec : 0
71.3 msec : 1
71.4 msec : 1
71.5 msec : 0
71.6 msec : 0
71.7 msec : 0
71.8 msec : 0
71.9 msec : 0
72.0 msec : 0
72.1 msec : 0
72.2 msec : 0
72.3 msec : 0
72.4 msec : 0
72.5 msec : 0
72.6 msec : 0
72.7 msec : 0
72.8 msec : 0
72.9 msec : 0
73.0 msec : 0
73.1 msec : 0
73.2 msec : 0
73.3 msec : 0
73.4 msec : 0
73.5 msec : 0
73.6 msec : 0
73.7 msec : 0
73.8 msec : 0
73.9 msec : 0
74.0 msec : 0
74.1 msec : 0
74.2 msec : 0
74.3 msec : 0
74.4 msec : 0
74.5 msec : 0
74.6 msec : 0
74.7 msec : 0
74.8 msec : 0
74.9 msec : 0
75.0 msec : 0
75.1 msec : 0
75.2 msec : 0
75.3 msec : 0
75.4 msec : 0
75.5 msec : 0
75.6 msec : 0
75.7 msec : 0
75.8 msec : 0
75.9 msec : 0
76.0 msec : 0
76.1 msec : 0
76.2 msec : 0
76.3 msec : 0
76.4 msec : 0
76.5 msec : 0
76.6 msec : 0
76.7 msec : 0
76.8 msec : 0
76.9 msec : 0
77.0 msec : 0
77.1 msec : 0
77.2 msec : 0
77.3 msec : 0
77.4 msec : 0
77.5 msec : 0
77.6 msec : 0
77.7 msec : 0
77.8 msec : 1
77.9 msec : 0
78.0 msec : 0
78.1 msec : 0
78.2 msec : 0
78.3 msec : 0
78.4 msec : 0
78.5 msec : 0
78.6 msec : 0
78.7 msec : 0
78.8 msec : 0
78.9 msec : 0
79.0 msec : 0
79.1 msec : 0
79.2 msec : 0
79.3 msec : 0
79.4 msec : 0
79.5 msec : 0
79.6 msec : 0
79.7 msec : 0
79.8 msec : 0
79.9 msec : 0
80.0 msec : 0
80.1 msec : 0
80.2 msec : 0
80.3 msec : 0
80.4 msec : 0
80.5 msec : 0
80.6 msec : 0
80.7 msec : 0
80.8 msec : 0
80.9 msec : 0
81.0 msec : 0
81.1 msec : 0
81.2 msec : 0
81.3 msec : 0
81.4 msec : 0
81.5 msec : 0
81.6 msec : 0
81.7 msec : 0
81.8 msec : 0
81.9 msec : 0
82.0 msec : 0
82.1 msec : 0
82.2 msec : 0
82.3 msec : 0
82.4 msec : 0
82.5 msec : 0
82.6 msec : 0
82.7 msec : 0
82.8 msec : 0
82.9 msec : 0
83.0 msec : 0
83.1 msec : 0
83.2 msec : 0
83.3 msec : 0
83.4 msec : 0
83.5 msec : 0
83.6 msec : 0
83.7 msec : 0
83.8 msec : 0
83.9 msec : 0
84.0 msec : 0
84.1 msec : 0
84.2 msec : 0
84.3 msec : 0
84.4 msec : 0
84.5 msec : 0
84.6 msec : 0
84.7 msec : 0
84.8 msec : 0
84.9 msec : 0
85.0 msec : 0
85.1 msec : 0
85.2 msec : 0
85.3 msec : 0
85.4 msec : 0
85.5 msec : 0
85.6 msec : 0
85.7 msec : 0
85.8 msec : 0
85.9 msec : 0
86.0 msec : 0
86.1 msec : 0
86.2 msec : 0
86.3 msec : 0
86.4 msec : 0
86.5 msec : 0
86.6 msec : 0
86.7 msec : 0
86.8 msec : 0
86.9 msec : 0
87.0 msec : 0
87.1 msec : 0
87.2 msec : 0
87.3 msec : 0
87.4 msec : 0
87.5 msec : 0
87.6 msec : 0
87.7 msec : 0
87.8 msec : 0
87.9 msec : 0
88.0 msec : 0
88.1 msec : 0
88.2 msec : 0
88.3 msec : 0
88.4 msec : 0
88.5 msec : 0
88.6 msec : 1
88.7 msec : 0
88.8 msec : 0
88.9 msec : 0
89.0 msec : 0
89.1 msec : 0
89.2 msec : 0
89.3 msec : 0
89.4 msec : 0
89.5 msec : 0
89.6 msec : 0
89.7 msec : 0
89.8 msec : 0
89.9 msec : 0
90.0 msec : 0
90.1 msec : 0
90.2 msec : 0
90.3 msec : 0
90.4 msec : 0
90.5 msec : 0
90.6 msec : 0
90.7 msec : 0
90.8 msec : 0
90.9 msec : 0
91.0 msec : 0
91.1 msec : 0
91.2 msec : 0
91.3 msec : 0
91.4 msec : 0
91.5 msec : 0
91.6 msec : 0
91.7 msec : 0
91.8 msec : 0
91.9 msec : 0
92.0 msec : 0
92.1 msec : 0
92.2 msec : 0
92.3 msec : 0
92.4 msec : 0
92.5 msec : 0
92.6 msec : 0
92.7 msec : 0
92.8 msec : 0
92.9 msec : 0
93.0 msec : 0
93.1 msec : 0
93.2 msec : 0
93.3 msec : 0
93.4 msec : 0
93.5 msec : 0
93.6 msec : 0
93.7 msec : 0
93.8 msec : 0
93.9 msec : 0
94.0 msec : 0
94.1 msec : 0
94.2 msec : 0
94.3 msec : 0
94.4 msec : 0
94.5 msec : 0
94.6 msec : 0
94.7 msec : 0
94.8 msec : 0
94.9 msec : 0
95.0 msec : 0
95.1 msec : 0
95.2 msec : 0
95.3 msec : 0
95.4 msec : 0
95.5 msec : 0
95.6 msec : 0
95.7 msec : 0
95.8 msec : 0
95.9 msec : 0
96.0 msec : 0
96.1 msec : 0
96.2 msec : 0
96.3 msec : 0
96.4 msec : 0
96.5 msec : 0
96.6 msec : 0
96.7 msec : 0
96.8 msec : 0
96.9 msec : 0
97.0 msec : 0
97.1 msec : 0
97.2 msec : 0
97.3 msec : 0
97.4 msec : 0
97.5 msec : 0
97.6 msec : 0
97.7 msec : 0
97.8 msec : 0
97.9 msec : 0
98.0 msec : 0
98.1 msec : 0
98.2 msec : 0
98.3 msec : 0
98.4 msec : 0
98.5 msec : 0
98.6 msec : 0
98.7 msec : 0
98.8 msec : 0
98.9 msec : 0
99.0 msec : 0
99.1 msec : 0
99.2 msec : 0
99.3 msec : 0
99.4 msec : 0
99.5 msec : 0
99.6 msec : 0
99.7 msec : 0
99.8 msec : 0
99.9 msec : 0
100.0 msec : 0
100.1 msec : 0
100.2 msec : 0
100.3 msec : 0
100.4 msec : 0
100.5 msec : 0
100.6 msec : 0
100.7 msec : 0
100.8 msec : 0
100.9 msec : 0
101.0 msec : 0
101.1 msec : 0
101.2 msec : 0
101.3 msec : 0
101.4 msec : 0
101.5 msec : 0
101.6 msec : 0
101.7 msec : 0
101.8 msec : 0
101.9 msec : 0
102.0 msec : 0
102.1 msec : 0
102.2 msec : 0
102.3 msec : 0
102.4 msec : 0
102.5 msec : 0
102.6 msec : 0
102.7 msec : 0
102.8 msec : 0
102.9 msec : 0
103.0 msec : 0
103.1 msec : 0
103.2 msec : 0
103.3 msec : 0
103.4 msec : 0
103.5 msec : 2
103.6 msec : 3
