Middleware started...
Middleware shuts down...
Smaller resolution statistics are in a log file...
Final aggregates per worker:


Worker 7
Average throughput (ops/sec) = 702
Average response time (msec) = 3.0234816721311475
Average queue length = 10
Average wait time in queue (msec) = 1.8649446393442621
Average service time (msec) = 1.080264426229508
Number of SET = 0
Number of GET = 702
Number of MULTI GET = 0


Worker 6
Average throughput (ops/sec) = 702
Average response time (msec) = 3.017039295081967
Average queue length = 10
Average wait time in queue (msec) = 1.8594101311475408
Average service time (msec) = 1.0769438524590165
Number of SET = 0
Number of GET = 702
Number of MULTI GET = 0


Worker 8
Average throughput (ops/sec) = 702
Average response time (msec) = 3.0290851475409837
Average queue length = 10
Average wait time in queue (msec) = 1.8678445081967212
Average service time (msec) = 1.0844363934426229
Number of SET = 0
Number of GET = 702
Number of MULTI GET = 0


Worker 3
Average throughput (ops/sec) = 703
Average response time (msec) = 3.01733337704918
Average queue length = 10
Average wait time in queue (msec) = 1.8659567049180328
Average service time (msec) = 1.0738490819672133
Number of SET = 0
Number of GET = 703
Number of MULTI GET = 0


Worker 2
Average throughput (ops/sec) = 702
Average response time (msec) = 3.0211128852459015
Average queue length = 11
Average wait time in queue (msec) = 1.8602500819672132
Average service time (msec) = 1.082586262295082
Number of SET = 0
Number of GET = 702
Number of MULTI GET = 0


Worker 5
Average throughput (ops/sec) = 698
Average response time (msec) = 3.0089649836065573
Average queue length = 10
Average wait time in queue (msec) = 1.8438359672131148
Average service time (msec) = 1.0813494098360654
Number of SET = 0
Number of GET = 698
Number of MULTI GET = 0


Worker 4
Average throughput (ops/sec) = 703
Average response time (msec) = 3.03227437704918
Average queue length = 11
Average wait time in queue (msec) = 1.876489836065574
Average service time (msec) = 1.0773178032786885
Number of SET = 0
Number of GET = 703
Number of MULTI GET = 0


Worker 1
Average throughput (ops/sec) = 701
Average response time (msec) = 3.012743147540984
Average queue length = 11
Average wait time in queue (msec) = 1.8523347704918034
Average service time (msec) = 1.0823432295081967
Number of SET = 0
Number of GET = 701
Number of MULTI GET = 0


FINAL STATS
Average throughput (ops/sec) = 5613
Average response time (msec) = 2.9867340576496675
Average queue length = 10
Average wait time in queue (msec) = 1.8613833299180327
Average service time (msec) = 1.0798863073770493
Number of SET = 0
Number of GET = 5613
Number of MULTI GET = 0
Number of Cache misses = 195621


Histogram response times (0.1 msec step)
0.0 msec : 126
0.1 msec : 1271
0.2 msec : 3150
0.3 msec : 4117
0.4 msec : 4157
0.5 msec : 4258
0.6 msec : 3614
0.7 msec : 3126
0.8 msec : 3301
0.9 msec : 4229
1.0 msec : 6052
1.1 msec : 8068
1.2 msec : 10860
1.3 msec : 13870
1.4 msec : 16644
1.5 msec : 18449
1.6 msec : 19034
1.7 msec : 19351
1.8 msec : 19312
1.9 msec : 17810
2.0 msec : 16610
2.1 msec : 14964
2.2 msec : 13561
2.3 msec : 11989
2.4 msec : 10314
2.5 msec : 9144
2.6 msec : 7768
2.7 msec : 6707
2.8 msec : 5652
2.9 msec : 4450
3.0 msec : 3941
3.1 msec : 3135
3.2 msec : 2698
3.3 msec : 2306
3.4 msec : 2041
3.5 msec : 1836
3.6 msec : 1529
3.7 msec : 1338
3.8 msec : 1102
3.9 msec : 1021
4.0 msec : 835
4.1 msec : 719
4.2 msec : 604
4.3 msec : 647
4.4 msec : 632
4.5 msec : 562
4.6 msec : 474
4.7 msec : 432
4.8 msec : 397
4.9 msec : 455
5.0 msec : 409
5.1 msec : 364
5.2 msec : 294
5.3 msec : 319
5.4 msec : 290
5.5 msec : 260
5.6 msec : 313
5.7 msec : 244
5.8 msec : 250
5.9 msec : 230
6.0 msec : 299
6.1 msec : 284
6.2 msec : 347
6.3 msec : 436
6.4 msec : 493
6.5 msec : 666
6.6 msec : 826
6.7 msec : 961
6.8 msec : 1227
6.9 msec : 1479
7.0 msec : 1811
7.1 msec : 1877
7.2 msec : 2087
7.3 msec : 2030
7.4 msec : 1932
7.5 msec : 1810
7.6 msec : 1552
7.7 msec : 1438
7.8 msec : 1201
7.9 msec : 923
8.0 msec : 824
8.1 msec : 680
8.2 msec : 581
8.3 msec : 555
8.4 msec : 468
8.5 msec : 379
8.6 msec : 343
8.7 msec : 265
8.8 msec : 226
8.9 msec : 210
9.0 msec : 167
9.1 msec : 113
9.2 msec : 120
9.3 msec : 102
9.4 msec : 105
9.5 msec : 116
9.6 msec : 80
9.7 msec : 72
9.8 msec : 73
9.9 msec : 89
10.0 msec : 73
10.1 msec : 69
10.2 msec : 69
10.3 msec : 71
10.4 msec : 51
10.5 msec : 41
10.6 msec : 58
10.7 msec : 56
10.8 msec : 59
10.9 msec : 44
11.0 msec : 53
11.1 msec : 48
11.2 msec : 37
11.3 msec : 41
11.4 msec : 29
11.5 msec : 36
11.6 msec : 29
11.7 msec : 31
11.8 msec : 26
11.9 msec : 14
12.0 msec : 29
12.1 msec : 32
12.2 msec : 20
12.3 msec : 15
12.4 msec : 20
12.5 msec : 6
12.6 msec : 9
12.7 msec : 19
12.8 msec : 24
12.9 msec : 25
13.0 msec : 19
13.1 msec : 4
13.2 msec : 9
13.3 msec : 9
13.4 msec : 13
13.5 msec : 12
13.6 msec : 18
13.7 msec : 23
13.8 msec : 11
13.9 msec : 14
14.0 msec : 7
14.1 msec : 8
14.2 msec : 10
14.3 msec : 28
14.4 msec : 9
14.5 msec : 9
14.6 msec : 3
14.7 msec : 2
14.8 msec : 5
14.9 msec : 1
15.0 msec : 7
15.1 msec : 5
15.2 msec : 7
15.3 msec : 1
15.4 msec : 1
15.5 msec : 2
15.6 msec : 1
15.7 msec : 3
15.8 msec : 5
15.9 msec : 5
16.0 msec : 7
16.1 msec : 7
16.2 msec : 8
16.3 msec : 6
16.4 msec : 7
16.5 msec : 4
16.6 msec : 13
16.7 msec : 5
16.8 msec : 5
16.9 msec : 15
17.0 msec : 8
17.1 msec : 5
17.2 msec : 11
17.3 msec : 9
17.4 msec : 11
17.5 msec : 3
17.6 msec : 5
17.7 msec : 3
17.8 msec : 3
17.9 msec : 7
18.0 msec : 1
18.1 msec : 2
18.2 msec : 5
18.3 msec : 2
18.4 msec : 2
18.5 msec : 3
18.6 msec : 6
18.7 msec : 3
18.8 msec : 7
18.9 msec : 6
19.0 msec : 4
19.1 msec : 3
19.2 msec : 1
19.3 msec : 3
19.4 msec : 8
19.5 msec : 10
19.6 msec : 5
19.7 msec : 6
19.8 msec : 0
19.9 msec : 1
20.0 msec : 0
20.1 msec : 0
20.2 msec : 2
20.3 msec : 0
20.4 msec : 0
20.5 msec : 1
20.6 msec : 1
20.7 msec : 4
20.8 msec : 6
20.9 msec : 1
21.0 msec : 0
21.1 msec : 1
21.2 msec : 0
21.3 msec : 0
21.4 msec : 1
21.5 msec : 0
21.6 msec : 0
21.7 msec : 1
21.8 msec : 1
21.9 msec : 0
22.0 msec : 1
22.1 msec : 4
22.2 msec : 1
22.3 msec : 0
22.4 msec : 0
22.5 msec : 0
22.6 msec : 0
22.7 msec : 0
22.8 msec : 0
22.9 msec : 2
23.0 msec : 0
23.1 msec : 0
23.2 msec : 0
23.3 msec : 0
23.4 msec : 0
23.5 msec : 0
23.6 msec : 1
23.7 msec : 0
23.8 msec : 0
23.9 msec : 0
24.0 msec : 0
24.1 msec : 1
24.2 msec : 0
24.3 msec : 0
24.4 msec : 0
24.5 msec : 0
24.6 msec : 2
24.7 msec : 5
24.8 msec : 0
24.9 msec : 1
25.0 msec : 2
25.1 msec : 5
25.2 msec : 6
25.3 msec : 6
25.4 msec : 2
25.5 msec : 1
25.6 msec : 3
25.7 msec : 6
25.8 msec : 6
25.9 msec : 2
26.0 msec : 4
26.1 msec : 5
26.2 msec : 5
26.3 msec : 2
26.4 msec : 6
26.5 msec : 1
26.6 msec : 0
26.7 msec : 0
26.8 msec : 1
26.9 msec : 0
27.0 msec : 0
27.1 msec : 5
27.2 msec : 2
27.3 msec : 1
27.4 msec : 0
27.5 msec : 1
27.6 msec : 3
27.7 msec : 0
27.8 msec : 3
27.9 msec : 1
28.0 msec : 3
28.1 msec : 4
28.2 msec : 2
28.3 msec : 0
28.4 msec : 1
28.5 msec : 2
28.6 msec : 4
28.7 msec : 1
28.8 msec : 5
28.9 msec : 6
29.0 msec : 3
29.1 msec : 2
29.2 msec : 4
29.3 msec : 0
29.4 msec : 1
29.5 msec : 1
29.6 msec : 0
29.7 msec : 1
29.8 msec : 1
29.9 msec : 0
30.0 msec : 0
30.1 msec : 0
30.2 msec : 0
30.3 msec : 0
30.4 msec : 1
30.5 msec : 0
30.6 msec : 1
30.7 msec : 2
30.8 msec : 0
30.9 msec : 2
31.0 msec : 3
31.1 msec : 4
31.2 msec : 5
31.3 msec : 1
31.4 msec : 1
31.5 msec : 1
31.6 msec : 1
31.7 msec : 0
31.8 msec : 0
31.9 msec : 0
32.0 msec : 2
32.1 msec : 0
32.2 msec : 0
32.3 msec : 1
32.4 msec : 0
32.5 msec : 1
32.6 msec : 0
32.7 msec : 0
32.8 msec : 0
32.9 msec : 0
33.0 msec : 0
33.1 msec : 0
33.2 msec : 0
33.3 msec : 0
33.4 msec : 0
33.5 msec : 0
33.6 msec : 0
33.7 msec : 0
33.8 msec : 0
33.9 msec : 0
34.0 msec : 0
34.1 msec : 0
34.2 msec : 0
34.3 msec : 0
34.4 msec : 0
34.5 msec : 0
34.6 msec : 0
34.7 msec : 0
34.8 msec : 2
34.9 msec : 1
35.0 msec : 1
35.1 msec : 0
35.2 msec : 0
35.3 msec : 0
35.4 msec : 0
35.5 msec : 0
35.6 msec : 0
35.7 msec : 0
35.8 msec : 0
35.9 msec : 0
36.0 msec : 0
36.1 msec : 0
36.2 msec : 0
36.3 msec : 0
36.4 msec : 0
36.5 msec : 0
36.6 msec : 0
36.7 msec : 0
36.8 msec : 0
36.9 msec : 0
37.0 msec : 1
37.1 msec : 0
37.2 msec : 0
37.3 msec : 1
37.4 msec : 0
37.5 msec : 0
37.6 msec : 0
37.7 msec : 0
37.8 msec : 0
37.9 msec : 0
38.0 msec : 0
38.1 msec : 0
38.2 msec : 0
38.3 msec : 0
38.4 msec : 0
38.5 msec : 0
38.6 msec : 0
38.7 msec : 0
38.8 msec : 0
38.9 msec : 0
39.0 msec : 0
39.1 msec : 0
39.2 msec : 0
39.3 msec : 0
39.4 msec : 0
39.5 msec : 1
39.6 msec : 0
39.7 msec : 0
39.8 msec : 0
39.9 msec : 0
40.0 msec : 0
40.1 msec : 0
40.2 msec : 0
40.3 msec : 0
40.4 msec : 0
40.5 msec : 0
40.6 msec : 0
40.7 msec : 0
40.8 msec : 0
40.9 msec : 0
41.0 msec : 0
41.1 msec : 0
41.2 msec : 0
41.3 msec : 0
41.4 msec : 0
41.5 msec : 0
41.6 msec : 0
41.7 msec : 0
41.8 msec : 0
41.9 msec : 0
42.0 msec : 0
42.1 msec : 0
42.2 msec : 0
42.3 msec : 0
42.4 msec : 0
42.5 msec : 0
42.6 msec : 0
42.7 msec : 0
42.8 msec : 0
42.9 msec : 0
43.0 msec : 0
43.1 msec : 0
43.2 msec : 0
43.3 msec : 0
43.4 msec : 0
43.5 msec : 0
43.6 msec : 0
43.7 msec : 0
43.8 msec : 0
43.9 msec : 0
44.0 msec : 0
44.1 msec : 0
44.2 msec : 0
44.3 msec : 0
44.4 msec : 0
44.5 msec : 0
44.6 msec : 0
44.7 msec : 0
44.8 msec : 0
44.9 msec : 0
45.0 msec : 3
45.1 msec : 2
45.2 msec : 5
45.3 msec : 6
45.4 msec : 2
45.5 msec : 3
45.6 msec : 2
45.7 msec : 1
45.8 msec : 0
45.9 msec : 1
46.0 msec : 3
46.1 msec : 2
46.2 msec : 7
46.3 msec : 5
46.4 msec : 2
46.5 msec : 1
46.6 msec : 0
46.7 msec : 1
46.8 msec : 0
46.9 msec : 0
47.0 msec : 0
47.1 msec : 0
47.2 msec : 1
47.3 msec : 0
47.4 msec : 0
47.5 msec : 0
47.6 msec : 0
47.7 msec : 0
47.8 msec : 0
47.9 msec : 0
48.0 msec : 0
48.1 msec : 0
48.2 msec : 0
48.3 msec : 0
48.4 msec : 0
48.5 msec : 0
48.6 msec : 0
48.7 msec : 0
48.8 msec : 0
48.9 msec : 0
49.0 msec : 0
49.1 msec : 0
49.2 msec : 0
49.3 msec : 0
49.4 msec : 0
49.5 msec : 0
49.6 msec : 0
49.7 msec : 0
49.8 msec : 0
49.9 msec : 0
50.0 msec : 0
50.1 msec : 0
50.2 msec : 0
50.3 msec : 0
50.4 msec : 0
50.5 msec : 0
50.6 msec : 0
50.7 msec : 0
50.8 msec : 0
50.9 msec : 0
51.0 msec : 0
51.1 msec : 0
51.2 msec : 0
51.3 msec : 0
51.4 msec : 0
51.5 msec : 0
51.6 msec : 0
51.7 msec : 0
51.8 msec : 0
51.9 msec : 0
52.0 msec : 0
52.1 msec : 0
52.2 msec : 0
52.3 msec : 0
52.4 msec : 0
52.5 msec : 0
52.6 msec : 0
52.7 msec : 0
52.8 msec : 0
52.9 msec : 0
53.0 msec : 0
53.1 msec : 0
53.2 msec : 0
53.3 msec : 0
53.4 msec : 0
53.5 msec : 0
53.6 msec : 0
53.7 msec : 0
53.8 msec : 0
53.9 msec : 0
54.0 msec : 0
54.1 msec : 0
54.2 msec : 0
54.3 msec : 0
54.4 msec : 0
54.5 msec : 0
54.6 msec : 0
54.7 msec : 0
54.8 msec : 2
54.9 msec : 1
55.0 msec : 0
55.1 msec : 2
55.2 msec : 0
55.3 msec : 0
55.4 msec : 0
55.5 msec : 0
55.6 msec : 0
55.7 msec : 0
55.8 msec : 1
55.9 msec : 4
56.0 msec : 0
56.1 msec : 0
56.2 msec : 2
56.3 msec : 0
56.4 msec : 5
56.5 msec : 1
56.6 msec : 0
56.7 msec : 1
56.8 msec : 5
56.9 msec : 0
57.0 msec : 0
57.1 msec : 0
57.2 msec : 0
57.3 msec : 0
57.4 msec : 0
57.5 msec : 0
57.6 msec : 0
57.7 msec : 0
57.8 msec : 0
57.9 msec : 0
58.0 msec : 0
58.1 msec : 0
58.2 msec : 0
58.3 msec : 0
58.4 msec : 0
58.5 msec : 0
58.6 msec : 0
58.7 msec : 0
58.8 msec : 0
58.9 msec : 0
59.0 msec : 0
59.1 msec : 0
59.2 msec : 0
59.3 msec : 0
59.4 msec : 0
59.5 msec : 0
59.6 msec : 0
59.7 msec : 0
59.8 msec : 0
59.9 msec : 0
60.0 msec : 0
60.1 msec : 0
60.2 msec : 0
60.3 msec : 0
60.4 msec : 0
60.5 msec : 0
60.6 msec : 1
60.7 msec : 1
60.8 msec : 1
60.9 msec : 0
61.0 msec : 3
61.1 msec : 0
61.2 msec : 0
61.3 msec : 1
61.4 msec : 0
61.5 msec : 0
61.6 msec : 1
61.7 msec : 0
61.8 msec : 3
61.9 msec : 0
62.0 msec : 0
62.1 msec : 0
62.2 msec : 0
62.3 msec : 0
62.4 msec : 0
62.5 msec : 0
62.6 msec : 0
62.7 msec : 0
62.8 msec : 0
62.9 msec : 0
63.0 msec : 0
63.1 msec : 0
63.2 msec : 0
63.3 msec : 0
63.4 msec : 0
63.5 msec : 0
63.6 msec : 0
63.7 msec : 0
63.8 msec : 0
63.9 msec : 0
64.0 msec : 0
64.1 msec : 0
64.2 msec : 0
64.3 msec : 0
64.4 msec : 0
64.5 msec : 0
64.6 msec : 0
64.7 msec : 0
64.8 msec : 0
64.9 msec : 0
65.0 msec : 0
65.1 msec : 0
65.2 msec : 0
65.3 msec : 0
65.4 msec : 0
65.5 msec : 0
65.6 msec : 0
65.7 msec : 0
65.8 msec : 0
65.9 msec : 0
66.0 msec : 0
66.1 msec : 0
66.2 msec : 0
66.3 msec : 0
66.4 msec : 0
66.5 msec : 0
66.6 msec : 0
66.7 msec : 0
66.8 msec : 0
66.9 msec : 0
67.0 msec : 0
67.1 msec : 0
67.2 msec : 0
67.3 msec : 0
67.4 msec : 0
67.5 msec : 0
67.6 msec : 0
67.7 msec : 0
67.8 msec : 0
67.9 msec : 0
68.0 msec : 0
68.1 msec : 0
68.2 msec : 0
68.3 msec : 0
68.4 msec : 0
68.5 msec : 0
68.6 msec : 0
68.7 msec : 0
68.8 msec : 0
68.9 msec : 0
69.0 msec : 0
69.1 msec : 0
69.2 msec : 0
69.3 msec : 0
69.4 msec : 0
69.5 msec : 0
69.6 msec : 0
69.7 msec : 0
69.8 msec : 0
69.9 msec : 0
70.0 msec : 0
70.1 msec : 0
70.2 msec : 0
70.3 msec : 0
70.4 msec : 0
70.5 msec : 0
70.6 msec : 0
70.7 msec : 0
70.8 msec : 0
70.9 msec : 0
71.0 msec : 0
71.1 msec : 0
71.2 msec : 0
71.3 msec : 0
71.4 msec : 0
71.5 msec : 0
71.6 msec : 0
71.7 msec : 0
71.8 msec : 0
71.9 msec : 0
72.0 msec : 0
72.1 msec : 0
72.2 msec : 0
72.3 msec : 0
72.4 msec : 0
72.5 msec : 0
72.6 msec : 0
72.7 msec : 0
72.8 msec : 0
72.9 msec : 0
73.0 msec : 0
73.1 msec : 0
73.2 msec : 0
73.3 msec : 0
73.4 msec : 0
73.5 msec : 0
73.6 msec : 0
73.7 msec : 0
73.8 msec : 0
73.9 msec : 0
74.0 msec : 0
74.1 msec : 0
74.2 msec : 0
74.3 msec : 0
74.4 msec : 0
74.5 msec : 0
74.6 msec : 0
74.7 msec : 0
74.8 msec : 0
74.9 msec : 0
75.0 msec : 0
75.1 msec : 0
75.2 msec : 0
75.3 msec : 0
75.4 msec : 0
75.5 msec : 0
75.6 msec : 0
75.7 msec : 0
75.8 msec : 0
75.9 msec : 0
76.0 msec : 0
76.1 msec : 0
76.2 msec : 0
76.3 msec : 0
76.4 msec : 0
76.5 msec : 0
76.6 msec : 0
76.7 msec : 0
76.8 msec : 0
76.9 msec : 0
77.0 msec : 0
77.1 msec : 0
77.2 msec : 0
77.3 msec : 0
77.4 msec : 0
77.5 msec : 0
77.6 msec : 0
77.7 msec : 0
77.8 msec : 0
77.9 msec : 0
78.0 msec : 0
78.1 msec : 0
78.2 msec : 0
78.3 msec : 0
78.4 msec : 0
78.5 msec : 0
78.6 msec : 0
78.7 msec : 0
78.8 msec : 0
78.9 msec : 0
79.0 msec : 0
79.1 msec : 0
79.2 msec : 0
79.3 msec : 0
79.4 msec : 0
79.5 msec : 0
79.6 msec : 0
79.7 msec : 0
79.8 msec : 0
79.9 msec : 0
80.0 msec : 0
80.1 msec : 0
80.2 msec : 0
80.3 msec : 0
80.4 msec : 0
80.5 msec : 0
80.6 msec : 0
80.7 msec : 0
80.8 msec : 0
80.9 msec : 0
81.0 msec : 0
81.1 msec : 0
81.2 msec : 0
81.3 msec : 0
81.4 msec : 0
81.5 msec : 0
81.6 msec : 0
81.7 msec : 0
81.8 msec : 0
81.9 msec : 0
82.0 msec : 0
82.1 msec : 0
82.2 msec : 0
82.3 msec : 0
82.4 msec : 0
82.5 msec : 0
82.6 msec : 0
82.7 msec : 0
82.8 msec : 0
82.9 msec : 0
83.0 msec : 0
83.1 msec : 0
83.2 msec : 0
83.3 msec : 0
83.4 msec : 0
83.5 msec : 0
83.6 msec : 0
83.7 msec : 0
83.8 msec : 0
83.9 msec : 0
84.0 msec : 0
84.1 msec : 0
84.2 msec : 0
84.3 msec : 0
84.4 msec : 0
84.5 msec : 0
84.6 msec : 0
84.7 msec : 0
84.8 msec : 0
84.9 msec : 0
85.0 msec : 0
85.1 msec : 0
85.2 msec : 0
85.3 msec : 0
85.4 msec : 0
85.5 msec : 0
85.6 msec : 0
85.7 msec : 0
85.8 msec : 0
85.9 msec : 0
86.0 msec : 0
86.1 msec : 0
86.2 msec : 0
86.3 msec : 0
86.4 msec : 0
86.5 msec : 0
86.6 msec : 0
86.7 msec : 0
86.8 msec : 0
86.9 msec : 0
87.0 msec : 0
87.1 msec : 0
87.2 msec : 0
87.3 msec : 0
87.4 msec : 0
87.5 msec : 0
87.6 msec : 0
87.7 msec : 0
87.8 msec : 0
87.9 msec : 0
88.0 msec : 0
88.1 msec : 0
88.2 msec : 0
88.3 msec : 0
88.4 msec : 0
88.5 msec : 0
88.6 msec : 0
88.7 msec : 0
88.8 msec : 0
88.9 msec : 0
89.0 msec : 0
89.1 msec : 0
89.2 msec : 0
89.3 msec : 0
89.4 msec : 0
89.5 msec : 0
89.6 msec : 0
89.7 msec : 0
89.8 msec : 0
89.9 msec : 0
90.0 msec : 0
90.1 msec : 0
90.2 msec : 0
90.3 msec : 0
