Middleware started...
Middleware shuts down...
Smaller resolution statistics are in a log file...
Final aggregates per worker:


Worker 24
Average throughput (ops/sec) = 267
Average response time (msec) = 2.476673426229508
Average queue length = 5
Average wait time in queue (msec) = 0.631429524590164
Average service time (msec) = 1.6588703442622952
Number of SET = 0
Number of GET = 267
Number of MULTI GET = 0


Worker 7
Average throughput (ops/sec) = 271
Average response time (msec) = 2.4663615901639346
Average queue length = 7
Average wait time in queue (msec) = 0.6273542459016394
Average service time (msec) = 1.6574030983606558
Number of SET = 0
Number of GET = 271
Number of MULTI GET = 0


Worker 25
Average throughput (ops/sec) = 269
Average response time (msec) = 2.4558044098360656
Average queue length = 6
Average wait time in queue (msec) = 0.6165799344262296
Average service time (msec) = 1.6634893606557377
Number of SET = 0
Number of GET = 269
Number of MULTI GET = 0


Worker 6
Average throughput (ops/sec) = 267
Average response time (msec) = 2.485630426229508
Average queue length = 5
Average wait time in queue (msec) = 0.6191696393442623
Average service time (msec) = 1.690009737704918
Number of SET = 0
Number of GET = 267
Number of MULTI GET = 0


Worker 26
Average throughput (ops/sec) = 273
Average response time (msec) = 2.461726327868852
Average queue length = 7
Average wait time in queue (msec) = 0.6199189344262296
Average service time (msec) = 1.6623959180327867
Number of SET = 0
Number of GET = 273
Number of MULTI GET = 0


Worker 9
Average throughput (ops/sec) = 270
Average response time (msec) = 2.524220803278688
Average queue length = 6
Average wait time in queue (msec) = 0.6422814262295082
Average service time (msec) = 1.7058377704918033
Number of SET = 0
Number of GET = 270
Number of MULTI GET = 0


Worker 27
Average throughput (ops/sec) = 269
Average response time (msec) = 2.484216229508197
Average queue length = 5
Average wait time in queue (msec) = 0.619662131147541
Average service time (msec) = 1.681601950819672
Number of SET = 0
Number of GET = 269
Number of MULTI GET = 0


Worker 8
Average throughput (ops/sec) = 269
Average response time (msec) = 2.4848863770491803
Average queue length = 7
Average wait time in queue (msec) = 0.639245868852459
Average service time (msec) = 1.6582860655737706
Number of SET = 0
Number of GET = 269
Number of MULTI GET = 0


Worker 20
Average throughput (ops/sec) = 272
Average response time (msec) = 2.5188970163934425
Average queue length = 5
Average wait time in queue (msec) = 0.6397485081967214
Average service time (msec) = 1.7006127213114755
Number of SET = 0
Number of GET = 272
Number of MULTI GET = 0


Worker 3
Average throughput (ops/sec) = 267
Average response time (msec) = 2.466564819672131
Average queue length = 6
Average wait time in queue (msec) = 0.6134357049180328
Average service time (msec) = 1.6596439180327869
Number of SET = 0
Number of GET = 267
Number of MULTI GET = 0


Worker 21
Average throughput (ops/sec) = 270
Average response time (msec) = 2.4606238524590163
Average queue length = 6
Average wait time in queue (msec) = 0.6149065081967213
Average service time (msec) = 1.6715048852459016
Number of SET = 0
Number of GET = 270
Number of MULTI GET = 0


Worker 2
Average throughput (ops/sec) = 266
Average response time (msec) = 2.535069
Average queue length = 5
Average wait time in queue (msec) = 0.6372754590163934
Average service time (msec) = 1.7024088032786886
Number of SET = 0
Number of GET = 266
Number of MULTI GET = 0


Worker 22
Average throughput (ops/sec) = 269
Average response time (msec) = 2.484212426229508
Average queue length = 5
Average wait time in queue (msec) = 0.6382348196721311
Average service time (msec) = 1.6640807213114754
Number of SET = 0
Number of GET = 269
Number of MULTI GET = 0


Worker 5
Average throughput (ops/sec) = 269
Average response time (msec) = 2.5125302459016394
Average queue length = 6
Average wait time in queue (msec) = 0.643843213114754
Average service time (msec) = 1.683923098360656
Number of SET = 0
Number of GET = 269
Number of MULTI GET = 0


Worker 23
Average throughput (ops/sec) = 268
Average response time (msec) = 2.501418524590164
Average queue length = 5
Average wait time in queue (msec) = 0.6317164918032787
Average service time (msec) = 1.6955062950819673
Number of SET = 0
Number of GET = 268
Number of MULTI GET = 0


Worker 4
Average throughput (ops/sec) = 271
Average response time (msec) = 2.4631514098360654
Average queue length = 8
Average wait time in queue (msec) = 0.6230566393442623
Average service time (msec) = 1.6560025409836066
Number of SET = 0
Number of GET = 271
Number of MULTI GET = 0


Worker 28
Average throughput (ops/sec) = 269
Average response time (msec) = 2.472344393442623
Average queue length = 5
Average wait time in queue (msec) = 0.6369852295081967
Average service time (msec) = 1.6635251967213114
Number of SET = 0
Number of GET = 269
Number of MULTI GET = 0


Worker 29
Average throughput (ops/sec) = 272
Average response time (msec) = 2.4838904098360657
Average queue length = 5
Average wait time in queue (msec) = 0.6222447049180327
Average service time (msec) = 1.684169163934426
Number of SET = 0
Number of GET = 272
Number of MULTI GET = 0


Worker 1
Average throughput (ops/sec) = 270
Average response time (msec) = 2.4869744426229508
Average queue length = 4
Average wait time in queue (msec) = 0.6285328032786885
Average service time (msec) = 1.686621262295082
Number of SET = 0
Number of GET = 270
Number of MULTI GET = 0


Worker 30
Average throughput (ops/sec) = 269
Average response time (msec) = 2.4586527540983605
Average queue length = 5
Average wait time in queue (msec) = 0.6380857213114753
Average service time (msec) = 1.6524122295081967
Number of SET = 0
Number of GET = 269
Number of MULTI GET = 0


Worker 13
Average throughput (ops/sec) = 270
Average response time (msec) = 2.468763229508197
Average queue length = 3
Average wait time in queue (msec) = 0.6081357540983606
Average service time (msec) = 1.6758953114754098
Number of SET = 0
Number of GET = 270
Number of MULTI GET = 0


Worker 14
Average throughput (ops/sec) = 268
Average response time (msec) = 2.475915081967213
Average queue length = 4
Average wait time in queue (msec) = 0.616720262295082
Average service time (msec) = 1.680979393442623
Number of SET = 0
Number of GET = 269
Number of MULTI GET = 0


Worker 15
Average throughput (ops/sec) = 271
Average response time (msec) = 2.496251737704918
Average queue length = 4
Average wait time in queue (msec) = 0.633380606557377
Average service time (msec) = 1.6738038852459016
Number of SET = 0
Number of GET = 271
Number of MULTI GET = 0


Worker 16
Average throughput (ops/sec) = 268
Average response time (msec) = 2.501636049180328
Average queue length = 6
Average wait time in queue (msec) = 0.6391177049180328
Average service time (msec) = 1.688635606557377
Number of SET = 0
Number of GET = 268
Number of MULTI GET = 0


Worker 31
Average throughput (ops/sec) = 268
Average response time (msec) = 2.4716258032786884
Average queue length = 5
Average wait time in queue (msec) = 0.6004295737704918
Average service time (msec) = 1.6814258852459016
Number of SET = 0
Number of GET = 268
Number of MULTI GET = 0


Worker 32
Average throughput (ops/sec) = 266
Average response time (msec) = 2.4982824918032787
Average queue length = 5
Average wait time in queue (msec) = 0.6321555081967213
Average service time (msec) = 1.677358786885246
Number of SET = 0
Number of GET = 266
Number of MULTI GET = 0


Worker 10
Average throughput (ops/sec) = 273
Average response time (msec) = 2.460268901639344
Average queue length = 7
Average wait time in queue (msec) = 0.6376548032786886
Average service time (msec) = 1.653131475409836
Number of SET = 0
Number of GET = 273
Number of MULTI GET = 0


Worker 11
Average throughput (ops/sec) = 267
Average response time (msec) = 2.5032521639344263
Average queue length = 4
Average wait time in queue (msec) = 0.635850262295082
Average service time (msec) = 1.6921778196721313
Number of SET = 0
Number of GET = 267
Number of MULTI GET = 0


Worker 12
Average throughput (ops/sec) = 268
Average response time (msec) = 2.517072672131148
Average queue length = 5
Average wait time in queue (msec) = 0.6424340819672131
Average service time (msec) = 1.6914710983606558
Number of SET = 0
Number of GET = 268
Number of MULTI GET = 0


Worker 17
Average throughput (ops/sec) = 270
Average response time (msec) = 2.506026967213115
Average queue length = 3
Average wait time in queue (msec) = 0.6143404590163934
Average service time (msec) = 1.700357
Number of SET = 0
Number of GET = 270
Number of MULTI GET = 0


Worker 18
Average throughput (ops/sec) = 268
Average response time (msec) = 2.4866776229508196
Average queue length = 6
Average wait time in queue (msec) = 0.6420182950819673
Average service time (msec) = 1.6538669836065574
Number of SET = 0
Number of GET = 268
Number of MULTI GET = 0


Worker 19
Average throughput (ops/sec) = 270
Average response time (msec) = 2.5018964098360654
Average queue length = 3
Average wait time in queue (msec) = 0.6492585081967214
Average service time (msec) = 1.6738670491803278
Number of SET = 0
Number of GET = 270
Number of MULTI GET = 0


FINAL STATS
Average throughput (ops/sec) = 8614
Average response time (msec) = 2.438401799602579
Average queue length = 5
Average wait time in queue (msec) = 0.6292251039959017
Average service time (msec) = 1.6762898555327868
Number of SET = 0
Number of GET = 8615
Number of MULTI GET = 0
Number of Cache misses = 0
Arrival rate (lambda) = [0, 0, 2370, 7117, 7362, 7906, 9057, 8496, 8060, 7982, 9465, 9108, 9010, 8965, 8377, 9581, 9283, 8945, 8758, 9521, 8442, 9480, 9179, 9027, 9273, 9173, 9186, 8621, 9262, 8776, 8670, 8367, 8896, 8179, 8839, 8560, 9298, 8728, 8386, 9174, 8898, 8840, 9057, 8048, 9313, 9350, 8442, 9263, 9362, 8871, 9044, 7545, 9203, 9395, 9806, 9229, 8336, 8144, 7708, 9114, 9616, 8780, 4193, 0]


Histogram response times (0.1 msec step)
0.0 msec : 121
0.1 msec : 1244
0.2 msec : 4875
0.3 msec : 12024
0.4 msec : 20445
0.5 msec : 29902
0.6 msec : 36079
0.7 msec : 40132
0.8 msec : 40318
0.9 msec : 37512
1.0 msec : 33540
1.1 msec : 28635
1.2 msec : 24748
1.3 msec : 21013
1.4 msec : 17490
1.5 msec : 14949
1.6 msec : 12638
1.7 msec : 10595
1.8 msec : 8715
1.9 msec : 7191
2.0 msec : 6010
2.1 msec : 4973
2.2 msec : 4178
2.3 msec : 3659
2.4 msec : 3001
2.5 msec : 2524
2.6 msec : 2207
2.7 msec : 1946
2.8 msec : 1813
2.9 msec : 1559
3.0 msec : 1441
3.1 msec : 1275
3.2 msec : 1110
3.3 msec : 1068
3.4 msec : 938
3.5 msec : 858
3.6 msec : 822
3.7 msec : 765
3.8 msec : 704
3.9 msec : 675
4.0 msec : 600
4.1 msec : 619
4.2 msec : 626
4.3 msec : 546
4.4 msec : 527
4.5 msec : 446
4.6 msec : 487
4.7 msec : 443
4.8 msec : 498
4.9 msec : 480
5.0 msec : 428
5.1 msec : 484
5.2 msec : 477
5.3 msec : 516
5.4 msec : 697
5.5 msec : 1105
5.6 msec : 1664
5.7 msec : 2570
5.8 msec : 3308
5.9 msec : 3747
6.0 msec : 4132
6.1 msec : 4421
6.2 msec : 4532
6.3 msec : 4413
6.4 msec : 4361
6.5 msec : 4055
6.6 msec : 3692
6.7 msec : 3440
6.8 msec : 3041
6.9 msec : 2846
7.0 msec : 2292
7.1 msec : 2050
7.2 msec : 1877
7.3 msec : 1553
7.4 msec : 1259
7.5 msec : 1237
7.6 msec : 1026
7.7 msec : 918
7.8 msec : 841
7.9 msec : 727
8.0 msec : 644
8.1 msec : 502
8.2 msec : 455
8.3 msec : 386
8.4 msec : 397
8.5 msec : 356
8.6 msec : 310
8.7 msec : 272
8.8 msec : 296
8.9 msec : 236
9.0 msec : 251
9.1 msec : 230
9.2 msec : 208
9.3 msec : 196
9.4 msec : 195
9.5 msec : 172
9.6 msec : 172
9.7 msec : 158
9.8 msec : 152
9.9 msec : 156
10.0 msec : 119
10.1 msec : 122
10.2 msec : 99
10.3 msec : 87
10.4 msec : 81
10.5 msec : 87
10.6 msec : 85
10.7 msec : 80
10.8 msec : 78
10.9 msec : 85
11.0 msec : 75
11.1 msec : 67
11.2 msec : 50
11.3 msec : 61
11.4 msec : 56
11.5 msec : 62
11.6 msec : 53
11.7 msec : 63
11.8 msec : 43
11.9 msec : 56
12.0 msec : 60
12.1 msec : 62
12.2 msec : 42
12.3 msec : 52
12.4 msec : 22
12.5 msec : 37
12.6 msec : 31
12.7 msec : 34
12.8 msec : 40
12.9 msec : 40
13.0 msec : 40
13.1 msec : 31
13.2 msec : 35
13.3 msec : 27
13.4 msec : 33
13.5 msec : 34
13.6 msec : 15
13.7 msec : 18
13.8 msec : 13
13.9 msec : 12
14.0 msec : 20
14.1 msec : 14
14.2 msec : 16
14.3 msec : 11
14.4 msec : 5
14.5 msec : 18
14.6 msec : 15
14.7 msec : 16
14.8 msec : 11
14.9 msec : 22
15.0 msec : 9
15.1 msec : 11
15.2 msec : 13
15.3 msec : 19
15.4 msec : 23
15.5 msec : 21
15.6 msec : 20
15.7 msec : 38
15.8 msec : 40
15.9 msec : 24
16.0 msec : 28
16.1 msec : 31
16.2 msec : 31
16.3 msec : 25
16.4 msec : 22
16.5 msec : 13
16.6 msec : 14
16.7 msec : 23
16.8 msec : 16
16.9 msec : 16
17.0 msec : 15
17.1 msec : 11
17.2 msec : 9
17.3 msec : 13
17.4 msec : 18
17.5 msec : 12
17.6 msec : 12
17.7 msec : 13
17.8 msec : 14
17.9 msec : 4
18.0 msec : 4
18.1 msec : 7
18.2 msec : 3
18.3 msec : 4
18.4 msec : 6
18.5 msec : 10
18.6 msec : 8
18.7 msec : 2
18.8 msec : 7
18.9 msec : 9
19.0 msec : 10
19.1 msec : 5
19.2 msec : 7
19.3 msec : 1
19.4 msec : 6
19.5 msec : 3
19.6 msec : 4
19.7 msec : 10
19.8 msec : 17
19.9 msec : 14
20.0 msec : 1
20.1 msec : 9
20.2 msec : 13
20.3 msec : 8
20.4 msec : 8
20.5 msec : 2
20.6 msec : 2
20.7 msec : 7
20.8 msec : 2
20.9 msec : 10
21.0 msec : 11
21.1 msec : 9
21.2 msec : 3
21.3 msec : 4
21.4 msec : 0
21.5 msec : 3
21.6 msec : 1
21.7 msec : 2
21.8 msec : 2
21.9 msec : 4
22.0 msec : 3
22.1 msec : 2
22.2 msec : 1
22.3 msec : 2
22.4 msec : 4
22.5 msec : 0
22.6 msec : 2
22.7 msec : 0
22.8 msec : 1
22.9 msec : 2
23.0 msec : 0
23.1 msec : 2
23.2 msec : 1
23.3 msec : 2
23.4 msec : 4
23.5 msec : 6
23.6 msec : 2
23.7 msec : 7
23.8 msec : 2
23.9 msec : 4
24.0 msec : 2
24.1 msec : 1
24.2 msec : 0
24.3 msec : 0
24.4 msec : 0
24.5 msec : 8
24.6 msec : 8
24.7 msec : 11
24.8 msec : 2
24.9 msec : 1
25.0 msec : 6
25.1 msec : 7
25.2 msec : 9
25.3 msec : 2
25.4 msec : 6
25.5 msec : 4
25.6 msec : 0
25.7 msec : 5
25.8 msec : 8
25.9 msec : 5
26.0 msec : 1
26.1 msec : 14
26.2 msec : 18
26.3 msec : 10
26.4 msec : 3
26.5 msec : 2
26.6 msec : 4
26.7 msec : 4
26.8 msec : 1
26.9 msec : 1
27.0 msec : 1
27.1 msec : 3
27.2 msec : 2
27.3 msec : 5
27.4 msec : 1
27.5 msec : 5
27.6 msec : 4
27.7 msec : 2
27.8 msec : 1
27.9 msec : 2
28.0 msec : 3
28.1 msec : 1
28.2 msec : 0
28.3 msec : 2
28.4 msec : 1
28.5 msec : 2
28.6 msec : 1
28.7 msec : 2
28.8 msec : 3
28.9 msec : 2
29.0 msec : 1
29.1 msec : 1
29.2 msec : 0
29.3 msec : 3
29.4 msec : 4
29.5 msec : 6
29.6 msec : 2
29.7 msec : 0
29.8 msec : 3
29.9 msec : 0
30.0 msec : 4
30.1 msec : 5
30.2 msec : 4
30.3 msec : 1
30.4 msec : 0
30.5 msec : 2
30.6 msec : 1
30.7 msec : 2
30.8 msec : 2
30.9 msec : 3
31.0 msec : 9
31.1 msec : 6
31.2 msec : 5
31.3 msec : 6
31.4 msec : 2
31.5 msec : 2
31.6 msec : 6
31.7 msec : 0
31.8 msec : 2
31.9 msec : 0
32.0 msec : 6
32.1 msec : 5
32.2 msec : 5
32.3 msec : 0
32.4 msec : 1
32.5 msec : 13
32.6 msec : 6
32.7 msec : 2
32.8 msec : 3
32.9 msec : 3
33.0 msec : 4
33.1 msec : 5
33.2 msec : 7
33.3 msec : 6
33.4 msec : 4
33.5 msec : 4
33.6 msec : 11
33.7 msec : 5
33.8 msec : 4
33.9 msec : 1
34.0 msec : 1
34.1 msec : 2
34.2 msec : 2
34.3 msec : 1
34.4 msec : 1
34.5 msec : 1
34.6 msec : 6
34.7 msec : 11
34.8 msec : 2
34.9 msec : 1
35.0 msec : 2
35.1 msec : 3
35.2 msec : 7
35.3 msec : 10
35.4 msec : 13
35.5 msec : 2
35.6 msec : 6
35.7 msec : 2
35.8 msec : 9
35.9 msec : 6
36.0 msec : 4
36.1 msec : 6
36.2 msec : 8
36.3 msec : 6
36.4 msec : 3
36.5 msec : 5
36.6 msec : 4
36.7 msec : 2
36.8 msec : 2
36.9 msec : 5
37.0 msec : 2
37.1 msec : 1
37.2 msec : 0
37.3 msec : 4
37.4 msec : 5
37.5 msec : 6
37.6 msec : 5
37.7 msec : 2
37.8 msec : 1
37.9 msec : 2
38.0 msec : 4
38.1 msec : 1
38.2 msec : 0
38.3 msec : 0
38.4 msec : 1
38.5 msec : 3
38.6 msec : 1
38.7 msec : 0
38.8 msec : 0
38.9 msec : 0
39.0 msec : 0
39.1 msec : 2
39.2 msec : 1
39.3 msec : 1
39.4 msec : 0
39.5 msec : 0
39.6 msec : 0
39.7 msec : 1
39.8 msec : 0
39.9 msec : 0
40.0 msec : 0
40.1 msec : 0
40.2 msec : 0
40.3 msec : 0
40.4 msec : 0
40.5 msec : 0
40.6 msec : 0
40.7 msec : 0
40.8 msec : 0
40.9 msec : 0
41.0 msec : 0
41.1 msec : 0
41.2 msec : 0
41.3 msec : 0
41.4 msec : 1
41.5 msec : 1
41.6 msec : 0
41.7 msec : 0
41.8 msec : 0
41.9 msec : 0
42.0 msec : 0
42.1 msec : 0
42.2 msec : 1
42.3 msec : 1
42.4 msec : 2
42.5 msec : 0
42.6 msec : 0
42.7 msec : 0
42.8 msec : 0
42.9 msec : 0
43.0 msec : 0
43.1 msec : 0
43.2 msec : 0
43.3 msec : 0
43.4 msec : 0
43.5 msec : 0
43.6 msec : 0
43.7 msec : 0
43.8 msec : 0
43.9 msec : 1
44.0 msec : 0
44.1 msec : 3
44.2 msec : 1
44.3 msec : 0
44.4 msec : 0
44.5 msec : 2
44.6 msec : 1
44.7 msec : 2
44.8 msec : 4
44.9 msec : 0
45.0 msec : 2
45.1 msec : 5
45.2 msec : 2
45.3 msec : 2
45.4 msec : 0
45.5 msec : 0
45.6 msec : 0
45.7 msec : 2
45.8 msec : 1
45.9 msec : 6
46.0 msec : 0
46.1 msec : 1
46.2 msec : 1
46.3 msec : 0
46.4 msec : 0
46.5 msec : 0
46.6 msec : 1
46.7 msec : 0
46.8 msec : 0
46.9 msec : 2
47.0 msec : 0
47.1 msec : 0
47.2 msec : 0
47.3 msec : 0
47.4 msec : 0
47.5 msec : 1
47.6 msec : 0
47.7 msec : 1
47.8 msec : 2
47.9 msec : 0
48.0 msec : 0
48.1 msec : 0
48.2 msec : 0
48.3 msec : 0
48.4 msec : 2
48.5 msec : 0
48.6 msec : 0
48.7 msec : 0
48.8 msec : 3
48.9 msec : 6
49.0 msec : 14
49.1 msec : 8
49.2 msec : 3
49.3 msec : 2
49.4 msec : 0
49.5 msec : 0
49.6 msec : 0
49.7 msec : 0
49.8 msec : 0
49.9 msec : 0
50.0 msec : 0
50.1 msec : 0
50.2 msec : 1
50.3 msec : 2
50.4 msec : 4
50.5 msec : 2
50.6 msec : 2
50.7 msec : 1
50.8 msec : 1
50.9 msec : 0
51.0 msec : 0
51.1 msec : 2
51.2 msec : 2
51.3 msec : 1
51.4 msec : 0
51.5 msec : 0
51.6 msec : 0
51.7 msec : 0
51.8 msec : 0
51.9 msec : 1
52.0 msec : 4
52.1 msec : 2
52.2 msec : 0
52.3 msec : 0
52.4 msec : 0
52.5 msec : 0
52.6 msec : 0
52.7 msec : 0
52.8 msec : 0
52.9 msec : 0
53.0 msec : 0
53.1 msec : 0
53.2 msec : 0
53.3 msec : 0
53.4 msec : 0
53.5 msec : 0
53.6 msec : 0
53.7 msec : 0
53.8 msec : 0
53.9 msec : 0
54.0 msec : 0
54.1 msec : 0
54.2 msec : 0
54.3 msec : 0
54.4 msec : 0
54.5 msec : 0
54.6 msec : 0
54.7 msec : 0
54.8 msec : 0
54.9 msec : 0
55.0 msec : 0
55.1 msec : 0
55.2 msec : 0
55.3 msec : 0
55.4 msec : 0
55.5 msec : 0
55.6 msec : 0
55.7 msec : 1
55.8 msec : 1
55.9 msec : 0
56.0 msec : 0
56.1 msec : 0
56.2 msec : 0
56.3 msec : 0
56.4 msec : 0
56.5 msec : 0
56.6 msec : 0
56.7 msec : 0
56.8 msec : 0
56.9 msec : 0
57.0 msec : 0
57.1 msec : 0
57.2 msec : 0
57.3 msec : 0
57.4 msec : 0
57.5 msec : 0
57.6 msec : 0
57.7 msec : 0
57.8 msec : 0
57.9 msec : 0
58.0 msec : 0
58.1 msec : 0
58.2 msec : 0
58.3 msec : 0
58.4 msec : 0
58.5 msec : 0
58.6 msec : 0
58.7 msec : 0
58.8 msec : 0
58.9 msec : 0
59.0 msec : 0
59.1 msec : 0
59.2 msec : 0
59.3 msec : 0
59.4 msec : 0
59.5 msec : 0
59.6 msec : 0
59.7 msec : 0
59.8 msec : 0
59.9 msec : 0
60.0 msec : 0
60.1 msec : 0
60.2 msec : 1
60.3 msec : 0
60.4 msec : 0
60.5 msec : 0
60.6 msec : 0
60.7 msec : 0
60.8 msec : 0
60.9 msec : 0
61.0 msec : 0
61.1 msec : 0
61.2 msec : 0
61.3 msec : 0
61.4 msec : 0
61.5 msec : 0
61.6 msec : 0
61.7 msec : 0
61.8 msec : 0
61.9 msec : 0
62.0 msec : 0
62.1 msec : 0
62.2 msec : 0
62.3 msec : 0
62.4 msec : 0
62.5 msec : 0
62.6 msec : 0
62.7 msec : 0
62.8 msec : 0
62.9 msec : 0
63.0 msec : 0
63.1 msec : 0
63.2 msec : 0
63.3 msec : 0
63.4 msec : 0
63.5 msec : 0
63.6 msec : 0
63.7 msec : 0
63.8 msec : 0
63.9 msec : 0
64.0 msec : 0
64.1 msec : 0
64.2 msec : 0
64.3 msec : 0
64.4 msec : 0
64.5 msec : 0
64.6 msec : 0
64.7 msec : 0
64.8 msec : 0
64.9 msec : 0
65.0 msec : 0
65.1 msec : 0
65.2 msec : 0
65.3 msec : 0
65.4 msec : 0
65.5 msec : 0
65.6 msec : 0
65.7 msec : 0
65.8 msec : 0
65.9 msec : 0
66.0 msec : 0
66.1 msec : 0
66.2 msec : 0
66.3 msec : 0
66.4 msec : 0
66.5 msec : 0
66.6 msec : 0
66.7 msec : 0
66.8 msec : 0
66.9 msec : 0
67.0 msec : 0
67.1 msec : 0
67.2 msec : 0
67.3 msec : 0
67.4 msec : 0
67.5 msec : 0
67.6 msec : 0
67.7 msec : 0
67.8 msec : 0
67.9 msec : 0
68.0 msec : 0
68.1 msec : 0
68.2 msec : 0
68.3 msec : 0
68.4 msec : 0
68.5 msec : 0
68.6 msec : 0
68.7 msec : 0
68.8 msec : 0
68.9 msec : 0
69.0 msec : 0
69.1 msec : 0
69.2 msec : 0
69.3 msec : 0
69.4 msec : 0
69.5 msec : 0
69.6 msec : 0
69.7 msec : 0
69.8 msec : 0
69.9 msec : 0
70.0 msec : 0
70.1 msec : 0
70.2 msec : 0
70.3 msec : 0
70.4 msec : 0
70.5 msec : 0
70.6 msec : 0
70.7 msec : 0
70.8 msec : 0
70.9 msec : 0
71.0 msec : 0
71.1 msec : 0
71.2 msec : 0
71.3 msec : 0
71.4 msec : 1
71.5 msec : 2
71.6 msec : 9
71.7 msec : 4
71.8 msec : 2
71.9 msec : 5
72.0 msec : 5
72.1 msec : 4
72.2 msec : 0
72.3 msec : 0
72.4 msec : 0
72.5 msec : 0
72.6 msec : 0
72.7 msec : 0
72.8 msec : 0
72.9 msec : 0
73.0 msec : 0
73.1 msec : 7
73.2 msec : 1
73.3 msec : 0
73.4 msec : 0
73.5 msec : 0
73.6 msec : 0
73.7 msec : 0
73.8 msec : 0
73.9 msec : 0
74.0 msec : 0
74.1 msec : 0
74.2 msec : 0
74.3 msec : 0
74.4 msec : 0
74.5 msec : 0
74.6 msec : 0
74.7 msec : 0
74.8 msec : 0
74.9 msec : 4
75.0 msec : 3
75.1 msec : 5
75.2 msec : 8
75.3 msec : 1
75.4 msec : 1
75.5 msec : 0
75.6 msec : 1
75.7 msec : 1
75.8 msec : 1
75.9 msec : 0
76.0 msec : 1
76.1 msec : 1
76.2 msec : 2
76.3 msec : 1
76.4 msec : 1
76.5 msec : 0
76.6 msec : 0
76.7 msec : 1
76.8 msec : 2
76.9 msec : 1
77.0 msec : 1
77.1 msec : 0
77.2 msec : 0
77.3 msec : 0
77.4 msec : 0
77.5 msec : 0
77.6 msec : 0
77.7 msec : 0
77.8 msec : 0
77.9 msec : 0
78.0 msec : 0
78.1 msec : 0
78.2 msec : 0
78.3 msec : 0
78.4 msec : 0
78.5 msec : 0
78.6 msec : 0
78.7 msec : 0
78.8 msec : 0
78.9 msec : 0
79.0 msec : 0
79.1 msec : 0
79.2 msec : 0
79.3 msec : 0
79.4 msec : 0
79.5 msec : 0
79.6 msec : 0
79.7 msec : 0
79.8 msec : 0
79.9 msec : 0
80.0 msec : 0
80.1 msec : 0
80.2 msec : 0
80.3 msec : 0
80.4 msec : 0
80.5 msec : 0
80.6 msec : 0
80.7 msec : 0
80.8 msec : 0
80.9 msec : 0
81.0 msec : 0
81.1 msec : 0
81.2 msec : 0
81.3 msec : 0
81.4 msec : 0
81.5 msec : 0
81.6 msec : 0
81.7 msec : 0
81.8 msec : 0
81.9 msec : 0
82.0 msec : 0
82.1 msec : 0
82.2 msec : 0
82.3 msec : 0
82.4 msec : 0
82.5 msec : 0
82.6 msec : 0
82.7 msec : 0
82.8 msec : 0
82.9 msec : 0
83.0 msec : 0
83.1 msec : 0
83.2 msec : 0
83.3 msec : 0
83.4 msec : 0
83.5 msec : 0
83.6 msec : 0
83.7 msec : 0
83.8 msec : 0
83.9 msec : 0
84.0 msec : 0
84.1 msec : 0
84.2 msec : 0
84.3 msec : 0
84.4 msec : 0
84.5 msec : 0
84.6 msec : 0
84.7 msec : 0
84.8 msec : 0
84.9 msec : 0
85.0 msec : 0
85.1 msec : 0
85.2 msec : 0
85.3 msec : 0
85.4 msec : 0
85.5 msec : 0
85.6 msec : 0
85.7 msec : 1
85.8 msec : 0
85.9 msec : 0
86.0 msec : 0
86.1 msec : 0
86.2 msec : 0
86.3 msec : 0
86.4 msec : 0
86.5 msec : 0
86.6 msec : 0
86.7 msec : 0
86.8 msec : 0
86.9 msec : 0
87.0 msec : 0
87.1 msec : 0
87.2 msec : 0
87.3 msec : 0
87.4 msec : 0
87.5 msec : 0
87.6 msec : 0
87.7 msec : 0
87.8 msec : 0
87.9 msec : 0
88.0 msec : 0
88.1 msec : 0
88.2 msec : 0
88.3 msec : 0
88.4 msec : 0
88.5 msec : 0
88.6 msec : 0
88.7 msec : 0
88.8 msec : 0
88.9 msec : 0
89.0 msec : 0
89.1 msec : 0
89.2 msec : 0
89.3 msec : 0
89.4 msec : 0
89.5 msec : 0
89.6 msec : 0
89.7 msec : 0
89.8 msec : 0
89.9 msec : 0
90.0 msec : 0
90.1 msec : 0
90.2 msec : 0
90.3 msec : 0
90.4 msec : 1
90.5 msec : 0
90.6 msec : 0
90.7 msec : 0
90.8 msec : 0
90.9 msec : 0
91.0 msec : 0
91.1 msec : 0
91.2 msec : 0
91.3 msec : 0
91.4 msec : 0
91.5 msec : 0
91.6 msec : 0
91.7 msec : 0
91.8 msec : 0
91.9 msec : 0
92.0 msec : 0
92.1 msec : 0
92.2 msec : 0
92.3 msec : 0
92.4 msec : 0
92.5 msec : 0
92.6 msec : 0
92.7 msec : 0
92.8 msec : 0
92.9 msec : 0
93.0 msec : 0
93.1 msec : 0
93.2 msec : 0
93.3 msec : 0
93.4 msec : 0
93.5 msec : 0
93.6 msec : 0
93.7 msec : 0
93.8 msec : 0
93.9 msec : 0
94.0 msec : 0
94.1 msec : 0
94.2 msec : 0
94.3 msec : 0
94.4 msec : 0
94.5 msec : 0
94.6 msec : 0
94.7 msec : 0
94.8 msec : 0
94.9 msec : 0
95.0 msec : 0
95.1 msec : 0
95.2 msec : 0
95.3 msec : 0
95.4 msec : 0
95.5 msec : 0
95.6 msec : 0
95.7 msec : 0
95.8 msec : 0
95.9 msec : 0
96.0 msec : 0
96.1 msec : 0
96.2 msec : 0
96.3 msec : 0
96.4 msec : 0
96.5 msec : 0
96.6 msec : 0
96.7 msec : 0
96.8 msec : 0
96.9 msec : 0
97.0 msec : 0
97.1 msec : 0
97.2 msec : 0
97.3 msec : 0
97.4 msec : 0
97.5 msec : 0
97.6 msec : 0
97.7 msec : 0
97.8 msec : 0
97.9 msec : 0
98.0 msec : 0
98.1 msec : 0
98.2 msec : 0
98.3 msec : 0
98.4 msec : 0
98.5 msec : 0
98.6 msec : 0
98.7 msec : 0
98.8 msec : 0
98.9 msec : 0
99.0 msec : 0
99.1 msec : 0
99.2 msec : 0
99.3 msec : 0
99.4 msec : 0
99.5 msec : 0
99.6 msec : 0
99.7 msec : 0
99.8 msec : 0
99.9 msec : 0
100.0 msec : 0
100.1 msec : 0
100.2 msec : 0
100.3 msec : 0
100.4 msec : 0
100.5 msec : 0
100.6 msec : 0
100.7 msec : 0
100.8 msec : 0
100.9 msec : 0
101.0 msec : 0
101.1 msec : 0
101.2 msec : 0
101.3 msec : 0
101.4 msec : 0
101.5 msec : 0
101.6 msec : 0
101.7 msec : 0
101.8 msec : 0
101.9 msec : 0
102.0 msec : 0
102.1 msec : 0
102.2 msec : 0
102.3 msec : 0
102.4 msec : 0
102.5 msec : 0
102.6 msec : 0
102.7 msec : 0
102.8 msec : 0
102.9 msec : 0
103.0 msec : 0
103.1 msec : 0
103.2 msec : 0
103.3 msec : 0
103.4 msec : 0
103.5 msec : 0
103.6 msec : 0
103.7 msec : 0
103.8 msec : 0
103.9 msec : 0
104.0 msec : 0
104.1 msec : 0
104.2 msec : 0
104.3 msec : 0
104.4 msec : 0
104.5 msec : 0
104.6 msec : 0
104.7 msec : 0
104.8 msec : 0
104.9 msec : 0
105.0 msec : 0
105.1 msec : 0
105.2 msec : 0
105.3 msec : 0
105.4 msec : 0
105.5 msec : 0
105.6 msec : 0
105.7 msec : 0
105.8 msec : 0
105.9 msec : 0
106.0 msec : 0
106.1 msec : 0
106.2 msec : 0
106.3 msec : 0
106.4 msec : 0
106.5 msec : 0
106.6 msec : 0
106.7 msec : 0
106.8 msec : 0
106.9 msec : 0
107.0 msec : 0
107.1 msec : 0
107.2 msec : 0
107.3 msec : 0
107.4 msec : 0
107.5 msec : 0
107.6 msec : 0
107.7 msec : 0
107.8 msec : 0
107.9 msec : 0
108.0 msec : 0
108.1 msec : 0
108.2 msec : 0
108.3 msec : 0
108.4 msec : 0
108.5 msec : 0
108.6 msec : 0
108.7 msec : 0
108.8 msec : 0
108.9 msec : 0
109.0 msec : 0
109.1 msec : 0
109.2 msec : 7
109.3 msec : 5
109.4 msec : 1
109.5 msec : 9
109.6 msec : 2
109.7 msec : 0
109.8 msec : 0
109.9 msec : 0
110.0 msec : 0
110.1 msec : 3
110.2 msec : 2
110.3 msec : 0
110.4 msec : 0
110.5 msec : 0
110.6 msec : 0
110.7 msec : 0
110.8 msec : 0
110.9 msec : 0
111.0 msec : 0
111.1 msec : 0
111.2 msec : 0
111.3 msec : 0
111.4 msec : 0
111.5 msec : 0
111.6 msec : 0
111.7 msec : 0
111.8 msec : 0
111.9 msec : 0
112.0 msec : 0
112.1 msec : 0
112.2 msec : 0
112.3 msec : 0
112.4 msec : 0
112.5 msec : 0
112.6 msec : 0
112.7 msec : 0
112.8 msec : 0
112.9 msec : 0
113.0 msec : 0
113.1 msec : 0
113.2 msec : 0
113.3 msec : 0
113.4 msec : 0
113.5 msec : 0
113.6 msec : 0
113.7 msec : 0
113.8 msec : 0
113.9 msec : 0
114.0 msec : 0
114.1 msec : 0
114.2 msec : 0
114.3 msec : 0
114.4 msec : 0
114.5 msec : 0
114.6 msec : 0
114.7 msec : 0
114.8 msec : 0
114.9 msec : 0
115.0 msec : 0
115.1 msec : 0
115.2 msec : 0
115.3 msec : 0
115.4 msec : 1
115.5 msec : 3
115.6 msec : 10
115.7 msec : 2
115.8 msec : 1
115.9 msec : 1
116.0 msec : 0
116.1 msec : 0
116.2 msec : 0
116.3 msec : 0
116.4 msec : 0
116.5 msec : 0
116.6 msec : 0
116.7 msec : 0
116.8 msec : 0
116.9 msec : 0
117.0 msec : 0
117.1 msec : 0
117.2 msec : 0
117.3 msec : 0
117.4 msec : 0
117.5 msec : 0
117.6 msec : 0
117.7 msec : 0
117.8 msec : 0
117.9 msec : 0
118.0 msec : 0
118.1 msec : 0
118.2 msec : 0
118.3 msec : 0
118.4 msec : 0
118.5 msec : 0
118.6 msec : 0
118.7 msec : 0
118.8 msec : 0
118.9 msec : 0
119.0 msec : 0
119.1 msec : 0
119.2 msec : 0
119.3 msec : 0
119.4 msec : 0
119.5 msec : 0
119.6 msec : 0
119.7 msec : 0
119.8 msec : 0
119.9 msec : 0
120.0 msec : 0
120.1 msec : 0
120.2 msec : 0
120.3 msec : 0
120.4 msec : 3
120.5 msec : 0
120.6 msec : 0
120.7 msec : 1
120.8 msec : 0
120.9 msec : 0
121.0 msec : 0
121.1 msec : 0
121.2 msec : 0
121.3 msec : 0
121.4 msec : 0
121.5 msec : 0
121.6 msec : 0
121.7 msec : 0
121.8 msec : 0
121.9 msec : 0
122.0 msec : 0
122.1 msec : 0
122.2 msec : 0
122.3 msec : 0
122.4 msec : 0
122.5 msec : 0
122.6 msec : 0
122.7 msec : 0
122.8 msec : 0
122.9 msec : 0
123.0 msec : 0
123.1 msec : 0
123.2 msec : 0
123.3 msec : 0
123.4 msec : 0
123.5 msec : 0
123.6 msec : 0
123.7 msec : 0
123.8 msec : 0
123.9 msec : 0
124.0 msec : 0
124.1 msec : 0
124.2 msec : 0
124.3 msec : 0
124.4 msec : 0
124.5 msec : 0
124.6 msec : 0
124.7 msec : 0
124.8 msec : 0
124.9 msec : 0
125.0 msec : 0
125.1 msec : 0
125.2 msec : 0
125.3 msec : 0
125.4 msec : 0
125.5 msec : 0
125.6 msec : 0
125.7 msec : 0
125.8 msec : 0
125.9 msec : 0
126.0 msec : 0
126.1 msec : 0
126.2 msec : 0
126.3 msec : 0
126.4 msec : 0
126.5 msec : 0
126.6 msec : 0
126.7 msec : 0
126.8 msec : 0
126.9 msec : 0
127.0 msec : 0
127.1 msec : 0
127.2 msec : 0
127.3 msec : 0
127.4 msec : 0
127.5 msec : 0
127.6 msec : 0
127.7 msec : 0
127.8 msec : 0
127.9 msec : 0
128.0 msec : 0
128.1 msec : 0
128.2 msec : 0
128.3 msec : 0
128.4 msec : 0
128.5 msec : 0
128.6 msec : 0
128.7 msec : 0
128.8 msec : 0
128.9 msec : 0
129.0 msec : 0
129.1 msec : 0
129.2 msec : 0
129.3 msec : 0
129.4 msec : 0
129.5 msec : 0
129.6 msec : 0
129.7 msec : 0
129.8 msec : 0
129.9 msec : 0
130.0 msec : 0
130.1 msec : 0
130.2 msec : 0
130.3 msec : 0
130.4 msec : 0
130.5 msec : 0
130.6 msec : 0
130.7 msec : 0
130.8 msec : 0
130.9 msec : 0
131.0 msec : 0
131.1 msec : 0
131.2 msec : 0
131.3 msec : 0
131.4 msec : 0
131.5 msec : 0
131.6 msec : 0
131.7 msec : 0
131.8 msec : 0
131.9 msec : 0
132.0 msec : 0
132.1 msec : 0
132.2 msec : 0
132.3 msec : 0
132.4 msec : 0
132.5 msec : 0
132.6 msec : 0
132.7 msec : 0
132.8 msec : 0
132.9 msec : 0
133.0 msec : 0
133.1 msec : 0
133.2 msec : 0
133.3 msec : 0
133.4 msec : 0
133.5 msec : 0
133.6 msec : 0
133.7 msec : 0
133.8 msec : 0
133.9 msec : 0
134.0 msec : 0
134.1 msec : 0
134.2 msec : 0
134.3 msec : 0
134.4 msec : 0
134.5 msec : 0
134.6 msec : 0
134.7 msec : 0
134.8 msec : 0
134.9 msec : 0
135.0 msec : 0
135.1 msec : 0
135.2 msec : 0
135.3 msec : 0
135.4 msec : 0
135.5 msec : 0
135.6 msec : 0
135.7 msec : 0
135.8 msec : 0
135.9 msec : 0
136.0 msec : 0
136.1 msec : 0
136.2 msec : 0
136.3 msec : 0
136.4 msec : 0
136.5 msec : 0
136.6 msec : 0
136.7 msec : 0
136.8 msec : 0
136.9 msec : 0
137.0 msec : 0
137.1 msec : 0
137.2 msec : 0
137.3 msec : 0
137.4 msec : 0
137.5 msec : 0
137.6 msec : 0
137.7 msec : 0
137.8 msec : 0
137.9 msec : 0
138.0 msec : 0
138.1 msec : 0
138.2 msec : 0
138.3 msec : 0
138.4 msec : 0
138.5 msec : 0
138.6 msec : 0
138.7 msec : 0
138.8 msec : 0
138.9 msec : 0
139.0 msec : 0
139.1 msec : 0
139.2 msec : 0
139.3 msec : 0
139.4 msec : 0
139.5 msec : 0
139.6 msec : 0
139.7 msec : 0
139.8 msec : 0
139.9 msec : 0
140.0 msec : 0
140.1 msec : 0
140.2 msec : 0
140.3 msec : 0
140.4 msec : 0
140.5 msec : 0
140.6 msec : 0
140.7 msec : 0
140.8 msec : 0
140.9 msec : 0
141.0 msec : 0
141.1 msec : 0
141.2 msec : 0
141.3 msec : 0
141.4 msec : 0
141.5 msec : 0
141.6 msec : 0
141.7 msec : 0
141.8 msec : 0
141.9 msec : 0
142.0 msec : 0
142.1 msec : 0
142.2 msec : 0
142.3 msec : 0
142.4 msec : 0
142.5 msec : 0
142.6 msec : 0
142.7 msec : 0
142.8 msec : 0
142.9 msec : 0
143.0 msec : 0
143.1 msec : 0
143.2 msec : 0
143.3 msec : 0
143.4 msec : 0
143.5 msec : 0
143.6 msec : 0
143.7 msec : 0
143.8 msec : 0
143.9 msec : 0
144.0 msec : 0
144.1 msec : 0
144.2 msec : 0
144.3 msec : 0
144.4 msec : 0
144.5 msec : 0
144.6 msec : 0
144.7 msec : 0
144.8 msec : 0
144.9 msec : 0
145.0 msec : 0
145.1 msec : 0
145.2 msec : 0
145.3 msec : 0
145.4 msec : 0
145.5 msec : 0
145.6 msec : 0
145.7 msec : 0
145.8 msec : 0
145.9 msec : 0
146.0 msec : 1
146.1 msec : 0
146.2 msec : 0
146.3 msec : 0
146.4 msec : 0
146.5 msec : 0
146.6 msec : 0
146.7 msec : 0
146.8 msec : 0
146.9 msec : 0
147.0 msec : 0
147.1 msec : 0
147.2 msec : 0
147.3 msec : 0
147.4 msec : 0
147.5 msec : 0
147.6 msec : 0
147.7 msec : 0
147.8 msec : 0
147.9 msec : 5
148.0 msec : 2
148.1 msec : 2
148.2 msec : 2
148.3 msec : 2
148.4 msec : 1
