Middleware started...
Middleware shuts down...
Smaller resolution statistics are in a log file...
Final aggregates per worker:


Worker 24
Average throughput (ops/sec) = 291
Average response time (msec) = 3.834273229508197
Average queue length = 10
Average wait time in queue (msec) = 1.1866007540983607
Average service time (msec) = 2.335295098360656
Number of SET = 0
Number of GET = 291
Number of MULTI GET = 0


Worker 7
Average throughput (ops/sec) = 296
Average response time (msec) = 3.789915524590164
Average queue length = 12
Average wait time in queue (msec) = 1.2124381639344262
Average service time (msec) = 2.2680340983606557
Number of SET = 0
Number of GET = 296
Number of MULTI GET = 0


Worker 25
Average throughput (ops/sec) = 287
Average response time (msec) = 3.825264557377049
Average queue length = 11
Average wait time in queue (msec) = 1.1672543442622951
Average service time (msec) = 2.3495514426229507
Number of SET = 0
Number of GET = 287
Number of MULTI GET = 0


Worker 6
Average throughput (ops/sec) = 295
Average response time (msec) = 3.822295540983607
Average queue length = 13
Average wait time in queue (msec) = 1.2230954426229508
Average service time (msec) = 2.2961702131147543
Number of SET = 0
Number of GET = 295
Number of MULTI GET = 0


Worker 26
Average throughput (ops/sec) = 290
Average response time (msec) = 3.8050289672131146
Average queue length = 9
Average wait time in queue (msec) = 1.177358049180328
Average service time (msec) = 2.332510393442623
Number of SET = 0
Number of GET = 290
Number of MULTI GET = 0


Worker 9
Average throughput (ops/sec) = 288
Average response time (msec) = 3.827426786885246
Average queue length = 11
Average wait time in queue (msec) = 1.1863779508196721
Average service time (msec) = 2.331609704918033
Number of SET = 0
Number of GET = 289
Number of MULTI GET = 0


Worker 27
Average throughput (ops/sec) = 297
Average response time (msec) = 3.86621568852459
Average queue length = 9
Average wait time in queue (msec) = 1.2385470327868853
Average service time (msec) = 2.3263023114754096
Number of SET = 0
Number of GET = 297
Number of MULTI GET = 0


Worker 8
Average throughput (ops/sec) = 296
Average response time (msec) = 3.8655802131147543
Average queue length = 12
Average wait time in queue (msec) = 1.2605878196721312
Average service time (msec) = 2.2900512459016396
Number of SET = 0
Number of GET = 296
Number of MULTI GET = 0


Worker 20
Average throughput (ops/sec) = 294
Average response time (msec) = 3.8050463770491803
Average queue length = 8
Average wait time in queue (msec) = 1.2013056557377049
Average service time (msec) = 2.3057138688524588
Number of SET = 0
Number of GET = 294
Number of MULTI GET = 0


Worker 3
Average throughput (ops/sec) = 286
Average response time (msec) = 3.7870676612903225
Average queue length = 11
Average wait time in queue (msec) = 1.188208306451613
Average service time (msec) = 2.28257135483871
Number of SET = 0
Number of GET = 286
Number of MULTI GET = 0


Worker 21
Average throughput (ops/sec) = 289
Average response time (msec) = 3.8032686065573773
Average queue length = 7
Average wait time in queue (msec) = 1.162350475409836
Average service time (msec) = 2.337010852459016
Number of SET = 0
Number of GET = 289
Number of MULTI GET = 0


Worker 2
Average throughput (ops/sec) = 288
Average response time (msec) = 3.809399524590164
Average queue length = 10
Average wait time in queue (msec) = 1.1476226721311475
Average service time (msec) = 2.359361918032787
Number of SET = 0
Number of GET = 288
Number of MULTI GET = 0


Worker 22
Average throughput (ops/sec) = 293
Average response time (msec) = 3.824150868852459
Average queue length = 9
Average wait time in queue (msec) = 1.2087182459016392
Average service time (msec) = 2.320113180327869
Number of SET = 0
Number of GET = 293
Number of MULTI GET = 0


Worker 5
Average throughput (ops/sec) = 292
Average response time (msec) = 3.8018517540983603
Average queue length = 13
Average wait time in queue (msec) = 1.1899505409836066
Average service time (msec) = 2.302107098360656
Number of SET = 0
Number of GET = 292
Number of MULTI GET = 0


Worker 23
Average throughput (ops/sec) = 293
Average response time (msec) = 3.8357480655737706
Average queue length = 10
Average wait time in queue (msec) = 1.2350371639344262
Average service time (msec) = 2.3061447540983604
Number of SET = 0
Number of GET = 293
Number of MULTI GET = 0


Worker 4
Average throughput (ops/sec) = 290
Average response time (msec) = 3.839123098360656
Average queue length = 11
Average wait time in queue (msec) = 1.1788948524590166
Average service time (msec) = 2.342181147540984
Number of SET = 0
Number of GET = 290
Number of MULTI GET = 0


Worker 28
Average throughput (ops/sec) = 292
Average response time (msec) = 3.8452433278688525
Average queue length = 13
Average wait time in queue (msec) = 1.2154292459016394
Average service time (msec) = 2.3360846721311477
Number of SET = 0
Number of GET = 292
Number of MULTI GET = 0


Worker 29
Average throughput (ops/sec) = 285
Average response time (msec) = 3.8374878852459013
Average queue length = 11
Average wait time in queue (msec) = 1.141699737704918
Average service time (msec) = 2.372842
Number of SET = 0
Number of GET = 285
Number of MULTI GET = 0


Worker 1
Average throughput (ops/sec) = 291
Average response time (msec) = 3.856385
Average queue length = 11
Average wait time in queue (msec) = 1.2153468524590165
Average service time (msec) = 2.330161098360656
Number of SET = 0
Number of GET = 291
Number of MULTI GET = 0


Worker 30
Average throughput (ops/sec) = 296
Average response time (msec) = 3.794419508196721
Average queue length = 12
Average wait time in queue (msec) = 1.2096603114754099
Average service time (msec) = 2.2947733606557374
Number of SET = 0
Number of GET = 296
Number of MULTI GET = 0


Worker 13
Average throughput (ops/sec) = 292
Average response time (msec) = 3.856116770491803
Average queue length = 10
Average wait time in queue (msec) = 1.208979901639344
Average service time (msec) = 2.337684426229508
Number of SET = 0
Number of GET = 292
Number of MULTI GET = 0


Worker 14
Average throughput (ops/sec) = 293
Average response time (msec) = 3.8284173606557377
Average queue length = 10
Average wait time in queue (msec) = 1.193842836065574
Average service time (msec) = 2.3491710327868853
Number of SET = 0
Number of GET = 293
Number of MULTI GET = 0


Worker 15
Average throughput (ops/sec) = 294
Average response time (msec) = 3.763568704918033
Average queue length = 13
Average wait time in queue (msec) = 1.1690447213114754
Average service time (msec) = 2.3070960983606557
Number of SET = 0
Number of GET = 294
Number of MULTI GET = 0


Worker 16
Average throughput (ops/sec) = 288
Average response time (msec) = 3.8172083606557377
Average queue length = 11
Average wait time in queue (msec) = 1.1725100655737706
Average service time (msec) = 2.3481923770491804
Number of SET = 0
Number of GET = 289
Number of MULTI GET = 0


Worker 31
Average throughput (ops/sec) = 291
Average response time (msec) = 3.8244856885245904
Average queue length = 8
Average wait time in queue (msec) = 1.1900038688524592
Average service time (msec) = 2.322244393442623
Number of SET = 0
Number of GET = 291
Number of MULTI GET = 0


Worker 32
Average throughput (ops/sec) = 292
Average response time (msec) = 3.8194915901639344
Average queue length = 8
Average wait time in queue (msec) = 1.203050360655738
Average service time (msec) = 2.299958737704918
Number of SET = 0
Number of GET = 292
Number of MULTI GET = 0


Worker 10
Average throughput (ops/sec) = 294
Average response time (msec) = 3.8143087540983602
Average queue length = 12
Average wait time in queue (msec) = 1.2190766229508199
Average service time (msec) = 2.2970985081967212
Number of SET = 0
Number of GET = 294
Number of MULTI GET = 0


Worker 11
Average throughput (ops/sec) = 293
Average response time (msec) = 3.8268820491803277
Average queue length = 9
Average wait time in queue (msec) = 1.2213685737704918
Average service time (msec) = 2.3111709672131147
Number of SET = 0
Number of GET = 293
Number of MULTI GET = 0


Worker 12
Average throughput (ops/sec) = 291
Average response time (msec) = 3.814020606557377
Average queue length = 9
Average wait time in queue (msec) = 1.1878750983606559
Average service time (msec) = 2.323370737704918
Number of SET = 0
Number of GET = 291
Number of MULTI GET = 0


Worker 17
Average throughput (ops/sec) = 292
Average response time (msec) = 3.804284295081967
Average queue length = 8
Average wait time in queue (msec) = 1.1886315737704918
Average service time (msec) = 2.3092451967213115
Number of SET = 0
Number of GET = 292
Number of MULTI GET = 0


Worker 18
Average throughput (ops/sec) = 293
Average response time (msec) = 3.805359081967213
Average queue length = 11
Average wait time in queue (msec) = 1.1988533606557379
Average service time (msec) = 2.308501704918033
Number of SET = 0
Number of GET = 293
Number of MULTI GET = 0


Worker 19
Average throughput (ops/sec) = 290
Average response time (msec) = 3.8212546885245904
Average queue length = 9
Average wait time in queue (msec) = 1.187662475409836
Average service time (msec) = 2.330296229508197
Number of SET = 0
Number of GET = 290
Number of MULTI GET = 0


FINAL STATS
Average throughput (ops/sec) = 9332
Average response time (msec) = 3.737941969443953
Average queue length = 10
Average wait time in queue (msec) = 1.196480721154482
Average service time (msec) = 2.320706881990349
Number of SET = 0
Number of GET = 9334
Number of MULTI GET = 0
Number of Cache misses = 0
Arrival rate (lambda) = [0, 1, 2266, 6195, 7477, 8942, 9811, 9386, 7108, 10469, 9752, 10088, 8969, 9300, 10224, 8456, 10112, 9554, 8572, 10117, 9667, 10017, 10097, 10450, 9623, 10647, 9006, 9076, 9752, 9319, 10098, 9640, 10150, 9401, 9563, 9760, 10125, 10019, 10259, 9922, 9585, 10107, 9961, 9709, 9914, 10078, 9939, 9924, 9825, 9153, 9043, 9488, 10013, 8580, 9805, 9858, 9340, 9676, 10113, 9416, 9732, 9204, 4909, 0]


Histogram response times (0.1 msec step)
0.0 msec : 1
0.1 msec : 7
0.2 msec : 140
0.3 msec : 693
0.4 msec : 1881
0.5 msec : 3819
0.6 msec : 6278
0.7 msec : 8899
0.8 msec : 12010
0.9 msec : 14990
1.0 msec : 17616
1.1 msec : 20938
1.2 msec : 23528
1.3 msec : 25438
1.4 msec : 26410
1.5 msec : 25815
1.6 msec : 24248
1.7 msec : 22921
1.8 msec : 21483
1.9 msec : 19464
2.0 msec : 17541
2.1 msec : 15226
2.2 msec : 13240
2.3 msec : 12094
2.4 msec : 10105
2.5 msec : 8773
2.6 msec : 7695
2.7 msec : 6666
2.8 msec : 5772
2.9 msec : 4907
3.0 msec : 4179
3.1 msec : 3589
3.2 msec : 3373
3.3 msec : 3015
3.4 msec : 2535
3.5 msec : 2188
3.6 msec : 1975
3.7 msec : 1741
3.8 msec : 1600
3.9 msec : 1414
4.0 msec : 1292
4.1 msec : 1213
4.2 msec : 1093
4.3 msec : 973
4.4 msec : 956
4.5 msec : 850
4.6 msec : 843
4.7 msec : 785
4.8 msec : 767
4.9 msec : 696
5.0 msec : 675
5.1 msec : 665
5.2 msec : 631
5.3 msec : 574
5.4 msec : 541
5.5 msec : 651
5.6 msec : 757
5.7 msec : 1065
5.8 msec : 1631
5.9 msec : 2201
6.0 msec : 2907
6.1 msec : 3526
6.2 msec : 4080
6.3 msec : 4964
6.4 msec : 5497
6.5 msec : 6066
6.6 msec : 6317
6.7 msec : 6681
6.8 msec : 6924
6.9 msec : 7206
7.0 msec : 7089
7.1 msec : 6618
7.2 msec : 6381
7.3 msec : 5819
7.4 msec : 5508
7.5 msec : 5139
7.6 msec : 4660
7.7 msec : 4178
7.8 msec : 3885
7.9 msec : 3491
8.0 msec : 3023
8.1 msec : 2888
8.2 msec : 2560
8.3 msec : 2283
8.4 msec : 2138
8.5 msec : 1744
8.6 msec : 1535
8.7 msec : 1368
8.8 msec : 1346
8.9 msec : 1255
9.0 msec : 1100
9.1 msec : 960
9.2 msec : 936
9.3 msec : 863
9.4 msec : 756
9.5 msec : 721
9.6 msec : 672
9.7 msec : 627
9.8 msec : 591
9.9 msec : 556
10.0 msec : 509
10.1 msec : 454
10.2 msec : 457
10.3 msec : 395
10.4 msec : 395
10.5 msec : 340
10.6 msec : 317
10.7 msec : 319
10.8 msec : 312
10.9 msec : 283
11.0 msec : 263
11.1 msec : 266
11.2 msec : 226
11.3 msec : 228
11.4 msec : 223
11.5 msec : 222
11.6 msec : 175
11.7 msec : 173
11.8 msec : 198
11.9 msec : 174
12.0 msec : 125
12.1 msec : 150
12.2 msec : 138
12.3 msec : 128
12.4 msec : 135
12.5 msec : 130
12.6 msec : 130
12.7 msec : 140
12.8 msec : 114
12.9 msec : 102
13.0 msec : 96
13.1 msec : 87
13.2 msec : 93
13.3 msec : 85
13.4 msec : 88
13.5 msec : 71
13.6 msec : 92
13.7 msec : 88
13.8 msec : 80
13.9 msec : 69
14.0 msec : 65
14.1 msec : 64
14.2 msec : 50
14.3 msec : 44
14.4 msec : 61
14.5 msec : 59
14.6 msec : 47
14.7 msec : 39
14.8 msec : 29
14.9 msec : 46
15.0 msec : 37
15.1 msec : 45
15.2 msec : 46
15.3 msec : 55
15.4 msec : 47
15.5 msec : 55
15.6 msec : 43
15.7 msec : 39
15.8 msec : 35
15.9 msec : 39
16.0 msec : 50
16.1 msec : 67
16.2 msec : 58
16.3 msec : 53
16.4 msec : 48
16.5 msec : 55
16.6 msec : 36
16.7 msec : 38
16.8 msec : 50
16.9 msec : 42
17.0 msec : 34
17.1 msec : 40
17.2 msec : 47
17.3 msec : 34
17.4 msec : 37
17.5 msec : 34
17.6 msec : 32
17.7 msec : 36
17.8 msec : 29
17.9 msec : 26
18.0 msec : 32
18.1 msec : 31
18.2 msec : 24
18.3 msec : 42
18.4 msec : 49
18.5 msec : 44
18.6 msec : 41
18.7 msec : 27
18.8 msec : 49
18.9 msec : 24
19.0 msec : 24
19.1 msec : 37
19.2 msec : 39
19.3 msec : 26
19.4 msec : 32
19.5 msec : 31
19.6 msec : 39
19.7 msec : 24
19.8 msec : 21
19.9 msec : 31
20.0 msec : 22
20.1 msec : 14
20.2 msec : 24
20.3 msec : 25
20.4 msec : 36
20.5 msec : 24
20.6 msec : 27
20.7 msec : 17
20.8 msec : 21
20.9 msec : 19
21.0 msec : 15
21.1 msec : 19
21.2 msec : 27
21.3 msec : 18
21.4 msec : 20
21.5 msec : 17
21.6 msec : 9
21.7 msec : 13
21.8 msec : 15
21.9 msec : 11
22.0 msec : 14
22.1 msec : 9
22.2 msec : 16
22.3 msec : 17
22.4 msec : 7
22.5 msec : 11
22.6 msec : 8
22.7 msec : 12
22.8 msec : 11
22.9 msec : 10
23.0 msec : 14
23.1 msec : 18
23.2 msec : 13
23.3 msec : 19
23.4 msec : 22
23.5 msec : 20
23.6 msec : 23
23.7 msec : 8
23.8 msec : 14
23.9 msec : 14
24.0 msec : 10
24.1 msec : 14
24.2 msec : 9
24.3 msec : 7
24.4 msec : 6
24.5 msec : 8
24.6 msec : 13
24.7 msec : 8
24.8 msec : 5
24.9 msec : 6
25.0 msec : 4
25.1 msec : 8
25.2 msec : 3
25.3 msec : 11
25.4 msec : 6
25.5 msec : 12
25.6 msec : 10
25.7 msec : 8
25.8 msec : 14
25.9 msec : 15
26.0 msec : 18
26.1 msec : 13
26.2 msec : 24
26.3 msec : 14
26.4 msec : 15
26.5 msec : 28
26.6 msec : 22
26.7 msec : 34
26.8 msec : 20
26.9 msec : 16
27.0 msec : 24
27.1 msec : 15
27.2 msec : 7
27.3 msec : 12
27.4 msec : 10
27.5 msec : 16
27.6 msec : 9
27.7 msec : 6
27.8 msec : 10
27.9 msec : 7
28.0 msec : 12
28.1 msec : 5
28.2 msec : 6
28.3 msec : 6
28.4 msec : 4
28.5 msec : 10
28.6 msec : 13
28.7 msec : 7
28.8 msec : 7
28.9 msec : 9
29.0 msec : 11
29.1 msec : 6
29.2 msec : 14
29.3 msec : 20
29.4 msec : 10
29.5 msec : 9
29.6 msec : 12
29.7 msec : 21
29.8 msec : 24
29.9 msec : 18
30.0 msec : 18
30.1 msec : 17
30.2 msec : 16
30.3 msec : 14
30.4 msec : 8
30.5 msec : 9
30.6 msec : 7
30.7 msec : 7
30.8 msec : 7
30.9 msec : 9
31.0 msec : 9
31.1 msec : 3
31.2 msec : 6
31.3 msec : 4
31.4 msec : 4
31.5 msec : 2
31.6 msec : 6
31.7 msec : 2
31.8 msec : 5
31.9 msec : 4
32.0 msec : 6
32.1 msec : 10
32.2 msec : 12
32.3 msec : 12
32.4 msec : 8
32.5 msec : 5
32.6 msec : 6
32.7 msec : 2
32.8 msec : 3
32.9 msec : 3
33.0 msec : 2
33.1 msec : 4
33.2 msec : 5
33.3 msec : 2
33.4 msec : 6
33.5 msec : 3
33.6 msec : 1
33.7 msec : 4
33.8 msec : 3
33.9 msec : 1
34.0 msec : 3
34.1 msec : 2
34.2 msec : 4
34.3 msec : 2
34.4 msec : 0
34.5 msec : 0
34.6 msec : 0
34.7 msec : 4
34.8 msec : 1
34.9 msec : 2
35.0 msec : 3
35.1 msec : 4
35.2 msec : 2
35.3 msec : 1
35.4 msec : 3
35.5 msec : 0
35.6 msec : 3
35.7 msec : 2
35.8 msec : 9
35.9 msec : 7
36.0 msec : 8
36.1 msec : 2
36.2 msec : 3
36.3 msec : 3
36.4 msec : 1
36.5 msec : 2
36.6 msec : 6
36.7 msec : 2
36.8 msec : 6
36.9 msec : 3
37.0 msec : 6
37.1 msec : 3
37.2 msec : 2
37.3 msec : 3
37.4 msec : 2
37.5 msec : 4
37.6 msec : 3
37.7 msec : 9
37.8 msec : 2
37.9 msec : 6
38.0 msec : 3
38.1 msec : 6
38.2 msec : 7
38.3 msec : 5
38.4 msec : 3
38.5 msec : 1
38.6 msec : 3
38.7 msec : 2
38.8 msec : 6
38.9 msec : 10
39.0 msec : 7
39.1 msec : 5
39.2 msec : 3
39.3 msec : 1
39.4 msec : 3
39.5 msec : 5
39.6 msec : 3
39.7 msec : 4
39.8 msec : 4
39.9 msec : 1
40.0 msec : 1
40.1 msec : 1
40.2 msec : 2
40.3 msec : 2
40.4 msec : 6
40.5 msec : 1
40.6 msec : 3
40.7 msec : 0
40.8 msec : 0
40.9 msec : 0
41.0 msec : 6
41.1 msec : 2
41.2 msec : 0
41.3 msec : 0
41.4 msec : 0
41.5 msec : 1
41.6 msec : 2
41.7 msec : 1
41.8 msec : 0
41.9 msec : 0
42.0 msec : 0
42.1 msec : 0
42.2 msec : 0
42.3 msec : 1
42.4 msec : 0
42.5 msec : 0
42.6 msec : 0
42.7 msec : 0
42.8 msec : 0
42.9 msec : 1
43.0 msec : 0
43.1 msec : 0
43.2 msec : 0
43.3 msec : 1
43.4 msec : 0
43.5 msec : 0
43.6 msec : 0
43.7 msec : 2
43.8 msec : 1
43.9 msec : 0
44.0 msec : 0
44.1 msec : 0
44.2 msec : 1
44.3 msec : 4
44.4 msec : 0
44.5 msec : 0
44.6 msec : 1
44.7 msec : 1
44.8 msec : 0
44.9 msec : 1
45.0 msec : 0
45.1 msec : 2
45.2 msec : 1
45.3 msec : 0
45.4 msec : 0
45.5 msec : 0
45.6 msec : 0
45.7 msec : 2
45.8 msec : 2
45.9 msec : 1
46.0 msec : 1
46.1 msec : 1
46.2 msec : 4
46.3 msec : 0
46.4 msec : 1
46.5 msec : 0
46.6 msec : 0
46.7 msec : 2
46.8 msec : 0
46.9 msec : 2
47.0 msec : 0
47.1 msec : 2
47.2 msec : 0
47.3 msec : 1
47.4 msec : 1
47.5 msec : 0
47.6 msec : 1
47.7 msec : 0
47.8 msec : 1
47.9 msec : 0
48.0 msec : 0
48.1 msec : 1
48.2 msec : 0
48.3 msec : 1
48.4 msec : 5
48.5 msec : 2
48.6 msec : 3
48.7 msec : 2
48.8 msec : 2
48.9 msec : 5
49.0 msec : 1
49.1 msec : 1
49.2 msec : 1
49.3 msec : 0
49.4 msec : 0
49.5 msec : 0
49.6 msec : 1
49.7 msec : 2
49.8 msec : 1
49.9 msec : 1
50.0 msec : 3
50.1 msec : 0
50.2 msec : 0
50.3 msec : 0
50.4 msec : 0
50.5 msec : 1
50.6 msec : 1
50.7 msec : 0
50.8 msec : 0
50.9 msec : 0
51.0 msec : 0
51.1 msec : 1
51.2 msec : 0
51.3 msec : 0
51.4 msec : 0
51.5 msec : 2
51.6 msec : 2
51.7 msec : 0
51.8 msec : 2
51.9 msec : 3
52.0 msec : 2
52.1 msec : 1
52.2 msec : 2
52.3 msec : 0
52.4 msec : 1
52.5 msec : 3
52.6 msec : 0
52.7 msec : 0
52.8 msec : 4
52.9 msec : 7
53.0 msec : 5
53.1 msec : 2
53.2 msec : 2
53.3 msec : 0
53.4 msec : 5
53.5 msec : 2
53.6 msec : 0
53.7 msec : 0
53.8 msec : 0
53.9 msec : 0
54.0 msec : 0
54.1 msec : 2
54.2 msec : 1
54.3 msec : 3
54.4 msec : 3
54.5 msec : 10
54.6 msec : 0
54.7 msec : 0
54.8 msec : 2
54.9 msec : 1
55.0 msec : 0
55.1 msec : 0
55.2 msec : 0
55.3 msec : 2
55.4 msec : 1
55.5 msec : 0
55.6 msec : 0
55.7 msec : 0
55.8 msec : 1
55.9 msec : 1
56.0 msec : 1
56.1 msec : 0
56.2 msec : 0
56.3 msec : 0
56.4 msec : 1
56.5 msec : 0
56.6 msec : 0
56.7 msec : 0
56.8 msec : 1
56.9 msec : 0
57.0 msec : 1
57.1 msec : 1
57.2 msec : 2
57.3 msec : 0
57.4 msec : 0
57.5 msec : 0
57.6 msec : 0
57.7 msec : 0
57.8 msec : 0
57.9 msec : 0
58.0 msec : 1
58.1 msec : 0
58.2 msec : 0
58.3 msec : 0
58.4 msec : 0
58.5 msec : 0
58.6 msec : 0
58.7 msec : 0
58.8 msec : 0
58.9 msec : 0
59.0 msec : 0
59.1 msec : 0
59.2 msec : 0
59.3 msec : 0
59.4 msec : 0
59.5 msec : 0
59.6 msec : 0
59.7 msec : 0
59.8 msec : 0
59.9 msec : 5
60.0 msec : 0
60.1 msec : 1
60.2 msec : 3
60.3 msec : 0
60.4 msec : 1
60.5 msec : 0
60.6 msec : 1
60.7 msec : 0
60.8 msec : 0
60.9 msec : 0
61.0 msec : 0
61.1 msec : 1
61.2 msec : 0
61.3 msec : 0
61.4 msec : 0
61.5 msec : 0
61.6 msec : 0
61.7 msec : 1
61.8 msec : 0
61.9 msec : 0
62.0 msec : 0
62.1 msec : 0
62.2 msec : 0
62.3 msec : 0
62.4 msec : 0
62.5 msec : 0
62.6 msec : 0
62.7 msec : 0
62.8 msec : 0
62.9 msec : 0
63.0 msec : 0
63.1 msec : 0
63.2 msec : 0
63.3 msec : 0
63.4 msec : 1
63.5 msec : 0
63.6 msec : 0
63.7 msec : 0
63.8 msec : 0
63.9 msec : 0
64.0 msec : 0
64.1 msec : 0
64.2 msec : 0
64.3 msec : 0
64.4 msec : 0
64.5 msec : 0
64.6 msec : 0
64.7 msec : 0
64.8 msec : 0
64.9 msec : 0
65.0 msec : 0
65.1 msec : 0
65.2 msec : 0
65.3 msec : 0
65.4 msec : 0
65.5 msec : 0
65.6 msec : 0
65.7 msec : 5
65.8 msec : 6
65.9 msec : 6
66.0 msec : 2
66.1 msec : 2
66.2 msec : 2
66.3 msec : 1
66.4 msec : 0
66.5 msec : 0
66.6 msec : 2
66.7 msec : 0
66.8 msec : 0
66.9 msec : 0
67.0 msec : 0
67.1 msec : 0
67.2 msec : 0
67.3 msec : 0
67.4 msec : 0
67.5 msec : 0
67.6 msec : 0
67.7 msec : 0
67.8 msec : 0
67.9 msec : 0
68.0 msec : 0
68.1 msec : 0
68.2 msec : 0
68.3 msec : 0
68.4 msec : 0
68.5 msec : 0
68.6 msec : 1
68.7 msec : 0
68.8 msec : 0
68.9 msec : 1
69.0 msec : 3
69.1 msec : 0
69.2 msec : 2
69.3 msec : 0
69.4 msec : 1
69.5 msec : 0
69.6 msec : 0
69.7 msec : 0
69.8 msec : 1
69.9 msec : 0
70.0 msec : 1
70.1 msec : 0
70.2 msec : 0
70.3 msec : 0
70.4 msec : 0
70.5 msec : 0
70.6 msec : 0
70.7 msec : 0
70.8 msec : 0
70.9 msec : 0
71.0 msec : 0
71.1 msec : 0
71.2 msec : 0
71.3 msec : 0
71.4 msec : 0
71.5 msec : 0
71.6 msec : 0
71.7 msec : 0
71.8 msec : 0
71.9 msec : 0
72.0 msec : 0
72.1 msec : 0
72.2 msec : 0
72.3 msec : 0
72.4 msec : 0
72.5 msec : 0
72.6 msec : 0
72.7 msec : 0
72.8 msec : 0
72.9 msec : 1
73.0 msec : 0
73.1 msec : 0
73.2 msec : 0
73.3 msec : 0
73.4 msec : 0
73.5 msec : 0
73.6 msec : 0
73.7 msec : 0
73.8 msec : 0
73.9 msec : 0
74.0 msec : 0
74.1 msec : 0
74.2 msec : 0
74.3 msec : 0
74.4 msec : 0
74.5 msec : 0
74.6 msec : 0
74.7 msec : 0
74.8 msec : 0
74.9 msec : 0
75.0 msec : 0
75.1 msec : 0
75.2 msec : 0
75.3 msec : 0
75.4 msec : 0
75.5 msec : 3
75.6 msec : 1
75.7 msec : 0
75.8 msec : 1
75.9 msec : 0
76.0 msec : 0
76.1 msec : 0
76.2 msec : 0
76.3 msec : 0
76.4 msec : 0
76.5 msec : 0
76.6 msec : 0
76.7 msec : 1
76.8 msec : 0
76.9 msec : 0
77.0 msec : 1
77.1 msec : 1
77.2 msec : 0
77.3 msec : 0
77.4 msec : 0
77.5 msec : 0
77.6 msec : 0
77.7 msec : 2
77.8 msec : 0
77.9 msec : 0
78.0 msec : 0
78.1 msec : 0
78.2 msec : 0
78.3 msec : 0
78.4 msec : 0
78.5 msec : 1
78.6 msec : 1
78.7 msec : 0
78.8 msec : 0
78.9 msec : 0
79.0 msec : 0
79.1 msec : 0
79.2 msec : 0
79.3 msec : 0
79.4 msec : 0
79.5 msec : 0
79.6 msec : 0
79.7 msec : 0
79.8 msec : 1
79.9 msec : 0
80.0 msec : 0
80.1 msec : 0
80.2 msec : 0
80.3 msec : 0
80.4 msec : 0
80.5 msec : 0
80.6 msec : 0
80.7 msec : 0
80.8 msec : 0
80.9 msec : 0
81.0 msec : 0
81.1 msec : 0
81.2 msec : 1
81.3 msec : 0
81.4 msec : 1
81.5 msec : 1
81.6 msec : 1
81.7 msec : 0
81.8 msec : 0
81.9 msec : 0
82.0 msec : 0
82.1 msec : 2
82.2 msec : 1
82.3 msec : 2
82.4 msec : 1
82.5 msec : 2
82.6 msec : 10
82.7 msec : 1
82.8 msec : 1
82.9 msec : 3
83.0 msec : 0
83.1 msec : 5
83.2 msec : 3
83.3 msec : 0
83.4 msec : 0
83.5 msec : 2
83.6 msec : 1
83.7 msec : 1
83.8 msec : 0
83.9 msec : 3
84.0 msec : 1
84.1 msec : 0
84.2 msec : 1
84.3 msec : 2
84.4 msec : 0
84.5 msec : 0
84.6 msec : 0
84.7 msec : 0
84.8 msec : 0
84.9 msec : 0
85.0 msec : 1
85.1 msec : 0
85.2 msec : 0
85.3 msec : 0
85.4 msec : 0
85.5 msec : 0
85.6 msec : 0
85.7 msec : 1
85.8 msec : 2
85.9 msec : 0
86.0 msec : 0
86.1 msec : 0
86.2 msec : 0
86.3 msec : 0
86.4 msec : 0
86.5 msec : 0
86.6 msec : 0
86.7 msec : 0
86.8 msec : 1
86.9 msec : 1
87.0 msec : 0
87.1 msec : 0
87.2 msec : 1
87.3 msec : 2
87.4 msec : 0
87.5 msec : 0
87.6 msec : 0
87.7 msec : 0
87.8 msec : 0
87.9 msec : 0
88.0 msec : 0
88.1 msec : 0
88.2 msec : 0
88.3 msec : 0
88.4 msec : 0
88.5 msec : 0
88.6 msec : 0
88.7 msec : 0
88.8 msec : 0
88.9 msec : 0
89.0 msec : 0
89.1 msec : 0
89.2 msec : 0
89.3 msec : 0
89.4 msec : 0
89.5 msec : 0
89.6 msec : 1
89.7 msec : 0
89.8 msec : 0
89.9 msec : 0
90.0 msec : 0
90.1 msec : 0
90.2 msec : 0
90.3 msec : 0
90.4 msec : 0
90.5 msec : 0
90.6 msec : 0
90.7 msec : 0
90.8 msec : 0
90.9 msec : 0
91.0 msec : 0
91.1 msec : 0
91.2 msec : 0
91.3 msec : 0
91.4 msec : 0
91.5 msec : 0
91.6 msec : 0
91.7 msec : 0
91.8 msec : 0
91.9 msec : 0
92.0 msec : 0
92.1 msec : 0
92.2 msec : 0
92.3 msec : 0
92.4 msec : 0
92.5 msec : 1
92.6 msec : 0
92.7 msec : 0
92.8 msec : 0
92.9 msec : 0
93.0 msec : 0
93.1 msec : 0
93.2 msec : 0
93.3 msec : 0
93.4 msec : 0
93.5 msec : 0
93.6 msec : 0
93.7 msec : 0
93.8 msec : 0
93.9 msec : 0
94.0 msec : 0
94.1 msec : 0
94.2 msec : 0
94.3 msec : 0
94.4 msec : 0
94.5 msec : 0
94.6 msec : 0
94.7 msec : 0
94.8 msec : 0
94.9 msec : 0
95.0 msec : 0
95.1 msec : 0
95.2 msec : 0
95.3 msec : 0
95.4 msec : 0
95.5 msec : 0
95.6 msec : 0
95.7 msec : 0
95.8 msec : 0
95.9 msec : 0
96.0 msec : 0
96.1 msec : 0
96.2 msec : 0
96.3 msec : 0
96.4 msec : 0
96.5 msec : 0
96.6 msec : 0
96.7 msec : 0
96.8 msec : 0
96.9 msec : 0
97.0 msec : 0
97.1 msec : 0
97.2 msec : 0
97.3 msec : 0
97.4 msec : 0
97.5 msec : 0
97.6 msec : 0
97.7 msec : 0
97.8 msec : 0
97.9 msec : 0
98.0 msec : 0
98.1 msec : 0
98.2 msec : 0
98.3 msec : 0
98.4 msec : 0
98.5 msec : 0
98.6 msec : 0
98.7 msec : 0
98.8 msec : 0
98.9 msec : 0
99.0 msec : 0
99.1 msec : 0
99.2 msec : 0
99.3 msec : 0
99.4 msec : 0
99.5 msec : 0
99.6 msec : 0
99.7 msec : 0
99.8 msec : 0
99.9 msec : 0
100.0 msec : 0
100.1 msec : 0
100.2 msec : 0
100.3 msec : 0
100.4 msec : 0
100.5 msec : 0
100.6 msec : 0
100.7 msec : 0
100.8 msec : 0
100.9 msec : 0
101.0 msec : 0
101.1 msec : 0
101.2 msec : 0
101.3 msec : 0
101.4 msec : 0
101.5 msec : 0
101.6 msec : 0
101.7 msec : 0
101.8 msec : 0
101.9 msec : 0
102.0 msec : 0
102.1 msec : 0
102.2 msec : 0
102.3 msec : 0
102.4 msec : 0
102.5 msec : 0
102.6 msec : 0
102.7 msec : 0
102.8 msec : 0
102.9 msec : 0
103.0 msec : 0
103.1 msec : 0
103.2 msec : 0
103.3 msec : 0
103.4 msec : 0
103.5 msec : 0
103.6 msec : 0
103.7 msec : 0
103.8 msec : 0
103.9 msec : 0
104.0 msec : 0
104.1 msec : 0
104.2 msec : 0
104.3 msec : 0
104.4 msec : 0
104.5 msec : 0
104.6 msec : 0
104.7 msec : 0
104.8 msec : 0
104.9 msec : 0
105.0 msec : 0
105.1 msec : 0
105.2 msec : 0
105.3 msec : 0
105.4 msec : 0
105.5 msec : 0
105.6 msec : 0
105.7 msec : 0
105.8 msec : 0
105.9 msec : 0
106.0 msec : 0
106.1 msec : 0
106.2 msec : 0
106.3 msec : 0
106.4 msec : 0
106.5 msec : 0
106.6 msec : 0
106.7 msec : 0
106.8 msec : 0
106.9 msec : 1
107.0 msec : 0
107.1 msec : 0
107.2 msec : 0
107.3 msec : 0
107.4 msec : 0
107.5 msec : 0
107.6 msec : 0
107.7 msec : 0
107.8 msec : 0
107.9 msec : 0
108.0 msec : 0
108.1 msec : 0
108.2 msec : 0
108.3 msec : 0
108.4 msec : 0
108.5 msec : 0
108.6 msec : 0
108.7 msec : 0
108.8 msec : 0
108.9 msec : 0
109.0 msec : 0
109.1 msec : 0
109.2 msec : 0
109.3 msec : 0
109.4 msec : 0
109.5 msec : 0
109.6 msec : 0
109.7 msec : 0
109.8 msec : 0
109.9 msec : 0
110.0 msec : 0
110.1 msec : 0
110.2 msec : 0
110.3 msec : 0
110.4 msec : 0
110.5 msec : 0
110.6 msec : 0
110.7 msec : 0
110.8 msec : 0
110.9 msec : 0
111.0 msec : 0
111.1 msec : 0
111.2 msec : 0
111.3 msec : 0
111.4 msec : 0
111.5 msec : 0
111.6 msec : 0
111.7 msec : 0
111.8 msec : 0
111.9 msec : 0
112.0 msec : 0
112.1 msec : 0
112.2 msec : 0
112.3 msec : 0
112.4 msec : 0
112.5 msec : 0
112.6 msec : 0
112.7 msec : 0
112.8 msec : 0
112.9 msec : 0
113.0 msec : 0
113.1 msec : 2
113.2 msec : 1
113.3 msec : 0
113.4 msec : 0
113.5 msec : 0
113.6 msec : 0
113.7 msec : 0
113.8 msec : 0
113.9 msec : 0
114.0 msec : 0
114.1 msec : 0
114.2 msec : 0
114.3 msec : 0
114.4 msec : 0
114.5 msec : 0
114.6 msec : 0
114.7 msec : 0
114.8 msec : 0
114.9 msec : 0
115.0 msec : 0
115.1 msec : 0
115.2 msec : 0
115.3 msec : 0
115.4 msec : 0
115.5 msec : 2
115.6 msec : 4
115.7 msec : 0
115.8 msec : 0
115.9 msec : 0
116.0 msec : 0
116.1 msec : 0
116.2 msec : 0
116.3 msec : 0
116.4 msec : 0
116.5 msec : 0
116.6 msec : 0
116.7 msec : 0
116.8 msec : 0
116.9 msec : 0
117.0 msec : 0
117.1 msec : 0
117.2 msec : 0
117.3 msec : 0
117.4 msec : 0
117.5 msec : 0
117.6 msec : 0
117.7 msec : 0
117.8 msec : 0
117.9 msec : 0
118.0 msec : 0
118.1 msec : 0
118.2 msec : 0
118.3 msec : 0
118.4 msec : 0
118.5 msec : 0
118.6 msec : 0
118.7 msec : 0
118.8 msec : 0
118.9 msec : 0
119.0 msec : 0
119.1 msec : 0
119.2 msec : 0
119.3 msec : 0
119.4 msec : 0
119.5 msec : 0
119.6 msec : 0
119.7 msec : 0
119.8 msec : 0
119.9 msec : 0
120.0 msec : 0
120.1 msec : 0
120.2 msec : 0
120.3 msec : 0
120.4 msec : 0
120.5 msec : 0
120.6 msec : 0
120.7 msec : 0
120.8 msec : 0
120.9 msec : 0
121.0 msec : 0
121.1 msec : 0
121.2 msec : 0
121.3 msec : 0
121.4 msec : 0
121.5 msec : 0
121.6 msec : 0
121.7 msec : 0
121.8 msec : 0
121.9 msec : 0
122.0 msec : 0
122.1 msec : 0
122.2 msec : 0
122.3 msec : 0
122.4 msec : 0
122.5 msec : 0
122.6 msec : 0
122.7 msec : 0
122.8 msec : 0
122.9 msec : 0
123.0 msec : 0
123.1 msec : 0
123.2 msec : 0
123.3 msec : 0
123.4 msec : 0
123.5 msec : 0
123.6 msec : 0
123.7 msec : 0
123.8 msec : 0
123.9 msec : 0
124.0 msec : 0
124.1 msec : 0
124.2 msec : 0
124.3 msec : 0
124.4 msec : 0
124.5 msec : 0
124.6 msec : 0
124.7 msec : 0
124.8 msec : 0
124.9 msec : 0
125.0 msec : 0
125.1 msec : 0
125.2 msec : 0
125.3 msec : 0
125.4 msec : 0
125.5 msec : 0
125.6 msec : 0
125.7 msec : 0
125.8 msec : 0
125.9 msec : 0
126.0 msec : 0
126.1 msec : 0
126.2 msec : 0
126.3 msec : 0
126.4 msec : 0
126.5 msec : 0
126.6 msec : 0
126.7 msec : 0
126.8 msec : 0
126.9 msec : 0
127.0 msec : 0
127.1 msec : 0
127.2 msec : 0
127.3 msec : 0
127.4 msec : 0
127.5 msec : 0
127.6 msec : 0
127.7 msec : 0
127.8 msec : 0
127.9 msec : 0
128.0 msec : 0
128.1 msec : 0
128.2 msec : 0
128.3 msec : 0
128.4 msec : 0
128.5 msec : 0
128.6 msec : 0
128.7 msec : 0
128.8 msec : 0
128.9 msec : 0
129.0 msec : 0
129.1 msec : 0
129.2 msec : 0
129.3 msec : 0
129.4 msec : 0
129.5 msec : 0
129.6 msec : 0
129.7 msec : 0
129.8 msec : 0
129.9 msec : 0
130.0 msec : 0
130.1 msec : 0
130.2 msec : 0
130.3 msec : 0
130.4 msec : 0
130.5 msec : 0
130.6 msec : 0
130.7 msec : 0
130.8 msec : 0
130.9 msec : 0
131.0 msec : 0
131.1 msec : 0
131.2 msec : 0
131.3 msec : 0
131.4 msec : 0
131.5 msec : 0
131.6 msec : 0
131.7 msec : 0
131.8 msec : 0
131.9 msec : 0
132.0 msec : 0
132.1 msec : 0
132.2 msec : 0
132.3 msec : 0
132.4 msec : 0
132.5 msec : 0
132.6 msec : 0
132.7 msec : 0
132.8 msec : 0
132.9 msec : 0
133.0 msec : 0
133.1 msec : 0
133.2 msec : 0
133.3 msec : 0
133.4 msec : 0
133.5 msec : 0
133.6 msec : 0
133.7 msec : 0
133.8 msec : 0
133.9 msec : 0
134.0 msec : 0
134.1 msec : 0
134.2 msec : 0
134.3 msec : 0
134.4 msec : 0
134.5 msec : 0
134.6 msec : 0
134.7 msec : 0
134.8 msec : 0
134.9 msec : 0
135.0 msec : 0
135.1 msec : 0
135.2 msec : 0
135.3 msec : 0
135.4 msec : 0
135.5 msec : 0
135.6 msec : 0
135.7 msec : 0
135.8 msec : 0
135.9 msec : 0
136.0 msec : 0
136.1 msec : 0
136.2 msec : 0
136.3 msec : 0
136.4 msec : 0
136.5 msec : 0
136.6 msec : 0
136.7 msec : 0
136.8 msec : 0
136.9 msec : 0
137.0 msec : 0
137.1 msec : 0
137.2 msec : 0
137.3 msec : 0
137.4 msec : 0
137.5 msec : 0
137.6 msec : 0
137.7 msec : 0
137.8 msec : 0
137.9 msec : 0
138.0 msec : 0
138.1 msec : 0
138.2 msec : 0
138.3 msec : 0
138.4 msec : 0
138.5 msec : 0
138.6 msec : 0
138.7 msec : 0
138.8 msec : 0
138.9 msec : 0
139.0 msec : 0
139.1 msec : 0
139.2 msec : 0
139.3 msec : 0
139.4 msec : 0
139.5 msec : 0
139.6 msec : 0
139.7 msec : 0
139.8 msec : 0
139.9 msec : 0
140.0 msec : 0
140.1 msec : 0
140.2 msec : 0
140.3 msec : 0
140.4 msec : 0
140.5 msec : 0
140.6 msec : 0
140.7 msec : 9
140.8 msec : 5
140.9 msec : 1
141.0 msec : 0
141.1 msec : 0
141.2 msec : 0
141.3 msec : 0
141.4 msec : 0
141.5 msec : 0
141.6 msec : 0
141.7 msec : 0
141.8 msec : 0
141.9 msec : 0
142.0 msec : 0
142.1 msec : 0
142.2 msec : 0
142.3 msec : 0
142.4 msec : 1
142.5 msec : 1
142.6 msec : 0
142.7 msec : 0
142.8 msec : 0
142.9 msec : 0
143.0 msec : 0
143.1 msec : 0
143.2 msec : 0
143.3 msec : 0
143.4 msec : 0
143.5 msec : 0
143.6 msec : 0
143.7 msec : 0
143.8 msec : 0
143.9 msec : 0
144.0 msec : 0
144.1 msec : 0
144.2 msec : 0
144.3 msec : 0
144.4 msec : 0
144.5 msec : 0
144.6 msec : 0
144.7 msec : 0
144.8 msec : 0
144.9 msec : 0
145.0 msec : 0
145.1 msec : 0
145.2 msec : 0
145.3 msec : 0
145.4 msec : 0
145.5 msec : 0
145.6 msec : 0
145.7 msec : 0
145.8 msec : 0
145.9 msec : 0
146.0 msec : 0
146.1 msec : 0
146.2 msec : 0
146.3 msec : 0
146.4 msec : 1
146.5 msec : 0
146.6 msec : 6
146.7 msec : 4
146.8 msec : 2
146.9 msec : 1
147.0 msec : 0
147.1 msec : 0
147.2 msec : 0
147.3 msec : 0
147.4 msec : 0
147.5 msec : 0
147.6 msec : 0
147.7 msec : 0
147.8 msec : 0
147.9 msec : 0
148.0 msec : 0
148.1 msec : 0
148.2 msec : 0
148.3 msec : 0
148.4 msec : 0
148.5 msec : 0
148.6 msec : 0
148.7 msec : 0
148.8 msec : 0
148.9 msec : 0
149.0 msec : 0
149.1 msec : 0
149.2 msec : 0
149.3 msec : 0
149.4 msec : 0
149.5 msec : 0
149.6 msec : 0
149.7 msec : 0
149.8 msec : 0
149.9 msec : 0
150.0 msec : 0
150.1 msec : 0
150.2 msec : 0
150.3 msec : 0
150.4 msec : 0
150.5 msec : 0
150.6 msec : 0
150.7 msec : 0
150.8 msec : 0
150.9 msec : 0
151.0 msec : 0
151.1 msec : 0
151.2 msec : 0
151.3 msec : 0
151.4 msec : 0
151.5 msec : 0
151.6 msec : 0
151.7 msec : 0
151.8 msec : 0
151.9 msec : 0
152.0 msec : 0
152.1 msec : 0
152.2 msec : 0
152.3 msec : 0
152.4 msec : 0
152.5 msec : 0
152.6 msec : 0
152.7 msec : 0
152.8 msec : 0
152.9 msec : 0
153.0 msec : 0
153.1 msec : 0
153.2 msec : 0
153.3 msec : 0
153.4 msec : 0
153.5 msec : 0
153.6 msec : 0
153.7 msec : 0
153.8 msec : 0
153.9 msec : 0
154.0 msec : 0
154.1 msec : 0
154.2 msec : 0
154.3 msec : 0
154.4 msec : 0
154.5 msec : 0
154.6 msec : 0
154.7 msec : 0
154.8 msec : 0
154.9 msec : 0
155.0 msec : 0
155.1 msec : 0
155.2 msec : 0
155.3 msec : 0
155.4 msec : 0
155.5 msec : 0
155.6 msec : 0
155.7 msec : 0
155.8 msec : 0
155.9 msec : 0
156.0 msec : 0
156.1 msec : 0
156.2 msec : 0
156.3 msec : 0
156.4 msec : 0
156.5 msec : 0
156.6 msec : 0
156.7 msec : 0
156.8 msec : 0
156.9 msec : 0
157.0 msec : 0
157.1 msec : 0
157.2 msec : 0
157.3 msec : 0
157.4 msec : 0
157.5 msec : 0
157.6 msec : 0
157.7 msec : 0
157.8 msec : 0
157.9 msec : 0
158.0 msec : 0
158.1 msec : 0
158.2 msec : 0
158.3 msec : 0
158.4 msec : 0
158.5 msec : 0
158.6 msec : 0
158.7 msec : 0
158.8 msec : 0
158.9 msec : 0
159.0 msec : 0
159.1 msec : 0
159.2 msec : 0
159.3 msec : 0
159.4 msec : 0
159.5 msec : 0
159.6 msec : 0
159.7 msec : 0
159.8 msec : 0
159.9 msec : 0
160.0 msec : 0
160.1 msec : 0
160.2 msec : 0
160.3 msec : 0
160.4 msec : 0
160.5 msec : 0
160.6 msec : 0
160.7 msec : 0
160.8 msec : 0
160.9 msec : 0
161.0 msec : 0
161.1 msec : 0
161.2 msec : 0
161.3 msec : 0
161.4 msec : 0
161.5 msec : 0
161.6 msec : 0
161.7 msec : 0
161.8 msec : 0
161.9 msec : 0
162.0 msec : 0
162.1 msec : 0
162.2 msec : 0
162.3 msec : 0
162.4 msec : 0
162.5 msec : 0
162.6 msec : 0
162.7 msec : 0
162.8 msec : 0
162.9 msec : 0
163.0 msec : 0
163.1 msec : 1
163.2 msec : 2
163.3 msec : 5
163.4 msec : 6
163.5 msec : 6
163.6 msec : 0
163.7 msec : 0
163.8 msec : 0
163.9 msec : 0
164.0 msec : 0
164.1 msec : 0
164.2 msec : 0
164.3 msec : 0
164.4 msec : 0
164.5 msec : 0
164.6 msec : 0
164.7 msec : 0
164.8 msec : 0
164.9 msec : 0
165.0 msec : 0
165.1 msec : 0
165.2 msec : 0
165.3 msec : 0
165.4 msec : 0
165.5 msec : 0
165.6 msec : 0
165.7 msec : 0
165.8 msec : 0
165.9 msec : 0
166.0 msec : 0
166.1 msec : 0
166.2 msec : 0
166.3 msec : 0
166.4 msec : 0
166.5 msec : 0
166.6 msec : 0
166.7 msec : 0
166.8 msec : 0
166.9 msec : 0
167.0 msec : 0
167.1 msec : 0
167.2 msec : 0
167.3 msec : 0
167.4 msec : 0
167.5 msec : 0
167.6 msec : 0
167.7 msec : 0
167.8 msec : 0
167.9 msec : 0
168.0 msec : 0
168.1 msec : 0
168.2 msec : 0
168.3 msec : 0
168.4 msec : 0
168.5 msec : 0
168.6 msec : 0
168.7 msec : 0
168.8 msec : 0
168.9 msec : 0
169.0 msec : 0
169.1 msec : 0
169.2 msec : 0
169.3 msec : 0
169.4 msec : 0
169.5 msec : 0
169.6 msec : 0
169.7 msec : 0
169.8 msec : 0
169.9 msec : 0
170.0 msec : 0
170.1 msec : 0
170.2 msec : 0
170.3 msec : 0
170.4 msec : 1
170.5 msec : 0
170.6 msec : 0
170.7 msec : 1
170.8 msec : 1
170.9 msec : 0
171.0 msec : 0
171.1 msec : 0
171.2 msec : 0
171.3 msec : 0
171.4 msec : 0
171.5 msec : 0
171.6 msec : 0
171.7 msec : 1
171.8 msec : 0
171.9 msec : 0
172.0 msec : 0
172.1 msec : 0
172.2 msec : 3
172.3 msec : 2
172.4 msec : 1
172.5 msec : 1
172.6 msec : 2
172.7 msec : 0
172.8 msec : 0
172.9 msec : 0
173.0 msec : 0
173.1 msec : 0
173.2 msec : 0
173.3 msec : 0
173.4 msec : 0
173.5 msec : 0
173.6 msec : 0
173.7 msec : 0
173.8 msec : 0
173.9 msec : 0
174.0 msec : 0
174.1 msec : 0
174.2 msec : 0
174.3 msec : 0
174.4 msec : 0
174.5 msec : 0
174.6 msec : 0
174.7 msec : 0
174.8 msec : 0
174.9 msec : 0
175.0 msec : 0
175.1 msec : 0
175.2 msec : 0
175.3 msec : 0
175.4 msec : 0
175.5 msec : 0
175.6 msec : 0
175.7 msec : 0
175.8 msec : 0
175.9 msec : 0
176.0 msec : 0
176.1 msec : 0
176.2 msec : 0
176.3 msec : 0
176.4 msec : 0
176.5 msec : 0
176.6 msec : 0
176.7 msec : 0
176.8 msec : 0
176.9 msec : 0
177.0 msec : 0
177.1 msec : 0
177.2 msec : 0
177.3 msec : 0
177.4 msec : 0
177.5 msec : 0
177.6 msec : 0
177.7 msec : 0
177.8 msec : 0
177.9 msec : 0
