Middleware started...
Middleware shuts down...
Smaller resolution statistics are in a log file...
Final aggregates per worker:


Worker 24
Average throughput (ops/sec) = 279
Average response time (msec) = 2.9910508524590163
Average queue length = 8
Average wait time in queue (msec) = 0.7706513114754099
Average service time (msec) = 1.98959731147541
Number of SET = 0
Number of GET = 279
Number of MULTI GET = 0


Worker 7
Average throughput (ops/sec) = 277
Average response time (msec) = 3.0000836065573773
Average queue length = 6
Average wait time in queue (msec) = 0.7680473606557376
Average service time (msec) = 1.965112
Number of SET = 0
Number of GET = 277
Number of MULTI GET = 0


Worker 25
Average throughput (ops/sec) = 278
Average response time (msec) = 2.9658278032786884
Average queue length = 5
Average wait time in queue (msec) = 0.762430131147541
Average service time (msec) = 1.9677916721311475
Number of SET = 0
Number of GET = 278
Number of MULTI GET = 0


Worker 6
Average throughput (ops/sec) = 281
Average response time (msec) = 2.9713859836065573
Average queue length = 6
Average wait time in queue (msec) = 0.7969093442622951
Average service time (msec) = 1.9503690327868852
Number of SET = 0
Number of GET = 281
Number of MULTI GET = 0


Worker 26
Average throughput (ops/sec) = 276
Average response time (msec) = 3.0005512786885244
Average queue length = 7
Average wait time in queue (msec) = 0.7939484918032786
Average service time (msec) = 1.9683249672131147
Number of SET = 0
Number of GET = 276
Number of MULTI GET = 0


Worker 9
Average throughput (ops/sec) = 278
Average response time (msec) = 2.9587823934426227
Average queue length = 7
Average wait time in queue (msec) = 0.7652123606557377
Average service time (msec) = 1.9725839672131147
Number of SET = 0
Number of GET = 278
Number of MULTI GET = 0


Worker 27
Average throughput (ops/sec) = 276
Average response time (msec) = 3.0328025409836066
Average queue length = 7
Average wait time in queue (msec) = 0.7883597213114754
Average service time (msec) = 2.003409049180328
Number of SET = 0
Number of GET = 276
Number of MULTI GET = 0


Worker 8
Average throughput (ops/sec) = 279
Average response time (msec) = 2.9761856721311477
Average queue length = 6
Average wait time in queue (msec) = 0.7657152459016393
Average service time (msec) = 1.9825847049180327
Number of SET = 0
Number of GET = 279
Number of MULTI GET = 0


Worker 20
Average throughput (ops/sec) = 276
Average response time (msec) = 2.9440471147540985
Average queue length = 6
Average wait time in queue (msec) = 0.766554393442623
Average service time (msec) = 1.935194606557377
Number of SET = 0
Number of GET = 276
Number of MULTI GET = 0


Worker 3
Average throughput (ops/sec) = 278
Average response time (msec) = 2.983803426229508
Average queue length = 5
Average wait time in queue (msec) = 0.7912219672131148
Average service time (msec) = 1.9559859672131148
Number of SET = 0
Number of GET = 278
Number of MULTI GET = 0


Worker 21
Average throughput (ops/sec) = 277
Average response time (msec) = 3.0167304426229506
Average queue length = 5
Average wait time in queue (msec) = 0.7810646885245901
Average service time (msec) = 2.003491901639344
Number of SET = 0
Number of GET = 277
Number of MULTI GET = 0


Worker 2
Average throughput (ops/sec) = 278
Average response time (msec) = 3.013199295081967
Average queue length = 6
Average wait time in queue (msec) = 0.7901979836065574
Average service time (msec) = 1.992592426229508
Number of SET = 0
Number of GET = 278
Number of MULTI GET = 0


Worker 22
Average throughput (ops/sec) = 278
Average response time (msec) = 3.0067885081967214
Average queue length = 4
Average wait time in queue (msec) = 0.7902883278688524
Average service time (msec) = 1.969383639344262
Number of SET = 0
Number of GET = 278
Number of MULTI GET = 0


Worker 5
Average throughput (ops/sec) = 278
Average response time (msec) = 2.9575387540983606
Average queue length = 6
Average wait time in queue (msec) = 0.7647801475409837
Average service time (msec) = 1.9595999836065574
Number of SET = 0
Number of GET = 278
Number of MULTI GET = 0


Worker 23
Average throughput (ops/sec) = 276
Average response time (msec) = 2.9704994098360653
Average queue length = 6
Average wait time in queue (msec) = 0.7687247213114754
Average service time (msec) = 1.9672461147540985
Number of SET = 0
Number of GET = 276
Number of MULTI GET = 0


Worker 4
Average throughput (ops/sec) = 274
Average response time (msec) = 2.9688180655737706
Average queue length = 5
Average wait time in queue (msec) = 0.7660278360655738
Average service time (msec) = 1.9706321147540984
Number of SET = 0
Number of GET = 274
Number of MULTI GET = 0


Worker 28
Average throughput (ops/sec) = 277
Average response time (msec) = 2.9920766229508198
Average queue length = 7
Average wait time in queue (msec) = 0.787289786885246
Average service time (msec) = 1.9706801967213115
Number of SET = 0
Number of GET = 277
Number of MULTI GET = 0


Worker 29
Average throughput (ops/sec) = 276
Average response time (msec) = 3.002149475409836
Average queue length = 6
Average wait time in queue (msec) = 0.7733189836065574
Average service time (msec) = 1.993195
Number of SET = 0
Number of GET = 276
Number of MULTI GET = 0


Worker 1
Average throughput (ops/sec) = 278
Average response time (msec) = 2.9951899836065574
Average queue length = 4
Average wait time in queue (msec) = 0.7934867540983607
Average service time (msec) = 1.9683016393442623
Number of SET = 0
Number of GET = 278
Number of MULTI GET = 0


Worker 30
Average throughput (ops/sec) = 279
Average response time (msec) = 2.953325098360656
Average queue length = 6
Average wait time in queue (msec) = 0.7741355081967213
Average service time (msec) = 1.9563898196721312
Number of SET = 0
Number of GET = 279
Number of MULTI GET = 0


Worker 13
Average throughput (ops/sec) = 273
Average response time (msec) = 2.9983835573770494
Average queue length = 8
Average wait time in queue (msec) = 0.7953646885245901
Average service time (msec) = 1.9994068852459015
Number of SET = 0
Number of GET = 273
Number of MULTI GET = 0


Worker 14
Average throughput (ops/sec) = 274
Average response time (msec) = 2.9639967868852457
Average queue length = 8
Average wait time in queue (msec) = 0.7770976885245902
Average service time (msec) = 1.9563034918032787
Number of SET = 0
Number of GET = 274
Number of MULTI GET = 0


Worker 15
Average throughput (ops/sec) = 279
Average response time (msec) = 2.9720786229508196
Average queue length = 7
Average wait time in queue (msec) = 0.7871703278688524
Average service time (msec) = 1.9525703278688524
Number of SET = 0
Number of GET = 279
Number of MULTI GET = 0


Worker 16
Average throughput (ops/sec) = 281
Average response time (msec) = 2.940094131147541
Average queue length = 10
Average wait time in queue (msec) = 0.7740409344262296
Average service time (msec) = 1.9531913442622952
Number of SET = 0
Number of GET = 281
Number of MULTI GET = 0


Worker 31
Average throughput (ops/sec) = 277
Average response time (msec) = 2.969699606557377
Average queue length = 8
Average wait time in queue (msec) = 0.7803873606557377
Average service time (msec) = 1.946503098360656
Number of SET = 0
Number of GET = 277
Number of MULTI GET = 0


Worker 32
Average throughput (ops/sec) = 276
Average response time (msec) = 2.9828744098360653
Average queue length = 9
Average wait time in queue (msec) = 0.7555692131147541
Average service time (msec) = 1.9806549016393442
Number of SET = 0
Number of GET = 276
Number of MULTI GET = 0


Worker 10
Average throughput (ops/sec) = 279
Average response time (msec) = 2.9609111967213115
Average queue length = 7
Average wait time in queue (msec) = 0.7813705081967213
Average service time (msec) = 1.9561283606557378
Number of SET = 0
Number of GET = 279
Number of MULTI GET = 0


Worker 11
Average throughput (ops/sec) = 279
Average response time (msec) = 2.979704295081967
Average queue length = 8
Average wait time in queue (msec) = 0.7770306557377049
Average service time (msec) = 1.9774471147540984
Number of SET = 0
Number of GET = 279
Number of MULTI GET = 0


Worker 12
Average throughput (ops/sec) = 277
Average response time (msec) = 2.9831063934426227
Average queue length = 7
Average wait time in queue (msec) = 0.7817653606557377
Average service time (msec) = 1.9688215901639345
Number of SET = 0
Number of GET = 277
Number of MULTI GET = 0


Worker 17
Average throughput (ops/sec) = 277
Average response time (msec) = 2.9397651967213116
Average queue length = 8
Average wait time in queue (msec) = 0.7569595573770492
Average service time (msec) = 1.9589091147540985
Number of SET = 0
Number of GET = 277
Number of MULTI GET = 0


Worker 18
Average throughput (ops/sec) = 276
Average response time (msec) = 2.974777
Average queue length = 8
Average wait time in queue (msec) = 0.7648078852459016
Average service time (msec) = 1.9752346393442621
Number of SET = 0
Number of GET = 276
Number of MULTI GET = 0


Worker 19
Average throughput (ops/sec) = 277
Average response time (msec) = 2.9726504590163936
Average queue length = 6
Average wait time in queue (msec) = 0.769647524590164
Average service time (msec) = 1.967445131147541
Number of SET = 0
Number of GET = 277
Number of MULTI GET = 0


FINAL STATS
Average throughput (ops/sec) = 8874
Average response time (msec) = 2.914993737624766
Average queue length = 6
Average wait time in queue (msec) = 0.7768617740778688
Average service time (msec) = 1.9698463160860655
Number of SET = 0
Number of GET = 8874
Number of MULTI GET = 0
Number of Cache misses = 0
Arrival rate (lambda) = [0, 0, 2070, 5954, 7436, 9308, 9363, 8665, 10009, 9395, 9568, 8623, 8183, 8615, 9307, 9798, 9513, 8387, 9707, 9848, 9874, 9269, 7738, 9133, 7820, 9200, 8319, 8982, 8992, 8572, 8735, 9050, 8740, 9514, 9146, 9664, 9030, 9174, 8959, 8807, 9683, 8942, 9830, 9001, 9781, 9591, 9623, 9080, 9014, 9568, 9194, 9647, 8466, 9415, 8721, 9150, 9087, 9396, 9462, 9509, 9308, 8618, 5911, 0]


Histogram response times (0.1 msec step)
0.0 msec : 25
0.1 msec : 393
0.2 msec : 1852
0.3 msec : 4905
0.4 msec : 9935
0.5 msec : 15880
0.6 msec : 21982
0.7 msec : 28156
0.8 msec : 31952
0.9 msec : 34429
1.0 msec : 35287
1.1 msec : 33515
1.2 msec : 30568
1.3 msec : 26849
1.4 msec : 23006
1.5 msec : 19639
1.6 msec : 16931
1.7 msec : 14390
1.8 msec : 12144
1.9 msec : 9981
2.0 msec : 8756
2.1 msec : 7202
2.2 msec : 6103
2.3 msec : 4964
2.4 msec : 4115
2.5 msec : 3675
2.6 msec : 3215
2.7 msec : 2705
2.8 msec : 2390
2.9 msec : 2004
3.0 msec : 1805
3.1 msec : 1552
3.2 msec : 1588
3.3 msec : 1430
3.4 msec : 1254
3.5 msec : 1236
3.6 msec : 1090
3.7 msec : 1021
3.8 msec : 1025
3.9 msec : 887
4.0 msec : 965
4.1 msec : 870
4.2 msec : 830
4.3 msec : 797
4.4 msec : 688
4.5 msec : 696
4.6 msec : 606
4.7 msec : 570
4.8 msec : 608
4.9 msec : 620
5.0 msec : 672
5.1 msec : 644
5.2 msec : 627
5.3 msec : 659
5.4 msec : 775
5.5 msec : 1042
5.6 msec : 1398
5.7 msec : 2063
5.8 msec : 3129
5.9 msec : 3898
6.0 msec : 4385
6.1 msec : 4711
6.2 msec : 5193
6.3 msec : 5611
6.4 msec : 5537
6.5 msec : 5614
6.6 msec : 5340
6.7 msec : 5324
6.8 msec : 4971
6.9 msec : 4487
7.0 msec : 3902
7.1 msec : 3393
7.2 msec : 2983
7.3 msec : 2811
7.4 msec : 2386
7.5 msec : 1979
7.6 msec : 1666
7.7 msec : 1460
7.8 msec : 1324
7.9 msec : 1165
8.0 msec : 963
8.1 msec : 895
8.2 msec : 868
8.3 msec : 816
8.4 msec : 711
8.5 msec : 640
8.6 msec : 524
8.7 msec : 504
8.8 msec : 485
8.9 msec : 425
9.0 msec : 396
9.1 msec : 374
9.2 msec : 365
9.3 msec : 295
9.4 msec : 319
9.5 msec : 285
9.6 msec : 254
9.7 msec : 274
9.8 msec : 232
9.9 msec : 180
10.0 msec : 221
10.1 msec : 248
10.2 msec : 202
10.3 msec : 205
10.4 msec : 226
10.5 msec : 193
10.6 msec : 177
10.7 msec : 146
10.8 msec : 163
10.9 msec : 164
11.0 msec : 182
11.1 msec : 137
11.2 msec : 120
11.3 msec : 109
11.4 msec : 113
11.5 msec : 107
11.6 msec : 93
11.7 msec : 66
11.8 msec : 94
11.9 msec : 71
12.0 msec : 71
12.1 msec : 76
12.2 msec : 84
12.3 msec : 53
12.4 msec : 53
12.5 msec : 55
12.6 msec : 37
12.7 msec : 49
12.8 msec : 49
12.9 msec : 43
13.0 msec : 56
13.1 msec : 34
13.2 msec : 40
13.3 msec : 32
13.4 msec : 35
13.5 msec : 33
13.6 msec : 33
13.7 msec : 36
13.8 msec : 35
13.9 msec : 33
14.0 msec : 26
14.1 msec : 18
14.2 msec : 29
14.3 msec : 12
14.4 msec : 25
14.5 msec : 24
14.6 msec : 15
14.7 msec : 16
14.8 msec : 21
14.9 msec : 33
15.0 msec : 14
15.1 msec : 15
15.2 msec : 23
15.3 msec : 13
15.4 msec : 19
15.5 msec : 14
15.6 msec : 25
15.7 msec : 20
15.8 msec : 29
15.9 msec : 23
16.0 msec : 16
16.1 msec : 17
16.2 msec : 17
16.3 msec : 14
16.4 msec : 27
16.5 msec : 22
16.6 msec : 31
16.7 msec : 25
16.8 msec : 12
16.9 msec : 9
17.0 msec : 13
17.1 msec : 10
17.2 msec : 17
17.3 msec : 7
17.4 msec : 3
17.5 msec : 3
17.6 msec : 10
17.7 msec : 21
17.8 msec : 19
17.9 msec : 19
18.0 msec : 23
18.1 msec : 11
18.2 msec : 3
18.3 msec : 6
18.4 msec : 5
18.5 msec : 9
18.6 msec : 8
18.7 msec : 9
18.8 msec : 11
18.9 msec : 6
19.0 msec : 10
19.1 msec : 5
19.2 msec : 3
19.3 msec : 17
19.4 msec : 11
19.5 msec : 13
19.6 msec : 16
19.7 msec : 14
19.8 msec : 4
19.9 msec : 8
20.0 msec : 19
20.1 msec : 11
20.2 msec : 9
20.3 msec : 9
20.4 msec : 7
20.5 msec : 10
20.6 msec : 5
20.7 msec : 8
20.8 msec : 10
20.9 msec : 6
21.0 msec : 3
21.1 msec : 9
21.2 msec : 13
21.3 msec : 14
21.4 msec : 8
21.5 msec : 16
21.6 msec : 14
21.7 msec : 7
21.8 msec : 12
21.9 msec : 7
22.0 msec : 4
22.1 msec : 9
22.2 msec : 12
22.3 msec : 6
22.4 msec : 5
22.5 msec : 6
22.6 msec : 4
22.7 msec : 6
22.8 msec : 5
22.9 msec : 2
23.0 msec : 3
23.1 msec : 4
23.2 msec : 4
23.3 msec : 3
23.4 msec : 2
23.5 msec : 5
23.6 msec : 7
23.7 msec : 4
23.8 msec : 2
23.9 msec : 1
24.0 msec : 1
24.1 msec : 2
24.2 msec : 1
24.3 msec : 4
24.4 msec : 0
24.5 msec : 6
24.6 msec : 5
24.7 msec : 1
24.8 msec : 3
24.9 msec : 3
25.0 msec : 5
25.1 msec : 3
25.2 msec : 4
25.3 msec : 1
25.4 msec : 3
25.5 msec : 6
25.6 msec : 4
25.7 msec : 6
25.8 msec : 3
25.9 msec : 15
26.0 msec : 7
26.1 msec : 7
26.2 msec : 19
26.3 msec : 7
26.4 msec : 7
26.5 msec : 3
26.6 msec : 2
26.7 msec : 2
26.8 msec : 1
26.9 msec : 0
27.0 msec : 3
27.1 msec : 3
27.2 msec : 5
27.3 msec : 1
27.4 msec : 2
27.5 msec : 1
27.6 msec : 3
27.7 msec : 0
27.8 msec : 3
27.9 msec : 1
28.0 msec : 1
28.1 msec : 1
28.2 msec : 3
28.3 msec : 4
28.4 msec : 7
28.5 msec : 8
28.6 msec : 0
28.7 msec : 1
28.8 msec : 1
28.9 msec : 1
29.0 msec : 4
29.1 msec : 0
29.2 msec : 2
29.3 msec : 1
29.4 msec : 2
29.5 msec : 6
29.6 msec : 10
29.7 msec : 12
29.8 msec : 7
29.9 msec : 3
30.0 msec : 0
30.1 msec : 2
30.2 msec : 0
30.3 msec : 0
30.4 msec : 0
30.5 msec : 0
30.6 msec : 1
30.7 msec : 2
30.8 msec : 0
30.9 msec : 0
31.0 msec : 1
31.1 msec : 1
31.2 msec : 3
31.3 msec : 2
31.4 msec : 3
31.5 msec : 2
31.6 msec : 3
31.7 msec : 0
31.8 msec : 12
31.9 msec : 11
32.0 msec : 7
32.1 msec : 8
32.2 msec : 5
32.3 msec : 6
32.4 msec : 2
32.5 msec : 5
32.6 msec : 1
32.7 msec : 2
32.8 msec : 11
32.9 msec : 6
33.0 msec : 4
33.1 msec : 2
33.2 msec : 0
33.3 msec : 3
33.4 msec : 0
33.5 msec : 1
33.6 msec : 1
33.7 msec : 2
33.8 msec : 0
33.9 msec : 1
34.0 msec : 2
34.1 msec : 0
34.2 msec : 2
34.3 msec : 0
34.4 msec : 1
34.5 msec : 2
34.6 msec : 1
34.7 msec : 2
34.8 msec : 8
34.9 msec : 4
35.0 msec : 5
35.1 msec : 7
35.2 msec : 1
35.3 msec : 7
35.4 msec : 7
35.5 msec : 5
35.6 msec : 9
35.7 msec : 2
35.8 msec : 1
35.9 msec : 8
36.0 msec : 6
36.1 msec : 6
36.2 msec : 8
36.3 msec : 5
36.4 msec : 6
36.5 msec : 3
36.6 msec : 6
36.7 msec : 0
36.8 msec : 5
36.9 msec : 4
37.0 msec : 2
37.1 msec : 0
37.2 msec : 2
37.3 msec : 0
37.4 msec : 1
37.5 msec : 3
37.6 msec : 2
37.7 msec : 1
37.8 msec : 3
37.9 msec : 6
38.0 msec : 3
38.1 msec : 2
38.2 msec : 4
38.3 msec : 3
38.4 msec : 1
38.5 msec : 0
38.6 msec : 3
38.7 msec : 2
38.8 msec : 0
38.9 msec : 1
39.0 msec : 0
39.1 msec : 2
39.2 msec : 0
39.3 msec : 3
39.4 msec : 2
39.5 msec : 1
39.6 msec : 1
39.7 msec : 2
39.8 msec : 1
39.9 msec : 0
40.0 msec : 0
40.1 msec : 1
40.2 msec : 5
40.3 msec : 5
40.4 msec : 4
40.5 msec : 6
40.6 msec : 4
40.7 msec : 4
40.8 msec : 2
40.9 msec : 0
41.0 msec : 1
41.1 msec : 1
41.2 msec : 0
41.3 msec : 0
41.4 msec : 0
41.5 msec : 0
41.6 msec : 0
41.7 msec : 0
41.8 msec : 0
41.9 msec : 0
42.0 msec : 0
42.1 msec : 0
42.2 msec : 0
42.3 msec : 0
42.4 msec : 0
42.5 msec : 0
42.6 msec : 0
42.7 msec : 0
42.8 msec : 0
42.9 msec : 0
43.0 msec : 0
43.1 msec : 1
43.2 msec : 1
43.3 msec : 2
43.4 msec : 1
43.5 msec : 1
43.6 msec : 0
43.7 msec : 3
43.8 msec : 3
43.9 msec : 3
44.0 msec : 3
44.1 msec : 1
44.2 msec : 1
44.3 msec : 0
44.4 msec : 4
44.5 msec : 3
44.6 msec : 4
44.7 msec : 3
44.8 msec : 3
44.9 msec : 2
45.0 msec : 1
45.1 msec : 0
45.2 msec : 0
45.3 msec : 0
45.4 msec : 3
45.5 msec : 3
45.6 msec : 3
45.7 msec : 7
45.8 msec : 3
45.9 msec : 8
46.0 msec : 4
46.1 msec : 2
46.2 msec : 5
46.3 msec : 0
46.4 msec : 3
46.5 msec : 1
46.6 msec : 0
46.7 msec : 3
46.8 msec : 8
46.9 msec : 3
47.0 msec : 4
47.1 msec : 3
47.2 msec : 8
47.3 msec : 3
47.4 msec : 7
47.5 msec : 10
47.6 msec : 7
47.7 msec : 4
47.8 msec : 2
47.9 msec : 1
48.0 msec : 4
48.1 msec : 15
48.2 msec : 9
48.3 msec : 3
48.4 msec : 8
48.5 msec : 2
48.6 msec : 3
48.7 msec : 2
48.8 msec : 11
48.9 msec : 1
49.0 msec : 13
49.1 msec : 12
49.2 msec : 16
49.3 msec : 3
49.4 msec : 0
49.5 msec : 5
49.6 msec : 2
49.7 msec : 3
49.8 msec : 3
49.9 msec : 3
50.0 msec : 0
50.1 msec : 0
50.2 msec : 0
50.3 msec : 1
50.4 msec : 0
50.5 msec : 0
50.6 msec : 0
50.7 msec : 0
50.8 msec : 0
50.9 msec : 0
51.0 msec : 4
51.1 msec : 5
51.2 msec : 3
51.3 msec : 3
51.4 msec : 2
51.5 msec : 6
51.6 msec : 0
51.7 msec : 6
51.8 msec : 2
51.9 msec : 4
52.0 msec : 3
52.1 msec : 1
52.2 msec : 1
52.3 msec : 0
52.4 msec : 0
52.5 msec : 3
52.6 msec : 1
52.7 msec : 1
52.8 msec : 1
52.9 msec : 1
53.0 msec : 1
53.1 msec : 5
53.2 msec : 1
53.3 msec : 2
53.4 msec : 1
53.5 msec : 0
53.6 msec : 4
53.7 msec : 2
53.8 msec : 1
53.9 msec : 2
54.0 msec : 1
54.1 msec : 2
54.2 msec : 0
54.3 msec : 0
54.4 msec : 0
54.5 msec : 0
54.6 msec : 1
54.7 msec : 0
54.8 msec : 1
54.9 msec : 1
55.0 msec : 2
55.1 msec : 0
55.2 msec : 0
55.3 msec : 2
55.4 msec : 0
55.5 msec : 0
55.6 msec : 0
55.7 msec : 0
55.8 msec : 1
55.9 msec : 0
56.0 msec : 4
56.1 msec : 1
56.2 msec : 0
56.3 msec : 0
56.4 msec : 0
56.5 msec : 0
56.6 msec : 2
56.7 msec : 1
56.8 msec : 3
56.9 msec : 0
57.0 msec : 0
57.1 msec : 0
57.2 msec : 0
57.3 msec : 0
57.4 msec : 0
57.5 msec : 0
57.6 msec : 0
57.7 msec : 0
57.8 msec : 0
57.9 msec : 0
58.0 msec : 0
58.1 msec : 0
58.2 msec : 0
58.3 msec : 0
58.4 msec : 0
58.5 msec : 0
58.6 msec : 0
58.7 msec : 0
58.8 msec : 0
58.9 msec : 0
59.0 msec : 0
59.1 msec : 0
59.2 msec : 0
59.3 msec : 0
59.4 msec : 0
59.5 msec : 0
59.6 msec : 0
59.7 msec : 0
59.8 msec : 0
59.9 msec : 0
60.0 msec : 0
60.1 msec : 0
60.2 msec : 0
60.3 msec : 0
60.4 msec : 0
60.5 msec : 0
60.6 msec : 1
60.7 msec : 0
60.8 msec : 0
60.9 msec : 0
61.0 msec : 0
61.1 msec : 0
61.2 msec : 1
61.3 msec : 0
61.4 msec : 0
61.5 msec : 0
61.6 msec : 0
61.7 msec : 0
61.8 msec : 0
61.9 msec : 0
62.0 msec : 0
62.1 msec : 0
62.2 msec : 0
62.3 msec : 0
62.4 msec : 0
62.5 msec : 1
62.6 msec : 0
62.7 msec : 0
62.8 msec : 0
62.9 msec : 0
63.0 msec : 0
63.1 msec : 0
63.2 msec : 0
63.3 msec : 0
63.4 msec : 0
63.5 msec : 0
63.6 msec : 0
63.7 msec : 0
63.8 msec : 0
63.9 msec : 0
64.0 msec : 0
64.1 msec : 1
64.2 msec : 2
64.3 msec : 0
64.4 msec : 0
64.5 msec : 0
64.6 msec : 0
64.7 msec : 0
64.8 msec : 0
64.9 msec : 0
65.0 msec : 0
65.1 msec : 0
65.2 msec : 0
65.3 msec : 0
65.4 msec : 0
65.5 msec : 0
65.6 msec : 0
65.7 msec : 0
65.8 msec : 0
65.9 msec : 0
66.0 msec : 0
66.1 msec : 0
66.2 msec : 0
66.3 msec : 0
66.4 msec : 0
66.5 msec : 0
66.6 msec : 0
66.7 msec : 0
66.8 msec : 0
66.9 msec : 0
67.0 msec : 0
67.1 msec : 0
67.2 msec : 0
67.3 msec : 0
67.4 msec : 0
67.5 msec : 0
67.6 msec : 0
67.7 msec : 2
67.8 msec : 6
67.9 msec : 2
68.0 msec : 1
68.1 msec : 0
68.2 msec : 0
68.3 msec : 3
68.4 msec : 3
68.5 msec : 2
68.6 msec : 3
68.7 msec : 0
68.8 msec : 0
68.9 msec : 0
69.0 msec : 0
69.1 msec : 0
69.2 msec : 0
69.3 msec : 0
69.4 msec : 0
69.5 msec : 0
69.6 msec : 0
69.7 msec : 8
69.8 msec : 1
69.9 msec : 4
70.0 msec : 0
70.1 msec : 0
70.2 msec : 0
70.3 msec : 0
70.4 msec : 0
70.5 msec : 0
70.6 msec : 0
70.7 msec : 0
70.8 msec : 0
70.9 msec : 0
71.0 msec : 0
71.1 msec : 0
71.2 msec : 0
71.3 msec : 0
71.4 msec : 0
71.5 msec : 0
71.6 msec : 0
71.7 msec : 0
71.8 msec : 0
71.9 msec : 0
72.0 msec : 0
72.1 msec : 0
72.2 msec : 0
72.3 msec : 0
72.4 msec : 0
72.5 msec : 0
72.6 msec : 0
72.7 msec : 0
72.8 msec : 0
72.9 msec : 0
73.0 msec : 0
73.1 msec : 0
73.2 msec : 0
73.3 msec : 0
73.4 msec : 0
73.5 msec : 0
73.6 msec : 0
73.7 msec : 0
73.8 msec : 0
73.9 msec : 0
74.0 msec : 0
74.1 msec : 0
74.2 msec : 0
74.3 msec : 0
74.4 msec : 0
74.5 msec : 0
74.6 msec : 0
74.7 msec : 0
74.8 msec : 0
74.9 msec : 2
75.0 msec : 3
75.1 msec : 4
75.2 msec : 3
75.3 msec : 9
75.4 msec : 3
75.5 msec : 0
75.6 msec : 8
75.7 msec : 5
75.8 msec : 0
75.9 msec : 0
76.0 msec : 0
76.1 msec : 0
76.2 msec : 0
76.3 msec : 0
76.4 msec : 0
76.5 msec : 0
76.6 msec : 0
76.7 msec : 0
76.8 msec : 0
76.9 msec : 0
77.0 msec : 0
77.1 msec : 0
77.2 msec : 0
77.3 msec : 0
77.4 msec : 0
77.5 msec : 0
77.6 msec : 0
77.7 msec : 0
77.8 msec : 0
77.9 msec : 0
78.0 msec : 0
78.1 msec : 0
78.2 msec : 0
78.3 msec : 0
78.4 msec : 0
78.5 msec : 0
78.6 msec : 0
78.7 msec : 0
78.8 msec : 0
78.9 msec : 0
79.0 msec : 0
79.1 msec : 0
79.2 msec : 0
79.3 msec : 0
79.4 msec : 0
79.5 msec : 0
79.6 msec : 0
79.7 msec : 0
79.8 msec : 0
79.9 msec : 0
80.0 msec : 0
80.1 msec : 0
80.2 msec : 0
80.3 msec : 0
80.4 msec : 1
80.5 msec : 0
80.6 msec : 0
80.7 msec : 1
80.8 msec : 0
80.9 msec : 0
81.0 msec : 1
81.1 msec : 6
81.2 msec : 0
81.3 msec : 0
81.4 msec : 0
81.5 msec : 0
81.6 msec : 0
81.7 msec : 0
81.8 msec : 0
81.9 msec : 0
82.0 msec : 0
82.1 msec : 0
82.2 msec : 0
82.3 msec : 0
82.4 msec : 0
82.5 msec : 0
82.6 msec : 0
82.7 msec : 0
82.8 msec : 0
82.9 msec : 0
83.0 msec : 0
83.1 msec : 0
83.2 msec : 0
83.3 msec : 0
83.4 msec : 0
83.5 msec : 0
83.6 msec : 0
83.7 msec : 0
83.8 msec : 0
83.9 msec : 0
84.0 msec : 0
84.1 msec : 0
84.2 msec : 0
84.3 msec : 0
84.4 msec : 0
84.5 msec : 0
84.6 msec : 0
84.7 msec : 0
84.8 msec : 0
84.9 msec : 0
85.0 msec : 0
85.1 msec : 0
85.2 msec : 0
85.3 msec : 0
85.4 msec : 2
85.5 msec : 4
85.6 msec : 2
85.7 msec : 3
85.8 msec : 0
85.9 msec : 1
86.0 msec : 0
86.1 msec : 0
86.2 msec : 0
86.3 msec : 0
86.4 msec : 0
86.5 msec : 0
86.6 msec : 0
86.7 msec : 0
86.8 msec : 0
86.9 msec : 0
87.0 msec : 0
87.1 msec : 0
87.2 msec : 0
87.3 msec : 0
87.4 msec : 0
87.5 msec : 0
87.6 msec : 0
87.7 msec : 0
87.8 msec : 0
87.9 msec : 0
88.0 msec : 0
88.1 msec : 0
88.2 msec : 0
88.3 msec : 0
88.4 msec : 0
88.5 msec : 0
88.6 msec : 0
88.7 msec : 0
88.8 msec : 0
88.9 msec : 0
89.0 msec : 0
89.1 msec : 0
89.2 msec : 0
89.3 msec : 0
89.4 msec : 0
89.5 msec : 0
89.6 msec : 0
89.7 msec : 0
89.8 msec : 0
89.9 msec : 0
90.0 msec : 0
90.1 msec : 0
90.2 msec : 0
90.3 msec : 0
90.4 msec : 0
90.5 msec : 0
90.6 msec : 0
90.7 msec : 0
90.8 msec : 0
90.9 msec : 0
91.0 msec : 0
91.1 msec : 0
91.2 msec : 0
91.3 msec : 0
91.4 msec : 0
91.5 msec : 0
91.6 msec : 0
91.7 msec : 0
91.8 msec : 0
91.9 msec : 0
92.0 msec : 0
92.1 msec : 0
92.2 msec : 0
92.3 msec : 0
92.4 msec : 0
92.5 msec : 0
92.6 msec : 0
92.7 msec : 0
92.8 msec : 0
92.9 msec : 0
93.0 msec : 0
93.1 msec : 0
93.2 msec : 0
93.3 msec : 0
93.4 msec : 0
93.5 msec : 0
93.6 msec : 2
93.7 msec : 3
93.8 msec : 4
93.9 msec : 3
94.0 msec : 0
94.1 msec : 0
94.2 msec : 0
94.3 msec : 0
94.4 msec : 0
94.5 msec : 0
94.6 msec : 0
94.7 msec : 0
94.8 msec : 0
94.9 msec : 0
95.0 msec : 0
95.1 msec : 0
95.2 msec : 0
95.3 msec : 0
95.4 msec : 0
95.5 msec : 0
95.6 msec : 0
95.7 msec : 0
95.8 msec : 0
95.9 msec : 0
96.0 msec : 0
96.1 msec : 0
96.2 msec : 0
96.3 msec : 0
96.4 msec : 0
96.5 msec : 0
96.6 msec : 0
96.7 msec : 0
96.8 msec : 0
96.9 msec : 0
97.0 msec : 0
97.1 msec : 0
97.2 msec : 0
97.3 msec : 0
97.4 msec : 0
97.5 msec : 0
97.6 msec : 0
97.7 msec : 0
97.8 msec : 0
97.9 msec : 0
98.0 msec : 0
98.1 msec : 0
98.2 msec : 0
98.3 msec : 0
98.4 msec : 0
98.5 msec : 0
98.6 msec : 0
98.7 msec : 0
98.8 msec : 0
98.9 msec : 0
99.0 msec : 0
99.1 msec : 0
99.2 msec : 0
99.3 msec : 0
99.4 msec : 0
99.5 msec : 0
99.6 msec : 0
99.7 msec : 0
99.8 msec : 0
99.9 msec : 0
100.0 msec : 0
100.1 msec : 0
100.2 msec : 0
100.3 msec : 1
100.4 msec : 2
100.5 msec : 0
100.6 msec : 3
100.7 msec : 9
100.8 msec : 4
100.9 msec : 1
101.0 msec : 0
101.1 msec : 3
101.2 msec : 1
101.3 msec : 3
101.4 msec : 0
101.5 msec : 0
101.6 msec : 0
101.7 msec : 0
101.8 msec : 0
101.9 msec : 0
102.0 msec : 0
102.1 msec : 0
102.2 msec : 0
102.3 msec : 0
102.4 msec : 0
102.5 msec : 0
102.6 msec : 0
102.7 msec : 0
102.8 msec : 0
102.9 msec : 0
103.0 msec : 0
103.1 msec : 0
103.2 msec : 0
103.3 msec : 0
103.4 msec : 0
103.5 msec : 0
103.6 msec : 0
103.7 msec : 0
103.8 msec : 0
103.9 msec : 0
104.0 msec : 0
104.1 msec : 0
104.2 msec : 0
104.3 msec : 0
104.4 msec : 0
104.5 msec : 0
104.6 msec : 0
104.7 msec : 0
104.8 msec : 0
104.9 msec : 0
105.0 msec : 0
105.1 msec : 0
105.2 msec : 0
105.3 msec : 0
105.4 msec : 0
105.5 msec : 0
105.6 msec : 0
105.7 msec : 0
105.8 msec : 0
105.9 msec : 0
106.0 msec : 0
106.1 msec : 0
106.2 msec : 0
106.3 msec : 0
106.4 msec : 0
106.5 msec : 0
106.6 msec : 0
106.7 msec : 0
106.8 msec : 0
106.9 msec : 0
107.0 msec : 0
107.1 msec : 0
107.2 msec : 0
107.3 msec : 0
107.4 msec : 0
107.5 msec : 0
107.6 msec : 0
107.7 msec : 0
107.8 msec : 0
107.9 msec : 0
108.0 msec : 0
108.1 msec : 0
108.2 msec : 0
108.3 msec : 0
108.4 msec : 0
108.5 msec : 0
108.6 msec : 0
108.7 msec : 0
108.8 msec : 0
108.9 msec : 0
109.0 msec : 0
109.1 msec : 0
109.2 msec : 0
109.3 msec : 0
109.4 msec : 0
109.5 msec : 0
109.6 msec : 0
109.7 msec : 0
109.8 msec : 0
109.9 msec : 0
110.0 msec : 0
110.1 msec : 0
110.2 msec : 0
110.3 msec : 0
110.4 msec : 0
110.5 msec : 0
110.6 msec : 0
110.7 msec : 0
110.8 msec : 0
110.9 msec : 0
111.0 msec : 0
111.1 msec : 0
111.2 msec : 0
111.3 msec : 0
111.4 msec : 0
111.5 msec : 0
111.6 msec : 0
111.7 msec : 0
111.8 msec : 0
111.9 msec : 0
112.0 msec : 0
112.1 msec : 0
112.2 msec : 0
112.3 msec : 0
112.4 msec : 0
112.5 msec : 0
112.6 msec : 0
112.7 msec : 0
112.8 msec : 0
112.9 msec : 0
113.0 msec : 0
113.1 msec : 0
113.2 msec : 0
113.3 msec : 0
113.4 msec : 0
113.5 msec : 0
113.6 msec : 0
113.7 msec : 0
113.8 msec : 0
113.9 msec : 0
114.0 msec : 0
114.1 msec : 0
114.2 msec : 0
114.3 msec : 0
114.4 msec : 0
114.5 msec : 0
114.6 msec : 0
114.7 msec : 0
114.8 msec : 0
114.9 msec : 0
115.0 msec : 0
115.1 msec : 0
115.2 msec : 0
115.3 msec : 0
115.4 msec : 0
115.5 msec : 0
115.6 msec : 0
115.7 msec : 0
115.8 msec : 0
115.9 msec : 0
116.0 msec : 0
116.1 msec : 0
116.2 msec : 0
116.3 msec : 0
116.4 msec : 0
116.5 msec : 0
116.6 msec : 0
116.7 msec : 0
116.8 msec : 0
116.9 msec : 3
117.0 msec : 4
117.1 msec : 1
117.2 msec : 0
117.3 msec : 8
117.4 msec : 10
117.5 msec : 5
117.6 msec : 1
117.7 msec : 2
117.8 msec : 2
117.9 msec : 0
118.0 msec : 0
118.1 msec : 0
118.2 msec : 0
118.3 msec : 2
118.4 msec : 0
118.5 msec : 0
118.6 msec : 0
118.7 msec : 0
118.8 msec : 0
118.9 msec : 1
119.0 msec : 0
119.1 msec : 0
119.2 msec : 0
119.3 msec : 0
119.4 msec : 0
119.5 msec : 0
119.6 msec : 0
119.7 msec : 0
119.8 msec : 0
119.9 msec : 0
120.0 msec : 0
120.1 msec : 0
120.2 msec : 0
120.3 msec : 0
120.4 msec : 0
120.5 msec : 0
120.6 msec : 0
120.7 msec : 0
120.8 msec : 0
120.9 msec : 0
121.0 msec : 0
121.1 msec : 0
121.2 msec : 0
121.3 msec : 0
121.4 msec : 0
121.5 msec : 0
121.6 msec : 0
121.7 msec : 0
121.8 msec : 0
121.9 msec : 0
122.0 msec : 0
122.1 msec : 0
122.2 msec : 0
122.3 msec : 0
122.4 msec : 0
122.5 msec : 0
122.6 msec : 0
122.7 msec : 0
122.8 msec : 0
122.9 msec : 0
123.0 msec : 0
123.1 msec : 0
123.2 msec : 0
123.3 msec : 0
123.4 msec : 0
123.5 msec : 0
123.6 msec : 0
123.7 msec : 0
123.8 msec : 0
123.9 msec : 0
124.0 msec : 0
124.1 msec : 0
124.2 msec : 0
124.3 msec : 0
124.4 msec : 0
124.5 msec : 0
124.6 msec : 0
124.7 msec : 0
124.8 msec : 0
124.9 msec : 0
125.0 msec : 0
125.1 msec : 0
125.2 msec : 0
125.3 msec : 0
125.4 msec : 0
125.5 msec : 0
125.6 msec : 0
125.7 msec : 0
125.8 msec : 0
125.9 msec : 0
126.0 msec : 0
126.1 msec : 0
126.2 msec : 0
126.3 msec : 0
126.4 msec : 5
126.5 msec : 7
126.6 msec : 2
126.7 msec : 4
126.8 msec : 3
126.9 msec : 3
127.0 msec : 0
127.1 msec : 0
127.2 msec : 0
127.3 msec : 0
127.4 msec : 0
127.5 msec : 1
127.6 msec : 0
127.7 msec : 0
127.8 msec : 0
127.9 msec : 0
128.0 msec : 0
128.1 msec : 0
128.2 msec : 0
128.3 msec : 0
128.4 msec : 0
128.5 msec : 0
128.6 msec : 0
128.7 msec : 0
128.8 msec : 0
128.9 msec : 0
129.0 msec : 0
129.1 msec : 0
129.2 msec : 0
129.3 msec : 0
129.4 msec : 0
129.5 msec : 0
129.6 msec : 0
129.7 msec : 0
129.8 msec : 0
129.9 msec : 0
130.0 msec : 0
130.1 msec : 0
130.2 msec : 0
130.3 msec : 0
130.4 msec : 0
130.5 msec : 0
130.6 msec : 0
130.7 msec : 0
130.8 msec : 0
130.9 msec : 0
131.0 msec : 0
131.1 msec : 0
131.2 msec : 0
131.3 msec : 0
131.4 msec : 0
131.5 msec : 0
131.6 msec : 0
131.7 msec : 0
131.8 msec : 0
131.9 msec : 0
132.0 msec : 0
132.1 msec : 0
132.2 msec : 0
132.3 msec : 0
132.4 msec : 0
132.5 msec : 0
132.6 msec : 0
132.7 msec : 0
132.8 msec : 0
132.9 msec : 0
133.0 msec : 0
133.1 msec : 0
133.2 msec : 0
133.3 msec : 0
133.4 msec : 0
133.5 msec : 0
133.6 msec : 0
133.7 msec : 0
133.8 msec : 0
133.9 msec : 0
134.0 msec : 0
134.1 msec : 0
134.2 msec : 0
134.3 msec : 0
134.4 msec : 0
134.5 msec : 0
134.6 msec : 0
134.7 msec : 0
134.8 msec : 0
134.9 msec : 0
135.0 msec : 0
135.1 msec : 0
135.2 msec : 0
135.3 msec : 0
135.4 msec : 0
135.5 msec : 0
135.6 msec : 0
135.7 msec : 0
135.8 msec : 0
135.9 msec : 0
136.0 msec : 0
136.1 msec : 0
136.2 msec : 0
136.3 msec : 0
136.4 msec : 0
136.5 msec : 0
136.6 msec : 0
136.7 msec : 0
136.8 msec : 0
136.9 msec : 0
137.0 msec : 0
137.1 msec : 0
137.2 msec : 0
137.3 msec : 0
137.4 msec : 0
137.5 msec : 0
137.6 msec : 0
137.7 msec : 0
137.8 msec : 0
137.9 msec : 0
138.0 msec : 0
138.1 msec : 0
138.2 msec : 0
138.3 msec : 0
138.4 msec : 0
138.5 msec : 0
138.6 msec : 0
138.7 msec : 0
138.8 msec : 0
138.9 msec : 0
139.0 msec : 0
139.1 msec : 0
139.2 msec : 0
139.3 msec : 0
139.4 msec : 0
139.5 msec : 0
139.6 msec : 0
139.7 msec : 0
139.8 msec : 0
139.9 msec : 0
140.0 msec : 0
140.1 msec : 0
140.2 msec : 0
140.3 msec : 0
140.4 msec : 1
140.5 msec : 0
140.6 msec : 0
140.7 msec : 0
140.8 msec : 0
140.9 msec : 0
141.0 msec : 0
141.1 msec : 0
141.2 msec : 0
141.3 msec : 0
141.4 msec : 0
141.5 msec : 0
141.6 msec : 0
141.7 msec : 0
141.8 msec : 0
141.9 msec : 0
142.0 msec : 0
142.1 msec : 0
142.2 msec : 0
142.3 msec : 0
142.4 msec : 0
142.5 msec : 0
142.6 msec : 0
142.7 msec : 0
142.8 msec : 0
142.9 msec : 0
143.0 msec : 0
143.1 msec : 0
143.2 msec : 0
143.3 msec : 0
143.4 msec : 0
143.5 msec : 2
143.6 msec : 2
143.7 msec : 0
143.8 msec : 1
143.9 msec : 0
144.0 msec : 0
144.1 msec : 2
144.2 msec : 0
144.3 msec : 0
144.4 msec : 0
144.5 msec : 0
144.6 msec : 0
144.7 msec : 1
144.8 msec : 0
144.9 msec : 0
145.0 msec : 0
145.1 msec : 0
145.2 msec : 0
145.3 msec : 0
145.4 msec : 0
145.5 msec : 0
145.6 msec : 0
145.7 msec : 0
145.8 msec : 5
145.9 msec : 5
146.0 msec : 7
146.1 msec : 2
146.2 msec : 4
146.3 msec : 5
146.4 msec : 5
146.5 msec : 3
146.6 msec : 1
146.7 msec : 1
146.8 msec : 0
146.9 msec : 1
147.0 msec : 0
147.1 msec : 0
147.2 msec : 0
147.3 msec : 0
147.4 msec : 0
147.5 msec : 0
147.6 msec : 0
147.7 msec : 0
147.8 msec : 0
147.9 msec : 0
148.0 msec : 0
148.1 msec : 0
148.2 msec : 0
148.3 msec : 0
148.4 msec : 0
148.5 msec : 0
148.6 msec : 0
148.7 msec : 0
148.8 msec : 0
148.9 msec : 0
149.0 msec : 0
149.1 msec : 0
149.2 msec : 0
149.3 msec : 0
149.4 msec : 0
149.5 msec : 0
149.6 msec : 0
149.7 msec : 0
149.8 msec : 0
149.9 msec : 0
150.0 msec : 0
150.1 msec : 0
150.2 msec : 0
150.3 msec : 0
150.4 msec : 0
150.5 msec : 0
150.6 msec : 0
150.7 msec : 0
150.8 msec : 0
150.9 msec : 0
151.0 msec : 0
151.1 msec : 0
151.2 msec : 0
151.3 msec : 0
151.4 msec : 0
151.5 msec : 0
151.6 msec : 0
151.7 msec : 0
151.8 msec : 0
151.9 msec : 0
152.0 msec : 0
152.1 msec : 0
152.2 msec : 0
152.3 msec : 0
152.4 msec : 0
152.5 msec : 0
152.6 msec : 0
152.7 msec : 0
152.8 msec : 0
152.9 msec : 0
153.0 msec : 0
153.1 msec : 0
153.2 msec : 0
153.3 msec : 0
153.4 msec : 0
153.5 msec : 0
153.6 msec : 0
153.7 msec : 0
153.8 msec : 0
153.9 msec : 0
154.0 msec : 0
154.1 msec : 0
154.2 msec : 0
154.3 msec : 0
154.4 msec : 0
154.5 msec : 0
154.6 msec : 0
154.7 msec : 0
154.8 msec : 0
154.9 msec : 0
155.0 msec : 0
155.1 msec : 0
155.2 msec : 0
155.3 msec : 0
155.4 msec : 0
155.5 msec : 0
155.6 msec : 0
155.7 msec : 0
155.8 msec : 0
155.9 msec : 0
156.0 msec : 0
156.1 msec : 0
156.2 msec : 0
156.3 msec : 0
156.4 msec : 0
156.5 msec : 0
156.6 msec : 0
156.7 msec : 0
156.8 msec : 0
156.9 msec : 0
157.0 msec : 0
157.1 msec : 0
157.2 msec : 0
157.3 msec : 0
157.4 msec : 0
157.5 msec : 0
157.6 msec : 0
157.7 msec : 0
157.8 msec : 0
157.9 msec : 0
158.0 msec : 0
158.1 msec : 0
158.2 msec : 0
158.3 msec : 0
158.4 msec : 0
158.5 msec : 0
158.6 msec : 0
158.7 msec : 0
158.8 msec : 0
158.9 msec : 0
159.0 msec : 0
159.1 msec : 0
159.2 msec : 0
159.3 msec : 0
159.4 msec : 0
159.5 msec : 0
159.6 msec : 0
159.7 msec : 0
159.8 msec : 0
159.9 msec : 0
160.0 msec : 0
160.1 msec : 0
160.2 msec : 0
160.3 msec : 0
160.4 msec : 0
160.5 msec : 0
160.6 msec : 0
160.7 msec : 0
160.8 msec : 0
160.9 msec : 0
161.0 msec : 0
161.1 msec : 0
161.2 msec : 0
161.3 msec : 0
161.4 msec : 0
161.5 msec : 0
161.6 msec : 0
161.7 msec : 0
161.8 msec : 0
161.9 msec : 0
162.0 msec : 0
162.1 msec : 0
162.2 msec : 0
162.3 msec : 0
162.4 msec : 0
162.5 msec : 0
162.6 msec : 0
162.7 msec : 0
162.8 msec : 0
162.9 msec : 0
163.0 msec : 2
163.1 msec : 1
163.2 msec : 2
163.3 msec : 2
163.4 msec : 1
163.5 msec : 2
163.6 msec : 1
163.7 msec : 1
163.8 msec : 3
163.9 msec : 1
164.0 msec : 4
164.1 msec : 2
164.2 msec : 3
164.3 msec : 0
164.4 msec : 1
164.5 msec : 0
164.6 msec : 2
164.7 msec : 4
164.8 msec : 1
164.9 msec : 0
165.0 msec : 1
165.1 msec : 5
165.2 msec : 3
165.3 msec : 0
165.4 msec : 2
165.5 msec : 0
