Middleware started...
Middleware shuts down...
Smaller resolution statistics are in a log file...
Final aggregates per worker:


Worker 24
Average throughput (ops/sec) = 69
Average response time (msec) = 41.12679
Average queue length = 49
Average wait time in queue (msec) = 24.6274685
Average service time (msec) = 10.864655
Number of SET = 69
Number of GET = 0
Number of MULTI GET = 0


Worker 7
Average throughput (ops/sec) = 68
Average response time (msec) = 41.1452725
Average queue length = 50
Average wait time in queue (msec) = 24.67336033333333
Average service time (msec) = 11.51821
Number of SET = 67
Number of GET = 0
Number of MULTI GET = 0


Worker 25
Average throughput (ops/sec) = 70
Average response time (msec) = 39.8419595
Average queue length = 48
Average wait time in queue (msec) = 25.63200583333333
Average service time (msec) = 11.047225333333333
Number of SET = 70
Number of GET = 0
Number of MULTI GET = 0


Worker 6
Average throughput (ops/sec) = 67
Average response time (msec) = 40.19821533333334
Average queue length = 49
Average wait time in queue (msec) = 24.781464333333332
Average service time (msec) = 11.612241833333334
Number of SET = 67
Number of GET = 0
Number of MULTI GET = 0


Worker 26
Average throughput (ops/sec) = 68
Average response time (msec) = 41.344217
Average queue length = 48
Average wait time in queue (msec) = 26.663171666666667
Average service time (msec) = 10.922453833333334
Number of SET = 68
Number of GET = 0
Number of MULTI GET = 0


Worker 9
Average throughput (ops/sec) = 69
Average response time (msec) = 40.6095105
Average queue length = 50
Average wait time in queue (msec) = 24.2697845
Average service time (msec) = 13.728046333333333
Number of SET = 69
Number of GET = 0
Number of MULTI GET = 0


Worker 27
Average throughput (ops/sec) = 65
Average response time (msec) = 43.4830645
Average queue length = 52
Average wait time in queue (msec) = 26.42396916666667
Average service time (msec) = 14.465696166666666
Number of SET = 65
Number of GET = 0
Number of MULTI GET = 0


Worker 8
Average throughput (ops/sec) = 67
Average response time (msec) = 40.2921185
Average queue length = 47
Average wait time in queue (msec) = 24.97474983333333
Average service time (msec) = 11.825223666666666
Number of SET = 67
Number of GET = 0
Number of MULTI GET = 0


Worker 20
Average throughput (ops/sec) = 71
Average response time (msec) = 38.44770583333334
Average queue length = 52
Average wait time in queue (msec) = 24.992698166666667
Average service time (msec) = 10.371307
Number of SET = 71
Number of GET = 0
Number of MULTI GET = 0


Worker 3
Average throughput (ops/sec) = 69
Average response time (msec) = 40.17027483333334
Average queue length = 50
Average wait time in queue (msec) = 23.234269333333334
Average service time (msec) = 11.647269333333334
Number of SET = 69
Number of GET = 0
Number of MULTI GET = 0


Worker 21
Average throughput (ops/sec) = 73
Average response time (msec) = 39.494572833333336
Average queue length = 52
Average wait time in queue (msec) = 25.861539333333333
Average service time (msec) = 10.624619333333333
Number of SET = 73
Number of GET = 0
Number of MULTI GET = 0


Worker 2
Average throughput (ops/sec) = 68
Average response time (msec) = 38.9137775
Average queue length = 51
Average wait time in queue (msec) = 23.68927083333333
Average service time (msec) = 10.449294166666666
Number of SET = 68
Number of GET = 0
Number of MULTI GET = 0


Worker 22
Average throughput (ops/sec) = 68
Average response time (msec) = 40.89626783333333
Average queue length = 50
Average wait time in queue (msec) = 26.57617216666667
Average service time (msec) = 10.694586333333334
Number of SET = 68
Number of GET = 0
Number of MULTI GET = 0


Worker 5
Average throughput (ops/sec) = 70
Average response time (msec) = 39.45123616666666
Average queue length = 50
Average wait time in queue (msec) = 25.231611166666667
Average service time (msec) = 11.0340655
Number of SET = 70
Number of GET = 0
Number of MULTI GET = 0


Worker 23
Average throughput (ops/sec) = 71
Average response time (msec) = 39.88936983333333
Average queue length = 49
Average wait time in queue (msec) = 25.358875333333334
Average service time (msec) = 11.572441333333334
Number of SET = 71
Number of GET = 0
Number of MULTI GET = 0


Worker 4
Average throughput (ops/sec) = 72
Average response time (msec) = 39.17003733333333
Average queue length = 53
Average wait time in queue (msec) = 24.326397166666666
Average service time (msec) = 11.101307166666667
Number of SET = 72
Number of GET = 0
Number of MULTI GET = 0


Worker 28
Average throughput (ops/sec) = 65
Average response time (msec) = 42.47921683333334
Average queue length = 51
Average wait time in queue (msec) = 26.45874116666667
Average service time (msec) = 12.099826
Number of SET = 65
Number of GET = 0
Number of MULTI GET = 0


Worker 29
Average throughput (ops/sec) = 65
Average response time (msec) = 42.525456
Average queue length = 52
Average wait time in queue (msec) = 27.076927666666666
Average service time (msec) = 12.0094345
Number of SET = 65
Number of GET = 0
Number of MULTI GET = 0


Worker 1
Average throughput (ops/sec) = 66
Average response time (msec) = 39.990772166666666
Average queue length = 49
Average wait time in queue (msec) = 24.128913333333333
Average service time (msec) = 12.552705833333334
Number of SET = 66
Number of GET = 0
Number of MULTI GET = 0


Worker 30
Average throughput (ops/sec) = 65
Average response time (msec) = 42.538086666666665
Average queue length = 52
Average wait time in queue (msec) = 27.2668115
Average service time (msec) = 11.165444
Number of SET = 65
Number of GET = 0
Number of MULTI GET = 0


Worker 13
Average throughput (ops/sec) = 70
Average response time (msec) = 40.120251333333336
Average queue length = 51
Average wait time in queue (msec) = 24.15916866666667
Average service time (msec) = 12.178662
Number of SET = 70
Number of GET = 0
Number of MULTI GET = 0


Worker 14
Average throughput (ops/sec) = 73
Average response time (msec) = 40.90885683333334
Average queue length = 50
Average wait time in queue (msec) = 25.35956883333333
Average service time (msec) = 10.567858
Number of SET = 73
Number of GET = 0
Number of MULTI GET = 0


Worker 15
Average throughput (ops/sec) = 63
Average response time (msec) = 41.2625305
Average queue length = 52
Average wait time in queue (msec) = 24.07478216666667
Average service time (msec) = 11.652048
Number of SET = 63
Number of GET = 0
Number of MULTI GET = 0


Worker 16
Average throughput (ops/sec) = 67
Average response time (msec) = 41.95565066666666
Average queue length = 50
Average wait time in queue (msec) = 24.90663066666667
Average service time (msec) = 13.590805333333334
Number of SET = 67
Number of GET = 0
Number of MULTI GET = 0


Worker 31
Average throughput (ops/sec) = 72
Average response time (msec) = 39.380447333333336
Average queue length = 52
Average wait time in queue (msec) = 24.85580483333333
Average service time (msec) = 11.870201166666666
Number of SET = 72
Number of GET = 0
Number of MULTI GET = 0


Worker 32
Average throughput (ops/sec) = 71
Average response time (msec) = 44.056081666666664
Average queue length = 51
Average wait time in queue (msec) = 27.57113316666667
Average service time (msec) = 13.0780565
Number of SET = 71
Number of GET = 0
Number of MULTI GET = 0


Worker 10
Average throughput (ops/sec) = 75
Average response time (msec) = 37.19942133333333
Average queue length = 48
Average wait time in queue (msec) = 24.95633833333333
Average service time (msec) = 8.99426
Number of SET = 75
Number of GET = 0
Number of MULTI GET = 0


Worker 11
Average throughput (ops/sec) = 66
Average response time (msec) = 41.640836
Average queue length = 52
Average wait time in queue (msec) = 23.46493016666667
Average service time (msec) = 12.784238666666665
Number of SET = 66
Number of GET = 0
Number of MULTI GET = 0


Worker 12
Average throughput (ops/sec) = 64
Average response time (msec) = 40.046018833333335
Average queue length = 49
Average wait time in queue (msec) = 24.034224166666668
Average service time (msec) = 11.132727166666665
Number of SET = 64
Number of GET = 0
Number of MULTI GET = 0


Worker 17
Average throughput (ops/sec) = 68
Average response time (msec) = 40.30650416666666
Average queue length = 52
Average wait time in queue (msec) = 25.77583183333333
Average service time (msec) = 10.0693385
Number of SET = 68
Number of GET = 0
Number of MULTI GET = 0


Worker 18
Average throughput (ops/sec) = 68
Average response time (msec) = 38.91637716666666
Average queue length = 52
Average wait time in queue (msec) = 24.7655285
Average service time (msec) = 10.639702333333334
Number of SET = 68
Number of GET = 0
Number of MULTI GET = 0


Worker 19
Average throughput (ops/sec) = 73
Average response time (msec) = 39.53782316666666
Average queue length = 51
Average wait time in queue (msec) = 24.040275833333332
Average service time (msec) = 10.957691166666667
Number of SET = 73
Number of GET = 0
Number of MULTI GET = 0


FINAL STATS
Average throughput (ops/sec) = 2196
Average response time (msec) = 34.84238453880383
Average queue length = 50
Average wait time in queue (msec) = 25.131638078125
Average service time (msec) = 11.525676296875
Number of SET = 68
Number of GET = 0
Number of MULTI GET = 0
Number of Cache misses = 0


Histogram response times (0.1 msec step)
0.0 msec : 4
0.1 msec : 4
0.2 msec : 2
0.3 msec : 2
0.4 msec : 4
0.5 msec : 2
0.6 msec : 5
0.7 msec : 0
0.8 msec : 5
0.9 msec : 4
1.0 msec : 8
1.1 msec : 1
1.2 msec : 3
1.3 msec : 4
1.4 msec : 2
1.5 msec : 4
1.6 msec : 6
1.7 msec : 2
1.8 msec : 6
1.9 msec : 10
2.0 msec : 6
2.1 msec : 4
2.2 msec : 2
2.3 msec : 4
2.4 msec : 3
2.5 msec : 4
2.6 msec : 8
2.7 msec : 6
2.8 msec : 7
2.9 msec : 1
3.0 msec : 7
3.1 msec : 6
3.2 msec : 4
3.3 msec : 5
3.4 msec : 3
3.5 msec : 3
3.6 msec : 3
3.7 msec : 5
3.8 msec : 3
3.9 msec : 6
4.0 msec : 2
4.1 msec : 2
4.2 msec : 4
4.3 msec : 3
4.4 msec : 3
4.5 msec : 2
4.6 msec : 3
4.7 msec : 9
4.8 msec : 3
4.9 msec : 2
5.0 msec : 3
5.1 msec : 4
5.2 msec : 7
5.3 msec : 6
5.4 msec : 1
5.5 msec : 4
5.6 msec : 2
5.7 msec : 0
5.8 msec : 6
5.9 msec : 3
6.0 msec : 5
6.1 msec : 1
6.2 msec : 5
6.3 msec : 1
6.4 msec : 4
6.5 msec : 4
6.6 msec : 2
6.7 msec : 2
6.8 msec : 5
6.9 msec : 7
7.0 msec : 5
7.1 msec : 6
7.2 msec : 1
7.3 msec : 6
7.4 msec : 4
7.5 msec : 0
7.6 msec : 6
7.7 msec : 3
7.8 msec : 1
7.9 msec : 3
8.0 msec : 3
8.1 msec : 2
8.2 msec : 2
8.3 msec : 0
8.4 msec : 3
8.5 msec : 3
8.6 msec : 2
8.7 msec : 4
8.8 msec : 4
8.9 msec : 2
9.0 msec : 4
9.1 msec : 2
9.2 msec : 1
9.3 msec : 0
9.4 msec : 1
9.5 msec : 0
9.6 msec : 1
9.7 msec : 0
9.8 msec : 1
9.9 msec : 1
10.0 msec : 2
10.1 msec : 2
10.2 msec : 3
10.3 msec : 0
10.4 msec : 1
10.5 msec : 1
10.6 msec : 1
10.7 msec : 3
10.8 msec : 0
10.9 msec : 3
11.0 msec : 4
11.1 msec : 9
11.2 msec : 4
11.3 msec : 4
11.4 msec : 8
11.5 msec : 7
11.6 msec : 5
11.7 msec : 8
11.8 msec : 8
11.9 msec : 10
12.0 msec : 14
12.1 msec : 9
12.2 msec : 17
12.3 msec : 22
12.4 msec : 9
12.5 msec : 14
12.6 msec : 19
12.7 msec : 17
12.8 msec : 11
12.9 msec : 13
13.0 msec : 30
13.1 msec : 20
13.2 msec : 19
13.3 msec : 17
13.4 msec : 25
13.5 msec : 25
13.6 msec : 32
13.7 msec : 16
13.8 msec : 24
13.9 msec : 17
14.0 msec : 23
14.1 msec : 30
14.2 msec : 29
14.3 msec : 31
14.4 msec : 25
14.5 msec : 28
14.6 msec : 32
14.7 msec : 34
14.8 msec : 40
14.9 msec : 35
15.0 msec : 34
15.1 msec : 35
15.2 msec : 43
15.3 msec : 34
15.4 msec : 39
15.5 msec : 37
15.6 msec : 29
15.7 msec : 43
15.8 msec : 43
15.9 msec : 53
16.0 msec : 54
16.1 msec : 47
16.2 msec : 50
16.3 msec : 40
16.4 msec : 48
16.5 msec : 56
16.6 msec : 45
16.7 msec : 43
16.8 msec : 42
16.9 msec : 36
17.0 msec : 46
17.1 msec : 62
17.2 msec : 48
17.3 msec : 62
17.4 msec : 41
17.5 msec : 54
17.6 msec : 56
17.7 msec : 54
17.8 msec : 33
17.9 msec : 49
18.0 msec : 46
18.1 msec : 53
18.2 msec : 40
18.3 msec : 47
18.4 msec : 43
18.5 msec : 51
18.6 msec : 54
18.7 msec : 42
18.8 msec : 40
18.9 msec : 46
19.0 msec : 46
19.1 msec : 51
19.2 msec : 42
19.3 msec : 60
19.4 msec : 47
19.5 msec : 48
19.6 msec : 61
19.7 msec : 44
19.8 msec : 52
19.9 msec : 53
20.0 msec : 60
20.1 msec : 53
20.2 msec : 47
20.3 msec : 54
20.4 msec : 41
20.5 msec : 49
20.6 msec : 36
20.7 msec : 52
20.8 msec : 37
20.9 msec : 59
21.0 msec : 48
21.1 msec : 42
21.2 msec : 50
21.3 msec : 38
21.4 msec : 33
21.5 msec : 56
21.6 msec : 53
21.7 msec : 36
21.8 msec : 53
21.9 msec : 56
22.0 msec : 35
22.1 msec : 47
22.2 msec : 51
22.3 msec : 50
22.4 msec : 55
22.5 msec : 42
22.6 msec : 43
22.7 msec : 40
22.8 msec : 48
22.9 msec : 42
23.0 msec : 53
23.1 msec : 40
23.2 msec : 42
23.3 msec : 40
23.4 msec : 55
23.5 msec : 38
23.6 msec : 36
23.7 msec : 46
23.8 msec : 45
23.9 msec : 47
24.0 msec : 40
24.1 msec : 44
24.2 msec : 36
24.3 msec : 39
24.4 msec : 55
24.5 msec : 55
24.6 msec : 52
24.7 msec : 42
24.8 msec : 39
24.9 msec : 43
25.0 msec : 40
25.1 msec : 43
25.2 msec : 46
25.3 msec : 32
25.4 msec : 39
25.5 msec : 42
25.6 msec : 47
25.7 msec : 37
25.8 msec : 44
25.9 msec : 45
26.0 msec : 44
26.1 msec : 45
26.2 msec : 52
26.3 msec : 34
26.4 msec : 37
26.5 msec : 46
26.6 msec : 34
26.7 msec : 28
26.8 msec : 39
26.9 msec : 34
27.0 msec : 40
27.1 msec : 35
27.2 msec : 40
27.3 msec : 41
27.4 msec : 31
27.5 msec : 31
27.6 msec : 29
27.7 msec : 30
27.8 msec : 41
27.9 msec : 39
28.0 msec : 36
28.1 msec : 36
28.2 msec : 31
28.3 msec : 36
28.4 msec : 30
28.5 msec : 25
28.6 msec : 31
28.7 msec : 44
28.8 msec : 30
28.9 msec : 20
29.0 msec : 35
29.1 msec : 32
29.2 msec : 32
29.3 msec : 33
29.4 msec : 26
29.5 msec : 36
29.6 msec : 25
29.7 msec : 29
29.8 msec : 40
29.9 msec : 39
30.0 msec : 30
30.1 msec : 23
30.2 msec : 34
30.3 msec : 24
30.4 msec : 19
30.5 msec : 25
30.6 msec : 28
30.7 msec : 29
30.8 msec : 30
30.9 msec : 34
31.0 msec : 39
31.1 msec : 29
31.2 msec : 26
31.3 msec : 24
31.4 msec : 28
31.5 msec : 24
31.6 msec : 29
31.7 msec : 18
31.8 msec : 31
31.9 msec : 26
32.0 msec : 13
32.1 msec : 29
32.2 msec : 31
32.3 msec : 27
32.4 msec : 27
32.5 msec : 24
32.6 msec : 33
32.7 msec : 35
32.8 msec : 27
32.9 msec : 28
33.0 msec : 31
33.1 msec : 22
33.2 msec : 23
33.3 msec : 28
33.4 msec : 37
33.5 msec : 24
33.6 msec : 21
33.7 msec : 21
33.8 msec : 25
33.9 msec : 26
34.0 msec : 26
34.1 msec : 31
34.2 msec : 30
34.3 msec : 20
34.4 msec : 39
34.5 msec : 26
34.6 msec : 25
34.7 msec : 28
34.8 msec : 30
34.9 msec : 31
35.0 msec : 30
35.1 msec : 36
35.2 msec : 29
35.3 msec : 28
35.4 msec : 23
35.5 msec : 29
35.6 msec : 25
35.7 msec : 18
35.8 msec : 23
35.9 msec : 28
36.0 msec : 22
36.1 msec : 21
36.2 msec : 31
36.3 msec : 36
36.4 msec : 23
36.5 msec : 21
36.6 msec : 15
36.7 msec : 25
36.8 msec : 20
36.9 msec : 29
37.0 msec : 23
37.1 msec : 28
37.2 msec : 24
37.3 msec : 16
37.4 msec : 21
37.5 msec : 26
37.6 msec : 19
37.7 msec : 19
37.8 msec : 23
37.9 msec : 16
38.0 msec : 23
38.1 msec : 18
38.2 msec : 19
38.3 msec : 28
38.4 msec : 15
38.5 msec : 19
38.6 msec : 13
38.7 msec : 18
38.8 msec : 25
38.9 msec : 17
39.0 msec : 17
39.1 msec : 18
39.2 msec : 16
39.3 msec : 20
39.4 msec : 8
39.5 msec : 15
39.6 msec : 18
39.7 msec : 22
39.8 msec : 10
39.9 msec : 11
40.0 msec : 14
40.1 msec : 17
40.2 msec : 11
40.3 msec : 23
40.4 msec : 16
40.5 msec : 12
40.6 msec : 12
40.7 msec : 12
40.8 msec : 8
40.9 msec : 11
41.0 msec : 20
41.1 msec : 19
41.2 msec : 13
41.3 msec : 19
41.4 msec : 26
41.5 msec : 17
41.6 msec : 8
41.7 msec : 9
41.8 msec : 10
41.9 msec : 19
42.0 msec : 12
42.1 msec : 14
42.2 msec : 20
42.3 msec : 10
42.4 msec : 11
42.5 msec : 12
42.6 msec : 15
42.7 msec : 14
42.8 msec : 9
42.9 msec : 11
43.0 msec : 15
43.1 msec : 10
43.2 msec : 23
43.3 msec : 15
43.4 msec : 15
43.5 msec : 15
43.6 msec : 20
43.7 msec : 14
43.8 msec : 16
43.9 msec : 11
44.0 msec : 12
44.1 msec : 17
44.2 msec : 15
44.3 msec : 10
44.4 msec : 14
44.5 msec : 12
44.6 msec : 15
44.7 msec : 11
44.8 msec : 10
44.9 msec : 14
45.0 msec : 14
45.1 msec : 19
45.2 msec : 10
45.3 msec : 19
45.4 msec : 11
45.5 msec : 16
45.6 msec : 10
45.7 msec : 10
45.8 msec : 9
45.9 msec : 8
46.0 msec : 10
46.1 msec : 17
46.2 msec : 8
46.3 msec : 15
46.4 msec : 15
46.5 msec : 10
46.6 msec : 9
46.7 msec : 11
46.8 msec : 12
46.9 msec : 12
47.0 msec : 13
47.1 msec : 3
47.2 msec : 11
47.3 msec : 9
47.4 msec : 13
47.5 msec : 11
47.6 msec : 10
47.7 msec : 9
47.8 msec : 11
47.9 msec : 10
48.0 msec : 12
48.1 msec : 9
48.2 msec : 9
48.3 msec : 7
48.4 msec : 14
48.5 msec : 17
48.6 msec : 5
48.7 msec : 13
48.8 msec : 15
48.9 msec : 9
49.0 msec : 11
49.1 msec : 7
49.2 msec : 8
49.3 msec : 12
49.4 msec : 10
49.5 msec : 10
49.6 msec : 13
49.7 msec : 16
49.8 msec : 13
49.9 msec : 12
50.0 msec : 13
50.1 msec : 12
50.2 msec : 6
50.3 msec : 5
50.4 msec : 10
50.5 msec : 4
50.6 msec : 16
50.7 msec : 16
50.8 msec : 9
50.9 msec : 9
51.0 msec : 8
51.1 msec : 8
51.2 msec : 12
51.3 msec : 9
51.4 msec : 7
51.5 msec : 9
51.6 msec : 7
51.7 msec : 3
51.8 msec : 10
51.9 msec : 6
52.0 msec : 15
52.1 msec : 10
52.2 msec : 9
52.3 msec : 7
52.4 msec : 8
52.5 msec : 10
52.6 msec : 10
52.7 msec : 13
52.8 msec : 5
52.9 msec : 11
53.0 msec : 7
53.1 msec : 10
53.2 msec : 9
53.3 msec : 8
53.4 msec : 9
53.5 msec : 6
53.6 msec : 9
53.7 msec : 12
53.8 msec : 3
53.9 msec : 9
54.0 msec : 15
54.1 msec : 7
54.2 msec : 9
54.3 msec : 10
54.4 msec : 7
54.5 msec : 4
54.6 msec : 4
54.7 msec : 11
54.8 msec : 8
54.9 msec : 5
55.0 msec : 2
55.1 msec : 4
55.2 msec : 7
55.3 msec : 5
55.4 msec : 5
55.5 msec : 8
55.6 msec : 9
55.7 msec : 9
55.8 msec : 8
55.9 msec : 13
56.0 msec : 7
56.1 msec : 5
56.2 msec : 8
56.3 msec : 7
56.4 msec : 5
56.5 msec : 6
56.6 msec : 6
56.7 msec : 7
56.8 msec : 4
56.9 msec : 5
57.0 msec : 6
57.1 msec : 5
57.2 msec : 16
57.3 msec : 8
57.4 msec : 7
57.5 msec : 6
57.6 msec : 8
57.7 msec : 2
57.8 msec : 6
57.9 msec : 5
58.0 msec : 8
58.1 msec : 6
58.2 msec : 4
58.3 msec : 7
58.4 msec : 6
58.5 msec : 8
58.6 msec : 7
58.7 msec : 9
58.8 msec : 3
58.9 msec : 3
59.0 msec : 1
59.1 msec : 2
59.2 msec : 4
59.3 msec : 4
59.4 msec : 3
59.5 msec : 2
59.6 msec : 2
59.7 msec : 2
59.8 msec : 9
59.9 msec : 7
60.0 msec : 7
60.1 msec : 4
60.2 msec : 8
60.3 msec : 3
60.4 msec : 4
60.5 msec : 5
60.6 msec : 8
60.7 msec : 7
60.8 msec : 7
60.9 msec : 5
61.0 msec : 6
61.1 msec : 7
61.2 msec : 2
61.3 msec : 6
61.4 msec : 8
61.5 msec : 7
61.6 msec : 3
61.7 msec : 4
61.8 msec : 5
61.9 msec : 7
62.0 msec : 2
62.1 msec : 11
62.2 msec : 3
62.3 msec : 0
62.4 msec : 2
62.5 msec : 3
62.6 msec : 4
62.7 msec : 5
62.8 msec : 4
62.9 msec : 6
63.0 msec : 12
63.1 msec : 2
63.2 msec : 5
63.3 msec : 3
63.4 msec : 4
63.5 msec : 4
63.6 msec : 8
63.7 msec : 4
63.8 msec : 1
63.9 msec : 2
64.0 msec : 2
64.1 msec : 6
64.2 msec : 8
64.3 msec : 4
64.4 msec : 2
64.5 msec : 0
64.6 msec : 2
64.7 msec : 3
64.8 msec : 5
64.9 msec : 3
65.0 msec : 5
65.1 msec : 5
65.2 msec : 6
65.3 msec : 6
65.4 msec : 8
65.5 msec : 2
65.6 msec : 1
65.7 msec : 3
65.8 msec : 3
65.9 msec : 5
66.0 msec : 4
66.1 msec : 5
66.2 msec : 3
66.3 msec : 6
66.4 msec : 4
66.5 msec : 1
66.6 msec : 5
66.7 msec : 2
66.8 msec : 1
66.9 msec : 4
67.0 msec : 7
67.1 msec : 4
67.2 msec : 6
67.3 msec : 2
67.4 msec : 6
67.5 msec : 4
67.6 msec : 1
67.7 msec : 4
67.8 msec : 4
67.9 msec : 3
68.0 msec : 5
68.1 msec : 1
68.2 msec : 5
68.3 msec : 4
68.4 msec : 2
68.5 msec : 8
68.6 msec : 3
68.7 msec : 1
68.8 msec : 0
68.9 msec : 1
69.0 msec : 1
69.1 msec : 8
69.2 msec : 4
69.3 msec : 2
69.4 msec : 0
69.5 msec : 6
69.6 msec : 1
69.7 msec : 5
69.8 msec : 4
69.9 msec : 2
70.0 msec : 2
70.1 msec : 3
70.2 msec : 2
70.3 msec : 1
70.4 msec : 3
70.5 msec : 2
70.6 msec : 5
70.7 msec : 7
70.8 msec : 1
70.9 msec : 2
71.0 msec : 4
71.1 msec : 5
71.2 msec : 4
71.3 msec : 5
71.4 msec : 6
71.5 msec : 5
71.6 msec : 3
71.7 msec : 4
71.8 msec : 3
71.9 msec : 5
72.0 msec : 4
72.1 msec : 6
72.2 msec : 1
72.3 msec : 3
72.4 msec : 4
72.5 msec : 2
72.6 msec : 4
72.7 msec : 1
72.8 msec : 6
72.9 msec : 2
73.0 msec : 5
73.1 msec : 1
73.2 msec : 1
73.3 msec : 3
73.4 msec : 4
73.5 msec : 5
73.6 msec : 3
73.7 msec : 0
73.8 msec : 2
73.9 msec : 2
74.0 msec : 4
74.1 msec : 3
74.2 msec : 4
74.3 msec : 5
74.4 msec : 3
74.5 msec : 2
74.6 msec : 1
74.7 msec : 3
74.8 msec : 4
74.9 msec : 5
75.0 msec : 2
75.1 msec : 3
75.2 msec : 4
75.3 msec : 2
75.4 msec : 5
75.5 msec : 5
75.6 msec : 1
75.7 msec : 3
75.8 msec : 4
75.9 msec : 4
76.0 msec : 5
76.1 msec : 4
76.2 msec : 8
76.3 msec : 2
76.4 msec : 2
76.5 msec : 3
76.6 msec : 7
76.7 msec : 2
76.8 msec : 2
76.9 msec : 2
77.0 msec : 5
77.1 msec : 2
77.2 msec : 5
77.3 msec : 1
77.4 msec : 3
77.5 msec : 0
77.6 msec : 3
77.7 msec : 4
77.8 msec : 3
77.9 msec : 1
78.0 msec : 2
78.1 msec : 3
78.2 msec : 2
78.3 msec : 5
78.4 msec : 1
78.5 msec : 6
78.6 msec : 3
78.7 msec : 0
78.8 msec : 4
78.9 msec : 1
79.0 msec : 3
79.1 msec : 1
79.2 msec : 2
79.3 msec : 4
79.4 msec : 0
79.5 msec : 1
79.6 msec : 3
79.7 msec : 2
79.8 msec : 0
79.9 msec : 3
80.0 msec : 0
80.1 msec : 0
80.2 msec : 1
80.3 msec : 0
80.4 msec : 3
80.5 msec : 8
80.6 msec : 6
80.7 msec : 2
80.8 msec : 1
80.9 msec : 4
81.0 msec : 3
81.1 msec : 2
81.2 msec : 1
81.3 msec : 2
81.4 msec : 3
81.5 msec : 1
81.6 msec : 1
81.7 msec : 0
81.8 msec : 4
81.9 msec : 0
82.0 msec : 2
82.1 msec : 0
82.2 msec : 0
82.3 msec : 2
82.4 msec : 1
82.5 msec : 0
82.6 msec : 4
82.7 msec : 2
82.8 msec : 1
82.9 msec : 4
83.0 msec : 2
83.1 msec : 0
83.2 msec : 0
83.3 msec : 4
83.4 msec : 2
83.5 msec : 3
83.6 msec : 1
83.7 msec : 1
83.8 msec : 2
83.9 msec : 1
84.0 msec : 3
84.1 msec : 0
84.2 msec : 1
84.3 msec : 3
84.4 msec : 4
84.5 msec : 0
84.6 msec : 1
84.7 msec : 1
84.8 msec : 3
84.9 msec : 2
85.0 msec : 1
85.1 msec : 4
85.2 msec : 1
85.3 msec : 4
85.4 msec : 2
85.5 msec : 3
85.6 msec : 1
85.7 msec : 1
85.8 msec : 0
85.9 msec : 2
86.0 msec : 1
86.1 msec : 3
86.2 msec : 1
86.3 msec : 0
86.4 msec : 3
86.5 msec : 1
86.6 msec : 2
86.7 msec : 3
86.8 msec : 5
86.9 msec : 4
87.0 msec : 2
87.1 msec : 4
87.2 msec : 0
87.3 msec : 1
87.4 msec : 3
87.5 msec : 0
87.6 msec : 2
87.7 msec : 4
87.8 msec : 0
87.9 msec : 0
88.0 msec : 1
88.1 msec : 3
88.2 msec : 1
88.3 msec : 1
88.4 msec : 1
88.5 msec : 3
88.6 msec : 3
88.7 msec : 3
88.8 msec : 3
88.9 msec : 2
89.0 msec : 1
89.1 msec : 2
89.2 msec : 2
89.3 msec : 1
89.4 msec : 2
89.5 msec : 4
89.6 msec : 3
89.7 msec : 4
89.8 msec : 1
89.9 msec : 0
90.0 msec : 3
90.1 msec : 2
90.2 msec : 2
90.3 msec : 1
90.4 msec : 2
90.5 msec : 0
90.6 msec : 0
90.7 msec : 0
90.8 msec : 1
90.9 msec : 2
91.0 msec : 2
91.1 msec : 2
91.2 msec : 1
91.3 msec : 0
91.4 msec : 1
91.5 msec : 1
91.6 msec : 2
91.7 msec : 0
91.8 msec : 0
91.9 msec : 1
92.0 msec : 5
92.1 msec : 2
92.2 msec : 4
92.3 msec : 0
92.4 msec : 4
92.5 msec : 0
92.6 msec : 1
92.7 msec : 2
92.8 msec : 0
92.9 msec : 0
93.0 msec : 1
93.1 msec : 2
93.2 msec : 5
93.3 msec : 2
93.4 msec : 1
93.5 msec : 0
93.6 msec : 3
93.7 msec : 3
93.8 msec : 2
93.9 msec : 0
94.0 msec : 1
94.1 msec : 3
94.2 msec : 1
94.3 msec : 1
94.4 msec : 0
94.5 msec : 0
94.6 msec : 2
94.7 msec : 2
94.8 msec : 4
94.9 msec : 0
95.0 msec : 1
95.1 msec : 3
95.2 msec : 2
95.3 msec : 0
95.4 msec : 1
95.5 msec : 1
95.6 msec : 3
95.7 msec : 2
95.8 msec : 1
95.9 msec : 5
96.0 msec : 1
96.1 msec : 0
96.2 msec : 2
96.3 msec : 2
96.4 msec : 4
96.5 msec : 3
96.6 msec : 1
96.7 msec : 0
96.8 msec : 0
96.9 msec : 2
97.0 msec : 2
97.1 msec : 2
97.2 msec : 1
97.3 msec : 2
97.4 msec : 1
97.5 msec : 0
97.6 msec : 1
97.7 msec : 1
97.8 msec : 2
97.9 msec : 2
98.0 msec : 2
98.1 msec : 3
98.2 msec : 4
98.3 msec : 1
98.4 msec : 1
98.5 msec : 0
98.6 msec : 2
98.7 msec : 2
98.8 msec : 3
98.9 msec : 0
99.0 msec : 0
99.1 msec : 0
99.2 msec : 0
99.3 msec : 1
99.4 msec : 2
99.5 msec : 0
99.6 msec : 1
99.7 msec : 1
99.8 msec : 2
99.9 msec : 1
100.0 msec : 1
100.1 msec : 2
100.2 msec : 1
100.3 msec : 2
100.4 msec : 1
100.5 msec : 0
100.6 msec : 2
100.7 msec : 6
100.8 msec : 2
100.9 msec : 1
101.0 msec : 1
101.1 msec : 0
101.2 msec : 4
101.3 msec : 1
101.4 msec : 1
101.5 msec : 2
101.6 msec : 1
101.7 msec : 1
101.8 msec : 0
101.9 msec : 0
102.0 msec : 2
102.1 msec : 2
102.2 msec : 1
102.3 msec : 1
102.4 msec : 0
102.5 msec : 4
102.6 msec : 0
102.7 msec : 1
102.8 msec : 1
102.9 msec : 2
103.0 msec : 3
103.1 msec : 3
103.2 msec : 3
103.3 msec : 2
103.4 msec : 1
103.5 msec : 0
103.6 msec : 1
103.7 msec : 1
103.8 msec : 2
103.9 msec : 0
104.0 msec : 0
104.1 msec : 2
104.2 msec : 1
104.3 msec : 1
104.4 msec : 0
104.5 msec : 0
104.6 msec : 0
104.7 msec : 0
104.8 msec : 1
104.9 msec : 1
105.0 msec : 0
105.1 msec : 0
105.2 msec : 1
105.3 msec : 0
105.4 msec : 1
105.5 msec : 1
105.6 msec : 2
105.7 msec : 1
105.8 msec : 0
105.9 msec : 1
106.0 msec : 0
106.1 msec : 0
106.2 msec : 1
106.3 msec : 0
106.4 msec : 3
106.5 msec : 0
106.6 msec : 0
106.7 msec : 0
106.8 msec : 2
106.9 msec : 2
107.0 msec : 1
107.1 msec : 0
107.2 msec : 2
107.3 msec : 1
107.4 msec : 0
107.5 msec : 0
107.6 msec : 0
107.7 msec : 1
107.8 msec : 0
107.9 msec : 1
108.0 msec : 1
108.1 msec : 0
108.2 msec : 2
108.3 msec : 0
108.4 msec : 1
108.5 msec : 2
108.6 msec : 3
108.7 msec : 2
108.8 msec : 1
108.9 msec : 0
109.0 msec : 2
109.1 msec : 1
109.2 msec : 0
109.3 msec : 1
109.4 msec : 0
109.5 msec : 1
109.6 msec : 0
109.7 msec : 0
109.8 msec : 1
109.9 msec : 2
110.0 msec : 1
110.1 msec : 0
110.2 msec : 0
110.3 msec : 2
110.4 msec : 3
110.5 msec : 1
110.6 msec : 1
110.7 msec : 1
110.8 msec : 0
110.9 msec : 1
111.0 msec : 0
111.1 msec : 0
111.2 msec : 0
111.3 msec : 0
111.4 msec : 1
111.5 msec : 1
111.6 msec : 2
111.7 msec : 0
111.8 msec : 0
111.9 msec : 0
112.0 msec : 0
112.1 msec : 0
112.2 msec : 2
112.3 msec : 0
112.4 msec : 0
112.5 msec : 0
112.6 msec : 0
112.7 msec : 1
112.8 msec : 2
112.9 msec : 1
113.0 msec : 0
113.1 msec : 0
113.2 msec : 1
113.3 msec : 1
113.4 msec : 2
113.5 msec : 1
113.6 msec : 1
113.7 msec : 3
113.8 msec : 0
113.9 msec : 0
114.0 msec : 0
114.1 msec : 1
114.2 msec : 0
114.3 msec : 0
114.4 msec : 0
114.5 msec : 0
114.6 msec : 1
114.7 msec : 0
114.8 msec : 1
114.9 msec : 0
115.0 msec : 0
115.1 msec : 0
115.2 msec : 0
115.3 msec : 0
115.4 msec : 0
115.5 msec : 0
115.6 msec : 0
115.7 msec : 1
115.8 msec : 0
115.9 msec : 0
116.0 msec : 0
116.1 msec : 0
116.2 msec : 0
116.3 msec : 0
116.4 msec : 0
116.5 msec : 0
116.6 msec : 1
116.7 msec : 0
116.8 msec : 0
116.9 msec : 0
117.0 msec : 0
117.1 msec : 0
117.2 msec : 0
117.3 msec : 0
117.4 msec : 0
117.5 msec : 0
117.6 msec : 0
117.7 msec : 2
117.8 msec : 1
117.9 msec : 0
118.0 msec : 1
118.1 msec : 0
118.2 msec : 0
118.3 msec : 0
118.4 msec : 1
118.5 msec : 1
118.6 msec : 0
118.7 msec : 2
118.8 msec : 0
118.9 msec : 0
119.0 msec : 0
119.1 msec : 1
119.2 msec : 0
119.3 msec : 1
119.4 msec : 0
119.5 msec : 0
119.6 msec : 0
119.7 msec : 0
119.8 msec : 0
119.9 msec : 0
120.0 msec : 0
120.1 msec : 0
120.2 msec : 0
120.3 msec : 0
120.4 msec : 0
120.5 msec : 0
120.6 msec : 0
120.7 msec : 0
120.8 msec : 1
120.9 msec : 1
121.0 msec : 0
121.1 msec : 0
121.2 msec : 1
121.3 msec : 0
121.4 msec : 0
121.5 msec : 1
121.6 msec : 0
121.7 msec : 0
121.8 msec : 0
121.9 msec : 0
122.0 msec : 0
122.1 msec : 0
122.2 msec : 0
122.3 msec : 0
122.4 msec : 0
122.5 msec : 0
122.6 msec : 2
122.7 msec : 0
122.8 msec : 0
122.9 msec : 0
123.0 msec : 0
123.1 msec : 1
123.2 msec : 1
123.3 msec : 0
123.4 msec : 0
123.5 msec : 0
123.6 msec : 0
123.7 msec : 1
123.8 msec : 0
123.9 msec : 0
124.0 msec : 0
124.1 msec : 0
124.2 msec : 0
124.3 msec : 0
124.4 msec : 1
124.5 msec : 0
124.6 msec : 0
124.7 msec : 0
124.8 msec : 0
124.9 msec : 0
125.0 msec : 0
125.1 msec : 1
125.2 msec : 0
125.3 msec : 0
125.4 msec : 1
125.5 msec : 1
125.6 msec : 0
125.7 msec : 0
125.8 msec : 0
125.9 msec : 1
126.0 msec : 1
126.1 msec : 1
126.2 msec : 2
126.3 msec : 1
126.4 msec : 0
126.5 msec : 0
126.6 msec : 0
126.7 msec : 0
126.8 msec : 1
126.9 msec : 0
127.0 msec : 0
127.1 msec : 2
127.2 msec : 0
127.3 msec : 1
127.4 msec : 0
127.5 msec : 0
127.6 msec : 1
127.7 msec : 0
127.8 msec : 1
127.9 msec : 0
128.0 msec : 0
128.1 msec : 0
128.2 msec : 0
128.3 msec : 0
128.4 msec : 1
128.5 msec : 0
128.6 msec : 0
128.7 msec : 0
128.8 msec : 0
128.9 msec : 0
129.0 msec : 0
129.1 msec : 1
129.2 msec : 0
129.3 msec : 0
129.4 msec : 0
129.5 msec : 1
129.6 msec : 0
129.7 msec : 0
129.8 msec : 0
129.9 msec : 0
130.0 msec : 0
130.1 msec : 0
130.2 msec : 0
130.3 msec : 0
130.4 msec : 0
130.5 msec : 0
130.6 msec : 0
130.7 msec : 1
130.8 msec : 0
130.9 msec : 0
131.0 msec : 0
131.1 msec : 0
131.2 msec : 0
131.3 msec : 0
131.4 msec : 1
131.5 msec : 0
131.6 msec : 0
131.7 msec : 0
131.8 msec : 0
131.9 msec : 0
132.0 msec : 0
132.1 msec : 0
132.2 msec : 0
132.3 msec : 0
132.4 msec : 1
132.5 msec : 0
132.6 msec : 0
132.7 msec : 0
132.8 msec : 1
132.9 msec : 0
133.0 msec : 0
133.1 msec : 0
133.2 msec : 0
133.3 msec : 2
133.4 msec : 0
133.5 msec : 0
133.6 msec : 0
133.7 msec : 0
133.8 msec : 0
133.9 msec : 1
134.0 msec : 1
134.1 msec : 0
134.2 msec : 0
134.3 msec : 0
134.4 msec : 0
134.5 msec : 0
134.6 msec : 1
134.7 msec : 0
134.8 msec : 0
134.9 msec : 0
135.0 msec : 1
135.1 msec : 0
135.2 msec : 0
135.3 msec : 0
135.4 msec : 0
135.5 msec : 1
135.6 msec : 0
135.7 msec : 0
135.8 msec : 0
135.9 msec : 1
136.0 msec : 0
136.1 msec : 0
136.2 msec : 0
136.3 msec : 1
136.4 msec : 0
136.5 msec : 0
136.6 msec : 0
136.7 msec : 0
136.8 msec : 0
136.9 msec : 0
137.0 msec : 1
137.1 msec : 0
137.2 msec : 0
137.3 msec : 0
137.4 msec : 0
137.5 msec : 0
137.6 msec : 0
137.7 msec : 0
137.8 msec : 0
137.9 msec : 0
138.0 msec : 0
138.1 msec : 0
138.2 msec : 0
138.3 msec : 0
138.4 msec : 1
138.5 msec : 0
138.6 msec : 0
138.7 msec : 0
138.8 msec : 0
138.9 msec : 0
139.0 msec : 0
139.1 msec : 0
139.2 msec : 0
139.3 msec : 0
139.4 msec : 0
139.5 msec : 0
139.6 msec : 0
139.7 msec : 0
139.8 msec : 0
139.9 msec : 0
140.0 msec : 0
140.1 msec : 1
140.2 msec : 0
140.3 msec : 0
140.4 msec : 0
140.5 msec : 0
140.6 msec : 0
140.7 msec : 0
140.8 msec : 0
140.9 msec : 0
141.0 msec : 0
141.1 msec : 0
141.2 msec : 0
141.3 msec : 0
141.4 msec : 0
141.5 msec : 0
141.6 msec : 0
141.7 msec : 0
141.8 msec : 0
141.9 msec : 0
142.0 msec : 0
142.1 msec : 0
142.2 msec : 0
142.3 msec : 0
142.4 msec : 0
142.5 msec : 0
142.6 msec : 0
142.7 msec : 0
142.8 msec : 0
142.9 msec : 0
143.0 msec : 0
143.1 msec : 0
143.2 msec : 0
143.3 msec : 0
143.4 msec : 0
143.5 msec : 0
143.6 msec : 0
143.7 msec : 0
143.8 msec : 0
143.9 msec : 0
144.0 msec : 1
144.1 msec : 0
144.2 msec : 0
144.3 msec : 0
144.4 msec : 0
144.5 msec : 0
144.6 msec : 0
144.7 msec : 0
144.8 msec : 0
144.9 msec : 0
145.0 msec : 0
145.1 msec : 0
145.2 msec : 1
145.3 msec : 0
145.4 msec : 0
145.5 msec : 0
145.6 msec : 0
145.7 msec : 0
145.8 msec : 0
145.9 msec : 0
146.0 msec : 0
146.1 msec : 0
146.2 msec : 0
146.3 msec : 0
146.4 msec : 0
146.5 msec : 0
146.6 msec : 0
146.7 msec : 0
146.8 msec : 0
146.9 msec : 0
147.0 msec : 0
147.1 msec : 0
147.2 msec : 0
147.3 msec : 0
147.4 msec : 0
147.5 msec : 0
147.6 msec : 0
147.7 msec : 0
147.8 msec : 0
147.9 msec : 0
148.0 msec : 0
148.1 msec : 0
148.2 msec : 0
148.3 msec : 0
148.4 msec : 0
148.5 msec : 0
148.6 msec : 0
148.7 msec : 1
148.8 msec : 0
148.9 msec : 0
149.0 msec : 0
149.1 msec : 0
149.2 msec : 0
149.3 msec : 0
149.4 msec : 0
149.5 msec : 0
149.6 msec : 0
149.7 msec : 0
149.8 msec : 0
149.9 msec : 0
150.0 msec : 0
150.1 msec : 0
150.2 msec : 0
150.3 msec : 0
150.4 msec : 0
150.5 msec : 0
150.6 msec : 0
150.7 msec : 0
150.8 msec : 0
150.9 msec : 0
151.0 msec : 0
151.1 msec : 0
151.2 msec : 0
151.3 msec : 0
151.4 msec : 0
151.5 msec : 1
151.6 msec : 0
151.7 msec : 0
151.8 msec : 1
151.9 msec : 0
152.0 msec : 0
152.1 msec : 0
152.2 msec : 0
152.3 msec : 0
152.4 msec : 0
152.5 msec : 0
152.6 msec : 0
152.7 msec : 0
152.8 msec : 0
152.9 msec : 0
153.0 msec : 0
153.1 msec : 0
153.2 msec : 1
153.3 msec : 0
153.4 msec : 0
153.5 msec : 0
153.6 msec : 0
153.7 msec : 0
153.8 msec : 1
153.9 msec : 0
154.0 msec : 0
154.1 msec : 0
154.2 msec : 0
154.3 msec : 0
154.4 msec : 0
154.5 msec : 0
154.6 msec : 0
154.7 msec : 0
154.8 msec : 0
154.9 msec : 0
155.0 msec : 1
155.1 msec : 0
155.2 msec : 0
155.3 msec : 0
155.4 msec : 0
155.5 msec : 0
155.6 msec : 0
155.7 msec : 0
155.8 msec : 0
155.9 msec : 0
156.0 msec : 0
156.1 msec : 0
156.2 msec : 0
156.3 msec : 0
156.4 msec : 0
156.5 msec : 0
156.6 msec : 0
156.7 msec : 0
156.8 msec : 0
156.9 msec : 0
157.0 msec : 0
157.1 msec : 0
157.2 msec : 0
157.3 msec : 0
157.4 msec : 0
157.5 msec : 0
157.6 msec : 0
157.7 msec : 0
157.8 msec : 0
157.9 msec : 0
158.0 msec : 0
158.1 msec : 0
158.2 msec : 0
158.3 msec : 0
158.4 msec : 0
158.5 msec : 0
158.6 msec : 0
158.7 msec : 0
158.8 msec : 0
158.9 msec : 0
159.0 msec : 0
159.1 msec : 0
159.2 msec : 0
159.3 msec : 0
159.4 msec : 0
159.5 msec : 0
159.6 msec : 0
159.7 msec : 0
159.8 msec : 0
159.9 msec : 0
160.0 msec : 0
160.1 msec : 0
160.2 msec : 0
160.3 msec : 0
160.4 msec : 0
160.5 msec : 1
160.6 msec : 0
160.7 msec : 0
160.8 msec : 0
160.9 msec : 0
161.0 msec : 0
161.1 msec : 0
161.2 msec : 0
161.3 msec : 0
161.4 msec : 0
161.5 msec : 0
161.6 msec : 0
161.7 msec : 0
161.8 msec : 0
161.9 msec : 0
162.0 msec : 0
162.1 msec : 0
162.2 msec : 0
162.3 msec : 0
162.4 msec : 0
162.5 msec : 0
162.6 msec : 0
162.7 msec : 0
162.8 msec : 0
162.9 msec : 0
163.0 msec : 0
163.1 msec : 0
163.2 msec : 0
163.3 msec : 0
163.4 msec : 0
163.5 msec : 0
163.6 msec : 0
163.7 msec : 1
163.8 msec : 0
163.9 msec : 0
164.0 msec : 0
164.1 msec : 0
164.2 msec : 0
164.3 msec : 0
164.4 msec : 0
164.5 msec : 0
164.6 msec : 0
164.7 msec : 0
164.8 msec : 0
164.9 msec : 0
165.0 msec : 0
165.1 msec : 0
165.2 msec : 0
165.3 msec : 0
165.4 msec : 0
165.5 msec : 0
165.6 msec : 0
165.7 msec : 0
165.8 msec : 0
165.9 msec : 0
166.0 msec : 0
166.1 msec : 1
166.2 msec : 0
166.3 msec : 0
166.4 msec : 0
166.5 msec : 0
166.6 msec : 0
166.7 msec : 0
166.8 msec : 0
166.9 msec : 0
167.0 msec : 0
167.1 msec : 0
167.2 msec : 0
167.3 msec : 0
167.4 msec : 0
167.5 msec : 0
167.6 msec : 0
167.7 msec : 0
167.8 msec : 0
167.9 msec : 0
168.0 msec : 0
168.1 msec : 0
168.2 msec : 0
168.3 msec : 0
168.4 msec : 0
168.5 msec : 0
168.6 msec : 0
168.7 msec : 0
168.8 msec : 0
168.9 msec : 0
169.0 msec : 0
169.1 msec : 0
169.2 msec : 0
169.3 msec : 0
169.4 msec : 0
169.5 msec : 0
169.6 msec : 0
169.7 msec : 0
169.8 msec : 0
169.9 msec : 1
170.0 msec : 0
170.1 msec : 0
170.2 msec : 0
170.3 msec : 0
170.4 msec : 0
170.5 msec : 0
170.6 msec : 0
170.7 msec : 0
170.8 msec : 0
170.9 msec : 0
171.0 msec : 0
171.1 msec : 0
171.2 msec : 0
171.3 msec : 0
171.4 msec : 0
171.5 msec : 0
171.6 msec : 0
171.7 msec : 0
171.8 msec : 0
171.9 msec : 0
172.0 msec : 0
172.1 msec : 0
172.2 msec : 0
172.3 msec : 0
172.4 msec : 0
172.5 msec : 0
172.6 msec : 0
172.7 msec : 0
172.8 msec : 0
172.9 msec : 0
173.0 msec : 0
173.1 msec : 0
173.2 msec : 0
173.3 msec : 0
173.4 msec : 0
173.5 msec : 0
173.6 msec : 0
173.7 msec : 0
173.8 msec : 0
173.9 msec : 0
174.0 msec : 0
174.1 msec : 0
174.2 msec : 0
174.3 msec : 0
174.4 msec : 0
174.5 msec : 0
174.6 msec : 0
174.7 msec : 0
174.8 msec : 0
174.9 msec : 0
175.0 msec : 0
175.1 msec : 0
175.2 msec : 0
175.3 msec : 0
175.4 msec : 0
175.5 msec : 0
175.6 msec : 0
175.7 msec : 0
175.8 msec : 0
175.9 msec : 0
176.0 msec : 0
176.1 msec : 0
176.2 msec : 0
176.3 msec : 0
176.4 msec : 0
176.5 msec : 0
176.6 msec : 0
176.7 msec : 0
176.8 msec : 0
176.9 msec : 0
177.0 msec : 0
177.1 msec : 0
177.2 msec : 0
177.3 msec : 0
177.4 msec : 0
177.5 msec : 0
177.6 msec : 0
177.7 msec : 0
177.8 msec : 0
177.9 msec : 0
178.0 msec : 0
178.1 msec : 0
178.2 msec : 0
178.3 msec : 0
178.4 msec : 0
178.5 msec : 0
178.6 msec : 0
178.7 msec : 0
178.8 msec : 0
178.9 msec : 0
179.0 msec : 0
179.1 msec : 0
179.2 msec : 0
179.3 msec : 0
179.4 msec : 0
179.5 msec : 0
179.6 msec : 0
179.7 msec : 0
179.8 msec : 0
179.9 msec : 0
180.0 msec : 0
180.1 msec : 0
180.2 msec : 0
180.3 msec : 0
180.4 msec : 0
180.5 msec : 0
180.6 msec : 0
180.7 msec : 0
180.8 msec : 0
180.9 msec : 0
181.0 msec : 0
181.1 msec : 0
181.2 msec : 0
181.3 msec : 0
181.4 msec : 0
181.5 msec : 0
181.6 msec : 0
181.7 msec : 0
181.8 msec : 0
181.9 msec : 0
182.0 msec : 0
182.1 msec : 1
182.2 msec : 0
182.3 msec : 0
182.4 msec : 0
182.5 msec : 0
182.6 msec : 0
182.7 msec : 0
182.8 msec : 0
182.9 msec : 0
183.0 msec : 0
183.1 msec : 0
183.2 msec : 0
183.3 msec : 0
183.4 msec : 0
183.5 msec : 0
183.6 msec : 0
183.7 msec : 0
183.8 msec : 0
183.9 msec : 1
184.0 msec : 0
184.1 msec : 0
184.2 msec : 0
184.3 msec : 0
184.4 msec : 0
184.5 msec : 0
184.6 msec : 0
184.7 msec : 0
184.8 msec : 0
184.9 msec : 0
185.0 msec : 0
185.1 msec : 0
185.2 msec : 0
185.3 msec : 0
185.4 msec : 0
185.5 msec : 0
185.6 msec : 0
185.7 msec : 0
185.8 msec : 0
185.9 msec : 0
186.0 msec : 0
186.1 msec : 0
186.2 msec : 0
186.3 msec : 0
186.4 msec : 0
186.5 msec : 0
186.6 msec : 0
186.7 msec : 0
186.8 msec : 0
186.9 msec : 0
187.0 msec : 0
187.1 msec : 0
187.2 msec : 0
187.3 msec : 0
187.4 msec : 0
187.5 msec : 0
187.6 msec : 0
187.7 msec : 1
187.8 msec : 0
187.9 msec : 0
188.0 msec : 0
188.1 msec : 0
188.2 msec : 0
188.3 msec : 0
188.4 msec : 0
188.5 msec : 0
188.6 msec : 0
188.7 msec : 0
188.8 msec : 0
188.9 msec : 0
189.0 msec : 0
189.1 msec : 0
189.2 msec : 0
189.3 msec : 0
189.4 msec : 0
189.5 msec : 0
189.6 msec : 0
189.7 msec : 0
189.8 msec : 0
189.9 msec : 0
190.0 msec : 0
190.1 msec : 0
190.2 msec : 0
190.3 msec : 0
190.4 msec : 0
190.5 msec : 0
190.6 msec : 0
190.7 msec : 0
190.8 msec : 0
190.9 msec : 0
191.0 msec : 0
191.1 msec : 0
191.2 msec : 0
191.3 msec : 0
191.4 msec : 0
191.5 msec : 0
191.6 msec : 0
191.7 msec : 0
191.8 msec : 0
191.9 msec : 0
192.0 msec : 0
192.1 msec : 0
192.2 msec : 0
192.3 msec : 0
192.4 msec : 0
192.5 msec : 0
192.6 msec : 0
192.7 msec : 0
192.8 msec : 0
192.9 msec : 0
193.0 msec : 0
193.1 msec : 0
193.2 msec : 0
193.3 msec : 0
193.4 msec : 0
193.5 msec : 0
193.6 msec : 0
193.7 msec : 0
193.8 msec : 0
193.9 msec : 0
194.0 msec : 0
194.1 msec : 0
194.2 msec : 0
194.3 msec : 0
194.4 msec : 0
194.5 msec : 0
194.6 msec : 0
194.7 msec : 0
194.8 msec : 0
194.9 msec : 0
195.0 msec : 0
195.1 msec : 0
195.2 msec : 0
195.3 msec : 0
195.4 msec : 0
195.5 msec : 0
195.6 msec : 0
195.7 msec : 0
195.8 msec : 0
195.9 msec : 0
196.0 msec : 0
196.1 msec : 0
196.2 msec : 0
196.3 msec : 0
196.4 msec : 0
196.5 msec : 0
196.6 msec : 0
196.7 msec : 0
196.8 msec : 0
196.9 msec : 0
197.0 msec : 0
197.1 msec : 0
197.2 msec : 0
197.3 msec : 0
197.4 msec : 0
197.5 msec : 0
197.6 msec : 0
197.7 msec : 0
197.8 msec : 0
197.9 msec : 0
198.0 msec : 0
198.1 msec : 0
198.2 msec : 0
198.3 msec : 0
198.4 msec : 0
198.5 msec : 0
198.6 msec : 0
198.7 msec : 0
198.8 msec : 0
198.9 msec : 0
199.0 msec : 0
199.1 msec : 0
199.2 msec : 0
199.3 msec : 0
199.4 msec : 0
199.5 msec : 0
199.6 msec : 0
199.7 msec : 0
199.8 msec : 0
199.9 msec : 0
200.0 msec : 0
200.1 msec : 0
200.2 msec : 0
200.3 msec : 0
200.4 msec : 0
200.5 msec : 0
200.6 msec : 0
200.7 msec : 0
200.8 msec : 0
200.9 msec : 0
201.0 msec : 0
201.1 msec : 0
201.2 msec : 0
201.3 msec : 0
201.4 msec : 0
201.5 msec : 0
201.6 msec : 0
201.7 msec : 0
201.8 msec : 0
201.9 msec : 0
202.0 msec : 0
202.1 msec : 0
202.2 msec : 0
202.3 msec : 0
202.4 msec : 0
202.5 msec : 0
202.6 msec : 0
202.7 msec : 1
202.8 msec : 0
202.9 msec : 0
203.0 msec : 0
203.1 msec : 0
203.2 msec : 0
203.3 msec : 0
203.4 msec : 0
203.5 msec : 0
203.6 msec : 0
203.7 msec : 0
203.8 msec : 0
203.9 msec : 0
204.0 msec : 0
204.1 msec : 0
204.2 msec : 0
204.3 msec : 0
204.4 msec : 0
204.5 msec : 0
204.6 msec : 0
204.7 msec : 0
204.8 msec : 0
204.9 msec : 0
205.0 msec : 0
205.1 msec : 0
205.2 msec : 0
205.3 msec : 0
205.4 msec : 0
205.5 msec : 0
205.6 msec : 0
205.7 msec : 0
