Middleware started...
Middleware shuts down...
Smaller resolution statistics are in a log file...
Final aggregates per worker:


Worker 24
Average throughput (ops/sec) = 26
Average response time (msec) = 2.265747737704918
Average queue length = 0
Average wait time in queue (msec) = 0.053861327868852456
Average service time (msec) = 2.065135524590164
Number of SET = 26
Number of GET = 0
Number of MULTI GET = 0


Worker 7
Average throughput (ops/sec) = 26
Average response time (msec) = 2.247695229508197
Average queue length = 0
Average wait time in queue (msec) = 0.0697111475409836
Average service time (msec) = 2.024761836065574
Number of SET = 26
Number of GET = 0
Number of MULTI GET = 0


Worker 25
Average throughput (ops/sec) = 27
Average response time (msec) = 2.255954180327869
Average queue length = 0
Average wait time in queue (msec) = 0.05155732786885246
Average service time (msec) = 2.0222868196721313
Number of SET = 27
Number of GET = 0
Number of MULTI GET = 0


Worker 6
Average throughput (ops/sec) = 27
Average response time (msec) = 2.253796213114754
Average queue length = 0
Average wait time in queue (msec) = 0.06033201639344262
Average service time (msec) = 2.0275385409836066
Number of SET = 27
Number of GET = 0
Number of MULTI GET = 0


Worker 26
Average throughput (ops/sec) = 26
Average response time (msec) = 2.2429316885245902
Average queue length = 0
Average wait time in queue (msec) = 0.058435114754098356
Average service time (msec) = 2.0089201639344263
Number of SET = 26
Number of GET = 0
Number of MULTI GET = 0


Worker 9
Average throughput (ops/sec) = 27
Average response time (msec) = 2.2291552786885243
Average queue length = 0
Average wait time in queue (msec) = 0.047815
Average service time (msec) = 2.024819163934426
Number of SET = 27
Number of GET = 0
Number of MULTI GET = 0


Worker 27
Average throughput (ops/sec) = 27
Average response time (msec) = 2.2676188852459016
Average queue length = 0
Average wait time in queue (msec) = 0.06551231147540984
Average service time (msec) = 2.0473087540983608
Number of SET = 27
Number of GET = 0
Number of MULTI GET = 0


Worker 8
Average throughput (ops/sec) = 26
Average response time (msec) = 2.2786083606557375
Average queue length = 0
Average wait time in queue (msec) = 0.05130288524590164
Average service time (msec) = 2.0519421803278686
Number of SET = 26
Number of GET = 0
Number of MULTI GET = 0


Worker 20
Average throughput (ops/sec) = 26
Average response time (msec) = 2.2738457868852455
Average queue length = 0
Average wait time in queue (msec) = 0.05358027868852459
Average service time (msec) = 2.05372768852459
Number of SET = 26
Number of GET = 0
Number of MULTI GET = 0


Worker 3
Average throughput (ops/sec) = 27
Average response time (msec) = 2.3328023606557378
Average queue length = 0
Average wait time in queue (msec) = 0.058303393442622954
Average service time (msec) = 2.1025096721311476
Number of SET = 27
Number of GET = 0
Number of MULTI GET = 0


Worker 21
Average throughput (ops/sec) = 27
Average response time (msec) = 2.260035262295082
Average queue length = 0
Average wait time in queue (msec) = 0.06047316393442623
Average service time (msec) = 2.044342868852459
Number of SET = 27
Number of GET = 0
Number of MULTI GET = 0


Worker 2
Average throughput (ops/sec) = 27
Average response time (msec) = 2.2560168032786883
Average queue length = 0
Average wait time in queue (msec) = 0.05848672131147541
Average service time (msec) = 2.03966168852459
Number of SET = 27
Number of GET = 0
Number of MULTI GET = 0


Worker 22
Average throughput (ops/sec) = 27
Average response time (msec) = 2.2581893278688523
Average queue length = 0
Average wait time in queue (msec) = 0.06138945901639344
Average service time (msec) = 2.0393263606557377
Number of SET = 27
Number of GET = 0
Number of MULTI GET = 0


Worker 5
Average throughput (ops/sec) = 26
Average response time (msec) = 2.2819131147540985
Average queue length = 0
Average wait time in queue (msec) = 0.05570804918032787
Average service time (msec) = 2.0639867213114753
Number of SET = 26
Number of GET = 0
Number of MULTI GET = 0


Worker 23
Average throughput (ops/sec) = 27
Average response time (msec) = 2.26298662295082
Average queue length = 0
Average wait time in queue (msec) = 0.057712114754098355
Average service time (msec) = 2.0552538524590167
Number of SET = 27
Number of GET = 0
Number of MULTI GET = 0


Worker 4
Average throughput (ops/sec) = 26
Average response time (msec) = 2.2307627540983606
Average queue length = 0
Average wait time in queue (msec) = 0.06605473770491803
Average service time (msec) = 2.008316442622951
Number of SET = 26
Number of GET = 0
Number of MULTI GET = 0


Worker 28
Average throughput (ops/sec) = 27
Average response time (msec) = 2.2630810163934427
Average queue length = 0
Average wait time in queue (msec) = 0.06693193442622951
Average service time (msec) = 2.0192879672131148
Number of SET = 27
Number of GET = 0
Number of MULTI GET = 0


Worker 29
Average throughput (ops/sec) = 26
Average response time (msec) = 2.27357462295082
Average queue length = 0
Average wait time in queue (msec) = 0.06329855737704919
Average service time (msec) = 2.046945229508197
Number of SET = 26
Number of GET = 0
Number of MULTI GET = 0


Worker 1
Average throughput (ops/sec) = 27
Average response time (msec) = 2.3178386721311477
Average queue length = 0
Average wait time in queue (msec) = 0.06579281967213116
Average service time (msec) = 2.091353524590164
Number of SET = 27
Number of GET = 0
Number of MULTI GET = 0


Worker 30
Average throughput (ops/sec) = 26
Average response time (msec) = 2.2466767868852457
Average queue length = 0
Average wait time in queue (msec) = 0.0626422131147541
Average service time (msec) = 2.0230766721311473
Number of SET = 26
Number of GET = 0
Number of MULTI GET = 0


Worker 13
Average throughput (ops/sec) = 27
Average response time (msec) = 2.2615964590163933
Average queue length = 0
Average wait time in queue (msec) = 0.06535686885245902
Average service time (msec) = 2.0399589180327866
Number of SET = 27
Number of GET = 0
Number of MULTI GET = 0


Worker 14
Average throughput (ops/sec) = 26
Average response time (msec) = 2.2758167868852457
Average queue length = 0
Average wait time in queue (msec) = 0.07163857377049179
Average service time (msec) = 2.0530428524590163
Number of SET = 26
Number of GET = 0
Number of MULTI GET = 0


Worker 15
Average throughput (ops/sec) = 27
Average response time (msec) = 2.2647153114754097
Average queue length = 0
Average wait time in queue (msec) = 0.05324288524590164
Average service time (msec) = 2.0530257213114753
Number of SET = 27
Number of GET = 0
Number of MULTI GET = 0


Worker 16
Average throughput (ops/sec) = 27
Average response time (msec) = 2.2696061311475413
Average queue length = 0
Average wait time in queue (msec) = 0.056511475409836066
Average service time (msec) = 2.0490284426229506
Number of SET = 27
Number of GET = 0
Number of MULTI GET = 0


Worker 31
Average throughput (ops/sec) = 27
Average response time (msec) = 2.2514063606557375
Average queue length = 0
Average wait time in queue (msec) = 0.05547175409836065
Average service time (msec) = 2.0402891803278687
Number of SET = 27
Number of GET = 0
Number of MULTI GET = 0


Worker 32
Average throughput (ops/sec) = 26
Average response time (msec) = 2.266304770491803
Average queue length = 0
Average wait time in queue (msec) = 0.0684702131147541
Average service time (msec) = 2.038707786885246
Number of SET = 26
Number of GET = 0
Number of MULTI GET = 0


Worker 10
Average throughput (ops/sec) = 27
Average response time (msec) = 2.2719790655737704
Average queue length = 0
Average wait time in queue (msec) = 0.06055913114754098
Average service time (msec) = 2.0580585081967215
Number of SET = 27
Number of GET = 0
Number of MULTI GET = 0


Worker 11
Average throughput (ops/sec) = 27
Average response time (msec) = 2.241896524590164
Average queue length = 0
Average wait time in queue (msec) = 0.06254103278688525
Average service time (msec) = 2.0190806721311474
Number of SET = 27
Number of GET = 0
Number of MULTI GET = 0


Worker 12
Average throughput (ops/sec) = 27
Average response time (msec) = 2.27464637704918
Average queue length = 0
Average wait time in queue (msec) = 0.05957563934426229
Average service time (msec) = 2.058509967213115
Number of SET = 27
Number of GET = 0
Number of MULTI GET = 0


Worker 17
Average throughput (ops/sec) = 27
Average response time (msec) = 2.2584494098360657
Average queue length = 0
Average wait time in queue (msec) = 0.048308688524590165
Average service time (msec) = 2.045880032786885
Number of SET = 27
Number of GET = 0
Number of MULTI GET = 0


Worker 18
Average throughput (ops/sec) = 27
Average response time (msec) = 2.2118560327868853
Average queue length = 0
Average wait time in queue (msec) = 0.04977670491803279
Average service time (msec) = 2.0090595901639343
Number of SET = 27
Number of GET = 0
Number of MULTI GET = 0


Worker 19
Average throughput (ops/sec) = 26
Average response time (msec) = 2.235941901639344
Average queue length = 0
Average wait time in queue (msec) = 0.049859426229508196
Average service time (msec) = 2.006143442622951
Number of SET = 26
Number of GET = 0
Number of MULTI GET = 0


FINAL STATS
Average throughput (ops/sec) = 852
Average response time (msec) = 2.2317821508305897
Average queue length = 0
Average wait time in queue (msec) = 0.059069155225409835
Average service time (msec) = 2.041602712090164
Number of SET = 26
Number of GET = 0
Number of MULTI GET = 0
Number of Cache misses = 0


Histogram response times (0.1 msec step)
0.0 msec : 574
0.1 msec : 4517
0.2 msec : 7835
0.3 msec : 8008
0.4 msec : 6727
0.5 msec : 5331
0.6 msec : 4089
0.7 msec : 3193
0.8 msec : 2530
0.9 msec : 2014
1.0 msec : 1438
1.1 msec : 1120
1.2 msec : 831
1.3 msec : 604
1.4 msec : 438
1.5 msec : 407
1.6 msec : 291
1.7 msec : 253
1.8 msec : 221
1.9 msec : 151
2.0 msec : 131
2.1 msec : 102
2.2 msec : 111
2.3 msec : 106
2.4 msec : 92
2.5 msec : 82
2.6 msec : 94
2.7 msec : 71
2.8 msec : 57
2.9 msec : 82
3.0 msec : 66
3.1 msec : 65
3.2 msec : 52
3.3 msec : 51
3.4 msec : 60
3.5 msec : 46
3.6 msec : 43
3.7 msec : 50
3.8 msec : 46
3.9 msec : 47
4.0 msec : 47
4.1 msec : 35
4.2 msec : 26
4.3 msec : 30
4.4 msec : 33
4.5 msec : 30
4.6 msec : 31
4.7 msec : 27
4.8 msec : 30
4.9 msec : 24
5.0 msec : 19
5.1 msec : 23
5.2 msec : 30
5.3 msec : 14
5.4 msec : 24
5.5 msec : 23
5.6 msec : 24
5.7 msec : 18
5.8 msec : 25
5.9 msec : 16
6.0 msec : 20
6.1 msec : 12
6.2 msec : 14
6.3 msec : 16
6.4 msec : 11
6.5 msec : 12
6.6 msec : 12
6.7 msec : 15
6.8 msec : 5
6.9 msec : 8
7.0 msec : 5
7.1 msec : 10
7.2 msec : 10
7.3 msec : 8
7.4 msec : 8
7.5 msec : 5
7.6 msec : 6
7.7 msec : 5
7.8 msec : 8
7.9 msec : 6
8.0 msec : 5
8.1 msec : 4
8.2 msec : 2
8.3 msec : 5
8.4 msec : 7
8.5 msec : 2
8.6 msec : 4
8.7 msec : 1
8.8 msec : 2
8.9 msec : 2
9.0 msec : 1
9.1 msec : 2
9.2 msec : 2
9.3 msec : 1
9.4 msec : 1
9.5 msec : 2
9.6 msec : 2
9.7 msec : 1
9.8 msec : 1
9.9 msec : 1
10.0 msec : 2
10.1 msec : 5
10.2 msec : 2
10.3 msec : 0
10.4 msec : 1
10.5 msec : 2
10.6 msec : 1
10.7 msec : 0
10.8 msec : 0
10.9 msec : 2
11.0 msec : 0
11.1 msec : 0
11.2 msec : 0
11.3 msec : 1
11.4 msec : 1
11.5 msec : 0
11.6 msec : 1
11.7 msec : 0
11.8 msec : 1
11.9 msec : 0
12.0 msec : 0
12.1 msec : 0
12.2 msec : 1
12.3 msec : 0
12.4 msec : 1
12.5 msec : 1
12.6 msec : 0
12.7 msec : 0
12.8 msec : 0
12.9 msec : 0
13.0 msec : 1
13.1 msec : 0
13.2 msec : 1
13.3 msec : 0
13.4 msec : 0
13.5 msec : 0
13.6 msec : 3
13.7 msec : 0
13.8 msec : 0
13.9 msec : 0
14.0 msec : 1
14.1 msec : 0
14.2 msec : 0
14.3 msec : 0
14.4 msec : 0
14.5 msec : 0
14.6 msec : 1
14.7 msec : 0
14.8 msec : 1
14.9 msec : 0
15.0 msec : 1
15.1 msec : 0
15.2 msec : 0
15.3 msec : 0
15.4 msec : 1
15.5 msec : 1
15.6 msec : 0
15.7 msec : 0
15.8 msec : 0
15.9 msec : 0
16.0 msec : 0
16.1 msec : 0
16.2 msec : 0
16.3 msec : 0
16.4 msec : 0
16.5 msec : 1
16.6 msec : 0
16.7 msec : 2
16.8 msec : 0
16.9 msec : 0
17.0 msec : 2
17.1 msec : 0
17.2 msec : 0
17.3 msec : 0
17.4 msec : 0
17.5 msec : 0
17.6 msec : 0
17.7 msec : 0
17.8 msec : 1
17.9 msec : 0
18.0 msec : 0
18.1 msec : 1
18.2 msec : 0
18.3 msec : 0
18.4 msec : 0
18.5 msec : 0
18.6 msec : 0
18.7 msec : 0
18.8 msec : 1
18.9 msec : 0
19.0 msec : 0
19.1 msec : 0
19.2 msec : 0
19.3 msec : 0
19.4 msec : 0
19.5 msec : 0
19.6 msec : 0
19.7 msec : 0
19.8 msec : 0
19.9 msec : 0
20.0 msec : 0
20.1 msec : 0
20.2 msec : 0
20.3 msec : 0
20.4 msec : 0
20.5 msec : 0
20.6 msec : 0
20.7 msec : 0
20.8 msec : 0
20.9 msec : 0
21.0 msec : 0
21.1 msec : 0
21.2 msec : 1
21.3 msec : 0
21.4 msec : 0
21.5 msec : 0
21.6 msec : 0
21.7 msec : 0
21.8 msec : 0
21.9 msec : 0
22.0 msec : 1
22.1 msec : 0
22.2 msec : 0
22.3 msec : 0
22.4 msec : 0
22.5 msec : 0
22.6 msec : 0
22.7 msec : 0
22.8 msec : 0
22.9 msec : 0
23.0 msec : 0
23.1 msec : 1
23.2 msec : 1
23.3 msec : 0
23.4 msec : 0
23.5 msec : 0
23.6 msec : 1
23.7 msec : 0
23.8 msec : 0
23.9 msec : 0
24.0 msec : 0
24.1 msec : 0
24.2 msec : 0
24.3 msec : 0
24.4 msec : 0
24.5 msec : 0
24.6 msec : 0
24.7 msec : 0
24.8 msec : 0
24.9 msec : 0
25.0 msec : 0
25.1 msec : 0
25.2 msec : 0
25.3 msec : 0
25.4 msec : 0
25.5 msec : 0
25.6 msec : 0
25.7 msec : 0
25.8 msec : 0
25.9 msec : 0
26.0 msec : 0
26.1 msec : 0
26.2 msec : 0
26.3 msec : 0
26.4 msec : 0
26.5 msec : 0
26.6 msec : 0
26.7 msec : 0
26.8 msec : 0
26.9 msec : 0
27.0 msec : 0
27.1 msec : 0
27.2 msec : 0
27.3 msec : 0
27.4 msec : 0
27.5 msec : 0
27.6 msec : 0
27.7 msec : 0
27.8 msec : 0
27.9 msec : 0
28.0 msec : 0
28.1 msec : 0
28.2 msec : 0
28.3 msec : 0
28.4 msec : 0
28.5 msec : 0
28.6 msec : 0
28.7 msec : 0
28.8 msec : 0
28.9 msec : 0
29.0 msec : 0
29.1 msec : 0
29.2 msec : 0
29.3 msec : 0
29.4 msec : 0
29.5 msec : 0
29.6 msec : 0
29.7 msec : 0
29.8 msec : 0
29.9 msec : 1
30.0 msec : 0
30.1 msec : 0
30.2 msec : 1
30.3 msec : 0
30.4 msec : 0
30.5 msec : 0
30.6 msec : 0
30.7 msec : 0
30.8 msec : 0
30.9 msec : 0
31.0 msec : 0
31.1 msec : 0
31.2 msec : 0
31.3 msec : 0
31.4 msec : 0
31.5 msec : 1
31.6 msec : 0
31.7 msec : 0
31.8 msec : 0
31.9 msec : 0
32.0 msec : 0
32.1 msec : 0
32.2 msec : 0
32.3 msec : 0
32.4 msec : 0
32.5 msec : 0
32.6 msec : 0
32.7 msec : 0
32.8 msec : 0
32.9 msec : 0
33.0 msec : 0
33.1 msec : 0
33.2 msec : 0
33.3 msec : 0
33.4 msec : 0
33.5 msec : 0
33.6 msec : 0
33.7 msec : 0
33.8 msec : 0
33.9 msec : 0
34.0 msec : 0
34.1 msec : 0
34.2 msec : 0
34.3 msec : 0
34.4 msec : 0
34.5 msec : 0
34.6 msec : 0
34.7 msec : 0
34.8 msec : 0
34.9 msec : 0
35.0 msec : 0
35.1 msec : 0
35.2 msec : 0
35.3 msec : 0
35.4 msec : 0
35.5 msec : 0
35.6 msec : 0
35.7 msec : 0
35.8 msec : 0
35.9 msec : 0
36.0 msec : 0
36.1 msec : 0
36.2 msec : 0
36.3 msec : 0
36.4 msec : 0
36.5 msec : 0
36.6 msec : 0
36.7 msec : 0
36.8 msec : 0
36.9 msec : 0
37.0 msec : 0
37.1 msec : 0
37.2 msec : 0
37.3 msec : 0
37.4 msec : 0
37.5 msec : 0
37.6 msec : 0
37.7 msec : 0
37.8 msec : 0
37.9 msec : 0
38.0 msec : 0
38.1 msec : 0
38.2 msec : 0
38.3 msec : 0
38.4 msec : 0
38.5 msec : 0
38.6 msec : 0
38.7 msec : 0
38.8 msec : 0
38.9 msec : 0
39.0 msec : 0
39.1 msec : 0
39.2 msec : 1
39.3 msec : 0
39.4 msec : 0
39.5 msec : 0
39.6 msec : 0
39.7 msec : 0
39.8 msec : 0
39.9 msec : 0
40.0 msec : 0
40.1 msec : 0
40.2 msec : 0
40.3 msec : 1
40.4 msec : 1
40.5 msec : 0
40.6 msec : 0
40.7 msec : 0
40.8 msec : 0
40.9 msec : 0
41.0 msec : 0
41.1 msec : 0
41.2 msec : 0
41.3 msec : 0
41.4 msec : 0
41.5 msec : 0
41.6 msec : 0
41.7 msec : 0
41.8 msec : 0
41.9 msec : 0
42.0 msec : 0
42.1 msec : 0
42.2 msec : 0
42.3 msec : 0
42.4 msec : 0
42.5 msec : 0
42.6 msec : 0
42.7 msec : 0
42.8 msec : 0
42.9 msec : 0
43.0 msec : 0
43.1 msec : 0
43.2 msec : 0
43.3 msec : 0
43.4 msec : 0
43.5 msec : 0
43.6 msec : 0
43.7 msec : 0
43.8 msec : 0
43.9 msec : 0
44.0 msec : 0
44.1 msec : 0
44.2 msec : 0
44.3 msec : 0
44.4 msec : 0
44.5 msec : 0
44.6 msec : 0
44.7 msec : 0
44.8 msec : 0
44.9 msec : 0
45.0 msec : 0
45.1 msec : 0
45.2 msec : 0
45.3 msec : 0
45.4 msec : 0
45.5 msec : 0
45.6 msec : 0
45.7 msec : 0
45.8 msec : 0
45.9 msec : 0
46.0 msec : 0
46.1 msec : 0
46.2 msec : 0
46.3 msec : 0
46.4 msec : 0
46.5 msec : 0
46.6 msec : 0
46.7 msec : 0
46.8 msec : 0
46.9 msec : 0
47.0 msec : 0
47.1 msec : 0
47.2 msec : 0
47.3 msec : 0
47.4 msec : 0
47.5 msec : 0
47.6 msec : 1
47.7 msec : 0
47.8 msec : 0
47.9 msec : 0
48.0 msec : 0
48.1 msec : 0
48.2 msec : 0
48.3 msec : 0
48.4 msec : 0
48.5 msec : 0
48.6 msec : 0
48.7 msec : 1
48.8 msec : 0
48.9 msec : 0
49.0 msec : 0
49.1 msec : 0
