Middleware started...
Middleware shuts down...
Smaller resolution statistics are in a log file...
Final aggregates per worker:


Worker 24
Average throughput (ops/sec) = 19
Average response time (msec) = 2.6202478333333334
Average queue length = 0
Average wait time in queue (msec) = 0.18667433333333333
Average service time (msec) = 2.3147956666666665
Number of SET = 19
Number of GET = 0
Number of MULTI GET = 0


Worker 7
Average throughput (ops/sec) = 19
Average response time (msec) = 2.324513
Average queue length = 0
Average wait time in queue (msec) = 0.0612525
Average service time (msec) = 2.143047
Number of SET = 19
Number of GET = 0
Number of MULTI GET = 0


Worker 25
Average throughput (ops/sec) = 17
Average response time (msec) = 2.6157844285714287
Average queue length = 0
Average wait time in queue (msec) = 0.089473
Average service time (msec) = 2.324178
Number of SET = 17
Number of GET = 0
Number of MULTI GET = 0


Worker 6
Average throughput (ops/sec) = 18
Average response time (msec) = 2.2892344285714286
Average queue length = 0
Average wait time in queue (msec) = 0.09872085714285715
Average service time (msec) = 1.9802072857142856
Number of SET = 18
Number of GET = 0
Number of MULTI GET = 0


Worker 26
Average throughput (ops/sec) = 18
Average response time (msec) = 2.4022385
Average queue length = 0
Average wait time in queue (msec) = 0.0683245
Average service time (msec) = 2.074383666666667
Number of SET = 18
Number of GET = 0
Number of MULTI GET = 0


Worker 9
Average throughput (ops/sec) = 21
Average response time (msec) = 2.3968926666666666
Average queue length = 0
Average wait time in queue (msec) = 0.1457745
Average service time (msec) = 2.095057666666667
Number of SET = 21
Number of GET = 0
Number of MULTI GET = 0


Worker 27
Average throughput (ops/sec) = 20
Average response time (msec) = 2.1956523333333333
Average queue length = 0
Average wait time in queue (msec) = 0.08609266666666668
Average service time (msec) = 1.8989613333333333
Number of SET = 20
Number of GET = 0
Number of MULTI GET = 0


Worker 8
Average throughput (ops/sec) = 18
Average response time (msec) = 2.6966705714285713
Average queue length = 0
Average wait time in queue (msec) = 0.24585114285714288
Average service time (msec) = 2.1408225714285716
Number of SET = 18
Number of GET = 0
Number of MULTI GET = 0


Worker 20
Average throughput (ops/sec) = 20
Average response time (msec) = 2.243942
Average queue length = 0
Average wait time in queue (msec) = 0.05842516666666667
Average service time (msec) = 1.9788853333333332
Number of SET = 20
Number of GET = 0
Number of MULTI GET = 0


Worker 3
Average throughput (ops/sec) = 17
Average response time (msec) = 2.104348714285714
Average queue length = 0
Average wait time in queue (msec) = 0.0718402857142857
Average service time (msec) = 1.8485184285714287
Number of SET = 17
Number of GET = 0
Number of MULTI GET = 0


Worker 21
Average throughput (ops/sec) = 21
Average response time (msec) = 2.2771006666666667
Average queue length = 0
Average wait time in queue (msec) = 0.09048516666666667
Average service time (msec) = 2.0642505
Number of SET = 21
Number of GET = 0
Number of MULTI GET = 0


Worker 2
Average throughput (ops/sec) = 20
Average response time (msec) = 2.6317901666666663
Average queue length = 0
Average wait time in queue (msec) = 0.16048383333333335
Average service time (msec) = 2.2923698333333333
Number of SET = 20
Number of GET = 0
Number of MULTI GET = 0


Worker 5
Average throughput (ops/sec) = 21
Average response time (msec) = 2.4035096666666664
Average queue length = 0
Average wait time in queue (msec) = 0.09186933333333333
Average service time (msec) = 2.1409553333333333
Number of SET = 21
Number of GET = 0
Number of MULTI GET = 0


Worker 22
Average throughput (ops/sec) = 17
Average response time (msec) = 2.329997285714286
Average queue length = 0
Average wait time in queue (msec) = 0.07460628571428571
Average service time (msec) = 2.098624714285714
Number of SET = 17
Number of GET = 0
Number of MULTI GET = 0


Worker 23
Average throughput (ops/sec) = 20
Average response time (msec) = 2.1489721666666664
Average queue length = 0
Average wait time in queue (msec) = 0.084272
Average service time (msec) = 1.9495005
Number of SET = 20
Number of GET = 0
Number of MULTI GET = 0


Worker 4
Average throughput (ops/sec) = 20
Average response time (msec) = 2.2808763333333335
Average queue length = 0
Average wait time in queue (msec) = 0.11233883333333333
Average service time (msec) = 2.043992
Number of SET = 20
Number of GET = 0
Number of MULTI GET = 0


Worker 28
Average throughput (ops/sec) = 20
Average response time (msec) = 2.2908896666666667
Average queue length = 0
Average wait time in queue (msec) = 0.07858883333333333
Average service time (msec) = 2.0362738333333334
Number of SET = 20
Number of GET = 0
Number of MULTI GET = 0


Worker 29
Average throughput (ops/sec) = 19
Average response time (msec) = 2.4498343333333334
Average queue length = 0
Average wait time in queue (msec) = 0.13097733333333333
Average service time (msec) = 2.126393
Number of SET = 19
Number of GET = 0
Number of MULTI GET = 0


Worker 1
Average throughput (ops/sec) = 20
Average response time (msec) = 2.244947
Average queue length = 0
Average wait time in queue (msec) = 0.09049216666666667
Average service time (msec) = 1.9812128333333332
Number of SET = 20
Number of GET = 0
Number of MULTI GET = 0


Worker 30
Average throughput (ops/sec) = 21
Average response time (msec) = 2.4184836666666665
Average queue length = 0
Average wait time in queue (msec) = 0.21193633333333334
Average service time (msec) = 2.085875333333333
Number of SET = 21
Number of GET = 0
Number of MULTI GET = 0


Worker 13
Average throughput (ops/sec) = 17
Average response time (msec) = 3.4469705714285714
Average queue length = 0
Average wait time in queue (msec) = 0.07395285714285714
Average service time (msec) = 3.0131574285714287
Number of SET = 17
Number of GET = 0
Number of MULTI GET = 0


Worker 14
Average throughput (ops/sec) = 20
Average response time (msec) = 2.5237431666666663
Average queue length = 0
Average wait time in queue (msec) = 0.20208
Average service time (msec) = 2.1432248333333335
Number of SET = 20
Number of GET = 0
Number of MULTI GET = 0


Worker 15
Average throughput (ops/sec) = 17
Average response time (msec) = 2.4463345714285714
Average queue length = 0
Average wait time in queue (msec) = 0.1462327142857143
Average service time (msec) = 2.0679172857142856
Number of SET = 17
Number of GET = 0
Number of MULTI GET = 0


Worker 16
Average throughput (ops/sec) = 20
Average response time (msec) = 2.3467568333333335
Average queue length = 0
Average wait time in queue (msec) = 0.16493416666666666
Average service time (msec) = 2.014012
Number of SET = 20
Number of GET = 0
Number of MULTI GET = 0


Worker 31
Average throughput (ops/sec) = 18
Average response time (msec) = 2.1594602857142857
Average queue length = 0
Average wait time in queue (msec) = 0.059395142857142855
Average service time (msec) = 1.9356365714285713
Number of SET = 18
Number of GET = 0
Number of MULTI GET = 0


Worker 32
Average throughput (ops/sec) = 21
Average response time (msec) = 2.2107488333333336
Average queue length = 0
Average wait time in queue (msec) = 0.08023233333333332
Average service time (msec) = 1.9688321666666668
Number of SET = 21
Number of GET = 0
Number of MULTI GET = 0


Worker 10
Average throughput (ops/sec) = 19
Average response time (msec) = 2.535688857142857
Average queue length = 0
Average wait time in queue (msec) = 0.32058057142857144
Average service time (msec) = 1.954747142857143
Number of SET = 19
Number of GET = 0
Number of MULTI GET = 0


Worker 11
Average throughput (ops/sec) = 19
Average response time (msec) = 2.2409975
Average queue length = 0
Average wait time in queue (msec) = 0.0636555
Average service time (msec) = 2.0387625
Number of SET = 19
Number of GET = 0
Number of MULTI GET = 0


Worker 12
Average throughput (ops/sec) = 17
Average response time (msec) = 2.708723285714286
Average queue length = 0
Average wait time in queue (msec) = 0.09380214285714286
Average service time (msec) = 2.2339044285714285
Number of SET = 17
Number of GET = 0
Number of MULTI GET = 0


Worker 17
Average throughput (ops/sec) = 20
Average response time (msec) = 2.5706738333333337
Average queue length = 0
Average wait time in queue (msec) = 0.1445505
Average service time (msec) = 2.2246735
Number of SET = 20
Number of GET = 0
Number of MULTI GET = 0


Worker 18
Average throughput (ops/sec) = 19
Average response time (msec) = 2.5202265
Average queue length = 0
Average wait time in queue (msec) = 0.124184
Average service time (msec) = 2.1674313333333335
Number of SET = 19
Number of GET = 0
Number of MULTI GET = 0


Worker 19
Average throughput (ops/sec) = 18
Average response time (msec) = 2.323248714285714
Average queue length = 0
Average wait time in queue (msec) = 0.07125285714285715
Average service time (msec) = 2.015222714285714
Number of SET = 18
Number of GET = 0
Number of MULTI GET = 0


FINAL STATS
Average throughput (ops/sec) = 611
Average response time (msec) = 2.3870421132842266
Average queue length = 0
Average wait time in queue (msec) = 0.11822912053571429
Average service time (msec) = 2.106119585565476
Number of SET = 19
Number of GET = 0
Number of MULTI GET = 0
Number of Cache misses = 0


Histogram response times (0.1 msec step)
0.0 msec : 19
0.1 msec : 158
0.2 msec : 333
0.3 msec : 436
0.4 msec : 430
0.5 msec : 403
0.6 msec : 318
0.7 msec : 284
0.8 msec : 266
0.9 msec : 188
1.0 msec : 160
1.1 msec : 137
1.2 msec : 116
1.3 msec : 95
1.4 msec : 74
1.5 msec : 63
1.6 msec : 52
1.7 msec : 44
1.8 msec : 27
1.9 msec : 28
2.0 msec : 15
2.1 msec : 20
2.2 msec : 26
2.3 msec : 16
2.4 msec : 7
2.5 msec : 12
2.6 msec : 10
2.7 msec : 14
2.8 msec : 12
2.9 msec : 9
3.0 msec : 6
3.1 msec : 4
3.2 msec : 3
3.3 msec : 4
3.4 msec : 6
3.5 msec : 8
3.6 msec : 5
3.7 msec : 5
3.8 msec : 2
3.9 msec : 3
4.0 msec : 4
4.1 msec : 2
4.2 msec : 1
4.3 msec : 1
4.4 msec : 5
4.5 msec : 3
4.6 msec : 1
4.7 msec : 5
4.8 msec : 1
4.9 msec : 3
5.0 msec : 2
5.1 msec : 0
5.2 msec : 0
5.3 msec : 6
5.4 msec : 2
5.5 msec : 3
5.6 msec : 1
5.7 msec : 1
5.8 msec : 2
5.9 msec : 1
6.0 msec : 2
6.1 msec : 2
6.2 msec : 1
6.3 msec : 1
6.4 msec : 1
6.5 msec : 1
6.6 msec : 5
6.7 msec : 2
6.8 msec : 7
6.9 msec : 3
7.0 msec : 4
7.1 msec : 4
7.2 msec : 6
7.3 msec : 0
7.4 msec : 3
7.5 msec : 3
7.6 msec : 2
7.7 msec : 0
7.8 msec : 1
7.9 msec : 1
8.0 msec : 0
8.1 msec : 3
8.2 msec : 1
8.3 msec : 2
8.4 msec : 0
8.5 msec : 1
8.6 msec : 1
8.7 msec : 1
8.8 msec : 0
8.9 msec : 1
9.0 msec : 0
9.1 msec : 1
9.2 msec : 1
9.3 msec : 4
9.4 msec : 0
9.5 msec : 0
9.6 msec : 0
9.7 msec : 0
9.8 msec : 0
9.9 msec : 0
10.0 msec : 0
10.1 msec : 0
10.2 msec : 0
10.3 msec : 0
10.4 msec : 0
10.5 msec : 1
10.6 msec : 0
10.7 msec : 0
10.8 msec : 1
10.9 msec : 0
11.0 msec : 0
11.1 msec : 0
11.2 msec : 0
11.3 msec : 0
11.4 msec : 0
11.5 msec : 0
11.6 msec : 0
11.7 msec : 0
11.8 msec : 0
11.9 msec : 1
12.0 msec : 0
12.1 msec : 0
12.2 msec : 1
12.3 msec : 0
12.4 msec : 0
12.5 msec : 0
12.6 msec : 0
12.7 msec : 0
12.8 msec : 1
12.9 msec : 0
13.0 msec : 0
13.1 msec : 1
13.2 msec : 0
13.3 msec : 0
13.4 msec : 0
13.5 msec : 0
13.6 msec : 0
13.7 msec : 0
13.8 msec : 0
13.9 msec : 0
14.0 msec : 0
14.1 msec : 0
14.2 msec : 0
14.3 msec : 0
14.4 msec : 0
14.5 msec : 0
14.6 msec : 0
14.7 msec : 0
14.8 msec : 0
14.9 msec : 0
15.0 msec : 1
15.1 msec : 0
15.2 msec : 0
15.3 msec : 0
15.4 msec : 1
15.5 msec : 0
15.6 msec : 0
15.7 msec : 0
15.8 msec : 0
15.9 msec : 0
16.0 msec : 0
16.1 msec : 0
16.2 msec : 0
16.3 msec : 0
16.4 msec : 0
16.5 msec : 0
16.6 msec : 0
16.7 msec : 0
16.8 msec : 0
16.9 msec : 0
17.0 msec : 0
17.1 msec : 0
17.2 msec : 0
17.3 msec : 0
17.4 msec : 0
17.5 msec : 0
17.6 msec : 1
17.7 msec : 0
17.8 msec : 0
17.9 msec : 0
18.0 msec : 0
18.1 msec : 0
18.2 msec : 0
18.3 msec : 0
18.4 msec : 0
18.5 msec : 0
18.6 msec : 0
18.7 msec : 0
18.8 msec : 0
18.9 msec : 0
19.0 msec : 0
19.1 msec : 0
19.2 msec : 0
19.3 msec : 0
19.4 msec : 0
19.5 msec : 0
19.6 msec : 0
19.7 msec : 0
19.8 msec : 0
19.9 msec : 0
20.0 msec : 0
20.1 msec : 0
20.2 msec : 0
20.3 msec : 0
20.4 msec : 0
20.5 msec : 0
20.6 msec : 0
20.7 msec : 0
20.8 msec : 0
20.9 msec : 0
21.0 msec : 0
21.1 msec : 0
21.2 msec : 0
21.3 msec : 0
21.4 msec : 0
21.5 msec : 0
21.6 msec : 0
21.7 msec : 0
21.8 msec : 0
21.9 msec : 0
22.0 msec : 0
22.1 msec : 0
22.2 msec : 0
22.3 msec : 0
22.4 msec : 0
22.5 msec : 0
22.6 msec : 0
22.7 msec : 0
22.8 msec : 0
22.9 msec : 0
23.0 msec : 0
23.1 msec : 0
23.2 msec : 0
23.3 msec : 0
23.4 msec : 0
23.5 msec : 0
23.6 msec : 0
23.7 msec : 0
23.8 msec : 0
23.9 msec : 0
24.0 msec : 0
24.1 msec : 0
24.2 msec : 0
24.3 msec : 0
24.4 msec : 0
24.5 msec : 0
24.6 msec : 0
24.7 msec : 0
24.8 msec : 0
24.9 msec : 0
25.0 msec : 0
25.1 msec : 0
25.2 msec : 0
25.3 msec : 0
25.4 msec : 0
25.5 msec : 0
25.6 msec : 0
25.7 msec : 0
25.8 msec : 0
25.9 msec : 0
26.0 msec : 0
26.1 msec : 0
26.2 msec : 0
26.3 msec : 0
26.4 msec : 0
26.5 msec : 0
26.6 msec : 0
26.7 msec : 0
26.8 msec : 0
26.9 msec : 0
27.0 msec : 0
27.1 msec : 0
27.2 msec : 0
27.3 msec : 0
27.4 msec : 0
27.5 msec : 0
27.6 msec : 0
27.7 msec : 0
27.8 msec : 0
27.9 msec : 0
28.0 msec : 0
28.1 msec : 0
28.2 msec : 0
28.3 msec : 0
28.4 msec : 0
28.5 msec : 0
28.6 msec : 0
28.7 msec : 0
28.8 msec : 0
28.9 msec : 0
29.0 msec : 0
29.1 msec : 0
29.2 msec : 0
29.3 msec : 0
29.4 msec : 0
29.5 msec : 0
29.6 msec : 0
29.7 msec : 0
29.8 msec : 0
29.9 msec : 0
30.0 msec : 0
30.1 msec : 0
30.2 msec : 0
30.3 msec : 0
30.4 msec : 0
30.5 msec : 0
30.6 msec : 0
30.7 msec : 0
30.8 msec : 0
30.9 msec : 0
31.0 msec : 0
31.1 msec : 0
31.2 msec : 0
31.3 msec : 0
31.4 msec : 0
31.5 msec : 0
