Middleware started...
Middleware shuts down...
Smaller resolution statistics are in a log file...
Final aggregates per worker:


Worker 24
Average throughput (ops/sec) = 65
Average response time (msec) = 10.779283166666666
Average queue length = 0
Average wait time in queue (msec) = 0.5300026666666666
Average service time (msec) = 7.673195833333333
Number of SET = 64
Number of GET = 0
Number of MULTI GET = 0


Worker 7
Average throughput (ops/sec) = 66
Average response time (msec) = 10.872320833333333
Average queue length = 0
Average wait time in queue (msec) = 0.4454195
Average service time (msec) = 7.365721333333333
Number of SET = 66
Number of GET = 0
Number of MULTI GET = 0


Worker 25
Average throughput (ops/sec) = 64
Average response time (msec) = 9.943714
Average queue length = 0
Average wait time in queue (msec) = 0.48495883333333334
Average service time (msec) = 6.814288
Number of SET = 64
Number of GET = 0
Number of MULTI GET = 0


Worker 6
Average throughput (ops/sec) = 66
Average response time (msec) = 10.882213666666667
Average queue length = 0
Average wait time in queue (msec) = 0.7111165
Average service time (msec) = 7.178597166666667
Number of SET = 66
Number of GET = 0
Number of MULTI GET = 0


Worker 26
Average throughput (ops/sec) = 63
Average response time (msec) = 10.685478166666666
Average queue length = 0
Average wait time in queue (msec) = 0.6092631666666666
Average service time (msec) = 7.129356
Number of SET = 63
Number of GET = 0
Number of MULTI GET = 0


Worker 9
Average throughput (ops/sec) = 67
Average response time (msec) = 9.9139615
Average queue length = 1
Average wait time in queue (msec) = 0.7038773333333334
Average service time (msec) = 6.533691333333333
Number of SET = 67
Number of GET = 0
Number of MULTI GET = 0


Worker 27
Average throughput (ops/sec) = 66
Average response time (msec) = 10.7972815
Average queue length = 0
Average wait time in queue (msec) = 0.5098471666666667
Average service time (msec) = 7.646729333333333
Number of SET = 66
Number of GET = 0
Number of MULTI GET = 0


Worker 8
Average throughput (ops/sec) = 66
Average response time (msec) = 10.5371135
Average queue length = 0
Average wait time in queue (msec) = 0.6382796666666666
Average service time (msec) = 6.973214666666667
Number of SET = 66
Number of GET = 0
Number of MULTI GET = 0


Worker 20
Average throughput (ops/sec) = 63
Average response time (msec) = 10.734518666666666
Average queue length = 0
Average wait time in queue (msec) = 0.530659
Average service time (msec) = 7.248977333333333
Number of SET = 63
Number of GET = 0
Number of MULTI GET = 0


Worker 3
Average throughput (ops/sec) = 64
Average response time (msec) = 11.469671
Average queue length = 0
Average wait time in queue (msec) = 0.6392761666666666
Average service time (msec) = 7.833084833333333
Number of SET = 64
Number of GET = 0
Number of MULTI GET = 0


Worker 21
Average throughput (ops/sec) = 65
Average response time (msec) = 10.703702666666667
Average queue length = 0
Average wait time in queue (msec) = 0.4965613333333333
Average service time (msec) = 7.4427265
Number of SET = 65
Number of GET = 0
Number of MULTI GET = 0


Worker 2
Average throughput (ops/sec) = 69
Average response time (msec) = 11.29665
Average queue length = 1
Average wait time in queue (msec) = 0.5678035
Average service time (msec) = 7.813343333333333
Number of SET = 69
Number of GET = 0
Number of MULTI GET = 0


Worker 22
Average throughput (ops/sec) = 64
Average response time (msec) = 11.221455833333334
Average queue length = 0
Average wait time in queue (msec) = 0.5358801666666666
Average service time (msec) = 7.869318833333333
Number of SET = 64
Number of GET = 0
Number of MULTI GET = 0


Worker 5
Average throughput (ops/sec) = 61
Average response time (msec) = 11.527313833333334
Average queue length = 1
Average wait time in queue (msec) = 0.7156141666666667
Average service time (msec) = 7.8706665
Number of SET = 61
Number of GET = 0
Number of MULTI GET = 0


Worker 23
Average throughput (ops/sec) = 65
Average response time (msec) = 10.368696333333334
Average queue length = 0
Average wait time in queue (msec) = 0.5314613333333333
Average service time (msec) = 7.0083985
Number of SET = 65
Number of GET = 0
Number of MULTI GET = 0


Worker 4
Average throughput (ops/sec) = 64
Average response time (msec) = 12.094493833333335
Average queue length = 2
Average wait time in queue (msec) = 0.6663346666666666
Average service time (msec) = 7.917388166666667
Number of SET = 64
Number of GET = 0
Number of MULTI GET = 0


Worker 28
Average throughput (ops/sec) = 64
Average response time (msec) = 10.191649833333335
Average queue length = 0
Average wait time in queue (msec) = 0.515091
Average service time (msec) = 6.923441833333333
Number of SET = 64
Number of GET = 0
Number of MULTI GET = 0


Worker 29
Average throughput (ops/sec) = 65
Average response time (msec) = 9.685385333333334
Average queue length = 0
Average wait time in queue (msec) = 0.5017713333333333
Average service time (msec) = 6.664782833333333
Number of SET = 65
Number of GET = 0
Number of MULTI GET = 0


Worker 1
Average throughput (ops/sec) = 67
Average response time (msec) = 10.437782166666667
Average queue length = 0
Average wait time in queue (msec) = 0.4746203333333333
Average service time (msec) = 6.7566245
Number of SET = 67
Number of GET = 0
Number of MULTI GET = 0


Worker 30
Average throughput (ops/sec) = 64
Average response time (msec) = 11.6992825
Average queue length = 1
Average wait time in queue (msec) = 0.6133963333333333
Average service time (msec) = 8.346082
Number of SET = 64
Number of GET = 0
Number of MULTI GET = 0


Worker 13
Average throughput (ops/sec) = 65
Average response time (msec) = 12.333084833333334
Average queue length = 1
Average wait time in queue (msec) = 0.6434261666666666
Average service time (msec) = 7.9511555
Number of SET = 65
Number of GET = 0
Number of MULTI GET = 0


Worker 14
Average throughput (ops/sec) = 64
Average response time (msec) = 11.100544833333334
Average queue length = 2
Average wait time in queue (msec) = 0.4854538333333333
Average service time (msec) = 7.3587825
Number of SET = 64
Number of GET = 0
Number of MULTI GET = 0


Worker 15
Average throughput (ops/sec) = 65
Average response time (msec) = 11.644261
Average queue length = 0
Average wait time in queue (msec) = 0.4858171666666667
Average service time (msec) = 8.534274
Number of SET = 65
Number of GET = 0
Number of MULTI GET = 0


Worker 16
Average throughput (ops/sec) = 64
Average response time (msec) = 11.208447
Average queue length = 0
Average wait time in queue (msec) = 0.6396863333333334
Average service time (msec) = 8.028448666666668
Number of SET = 64
Number of GET = 0
Number of MULTI GET = 0


Worker 31
Average throughput (ops/sec) = 64
Average response time (msec) = 11.519752333333335
Average queue length = 0
Average wait time in queue (msec) = 0.5787543333333334
Average service time (msec) = 7.8541645
Number of SET = 64
Number of GET = 0
Number of MULTI GET = 0


Worker 32
Average throughput (ops/sec) = 66
Average response time (msec) = 10.498848166666667
Average queue length = 1
Average wait time in queue (msec) = 0.6780175
Average service time (msec) = 7.158353333333333
Number of SET = 66
Number of GET = 0
Number of MULTI GET = 0


Worker 10
Average throughput (ops/sec) = 64
Average response time (msec) = 9.902105333333333
Average queue length = 0
Average wait time in queue (msec) = 0.5860816666666666
Average service time (msec) = 6.662987166666667
Number of SET = 64
Number of GET = 0
Number of MULTI GET = 0


Worker 11
Average throughput (ops/sec) = 65
Average response time (msec) = 10.865648666666665
Average queue length = 1
Average wait time in queue (msec) = 0.7296533333333334
Average service time (msec) = 7.623112166666667
Number of SET = 65
Number of GET = 0
Number of MULTI GET = 0


Worker 12
Average throughput (ops/sec) = 64
Average response time (msec) = 10.560099833333334
Average queue length = 2
Average wait time in queue (msec) = 0.585174
Average service time (msec) = 6.553829833333333
Number of SET = 63
Number of GET = 0
Number of MULTI GET = 0


Worker 17
Average throughput (ops/sec) = 70
Average response time (msec) = 10.0655155
Average queue length = 1
Average wait time in queue (msec) = 0.6234033333333334
Average service time (msec) = 6.3595295
Number of SET = 70
Number of GET = 0
Number of MULTI GET = 0


Worker 18
Average throughput (ops/sec) = 65
Average response time (msec) = 10.742529833333334
Average queue length = 0
Average wait time in queue (msec) = 0.627471
Average service time (msec) = 7.654012833333333
Number of SET = 65
Number of GET = 0
Number of MULTI GET = 0


Worker 19
Average throughput (ops/sec) = 64
Average response time (msec) = 11.002070666666667
Average queue length = 1
Average wait time in queue (msec) = 0.5000423333333334
Average service time (msec) = 7.875500666666667
Number of SET = 64
Number of GET = 0
Number of MULTI GET = 0


FINAL STATS
Average throughput (ops/sec) = 2078
Average response time (msec) = 8.900739128703409
Average queue length = 0
Average wait time in queue (msec) = 0.5807567239583333
Average service time (msec) = 7.394493109375
Number of SET = 64
Number of GET = 0
Number of MULTI GET = 0
Number of Cache misses = 0


Histogram response times (0.1 msec step)
0.0 msec : 61
0.1 msec : 136
0.2 msec : 193
0.3 msec : 208
0.4 msec : 220
0.5 msec : 204
0.6 msec : 181
0.7 msec : 148
0.8 msec : 153
0.9 msec : 174
1.0 msec : 154
1.1 msec : 126
1.2 msec : 158
1.3 msec : 158
1.4 msec : 150
1.5 msec : 157
1.6 msec : 123
1.7 msec : 140
1.8 msec : 143
1.9 msec : 146
2.0 msec : 136
2.1 msec : 121
2.2 msec : 157
2.3 msec : 124
2.4 msec : 115
2.5 msec : 115
2.6 msec : 133
2.7 msec : 132
2.8 msec : 116
2.9 msec : 127
3.0 msec : 126
3.1 msec : 116
3.2 msec : 123
3.3 msec : 89
3.4 msec : 112
3.5 msec : 118
3.6 msec : 85
3.7 msec : 96
3.8 msec : 102
3.9 msec : 75
4.0 msec : 93
4.1 msec : 81
4.2 msec : 90
4.3 msec : 99
4.4 msec : 79
4.5 msec : 76
4.6 msec : 78
4.7 msec : 87
4.8 msec : 90
4.9 msec : 80
5.0 msec : 82
5.1 msec : 78
5.2 msec : 85
5.3 msec : 73
5.4 msec : 81
5.5 msec : 81
5.6 msec : 65
5.7 msec : 84
5.8 msec : 71
5.9 msec : 77
6.0 msec : 76
6.1 msec : 72
6.2 msec : 65
6.3 msec : 83
6.4 msec : 73
6.5 msec : 75
6.6 msec : 72
6.7 msec : 68
6.8 msec : 71
6.9 msec : 61
7.0 msec : 73
7.1 msec : 83
7.2 msec : 65
7.3 msec : 78
7.4 msec : 64
7.5 msec : 64
7.6 msec : 81
7.7 msec : 71
7.8 msec : 67
7.9 msec : 64
8.0 msec : 74
8.1 msec : 65
8.2 msec : 51
8.3 msec : 74
8.4 msec : 68
8.5 msec : 48
8.6 msec : 64
8.7 msec : 61
8.8 msec : 45
8.9 msec : 41
9.0 msec : 61
9.1 msec : 51
9.2 msec : 58
9.3 msec : 51
9.4 msec : 53
9.5 msec : 59
9.6 msec : 54
9.7 msec : 44
9.8 msec : 46
9.9 msec : 40
10.0 msec : 48
10.1 msec : 45
10.2 msec : 35
10.3 msec : 26
10.4 msec : 46
10.5 msec : 40
10.6 msec : 49
10.7 msec : 34
10.8 msec : 32
10.9 msec : 31
11.0 msec : 41
11.1 msec : 35
11.2 msec : 41
11.3 msec : 34
11.4 msec : 42
11.5 msec : 29
11.6 msec : 34
11.7 msec : 35
11.8 msec : 31
11.9 msec : 30
12.0 msec : 23
12.1 msec : 27
12.2 msec : 29
12.3 msec : 23
12.4 msec : 20
12.5 msec : 21
12.6 msec : 31
12.7 msec : 26
12.8 msec : 22
12.9 msec : 24
13.0 msec : 32
13.1 msec : 21
13.2 msec : 20
13.3 msec : 19
13.4 msec : 18
13.5 msec : 25
13.6 msec : 17
13.7 msec : 21
13.8 msec : 10
13.9 msec : 29
14.0 msec : 30
14.1 msec : 23
14.2 msec : 22
14.3 msec : 17
14.4 msec : 14
14.5 msec : 21
14.6 msec : 25
14.7 msec : 13
14.8 msec : 21
14.9 msec : 25
15.0 msec : 20
15.1 msec : 18
15.2 msec : 20
15.3 msec : 20
15.4 msec : 10
15.5 msec : 16
15.6 msec : 18
15.7 msec : 17
15.8 msec : 27
15.9 msec : 18
16.0 msec : 20
16.1 msec : 17
16.2 msec : 12
16.3 msec : 27
16.4 msec : 14
16.5 msec : 9
16.6 msec : 17
16.7 msec : 14
16.8 msec : 16
16.9 msec : 10
17.0 msec : 15
17.1 msec : 19
17.2 msec : 16
17.3 msec : 10
17.4 msec : 14
17.5 msec : 20
17.6 msec : 15
17.7 msec : 15
17.8 msec : 15
17.9 msec : 9
18.0 msec : 18
18.1 msec : 9
18.2 msec : 11
18.3 msec : 18
18.4 msec : 12
18.5 msec : 13
18.6 msec : 10
18.7 msec : 9
18.8 msec : 10
18.9 msec : 13
19.0 msec : 13
19.1 msec : 17
19.2 msec : 7
19.3 msec : 9
19.4 msec : 5
19.5 msec : 15
19.6 msec : 16
19.7 msec : 13
19.8 msec : 6
19.9 msec : 5
20.0 msec : 11
20.1 msec : 11
20.2 msec : 6
20.3 msec : 8
20.4 msec : 9
20.5 msec : 9
20.6 msec : 8
20.7 msec : 7
20.8 msec : 4
20.9 msec : 7
21.0 msec : 4
21.1 msec : 2
21.2 msec : 9
21.3 msec : 5
21.4 msec : 9
21.5 msec : 8
21.6 msec : 8
21.7 msec : 9
21.8 msec : 12
21.9 msec : 12
22.0 msec : 8
22.1 msec : 4
22.2 msec : 4
22.3 msec : 4
22.4 msec : 9
22.5 msec : 3
22.6 msec : 6
22.7 msec : 9
22.8 msec : 9
22.9 msec : 8
23.0 msec : 10
23.1 msec : 2
23.2 msec : 5
23.3 msec : 3
23.4 msec : 6
23.5 msec : 4
23.6 msec : 5
23.7 msec : 5
23.8 msec : 10
23.9 msec : 5
24.0 msec : 6
24.1 msec : 4
24.2 msec : 5
24.3 msec : 6
24.4 msec : 4
24.5 msec : 9
24.6 msec : 2
24.7 msec : 5
24.8 msec : 11
24.9 msec : 7
25.0 msec : 6
25.1 msec : 3
25.2 msec : 7
25.3 msec : 3
25.4 msec : 5
25.5 msec : 5
25.6 msec : 6
25.7 msec : 4
25.8 msec : 3
25.9 msec : 6
26.0 msec : 5
26.1 msec : 2
26.2 msec : 6
26.3 msec : 5
26.4 msec : 4
26.5 msec : 4
26.6 msec : 5
26.7 msec : 4
26.8 msec : 2
26.9 msec : 3
27.0 msec : 1
27.1 msec : 6
27.2 msec : 1
27.3 msec : 4
27.4 msec : 7
27.5 msec : 4
27.6 msec : 4
27.7 msec : 7
27.8 msec : 3
27.9 msec : 3
28.0 msec : 5
28.1 msec : 4
28.2 msec : 3
28.3 msec : 3
28.4 msec : 3
28.5 msec : 8
28.6 msec : 1
28.7 msec : 3
28.8 msec : 0
28.9 msec : 2
29.0 msec : 1
29.1 msec : 4
29.2 msec : 3
29.3 msec : 3
29.4 msec : 0
29.5 msec : 4
29.6 msec : 4
29.7 msec : 6
29.8 msec : 4
29.9 msec : 2
30.0 msec : 1
30.1 msec : 4
30.2 msec : 2
30.3 msec : 3
30.4 msec : 6
30.5 msec : 3
30.6 msec : 1
30.7 msec : 3
30.8 msec : 3
30.9 msec : 1
31.0 msec : 5
31.1 msec : 0
31.2 msec : 4
31.3 msec : 3
31.4 msec : 6
31.5 msec : 1
31.6 msec : 2
31.7 msec : 0
31.8 msec : 2
31.9 msec : 3
32.0 msec : 1
32.1 msec : 3
32.2 msec : 0
32.3 msec : 3
32.4 msec : 4
32.5 msec : 4
32.6 msec : 2
32.7 msec : 2
32.8 msec : 1
32.9 msec : 2
33.0 msec : 4
33.1 msec : 1
33.2 msec : 3
33.3 msec : 3
33.4 msec : 1
33.5 msec : 2
33.6 msec : 1
33.7 msec : 0
33.8 msec : 2
33.9 msec : 1
34.0 msec : 1
34.1 msec : 2
34.2 msec : 2
34.3 msec : 1
34.4 msec : 0
34.5 msec : 2
34.6 msec : 3
34.7 msec : 1
34.8 msec : 0
34.9 msec : 0
35.0 msec : 4
35.1 msec : 1
35.2 msec : 0
35.3 msec : 4
35.4 msec : 2
35.5 msec : 2
35.6 msec : 1
35.7 msec : 4
35.8 msec : 1
35.9 msec : 3
36.0 msec : 1
36.1 msec : 2
36.2 msec : 0
36.3 msec : 1
36.4 msec : 1
36.5 msec : 1
36.6 msec : 0
36.7 msec : 2
36.8 msec : 1
36.9 msec : 4
37.0 msec : 1
37.1 msec : 3
37.2 msec : 1
37.3 msec : 2
37.4 msec : 2
37.5 msec : 2
37.6 msec : 0
37.7 msec : 2
37.8 msec : 1
37.9 msec : 0
38.0 msec : 0
38.1 msec : 1
38.2 msec : 0
38.3 msec : 1
38.4 msec : 3
38.5 msec : 2
38.6 msec : 0
38.7 msec : 3
38.8 msec : 2
38.9 msec : 3
39.0 msec : 3
39.1 msec : 1
39.2 msec : 1
39.3 msec : 1
39.4 msec : 3
39.5 msec : 0
39.6 msec : 2
39.7 msec : 2
39.8 msec : 0
39.9 msec : 2
40.0 msec : 1
40.1 msec : 2
40.2 msec : 0
40.3 msec : 2
40.4 msec : 3
40.5 msec : 1
40.6 msec : 1
40.7 msec : 1
40.8 msec : 0
40.9 msec : 1
41.0 msec : 1
41.1 msec : 0
41.2 msec : 0
41.3 msec : 2
41.4 msec : 0
41.5 msec : 2
41.6 msec : 0
41.7 msec : 1
41.8 msec : 0
41.9 msec : 0
42.0 msec : 1
42.1 msec : 0
42.2 msec : 0
42.3 msec : 2
42.4 msec : 1
42.5 msec : 1
42.6 msec : 0
42.7 msec : 2
42.8 msec : 1
42.9 msec : 1
43.0 msec : 1
43.1 msec : 0
43.2 msec : 1
43.3 msec : 0
43.4 msec : 0
43.5 msec : 1
43.6 msec : 0
43.7 msec : 1
43.8 msec : 0
43.9 msec : 0
44.0 msec : 0
44.1 msec : 0
44.2 msec : 0
44.3 msec : 1
44.4 msec : 0
44.5 msec : 1
44.6 msec : 3
44.7 msec : 1
44.8 msec : 0
44.9 msec : 2
45.0 msec : 0
45.1 msec : 0
45.2 msec : 0
45.3 msec : 0
45.4 msec : 1
45.5 msec : 0
45.6 msec : 0
45.7 msec : 1
45.8 msec : 0
45.9 msec : 0
46.0 msec : 0
46.1 msec : 0
46.2 msec : 0
46.3 msec : 0
46.4 msec : 1
46.5 msec : 0
46.6 msec : 0
46.7 msec : 3
46.8 msec : 0
46.9 msec : 0
47.0 msec : 0
47.1 msec : 0
47.2 msec : 1
47.3 msec : 1
47.4 msec : 1
47.5 msec : 0
47.6 msec : 0
47.7 msec : 1
47.8 msec : 1
47.9 msec : 0
48.0 msec : 0
48.1 msec : 0
48.2 msec : 0
48.3 msec : 0
48.4 msec : 1
48.5 msec : 0
48.6 msec : 0
48.7 msec : 0
48.8 msec : 0
48.9 msec : 0
49.0 msec : 0
49.1 msec : 0
49.2 msec : 0
49.3 msec : 0
49.4 msec : 0
49.5 msec : 0
49.6 msec : 0
49.7 msec : 0
49.8 msec : 0
49.9 msec : 0
50.0 msec : 0
50.1 msec : 0
50.2 msec : 0
50.3 msec : 1
50.4 msec : 1
50.5 msec : 0
50.6 msec : 0
50.7 msec : 0
50.8 msec : 0
50.9 msec : 0
51.0 msec : 0
51.1 msec : 1
51.2 msec : 1
51.3 msec : 0
51.4 msec : 0
51.5 msec : 1
51.6 msec : 0
51.7 msec : 0
51.8 msec : 0
51.9 msec : 0
52.0 msec : 0
52.1 msec : 0
52.2 msec : 1
52.3 msec : 1
52.4 msec : 0
52.5 msec : 1
52.6 msec : 1
52.7 msec : 2
52.8 msec : 0
52.9 msec : 0
53.0 msec : 0
53.1 msec : 0
53.2 msec : 0
53.3 msec : 2
53.4 msec : 0
53.5 msec : 0
53.6 msec : 0
53.7 msec : 2
53.8 msec : 0
53.9 msec : 0
54.0 msec : 0
54.1 msec : 0
54.2 msec : 0
54.3 msec : 1
54.4 msec : 0
54.5 msec : 1
54.6 msec : 0
54.7 msec : 0
54.8 msec : 0
54.9 msec : 0
55.0 msec : 1
55.1 msec : 2
55.2 msec : 0
55.3 msec : 0
55.4 msec : 1
55.5 msec : 0
55.6 msec : 0
55.7 msec : 1
55.8 msec : 0
55.9 msec : 0
56.0 msec : 1
56.1 msec : 0
56.2 msec : 1
56.3 msec : 0
56.4 msec : 0
56.5 msec : 0
56.6 msec : 0
56.7 msec : 0
56.8 msec : 0
56.9 msec : 0
57.0 msec : 0
57.1 msec : 4
57.2 msec : 1
57.3 msec : 0
57.4 msec : 0
57.5 msec : 0
57.6 msec : 0
57.7 msec : 0
57.8 msec : 0
57.9 msec : 1
58.0 msec : 0
58.1 msec : 0
58.2 msec : 2
58.3 msec : 0
58.4 msec : 0
58.5 msec : 0
58.6 msec : 0
58.7 msec : 1
58.8 msec : 0
58.9 msec : 0
59.0 msec : 0
59.1 msec : 0
59.2 msec : 0
59.3 msec : 0
59.4 msec : 0
59.5 msec : 0
59.6 msec : 1
59.7 msec : 0
59.8 msec : 0
59.9 msec : 0
60.0 msec : 0
60.1 msec : 0
60.2 msec : 0
60.3 msec : 0
60.4 msec : 0
60.5 msec : 0
60.6 msec : 0
60.7 msec : 0
60.8 msec : 0
60.9 msec : 0
61.0 msec : 0
61.1 msec : 1
61.2 msec : 0
61.3 msec : 0
61.4 msec : 0
61.5 msec : 0
61.6 msec : 0
61.7 msec : 0
61.8 msec : 0
61.9 msec : 0
62.0 msec : 0
62.1 msec : 0
62.2 msec : 0
62.3 msec : 0
62.4 msec : 0
62.5 msec : 0
62.6 msec : 0
62.7 msec : 0
62.8 msec : 0
62.9 msec : 0
63.0 msec : 1
63.1 msec : 0
63.2 msec : 0
63.3 msec : 1
63.4 msec : 0
63.5 msec : 0
63.6 msec : 0
63.7 msec : 0
63.8 msec : 0
63.9 msec : 0
64.0 msec : 0
64.1 msec : 0
64.2 msec : 0
64.3 msec : 0
64.4 msec : 0
64.5 msec : 0
64.6 msec : 1
64.7 msec : 0
64.8 msec : 2
64.9 msec : 1
65.0 msec : 0
65.1 msec : 0
65.2 msec : 0
65.3 msec : 0
65.4 msec : 0
65.5 msec : 1
65.6 msec : 0
65.7 msec : 0
65.8 msec : 0
65.9 msec : 0
66.0 msec : 0
66.1 msec : 0
66.2 msec : 0
66.3 msec : 0
66.4 msec : 0
66.5 msec : 0
66.6 msec : 0
66.7 msec : 0
66.8 msec : 0
66.9 msec : 0
67.0 msec : 0
67.1 msec : 0
67.2 msec : 0
67.3 msec : 0
67.4 msec : 0
67.5 msec : 0
67.6 msec : 0
67.7 msec : 0
67.8 msec : 0
67.9 msec : 0
68.0 msec : 0
68.1 msec : 0
68.2 msec : 0
68.3 msec : 0
68.4 msec : 0
68.5 msec : 0
68.6 msec : 0
68.7 msec : 0
68.8 msec : 0
68.9 msec : 0
69.0 msec : 0
69.1 msec : 0
69.2 msec : 0
69.3 msec : 0
69.4 msec : 0
69.5 msec : 0
69.6 msec : 0
69.7 msec : 0
69.8 msec : 0
69.9 msec : 0
70.0 msec : 0
70.1 msec : 0
70.2 msec : 1
70.3 msec : 0
70.4 msec : 0
70.5 msec : 1
70.6 msec : 0
70.7 msec : 0
70.8 msec : 0
70.9 msec : 0
71.0 msec : 0
71.1 msec : 0
71.2 msec : 2
71.3 msec : 0
71.4 msec : 0
71.5 msec : 0
71.6 msec : 0
71.7 msec : 0
71.8 msec : 0
71.9 msec : 0
72.0 msec : 0
72.1 msec : 0
72.2 msec : 0
72.3 msec : 0
72.4 msec : 0
72.5 msec : 0
72.6 msec : 0
72.7 msec : 0
72.8 msec : 0
72.9 msec : 0
73.0 msec : 0
73.1 msec : 0
73.2 msec : 0
73.3 msec : 0
73.4 msec : 1
73.5 msec : 0
73.6 msec : 0
73.7 msec : 0
73.8 msec : 0
73.9 msec : 0
74.0 msec : 0
74.1 msec : 0
74.2 msec : 0
74.3 msec : 0
74.4 msec : 0
74.5 msec : 0
74.6 msec : 0
74.7 msec : 0
74.8 msec : 0
74.9 msec : 0
75.0 msec : 1
75.1 msec : 0
75.2 msec : 0
75.3 msec : 0
75.4 msec : 0
75.5 msec : 0
75.6 msec : 0
75.7 msec : 0
75.8 msec : 0
75.9 msec : 0
76.0 msec : 0
76.1 msec : 0
76.2 msec : 0
76.3 msec : 0
76.4 msec : 0
76.5 msec : 0
76.6 msec : 0
76.7 msec : 0
76.8 msec : 0
76.9 msec : 0
77.0 msec : 0
77.1 msec : 0
77.2 msec : 0
77.3 msec : 0
77.4 msec : 0
77.5 msec : 0
77.6 msec : 0
77.7 msec : 0
77.8 msec : 0
77.9 msec : 0
78.0 msec : 0
78.1 msec : 0
78.2 msec : 1
78.3 msec : 0
78.4 msec : 0
78.5 msec : 0
78.6 msec : 0
78.7 msec : 1
78.8 msec : 0
78.9 msec : 0
79.0 msec : 0
79.1 msec : 0
79.2 msec : 0
79.3 msec : 0
79.4 msec : 0
79.5 msec : 0
79.6 msec : 0
79.7 msec : 0
79.8 msec : 0
79.9 msec : 0
80.0 msec : 0
80.1 msec : 0
80.2 msec : 0
80.3 msec : 0
80.4 msec : 0
80.5 msec : 0
80.6 msec : 0
80.7 msec : 0
80.8 msec : 0
80.9 msec : 0
81.0 msec : 0
81.1 msec : 0
81.2 msec : 1
81.3 msec : 0
81.4 msec : 1
81.5 msec : 0
81.6 msec : 0
81.7 msec : 0
81.8 msec : 0
81.9 msec : 0
82.0 msec : 0
82.1 msec : 0
82.2 msec : 0
82.3 msec : 0
82.4 msec : 0
82.5 msec : 0
82.6 msec : 0
82.7 msec : 0
82.8 msec : 0
82.9 msec : 0
83.0 msec : 0
83.1 msec : 0
83.2 msec : 0
83.3 msec : 0
83.4 msec : 0
83.5 msec : 0
83.6 msec : 0
83.7 msec : 0
83.8 msec : 0
83.9 msec : 0
84.0 msec : 1
84.1 msec : 0
84.2 msec : 0
84.3 msec : 0
84.4 msec : 0
84.5 msec : 0
84.6 msec : 0
84.7 msec : 0
84.8 msec : 0
84.9 msec : 0
85.0 msec : 0
85.1 msec : 0
85.2 msec : 0
85.3 msec : 0
85.4 msec : 0
85.5 msec : 0
85.6 msec : 0
85.7 msec : 0
85.8 msec : 0
85.9 msec : 0
86.0 msec : 0
86.1 msec : 0
86.2 msec : 0
86.3 msec : 0
86.4 msec : 0
86.5 msec : 0
86.6 msec : 0
86.7 msec : 0
86.8 msec : 0
86.9 msec : 0
87.0 msec : 0
87.1 msec : 0
87.2 msec : 0
87.3 msec : 0
87.4 msec : 0
87.5 msec : 0
87.6 msec : 0
87.7 msec : 0
87.8 msec : 0
87.9 msec : 0
88.0 msec : 0
88.1 msec : 0
88.2 msec : 0
88.3 msec : 0
88.4 msec : 0
88.5 msec : 0
88.6 msec : 0
88.7 msec : 0
88.8 msec : 0
88.9 msec : 0
89.0 msec : 0
89.1 msec : 0
89.2 msec : 0
89.3 msec : 0
89.4 msec : 0
89.5 msec : 0
89.6 msec : 0
89.7 msec : 0
89.8 msec : 0
89.9 msec : 0
90.0 msec : 0
90.1 msec : 0
90.2 msec : 0
90.3 msec : 0
90.4 msec : 0
90.5 msec : 0
90.6 msec : 0
90.7 msec : 0
90.8 msec : 0
90.9 msec : 0
91.0 msec : 0
91.1 msec : 0
91.2 msec : 0
91.3 msec : 0
91.4 msec : 0
91.5 msec : 0
91.6 msec : 0
91.7 msec : 0
91.8 msec : 0
91.9 msec : 0
92.0 msec : 0
92.1 msec : 0
92.2 msec : 0
92.3 msec : 0
92.4 msec : 0
92.5 msec : 0
92.6 msec : 0
92.7 msec : 0
92.8 msec : 0
92.9 msec : 0
93.0 msec : 0
93.1 msec : 0
93.2 msec : 0
93.3 msec : 0
93.4 msec : 0
93.5 msec : 0
93.6 msec : 0
93.7 msec : 0
93.8 msec : 0
93.9 msec : 0
94.0 msec : 0
94.1 msec : 0
94.2 msec : 0
94.3 msec : 0
94.4 msec : 0
94.5 msec : 0
94.6 msec : 0
94.7 msec : 0
94.8 msec : 0
94.9 msec : 0
95.0 msec : 0
95.1 msec : 0
95.2 msec : 0
95.3 msec : 1
95.4 msec : 0
95.5 msec : 0
95.6 msec : 0
95.7 msec : 0
95.8 msec : 0
95.9 msec : 0
96.0 msec : 0
96.1 msec : 0
96.2 msec : 0
96.3 msec : 0
96.4 msec : 0
96.5 msec : 0
96.6 msec : 0
96.7 msec : 0
96.8 msec : 0
96.9 msec : 0
97.0 msec : 0
97.1 msec : 0
97.2 msec : 0
97.3 msec : 0
97.4 msec : 0
97.5 msec : 0
97.6 msec : 0
97.7 msec : 0
97.8 msec : 0
97.9 msec : 0
98.0 msec : 0
98.1 msec : 0
98.2 msec : 0
98.3 msec : 0
98.4 msec : 0
98.5 msec : 0
98.6 msec : 0
98.7 msec : 0
98.8 msec : 0
98.9 msec : 0
99.0 msec : 0
99.1 msec : 0
99.2 msec : 0
99.3 msec : 0
99.4 msec : 0
99.5 msec : 0
99.6 msec : 0
99.7 msec : 0
99.8 msec : 0
99.9 msec : 0
100.0 msec : 0
100.1 msec : 0
100.2 msec : 0
100.3 msec : 0
100.4 msec : 0
100.5 msec : 0
100.6 msec : 0
100.7 msec : 0
100.8 msec : 0
100.9 msec : 0
101.0 msec : 0
101.1 msec : 0
101.2 msec : 0
101.3 msec : 0
101.4 msec : 0
101.5 msec : 0
101.6 msec : 0
101.7 msec : 0
101.8 msec : 0
101.9 msec : 0
102.0 msec : 0
102.1 msec : 0
102.2 msec : 0
102.3 msec : 0
102.4 msec : 0
102.5 msec : 0
102.6 msec : 0
102.7 msec : 0
102.8 msec : 0
102.9 msec : 0
103.0 msec : 0
103.1 msec : 0
103.2 msec : 0
103.3 msec : 0
103.4 msec : 0
103.5 msec : 0
103.6 msec : 0
103.7 msec : 0
103.8 msec : 0
103.9 msec : 0
104.0 msec : 0
104.1 msec : 0
104.2 msec : 0
104.3 msec : 0
104.4 msec : 0
104.5 msec : 0
104.6 msec : 0
104.7 msec : 0
104.8 msec : 0
104.9 msec : 0
105.0 msec : 0
105.1 msec : 0
105.2 msec : 0
105.3 msec : 0
105.4 msec : 0
105.5 msec : 0
105.6 msec : 0
105.7 msec : 0
105.8 msec : 0
105.9 msec : 0
106.0 msec : 0
106.1 msec : 0
106.2 msec : 0
106.3 msec : 0
106.4 msec : 0
106.5 msec : 0
106.6 msec : 0
106.7 msec : 0
106.8 msec : 0
106.9 msec : 0
107.0 msec : 0
107.1 msec : 0
107.2 msec : 0
107.3 msec : 0
107.4 msec : 0
107.5 msec : 0
107.6 msec : 0
107.7 msec : 0
107.8 msec : 0
107.9 msec : 0
108.0 msec : 0
108.1 msec : 0
108.2 msec : 0
108.3 msec : 0
108.4 msec : 0
108.5 msec : 0
108.6 msec : 0
108.7 msec : 0
108.8 msec : 0
108.9 msec : 0
109.0 msec : 0
109.1 msec : 0
109.2 msec : 0
