Middleware started...
Middleware shuts down...
Smaller resolution statistics are in a log file...
Final aggregates per worker:


Worker 7
Average throughput (ops/sec) = 61
Average response time (msec) = 32.42223416666667
Average queue length = 31
Average wait time in queue (msec) = 16.532178333333334
Average service time (msec) = 11.432736833333333
Number of SET = 61
Number of GET = 0
Number of MULTI GET = 0


Worker 24
Average throughput (ops/sec) = 62
Average response time (msec) = 31.196861166666668
Average queue length = 28
Average wait time in queue (msec) = 15.884034333333334
Average service time (msec) = 11.334866166666666
Number of SET = 62
Number of GET = 0
Number of MULTI GET = 0


Worker 25
Average throughput (ops/sec) = 64
Average response time (msec) = 30.99840233333333
Average queue length = 27
Average wait time in queue (msec) = 15.317291666666666
Average service time (msec) = 12.038280166666667
Number of SET = 64
Number of GET = 0
Number of MULTI GET = 0


Worker 6
Average throughput (ops/sec) = 62
Average response time (msec) = 33.263812
Average queue length = 25
Average wait time in queue (msec) = 15.644876
Average service time (msec) = 13.837499333333334
Number of SET = 62
Number of GET = 0
Number of MULTI GET = 0


Worker 26
Average throughput (ops/sec) = 65
Average response time (msec) = 30.172975166666667
Average queue length = 26
Average wait time in queue (msec) = 16.232111
Average service time (msec) = 9.852408833333334
Number of SET = 65
Number of GET = 0
Number of MULTI GET = 0


Worker 9
Average throughput (ops/sec) = 63
Average response time (msec) = 30.633622833333334
Average queue length = 27
Average wait time in queue (msec) = 15.425555166666665
Average service time (msec) = 11.745553
Number of SET = 63
Number of GET = 0
Number of MULTI GET = 0


Worker 27
Average throughput (ops/sec) = 68
Average response time (msec) = 30.7535605
Average queue length = 24
Average wait time in queue (msec) = 15.1569345
Average service time (msec) = 11.484034666666666
Number of SET = 68
Number of GET = 0
Number of MULTI GET = 0


Worker 8
Average throughput (ops/sec) = 64
Average response time (msec) = 31.027322833333333
Average queue length = 26
Average wait time in queue (msec) = 15.327459666666666
Average service time (msec) = 11.941008166666666
Number of SET = 64
Number of GET = 0
Number of MULTI GET = 0


Worker 20
Average throughput (ops/sec) = 64
Average response time (msec) = 31.752304666666667
Average queue length = 30
Average wait time in queue (msec) = 15.327148666666666
Average service time (msec) = 12.319007166666665
Number of SET = 64
Number of GET = 0
Number of MULTI GET = 0


Worker 3
Average throughput (ops/sec) = 65
Average response time (msec) = 30.792449333333334
Average queue length = 27
Average wait time in queue (msec) = 15.355527
Average service time (msec) = 11.562400333333335
Number of SET = 65
Number of GET = 0
Number of MULTI GET = 0


Worker 2
Average throughput (ops/sec) = 60
Average response time (msec) = 32.031396
Average queue length = 33
Average wait time in queue (msec) = 15.471285666666667
Average service time (msec) = 11.316657666666666
Number of SET = 60
Number of GET = 0
Number of MULTI GET = 0


Worker 21
Average throughput (ops/sec) = 65
Average response time (msec) = 30.26127016666667
Average queue length = 30
Average wait time in queue (msec) = 15.126883833333334
Average service time (msec) = 11.112524333333335
Number of SET = 65
Number of GET = 0
Number of MULTI GET = 0


Worker 22
Average throughput (ops/sec) = 63
Average response time (msec) = 30.610261666666666
Average queue length = 32
Average wait time in queue (msec) = 15.493755333333334
Average service time (msec) = 10.959144666666665
Number of SET = 63
Number of GET = 0
Number of MULTI GET = 0


Worker 5
Average throughput (ops/sec) = 66
Average response time (msec) = 30.250856666666667
Average queue length = 27
Average wait time in queue (msec) = 14.9658415
Average service time (msec) = 11.474497666666666
Number of SET = 66
Number of GET = 0
Number of MULTI GET = 0


Worker 23
Average throughput (ops/sec) = 66
Average response time (msec) = 32.15806333333333
Average queue length = 28
Average wait time in queue (msec) = 15.381691666666667
Average service time (msec) = 11.981967
Number of SET = 66
Number of GET = 0
Number of MULTI GET = 0


Worker 4
Average throughput (ops/sec) = 63
Average response time (msec) = 30.594108666666667
Average queue length = 24
Average wait time in queue (msec) = 15.260341666666665
Average service time (msec) = 11.263255333333333
Number of SET = 63
Number of GET = 0
Number of MULTI GET = 0


Worker 28
Average throughput (ops/sec) = 63
Average response time (msec) = 32.103183333333334
Average queue length = 24
Average wait time in queue (msec) = 15.723871333333333
Average service time (msec) = 12.499322
Number of SET = 63
Number of GET = 0
Number of MULTI GET = 0


Worker 29
Average throughput (ops/sec) = 61
Average response time (msec) = 32.2054185
Average queue length = 26
Average wait time in queue (msec) = 15.605508333333335
Average service time (msec) = 12.451641
Number of SET = 61
Number of GET = 0
Number of MULTI GET = 0


Worker 1
Average throughput (ops/sec) = 64
Average response time (msec) = 31.766801166666667
Average queue length = 24
Average wait time in queue (msec) = 15.5852165
Average service time (msec) = 12.333087333333333
Number of SET = 64
Number of GET = 0
Number of MULTI GET = 0


Worker 30
Average throughput (ops/sec) = 62
Average response time (msec) = 30.8395425
Average queue length = 26
Average wait time in queue (msec) = 15.290204666666666
Average service time (msec) = 11.863058333333335
Number of SET = 62
Number of GET = 0
Number of MULTI GET = 0


Worker 13
Average throughput (ops/sec) = 62
Average response time (msec) = 31.60083966666667
Average queue length = 32
Average wait time in queue (msec) = 15.907246166666667
Average service time (msec) = 11.917850333333334
Number of SET = 62
Number of GET = 0
Number of MULTI GET = 0


Worker 14
Average throughput (ops/sec) = 61
Average response time (msec) = 33.46755566666667
Average queue length = 31
Average wait time in queue (msec) = 15.7607275
Average service time (msec) = 11.851211166666666
Number of SET = 61
Number of GET = 0
Number of MULTI GET = 0


Worker 15
Average throughput (ops/sec) = 61
Average response time (msec) = 33.216416
Average queue length = 27
Average wait time in queue (msec) = 15.112745833333333
Average service time (msec) = 12.840783333333334
Number of SET = 61
Number of GET = 0
Number of MULTI GET = 0


Worker 16
Average throughput (ops/sec) = 64
Average response time (msec) = 29.277294
Average queue length = 27
Average wait time in queue (msec) = 14.951699833333334
Average service time (msec) = 10.6976655
Number of SET = 64
Number of GET = 0
Number of MULTI GET = 0


Worker 31
Average throughput (ops/sec) = 64
Average response time (msec) = 30.94032383333333
Average queue length = 30
Average wait time in queue (msec) = 15.308892
Average service time (msec) = 11.749854
Number of SET = 64
Number of GET = 0
Number of MULTI GET = 0


Worker 32
Average throughput (ops/sec) = 63
Average response time (msec) = 30.436347833333333
Average queue length = 28
Average wait time in queue (msec) = 15.2778495
Average service time (msec) = 11.989394666666666
Number of SET = 63
Number of GET = 0
Number of MULTI GET = 0


Worker 10
Average throughput (ops/sec) = 57
Average response time (msec) = 31.74063716666667
Average queue length = 31
Average wait time in queue (msec) = 14.685716666666666
Average service time (msec) = 12.166019833333333
Number of SET = 57
Number of GET = 0
Number of MULTI GET = 0


Worker 11
Average throughput (ops/sec) = 60
Average response time (msec) = 33.714564333333335
Average queue length = 32
Average wait time in queue (msec) = 15.371074
Average service time (msec) = 14.033353
Number of SET = 60
Number of GET = 0
Number of MULTI GET = 0


Worker 12
Average throughput (ops/sec) = 64
Average response time (msec) = 30.12276016666667
Average queue length = 30
Average wait time in queue (msec) = 15.118940833333333
Average service time (msec) = 10.964863666666666
Number of SET = 64
Number of GET = 0
Number of MULTI GET = 0


Worker 17
Average throughput (ops/sec) = 60
Average response time (msec) = 31.318790333333332
Average queue length = 31
Average wait time in queue (msec) = 15.330391166666667
Average service time (msec) = 11.960869833333334
Number of SET = 60
Number of GET = 0
Number of MULTI GET = 0


Worker 18
Average throughput (ops/sec) = 59
Average response time (msec) = 32.0724175
Average queue length = 28
Average wait time in queue (msec) = 15.429174833333335
Average service time (msec) = 12.579822833333335
Number of SET = 59
Number of GET = 0
Number of MULTI GET = 0


Worker 19
Average throughput (ops/sec) = 66
Average response time (msec) = 29.905893666666667
Average queue length = 30
Average wait time in queue (msec) = 15.125262833333334
Average service time (msec) = 10.944326333333334
Number of SET = 66
Number of GET = 0
Number of MULTI GET = 0


FINAL STATS
Average throughput (ops/sec) = 2012
Average response time (msec) = 28.223813999835297
Average queue length = 28
Average wait time in queue (msec) = 15.4214824375
Average service time (msec) = 11.828092640625
Number of SET = 62
Number of GET = 0
Number of MULTI GET = 0
Number of Cache misses = 0


Histogram response times (0.1 msec step)
0.0 msec : 3
0.1 msec : 6
0.2 msec : 7
0.3 msec : 8
0.4 msec : 7
0.5 msec : 7
0.6 msec : 18
0.7 msec : 6
0.8 msec : 9
0.9 msec : 9
1.0 msec : 11
1.1 msec : 7
1.2 msec : 12
1.3 msec : 11
1.4 msec : 14
1.5 msec : 11
1.6 msec : 7
1.7 msec : 9
1.8 msec : 11
1.9 msec : 19
2.0 msec : 8
2.1 msec : 17
2.2 msec : 8
2.3 msec : 6
2.4 msec : 5
2.5 msec : 7
2.6 msec : 8
2.7 msec : 9
2.8 msec : 10
2.9 msec : 6
3.0 msec : 6
3.1 msec : 9
3.2 msec : 7
3.3 msec : 6
3.4 msec : 4
3.5 msec : 3
3.6 msec : 5
3.7 msec : 4
3.8 msec : 7
3.9 msec : 1
4.0 msec : 5
4.1 msec : 5
4.2 msec : 3
4.3 msec : 4
4.4 msec : 6
4.5 msec : 2
4.6 msec : 3
4.7 msec : 1
4.8 msec : 2
4.9 msec : 1
5.0 msec : 1
5.1 msec : 1
5.2 msec : 2
5.3 msec : 3
5.4 msec : 3
5.5 msec : 2
5.6 msec : 2
5.7 msec : 5
5.8 msec : 2
5.9 msec : 6
6.0 msec : 1
6.1 msec : 4
6.2 msec : 7
6.3 msec : 6
6.4 msec : 10
6.5 msec : 6
6.6 msec : 5
6.7 msec : 13
6.8 msec : 10
6.9 msec : 12
7.0 msec : 11
7.1 msec : 11
7.2 msec : 9
7.3 msec : 15
7.4 msec : 13
7.5 msec : 8
7.6 msec : 7
7.7 msec : 9
7.8 msec : 11
7.9 msec : 10
8.0 msec : 7
8.1 msec : 16
8.2 msec : 14
8.3 msec : 11
8.4 msec : 11
8.5 msec : 13
8.6 msec : 9
8.7 msec : 13
8.8 msec : 16
8.9 msec : 17
9.0 msec : 10
9.1 msec : 11
9.2 msec : 19
9.3 msec : 18
9.4 msec : 13
9.5 msec : 14
9.6 msec : 15
9.7 msec : 16
9.8 msec : 13
9.9 msec : 18
10.0 msec : 20
10.1 msec : 21
10.2 msec : 18
10.3 msec : 16
10.4 msec : 26
10.5 msec : 24
10.6 msec : 17
10.7 msec : 15
10.8 msec : 25
10.9 msec : 18
11.0 msec : 14
11.1 msec : 26
11.2 msec : 21
11.3 msec : 29
11.4 msec : 26
11.5 msec : 27
11.6 msec : 26
11.7 msec : 23
11.8 msec : 25
11.9 msec : 28
12.0 msec : 25
12.1 msec : 26
12.2 msec : 43
12.3 msec : 27
12.4 msec : 38
12.5 msec : 27
12.6 msec : 42
12.7 msec : 41
12.8 msec : 41
12.9 msec : 25
13.0 msec : 44
13.1 msec : 30
13.2 msec : 44
13.3 msec : 36
13.4 msec : 39
13.5 msec : 56
13.6 msec : 43
13.7 msec : 39
13.8 msec : 41
13.9 msec : 49
14.0 msec : 39
14.1 msec : 59
14.2 msec : 48
14.3 msec : 35
14.4 msec : 31
14.5 msec : 51
14.6 msec : 50
14.7 msec : 38
14.8 msec : 49
14.9 msec : 52
15.0 msec : 51
15.1 msec : 48
15.2 msec : 51
15.3 msec : 46
15.4 msec : 34
15.5 msec : 50
15.6 msec : 47
15.7 msec : 39
15.8 msec : 42
15.9 msec : 54
16.0 msec : 25
16.1 msec : 44
16.2 msec : 29
16.3 msec : 45
16.4 msec : 41
16.5 msec : 47
16.6 msec : 45
16.7 msec : 49
16.8 msec : 40
16.9 msec : 55
17.0 msec : 53
17.1 msec : 39
17.2 msec : 40
17.3 msec : 45
17.4 msec : 44
17.5 msec : 51
17.6 msec : 47
17.7 msec : 48
17.8 msec : 52
17.9 msec : 44
18.0 msec : 50
18.1 msec : 46
18.2 msec : 52
18.3 msec : 45
18.4 msec : 48
18.5 msec : 49
18.6 msec : 47
18.7 msec : 56
18.8 msec : 41
18.9 msec : 53
19.0 msec : 44
19.1 msec : 40
19.2 msec : 44
19.3 msec : 43
19.4 msec : 42
19.5 msec : 44
19.6 msec : 46
19.7 msec : 55
19.8 msec : 44
19.9 msec : 43
20.0 msec : 45
20.1 msec : 54
20.2 msec : 53
20.3 msec : 53
20.4 msec : 46
20.5 msec : 57
20.6 msec : 47
20.7 msec : 51
20.8 msec : 62
20.9 msec : 52
21.0 msec : 36
21.1 msec : 52
21.2 msec : 55
21.3 msec : 43
21.4 msec : 44
21.5 msec : 43
21.6 msec : 36
21.7 msec : 51
21.8 msec : 33
21.9 msec : 47
22.0 msec : 51
22.1 msec : 44
22.2 msec : 52
22.3 msec : 41
22.4 msec : 34
22.5 msec : 50
22.6 msec : 44
22.7 msec : 63
22.8 msec : 54
22.9 msec : 46
23.0 msec : 25
23.1 msec : 44
23.2 msec : 42
23.3 msec : 46
23.4 msec : 36
23.5 msec : 42
23.6 msec : 54
23.7 msec : 44
23.8 msec : 45
23.9 msec : 55
24.0 msec : 29
24.1 msec : 45
24.2 msec : 51
24.3 msec : 33
24.4 msec : 40
24.5 msec : 63
24.6 msec : 44
24.7 msec : 49
24.8 msec : 47
24.9 msec : 33
25.0 msec : 44
25.1 msec : 47
25.2 msec : 34
25.3 msec : 29
25.4 msec : 32
25.5 msec : 42
25.6 msec : 47
25.7 msec : 39
25.8 msec : 32
25.9 msec : 35
26.0 msec : 32
26.1 msec : 32
26.2 msec : 48
26.3 msec : 23
26.4 msec : 44
26.5 msec : 34
26.6 msec : 38
26.7 msec : 26
26.8 msec : 37
26.9 msec : 30
27.0 msec : 32
27.1 msec : 29
27.2 msec : 27
27.3 msec : 28
27.4 msec : 33
27.5 msec : 20
27.6 msec : 34
27.7 msec : 30
27.8 msec : 38
27.9 msec : 29
28.0 msec : 26
28.1 msec : 31
28.2 msec : 25
28.3 msec : 31
28.4 msec : 28
28.5 msec : 29
28.6 msec : 20
28.7 msec : 24
28.8 msec : 27
28.9 msec : 25
29.0 msec : 23
29.1 msec : 16
29.2 msec : 21
29.3 msec : 30
29.4 msec : 20
29.5 msec : 26
29.6 msec : 27
29.7 msec : 31
29.8 msec : 30
29.9 msec : 23
30.0 msec : 25
30.1 msec : 26
30.2 msec : 24
30.3 msec : 19
30.4 msec : 32
30.5 msec : 23
30.6 msec : 24
30.7 msec : 20
30.8 msec : 25
30.9 msec : 18
31.0 msec : 27
31.1 msec : 19
31.2 msec : 19
31.3 msec : 23
31.4 msec : 24
31.5 msec : 24
31.6 msec : 28
31.7 msec : 25
31.8 msec : 20
31.9 msec : 28
32.0 msec : 18
32.1 msec : 22
32.2 msec : 19
32.3 msec : 24
32.4 msec : 18
32.5 msec : 22
32.6 msec : 18
32.7 msec : 15
32.8 msec : 25
32.9 msec : 19
33.0 msec : 18
33.1 msec : 15
33.2 msec : 21
33.3 msec : 21
33.4 msec : 19
33.5 msec : 13
33.6 msec : 20
33.7 msec : 19
33.8 msec : 22
33.9 msec : 12
34.0 msec : 20
34.1 msec : 17
34.2 msec : 20
34.3 msec : 17
34.4 msec : 21
34.5 msec : 20
34.6 msec : 21
34.7 msec : 14
34.8 msec : 20
34.9 msec : 24
35.0 msec : 11
35.1 msec : 21
35.2 msec : 18
35.3 msec : 12
35.4 msec : 16
35.5 msec : 22
35.6 msec : 17
35.7 msec : 16
35.8 msec : 18
35.9 msec : 14
36.0 msec : 13
36.1 msec : 14
36.2 msec : 20
36.3 msec : 10
36.4 msec : 18
36.5 msec : 10
36.6 msec : 15
36.7 msec : 23
36.8 msec : 10
36.9 msec : 11
37.0 msec : 10
37.1 msec : 8
37.2 msec : 8
37.3 msec : 16
37.4 msec : 9
37.5 msec : 13
37.6 msec : 12
37.7 msec : 10
37.8 msec : 11
37.9 msec : 14
38.0 msec : 4
38.1 msec : 13
38.2 msec : 19
38.3 msec : 13
38.4 msec : 14
38.5 msec : 13
38.6 msec : 13
38.7 msec : 12
38.8 msec : 17
38.9 msec : 12
39.0 msec : 12
39.1 msec : 5
39.2 msec : 12
39.3 msec : 15
39.4 msec : 13
39.5 msec : 13
39.6 msec : 15
39.7 msec : 10
39.8 msec : 16
39.9 msec : 9
40.0 msec : 8
40.1 msec : 12
40.2 msec : 9
40.3 msec : 7
40.4 msec : 6
40.5 msec : 7
40.6 msec : 13
40.7 msec : 11
40.8 msec : 9
40.9 msec : 7
41.0 msec : 11
41.1 msec : 16
41.2 msec : 12
41.3 msec : 14
41.4 msec : 11
41.5 msec : 9
41.6 msec : 8
41.7 msec : 14
41.8 msec : 9
41.9 msec : 7
42.0 msec : 8
42.1 msec : 7
42.2 msec : 11
42.3 msec : 10
42.4 msec : 4
42.5 msec : 4
42.6 msec : 6
42.7 msec : 11
42.8 msec : 9
42.9 msec : 11
43.0 msec : 9
43.1 msec : 4
43.2 msec : 7
43.3 msec : 14
43.4 msec : 3
43.5 msec : 5
43.6 msec : 5
43.7 msec : 12
43.8 msec : 15
43.9 msec : 11
44.0 msec : 6
44.1 msec : 8
44.2 msec : 9
44.3 msec : 4
44.4 msec : 7
44.5 msec : 4
44.6 msec : 4
44.7 msec : 9
44.8 msec : 7
44.9 msec : 7
45.0 msec : 6
45.1 msec : 5
45.2 msec : 9
45.3 msec : 10
45.4 msec : 5
45.5 msec : 9
45.6 msec : 10
45.7 msec : 6
45.8 msec : 8
45.9 msec : 10
46.0 msec : 9
46.1 msec : 7
46.2 msec : 10
46.3 msec : 6
46.4 msec : 8
46.5 msec : 3
46.6 msec : 5
46.7 msec : 3
46.8 msec : 8
46.9 msec : 11
47.0 msec : 6
47.1 msec : 6
47.2 msec : 4
47.3 msec : 6
47.4 msec : 5
47.5 msec : 7
47.6 msec : 5
47.7 msec : 6
47.8 msec : 3
47.9 msec : 9
48.0 msec : 10
48.1 msec : 4
48.2 msec : 3
48.3 msec : 5
48.4 msec : 6
48.5 msec : 6
48.6 msec : 2
48.7 msec : 5
48.8 msec : 7
48.9 msec : 5
49.0 msec : 7
49.1 msec : 2
49.2 msec : 5
49.3 msec : 2
49.4 msec : 7
49.5 msec : 13
49.6 msec : 3
49.7 msec : 6
49.8 msec : 2
49.9 msec : 6
50.0 msec : 3
50.1 msec : 8
50.2 msec : 6
50.3 msec : 3
50.4 msec : 6
50.5 msec : 6
50.6 msec : 11
50.7 msec : 5
50.8 msec : 5
50.9 msec : 6
51.0 msec : 6
51.1 msec : 6
51.2 msec : 4
51.3 msec : 8
51.4 msec : 10
51.5 msec : 5
51.6 msec : 8
51.7 msec : 9
51.8 msec : 6
51.9 msec : 4
52.0 msec : 2
52.1 msec : 3
52.2 msec : 5
52.3 msec : 7
52.4 msec : 11
52.5 msec : 4
52.6 msec : 5
52.7 msec : 4
52.8 msec : 6
52.9 msec : 2
53.0 msec : 7
53.1 msec : 5
53.2 msec : 5
53.3 msec : 5
53.4 msec : 5
53.5 msec : 3
53.6 msec : 4
53.7 msec : 7
53.8 msec : 3
53.9 msec : 2
54.0 msec : 6
54.1 msec : 4
54.2 msec : 7
54.3 msec : 2
54.4 msec : 8
54.5 msec : 3
54.6 msec : 6
54.7 msec : 2
54.8 msec : 4
54.9 msec : 5
55.0 msec : 4
55.1 msec : 4
55.2 msec : 2
55.3 msec : 7
55.4 msec : 5
55.5 msec : 5
55.6 msec : 2
55.7 msec : 4
55.8 msec : 5
55.9 msec : 2
56.0 msec : 6
56.1 msec : 3
56.2 msec : 4
56.3 msec : 6
56.4 msec : 2
56.5 msec : 0
56.6 msec : 2
56.7 msec : 5
56.8 msec : 6
56.9 msec : 5
57.0 msec : 3
57.1 msec : 1
57.2 msec : 2
57.3 msec : 9
57.4 msec : 2
57.5 msec : 2
57.6 msec : 5
57.7 msec : 4
57.8 msec : 4
57.9 msec : 6
58.0 msec : 4
58.1 msec : 4
58.2 msec : 4
58.3 msec : 5
58.4 msec : 6
58.5 msec : 4
58.6 msec : 0
58.7 msec : 1
58.8 msec : 5
58.9 msec : 2
59.0 msec : 4
59.1 msec : 4
59.2 msec : 4
59.3 msec : 4
59.4 msec : 4
59.5 msec : 5
59.6 msec : 4
59.7 msec : 7
59.8 msec : 2
59.9 msec : 3
60.0 msec : 6
60.1 msec : 3
60.2 msec : 3
60.3 msec : 3
60.4 msec : 0
60.5 msec : 1
60.6 msec : 1
60.7 msec : 2
60.8 msec : 0
60.9 msec : 3
61.0 msec : 7
61.1 msec : 5
61.2 msec : 2
61.3 msec : 4
61.4 msec : 8
61.5 msec : 2
61.6 msec : 3
61.7 msec : 3
61.8 msec : 4
61.9 msec : 2
62.0 msec : 4
62.1 msec : 3
62.2 msec : 1
62.3 msec : 4
62.4 msec : 7
62.5 msec : 2
62.6 msec : 3
62.7 msec : 3
62.8 msec : 1
62.9 msec : 3
63.0 msec : 0
63.1 msec : 3
63.2 msec : 3
63.3 msec : 1
63.4 msec : 2
63.5 msec : 4
63.6 msec : 2
63.7 msec : 3
63.8 msec : 2
63.9 msec : 5
64.0 msec : 4
64.1 msec : 5
64.2 msec : 2
64.3 msec : 1
64.4 msec : 5
64.5 msec : 1
64.6 msec : 3
64.7 msec : 2
64.8 msec : 2
64.9 msec : 3
65.0 msec : 4
65.1 msec : 3
65.2 msec : 5
65.3 msec : 2
65.4 msec : 0
65.5 msec : 1
65.6 msec : 3
65.7 msec : 1
65.8 msec : 4
65.9 msec : 1
66.0 msec : 1
66.1 msec : 0
66.2 msec : 4
66.3 msec : 1
66.4 msec : 0
66.5 msec : 2
66.6 msec : 2
66.7 msec : 4
66.8 msec : 0
66.9 msec : 2
67.0 msec : 2
67.1 msec : 4
67.2 msec : 4
67.3 msec : 3
67.4 msec : 1
67.5 msec : 1
67.6 msec : 5
67.7 msec : 1
67.8 msec : 1
67.9 msec : 4
68.0 msec : 2
68.1 msec : 1
68.2 msec : 2
68.3 msec : 2
68.4 msec : 2
68.5 msec : 3
68.6 msec : 0
68.7 msec : 3
68.8 msec : 2
68.9 msec : 1
69.0 msec : 2
69.1 msec : 3
69.2 msec : 4
69.3 msec : 2
69.4 msec : 2
69.5 msec : 0
69.6 msec : 2
69.7 msec : 3
69.8 msec : 5
69.9 msec : 4
70.0 msec : 5
70.1 msec : 1
70.2 msec : 2
70.3 msec : 4
70.4 msec : 2
70.5 msec : 2
70.6 msec : 0
70.7 msec : 3
70.8 msec : 4
70.9 msec : 3
71.0 msec : 3
71.1 msec : 6
71.2 msec : 2
71.3 msec : 2
71.4 msec : 2
71.5 msec : 1
71.6 msec : 2
71.7 msec : 5
71.8 msec : 0
71.9 msec : 1
72.0 msec : 3
72.1 msec : 2
72.2 msec : 3
72.3 msec : 1
72.4 msec : 3
72.5 msec : 1
72.6 msec : 3
72.7 msec : 3
72.8 msec : 0
72.9 msec : 3
73.0 msec : 1
73.1 msec : 4
73.2 msec : 2
73.3 msec : 0
73.4 msec : 3
73.5 msec : 1
73.6 msec : 2
73.7 msec : 1
73.8 msec : 1
73.9 msec : 0
74.0 msec : 3
74.1 msec : 0
74.2 msec : 3
74.3 msec : 1
74.4 msec : 2
74.5 msec : 1
74.6 msec : 2
74.7 msec : 1
74.8 msec : 2
74.9 msec : 2
75.0 msec : 3
75.1 msec : 0
75.2 msec : 1
75.3 msec : 0
75.4 msec : 0
75.5 msec : 1
75.6 msec : 1
75.7 msec : 3
75.8 msec : 1
75.9 msec : 0
76.0 msec : 0
76.1 msec : 1
76.2 msec : 2
76.3 msec : 4
76.4 msec : 4
76.5 msec : 4
76.6 msec : 3
76.7 msec : 2
76.8 msec : 4
76.9 msec : 2
77.0 msec : 1
77.1 msec : 2
77.2 msec : 1
77.3 msec : 3
77.4 msec : 5
77.5 msec : 2
77.6 msec : 2
77.7 msec : 2
77.8 msec : 1
77.9 msec : 4
78.0 msec : 0
78.1 msec : 2
78.2 msec : 2
78.3 msec : 1
78.4 msec : 2
78.5 msec : 0
78.6 msec : 4
78.7 msec : 2
78.8 msec : 1
78.9 msec : 1
79.0 msec : 3
79.1 msec : 2
79.2 msec : 3
79.3 msec : 2
79.4 msec : 1
79.5 msec : 0
79.6 msec : 4
79.7 msec : 3
79.8 msec : 2
79.9 msec : 1
80.0 msec : 3
80.1 msec : 1
80.2 msec : 0
80.3 msec : 2
80.4 msec : 1
80.5 msec : 0
80.6 msec : 0
80.7 msec : 0
80.8 msec : 0
80.9 msec : 1
81.0 msec : 1
81.1 msec : 0
81.2 msec : 0
81.3 msec : 2
81.4 msec : 0
81.5 msec : 1
81.6 msec : 1
81.7 msec : 0
81.8 msec : 1
81.9 msec : 0
82.0 msec : 0
82.1 msec : 0
82.2 msec : 0
82.3 msec : 1
82.4 msec : 0
82.5 msec : 1
82.6 msec : 1
82.7 msec : 2
82.8 msec : 0
82.9 msec : 0
83.0 msec : 1
83.1 msec : 0
83.2 msec : 5
83.3 msec : 1
83.4 msec : 1
83.5 msec : 0
83.6 msec : 1
83.7 msec : 1
83.8 msec : 0
83.9 msec : 0
84.0 msec : 1
84.1 msec : 2
84.2 msec : 0
84.3 msec : 1
84.4 msec : 2
84.5 msec : 1
84.6 msec : 2
84.7 msec : 1
84.8 msec : 0
84.9 msec : 0
85.0 msec : 0
85.1 msec : 0
85.2 msec : 1
85.3 msec : 1
85.4 msec : 0
85.5 msec : 0
85.6 msec : 1
85.7 msec : 1
85.8 msec : 1
85.9 msec : 1
86.0 msec : 1
86.1 msec : 0
86.2 msec : 1
86.3 msec : 4
86.4 msec : 1
86.5 msec : 3
86.6 msec : 0
86.7 msec : 0
86.8 msec : 0
86.9 msec : 0
87.0 msec : 0
87.1 msec : 1
87.2 msec : 0
87.3 msec : 0
87.4 msec : 0
87.5 msec : 0
87.6 msec : 3
87.7 msec : 2
87.8 msec : 0
87.9 msec : 0
88.0 msec : 0
88.1 msec : 0
88.2 msec : 1
88.3 msec : 1
88.4 msec : 0
88.5 msec : 2
88.6 msec : 0
88.7 msec : 0
88.8 msec : 0
88.9 msec : 1
89.0 msec : 0
89.1 msec : 2
89.2 msec : 0
89.3 msec : 1
89.4 msec : 0
89.5 msec : 0
89.6 msec : 0
89.7 msec : 0
89.8 msec : 2
89.9 msec : 0
90.0 msec : 0
90.1 msec : 0
90.2 msec : 0
90.3 msec : 0
90.4 msec : 2
90.5 msec : 0
90.6 msec : 0
90.7 msec : 0
90.8 msec : 1
90.9 msec : 1
91.0 msec : 0
91.1 msec : 0
91.2 msec : 0
91.3 msec : 0
91.4 msec : 1
91.5 msec : 0
91.6 msec : 0
91.7 msec : 2
91.8 msec : 1
91.9 msec : 0
92.0 msec : 1
92.1 msec : 1
92.2 msec : 1
92.3 msec : 0
92.4 msec : 0
92.5 msec : 1
92.6 msec : 1
92.7 msec : 0
92.8 msec : 0
92.9 msec : 1
93.0 msec : 1
93.1 msec : 1
93.2 msec : 0
93.3 msec : 0
93.4 msec : 0
93.5 msec : 0
93.6 msec : 0
93.7 msec : 0
93.8 msec : 0
93.9 msec : 1
94.0 msec : 0
94.1 msec : 2
94.2 msec : 1
94.3 msec : 1
94.4 msec : 0
94.5 msec : 0
94.6 msec : 0
94.7 msec : 1
94.8 msec : 0
94.9 msec : 1
95.0 msec : 0
95.1 msec : 0
95.2 msec : 0
95.3 msec : 1
95.4 msec : 0
95.5 msec : 2
95.6 msec : 0
95.7 msec : 0
95.8 msec : 0
95.9 msec : 1
96.0 msec : 2
96.1 msec : 0
96.2 msec : 0
96.3 msec : 0
96.4 msec : 1
96.5 msec : 0
96.6 msec : 0
96.7 msec : 0
96.8 msec : 1
96.9 msec : 0
97.0 msec : 1
97.1 msec : 1
97.2 msec : 0
97.3 msec : 0
97.4 msec : 0
97.5 msec : 1
97.6 msec : 0
97.7 msec : 1
97.8 msec : 0
97.9 msec : 0
98.0 msec : 0
98.1 msec : 1
98.2 msec : 0
98.3 msec : 0
98.4 msec : 0
98.5 msec : 2
98.6 msec : 0
98.7 msec : 0
98.8 msec : 0
98.9 msec : 1
99.0 msec : 0
99.1 msec : 0
99.2 msec : 0
99.3 msec : 0
99.4 msec : 0
99.5 msec : 0
99.6 msec : 0
99.7 msec : 0
99.8 msec : 0
99.9 msec : 0
100.0 msec : 1
100.1 msec : 1
100.2 msec : 0
100.3 msec : 0
100.4 msec : 0
100.5 msec : 0
100.6 msec : 0
100.7 msec : 0
100.8 msec : 0
100.9 msec : 0
101.0 msec : 0
101.1 msec : 1
101.2 msec : 0
101.3 msec : 0
101.4 msec : 0
101.5 msec : 1
101.6 msec : 0
101.7 msec : 0
101.8 msec : 0
101.9 msec : 0
102.0 msec : 0
102.1 msec : 0
102.2 msec : 1
102.3 msec : 0
102.4 msec : 0
102.5 msec : 0
102.6 msec : 0
102.7 msec : 1
102.8 msec : 0
102.9 msec : 0
103.0 msec : 0
103.1 msec : 1
103.2 msec : 1
103.3 msec : 0
103.4 msec : 1
103.5 msec : 0
103.6 msec : 0
103.7 msec : 0
103.8 msec : 0
103.9 msec : 0
104.0 msec : 1
104.1 msec : 0
104.2 msec : 0
104.3 msec : 1
104.4 msec : 0
104.5 msec : 0
104.6 msec : 0
104.7 msec : 0
104.8 msec : 0
104.9 msec : 1
105.0 msec : 0
105.1 msec : 0
105.2 msec : 0
105.3 msec : 0
105.4 msec : 1
105.5 msec : 0
105.6 msec : 0
105.7 msec : 0
105.8 msec : 1
105.9 msec : 0
106.0 msec : 0
106.1 msec : 0
106.2 msec : 0
106.3 msec : 0
106.4 msec : 2
106.5 msec : 0
106.6 msec : 1
106.7 msec : 0
106.8 msec : 0
106.9 msec : 0
107.0 msec : 0
107.1 msec : 0
107.2 msec : 0
107.3 msec : 0
107.4 msec : 0
107.5 msec : 0
107.6 msec : 0
107.7 msec : 0
107.8 msec : 0
107.9 msec : 1
108.0 msec : 0
108.1 msec : 0
108.2 msec : 0
108.3 msec : 0
108.4 msec : 0
108.5 msec : 0
108.6 msec : 0
108.7 msec : 0
108.8 msec : 0
108.9 msec : 0
109.0 msec : 0
109.1 msec : 0
109.2 msec : 0
109.3 msec : 0
109.4 msec : 0
109.5 msec : 0
109.6 msec : 0
109.7 msec : 1
109.8 msec : 0
109.9 msec : 0
110.0 msec : 1
110.1 msec : 0
110.2 msec : 0
110.3 msec : 0
110.4 msec : 0
110.5 msec : 1
110.6 msec : 0
110.7 msec : 0
110.8 msec : 2
110.9 msec : 0
111.0 msec : 0
111.1 msec : 0
111.2 msec : 0
111.3 msec : 0
111.4 msec : 0
111.5 msec : 0
111.6 msec : 0
111.7 msec : 0
111.8 msec : 0
111.9 msec : 0
112.0 msec : 0
112.1 msec : 0
112.2 msec : 1
112.3 msec : 0
112.4 msec : 0
112.5 msec : 0
112.6 msec : 0
112.7 msec : 0
112.8 msec : 0
112.9 msec : 0
113.0 msec : 0
113.1 msec : 0
113.2 msec : 0
113.3 msec : 1
113.4 msec : 0
113.5 msec : 0
113.6 msec : 0
113.7 msec : 0
113.8 msec : 0
113.9 msec : 0
114.0 msec : 0
114.1 msec : 0
114.2 msec : 0
114.3 msec : 0
114.4 msec : 0
114.5 msec : 0
114.6 msec : 0
114.7 msec : 0
114.8 msec : 0
114.9 msec : 0
115.0 msec : 1
115.1 msec : 0
115.2 msec : 0
115.3 msec : 1
115.4 msec : 0
115.5 msec : 0
115.6 msec : 0
115.7 msec : 0
115.8 msec : 0
115.9 msec : 0
116.0 msec : 0
116.1 msec : 0
116.2 msec : 0
116.3 msec : 0
116.4 msec : 0
116.5 msec : 0
116.6 msec : 1
116.7 msec : 0
116.8 msec : 0
116.9 msec : 0
117.0 msec : 0
117.1 msec : 0
117.2 msec : 0
117.3 msec : 0
117.4 msec : 0
117.5 msec : 1
117.6 msec : 0
117.7 msec : 0
117.8 msec : 0
117.9 msec : 0
118.0 msec : 0
118.1 msec : 0
118.2 msec : 1
118.3 msec : 0
118.4 msec : 0
118.5 msec : 1
118.6 msec : 0
118.7 msec : 0
118.8 msec : 1
118.9 msec : 0
119.0 msec : 0
119.1 msec : 0
119.2 msec : 0
119.3 msec : 0
119.4 msec : 0
119.5 msec : 0
119.6 msec : 0
119.7 msec : 0
119.8 msec : 0
119.9 msec : 0
120.0 msec : 0
120.1 msec : 0
120.2 msec : 0
120.3 msec : 0
120.4 msec : 0
120.5 msec : 0
120.6 msec : 0
120.7 msec : 0
120.8 msec : 0
120.9 msec : 0
121.0 msec : 0
121.1 msec : 0
121.2 msec : 0
121.3 msec : 0
121.4 msec : 0
121.5 msec : 0
121.6 msec : 0
121.7 msec : 0
121.8 msec : 0
121.9 msec : 0
122.0 msec : 0
122.1 msec : 0
122.2 msec : 0
122.3 msec : 0
122.4 msec : 0
122.5 msec : 0
122.6 msec : 0
122.7 msec : 0
122.8 msec : 0
122.9 msec : 0
123.0 msec : 0
123.1 msec : 0
123.2 msec : 0
123.3 msec : 0
123.4 msec : 0
123.5 msec : 0
123.6 msec : 0
123.7 msec : 0
123.8 msec : 0
123.9 msec : 0
124.0 msec : 0
124.1 msec : 0
124.2 msec : 0
124.3 msec : 0
124.4 msec : 0
124.5 msec : 0
124.6 msec : 0
124.7 msec : 0
124.8 msec : 0
124.9 msec : 0
125.0 msec : 0
125.1 msec : 0
125.2 msec : 0
125.3 msec : 0
125.4 msec : 0
125.5 msec : 0
125.6 msec : 0
125.7 msec : 0
125.8 msec : 0
125.9 msec : 0
126.0 msec : 0
126.1 msec : 0
126.2 msec : 0
126.3 msec : 0
126.4 msec : 0
126.5 msec : 0
126.6 msec : 0
126.7 msec : 0
126.8 msec : 0
126.9 msec : 0
127.0 msec : 0
127.1 msec : 0
127.2 msec : 0
127.3 msec : 0
127.4 msec : 0
127.5 msec : 0
127.6 msec : 0
127.7 msec : 0
127.8 msec : 0
127.9 msec : 0
128.0 msec : 0
128.1 msec : 1
128.2 msec : 0
128.3 msec : 0
128.4 msec : 0
128.5 msec : 0
128.6 msec : 0
128.7 msec : 0
128.8 msec : 0
128.9 msec : 0
129.0 msec : 0
129.1 msec : 0
129.2 msec : 1
129.3 msec : 1
129.4 msec : 0
129.5 msec : 0
129.6 msec : 0
129.7 msec : 0
129.8 msec : 0
129.9 msec : 0
130.0 msec : 0
130.1 msec : 0
130.2 msec : 0
130.3 msec : 0
130.4 msec : 0
130.5 msec : 0
130.6 msec : 0
130.7 msec : 0
130.8 msec : 0
130.9 msec : 0
131.0 msec : 0
131.1 msec : 0
131.2 msec : 0
131.3 msec : 0
131.4 msec : 0
131.5 msec : 0
131.6 msec : 0
131.7 msec : 0
131.8 msec : 0
131.9 msec : 0
132.0 msec : 0
132.1 msec : 0
132.2 msec : 1
132.3 msec : 0
132.4 msec : 0
132.5 msec : 0
132.6 msec : 0
132.7 msec : 0
132.8 msec : 0
132.9 msec : 0
133.0 msec : 0
133.1 msec : 0
133.2 msec : 0
133.3 msec : 0
133.4 msec : 0
133.5 msec : 0
133.6 msec : 0
133.7 msec : 0
133.8 msec : 0
133.9 msec : 0
134.0 msec : 0
134.1 msec : 0
134.2 msec : 0
134.3 msec : 0
134.4 msec : 0
134.5 msec : 0
134.6 msec : 0
134.7 msec : 0
134.8 msec : 0
134.9 msec : 0
135.0 msec : 0
135.1 msec : 0
135.2 msec : 0
135.3 msec : 0
135.4 msec : 0
135.5 msec : 0
135.6 msec : 0
135.7 msec : 0
135.8 msec : 0
135.9 msec : 0
136.0 msec : 0
136.1 msec : 0
136.2 msec : 0
136.3 msec : 0
136.4 msec : 0
136.5 msec : 0
136.6 msec : 0
136.7 msec : 0
136.8 msec : 0
136.9 msec : 0
137.0 msec : 0
137.1 msec : 0
137.2 msec : 0
137.3 msec : 0
137.4 msec : 0
137.5 msec : 0
137.6 msec : 0
137.7 msec : 0
137.8 msec : 0
137.9 msec : 0
138.0 msec : 1
138.1 msec : 0
138.2 msec : 0
138.3 msec : 0
138.4 msec : 0
138.5 msec : 0
138.6 msec : 0
138.7 msec : 0
138.8 msec : 0
138.9 msec : 0
139.0 msec : 0
139.1 msec : 0
139.2 msec : 0
139.3 msec : 0
139.4 msec : 0
139.5 msec : 0
139.6 msec : 0
139.7 msec : 0
139.8 msec : 0
139.9 msec : 0
140.0 msec : 0
140.1 msec : 0
140.2 msec : 0
140.3 msec : 0
140.4 msec : 0
140.5 msec : 0
140.6 msec : 0
140.7 msec : 0
140.8 msec : 0
140.9 msec : 0
141.0 msec : 0
141.1 msec : 0
141.2 msec : 0
141.3 msec : 0
141.4 msec : 0
141.5 msec : 0
141.6 msec : 0
141.7 msec : 0
141.8 msec : 0
141.9 msec : 0
142.0 msec : 1
142.1 msec : 1
142.2 msec : 0
142.3 msec : 0
142.4 msec : 0
142.5 msec : 0
142.6 msec : 0
142.7 msec : 0
142.8 msec : 0
142.9 msec : 0
143.0 msec : 0
143.1 msec : 0
143.2 msec : 0
143.3 msec : 0
143.4 msec : 0
143.5 msec : 0
143.6 msec : 0
143.7 msec : 0
143.8 msec : 0
143.9 msec : 0
144.0 msec : 0
144.1 msec : 0
144.2 msec : 0
144.3 msec : 0
144.4 msec : 0
144.5 msec : 0
144.6 msec : 0
144.7 msec : 0
144.8 msec : 0
144.9 msec : 0
145.0 msec : 0
145.1 msec : 1
145.2 msec : 0
145.3 msec : 0
145.4 msec : 0
145.5 msec : 1
145.6 msec : 0
145.7 msec : 0
145.8 msec : 0
145.9 msec : 0
146.0 msec : 0
146.1 msec : 0
146.2 msec : 0
146.3 msec : 0
146.4 msec : 0
146.5 msec : 0
146.6 msec : 0
146.7 msec : 1
146.8 msec : 0
146.9 msec : 0
147.0 msec : 0
147.1 msec : 0
147.2 msec : 0
147.3 msec : 0
147.4 msec : 0
147.5 msec : 0
147.6 msec : 0
147.7 msec : 1
147.8 msec : 0
147.9 msec : 0
148.0 msec : 0
148.1 msec : 0
148.2 msec : 0
148.3 msec : 0
148.4 msec : 0
148.5 msec : 0
148.6 msec : 0
148.7 msec : 0
148.8 msec : 0
148.9 msec : 0
149.0 msec : 0
149.1 msec : 0
149.2 msec : 0
149.3 msec : 0
149.4 msec : 0
149.5 msec : 0
149.6 msec : 0
149.7 msec : 0
149.8 msec : 0
149.9 msec : 0
150.0 msec : 0
150.1 msec : 0
150.2 msec : 0
150.3 msec : 0
150.4 msec : 0
150.5 msec : 0
150.6 msec : 0
150.7 msec : 0
150.8 msec : 0
150.9 msec : 0
151.0 msec : 0
151.1 msec : 0
151.2 msec : 0
151.3 msec : 0
151.4 msec : 0
151.5 msec : 0
151.6 msec : 0
151.7 msec : 0
151.8 msec : 0
151.9 msec : 0
152.0 msec : 0
152.1 msec : 0
152.2 msec : 0
152.3 msec : 0
152.4 msec : 0
152.5 msec : 0
152.6 msec : 0
152.7 msec : 0
152.8 msec : 0
152.9 msec : 0
153.0 msec : 0
153.1 msec : 0
153.2 msec : 0
153.3 msec : 0
153.4 msec : 0
153.5 msec : 0
153.6 msec : 0
153.7 msec : 0
153.8 msec : 0
153.9 msec : 0
154.0 msec : 0
154.1 msec : 0
154.2 msec : 0
154.3 msec : 0
154.4 msec : 0
154.5 msec : 0
154.6 msec : 0
154.7 msec : 0
154.8 msec : 0
154.9 msec : 0
155.0 msec : 0
155.1 msec : 0
155.2 msec : 0
155.3 msec : 1
155.4 msec : 0
155.5 msec : 0
155.6 msec : 0
155.7 msec : 0
155.8 msec : 0
155.9 msec : 0
156.0 msec : 0
156.1 msec : 0
156.2 msec : 0
