Middleware started...
Middleware shuts down...
Smaller resolution statistics are in a log file...
Final aggregates per worker:


Worker 24
Average throughput (ops/sec) = 132
Average response time (msec) = 0.991706524590164
Average queue length = 0
Average wait time in queue (msec) = 0.16465045901639344
Average service time (msec) = 0.7472715901639344
Number of SET = 132
Number of GET = 0
Number of MULTI GET = 0


Worker 7
Average throughput (ops/sec) = 130
Average response time (msec) = 1.0257097704918032
Average queue length = 0
Average wait time in queue (msec) = 0.18210501639344262
Average service time (msec) = 0.7665437704918033
Number of SET = 130
Number of GET = 0
Number of MULTI GET = 0


Worker 25
Average throughput (ops/sec) = 131
Average response time (msec) = 1.0376272459016394
Average queue length = 0
Average wait time in queue (msec) = 0.1818759180327869
Average service time (msec) = 0.7713519344262295
Number of SET = 131
Number of GET = 0
Number of MULTI GET = 0


Worker 6
Average throughput (ops/sec) = 135
Average response time (msec) = 1.0089223770491804
Average queue length = 0
Average wait time in queue (msec) = 0.16336603278688525
Average service time (msec) = 0.765671262295082
Number of SET = 135
Number of GET = 0
Number of MULTI GET = 0


Worker 26
Average throughput (ops/sec) = 134
Average response time (msec) = 1.034861
Average queue length = 0
Average wait time in queue (msec) = 0.19333122950819673
Average service time (msec) = 0.7568484098360656
Number of SET = 134
Number of GET = 0
Number of MULTI GET = 0


Worker 9
Average throughput (ops/sec) = 132
Average response time (msec) = 1.0232116721311475
Average queue length = 0
Average wait time in queue (msec) = 0.1795908524590164
Average service time (msec) = 0.7556984262295082
Number of SET = 132
Number of GET = 0
Number of MULTI GET = 0


Worker 27
Average throughput (ops/sec) = 131
Average response time (msec) = 0.9900809836065574
Average queue length = 0
Average wait time in queue (msec) = 0.1712390163934426
Average service time (msec) = 0.7270362786885246
Number of SET = 131
Number of GET = 0
Number of MULTI GET = 0


Worker 8
Average throughput (ops/sec) = 132
Average response time (msec) = 1.001409213114754
Average queue length = 0
Average wait time in queue (msec) = 0.17001270491803278
Average service time (msec) = 0.746013655737705
Number of SET = 132
Number of GET = 0
Number of MULTI GET = 0


Worker 20
Average throughput (ops/sec) = 131
Average response time (msec) = 0.9876140163934426
Average queue length = 0
Average wait time in queue (msec) = 0.16325504918032785
Average service time (msec) = 0.7375716393442623
Number of SET = 131
Number of GET = 0
Number of MULTI GET = 0


Worker 3
Average throughput (ops/sec) = 131
Average response time (msec) = 0.9714980163934427
Average queue length = 0
Average wait time in queue (msec) = 0.16233744262295083
Average service time (msec) = 0.7283604426229507
Number of SET = 131
Number of GET = 0
Number of MULTI GET = 0


Worker 21
Average throughput (ops/sec) = 132
Average response time (msec) = 1.0242155737704917
Average queue length = 0
Average wait time in queue (msec) = 0.17868770491803276
Average service time (msec) = 0.7566643278688524
Number of SET = 132
Number of GET = 0
Number of MULTI GET = 0


Worker 2
Average throughput (ops/sec) = 131
Average response time (msec) = 1.0311371639344262
Average queue length = 0
Average wait time in queue (msec) = 0.1685730819672131
Average service time (msec) = 0.7783800163934427
Number of SET = 131
Number of GET = 0
Number of MULTI GET = 0


Worker 22
Average throughput (ops/sec) = 132
Average response time (msec) = 1.0196653606557378
Average queue length = 0
Average wait time in queue (msec) = 0.17755224590163934
Average service time (msec) = 0.7670742131147541
Number of SET = 132
Number of GET = 0
Number of MULTI GET = 0


Worker 5
Average throughput (ops/sec) = 130
Average response time (msec) = 1.0696051803278688
Average queue length = 0
Average wait time in queue (msec) = 0.17740465573770492
Average service time (msec) = 0.7889354262295083
Number of SET = 130
Number of GET = 0
Number of MULTI GET = 0


Worker 23
Average throughput (ops/sec) = 131
Average response time (msec) = 0.9692282295081966
Average queue length = 0
Average wait time in queue (msec) = 0.17839916393442623
Average service time (msec) = 0.716542131147541
Number of SET = 131
Number of GET = 0
Number of MULTI GET = 0


Worker 4
Average throughput (ops/sec) = 131
Average response time (msec) = 1.0146117704918034
Average queue length = 0
Average wait time in queue (msec) = 0.16144983606557375
Average service time (msec) = 0.7637272295081967
Number of SET = 131
Number of GET = 0
Number of MULTI GET = 0


Worker 28
Average throughput (ops/sec) = 133
Average response time (msec) = 1.018404475409836
Average queue length = 0
Average wait time in queue (msec) = 0.1897290819672131
Average service time (msec) = 0.7376951967213115
Number of SET = 133
Number of GET = 0
Number of MULTI GET = 0


Worker 29
Average throughput (ops/sec) = 132
Average response time (msec) = 1.0390150983606556
Average queue length = 0
Average wait time in queue (msec) = 0.168565
Average service time (msec) = 0.7749817704918033
Number of SET = 132
Number of GET = 0
Number of MULTI GET = 0


Worker 1
Average throughput (ops/sec) = 132
Average response time (msec) = 1.0657859180327869
Average queue length = 0
Average wait time in queue (msec) = 0.16830698360655738
Average service time (msec) = 0.8084796393442623
Number of SET = 132
Number of GET = 0
Number of MULTI GET = 0


Worker 30
Average throughput (ops/sec) = 131
Average response time (msec) = 1.0066179672131148
Average queue length = 0
Average wait time in queue (msec) = 0.17158709836065575
Average service time (msec) = 0.751123819672131
Number of SET = 131
Number of GET = 0
Number of MULTI GET = 0


Worker 13
Average throughput (ops/sec) = 132
Average response time (msec) = 1.0364464918032787
Average queue length = 0
Average wait time in queue (msec) = 0.18498629508196723
Average service time (msec) = 0.7760986885245901
Number of SET = 132
Number of GET = 0
Number of MULTI GET = 0


Worker 14
Average throughput (ops/sec) = 131
Average response time (msec) = 1.0431199672131146
Average queue length = 0
Average wait time in queue (msec) = 0.16958772131147543
Average service time (msec) = 0.7948763770491803
Number of SET = 131
Number of GET = 0
Number of MULTI GET = 0


Worker 15
Average throughput (ops/sec) = 133
Average response time (msec) = 0.9868019180327869
Average queue length = 1
Average wait time in queue (msec) = 0.17000781967213116
Average service time (msec) = 0.7362087868852459
Number of SET = 133
Number of GET = 0
Number of MULTI GET = 0


Worker 16
Average throughput (ops/sec) = 132
Average response time (msec) = 1.0301125737704917
Average queue length = 0
Average wait time in queue (msec) = 0.1603914098360656
Average service time (msec) = 0.7937282459016394
Number of SET = 132
Number of GET = 0
Number of MULTI GET = 0


Worker 31
Average throughput (ops/sec) = 132
Average response time (msec) = 1.0128575901639343
Average queue length = 0
Average wait time in queue (msec) = 0.18492081967213114
Average service time (msec) = 0.7379874918032787
Number of SET = 132
Number of GET = 0
Number of MULTI GET = 0


Worker 32
Average throughput (ops/sec) = 132
Average response time (msec) = 0.9998515409836066
Average queue length = 0
Average wait time in queue (msec) = 0.16681013114754098
Average service time (msec) = 0.7488005901639344
Number of SET = 132
Number of GET = 0
Number of MULTI GET = 0


Worker 10
Average throughput (ops/sec) = 130
Average response time (msec) = 1.0349040491803279
Average queue length = 0
Average wait time in queue (msec) = 0.1763147213114754
Average service time (msec) = 0.7785634590163935
Number of SET = 130
Number of GET = 0
Number of MULTI GET = 0


Worker 11
Average throughput (ops/sec) = 131
Average response time (msec) = 1.004522180327869
Average queue length = 1
Average wait time in queue (msec) = 0.16990360655737707
Average service time (msec) = 0.7530818360655738
Number of SET = 131
Number of GET = 0
Number of MULTI GET = 0


Worker 12
Average throughput (ops/sec) = 132
Average response time (msec) = 1.025575131147541
Average queue length = 0
Average wait time in queue (msec) = 0.18928675409836065
Average service time (msec) = 0.7452729344262295
Number of SET = 132
Number of GET = 0
Number of MULTI GET = 0


Worker 17
Average throughput (ops/sec) = 132
Average response time (msec) = 1.0063762459016394
Average queue length = 0
Average wait time in queue (msec) = 0.18037826229508197
Average service time (msec) = 0.7266560655737704
Number of SET = 132
Number of GET = 0
Number of MULTI GET = 0


Worker 18
Average throughput (ops/sec) = 133
Average response time (msec) = 1.1089414098360655
Average queue length = 0
Average wait time in queue (msec) = 0.21102445901639344
Average service time (msec) = 0.8163062950819673
Number of SET = 133
Number of GET = 0
Number of MULTI GET = 0


Worker 19
Average throughput (ops/sec) = 133
Average response time (msec) = 1.055712
Average queue length = 0
Average wait time in queue (msec) = 0.19296716393442623
Average service time (msec) = 0.7828665737704917
Number of SET = 133
Number of GET = 0
Number of MULTI GET = 0


FINAL STATS
Average throughput (ops/sec) = 4217
Average response time (msec) = 0.9714588537290779
Average queue length = 0
Average wait time in queue (msec) = 0.17589367930327868
Average service time (msec) = 0.7605130788934427
Number of SET = 131
Number of GET = 0
Number of MULTI GET = 0
Number of Cache misses = 0


Histogram response times (0.1 msec step)
0.0 msec : 6384
0.1 msec : 33579
0.2 msec : 46489
0.3 msec : 45748
0.4 msec : 37653
0.5 msec : 25688
0.6 msec : 15483
0.7 msec : 9331
0.8 msec : 6064
0.9 msec : 4186
1.0 msec : 2949
1.1 msec : 2305
1.2 msec : 1754
1.3 msec : 1315
1.4 msec : 1050
1.5 msec : 782
1.6 msec : 624
1.7 msec : 527
1.8 msec : 471
1.9 msec : 346
2.0 msec : 303
2.1 msec : 248
2.2 msec : 233
2.3 msec : 211
2.4 msec : 173
2.5 msec : 161
2.6 msec : 164
2.7 msec : 141
2.8 msec : 127
2.9 msec : 122
3.0 msec : 107
3.1 msec : 130
3.2 msec : 86
3.3 msec : 107
3.4 msec : 121
3.5 msec : 106
3.6 msec : 100
3.7 msec : 103
3.8 msec : 97
3.9 msec : 95
4.0 msec : 78
4.1 msec : 67
4.2 msec : 61
4.3 msec : 92
4.4 msec : 79
4.5 msec : 93
4.6 msec : 76
4.7 msec : 65
4.8 msec : 50
4.9 msec : 36
5.0 msec : 37
5.1 msec : 32
5.2 msec : 28
5.3 msec : 36
5.4 msec : 23
5.5 msec : 35
5.6 msec : 36
5.7 msec : 30
5.8 msec : 51
5.9 msec : 42
6.0 msec : 51
6.1 msec : 52
6.2 msec : 65
6.3 msec : 78
6.4 msec : 110
6.5 msec : 149
6.6 msec : 226
6.7 msec : 404
6.8 msec : 660
6.9 msec : 1052
7.0 msec : 1295
7.1 msec : 1402
7.2 msec : 1277
7.3 msec : 1022
7.4 msec : 770
7.5 msec : 609
7.6 msec : 451
7.7 msec : 275
7.8 msec : 181
7.9 msec : 141
8.0 msec : 116
8.1 msec : 111
8.2 msec : 80
8.3 msec : 68
8.4 msec : 56
8.5 msec : 44
8.6 msec : 48
8.7 msec : 28
8.8 msec : 33
8.9 msec : 29
9.0 msec : 21
9.1 msec : 23
9.2 msec : 20
9.3 msec : 17
9.4 msec : 18
9.5 msec : 32
9.6 msec : 27
9.7 msec : 17
9.8 msec : 20
9.9 msec : 12
10.0 msec : 15
10.1 msec : 10
10.2 msec : 12
10.3 msec : 10
10.4 msec : 9
10.5 msec : 6
10.6 msec : 8
10.7 msec : 8
10.8 msec : 8
10.9 msec : 9
11.0 msec : 5
11.1 msec : 10
11.2 msec : 9
11.3 msec : 14
11.4 msec : 19
11.5 msec : 9
11.6 msec : 11
11.7 msec : 4
11.8 msec : 11
11.9 msec : 4
12.0 msec : 3
12.1 msec : 5
12.2 msec : 8
12.3 msec : 5
12.4 msec : 5
12.5 msec : 1
12.6 msec : 2
12.7 msec : 5
12.8 msec : 3
12.9 msec : 7
13.0 msec : 2
13.1 msec : 6
13.2 msec : 1
13.3 msec : 7
13.4 msec : 4
13.5 msec : 1
13.6 msec : 2
13.7 msec : 5
13.8 msec : 1
13.9 msec : 1
14.0 msec : 1
14.1 msec : 3
14.2 msec : 2
14.3 msec : 1
14.4 msec : 2
14.5 msec : 1
14.6 msec : 1
14.7 msec : 2
14.8 msec : 0
14.9 msec : 0
15.0 msec : 2
15.1 msec : 1
15.2 msec : 1
15.3 msec : 2
15.4 msec : 1
15.5 msec : 3
15.6 msec : 1
15.7 msec : 2
15.8 msec : 1
15.9 msec : 1
16.0 msec : 6
16.1 msec : 6
16.2 msec : 5
16.3 msec : 4
16.4 msec : 8
16.5 msec : 6
16.6 msec : 4
16.7 msec : 7
16.8 msec : 6
16.9 msec : 11
17.0 msec : 8
17.1 msec : 6
17.2 msec : 3
17.3 msec : 2
17.4 msec : 3
17.5 msec : 0
17.6 msec : 1
17.7 msec : 0
17.8 msec : 1
17.9 msec : 2
18.0 msec : 1
18.1 msec : 1
18.2 msec : 0
18.3 msec : 0
18.4 msec : 0
18.5 msec : 1
18.6 msec : 1
18.7 msec : 0
18.8 msec : 0
18.9 msec : 0
19.0 msec : 0
19.1 msec : 0
19.2 msec : 0
19.3 msec : 0
19.4 msec : 2
19.5 msec : 3
19.6 msec : 3
19.7 msec : 2
19.8 msec : 3
19.9 msec : 3
20.0 msec : 1
20.1 msec : 0
20.2 msec : 0
20.3 msec : 0
20.4 msec : 1
20.5 msec : 1
20.6 msec : 0
20.7 msec : 1
20.8 msec : 0
20.9 msec : 0
21.0 msec : 0
21.1 msec : 0
21.2 msec : 1
21.3 msec : 0
21.4 msec : 0
21.5 msec : 0
21.6 msec : 0
21.7 msec : 0
21.8 msec : 0
21.9 msec : 0
22.0 msec : 0
22.1 msec : 0
22.2 msec : 0
22.3 msec : 0
22.4 msec : 0
22.5 msec : 1
22.6 msec : 0
22.7 msec : 0
22.8 msec : 0
22.9 msec : 1
23.0 msec : 0
23.1 msec : 0
23.2 msec : 1
23.3 msec : 1
23.4 msec : 0
23.5 msec : 0
23.6 msec : 0
23.7 msec : 0
23.8 msec : 0
23.9 msec : 1
24.0 msec : 0
24.1 msec : 0
24.2 msec : 0
24.3 msec : 0
24.4 msec : 0
24.5 msec : 0
24.6 msec : 0
24.7 msec : 0
24.8 msec : 0
24.9 msec : 0
25.0 msec : 0
25.1 msec : 0
25.2 msec : 0
25.3 msec : 1
25.4 msec : 0
25.5 msec : 0
25.6 msec : 0
25.7 msec : 0
25.8 msec : 2
25.9 msec : 1
26.0 msec : 1
26.1 msec : 0
26.2 msec : 0
26.3 msec : 0
26.4 msec : 0
26.5 msec : 0
26.6 msec : 1
26.7 msec : 0
26.8 msec : 4
26.9 msec : 3
27.0 msec : 1
27.1 msec : 0
27.2 msec : 0
27.3 msec : 0
27.4 msec : 2
27.5 msec : 1
27.6 msec : 0
27.7 msec : 0
27.8 msec : 0
27.9 msec : 0
28.0 msec : 0
28.1 msec : 0
28.2 msec : 0
28.3 msec : 0
28.4 msec : 0
28.5 msec : 2
28.6 msec : 0
28.7 msec : 1
28.8 msec : 1
28.9 msec : 1
29.0 msec : 0
29.1 msec : 0
29.2 msec : 1
29.3 msec : 0
29.4 msec : 0
29.5 msec : 0
29.6 msec : 0
29.7 msec : 0
29.8 msec : 0
29.9 msec : 0
30.0 msec : 1
30.1 msec : 0
30.2 msec : 0
30.3 msec : 2
30.4 msec : 2
30.5 msec : 3
30.6 msec : 2
30.7 msec : 0
30.8 msec : 0
30.9 msec : 0
31.0 msec : 0
31.1 msec : 0
31.2 msec : 0
31.3 msec : 0
31.4 msec : 0
31.5 msec : 0
31.6 msec : 0
31.7 msec : 0
31.8 msec : 0
31.9 msec : 0
32.0 msec : 0
32.1 msec : 0
32.2 msec : 0
32.3 msec : 0
32.4 msec : 0
32.5 msec : 0
32.6 msec : 0
32.7 msec : 0
32.8 msec : 0
32.9 msec : 0
33.0 msec : 2
33.1 msec : 1
33.2 msec : 1
33.3 msec : 0
33.4 msec : 0
33.5 msec : 0
33.6 msec : 0
33.7 msec : 0
33.8 msec : 0
33.9 msec : 0
34.0 msec : 0
34.1 msec : 0
34.2 msec : 0
34.3 msec : 0
34.4 msec : 0
34.5 msec : 0
34.6 msec : 0
34.7 msec : 0
34.8 msec : 0
34.9 msec : 0
35.0 msec : 0
35.1 msec : 0
35.2 msec : 0
35.3 msec : 0
35.4 msec : 1
35.5 msec : 3
35.6 msec : 0
35.7 msec : 0
35.8 msec : 0
35.9 msec : 0
36.0 msec : 0
36.1 msec : 0
36.2 msec : 0
36.3 msec : 0
36.4 msec : 3
36.5 msec : 3
36.6 msec : 2
36.7 msec : 0
36.8 msec : 0
36.9 msec : 0
37.0 msec : 0
37.1 msec : 0
37.2 msec : 0
37.3 msec : 0
37.4 msec : 0
37.5 msec : 0
37.6 msec : 0
37.7 msec : 0
37.8 msec : 0
37.9 msec : 0
38.0 msec : 0
38.1 msec : 0
38.2 msec : 2
38.3 msec : 1
38.4 msec : 0
38.5 msec : 0
38.6 msec : 0
38.7 msec : 0
38.8 msec : 0
38.9 msec : 0
39.0 msec : 0
39.1 msec : 0
39.2 msec : 0
39.3 msec : 1
39.4 msec : 0
39.5 msec : 0
39.6 msec : 0
39.7 msec : 0
39.8 msec : 0
39.9 msec : 1
40.0 msec : 1
40.1 msec : 0
40.2 msec : 0
40.3 msec : 0
40.4 msec : 0
40.5 msec : 0
40.6 msec : 0
40.7 msec : 0
40.8 msec : 0
40.9 msec : 0
41.0 msec : 0
41.1 msec : 0
41.2 msec : 0
41.3 msec : 0
41.4 msec : 0
41.5 msec : 0
41.6 msec : 0
41.7 msec : 0
41.8 msec : 0
41.9 msec : 0
42.0 msec : 0
42.1 msec : 0
42.2 msec : 0
42.3 msec : 0
42.4 msec : 0
42.5 msec : 0
42.6 msec : 0
42.7 msec : 0
42.8 msec : 0
42.9 msec : 0
43.0 msec : 0
43.1 msec : 0
43.2 msec : 0
43.3 msec : 0
43.4 msec : 0
43.5 msec : 0
43.6 msec : 0
43.7 msec : 0
43.8 msec : 0
43.9 msec : 0
44.0 msec : 0
44.1 msec : 0
44.2 msec : 0
44.3 msec : 0
44.4 msec : 0
44.5 msec : 2
44.6 msec : 0
44.7 msec : 0
44.8 msec : 0
44.9 msec : 0
45.0 msec : 0
45.1 msec : 0
45.2 msec : 0
45.3 msec : 0
45.4 msec : 0
45.5 msec : 0
45.6 msec : 0
45.7 msec : 0
45.8 msec : 0
45.9 msec : 0
46.0 msec : 0
46.1 msec : 0
46.2 msec : 0
46.3 msec : 0
46.4 msec : 0
46.5 msec : 0
46.6 msec : 0
46.7 msec : 0
46.8 msec : 0
46.9 msec : 0
47.0 msec : 0
47.1 msec : 0
47.2 msec : 0
47.3 msec : 0
47.4 msec : 0
47.5 msec : 0
47.6 msec : 0
47.7 msec : 0
47.8 msec : 0
47.9 msec : 0
48.0 msec : 0
48.1 msec : 0
48.2 msec : 0
48.3 msec : 0
48.4 msec : 0
48.5 msec : 0
48.6 msec : 0
48.7 msec : 0
48.8 msec : 0
48.9 msec : 0
49.0 msec : 0
49.1 msec : 0
49.2 msec : 0
49.3 msec : 0
49.4 msec : 0
49.5 msec : 0
49.6 msec : 0
49.7 msec : 0
49.8 msec : 0
49.9 msec : 0
50.0 msec : 0
50.1 msec : 0
50.2 msec : 0
50.3 msec : 1
50.4 msec : 0
50.5 msec : 3
50.6 msec : 0
50.7 msec : 0
50.8 msec : 0
50.9 msec : 0
51.0 msec : 0
51.1 msec : 0
51.2 msec : 0
51.3 msec : 3
51.4 msec : 3
51.5 msec : 1
