Middleware started...
Middleware shuts down...
Smaller resolution statistics are in a log file...
Final aggregates per worker:


Worker 46
Average throughput (ops/sec) = 23
Average response time (msec) = 2.983825721311476
Average queue length = 0
Average wait time in queue (msec) = 0.136344131147541
Average service time (msec) = 2.6822490655737705
Number of SET = 11
Number of GET = 0
Number of MULTI GET = 11


Worker 47
Average throughput (ops/sec) = 23
Average response time (msec) = 2.7552174426229508
Average queue length = 0
Average wait time in queue (msec) = 0.09184286885245901
Average service time (msec) = 2.514665573770492
Number of SET = 11
Number of GET = 0
Number of MULTI GET = 12


Worker 48
Average throughput (ops/sec) = 22
Average response time (msec) = 2.8546374098360654
Average queue length = 0
Average wait time in queue (msec) = 0.09512973770491803
Average service time (msec) = 2.610933737704918
Number of SET = 11
Number of GET = 0
Number of MULTI GET = 11


Worker 49
Average throughput (ops/sec) = 22
Average response time (msec) = 2.882703131147541
Average queue length = 0
Average wait time in queue (msec) = 0.08505696721311476
Average service time (msec) = 2.579804672131148
Number of SET = 11
Number of GET = 0
Number of MULTI GET = 11


Worker 42
Average throughput (ops/sec) = 23
Average response time (msec) = 2.8543361311475413
Average queue length = 0
Average wait time in queue (msec) = 0.07564375409836066
Average service time (msec) = 2.6263153770491803
Number of SET = 11
Number of GET = 0
Number of MULTI GET = 11


Worker 43
Average throughput (ops/sec) = 23
Average response time (msec) = 3.160615393442623
Average queue length = 0
Average wait time in queue (msec) = 0.23966711475409835
Average service time (msec) = 2.7445394590163934
Number of SET = 11
Number of GET = 0
Number of MULTI GET = 11


Worker 44
Average throughput (ops/sec) = 23
Average response time (msec) = 2.9546929344262294
Average queue length = 0
Average wait time in queue (msec) = 0.09854016393442623
Average service time (msec) = 2.738355852459016
Number of SET = 12
Number of GET = 0
Number of MULTI GET = 11


Worker 45
Average throughput (ops/sec) = 23
Average response time (msec) = 2.869328967213115
Average queue length = 0
Average wait time in queue (msec) = 0.09642380327868853
Average service time (msec) = 2.6338376557377052
Number of SET = 12
Number of GET = 0
Number of MULTI GET = 11


Worker 50
Average throughput (ops/sec) = 23
Average response time (msec) = 3.1592547540983604
Average queue length = 0
Average wait time in queue (msec) = 0.07874798360655738
Average service time (msec) = 2.9436127540983605
Number of SET = 11
Number of GET = 0
Number of MULTI GET = 11


Worker 51
Average throughput (ops/sec) = 23
Average response time (msec) = 2.8742858524590162
Average queue length = 0
Average wait time in queue (msec) = 0.09506365573770492
Average service time (msec) = 2.6460075901639346
Number of SET = 11
Number of GET = 0
Number of MULTI GET = 11


Worker 52
Average throughput (ops/sec) = 23
Average response time (msec) = 3.0074119016393444
Average queue length = 0
Average wait time in queue (msec) = 0.09356568852459017
Average service time (msec) = 2.7677310491803278
Number of SET = 11
Number of GET = 0
Number of MULTI GET = 11


Worker 57
Average throughput (ops/sec) = 23
Average response time (msec) = 2.978960131147541
Average queue length = 0
Average wait time in queue (msec) = 0.09716204918032786
Average service time (msec) = 2.76050537704918
Number of SET = 11
Number of GET = 0
Number of MULTI GET = 12


Worker 13
Average throughput (ops/sec) = 23
Average response time (msec) = 3.073772573770492
Average queue length = 0
Average wait time in queue (msec) = 0.12863945901639345
Average service time (msec) = 2.774421016393443
Number of SET = 12
Number of GET = 0
Number of MULTI GET = 11


Worker 58
Average throughput (ops/sec) = 23
Average response time (msec) = 2.967704475409836
Average queue length = 0
Average wait time in queue (msec) = 0.124928
Average service time (msec) = 2.7436064098360653
Number of SET = 11
Number of GET = 0
Number of MULTI GET = 11


Worker 14
Average throughput (ops/sec) = 23
Average response time (msec) = 3.0269553114754095
Average queue length = 0
Average wait time in queue (msec) = 0.12403791803278688
Average service time (msec) = 2.7603175081967213
Number of SET = 11
Number of GET = 0
Number of MULTI GET = 11


Worker 59
Average throughput (ops/sec) = 23
Average response time (msec) = 2.770393344262295
Average queue length = 0
Average wait time in queue (msec) = 0.10745947540983607
Average service time (msec) = 2.525847868852459
Number of SET = 11
Number of GET = 0
Number of MULTI GET = 11


Worker 15
Average throughput (ops/sec) = 23
Average response time (msec) = 2.9252688852459015
Average queue length = 0
Average wait time in queue (msec) = 0.09950029508196721
Average service time (msec) = 2.687514770491803
Number of SET = 11
Number of GET = 0
Number of MULTI GET = 11


Worker 16
Average throughput (ops/sec) = 23
Average response time (msec) = 2.7804729344262293
Average queue length = 0
Average wait time in queue (msec) = 0.05815119672131148
Average service time (msec) = 2.606946704918033
Number of SET = 12
Number of GET = 0
Number of MULTI GET = 10


Worker 53
Average throughput (ops/sec) = 23
Average response time (msec) = 3.2841196065573772
Average queue length = 0
Average wait time in queue (msec) = 0.0912615737704918
Average service time (msec) = 3.076990655737705
Number of SET = 12
Number of GET = 0
Number of MULTI GET = 11


Worker 54
Average throughput (ops/sec) = 23
Average response time (msec) = 3.1953985409836068
Average queue length = 0
Average wait time in queue (msec) = 0.12351354098360655
Average service time (msec) = 2.9064334098360654
Number of SET = 11
Number of GET = 0
Number of MULTI GET = 12


Worker 10
Average throughput (ops/sec) = 23
Average response time (msec) = 3.287680852459016
Average queue length = 0
Average wait time in queue (msec) = 0.11154086885245901
Average service time (msec) = 2.948972852459016
Number of SET = 12
Number of GET = 0
Number of MULTI GET = 11


Worker 55
Average throughput (ops/sec) = 23
Average response time (msec) = 3.147912672131148
Average queue length = 0
Average wait time in queue (msec) = 0.09210562295081967
Average service time (msec) = 2.8802843442622947
Number of SET = 11
Number of GET = 0
Number of MULTI GET = 11


Worker 11
Average throughput (ops/sec) = 23
Average response time (msec) = 3.0344721147540983
Average queue length = 0
Average wait time in queue (msec) = 0.09895168852459016
Average service time (msec) = 2.7952551311475413
Number of SET = 11
Number of GET = 0
Number of MULTI GET = 11


Worker 56
Average throughput (ops/sec) = 23
Average response time (msec) = 2.9377871147540984
Average queue length = 0
Average wait time in queue (msec) = 0.11226591803278688
Average service time (msec) = 2.6943086393442623
Number of SET = 11
Number of GET = 0
Number of MULTI GET = 11


Worker 12
Average throughput (ops/sec) = 23
Average response time (msec) = 2.843019098360656
Average queue length = 0
Average wait time in queue (msec) = 0.07658724590163934
Average service time (msec) = 2.6330527540983604
Number of SET = 11
Number of GET = 0
Number of MULTI GET = 12


Worker 17
Average throughput (ops/sec) = 23
Average response time (msec) = 2.748453295081967
Average queue length = 0
Average wait time in queue (msec) = 0.10132609836065574
Average service time (msec) = 2.5106030655737706
Number of SET = 11
Number of GET = 0
Number of MULTI GET = 12


Worker 18
Average throughput (ops/sec) = 23
Average response time (msec) = 2.8195151967213117
Average queue length = 0
Average wait time in queue (msec) = 0.0959044262295082
Average service time (msec) = 2.601084180327869
Number of SET = 11
Number of GET = 0
Number of MULTI GET = 12


Worker 19
Average throughput (ops/sec) = 23
Average response time (msec) = 2.9330670819672133
Average queue length = 0
Average wait time in queue (msec) = 0.11449177049180329
Average service time (msec) = 2.6614543770491803
Number of SET = 11
Number of GET = 0
Number of MULTI GET = 11


Worker 60
Average throughput (ops/sec) = 23
Average response time (msec) = 2.9604267704918032
Average queue length = 0
Average wait time in queue (msec) = 0.13043767213114754
Average service time (msec) = 2.7203418852459014
Number of SET = 11
Number of GET = 0
Number of MULTI GET = 11


Worker 61
Average throughput (ops/sec) = 23
Average response time (msec) = 2.9257821475409838
Average queue length = 0
Average wait time in queue (msec) = 0.11847180327868853
Average service time (msec) = 2.6526840327868855
Number of SET = 11
Number of GET = 0
Number of MULTI GET = 11


Worker 62
Average throughput (ops/sec) = 24
Average response time (msec) = 3.1689301311475413
Average queue length = 0
Average wait time in queue (msec) = 0.08699501639344262
Average service time (msec) = 2.9614615081967215
Number of SET = 12
Number of GET = 0
Number of MULTI GET = 11


Worker 63
Average throughput (ops/sec) = 23
Average response time (msec) = 2.879068950819672
Average queue length = 0
Average wait time in queue (msec) = 0.09568054098360655
Average service time (msec) = 2.634939901639344
Number of SET = 11
Number of GET = 0
Number of MULTI GET = 11


Worker 24
Average throughput (ops/sec) = 23
Average response time (msec) = 2.9071339344262292
Average queue length = 0
Average wait time in queue (msec) = 0.08690413114754099
Average service time (msec) = 2.663668180327869
Number of SET = 12
Number of GET = 0
Number of MULTI GET = 11


Worker 7
Average throughput (ops/sec) = 23
Average response time (msec) = 3.0544922786885245
Average queue length = 0
Average wait time in queue (msec) = 0.12172552459016393
Average service time (msec) = 2.7875820163934426
Number of SET = 11
Number of GET = 0
Number of MULTI GET = 11


Worker 25
Average throughput (ops/sec) = 23
Average response time (msec) = 2.9427326393442623
Average queue length = 0
Average wait time in queue (msec) = 0.12235365573770492
Average service time (msec) = 2.6919316229508197
Number of SET = 11
Number of GET = 0
Number of MULTI GET = 11


Worker 6
Average throughput (ops/sec) = 22
Average response time (msec) = 2.9819581147540983
Average queue length = 0
Average wait time in queue (msec) = 0.10839196721311475
Average service time (msec) = 2.744422737704918
Number of SET = 11
Number of GET = 0
Number of MULTI GET = 11


Worker 26
Average throughput (ops/sec) = 23
Average response time (msec) = 2.9653024098360654
Average queue length = 0
Average wait time in queue (msec) = 0.09999472131147541
Average service time (msec) = 2.735729442622951
Number of SET = 11
Number of GET = 0
Number of MULTI GET = 12


Worker 9
Average throughput (ops/sec) = 23
Average response time (msec) = 2.939514819672131
Average queue length = 0
Average wait time in queue (msec) = 0.12751039344262297
Average service time (msec) = 2.702079770491803
Number of SET = 11
Number of GET = 0
Number of MULTI GET = 11


Worker 27
Average throughput (ops/sec) = 23
Average response time (msec) = 3.243167655737705
Average queue length = 0
Average wait time in queue (msec) = 0.12225218032786885
Average service time (msec) = 2.9525015573770492
Number of SET = 11
Number of GET = 0
Number of MULTI GET = 11


Worker 8
Average throughput (ops/sec) = 22
Average response time (msec) = 3.0836497868852457
Average queue length = 0
Average wait time in queue (msec) = 0.08796459016393442
Average service time (msec) = 2.8308765573770494
Number of SET = 11
Number of GET = 0
Number of MULTI GET = 11


Worker 64
Average throughput (ops/sec) = 23
Average response time (msec) = 2.8949238360655736
Average queue length = 0
Average wait time in queue (msec) = 0.1020455081967213
Average service time (msec) = 2.6215511475409836
Number of SET = 11
Number of GET = 0
Number of MULTI GET = 11


Worker 20
Average throughput (ops/sec) = 23
Average response time (msec) = 3.0128112459016396
Average queue length = 0
Average wait time in queue (msec) = 0.08603767213114755
Average service time (msec) = 2.599670131147541
Number of SET = 11
Number of GET = 0
Number of MULTI GET = 11


Worker 3
Average throughput (ops/sec) = 23
Average response time (msec) = 3.1954801967213116
Average queue length = 0
Average wait time in queue (msec) = 0.07816403278688525
Average service time (msec) = 2.992967049180328
Number of SET = 11
Number of GET = 0
Number of MULTI GET = 11


Worker 21
Average throughput (ops/sec) = 23
Average response time (msec) = 2.9829674098360655
Average queue length = 0
Average wait time in queue (msec) = 0.08496991803278688
Average service time (msec) = 2.7622117540983604
Number of SET = 11
Number of GET = 0
Number of MULTI GET = 11


Worker 2
Average throughput (ops/sec) = 23
Average response time (msec) = 3.423336721311476
Average queue length = 0
Average wait time in queue (msec) = 0.10765852459016392
Average service time (msec) = 3.1608184426229506
Number of SET = 11
Number of GET = 0
Number of MULTI GET = 11


Worker 22
Average throughput (ops/sec) = 23
Average response time (msec) = 2.9051331147540984
Average queue length = 0
Average wait time in queue (msec) = 0.08069660655737705
Average service time (msec) = 2.6993616885245904
Number of SET = 11
Number of GET = 0
Number of MULTI GET = 11


Worker 5
Average throughput (ops/sec) = 23
Average response time (msec) = 2.83009337704918
Average queue length = 0
Average wait time in queue (msec) = 0.08312903278688524
Average service time (msec) = 2.606871967213115
Number of SET = 11
Number of GET = 0
Number of MULTI GET = 12


Worker 23
Average throughput (ops/sec) = 23
Average response time (msec) = 3.018960180327869
Average queue length = 0
Average wait time in queue (msec) = 0.10470680327868853
Average service time (msec) = 2.762169229508197
Number of SET = 11
Number of GET = 0
Number of MULTI GET = 11


Worker 4
Average throughput (ops/sec) = 23
Average response time (msec) = 3.158715655737705
Average queue length = 0
Average wait time in queue (msec) = 0.11607244262295083
Average service time (msec) = 2.901054491803279
Number of SET = 11
Number of GET = 0
Number of MULTI GET = 11


Worker 28
Average throughput (ops/sec) = 22
Average response time (msec) = 2.9899998852459015
Average queue length = 0
Average wait time in queue (msec) = 0.11812226229508196
Average service time (msec) = 2.7347857213114755
Number of SET = 12
Number of GET = 0
Number of MULTI GET = 10


Worker 29
Average throughput (ops/sec) = 23
Average response time (msec) = 2.9640234918032786
Average queue length = 0
Average wait time in queue (msec) = 0.1250365737704918
Average service time (msec) = 2.735307344262295
Number of SET = 11
Number of GET = 0
Number of MULTI GET = 11


Worker 1
Average throughput (ops/sec) = 23
Average response time (msec) = 3.0090212131147545
Average queue length = 0
Average wait time in queue (msec) = 0.10110559016393442
Average service time (msec) = 2.7562480327868855
Number of SET = 11
Number of GET = 0
Number of MULTI GET = 12


Worker 30
Average throughput (ops/sec) = 23
Average response time (msec) = 2.9385502459016397
Average queue length = 0
Average wait time in queue (msec) = 0.08638875409836066
Average service time (msec) = 2.704289344262295
Number of SET = 12
Number of GET = 0
Number of MULTI GET = 11


Worker 35
Average throughput (ops/sec) = 23
Average response time (msec) = 2.9814589180327866
Average queue length = 0
Average wait time in queue (msec) = 0.12391483606557377
Average service time (msec) = 2.7445593278688523
Number of SET = 11
Number of GET = 0
Number of MULTI GET = 11


Worker 36
Average throughput (ops/sec) = 23
Average response time (msec) = 2.839478262295082
Average queue length = 0
Average wait time in queue (msec) = 0.11866024590163934
Average service time (msec) = 2.5974711639344266
Number of SET = 11
Number of GET = 0
Number of MULTI GET = 12


Worker 37
Average throughput (ops/sec) = 23
Average response time (msec) = 3.0139938524590164
Average queue length = 0
Average wait time in queue (msec) = 0.08508580327868853
Average service time (msec) = 2.7834030655737707
Number of SET = 11
Number of GET = 0
Number of MULTI GET = 12


Worker 38
Average throughput (ops/sec) = 23
Average response time (msec) = 2.8974481639344263
Average queue length = 0
Average wait time in queue (msec) = 0.08514459016393443
Average service time (msec) = 2.694163131147541
Number of SET = 11
Number of GET = 0
Number of MULTI GET = 11


Worker 31
Average throughput (ops/sec) = 23
Average response time (msec) = 2.8557775081967214
Average queue length = 0
Average wait time in queue (msec) = 0.0978154262295082
Average service time (msec) = 2.6263486721311478
Number of SET = 11
Number of GET = 0
Number of MULTI GET = 11


Worker 32
Average throughput (ops/sec) = 23
Average response time (msec) = 2.81255037704918
Average queue length = 0
Average wait time in queue (msec) = 0.07540190163934425
Average service time (msec) = 2.6171029180327867
Number of SET = 12
Number of GET = 0
Number of MULTI GET = 11


Worker 33
Average throughput (ops/sec) = 22
Average response time (msec) = 3.0119777868852458
Average queue length = 0
Average wait time in queue (msec) = 0.08277326229508196
Average service time (msec) = 2.8066117213114756
Number of SET = 11
Number of GET = 0
Number of MULTI GET = 11


Worker 34
Average throughput (ops/sec) = 23
Average response time (msec) = 2.9612573606557375
Average queue length = 0
Average wait time in queue (msec) = 0.12348868852459016
Average service time (msec) = 2.7025504426229507
Number of SET = 11
Number of GET = 0
Number of MULTI GET = 11


Worker 39
Average throughput (ops/sec) = 22
Average response time (msec) = 3.005725540983607
Average queue length = 0
Average wait time in queue (msec) = 0.08465831147540984
Average service time (msec) = 2.7812282786885243
Number of SET = 11
Number of GET = 0
Number of MULTI GET = 11


Worker 40
Average throughput (ops/sec) = 23
Average response time (msec) = 2.886093442622951
Average queue length = 0
Average wait time in queue (msec) = 0.10280585245901638
Average service time (msec) = 2.6784489836065575
Number of SET = 11
Number of GET = 0
Number of MULTI GET = 11


Worker 41
Average throughput (ops/sec) = 23
Average response time (msec) = 3.2384262131147543
Average queue length = 0
Average wait time in queue (msec) = 0.10343724590163934
Average service time (msec) = 2.7616400819672133
Number of SET = 11
Number of GET = 0
Number of MULTI GET = 12


FINAL STATS
Average throughput (ops/sec) = 1466
Average response time (msec) = 2.9027766675067666
Average queue length = 0
Average wait time in queue (msec) = 0.10327898591188525
Average service time (msec) = 2.7338235186987707
Number of SET = 11
Number of GET = 0
Number of MULTI GET = 11
Number of Cache misses = 0


Histogram response times (0.1 msec step)
0.0 msec : 290
0.1 msec : 1839
0.2 msec : 2927
0.3 msec : 2695
0.4 msec : 1905
0.5 msec : 1181
0.6 msec : 751
0.7 msec : 484
0.8 msec : 283
0.9 msec : 222
1.0 msec : 131
1.1 msec : 95
1.2 msec : 75
1.3 msec : 315
1.4 msec : 3301
1.5 msec : 9986
1.6 msec : 13740
1.7 msec : 12457
1.8 msec : 8966
1.9 msec : 5855
2.0 msec : 3739
2.1 msec : 2204
2.2 msec : 1504
2.3 msec : 1020
2.4 msec : 753
2.5 msec : 465
2.6 msec : 343
2.7 msec : 248
2.8 msec : 177
2.9 msec : 169
3.0 msec : 146
3.1 msec : 120
3.2 msec : 109
3.3 msec : 89
3.4 msec : 89
3.5 msec : 64
3.6 msec : 74
3.7 msec : 68
3.8 msec : 61
3.9 msec : 45
4.0 msec : 50
4.1 msec : 38
4.2 msec : 49
4.3 msec : 51
4.4 msec : 43
4.5 msec : 47
4.6 msec : 34
4.7 msec : 35
4.8 msec : 33
4.9 msec : 26
5.0 msec : 24
5.1 msec : 20
5.2 msec : 18
5.3 msec : 18
5.4 msec : 18
5.5 msec : 32
5.6 msec : 18
5.7 msec : 18
5.8 msec : 26
5.9 msec : 15
6.0 msec : 23
6.1 msec : 11
6.2 msec : 9
6.3 msec : 14
6.4 msec : 29
6.5 msec : 38
6.6 msec : 67
6.7 msec : 210
6.8 msec : 341
6.9 msec : 420
7.0 msec : 517
7.1 msec : 515
7.2 msec : 514
7.3 msec : 504
7.4 msec : 527
7.5 msec : 512
7.6 msec : 519
7.7 msec : 495
7.8 msec : 448
7.9 msec : 434
8.0 msec : 430
8.1 msec : 448
8.2 msec : 381
8.3 msec : 409
8.4 msec : 410
8.5 msec : 458
8.6 msec : 457
8.7 msec : 511
8.8 msec : 444
8.9 msec : 354
9.0 msec : 256
9.1 msec : 171
9.2 msec : 122
9.3 msec : 79
9.4 msec : 55
9.5 msec : 46
9.6 msec : 37
9.7 msec : 24
9.8 msec : 16
9.9 msec : 14
10.0 msec : 11
10.1 msec : 13
10.2 msec : 13
10.3 msec : 7
10.4 msec : 14
10.5 msec : 5
10.6 msec : 8
10.7 msec : 4
10.8 msec : 5
10.9 msec : 7
11.0 msec : 7
11.1 msec : 5
11.2 msec : 7
11.3 msec : 4
11.4 msec : 10
11.5 msec : 6
11.6 msec : 1
11.7 msec : 3
11.8 msec : 8
11.9 msec : 3
12.0 msec : 6
12.1 msec : 4
12.2 msec : 0
12.3 msec : 2
12.4 msec : 4
12.5 msec : 3
12.6 msec : 3
12.7 msec : 3
12.8 msec : 4
12.9 msec : 3
13.0 msec : 1
13.1 msec : 1
13.2 msec : 3
13.3 msec : 1
13.4 msec : 0
13.5 msec : 0
13.6 msec : 3
13.7 msec : 0
13.8 msec : 1
13.9 msec : 2
14.0 msec : 4
14.1 msec : 1
14.2 msec : 1
14.3 msec : 1
14.4 msec : 1
14.5 msec : 4
14.6 msec : 3
14.7 msec : 2
14.8 msec : 3
14.9 msec : 3
15.0 msec : 1
15.1 msec : 1
15.2 msec : 1
15.3 msec : 0
15.4 msec : 0
15.5 msec : 1
15.6 msec : 0
15.7 msec : 4
15.8 msec : 0
15.9 msec : 1
16.0 msec : 0
16.1 msec : 0
16.2 msec : 1
16.3 msec : 1
16.4 msec : 0
16.5 msec : 4
16.6 msec : 3
16.7 msec : 1
16.8 msec : 8
16.9 msec : 1
17.0 msec : 3
17.1 msec : 1
17.2 msec : 2
17.3 msec : 1
17.4 msec : 4
17.5 msec : 0
17.6 msec : 0
17.7 msec : 0
17.8 msec : 3
17.9 msec : 1
18.0 msec : 2
18.1 msec : 1
18.2 msec : 0
18.3 msec : 2
18.4 msec : 1
18.5 msec : 2
18.6 msec : 0
18.7 msec : 0
18.8 msec : 3
18.9 msec : 1
19.0 msec : 1
19.1 msec : 1
19.2 msec : 1
19.3 msec : 2
19.4 msec : 0
19.5 msec : 0
19.6 msec : 1
19.7 msec : 0
19.8 msec : 0
19.9 msec : 0
20.0 msec : 0
20.1 msec : 0
20.2 msec : 2
20.3 msec : 0
20.4 msec : 1
20.5 msec : 0
20.6 msec : 0
20.7 msec : 1
20.8 msec : 0
20.9 msec : 0
21.0 msec : 0
21.1 msec : 0
21.2 msec : 1
21.3 msec : 0
21.4 msec : 0
21.5 msec : 0
21.6 msec : 1
21.7 msec : 0
21.8 msec : 0
21.9 msec : 0
22.0 msec : 0
22.1 msec : 0
22.2 msec : 1
22.3 msec : 0
22.4 msec : 0
22.5 msec : 0
22.6 msec : 0
22.7 msec : 0
22.8 msec : 1
22.9 msec : 0
23.0 msec : 0
23.1 msec : 0
23.2 msec : 0
23.3 msec : 0
23.4 msec : 0
23.5 msec : 0
23.6 msec : 0
23.7 msec : 0
23.8 msec : 0
23.9 msec : 2
24.0 msec : 0
24.1 msec : 0
24.2 msec : 0
24.3 msec : 0
24.4 msec : 0
24.5 msec : 0
24.6 msec : 0
24.7 msec : 0
24.8 msec : 1
24.9 msec : 0
25.0 msec : 0
25.1 msec : 0
25.2 msec : 0
25.3 msec : 0
25.4 msec : 0
25.5 msec : 2
25.6 msec : 0
25.7 msec : 1
25.8 msec : 3
25.9 msec : 1
26.0 msec : 0
26.1 msec : 1
26.2 msec : 0
26.3 msec : 0
26.4 msec : 0
26.5 msec : 0
26.6 msec : 1
26.7 msec : 4
26.8 msec : 1
26.9 msec : 1
27.0 msec : 0
27.1 msec : 2
27.2 msec : 3
27.3 msec : 3
27.4 msec : 1
27.5 msec : 1
27.6 msec : 4
27.7 msec : 1
27.8 msec : 3
27.9 msec : 2
28.0 msec : 1
28.1 msec : 1
28.2 msec : 2
28.3 msec : 1
28.4 msec : 1
28.5 msec : 3
28.6 msec : 0
28.7 msec : 1
28.8 msec : 1
28.9 msec : 0
29.0 msec : 0
29.1 msec : 0
29.2 msec : 1
29.3 msec : 2
29.4 msec : 2
29.5 msec : 1
29.6 msec : 1
29.7 msec : 1
29.8 msec : 0
29.9 msec : 0
30.0 msec : 0
30.1 msec : 0
30.2 msec : 0
30.3 msec : 0
30.4 msec : 0
30.5 msec : 0
30.6 msec : 0
30.7 msec : 1
30.8 msec : 0
30.9 msec : 1
31.0 msec : 0
31.1 msec : 1
31.2 msec : 0
31.3 msec : 0
31.4 msec : 1
31.5 msec : 0
31.6 msec : 0
31.7 msec : 0
31.8 msec : 0
31.9 msec : 0
32.0 msec : 0
32.1 msec : 0
32.2 msec : 0
32.3 msec : 0
32.4 msec : 0
32.5 msec : 0
32.6 msec : 0
32.7 msec : 0
32.8 msec : 0
32.9 msec : 0
33.0 msec : 0
33.1 msec : 0
33.2 msec : 0
33.3 msec : 0
33.4 msec : 0
33.5 msec : 0
33.6 msec : 0
33.7 msec : 0
33.8 msec : 0
33.9 msec : 0
34.0 msec : 0
34.1 msec : 0
34.2 msec : 0
34.3 msec : 0
34.4 msec : 0
34.5 msec : 0
34.6 msec : 0
34.7 msec : 1
34.8 msec : 0
34.9 msec : 0
35.0 msec : 0
35.1 msec : 0
35.2 msec : 2
35.3 msec : 0
35.4 msec : 0
35.5 msec : 0
35.6 msec : 0
35.7 msec : 0
35.8 msec : 0
35.9 msec : 0
36.0 msec : 0
36.1 msec : 0
36.2 msec : 0
36.3 msec : 0
36.4 msec : 0
36.5 msec : 1
36.6 msec : 0
36.7 msec : 0
36.8 msec : 0
36.9 msec : 0
37.0 msec : 0
37.1 msec : 2
37.2 msec : 0
37.3 msec : 0
37.4 msec : 0
37.5 msec : 0
37.6 msec : 1
37.7 msec : 0
37.8 msec : 0
37.9 msec : 1
38.0 msec : 2
38.1 msec : 0
38.2 msec : 0
38.3 msec : 1
38.4 msec : 0
38.5 msec : 0
38.6 msec : 0
38.7 msec : 0
38.8 msec : 1
38.9 msec : 0
39.0 msec : 1
39.1 msec : 0
39.2 msec : 0
39.3 msec : 0
39.4 msec : 1
39.5 msec : 1
39.6 msec : 0
39.7 msec : 0
39.8 msec : 0
39.9 msec : 0
40.0 msec : 0
40.1 msec : 0
40.2 msec : 0
40.3 msec : 0
40.4 msec : 0
40.5 msec : 0
40.6 msec : 1
40.7 msec : 0
40.8 msec : 0
40.9 msec : 0
41.0 msec : 0
41.1 msec : 0
41.2 msec : 0
41.3 msec : 0
41.4 msec : 0
41.5 msec : 0
41.6 msec : 0
41.7 msec : 0
41.8 msec : 0
41.9 msec : 0
42.0 msec : 0
42.1 msec : 0
42.2 msec : 0
42.3 msec : 0
42.4 msec : 0
42.5 msec : 0
42.6 msec : 0
42.7 msec : 0
42.8 msec : 0
42.9 msec : 0
43.0 msec : 0
43.1 msec : 0
43.2 msec : 0
43.3 msec : 0
43.4 msec : 0
43.5 msec : 0
43.6 msec : 0
43.7 msec : 0
43.8 msec : 0
43.9 msec : 0
44.0 msec : 0
44.1 msec : 0
44.2 msec : 0
44.3 msec : 0
44.4 msec : 0
44.5 msec : 0
44.6 msec : 0
44.7 msec : 0
44.8 msec : 0
44.9 msec : 0
45.0 msec : 0
45.1 msec : 0
45.2 msec : 0
45.3 msec : 0
45.4 msec : 0
45.5 msec : 0
45.6 msec : 0
45.7 msec : 0
45.8 msec : 0
45.9 msec : 0
46.0 msec : 0
46.1 msec : 0
46.2 msec : 0
46.3 msec : 0
46.4 msec : 0
46.5 msec : 0
46.6 msec : 0
46.7 msec : 0
46.8 msec : 0
46.9 msec : 0
47.0 msec : 0
47.1 msec : 0
47.2 msec : 0
47.3 msec : 0
47.4 msec : 0
47.5 msec : 0
47.6 msec : 0
47.7 msec : 0
47.8 msec : 0
47.9 msec : 1
48.0 msec : 0
48.1 msec : 0
48.2 msec : 0
48.3 msec : 0
48.4 msec : 0
48.5 msec : 0
48.6 msec : 0
48.7 msec : 0
48.8 msec : 0
48.9 msec : 0
49.0 msec : 0
49.1 msec : 0
49.2 msec : 0
49.3 msec : 0
49.4 msec : 0
49.5 msec : 0
49.6 msec : 0
49.7 msec : 0
49.8 msec : 0
49.9 msec : 0
50.0 msec : 0
50.1 msec : 0
50.2 msec : 0
50.3 msec : 0
50.4 msec : 0
50.5 msec : 0
50.6 msec : 0
50.7 msec : 1
50.8 msec : 0
50.9 msec : 0
51.0 msec : 0
51.1 msec : 0
51.2 msec : 0
51.3 msec : 0
51.4 msec : 0
51.5 msec : 0
51.6 msec : 0
51.7 msec : 0
51.8 msec : 0
51.9 msec : 0
52.0 msec : 0
52.1 msec : 0
52.2 msec : 0
52.3 msec : 0
52.4 msec : 0
52.5 msec : 0
52.6 msec : 0
52.7 msec : 0
52.8 msec : 0
52.9 msec : 0
53.0 msec : 0
53.1 msec : 0
53.2 msec : 0
53.3 msec : 0
53.4 msec : 0
53.5 msec : 0
53.6 msec : 0
53.7 msec : 0
53.8 msec : 0
53.9 msec : 0
54.0 msec : 0
54.1 msec : 0
54.2 msec : 0
54.3 msec : 0
54.4 msec : 0
54.5 msec : 0
54.6 msec : 0
54.7 msec : 0
54.8 msec : 0
54.9 msec : 0
55.0 msec : 0
55.1 msec : 0
55.2 msec : 0
55.3 msec : 0
55.4 msec : 0
55.5 msec : 0
55.6 msec : 0
55.7 msec : 0
55.8 msec : 0
55.9 msec : 0
56.0 msec : 0
56.1 msec : 0
56.2 msec : 0
56.3 msec : 0
56.4 msec : 0
56.5 msec : 0
56.6 msec : 0
56.7 msec : 0
56.8 msec : 0
56.9 msec : 0
57.0 msec : 0
57.1 msec : 0
57.2 msec : 0
57.3 msec : 0
57.4 msec : 0
57.5 msec : 0
57.6 msec : 0
57.7 msec : 0
57.8 msec : 0
57.9 msec : 0
58.0 msec : 0
58.1 msec : 0
58.2 msec : 0
58.3 msec : 0
58.4 msec : 0
58.5 msec : 0
58.6 msec : 0
58.7 msec : 0
58.8 msec : 0
58.9 msec : 0
59.0 msec : 0
59.1 msec : 0
59.2 msec : 0
59.3 msec : 0
59.4 msec : 0
59.5 msec : 0
59.6 msec : 0
59.7 msec : 0
59.8 msec : 0
59.9 msec : 0
60.0 msec : 0
60.1 msec : 0
60.2 msec : 0
60.3 msec : 0
60.4 msec : 0
60.5 msec : 0
60.6 msec : 0
60.7 msec : 0
60.8 msec : 0
60.9 msec : 0
61.0 msec : 0
61.1 msec : 0
61.2 msec : 0
61.3 msec : 0
61.4 msec : 0
61.5 msec : 0
61.6 msec : 0
61.7 msec : 0
61.8 msec : 0
61.9 msec : 0
62.0 msec : 0
62.1 msec : 0
62.2 msec : 0
62.3 msec : 0
62.4 msec : 0
62.5 msec : 0
62.6 msec : 0
62.7 msec : 0
62.8 msec : 0
62.9 msec : 0
63.0 msec : 0
63.1 msec : 0
63.2 msec : 0
63.3 msec : 0
63.4 msec : 0
63.5 msec : 0
63.6 msec : 0
63.7 msec : 0
63.8 msec : 0
63.9 msec : 0
64.0 msec : 0
64.1 msec : 0
64.2 msec : 0
64.3 msec : 0
64.4 msec : 0
64.5 msec : 0
64.6 msec : 0
64.7 msec : 0
64.8 msec : 0
64.9 msec : 0
65.0 msec : 0
65.1 msec : 0
65.2 msec : 0
65.3 msec : 0
65.4 msec : 0
65.5 msec : 0
65.6 msec : 0
65.7 msec : 0
65.8 msec : 0
65.9 msec : 0
66.0 msec : 0
66.1 msec : 0
66.2 msec : 0
66.3 msec : 0
66.4 msec : 2
66.5 msec : 1
66.6 msec : 0
66.7 msec : 2
66.8 msec : 2
66.9 msec : 1
67.0 msec : 1
67.1 msec : 1
67.2 msec : 0
67.3 msec : 1
67.4 msec : 0
67.5 msec : 0
67.6 msec : 0
67.7 msec : 0
67.8 msec : 0
67.9 msec : 3
68.0 msec : 1
68.1 msec : 0
68.2 msec : 0
68.3 msec : 1
68.4 msec : 0
68.5 msec : 1
68.6 msec : 0
68.7 msec : 0
68.8 msec : 0
68.9 msec : 0
69.0 msec : 0
69.1 msec : 0
69.2 msec : 0
69.3 msec : 0
69.4 msec : 0
69.5 msec : 0
69.6 msec : 0
69.7 msec : 0
69.8 msec : 0
69.9 msec : 0
70.0 msec : 0
70.1 msec : 0
70.2 msec : 0
70.3 msec : 0
70.4 msec : 0
70.5 msec : 0
70.6 msec : 0
70.7 msec : 0
70.8 msec : 0
70.9 msec : 0
71.0 msec : 0
71.1 msec : 0
71.2 msec : 0
71.3 msec : 0
71.4 msec : 0
71.5 msec : 0
71.6 msec : 0
71.7 msec : 0
71.8 msec : 0
71.9 msec : 0
72.0 msec : 0
72.1 msec : 0
72.2 msec : 0
72.3 msec : 0
72.4 msec : 0
72.5 msec : 0
72.6 msec : 0
72.7 msec : 0
72.8 msec : 0
72.9 msec : 0
73.0 msec : 0
73.1 msec : 0
73.2 msec : 0
73.3 msec : 0
73.4 msec : 0
73.5 msec : 0
73.6 msec : 0
73.7 msec : 0
73.8 msec : 0
73.9 msec : 0
74.0 msec : 0
74.1 msec : 0
74.2 msec : 0
74.3 msec : 0
74.4 msec : 0
74.5 msec : 0
74.6 msec : 0
74.7 msec : 0
74.8 msec : 0
74.9 msec : 0
75.0 msec : 0
75.1 msec : 0
75.2 msec : 0
75.3 msec : 0
75.4 msec : 0
75.5 msec : 0
75.6 msec : 0
75.7 msec : 0
75.8 msec : 0
75.9 msec : 0
76.0 msec : 0
76.1 msec : 0
76.2 msec : 0
76.3 msec : 0
76.4 msec : 0
76.5 msec : 0
76.6 msec : 0
76.7 msec : 0
76.8 msec : 0
76.9 msec : 0
77.0 msec : 0
77.1 msec : 0
77.2 msec : 0
77.3 msec : 1
77.4 msec : 0
77.5 msec : 0
77.6 msec : 1
77.7 msec : 0
77.8 msec : 0
77.9 msec : 0
78.0 msec : 0
78.1 msec : 0
78.2 msec : 0
78.3 msec : 0
78.4 msec : 0
78.5 msec : 0
78.6 msec : 0
78.7 msec : 0
78.8 msec : 0
78.9 msec : 0
79.0 msec : 0
79.1 msec : 0
79.2 msec : 0
79.3 msec : 0
79.4 msec : 0
79.5 msec : 0
79.6 msec : 0
79.7 msec : 0
79.8 msec : 0
79.9 msec : 0
80.0 msec : 0
80.1 msec : 0
80.2 msec : 0
80.3 msec : 0
80.4 msec : 0
80.5 msec : 0
80.6 msec : 0
80.7 msec : 0
80.8 msec : 1
80.9 msec : 0
81.0 msec : 0
81.1 msec : 0
81.2 msec : 0
81.3 msec : 1
81.4 msec : 0
81.5 msec : 0
81.6 msec : 0
81.7 msec : 0
81.8 msec : 0
81.9 msec : 0
82.0 msec : 0
82.1 msec : 0
82.2 msec : 0
82.3 msec : 0
82.4 msec : 0
82.5 msec : 0
82.6 msec : 0
82.7 msec : 0
82.8 msec : 0
82.9 msec : 0
83.0 msec : 1
83.1 msec : 0
83.2 msec : 0
83.3 msec : 0
83.4 msec : 0
83.5 msec : 0
83.6 msec : 0
83.7 msec : 0
83.8 msec : 1
83.9 msec : 0
84.0 msec : 0
84.1 msec : 0
84.2 msec : 0
84.3 msec : 0
84.4 msec : 0
84.5 msec : 0
84.6 msec : 0
84.7 msec : 0
84.8 msec : 0
84.9 msec : 0
85.0 msec : 0
85.1 msec : 0
85.2 msec : 0
85.3 msec : 0
85.4 msec : 0
85.5 msec : 0
85.6 msec : 0
85.7 msec : 0
85.8 msec : 0
85.9 msec : 0
86.0 msec : 0
86.1 msec : 0
86.2 msec : 0
86.3 msec : 0
86.4 msec : 1
86.5 msec : 0
86.6 msec : 0
86.7 msec : 0
86.8 msec : 0
86.9 msec : 0
87.0 msec : 0
87.1 msec : 0
87.2 msec : 0
87.3 msec : 0
87.4 msec : 0
87.5 msec : 0
87.6 msec : 0
87.7 msec : 0
87.8 msec : 0
87.9 msec : 0
88.0 msec : 0
88.1 msec : 0
88.2 msec : 0
88.3 msec : 0
88.4 msec : 0
88.5 msec : 0
88.6 msec : 0
88.7 msec : 0
88.8 msec : 0
88.9 msec : 0
89.0 msec : 0
89.1 msec : 0
89.2 msec : 0
89.3 msec : 0
89.4 msec : 0
89.5 msec : 0
89.6 msec : 0
89.7 msec : 0
89.8 msec : 0
89.9 msec : 0
90.0 msec : 0
90.1 msec : 0
90.2 msec : 0
90.3 msec : 0
90.4 msec : 0
90.5 msec : 0
90.6 msec : 0
90.7 msec : 1
90.8 msec : 0
90.9 msec : 0
91.0 msec : 0
91.1 msec : 0
91.2 msec : 0
91.3 msec : 0
91.4 msec : 0
91.5 msec : 0
91.6 msec : 0
91.7 msec : 0
91.8 msec : 0
91.9 msec : 0
92.0 msec : 0
92.1 msec : 0
92.2 msec : 0
92.3 msec : 0
92.4 msec : 0
92.5 msec : 0
92.6 msec : 0
92.7 msec : 0
92.8 msec : 0
92.9 msec : 0
93.0 msec : 0
93.1 msec : 0
93.2 msec : 0
93.3 msec : 0
93.4 msec : 0
93.5 msec : 0
93.6 msec : 0
93.7 msec : 0
93.8 msec : 0
93.9 msec : 0
94.0 msec : 0
94.1 msec : 0
94.2 msec : 0
94.3 msec : 0
94.4 msec : 0
94.5 msec : 0
94.6 msec : 0
94.7 msec : 0
94.8 msec : 0
94.9 msec : 0
95.0 msec : 0
95.1 msec : 0
95.2 msec : 0
95.3 msec : 0
95.4 msec : 0
95.5 msec : 0
95.6 msec : 0
95.7 msec : 0
95.8 msec : 0
95.9 msec : 0
96.0 msec : 0
96.1 msec : 0
96.2 msec : 0
96.3 msec : 0
96.4 msec : 0
96.5 msec : 0
96.6 msec : 0
96.7 msec : 1
96.8 msec : 0
96.9 msec : 0
97.0 msec : 0
97.1 msec : 0
97.2 msec : 0
97.3 msec : 1
97.4 msec : 1
97.5 msec : 0
97.6 msec : 0
97.7 msec : 0
97.8 msec : 0
97.9 msec : 0
98.0 msec : 0
98.1 msec : 0
98.2 msec : 0
98.3 msec : 0
98.4 msec : 0
98.5 msec : 1
98.6 msec : 0
98.7 msec : 0
98.8 msec : 0
98.9 msec : 0
99.0 msec : 0
99.1 msec : 0
99.2 msec : 0
99.3 msec : 0
99.4 msec : 0
99.5 msec : 0
99.6 msec : 0
99.7 msec : 0
99.8 msec : 0
99.9 msec : 0
100.0 msec : 0
100.1 msec : 0
100.2 msec : 0
100.3 msec : 0
100.4 msec : 0
100.5 msec : 0
100.6 msec : 0
100.7 msec : 0
100.8 msec : 0
100.9 msec : 0
101.0 msec : 0
101.1 msec : 0
101.2 msec : 0
101.3 msec : 0
101.4 msec : 0
101.5 msec : 0
101.6 msec : 0
101.7 msec : 0
101.8 msec : 0
101.9 msec : 0
102.0 msec : 0
102.1 msec : 0
102.2 msec : 0
102.3 msec : 0
102.4 msec : 0
102.5 msec : 0
102.6 msec : 0
102.7 msec : 1
102.8 msec : 0
102.9 msec : 0
103.0 msec : 0
103.1 msec : 0
103.2 msec : 0
103.3 msec : 0
103.4 msec : 0
103.5 msec : 0
103.6 msec : 0
103.7 msec : 0
103.8 msec : 0
103.9 msec : 0
104.0 msec : 0
104.1 msec : 0
104.2 msec : 0
104.3 msec : 0
104.4 msec : 0
104.5 msec : 0
104.6 msec : 0
104.7 msec : 0
104.8 msec : 0
104.9 msec : 0
105.0 msec : 0
105.1 msec : 0
105.2 msec : 0
105.3 msec : 0
105.4 msec : 0
105.5 msec : 0
105.6 msec : 0
105.7 msec : 0
105.8 msec : 0
105.9 msec : 0
106.0 msec : 0
106.1 msec : 0
106.2 msec : 0
106.3 msec : 0
106.4 msec : 0
106.5 msec : 0
106.6 msec : 0
106.7 msec : 0
106.8 msec : 0
106.9 msec : 0
107.0 msec : 0
107.1 msec : 0
107.2 msec : 0
107.3 msec : 0
107.4 msec : 0
107.5 msec : 0
107.6 msec : 0
107.7 msec : 0
107.8 msec : 0
107.9 msec : 0
108.0 msec : 0
108.1 msec : 0
108.2 msec : 0
108.3 msec : 0
108.4 msec : 0
108.5 msec : 0
108.6 msec : 0
108.7 msec : 0
108.8 msec : 0
108.9 msec : 0
109.0 msec : 0
109.1 msec : 0
109.2 msec : 0
109.3 msec : 0
109.4 msec : 0
109.5 msec : 0
109.6 msec : 0
109.7 msec : 0
109.8 msec : 0
109.9 msec : 0
110.0 msec : 0
110.1 msec : 0
110.2 msec : 0
110.3 msec : 0
110.4 msec : 0
110.5 msec : 0
110.6 msec : 0
110.7 msec : 0
110.8 msec : 0
110.9 msec : 0
111.0 msec : 0
111.1 msec : 0
111.2 msec : 0
111.3 msec : 0
111.4 msec : 0
111.5 msec : 0
111.6 msec : 0
111.7 msec : 0
111.8 msec : 0
111.9 msec : 0
112.0 msec : 0
112.1 msec : 0
112.2 msec : 0
112.3 msec : 0
112.4 msec : 0
112.5 msec : 0
112.6 msec : 0
112.7 msec : 0
112.8 msec : 0
112.9 msec : 0
113.0 msec : 0
113.1 msec : 0
113.2 msec : 0
113.3 msec : 0
113.4 msec : 0
113.5 msec : 0
113.6 msec : 0
113.7 msec : 0
113.8 msec : 0
113.9 msec : 0
114.0 msec : 0
114.1 msec : 0
114.2 msec : 0
114.3 msec : 0
114.4 msec : 0
114.5 msec : 0
114.6 msec : 0
114.7 msec : 0
114.8 msec : 0
114.9 msec : 0
115.0 msec : 0
115.1 msec : 0
115.2 msec : 0
115.3 msec : 0
115.4 msec : 0
115.5 msec : 0
115.6 msec : 0
115.7 msec : 0
115.8 msec : 0
115.9 msec : 0
116.0 msec : 0
116.1 msec : 0
116.2 msec : 1
116.3 msec : 0
116.4 msec : 1
116.5 msec : 2
116.6 msec : 0
116.7 msec : 0
116.8 msec : 0
116.9 msec : 0
117.0 msec : 0
117.1 msec : 0
