Middleware started...
Middleware shuts down...
Smaller resolution statistics are in a log file...
Final aggregates per worker:


Worker 46
Average throughput (ops/sec) = 87
Average response time (msec) = 7.240944409836066
Average queue length = 0
Average wait time in queue (msec) = 0.708391737704918
Average service time (msec) = 6.386290672131147
Number of SET = 0
Number of GET = 87
Number of MULTI GET = 0


Worker 47
Average throughput (ops/sec) = 85
Average response time (msec) = 7.256405295081968
Average queue length = 0
Average wait time in queue (msec) = 0.7247776393442623
Average service time (msec) = 6.408202983606557
Number of SET = 0
Number of GET = 85
Number of MULTI GET = 0


Worker 48
Average throughput (ops/sec) = 87
Average response time (msec) = 7.236321065573771
Average queue length = 3
Average wait time in queue (msec) = 0.7268491967213114
Average service time (msec) = 6.382706049180328
Number of SET = 0
Number of GET = 87
Number of MULTI GET = 0


Worker 49
Average throughput (ops/sec) = 86
Average response time (msec) = 7.283691590163934
Average queue length = 0
Average wait time in queue (msec) = 0.7157618524590164
Average service time (msec) = 6.439362327868853
Number of SET = 0
Number of GET = 86
Number of MULTI GET = 0


Worker 42
Average throughput (ops/sec) = 85
Average response time (msec) = 7.266469852459016
Average queue length = 0
Average wait time in queue (msec) = 0.6871727049180327
Average service time (msec) = 6.399153098360656
Number of SET = 0
Number of GET = 85
Number of MULTI GET = 0


Worker 43
Average throughput (ops/sec) = 84
Average response time (msec) = 7.378911409836066
Average queue length = 0
Average wait time in queue (msec) = 0.770181081967213
Average service time (msec) = 6.484679262295082
Number of SET = 0
Number of GET = 84
Number of MULTI GET = 0


Worker 44
Average throughput (ops/sec) = 86
Average response time (msec) = 7.213946770491803
Average queue length = 0
Average wait time in queue (msec) = 0.7242230491803279
Average service time (msec) = 6.345257409836066
Number of SET = 0
Number of GET = 86
Number of MULTI GET = 0


Worker 45
Average throughput (ops/sec) = 88
Average response time (msec) = 7.357015327868853
Average queue length = 0
Average wait time in queue (msec) = 0.761322131147541
Average service time (msec) = 6.374394049180328
Number of SET = 0
Number of GET = 88
Number of MULTI GET = 0


Worker 50
Average throughput (ops/sec) = 85
Average response time (msec) = 7.149548639344262
Average queue length = 12
Average wait time in queue (msec) = 0.7244162459016393
Average service time (msec) = 6.279449836065574
Number of SET = 0
Number of GET = 85
Number of MULTI GET = 0


Worker 51
Average throughput (ops/sec) = 85
Average response time (msec) = 7.334265590163934
Average queue length = 3
Average wait time in queue (msec) = 0.7013999672131147
Average service time (msec) = 6.451654147540983
Number of SET = 0
Number of GET = 85
Number of MULTI GET = 0


Worker 52
Average throughput (ops/sec) = 85
Average response time (msec) = 7.335675606557377
Average queue length = 10
Average wait time in queue (msec) = 0.7399588196721311
Average service time (msec) = 6.45315231147541
Number of SET = 0
Number of GET = 85
Number of MULTI GET = 0


Worker 57
Average throughput (ops/sec) = 85
Average response time (msec) = 7.285393868852459
Average queue length = 2
Average wait time in queue (msec) = 0.7260206721311476
Average service time (msec) = 6.412783590163934
Number of SET = 0
Number of GET = 85
Number of MULTI GET = 0


Worker 13
Average throughput (ops/sec) = 85
Average response time (msec) = 7.361241983606558
Average queue length = 6
Average wait time in queue (msec) = 0.6799175737704918
Average service time (msec) = 6.535565491803279
Number of SET = 0
Number of GET = 85
Number of MULTI GET = 0


Worker 58
Average throughput (ops/sec) = 85
Average response time (msec) = 7.453907508196721
Average queue length = 3
Average wait time in queue (msec) = 0.771704737704918
Average service time (msec) = 6.549457081967213
Number of SET = 0
Number of GET = 85
Number of MULTI GET = 0


Worker 14
Average throughput (ops/sec) = 85
Average response time (msec) = 7.270017934426229
Average queue length = 7
Average wait time in queue (msec) = 0.7793868360655737
Average service time (msec) = 6.395158639344262
Number of SET = 0
Number of GET = 85
Number of MULTI GET = 0


Worker 59
Average throughput (ops/sec) = 85
Average response time (msec) = 7.279323262295082
Average queue length = 1
Average wait time in queue (msec) = 0.7189508524590164
Average service time (msec) = 6.418448508196721
Number of SET = 0
Number of GET = 85
Number of MULTI GET = 0


Worker 15
Average throughput (ops/sec) = 84
Average response time (msec) = 7.428121016393443
Average queue length = 6
Average wait time in queue (msec) = 0.7392506885245901
Average service time (msec) = 6.563429983606557
Number of SET = 0
Number of GET = 84
Number of MULTI GET = 0


Worker 16
Average throughput (ops/sec) = 86
Average response time (msec) = 7.3201236065573765
Average queue length = 3
Average wait time in queue (msec) = 0.7278839672131148
Average service time (msec) = 6.3848050819672135
Number of SET = 0
Number of GET = 86
Number of MULTI GET = 0


Worker 53
Average throughput (ops/sec) = 85
Average response time (msec) = 7.314004573770491
Average queue length = 8
Average wait time in queue (msec) = 0.7402266885245901
Average service time (msec) = 6.424752360655738
Number of SET = 0
Number of GET = 85
Number of MULTI GET = 0


Worker 54
Average throughput (ops/sec) = 86
Average response time (msec) = 7.254445508196721
Average queue length = 5
Average wait time in queue (msec) = 0.7365371967213115
Average service time (msec) = 6.329072032786885
Number of SET = 0
Number of GET = 86
Number of MULTI GET = 0


Worker 10
Average throughput (ops/sec) = 86
Average response time (msec) = 7.1424456557377045
Average queue length = 0
Average wait time in queue (msec) = 0.6985494918032786
Average service time (msec) = 6.315659836065573
Number of SET = 0
Number of GET = 86
Number of MULTI GET = 0


Worker 55
Average throughput (ops/sec) = 85
Average response time (msec) = 7.312312360655738
Average queue length = 5
Average wait time in queue (msec) = 0.7222820327868853
Average service time (msec) = 6.431876803278688
Number of SET = 0
Number of GET = 85
Number of MULTI GET = 0


Worker 11
Average throughput (ops/sec) = 85
Average response time (msec) = 7.302452918032786
Average queue length = 1
Average wait time in queue (msec) = 0.6985485409836066
Average service time (msec) = 6.46777731147541
Number of SET = 0
Number of GET = 85
Number of MULTI GET = 0


Worker 56
Average throughput (ops/sec) = 85
Average response time (msec) = 7.279479721311475
Average queue length = 3
Average wait time in queue (msec) = 0.7138487868852459
Average service time (msec) = 6.399120491803279
Number of SET = 0
Number of GET = 85
Number of MULTI GET = 0


Worker 12
Average throughput (ops/sec) = 86
Average response time (msec) = 7.2205183770491805
Average queue length = 3
Average wait time in queue (msec) = 0.764053475409836
Average service time (msec) = 6.353556098360656
Number of SET = 0
Number of GET = 86
Number of MULTI GET = 0


Worker 17
Average throughput (ops/sec) = 85
Average response time (msec) = 7.526857229508197
Average queue length = 2
Average wait time in queue (msec) = 0.7604917704918033
Average service time (msec) = 6.6237105573770485
Number of SET = 0
Number of GET = 85
Number of MULTI GET = 0


Worker 18
Average throughput (ops/sec) = 86
Average response time (msec) = 7.395546278688525
Average queue length = 1
Average wait time in queue (msec) = 0.757871213114754
Average service time (msec) = 6.498799426229509
Number of SET = 0
Number of GET = 86
Number of MULTI GET = 0


Worker 19
Average throughput (ops/sec) = 86
Average response time (msec) = 7.385405786885245
Average queue length = 0
Average wait time in queue (msec) = 0.7861550983606557
Average service time (msec) = 6.466993852459016
Number of SET = 0
Number of GET = 86
Number of MULTI GET = 0


Worker 60
Average throughput (ops/sec) = 85
Average response time (msec) = 7.289618819672131
Average queue length = 2
Average wait time in queue (msec) = 0.7196731147540983
Average service time (msec) = 6.446707721311475
Number of SET = 0
Number of GET = 85
Number of MULTI GET = 0


Worker 61
Average throughput (ops/sec) = 85
Average response time (msec) = 7.3778643114754106
Average queue length = 1
Average wait time in queue (msec) = 0.7176576557377049
Average service time (msec) = 6.446821409836066
Number of SET = 0
Number of GET = 85
Number of MULTI GET = 0


Worker 62
Average throughput (ops/sec) = 87
Average response time (msec) = 7.175017016393443
Average queue length = 1
Average wait time in queue (msec) = 0.731218131147541
Average service time (msec) = 6.320513
Number of SET = 0
Number of GET = 87
Number of MULTI GET = 0


Worker 63
Average throughput (ops/sec) = 84
Average response time (msec) = 7.306759508196721
Average queue length = 1
Average wait time in queue (msec) = 0.718873475409836
Average service time (msec) = 6.405962131147541
Number of SET = 0
Number of GET = 84
Number of MULTI GET = 0


Worker 24
Average throughput (ops/sec) = 86
Average response time (msec) = 7.217136196721311
Average queue length = 2
Average wait time in queue (msec) = 0.7473464098360656
Average service time (msec) = 6.3150532950819676
Number of SET = 0
Number of GET = 86
Number of MULTI GET = 0


Worker 7
Average throughput (ops/sec) = 85
Average response time (msec) = 7.255665081967213
Average queue length = 4
Average wait time in queue (msec) = 0.678792868852459
Average service time (msec) = 6.432031983606557
Number of SET = 0
Number of GET = 85
Number of MULTI GET = 0


Worker 25
Average throughput (ops/sec) = 87
Average response time (msec) = 7.169061737704918
Average queue length = 1
Average wait time in queue (msec) = 0.6987011475409837
Average service time (msec) = 6.339490983606558
Number of SET = 0
Number of GET = 87
Number of MULTI GET = 0


Worker 6
Average throughput (ops/sec) = 87
Average response time (msec) = 7.192016557377049
Average queue length = 3
Average wait time in queue (msec) = 0.7008919836065574
Average service time (msec) = 6.361409016393442
Number of SET = 0
Number of GET = 87
Number of MULTI GET = 0


Worker 26
Average throughput (ops/sec) = 84
Average response time (msec) = 7.380651967213114
Average queue length = 2
Average wait time in queue (msec) = 0.6823368524590163
Average service time (msec) = 6.516817672131147
Number of SET = 0
Number of GET = 84
Number of MULTI GET = 0


Worker 9
Average throughput (ops/sec) = 87
Average response time (msec) = 7.222184606557376
Average queue length = 2
Average wait time in queue (msec) = 0.6924846557377049
Average service time (msec) = 6.382950885245902
Number of SET = 0
Number of GET = 87
Number of MULTI GET = 0


Worker 27
Average throughput (ops/sec) = 85
Average response time (msec) = 7.302239836065573
Average queue length = 1
Average wait time in queue (msec) = 0.6895661147540983
Average service time (msec) = 6.484774180327869
Number of SET = 0
Number of GET = 85
Number of MULTI GET = 0


Worker 8
Average throughput (ops/sec) = 86
Average response time (msec) = 7.210316655737705
Average queue length = 3
Average wait time in queue (msec) = 0.7129483278688524
Average service time (msec) = 6.327516557377049
Number of SET = 0
Number of GET = 86
Number of MULTI GET = 0


Worker 64
Average throughput (ops/sec) = 86
Average response time (msec) = 7.243985278688525
Average queue length = 1
Average wait time in queue (msec) = 0.7086833770491804
Average service time (msec) = 6.405195967213115
Number of SET = 0
Number of GET = 86
Number of MULTI GET = 0


Worker 20
Average throughput (ops/sec) = 85
Average response time (msec) = 7.232779983606557
Average queue length = 0
Average wait time in queue (msec) = 0.6911797213114754
Average service time (msec) = 6.381430360655738
Number of SET = 0
Number of GET = 85
Number of MULTI GET = 0


Worker 3
Average throughput (ops/sec) = 85
Average response time (msec) = 7.354718737704918
Average queue length = 0
Average wait time in queue (msec) = 0.6906428360655738
Average service time (msec) = 6.529889950819672
Number of SET = 0
Number of GET = 85
Number of MULTI GET = 0


Worker 21
Average throughput (ops/sec) = 86
Average response time (msec) = 7.279938065573771
Average queue length = 1
Average wait time in queue (msec) = 0.7709814262295083
Average service time (msec) = 6.336329852459016
Number of SET = 0
Number of GET = 86
Number of MULTI GET = 0


Worker 2
Average throughput (ops/sec) = 86
Average response time (msec) = 7.4668294754098365
Average queue length = 5
Average wait time in queue (msec) = 0.7068131639344263
Average service time (msec) = 6.427373901639344
Number of SET = 0
Number of GET = 86
Number of MULTI GET = 0


Worker 22
Average throughput (ops/sec) = 85
Average response time (msec) = 7.341044081967214
Average queue length = 5
Average wait time in queue (msec) = 0.6840660491803279
Average service time (msec) = 6.396606114754099
Number of SET = 0
Number of GET = 85
Number of MULTI GET = 0


Worker 5
Average throughput (ops/sec) = 85
Average response time (msec) = 7.293519295081968
Average queue length = 4
Average wait time in queue (msec) = 0.6914990983606557
Average service time (msec) = 6.368394393442624
Number of SET = 0
Number of GET = 85
Number of MULTI GET = 0


Worker 23
Average throughput (ops/sec) = 85
Average response time (msec) = 7.308482819672131
Average queue length = 5
Average wait time in queue (msec) = 0.6731383114754099
Average service time (msec) = 6.370635098360656
Number of SET = 0
Number of GET = 85
Number of MULTI GET = 0


Worker 4
Average throughput (ops/sec) = 85
Average response time (msec) = 7.37344875409836
Average queue length = 7
Average wait time in queue (msec) = 0.6979820983606557
Average service time (msec) = 6.543863852459016
Number of SET = 0
Number of GET = 85
Number of MULTI GET = 0


Worker 28
Average throughput (ops/sec) = 87
Average response time (msec) = 7.241753
Average queue length = 0
Average wait time in queue (msec) = 0.7113774262295083
Average service time (msec) = 6.371073180327869
Number of SET = 0
Number of GET = 87
Number of MULTI GET = 0


Worker 29
Average throughput (ops/sec) = 86
Average response time (msec) = 7.195031803278688
Average queue length = 0
Average wait time in queue (msec) = 0.6876557540983607
Average service time (msec) = 6.325483704918033
Number of SET = 0
Number of GET = 86
Number of MULTI GET = 0


Worker 1
Average throughput (ops/sec) = 86
Average response time (msec) = 7.193496344262296
Average queue length = 8
Average wait time in queue (msec) = 0.6809741639344262
Average service time (msec) = 6.365971836065573
Number of SET = 0
Number of GET = 86
Number of MULTI GET = 0


Worker 30
Average throughput (ops/sec) = 84
Average response time (msec) = 7.307094868852459
Average queue length = 0
Average wait time in queue (msec) = 0.6796461147540983
Average service time (msec) = 6.476209360655738
Number of SET = 0
Number of GET = 84
Number of MULTI GET = 0


Worker 35
Average throughput (ops/sec) = 87
Average response time (msec) = 7.264053770491803
Average queue length = 1
Average wait time in queue (msec) = 0.814118737704918
Average service time (msec) = 6.290698
Number of SET = 0
Number of GET = 87
Number of MULTI GET = 0


Worker 36
Average throughput (ops/sec) = 85
Average response time (msec) = 7.269278393442623
Average queue length = 4
Average wait time in queue (msec) = 0.7605966885245901
Average service time (msec) = 6.381741819672131
Number of SET = 0
Number of GET = 85
Number of MULTI GET = 0


Worker 37
Average throughput (ops/sec) = 85
Average response time (msec) = 7.335429770491803
Average queue length = 2
Average wait time in queue (msec) = 0.7340134262295083
Average service time (msec) = 6.46785306557377
Number of SET = 0
Number of GET = 85
Number of MULTI GET = 0


Worker 38
Average throughput (ops/sec) = 89
Average response time (msec) = 7.2560818
Average queue length = 2
Average wait time in queue (msec) = 0.7072774333333334
Average service time (msec) = 6.423977416666667
Number of SET = 0
Number of GET = 89
Number of MULTI GET = 0


Worker 31
Average throughput (ops/sec) = 86
Average response time (msec) = 7.077858721311475
Average queue length = 1
Average wait time in queue (msec) = 0.695719
Average service time (msec) = 6.253286754098361
Number of SET = 0
Number of GET = 86
Number of MULTI GET = 0


Worker 32
Average throughput (ops/sec) = 86
Average response time (msec) = 7.0643240655737705
Average queue length = 1
Average wait time in queue (msec) = 0.7130634426229507
Average service time (msec) = 6.207019131147541
Number of SET = 0
Number of GET = 86
Number of MULTI GET = 0


Worker 33
Average throughput (ops/sec) = 84
Average response time (msec) = 7.327930442622951
Average queue length = 1
Average wait time in queue (msec) = 0.7310667540983606
Average service time (msec) = 6.468408196721311
Number of SET = 0
Number of GET = 84
Number of MULTI GET = 0


Worker 34
Average throughput (ops/sec) = 85
Average response time (msec) = 7.175944344262295
Average queue length = 1
Average wait time in queue (msec) = 0.7091877049180327
Average service time (msec) = 6.348527262295082
Number of SET = 0
Number of GET = 85
Number of MULTI GET = 0


Worker 39
Average throughput (ops/sec) = 86
Average response time (msec) = 7.378505377049181
Average queue length = 0
Average wait time in queue (msec) = 0.7240862459016394
Average service time (msec) = 6.52562031147541
Number of SET = 0
Number of GET = 86
Number of MULTI GET = 0


Worker 40
Average throughput (ops/sec) = 88
Average response time (msec) = 7.174006770491803
Average queue length = 0
Average wait time in queue (msec) = 0.7489720491803279
Average service time (msec) = 6.293954262295082
Number of SET = 0
Number of GET = 88
Number of MULTI GET = 0


Worker 41
Average throughput (ops/sec) = 83
Average response time (msec) = 7.299552114754098
Average queue length = 1
Average wait time in queue (msec) = 0.6799388524590164
Average service time (msec) = 6.484042967213115
Number of SET = 0
Number of GET = 83
Number of MULTI GET = 0


FINAL STATS
Average throughput (ops/sec) = 5476
Average response time (msec) = 7.276941311821875
Average queue length = 2
Average wait time in queue (msec) = 0.7201453853568989
Average service time (msec) = 6.409357888938695
Number of SET = 0
Number of GET = 5476
Number of MULTI GET = 0
Number of Cache misses = 0
Arrival rate (lambda) = [0, 0, 0, 0, 0, 74, 4944, 5703, 5992, 5494, 5385, 5923, 5887, 5286, 5127, 5887, 5688, 5720, 5511, 5689, 5617, 5612, 5620, 6061, 5504, 5787, 5637, 5729, 5564, 5551, 5465, 5641, 5663, 5600, 5567, 5574, 5528, 5687, 5683, 5485, 5573, 5632, 5700, 5765, 5471, 5883, 5697, 5389, 5535, 5577, 5673, 5644, 5571, 5793, 5677, 5502, 5529, 5588, 5516, 5553, 5377, 5581, 5493, 5577, 5461, 5303, 50, 0]


Histogram response times (0.1 msec step)
0.0 msec : 12
0.1 msec : 102
0.2 msec : 529
0.3 msec : 1675
0.4 msec : 3721
0.5 msec : 5815
0.6 msec : 7588
0.7 msec : 8397
0.8 msec : 8957
0.9 msec : 9228
1.0 msec : 9590
1.1 msec : 9553
1.2 msec : 9212
1.3 msec : 8964
1.4 msec : 8800
1.5 msec : 8274
1.6 msec : 7607
1.7 msec : 6684
1.8 msec : 5813
1.9 msec : 4837
2.0 msec : 3859
2.1 msec : 3044
2.2 msec : 2418
2.3 msec : 1817
2.4 msec : 1445
2.5 msec : 1125
2.6 msec : 791
2.7 msec : 669
2.8 msec : 623
2.9 msec : 589
3.0 msec : 529
3.1 msec : 505
3.2 msec : 463
3.3 msec : 436
3.4 msec : 352
3.5 msec : 347
3.6 msec : 339
3.7 msec : 258
3.8 msec : 266
3.9 msec : 215
4.0 msec : 228
4.1 msec : 222
4.2 msec : 226
4.3 msec : 168
4.4 msec : 217
4.5 msec : 211
4.6 msec : 243
4.7 msec : 249
4.8 msec : 217
4.9 msec : 250
5.0 msec : 307
5.1 msec : 278
5.2 msec : 202
5.3 msec : 209
5.4 msec : 238
5.5 msec : 243
5.6 msec : 235
5.7 msec : 221
5.8 msec : 256
5.9 msec : 299
6.0 msec : 355
6.1 msec : 300
6.2 msec : 345
6.3 msec : 350
6.4 msec : 423
6.5 msec : 457
6.6 msec : 508
6.7 msec : 485
6.8 msec : 466
6.9 msec : 450
7.0 msec : 449
7.1 msec : 428
7.2 msec : 449
7.3 msec : 472
7.4 msec : 535
7.5 msec : 471
7.6 msec : 436
7.7 msec : 511
7.8 msec : 513
7.9 msec : 566
8.0 msec : 476
8.1 msec : 555
8.2 msec : 564
8.3 msec : 595
8.4 msec : 603
8.5 msec : 598
8.6 msec : 680
8.7 msec : 757
8.8 msec : 740
8.9 msec : 833
9.0 msec : 1021
9.1 msec : 1125
9.2 msec : 1164
9.3 msec : 1457
9.4 msec : 1638
9.5 msec : 1704
9.6 msec : 2078
9.7 msec : 2366
9.8 msec : 2877
9.9 msec : 3203
10.0 msec : 3600
10.1 msec : 4046
10.2 msec : 4163
10.3 msec : 4495
10.4 msec : 4746
10.5 msec : 5181
10.6 msec : 5658
10.7 msec : 5483
10.8 msec : 5639
10.9 msec : 5611
11.0 msec : 5339
11.1 msec : 5086
11.2 msec : 4890
11.3 msec : 4807
11.4 msec : 4426
11.5 msec : 4154
11.6 msec : 3884
11.7 msec : 3671
11.8 msec : 3349
11.9 msec : 3131
12.0 msec : 2890
12.1 msec : 2941
12.2 msec : 2707
12.3 msec : 2673
12.4 msec : 2743
12.5 msec : 2851
12.6 msec : 2939
12.7 msec : 3112
12.8 msec : 3251
12.9 msec : 3325
13.0 msec : 3567
13.1 msec : 3768
13.2 msec : 3847
13.3 msec : 3684
13.4 msec : 3315
13.5 msec : 2726
13.6 msec : 2244
13.7 msec : 1605
13.8 msec : 1245
13.9 msec : 862
14.0 msec : 621
14.1 msec : 391
14.2 msec : 290
14.3 msec : 220
14.4 msec : 135
14.5 msec : 108
14.6 msec : 92
14.7 msec : 88
14.8 msec : 69
14.9 msec : 66
15.0 msec : 56
15.1 msec : 63
15.2 msec : 56
15.3 msec : 56
15.4 msec : 69
15.5 msec : 79
15.6 msec : 69
15.7 msec : 60
15.8 msec : 66
15.9 msec : 46
16.0 msec : 36
16.1 msec : 41
16.2 msec : 46
16.3 msec : 49
16.4 msec : 54
16.5 msec : 46
16.6 msec : 28
16.7 msec : 39
16.8 msec : 35
16.9 msec : 37
17.0 msec : 25
17.1 msec : 17
17.2 msec : 22
17.3 msec : 22
17.4 msec : 25
17.5 msec : 26
17.6 msec : 15
17.7 msec : 11
17.8 msec : 15
17.9 msec : 13
18.0 msec : 16
18.1 msec : 11
18.2 msec : 15
18.3 msec : 7
18.4 msec : 6
18.5 msec : 6
18.6 msec : 5
18.7 msec : 4
18.8 msec : 5
18.9 msec : 10
19.0 msec : 7
19.1 msec : 8
19.2 msec : 1
19.3 msec : 1
19.4 msec : 6
19.5 msec : 3
19.6 msec : 2
19.7 msec : 4
19.8 msec : 5
19.9 msec : 2
20.0 msec : 4
20.1 msec : 4
20.2 msec : 5
20.3 msec : 2
20.4 msec : 2
20.5 msec : 0
20.6 msec : 1
20.7 msec : 1
20.8 msec : 6
20.9 msec : 5
21.0 msec : 3
21.1 msec : 1
21.2 msec : 2
21.3 msec : 7
21.4 msec : 6
21.5 msec : 6
21.6 msec : 9
21.7 msec : 6
21.8 msec : 13
21.9 msec : 7
22.0 msec : 7
22.1 msec : 10
22.2 msec : 13
22.3 msec : 11
22.4 msec : 8
22.5 msec : 8
22.6 msec : 3
22.7 msec : 8
22.8 msec : 1
22.9 msec : 7
23.0 msec : 4
23.1 msec : 5
23.2 msec : 12
23.3 msec : 3
23.4 msec : 1
23.5 msec : 10
23.6 msec : 5
23.7 msec : 3
23.8 msec : 3
23.9 msec : 5
24.0 msec : 5
24.1 msec : 3
24.2 msec : 1
24.3 msec : 4
24.4 msec : 6
24.5 msec : 1
24.6 msec : 1
24.7 msec : 4
24.8 msec : 4
24.9 msec : 3
25.0 msec : 2
25.1 msec : 6
25.2 msec : 12
25.3 msec : 10
25.4 msec : 8
25.5 msec : 4
25.6 msec : 3
25.7 msec : 5
25.8 msec : 9
25.9 msec : 8
26.0 msec : 9
26.1 msec : 5
26.2 msec : 2
26.3 msec : 5
26.4 msec : 5
26.5 msec : 11
26.6 msec : 4
26.7 msec : 4
26.8 msec : 7
26.9 msec : 3
27.0 msec : 4
27.1 msec : 3
27.2 msec : 4
27.3 msec : 6
27.4 msec : 2
27.5 msec : 2
27.6 msec : 0
27.7 msec : 3
27.8 msec : 4
27.9 msec : 4
28.0 msec : 3
28.1 msec : 6
28.2 msec : 4
28.3 msec : 7
28.4 msec : 5
28.5 msec : 4
28.6 msec : 3
28.7 msec : 1
28.8 msec : 2
28.9 msec : 2
29.0 msec : 4
29.1 msec : 1
29.2 msec : 4
29.3 msec : 2
29.4 msec : 1
29.5 msec : 2
29.6 msec : 3
29.7 msec : 2
29.8 msec : 5
29.9 msec : 4
30.0 msec : 4
30.1 msec : 2
30.2 msec : 1
30.3 msec : 3
30.4 msec : 4
30.5 msec : 1
30.6 msec : 1
30.7 msec : 3
30.8 msec : 4
30.9 msec : 2
31.0 msec : 2
31.1 msec : 2
31.2 msec : 0
31.3 msec : 2
31.4 msec : 0
31.5 msec : 0
31.6 msec : 1
31.7 msec : 1
31.8 msec : 5
31.9 msec : 3
32.0 msec : 1
32.1 msec : 0
32.2 msec : 4
32.3 msec : 4
32.4 msec : 2
32.5 msec : 3
32.6 msec : 1
32.7 msec : 1
32.8 msec : 0
32.9 msec : 0
33.0 msec : 2
33.1 msec : 2
33.2 msec : 0
33.3 msec : 0
33.4 msec : 0
33.5 msec : 0
33.6 msec : 1
33.7 msec : 0
33.8 msec : 2
33.9 msec : 0
34.0 msec : 1
34.1 msec : 1
34.2 msec : 0
34.3 msec : 0
34.4 msec : 0
34.5 msec : 0
34.6 msec : 0
34.7 msec : 0
34.8 msec : 1
34.9 msec : 0
35.0 msec : 0
35.1 msec : 0
35.2 msec : 0
35.3 msec : 0
35.4 msec : 0
35.5 msec : 1
35.6 msec : 1
35.7 msec : 1
35.8 msec : 2
35.9 msec : 1
36.0 msec : 2
36.1 msec : 2
36.2 msec : 1
36.3 msec : 0
36.4 msec : 0
36.5 msec : 1
36.6 msec : 0
36.7 msec : 2
36.8 msec : 0
36.9 msec : 0
37.0 msec : 0
37.1 msec : 1
37.2 msec : 1
37.3 msec : 0
37.4 msec : 0
37.5 msec : 1
37.6 msec : 0
37.7 msec : 1
37.8 msec : 1
37.9 msec : 1
38.0 msec : 1
38.1 msec : 1
38.2 msec : 0
38.3 msec : 1
38.4 msec : 2
38.5 msec : 0
38.6 msec : 2
38.7 msec : 0
38.8 msec : 2
38.9 msec : 3
39.0 msec : 3
39.1 msec : 8
39.2 msec : 8
39.3 msec : 6
39.4 msec : 3
39.5 msec : 5
39.6 msec : 6
39.7 msec : 1
39.8 msec : 1
39.9 msec : 1
40.0 msec : 0
40.1 msec : 1
40.2 msec : 0
40.3 msec : 1
40.4 msec : 0
40.5 msec : 0
40.6 msec : 0
40.7 msec : 0
40.8 msec : 0
40.9 msec : 0
41.0 msec : 0
41.1 msec : 0
41.2 msec : 0
41.3 msec : 0
41.4 msec : 1
41.5 msec : 0
41.6 msec : 0
41.7 msec : 0
41.8 msec : 0
41.9 msec : 0
42.0 msec : 0
42.1 msec : 0
42.2 msec : 0
42.3 msec : 0
42.4 msec : 0
42.5 msec : 0
42.6 msec : 0
42.7 msec : 0
42.8 msec : 0
42.9 msec : 0
43.0 msec : 0
43.1 msec : 0
43.2 msec : 0
43.3 msec : 0
43.4 msec : 0
43.5 msec : 0
43.6 msec : 0
43.7 msec : 0
43.8 msec : 0
43.9 msec : 0
44.0 msec : 0
44.1 msec : 0
44.2 msec : 0
44.3 msec : 1
44.4 msec : 0
44.5 msec : 1
44.6 msec : 3
44.7 msec : 7
44.8 msec : 2
44.9 msec : 1
45.0 msec : 1
45.1 msec : 3
45.2 msec : 2
45.3 msec : 0
45.4 msec : 1
45.5 msec : 5
45.6 msec : 4
45.7 msec : 2
45.8 msec : 2
45.9 msec : 0
46.0 msec : 1
46.1 msec : 0
46.2 msec : 0
46.3 msec : 0
46.4 msec : 0
46.5 msec : 0
46.6 msec : 0
46.7 msec : 0
46.8 msec : 0
46.9 msec : 0
47.0 msec : 0
47.1 msec : 0
47.2 msec : 0
47.3 msec : 0
47.4 msec : 0
47.5 msec : 0
47.6 msec : 0
47.7 msec : 0
47.8 msec : 0
47.9 msec : 0
48.0 msec : 0
48.1 msec : 0
48.2 msec : 0
48.3 msec : 0
48.4 msec : 0
48.5 msec : 0
48.6 msec : 0
48.7 msec : 0
48.8 msec : 0
48.9 msec : 0
49.0 msec : 0
49.1 msec : 0
49.2 msec : 0
49.3 msec : 0
49.4 msec : 0
49.5 msec : 0
49.6 msec : 0
49.7 msec : 0
49.8 msec : 0
49.9 msec : 0
50.0 msec : 0
50.1 msec : 0
50.2 msec : 0
50.3 msec : 0
50.4 msec : 0
50.5 msec : 0
50.6 msec : 0
50.7 msec : 0
50.8 msec : 0
50.9 msec : 0
51.0 msec : 0
51.1 msec : 0
51.2 msec : 0
51.3 msec : 0
51.4 msec : 0
51.5 msec : 0
51.6 msec : 0
51.7 msec : 0
51.8 msec : 0
51.9 msec : 0
52.0 msec : 0
52.1 msec : 0
52.2 msec : 0
52.3 msec : 0
52.4 msec : 0
52.5 msec : 0
52.6 msec : 0
52.7 msec : 0
52.8 msec : 0
52.9 msec : 0
53.0 msec : 0
53.1 msec : 0
53.2 msec : 0
53.3 msec : 0
53.4 msec : 0
53.5 msec : 0
53.6 msec : 0
53.7 msec : 0
53.8 msec : 0
53.9 msec : 0
54.0 msec : 0
54.1 msec : 0
54.2 msec : 0
54.3 msec : 0
54.4 msec : 0
54.5 msec : 0
54.6 msec : 0
54.7 msec : 0
54.8 msec : 0
54.9 msec : 0
55.0 msec : 0
55.1 msec : 0
55.2 msec : 0
55.3 msec : 0
55.4 msec : 0
55.5 msec : 0
55.6 msec : 0
55.7 msec : 0
55.8 msec : 0
55.9 msec : 0
56.0 msec : 0
56.1 msec : 0
56.2 msec : 0
56.3 msec : 0
56.4 msec : 0
56.5 msec : 0
56.6 msec : 0
56.7 msec : 0
56.8 msec : 0
56.9 msec : 0
57.0 msec : 0
57.1 msec : 0
57.2 msec : 0
57.3 msec : 0
57.4 msec : 0
57.5 msec : 0
57.6 msec : 0
57.7 msec : 0
57.8 msec : 0
57.9 msec : 0
58.0 msec : 0
58.1 msec : 0
58.2 msec : 0
58.3 msec : 0
58.4 msec : 0
58.5 msec : 0
58.6 msec : 0
58.7 msec : 0
58.8 msec : 0
58.9 msec : 0
59.0 msec : 0
59.1 msec : 0
59.2 msec : 0
59.3 msec : 0
59.4 msec : 0
59.5 msec : 0
59.6 msec : 0
59.7 msec : 0
59.8 msec : 0
59.9 msec : 0
60.0 msec : 0
60.1 msec : 0
60.2 msec : 0
60.3 msec : 0
60.4 msec : 0
60.5 msec : 0
60.6 msec : 0
60.7 msec : 0
60.8 msec : 0
60.9 msec : 0
61.0 msec : 0
61.1 msec : 0
61.2 msec : 0
61.3 msec : 0
61.4 msec : 0
61.5 msec : 0
61.6 msec : 0
61.7 msec : 0
61.8 msec : 0
61.9 msec : 0
62.0 msec : 0
62.1 msec : 0
62.2 msec : 0
62.3 msec : 0
62.4 msec : 0
62.5 msec : 0
62.6 msec : 0
62.7 msec : 0
62.8 msec : 0
62.9 msec : 0
63.0 msec : 0
63.1 msec : 0
63.2 msec : 0
63.3 msec : 0
63.4 msec : 0
63.5 msec : 0
63.6 msec : 0
63.7 msec : 0
63.8 msec : 0
63.9 msec : 0
64.0 msec : 0
64.1 msec : 0
64.2 msec : 0
64.3 msec : 0
64.4 msec : 0
64.5 msec : 0
64.6 msec : 0
64.7 msec : 0
64.8 msec : 0
64.9 msec : 0
65.0 msec : 0
65.1 msec : 0
65.2 msec : 1
65.3 msec : 2
65.4 msec : 1
65.5 msec : 2
65.6 msec : 2
65.7 msec : 1
65.8 msec : 2
65.9 msec : 0
66.0 msec : 1
66.1 msec : 0
66.2 msec : 4
66.3 msec : 3
66.4 msec : 0
66.5 msec : 0
66.6 msec : 1
66.7 msec : 1
66.8 msec : 1
66.9 msec : 1
67.0 msec : 0
67.1 msec : 1
67.2 msec : 2
67.3 msec : 1
67.4 msec : 0
67.5 msec : 0
67.6 msec : 0
67.7 msec : 0
67.8 msec : 0
67.9 msec : 1
68.0 msec : 2
68.1 msec : 3
68.2 msec : 0
68.3 msec : 0
68.4 msec : 0
68.5 msec : 0
68.6 msec : 1
68.7 msec : 1
68.8 msec : 2
68.9 msec : 1
69.0 msec : 0
69.1 msec : 5
69.2 msec : 3
69.3 msec : 0
69.4 msec : 0
69.5 msec : 0
69.6 msec : 0
69.7 msec : 0
69.8 msec : 0
