Middleware started...
Middleware shuts down...
Smaller resolution statistics are in a log file...
Final aggregates per worker:


Worker 46
Average throughput (ops/sec) = 83
Average response time (msec) = 10.156985147540983
Average queue length = 6
Average wait time in queue (msec) = 1.2917134098360654
Average service time (msec) = 8.730996590163935
Number of SET = 0
Number of GET = 83
Number of MULTI GET = 0


Worker 47
Average throughput (ops/sec) = 86
Average response time (msec) = 9.917436918032788
Average queue length = 5
Average wait time in queue (msec) = 1.2618048852459016
Average service time (msec) = 8.52598619672131
Number of SET = 0
Number of GET = 86
Number of MULTI GET = 0


Worker 48
Average throughput (ops/sec) = 85
Average response time (msec) = 10.015832508196722
Average queue length = 6
Average wait time in queue (msec) = 1.2435025573770493
Average service time (msec) = 8.64707549180328
Number of SET = 0
Number of GET = 85
Number of MULTI GET = 0


Worker 49
Average throughput (ops/sec) = 83
Average response time (msec) = 10.179302
Average queue length = 4
Average wait time in queue (msec) = 1.2487125409836066
Average service time (msec) = 8.79116662295082
Number of SET = 0
Number of GET = 83
Number of MULTI GET = 0


Worker 42
Average throughput (ops/sec) = 84
Average response time (msec) = 10.11746149180328
Average queue length = 8
Average wait time in queue (msec) = 1.3056090491803278
Average service time (msec) = 8.683511016393442
Number of SET = 0
Number of GET = 84
Number of MULTI GET = 0


Worker 43
Average throughput (ops/sec) = 84
Average response time (msec) = 10.032024344262295
Average queue length = 13
Average wait time in queue (msec) = 1.2402656885245902
Average service time (msec) = 8.664932163934427
Number of SET = 0
Number of GET = 84
Number of MULTI GET = 0


Worker 44
Average throughput (ops/sec) = 84
Average response time (msec) = 10.085046262295082
Average queue length = 13
Average wait time in queue (msec) = 1.2295454590163934
Average service time (msec) = 8.712141950819673
Number of SET = 0
Number of GET = 83
Number of MULTI GET = 0


Worker 45
Average throughput (ops/sec) = 85
Average response time (msec) = 9.996260590163935
Average queue length = 7
Average wait time in queue (msec) = 1.2855915901639345
Average service time (msec) = 8.559046737704918
Number of SET = 0
Number of GET = 85
Number of MULTI GET = 0


Worker 50
Average throughput (ops/sec) = 82
Average response time (msec) = 10.259650836065573
Average queue length = 7
Average wait time in queue (msec) = 1.2581010983606558
Average service time (msec) = 8.876034573770491
Number of SET = 0
Number of GET = 82
Number of MULTI GET = 0


Worker 51
Average throughput (ops/sec) = 84
Average response time (msec) = 10.095390737704918
Average queue length = 3
Average wait time in queue (msec) = 1.2763347704918033
Average service time (msec) = 8.681556032786885
Number of SET = 0
Number of GET = 84
Number of MULTI GET = 0


Worker 52
Average throughput (ops/sec) = 83
Average response time (msec) = 10.078855573770491
Average queue length = 4
Average wait time in queue (msec) = 1.2066216229508198
Average service time (msec) = 8.74448786885246
Number of SET = 0
Number of GET = 83
Number of MULTI GET = 0


Worker 57
Average throughput (ops/sec) = 84
Average response time (msec) = 10.056509147540982
Average queue length = 2
Average wait time in queue (msec) = 1.2672652131147542
Average service time (msec) = 8.648672163934426
Number of SET = 0
Number of GET = 84
Number of MULTI GET = 0


Worker 13
Average throughput (ops/sec) = 85
Average response time (msec) = 10.025542918032787
Average queue length = 2
Average wait time in queue (msec) = 1.2994066229508199
Average service time (msec) = 8.580355770491803
Number of SET = 0
Number of GET = 85
Number of MULTI GET = 0


Worker 58
Average throughput (ops/sec) = 83
Average response time (msec) = 10.210742262295081
Average queue length = 3
Average wait time in queue (msec) = 1.2640402459016393
Average service time (msec) = 8.778239213114754
Number of SET = 0
Number of GET = 83
Number of MULTI GET = 0


Worker 14
Average throughput (ops/sec) = 86
Average response time (msec) = 9.935688573770491
Average queue length = 2
Average wait time in queue (msec) = 1.2621430983606559
Average service time (msec) = 8.540094475409836
Number of SET = 0
Number of GET = 86
Number of MULTI GET = 0


Worker 59
Average throughput (ops/sec) = 83
Average response time (msec) = 10.13579568852459
Average queue length = 15
Average wait time in queue (msec) = 1.2972030163934427
Average service time (msec) = 8.699952409836065
Number of SET = 0
Number of GET = 83
Number of MULTI GET = 0


Worker 15
Average throughput (ops/sec) = 83
Average response time (msec) = 10.125030147540983
Average queue length = 2
Average wait time in queue (msec) = 1.228244737704918
Average service time (msec) = 8.713735196721311
Number of SET = 0
Number of GET = 83
Number of MULTI GET = 0


Worker 16
Average throughput (ops/sec) = 84
Average response time (msec) = 10.140171868852459
Average queue length = 2
Average wait time in queue (msec) = 1.2692932622950819
Average service time (msec) = 8.738698459016394
Number of SET = 0
Number of GET = 84
Number of MULTI GET = 0


Worker 53
Average throughput (ops/sec) = 82
Average response time (msec) = 10.299481770491804
Average queue length = 6
Average wait time in queue (msec) = 1.2931956721311475
Average service time (msec) = 8.868587180327868
Number of SET = 0
Number of GET = 82
Number of MULTI GET = 0


Worker 54
Average throughput (ops/sec) = 84
Average response time (msec) = 10.01821931147541
Average queue length = 6
Average wait time in queue (msec) = 1.2550306721311475
Average service time (msec) = 8.629931131147542
Number of SET = 0
Number of GET = 84
Number of MULTI GET = 0


Worker 10
Average throughput (ops/sec) = 86
Average response time (msec) = 10.047020491803279
Average queue length = 16
Average wait time in queue (msec) = 1.25669368852459
Average service time (msec) = 8.586433245901638
Number of SET = 0
Number of GET = 86
Number of MULTI GET = 0


Worker 55
Average throughput (ops/sec) = 85
Average response time (msec) = 10.031056540983606
Average queue length = 5
Average wait time in queue (msec) = 1.265767262295082
Average service time (msec) = 8.620575803278689
Number of SET = 0
Number of GET = 85
Number of MULTI GET = 0


Worker 11
Average throughput (ops/sec) = 84
Average response time (msec) = 10.134858590163935
Average queue length = 12
Average wait time in queue (msec) = 1.3018780327868853
Average service time (msec) = 8.702331295081967
Number of SET = 0
Number of GET = 84
Number of MULTI GET = 0


Worker 56
Average throughput (ops/sec) = 85
Average response time (msec) = 10.023155606557376
Average queue length = 2
Average wait time in queue (msec) = 1.2454712786885247
Average service time (msec) = 8.613309016393442
Number of SET = 0
Number of GET = 85
Number of MULTI GET = 0


Worker 12
Average throughput (ops/sec) = 85
Average response time (msec) = 9.995627770491803
Average queue length = 4
Average wait time in queue (msec) = 1.2273583114754099
Average service time (msec) = 8.600379393442623
Number of SET = 0
Number of GET = 85
Number of MULTI GET = 0


Worker 17
Average throughput (ops/sec) = 86
Average response time (msec) = 9.84163493442623
Average queue length = 3
Average wait time in queue (msec) = 1.2323427213114755
Average service time (msec) = 8.48356637704918
Number of SET = 0
Number of GET = 86
Number of MULTI GET = 0


Worker 18
Average throughput (ops/sec) = 85
Average response time (msec) = 10.032285114754098
Average queue length = 0
Average wait time in queue (msec) = 1.2641121147540986
Average service time (msec) = 8.628999786885247
Number of SET = 0
Number of GET = 85
Number of MULTI GET = 0


Worker 19
Average throughput (ops/sec) = 85
Average response time (msec) = 9.993362573770492
Average queue length = 2
Average wait time in queue (msec) = 1.2224643278688525
Average service time (msec) = 8.626677147540983
Number of SET = 0
Number of GET = 85
Number of MULTI GET = 0


Worker 60
Average throughput (ops/sec) = 86
Average response time (msec) = 9.923598409836066
Average queue length = 7
Average wait time in queue (msec) = 1.2800472459016394
Average service time (msec) = 8.516182196721312
Number of SET = 0
Number of GET = 86
Number of MULTI GET = 0


Worker 61
Average throughput (ops/sec) = 84
Average response time (msec) = 10.032322016393442
Average queue length = 8
Average wait time in queue (msec) = 1.2472422295081966
Average service time (msec) = 8.64969462295082
Number of SET = 0
Number of GET = 84
Number of MULTI GET = 0


Worker 62
Average throughput (ops/sec) = 84
Average response time (msec) = 10.078830311475409
Average queue length = 19
Average wait time in queue (msec) = 1.2443119836065573
Average service time (msec) = 8.699491540983606
Number of SET = 0
Number of GET = 84
Number of MULTI GET = 0


Worker 63
Average throughput (ops/sec) = 84
Average response time (msec) = 10.114637098360657
Average queue length = 6
Average wait time in queue (msec) = 1.2758794262295081
Average service time (msec) = 8.694112901639345
Number of SET = 0
Number of GET = 84
Number of MULTI GET = 0


Worker 24
Average throughput (ops/sec) = 85
Average response time (msec) = 9.961210590163935
Average queue length = 7
Average wait time in queue (msec) = 1.2640078524590166
Average service time (msec) = 8.567210508196721
Number of SET = 0
Number of GET = 85
Number of MULTI GET = 0


Worker 7
Average throughput (ops/sec) = 84
Average response time (msec) = 10.100713114754097
Average queue length = 1
Average wait time in queue (msec) = 1.2415227868852459
Average service time (msec) = 8.68932431147541
Number of SET = 0
Number of GET = 84
Number of MULTI GET = 0


Worker 25
Average throughput (ops/sec) = 86
Average response time (msec) = 9.891322836065573
Average queue length = 17
Average wait time in queue (msec) = 1.2772975901639345
Average service time (msec) = 8.506060180327868
Number of SET = 0
Number of GET = 86
Number of MULTI GET = 0


Worker 6
Average throughput (ops/sec) = 85
Average response time (msec) = 10.062791524590164
Average queue length = 2
Average wait time in queue (msec) = 1.323246049180328
Average service time (msec) = 8.603360606557377
Number of SET = 0
Number of GET = 85
Number of MULTI GET = 0


Worker 26
Average throughput (ops/sec) = 84
Average response time (msec) = 10.053135704918033
Average queue length = 3
Average wait time in queue (msec) = 1.248562737704918
Average service time (msec) = 8.653780754098362
Number of SET = 0
Number of GET = 84
Number of MULTI GET = 0


Worker 9
Average throughput (ops/sec) = 86
Average response time (msec) = 9.974262016393443
Average queue length = 0
Average wait time in queue (msec) = 1.3117631475409834
Average service time (msec) = 8.510343295081967
Number of SET = 0
Number of GET = 86
Number of MULTI GET = 0


Worker 27
Average throughput (ops/sec) = 83
Average response time (msec) = 10.124534737704918
Average queue length = 9
Average wait time in queue (msec) = 1.2099021967213115
Average service time (msec) = 8.752206278688524
Number of SET = 0
Number of GET = 83
Number of MULTI GET = 0


Worker 8
Average throughput (ops/sec) = 85
Average response time (msec) = 9.982645016393441
Average queue length = 1
Average wait time in queue (msec) = 1.2443901967213113
Average service time (msec) = 8.59500413114754
Number of SET = 0
Number of GET = 85
Number of MULTI GET = 0


Worker 64
Average throughput (ops/sec) = 85
Average response time (msec) = 10.090701901639344
Average queue length = 17
Average wait time in queue (msec) = 1.307280950819672
Average service time (msec) = 8.639716704918033
Number of SET = 0
Number of GET = 85
Number of MULTI GET = 0


Worker 20
Average throughput (ops/sec) = 86
Average response time (msec) = 9.950394098360656
Average queue length = 5
Average wait time in queue (msec) = 1.268048131147541
Average service time (msec) = 8.527566737704918
Number of SET = 0
Number of GET = 86
Number of MULTI GET = 0


Worker 3
Average throughput (ops/sec) = 85
Average response time (msec) = 10.027387098360656
Average queue length = 0
Average wait time in queue (msec) = 1.2780621475409835
Average service time (msec) = 8.618668655737705
Number of SET = 0
Number of GET = 85
Number of MULTI GET = 0


Worker 21
Average throughput (ops/sec) = 84
Average response time (msec) = 10.108287852459018
Average queue length = 8
Average wait time in queue (msec) = 1.2747218196721313
Average service time (msec) = 8.683962704918033
Number of SET = 0
Number of GET = 84
Number of MULTI GET = 0


Worker 2
Average throughput (ops/sec) = 85
Average response time (msec) = 10.033550918032788
Average queue length = 15
Average wait time in queue (msec) = 1.3020783442622952
Average service time (msec) = 8.590332114754098
Number of SET = 0
Number of GET = 85
Number of MULTI GET = 0


Worker 22
Average throughput (ops/sec) = 83
Average response time (msec) = 10.231390852459016
Average queue length = 5
Average wait time in queue (msec) = 1.2982737540983607
Average service time (msec) = 8.772203131147542
Number of SET = 0
Number of GET = 83
Number of MULTI GET = 0


Worker 5
Average throughput (ops/sec) = 84
Average response time (msec) = 10.081040163934427
Average queue length = 1
Average wait time in queue (msec) = 1.2675239180327869
Average service time (msec) = 8.653557278688524
Number of SET = 0
Number of GET = 84
Number of MULTI GET = 0


Worker 23
Average throughput (ops/sec) = 83
Average response time (msec) = 10.102599459016394
Average queue length = 6
Average wait time in queue (msec) = 1.2243191967213114
Average service time (msec) = 8.674431950819674
Number of SET = 0
Number of GET = 83
Number of MULTI GET = 0


Worker 4
Average throughput (ops/sec) = 85
Average response time (msec) = 10.011174098360655
Average queue length = 2
Average wait time in queue (msec) = 1.2690980655737705
Average service time (msec) = 8.595751590163935
Number of SET = 0
Number of GET = 85
Number of MULTI GET = 0


Worker 28
Average throughput (ops/sec) = 84
Average response time (msec) = 10.089085967213114
Average queue length = 6
Average wait time in queue (msec) = 1.243890049180328
Average service time (msec) = 8.704533360655738
Number of SET = 0
Number of GET = 84
Number of MULTI GET = 0


Worker 29
Average throughput (ops/sec) = 85
Average response time (msec) = 9.952964147540984
Average queue length = 7
Average wait time in queue (msec) = 1.2445172459016394
Average service time (msec) = 8.57789249180328
Number of SET = 0
Number of GET = 85
Number of MULTI GET = 0


Worker 1
Average throughput (ops/sec) = 83
Average response time (msec) = 10.190144295081968
Average queue length = 2
Average wait time in queue (msec) = 1.2434774426229507
Average service time (msec) = 8.792023360655739
Number of SET = 0
Number of GET = 83
Number of MULTI GET = 0


Worker 30
Average throughput (ops/sec) = 85
Average response time (msec) = 10.009793819672131
Average queue length = 9
Average wait time in queue (msec) = 1.2988217868852459
Average service time (msec) = 8.585232049180327
Number of SET = 0
Number of GET = 85
Number of MULTI GET = 0


Worker 35
Average throughput (ops/sec) = 82
Average response time (msec) = 10.238572508196722
Average queue length = 2
Average wait time in queue (msec) = 1.2567549016393442
Average service time (msec) = 8.817381803278689
Number of SET = 0
Number of GET = 82
Number of MULTI GET = 0


Worker 36
Average throughput (ops/sec) = 85
Average response time (msec) = 10.023785967213115
Average queue length = 13
Average wait time in queue (msec) = 1.321512163934426
Average service time (msec) = 8.56889831147541
Number of SET = 0
Number of GET = 85
Number of MULTI GET = 0


Worker 37
Average throughput (ops/sec) = 83
Average response time (msec) = 10.108436360655737
Average queue length = 3
Average wait time in queue (msec) = 1.246283
Average service time (msec) = 8.734558868852458
Number of SET = 0
Number of GET = 83
Number of MULTI GET = 0


Worker 38
Average throughput (ops/sec) = 86
Average response time (msec) = 9.939994295081968
Average queue length = 9
Average wait time in queue (msec) = 1.2739770327868853
Average service time (msec) = 8.527655590163935
Number of SET = 0
Number of GET = 86
Number of MULTI GET = 0


Worker 31
Average throughput (ops/sec) = 86
Average response time (msec) = 9.951524049180327
Average queue length = 2
Average wait time in queue (msec) = 1.3339070327868854
Average service time (msec) = 8.482222786885247
Number of SET = 0
Number of GET = 86
Number of MULTI GET = 0


Worker 32
Average throughput (ops/sec) = 85
Average response time (msec) = 9.905992245901638
Average queue length = 6
Average wait time in queue (msec) = 1.216577836065574
Average service time (msec) = 8.564214098360656
Number of SET = 0
Number of GET = 85
Number of MULTI GET = 0


Worker 33
Average throughput (ops/sec) = 83
Average response time (msec) = 10.134354245901639
Average queue length = 8
Average wait time in queue (msec) = 1.2673085737704919
Average service time (msec) = 8.727467081967212
Number of SET = 0
Number of GET = 83
Number of MULTI GET = 0


Worker 34
Average throughput (ops/sec) = 85
Average response time (msec) = 10.053258245901638
Average queue length = 10
Average wait time in queue (msec) = 1.2636634098360655
Average service time (msec) = 8.649036918032788
Number of SET = 0
Number of GET = 85
Number of MULTI GET = 0


Worker 39
Average throughput (ops/sec) = 84
Average response time (msec) = 10.045782213114753
Average queue length = 10
Average wait time in queue (msec) = 1.250210524590164
Average service time (msec) = 8.661477262295083
Number of SET = 0
Number of GET = 84
Number of MULTI GET = 0


Worker 40
Average throughput (ops/sec) = 84
Average response time (msec) = 10.00803693442623
Average queue length = 16
Average wait time in queue (msec) = 1.25650268852459
Average service time (msec) = 8.613889737704918
Number of SET = 0
Number of GET = 84
Number of MULTI GET = 0


Worker 41
Average throughput (ops/sec) = 83
Average response time (msec) = 10.119626786885247
Average queue length = 17
Average wait time in queue (msec) = 1.260824786885246
Average service time (msec) = 8.721951229508196
Number of SET = 0
Number of GET = 83
Number of MULTI GET = 0


FINAL STATS
Average throughput (ops/sec) = 5397
Average response time (msec) = 10.076251833199398
Average queue length = 6
Average wait time in queue (msec) = 1.2646175186987705
Average service time (msec) = 8.649982350922132
Number of SET = 0
Number of GET = 5396
Number of MULTI GET = 0
Number of Cache misses = 0
Arrival rate (lambda) = [0, 0, 0, 0, 0, 463, 5591, 5581, 5363, 5376, 5438, 5341, 5592, 5439, 5264, 5646, 5685, 5434, 5580, 5643, 5460, 5335, 5459, 5487, 5536, 5391, 5552, 5522, 5486, 5479, 5518, 5534, 5475, 5411, 5579, 5600, 5577, 5431, 5484, 5487, 5719, 5408, 5681, 5675, 5530, 5594, 5612, 5668, 5495, 5571, 5504, 5668, 5540, 5516, 5602, 5513, 5458, 5496, 5549, 5560, 5454, 5606, 5544, 5613, 5612, 4579, 66, 0]


Histogram response times (0.1 msec step)
0.0 msec : 34
0.1 msec : 341
0.2 msec : 1308
0.3 msec : 2775
0.4 msec : 4375
0.5 msec : 5936
0.6 msec : 6514
0.7 msec : 7178
0.8 msec : 7235
0.9 msec : 7012
1.0 msec : 6536
1.1 msec : 5685
1.2 msec : 5180
1.3 msec : 4220
1.4 msec : 3401
1.5 msec : 2683
1.6 msec : 1912
1.7 msec : 1385
1.8 msec : 982
1.9 msec : 746
2.0 msec : 626
2.1 msec : 480
2.2 msec : 398
2.3 msec : 266
2.4 msec : 278
2.5 msec : 258
2.6 msec : 196
2.7 msec : 210
2.8 msec : 149
2.9 msec : 142
3.0 msec : 155
3.1 msec : 142
3.2 msec : 157
3.3 msec : 120
3.4 msec : 125
3.5 msec : 131
3.6 msec : 121
3.7 msec : 112
3.8 msec : 87
3.9 msec : 78
4.0 msec : 89
4.1 msec : 86
4.2 msec : 112
4.3 msec : 85
4.4 msec : 63
4.5 msec : 65
4.6 msec : 84
4.7 msec : 103
4.8 msec : 115
4.9 msec : 104
5.0 msec : 76
5.1 msec : 164
5.2 msec : 91
5.3 msec : 122
5.4 msec : 113
5.5 msec : 128
5.6 msec : 134
5.7 msec : 144
5.8 msec : 130
5.9 msec : 136
6.0 msec : 207
6.1 msec : 199
6.2 msec : 174
6.3 msec : 169
6.4 msec : 216
6.5 msec : 247
6.6 msec : 246
6.7 msec : 211
6.8 msec : 223
6.9 msec : 252
7.0 msec : 179
7.1 msec : 255
7.2 msec : 289
7.3 msec : 253
7.4 msec : 245
7.5 msec : 230
7.6 msec : 251
7.7 msec : 280
7.8 msec : 251
7.9 msec : 270
8.0 msec : 291
8.1 msec : 249
8.2 msec : 322
8.3 msec : 299
8.4 msec : 383
8.5 msec : 364
8.6 msec : 394
8.7 msec : 461
8.8 msec : 455
8.9 msec : 424
9.0 msec : 427
9.1 msec : 479
9.2 msec : 484
9.3 msec : 474
9.4 msec : 562
9.5 msec : 575
9.6 msec : 505
9.7 msec : 596
9.8 msec : 727
9.9 msec : 706
10.0 msec : 850
10.1 msec : 961
10.2 msec : 1174
10.3 msec : 1300
10.4 msec : 1589
10.5 msec : 1743
10.6 msec : 1977
10.7 msec : 2238
10.8 msec : 2524
10.9 msec : 2892
11.0 msec : 3137
11.1 msec : 3555
11.2 msec : 4079
11.3 msec : 4483
11.4 msec : 4675
11.5 msec : 5185
11.6 msec : 5483
11.7 msec : 5580
11.8 msec : 5877
11.9 msec : 6053
12.0 msec : 6077
12.1 msec : 6331
12.2 msec : 6323
12.3 msec : 6827
12.4 msec : 7329
12.5 msec : 7684
12.6 msec : 7958
12.7 msec : 8889
12.8 msec : 9638
12.9 msec : 10698
13.0 msec : 11179
13.1 msec : 11997
13.2 msec : 12346
13.3 msec : 11737
13.4 msec : 10296
13.5 msec : 8718
13.6 msec : 6851
13.7 msec : 5238
13.8 msec : 3568
13.9 msec : 2318
14.0 msec : 1544
14.1 msec : 1030
14.2 msec : 628
14.3 msec : 460
14.4 msec : 328
14.5 msec : 269
14.6 msec : 194
14.7 msec : 146
14.8 msec : 123
14.9 msec : 165
15.0 msec : 120
15.1 msec : 147
15.2 msec : 92
15.3 msec : 80
15.4 msec : 104
15.5 msec : 95
15.6 msec : 83
15.7 msec : 73
15.8 msec : 74
15.9 msec : 63
16.0 msec : 63
16.1 msec : 71
16.2 msec : 69
16.3 msec : 56
16.4 msec : 93
16.5 msec : 59
16.6 msec : 55
16.7 msec : 40
16.8 msec : 36
16.9 msec : 48
17.0 msec : 25
17.1 msec : 42
17.2 msec : 29
17.3 msec : 24
17.4 msec : 43
17.5 msec : 48
17.6 msec : 49
17.7 msec : 50
17.8 msec : 43
17.9 msec : 33
18.0 msec : 31
18.1 msec : 29
18.2 msec : 32
18.3 msec : 22
18.4 msec : 21
18.5 msec : 14
18.6 msec : 5
18.7 msec : 9
18.8 msec : 14
18.9 msec : 19
19.0 msec : 14
19.1 msec : 8
19.2 msec : 9
19.3 msec : 16
19.4 msec : 11
19.5 msec : 10
19.6 msec : 11
19.7 msec : 9
19.8 msec : 10
19.9 msec : 6
20.0 msec : 8
20.1 msec : 6
20.2 msec : 7
20.3 msec : 5
20.4 msec : 2
20.5 msec : 3
20.6 msec : 5
20.7 msec : 6
20.8 msec : 11
20.9 msec : 15
21.0 msec : 6
21.1 msec : 9
21.2 msec : 13
21.3 msec : 16
21.4 msec : 13
21.5 msec : 5
21.6 msec : 4
21.7 msec : 3
21.8 msec : 3
21.9 msec : 4
22.0 msec : 3
22.1 msec : 2
22.2 msec : 4
22.3 msec : 3
22.4 msec : 3
22.5 msec : 6
22.6 msec : 3
22.7 msec : 3
22.8 msec : 3
22.9 msec : 3
23.0 msec : 0
23.1 msec : 3
23.2 msec : 5
23.3 msec : 1
23.4 msec : 2
23.5 msec : 1
23.6 msec : 2
23.7 msec : 3
23.8 msec : 10
23.9 msec : 5
24.0 msec : 5
24.1 msec : 8
24.2 msec : 3
24.3 msec : 1
24.4 msec : 4
24.5 msec : 4
24.6 msec : 2
24.7 msec : 8
24.8 msec : 3
24.9 msec : 6
25.0 msec : 1
25.1 msec : 1
25.2 msec : 4
25.3 msec : 1
25.4 msec : 2
25.5 msec : 1
25.6 msec : 5
25.7 msec : 3
25.8 msec : 4
25.9 msec : 3
26.0 msec : 5
26.1 msec : 7
26.2 msec : 19
26.3 msec : 14
26.4 msec : 3
26.5 msec : 9
26.6 msec : 12
26.7 msec : 7
26.8 msec : 21
26.9 msec : 17
27.0 msec : 17
27.1 msec : 12
27.2 msec : 9
27.3 msec : 4
27.4 msec : 21
27.5 msec : 16
27.6 msec : 3
27.7 msec : 14
27.8 msec : 13
27.9 msec : 20
28.0 msec : 23
28.1 msec : 7
28.2 msec : 5
28.3 msec : 5
28.4 msec : 3
28.5 msec : 4
28.6 msec : 1
28.7 msec : 1
28.8 msec : 4
28.9 msec : 4
29.0 msec : 1
29.1 msec : 3
29.2 msec : 3
29.3 msec : 0
29.4 msec : 1
29.5 msec : 0
29.6 msec : 0
29.7 msec : 0
29.8 msec : 3
29.9 msec : 1
30.0 msec : 2
30.1 msec : 0
30.2 msec : 0
30.3 msec : 2
30.4 msec : 1
30.5 msec : 2
30.6 msec : 0
30.7 msec : 0
30.8 msec : 1
30.9 msec : 5
31.0 msec : 2
31.1 msec : 0
31.2 msec : 1
31.3 msec : 4
31.4 msec : 2
31.5 msec : 2
31.6 msec : 1
31.7 msec : 2
31.8 msec : 1
31.9 msec : 1
32.0 msec : 1
32.1 msec : 1
32.2 msec : 1
32.3 msec : 2
32.4 msec : 1
32.5 msec : 0
32.6 msec : 0
32.7 msec : 0
32.8 msec : 0
32.9 msec : 0
33.0 msec : 0
33.1 msec : 1
33.2 msec : 0
33.3 msec : 0
33.4 msec : 0
33.5 msec : 1
33.6 msec : 1
33.7 msec : 2
33.8 msec : 0
33.9 msec : 1
34.0 msec : 0
34.1 msec : 3
34.2 msec : 0
34.3 msec : 1
34.4 msec : 2
34.5 msec : 6
34.6 msec : 3
34.7 msec : 0
34.8 msec : 6
34.9 msec : 3
35.0 msec : 4
35.1 msec : 4
35.2 msec : 2
35.3 msec : 4
35.4 msec : 3
35.5 msec : 2
35.6 msec : 0
35.7 msec : 2
35.8 msec : 0
35.9 msec : 0
36.0 msec : 1
36.1 msec : 2
36.2 msec : 0
36.3 msec : 1
36.4 msec : 0
36.5 msec : 0
36.6 msec : 1
36.7 msec : 1
36.8 msec : 2
36.9 msec : 2
37.0 msec : 1
37.1 msec : 2
37.2 msec : 2
37.3 msec : 1
37.4 msec : 0
37.5 msec : 0
37.6 msec : 0
37.7 msec : 0
37.8 msec : 1
37.9 msec : 1
38.0 msec : 1
38.1 msec : 2
38.2 msec : 2
38.3 msec : 3
38.4 msec : 3
38.5 msec : 7
38.6 msec : 1
38.7 msec : 2
38.8 msec : 1
38.9 msec : 0
39.0 msec : 3
39.1 msec : 1
39.2 msec : 2
39.3 msec : 4
39.4 msec : 4
39.5 msec : 3
39.6 msec : 1
39.7 msec : 3
39.8 msec : 6
39.9 msec : 6
40.0 msec : 1
40.1 msec : 0
40.2 msec : 0
40.3 msec : 4
40.4 msec : 0
40.5 msec : 4
40.6 msec : 1
40.7 msec : 3
40.8 msec : 3
40.9 msec : 4
41.0 msec : 7
41.1 msec : 1
41.2 msec : 2
41.3 msec : 3
41.4 msec : 0
41.5 msec : 2
41.6 msec : 2
41.7 msec : 1
41.8 msec : 2
41.9 msec : 1
42.0 msec : 2
42.1 msec : 0
42.2 msec : 0
42.3 msec : 0
42.4 msec : 3
42.5 msec : 1
42.6 msec : 2
42.7 msec : 0
42.8 msec : 1
42.9 msec : 1
43.0 msec : 0
43.1 msec : 3
43.2 msec : 2
43.3 msec : 3
43.4 msec : 1
43.5 msec : 1
43.6 msec : 1
43.7 msec : 1
43.8 msec : 0
43.9 msec : 0
44.0 msec : 1
44.1 msec : 0
44.2 msec : 1
44.3 msec : 0
44.4 msec : 1
44.5 msec : 1
44.6 msec : 1
44.7 msec : 1
44.8 msec : 0
44.9 msec : 0
45.0 msec : 0
45.1 msec : 1
45.2 msec : 2
45.3 msec : 2
45.4 msec : 5
45.5 msec : 5
45.6 msec : 2
45.7 msec : 2
45.8 msec : 2
45.9 msec : 2
46.0 msec : 1
46.1 msec : 3
46.2 msec : 1
46.3 msec : 2
46.4 msec : 0
46.5 msec : 1
46.6 msec : 0
46.7 msec : 0
46.8 msec : 0
46.9 msec : 1
47.0 msec : 0
47.1 msec : 3
47.2 msec : 1
47.3 msec : 1
47.4 msec : 3
47.5 msec : 2
47.6 msec : 2
47.7 msec : 1
47.8 msec : 0
47.9 msec : 0
48.0 msec : 0
48.1 msec : 0
48.2 msec : 1
48.3 msec : 2
48.4 msec : 1
48.5 msec : 1
48.6 msec : 1
48.7 msec : 0
48.8 msec : 3
48.9 msec : 1
49.0 msec : 0
49.1 msec : 0
49.2 msec : 1
49.3 msec : 0
49.4 msec : 0
49.5 msec : 1
49.6 msec : 1
49.7 msec : 2
49.8 msec : 0
49.9 msec : 2
50.0 msec : 0
50.1 msec : 3
50.2 msec : 1
50.3 msec : 0
50.4 msec : 0
50.5 msec : 0
50.6 msec : 0
50.7 msec : 0
50.8 msec : 0
50.9 msec : 0
51.0 msec : 0
51.1 msec : 0
51.2 msec : 0
51.3 msec : 0
51.4 msec : 0
51.5 msec : 0
51.6 msec : 0
51.7 msec : 0
51.8 msec : 0
51.9 msec : 0
52.0 msec : 0
52.1 msec : 0
52.2 msec : 0
52.3 msec : 0
52.4 msec : 0
52.5 msec : 0
52.6 msec : 0
52.7 msec : 0
52.8 msec : 0
52.9 msec : 0
53.0 msec : 0
53.1 msec : 0
53.2 msec : 0
53.3 msec : 0
53.4 msec : 0
53.5 msec : 0
53.6 msec : 0
53.7 msec : 0
53.8 msec : 0
53.9 msec : 0
54.0 msec : 0
54.1 msec : 0
54.2 msec : 0
54.3 msec : 0
54.4 msec : 0
54.5 msec : 0
54.6 msec : 0
54.7 msec : 0
54.8 msec : 0
54.9 msec : 0
55.0 msec : 0
55.1 msec : 0
55.2 msec : 0
55.3 msec : 0
55.4 msec : 0
55.5 msec : 0
55.6 msec : 0
55.7 msec : 0
55.8 msec : 0
55.9 msec : 1
56.0 msec : 1
56.1 msec : 1
56.2 msec : 2
56.3 msec : 1
56.4 msec : 0
56.5 msec : 1
56.6 msec : 3
56.7 msec : 4
56.8 msec : 0
56.9 msec : 3
57.0 msec : 0
57.1 msec : 1
57.2 msec : 2
57.3 msec : 0
57.4 msec : 0
57.5 msec : 1
57.6 msec : 0
57.7 msec : 0
57.8 msec : 0
57.9 msec : 1
58.0 msec : 0
58.1 msec : 0
58.2 msec : 1
58.3 msec : 0
58.4 msec : 0
58.5 msec : 1
58.6 msec : 1
58.7 msec : 1
58.8 msec : 2
58.9 msec : 1
59.0 msec : 0
59.1 msec : 1
59.2 msec : 3
