Middleware started...
Middleware shuts down...
Smaller resolution statistics are in a log file...
Final aggregates per worker:


Worker 46
Average throughput (ops/sec) = 84
Average response time (msec) = 3.402987950819672
Average queue length = 4
Average wait time in queue (msec) = 0.49158196721311476
Average service time (msec) = 2.7644097213114756
Number of SET = 0
Number of GET = 84
Number of MULTI GET = 0


Worker 47
Average throughput (ops/sec) = 85
Average response time (msec) = 3.3694119180327866
Average queue length = 4
Average wait time in queue (msec) = 0.48140262295081965
Average service time (msec) = 2.774743606557377
Number of SET = 0
Number of GET = 85
Number of MULTI GET = 0


Worker 48
Average throughput (ops/sec) = 84
Average response time (msec) = 3.411177967213115
Average queue length = 4
Average wait time in queue (msec) = 0.44482903278688524
Average service time (msec) = 2.8340370163934425
Number of SET = 0
Number of GET = 84
Number of MULTI GET = 0


Worker 49
Average throughput (ops/sec) = 84
Average response time (msec) = 3.3305833934426228
Average queue length = 4
Average wait time in queue (msec) = 0.46544396721311476
Average service time (msec) = 2.743968655737705
Number of SET = 0
Number of GET = 84
Number of MULTI GET = 0


Worker 42
Average throughput (ops/sec) = 83
Average response time (msec) = 3.3941742786885243
Average queue length = 3
Average wait time in queue (msec) = 0.49494260655737704
Average service time (msec) = 2.784818393442623
Number of SET = 0
Number of GET = 83
Number of MULTI GET = 0


Worker 43
Average throughput (ops/sec) = 85
Average response time (msec) = 3.3176032622950817
Average queue length = 4
Average wait time in queue (msec) = 0.45408565573770493
Average service time (msec) = 2.7385170163934425
Number of SET = 0
Number of GET = 85
Number of MULTI GET = 0


Worker 44
Average throughput (ops/sec) = 84
Average response time (msec) = 3.4382378524590163
Average queue length = 4
Average wait time in queue (msec) = 0.4870609180327869
Average service time (msec) = 2.8094783770491802
Number of SET = 0
Number of GET = 84
Number of MULTI GET = 0


Worker 45
Average throughput (ops/sec) = 83
Average response time (msec) = 3.5304956885245904
Average queue length = 3
Average wait time in queue (msec) = 0.5359029836065574
Average service time (msec) = 2.8651085409836066
Number of SET = 0
Number of GET = 83
Number of MULTI GET = 0


Worker 50
Average throughput (ops/sec) = 83
Average response time (msec) = 3.499684229508197
Average queue length = 4
Average wait time in queue (msec) = 0.5038908360655738
Average service time (msec) = 2.878157032786885
Number of SET = 0
Number of GET = 83
Number of MULTI GET = 0


Worker 51
Average throughput (ops/sec) = 85
Average response time (msec) = 3.389515426229508
Average queue length = 3
Average wait time in queue (msec) = 0.4810836229508197
Average service time (msec) = 2.7756129344262295
Number of SET = 0
Number of GET = 85
Number of MULTI GET = 0


Worker 52
Average throughput (ops/sec) = 84
Average response time (msec) = 3.424230901639344
Average queue length = 1
Average wait time in queue (msec) = 0.47180631147540986
Average service time (msec) = 2.830173426229508
Number of SET = 0
Number of GET = 84
Number of MULTI GET = 0


Worker 57
Average throughput (ops/sec) = 86
Average response time (msec) = 3.376233295081967
Average queue length = 1
Average wait time in queue (msec) = 0.47657662295081965
Average service time (msec) = 2.7674878032786885
Number of SET = 0
Number of GET = 86
Number of MULTI GET = 0


Worker 13
Average throughput (ops/sec) = 84
Average response time (msec) = 3.550760704918033
Average queue length = 3
Average wait time in queue (msec) = 0.5169972950819672
Average service time (msec) = 2.8685447213114754
Number of SET = 0
Number of GET = 84
Number of MULTI GET = 0


Worker 58
Average throughput (ops/sec) = 82
Average response time (msec) = 3.312951229508197
Average queue length = 1
Average wait time in queue (msec) = 0.4379702295081967
Average service time (msec) = 2.753395475409836
Number of SET = 0
Number of GET = 82
Number of MULTI GET = 0


Worker 14
Average throughput (ops/sec) = 84
Average response time (msec) = 3.386552295081967
Average queue length = 5
Average wait time in queue (msec) = 0.4542012950819672
Average service time (msec) = 2.7805422131147544
Number of SET = 0
Number of GET = 84
Number of MULTI GET = 0


Worker 59
Average throughput (ops/sec) = 85
Average response time (msec) = 3.403458393442623
Average queue length = 1
Average wait time in queue (msec) = 0.5224887540983607
Average service time (msec) = 2.763283967213115
Number of SET = 0
Number of GET = 85
Number of MULTI GET = 0


Worker 15
Average throughput (ops/sec) = 83
Average response time (msec) = 3.420748344262295
Average queue length = 4
Average wait time in queue (msec) = 0.462816524590164
Average service time (msec) = 2.8239644262295083
Number of SET = 0
Number of GET = 83
Number of MULTI GET = 0


Worker 16
Average throughput (ops/sec) = 83
Average response time (msec) = 3.3424421147540984
Average queue length = 6
Average wait time in queue (msec) = 0.4613059344262295
Average service time (msec) = 2.738773737704918
Number of SET = 0
Number of GET = 83
Number of MULTI GET = 0


Worker 53
Average throughput (ops/sec) = 85
Average response time (msec) = 3.3239866065573773
Average queue length = 1
Average wait time in queue (msec) = 0.4742792786885246
Average service time (msec) = 2.720688032786885
Number of SET = 0
Number of GET = 85
Number of MULTI GET = 0


Worker 54
Average throughput (ops/sec) = 83
Average response time (msec) = 3.4382498688524588
Average queue length = 2
Average wait time in queue (msec) = 0.48751031147540985
Average service time (msec) = 2.8344960327868853
Number of SET = 0
Number of GET = 83
Number of MULTI GET = 0


Worker 10
Average throughput (ops/sec) = 84
Average response time (msec) = 3.460915081967213
Average queue length = 6
Average wait time in queue (msec) = 0.48422645901639344
Average service time (msec) = 2.837166131147541
Number of SET = 0
Number of GET = 84
Number of MULTI GET = 0


Worker 55
Average throughput (ops/sec) = 86
Average response time (msec) = 3.435326213114754
Average queue length = 1
Average wait time in queue (msec) = 0.5251148688524591
Average service time (msec) = 2.771020704918033
Number of SET = 0
Number of GET = 86
Number of MULTI GET = 0


Worker 11
Average throughput (ops/sec) = 82
Average response time (msec) = 3.4131817868852456
Average queue length = 3
Average wait time in queue (msec) = 0.45639611475409836
Average service time (msec) = 2.777323393442623
Number of SET = 0
Number of GET = 82
Number of MULTI GET = 0


Worker 56
Average throughput (ops/sec) = 84
Average response time (msec) = 3.3644994590163932
Average queue length = 1
Average wait time in queue (msec) = 0.49315324590163934
Average service time (msec) = 2.757058098360656
Number of SET = 0
Number of GET = 84
Number of MULTI GET = 0


Worker 12
Average throughput (ops/sec) = 84
Average response time (msec) = 3.435805606557377
Average queue length = 5
Average wait time in queue (msec) = 0.5078044918032787
Average service time (msec) = 2.8019235573770493
Number of SET = 0
Number of GET = 84
Number of MULTI GET = 0


Worker 17
Average throughput (ops/sec) = 85
Average response time (msec) = 3.478832803278688
Average queue length = 6
Average wait time in queue (msec) = 0.5269467377049181
Average service time (msec) = 2.7723845737704917
Number of SET = 0
Number of GET = 85
Number of MULTI GET = 0


Worker 18
Average throughput (ops/sec) = 83
Average response time (msec) = 3.4457170327868853
Average queue length = 1
Average wait time in queue (msec) = 0.47265904918032786
Average service time (msec) = 2.8064062622950816
Number of SET = 0
Number of GET = 83
Number of MULTI GET = 0


Worker 19
Average throughput (ops/sec) = 84
Average response time (msec) = 3.406686557377049
Average queue length = 0
Average wait time in queue (msec) = 0.4772579180327869
Average service time (msec) = 2.818318295081967
Number of SET = 0
Number of GET = 84
Number of MULTI GET = 0


Worker 60
Average throughput (ops/sec) = 83
Average response time (msec) = 3.4271457868852457
Average queue length = 1
Average wait time in queue (msec) = 0.49249759016393446
Average service time (msec) = 2.805748229508197
Number of SET = 0
Number of GET = 83
Number of MULTI GET = 0


Worker 61
Average throughput (ops/sec) = 84
Average response time (msec) = 3.3365311967213116
Average queue length = 1
Average wait time in queue (msec) = 0.43614631147540983
Average service time (msec) = 2.774540032786885
Number of SET = 0
Number of GET = 84
Number of MULTI GET = 0


Worker 62
Average throughput (ops/sec) = 85
Average response time (msec) = 3.401519475409836
Average queue length = 3
Average wait time in queue (msec) = 0.4818057049180328
Average service time (msec) = 2.7894187377049184
Number of SET = 0
Number of GET = 85
Number of MULTI GET = 0


Worker 63
Average throughput (ops/sec) = 85
Average response time (msec) = 3.2289066393442623
Average queue length = 1
Average wait time in queue (msec) = 0.45274975409836066
Average service time (msec) = 2.657828459016393
Number of SET = 0
Number of GET = 85
Number of MULTI GET = 0


Worker 24
Average throughput (ops/sec) = 84
Average response time (msec) = 3.409927918032787
Average queue length = 1
Average wait time in queue (msec) = 0.481362737704918
Average service time (msec) = 2.7919512459016396
Number of SET = 0
Number of GET = 84
Number of MULTI GET = 0


Worker 7
Average throughput (ops/sec) = 83
Average response time (msec) = 3.3797943278688525
Average queue length = 3
Average wait time in queue (msec) = 0.47510816393442623
Average service time (msec) = 2.749662573770492
Number of SET = 0
Number of GET = 83
Number of MULTI GET = 0


Worker 25
Average throughput (ops/sec) = 86
Average response time (msec) = 3.323302032786885
Average queue length = 2
Average wait time in queue (msec) = 0.47125824590163934
Average service time (msec) = 2.7410501147540987
Number of SET = 0
Number of GET = 86
Number of MULTI GET = 0


Worker 6
Average throughput (ops/sec) = 85
Average response time (msec) = 3.442749819672131
Average queue length = 4
Average wait time in queue (msec) = 0.4711853606557377
Average service time (msec) = 2.8020049672131147
Number of SET = 0
Number of GET = 85
Number of MULTI GET = 0


Worker 26
Average throughput (ops/sec) = 86
Average response time (msec) = 3.3468044918032787
Average queue length = 3
Average wait time in queue (msec) = 0.4603241639344262
Average service time (msec) = 2.747974655737705
Number of SET = 0
Number of GET = 86
Number of MULTI GET = 0


Worker 9
Average throughput (ops/sec) = 83
Average response time (msec) = 3.4728655901639347
Average queue length = 3
Average wait time in queue (msec) = 0.5328142459016394
Average service time (msec) = 2.759470180327869
Number of SET = 0
Number of GET = 83
Number of MULTI GET = 0


Worker 27
Average throughput (ops/sec) = 86
Average response time (msec) = 3.354352032786885
Average queue length = 2
Average wait time in queue (msec) = 0.48502524590163937
Average service time (msec) = 2.7576289344262293
Number of SET = 0
Number of GET = 86
Number of MULTI GET = 0


Worker 8
Average throughput (ops/sec) = 85
Average response time (msec) = 3.3443290163934427
Average queue length = 4
Average wait time in queue (msec) = 0.47588603278688524
Average service time (msec) = 2.723456819672131
Number of SET = 0
Number of GET = 85
Number of MULTI GET = 0


Worker 64
Average throughput (ops/sec) = 86
Average response time (msec) = 3.2931388032786884
Average queue length = 2
Average wait time in queue (msec) = 0.4578956393442623
Average service time (msec) = 2.7073943114754098
Number of SET = 0
Number of GET = 86
Number of MULTI GET = 0


Worker 20
Average throughput (ops/sec) = 84
Average response time (msec) = 3.358104
Average queue length = 0
Average wait time in queue (msec) = 0.4687696229508197
Average service time (msec) = 2.748581737704918
Number of SET = 0
Number of GET = 84
Number of MULTI GET = 0


Worker 3
Average throughput (ops/sec) = 85
Average response time (msec) = 3.3983592131147544
Average queue length = 2
Average wait time in queue (msec) = 0.48149229508196717
Average service time (msec) = 2.762540704918033
Number of SET = 0
Number of GET = 85
Number of MULTI GET = 0


Worker 21
Average throughput (ops/sec) = 85
Average response time (msec) = 3.343989393442623
Average queue length = 1
Average wait time in queue (msec) = 0.45075545901639347
Average service time (msec) = 2.7422071639344265
Number of SET = 0
Number of GET = 85
Number of MULTI GET = 0


Worker 2
Average throughput (ops/sec) = 86
Average response time (msec) = 3.365545704918033
Average queue length = 4
Average wait time in queue (msec) = 0.472004868852459
Average service time (msec) = 2.7533420491803278
Number of SET = 0
Number of GET = 86
Number of MULTI GET = 0


Worker 22
Average throughput (ops/sec) = 85
Average response time (msec) = 3.436077475409836
Average queue length = 2
Average wait time in queue (msec) = 0.4679480983606557
Average service time (msec) = 2.7726849180327866
Number of SET = 0
Number of GET = 85
Number of MULTI GET = 0


Worker 5
Average throughput (ops/sec) = 83
Average response time (msec) = 3.363387918032787
Average queue length = 3
Average wait time in queue (msec) = 0.463313868852459
Average service time (msec) = 2.760044672131148
Number of SET = 0
Number of GET = 83
Number of MULTI GET = 0


Worker 23
Average throughput (ops/sec) = 82
Average response time (msec) = 3.5326726885245905
Average queue length = 2
Average wait time in queue (msec) = 0.511735737704918
Average service time (msec) = 2.900075704918033
Number of SET = 0
Number of GET = 82
Number of MULTI GET = 0


Worker 4
Average throughput (ops/sec) = 85
Average response time (msec) = 3.3580508360655736
Average queue length = 3
Average wait time in queue (msec) = 0.478352262295082
Average service time (msec) = 2.730130098360656
Number of SET = 0
Number of GET = 85
Number of MULTI GET = 0


Worker 28
Average throughput (ops/sec) = 84
Average response time (msec) = 3.3920975409836065
Average queue length = 1
Average wait time in queue (msec) = 0.5301842295081967
Average service time (msec) = 2.7555259836065575
Number of SET = 0
Number of GET = 84
Number of MULTI GET = 0


Worker 29
Average throughput (ops/sec) = 84
Average response time (msec) = 3.3687422131147544
Average queue length = 1
Average wait time in queue (msec) = 0.5016422131147541
Average service time (msec) = 2.714643524590164
Number of SET = 0
Number of GET = 84
Number of MULTI GET = 0


Worker 1
Average throughput (ops/sec) = 83
Average response time (msec) = 3.5589828852459013
Average queue length = 4
Average wait time in queue (msec) = 0.460911
Average service time (msec) = 2.823743295081967
Number of SET = 0
Number of GET = 83
Number of MULTI GET = 0


Worker 30
Average throughput (ops/sec) = 85
Average response time (msec) = 3.3759764918032786
Average queue length = 0
Average wait time in queue (msec) = 0.4463671967213115
Average service time (msec) = 2.7865729344262293
Number of SET = 0
Number of GET = 85
Number of MULTI GET = 0


Worker 35
Average throughput (ops/sec) = 84
Average response time (msec) = 3.4025255901639344
Average queue length = 2
Average wait time in queue (msec) = 0.5022919508196722
Average service time (msec) = 2.7823702786885245
Number of SET = 0
Number of GET = 84
Number of MULTI GET = 0


Worker 36
Average throughput (ops/sec) = 85
Average response time (msec) = 3.35697
Average queue length = 3
Average wait time in queue (msec) = 0.4881073442622951
Average service time (msec) = 2.7537214098360656
Number of SET = 0
Number of GET = 85
Number of MULTI GET = 0


Worker 37
Average throughput (ops/sec) = 85
Average response time (msec) = 3.4807413770491804
Average queue length = 2
Average wait time in queue (msec) = 0.5681321803278689
Average service time (msec) = 2.8016584262295083
Number of SET = 0
Number of GET = 85
Number of MULTI GET = 0


Worker 38
Average throughput (ops/sec) = 85
Average response time (msec) = 3.392346262295082
Average queue length = 0
Average wait time in queue (msec) = 0.4786416721311475
Average service time (msec) = 2.8057247540983603
Number of SET = 0
Number of GET = 85
Number of MULTI GET = 0


Worker 31
Average throughput (ops/sec) = 82
Average response time (msec) = 3.400534295081967
Average queue length = 0
Average wait time in queue (msec) = 0.4922312131147541
Average service time (msec) = 2.797833704918033
Number of SET = 0
Number of GET = 82
Number of MULTI GET = 0


Worker 32
Average throughput (ops/sec) = 85
Average response time (msec) = 3.3669410655737706
Average queue length = 0
Average wait time in queue (msec) = 0.46767042622950816
Average service time (msec) = 2.7879340163934425
Number of SET = 0
Number of GET = 85
Number of MULTI GET = 0


Worker 33
Average throughput (ops/sec) = 83
Average response time (msec) = 3.361287393442623
Average queue length = 1
Average wait time in queue (msec) = 0.47895998360655734
Average service time (msec) = 2.755116950819672
Number of SET = 0
Number of GET = 83
Number of MULTI GET = 0


Worker 34
Average throughput (ops/sec) = 85
Average response time (msec) = 3.390825508196721
Average queue length = 3
Average wait time in queue (msec) = 0.4919037868852459
Average service time (msec) = 2.790327344262295
Number of SET = 0
Number of GET = 85
Number of MULTI GET = 0


Worker 39
Average throughput (ops/sec) = 85
Average response time (msec) = 3.355151180327869
Average queue length = 2
Average wait time in queue (msec) = 0.5025374098360655
Average service time (msec) = 2.7212667213114754
Number of SET = 0
Number of GET = 85
Number of MULTI GET = 0


Worker 40
Average throughput (ops/sec) = 82
Average response time (msec) = 3.4119311311475413
Average queue length = 2
Average wait time in queue (msec) = 0.4899108360655738
Average service time (msec) = 2.8084631475409836
Number of SET = 0
Number of GET = 82
Number of MULTI GET = 0


Worker 41
Average throughput (ops/sec) = 84
Average response time (msec) = 3.382313901639344
Average queue length = 2
Average wait time in queue (msec) = 0.47384452459016396
Average service time (msec) = 2.7857082459016396
Number of SET = 0
Number of GET = 84
Number of MULTI GET = 0


FINAL STATS
Average throughput (ops/sec) = 5388
Average response time (msec) = 3.3465443156210393
Average queue length = 2
Average wait time in queue (msec) = 0.48267973488729504
Average service time (msec) = 2.7787523311987705
Number of SET = 0
Number of GET = 5388
Number of MULTI GET = 0
Number of Cache misses = 0
Arrival rate (lambda) = [0, 0, 0, 0, 0, 471, 4163, 5178, 5330, 5115, 5399, 5206, 5499, 5455, 5396, 5675, 5520, 5366, 5508, 5593, 5507, 5252, 5276, 5641, 5491, 5602, 5435, 5461, 5390, 5341, 5935, 5649, 6168, 5486, 5404, 5576, 5589, 5488, 5654, 5567, 5533, 5743, 5728, 5578, 5445, 5756, 5387, 5568, 5587, 5598, 5748, 5443, 5477, 5505, 5517, 5818, 5536, 5801, 5895, 5859, 5564, 5475, 5456, 5537, 5781, 4478, 26, 0]


Histogram response times (0.1 msec step)
0.0 msec : 90
0.1 msec : 977
0.2 msec : 4010
0.3 msec : 9383
0.4 msec : 15783
0.5 msec : 20599
0.6 msec : 23053
0.7 msec : 22164
0.8 msec : 20920
0.9 msec : 18779
1.0 msec : 16037
1.1 msec : 13326
1.2 msec : 11302
1.3 msec : 9800
1.4 msec : 7905
1.5 msec : 6492
1.6 msec : 5202
1.7 msec : 4198
1.8 msec : 3496
1.9 msec : 2789
2.0 msec : 2198
2.1 msec : 1901
2.2 msec : 1596
2.3 msec : 1489
2.4 msec : 1259
2.5 msec : 1116
2.6 msec : 1008
2.7 msec : 1002
2.8 msec : 985
2.9 msec : 957
3.0 msec : 811
3.1 msec : 811
3.2 msec : 829
3.3 msec : 808
3.4 msec : 718
3.5 msec : 681
3.6 msec : 709
3.7 msec : 755
3.8 msec : 577
3.9 msec : 603
4.0 msec : 630
4.1 msec : 642
4.2 msec : 584
4.3 msec : 620
4.4 msec : 708
4.5 msec : 636
4.6 msec : 618
4.7 msec : 680
4.8 msec : 642
4.9 msec : 618
5.0 msec : 612
5.1 msec : 638
5.2 msec : 698
5.3 msec : 762
5.4 msec : 720
5.5 msec : 811
5.6 msec : 789
5.7 msec : 956
5.8 msec : 1159
5.9 msec : 1164
6.0 msec : 1234
6.1 msec : 1269
6.2 msec : 1254
6.3 msec : 1268
6.4 msec : 1324
6.5 msec : 1358
6.6 msec : 1394
6.7 msec : 1393
6.8 msec : 1398
6.9 msec : 1413
7.0 msec : 1360
7.1 msec : 1414
7.2 msec : 1413
7.3 msec : 1581
7.4 msec : 1731
7.5 msec : 1803
7.6 msec : 1889
7.7 msec : 1958
7.8 msec : 2159
7.9 msec : 2171
8.0 msec : 1985
8.1 msec : 2218
8.2 msec : 2311
8.3 msec : 2496
8.4 msec : 2379
8.5 msec : 2327
8.6 msec : 2311
8.7 msec : 2198
8.8 msec : 2393
8.9 msec : 2193
9.0 msec : 2191
9.1 msec : 2182
9.2 msec : 2069
9.3 msec : 1921
9.4 msec : 1822
9.5 msec : 1706
9.6 msec : 1489
9.7 msec : 1479
9.8 msec : 1309
9.9 msec : 1168
10.0 msec : 1061
10.1 msec : 906
10.2 msec : 885
10.3 msec : 679
10.4 msec : 559
10.5 msec : 421
10.6 msec : 350
10.7 msec : 284
10.8 msec : 279
10.9 msec : 205
11.0 msec : 198
11.1 msec : 136
11.2 msec : 120
11.3 msec : 132
11.4 msec : 97
11.5 msec : 99
11.6 msec : 103
11.7 msec : 68
11.8 msec : 65
11.9 msec : 59
12.0 msec : 53
12.1 msec : 54
12.2 msec : 42
12.3 msec : 46
12.4 msec : 26
12.5 msec : 40
12.6 msec : 32
12.7 msec : 57
12.8 msec : 53
12.9 msec : 34
13.0 msec : 17
13.1 msec : 15
13.2 msec : 12
13.3 msec : 29
13.4 msec : 19
13.5 msec : 13
13.6 msec : 22
13.7 msec : 22
13.8 msec : 13
13.9 msec : 15
14.0 msec : 6
14.1 msec : 6
14.2 msec : 5
14.3 msec : 7
14.4 msec : 4
14.5 msec : 11
14.6 msec : 5
14.7 msec : 3
14.8 msec : 6
14.9 msec : 6
15.0 msec : 4
15.1 msec : 4
15.2 msec : 2
15.3 msec : 3
15.4 msec : 7
15.5 msec : 2
15.6 msec : 5
15.7 msec : 2
15.8 msec : 4
15.9 msec : 10
16.0 msec : 3
16.1 msec : 4
16.2 msec : 7
16.3 msec : 15
16.4 msec : 17
16.5 msec : 8
16.6 msec : 5
16.7 msec : 7
16.8 msec : 8
16.9 msec : 8
17.0 msec : 6
17.1 msec : 4
17.2 msec : 6
17.3 msec : 4
17.4 msec : 2
17.5 msec : 3
17.6 msec : 0
17.7 msec : 0
17.8 msec : 3
17.9 msec : 4
18.0 msec : 0
18.1 msec : 5
18.2 msec : 7
18.3 msec : 7
18.4 msec : 3
18.5 msec : 6
18.6 msec : 2
18.7 msec : 5
18.8 msec : 1
18.9 msec : 0
19.0 msec : 0
19.1 msec : 0
19.2 msec : 7
19.3 msec : 5
19.4 msec : 11
19.5 msec : 6
19.6 msec : 3
19.7 msec : 2
19.8 msec : 5
19.9 msec : 2
20.0 msec : 0
20.1 msec : 3
20.2 msec : 2
20.3 msec : 6
20.4 msec : 2
20.5 msec : 3
20.6 msec : 0
20.7 msec : 1
20.8 msec : 1
20.9 msec : 4
21.0 msec : 14
21.1 msec : 7
21.2 msec : 0
21.3 msec : 0
21.4 msec : 0
21.5 msec : 0
21.6 msec : 2
21.7 msec : 1
21.8 msec : 1
21.9 msec : 3
22.0 msec : 2
22.1 msec : 1
22.2 msec : 3
22.3 msec : 3
22.4 msec : 0
22.5 msec : 0
22.6 msec : 0
22.7 msec : 0
22.8 msec : 1
22.9 msec : 0
23.0 msec : 1
23.1 msec : 2
23.2 msec : 1
23.3 msec : 2
23.4 msec : 0
23.5 msec : 1
23.6 msec : 2
23.7 msec : 7
23.8 msec : 2
23.9 msec : 6
24.0 msec : 0
24.1 msec : 5
24.2 msec : 1
24.3 msec : 1
24.4 msec : 4
24.5 msec : 2
24.6 msec : 3
24.7 msec : 0
24.8 msec : 0
24.9 msec : 0
25.0 msec : 1
25.1 msec : 1
25.2 msec : 0
25.3 msec : 0
25.4 msec : 0
25.5 msec : 1
25.6 msec : 1
25.7 msec : 4
25.8 msec : 0
25.9 msec : 3
26.0 msec : 2
26.1 msec : 1
26.2 msec : 3
26.3 msec : 4
26.4 msec : 1
26.5 msec : 3
26.6 msec : 1
26.7 msec : 1
26.8 msec : 0
26.9 msec : 0
27.0 msec : 0
27.1 msec : 0
27.2 msec : 0
27.3 msec : 0
27.4 msec : 0
27.5 msec : 0
27.6 msec : 0
27.7 msec : 0
27.8 msec : 0
27.9 msec : 2
28.0 msec : 0
28.1 msec : 1
28.2 msec : 0
28.3 msec : 1
28.4 msec : 0
28.5 msec : 0
28.6 msec : 0
28.7 msec : 1
28.8 msec : 1
28.9 msec : 0
29.0 msec : 2
29.1 msec : 0
29.2 msec : 0
29.3 msec : 2
29.4 msec : 2
29.5 msec : 0
29.6 msec : 0
29.7 msec : 2
29.8 msec : 1
29.9 msec : 3
30.0 msec : 1
30.1 msec : 2
30.2 msec : 2
30.3 msec : 0
30.4 msec : 2
30.5 msec : 1
30.6 msec : 0
30.7 msec : 0
30.8 msec : 1
30.9 msec : 2
31.0 msec : 0
31.1 msec : 1
31.2 msec : 1
31.3 msec : 0
31.4 msec : 0
31.5 msec : 1
31.6 msec : 0
31.7 msec : 1
31.8 msec : 0
31.9 msec : 0
32.0 msec : 0
32.1 msec : 0
32.2 msec : 0
32.3 msec : 1
32.4 msec : 1
32.5 msec : 1
32.6 msec : 0
32.7 msec : 0
32.8 msec : 2
32.9 msec : 1
33.0 msec : 0
33.1 msec : 0
33.2 msec : 0
33.3 msec : 0
33.4 msec : 1
33.5 msec : 0
33.6 msec : 0
33.7 msec : 0
33.8 msec : 0
33.9 msec : 0
34.0 msec : 1
34.1 msec : 0
34.2 msec : 0
34.3 msec : 0
34.4 msec : 0
34.5 msec : 0
34.6 msec : 0
34.7 msec : 0
34.8 msec : 0
34.9 msec : 0
35.0 msec : 0
35.1 msec : 0
35.2 msec : 0
35.3 msec : 0
35.4 msec : 0
35.5 msec : 0
35.6 msec : 0
35.7 msec : 0
35.8 msec : 0
35.9 msec : 0
36.0 msec : 0
36.1 msec : 0
36.2 msec : 0
36.3 msec : 0
36.4 msec : 0
36.5 msec : 0
36.6 msec : 0
36.7 msec : 0
36.8 msec : 0
36.9 msec : 0
37.0 msec : 0
37.1 msec : 0
37.2 msec : 0
37.3 msec : 0
37.4 msec : 0
37.5 msec : 0
37.6 msec : 0
37.7 msec : 0
37.8 msec : 0
37.9 msec : 0
38.0 msec : 0
38.1 msec : 0
38.2 msec : 0
38.3 msec : 0
38.4 msec : 0
38.5 msec : 0
38.6 msec : 0
38.7 msec : 0
38.8 msec : 0
38.9 msec : 0
39.0 msec : 0
39.1 msec : 0
39.2 msec : 0
39.3 msec : 0
39.4 msec : 0
39.5 msec : 0
39.6 msec : 0
39.7 msec : 0
39.8 msec : 0
39.9 msec : 0
40.0 msec : 0
40.1 msec : 1
40.2 msec : 1
40.3 msec : 0
40.4 msec : 1
40.5 msec : 0
40.6 msec : 0
40.7 msec : 0
40.8 msec : 0
40.9 msec : 0
41.0 msec : 0
41.1 msec : 0
41.2 msec : 0
41.3 msec : 0
41.4 msec : 0
41.5 msec : 0
41.6 msec : 0
41.7 msec : 0
41.8 msec : 0
41.9 msec : 0
42.0 msec : 0
42.1 msec : 0
42.2 msec : 0
42.3 msec : 0
42.4 msec : 0
42.5 msec : 0
42.6 msec : 1
42.7 msec : 1
42.8 msec : 0
42.9 msec : 4
43.0 msec : 1
43.1 msec : 4
43.2 msec : 3
43.3 msec : 3
43.4 msec : 1
43.5 msec : 0
43.6 msec : 0
43.7 msec : 1
43.8 msec : 0
43.9 msec : 0
44.0 msec : 0
44.1 msec : 1
44.2 msec : 0
44.3 msec : 0
44.4 msec : 0
44.5 msec : 0
44.6 msec : 0
44.7 msec : 0
44.8 msec : 0
44.9 msec : 0
45.0 msec : 0
45.1 msec : 0
45.2 msec : 1
45.3 msec : 0
45.4 msec : 0
45.5 msec : 0
45.6 msec : 0
45.7 msec : 0
45.8 msec : 1
45.9 msec : 1
46.0 msec : 1
46.1 msec : 0
46.2 msec : 1
46.3 msec : 3
46.4 msec : 1
46.5 msec : 4
46.6 msec : 1
46.7 msec : 0
46.8 msec : 0
46.9 msec : 1
47.0 msec : 2
47.1 msec : 0
47.2 msec : 0
47.3 msec : 0
47.4 msec : 0
47.5 msec : 2
47.6 msec : 1
47.7 msec : 1
47.8 msec : 0
47.9 msec : 0
48.0 msec : 0
48.1 msec : 0
48.2 msec : 0
48.3 msec : 0
48.4 msec : 0
48.5 msec : 0
48.6 msec : 0
48.7 msec : 0
48.8 msec : 0
48.9 msec : 0
49.0 msec : 0
49.1 msec : 0
49.2 msec : 0
49.3 msec : 0
49.4 msec : 0
49.5 msec : 0
49.6 msec : 0
49.7 msec : 0
49.8 msec : 0
49.9 msec : 0
50.0 msec : 0
50.1 msec : 0
50.2 msec : 0
50.3 msec : 0
50.4 msec : 0
50.5 msec : 0
50.6 msec : 0
50.7 msec : 0
50.8 msec : 0
50.9 msec : 0
51.0 msec : 0
51.1 msec : 0
51.2 msec : 0
51.3 msec : 0
51.4 msec : 0
51.5 msec : 0
51.6 msec : 0
51.7 msec : 0
51.8 msec : 1
51.9 msec : 0
52.0 msec : 0
52.1 msec : 1
52.2 msec : 0
52.3 msec : 0
52.4 msec : 1
52.5 msec : 0
52.6 msec : 0
52.7 msec : 0
52.8 msec : 0
52.9 msec : 1
53.0 msec : 0
53.1 msec : 0
53.2 msec : 0
53.3 msec : 0
53.4 msec : 0
53.5 msec : 0
53.6 msec : 1
53.7 msec : 0
53.8 msec : 0
53.9 msec : 1
54.0 msec : 3
54.1 msec : 1
54.2 msec : 0
54.3 msec : 2
54.4 msec : 3
54.5 msec : 1
54.6 msec : 0
54.7 msec : 2
54.8 msec : 1
54.9 msec : 2
55.0 msec : 0
55.1 msec : 0
55.2 msec : 0
55.3 msec : 0
55.4 msec : 0
55.5 msec : 1
55.6 msec : 0
55.7 msec : 0
55.8 msec : 0
55.9 msec : 0
56.0 msec : 0
56.1 msec : 0
56.2 msec : 0
56.3 msec : 0
56.4 msec : 0
56.5 msec : 0
56.6 msec : 1
56.7 msec : 0
56.8 msec : 0
56.9 msec : 1
57.0 msec : 2
57.1 msec : 0
57.2 msec : 0
57.3 msec : 0
57.4 msec : 0
57.5 msec : 0
57.6 msec : 0
57.7 msec : 0
57.8 msec : 0
57.9 msec : 0
58.0 msec : 0
58.1 msec : 0
58.2 msec : 0
58.3 msec : 0
58.4 msec : 0
58.5 msec : 0
58.6 msec : 0
58.7 msec : 0
58.8 msec : 0
58.9 msec : 0
59.0 msec : 0
59.1 msec : 0
59.2 msec : 0
59.3 msec : 0
59.4 msec : 0
59.5 msec : 0
59.6 msec : 0
59.7 msec : 0
59.8 msec : 0
59.9 msec : 0
60.0 msec : 0
60.1 msec : 0
60.2 msec : 0
60.3 msec : 0
60.4 msec : 0
60.5 msec : 0
60.6 msec : 0
60.7 msec : 0
60.8 msec : 0
60.9 msec : 0
61.0 msec : 0
61.1 msec : 0
61.2 msec : 0
61.3 msec : 0
61.4 msec : 0
61.5 msec : 0
61.6 msec : 0
61.7 msec : 0
61.8 msec : 0
61.9 msec : 0
62.0 msec : 0
62.1 msec : 0
62.2 msec : 0
62.3 msec : 0
62.4 msec : 0
62.5 msec : 0
62.6 msec : 0
62.7 msec : 0
62.8 msec : 0
62.9 msec : 0
63.0 msec : 0
63.1 msec : 0
63.2 msec : 0
63.3 msec : 0
63.4 msec : 0
63.5 msec : 0
63.6 msec : 0
63.7 msec : 0
63.8 msec : 0
63.9 msec : 0
64.0 msec : 0
64.1 msec : 0
64.2 msec : 0
64.3 msec : 0
64.4 msec : 0
64.5 msec : 0
64.6 msec : 0
64.7 msec : 0
64.8 msec : 0
64.9 msec : 0
65.0 msec : 0
65.1 msec : 0
65.2 msec : 0
65.3 msec : 0
65.4 msec : 0
65.5 msec : 0
65.6 msec : 0
65.7 msec : 0
65.8 msec : 0
65.9 msec : 0
66.0 msec : 0
66.1 msec : 0
66.2 msec : 0
66.3 msec : 0
66.4 msec : 0
66.5 msec : 0
66.6 msec : 0
66.7 msec : 0
66.8 msec : 0
66.9 msec : 0
67.0 msec : 0
67.1 msec : 0
67.2 msec : 0
67.3 msec : 0
67.4 msec : 0
67.5 msec : 0
67.6 msec : 0
67.7 msec : 0
67.8 msec : 0
67.9 msec : 0
68.0 msec : 0
68.1 msec : 0
68.2 msec : 0
68.3 msec : 0
68.4 msec : 0
68.5 msec : 0
68.6 msec : 2
68.7 msec : 1
68.8 msec : 0
68.9 msec : 0
69.0 msec : 0
69.1 msec : 0
69.2 msec : 0
69.3 msec : 0
69.4 msec : 0
69.5 msec : 0
69.6 msec : 0
69.7 msec : 0
69.8 msec : 0
69.9 msec : 0
70.0 msec : 0
70.1 msec : 0
70.2 msec : 0
70.3 msec : 0
70.4 msec : 0
70.5 msec : 0
70.6 msec : 0
70.7 msec : 0
70.8 msec : 0
70.9 msec : 0
71.0 msec : 0
71.1 msec : 0
71.2 msec : 0
71.3 msec : 0
71.4 msec : 0
71.5 msec : 0
71.6 msec : 0
71.7 msec : 0
71.8 msec : 0
71.9 msec : 0
72.0 msec : 0
72.1 msec : 0
72.2 msec : 0
72.3 msec : 0
72.4 msec : 0
72.5 msec : 0
72.6 msec : 0
72.7 msec : 0
72.8 msec : 0
72.9 msec : 0
73.0 msec : 0
73.1 msec : 0
73.2 msec : 0
73.3 msec : 0
73.4 msec : 0
73.5 msec : 0
73.6 msec : 0
73.7 msec : 0
73.8 msec : 0
73.9 msec : 0
74.0 msec : 0
74.1 msec : 0
74.2 msec : 0
74.3 msec : 0
74.4 msec : 0
74.5 msec : 0
74.6 msec : 0
74.7 msec : 0
74.8 msec : 0
74.9 msec : 0
75.0 msec : 0
75.1 msec : 0
75.2 msec : 0
75.3 msec : 0
75.4 msec : 0
75.5 msec : 0
75.6 msec : 0
75.7 msec : 0
75.8 msec : 0
75.9 msec : 0
76.0 msec : 0
76.1 msec : 0
76.2 msec : 0
76.3 msec : 0
76.4 msec : 0
76.5 msec : 0
76.6 msec : 0
76.7 msec : 0
76.8 msec : 0
76.9 msec : 0
77.0 msec : 0
77.1 msec : 0
77.2 msec : 0
77.3 msec : 0
77.4 msec : 0
77.5 msec : 0
77.6 msec : 0
77.7 msec : 0
77.8 msec : 0
77.9 msec : 0
78.0 msec : 0
78.1 msec : 0
78.2 msec : 0
78.3 msec : 0
78.4 msec : 0
78.5 msec : 0
78.6 msec : 0
78.7 msec : 0
78.8 msec : 0
78.9 msec : 0
79.0 msec : 0
79.1 msec : 0
79.2 msec : 0
79.3 msec : 0
79.4 msec : 0
79.5 msec : 0
79.6 msec : 0
79.7 msec : 0
79.8 msec : 0
79.9 msec : 0
80.0 msec : 0
80.1 msec : 0
80.2 msec : 0
80.3 msec : 0
80.4 msec : 0
80.5 msec : 0
80.6 msec : 0
80.7 msec : 0
80.8 msec : 0
80.9 msec : 0
81.0 msec : 0
81.1 msec : 0
81.2 msec : 0
81.3 msec : 0
81.4 msec : 0
81.5 msec : 0
81.6 msec : 0
81.7 msec : 0
81.8 msec : 0
81.9 msec : 0
82.0 msec : 0
82.1 msec : 0
82.2 msec : 0
82.3 msec : 0
82.4 msec : 0
82.5 msec : 0
82.6 msec : 0
82.7 msec : 0
82.8 msec : 0
82.9 msec : 0
83.0 msec : 0
83.1 msec : 0
83.2 msec : 0
83.3 msec : 0
83.4 msec : 0
83.5 msec : 0
83.6 msec : 0
83.7 msec : 0
83.8 msec : 0
83.9 msec : 0
84.0 msec : 0
84.1 msec : 0
84.2 msec : 0
84.3 msec : 0
84.4 msec : 0
84.5 msec : 0
84.6 msec : 0
84.7 msec : 0
84.8 msec : 0
84.9 msec : 0
85.0 msec : 0
85.1 msec : 0
85.2 msec : 0
85.3 msec : 0
85.4 msec : 0
85.5 msec : 0
85.6 msec : 0
85.7 msec : 0
85.8 msec : 0
85.9 msec : 0
86.0 msec : 0
86.1 msec : 0
86.2 msec : 0
86.3 msec : 0
86.4 msec : 0
86.5 msec : 0
86.6 msec : 0
86.7 msec : 0
86.8 msec : 0
86.9 msec : 0
87.0 msec : 0
87.1 msec : 0
87.2 msec : 0
87.3 msec : 0
87.4 msec : 0
87.5 msec : 0
87.6 msec : 0
87.7 msec : 0
87.8 msec : 0
87.9 msec : 0
88.0 msec : 0
88.1 msec : 0
88.2 msec : 0
88.3 msec : 0
88.4 msec : 0
88.5 msec : 0
88.6 msec : 0
88.7 msec : 0
88.8 msec : 0
88.9 msec : 0
89.0 msec : 0
89.1 msec : 0
89.2 msec : 0
89.3 msec : 0
89.4 msec : 0
89.5 msec : 0
89.6 msec : 0
89.7 msec : 0
89.8 msec : 0
89.9 msec : 0
90.0 msec : 0
90.1 msec : 0
90.2 msec : 0
90.3 msec : 0
90.4 msec : 0
90.5 msec : 0
90.6 msec : 0
90.7 msec : 0
90.8 msec : 0
90.9 msec : 0
91.0 msec : 0
91.1 msec : 0
91.2 msec : 0
91.3 msec : 0
91.4 msec : 0
91.5 msec : 0
91.6 msec : 0
91.7 msec : 0
91.8 msec : 0
91.9 msec : 0
92.0 msec : 0
92.1 msec : 0
92.2 msec : 0
92.3 msec : 0
92.4 msec : 0
92.5 msec : 0
92.6 msec : 0
92.7 msec : 0
92.8 msec : 0
92.9 msec : 0
93.0 msec : 0
93.1 msec : 0
93.2 msec : 0
93.3 msec : 0
93.4 msec : 0
93.5 msec : 0
93.6 msec : 0
93.7 msec : 0
93.8 msec : 0
93.9 msec : 0
94.0 msec : 0
94.1 msec : 0
94.2 msec : 0
94.3 msec : 0
94.4 msec : 0
94.5 msec : 0
94.6 msec : 0
94.7 msec : 0
94.8 msec : 0
94.9 msec : 0
95.0 msec : 0
95.1 msec : 0
95.2 msec : 0
95.3 msec : 0
95.4 msec : 0
95.5 msec : 0
95.6 msec : 0
95.7 msec : 0
95.8 msec : 0
95.9 msec : 0
96.0 msec : 0
96.1 msec : 0
96.2 msec : 0
96.3 msec : 0
96.4 msec : 0
96.5 msec : 0
96.6 msec : 0
96.7 msec : 0
96.8 msec : 0
96.9 msec : 0
97.0 msec : 1
97.1 msec : 0
97.2 msec : 0
97.3 msec : 1
97.4 msec : 0
97.5 msec : 0
97.6 msec : 0
97.7 msec : 0
97.8 msec : 0
97.9 msec : 0
98.0 msec : 0
98.1 msec : 0
98.2 msec : 0
98.3 msec : 0
98.4 msec : 0
98.5 msec : 0
98.6 msec : 0
98.7 msec : 0
98.8 msec : 0
98.9 msec : 0
99.0 msec : 0
99.1 msec : 0
99.2 msec : 0
99.3 msec : 0
99.4 msec : 0
99.5 msec : 0
99.6 msec : 0
99.7 msec : 0
99.8 msec : 0
99.9 msec : 0
100.0 msec : 0
100.1 msec : 0
100.2 msec : 0
100.3 msec : 0
100.4 msec : 0
100.5 msec : 0
100.6 msec : 0
100.7 msec : 0
100.8 msec : 0
100.9 msec : 0
101.0 msec : 0
101.1 msec : 0
101.2 msec : 0
101.3 msec : 0
101.4 msec : 0
101.5 msec : 0
101.6 msec : 0
101.7 msec : 0
101.8 msec : 0
101.9 msec : 0
102.0 msec : 0
102.1 msec : 0
102.2 msec : 0
102.3 msec : 0
102.4 msec : 0
102.5 msec : 0
102.6 msec : 0
102.7 msec : 0
102.8 msec : 0
102.9 msec : 0
103.0 msec : 0
103.1 msec : 0
103.2 msec : 0
103.3 msec : 0
103.4 msec : 0
103.5 msec : 0
103.6 msec : 0
103.7 msec : 0
103.8 msec : 0
103.9 msec : 0
104.0 msec : 0
104.1 msec : 0
104.2 msec : 0
104.3 msec : 0
104.4 msec : 0
104.5 msec : 0
104.6 msec : 0
104.7 msec : 0
104.8 msec : 0
104.9 msec : 0
105.0 msec : 0
105.1 msec : 0
105.2 msec : 0
105.3 msec : 0
105.4 msec : 0
105.5 msec : 0
105.6 msec : 0
105.7 msec : 0
105.8 msec : 0
105.9 msec : 0
106.0 msec : 0
106.1 msec : 0
106.2 msec : 0
106.3 msec : 0
106.4 msec : 0
106.5 msec : 0
106.6 msec : 0
106.7 msec : 0
106.8 msec : 0
106.9 msec : 0
107.0 msec : 0
107.1 msec : 0
107.2 msec : 0
107.3 msec : 0
107.4 msec : 0
107.5 msec : 0
107.6 msec : 0
107.7 msec : 0
107.8 msec : 0
107.9 msec : 0
108.0 msec : 0
108.1 msec : 0
108.2 msec : 0
108.3 msec : 0
108.4 msec : 0
108.5 msec : 0
108.6 msec : 0
108.7 msec : 0
108.8 msec : 0
108.9 msec : 0
109.0 msec : 0
109.1 msec : 0
109.2 msec : 0
109.3 msec : 0
109.4 msec : 0
109.5 msec : 0
109.6 msec : 0
109.7 msec : 0
109.8 msec : 0
109.9 msec : 0
110.0 msec : 0
110.1 msec : 0
110.2 msec : 0
110.3 msec : 0
110.4 msec : 0
110.5 msec : 0
110.6 msec : 0
110.7 msec : 0
110.8 msec : 0
110.9 msec : 0
111.0 msec : 0
111.1 msec : 0
111.2 msec : 0
111.3 msec : 0
111.4 msec : 0
111.5 msec : 0
111.6 msec : 0
111.7 msec : 0
111.8 msec : 0
111.9 msec : 0
112.0 msec : 0
112.1 msec : 0
112.2 msec : 0
112.3 msec : 0
112.4 msec : 0
112.5 msec : 0
112.6 msec : 0
112.7 msec : 0
112.8 msec : 0
112.9 msec : 0
113.0 msec : 0
113.1 msec : 0
113.2 msec : 0
113.3 msec : 0
113.4 msec : 0
113.5 msec : 0
113.6 msec : 0
113.7 msec : 0
113.8 msec : 0
113.9 msec : 0
114.0 msec : 0
114.1 msec : 0
114.2 msec : 0
114.3 msec : 0
114.4 msec : 0
114.5 msec : 0
114.6 msec : 0
114.7 msec : 0
114.8 msec : 0
114.9 msec : 0
115.0 msec : 0
115.1 msec : 0
115.2 msec : 0
115.3 msec : 0
115.4 msec : 0
115.5 msec : 0
115.6 msec : 0
115.7 msec : 0
115.8 msec : 0
115.9 msec : 0
116.0 msec : 0
116.1 msec : 0
116.2 msec : 0
116.3 msec : 0
116.4 msec : 0
116.5 msec : 0
116.6 msec : 0
116.7 msec : 0
116.8 msec : 0
116.9 msec : 0
117.0 msec : 0
117.1 msec : 0
117.2 msec : 0
117.3 msec : 0
117.4 msec : 0
117.5 msec : 0
117.6 msec : 0
117.7 msec : 0
117.8 msec : 0
117.9 msec : 0
118.0 msec : 0
118.1 msec : 0
118.2 msec : 0
118.3 msec : 0
118.4 msec : 0
118.5 msec : 0
118.6 msec : 0
118.7 msec : 0
118.8 msec : 0
118.9 msec : 0
119.0 msec : 0
119.1 msec : 0
119.2 msec : 0
119.3 msec : 0
119.4 msec : 0
119.5 msec : 0
119.6 msec : 0
119.7 msec : 0
119.8 msec : 0
119.9 msec : 0
120.0 msec : 0
120.1 msec : 0
120.2 msec : 0
120.3 msec : 0
120.4 msec : 0
120.5 msec : 0
120.6 msec : 0
120.7 msec : 0
120.8 msec : 0
120.9 msec : 0
121.0 msec : 0
121.1 msec : 0
121.2 msec : 0
121.3 msec : 0
121.4 msec : 0
121.5 msec : 0
121.6 msec : 0
121.7 msec : 0
121.8 msec : 0
121.9 msec : 0
122.0 msec : 0
122.1 msec : 0
122.2 msec : 0
122.3 msec : 0
122.4 msec : 0
122.5 msec : 0
122.6 msec : 0
122.7 msec : 0
122.8 msec : 0
122.9 msec : 0
123.0 msec : 0
123.1 msec : 0
123.2 msec : 0
123.3 msec : 0
123.4 msec : 0
123.5 msec : 0
123.6 msec : 0
123.7 msec : 0
123.8 msec : 0
123.9 msec : 0
124.0 msec : 0
124.1 msec : 0
124.2 msec : 0
124.3 msec : 0
124.4 msec : 0
124.5 msec : 0
124.6 msec : 0
124.7 msec : 0
124.8 msec : 0
124.9 msec : 0
125.0 msec : 0
125.1 msec : 0
125.2 msec : 0
125.3 msec : 0
125.4 msec : 0
125.5 msec : 0
125.6 msec : 0
125.7 msec : 0
125.8 msec : 0
125.9 msec : 0
126.0 msec : 0
126.1 msec : 0
126.2 msec : 0
126.3 msec : 0
126.4 msec : 0
126.5 msec : 0
126.6 msec : 1
126.7 msec : 4
126.8 msec : 1
126.9 msec : 0
127.0 msec : 0
127.1 msec : 0
127.2 msec : 0
127.3 msec : 0
127.4 msec : 0
127.5 msec : 0
127.6 msec : 0
127.7 msec : 0
127.8 msec : 0
127.9 msec : 0
128.0 msec : 0
128.1 msec : 0
128.2 msec : 0
128.3 msec : 0
128.4 msec : 0
128.5 msec : 0
128.6 msec : 0
128.7 msec : 0
