Middleware started...
Middleware shuts down...
Smaller resolution statistics are in a log file...
Final aggregates per worker:


Worker 46
Average throughput (ops/sec) = 89
Average response time (msec) = 2.089450737704918
Average queue length = 0
Average wait time in queue (msec) = 0.32685842622950817
Average service time (msec) = 1.649239573770492
Number of SET = 0
Number of GET = 89
Number of MULTI GET = 0


Worker 47
Average throughput (ops/sec) = 86
Average response time (msec) = 2.0461783934426228
Average queue length = 1
Average wait time in queue (msec) = 0.28040240983606557
Average service time (msec) = 1.672787262295082
Number of SET = 0
Number of GET = 86
Number of MULTI GET = 0


Worker 48
Average throughput (ops/sec) = 87
Average response time (msec) = 2.0631820163934425
Average queue length = 1
Average wait time in queue (msec) = 0.29690244262295085
Average service time (msec) = 1.6749123934426229
Number of SET = 0
Number of GET = 87
Number of MULTI GET = 0


Worker 49
Average throughput (ops/sec) = 89
Average response time (msec) = 2.0050498524590163
Average queue length = 1
Average wait time in queue (msec) = 0.2847979672131148
Average service time (msec) = 1.630045524590164
Number of SET = 0
Number of GET = 89
Number of MULTI GET = 0


Worker 42
Average throughput (ops/sec) = 88
Average response time (msec) = 2.081943967213115
Average queue length = 2
Average wait time in queue (msec) = 0.3308369836065574
Average service time (msec) = 1.6542408524590164
Number of SET = 0
Number of GET = 88
Number of MULTI GET = 0


Worker 43
Average throughput (ops/sec) = 88
Average response time (msec) = 2.0515384754098362
Average queue length = 1
Average wait time in queue (msec) = 0.2951668852459016
Average service time (msec) = 1.6688667213114754
Number of SET = 0
Number of GET = 88
Number of MULTI GET = 0


Worker 44
Average throughput (ops/sec) = 86
Average response time (msec) = 2.0424634262295083
Average queue length = 1
Average wait time in queue (msec) = 0.30140329508196717
Average service time (msec) = 1.6548844098360656
Number of SET = 0
Number of GET = 86
Number of MULTI GET = 0


Worker 45
Average throughput (ops/sec) = 89
Average response time (msec) = 2.0576497213114755
Average queue length = 1
Average wait time in queue (msec) = 0.2837640655737705
Average service time (msec) = 1.6800901475409835
Number of SET = 0
Number of GET = 89
Number of MULTI GET = 0


Worker 50
Average throughput (ops/sec) = 86
Average response time (msec) = 2.027449491803279
Average queue length = 1
Average wait time in queue (msec) = 0.2560724590163934
Average service time (msec) = 1.6893954426229507
Number of SET = 0
Number of GET = 86
Number of MULTI GET = 0


Worker 51
Average throughput (ops/sec) = 89
Average response time (msec) = 2.0271031967213116
Average queue length = 2
Average wait time in queue (msec) = 0.28080140983606555
Average service time (msec) = 1.6469472786885246
Number of SET = 0
Number of GET = 89
Number of MULTI GET = 0


Worker 52
Average throughput (ops/sec) = 85
Average response time (msec) = 2.1115029836065573
Average queue length = 1
Average wait time in queue (msec) = 0.27698262295081966
Average service time (msec) = 1.7377204918032787
Number of SET = 0
Number of GET = 85
Number of MULTI GET = 0


Worker 57
Average throughput (ops/sec) = 87
Average response time (msec) = 2.0802095573770494
Average queue length = 1
Average wait time in queue (msec) = 0.31106034426229506
Average service time (msec) = 1.6838682459016394
Number of SET = 0
Number of GET = 87
Number of MULTI GET = 0


Worker 13
Average throughput (ops/sec) = 88
Average response time (msec) = 2.052436180327869
Average queue length = 3
Average wait time in queue (msec) = 0.29749414754098363
Average service time (msec) = 1.667377262295082
Number of SET = 0
Number of GET = 88
Number of MULTI GET = 0


Worker 58
Average throughput (ops/sec) = 86
Average response time (msec) = 2.051808868852459
Average queue length = 2
Average wait time in queue (msec) = 0.26432598360655735
Average service time (msec) = 1.66765168852459
Number of SET = 0
Number of GET = 86
Number of MULTI GET = 0


Worker 14
Average throughput (ops/sec) = 85
Average response time (msec) = 2.0217856393442624
Average queue length = 1
Average wait time in queue (msec) = 0.2677134426229508
Average service time (msec) = 1.6681817540983606
Number of SET = 0
Number of GET = 85
Number of MULTI GET = 0


Worker 59
Average throughput (ops/sec) = 88
Average response time (msec) = 2.051043475409836
Average queue length = 0
Average wait time in queue (msec) = 0.2961504918032787
Average service time (msec) = 1.6686621639344261
Number of SET = 0
Number of GET = 88
Number of MULTI GET = 0


Worker 15
Average throughput (ops/sec) = 88
Average response time (msec) = 2.0065651475409836
Average queue length = 1
Average wait time in queue (msec) = 0.28403739344262297
Average service time (msec) = 1.6356788852459014
Number of SET = 0
Number of GET = 88
Number of MULTI GET = 0


Worker 16
Average throughput (ops/sec) = 85
Average response time (msec) = 2.06088431147541
Average queue length = 1
Average wait time in queue (msec) = 0.280006737704918
Average service time (msec) = 1.6809885409836065
Number of SET = 0
Number of GET = 85
Number of MULTI GET = 0


Worker 53
Average throughput (ops/sec) = 88
Average response time (msec) = 2.0497457049180325
Average queue length = 1
Average wait time in queue (msec) = 0.28368888524590163
Average service time (msec) = 1.6772853770491802
Number of SET = 0
Number of GET = 88
Number of MULTI GET = 0


Worker 54
Average throughput (ops/sec) = 87
Average response time (msec) = 2.117292524590164
Average queue length = 1
Average wait time in queue (msec) = 0.29381318032786885
Average service time (msec) = 1.730428475409836
Number of SET = 0
Number of GET = 87
Number of MULTI GET = 0


Worker 10
Average throughput (ops/sec) = 88
Average response time (msec) = 2.072749524590164
Average queue length = 2
Average wait time in queue (msec) = 0.29618303278688524
Average service time (msec) = 1.6810731311475409
Number of SET = 0
Number of GET = 88
Number of MULTI GET = 0


Worker 55
Average throughput (ops/sec) = 87
Average response time (msec) = 2.0334591475409836
Average queue length = 1
Average wait time in queue (msec) = 0.2965720327868852
Average service time (msec) = 1.6382111475409835
Number of SET = 0
Number of GET = 87
Number of MULTI GET = 0


Worker 11
Average throughput (ops/sec) = 86
Average response time (msec) = 2.0360521147540984
Average queue length = 1
Average wait time in queue (msec) = 0.28938895081967214
Average service time (msec) = 1.652948
Number of SET = 0
Number of GET = 86
Number of MULTI GET = 0


Worker 56
Average throughput (ops/sec) = 86
Average response time (msec) = 2.056616262295082
Average queue length = 1
Average wait time in queue (msec) = 0.29944132786885247
Average service time (msec) = 1.65824
Number of SET = 0
Number of GET = 86
Number of MULTI GET = 0


Worker 12
Average throughput (ops/sec) = 87
Average response time (msec) = 2.042747459016393
Average queue length = 1
Average wait time in queue (msec) = 0.2769258360655738
Average service time (msec) = 1.672558737704918
Number of SET = 0
Number of GET = 87
Number of MULTI GET = 0


Worker 17
Average throughput (ops/sec) = 86
Average response time (msec) = 2.0882313278688525
Average queue length = 1
Average wait time in queue (msec) = 0.2880514262295082
Average service time (msec) = 1.710305786885246
Number of SET = 0
Number of GET = 86
Number of MULTI GET = 0


Worker 18
Average throughput (ops/sec) = 89
Average response time (msec) = 2.024658524590164
Average queue length = 1
Average wait time in queue (msec) = 0.2936717049180328
Average service time (msec) = 1.6398837540983606
Number of SET = 0
Number of GET = 89
Number of MULTI GET = 0


Worker 19
Average throughput (ops/sec) = 87
Average response time (msec) = 2.10426075409836
Average queue length = 1
Average wait time in queue (msec) = 0.30240372131147536
Average service time (msec) = 1.7110288032786887
Number of SET = 0
Number of GET = 87
Number of MULTI GET = 0


Worker 60
Average throughput (ops/sec) = 86
Average response time (msec) = 2.045675
Average queue length = 1
Average wait time in queue (msec) = 0.2783559672131148
Average service time (msec) = 1.67483568852459
Number of SET = 0
Number of GET = 86
Number of MULTI GET = 0


Worker 61
Average throughput (ops/sec) = 87
Average response time (msec) = 2.019861819672131
Average queue length = 1
Average wait time in queue (msec) = 0.30263245901639346
Average service time (msec) = 1.6159763442622952
Number of SET = 0
Number of GET = 87
Number of MULTI GET = 0


Worker 62
Average throughput (ops/sec) = 85
Average response time (msec) = 2.081725983606557
Average queue length = 1
Average wait time in queue (msec) = 0.314512262295082
Average service time (msec) = 1.6829551803278688
Number of SET = 0
Number of GET = 85
Number of MULTI GET = 0


Worker 63
Average throughput (ops/sec) = 86
Average response time (msec) = 2.1001911475409836
Average queue length = 2
Average wait time in queue (msec) = 0.3000900655737705
Average service time (msec) = 1.7132935081967213
Number of SET = 0
Number of GET = 86
Number of MULTI GET = 0


Worker 24
Average throughput (ops/sec) = 88
Average response time (msec) = 2.0235712459016395
Average queue length = 1
Average wait time in queue (msec) = 0.2871197213114754
Average service time (msec) = 1.6372478688524592
Number of SET = 0
Number of GET = 88
Number of MULTI GET = 0


Worker 7
Average throughput (ops/sec) = 88
Average response time (msec) = 1.9853387704918033
Average queue length = 1
Average wait time in queue (msec) = 0.27589347540983605
Average service time (msec) = 1.6118125081967214
Number of SET = 0
Number of GET = 88
Number of MULTI GET = 0


Worker 25
Average throughput (ops/sec) = 86
Average response time (msec) = 2.0451401147540986
Average queue length = 3
Average wait time in queue (msec) = 0.2829408360655738
Average service time (msec) = 1.6637328360655739
Number of SET = 0
Number of GET = 86
Number of MULTI GET = 0


Worker 6
Average throughput (ops/sec) = 84
Average response time (msec) = 2.0940064426229505
Average queue length = 2
Average wait time in queue (msec) = 0.27028398360655737
Average service time (msec) = 1.7305722950819673
Number of SET = 0
Number of GET = 84
Number of MULTI GET = 0


Worker 26
Average throughput (ops/sec) = 85
Average response time (msec) = 2.064120508196721
Average queue length = 1
Average wait time in queue (msec) = 0.29207765573770494
Average service time (msec) = 1.6718720819672133
Number of SET = 0
Number of GET = 85
Number of MULTI GET = 0


Worker 9
Average throughput (ops/sec) = 87
Average response time (msec) = 2.0959715901639346
Average queue length = 2
Average wait time in queue (msec) = 0.3055047213114754
Average service time (msec) = 1.6898798032786886
Number of SET = 0
Number of GET = 87
Number of MULTI GET = 0


Worker 27
Average throughput (ops/sec) = 87
Average response time (msec) = 2.073801540983607
Average queue length = 1
Average wait time in queue (msec) = 0.2659727049180328
Average service time (msec) = 1.7136301967213114
Number of SET = 0
Number of GET = 87
Number of MULTI GET = 0


Worker 8
Average throughput (ops/sec) = 87
Average response time (msec) = 2.030393950819672
Average queue length = 1
Average wait time in queue (msec) = 0.29355872131147537
Average service time (msec) = 1.6378491147540986
Number of SET = 0
Number of GET = 87
Number of MULTI GET = 0


Worker 64
Average throughput (ops/sec) = 88
Average response time (msec) = 2.0425413278688525
Average queue length = 1
Average wait time in queue (msec) = 0.28496198360655733
Average service time (msec) = 1.6659690327868852
Number of SET = 0
Number of GET = 88
Number of MULTI GET = 0


Worker 20
Average throughput (ops/sec) = 89
Average response time (msec) = 2.06236168852459
Average queue length = 1
Average wait time in queue (msec) = 0.29216304918032787
Average service time (msec) = 1.6662658688524592
Number of SET = 0
Number of GET = 89
Number of MULTI GET = 0


Worker 3
Average throughput (ops/sec) = 86
Average response time (msec) = 2.094428557377049
Average queue length = 1
Average wait time in queue (msec) = 0.2826232295081967
Average service time (msec) = 1.7187507540983606
Number of SET = 0
Number of GET = 86
Number of MULTI GET = 0


Worker 21
Average throughput (ops/sec) = 86
Average response time (msec) = 2.0567963934426228
Average queue length = 1
Average wait time in queue (msec) = 0.2716629508196721
Average service time (msec) = 1.680085819672131
Number of SET = 0
Number of GET = 86
Number of MULTI GET = 0


Worker 2
Average throughput (ops/sec) = 86
Average response time (msec) = 2.074903606557377
Average queue length = 1
Average wait time in queue (msec) = 0.2779947704918033
Average service time (msec) = 1.709758213114754
Number of SET = 0
Number of GET = 86
Number of MULTI GET = 0


Worker 22
Average throughput (ops/sec) = 85
Average response time (msec) = 2.0598971475409833
Average queue length = 2
Average wait time in queue (msec) = 0.3089714262295082
Average service time (msec) = 1.661935049180328
Number of SET = 0
Number of GET = 85
Number of MULTI GET = 0


Worker 5
Average throughput (ops/sec) = 85
Average response time (msec) = 2.002759081967213
Average queue length = 1
Average wait time in queue (msec) = 0.27168008196721316
Average service time (msec) = 1.6414701803278688
Number of SET = 0
Number of GET = 85
Number of MULTI GET = 0


Worker 23
Average throughput (ops/sec) = 86
Average response time (msec) = 2.0691168852459016
Average queue length = 2
Average wait time in queue (msec) = 0.28763462295081965
Average service time (msec) = 1.6844092786885245
Number of SET = 0
Number of GET = 86
Number of MULTI GET = 0


Worker 4
Average throughput (ops/sec) = 86
Average response time (msec) = 2.080156737704918
Average queue length = 2
Average wait time in queue (msec) = 0.28929470491803283
Average service time (msec) = 1.7035922459016393
Number of SET = 0
Number of GET = 86
Number of MULTI GET = 0


Worker 28
Average throughput (ops/sec) = 85
Average response time (msec) = 2.074673475409836
Average queue length = 2
Average wait time in queue (msec) = 0.2816890655737705
Average service time (msec) = 1.7064280819672133
Number of SET = 0
Number of GET = 85
Number of MULTI GET = 0


Worker 29
Average throughput (ops/sec) = 87
Average response time (msec) = 2.0388651475409834
Average queue length = 2
Average wait time in queue (msec) = 0.27588826229508195
Average service time (msec) = 1.667602262295082
Number of SET = 0
Number of GET = 87
Number of MULTI GET = 0


Worker 1
Average throughput (ops/sec) = 87
Average response time (msec) = 2.077097098360656
Average queue length = 1
Average wait time in queue (msec) = 0.29945588524590167
Average service time (msec) = 1.6741692459016393
Number of SET = 0
Number of GET = 87
Number of MULTI GET = 0


Worker 30
Average throughput (ops/sec) = 87
Average response time (msec) = 2.026680557377049
Average queue length = 2
Average wait time in queue (msec) = 0.29351765573770494
Average service time (msec) = 1.6406119016393441
Number of SET = 0
Number of GET = 87
Number of MULTI GET = 0


Worker 35
Average throughput (ops/sec) = 87
Average response time (msec) = 2.050532786885246
Average queue length = 1
Average wait time in queue (msec) = 0.2968526885245902
Average service time (msec) = 1.6697197049180328
Number of SET = 0
Number of GET = 87
Number of MULTI GET = 0


Worker 36
Average throughput (ops/sec) = 88
Average response time (msec) = 2.0673224426229506
Average queue length = 2
Average wait time in queue (msec) = 0.3048562295081967
Average service time (msec) = 1.665238918032787
Number of SET = 0
Number of GET = 88
Number of MULTI GET = 0


Worker 37
Average throughput (ops/sec) = 89
Average response time (msec) = 2.0094252295081967
Average queue length = 2
Average wait time in queue (msec) = 0.2808251967213115
Average service time (msec) = 1.640612524590164
Number of SET = 0
Number of GET = 89
Number of MULTI GET = 0


Worker 38
Average throughput (ops/sec) = 84
Average response time (msec) = 2.0655886721311476
Average queue length = 1
Average wait time in queue (msec) = 0.2660153770491803
Average service time (msec) = 1.7120154918032786
Number of SET = 0
Number of GET = 84
Number of MULTI GET = 0


Worker 31
Average throughput (ops/sec) = 85
Average response time (msec) = 2.0656056065573773
Average queue length = 2
Average wait time in queue (msec) = 0.28390632786885245
Average service time (msec) = 1.7007593114754098
Number of SET = 0
Number of GET = 85
Number of MULTI GET = 0


Worker 32
Average throughput (ops/sec) = 86
Average response time (msec) = 2.098787196721312
Average queue length = 1
Average wait time in queue (msec) = 0.3059614590163935
Average service time (msec) = 1.699736786885246
Number of SET = 0
Number of GET = 86
Number of MULTI GET = 0


Worker 33
Average throughput (ops/sec) = 84
Average response time (msec) = 2.029500163934426
Average queue length = 1
Average wait time in queue (msec) = 0.2829496393442623
Average service time (msec) = 1.6637134590163933
Number of SET = 0
Number of GET = 84
Number of MULTI GET = 0


Worker 34
Average throughput (ops/sec) = 88
Average response time (msec) = 2.0614908032786885
Average queue length = 2
Average wait time in queue (msec) = 0.2872642295081967
Average service time (msec) = 1.6891545737704918
Number of SET = 0
Number of GET = 88
Number of MULTI GET = 0


Worker 39
Average throughput (ops/sec) = 88
Average response time (msec) = 1.9862080327868852
Average queue length = 1
Average wait time in queue (msec) = 0.2679877049180328
Average service time (msec) = 1.633569836065574
Number of SET = 0
Number of GET = 88
Number of MULTI GET = 0


Worker 40
Average throughput (ops/sec) = 86
Average response time (msec) = 1.9971568524590164
Average queue length = 0
Average wait time in queue (msec) = 0.2842292950819672
Average service time (msec) = 1.628065950819672
Number of SET = 0
Number of GET = 86
Number of MULTI GET = 0


Worker 41
Average throughput (ops/sec) = 85
Average response time (msec) = 1.993336213114754
Average queue length = 1
Average wait time in queue (msec) = 0.27678068852459015
Average service time (msec) = 1.622248475409836
Number of SET = 0
Number of GET = 85
Number of MULTI GET = 0


FINAL STATS
Average throughput (ops/sec) = 5549
Average response time (msec) = 2.026032077397855
Average queue length = 1
Average wait time in queue (msec) = 0.2884222922643443
Average service time (msec) = 1.6717662850922133
Number of SET = 0
Number of GET = 5549
Number of MULTI GET = 0
Number of Cache misses = 0
Arrival rate (lambda) = [0, 0, 1426, 4198, 4233, 5666, 6014, 5855, 5506, 5863, 5708, 5838, 5845, 5481, 6192, 5755, 5595, 5910, 5872, 5525, 5627, 5525, 5740, 5603, 5679, 5827, 5678, 5767, 5769, 5758, 5719, 5827, 5722, 5631, 5715, 5653, 6093, 5629, 5712, 5669, 5643, 5748, 6025, 5697, 5828, 5725, 5819, 5767, 5904, 5651, 5914, 5682, 5804, 5666, 5633, 5707, 5703, 5857, 5698, 5667, 5836, 5795, 3312, 0, 0, 0]


Histogram response times (0.1 msec step)
0.0 msec : 368
0.1 msec : 3903
0.2 msec : 13088
0.3 msec : 24878
0.4 msec : 32983
0.5 msec : 35627
0.6 msec : 34430
0.7 msec : 29727
0.8 msec : 24280
0.9 msec : 18937
1.0 msec : 14849
1.1 msec : 11035
1.2 msec : 8928
1.3 msec : 6611
1.4 msec : 4836
1.5 msec : 3549
1.6 msec : 2571
1.7 msec : 1779
1.8 msec : 1430
1.9 msec : 1300
2.0 msec : 946
2.1 msec : 852
2.2 msec : 728
2.3 msec : 673
2.4 msec : 686
2.5 msec : 569
2.6 msec : 538
2.7 msec : 572
2.8 msec : 590
2.9 msec : 505
3.0 msec : 471
3.1 msec : 528
3.2 msec : 517
3.3 msec : 521
3.4 msec : 631
3.5 msec : 526
3.6 msec : 543
3.7 msec : 535
3.8 msec : 517
3.9 msec : 535
4.0 msec : 480
4.1 msec : 615
4.2 msec : 595
4.3 msec : 645
4.4 msec : 665
4.5 msec : 711
4.6 msec : 716
4.7 msec : 828
4.8 msec : 926
4.9 msec : 904
5.0 msec : 954
5.1 msec : 1007
5.2 msec : 1021
5.3 msec : 1109
5.4 msec : 1123
5.5 msec : 1277
5.6 msec : 1475
5.7 msec : 1669
5.8 msec : 1804
5.9 msec : 1987
6.0 msec : 2154
6.1 msec : 2251
6.2 msec : 2134
6.3 msec : 1795
6.4 msec : 1797
6.5 msec : 1793
6.6 msec : 1618
6.7 msec : 1663
6.8 msec : 1673
6.9 msec : 1499
7.0 msec : 1450
7.1 msec : 1504
7.2 msec : 1361
7.3 msec : 1285
7.4 msec : 1234
7.5 msec : 1045
7.6 msec : 951
7.7 msec : 994
7.8 msec : 773
7.9 msec : 631
8.0 msec : 532
8.1 msec : 490
8.2 msec : 364
8.3 msec : 294
8.4 msec : 308
8.5 msec : 212
8.6 msec : 199
8.7 msec : 137
8.8 msec : 100
8.9 msec : 61
9.0 msec : 54
9.1 msec : 43
9.2 msec : 40
9.3 msec : 32
9.4 msec : 32
9.5 msec : 34
9.6 msec : 28
9.7 msec : 34
9.8 msec : 28
9.9 msec : 22
10.0 msec : 14
10.1 msec : 26
10.2 msec : 9
10.3 msec : 6
10.4 msec : 9
10.5 msec : 13
10.6 msec : 9
10.7 msec : 11
10.8 msec : 12
10.9 msec : 7
11.0 msec : 12
11.1 msec : 16
11.2 msec : 8
11.3 msec : 10
11.4 msec : 9
11.5 msec : 13
11.6 msec : 9
11.7 msec : 5
11.8 msec : 9
11.9 msec : 8
12.0 msec : 5
12.1 msec : 8
12.2 msec : 2
12.3 msec : 9
12.4 msec : 12
12.5 msec : 7
12.6 msec : 1
12.7 msec : 5
12.8 msec : 10
12.9 msec : 7
13.0 msec : 1
13.1 msec : 2
13.2 msec : 2
13.3 msec : 2
13.4 msec : 0
13.5 msec : 2
13.6 msec : 3
13.7 msec : 5
13.8 msec : 2
13.9 msec : 0
14.0 msec : 0
14.1 msec : 1
14.2 msec : 0
14.3 msec : 2
14.4 msec : 1
14.5 msec : 0
14.6 msec : 0
14.7 msec : 0
14.8 msec : 2
14.9 msec : 7
15.0 msec : 3
15.1 msec : 2
15.2 msec : 3
15.3 msec : 0
15.4 msec : 0
15.5 msec : 0
15.6 msec : 1
15.7 msec : 1
15.8 msec : 2
15.9 msec : 5
16.0 msec : 5
16.1 msec : 3
16.2 msec : 3
16.3 msec : 5
16.4 msec : 2
16.5 msec : 2
16.6 msec : 2
16.7 msec : 1
16.8 msec : 3
16.9 msec : 1
17.0 msec : 7
17.1 msec : 2
17.2 msec : 3
17.3 msec : 3
17.4 msec : 3
17.5 msec : 1
17.6 msec : 3
17.7 msec : 8
17.8 msec : 1
17.9 msec : 3
18.0 msec : 8
18.1 msec : 8
18.2 msec : 10
18.3 msec : 7
18.4 msec : 9
18.5 msec : 6
18.6 msec : 3
18.7 msec : 2
18.8 msec : 3
18.9 msec : 1
19.0 msec : 3
19.1 msec : 4
19.2 msec : 3
19.3 msec : 3
19.4 msec : 1
19.5 msec : 1
19.6 msec : 3
19.7 msec : 0
19.8 msec : 12
19.9 msec : 2
20.0 msec : 4
20.1 msec : 3
20.2 msec : 2
20.3 msec : 1
20.4 msec : 3
20.5 msec : 6
20.6 msec : 2
20.7 msec : 2
20.8 msec : 5
20.9 msec : 5
21.0 msec : 0
21.1 msec : 0
21.2 msec : 2
21.3 msec : 1
21.4 msec : 3
21.5 msec : 2
21.6 msec : 6
21.7 msec : 2
21.8 msec : 1
21.9 msec : 6
22.0 msec : 0
22.1 msec : 2
22.2 msec : 10
22.3 msec : 4
22.4 msec : 0
22.5 msec : 0
22.6 msec : 1
22.7 msec : 0
22.8 msec : 0
22.9 msec : 1
23.0 msec : 0
23.1 msec : 0
23.2 msec : 0
23.3 msec : 0
23.4 msec : 0
23.5 msec : 0
23.6 msec : 0
23.7 msec : 0
23.8 msec : 0
23.9 msec : 0
24.0 msec : 2
24.1 msec : 1
24.2 msec : 0
24.3 msec : 0
24.4 msec : 0
24.5 msec : 0
24.6 msec : 0
24.7 msec : 0
24.8 msec : 0
24.9 msec : 0
25.0 msec : 1
25.1 msec : 3
25.2 msec : 0
25.3 msec : 0
25.4 msec : 0
25.5 msec : 0
25.6 msec : 0
25.7 msec : 1
25.8 msec : 3
25.9 msec : 1
26.0 msec : 0
26.1 msec : 1
26.2 msec : 0
26.3 msec : 0
26.4 msec : 0
26.5 msec : 0
26.6 msec : 0
26.7 msec : 0
26.8 msec : 0
26.9 msec : 0
27.0 msec : 0
27.1 msec : 0
27.2 msec : 0
27.3 msec : 0
27.4 msec : 0
27.5 msec : 0
27.6 msec : 0
27.7 msec : 0
27.8 msec : 0
27.9 msec : 1
28.0 msec : 0
28.1 msec : 0
28.2 msec : 2
28.3 msec : 1
28.4 msec : 1
28.5 msec : 0
28.6 msec : 0
28.7 msec : 0
28.8 msec : 1
28.9 msec : 0
29.0 msec : 2
29.1 msec : 1
29.2 msec : 0
29.3 msec : 0
29.4 msec : 0
29.5 msec : 1
29.6 msec : 0
29.7 msec : 0
29.8 msec : 0
29.9 msec : 1
30.0 msec : 0
30.1 msec : 0
30.2 msec : 0
30.3 msec : 0
30.4 msec : 0
30.5 msec : 0
30.6 msec : 0
30.7 msec : 0
30.8 msec : 1
30.9 msec : 3
31.0 msec : 0
31.1 msec : 0
31.2 msec : 0
31.3 msec : 1
31.4 msec : 2
31.5 msec : 0
31.6 msec : 0
31.7 msec : 0
31.8 msec : 0
31.9 msec : 2
32.0 msec : 5
32.1 msec : 0
32.2 msec : 0
32.3 msec : 0
32.4 msec : 0
32.5 msec : 0
32.6 msec : 1
32.7 msec : 0
32.8 msec : 0
32.9 msec : 1
33.0 msec : 0
33.1 msec : 0
33.2 msec : 0
33.3 msec : 1
33.4 msec : 0
33.5 msec : 0
33.6 msec : 0
33.7 msec : 0
33.8 msec : 0
33.9 msec : 0
34.0 msec : 0
34.1 msec : 0
34.2 msec : 0
34.3 msec : 0
34.4 msec : 0
34.5 msec : 0
34.6 msec : 3
34.7 msec : 0
34.8 msec : 0
34.9 msec : 0
35.0 msec : 0
35.1 msec : 0
35.2 msec : 0
35.3 msec : 0
35.4 msec : 0
35.5 msec : 0
35.6 msec : 0
35.7 msec : 0
35.8 msec : 0
35.9 msec : 0
36.0 msec : 0
36.1 msec : 0
36.2 msec : 0
36.3 msec : 0
36.4 msec : 0
36.5 msec : 0
36.6 msec : 0
36.7 msec : 0
36.8 msec : 0
36.9 msec : 0
37.0 msec : 0
37.1 msec : 0
37.2 msec : 0
37.3 msec : 0
37.4 msec : 0
37.5 msec : 0
37.6 msec : 0
37.7 msec : 0
37.8 msec : 0
37.9 msec : 0
38.0 msec : 0
38.1 msec : 0
38.2 msec : 0
38.3 msec : 0
38.4 msec : 0
38.5 msec : 0
38.6 msec : 0
38.7 msec : 0
38.8 msec : 0
38.9 msec : 0
39.0 msec : 0
39.1 msec : 0
39.2 msec : 0
39.3 msec : 0
39.4 msec : 0
39.5 msec : 0
39.6 msec : 0
39.7 msec : 0
39.8 msec : 0
39.9 msec : 0
40.0 msec : 0
40.1 msec : 0
40.2 msec : 0
40.3 msec : 0
40.4 msec : 0
40.5 msec : 0
40.6 msec : 0
40.7 msec : 0
40.8 msec : 0
40.9 msec : 0
41.0 msec : 0
41.1 msec : 0
41.2 msec : 0
41.3 msec : 0
41.4 msec : 0
41.5 msec : 0
41.6 msec : 0
41.7 msec : 0
41.8 msec : 0
41.9 msec : 0
42.0 msec : 0
42.1 msec : 0
42.2 msec : 0
42.3 msec : 0
42.4 msec : 0
42.5 msec : 0
42.6 msec : 0
42.7 msec : 0
42.8 msec : 0
42.9 msec : 0
43.0 msec : 0
43.1 msec : 0
43.2 msec : 0
43.3 msec : 0
43.4 msec : 0
43.5 msec : 0
43.6 msec : 0
43.7 msec : 0
43.8 msec : 0
43.9 msec : 0
44.0 msec : 0
44.1 msec : 1
44.2 msec : 1
44.3 msec : 1
44.4 msec : 0
44.5 msec : 0
44.6 msec : 0
44.7 msec : 0
44.8 msec : 0
44.9 msec : 0
45.0 msec : 0
45.1 msec : 0
45.2 msec : 1
45.3 msec : 0
45.4 msec : 0
45.5 msec : 0
45.6 msec : 0
45.7 msec : 0
45.8 msec : 0
45.9 msec : 0
46.0 msec : 1
46.1 msec : 1
46.2 msec : 0
46.3 msec : 0
46.4 msec : 5
46.5 msec : 0
46.6 msec : 2
46.7 msec : 0
46.8 msec : 0
46.9 msec : 1
47.0 msec : 1
47.1 msec : 0
47.2 msec : 0
47.3 msec : 2
47.4 msec : 0
47.5 msec : 0
47.6 msec : 0
47.7 msec : 0
47.8 msec : 0
47.9 msec : 0
48.0 msec : 0
48.1 msec : 0
48.2 msec : 0
48.3 msec : 0
48.4 msec : 0
48.5 msec : 0
48.6 msec : 0
48.7 msec : 0
48.8 msec : 0
48.9 msec : 0
49.0 msec : 0
49.1 msec : 0
49.2 msec : 0
49.3 msec : 0
49.4 msec : 0
49.5 msec : 0
49.6 msec : 0
49.7 msec : 0
49.8 msec : 0
49.9 msec : 0
50.0 msec : 0
50.1 msec : 0
50.2 msec : 0
50.3 msec : 0
50.4 msec : 0
50.5 msec : 0
50.6 msec : 0
50.7 msec : 0
50.8 msec : 0
50.9 msec : 0
51.0 msec : 0
51.1 msec : 0
51.2 msec : 0
51.3 msec : 0
51.4 msec : 1
51.5 msec : 0
51.6 msec : 1
51.7 msec : 1
51.8 msec : 2
51.9 msec : 1
52.0 msec : 0
52.1 msec : 1
52.2 msec : 0
52.3 msec : 1
52.4 msec : 0
52.5 msec : 0
52.6 msec : 0
52.7 msec : 0
52.8 msec : 0
52.9 msec : 0
53.0 msec : 0
53.1 msec : 0
53.2 msec : 0
53.3 msec : 0
53.4 msec : 0
53.5 msec : 0
53.6 msec : 0
53.7 msec : 0
53.8 msec : 0
53.9 msec : 0
54.0 msec : 0
54.1 msec : 0
54.2 msec : 0
54.3 msec : 0
54.4 msec : 2
54.5 msec : 1
54.6 msec : 0
54.7 msec : 0
54.8 msec : 0
54.9 msec : 0
55.0 msec : 0
55.1 msec : 0
55.2 msec : 0
55.3 msec : 0
55.4 msec : 0
55.5 msec : 0
55.6 msec : 0
55.7 msec : 0
55.8 msec : 0
55.9 msec : 0
56.0 msec : 0
56.1 msec : 0
56.2 msec : 0
56.3 msec : 0
56.4 msec : 0
56.5 msec : 0
56.6 msec : 0
56.7 msec : 0
56.8 msec : 0
56.9 msec : 0
57.0 msec : 0
57.1 msec : 0
57.2 msec : 0
57.3 msec : 0
57.4 msec : 0
57.5 msec : 0
57.6 msec : 0
57.7 msec : 0
57.8 msec : 0
57.9 msec : 0
58.0 msec : 0
58.1 msec : 0
58.2 msec : 0
58.3 msec : 0
58.4 msec : 0
58.5 msec : 0
58.6 msec : 0
58.7 msec : 0
58.8 msec : 0
58.9 msec : 0
59.0 msec : 0
59.1 msec : 0
59.2 msec : 0
59.3 msec : 0
59.4 msec : 0
59.5 msec : 0
59.6 msec : 0
59.7 msec : 0
59.8 msec : 0
59.9 msec : 0
60.0 msec : 0
60.1 msec : 0
60.2 msec : 0
60.3 msec : 0
60.4 msec : 0
60.5 msec : 0
60.6 msec : 0
60.7 msec : 0
60.8 msec : 0
60.9 msec : 0
61.0 msec : 0
61.1 msec : 0
61.2 msec : 0
61.3 msec : 0
61.4 msec : 0
61.5 msec : 0
61.6 msec : 0
61.7 msec : 0
61.8 msec : 0
61.9 msec : 0
62.0 msec : 0
62.1 msec : 0
62.2 msec : 0
62.3 msec : 0
62.4 msec : 0
62.5 msec : 0
62.6 msec : 0
62.7 msec : 0
62.8 msec : 0
62.9 msec : 0
63.0 msec : 0
63.1 msec : 0
63.2 msec : 0
63.3 msec : 0
63.4 msec : 0
63.5 msec : 0
63.6 msec : 0
63.7 msec : 0
63.8 msec : 0
63.9 msec : 0
64.0 msec : 0
64.1 msec : 0
64.2 msec : 0
64.3 msec : 0
64.4 msec : 0
64.5 msec : 0
64.6 msec : 1
64.7 msec : 1
64.8 msec : 0
64.9 msec : 0
65.0 msec : 0
65.1 msec : 0
65.2 msec : 0
65.3 msec : 0
65.4 msec : 0
65.5 msec : 0
65.6 msec : 0
65.7 msec : 0
65.8 msec : 0
65.9 msec : 0
66.0 msec : 0
66.1 msec : 0
66.2 msec : 0
66.3 msec : 0
66.4 msec : 0
66.5 msec : 0
66.6 msec : 0
66.7 msec : 0
66.8 msec : 0
66.9 msec : 0
67.0 msec : 0
67.1 msec : 0
67.2 msec : 0
67.3 msec : 0
67.4 msec : 0
67.5 msec : 0
67.6 msec : 0
67.7 msec : 0
67.8 msec : 0
67.9 msec : 0
68.0 msec : 0
68.1 msec : 0
68.2 msec : 0
68.3 msec : 0
68.4 msec : 0
68.5 msec : 0
68.6 msec : 0
68.7 msec : 0
68.8 msec : 0
68.9 msec : 0
69.0 msec : 0
69.1 msec : 0
69.2 msec : 0
69.3 msec : 0
69.4 msec : 0
69.5 msec : 0
69.6 msec : 0
69.7 msec : 0
69.8 msec : 0
69.9 msec : 0
70.0 msec : 0
70.1 msec : 0
70.2 msec : 0
70.3 msec : 0
70.4 msec : 0
70.5 msec : 0
70.6 msec : 0
70.7 msec : 0
70.8 msec : 0
70.9 msec : 0
71.0 msec : 0
71.1 msec : 0
71.2 msec : 0
71.3 msec : 0
71.4 msec : 0
71.5 msec : 0
71.6 msec : 0
71.7 msec : 0
71.8 msec : 0
71.9 msec : 0
72.0 msec : 0
72.1 msec : 0
72.2 msec : 0
72.3 msec : 0
72.4 msec : 0
72.5 msec : 0
72.6 msec : 0
72.7 msec : 0
72.8 msec : 0
72.9 msec : 0
73.0 msec : 0
73.1 msec : 0
73.2 msec : 0
73.3 msec : 0
73.4 msec : 0
73.5 msec : 0
73.6 msec : 0
73.7 msec : 0
73.8 msec : 0
73.9 msec : 0
74.0 msec : 0
74.1 msec : 0
74.2 msec : 0
74.3 msec : 0
74.4 msec : 0
74.5 msec : 0
74.6 msec : 0
74.7 msec : 0
74.8 msec : 0
74.9 msec : 0
75.0 msec : 0
75.1 msec : 0
75.2 msec : 0
75.3 msec : 0
75.4 msec : 0
75.5 msec : 0
75.6 msec : 1
75.7 msec : 1
75.8 msec : 1
75.9 msec : 0
76.0 msec : 0
76.1 msec : 0
76.2 msec : 0
76.3 msec : 0
76.4 msec : 0
76.5 msec : 0
76.6 msec : 0
76.7 msec : 0
76.8 msec : 0
76.9 msec : 0
77.0 msec : 0
77.1 msec : 0
77.2 msec : 0
77.3 msec : 0
77.4 msec : 0
77.5 msec : 0
77.6 msec : 0
77.7 msec : 0
77.8 msec : 0
77.9 msec : 0
78.0 msec : 0
78.1 msec : 0
78.2 msec : 0
78.3 msec : 0
78.4 msec : 0
78.5 msec : 0
78.6 msec : 0
78.7 msec : 0
78.8 msec : 0
78.9 msec : 0
79.0 msec : 0
79.1 msec : 0
79.2 msec : 0
79.3 msec : 0
79.4 msec : 0
79.5 msec : 0
79.6 msec : 0
79.7 msec : 0
79.8 msec : 0
79.9 msec : 0
80.0 msec : 0
80.1 msec : 0
80.2 msec : 0
80.3 msec : 0
80.4 msec : 0
80.5 msec : 0
80.6 msec : 0
80.7 msec : 0
80.8 msec : 0
80.9 msec : 0
81.0 msec : 0
81.1 msec : 0
81.2 msec : 1
81.3 msec : 0
81.4 msec : 1
81.5 msec : 0
81.6 msec : 0
81.7 msec : 0
81.8 msec : 0
81.9 msec : 0
82.0 msec : 0
82.1 msec : 0
82.2 msec : 0
82.3 msec : 0
82.4 msec : 0
82.5 msec : 0
82.6 msec : 0
82.7 msec : 0
82.8 msec : 0
82.9 msec : 0
83.0 msec : 0
83.1 msec : 0
83.2 msec : 0
83.3 msec : 0
83.4 msec : 0
83.5 msec : 0
83.6 msec : 0
83.7 msec : 0
83.8 msec : 0
83.9 msec : 0
84.0 msec : 0
84.1 msec : 0
84.2 msec : 0
84.3 msec : 0
84.4 msec : 0
84.5 msec : 0
84.6 msec : 0
84.7 msec : 0
84.8 msec : 0
84.9 msec : 0
85.0 msec : 0
85.1 msec : 0
85.2 msec : 0
85.3 msec : 0
85.4 msec : 0
85.5 msec : 0
85.6 msec : 0
85.7 msec : 0
85.8 msec : 0
85.9 msec : 0
86.0 msec : 0
86.1 msec : 0
86.2 msec : 0
86.3 msec : 0
86.4 msec : 0
86.5 msec : 0
86.6 msec : 0
86.7 msec : 0
86.8 msec : 0
86.9 msec : 0
87.0 msec : 0
87.1 msec : 0
87.2 msec : 0
87.3 msec : 0
87.4 msec : 0
87.5 msec : 0
87.6 msec : 0
87.7 msec : 0
87.8 msec : 0
87.9 msec : 0
88.0 msec : 0
88.1 msec : 0
88.2 msec : 0
88.3 msec : 0
88.4 msec : 0
88.5 msec : 0
88.6 msec : 0
88.7 msec : 0
88.8 msec : 0
88.9 msec : 0
89.0 msec : 0
89.1 msec : 0
89.2 msec : 0
89.3 msec : 0
89.4 msec : 0
89.5 msec : 0
89.6 msec : 0
89.7 msec : 0
89.8 msec : 0
89.9 msec : 0
90.0 msec : 0
90.1 msec : 0
90.2 msec : 0
90.3 msec : 0
90.4 msec : 0
90.5 msec : 0
90.6 msec : 0
90.7 msec : 0
90.8 msec : 0
90.9 msec : 0
91.0 msec : 0
91.1 msec : 0
91.2 msec : 1
91.3 msec : 0
91.4 msec : 0
91.5 msec : 0
91.6 msec : 0
91.7 msec : 0
91.8 msec : 0
91.9 msec : 0
92.0 msec : 0
92.1 msec : 0
92.2 msec : 0
92.3 msec : 0
92.4 msec : 0
92.5 msec : 0
92.6 msec : 0
92.7 msec : 0
92.8 msec : 0
92.9 msec : 0
93.0 msec : 0
93.1 msec : 0
93.2 msec : 0
93.3 msec : 0
93.4 msec : 0
93.5 msec : 0
93.6 msec : 0
93.7 msec : 0
93.8 msec : 0
93.9 msec : 0
94.0 msec : 0
94.1 msec : 0
94.2 msec : 0
94.3 msec : 0
94.4 msec : 0
94.5 msec : 0
94.6 msec : 0
94.7 msec : 0
94.8 msec : 0
94.9 msec : 0
95.0 msec : 0
95.1 msec : 0
95.2 msec : 0
95.3 msec : 0
95.4 msec : 0
95.5 msec : 0
95.6 msec : 0
95.7 msec : 0
95.8 msec : 0
95.9 msec : 0
96.0 msec : 0
96.1 msec : 0
96.2 msec : 0
96.3 msec : 0
96.4 msec : 0
96.5 msec : 0
96.6 msec : 0
96.7 msec : 0
96.8 msec : 0
96.9 msec : 0
97.0 msec : 0
97.1 msec : 0
97.2 msec : 0
97.3 msec : 0
97.4 msec : 0
97.5 msec : 0
97.6 msec : 0
97.7 msec : 0
97.8 msec : 0
97.9 msec : 0
98.0 msec : 0
98.1 msec : 0
98.2 msec : 0
98.3 msec : 0
98.4 msec : 0
98.5 msec : 0
98.6 msec : 0
98.7 msec : 0
98.8 msec : 0
98.9 msec : 0
99.0 msec : 0
99.1 msec : 0
99.2 msec : 0
99.3 msec : 0
99.4 msec : 0
99.5 msec : 0
99.6 msec : 0
99.7 msec : 0
99.8 msec : 0
99.9 msec : 0
100.0 msec : 0
100.1 msec : 0
100.2 msec : 0
100.3 msec : 0
100.4 msec : 0
100.5 msec : 0
100.6 msec : 0
100.7 msec : 0
100.8 msec : 0
100.9 msec : 0
