Middleware started...
Middleware shuts down...
Smaller resolution statistics are in a log file...
Final aggregates per worker:


Worker 46
Average throughput (ops/sec) = 73
Average response time (msec) = 1.175737262295082
Average queue length = 0
Average wait time in queue (msec) = 0.20678475409836067
Average service time (msec) = 0.8745256885245901
Number of SET = 0
Number of GET = 73
Number of MULTI GET = 0


Worker 47
Average throughput (ops/sec) = 72
Average response time (msec) = 1.1112857213114753
Average queue length = 0
Average wait time in queue (msec) = 0.20902736065573768
Average service time (msec) = 0.8168445737704918
Number of SET = 0
Number of GET = 72
Number of MULTI GET = 0


Worker 48
Average throughput (ops/sec) = 73
Average response time (msec) = 1.3073836229508198
Average queue length = 0
Average wait time in queue (msec) = 0.274813
Average service time (msec) = 0.9403246885245901
Number of SET = 0
Number of GET = 73
Number of MULTI GET = 0


Worker 49
Average throughput (ops/sec) = 73
Average response time (msec) = 1.1279966229508198
Average queue length = 0
Average wait time in queue (msec) = 0.1778308524590164
Average service time (msec) = 0.8579987868852459
Number of SET = 0
Number of GET = 73
Number of MULTI GET = 0


Worker 42
Average throughput (ops/sec) = 73
Average response time (msec) = 1.12561268852459
Average queue length = 0
Average wait time in queue (msec) = 0.18638196721311476
Average service time (msec) = 0.8546899016393443
Number of SET = 0
Number of GET = 73
Number of MULTI GET = 0


Worker 43
Average throughput (ops/sec) = 72
Average response time (msec) = 1.1427171311475408
Average queue length = 0
Average wait time in queue (msec) = 0.1976008524590164
Average service time (msec) = 0.8316333442622951
Number of SET = 0
Number of GET = 72
Number of MULTI GET = 0


Worker 44
Average throughput (ops/sec) = 72
Average response time (msec) = 1.1289521475409836
Average queue length = 0
Average wait time in queue (msec) = 0.20495342622950818
Average service time (msec) = 0.8135903606557376
Number of SET = 0
Number of GET = 72
Number of MULTI GET = 0


Worker 45
Average throughput (ops/sec) = 72
Average response time (msec) = 1.1265144262295081
Average queue length = 0
Average wait time in queue (msec) = 0.18970690163934426
Average service time (msec) = 0.8537458524590164
Number of SET = 0
Number of GET = 72
Number of MULTI GET = 0


Worker 50
Average throughput (ops/sec) = 72
Average response time (msec) = 1.182710213114754
Average queue length = 0
Average wait time in queue (msec) = 0.22074160655737707
Average service time (msec) = 0.8730714590163934
Number of SET = 0
Number of GET = 72
Number of MULTI GET = 0


Worker 51
Average throughput (ops/sec) = 70
Average response time (msec) = 1.1111950327868854
Average queue length = 0
Average wait time in queue (msec) = 0.17447673770491803
Average service time (msec) = 0.8454480655737704
Number of SET = 0
Number of GET = 70
Number of MULTI GET = 0


Worker 52
Average throughput (ops/sec) = 72
Average response time (msec) = 1.141015
Average queue length = 1
Average wait time in queue (msec) = 0.17465470491803278
Average service time (msec) = 0.8740654590163934
Number of SET = 0
Number of GET = 72
Number of MULTI GET = 0


Worker 57
Average throughput (ops/sec) = 73
Average response time (msec) = 1.1371900655737706
Average queue length = 1
Average wait time in queue (msec) = 0.19505347540983606
Average service time (msec) = 0.8574799016393443
Number of SET = 0
Number of GET = 73
Number of MULTI GET = 0


Worker 13
Average throughput (ops/sec) = 72
Average response time (msec) = 1.1297598196721312
Average queue length = 1
Average wait time in queue (msec) = 0.20405354098360656
Average service time (msec) = 0.8291243442622951
Number of SET = 0
Number of GET = 72
Number of MULTI GET = 0


Worker 58
Average throughput (ops/sec) = 74
Average response time (msec) = 1.180370786885246
Average queue length = 0
Average wait time in queue (msec) = 0.1995664426229508
Average service time (msec) = 0.8908240655737705
Number of SET = 0
Number of GET = 74
Number of MULTI GET = 0


Worker 14
Average throughput (ops/sec) = 71
Average response time (msec) = 1.1662657540983608
Average queue length = 1
Average wait time in queue (msec) = 0.20644068852459016
Average service time (msec) = 0.8568704754098361
Number of SET = 0
Number of GET = 71
Number of MULTI GET = 0


Worker 59
Average throughput (ops/sec) = 74
Average response time (msec) = 1.1878783770491803
Average queue length = 1
Average wait time in queue (msec) = 0.1715184918032787
Average service time (msec) = 0.928896655737705
Number of SET = 0
Number of GET = 74
Number of MULTI GET = 0


Worker 15
Average throughput (ops/sec) = 72
Average response time (msec) = 1.2356626393442622
Average queue length = 1
Average wait time in queue (msec) = 0.24996032786885247
Average service time (msec) = 0.882334868852459
Number of SET = 0
Number of GET = 72
Number of MULTI GET = 0


Worker 16
Average throughput (ops/sec) = 72
Average response time (msec) = 1.1697275081967213
Average queue length = 1
Average wait time in queue (msec) = 0.24523465573770492
Average service time (msec) = 0.7998111147540984
Number of SET = 0
Number of GET = 72
Number of MULTI GET = 0


Worker 53
Average throughput (ops/sec) = 72
Average response time (msec) = 1.1479881967213115
Average queue length = 1
Average wait time in queue (msec) = 0.1928472950819672
Average service time (msec) = 0.8557843442622951
Number of SET = 0
Number of GET = 72
Number of MULTI GET = 0


Worker 54
Average throughput (ops/sec) = 73
Average response time (msec) = 1.1886654262295082
Average queue length = 1
Average wait time in queue (msec) = 0.19050688524590165
Average service time (msec) = 0.9007914262295083
Number of SET = 0
Number of GET = 73
Number of MULTI GET = 0


Worker 10
Average throughput (ops/sec) = 72
Average response time (msec) = 1.1375880491803279
Average queue length = 1
Average wait time in queue (msec) = 0.22291424590163933
Average service time (msec) = 0.8099819344262296
Number of SET = 0
Number of GET = 72
Number of MULTI GET = 0


Worker 55
Average throughput (ops/sec) = 72
Average response time (msec) = 1.254920737704918
Average queue length = 0
Average wait time in queue (msec) = 0.1927448524590164
Average service time (msec) = 0.9616255409836066
Number of SET = 0
Number of GET = 72
Number of MULTI GET = 0


Worker 11
Average throughput (ops/sec) = 72
Average response time (msec) = 1.1404327540983608
Average queue length = 1
Average wait time in queue (msec) = 0.19108368852459018
Average service time (msec) = 0.8535682459016394
Number of SET = 0
Number of GET = 72
Number of MULTI GET = 0


Worker 56
Average throughput (ops/sec) = 72
Average response time (msec) = 1.0957875901639345
Average queue length = 0
Average wait time in queue (msec) = 0.193300262295082
Average service time (msec) = 0.8067621639344262
Number of SET = 0
Number of GET = 72
Number of MULTI GET = 0


Worker 12
Average throughput (ops/sec) = 71
Average response time (msec) = 1.1681752950819673
Average queue length = 1
Average wait time in queue (msec) = 0.200888
Average service time (msec) = 0.885396262295082
Number of SET = 0
Number of GET = 71
Number of MULTI GET = 0


Worker 17
Average throughput (ops/sec) = 72
Average response time (msec) = 1.1171407213114755
Average queue length = 0
Average wait time in queue (msec) = 0.19640437704918032
Average service time (msec) = 0.8138486557377049
Number of SET = 0
Number of GET = 72
Number of MULTI GET = 0


Worker 18
Average throughput (ops/sec) = 73
Average response time (msec) = 1.1367778032786886
Average queue length = 0
Average wait time in queue (msec) = 0.2192832786885246
Average service time (msec) = 0.8244562295081967
Number of SET = 0
Number of GET = 73
Number of MULTI GET = 0


Worker 19
Average throughput (ops/sec) = 71
Average response time (msec) = 1.129947836065574
Average queue length = 0
Average wait time in queue (msec) = 0.20504375409836065
Average service time (msec) = 0.8335799508196721
Number of SET = 0
Number of GET = 71
Number of MULTI GET = 0


Worker 60
Average throughput (ops/sec) = 72
Average response time (msec) = 1.120882213114754
Average queue length = 0
Average wait time in queue (msec) = 0.20478122950819674
Average service time (msec) = 0.8254088196721311
Number of SET = 0
Number of GET = 72
Number of MULTI GET = 0


Worker 61
Average throughput (ops/sec) = 73
Average response time (msec) = 1.0816691311475408
Average queue length = 1
Average wait time in queue (msec) = 0.1987349836065574
Average service time (msec) = 0.8013802459016394
Number of SET = 0
Number of GET = 73
Number of MULTI GET = 0


Worker 62
Average throughput (ops/sec) = 72
Average response time (msec) = 1.1705801967213114
Average queue length = 1
Average wait time in queue (msec) = 0.23384524590163935
Average service time (msec) = 0.835382737704918
Number of SET = 0
Number of GET = 72
Number of MULTI GET = 0


Worker 63
Average throughput (ops/sec) = 73
Average response time (msec) = 1.119485262295082
Average queue length = 0
Average wait time in queue (msec) = 0.21334977049180326
Average service time (msec) = 0.807422655737705
Number of SET = 0
Number of GET = 73
Number of MULTI GET = 0


Worker 24
Average throughput (ops/sec) = 72
Average response time (msec) = 1.1368571475409834
Average queue length = 0
Average wait time in queue (msec) = 0.19298304918032785
Average service time (msec) = 0.8429197049180327
Number of SET = 0
Number of GET = 72
Number of MULTI GET = 0


Worker 7
Average throughput (ops/sec) = 71
Average response time (msec) = 1.1458599836065573
Average queue length = 1
Average wait time in queue (msec) = 0.21245995081967214
Average service time (msec) = 0.8312613606557377
Number of SET = 0
Number of GET = 71
Number of MULTI GET = 0


Worker 25
Average throughput (ops/sec) = 73
Average response time (msec) = 1.1884168032786886
Average queue length = 1
Average wait time in queue (msec) = 0.21954190163934426
Average service time (msec) = 0.871930524590164
Number of SET = 0
Number of GET = 73
Number of MULTI GET = 0


Worker 6
Average throughput (ops/sec) = 74
Average response time (msec) = 1.1611405573770492
Average queue length = 1
Average wait time in queue (msec) = 0.21488149180327867
Average service time (msec) = 0.8469284754098361
Number of SET = 0
Number of GET = 74
Number of MULTI GET = 0


Worker 26
Average throughput (ops/sec) = 73
Average response time (msec) = 1.1751065901639346
Average queue length = 0
Average wait time in queue (msec) = 0.277051131147541
Average service time (msec) = 0.809246786885246
Number of SET = 0
Number of GET = 73
Number of MULTI GET = 0


Worker 9
Average throughput (ops/sec) = 73
Average response time (msec) = 1.1413477049180327
Average queue length = 1
Average wait time in queue (msec) = 0.2091736557377049
Average service time (msec) = 0.8402401639344262
Number of SET = 0
Number of GET = 73
Number of MULTI GET = 0


Worker 27
Average throughput (ops/sec) = 74
Average response time (msec) = 1.1813523114754099
Average queue length = 0
Average wait time in queue (msec) = 0.227987131147541
Average service time (msec) = 0.8571752131147541
Number of SET = 0
Number of GET = 74
Number of MULTI GET = 0


Worker 8
Average throughput (ops/sec) = 73
Average response time (msec) = 1.1153821475409835
Average queue length = 1
Average wait time in queue (msec) = 0.19792421311475408
Average service time (msec) = 0.825786524590164
Number of SET = 0
Number of GET = 73
Number of MULTI GET = 0


Worker 64
Average throughput (ops/sec) = 74
Average response time (msec) = 1.1849260655737706
Average queue length = 1
Average wait time in queue (msec) = 0.202354868852459
Average service time (msec) = 0.8880061967213114
Number of SET = 0
Number of GET = 74
Number of MULTI GET = 0


Worker 20
Average throughput (ops/sec) = 73
Average response time (msec) = 1.1235601967213114
Average queue length = 0
Average wait time in queue (msec) = 0.21687080327868852
Average service time (msec) = 0.8141613606557377
Number of SET = 0
Number of GET = 73
Number of MULTI GET = 0


Worker 3
Average throughput (ops/sec) = 71
Average response time (msec) = 1.0981581147540984
Average queue length = 0
Average wait time in queue (msec) = 0.18764422950819673
Average service time (msec) = 0.8168322295081967
Number of SET = 0
Number of GET = 71
Number of MULTI GET = 0


Worker 21
Average throughput (ops/sec) = 72
Average response time (msec) = 1.1471494098360655
Average queue length = 0
Average wait time in queue (msec) = 0.17679857377049182
Average service time (msec) = 0.865259344262295
Number of SET = 0
Number of GET = 72
Number of MULTI GET = 0


Worker 2
Average throughput (ops/sec) = 75
Average response time (msec) = 1.152720573770492
Average queue length = 0
Average wait time in queue (msec) = 0.19262021311475408
Average service time (msec) = 0.8754928852459016
Number of SET = 0
Number of GET = 75
Number of MULTI GET = 0


Worker 22
Average throughput (ops/sec) = 71
Average response time (msec) = 1.13402331147541
Average queue length = 1
Average wait time in queue (msec) = 0.2014008032786885
Average service time (msec) = 0.8340237704918033
Number of SET = 0
Number of GET = 71
Number of MULTI GET = 0


Worker 5
Average throughput (ops/sec) = 72
Average response time (msec) = 1.1785595245901639
Average queue length = 0
Average wait time in queue (msec) = 0.2326740819672131
Average service time (msec) = 0.8314647704918033
Number of SET = 0
Number of GET = 72
Number of MULTI GET = 0


Worker 23
Average throughput (ops/sec) = 72
Average response time (msec) = 1.2024243442622953
Average queue length = 0
Average wait time in queue (msec) = 0.23129765573770492
Average service time (msec) = 0.8761326885245901
Number of SET = 0
Number of GET = 72
Number of MULTI GET = 0


Worker 4
Average throughput (ops/sec) = 72
Average response time (msec) = 1.1568330327868852
Average queue length = 0
Average wait time in queue (msec) = 0.20625642622950818
Average service time (msec) = 0.8505312950819672
Number of SET = 0
Number of GET = 72
Number of MULTI GET = 0


Worker 28
Average throughput (ops/sec) = 71
Average response time (msec) = 1.1545790819672133
Average queue length = 0
Average wait time in queue (msec) = 0.20924149180327867
Average service time (msec) = 0.8592650655737705
Number of SET = 0
Number of GET = 71
Number of MULTI GET = 0


Worker 29
Average throughput (ops/sec) = 73
Average response time (msec) = 1.1438458032786887
Average queue length = 0
Average wait time in queue (msec) = 0.1990871475409836
Average service time (msec) = 0.8525242950819673
Number of SET = 0
Number of GET = 73
Number of MULTI GET = 0


Worker 1
Average throughput (ops/sec) = 72
Average response time (msec) = 1.1509473606557379
Average queue length = 0
Average wait time in queue (msec) = 0.20331718032786886
Average service time (msec) = 0.8524243114754099
Number of SET = 0
Number of GET = 72
Number of MULTI GET = 0


Worker 30
Average throughput (ops/sec) = 72
Average response time (msec) = 1.124621475409836
Average queue length = 0
Average wait time in queue (msec) = 0.20837137704918032
Average service time (msec) = 0.823939655737705
Number of SET = 0
Number of GET = 72
Number of MULTI GET = 0


Worker 35
Average throughput (ops/sec) = 74
Average response time (msec) = 1.188878262295082
Average queue length = 0
Average wait time in queue (msec) = 0.20811940983606558
Average service time (msec) = 0.8735262459016393
Number of SET = 0
Number of GET = 74
Number of MULTI GET = 0


Worker 36
Average throughput (ops/sec) = 72
Average response time (msec) = 1.1477661803278687
Average queue length = 0
Average wait time in queue (msec) = 0.18397281967213117
Average service time (msec) = 0.8278080655737704
Number of SET = 0
Number of GET = 72
Number of MULTI GET = 0


Worker 37
Average throughput (ops/sec) = 73
Average response time (msec) = 1.1469769344262295
Average queue length = 0
Average wait time in queue (msec) = 0.19266695081967214
Average service time (msec) = 0.8379083770491803
Number of SET = 0
Number of GET = 73
Number of MULTI GET = 0


Worker 38
Average throughput (ops/sec) = 74
Average response time (msec) = 1.139318163934426
Average queue length = 0
Average wait time in queue (msec) = 0.19608603278688524
Average service time (msec) = 0.8404146229508197
Number of SET = 0
Number of GET = 74
Number of MULTI GET = 0


Worker 31
Average throughput (ops/sec) = 72
Average response time (msec) = 1.0737821311475408
Average queue length = 0
Average wait time in queue (msec) = 0.16473159016393443
Average service time (msec) = 0.8219753278688524
Number of SET = 0
Number of GET = 72
Number of MULTI GET = 0


Worker 32
Average throughput (ops/sec) = 74
Average response time (msec) = 1.1285974918032786
Average queue length = 0
Average wait time in queue (msec) = 0.19710260655737707
Average service time (msec) = 0.8381005573770492
Number of SET = 0
Number of GET = 74
Number of MULTI GET = 0


Worker 33
Average throughput (ops/sec) = 72
Average response time (msec) = 1.1058858032786887
Average queue length = 0
Average wait time in queue (msec) = 0.18425340983606558
Average service time (msec) = 0.8296800491803279
Number of SET = 0
Number of GET = 72
Number of MULTI GET = 0


Worker 34
Average throughput (ops/sec) = 74
Average response time (msec) = 1.1169319344262294
Average queue length = 0
Average wait time in queue (msec) = 0.19284932786885248
Average service time (msec) = 0.8220975245901639
Number of SET = 0
Number of GET = 74
Number of MULTI GET = 0


Worker 39
Average throughput (ops/sec) = 73
Average response time (msec) = 1.1188913606557378
Average queue length = 0
Average wait time in queue (msec) = 0.19506101639344262
Average service time (msec) = 0.8101575081967213
Number of SET = 0
Number of GET = 73
Number of MULTI GET = 0


Worker 40
Average throughput (ops/sec) = 74
Average response time (msec) = 1.1537122459016393
Average queue length = 0
Average wait time in queue (msec) = 0.20247659016393443
Average service time (msec) = 0.827462606557377
Number of SET = 0
Number of GET = 74
Number of MULTI GET = 0


Worker 41
Average throughput (ops/sec) = 72
Average response time (msec) = 1.1186778032786886
Average queue length = 0
Average wait time in queue (msec) = 0.16366865573770492
Average service time (msec) = 0.8231187049180327
Number of SET = 0
Number of GET = 72
Number of MULTI GET = 0


FINAL STATS
Average throughput (ops/sec) = 4639
Average response time (msec) = 1.0934944642838333
Average queue length = 0
Average wait time in queue (msec) = 0.2038352100409836
Average service time (msec) = 0.847101016137295
Number of SET = 0
Number of GET = 4639
Number of MULTI GET = 0
Number of Cache misses = 0
Arrival rate (lambda) = [0, 0, 0, 0, 0, 254, 2645, 3388, 4035, 4522, 5056, 5032, 5280, 4769, 4848, 4881, 4828, 4905, 4904, 4776, 4865, 4437, 4696, 4805, 5009, 4562, 5046, 4902, 5008, 4587, 5092, 5116, 5177, 4999, 4967, 5096, 4769, 4720, 4896, 4894, 4695, 4879, 4924, 5133, 4743, 4948, 5027, 4997, 4970, 4917, 5000, 5117, 4868, 4482, 4133, 4478, 4419, 4674, 4590, 4406, 4566, 5019, 4781, 4783, 4487, 3985, 10, 0]


Histogram response times (0.1 msec step)
0.0 msec : 2442
0.1 msec : 19621
0.2 msec : 41965
0.3 msec : 50612
0.4 msec : 45065
0.5 msec : 33214
0.6 msec : 22313
0.7 msec : 14365
0.8 msec : 9723
0.9 msec : 6591
1.0 msec : 4569
1.1 msec : 3290
1.2 msec : 2628
1.3 msec : 2106
1.4 msec : 1754
1.5 msec : 1323
1.6 msec : 1209
1.7 msec : 1057
1.8 msec : 906
1.9 msec : 806
2.0 msec : 717
2.1 msec : 581
2.2 msec : 564
2.3 msec : 503
2.4 msec : 451
2.5 msec : 441
2.6 msec : 353
2.7 msec : 368
2.8 msec : 344
2.9 msec : 308
3.0 msec : 279
3.1 msec : 251
3.2 msec : 263
3.3 msec : 257
3.4 msec : 300
3.5 msec : 264
3.6 msec : 226
3.7 msec : 264
3.8 msec : 284
3.9 msec : 295
4.0 msec : 338
4.1 msec : 324
4.2 msec : 280
4.3 msec : 271
4.4 msec : 297
4.5 msec : 285
4.6 msec : 255
4.7 msec : 212
4.8 msec : 189
4.9 msec : 178
5.0 msec : 178
5.1 msec : 209
5.2 msec : 220
5.3 msec : 235
5.4 msec : 326
5.5 msec : 518
5.6 msec : 729
5.7 msec : 897
5.8 msec : 916
5.9 msec : 907
6.0 msec : 773
6.1 msec : 642
6.2 msec : 512
6.3 msec : 366
6.4 msec : 271
6.5 msec : 183
6.6 msec : 142
6.7 msec : 137
6.8 msec : 130
6.9 msec : 105
7.0 msec : 79
7.1 msec : 69
7.2 msec : 46
7.3 msec : 31
7.4 msec : 38
7.5 msec : 34
7.6 msec : 22
7.7 msec : 18
7.8 msec : 25
7.9 msec : 23
8.0 msec : 17
8.1 msec : 21
8.2 msec : 27
8.3 msec : 14
8.4 msec : 20
8.5 msec : 11
8.6 msec : 15
8.7 msec : 17
8.8 msec : 12
8.9 msec : 14
9.0 msec : 11
9.1 msec : 11
9.2 msec : 6
9.3 msec : 8
9.4 msec : 8
9.5 msec : 14
9.6 msec : 15
9.7 msec : 4
9.8 msec : 17
9.9 msec : 16
10.0 msec : 8
10.1 msec : 12
10.2 msec : 6
10.3 msec : 8
10.4 msec : 7
10.5 msec : 6
10.6 msec : 4
10.7 msec : 3
10.8 msec : 4
10.9 msec : 3
11.0 msec : 4
11.1 msec : 11
11.2 msec : 5
11.3 msec : 1
11.4 msec : 5
11.5 msec : 3
11.6 msec : 3
11.7 msec : 1
11.8 msec : 2
11.9 msec : 4
12.0 msec : 3
12.1 msec : 2
12.2 msec : 3
12.3 msec : 0
12.4 msec : 2
12.5 msec : 4
12.6 msec : 2
12.7 msec : 3
12.8 msec : 2
12.9 msec : 4
13.0 msec : 0
13.1 msec : 2
13.2 msec : 0
13.3 msec : 0
13.4 msec : 1
13.5 msec : 0
13.6 msec : 0
13.7 msec : 1
13.8 msec : 2
13.9 msec : 1
14.0 msec : 1
14.1 msec : 4
14.2 msec : 1
14.3 msec : 0
14.4 msec : 0
14.5 msec : 1
14.6 msec : 0
14.7 msec : 0
14.8 msec : 0
14.9 msec : 0
15.0 msec : 2
15.1 msec : 0
15.2 msec : 1
15.3 msec : 1
15.4 msec : 2
15.5 msec : 0
15.6 msec : 1
15.7 msec : 0
15.8 msec : 0
15.9 msec : 0
16.0 msec : 1
16.1 msec : 0
16.2 msec : 0
16.3 msec : 1
16.4 msec : 1
16.5 msec : 2
16.6 msec : 3
16.7 msec : 1
16.8 msec : 0
16.9 msec : 0
17.0 msec : 2
17.1 msec : 3
17.2 msec : 2
17.3 msec : 3
17.4 msec : 0
17.5 msec : 2
17.6 msec : 1
17.7 msec : 0
17.8 msec : 1
17.9 msec : 0
18.0 msec : 1
18.1 msec : 0
18.2 msec : 0
18.3 msec : 0
18.4 msec : 0
18.5 msec : 0
18.6 msec : 0
18.7 msec : 0
18.8 msec : 0
18.9 msec : 1
19.0 msec : 0
19.1 msec : 0
19.2 msec : 0
19.3 msec : 0
19.4 msec : 0
19.5 msec : 0
19.6 msec : 0
19.7 msec : 0
19.8 msec : 0
19.9 msec : 1
20.0 msec : 1
20.1 msec : 1
20.2 msec : 2
20.3 msec : 2
20.4 msec : 1
20.5 msec : 0
20.6 msec : 0
20.7 msec : 0
20.8 msec : 0
20.9 msec : 0
21.0 msec : 0
21.1 msec : 0
21.2 msec : 0
21.3 msec : 0
21.4 msec : 0
21.5 msec : 0
21.6 msec : 0
21.7 msec : 0
21.8 msec : 0
21.9 msec : 0
22.0 msec : 0
22.1 msec : 0
22.2 msec : 0
22.3 msec : 0
22.4 msec : 0
22.5 msec : 0
22.6 msec : 0
22.7 msec : 0
22.8 msec : 0
22.9 msec : 0
23.0 msec : 0
23.1 msec : 0
23.2 msec : 2
23.3 msec : 1
23.4 msec : 0
23.5 msec : 1
23.6 msec : 1
23.7 msec : 0
23.8 msec : 0
23.9 msec : 0
24.0 msec : 0
24.1 msec : 0
24.2 msec : 0
24.3 msec : 0
24.4 msec : 0
24.5 msec : 0
24.6 msec : 1
24.7 msec : 0
24.8 msec : 0
24.9 msec : 0
25.0 msec : 0
25.1 msec : 0
25.2 msec : 1
25.3 msec : 0
25.4 msec : 1
25.5 msec : 0
25.6 msec : 4
25.7 msec : 0
25.8 msec : 0
25.9 msec : 0
26.0 msec : 2
26.1 msec : 0
26.2 msec : 0
26.3 msec : 0
26.4 msec : 0
26.5 msec : 0
26.6 msec : 0
26.7 msec : 0
26.8 msec : 0
26.9 msec : 0
27.0 msec : 0
27.1 msec : 0
27.2 msec : 0
27.3 msec : 0
27.4 msec : 0
27.5 msec : 0
27.6 msec : 0
27.7 msec : 0
27.8 msec : 0
27.9 msec : 0
28.0 msec : 0
28.1 msec : 0
28.2 msec : 0
28.3 msec : 0
28.4 msec : 0
28.5 msec : 0
28.6 msec : 0
28.7 msec : 0
28.8 msec : 0
28.9 msec : 0
29.0 msec : 0
29.1 msec : 0
29.2 msec : 0
29.3 msec : 0
29.4 msec : 0
29.5 msec : 0
29.6 msec : 0
29.7 msec : 1
29.8 msec : 0
29.9 msec : 0
30.0 msec : 0
30.1 msec : 0
30.2 msec : 0
30.3 msec : 0
30.4 msec : 0
30.5 msec : 1
30.6 msec : 0
30.7 msec : 1
30.8 msec : 0
30.9 msec : 0
31.0 msec : 0
31.1 msec : 0
31.2 msec : 0
31.3 msec : 0
31.4 msec : 1
31.5 msec : 0
31.6 msec : 0
31.7 msec : 0
31.8 msec : 0
31.9 msec : 0
32.0 msec : 0
32.1 msec : 0
32.2 msec : 0
32.3 msec : 0
32.4 msec : 0
32.5 msec : 0
32.6 msec : 0
32.7 msec : 0
32.8 msec : 1
32.9 msec : 0
33.0 msec : 0
33.1 msec : 0
33.2 msec : 0
33.3 msec : 0
33.4 msec : 0
33.5 msec : 0
33.6 msec : 0
33.7 msec : 0
33.8 msec : 0
33.9 msec : 0
34.0 msec : 0
34.1 msec : 0
34.2 msec : 1
34.3 msec : 0
34.4 msec : 0
34.5 msec : 0
34.6 msec : 0
34.7 msec : 0
34.8 msec : 0
34.9 msec : 0
35.0 msec : 0
35.1 msec : 0
35.2 msec : 0
35.3 msec : 0
35.4 msec : 0
35.5 msec : 0
35.6 msec : 0
35.7 msec : 0
35.8 msec : 0
35.9 msec : 0
36.0 msec : 0
36.1 msec : 0
36.2 msec : 0
36.3 msec : 0
36.4 msec : 0
36.5 msec : 0
36.6 msec : 0
36.7 msec : 0
36.8 msec : 0
36.9 msec : 0
37.0 msec : 0
37.1 msec : 0
37.2 msec : 0
37.3 msec : 0
37.4 msec : 0
37.5 msec : 1
37.6 msec : 0
37.7 msec : 1
37.8 msec : 0
37.9 msec : 0
38.0 msec : 0
38.1 msec : 0
38.2 msec : 2
38.3 msec : 0
38.4 msec : 1
38.5 msec : 1
38.6 msec : 0
38.7 msec : 0
38.8 msec : 1
38.9 msec : 0
39.0 msec : 0
39.1 msec : 0
39.2 msec : 0
39.3 msec : 0
39.4 msec : 0
39.5 msec : 0
39.6 msec : 0
39.7 msec : 0
39.8 msec : 0
39.9 msec : 0
40.0 msec : 0
40.1 msec : 0
40.2 msec : 0
40.3 msec : 0
40.4 msec : 0
40.5 msec : 1
40.6 msec : 0
40.7 msec : 0
40.8 msec : 1
40.9 msec : 1
41.0 msec : 0
41.1 msec : 0
41.2 msec : 0
41.3 msec : 0
41.4 msec : 0
41.5 msec : 0
41.6 msec : 0
41.7 msec : 0
41.8 msec : 0
41.9 msec : 0
42.0 msec : 0
42.1 msec : 0
42.2 msec : 0
42.3 msec : 0
42.4 msec : 0
42.5 msec : 1
42.6 msec : 0
42.7 msec : 0
42.8 msec : 0
42.9 msec : 0
43.0 msec : 0
43.1 msec : 0
43.2 msec : 0
43.3 msec : 0
43.4 msec : 0
43.5 msec : 0
43.6 msec : 0
43.7 msec : 0
43.8 msec : 0
43.9 msec : 0
44.0 msec : 0
44.1 msec : 0
44.2 msec : 0
44.3 msec : 0
44.4 msec : 0
44.5 msec : 0
44.6 msec : 0
44.7 msec : 0
44.8 msec : 0
44.9 msec : 0
45.0 msec : 0
45.1 msec : 0
45.2 msec : 0
45.3 msec : 0
45.4 msec : 0
45.5 msec : 0
45.6 msec : 0
45.7 msec : 0
45.8 msec : 0
45.9 msec : 0
46.0 msec : 0
46.1 msec : 0
46.2 msec : 0
46.3 msec : 0
46.4 msec : 0
46.5 msec : 0
46.6 msec : 0
46.7 msec : 0
46.8 msec : 0
46.9 msec : 0
47.0 msec : 0
47.1 msec : 0
47.2 msec : 0
47.3 msec : 0
47.4 msec : 0
47.5 msec : 0
47.6 msec : 0
47.7 msec : 0
47.8 msec : 0
47.9 msec : 0
48.0 msec : 0
48.1 msec : 0
48.2 msec : 0
48.3 msec : 0
48.4 msec : 1
48.5 msec : 0
48.6 msec : 2
48.7 msec : 1
48.8 msec : 1
48.9 msec : 0
49.0 msec : 0
49.1 msec : 0
49.2 msec : 0
49.3 msec : 1
49.4 msec : 0
49.5 msec : 0
49.6 msec : 0
49.7 msec : 0
49.8 msec : 2
49.9 msec : 0
50.0 msec : 1
50.1 msec : 1
50.2 msec : 0
50.3 msec : 1
50.4 msec : 2
50.5 msec : 0
50.6 msec : 0
50.7 msec : 1
50.8 msec : 0
50.9 msec : 0
51.0 msec : 0
51.1 msec : 0
51.2 msec : 0
51.3 msec : 0
51.4 msec : 0
51.5 msec : 0
51.6 msec : 0
51.7 msec : 0
51.8 msec : 0
51.9 msec : 0
52.0 msec : 1
52.1 msec : 0
52.2 msec : 0
52.3 msec : 0
52.4 msec : 1
52.5 msec : 0
52.6 msec : 0
