Middleware started...
Middleware shuts down...
Smaller resolution statistics are in a log file...
Final aggregates per worker:


Worker 46
Average throughput (ops/sec) = 75
Average response time (msec) = 1.1052100655737707
Average queue length = 0
Average wait time in queue (msec) = 0.1781480163934426
Average service time (msec) = 0.8361325409836066
Number of SET = 0
Number of GET = 75
Number of MULTI GET = 0


Worker 47
Average throughput (ops/sec) = 73
Average response time (msec) = 1.1236264918032788
Average queue length = 0
Average wait time in queue (msec) = 0.1931527868852459
Average service time (msec) = 0.8268231475409836
Number of SET = 0
Number of GET = 73
Number of MULTI GET = 0


Worker 48
Average throughput (ops/sec) = 73
Average response time (msec) = 1.1387218852459016
Average queue length = 0
Average wait time in queue (msec) = 0.17594513114754098
Average service time (msec) = 0.8637978360655737
Number of SET = 0
Number of GET = 73
Number of MULTI GET = 0


Worker 49
Average throughput (ops/sec) = 73
Average response time (msec) = 1.1716750983606559
Average queue length = 0
Average wait time in queue (msec) = 0.1980300819672131
Average service time (msec) = 0.881744524590164
Number of SET = 0
Number of GET = 73
Number of MULTI GET = 0


Worker 42
Average throughput (ops/sec) = 75
Average response time (msec) = 1.074568049180328
Average queue length = 0
Average wait time in queue (msec) = 0.16910616393442623
Average service time (msec) = 0.8163924754098361
Number of SET = 0
Number of GET = 75
Number of MULTI GET = 0


Worker 43
Average throughput (ops/sec) = 73
Average response time (msec) = 1.107456475409836
Average queue length = 0
Average wait time in queue (msec) = 0.1972369180327869
Average service time (msec) = 0.829796131147541
Number of SET = 0
Number of GET = 73
Number of MULTI GET = 0


Worker 44
Average throughput (ops/sec) = 72
Average response time (msec) = 1.098362262295082
Average queue length = 1
Average wait time in queue (msec) = 0.1779270819672131
Average service time (msec) = 0.8251152950819672
Number of SET = 0
Number of GET = 72
Number of MULTI GET = 0


Worker 45
Average throughput (ops/sec) = 73
Average response time (msec) = 1.1338236721311474
Average queue length = 0
Average wait time in queue (msec) = 0.193631131147541
Average service time (msec) = 0.854974131147541
Number of SET = 0
Number of GET = 73
Number of MULTI GET = 0


Worker 50
Average throughput (ops/sec) = 73
Average response time (msec) = 1.0974751803278688
Average queue length = 0
Average wait time in queue (msec) = 0.17350290163934426
Average service time (msec) = 0.8354691967213115
Number of SET = 0
Number of GET = 73
Number of MULTI GET = 0


Worker 51
Average throughput (ops/sec) = 75
Average response time (msec) = 1.1537012950819672
Average queue length = 0
Average wait time in queue (msec) = 0.19761359016393443
Average service time (msec) = 0.8415472131147541
Number of SET = 0
Number of GET = 75
Number of MULTI GET = 0


Worker 52
Average throughput (ops/sec) = 73
Average response time (msec) = 1.1898645901639344
Average queue length = 0
Average wait time in queue (msec) = 0.186894262295082
Average service time (msec) = 0.9120513442622951
Number of SET = 0
Number of GET = 73
Number of MULTI GET = 0


Worker 57
Average throughput (ops/sec) = 73
Average response time (msec) = 1.0977432459016394
Average queue length = 0
Average wait time in queue (msec) = 0.1924329836065574
Average service time (msec) = 0.8144965409836066
Number of SET = 0
Number of GET = 73
Number of MULTI GET = 0


Worker 13
Average throughput (ops/sec) = 73
Average response time (msec) = 1.1643481475409836
Average queue length = 1
Average wait time in queue (msec) = 0.18651639344262294
Average service time (msec) = 0.8560378524590164
Number of SET = 0
Number of GET = 73
Number of MULTI GET = 0


Worker 58
Average throughput (ops/sec) = 71
Average response time (msec) = 1.0932245573770492
Average queue length = 0
Average wait time in queue (msec) = 0.17323640983606559
Average service time (msec) = 0.8359836393442623
Number of SET = 0
Number of GET = 71
Number of MULTI GET = 0


Worker 14
Average throughput (ops/sec) = 74
Average response time (msec) = 1.1771673442622952
Average queue length = 1
Average wait time in queue (msec) = 0.20582018032786883
Average service time (msec) = 0.881077
Number of SET = 0
Number of GET = 74
Number of MULTI GET = 0


Worker 59
Average throughput (ops/sec) = 74
Average response time (msec) = 1.0880084098360654
Average queue length = 0
Average wait time in queue (msec) = 0.19195840983606557
Average service time (msec) = 0.8120965901639344
Number of SET = 0
Number of GET = 74
Number of MULTI GET = 0


Worker 15
Average throughput (ops/sec) = 73
Average response time (msec) = 1.1213632950819672
Average queue length = 0
Average wait time in queue (msec) = 0.18819655737704918
Average service time (msec) = 0.8480850819672131
Number of SET = 0
Number of GET = 73
Number of MULTI GET = 0


Worker 16
Average throughput (ops/sec) = 76
Average response time (msec) = 1.1269674098360656
Average queue length = 0
Average wait time in queue (msec) = 0.19050860655737706
Average service time (msec) = 0.8442380983606557
Number of SET = 0
Number of GET = 76
Number of MULTI GET = 0


Worker 53
Average throughput (ops/sec) = 74
Average response time (msec) = 1.1225549180327867
Average queue length = 0
Average wait time in queue (msec) = 0.18260340983606557
Average service time (msec) = 0.8476669344262295
Number of SET = 0
Number of GET = 74
Number of MULTI GET = 0


Worker 54
Average throughput (ops/sec) = 73
Average response time (msec) = 1.2139619836065574
Average queue length = 0
Average wait time in queue (msec) = 0.2898852786885246
Average service time (msec) = 0.8357831475409836
Number of SET = 0
Number of GET = 73
Number of MULTI GET = 0


Worker 10
Average throughput (ops/sec) = 74
Average response time (msec) = 1.0779754590163935
Average queue length = 1
Average wait time in queue (msec) = 0.171792262295082
Average service time (msec) = 0.813685868852459
Number of SET = 0
Number of GET = 74
Number of MULTI GET = 0


Worker 55
Average throughput (ops/sec) = 73
Average response time (msec) = 1.2613500655737706
Average queue length = 0
Average wait time in queue (msec) = 0.3119501639344262
Average service time (msec) = 0.8514214918032786
Number of SET = 0
Number of GET = 73
Number of MULTI GET = 0


Worker 11
Average throughput (ops/sec) = 75
Average response time (msec) = 1.1645075081967213
Average queue length = 1
Average wait time in queue (msec) = 0.21909022950819673
Average service time (msec) = 0.8502406721311476
Number of SET = 0
Number of GET = 75
Number of MULTI GET = 0


Worker 56
Average throughput (ops/sec) = 75
Average response time (msec) = 1.1255440819672131
Average queue length = 0
Average wait time in queue (msec) = 0.1988410655737705
Average service time (msec) = 0.8363340491803279
Number of SET = 0
Number of GET = 75
Number of MULTI GET = 0


Worker 12
Average throughput (ops/sec) = 74
Average response time (msec) = 1.126122163934426
Average queue length = 1
Average wait time in queue (msec) = 0.2030619180327869
Average service time (msec) = 0.829394262295082
Number of SET = 0
Number of GET = 74
Number of MULTI GET = 0


Worker 17
Average throughput (ops/sec) = 74
Average response time (msec) = 1.0941895901639345
Average queue length = 1
Average wait time in queue (msec) = 0.1895475901639344
Average service time (msec) = 0.8143758196721311
Number of SET = 0
Number of GET = 74
Number of MULTI GET = 0


Worker 18
Average throughput (ops/sec) = 74
Average response time (msec) = 1.1342050163934427
Average queue length = 0
Average wait time in queue (msec) = 0.19624045901639342
Average service time (msec) = 0.8456800491803279
Number of SET = 0
Number of GET = 74
Number of MULTI GET = 0


Worker 19
Average throughput (ops/sec) = 74
Average response time (msec) = 1.0575941147540984
Average queue length = 0
Average wait time in queue (msec) = 0.16042768852459016
Average service time (msec) = 0.8081526885245901
Number of SET = 0
Number of GET = 74
Number of MULTI GET = 0


Worker 60
Average throughput (ops/sec) = 75
Average response time (msec) = 1.0915665737704918
Average queue length = 0
Average wait time in queue (msec) = 0.18523219672131147
Average service time (msec) = 0.8162773770491804
Number of SET = 0
Number of GET = 75
Number of MULTI GET = 0


Worker 61
Average throughput (ops/sec) = 73
Average response time (msec) = 1.394161868852459
Average queue length = 0
Average wait time in queue (msec) = 0.3449343606557377
Average service time (msec) = 0.8370326557377049
Number of SET = 0
Number of GET = 73
Number of MULTI GET = 0


Worker 62
Average throughput (ops/sec) = 75
Average response time (msec) = 1.1400435901639345
Average queue length = 0
Average wait time in queue (msec) = 0.16592973770491803
Average service time (msec) = 0.8746004426229508
Number of SET = 0
Number of GET = 75
Number of MULTI GET = 0


Worker 63
Average throughput (ops/sec) = 74
Average response time (msec) = 1.0789849180327868
Average queue length = 1
Average wait time in queue (msec) = 0.17660295081967214
Average service time (msec) = 0.8130957213114753
Number of SET = 0
Number of GET = 74
Number of MULTI GET = 0


Worker 24
Average throughput (ops/sec) = 74
Average response time (msec) = 1.0921340655737706
Average queue length = 1
Average wait time in queue (msec) = 0.18390134426229507
Average service time (msec) = 0.8210079016393443
Number of SET = 0
Number of GET = 74
Number of MULTI GET = 0


Worker 7
Average throughput (ops/sec) = 73
Average response time (msec) = 1.1056888852459015
Average queue length = 0
Average wait time in queue (msec) = 0.1681368524590164
Average service time (msec) = 0.842136475409836
Number of SET = 0
Number of GET = 73
Number of MULTI GET = 0


Worker 25
Average throughput (ops/sec) = 75
Average response time (msec) = 1.1531195737704918
Average queue length = 0
Average wait time in queue (msec) = 0.2075101967213115
Average service time (msec) = 0.8344876885245901
Number of SET = 0
Number of GET = 75
Number of MULTI GET = 0


Worker 6
Average throughput (ops/sec) = 73
Average response time (msec) = 1.1280609672131148
Average queue length = 0
Average wait time in queue (msec) = 0.18337944262295083
Average service time (msec) = 0.8465305081967213
Number of SET = 0
Number of GET = 73
Number of MULTI GET = 0


Worker 26
Average throughput (ops/sec) = 74
Average response time (msec) = 1.123613
Average queue length = 1
Average wait time in queue (msec) = 0.17082955737704916
Average service time (msec) = 0.8173815573770492
Number of SET = 0
Number of GET = 74
Number of MULTI GET = 0


Worker 9
Average throughput (ops/sec) = 73
Average response time (msec) = 1.1497327213114754
Average queue length = 1
Average wait time in queue (msec) = 0.21288549180327868
Average service time (msec) = 0.8213226885245901
Number of SET = 0
Number of GET = 73
Number of MULTI GET = 0


Worker 27
Average throughput (ops/sec) = 74
Average response time (msec) = 1.1296106393442622
Average queue length = 1
Average wait time in queue (msec) = 0.18022362295081967
Average service time (msec) = 0.8625867868852459
Number of SET = 0
Number of GET = 74
Number of MULTI GET = 0


Worker 8
Average throughput (ops/sec) = 73
Average response time (msec) = 1.1155128032786885
Average queue length = 0
Average wait time in queue (msec) = 0.20480116393442624
Average service time (msec) = 0.8159013278688524
Number of SET = 0
Number of GET = 73
Number of MULTI GET = 0


Worker 64
Average throughput (ops/sec) = 74
Average response time (msec) = 1.1054826393442623
Average queue length = 0
Average wait time in queue (msec) = 0.18503752459016393
Average service time (msec) = 0.8356959672131147
Number of SET = 0
Number of GET = 74
Number of MULTI GET = 0


Worker 20
Average throughput (ops/sec) = 74
Average response time (msec) = 1.0995388032786886
Average queue length = 0
Average wait time in queue (msec) = 0.18190534426229507
Average service time (msec) = 0.8307425409836066
Number of SET = 0
Number of GET = 74
Number of MULTI GET = 0


Worker 3
Average throughput (ops/sec) = 74
Average response time (msec) = 1.151308475409836
Average queue length = 0
Average wait time in queue (msec) = 0.20476570491803278
Average service time (msec) = 0.840704081967213
Number of SET = 0
Number of GET = 74
Number of MULTI GET = 0


Worker 21
Average throughput (ops/sec) = 74
Average response time (msec) = 1.137800049180328
Average queue length = 0
Average wait time in queue (msec) = 0.19832737704918033
Average service time (msec) = 0.8461418032786886
Number of SET = 0
Number of GET = 74
Number of MULTI GET = 0


Worker 2
Average throughput (ops/sec) = 73
Average response time (msec) = 1.1676886393442623
Average queue length = 0
Average wait time in queue (msec) = 0.21363555737704917
Average service time (msec) = 0.8633787868852459
Number of SET = 0
Number of GET = 73
Number of MULTI GET = 0


Worker 22
Average throughput (ops/sec) = 74
Average response time (msec) = 1.1676845573770491
Average queue length = 0
Average wait time in queue (msec) = 0.20321729508196723
Average service time (msec) = 0.8577448852459016
Number of SET = 0
Number of GET = 74
Number of MULTI GET = 0


Worker 5
Average throughput (ops/sec) = 73
Average response time (msec) = 1.1093404918032788
Average queue length = 0
Average wait time in queue (msec) = 0.1653554262295082
Average service time (msec) = 0.8535055081967213
Number of SET = 0
Number of GET = 73
Number of MULTI GET = 0


Worker 23
Average throughput (ops/sec) = 73
Average response time (msec) = 1.1759708360655738
Average queue length = 1
Average wait time in queue (msec) = 0.181534262295082
Average service time (msec) = 0.8997765409836066
Number of SET = 0
Number of GET = 73
Number of MULTI GET = 0


Worker 4
Average throughput (ops/sec) = 75
Average response time (msec) = 1.1562871967213115
Average queue length = 0
Average wait time in queue (msec) = 0.18461588524590164
Average service time (msec) = 0.8269534426229508
Number of SET = 0
Number of GET = 75
Number of MULTI GET = 0


Worker 28
Average throughput (ops/sec) = 75
Average response time (msec) = 1.147571737704918
Average queue length = 0
Average wait time in queue (msec) = 0.1864660819672131
Average service time (msec) = 0.8589650163934427
Number of SET = 0
Number of GET = 75
Number of MULTI GET = 0


Worker 29
Average throughput (ops/sec) = 73
Average response time (msec) = 1.149753262295082
Average queue length = 0
Average wait time in queue (msec) = 0.2126968032786885
Average service time (msec) = 0.8546672786885247
Number of SET = 0
Number of GET = 73
Number of MULTI GET = 0


Worker 1
Average throughput (ops/sec) = 74
Average response time (msec) = 1.2034916721311475
Average queue length = 0
Average wait time in queue (msec) = 0.2304800655737705
Average service time (msec) = 0.8297378360655737
Number of SET = 0
Number of GET = 74
Number of MULTI GET = 0


Worker 30
Average throughput (ops/sec) = 74
Average response time (msec) = 1.1212697704918033
Average queue length = 0
Average wait time in queue (msec) = 0.16820767213114754
Average service time (msec) = 0.866797262295082
Number of SET = 0
Number of GET = 74
Number of MULTI GET = 0


Worker 35
Average throughput (ops/sec) = 73
Average response time (msec) = 1.1288416229508198
Average queue length = 0
Average wait time in queue (msec) = 0.21834732786885247
Average service time (msec) = 0.8083263442622951
Number of SET = 0
Number of GET = 73
Number of MULTI GET = 0


Worker 36
Average throughput (ops/sec) = 74
Average response time (msec) = 1.1277182950819673
Average queue length = 0
Average wait time in queue (msec) = 0.17574104918032785
Average service time (msec) = 0.8584657049180328
Number of SET = 0
Number of GET = 74
Number of MULTI GET = 0


Worker 37
Average throughput (ops/sec) = 72
Average response time (msec) = 1.1158909016393441
Average queue length = 0
Average wait time in queue (msec) = 0.17711977049180327
Average service time (msec) = 0.8404451147540983
Number of SET = 0
Number of GET = 72
Number of MULTI GET = 0


Worker 38
Average throughput (ops/sec) = 74
Average response time (msec) = 1.1160929344262294
Average queue length = 0
Average wait time in queue (msec) = 0.19411060655737705
Average service time (msec) = 0.8373129344262296
Number of SET = 0
Number of GET = 74
Number of MULTI GET = 0


Worker 31
Average throughput (ops/sec) = 72
Average response time (msec) = 1.1220418524590166
Average queue length = 0
Average wait time in queue (msec) = 0.18662622950819674
Average service time (msec) = 0.8389836229508196
Number of SET = 0
Number of GET = 72
Number of MULTI GET = 0


Worker 32
Average throughput (ops/sec) = 73
Average response time (msec) = 1.1102874426229508
Average queue length = 0
Average wait time in queue (msec) = 0.17972967213114752
Average service time (msec) = 0.843284262295082
Number of SET = 0
Number of GET = 73
Number of MULTI GET = 0


Worker 33
Average throughput (ops/sec) = 75
Average response time (msec) = 1.121805524590164
Average queue length = 0
Average wait time in queue (msec) = 0.20743022950819673
Average service time (msec) = 0.8204904590163934
Number of SET = 0
Number of GET = 75
Number of MULTI GET = 0


Worker 34
Average throughput (ops/sec) = 75
Average response time (msec) = 1.1255991475409834
Average queue length = 0
Average wait time in queue (msec) = 0.18370754098360656
Average service time (msec) = 0.8384607213114754
Number of SET = 0
Number of GET = 75
Number of MULTI GET = 0


Worker 39
Average throughput (ops/sec) = 74
Average response time (msec) = 1.1095902459016393
Average queue length = 0
Average wait time in queue (msec) = 0.19234473770491803
Average service time (msec) = 0.8327051967213114
Number of SET = 0
Number of GET = 74
Number of MULTI GET = 0


Worker 40
Average throughput (ops/sec) = 73
Average response time (msec) = 1.227283213114754
Average queue length = 0
Average wait time in queue (msec) = 0.228490262295082
Average service time (msec) = 0.9059651803278689
Number of SET = 0
Number of GET = 73
Number of MULTI GET = 0


Worker 41
Average throughput (ops/sec) = 72
Average response time (msec) = 1.0605381803278688
Average queue length = 0
Average wait time in queue (msec) = 0.1793616557377049
Average service time (msec) = 0.7931142786885246
Number of SET = 0
Number of GET = 72
Number of MULTI GET = 0


FINAL STATS
Average throughput (ops/sec) = 4715
Average response time (msec) = 1.08826071132854
Average queue length = 0
Average wait time in queue (msec) = 0.19557685425204918
Average service time (msec) = 0.8411456175717213
Number of SET = 0
Number of GET = 4715
Number of MULTI GET = 0
Number of Cache misses = 0
Arrival rate (lambda) = [0, 0, 0, 0, 0, 413, 3200, 3566, 4171, 5225, 5177, 5004, 5391, 5545, 4986, 5260, 5164, 5391, 5724, 5167, 4709, 5231, 5239, 5163, 5267, 5151, 4979, 5420, 5308, 5275, 5304, 4634, 4694, 4552, 4860, 4576, 4672, 4915, 5041, 4983, 4973, 5041, 4951, 4650, 4798, 5247, 4731, 4726, 4933, 4686, 4698, 4229, 4676, 4916, 4597, 4494, 4559, 4948, 4613, 4567, 4552, 4319, 4146, 4537, 4501, 3407, 10, 0]


Histogram response times (0.1 msec step)
0.0 msec : 1450
0.1 msec : 15667
0.2 msec : 38576
0.3 msec : 51287
0.4 msec : 47741
0.5 msec : 36067
0.6 msec : 25176
0.7 msec : 16646
0.8 msec : 10657
0.9 msec : 6910
1.0 msec : 4981
1.1 msec : 3725
1.2 msec : 2712
1.3 msec : 2147
1.4 msec : 1754
1.5 msec : 1510
1.6 msec : 1197
1.7 msec : 1108
1.8 msec : 986
1.9 msec : 839
2.0 msec : 725
2.1 msec : 678
2.2 msec : 560
2.3 msec : 524
2.4 msec : 472
2.5 msec : 487
2.6 msec : 401
2.7 msec : 367
2.8 msec : 336
2.9 msec : 318
3.0 msec : 292
3.1 msec : 313
3.2 msec : 293
3.3 msec : 285
3.4 msec : 269
3.5 msec : 292
3.6 msec : 275
3.7 msec : 262
3.8 msec : 220
3.9 msec : 230
4.0 msec : 226
4.1 msec : 177
4.2 msec : 184
4.3 msec : 176
4.4 msec : 161
4.5 msec : 170
4.6 msec : 148
4.7 msec : 166
4.8 msec : 172
4.9 msec : 213
5.0 msec : 174
5.1 msec : 181
5.2 msec : 174
5.3 msec : 253
5.4 msec : 319
5.5 msec : 510
5.6 msec : 754
5.7 msec : 887
5.8 msec : 872
5.9 msec : 909
6.0 msec : 763
6.1 msec : 643
6.2 msec : 526
6.3 msec : 400
6.4 msec : 299
6.5 msec : 198
6.6 msec : 153
6.7 msec : 99
6.8 msec : 99
6.9 msec : 84
7.0 msec : 67
7.1 msec : 39
7.2 msec : 39
7.3 msec : 57
7.4 msec : 34
7.5 msec : 51
7.6 msec : 40
7.7 msec : 34
7.8 msec : 26
7.9 msec : 23
8.0 msec : 38
8.1 msec : 26
8.2 msec : 17
8.3 msec : 26
8.4 msec : 15
8.5 msec : 23
8.6 msec : 17
8.7 msec : 16
8.8 msec : 18
8.9 msec : 15
9.0 msec : 13
9.1 msec : 10
9.2 msec : 13
9.3 msec : 9
9.4 msec : 9
9.5 msec : 4
9.6 msec : 12
9.7 msec : 13
9.8 msec : 7
9.9 msec : 7
10.0 msec : 6
10.1 msec : 8
10.2 msec : 12
10.3 msec : 5
10.4 msec : 5
10.5 msec : 7
10.6 msec : 3
10.7 msec : 5
10.8 msec : 7
10.9 msec : 6
11.0 msec : 12
11.1 msec : 11
11.2 msec : 3
11.3 msec : 10
11.4 msec : 6
11.5 msec : 8
11.6 msec : 6
11.7 msec : 8
11.8 msec : 9
11.9 msec : 9
12.0 msec : 5
12.1 msec : 1
12.2 msec : 5
12.3 msec : 8
12.4 msec : 5
12.5 msec : 2
12.6 msec : 0
12.7 msec : 1
12.8 msec : 3
12.9 msec : 3
13.0 msec : 1
13.1 msec : 0
13.2 msec : 0
13.3 msec : 1
13.4 msec : 0
13.5 msec : 2
13.6 msec : 4
13.7 msec : 1
13.8 msec : 0
13.9 msec : 1
14.0 msec : 1
14.1 msec : 2
14.2 msec : 3
14.3 msec : 1
14.4 msec : 4
14.5 msec : 2
14.6 msec : 0
14.7 msec : 3
14.8 msec : 1
14.9 msec : 0
15.0 msec : 0
15.1 msec : 0
15.2 msec : 0
15.3 msec : 0
15.4 msec : 1
15.5 msec : 1
15.6 msec : 1
15.7 msec : 2
15.8 msec : 3
15.9 msec : 3
16.0 msec : 7
16.1 msec : 1
16.2 msec : 4
16.3 msec : 3
16.4 msec : 0
16.5 msec : 2
16.6 msec : 1
16.7 msec : 0
16.8 msec : 1
16.9 msec : 1
17.0 msec : 0
17.1 msec : 0
17.2 msec : 2
17.3 msec : 0
17.4 msec : 1
17.5 msec : 1
17.6 msec : 0
17.7 msec : 1
17.8 msec : 0
17.9 msec : 0
18.0 msec : 1
18.1 msec : 0
18.2 msec : 3
18.3 msec : 1
18.4 msec : 0
18.5 msec : 2
18.6 msec : 3
18.7 msec : 1
18.8 msec : 1
18.9 msec : 1
19.0 msec : 5
19.1 msec : 3
19.2 msec : 1
19.3 msec : 0
19.4 msec : 0
19.5 msec : 1
19.6 msec : 1
19.7 msec : 0
19.8 msec : 5
19.9 msec : 1
20.0 msec : 0
20.1 msec : 0
20.2 msec : 1
20.3 msec : 0
20.4 msec : 0
20.5 msec : 0
20.6 msec : 0
20.7 msec : 0
20.8 msec : 0
20.9 msec : 1
21.0 msec : 0
21.1 msec : 0
21.2 msec : 0
21.3 msec : 0
21.4 msec : 0
21.5 msec : 1
21.6 msec : 0
21.7 msec : 0
21.8 msec : 0
21.9 msec : 0
22.0 msec : 0
22.1 msec : 0
22.2 msec : 0
22.3 msec : 0
22.4 msec : 0
22.5 msec : 0
22.6 msec : 0
22.7 msec : 0
22.8 msec : 0
22.9 msec : 0
23.0 msec : 1
23.1 msec : 0
23.2 msec : 0
23.3 msec : 0
23.4 msec : 0
23.5 msec : 0
23.6 msec : 0
23.7 msec : 0
23.8 msec : 0
23.9 msec : 0
24.0 msec : 0
24.1 msec : 0
24.2 msec : 0
24.3 msec : 0
24.4 msec : 0
24.5 msec : 0
24.6 msec : 0
24.7 msec : 2
24.8 msec : 0
24.9 msec : 0
25.0 msec : 0
25.1 msec : 0
25.2 msec : 0
25.3 msec : 0
25.4 msec : 0
25.5 msec : 2
25.6 msec : 0
25.7 msec : 1
25.8 msec : 3
25.9 msec : 0
26.0 msec : 3
26.1 msec : 1
26.2 msec : 2
26.3 msec : 0
26.4 msec : 1
26.5 msec : 1
26.6 msec : 1
26.7 msec : 1
26.8 msec : 2
26.9 msec : 0
27.0 msec : 0
27.1 msec : 0
27.2 msec : 0
27.3 msec : 0
27.4 msec : 0
27.5 msec : 0
27.6 msec : 0
27.7 msec : 1
27.8 msec : 0
27.9 msec : 1
28.0 msec : 0
28.1 msec : 0
28.2 msec : 0
28.3 msec : 0
28.4 msec : 0
28.5 msec : 0
28.6 msec : 0
28.7 msec : 0
28.8 msec : 0
28.9 msec : 0
29.0 msec : 0
29.1 msec : 0
29.2 msec : 0
29.3 msec : 0
29.4 msec : 0
29.5 msec : 0
29.6 msec : 0
29.7 msec : 0
29.8 msec : 0
29.9 msec : 0
30.0 msec : 0
30.1 msec : 0
30.2 msec : 0
30.3 msec : 0
30.4 msec : 0
30.5 msec : 0
30.6 msec : 0
30.7 msec : 0
30.8 msec : 0
30.9 msec : 0
31.0 msec : 0
31.1 msec : 0
31.2 msec : 0
31.3 msec : 0
31.4 msec : 0
31.5 msec : 0
31.6 msec : 0
31.7 msec : 0
31.8 msec : 0
31.9 msec : 0
32.0 msec : 0
32.1 msec : 0
32.2 msec : 0
32.3 msec : 0
32.4 msec : 0
32.5 msec : 0
32.6 msec : 0
32.7 msec : 0
32.8 msec : 0
32.9 msec : 0
33.0 msec : 0
33.1 msec : 0
33.2 msec : 0
33.3 msec : 0
33.4 msec : 0
33.5 msec : 0
33.6 msec : 0
33.7 msec : 0
33.8 msec : 0
33.9 msec : 0
34.0 msec : 0
34.1 msec : 0
34.2 msec : 0
34.3 msec : 0
34.4 msec : 0
34.5 msec : 0
34.6 msec : 0
34.7 msec : 0
34.8 msec : 0
34.9 msec : 0
35.0 msec : 0
35.1 msec : 0
35.2 msec : 0
35.3 msec : 0
35.4 msec : 0
35.5 msec : 0
35.6 msec : 0
35.7 msec : 0
35.8 msec : 0
35.9 msec : 1
36.0 msec : 1
36.1 msec : 0
36.2 msec : 1
36.3 msec : 0
36.4 msec : 0
36.5 msec : 0
36.6 msec : 1
36.7 msec : 0
36.8 msec : 0
36.9 msec : 0
37.0 msec : 1
37.1 msec : 0
37.2 msec : 1
37.3 msec : 1
37.4 msec : 0
37.5 msec : 1
37.6 msec : 0
37.7 msec : 0
37.8 msec : 0
37.9 msec : 0
38.0 msec : 0
38.1 msec : 0
38.2 msec : 0
38.3 msec : 0
38.4 msec : 0
38.5 msec : 0
38.6 msec : 0
38.7 msec : 0
38.8 msec : 0
38.9 msec : 0
39.0 msec : 0
39.1 msec : 0
39.2 msec : 0
39.3 msec : 0
39.4 msec : 0
39.5 msec : 1
39.6 msec : 0
39.7 msec : 0
39.8 msec : 0
39.9 msec : 0
40.0 msec : 0
40.1 msec : 0
40.2 msec : 0
40.3 msec : 0
40.4 msec : 0
40.5 msec : 0
40.6 msec : 0
40.7 msec : 0
40.8 msec : 0
40.9 msec : 0
41.0 msec : 0
41.1 msec : 0
41.2 msec : 0
41.3 msec : 0
41.4 msec : 0
41.5 msec : 0
41.6 msec : 0
41.7 msec : 0
41.8 msec : 0
41.9 msec : 0
42.0 msec : 0
42.1 msec : 0
42.2 msec : 0
42.3 msec : 0
42.4 msec : 0
42.5 msec : 0
42.6 msec : 0
42.7 msec : 0
42.8 msec : 0
42.9 msec : 0
43.0 msec : 0
43.1 msec : 0
43.2 msec : 0
43.3 msec : 0
43.4 msec : 0
43.5 msec : 0
43.6 msec : 0
43.7 msec : 0
43.8 msec : 0
43.9 msec : 0
44.0 msec : 0
44.1 msec : 0
44.2 msec : 0
44.3 msec : 0
44.4 msec : 0
44.5 msec : 0
44.6 msec : 0
44.7 msec : 0
44.8 msec : 0
44.9 msec : 0
45.0 msec : 0
45.1 msec : 0
45.2 msec : 0
45.3 msec : 1
45.4 msec : 0
45.5 msec : 0
45.6 msec : 0
45.7 msec : 0
45.8 msec : 0
45.9 msec : 0
46.0 msec : 0
46.1 msec : 0
46.2 msec : 0
46.3 msec : 0
