Middleware started...
Middleware shuts down...
Smaller resolution statistics are in a log file...
Final aggregates per worker:


Worker 46
Average throughput (ops/sec) = 86
Average response time (msec) = 6.016994508196721
Average queue length = 2
Average wait time in queue (msec) = 0.5936234262295083
Average service time (msec) = 5.287834131147541
Number of SET = 0
Number of GET = 86
Number of MULTI GET = 0


Worker 47
Average throughput (ops/sec) = 86
Average response time (msec) = 6.033556672131147
Average queue length = 6
Average wait time in queue (msec) = 0.5895107704918033
Average service time (msec) = 5.319408032786885
Number of SET = 0
Number of GET = 86
Number of MULTI GET = 0


Worker 48
Average throughput (ops/sec) = 87
Average response time (msec) = 5.924727639344262
Average queue length = 6
Average wait time in queue (msec) = 0.579163786885246
Average service time (msec) = 5.2292236885245895
Number of SET = 0
Number of GET = 87
Number of MULTI GET = 0


Worker 49
Average throughput (ops/sec) = 86
Average response time (msec) = 6.0181849344262295
Average queue length = 1
Average wait time in queue (msec) = 0.6057691147540983
Average service time (msec) = 5.292818918032787
Number of SET = 0
Number of GET = 86
Number of MULTI GET = 0


Worker 42
Average throughput (ops/sec) = 87
Average response time (msec) = 6.082091032786885
Average queue length = 4
Average wait time in queue (msec) = 0.6164608032786886
Average service time (msec) = 5.340003426229509
Number of SET = 0
Number of GET = 87
Number of MULTI GET = 0


Worker 43
Average throughput (ops/sec) = 85
Average response time (msec) = 6.063470327868853
Average queue length = 2
Average wait time in queue (msec) = 0.5839452131147541
Average service time (msec) = 5.356969590163934
Number of SET = 0
Number of GET = 85
Number of MULTI GET = 0


Worker 44
Average throughput (ops/sec) = 87
Average response time (msec) = 5.961839295081967
Average queue length = 1
Average wait time in queue (msec) = 0.6214010491803279
Average service time (msec) = 5.205228704918032
Number of SET = 0
Number of GET = 87
Number of MULTI GET = 0


Worker 45
Average throughput (ops/sec) = 87
Average response time (msec) = 5.931433475409836
Average queue length = 6
Average wait time in queue (msec) = 0.5942514918032786
Average service time (msec) = 5.1981958688524585
Number of SET = 0
Number of GET = 87
Number of MULTI GET = 0


Worker 50
Average throughput (ops/sec) = 86
Average response time (msec) = 6.03499368852459
Average queue length = 2
Average wait time in queue (msec) = 0.5865177704918033
Average service time (msec) = 5.329669475409837
Number of SET = 0
Number of GET = 86
Number of MULTI GET = 0


Worker 51
Average throughput (ops/sec) = 89
Average response time (msec) = 5.870068147540984
Average queue length = 6
Average wait time in queue (msec) = 0.5955530327868853
Average service time (msec) = 5.141768180327869
Number of SET = 0
Number of GET = 89
Number of MULTI GET = 0


Worker 52
Average throughput (ops/sec) = 87
Average response time (msec) = 6.006597721311475
Average queue length = 0
Average wait time in queue (msec) = 0.591902606557377
Average service time (msec) = 5.276938409836066
Number of SET = 0
Number of GET = 87
Number of MULTI GET = 0


Worker 57
Average throughput (ops/sec) = 87
Average response time (msec) = 6.086786409836066
Average queue length = 1
Average wait time in queue (msec) = 0.5913561803278689
Average service time (msec) = 5.374991442622951
Number of SET = 0
Number of GET = 87
Number of MULTI GET = 0


Worker 13
Average throughput (ops/sec) = 86
Average response time (msec) = 6.024726
Average queue length = 8
Average wait time in queue (msec) = 0.5823355573770492
Average service time (msec) = 5.309752540983606
Number of SET = 0
Number of GET = 86
Number of MULTI GET = 0


Worker 58
Average throughput (ops/sec) = 87
Average response time (msec) = 6.0504077540983605
Average queue length = 1
Average wait time in queue (msec) = 0.6276707868852459
Average service time (msec) = 5.329509524590163
Number of SET = 0
Number of GET = 87
Number of MULTI GET = 0


Worker 14
Average throughput (ops/sec) = 84
Average response time (msec) = 6.162577918032786
Average queue length = 1
Average wait time in queue (msec) = 0.5601864098360656
Average service time (msec) = 5.46120731147541
Number of SET = 0
Number of GET = 84
Number of MULTI GET = 0


Worker 59
Average throughput (ops/sec) = 85
Average response time (msec) = 6.133319704918033
Average queue length = 5
Average wait time in queue (msec) = 0.6058146229508197
Average service time (msec) = 5.38703375409836
Number of SET = 0
Number of GET = 85
Number of MULTI GET = 0


Worker 15
Average throughput (ops/sec) = 87
Average response time (msec) = 6.151619491803279
Average queue length = 5
Average wait time in queue (msec) = 0.5964354098360656
Average service time (msec) = 5.406991409836066
Number of SET = 0
Number of GET = 87
Number of MULTI GET = 0


Worker 16
Average throughput (ops/sec) = 88
Average response time (msec) = 5.985886196721312
Average queue length = 3
Average wait time in queue (msec) = 0.5899079508196721
Average service time (msec) = 5.2655469672131145
Number of SET = 0
Number of GET = 88
Number of MULTI GET = 0


Worker 53
Average throughput (ops/sec) = 86
Average response time (msec) = 6.063266770491803
Average queue length = 1
Average wait time in queue (msec) = 0.5718600983606558
Average service time (msec) = 5.373783032786886
Number of SET = 0
Number of GET = 86
Number of MULTI GET = 0


Worker 54
Average throughput (ops/sec) = 85
Average response time (msec) = 6.2562116557377045
Average queue length = 1
Average wait time in queue (msec) = 0.619844606557377
Average service time (msec) = 5.500174934426229
Number of SET = 0
Number of GET = 85
Number of MULTI GET = 0


Worker 10
Average throughput (ops/sec) = 90
Average response time (msec) = 5.854043803278689
Average queue length = 0
Average wait time in queue (msec) = 0.5741855081967213
Average service time (msec) = 5.146625426229509
Number of SET = 0
Number of GET = 90
Number of MULTI GET = 0


Worker 55
Average throughput (ops/sec) = 86
Average response time (msec) = 6.187779327868853
Average queue length = 1
Average wait time in queue (msec) = 0.5889195081967213
Average service time (msec) = 5.473612606557377
Number of SET = 0
Number of GET = 86
Number of MULTI GET = 0


Worker 11
Average throughput (ops/sec) = 87
Average response time (msec) = 6.0368349344262295
Average queue length = 0
Average wait time in queue (msec) = 0.6154344918032787
Average service time (msec) = 5.286756114754098
Number of SET = 0
Number of GET = 87
Number of MULTI GET = 0


Worker 56
Average throughput (ops/sec) = 87
Average response time (msec) = 6.120611606557377
Average queue length = 0
Average wait time in queue (msec) = 0.5984021803278688
Average service time (msec) = 5.3874771639344265
Number of SET = 0
Number of GET = 87
Number of MULTI GET = 0


Worker 12
Average throughput (ops/sec) = 87
Average response time (msec) = 6.008726934426229
Average queue length = 10
Average wait time in queue (msec) = 0.6125195409836066
Average service time (msec) = 5.255839655737705
Number of SET = 0
Number of GET = 87
Number of MULTI GET = 0


Worker 17
Average throughput (ops/sec) = 90
Average response time (msec) = 5.851128770491803
Average queue length = 0
Average wait time in queue (msec) = 0.5905574098360656
Average service time (msec) = 5.1303351475409835
Number of SET = 0
Number of GET = 90
Number of MULTI GET = 0


Worker 18
Average throughput (ops/sec) = 88
Average response time (msec) = 5.978054901639344
Average queue length = 1
Average wait time in queue (msec) = 0.5949169180327869
Average service time (msec) = 5.2496822459016395
Number of SET = 0
Number of GET = 88
Number of MULTI GET = 0


Worker 19
Average throughput (ops/sec) = 86
Average response time (msec) = 6.042938442622951
Average queue length = 3
Average wait time in queue (msec) = 0.5862929180327869
Average service time (msec) = 5.32181968852459
Number of SET = 0
Number of GET = 86
Number of MULTI GET = 0


Worker 60
Average throughput (ops/sec) = 87
Average response time (msec) = 5.994713213114754
Average queue length = 1
Average wait time in queue (msec) = 0.5890209836065574
Average service time (msec) = 5.270895868852459
Number of SET = 0
Number of GET = 87
Number of MULTI GET = 0


Worker 61
Average throughput (ops/sec) = 85
Average response time (msec) = 6.146733934426229
Average queue length = 12
Average wait time in queue (msec) = 0.5908279344262296
Average service time (msec) = 5.434681459016394
Number of SET = 0
Number of GET = 85
Number of MULTI GET = 0


Worker 62
Average throughput (ops/sec) = 86
Average response time (msec) = 6.0287910819672135
Average queue length = 1
Average wait time in queue (msec) = 0.5781330491803279
Average service time (msec) = 5.317021655737705
Number of SET = 0
Number of GET = 86
Number of MULTI GET = 0


Worker 63
Average throughput (ops/sec) = 87
Average response time (msec) = 5.939299032786885
Average queue length = 1
Average wait time in queue (msec) = 0.5912322786885246
Average service time (msec) = 5.227572508196721
Number of SET = 0
Number of GET = 87
Number of MULTI GET = 0


Worker 24
Average throughput (ops/sec) = 89
Average response time (msec) = 5.919922163934427
Average queue length = 5
Average wait time in queue (msec) = 0.594300918032787
Average service time (msec) = 5.200487229508197
Number of SET = 0
Number of GET = 89
Number of MULTI GET = 0


Worker 7
Average throughput (ops/sec) = 86
Average response time (msec) = 5.979007918032787
Average queue length = 1
Average wait time in queue (msec) = 0.6021555737704918
Average service time (msec) = 5.260663147540984
Number of SET = 0
Number of GET = 86
Number of MULTI GET = 0


Worker 25
Average throughput (ops/sec) = 87
Average response time (msec) = 5.9642988360655735
Average queue length = 0
Average wait time in queue (msec) = 0.582249606557377
Average service time (msec) = 5.252313098360656
Number of SET = 0
Number of GET = 87
Number of MULTI GET = 0


Worker 6
Average throughput (ops/sec) = 85
Average response time (msec) = 6.099019049180328
Average queue length = 0
Average wait time in queue (msec) = 0.6055565901639344
Average service time (msec) = 5.362543032786886
Number of SET = 0
Number of GET = 85
Number of MULTI GET = 0


Worker 26
Average throughput (ops/sec) = 87
Average response time (msec) = 5.940081655737704
Average queue length = 9
Average wait time in queue (msec) = 0.5815355573770492
Average service time (msec) = 5.239644819672131
Number of SET = 0
Number of GET = 87
Number of MULTI GET = 0


Worker 9
Average throughput (ops/sec) = 86
Average response time (msec) = 5.977566
Average queue length = 0
Average wait time in queue (msec) = 0.6259411967213114
Average service time (msec) = 5.2120735409836065
Number of SET = 0
Number of GET = 86
Number of MULTI GET = 0


Worker 27
Average throughput (ops/sec) = 84
Average response time (msec) = 6.2667857868852455
Average queue length = 3
Average wait time in queue (msec) = 0.6296061967213115
Average service time (msec) = 5.503557229508197
Number of SET = 0
Number of GET = 84
Number of MULTI GET = 0


Worker 8
Average throughput (ops/sec) = 87
Average response time (msec) = 5.999930016393443
Average queue length = 0
Average wait time in queue (msec) = 0.5891187377049181
Average service time (msec) = 5.272593672131147
Number of SET = 0
Number of GET = 87
Number of MULTI GET = 0


Worker 64
Average throughput (ops/sec) = 88
Average response time (msec) = 5.979156639344262
Average queue length = 1
Average wait time in queue (msec) = 0.5848689344262296
Average service time (msec) = 5.265594950819672
Number of SET = 0
Number of GET = 88
Number of MULTI GET = 0


Worker 20
Average throughput (ops/sec) = 87
Average response time (msec) = 6.056430868852459
Average queue length = 4
Average wait time in queue (msec) = 0.587528131147541
Average service time (msec) = 5.341890180327869
Number of SET = 0
Number of GET = 87
Number of MULTI GET = 0


Worker 3
Average throughput (ops/sec) = 86
Average response time (msec) = 6.018223245901639
Average queue length = 0
Average wait time in queue (msec) = 0.581685262295082
Average service time (msec) = 5.301757163934426
Number of SET = 0
Number of GET = 86
Number of MULTI GET = 0


Worker 21
Average throughput (ops/sec) = 87
Average response time (msec) = 6.027709819672131
Average queue length = 12
Average wait time in queue (msec) = 0.5938539836065574
Average service time (msec) = 5.299146508196721
Number of SET = 0
Number of GET = 87
Number of MULTI GET = 0


Worker 2
Average throughput (ops/sec) = 87
Average response time (msec) = 6.127895
Average queue length = 0
Average wait time in queue (msec) = 0.6101056557377049
Average service time (msec) = 5.376695377049181
Number of SET = 0
Number of GET = 87
Number of MULTI GET = 0


Worker 22
Average throughput (ops/sec) = 87
Average response time (msec) = 6.063286098360656
Average queue length = 5
Average wait time in queue (msec) = 0.6053413114754099
Average service time (msec) = 5.320288147540984
Number of SET = 0
Number of GET = 87
Number of MULTI GET = 0


Worker 5
Average throughput (ops/sec) = 88
Average response time (msec) = 5.989699704918032
Average queue length = 0
Average wait time in queue (msec) = 0.5920729836065574
Average service time (msec) = 5.262030032786885
Number of SET = 0
Number of GET = 88
Number of MULTI GET = 0


Worker 23
Average throughput (ops/sec) = 86
Average response time (msec) = 6.145216622950819
Average queue length = 7
Average wait time in queue (msec) = 0.6117118360655738
Average service time (msec) = 5.395289770491803
Number of SET = 0
Number of GET = 86
Number of MULTI GET = 0


Worker 4
Average throughput (ops/sec) = 88
Average response time (msec) = 6.0373179344262295
Average queue length = 0
Average wait time in queue (msec) = 0.5819521967213114
Average service time (msec) = 5.314926885245901
Number of SET = 0
Number of GET = 88
Number of MULTI GET = 0


Worker 28
Average throughput (ops/sec) = 85
Average response time (msec) = 6.228110786885246
Average queue length = 1
Average wait time in queue (msec) = 0.5947282459016393
Average service time (msec) = 5.500062819672131
Number of SET = 0
Number of GET = 85
Number of MULTI GET = 0


Worker 29
Average throughput (ops/sec) = 86
Average response time (msec) = 6.000241524590163
Average queue length = 2
Average wait time in queue (msec) = 0.5880549836065574
Average service time (msec) = 5.277406950819672
Number of SET = 0
Number of GET = 86
Number of MULTI GET = 0


Worker 1
Average throughput (ops/sec) = 88
Average response time (msec) = 5.9008480983606555
Average queue length = 0
Average wait time in queue (msec) = 0.6109867704918033
Average service time (msec) = 5.1521897540983606
Number of SET = 0
Number of GET = 88
Number of MULTI GET = 0


Worker 30
Average throughput (ops/sec) = 88
Average response time (msec) = 6.007028442622952
Average queue length = 1
Average wait time in queue (msec) = 0.6398053442622951
Average service time (msec) = 5.237930409836066
Number of SET = 0
Number of GET = 88
Number of MULTI GET = 0


Worker 35
Average throughput (ops/sec) = 86
Average response time (msec) = 6.110281262295082
Average queue length = 2
Average wait time in queue (msec) = 0.599088868852459
Average service time (msec) = 5.369380377049181
Number of SET = 0
Number of GET = 86
Number of MULTI GET = 0


Worker 36
Average throughput (ops/sec) = 86
Average response time (msec) = 6.048094327868853
Average queue length = 4
Average wait time in queue (msec) = 0.5918009508196721
Average service time (msec) = 5.3261427377049175
Number of SET = 0
Number of GET = 86
Number of MULTI GET = 0


Worker 37
Average throughput (ops/sec) = 87
Average response time (msec) = 6.036521262295082
Average queue length = 6
Average wait time in queue (msec) = 0.584968868852459
Average service time (msec) = 5.316532508196721
Number of SET = 0
Number of GET = 87
Number of MULTI GET = 0


Worker 38
Average throughput (ops/sec) = 86
Average response time (msec) = 6.130995590163934
Average queue length = 12
Average wait time in queue (msec) = 0.6035374098360656
Average service time (msec) = 5.394755590163934
Number of SET = 0
Number of GET = 86
Number of MULTI GET = 0


Worker 31
Average throughput (ops/sec) = 87
Average response time (msec) = 6.056876983606557
Average queue length = 4
Average wait time in queue (msec) = 0.6104058852459017
Average service time (msec) = 5.320886819672131
Number of SET = 0
Number of GET = 87
Number of MULTI GET = 0


Worker 32
Average throughput (ops/sec) = 87
Average response time (msec) = 6.02600368852459
Average queue length = 6
Average wait time in queue (msec) = 0.6000323770491803
Average service time (msec) = 5.296654967213115
Number of SET = 0
Number of GET = 87
Number of MULTI GET = 0


Worker 33
Average throughput (ops/sec) = 88
Average response time (msec) = 5.967355163934426
Average queue length = 0
Average wait time in queue (msec) = 0.5934405901639344
Average service time (msec) = 5.23904468852459
Number of SET = 0
Number of GET = 88
Number of MULTI GET = 0


Worker 34
Average throughput (ops/sec) = 86
Average response time (msec) = 5.9900978032786885
Average queue length = 7
Average wait time in queue (msec) = 0.6174704918032787
Average service time (msec) = 5.245167885245902
Number of SET = 0
Number of GET = 86
Number of MULTI GET = 0


Worker 39
Average throughput (ops/sec) = 89
Average response time (msec) = 5.841310737704918
Average queue length = 8
Average wait time in queue (msec) = 0.6075070655737704
Average service time (msec) = 5.100225098360656
Number of SET = 0
Number of GET = 89
Number of MULTI GET = 0


Worker 40
Average throughput (ops/sec) = 88
Average response time (msec) = 6.005211344262295
Average queue length = 5
Average wait time in queue (msec) = 0.607147819672131
Average service time (msec) = 5.259430918032787
Number of SET = 0
Number of GET = 88
Number of MULTI GET = 0


Worker 41
Average throughput (ops/sec) = 87
Average response time (msec) = 6.080529229508197
Average queue length = 2
Average wait time in queue (msec) = 0.6215976229508197
Average service time (msec) = 5.312236786885245
Number of SET = 0
Number of GET = 87
Number of MULTI GET = 0


FINAL STATS
Average throughput (ops/sec) = 5553
Average response time (msec) = 6.002811119723769
Average queue length = 3
Average wait time in queue (msec) = 0.5975642402663934
Average service time (msec) = 5.3034204997438525
Number of SET = 0
Number of GET = 5553
Number of MULTI GET = 0
Number of Cache misses = 0
Arrival rate (lambda) = [0, 0, 1979, 5796, 5736, 5515, 5663, 5781, 5418, 5684, 5826, 5594, 5641, 5814, 5546, 5703, 5776, 5846, 5618, 5558, 5658, 5714, 5810, 5630, 5627, 5674, 5570, 5754, 5686, 5634, 5431, 5881, 5987, 5714, 5547, 5653, 5797, 5690, 5844, 5689, 5594, 5429, 5609, 5663, 5544, 5500, 5842, 5715, 5826, 5543, 5720, 5471, 5911, 5866, 5954, 5568, 5538, 5775, 5619, 5754, 5844, 5848, 3009, 0, 0, 0]


Histogram response times (0.1 msec step)
0.0 msec : 12
0.1 msec : 129
0.2 msec : 586
0.3 msec : 2072
0.4 msec : 4585
0.5 msec : 7086
0.6 msec : 9021
0.7 msec : 10428
0.8 msec : 10743
0.9 msec : 11139
1.0 msec : 11481
1.1 msec : 11825
1.2 msec : 11225
1.3 msec : 10562
1.4 msec : 10307
1.5 msec : 9738
1.6 msec : 9160
1.7 msec : 8201
1.8 msec : 7161
1.9 msec : 6124
2.0 msec : 5606
2.1 msec : 4660
2.2 msec : 3746
2.3 msec : 3026
2.4 msec : 2411
2.5 msec : 1955
2.6 msec : 1595
2.7 msec : 1066
2.8 msec : 927
2.9 msec : 774
3.0 msec : 538
3.1 msec : 514
3.2 msec : 406
3.3 msec : 327
3.4 msec : 294
3.5 msec : 247
3.6 msec : 235
3.7 msec : 247
3.8 msec : 212
3.9 msec : 202
4.0 msec : 194
4.1 msec : 168
4.2 msec : 230
4.3 msec : 191
4.4 msec : 162
4.5 msec : 138
4.6 msec : 123
4.7 msec : 116
4.8 msec : 130
4.9 msec : 146
5.0 msec : 157
5.1 msec : 143
5.2 msec : 156
5.3 msec : 178
5.4 msec : 165
5.5 msec : 190
5.6 msec : 200
5.7 msec : 209
5.8 msec : 195
5.9 msec : 209
6.0 msec : 213
6.1 msec : 266
6.2 msec : 282
6.3 msec : 259
6.4 msec : 344
6.5 msec : 349
6.6 msec : 358
6.7 msec : 352
6.8 msec : 365
6.9 msec : 337
7.0 msec : 345
7.1 msec : 376
7.2 msec : 460
7.3 msec : 445
7.4 msec : 440
7.5 msec : 428
7.6 msec : 397
7.7 msec : 364
7.8 msec : 472
7.9 msec : 446
8.0 msec : 520
8.1 msec : 613
8.2 msec : 688
8.3 msec : 769
8.4 msec : 852
8.5 msec : 858
8.6 msec : 982
8.7 msec : 997
8.8 msec : 1120
8.9 msec : 1403
9.0 msec : 1455
9.1 msec : 1641
9.2 msec : 1843
9.3 msec : 2031
9.4 msec : 2179
9.5 msec : 2780
9.6 msec : 3056
9.7 msec : 3544
9.8 msec : 4142
9.9 msec : 4633
10.0 msec : 5020
10.1 msec : 5328
10.2 msec : 5275
10.3 msec : 5534
10.4 msec : 5626
10.5 msec : 5818
10.6 msec : 5830
10.7 msec : 5878
10.8 msec : 5658
10.9 msec : 5640
11.0 msec : 5161
11.1 msec : 4905
11.2 msec : 4717
11.3 msec : 4511
11.4 msec : 4080
11.5 msec : 3869
11.6 msec : 3593
11.7 msec : 3108
11.8 msec : 2916
11.9 msec : 2550
12.0 msec : 2239
12.1 msec : 1904
12.2 msec : 1603
12.3 msec : 1287
12.4 msec : 1119
12.5 msec : 955
12.6 msec : 749
12.7 msec : 659
12.8 msec : 591
12.9 msec : 568
13.0 msec : 588
13.1 msec : 530
13.2 msec : 577
13.3 msec : 621
13.4 msec : 574
13.5 msec : 545
13.6 msec : 490
13.7 msec : 407
13.8 msec : 319
13.9 msec : 231
14.0 msec : 152
14.1 msec : 86
14.2 msec : 72
14.3 msec : 56
14.4 msec : 42
14.5 msec : 31
14.6 msec : 40
14.7 msec : 27
14.8 msec : 28
14.9 msec : 25
15.0 msec : 17
15.1 msec : 21
15.2 msec : 22
15.3 msec : 22
15.4 msec : 17
15.5 msec : 11
15.6 msec : 11
15.7 msec : 25
15.8 msec : 11
15.9 msec : 19
16.0 msec : 20
16.1 msec : 19
16.2 msec : 17
16.3 msec : 21
16.4 msec : 14
16.5 msec : 14
16.6 msec : 10
16.7 msec : 8
16.8 msec : 8
16.9 msec : 22
17.0 msec : 10
17.1 msec : 8
17.2 msec : 8
17.3 msec : 7
17.4 msec : 8
17.5 msec : 9
17.6 msec : 7
17.7 msec : 5
17.8 msec : 8
17.9 msec : 11
18.0 msec : 6
18.1 msec : 10
18.2 msec : 7
18.3 msec : 12
18.4 msec : 17
18.5 msec : 8
18.6 msec : 7
18.7 msec : 7
18.8 msec : 8
18.9 msec : 5
19.0 msec : 6
19.1 msec : 12
19.2 msec : 6
19.3 msec : 2
19.4 msec : 4
19.5 msec : 8
19.6 msec : 6
19.7 msec : 13
19.8 msec : 8
19.9 msec : 6
20.0 msec : 1
20.1 msec : 4
20.2 msec : 6
20.3 msec : 4
20.4 msec : 3
20.5 msec : 2
20.6 msec : 5
20.7 msec : 5
20.8 msec : 3
20.9 msec : 1
21.0 msec : 3
21.1 msec : 1
21.2 msec : 4
21.3 msec : 2
21.4 msec : 1
21.5 msec : 1
21.6 msec : 9
21.7 msec : 4
21.8 msec : 0
21.9 msec : 2
22.0 msec : 4
22.1 msec : 1
22.2 msec : 2
22.3 msec : 0
22.4 msec : 11
22.5 msec : 6
22.6 msec : 7
22.7 msec : 3
22.8 msec : 3
22.9 msec : 1
23.0 msec : 2
23.1 msec : 5
23.2 msec : 3
23.3 msec : 1
23.4 msec : 7
23.5 msec : 2
23.6 msec : 4
23.7 msec : 5
23.8 msec : 1
23.9 msec : 5
24.0 msec : 10
24.1 msec : 4
24.2 msec : 17
24.3 msec : 15
24.4 msec : 13
24.5 msec : 6
24.6 msec : 6
24.7 msec : 9
24.8 msec : 7
24.9 msec : 9
25.0 msec : 6
25.1 msec : 19
25.2 msec : 22
25.3 msec : 13
25.4 msec : 20
25.5 msec : 22
25.6 msec : 12
25.7 msec : 4
25.8 msec : 17
25.9 msec : 27
26.0 msec : 13
26.1 msec : 9
26.2 msec : 2
26.3 msec : 3
26.4 msec : 3
26.5 msec : 2
26.6 msec : 10
26.7 msec : 5
26.8 msec : 2
26.9 msec : 5
27.0 msec : 2
27.1 msec : 2
27.2 msec : 0
27.3 msec : 2
27.4 msec : 2
27.5 msec : 0
27.6 msec : 0
27.7 msec : 0
27.8 msec : 0
27.9 msec : 0
28.0 msec : 1
28.1 msec : 1
28.2 msec : 0
28.3 msec : 1
28.4 msec : 0
28.5 msec : 0
28.6 msec : 0
28.7 msec : 0
28.8 msec : 1
28.9 msec : 0
29.0 msec : 1
29.1 msec : 0
29.2 msec : 2
29.3 msec : 3
29.4 msec : 2
29.5 msec : 1
29.6 msec : 0
29.7 msec : 1
29.8 msec : 1
29.9 msec : 1
30.0 msec : 0
30.1 msec : 0
30.2 msec : 1
30.3 msec : 0
30.4 msec : 3
30.5 msec : 0
30.6 msec : 2
30.7 msec : 3
30.8 msec : 0
30.9 msec : 0
31.0 msec : 1
31.1 msec : 0
31.2 msec : 0
31.3 msec : 1
31.4 msec : 2
31.5 msec : 1
31.6 msec : 0
31.7 msec : 1
31.8 msec : 0
31.9 msec : 2
32.0 msec : 0
32.1 msec : 0
32.2 msec : 0
32.3 msec : 1
32.4 msec : 0
32.5 msec : 2
32.6 msec : 0
32.7 msec : 2
32.8 msec : 1
32.9 msec : 0
33.0 msec : 0
33.1 msec : 0
33.2 msec : 1
33.3 msec : 3
33.4 msec : 0
33.5 msec : 1
33.6 msec : 0
33.7 msec : 0
33.8 msec : 0
33.9 msec : 0
34.0 msec : 0
34.1 msec : 0
34.2 msec : 1
34.3 msec : 1
34.4 msec : 0
34.5 msec : 1
34.6 msec : 0
34.7 msec : 0
34.8 msec : 0
34.9 msec : 0
35.0 msec : 0
35.1 msec : 0
35.2 msec : 0
35.3 msec : 0
35.4 msec : 0
35.5 msec : 0
35.6 msec : 1
35.7 msec : 0
35.8 msec : 0
35.9 msec : 1
36.0 msec : 0
36.1 msec : 0
36.2 msec : 0
36.3 msec : 0
36.4 msec : 0
36.5 msec : 0
36.6 msec : 0
36.7 msec : 0
36.8 msec : 0
36.9 msec : 0
37.0 msec : 0
37.1 msec : 0
37.2 msec : 0
37.3 msec : 0
37.4 msec : 1
37.5 msec : 0
37.6 msec : 0
37.7 msec : 0
37.8 msec : 0
37.9 msec : 1
38.0 msec : 1
38.1 msec : 0
