Middleware started...
Middleware shuts down...
Smaller resolution statistics are in a log file...
Final aggregates per worker:


Worker 46
Average throughput (ops/sec) = 84
Average response time (msec) = 4.725218754098361
Average queue length = 5
Average wait time in queue (msec) = 0.5488366557377049
Average service time (msec) = 4.059115295081967
Number of SET = 0
Number of GET = 84
Number of MULTI GET = 0


Worker 47
Average throughput (ops/sec) = 83
Average response time (msec) = 4.867852508196721
Average queue length = 6
Average wait time in queue (msec) = 0.5502982950819673
Average service time (msec) = 4.201592491803279
Number of SET = 0
Number of GET = 83
Number of MULTI GET = 0


Worker 48
Average throughput (ops/sec) = 85
Average response time (msec) = 4.7840917049180325
Average queue length = 8
Average wait time in queue (msec) = 0.544935655737705
Average service time (msec) = 4.122827213114754
Number of SET = 0
Number of GET = 85
Number of MULTI GET = 0


Worker 49
Average throughput (ops/sec) = 87
Average response time (msec) = 4.534312180327869
Average queue length = 6
Average wait time in queue (msec) = 0.5354439672131147
Average service time (msec) = 3.8741727213114756
Number of SET = 0
Number of GET = 87
Number of MULTI GET = 0


Worker 42
Average throughput (ops/sec) = 85
Average response time (msec) = 4.76355168852459
Average queue length = 4
Average wait time in queue (msec) = 0.5353997213114754
Average service time (msec) = 4.109190606557378
Number of SET = 0
Number of GET = 85
Number of MULTI GET = 0


Worker 43
Average throughput (ops/sec) = 86
Average response time (msec) = 4.7146254426229515
Average queue length = 9
Average wait time in queue (msec) = 0.5576524918032787
Average service time (msec) = 4.036921213114755
Number of SET = 0
Number of GET = 86
Number of MULTI GET = 0


Worker 44
Average throughput (ops/sec) = 84
Average response time (msec) = 4.8118251147540985
Average queue length = 6
Average wait time in queue (msec) = 0.574403344262295
Average service time (msec) = 4.12893737704918
Number of SET = 0
Number of GET = 84
Number of MULTI GET = 0


Worker 45
Average throughput (ops/sec) = 86
Average response time (msec) = 4.817331655737704
Average queue length = 3
Average wait time in queue (msec) = 0.5420585573770492
Average service time (msec) = 4.1504523278688525
Number of SET = 0
Number of GET = 86
Number of MULTI GET = 0


Worker 50
Average throughput (ops/sec) = 86
Average response time (msec) = 4.673860426229509
Average queue length = 6
Average wait time in queue (msec) = 0.5430197377049181
Average service time (msec) = 4.014090278688524
Number of SET = 0
Number of GET = 86
Number of MULTI GET = 0


Worker 51
Average throughput (ops/sec) = 86
Average response time (msec) = 4.775479459016394
Average queue length = 6
Average wait time in queue (msec) = 0.5563833442622951
Average service time (msec) = 4.097475016393442
Number of SET = 0
Number of GET = 86
Number of MULTI GET = 0


Worker 52
Average throughput (ops/sec) = 83
Average response time (msec) = 4.7507195245901634
Average queue length = 3
Average wait time in queue (msec) = 0.546440393442623
Average service time (msec) = 4.0790522622950816
Number of SET = 0
Number of GET = 83
Number of MULTI GET = 0


Worker 57
Average throughput (ops/sec) = 84
Average response time (msec) = 4.828034196721312
Average queue length = 1
Average wait time in queue (msec) = 0.5563304426229507
Average service time (msec) = 4.168095344262295
Number of SET = 0
Number of GET = 84
Number of MULTI GET = 0


Worker 13
Average throughput (ops/sec) = 85
Average response time (msec) = 4.762392426229509
Average queue length = 4
Average wait time in queue (msec) = 0.5408960655737705
Average service time (msec) = 4.107673262295082
Number of SET = 0
Number of GET = 85
Number of MULTI GET = 0


Worker 58
Average throughput (ops/sec) = 85
Average response time (msec) = 4.715455901639344
Average queue length = 1
Average wait time in queue (msec) = 0.526377819672131
Average service time (msec) = 4.059289573770492
Number of SET = 0
Number of GET = 85
Number of MULTI GET = 0


Worker 14
Average throughput (ops/sec) = 87
Average response time (msec) = 4.540284704918032
Average queue length = 1
Average wait time in queue (msec) = 0.565082655737705
Average service time (msec) = 3.852653295081967
Number of SET = 0
Number of GET = 87
Number of MULTI GET = 0


Worker 59
Average throughput (ops/sec) = 87
Average response time (msec) = 4.614998295081968
Average queue length = 1
Average wait time in queue (msec) = 0.541836393442623
Average service time (msec) = 3.958975344262295
Number of SET = 0
Number of GET = 87
Number of MULTI GET = 0


Worker 15
Average throughput (ops/sec) = 82
Average response time (msec) = 4.915167983606557
Average queue length = 2
Average wait time in queue (msec) = 0.5461698196721311
Average service time (msec) = 4.2502781147540984
Number of SET = 0
Number of GET = 82
Number of MULTI GET = 0


Worker 16
Average throughput (ops/sec) = 83
Average response time (msec) = 4.889739114754098
Average queue length = 9
Average wait time in queue (msec) = 0.5601566229508197
Average service time (msec) = 4.21616068852459
Number of SET = 0
Number of GET = 83
Number of MULTI GET = 0


Worker 53
Average throughput (ops/sec) = 86
Average response time (msec) = 4.652232032786885
Average queue length = 6
Average wait time in queue (msec) = 0.5608222786885246
Average service time (msec) = 3.9736331147540986
Number of SET = 0
Number of GET = 86
Number of MULTI GET = 0


Worker 54
Average throughput (ops/sec) = 84
Average response time (msec) = 4.860890606557376
Average queue length = 6
Average wait time in queue (msec) = 0.5678851967213114
Average service time (msec) = 4.175286770491803
Number of SET = 0
Number of GET = 84
Number of MULTI GET = 0


Worker 10
Average throughput (ops/sec) = 86
Average response time (msec) = 4.659576098360656
Average queue length = 5
Average wait time in queue (msec) = 0.5565061967213114
Average service time (msec) = 3.98823637704918
Number of SET = 0
Number of GET = 86
Number of MULTI GET = 0


Worker 55
Average throughput (ops/sec) = 85
Average response time (msec) = 4.800449704918033
Average queue length = 0
Average wait time in queue (msec) = 0.5687438360655738
Average service time (msec) = 4.125716
Number of SET = 0
Number of GET = 85
Number of MULTI GET = 0


Worker 11
Average throughput (ops/sec) = 83
Average response time (msec) = 4.872009918032787
Average queue length = 1
Average wait time in queue (msec) = 0.5575872622950819
Average service time (msec) = 4.202513852459016
Number of SET = 0
Number of GET = 83
Number of MULTI GET = 0


Worker 56
Average throughput (ops/sec) = 84
Average response time (msec) = 4.7080606229508195
Average queue length = 1
Average wait time in queue (msec) = 0.544472213114754
Average service time (msec) = 4.047145606557377
Number of SET = 0
Number of GET = 84
Number of MULTI GET = 0


Worker 12
Average throughput (ops/sec) = 84
Average response time (msec) = 4.887491
Average queue length = 6
Average wait time in queue (msec) = 0.5542742786885246
Average service time (msec) = 4.213522983606557
Number of SET = 0
Number of GET = 84
Number of MULTI GET = 0


Worker 17
Average throughput (ops/sec) = 85
Average response time (msec) = 4.753040459016394
Average queue length = 7
Average wait time in queue (msec) = 0.5621247049180328
Average service time (msec) = 4.079672426229508
Number of SET = 0
Number of GET = 85
Number of MULTI GET = 0


Worker 18
Average throughput (ops/sec) = 84
Average response time (msec) = 4.874329868852459
Average queue length = 6
Average wait time in queue (msec) = 0.5403534426229508
Average service time (msec) = 4.209439344262296
Number of SET = 0
Number of GET = 84
Number of MULTI GET = 0


Worker 19
Average throughput (ops/sec) = 84
Average response time (msec) = 4.715007032786885
Average queue length = 1
Average wait time in queue (msec) = 0.5393972786885246
Average service time (msec) = 4.0650850983606555
Number of SET = 0
Number of GET = 84
Number of MULTI GET = 0


Worker 60
Average throughput (ops/sec) = 85
Average response time (msec) = 4.697339557377049
Average queue length = 1
Average wait time in queue (msec) = 0.5326243442622951
Average service time (msec) = 4.045836622950819
Number of SET = 0
Number of GET = 85
Number of MULTI GET = 0


Worker 61
Average throughput (ops/sec) = 85
Average response time (msec) = 4.817904573770491
Average queue length = 1
Average wait time in queue (msec) = 0.6030239672131147
Average service time (msec) = 4.086766360655737
Number of SET = 0
Number of GET = 85
Number of MULTI GET = 0


Worker 62
Average throughput (ops/sec) = 85
Average response time (msec) = 4.8259335573770485
Average queue length = 0
Average wait time in queue (msec) = 0.552019393442623
Average service time (msec) = 4.143390770491803
Number of SET = 0
Number of GET = 85
Number of MULTI GET = 0


Worker 63
Average throughput (ops/sec) = 84
Average response time (msec) = 4.8084355081967205
Average queue length = 5
Average wait time in queue (msec) = 0.5373846229508197
Average service time (msec) = 4.138687672131148
Number of SET = 0
Number of GET = 84
Number of MULTI GET = 0


Worker 24
Average throughput (ops/sec) = 85
Average response time (msec) = 4.770398344262295
Average queue length = 2
Average wait time in queue (msec) = 0.551958737704918
Average service time (msec) = 4.1018760983606555
Number of SET = 0
Number of GET = 85
Number of MULTI GET = 0


Worker 7
Average throughput (ops/sec) = 83
Average response time (msec) = 4.864249786885246
Average queue length = 0
Average wait time in queue (msec) = 0.5672728196721311
Average service time (msec) = 4.179279655737705
Number of SET = 0
Number of GET = 83
Number of MULTI GET = 0


Worker 25
Average throughput (ops/sec) = 84
Average response time (msec) = 4.802867442622952
Average queue length = 4
Average wait time in queue (msec) = 0.5485617704918033
Average service time (msec) = 4.127067655737705
Number of SET = 0
Number of GET = 84
Number of MULTI GET = 0


Worker 6
Average throughput (ops/sec) = 85
Average response time (msec) = 4.7729567704918034
Average queue length = 0
Average wait time in queue (msec) = 0.5581979344262296
Average service time (msec) = 4.1032568852459015
Number of SET = 0
Number of GET = 85
Number of MULTI GET = 0


Worker 26
Average throughput (ops/sec) = 85
Average response time (msec) = 4.822219540983606
Average queue length = 7
Average wait time in queue (msec) = 0.5603947540983607
Average service time (msec) = 4.146333229508197
Number of SET = 0
Number of GET = 85
Number of MULTI GET = 0


Worker 9
Average throughput (ops/sec) = 84
Average response time (msec) = 4.7207733442622954
Average queue length = 6
Average wait time in queue (msec) = 0.5505288360655737
Average service time (msec) = 4.050372409836066
Number of SET = 0
Number of GET = 84
Number of MULTI GET = 0


Worker 27
Average throughput (ops/sec) = 85
Average response time (msec) = 4.680927377049181
Average queue length = 0
Average wait time in queue (msec) = 0.5643674918032787
Average service time (msec) = 4.01343237704918
Number of SET = 0
Number of GET = 85
Number of MULTI GET = 0


Worker 8
Average throughput (ops/sec) = 85
Average response time (msec) = 4.8585986065573765
Average queue length = 5
Average wait time in queue (msec) = 0.541062737704918
Average service time (msec) = 4.20067931147541
Number of SET = 0
Number of GET = 85
Number of MULTI GET = 0


Worker 64
Average throughput (ops/sec) = 84
Average response time (msec) = 4.955339622950819
Average queue length = 5
Average wait time in queue (msec) = 0.5537771967213114
Average service time (msec) = 4.288622672131147
Number of SET = 0
Number of GET = 84
Number of MULTI GET = 0


Worker 20
Average throughput (ops/sec) = 84
Average response time (msec) = 4.823831409836066
Average queue length = 1
Average wait time in queue (msec) = 0.5340260327868853
Average service time (msec) = 4.185416213114754
Number of SET = 0
Number of GET = 84
Number of MULTI GET = 0


Worker 3
Average throughput (ops/sec) = 86
Average response time (msec) = 4.683658065573771
Average queue length = 0
Average wait time in queue (msec) = 0.5342290163934427
Average service time (msec) = 4.030679098360656
Number of SET = 0
Number of GET = 86
Number of MULTI GET = 0


Worker 21
Average throughput (ops/sec) = 86
Average response time (msec) = 4.854947426229509
Average queue length = 1
Average wait time in queue (msec) = 0.5677704262295082
Average service time (msec) = 4.156014655737705
Number of SET = 0
Number of GET = 86
Number of MULTI GET = 0


Worker 2
Average throughput (ops/sec) = 84
Average response time (msec) = 4.882099131147541
Average queue length = 1
Average wait time in queue (msec) = 0.5364413606557377
Average service time (msec) = 4.214854475409837
Number of SET = 0
Number of GET = 84
Number of MULTI GET = 0


Worker 22
Average throughput (ops/sec) = 85
Average response time (msec) = 4.672921344262296
Average queue length = 1
Average wait time in queue (msec) = 0.547696131147541
Average service time (msec) = 4.008957049180328
Number of SET = 0
Number of GET = 85
Number of MULTI GET = 0


Worker 5
Average throughput (ops/sec) = 84
Average response time (msec) = 4.736037622950819
Average queue length = 0
Average wait time in queue (msec) = 0.5523920327868853
Average service time (msec) = 4.072137065573771
Number of SET = 0
Number of GET = 84
Number of MULTI GET = 0


Worker 23
Average throughput (ops/sec) = 85
Average response time (msec) = 4.7800104262295084
Average queue length = 8
Average wait time in queue (msec) = 0.5445557540983607
Average service time (msec) = 4.124662163934427
Number of SET = 0
Number of GET = 85
Number of MULTI GET = 0


Worker 4
Average throughput (ops/sec) = 85
Average response time (msec) = 4.6970356229508194
Average queue length = 0
Average wait time in queue (msec) = 0.5511728032786886
Average service time (msec) = 4.0265982622950816
Number of SET = 0
Number of GET = 85
Number of MULTI GET = 0


Worker 28
Average throughput (ops/sec) = 87
Average response time (msec) = 4.676029229508197
Average queue length = 3
Average wait time in queue (msec) = 0.5604129344262295
Average service time (msec) = 4.002239442622951
Number of SET = 0
Number of GET = 87
Number of MULTI GET = 0


Worker 29
Average throughput (ops/sec) = 86
Average response time (msec) = 4.712216737704918
Average queue length = 0
Average wait time in queue (msec) = 0.5531852786885246
Average service time (msec) = 4.04993462295082
Number of SET = 0
Number of GET = 86
Number of MULTI GET = 0


Worker 1
Average throughput (ops/sec) = 86
Average response time (msec) = 4.597269704918032
Average queue length = 2
Average wait time in queue (msec) = 0.5433371967213114
Average service time (msec) = 3.9386606885245903
Number of SET = 0
Number of GET = 86
Number of MULTI GET = 0


Worker 30
Average throughput (ops/sec) = 85
Average response time (msec) = 4.678749213114754
Average queue length = 0
Average wait time in queue (msec) = 0.5218540983606557
Average service time (msec) = 4.042707819672131
Number of SET = 0
Number of GET = 85
Number of MULTI GET = 0


Worker 35
Average throughput (ops/sec) = 87
Average response time (msec) = 4.675650540983606
Average queue length = 1
Average wait time in queue (msec) = 0.5388548032786886
Average service time (msec) = 4.025306049180328
Number of SET = 0
Number of GET = 87
Number of MULTI GET = 0


Worker 36
Average throughput (ops/sec) = 83
Average response time (msec) = 4.770033409836066
Average queue length = 0
Average wait time in queue (msec) = 0.5210465573770492
Average service time (msec) = 4.12061431147541
Number of SET = 0
Number of GET = 83
Number of MULTI GET = 0


Worker 37
Average throughput (ops/sec) = 87
Average response time (msec) = 4.7530395081967205
Average queue length = 0
Average wait time in queue (msec) = 0.5894095901639343
Average service time (msec) = 4.053569868852459
Number of SET = 0
Number of GET = 87
Number of MULTI GET = 0


Worker 38
Average throughput (ops/sec) = 85
Average response time (msec) = 4.6993000819672135
Average queue length = 4
Average wait time in queue (msec) = 0.5549079180327869
Average service time (msec) = 4.028892918032787
Number of SET = 0
Number of GET = 85
Number of MULTI GET = 0


Worker 31
Average throughput (ops/sec) = 86
Average response time (msec) = 4.704510278688525
Average queue length = 4
Average wait time in queue (msec) = 0.5555301803278689
Average service time (msec) = 4.03585731147541
Number of SET = 0
Number of GET = 86
Number of MULTI GET = 0


Worker 32
Average throughput (ops/sec) = 85
Average response time (msec) = 4.83229075409836
Average queue length = 2
Average wait time in queue (msec) = 0.5602886393442623
Average service time (msec) = 4.1622183606557375
Number of SET = 0
Number of GET = 85
Number of MULTI GET = 0


Worker 33
Average throughput (ops/sec) = 85
Average response time (msec) = 4.668793032786885
Average queue length = 5
Average wait time in queue (msec) = 0.5513173114754099
Average service time (msec) = 3.992773901639344
Number of SET = 0
Number of GET = 85
Number of MULTI GET = 0


Worker 34
Average throughput (ops/sec) = 84
Average response time (msec) = 4.867127590163934
Average queue length = 3
Average wait time in queue (msec) = 0.5793208360655737
Average service time (msec) = 4.174394885245902
Number of SET = 0
Number of GET = 83
Number of MULTI GET = 0


Worker 39
Average throughput (ops/sec) = 84
Average response time (msec) = 4.85177724590164
Average queue length = 1
Average wait time in queue (msec) = 0.5708227868852459
Average service time (msec) = 4.164615
Number of SET = 0
Number of GET = 84
Number of MULTI GET = 0


Worker 40
Average throughput (ops/sec) = 84
Average response time (msec) = 4.829052540983606
Average queue length = 0
Average wait time in queue (msec) = 0.5634011475409836
Average service time (msec) = 4.15966706557377
Number of SET = 0
Number of GET = 84
Number of MULTI GET = 0


Worker 41
Average throughput (ops/sec) = 85
Average response time (msec) = 4.758414918032787
Average queue length = 2
Average wait time in queue (msec) = 0.5474805737704918
Average service time (msec) = 4.103570524590164
Number of SET = 0
Number of GET = 85
Number of MULTI GET = 0


FINAL STATS
Average throughput (ops/sec) = 5430
Average response time (msec) = 4.730602510290661
Average queue length = 3
Average wait time in queue (msec) = 0.5519455732581967
Average service time (msec) = 4.094799179303279
Number of SET = 0
Number of GET = 5429
Number of MULTI GET = 0
Number of Cache misses = 0
Arrival rate (lambda) = [0, 0, 1298, 4347, 4998, 6194, 5665, 5588, 5976, 5360, 5595, 5507, 5784, 5590, 5584, 5538, 5386, 5628, 5631, 5566, 5455, 5572, 5519, 5579, 5473, 5544, 5548, 5771, 5553, 5413, 5384, 5348, 5668, 5616, 5477, 5584, 5495, 5567, 5687, 5513, 5450, 5668, 5604, 5521, 5623, 5488, 5538, 5745, 5752, 5658, 5728, 5639, 5741, 5704, 5510, 5697, 5647, 5570, 5643, 5541, 5462, 5505, 3651, 17, 0, 0]


Histogram response times (0.1 msec step)
0.0 msec : 58
0.1 msec : 469
0.2 msec : 2046
0.3 msec : 4932
0.4 msec : 8435
0.5 msec : 11453
0.6 msec : 13457
0.7 msec : 14791
0.8 msec : 14940
0.9 msec : 14853
1.0 msec : 14126
1.1 msec : 12749
1.2 msec : 11617
1.3 msec : 10833
1.4 msec : 9610
1.5 msec : 8652
1.6 msec : 8045
1.7 msec : 7051
1.8 msec : 6168
1.9 msec : 5122
2.0 msec : 4321
2.1 msec : 3376
2.2 msec : 2657
2.3 msec : 2184
2.4 msec : 1750
2.5 msec : 1624
2.6 msec : 1416
2.7 msec : 1155
2.8 msec : 944
2.9 msec : 827
3.0 msec : 671
3.1 msec : 574
3.2 msec : 543
3.3 msec : 538
3.4 msec : 426
3.5 msec : 355
3.6 msec : 384
3.7 msec : 418
3.8 msec : 366
3.9 msec : 325
4.0 msec : 333
4.1 msec : 270
4.2 msec : 244
4.3 msec : 287
4.4 msec : 258
4.5 msec : 292
4.6 msec : 282
4.7 msec : 263
4.8 msec : 273
4.9 msec : 304
5.0 msec : 284
5.1 msec : 240
5.2 msec : 275
5.3 msec : 224
5.4 msec : 253
5.5 msec : 298
5.6 msec : 363
5.7 msec : 414
5.8 msec : 493
5.9 msec : 516
6.0 msec : 540
6.1 msec : 571
6.2 msec : 630
6.3 msec : 665
6.4 msec : 693
6.5 msec : 679
6.6 msec : 711
6.7 msec : 740
6.8 msec : 720
6.9 msec : 641
7.0 msec : 685
7.1 msec : 735
7.2 msec : 743
7.3 msec : 771
7.4 msec : 882
7.5 msec : 895
7.6 msec : 1014
7.7 msec : 1102
7.8 msec : 1231
7.9 msec : 1353
8.0 msec : 1413
8.1 msec : 1370
8.2 msec : 1541
8.3 msec : 1748
8.4 msec : 1947
8.5 msec : 2081
8.6 msec : 2313
8.7 msec : 2669
8.8 msec : 2915
8.9 msec : 3318
9.0 msec : 3500
9.1 msec : 3676
9.2 msec : 3755
9.3 msec : 4008
9.4 msec : 4246
9.5 msec : 4458
9.6 msec : 4466
9.7 msec : 4549
9.8 msec : 4736
9.9 msec : 4890
10.0 msec : 4884
10.1 msec : 4776
10.2 msec : 4664
10.3 msec : 4233
10.4 msec : 3940
10.5 msec : 3558
10.6 msec : 3109
10.7 msec : 2577
10.8 msec : 1958
10.9 msec : 1544
11.0 msec : 1341
11.1 msec : 1157
11.2 msec : 998
11.3 msec : 791
11.4 msec : 575
11.5 msec : 488
11.6 msec : 372
11.7 msec : 249
11.8 msec : 214
11.9 msec : 142
12.0 msec : 98
12.1 msec : 70
12.2 msec : 46
12.3 msec : 45
12.4 msec : 56
12.5 msec : 49
12.6 msec : 37
12.7 msec : 34
12.8 msec : 39
12.9 msec : 24
13.0 msec : 24
13.1 msec : 31
13.2 msec : 26
13.3 msec : 21
13.4 msec : 31
13.5 msec : 26
13.6 msec : 31
13.7 msec : 26
13.8 msec : 34
13.9 msec : 18
14.0 msec : 17
14.1 msec : 12
14.2 msec : 11
14.3 msec : 11
14.4 msec : 9
14.5 msec : 9
14.6 msec : 9
14.7 msec : 8
14.8 msec : 8
14.9 msec : 5
15.0 msec : 8
15.1 msec : 9
15.2 msec : 8
15.3 msec : 4
15.4 msec : 4
15.5 msec : 8
15.6 msec : 8
15.7 msec : 7
15.8 msec : 7
15.9 msec : 9
16.0 msec : 3
16.1 msec : 0
16.2 msec : 9
16.3 msec : 10
16.4 msec : 5
16.5 msec : 3
16.6 msec : 0
16.7 msec : 3
16.8 msec : 4
16.9 msec : 4
17.0 msec : 1
17.1 msec : 2
17.2 msec : 2
17.3 msec : 1
17.4 msec : 3
17.5 msec : 3
17.6 msec : 2
17.7 msec : 2
17.8 msec : 7
17.9 msec : 4
18.0 msec : 2
18.1 msec : 1
18.2 msec : 0
18.3 msec : 2
18.4 msec : 3
18.5 msec : 3
18.6 msec : 1
18.7 msec : 4
18.8 msec : 5
18.9 msec : 3
19.0 msec : 4
19.1 msec : 2
19.2 msec : 7
19.3 msec : 8
19.4 msec : 14
19.5 msec : 4
19.6 msec : 0
19.7 msec : 1
19.8 msec : 0
19.9 msec : 2
20.0 msec : 0
20.1 msec : 5
20.2 msec : 5
20.3 msec : 7
20.4 msec : 4
20.5 msec : 2
20.6 msec : 0
20.7 msec : 2
20.8 msec : 7
20.9 msec : 5
21.0 msec : 10
21.1 msec : 13
21.2 msec : 5
21.3 msec : 4
21.4 msec : 9
21.5 msec : 3
21.6 msec : 1
21.7 msec : 3
21.8 msec : 1
21.9 msec : 4
22.0 msec : 4
22.1 msec : 3
22.2 msec : 6
22.3 msec : 1
22.4 msec : 3
22.5 msec : 6
22.6 msec : 0
22.7 msec : 2
22.8 msec : 2
22.9 msec : 2
23.0 msec : 3
23.1 msec : 3
23.2 msec : 1
23.3 msec : 5
23.4 msec : 2
23.5 msec : 3
23.6 msec : 5
23.7 msec : 10
23.8 msec : 7
23.9 msec : 6
24.0 msec : 6
24.1 msec : 3
24.2 msec : 4
24.3 msec : 4
24.4 msec : 3
24.5 msec : 1
24.6 msec : 7
24.7 msec : 6
24.8 msec : 3
24.9 msec : 10
25.0 msec : 15
25.1 msec : 7
25.2 msec : 10
25.3 msec : 11
25.4 msec : 7
25.5 msec : 11
25.6 msec : 3
25.7 msec : 4
25.8 msec : 1
25.9 msec : 1
26.0 msec : 2
26.1 msec : 2
26.2 msec : 2
26.3 msec : 4
26.4 msec : 2
26.5 msec : 0
26.6 msec : 1
26.7 msec : 2
26.8 msec : 2
26.9 msec : 4
27.0 msec : 1
27.1 msec : 3
27.2 msec : 2
27.3 msec : 3
27.4 msec : 3
27.5 msec : 2
27.6 msec : 5
27.7 msec : 2
27.8 msec : 2
27.9 msec : 2
28.0 msec : 2
28.1 msec : 0
28.2 msec : 0
28.3 msec : 0
28.4 msec : 0
28.5 msec : 0
28.6 msec : 0
28.7 msec : 0
28.8 msec : 0
28.9 msec : 0
29.0 msec : 0
29.1 msec : 0
29.2 msec : 0
29.3 msec : 1
29.4 msec : 2
29.5 msec : 0
29.6 msec : 0
29.7 msec : 0
29.8 msec : 0
29.9 msec : 1
30.0 msec : 0
30.1 msec : 1
30.2 msec : 1
30.3 msec : 1
30.4 msec : 0
30.5 msec : 1
30.6 msec : 0
30.7 msec : 0
30.8 msec : 3
30.9 msec : 0
31.0 msec : 0
31.1 msec : 1
31.2 msec : 0
31.3 msec : 0
31.4 msec : 0
31.5 msec : 1
31.6 msec : 0
31.7 msec : 0
31.8 msec : 0
31.9 msec : 0
32.0 msec : 0
32.1 msec : 0
32.2 msec : 1
32.3 msec : 0
32.4 msec : 0
32.5 msec : 0
32.6 msec : 0
32.7 msec : 0
32.8 msec : 0
32.9 msec : 0
33.0 msec : 0
33.1 msec : 0
33.2 msec : 0
33.3 msec : 0
33.4 msec : 1
33.5 msec : 0
33.6 msec : 0
33.7 msec : 0
33.8 msec : 0
33.9 msec : 0
34.0 msec : 1
34.1 msec : 0
34.2 msec : 1
34.3 msec : 0
34.4 msec : 0
34.5 msec : 0
34.6 msec : 0
34.7 msec : 0
34.8 msec : 0
34.9 msec : 0
35.0 msec : 0
35.1 msec : 0
35.2 msec : 0
35.3 msec : 0
35.4 msec : 0
35.5 msec : 0
35.6 msec : 0
35.7 msec : 0
35.8 msec : 0
35.9 msec : 0
36.0 msec : 0
36.1 msec : 0
36.2 msec : 0
36.3 msec : 0
36.4 msec : 0
36.5 msec : 0
36.6 msec : 0
36.7 msec : 0
36.8 msec : 0
36.9 msec : 0
37.0 msec : 0
37.1 msec : 0
37.2 msec : 0
37.3 msec : 0
37.4 msec : 0
37.5 msec : 0
37.6 msec : 0
37.7 msec : 0
37.8 msec : 0
37.9 msec : 0
38.0 msec : 0
38.1 msec : 0
38.2 msec : 0
38.3 msec : 0
38.4 msec : 0
38.5 msec : 0
38.6 msec : 0
38.7 msec : 0
38.8 msec : 0
38.9 msec : 0
39.0 msec : 0
39.1 msec : 0
39.2 msec : 0
39.3 msec : 0
39.4 msec : 0
39.5 msec : 0
39.6 msec : 0
39.7 msec : 0
39.8 msec : 0
39.9 msec : 0
40.0 msec : 0
40.1 msec : 0
40.2 msec : 0
40.3 msec : 0
40.4 msec : 0
40.5 msec : 0
40.6 msec : 0
40.7 msec : 0
40.8 msec : 0
40.9 msec : 0
41.0 msec : 0
41.1 msec : 0
41.2 msec : 0
41.3 msec : 0
41.4 msec : 0
41.5 msec : 0
41.6 msec : 0
41.7 msec : 0
41.8 msec : 0
41.9 msec : 0
42.0 msec : 0
42.1 msec : 0
42.2 msec : 0
42.3 msec : 0
42.4 msec : 0
42.5 msec : 0
42.6 msec : 0
42.7 msec : 0
42.8 msec : 0
42.9 msec : 0
43.0 msec : 0
43.1 msec : 0
43.2 msec : 0
43.3 msec : 0
43.4 msec : 0
43.5 msec : 0
43.6 msec : 0
43.7 msec : 0
43.8 msec : 0
43.9 msec : 0
44.0 msec : 0
44.1 msec : 0
44.2 msec : 0
44.3 msec : 1
44.4 msec : 1
44.5 msec : 0
44.6 msec : 1
44.7 msec : 0
44.8 msec : 0
44.9 msec : 0
45.0 msec : 1
45.1 msec : 1
45.2 msec : 1
45.3 msec : 1
45.4 msec : 0
45.5 msec : 1
45.6 msec : 0
45.7 msec : 2
45.8 msec : 0
45.9 msec : 1
46.0 msec : 1
46.1 msec : 0
46.2 msec : 1
46.3 msec : 0
46.4 msec : 0
46.5 msec : 2
46.6 msec : 1
46.7 msec : 1
46.8 msec : 0
46.9 msec : 0
47.0 msec : 1
47.1 msec : 0
47.2 msec : 0
47.3 msec : 0
47.4 msec : 0
47.5 msec : 0
47.6 msec : 0
47.7 msec : 0
47.8 msec : 1
47.9 msec : 0
48.0 msec : 1
48.1 msec : 0
48.2 msec : 1
48.3 msec : 0
48.4 msec : 1
48.5 msec : 1
48.6 msec : 1
48.7 msec : 0
48.8 msec : 0
48.9 msec : 0
49.0 msec : 0
49.1 msec : 0
49.2 msec : 0
49.3 msec : 0
49.4 msec : 0
49.5 msec : 0
49.6 msec : 0
49.7 msec : 0
49.8 msec : 0
49.9 msec : 0
50.0 msec : 0
50.1 msec : 0
50.2 msec : 0
50.3 msec : 0
50.4 msec : 0
50.5 msec : 0
50.6 msec : 0
50.7 msec : 0
50.8 msec : 0
50.9 msec : 0
51.0 msec : 0
51.1 msec : 0
51.2 msec : 0
51.3 msec : 0
51.4 msec : 0
51.5 msec : 0
51.6 msec : 0
51.7 msec : 0
51.8 msec : 0
51.9 msec : 0
52.0 msec : 1
52.1 msec : 0
52.2 msec : 0
52.3 msec : 2
52.4 msec : 0
52.5 msec : 1
52.6 msec : 1
52.7 msec : 0
52.8 msec : 0
52.9 msec : 1
53.0 msec : 0
53.1 msec : 0
53.2 msec : 0
53.3 msec : 1
53.4 msec : 0
53.5 msec : 0
53.6 msec : 0
53.7 msec : 0
53.8 msec : 0
53.9 msec : 0
54.0 msec : 0
54.1 msec : 1
54.2 msec : 0
54.3 msec : 0
54.4 msec : 0
54.5 msec : 0
54.6 msec : 0
54.7 msec : 0
54.8 msec : 0
54.9 msec : 0
55.0 msec : 0
55.1 msec : 0
55.2 msec : 0
55.3 msec : 0
55.4 msec : 0
55.5 msec : 0
55.6 msec : 0
55.7 msec : 0
55.8 msec : 0
55.9 msec : 0
56.0 msec : 0
56.1 msec : 0
56.2 msec : 2
56.3 msec : 0
56.4 msec : 0
56.5 msec : 0
56.6 msec : 0
56.7 msec : 0
56.8 msec : 0
56.9 msec : 0
57.0 msec : 0
57.1 msec : 0
57.2 msec : 0
57.3 msec : 0
57.4 msec : 0
57.5 msec : 0
57.6 msec : 0
57.7 msec : 0
57.8 msec : 0
57.9 msec : 0
58.0 msec : 0
58.1 msec : 0
58.2 msec : 0
58.3 msec : 0
58.4 msec : 0
58.5 msec : 0
58.6 msec : 0
58.7 msec : 0
58.8 msec : 0
58.9 msec : 0
59.0 msec : 0
59.1 msec : 0
59.2 msec : 1
59.3 msec : 0
59.4 msec : 0
59.5 msec : 0
59.6 msec : 0
59.7 msec : 0
59.8 msec : 0
59.9 msec : 0
60.0 msec : 0
60.1 msec : 1
60.2 msec : 0
60.3 msec : 1
60.4 msec : 0
60.5 msec : 0
60.6 msec : 0
60.7 msec : 0
60.8 msec : 0
60.9 msec : 0
61.0 msec : 0
61.1 msec : 0
61.2 msec : 0
61.3 msec : 0
61.4 msec : 0
61.5 msec : 0
61.6 msec : 0
61.7 msec : 0
61.8 msec : 0
61.9 msec : 0
62.0 msec : 0
62.1 msec : 0
62.2 msec : 0
62.3 msec : 0
62.4 msec : 0
62.5 msec : 0
62.6 msec : 0
62.7 msec : 0
62.8 msec : 0
62.9 msec : 0
63.0 msec : 0
63.1 msec : 0
63.2 msec : 0
63.3 msec : 0
63.4 msec : 0
63.5 msec : 0
63.6 msec : 0
63.7 msec : 0
63.8 msec : 0
63.9 msec : 0
64.0 msec : 0
64.1 msec : 0
64.2 msec : 0
64.3 msec : 0
64.4 msec : 0
64.5 msec : 0
64.6 msec : 0
64.7 msec : 0
64.8 msec : 0
64.9 msec : 0
65.0 msec : 0
65.1 msec : 0
65.2 msec : 0
65.3 msec : 0
65.4 msec : 0
65.5 msec : 0
65.6 msec : 0
65.7 msec : 0
65.8 msec : 0
65.9 msec : 0
66.0 msec : 0
66.1 msec : 0
66.2 msec : 0
66.3 msec : 0
66.4 msec : 0
66.5 msec : 0
66.6 msec : 0
66.7 msec : 0
66.8 msec : 0
66.9 msec : 0
67.0 msec : 0
67.1 msec : 0
67.2 msec : 0
67.3 msec : 0
67.4 msec : 0
67.5 msec : 0
67.6 msec : 0
67.7 msec : 0
67.8 msec : 0
67.9 msec : 0
68.0 msec : 0
68.1 msec : 0
68.2 msec : 0
68.3 msec : 0
68.4 msec : 0
68.5 msec : 0
68.6 msec : 0
68.7 msec : 0
68.8 msec : 0
68.9 msec : 0
69.0 msec : 0
69.1 msec : 0
69.2 msec : 0
69.3 msec : 0
69.4 msec : 0
69.5 msec : 0
69.6 msec : 0
69.7 msec : 0
69.8 msec : 0
69.9 msec : 0
70.0 msec : 0
70.1 msec : 0
70.2 msec : 0
70.3 msec : 0
70.4 msec : 0
70.5 msec : 0
70.6 msec : 0
70.7 msec : 0
70.8 msec : 0
70.9 msec : 0
71.0 msec : 0
71.1 msec : 0
71.2 msec : 0
71.3 msec : 0
71.4 msec : 0
71.5 msec : 0
71.6 msec : 0
71.7 msec : 0
71.8 msec : 0
71.9 msec : 0
72.0 msec : 0
72.1 msec : 0
72.2 msec : 0
72.3 msec : 0
72.4 msec : 0
72.5 msec : 0
72.6 msec : 0
72.7 msec : 0
72.8 msec : 0
72.9 msec : 0
73.0 msec : 0
73.1 msec : 0
73.2 msec : 0
73.3 msec : 0
73.4 msec : 0
73.5 msec : 0
73.6 msec : 0
73.7 msec : 0
73.8 msec : 0
73.9 msec : 0
74.0 msec : 0
74.1 msec : 0
74.2 msec : 0
74.3 msec : 0
74.4 msec : 0
74.5 msec : 0
74.6 msec : 0
74.7 msec : 0
74.8 msec : 0
74.9 msec : 0
75.0 msec : 0
75.1 msec : 0
75.2 msec : 0
75.3 msec : 0
75.4 msec : 0
75.5 msec : 0
75.6 msec : 0
75.7 msec : 0
75.8 msec : 0
75.9 msec : 0
76.0 msec : 0
76.1 msec : 0
76.2 msec : 0
76.3 msec : 0
76.4 msec : 0
76.5 msec : 0
76.6 msec : 0
76.7 msec : 0
76.8 msec : 0
76.9 msec : 0
77.0 msec : 0
77.1 msec : 0
77.2 msec : 0
77.3 msec : 0
77.4 msec : 0
77.5 msec : 0
77.6 msec : 0
77.7 msec : 0
77.8 msec : 0
77.9 msec : 0
78.0 msec : 0
78.1 msec : 0
78.2 msec : 0
78.3 msec : 0
78.4 msec : 0
78.5 msec : 0
78.6 msec : 0
78.7 msec : 0
78.8 msec : 0
78.9 msec : 0
79.0 msec : 0
79.1 msec : 0
79.2 msec : 0
79.3 msec : 0
79.4 msec : 0
79.5 msec : 0
79.6 msec : 0
79.7 msec : 0
79.8 msec : 0
79.9 msec : 0
80.0 msec : 0
80.1 msec : 0
80.2 msec : 0
80.3 msec : 0
80.4 msec : 0
80.5 msec : 0
80.6 msec : 0
80.7 msec : 0
80.8 msec : 0
80.9 msec : 0
81.0 msec : 0
81.1 msec : 0
81.2 msec : 0
81.3 msec : 0
81.4 msec : 0
81.5 msec : 0
81.6 msec : 0
81.7 msec : 0
81.8 msec : 0
81.9 msec : 0
82.0 msec : 0
82.1 msec : 0
82.2 msec : 0
82.3 msec : 0
82.4 msec : 0
82.5 msec : 0
82.6 msec : 0
82.7 msec : 0
82.8 msec : 0
82.9 msec : 0
83.0 msec : 0
83.1 msec : 0
83.2 msec : 1
83.3 msec : 0
83.4 msec : 1
83.5 msec : 0
83.6 msec : 0
83.7 msec : 0
83.8 msec : 1
83.9 msec : 1
84.0 msec : 0
84.1 msec : 0
84.2 msec : 0
84.3 msec : 0
84.4 msec : 1
84.5 msec : 1
84.6 msec : 1
84.7 msec : 2
84.8 msec : 1
84.9 msec : 1
85.0 msec : 0
85.1 msec : 1
85.2 msec : 3
85.3 msec : 0
85.4 msec : 0
85.5 msec : 1
85.6 msec : 0
85.7 msec : 0
85.8 msec : 0
85.9 msec : 1
