Middleware started...
Middleware shuts down...
Smaller resolution statistics are in a log file...
Final aggregates per worker:


Worker 46
Average throughput (ops/sec) = 37
Average response time (msec) = 23.5673565
Average queue length = 4
Average wait time in queue (msec) = 1.8847641666666668
Average service time (msec) = 14.714853166666666
Number of SET = 37
Number of GET = 0
Number of MULTI GET = 0


Worker 47
Average throughput (ops/sec) = 35
Average response time (msec) = 24.867289
Average queue length = 1
Average wait time in queue (msec) = 2.2469515
Average service time (msec) = 16.937844833333333
Number of SET = 35
Number of GET = 0
Number of MULTI GET = 0


Worker 48
Average throughput (ops/sec) = 37
Average response time (msec) = 25.040030166666668
Average queue length = 3
Average wait time in queue (msec) = 1.9318103333333332
Average service time (msec) = 16.7870515
Number of SET = 37
Number of GET = 0
Number of MULTI GET = 0


Worker 49
Average throughput (ops/sec) = 38
Average response time (msec) = 24.653616333333332
Average queue length = 2
Average wait time in queue (msec) = 1.5621225
Average service time (msec) = 16.79809033333333
Number of SET = 38
Number of GET = 0
Number of MULTI GET = 0


Worker 42
Average throughput (ops/sec) = 42
Average response time (msec) = 21.481465166666666
Average queue length = 2
Average wait time in queue (msec) = 2.0708676666666666
Average service time (msec) = 15.090575666666666
Number of SET = 42
Number of GET = 0
Number of MULTI GET = 0


Worker 43
Average throughput (ops/sec) = 37
Average response time (msec) = 25.591979
Average queue length = 4
Average wait time in queue (msec) = 1.9081245
Average service time (msec) = 17.988592833333332
Number of SET = 37
Number of GET = 0
Number of MULTI GET = 0


Worker 44
Average throughput (ops/sec) = 37
Average response time (msec) = 24.521728333333332
Average queue length = 2
Average wait time in queue (msec) = 1.929194
Average service time (msec) = 16.481862166666666
Number of SET = 37
Number of GET = 0
Number of MULTI GET = 0


Worker 45
Average throughput (ops/sec) = 35
Average response time (msec) = 24.8841385
Average queue length = 3
Average wait time in queue (msec) = 1.8378391666666667
Average service time (msec) = 16.6060055
Number of SET = 35
Number of GET = 0
Number of MULTI GET = 0


Worker 50
Average throughput (ops/sec) = 34
Average response time (msec) = 27.04750783333333
Average queue length = 2
Average wait time in queue (msec) = 1.7148471666666667
Average service time (msec) = 17.799703166666667
Number of SET = 34
Number of GET = 0
Number of MULTI GET = 0


Worker 51
Average throughput (ops/sec) = 36
Average response time (msec) = 24.696363
Average queue length = 2
Average wait time in queue (msec) = 1.8636053333333333
Average service time (msec) = 18.433335666666668
Number of SET = 36
Number of GET = 0
Number of MULTI GET = 0


Worker 52
Average throughput (ops/sec) = 39
Average response time (msec) = 22.08185883333333
Average queue length = 3
Average wait time in queue (msec) = 2.5024376666666663
Average service time (msec) = 13.783395666666665
Number of SET = 39
Number of GET = 0
Number of MULTI GET = 0


Worker 57
Average throughput (ops/sec) = 35
Average response time (msec) = 24.5634765
Average queue length = 2
Average wait time in queue (msec) = 1.8757766666666666
Average service time (msec) = 16.712944666666665
Number of SET = 35
Number of GET = 0
Number of MULTI GET = 0


Worker 13
Average throughput (ops/sec) = 39
Average response time (msec) = 24.199767166666668
Average queue length = 3
Average wait time in queue (msec) = 2.0208991666666667
Average service time (msec) = 15.186433166666665
Number of SET = 39
Number of GET = 0
Number of MULTI GET = 0


Worker 58
Average throughput (ops/sec) = 37
Average response time (msec) = 23.79048016666667
Average queue length = 3
Average wait time in queue (msec) = 2.1469666666666667
Average service time (msec) = 13.816005833333334
Number of SET = 36
Number of GET = 0
Number of MULTI GET = 0


Worker 14
Average throughput (ops/sec) = 35
Average response time (msec) = 26.359310833333332
Average queue length = 5
Average wait time in queue (msec) = 2.7110826666666665
Average service time (msec) = 16.542976833333334
Number of SET = 35
Number of GET = 0
Number of MULTI GET = 0


Worker 59
Average throughput (ops/sec) = 38
Average response time (msec) = 23.5085915
Average queue length = 3
Average wait time in queue (msec) = 2.093922
Average service time (msec) = 14.793809
Number of SET = 38
Number of GET = 0
Number of MULTI GET = 0


Worker 15
Average throughput (ops/sec) = 35
Average response time (msec) = 27.97623683333333
Average queue length = 5
Average wait time in queue (msec) = 1.9935961666666668
Average service time (msec) = 20.4503595
Number of SET = 35
Number of GET = 0
Number of MULTI GET = 0


Worker 16
Average throughput (ops/sec) = 34
Average response time (msec) = 27.559935333333332
Average queue length = 4
Average wait time in queue (msec) = 2.344868
Average service time (msec) = 18.882975666666667
Number of SET = 34
Number of GET = 0
Number of MULTI GET = 0


Worker 53
Average throughput (ops/sec) = 35
Average response time (msec) = 27.149160666666667
Average queue length = 2
Average wait time in queue (msec) = 1.6322266666666667
Average service time (msec) = 18.080971
Number of SET = 35
Number of GET = 0
Number of MULTI GET = 0


Worker 54
Average throughput (ops/sec) = 38
Average response time (msec) = 23.446805666666666
Average queue length = 2
Average wait time in queue (msec) = 1.8974105
Average service time (msec) = 13.943408833333335
Number of SET = 38
Number of GET = 0
Number of MULTI GET = 0


Worker 10
Average throughput (ops/sec) = 39
Average response time (msec) = 22.5516475
Average queue length = 3
Average wait time in queue (msec) = 1.4652938333333332
Average service time (msec) = 14.686954333333334
Number of SET = 39
Number of GET = 0
Number of MULTI GET = 0


Worker 55
Average throughput (ops/sec) = 37
Average response time (msec) = 25.0038695
Average queue length = 3
Average wait time in queue (msec) = 1.4611413333333332
Average service time (msec) = 15.8349155
Number of SET = 37
Number of GET = 0
Number of MULTI GET = 0


Worker 11
Average throughput (ops/sec) = 37
Average response time (msec) = 25.5466815
Average queue length = 5
Average wait time in queue (msec) = 2.236724
Average service time (msec) = 16.364323333333335
Number of SET = 37
Number of GET = 0
Number of MULTI GET = 0


Worker 56
Average throughput (ops/sec) = 38
Average response time (msec) = 22.68492416666667
Average queue length = 2
Average wait time in queue (msec) = 1.9480286666666669
Average service time (msec) = 14.194664
Number of SET = 38
Number of GET = 0
Number of MULTI GET = 0


Worker 12
Average throughput (ops/sec) = 36
Average response time (msec) = 27.501388
Average queue length = 5
Average wait time in queue (msec) = 2.3743973333333335
Average service time (msec) = 18.534800166666667
Number of SET = 36
Number of GET = 0
Number of MULTI GET = 0


Worker 17
Average throughput (ops/sec) = 39
Average response time (msec) = 25.06723016666667
Average queue length = 4
Average wait time in queue (msec) = 1.823529
Average service time (msec) = 16.3295585
Number of SET = 39
Number of GET = 0
Number of MULTI GET = 0


Worker 18
Average throughput (ops/sec) = 35
Average response time (msec) = 27.277472333333332
Average queue length = 5
Average wait time in queue (msec) = 2.2904561666666665
Average service time (msec) = 17.586269166666668
Number of SET = 35
Number of GET = 0
Number of MULTI GET = 0


Worker 19
Average throughput (ops/sec) = 38
Average response time (msec) = 27.3995695
Average queue length = 9
Average wait time in queue (msec) = 2.1945933333333336
Average service time (msec) = 16.81701766666667
Number of SET = 38
Number of GET = 0
Number of MULTI GET = 0


Worker 60
Average throughput (ops/sec) = 38
Average response time (msec) = 22.51214183333333
Average queue length = 2
Average wait time in queue (msec) = 2.027690833333333
Average service time (msec) = 14.677562666666667
Number of SET = 38
Number of GET = 0
Number of MULTI GET = 0


Worker 61
Average throughput (ops/sec) = 35
Average response time (msec) = 24.79387666666667
Average queue length = 1
Average wait time in queue (msec) = 2.0454223333333332
Average service time (msec) = 16.570818666666668
Number of SET = 35
Number of GET = 0
Number of MULTI GET = 0


Worker 62
Average throughput (ops/sec) = 38
Average response time (msec) = 23.07157683333333
Average queue length = 4
Average wait time in queue (msec) = 1.7985488333333333
Average service time (msec) = 14.376218833333335
Number of SET = 38
Number of GET = 0
Number of MULTI GET = 0


Worker 63
Average throughput (ops/sec) = 36
Average response time (msec) = 24.781192166666667
Average queue length = 3
Average wait time in queue (msec) = 1.8605475
Average service time (msec) = 15.760925666666665
Number of SET = 36
Number of GET = 0
Number of MULTI GET = 0


Worker 24
Average throughput (ops/sec) = 37
Average response time (msec) = 23.3568045
Average queue length = 4
Average wait time in queue (msec) = 2.0824795
Average service time (msec) = 14.149441833333334
Number of SET = 37
Number of GET = 0
Number of MULTI GET = 0


Worker 7
Average throughput (ops/sec) = 32
Average response time (msec) = 36.6706885
Average queue length = 4
Average wait time in queue (msec) = 2.2718153333333335
Average service time (msec) = 23.916134
Number of SET = 32
Number of GET = 0
Number of MULTI GET = 0


Worker 25
Average throughput (ops/sec) = 36
Average response time (msec) = 26.2947705
Average queue length = 4
Average wait time in queue (msec) = 1.8287366666666667
Average service time (msec) = 17.771497166666666
Number of SET = 36
Number of GET = 0
Number of MULTI GET = 0


Worker 6
Average throughput (ops/sec) = 36
Average response time (msec) = 32.09118933333333
Average queue length = 6
Average wait time in queue (msec) = 2.526451
Average service time (msec) = 22.874857
Number of SET = 36
Number of GET = 0
Number of MULTI GET = 0


Worker 26
Average throughput (ops/sec) = 35
Average response time (msec) = 27.175202666666667
Average queue length = 5
Average wait time in queue (msec) = 1.9872005
Average service time (msec) = 18.2474955
Number of SET = 35
Number of GET = 0
Number of MULTI GET = 0


Worker 9
Average throughput (ops/sec) = 37
Average response time (msec) = 24.035381166666667
Average queue length = 4
Average wait time in queue (msec) = 1.6577131666666667
Average service time (msec) = 16.950374166666666
Number of SET = 37
Number of GET = 0
Number of MULTI GET = 0


Worker 27
Average throughput (ops/sec) = 36
Average response time (msec) = 26.60568866666667
Average queue length = 2
Average wait time in queue (msec) = 2.195186
Average service time (msec) = 17.314591166666666
Number of SET = 36
Number of GET = 0
Number of MULTI GET = 0


Worker 8
Average throughput (ops/sec) = 39
Average response time (msec) = 24.81455366666667
Average queue length = 3
Average wait time in queue (msec) = 1.8536166666666667
Average service time (msec) = 16.223071
Number of SET = 39
Number of GET = 0
Number of MULTI GET = 0


Worker 64
Average throughput (ops/sec) = 35
Average response time (msec) = 25.457086166666667
Average queue length = 3
Average wait time in queue (msec) = 2.2330916666666667
Average service time (msec) = 17.832206666666668
Number of SET = 35
Number of GET = 0
Number of MULTI GET = 0


Worker 3
Average throughput (ops/sec) = 38
Average response time (msec) = 24.10036283333333
Average queue length = 4
Average wait time in queue (msec) = 2.0206316666666666
Average service time (msec) = 16.9303465
Number of SET = 38
Number of GET = 0
Number of MULTI GET = 0


Worker 20
Average throughput (ops/sec) = 34
Average response time (msec) = 25.463574666666666
Average queue length = 10
Average wait time in queue (msec) = 1.676341
Average service time (msec) = 16.448540166666668
Number of SET = 34
Number of GET = 0
Number of MULTI GET = 0


Worker 21
Average throughput (ops/sec) = 38
Average response time (msec) = 26.12924016666667
Average queue length = 6
Average wait time in queue (msec) = 2.6159285
Average service time (msec) = 14.933495333333333
Number of SET = 38
Number of GET = 0
Number of MULTI GET = 0


Worker 2
Average throughput (ops/sec) = 37
Average response time (msec) = 26.5650495
Average queue length = 3
Average wait time in queue (msec) = 2.2473196666666664
Average service time (msec) = 16.510191
Number of SET = 37
Number of GET = 0
Number of MULTI GET = 0


Worker 22
Average throughput (ops/sec) = 39
Average response time (msec) = 24.00769616666667
Average queue length = 4
Average wait time in queue (msec) = 1.8555381666666668
Average service time (msec) = 15.414941333333333
Number of SET = 39
Number of GET = 0
Number of MULTI GET = 0


Worker 5
Average throughput (ops/sec) = 36
Average response time (msec) = 25.05085366666667
Average queue length = 3
Average wait time in queue (msec) = 2.151068
Average service time (msec) = 15.312811666666667
Number of SET = 36
Number of GET = 0
Number of MULTI GET = 0


Worker 23
Average throughput (ops/sec) = 34
Average response time (msec) = 27.159376
Average queue length = 3
Average wait time in queue (msec) = 2.2786563333333336
Average service time (msec) = 17.104485166666667
Number of SET = 34
Number of GET = 0
Number of MULTI GET = 0


Worker 4
Average throughput (ops/sec) = 37
Average response time (msec) = 25.56358183333333
Average queue length = 3
Average wait time in queue (msec) = 2.142823
Average service time (msec) = 16.197499166666667
Number of SET = 37
Number of GET = 0
Number of MULTI GET = 0


Worker 28
Average throughput (ops/sec) = 40
Average response time (msec) = 24.11304116666667
Average queue length = 4
Average wait time in queue (msec) = 1.9751051666666668
Average service time (msec) = 15.984254333333334
Number of SET = 40
Number of GET = 0
Number of MULTI GET = 0


Worker 29
Average throughput (ops/sec) = 38
Average response time (msec) = 25.50919933333333
Average queue length = 2
Average wait time in queue (msec) = 1.8339643333333333
Average service time (msec) = 17.8165985
Number of SET = 38
Number of GET = 0
Number of MULTI GET = 0


Worker 1
Average throughput (ops/sec) = 38
Average response time (msec) = 28.07310616666667
Average queue length = 3
Average wait time in queue (msec) = 2.1464723333333335
Average service time (msec) = 18.6126705
Number of SET = 38
Number of GET = 0
Number of MULTI GET = 0


Worker 30
Average throughput (ops/sec) = 37
Average response time (msec) = 25.283015833333334
Average queue length = 5
Average wait time in queue (msec) = 1.9561721666666667
Average service time (msec) = 16.100032166666665
Number of SET = 37
Number of GET = 0
Number of MULTI GET = 0


Worker 35
Average throughput (ops/sec) = 34
Average response time (msec) = 26.097822166666667
Average queue length = 3
Average wait time in queue (msec) = 2.1028101666666665
Average service time (msec) = 17.28682966666667
Number of SET = 34
Number of GET = 0
Number of MULTI GET = 0


Worker 36
Average throughput (ops/sec) = 36
Average response time (msec) = 26.23255616666667
Average queue length = 3
Average wait time in queue (msec) = 1.9525696666666668
Average service time (msec) = 17.641648166666666
Number of SET = 36
Number of GET = 0
Number of MULTI GET = 0


Worker 37
Average throughput (ops/sec) = 37
Average response time (msec) = 25.18586
Average queue length = 5
Average wait time in queue (msec) = 2.1329161666666665
Average service time (msec) = 16.3858435
Number of SET = 37
Number of GET = 0
Number of MULTI GET = 0


Worker 38
Average throughput (ops/sec) = 35
Average response time (msec) = 26.207246833333333
Average queue length = 6
Average wait time in queue (msec) = 2.651943
Average service time (msec) = 16.611479
Number of SET = 35
Number of GET = 0
Number of MULTI GET = 0


Worker 31
Average throughput (ops/sec) = 38
Average response time (msec) = 24.696954
Average queue length = 3
Average wait time in queue (msec) = 1.7214836666666666
Average service time (msec) = 15.740838
Number of SET = 38
Number of GET = 0
Number of MULTI GET = 0


Worker 32
Average throughput (ops/sec) = 36
Average response time (msec) = 24.953488333333333
Average queue length = 5
Average wait time in queue (msec) = 1.7328705
Average service time (msec) = 16.287844666666665
Number of SET = 36
Number of GET = 0
Number of MULTI GET = 0


Worker 33
Average throughput (ops/sec) = 33
Average response time (msec) = 26.462836666666668
Average queue length = 5
Average wait time in queue (msec) = 2.1155253333333337
Average service time (msec) = 18.223820166666666
Number of SET = 33
Number of GET = 0
Number of MULTI GET = 0


Worker 34
Average throughput (ops/sec) = 39
Average response time (msec) = 22.75468083333333
Average queue length = 4
Average wait time in queue (msec) = 1.7353961666666669
Average service time (msec) = 14.559969333333333
Number of SET = 39
Number of GET = 0
Number of MULTI GET = 0


Worker 39
Average throughput (ops/sec) = 35
Average response time (msec) = 24.58416766666667
Average queue length = 5
Average wait time in queue (msec) = 2.0876521666666665
Average service time (msec) = 14.64083
Number of SET = 35
Number of GET = 0
Number of MULTI GET = 0


Worker 40
Average throughput (ops/sec) = 36
Average response time (msec) = 23.947019333333333
Average queue length = 12
Average wait time in queue (msec) = 2.1928101666666664
Average service time (msec) = 14.2551945
Number of SET = 36
Number of GET = 0
Number of MULTI GET = 0


Worker 41
Average throughput (ops/sec) = 36
Average response time (msec) = 24.343067
Average queue length = 3
Average wait time in queue (msec) = 2.3137785
Average service time (msec) = 13.849424666666666
Number of SET = 36
Number of GET = 0
Number of MULTI GET = 0


FINAL STATS
Average throughput (ops/sec) = 2343
Average response time (msec) = 23.032388187815833
Average queue length = 3
Average wait time in queue (msec) = 2.030808625
Average service time (msec) = 16.5577262421875
Number of SET = 36
Number of GET = 0
Number of MULTI GET = 0
Number of Cache misses = 0


Histogram response times (0.1 msec step)
0.0 msec : 28
0.1 msec : 53
0.2 msec : 91
0.3 msec : 106
0.4 msec : 113
0.5 msec : 114
0.6 msec : 117
0.7 msec : 116
0.8 msec : 122
0.9 msec : 102
1.0 msec : 92
1.1 msec : 92
1.2 msec : 75
1.3 msec : 87
1.4 msec : 79
1.5 msec : 61
1.6 msec : 58
1.7 msec : 48
1.8 msec : 51
1.9 msec : 69
2.0 msec : 53
2.1 msec : 51
2.2 msec : 42
2.3 msec : 41
2.4 msec : 36
2.5 msec : 37
2.6 msec : 43
2.7 msec : 38
2.8 msec : 34
2.9 msec : 34
3.0 msec : 40
3.1 msec : 28
3.2 msec : 32
3.3 msec : 44
3.4 msec : 42
3.5 msec : 25
3.6 msec : 26
3.7 msec : 37
3.8 msec : 27
3.9 msec : 33
4.0 msec : 21
4.1 msec : 16
4.2 msec : 30
4.3 msec : 20
4.4 msec : 26
4.5 msec : 28
4.6 msec : 25
4.7 msec : 20
4.8 msec : 25
4.9 msec : 27
5.0 msec : 16
5.1 msec : 22
5.2 msec : 18
5.3 msec : 16
5.4 msec : 16
5.5 msec : 18
5.6 msec : 11
5.7 msec : 20
5.8 msec : 19
5.9 msec : 28
6.0 msec : 28
6.1 msec : 32
6.2 msec : 30
6.3 msec : 27
6.4 msec : 36
6.5 msec : 43
6.6 msec : 37
6.7 msec : 45
6.8 msec : 31
6.9 msec : 35
7.0 msec : 43
7.1 msec : 40
7.2 msec : 36
7.3 msec : 44
7.4 msec : 54
7.5 msec : 42
7.6 msec : 42
7.7 msec : 39
7.8 msec : 53
7.9 msec : 56
8.0 msec : 48
8.1 msec : 45
8.2 msec : 57
8.3 msec : 48
8.4 msec : 44
8.5 msec : 38
8.6 msec : 56
8.7 msec : 44
8.8 msec : 39
8.9 msec : 46
9.0 msec : 48
9.1 msec : 44
9.2 msec : 55
9.3 msec : 49
9.4 msec : 55
9.5 msec : 54
9.6 msec : 43
9.7 msec : 56
9.8 msec : 65
9.9 msec : 63
10.0 msec : 71
10.1 msec : 63
10.2 msec : 71
10.3 msec : 98
10.4 msec : 62
10.5 msec : 80
10.6 msec : 65
10.7 msec : 78
10.8 msec : 65
10.9 msec : 61
11.0 msec : 69
11.1 msec : 64
11.2 msec : 67
11.3 msec : 62
11.4 msec : 78
11.5 msec : 80
11.6 msec : 64
11.7 msec : 59
11.8 msec : 64
11.9 msec : 53
12.0 msec : 63
12.1 msec : 61
12.2 msec : 66
12.3 msec : 60
12.4 msec : 56
12.5 msec : 54
12.6 msec : 52
12.7 msec : 51
12.8 msec : 47
12.9 msec : 44
13.0 msec : 52
13.1 msec : 49
13.2 msec : 50
13.3 msec : 56
13.4 msec : 48
13.5 msec : 41
13.6 msec : 43
13.7 msec : 50
13.8 msec : 44
13.9 msec : 37
14.0 msec : 45
14.1 msec : 42
14.2 msec : 43
14.3 msec : 36
14.4 msec : 36
14.5 msec : 46
14.6 msec : 40
14.7 msec : 34
14.8 msec : 27
14.9 msec : 26
15.0 msec : 32
15.1 msec : 32
15.2 msec : 26
15.3 msec : 28
15.4 msec : 23
15.5 msec : 32
15.6 msec : 32
15.7 msec : 31
15.8 msec : 29
15.9 msec : 20
16.0 msec : 15
16.1 msec : 27
16.2 msec : 17
16.3 msec : 20
16.4 msec : 20
16.5 msec : 18
16.6 msec : 29
16.7 msec : 24
16.8 msec : 29
16.9 msec : 28
17.0 msec : 24
17.1 msec : 28
17.2 msec : 23
17.3 msec : 22
17.4 msec : 32
17.5 msec : 17
17.6 msec : 21
17.7 msec : 16
17.8 msec : 21
17.9 msec : 26
18.0 msec : 26
18.1 msec : 24
18.2 msec : 19
18.3 msec : 30
18.4 msec : 24
18.5 msec : 22
18.6 msec : 28
18.7 msec : 29
18.8 msec : 34
18.9 msec : 31
19.0 msec : 32
19.1 msec : 41
19.2 msec : 28
19.3 msec : 34
19.4 msec : 30
19.5 msec : 24
19.6 msec : 24
19.7 msec : 27
19.8 msec : 25
19.9 msec : 28
20.0 msec : 28
20.1 msec : 28
20.2 msec : 29
20.3 msec : 33
20.4 msec : 26
20.5 msec : 33
20.6 msec : 16
20.7 msec : 31
20.8 msec : 29
20.9 msec : 35
21.0 msec : 28
21.1 msec : 44
21.2 msec : 34
21.3 msec : 31
21.4 msec : 26
21.5 msec : 24
21.6 msec : 33
21.7 msec : 30
21.8 msec : 41
21.9 msec : 41
22.0 msec : 29
22.1 msec : 34
22.2 msec : 28
22.3 msec : 34
22.4 msec : 21
22.5 msec : 27
22.6 msec : 28
22.7 msec : 27
22.8 msec : 23
22.9 msec : 31
23.0 msec : 30
23.1 msec : 25
23.2 msec : 28
23.3 msec : 41
23.4 msec : 20
23.5 msec : 23
23.6 msec : 29
23.7 msec : 23
23.8 msec : 29
23.9 msec : 32
24.0 msec : 33
24.1 msec : 19
24.2 msec : 21
24.3 msec : 29
24.4 msec : 28
24.5 msec : 31
24.6 msec : 26
24.7 msec : 17
24.8 msec : 23
24.9 msec : 24
25.0 msec : 25
25.1 msec : 30
25.2 msec : 16
25.3 msec : 26
25.4 msec : 23
25.5 msec : 21
25.6 msec : 21
25.7 msec : 25
25.8 msec : 17
25.9 msec : 26
26.0 msec : 18
26.1 msec : 15
26.2 msec : 19
26.3 msec : 20
26.4 msec : 17
26.5 msec : 14
26.6 msec : 11
26.7 msec : 15
26.8 msec : 18
26.9 msec : 12
27.0 msec : 14
27.1 msec : 16
27.2 msec : 19
27.3 msec : 15
27.4 msec : 16
27.5 msec : 19
27.6 msec : 17
27.7 msec : 15
27.8 msec : 12
27.9 msec : 17
28.0 msec : 15
28.1 msec : 15
28.2 msec : 10
28.3 msec : 12
28.4 msec : 22
28.5 msec : 25
28.6 msec : 8
28.7 msec : 9
28.8 msec : 24
28.9 msec : 9
29.0 msec : 16
29.1 msec : 23
29.2 msec : 12
29.3 msec : 9
29.4 msec : 13
29.5 msec : 15
29.6 msec : 16
29.7 msec : 24
29.8 msec : 16
29.9 msec : 17
30.0 msec : 21
30.1 msec : 16
30.2 msec : 15
30.3 msec : 20
30.4 msec : 18
30.5 msec : 10
30.6 msec : 10
30.7 msec : 14
30.8 msec : 15
30.9 msec : 19
31.0 msec : 10
31.1 msec : 9
31.2 msec : 13
31.3 msec : 12
31.4 msec : 9
31.5 msec : 15
31.6 msec : 8
31.7 msec : 11
31.8 msec : 12
31.9 msec : 11
32.0 msec : 11
32.1 msec : 18
32.2 msec : 13
32.3 msec : 13
32.4 msec : 12
32.5 msec : 7
32.6 msec : 8
32.7 msec : 15
32.8 msec : 15
32.9 msec : 9
33.0 msec : 9
33.1 msec : 7
33.2 msec : 4
33.3 msec : 12
33.4 msec : 16
33.5 msec : 12
33.6 msec : 10
33.7 msec : 8
33.8 msec : 9
33.9 msec : 8
34.0 msec : 8
34.1 msec : 13
34.2 msec : 8
34.3 msec : 17
34.4 msec : 11
34.5 msec : 8
34.6 msec : 9
34.7 msec : 14
34.8 msec : 16
34.9 msec : 13
35.0 msec : 8
35.1 msec : 5
35.2 msec : 9
35.3 msec : 8
35.4 msec : 11
35.5 msec : 10
35.6 msec : 15
35.7 msec : 10
35.8 msec : 10
35.9 msec : 13
36.0 msec : 14
36.1 msec : 9
36.2 msec : 11
36.3 msec : 13
36.4 msec : 12
36.5 msec : 10
36.6 msec : 8
36.7 msec : 6
36.8 msec : 8
36.9 msec : 10
37.0 msec : 13
37.1 msec : 14
37.2 msec : 15
37.3 msec : 11
37.4 msec : 15
37.5 msec : 10
37.6 msec : 9
37.7 msec : 9
37.8 msec : 11
37.9 msec : 13
38.0 msec : 9
38.1 msec : 16
38.2 msec : 13
38.3 msec : 13
38.4 msec : 16
38.5 msec : 11
38.6 msec : 16
38.7 msec : 13
38.8 msec : 22
38.9 msec : 5
39.0 msec : 9
39.1 msec : 17
39.2 msec : 15
39.3 msec : 9
39.4 msec : 14
39.5 msec : 2
39.6 msec : 12
39.7 msec : 12
39.8 msec : 9
39.9 msec : 11
40.0 msec : 13
40.1 msec : 7
40.2 msec : 5
40.3 msec : 5
40.4 msec : 9
40.5 msec : 9
40.6 msec : 13
40.7 msec : 4
40.8 msec : 11
40.9 msec : 12
41.0 msec : 7
41.1 msec : 8
41.2 msec : 8
41.3 msec : 3
41.4 msec : 8
41.5 msec : 8
41.6 msec : 11
41.7 msec : 7
41.8 msec : 10
41.9 msec : 9
42.0 msec : 12
42.1 msec : 6
42.2 msec : 12
42.3 msec : 10
42.4 msec : 7
42.5 msec : 7
42.6 msec : 7
42.7 msec : 6
42.8 msec : 7
42.9 msec : 10
43.0 msec : 8
43.1 msec : 8
43.2 msec : 10
43.3 msec : 2
43.4 msec : 3
43.5 msec : 11
43.6 msec : 11
43.7 msec : 8
43.8 msec : 8
43.9 msec : 9
44.0 msec : 5
44.1 msec : 6
44.2 msec : 11
44.3 msec : 10
44.4 msec : 8
44.5 msec : 4
44.6 msec : 4
44.7 msec : 9
44.8 msec : 10
44.9 msec : 8
45.0 msec : 7
45.1 msec : 5
45.2 msec : 13
45.3 msec : 5
45.4 msec : 8
45.5 msec : 13
45.6 msec : 3
45.7 msec : 6
45.8 msec : 5
45.9 msec : 3
46.0 msec : 7
46.1 msec : 4
46.2 msec : 5
46.3 msec : 6
46.4 msec : 6
46.5 msec : 5
46.6 msec : 6
46.7 msec : 4
46.8 msec : 3
46.9 msec : 4
47.0 msec : 2
47.1 msec : 7
47.2 msec : 4
47.3 msec : 11
47.4 msec : 7
47.5 msec : 4
47.6 msec : 6
47.7 msec : 2
47.8 msec : 7
47.9 msec : 3
48.0 msec : 4
48.1 msec : 5
48.2 msec : 2
48.3 msec : 4
48.4 msec : 5
48.5 msec : 4
48.6 msec : 5
48.7 msec : 5
48.8 msec : 7
48.9 msec : 3
49.0 msec : 8
49.1 msec : 13
49.2 msec : 5
49.3 msec : 3
49.4 msec : 4
49.5 msec : 6
49.6 msec : 9
49.7 msec : 5
49.8 msec : 4
49.9 msec : 9
50.0 msec : 4
50.1 msec : 6
50.2 msec : 8
50.3 msec : 6
50.4 msec : 5
50.5 msec : 11
50.6 msec : 3
50.7 msec : 3
50.8 msec : 6
50.9 msec : 4
51.0 msec : 7
51.1 msec : 4
51.2 msec : 3
51.3 msec : 9
51.4 msec : 7
51.5 msec : 11
51.6 msec : 10
51.7 msec : 4
51.8 msec : 7
51.9 msec : 9
52.0 msec : 4
52.1 msec : 5
52.2 msec : 5
52.3 msec : 6
52.4 msec : 7
52.5 msec : 7
52.6 msec : 5
52.7 msec : 9
52.8 msec : 3
52.9 msec : 7
53.0 msec : 4
53.1 msec : 9
53.2 msec : 5
53.3 msec : 9
53.4 msec : 6
53.5 msec : 8
53.6 msec : 3
53.7 msec : 7
53.8 msec : 5
53.9 msec : 6
54.0 msec : 4
54.1 msec : 6
54.2 msec : 3
54.3 msec : 8
54.4 msec : 6
54.5 msec : 0
54.6 msec : 7
54.7 msec : 7
54.8 msec : 2
54.9 msec : 3
55.0 msec : 9
55.1 msec : 4
55.2 msec : 3
55.3 msec : 2
55.4 msec : 5
55.5 msec : 6
55.6 msec : 2
55.7 msec : 8
55.8 msec : 0
55.9 msec : 3
56.0 msec : 2
56.1 msec : 2
56.2 msec : 4
56.3 msec : 5
56.4 msec : 4
56.5 msec : 0
56.6 msec : 6
56.7 msec : 5
56.8 msec : 3
56.9 msec : 4
57.0 msec : 4
57.1 msec : 2
57.2 msec : 3
57.3 msec : 5
57.4 msec : 5
57.5 msec : 1
57.6 msec : 3
57.7 msec : 4
57.8 msec : 5
57.9 msec : 1
58.0 msec : 7
58.1 msec : 3
58.2 msec : 3
58.3 msec : 2
58.4 msec : 2
58.5 msec : 6
58.6 msec : 4
58.7 msec : 2
58.8 msec : 10
58.9 msec : 3
59.0 msec : 5
59.1 msec : 1
59.2 msec : 4
59.3 msec : 6
59.4 msec : 2
59.5 msec : 7
59.6 msec : 2
59.7 msec : 2
59.8 msec : 3
59.9 msec : 0
60.0 msec : 2
60.1 msec : 2
60.2 msec : 5
60.3 msec : 4
60.4 msec : 5
60.5 msec : 1
60.6 msec : 6
60.7 msec : 1
60.8 msec : 5
60.9 msec : 6
61.0 msec : 3
61.1 msec : 5
61.2 msec : 4
61.3 msec : 1
61.4 msec : 3
61.5 msec : 3
61.6 msec : 5
61.7 msec : 3
61.8 msec : 6
61.9 msec : 3
62.0 msec : 4
62.1 msec : 4
62.2 msec : 1
62.3 msec : 1
62.4 msec : 0
62.5 msec : 4
62.6 msec : 2
62.7 msec : 4
62.8 msec : 4
62.9 msec : 6
63.0 msec : 2
63.1 msec : 5
63.2 msec : 4
63.3 msec : 4
63.4 msec : 4
63.5 msec : 3
63.6 msec : 2
63.7 msec : 0
63.8 msec : 3
63.9 msec : 1
64.0 msec : 4
64.1 msec : 3
64.2 msec : 3
64.3 msec : 1
64.4 msec : 2
64.5 msec : 5
64.6 msec : 2
64.7 msec : 3
64.8 msec : 4
64.9 msec : 1
65.0 msec : 1
65.1 msec : 1
65.2 msec : 5
65.3 msec : 1
65.4 msec : 2
65.5 msec : 2
65.6 msec : 5
65.7 msec : 1
65.8 msec : 2
65.9 msec : 2
66.0 msec : 1
66.1 msec : 3
66.2 msec : 2
66.3 msec : 3
66.4 msec : 3
66.5 msec : 1
66.6 msec : 4
66.7 msec : 3
66.8 msec : 3
66.9 msec : 2
67.0 msec : 1
67.1 msec : 0
67.2 msec : 0
67.3 msec : 2
67.4 msec : 1
67.5 msec : 1
67.6 msec : 1
67.7 msec : 2
67.8 msec : 2
67.9 msec : 0
68.0 msec : 5
68.1 msec : 2
68.2 msec : 2
68.3 msec : 4
68.4 msec : 2
68.5 msec : 1
68.6 msec : 2
68.7 msec : 2
68.8 msec : 5
68.9 msec : 4
69.0 msec : 6
69.1 msec : 1
69.2 msec : 1
69.3 msec : 1
69.4 msec : 2
69.5 msec : 3
69.6 msec : 2
69.7 msec : 3
69.8 msec : 2
69.9 msec : 4
70.0 msec : 3
70.1 msec : 2
70.2 msec : 2
70.3 msec : 2
70.4 msec : 4
70.5 msec : 3
70.6 msec : 7
70.7 msec : 3
70.8 msec : 3
70.9 msec : 4
71.0 msec : 3
71.1 msec : 5
71.2 msec : 5
71.3 msec : 4
71.4 msec : 2
71.5 msec : 2
71.6 msec : 0
71.7 msec : 3
71.8 msec : 4
71.9 msec : 2
72.0 msec : 1
72.1 msec : 3
72.2 msec : 4
72.3 msec : 3
72.4 msec : 2
72.5 msec : 1
72.6 msec : 2
72.7 msec : 3
72.8 msec : 1
72.9 msec : 4
73.0 msec : 0
73.1 msec : 3
73.2 msec : 0
73.3 msec : 4
73.4 msec : 0
73.5 msec : 1
73.6 msec : 2
73.7 msec : 4
73.8 msec : 0
73.9 msec : 3
74.0 msec : 1
74.1 msec : 4
74.2 msec : 3
74.3 msec : 1
74.4 msec : 2
74.5 msec : 2
74.6 msec : 1
74.7 msec : 1
74.8 msec : 3
74.9 msec : 3
75.0 msec : 1
75.1 msec : 2
75.2 msec : 0
75.3 msec : 1
75.4 msec : 1
75.5 msec : 1
75.6 msec : 3
75.7 msec : 2
75.8 msec : 2
75.9 msec : 0
76.0 msec : 1
76.1 msec : 2
76.2 msec : 3
76.3 msec : 3
76.4 msec : 0
76.5 msec : 2
76.6 msec : 3
76.7 msec : 6
76.8 msec : 1
76.9 msec : 3
77.0 msec : 2
77.1 msec : 5
77.2 msec : 1
77.3 msec : 3
77.4 msec : 1
77.5 msec : 1
77.6 msec : 3
77.7 msec : 1
77.8 msec : 3
77.9 msec : 1
78.0 msec : 1
78.1 msec : 4
78.2 msec : 3
78.3 msec : 0
78.4 msec : 4
78.5 msec : 2
78.6 msec : 1
78.7 msec : 4
78.8 msec : 4
78.9 msec : 4
79.0 msec : 1
79.1 msec : 2
79.2 msec : 3
79.3 msec : 3
79.4 msec : 0
79.5 msec : 2
79.6 msec : 2
79.7 msec : 0
79.8 msec : 3
79.9 msec : 0
80.0 msec : 1
80.1 msec : 0
80.2 msec : 1
80.3 msec : 3
80.4 msec : 1
80.5 msec : 3
80.6 msec : 1
80.7 msec : 3
80.8 msec : 0
80.9 msec : 4
81.0 msec : 1
81.1 msec : 0
81.2 msec : 2
81.3 msec : 2
81.4 msec : 1
81.5 msec : 2
81.6 msec : 3
81.7 msec : 1
81.8 msec : 4
81.9 msec : 0
82.0 msec : 1
82.1 msec : 2
82.2 msec : 4
82.3 msec : 0
82.4 msec : 2
82.5 msec : 2
82.6 msec : 1
82.7 msec : 1
82.8 msec : 0
82.9 msec : 1
83.0 msec : 1
83.1 msec : 1
83.2 msec : 1
83.3 msec : 0
83.4 msec : 0
83.5 msec : 0
83.6 msec : 1
83.7 msec : 1
83.8 msec : 1
83.9 msec : 1
84.0 msec : 0
84.1 msec : 3
84.2 msec : 1
84.3 msec : 0
84.4 msec : 2
84.5 msec : 1
84.6 msec : 0
84.7 msec : 2
84.8 msec : 2
84.9 msec : 2
85.0 msec : 3
85.1 msec : 1
85.2 msec : 1
85.3 msec : 3
85.4 msec : 1
85.5 msec : 2
85.6 msec : 0
85.7 msec : 1
85.8 msec : 0
85.9 msec : 0
86.0 msec : 0
86.1 msec : 1
86.2 msec : 0
86.3 msec : 2
86.4 msec : 0
86.5 msec : 1
86.6 msec : 2
86.7 msec : 1
86.8 msec : 0
86.9 msec : 2
87.0 msec : 0
87.1 msec : 0
87.2 msec : 1
87.3 msec : 2
87.4 msec : 1
87.5 msec : 1
87.6 msec : 2
87.7 msec : 4
87.8 msec : 0
87.9 msec : 2
88.0 msec : 3
88.1 msec : 3
88.2 msec : 4
88.3 msec : 2
88.4 msec : 2
88.5 msec : 2
88.6 msec : 0
88.7 msec : 0
88.8 msec : 2
88.9 msec : 4
89.0 msec : 1
89.1 msec : 5
89.2 msec : 1
89.3 msec : 2
89.4 msec : 5
89.5 msec : 2
89.6 msec : 3
89.7 msec : 1
89.8 msec : 4
89.9 msec : 1
90.0 msec : 4
90.1 msec : 1
90.2 msec : 2
90.3 msec : 3
90.4 msec : 0
90.5 msec : 0
90.6 msec : 1
90.7 msec : 2
90.8 msec : 3
90.9 msec : 4
91.0 msec : 1
91.1 msec : 3
91.2 msec : 3
91.3 msec : 1
91.4 msec : 1
91.5 msec : 0
91.6 msec : 1
91.7 msec : 1
91.8 msec : 0
91.9 msec : 2
92.0 msec : 1
92.1 msec : 3
92.2 msec : 1
92.3 msec : 0
92.4 msec : 2
92.5 msec : 2
92.6 msec : 1
92.7 msec : 4
92.8 msec : 3
92.9 msec : 0
93.0 msec : 3
93.1 msec : 0
93.2 msec : 2
93.3 msec : 0
93.4 msec : 1
93.5 msec : 2
93.6 msec : 2
93.7 msec : 1
93.8 msec : 0
93.9 msec : 1
94.0 msec : 0
94.1 msec : 0
94.2 msec : 0
94.3 msec : 0
94.4 msec : 0
94.5 msec : 0
94.6 msec : 1
94.7 msec : 1
94.8 msec : 2
94.9 msec : 0
95.0 msec : 2
95.1 msec : 1
95.2 msec : 2
95.3 msec : 0
95.4 msec : 0
95.5 msec : 0
95.6 msec : 1
95.7 msec : 0
95.8 msec : 0
95.9 msec : 1
96.0 msec : 0
96.1 msec : 1
96.2 msec : 2
96.3 msec : 0
96.4 msec : 4
96.5 msec : 0
96.6 msec : 0
96.7 msec : 1
96.8 msec : 1
96.9 msec : 1
97.0 msec : 2
97.1 msec : 1
97.2 msec : 2
97.3 msec : 0
97.4 msec : 1
97.5 msec : 1
97.6 msec : 1
97.7 msec : 1
97.8 msec : 0
97.9 msec : 3
98.0 msec : 1
98.1 msec : 2
98.2 msec : 1
98.3 msec : 1
98.4 msec : 0
98.5 msec : 3
98.6 msec : 0
98.7 msec : 1
98.8 msec : 2
98.9 msec : 1
99.0 msec : 0
99.1 msec : 0
99.2 msec : 0
99.3 msec : 1
99.4 msec : 2
99.5 msec : 1
99.6 msec : 1
99.7 msec : 1
99.8 msec : 0
99.9 msec : 0
100.0 msec : 1
100.1 msec : 1
100.2 msec : 0
100.3 msec : 0
100.4 msec : 2
100.5 msec : 0
100.6 msec : 1
100.7 msec : 1
100.8 msec : 0
100.9 msec : 1
101.0 msec : 3
101.1 msec : 3
101.2 msec : 1
101.3 msec : 0
101.4 msec : 0
101.5 msec : 0
101.6 msec : 1
101.7 msec : 2
101.8 msec : 0
101.9 msec : 2
102.0 msec : 1
102.1 msec : 0
102.2 msec : 1
102.3 msec : 1
102.4 msec : 0
102.5 msec : 0
102.6 msec : 0
102.7 msec : 0
102.8 msec : 0
102.9 msec : 0
103.0 msec : 0
103.1 msec : 0
103.2 msec : 0
103.3 msec : 1
103.4 msec : 1
103.5 msec : 0
103.6 msec : 1
103.7 msec : 0
103.8 msec : 0
103.9 msec : 1
104.0 msec : 1
104.1 msec : 2
104.2 msec : 1
104.3 msec : 1
104.4 msec : 0
104.5 msec : 0
104.6 msec : 0
104.7 msec : 0
104.8 msec : 0
104.9 msec : 3
105.0 msec : 1
105.1 msec : 0
105.2 msec : 0
105.3 msec : 0
105.4 msec : 1
105.5 msec : 0
105.6 msec : 1
105.7 msec : 0
105.8 msec : 0
105.9 msec : 1
106.0 msec : 0
106.1 msec : 1
106.2 msec : 1
106.3 msec : 0
106.4 msec : 0
106.5 msec : 0
106.6 msec : 0
106.7 msec : 1
106.8 msec : 0
106.9 msec : 1
107.0 msec : 0
107.1 msec : 0
107.2 msec : 1
107.3 msec : 0
107.4 msec : 0
107.5 msec : 1
107.6 msec : 0
107.7 msec : 0
107.8 msec : 0
107.9 msec : 0
108.0 msec : 1
108.1 msec : 1
108.2 msec : 1
108.3 msec : 1
108.4 msec : 0
108.5 msec : 0
108.6 msec : 1
108.7 msec : 0
108.8 msec : 0
108.9 msec : 1
109.0 msec : 0
109.1 msec : 0
109.2 msec : 1
109.3 msec : 1
109.4 msec : 0
109.5 msec : 0
109.6 msec : 1
109.7 msec : 0
109.8 msec : 0
109.9 msec : 2
110.0 msec : 1
110.1 msec : 0
110.2 msec : 1
110.3 msec : 0
110.4 msec : 0
110.5 msec : 0
110.6 msec : 0
110.7 msec : 1
110.8 msec : 2
110.9 msec : 1
111.0 msec : 1
111.1 msec : 0
111.2 msec : 0
111.3 msec : 0
111.4 msec : 0
111.5 msec : 0
111.6 msec : 0
111.7 msec : 0
111.8 msec : 0
111.9 msec : 1
112.0 msec : 0
112.1 msec : 1
112.2 msec : 1
112.3 msec : 0
112.4 msec : 1
112.5 msec : 1
112.6 msec : 0
112.7 msec : 0
112.8 msec : 2
112.9 msec : 1
113.0 msec : 0
113.1 msec : 0
113.2 msec : 0
113.3 msec : 1
113.4 msec : 1
113.5 msec : 0
113.6 msec : 0
113.7 msec : 1
113.8 msec : 0
113.9 msec : 1
114.0 msec : 0
114.1 msec : 1
114.2 msec : 0
114.3 msec : 1
114.4 msec : 0
114.5 msec : 2
114.6 msec : 0
114.7 msec : 0
114.8 msec : 1
114.9 msec : 0
115.0 msec : 0
115.1 msec : 1
115.2 msec : 0
115.3 msec : 0
115.4 msec : 0
115.5 msec : 0
115.6 msec : 0
115.7 msec : 0
115.8 msec : 0
115.9 msec : 0
116.0 msec : 0
116.1 msec : 0
116.2 msec : 2
116.3 msec : 0
116.4 msec : 0
116.5 msec : 0
116.6 msec : 0
116.7 msec : 0
116.8 msec : 0
116.9 msec : 2
117.0 msec : 0
117.1 msec : 0
117.2 msec : 0
117.3 msec : 0
117.4 msec : 0
117.5 msec : 0
117.6 msec : 0
117.7 msec : 0
117.8 msec : 0
117.9 msec : 0
118.0 msec : 0
118.1 msec : 0
118.2 msec : 0
118.3 msec : 0
118.4 msec : 0
118.5 msec : 0
118.6 msec : 0
118.7 msec : 0
118.8 msec : 0
118.9 msec : 1
119.0 msec : 0
119.1 msec : 0
119.2 msec : 1
119.3 msec : 0
119.4 msec : 1
119.5 msec : 1
119.6 msec : 0
119.7 msec : 1
119.8 msec : 1
119.9 msec : 1
120.0 msec : 1
120.1 msec : 0
120.2 msec : 0
120.3 msec : 0
120.4 msec : 0
120.5 msec : 0
120.6 msec : 0
120.7 msec : 0
120.8 msec : 0
120.9 msec : 0
121.0 msec : 0
121.1 msec : 3
121.2 msec : 2
121.3 msec : 0
121.4 msec : 0
121.5 msec : 0
121.6 msec : 2
121.7 msec : 0
121.8 msec : 0
121.9 msec : 1
122.0 msec : 1
122.1 msec : 0
122.2 msec : 1
122.3 msec : 0
122.4 msec : 2
122.5 msec : 0
122.6 msec : 0
122.7 msec : 1
122.8 msec : 0
122.9 msec : 0
123.0 msec : 0
123.1 msec : 0
123.2 msec : 0
123.3 msec : 0
123.4 msec : 0
123.5 msec : 0
123.6 msec : 0
123.7 msec : 0
123.8 msec : 0
123.9 msec : 0
124.0 msec : 0
124.1 msec : 0
124.2 msec : 0
124.3 msec : 1
124.4 msec : 0
124.5 msec : 0
124.6 msec : 0
124.7 msec : 1
124.8 msec : 0
124.9 msec : 0
125.0 msec : 1
125.1 msec : 0
125.2 msec : 0
125.3 msec : 0
125.4 msec : 1
125.5 msec : 0
125.6 msec : 2
125.7 msec : 1
125.8 msec : 0
125.9 msec : 0
126.0 msec : 0
126.1 msec : 0
126.2 msec : 0
126.3 msec : 0
126.4 msec : 0
126.5 msec : 1
126.6 msec : 0
126.7 msec : 0
126.8 msec : 0
126.9 msec : 0
127.0 msec : 0
127.1 msec : 0
127.2 msec : 0
127.3 msec : 0
127.4 msec : 0
127.5 msec : 0
127.6 msec : 0
127.7 msec : 0
127.8 msec : 1
127.9 msec : 0
128.0 msec : 1
128.1 msec : 0
128.2 msec : 0
128.3 msec : 0
128.4 msec : 0
128.5 msec : 0
128.6 msec : 0
128.7 msec : 0
128.8 msec : 0
128.9 msec : 0
129.0 msec : 1
129.1 msec : 0
129.2 msec : 1
129.3 msec : 0
129.4 msec : 0
129.5 msec : 0
129.6 msec : 1
129.7 msec : 0
129.8 msec : 0
129.9 msec : 0
130.0 msec : 0
130.1 msec : 1
130.2 msec : 1
130.3 msec : 1
130.4 msec : 0
130.5 msec : 0
130.6 msec : 0
130.7 msec : 0
130.8 msec : 0
130.9 msec : 0
131.0 msec : 1
131.1 msec : 0
131.2 msec : 0
131.3 msec : 0
131.4 msec : 0
131.5 msec : 0
131.6 msec : 0
131.7 msec : 0
131.8 msec : 0
131.9 msec : 0
132.0 msec : 0
132.1 msec : 0
132.2 msec : 1
132.3 msec : 0
132.4 msec : 0
132.5 msec : 2
132.6 msec : 0
132.7 msec : 1
132.8 msec : 0
132.9 msec : 0
133.0 msec : 0
133.1 msec : 0
133.2 msec : 0
133.3 msec : 0
133.4 msec : 0
133.5 msec : 0
133.6 msec : 0
133.7 msec : 0
133.8 msec : 0
133.9 msec : 0
134.0 msec : 0
134.1 msec : 0
134.2 msec : 0
134.3 msec : 0
134.4 msec : 1
134.5 msec : 0
134.6 msec : 0
134.7 msec : 0
134.8 msec : 0
134.9 msec : 0
135.0 msec : 0
135.1 msec : 1
135.2 msec : 0
135.3 msec : 0
135.4 msec : 1
135.5 msec : 1
135.6 msec : 0
135.7 msec : 0
135.8 msec : 0
135.9 msec : 0
136.0 msec : 0
136.1 msec : 0
136.2 msec : 0
136.3 msec : 1
136.4 msec : 0
136.5 msec : 1
136.6 msec : 0
136.7 msec : 0
136.8 msec : 0
136.9 msec : 0
137.0 msec : 0
137.1 msec : 0
137.2 msec : 1
137.3 msec : 0
137.4 msec : 0
137.5 msec : 0
137.6 msec : 0
137.7 msec : 0
137.8 msec : 0
137.9 msec : 0
138.0 msec : 0
138.1 msec : 0
138.2 msec : 0
138.3 msec : 0
138.4 msec : 0
138.5 msec : 0
138.6 msec : 0
138.7 msec : 0
138.8 msec : 0
138.9 msec : 0
139.0 msec : 0
139.1 msec : 0
139.2 msec : 0
139.3 msec : 0
139.4 msec : 0
139.5 msec : 0
139.6 msec : 0
139.7 msec : 2
139.8 msec : 0
139.9 msec : 1
140.0 msec : 0
140.1 msec : 1
140.2 msec : 1
140.3 msec : 0
140.4 msec : 0
140.5 msec : 0
140.6 msec : 0
140.7 msec : 0
140.8 msec : 0
140.9 msec : 0
141.0 msec : 0
141.1 msec : 0
141.2 msec : 0
141.3 msec : 0
141.4 msec : 0
141.5 msec : 0
141.6 msec : 0
141.7 msec : 0
141.8 msec : 0
141.9 msec : 0
142.0 msec : 1
142.1 msec : 0
142.2 msec : 1
142.3 msec : 0
142.4 msec : 0
142.5 msec : 0
142.6 msec : 0
142.7 msec : 0
142.8 msec : 0
142.9 msec : 0
143.0 msec : 1
143.1 msec : 0
143.2 msec : 1
143.3 msec : 0
143.4 msec : 0
143.5 msec : 0
143.6 msec : 0
143.7 msec : 0
143.8 msec : 0
143.9 msec : 1
144.0 msec : 0
144.1 msec : 0
144.2 msec : 0
144.3 msec : 0
144.4 msec : 0
144.5 msec : 0
144.6 msec : 0
144.7 msec : 0
144.8 msec : 0
144.9 msec : 1
145.0 msec : 0
145.1 msec : 0
145.2 msec : 0
145.3 msec : 0
145.4 msec : 0
145.5 msec : 0
145.6 msec : 0
145.7 msec : 0
145.8 msec : 0
145.9 msec : 0
146.0 msec : 0
146.1 msec : 0
146.2 msec : 1
146.3 msec : 0
146.4 msec : 0
146.5 msec : 0
146.6 msec : 0
146.7 msec : 0
146.8 msec : 0
146.9 msec : 0
147.0 msec : 0
147.1 msec : 0
147.2 msec : 0
147.3 msec : 0
147.4 msec : 1
147.5 msec : 0
147.6 msec : 0
147.7 msec : 1
147.8 msec : 0
147.9 msec : 0
148.0 msec : 1
148.1 msec : 0
148.2 msec : 0
148.3 msec : 0
148.4 msec : 0
148.5 msec : 0
148.6 msec : 0
148.7 msec : 0
148.8 msec : 0
148.9 msec : 0
149.0 msec : 0
149.1 msec : 0
149.2 msec : 0
149.3 msec : 0
149.4 msec : 0
149.5 msec : 0
149.6 msec : 0
149.7 msec : 0
149.8 msec : 1
149.9 msec : 0
150.0 msec : 0
150.1 msec : 1
150.2 msec : 0
150.3 msec : 0
150.4 msec : 0
150.5 msec : 0
150.6 msec : 0
150.7 msec : 0
150.8 msec : 0
150.9 msec : 0
151.0 msec : 0
151.1 msec : 0
151.2 msec : 0
151.3 msec : 0
151.4 msec : 0
151.5 msec : 0
151.6 msec : 0
151.7 msec : 0
151.8 msec : 0
151.9 msec : 1
152.0 msec : 0
152.1 msec : 0
152.2 msec : 0
152.3 msec : 0
152.4 msec : 0
152.5 msec : 0
152.6 msec : 0
152.7 msec : 0
152.8 msec : 1
152.9 msec : 0
153.0 msec : 0
153.1 msec : 0
153.2 msec : 0
153.3 msec : 1
153.4 msec : 0
153.5 msec : 0
153.6 msec : 0
153.7 msec : 0
153.8 msec : 0
153.9 msec : 0
154.0 msec : 1
154.1 msec : 0
154.2 msec : 0
154.3 msec : 0
154.4 msec : 0
154.5 msec : 0
154.6 msec : 0
154.7 msec : 0
154.8 msec : 0
154.9 msec : 0
155.0 msec : 0
155.1 msec : 0
155.2 msec : 0
155.3 msec : 0
155.4 msec : 0
155.5 msec : 0
155.6 msec : 0
155.7 msec : 0
155.8 msec : 0
155.9 msec : 0
156.0 msec : 0
156.1 msec : 0
156.2 msec : 0
156.3 msec : 0
156.4 msec : 0
156.5 msec : 0
156.6 msec : 0
156.7 msec : 0
156.8 msec : 0
156.9 msec : 0
157.0 msec : 0
157.1 msec : 0
157.2 msec : 0
157.3 msec : 1
157.4 msec : 0
157.5 msec : 0
157.6 msec : 0
157.7 msec : 0
157.8 msec : 0
157.9 msec : 0
158.0 msec : 0
158.1 msec : 0
158.2 msec : 1
158.3 msec : 0
158.4 msec : 0
158.5 msec : 1
158.6 msec : 0
158.7 msec : 0
158.8 msec : 0
158.9 msec : 0
159.0 msec : 0
159.1 msec : 0
159.2 msec : 0
159.3 msec : 1
159.4 msec : 0
159.5 msec : 0
159.6 msec : 0
159.7 msec : 0
159.8 msec : 0
159.9 msec : 1
160.0 msec : 0
160.1 msec : 0
160.2 msec : 0
160.3 msec : 0
160.4 msec : 0
160.5 msec : 0
160.6 msec : 0
160.7 msec : 0
160.8 msec : 0
160.9 msec : 0
161.0 msec : 0
161.1 msec : 0
161.2 msec : 0
161.3 msec : 0
161.4 msec : 0
161.5 msec : 0
161.6 msec : 0
161.7 msec : 0
161.8 msec : 0
161.9 msec : 0
162.0 msec : 0
162.1 msec : 1
162.2 msec : 1
162.3 msec : 0
162.4 msec : 0
162.5 msec : 0
162.6 msec : 0
162.7 msec : 0
162.8 msec : 1
162.9 msec : 0
163.0 msec : 0
163.1 msec : 0
163.2 msec : 0
163.3 msec : 0
163.4 msec : 0
163.5 msec : 0
163.6 msec : 0
163.7 msec : 0
163.8 msec : 0
163.9 msec : 0
164.0 msec : 0
164.1 msec : 0
164.2 msec : 0
164.3 msec : 0
164.4 msec : 0
164.5 msec : 0
164.6 msec : 0
164.7 msec : 0
164.8 msec : 0
164.9 msec : 0
165.0 msec : 0
165.1 msec : 0
165.2 msec : 0
165.3 msec : 0
165.4 msec : 0
165.5 msec : 0
165.6 msec : 0
165.7 msec : 0
165.8 msec : 0
165.9 msec : 0
166.0 msec : 0
166.1 msec : 0
166.2 msec : 0
166.3 msec : 0
166.4 msec : 0
166.5 msec : 0
166.6 msec : 0
166.7 msec : 0
166.8 msec : 0
166.9 msec : 0
167.0 msec : 0
167.1 msec : 0
167.2 msec : 0
167.3 msec : 0
167.4 msec : 0
167.5 msec : 0
167.6 msec : 0
167.7 msec : 0
167.8 msec : 0
167.9 msec : 0
168.0 msec : 0
168.1 msec : 0
168.2 msec : 0
168.3 msec : 0
168.4 msec : 0
168.5 msec : 0
168.6 msec : 0
168.7 msec : 0
168.8 msec : 0
168.9 msec : 0
169.0 msec : 0
169.1 msec : 0
169.2 msec : 0
169.3 msec : 1
169.4 msec : 0
169.5 msec : 0
169.6 msec : 0
169.7 msec : 0
169.8 msec : 0
169.9 msec : 0
170.0 msec : 0
170.1 msec : 0
170.2 msec : 0
170.3 msec : 0
170.4 msec : 0
170.5 msec : 0
170.6 msec : 0
170.7 msec : 0
170.8 msec : 0
170.9 msec : 0
171.0 msec : 0
171.1 msec : 0
171.2 msec : 0
171.3 msec : 0
171.4 msec : 0
171.5 msec : 0
171.6 msec : 0
171.7 msec : 0
171.8 msec : 0
171.9 msec : 0
172.0 msec : 0
172.1 msec : 0
172.2 msec : 0
172.3 msec : 0
172.4 msec : 0
172.5 msec : 0
172.6 msec : 0
172.7 msec : 0
172.8 msec : 0
172.9 msec : 0
173.0 msec : 0
173.1 msec : 0
173.2 msec : 1
173.3 msec : 0
173.4 msec : 0
173.5 msec : 0
173.6 msec : 0
173.7 msec : 0
173.8 msec : 0
173.9 msec : 0
174.0 msec : 0
174.1 msec : 0
174.2 msec : 0
174.3 msec : 0
174.4 msec : 0
174.5 msec : 0
174.6 msec : 0
174.7 msec : 0
174.8 msec : 0
174.9 msec : 0
175.0 msec : 0
175.1 msec : 0
175.2 msec : 0
175.3 msec : 0
175.4 msec : 0
175.5 msec : 0
175.6 msec : 0
175.7 msec : 0
175.8 msec : 0
175.9 msec : 0
176.0 msec : 0
176.1 msec : 0
176.2 msec : 0
176.3 msec : 0
176.4 msec : 0
176.5 msec : 0
176.6 msec : 0
176.7 msec : 0
176.8 msec : 0
176.9 msec : 0
177.0 msec : 0
177.1 msec : 0
177.2 msec : 0
177.3 msec : 0
177.4 msec : 0
177.5 msec : 0
177.6 msec : 0
177.7 msec : 0
177.8 msec : 0
177.9 msec : 0
178.0 msec : 0
178.1 msec : 0
178.2 msec : 0
178.3 msec : 0
178.4 msec : 0
178.5 msec : 0
178.6 msec : 0
178.7 msec : 0
178.8 msec : 0
178.9 msec : 0
179.0 msec : 0
179.1 msec : 0
179.2 msec : 0
179.3 msec : 0
179.4 msec : 0
179.5 msec : 0
179.6 msec : 0
179.7 msec : 0
179.8 msec : 0
179.9 msec : 0
180.0 msec : 0
180.1 msec : 0
180.2 msec : 0
180.3 msec : 0
180.4 msec : 0
180.5 msec : 0
180.6 msec : 0
180.7 msec : 0
180.8 msec : 0
180.9 msec : 0
181.0 msec : 0
181.1 msec : 0
181.2 msec : 0
181.3 msec : 0
181.4 msec : 0
181.5 msec : 0
181.6 msec : 0
181.7 msec : 0
181.8 msec : 0
181.9 msec : 0
182.0 msec : 0
182.1 msec : 0
182.2 msec : 0
182.3 msec : 0
182.4 msec : 0
182.5 msec : 0
182.6 msec : 0
182.7 msec : 0
182.8 msec : 0
182.9 msec : 0
183.0 msec : 0
183.1 msec : 0
183.2 msec : 0
183.3 msec : 0
183.4 msec : 1
183.5 msec : 0
183.6 msec : 0
183.7 msec : 0
183.8 msec : 0
183.9 msec : 0
184.0 msec : 0
184.1 msec : 0
184.2 msec : 0
184.3 msec : 0
184.4 msec : 0
184.5 msec : 0
184.6 msec : 0
184.7 msec : 0
184.8 msec : 0
184.9 msec : 0
185.0 msec : 0
185.1 msec : 0
185.2 msec : 0
185.3 msec : 0
185.4 msec : 0
185.5 msec : 0
185.6 msec : 0
185.7 msec : 0
185.8 msec : 0
185.9 msec : 0
186.0 msec : 0
186.1 msec : 0
186.2 msec : 0
186.3 msec : 0
186.4 msec : 0
186.5 msec : 0
186.6 msec : 0
186.7 msec : 0
186.8 msec : 0
186.9 msec : 0
187.0 msec : 0
187.1 msec : 0
187.2 msec : 0
187.3 msec : 0
187.4 msec : 0
187.5 msec : 0
187.6 msec : 0
187.7 msec : 0
187.8 msec : 0
187.9 msec : 0
188.0 msec : 0
188.1 msec : 0
188.2 msec : 0
188.3 msec : 0
188.4 msec : 0
188.5 msec : 0
188.6 msec : 0
188.7 msec : 0
188.8 msec : 0
188.9 msec : 0
189.0 msec : 0
189.1 msec : 0
189.2 msec : 0
189.3 msec : 0
189.4 msec : 0
189.5 msec : 0
189.6 msec : 0
189.7 msec : 0
189.8 msec : 0
189.9 msec : 0
190.0 msec : 0
190.1 msec : 0
190.2 msec : 0
190.3 msec : 0
190.4 msec : 0
190.5 msec : 0
190.6 msec : 0
190.7 msec : 0
190.8 msec : 0
190.9 msec : 0
191.0 msec : 0
191.1 msec : 0
191.2 msec : 0
191.3 msec : 0
191.4 msec : 0
191.5 msec : 0
191.6 msec : 0
191.7 msec : 0
191.8 msec : 0
191.9 msec : 0
192.0 msec : 0
192.1 msec : 0
192.2 msec : 0
192.3 msec : 0
192.4 msec : 0
192.5 msec : 0
192.6 msec : 1
192.7 msec : 0
192.8 msec : 0
192.9 msec : 0
193.0 msec : 0
193.1 msec : 0
193.2 msec : 0
193.3 msec : 0
193.4 msec : 0
193.5 msec : 0
193.6 msec : 0
193.7 msec : 0
193.8 msec : 0
193.9 msec : 0
194.0 msec : 0
194.1 msec : 0
194.2 msec : 0
194.3 msec : 0
194.4 msec : 0
194.5 msec : 0
194.6 msec : 0
194.7 msec : 0
194.8 msec : 0
194.9 msec : 0
195.0 msec : 0
195.1 msec : 0
195.2 msec : 0
195.3 msec : 0
195.4 msec : 0
195.5 msec : 0
195.6 msec : 0
195.7 msec : 0
195.8 msec : 0
195.9 msec : 0
196.0 msec : 0
196.1 msec : 0
196.2 msec : 0
196.3 msec : 0
196.4 msec : 0
196.5 msec : 0
196.6 msec : 0
196.7 msec : 0
196.8 msec : 0
196.9 msec : 0
197.0 msec : 0
197.1 msec : 0
197.2 msec : 0
197.3 msec : 0
197.4 msec : 0
197.5 msec : 0
197.6 msec : 0
197.7 msec : 0
197.8 msec : 1
197.9 msec : 0
198.0 msec : 0
198.1 msec : 0
198.2 msec : 0
198.3 msec : 0
198.4 msec : 0
198.5 msec : 0
198.6 msec : 0
198.7 msec : 0
198.8 msec : 0
198.9 msec : 0
199.0 msec : 0
199.1 msec : 0
199.2 msec : 0
199.3 msec : 0
199.4 msec : 0
199.5 msec : 0
199.6 msec : 0
199.7 msec : 0
199.8 msec : 0
199.9 msec : 0
200.0 msec : 0
200.1 msec : 0
200.2 msec : 0
200.3 msec : 0
200.4 msec : 0
200.5 msec : 0
200.6 msec : 0
200.7 msec : 0
200.8 msec : 0
200.9 msec : 0
201.0 msec : 0
201.1 msec : 0
201.2 msec : 0
201.3 msec : 0
201.4 msec : 0
201.5 msec : 0
201.6 msec : 0
201.7 msec : 0
201.8 msec : 0
201.9 msec : 0
202.0 msec : 0
202.1 msec : 0
202.2 msec : 0
202.3 msec : 0
202.4 msec : 0
202.5 msec : 0
202.6 msec : 0
202.7 msec : 0
202.8 msec : 0
202.9 msec : 0
203.0 msec : 0
203.1 msec : 0
203.2 msec : 0
203.3 msec : 0
203.4 msec : 0
203.5 msec : 0
203.6 msec : 0
203.7 msec : 0
203.8 msec : 0
203.9 msec : 0
204.0 msec : 0
204.1 msec : 0
204.2 msec : 0
204.3 msec : 0
204.4 msec : 0
204.5 msec : 0
204.6 msec : 0
204.7 msec : 0
204.8 msec : 0
204.9 msec : 0
205.0 msec : 0
205.1 msec : 0
205.2 msec : 0
205.3 msec : 0
205.4 msec : 0
205.5 msec : 0
205.6 msec : 0
205.7 msec : 0
205.8 msec : 0
205.9 msec : 0
206.0 msec : 0
206.1 msec : 0
206.2 msec : 0
206.3 msec : 0
206.4 msec : 0
206.5 msec : 0
206.6 msec : 0
206.7 msec : 0
206.8 msec : 0
206.9 msec : 0
207.0 msec : 0
207.1 msec : 0
207.2 msec : 0
207.3 msec : 0
207.4 msec : 0
207.5 msec : 0
207.6 msec : 0
207.7 msec : 0
207.8 msec : 0
207.9 msec : 0
208.0 msec : 0
208.1 msec : 0
208.2 msec : 0
208.3 msec : 0
208.4 msec : 0
208.5 msec : 0
208.6 msec : 0
208.7 msec : 0
208.8 msec : 0
208.9 msec : 0
209.0 msec : 0
209.1 msec : 0
209.2 msec : 0
209.3 msec : 0
209.4 msec : 0
209.5 msec : 0
209.6 msec : 0
209.7 msec : 0
209.8 msec : 0
209.9 msec : 0
210.0 msec : 0
210.1 msec : 0
210.2 msec : 0
210.3 msec : 0
210.4 msec : 0
210.5 msec : 0
210.6 msec : 0
210.7 msec : 0
210.8 msec : 0
210.9 msec : 0
211.0 msec : 0
211.1 msec : 0
211.2 msec : 0
211.3 msec : 0
211.4 msec : 0
211.5 msec : 0
211.6 msec : 0
211.7 msec : 0
211.8 msec : 0
211.9 msec : 0
212.0 msec : 0
212.1 msec : 0
212.2 msec : 0
212.3 msec : 0
212.4 msec : 0
212.5 msec : 0
212.6 msec : 0
212.7 msec : 0
212.8 msec : 0
212.9 msec : 0
213.0 msec : 0
213.1 msec : 0
213.2 msec : 0
213.3 msec : 0
213.4 msec : 0
213.5 msec : 0
213.6 msec : 0
213.7 msec : 0
213.8 msec : 0
213.9 msec : 0
214.0 msec : 0
214.1 msec : 0
214.2 msec : 0
214.3 msec : 0
214.4 msec : 0
214.5 msec : 0
214.6 msec : 0
214.7 msec : 0
214.8 msec : 0
214.9 msec : 0
215.0 msec : 0
215.1 msec : 0
215.2 msec : 0
215.3 msec : 0
215.4 msec : 0
215.5 msec : 0
215.6 msec : 0
215.7 msec : 0
215.8 msec : 0
215.9 msec : 0
216.0 msec : 0
216.1 msec : 0
216.2 msec : 0
216.3 msec : 0
