Middleware started...
Middleware shuts down...
Smaller resolution statistics are in a log file...
Final aggregates per worker:


Worker 7
Average throughput (ops/sec) = 107
Average response time (msec) = 2.193007704918033
Average queue length = 0
Average wait time in queue (msec) = 0.05416885245901639
Average service time (msec) = 2.0180629180327867
Number of SET = 107
Number of GET = 0
Number of MULTI GET = 0


Worker 6
Average throughput (ops/sec) = 107
Average response time (msec) = 2.194355049180328
Average queue length = 0
Average wait time in queue (msec) = 0.05278703278688525
Average service time (msec) = 2.007797049180328
Number of SET = 107
Number of GET = 0
Number of MULTI GET = 0


Worker 8
Average throughput (ops/sec) = 108
Average response time (msec) = 2.171863704918033
Average queue length = 0
Average wait time in queue (msec) = 0.0468207868852459
Average service time (msec) = 2.000025
Number of SET = 108
Number of GET = 0
Number of MULTI GET = 0


Worker 3
Average throughput (ops/sec) = 108
Average response time (msec) = 2.1554724918032786
Average queue length = 0
Average wait time in queue (msec) = 0.050568311475409834
Average service time (msec) = 1.9885916557377048
Number of SET = 108
Number of GET = 0
Number of MULTI GET = 0


Worker 2
Average throughput (ops/sec) = 107
Average response time (msec) = 2.1952040163934425
Average queue length = 0
Average wait time in queue (msec) = 0.04996381967213115
Average service time (msec) = 2.022520081967213
Number of SET = 107
Number of GET = 0
Number of MULTI GET = 0


Worker 5
Average throughput (ops/sec) = 107
Average response time (msec) = 2.188839098360656
Average queue length = 0
Average wait time in queue (msec) = 0.050219934426229504
Average service time (msec) = 2.0017953278688525
Number of SET = 107
Number of GET = 0
Number of MULTI GET = 0


Worker 4
Average throughput (ops/sec) = 106
Average response time (msec) = 2.2050438032786883
Average queue length = 0
Average wait time in queue (msec) = 0.056239344262295085
Average service time (msec) = 2.0111119344262294
Number of SET = 106
Number of GET = 0
Number of MULTI GET = 0


Worker 1
Average throughput (ops/sec) = 107
Average response time (msec) = 2.185832737704918
Average queue length = 0
Average wait time in queue (msec) = 0.051035918032786884
Average service time (msec) = 2.009992950819672
Number of SET = 107
Number of GET = 0
Number of MULTI GET = 0


FINAL STATS
Average throughput (ops/sec) = 857
Average response time (msec) = 2.1541671996041036
Average queue length = 0
Average wait time in queue (msec) = 0.0514755
Average service time (msec) = 2.0074871147540985
Number of SET = 107
Number of GET = 0
Number of MULTI GET = 0
Number of Cache misses = 0


Histogram response times (0.1 msec step)
0.0 msec : 271
0.1 msec : 2290
0.2 msec : 5277
0.3 msec : 6864
0.4 msec : 6636
0.5 msec : 5746
0.6 msec : 4774
0.7 msec : 3996
0.8 msec : 3219
0.9 msec : 2601
1.0 msec : 2017
1.1 msec : 1513
1.2 msec : 1221
1.3 msec : 966
1.4 msec : 850
1.5 msec : 596
1.6 msec : 487
1.7 msec : 380
1.8 msec : 310
1.9 msec : 241
2.0 msec : 251
2.1 msec : 159
2.2 msec : 124
2.3 msec : 113
2.4 msec : 97
2.5 msec : 99
2.6 msec : 86
2.7 msec : 81
2.8 msec : 75
2.9 msec : 69
3.0 msec : 49
3.1 msec : 48
3.2 msec : 44
3.3 msec : 36
3.4 msec : 37
3.5 msec : 36
3.6 msec : 53
3.7 msec : 36
3.8 msec : 45
3.9 msec : 39
4.0 msec : 30
4.1 msec : 23
4.2 msec : 22
4.3 msec : 18
4.4 msec : 32
4.5 msec : 24
4.6 msec : 23
4.7 msec : 26
4.8 msec : 21
4.9 msec : 15
5.0 msec : 13
5.1 msec : 10
5.2 msec : 10
5.3 msec : 15
5.4 msec : 5
5.5 msec : 8
5.6 msec : 18
5.7 msec : 13
5.8 msec : 12
5.9 msec : 16
6.0 msec : 14
6.1 msec : 19
6.2 msec : 12
6.3 msec : 18
6.4 msec : 11
6.5 msec : 9
6.6 msec : 18
6.7 msec : 17
6.8 msec : 18
6.9 msec : 13
7.0 msec : 8
7.1 msec : 12
7.2 msec : 8
7.3 msec : 15
7.4 msec : 14
7.5 msec : 9
7.6 msec : 13
7.7 msec : 11
7.8 msec : 7
7.9 msec : 7
8.0 msec : 5
8.1 msec : 6
8.2 msec : 5
8.3 msec : 5
8.4 msec : 4
8.5 msec : 2
8.6 msec : 6
8.7 msec : 5
8.8 msec : 2
8.9 msec : 1
9.0 msec : 4
9.1 msec : 1
9.2 msec : 1
9.3 msec : 1
9.4 msec : 2
9.5 msec : 3
9.6 msec : 0
9.7 msec : 0
9.8 msec : 1
9.9 msec : 1
10.0 msec : 3
10.1 msec : 0
10.2 msec : 0
10.3 msec : 0
10.4 msec : 1
10.5 msec : 0
10.6 msec : 1
10.7 msec : 2
10.8 msec : 0
10.9 msec : 0
11.0 msec : 0
11.1 msec : 1
11.2 msec : 0
11.3 msec : 1
11.4 msec : 0
11.5 msec : 0
11.6 msec : 0
11.7 msec : 1
11.8 msec : 0
11.9 msec : 0
12.0 msec : 0
12.1 msec : 1
12.2 msec : 0
12.3 msec : 0
12.4 msec : 0
12.5 msec : 0
12.6 msec : 0
12.7 msec : 0
12.8 msec : 0
12.9 msec : 0
13.0 msec : 0
13.1 msec : 0
13.2 msec : 1
13.3 msec : 0
13.4 msec : 0
13.5 msec : 0
13.6 msec : 0
13.7 msec : 1
13.8 msec : 0
13.9 msec : 0
14.0 msec : 0
14.1 msec : 0
14.2 msec : 0
14.3 msec : 1
14.4 msec : 0
14.5 msec : 0
14.6 msec : 1
14.7 msec : 0
14.8 msec : 0
14.9 msec : 0
15.0 msec : 0
15.1 msec : 0
15.2 msec : 0
15.3 msec : 0
15.4 msec : 0
15.5 msec : 1
15.6 msec : 0
15.7 msec : 0
15.8 msec : 0
15.9 msec : 0
16.0 msec : 0
16.1 msec : 0
16.2 msec : 0
16.3 msec : 0
16.4 msec : 0
16.5 msec : 0
16.6 msec : 0
16.7 msec : 0
16.8 msec : 0
16.9 msec : 0
17.0 msec : 1
17.1 msec : 0
17.2 msec : 0
17.3 msec : 0
17.4 msec : 0
17.5 msec : 0
17.6 msec : 0
17.7 msec : 0
17.8 msec : 0
17.9 msec : 0
18.0 msec : 0
18.1 msec : 0
18.2 msec : 1
18.3 msec : 0
18.4 msec : 0
18.5 msec : 0
18.6 msec : 0
18.7 msec : 0
18.8 msec : 0
18.9 msec : 0
19.0 msec : 1
19.1 msec : 0
19.2 msec : 0
19.3 msec : 0
19.4 msec : 0
19.5 msec : 0
19.6 msec : 0
19.7 msec : 1
19.8 msec : 1
19.9 msec : 0
20.0 msec : 1
20.1 msec : 0
20.2 msec : 0
20.3 msec : 0
20.4 msec : 0
20.5 msec : 0
20.6 msec : 0
20.7 msec : 0
20.8 msec : 0
20.9 msec : 0
21.0 msec : 1
21.1 msec : 0
21.2 msec : 0
21.3 msec : 0
21.4 msec : 0
21.5 msec : 0
21.6 msec : 0
21.7 msec : 0
21.8 msec : 0
21.9 msec : 0
22.0 msec : 0
22.1 msec : 0
22.2 msec : 0
22.3 msec : 0
22.4 msec : 0
22.5 msec : 0
22.6 msec : 0
22.7 msec : 1
22.8 msec : 0
22.9 msec : 0
23.0 msec : 0
23.1 msec : 1
23.2 msec : 0
23.3 msec : 0
23.4 msec : 1
23.5 msec : 0
23.6 msec : 0
23.7 msec : 0
23.8 msec : 0
23.9 msec : 0
24.0 msec : 0
24.1 msec : 0
24.2 msec : 0
24.3 msec : 0
24.4 msec : 0
24.5 msec : 0
24.6 msec : 0
24.7 msec : 0
24.8 msec : 0
24.9 msec : 0
25.0 msec : 0
25.1 msec : 2
25.2 msec : 0
25.3 msec : 0
25.4 msec : 0
25.5 msec : 0
25.6 msec : 0
25.7 msec : 0
25.8 msec : 0
25.9 msec : 0
26.0 msec : 0
26.1 msec : 0
26.2 msec : 0
26.3 msec : 0
26.4 msec : 0
26.5 msec : 0
26.6 msec : 0
26.7 msec : 0
26.8 msec : 1
26.9 msec : 0
27.0 msec : 0
27.1 msec : 0
27.2 msec : 0
27.3 msec : 0
27.4 msec : 1
27.5 msec : 0
27.6 msec : 0
27.7 msec : 0
27.8 msec : 0
27.9 msec : 0
28.0 msec : 0
28.1 msec : 0
28.2 msec : 0
28.3 msec : 0
28.4 msec : 0
28.5 msec : 0
28.6 msec : 0
28.7 msec : 0
28.8 msec : 1
28.9 msec : 0
29.0 msec : 0
29.1 msec : 0
29.2 msec : 0
29.3 msec : 0
29.4 msec : 0
29.5 msec : 0
29.6 msec : 0
29.7 msec : 0
29.8 msec : 0
29.9 msec : 1
30.0 msec : 0
30.1 msec : 0
30.2 msec : 0
30.3 msec : 0
30.4 msec : 0
30.5 msec : 0
30.6 msec : 0
30.7 msec : 0
30.8 msec : 1
30.9 msec : 0
31.0 msec : 0
31.1 msec : 0
31.2 msec : 0
31.3 msec : 0
31.4 msec : 0
31.5 msec : 0
31.6 msec : 0
31.7 msec : 1
31.8 msec : 0
31.9 msec : 0
32.0 msec : 0
32.1 msec : 0
32.2 msec : 0
32.3 msec : 0
32.4 msec : 0
32.5 msec : 0
32.6 msec : 0
32.7 msec : 0
32.8 msec : 0
32.9 msec : 0
33.0 msec : 0
33.1 msec : 0
33.2 msec : 0
33.3 msec : 0
33.4 msec : 0
33.5 msec : 0
33.6 msec : 0
33.7 msec : 0
33.8 msec : 0
33.9 msec : 0
34.0 msec : 0
34.1 msec : 0
34.2 msec : 0
34.3 msec : 0
34.4 msec : 0
34.5 msec : 0
34.6 msec : 0
34.7 msec : 1
34.8 msec : 0
34.9 msec : 0
35.0 msec : 0
35.1 msec : 0
35.2 msec : 0
35.3 msec : 0
35.4 msec : 0
35.5 msec : 0
35.6 msec : 0
35.7 msec : 0
35.8 msec : 0
35.9 msec : 0
36.0 msec : 0
36.1 msec : 0
36.2 msec : 0
36.3 msec : 0
36.4 msec : 0
36.5 msec : 0
36.6 msec : 0
36.7 msec : 0
36.8 msec : 0
36.9 msec : 0
37.0 msec : 0
37.1 msec : 0
37.2 msec : 0
37.3 msec : 0
37.4 msec : 0
37.5 msec : 0
37.6 msec : 0
37.7 msec : 0
37.8 msec : 0
37.9 msec : 0
38.0 msec : 0
38.1 msec : 0
38.2 msec : 0
38.3 msec : 0
38.4 msec : 0
38.5 msec : 0
38.6 msec : 0
38.7 msec : 0
38.8 msec : 0
38.9 msec : 0
39.0 msec : 0
39.1 msec : 0
39.2 msec : 0
39.3 msec : 0
39.4 msec : 0
39.5 msec : 0
39.6 msec : 0
39.7 msec : 0
39.8 msec : 0
39.9 msec : 0
40.0 msec : 0
40.1 msec : 0
40.2 msec : 1
40.3 msec : 0
40.4 msec : 0
40.5 msec : 0
40.6 msec : 0
40.7 msec : 0
40.8 msec : 0
40.9 msec : 0
41.0 msec : 2
41.1 msec : 0
41.2 msec : 0
41.3 msec : 1
41.4 msec : 0
41.5 msec : 0
41.6 msec : 0
41.7 msec : 0
41.8 msec : 0
41.9 msec : 0
42.0 msec : 0
42.1 msec : 0
42.2 msec : 0
42.3 msec : 0
42.4 msec : 0
42.5 msec : 0
42.6 msec : 0
42.7 msec : 0
42.8 msec : 0
42.9 msec : 1
43.0 msec : 0
43.1 msec : 1
43.2 msec : 0
43.3 msec : 0
43.4 msec : 0
43.5 msec : 0
43.6 msec : 0
43.7 msec : 0
43.8 msec : 0
43.9 msec : 0
44.0 msec : 0
44.1 msec : 0
44.2 msec : 0
44.3 msec : 0
44.4 msec : 0
44.5 msec : 0
44.6 msec : 0
44.7 msec : 0
44.8 msec : 0
44.9 msec : 0
45.0 msec : 0
45.1 msec : 0
45.2 msec : 0
45.3 msec : 0
45.4 msec : 0
45.5 msec : 1
45.6 msec : 0
45.7 msec : 0
45.8 msec : 0
45.9 msec : 0
46.0 msec : 0
46.1 msec : 0
46.2 msec : 0
46.3 msec : 0
46.4 msec : 0
46.5 msec : 0
46.6 msec : 0
46.7 msec : 0
46.8 msec : 0
46.9 msec : 0
47.0 msec : 0
47.1 msec : 0
47.2 msec : 0
47.3 msec : 0
47.4 msec : 0
47.5 msec : 0
47.6 msec : 0
47.7 msec : 0
47.8 msec : 0
47.9 msec : 0
48.0 msec : 0
48.1 msec : 0
48.2 msec : 0
48.3 msec : 0
48.4 msec : 0
48.5 msec : 0
48.6 msec : 0
48.7 msec : 0
48.8 msec : 0
48.9 msec : 0
49.0 msec : 0
49.1 msec : 0
49.2 msec : 0
49.3 msec : 0
49.4 msec : 0
49.5 msec : 0
49.6 msec : 0
49.7 msec : 0
49.8 msec : 0
49.9 msec : 0
50.0 msec : 0
50.1 msec : 0
50.2 msec : 0
50.3 msec : 1
50.4 msec : 0
50.5 msec : 1
50.6 msec : 0
50.7 msec : 0
50.8 msec : 0
50.9 msec : 0
51.0 msec : 0
51.1 msec : 0
51.2 msec : 0
51.3 msec : 0
51.4 msec : 0
51.5 msec : 0
51.6 msec : 0
51.7 msec : 0
51.8 msec : 0
