Middleware started...
Middleware shuts down...
Smaller resolution statistics are in a log file...
Final aggregates per worker:


Worker 7
Average throughput (ops/sec) = 191
Average response time (msec) = 10.707550571428571
Average queue length = 8
Average wait time in queue (msec) = 4.948927142857142
Average service time (msec) = 3.7479017142857143
Number of SET = 191
Number of GET = 0
Number of MULTI GET = 0


Worker 6
Average throughput (ops/sec) = 194
Average response time (msec) = 10.455831
Average queue length = 8
Average wait time in queue (msec) = 4.979228857142857
Average service time (msec) = 3.681883857142857
Number of SET = 194
Number of GET = 0
Number of MULTI GET = 0


Worker 8
Average throughput (ops/sec) = 194
Average response time (msec) = 10.120856
Average queue length = 7
Average wait time in queue (msec) = 4.877273714285715
Average service time (msec) = 3.718998
Number of SET = 194
Number of GET = 0
Number of MULTI GET = 0


Worker 3
Average throughput (ops/sec) = 196
Average response time (msec) = 10.263916285714286
Average queue length = 8
Average wait time in queue (msec) = 4.985336714285714
Average service time (msec) = 3.6430518571428574
Number of SET = 196
Number of GET = 0
Number of MULTI GET = 0


Worker 2
Average throughput (ops/sec) = 193
Average response time (msec) = 9.75661442857143
Average queue length = 8
Average wait time in queue (msec) = 4.908888
Average service time (msec) = 3.881720285714286
Number of SET = 193
Number of GET = 0
Number of MULTI GET = 0


Worker 5
Average throughput (ops/sec) = 197
Average response time (msec) = 9.609752285714286
Average queue length = 8
Average wait time in queue (msec) = 5.017832428571428
Average service time (msec) = 3.868705142857143
Number of SET = 197
Number of GET = 0
Number of MULTI GET = 0


Worker 4
Average throughput (ops/sec) = 193
Average response time (msec) = 10.286745142857143
Average queue length = 8
Average wait time in queue (msec) = 4.983335571428571
Average service time (msec) = 4.096124
Number of SET = 193
Number of GET = 0
Number of MULTI GET = 0


Worker 1
Average throughput (ops/sec) = 192
Average response time (msec) = 9.68100657142857
Average queue length = 9
Average wait time in queue (msec) = 5.345491857142857
Average service time (msec) = 3.395591571428571
Number of SET = 192
Number of GET = 0
Number of MULTI GET = 0


FINAL STATS
Average throughput (ops/sec) = 1550
Average response time (msec) = 10.135461233682662
Average queue length = 8
Average wait time in queue (msec) = 5.005789285714285
Average service time (msec) = 3.7542470535714285
Number of SET = 193
Number of GET = 0
Number of MULTI GET = 0
Number of Cache misses = 0


Histogram response times (0.1 msec step)
0.0 msec : 6
0.1 msec : 10
0.2 msec : 17
0.3 msec : 28
0.4 msec : 33
0.5 msec : 26
0.6 msec : 20
0.7 msec : 26
0.8 msec : 13
0.9 msec : 18
1.0 msec : 19
1.1 msec : 15
1.2 msec : 9
1.3 msec : 13
1.4 msec : 13
1.5 msec : 9
1.6 msec : 14
1.7 msec : 15
1.8 msec : 13
1.9 msec : 13
2.0 msec : 15
2.1 msec : 18
2.2 msec : 17
2.3 msec : 31
2.4 msec : 37
2.5 msec : 46
2.6 msec : 50
2.7 msec : 67
2.8 msec : 75
2.9 msec : 87
3.0 msec : 83
3.1 msec : 103
3.2 msec : 146
3.3 msec : 169
3.4 msec : 162
3.5 msec : 177
3.6 msec : 179
3.7 msec : 174
3.8 msec : 135
3.9 msec : 156
4.0 msec : 148
4.1 msec : 139
4.2 msec : 146
4.3 msec : 138
4.4 msec : 131
4.5 msec : 129
4.6 msec : 107
4.7 msec : 95
4.8 msec : 92
4.9 msec : 83
5.0 msec : 76
5.1 msec : 66
5.2 msec : 67
5.3 msec : 67
5.4 msec : 66
5.5 msec : 64
5.6 msec : 63
5.7 msec : 68
5.8 msec : 60
5.9 msec : 47
6.0 msec : 31
6.1 msec : 36
6.2 msec : 34
6.3 msec : 43
6.4 msec : 35
6.5 msec : 32
6.6 msec : 34
6.7 msec : 40
6.8 msec : 38
6.9 msec : 29
7.0 msec : 42
7.1 msec : 33
7.2 msec : 42
7.3 msec : 44
7.4 msec : 32
7.5 msec : 32
7.6 msec : 33
7.7 msec : 25
7.8 msec : 24
7.9 msec : 27
8.0 msec : 26
8.1 msec : 36
8.2 msec : 22
8.3 msec : 28
8.4 msec : 28
8.5 msec : 38
8.6 msec : 41
8.7 msec : 41
8.8 msec : 48
8.9 msec : 66
9.0 msec : 69
9.1 msec : 84
9.2 msec : 117
9.3 msec : 124
9.4 msec : 142
9.5 msec : 158
9.6 msec : 144
9.7 msec : 150
9.8 msec : 169
9.9 msec : 142
10.0 msec : 154
10.1 msec : 199
10.2 msec : 173
10.3 msec : 175
10.4 msec : 170
10.5 msec : 163
10.6 msec : 176
10.7 msec : 178
10.8 msec : 142
10.9 msec : 167
11.0 msec : 142
11.1 msec : 133
11.2 msec : 139
11.3 msec : 119
11.4 msec : 103
11.5 msec : 100
11.6 msec : 88
11.7 msec : 73
11.8 msec : 66
11.9 msec : 72
12.0 msec : 62
12.1 msec : 63
12.2 msec : 57
12.3 msec : 60
12.4 msec : 61
12.5 msec : 57
12.6 msec : 54
12.7 msec : 54
12.8 msec : 36
12.9 msec : 38
13.0 msec : 40
13.1 msec : 37
13.2 msec : 24
13.3 msec : 32
13.4 msec : 23
13.5 msec : 21
13.6 msec : 19
13.7 msec : 19
13.8 msec : 22
13.9 msec : 25
14.0 msec : 18
14.1 msec : 20
14.2 msec : 12
14.3 msec : 13
14.4 msec : 20
14.5 msec : 10
14.6 msec : 11
14.7 msec : 15
14.8 msec : 16
14.9 msec : 7
15.0 msec : 19
15.1 msec : 13
15.2 msec : 14
15.3 msec : 8
15.4 msec : 8
15.5 msec : 6
15.6 msec : 8
15.7 msec : 7
15.8 msec : 1
15.9 msec : 12
16.0 msec : 6
16.1 msec : 6
16.2 msec : 7
16.3 msec : 8
16.4 msec : 2
16.5 msec : 9
16.6 msec : 7
16.7 msec : 9
16.8 msec : 5
16.9 msec : 11
17.0 msec : 7
17.1 msec : 10
17.2 msec : 5
17.3 msec : 8
17.4 msec : 8
17.5 msec : 6
17.6 msec : 11
17.7 msec : 10
17.8 msec : 7
17.9 msec : 7
18.0 msec : 10
18.1 msec : 4
18.2 msec : 3
18.3 msec : 7
18.4 msec : 10
18.5 msec : 8
18.6 msec : 7
18.7 msec : 9
18.8 msec : 10
18.9 msec : 12
19.0 msec : 11
19.1 msec : 3
19.2 msec : 7
19.3 msec : 8
19.4 msec : 6
19.5 msec : 8
19.6 msec : 11
19.7 msec : 8
19.8 msec : 9
19.9 msec : 10
20.0 msec : 2
20.1 msec : 4
20.2 msec : 2
20.3 msec : 8
20.4 msec : 5
20.5 msec : 8
20.6 msec : 5
20.7 msec : 1
20.8 msec : 6
20.9 msec : 6
21.0 msec : 2
21.1 msec : 2
21.2 msec : 3
21.3 msec : 2
21.4 msec : 2
21.5 msec : 3
21.6 msec : 7
21.7 msec : 2
21.8 msec : 2
21.9 msec : 3
22.0 msec : 1
22.1 msec : 1
22.2 msec : 5
22.3 msec : 2
22.4 msec : 0
22.5 msec : 3
22.6 msec : 4
22.7 msec : 4
22.8 msec : 2
22.9 msec : 1
23.0 msec : 2
23.1 msec : 2
23.2 msec : 3
23.3 msec : 4
23.4 msec : 0
23.5 msec : 4
23.6 msec : 4
23.7 msec : 3
23.8 msec : 2
23.9 msec : 1
24.0 msec : 1
24.1 msec : 1
24.2 msec : 4
24.3 msec : 1
24.4 msec : 4
24.5 msec : 3
24.6 msec : 2
24.7 msec : 3
24.8 msec : 2
24.9 msec : 3
25.0 msec : 0
25.1 msec : 4
25.2 msec : 4
25.3 msec : 1
25.4 msec : 0
25.5 msec : 1
25.6 msec : 3
25.7 msec : 2
25.8 msec : 2
25.9 msec : 1
26.0 msec : 4
26.1 msec : 1
26.2 msec : 2
26.3 msec : 3
26.4 msec : 3
26.5 msec : 3
26.6 msec : 2
26.7 msec : 2
26.8 msec : 3
26.9 msec : 1
27.0 msec : 4
27.1 msec : 2
27.2 msec : 1
27.3 msec : 3
27.4 msec : 0
27.5 msec : 0
27.6 msec : 1
27.7 msec : 1
27.8 msec : 4
27.9 msec : 4
28.0 msec : 4
28.1 msec : 1
28.2 msec : 0
28.3 msec : 4
28.4 msec : 3
28.5 msec : 1
28.6 msec : 1
28.7 msec : 4
28.8 msec : 1
28.9 msec : 1
29.0 msec : 2
29.1 msec : 0
29.2 msec : 0
29.3 msec : 0
29.4 msec : 2
29.5 msec : 0
29.6 msec : 1
29.7 msec : 0
29.8 msec : 0
29.9 msec : 0
30.0 msec : 0
30.1 msec : 0
30.2 msec : 0
30.3 msec : 1
30.4 msec : 0
30.5 msec : 0
30.6 msec : 0
30.7 msec : 0
30.8 msec : 0
30.9 msec : 0
31.0 msec : 0
31.1 msec : 0
31.2 msec : 0
31.3 msec : 1
31.4 msec : 1
31.5 msec : 0
31.6 msec : 1
31.7 msec : 0
31.8 msec : 1
31.9 msec : 1
32.0 msec : 1
32.1 msec : 0
32.2 msec : 0
32.3 msec : 0
32.4 msec : 0
32.5 msec : 0
32.6 msec : 0
32.7 msec : 1
32.8 msec : 1
32.9 msec : 0
33.0 msec : 0
33.1 msec : 0
33.2 msec : 1
33.3 msec : 1
33.4 msec : 1
33.5 msec : 1
33.6 msec : 0
33.7 msec : 0
33.8 msec : 0
33.9 msec : 0
34.0 msec : 0
34.1 msec : 0
34.2 msec : 0
34.3 msec : 0
34.4 msec : 1
34.5 msec : 0
34.6 msec : 0
34.7 msec : 1
34.8 msec : 0
34.9 msec : 0
35.0 msec : 0
35.1 msec : 0
35.2 msec : 0
35.3 msec : 0
35.4 msec : 0
35.5 msec : 0
35.6 msec : 0
35.7 msec : 0
35.8 msec : 0
35.9 msec : 0
36.0 msec : 0
36.1 msec : 1
36.2 msec : 0
36.3 msec : 0
36.4 msec : 0
36.5 msec : 0
36.6 msec : 1
36.7 msec : 0
36.8 msec : 0
36.9 msec : 1
37.0 msec : 0
37.1 msec : 0
37.2 msec : 1
37.3 msec : 0
37.4 msec : 0
37.5 msec : 0
37.6 msec : 0
37.7 msec : 3
37.8 msec : 0
37.9 msec : 0
38.0 msec : 0
38.1 msec : 0
38.2 msec : 0
38.3 msec : 1
38.4 msec : 0
38.5 msec : 0
38.6 msec : 0
38.7 msec : 0
38.8 msec : 0
38.9 msec : 0
39.0 msec : 0
39.1 msec : 0
39.2 msec : 0
39.3 msec : 0
39.4 msec : 0
39.5 msec : 0
39.6 msec : 1
39.7 msec : 0
39.8 msec : 0
39.9 msec : 0
40.0 msec : 0
40.1 msec : 0
40.2 msec : 0
40.3 msec : 0
40.4 msec : 0
40.5 msec : 1
40.6 msec : 0
40.7 msec : 0
40.8 msec : 0
40.9 msec : 0
41.0 msec : 0
41.1 msec : 0
41.2 msec : 0
41.3 msec : 0
41.4 msec : 0
41.5 msec : 0
41.6 msec : 0
41.7 msec : 0
41.8 msec : 0
41.9 msec : 0
42.0 msec : 0
42.1 msec : 0
42.2 msec : 0
42.3 msec : 0
42.4 msec : 0
42.5 msec : 0
42.6 msec : 0
42.7 msec : 0
42.8 msec : 2
42.9 msec : 0
43.0 msec : 2
43.1 msec : 0
43.2 msec : 1
43.3 msec : 2
43.4 msec : 0
43.5 msec : 2
43.6 msec : 1
43.7 msec : 0
43.8 msec : 0
43.9 msec : 0
44.0 msec : 1
44.1 msec : 2
44.2 msec : 2
44.3 msec : 2
44.4 msec : 1
44.5 msec : 0
44.6 msec : 0
44.7 msec : 2
44.8 msec : 1
44.9 msec : 1
45.0 msec : 0
45.1 msec : 0
45.2 msec : 0
45.3 msec : 0
45.4 msec : 0
45.5 msec : 1
45.6 msec : 0
45.7 msec : 0
45.8 msec : 0
45.9 msec : 1
46.0 msec : 0
46.1 msec : 0
46.2 msec : 0
46.3 msec : 0
46.4 msec : 0
46.5 msec : 0
46.6 msec : 2
46.7 msec : 0
46.8 msec : 0
46.9 msec : 2
47.0 msec : 2
47.1 msec : 1
47.2 msec : 1
47.3 msec : 1
47.4 msec : 0
47.5 msec : 0
47.6 msec : 0
47.7 msec : 0
47.8 msec : 0
47.9 msec : 0
48.0 msec : 0
48.1 msec : 0
48.2 msec : 0
48.3 msec : 2
48.4 msec : 1
48.5 msec : 1
48.6 msec : 1
48.7 msec : 2
48.8 msec : 0
48.9 msec : 0
49.0 msec : 0
49.1 msec : 1
49.2 msec : 0
49.3 msec : 0
49.4 msec : 0
49.5 msec : 0
49.6 msec : 0
49.7 msec : 0
49.8 msec : 0
49.9 msec : 0
50.0 msec : 0
50.1 msec : 0
50.2 msec : 0
50.3 msec : 0
50.4 msec : 0
50.5 msec : 0
50.6 msec : 0
50.7 msec : 0
50.8 msec : 0
50.9 msec : 0
51.0 msec : 0
51.1 msec : 1
51.2 msec : 0
51.3 msec : 0
51.4 msec : 0
51.5 msec : 0
51.6 msec : 0
51.7 msec : 0
51.8 msec : 0
51.9 msec : 0
52.0 msec : 1
52.1 msec : 0
52.2 msec : 0
52.3 msec : 0
52.4 msec : 0
52.5 msec : 0
52.6 msec : 0
52.7 msec : 0
52.8 msec : 0
52.9 msec : 0
53.0 msec : 0
53.1 msec : 0
53.2 msec : 0
53.3 msec : 0
53.4 msec : 0
53.5 msec : 0
53.6 msec : 0
53.7 msec : 0
53.8 msec : 0
53.9 msec : 0
54.0 msec : 0
54.1 msec : 1
54.2 msec : 0
54.3 msec : 1
54.4 msec : 1
54.5 msec : 0
54.6 msec : 1
54.7 msec : 0
54.8 msec : 1
54.9 msec : 0
55.0 msec : 0
55.1 msec : 0
55.2 msec : 1
55.3 msec : 0
55.4 msec : 0
55.5 msec : 0
55.6 msec : 0
55.7 msec : 0
55.8 msec : 1
55.9 msec : 0
56.0 msec : 0
56.1 msec : 1
56.2 msec : 0
56.3 msec : 0
56.4 msec : 0
56.5 msec : 0
56.6 msec : 0
56.7 msec : 0
56.8 msec : 0
56.9 msec : 0
57.0 msec : 0
57.1 msec : 0
57.2 msec : 0
57.3 msec : 0
57.4 msec : 0
57.5 msec : 0
57.6 msec : 0
57.7 msec : 0
57.8 msec : 1
57.9 msec : 1
58.0 msec : 0
58.1 msec : 0
58.2 msec : 0
58.3 msec : 0
58.4 msec : 2
58.5 msec : 3
58.6 msec : 0
58.7 msec : 1
58.8 msec : 2
58.9 msec : 0
59.0 msec : 0
59.1 msec : 0
59.2 msec : 0
59.3 msec : 0
59.4 msec : 0
59.5 msec : 0
59.6 msec : 0
59.7 msec : 0
59.8 msec : 0
59.9 msec : 0
60.0 msec : 0
60.1 msec : 0
60.2 msec : 0
60.3 msec : 0
60.4 msec : 0
60.5 msec : 0
60.6 msec : 0
60.7 msec : 0
60.8 msec : 1
60.9 msec : 0
61.0 msec : 1
61.1 msec : 1
61.2 msec : 0
61.3 msec : 0
61.4 msec : 0
61.5 msec : 0
61.6 msec : 0
61.7 msec : 0
61.8 msec : 1
61.9 msec : 0
62.0 msec : 0
62.1 msec : 0
62.2 msec : 0
62.3 msec : 0
62.4 msec : 1
