Middleware started...
Middleware shuts down...
Smaller resolution statistics are in a log file...
Final aggregates per worker:


Worker 46
Average throughput (ops/sec) = 130
Average response time (msec) = 4.53963631147541
Average queue length = 9
Average wait time in queue (msec) = 0.6309282459016393
Average service time (msec) = 3.6654374590163936
Number of SET = 130
Number of GET = 0
Number of MULTI GET = 0


Worker 47
Average throughput (ops/sec) = 130
Average response time (msec) = 4.682376524590164
Average queue length = 8
Average wait time in queue (msec) = 0.702288393442623
Average service time (msec) = 3.7261945245901638
Number of SET = 130
Number of GET = 0
Number of MULTI GET = 0


Worker 48
Average throughput (ops/sec) = 132
Average response time (msec) = 4.6086013770491805
Average queue length = 9
Average wait time in queue (msec) = 0.6851360983606557
Average service time (msec) = 3.6712722786885243
Number of SET = 132
Number of GET = 0
Number of MULTI GET = 0


Worker 49
Average throughput (ops/sec) = 132
Average response time (msec) = 4.618398754098361
Average queue length = 10
Average wait time in queue (msec) = 0.6907254098360656
Average service time (msec) = 3.683706475409836
Number of SET = 132
Number of GET = 0
Number of MULTI GET = 0


Worker 42
Average throughput (ops/sec) = 127
Average response time (msec) = 4.7220591147540985
Average queue length = 9
Average wait time in queue (msec) = 0.7061933606557377
Average service time (msec) = 3.776387262295082
Number of SET = 127
Number of GET = 0
Number of MULTI GET = 0


Worker 43
Average throughput (ops/sec) = 128
Average response time (msec) = 4.646610508196721
Average queue length = 11
Average wait time in queue (msec) = 0.6200527540983607
Average service time (msec) = 3.7818196885245903
Number of SET = 128
Number of GET = 0
Number of MULTI GET = 0


Worker 44
Average throughput (ops/sec) = 129
Average response time (msec) = 4.569056672131147
Average queue length = 11
Average wait time in queue (msec) = 0.6256495081967213
Average service time (msec) = 3.695923131147541
Number of SET = 129
Number of GET = 0
Number of MULTI GET = 0


Worker 45
Average throughput (ops/sec) = 126
Average response time (msec) = 4.638856524590164
Average queue length = 8
Average wait time in queue (msec) = 0.661246
Average service time (msec) = 3.7068221475409837
Number of SET = 126
Number of GET = 0
Number of MULTI GET = 0


Worker 50
Average throughput (ops/sec) = 129
Average response time (msec) = 4.713788163934426
Average queue length = 5
Average wait time in queue (msec) = 0.6977791639344263
Average service time (msec) = 3.770778655737705
Number of SET = 129
Number of GET = 0
Number of MULTI GET = 0


Worker 51
Average throughput (ops/sec) = 130
Average response time (msec) = 4.613235737704918
Average queue length = 11
Average wait time in queue (msec) = 0.6870695573770492
Average service time (msec) = 3.6598871147540986
Number of SET = 130
Number of GET = 0
Number of MULTI GET = 0


Worker 52
Average throughput (ops/sec) = 130
Average response time (msec) = 4.612486360655738
Average queue length = 8
Average wait time in queue (msec) = 0.6345724918032787
Average service time (msec) = 3.7352351147540985
Number of SET = 129
Number of GET = 0
Number of MULTI GET = 0


Worker 57
Average throughput (ops/sec) = 129
Average response time (msec) = 4.628638016393443
Average queue length = 9
Average wait time in queue (msec) = 0.7098813770491803
Average service time (msec) = 3.6882556885245905
Number of SET = 129
Number of GET = 0
Number of MULTI GET = 0


Worker 13
Average throughput (ops/sec) = 132
Average response time (msec) = 4.663943475409837
Average queue length = 4
Average wait time in queue (msec) = 0.7095606229508197
Average service time (msec) = 3.6575815573770494
Number of SET = 132
Number of GET = 0
Number of MULTI GET = 0


Worker 58
Average throughput (ops/sec) = 130
Average response time (msec) = 4.759974344262296
Average queue length = 7
Average wait time in queue (msec) = 0.7049755573770492
Average service time (msec) = 3.8045409836065573
Number of SET = 130
Number of GET = 0
Number of MULTI GET = 0


Worker 14
Average throughput (ops/sec) = 128
Average response time (msec) = 4.62507150819672
Average queue length = 5
Average wait time in queue (msec) = 0.662222655737705
Average service time (msec) = 3.695343852459016
Number of SET = 128
Number of GET = 0
Number of MULTI GET = 0


Worker 59
Average throughput (ops/sec) = 131
Average response time (msec) = 4.641016459016394
Average queue length = 6
Average wait time in queue (msec) = 0.7064632459016393
Average service time (msec) = 3.7007260491803278
Number of SET = 131
Number of GET = 0
Number of MULTI GET = 0


Worker 15
Average throughput (ops/sec) = 131
Average response time (msec) = 4.635773540983606
Average queue length = 4
Average wait time in queue (msec) = 0.6421175573770492
Average service time (msec) = 3.70059137704918
Number of SET = 131
Number of GET = 0
Number of MULTI GET = 0


Worker 16
Average throughput (ops/sec) = 128
Average response time (msec) = 4.731009327868853
Average queue length = 4
Average wait time in queue (msec) = 0.7114774262295083
Average service time (msec) = 3.7577258852459017
Number of SET = 128
Number of GET = 0
Number of MULTI GET = 0


Worker 53
Average throughput (ops/sec) = 131
Average response time (msec) = 4.652535557377049
Average queue length = 7
Average wait time in queue (msec) = 0.6723905573770492
Average service time (msec) = 3.7420400819672133
Number of SET = 131
Number of GET = 0
Number of MULTI GET = 0


Worker 54
Average throughput (ops/sec) = 131
Average response time (msec) = 4.621450213114755
Average queue length = 6
Average wait time in queue (msec) = 0.6624212459016393
Average service time (msec) = 3.705571868852459
Number of SET = 131
Number of GET = 0
Number of MULTI GET = 0


Worker 10
Average throughput (ops/sec) = 128
Average response time (msec) = 4.656303606557377
Average queue length = 5
Average wait time in queue (msec) = 0.6948278360655737
Average service time (msec) = 3.699190803278688
Number of SET = 128
Number of GET = 0
Number of MULTI GET = 0


Worker 55
Average throughput (ops/sec) = 130
Average response time (msec) = 4.7422207868852455
Average queue length = 9
Average wait time in queue (msec) = 0.7130400327868853
Average service time (msec) = 3.780306606557377
Number of SET = 130
Number of GET = 0
Number of MULTI GET = 0


Worker 11
Average throughput (ops/sec) = 129
Average response time (msec) = 4.767288803278689
Average queue length = 5
Average wait time in queue (msec) = 0.7093901639344262
Average service time (msec) = 3.789863180327869
Number of SET = 129
Number of GET = 0
Number of MULTI GET = 0


Worker 56
Average throughput (ops/sec) = 128
Average response time (msec) = 4.766851229508197
Average queue length = 7
Average wait time in queue (msec) = 0.6715297704918033
Average service time (msec) = 3.820198393442623
Number of SET = 128
Number of GET = 0
Number of MULTI GET = 0


Worker 12
Average throughput (ops/sec) = 130
Average response time (msec) = 4.689658836065574
Average queue length = 5
Average wait time in queue (msec) = 0.6729373934426229
Average service time (msec) = 3.699837426229508
Number of SET = 130
Number of GET = 0
Number of MULTI GET = 0


Worker 17
Average throughput (ops/sec) = 130
Average response time (msec) = 4.6625552131147545
Average queue length = 5
Average wait time in queue (msec) = 0.6680985737704918
Average service time (msec) = 3.6870819672131145
Number of SET = 130
Number of GET = 0
Number of MULTI GET = 0


Worker 18
Average throughput (ops/sec) = 131
Average response time (msec) = 4.621738901639344
Average queue length = 4
Average wait time in queue (msec) = 0.6727980983606557
Average service time (msec) = 3.677609180327869
Number of SET = 131
Number of GET = 0
Number of MULTI GET = 0


Worker 19
Average throughput (ops/sec) = 130
Average response time (msec) = 4.689049639344262
Average queue length = 4
Average wait time in queue (msec) = 0.7208106721311476
Average service time (msec) = 3.7125783606557374
Number of SET = 130
Number of GET = 0
Number of MULTI GET = 0


Worker 60
Average throughput (ops/sec) = 131
Average response time (msec) = 4.571243049180328
Average queue length = 7
Average wait time in queue (msec) = 0.6604834426229508
Average service time (msec) = 3.656334196721312
Number of SET = 131
Number of GET = 0
Number of MULTI GET = 0


Worker 61
Average throughput (ops/sec) = 129
Average response time (msec) = 4.638454508196721
Average queue length = 6
Average wait time in queue (msec) = 0.6862851803278689
Average service time (msec) = 3.7064588032786885
Number of SET = 129
Number of GET = 0
Number of MULTI GET = 0


Worker 62
Average throughput (ops/sec) = 131
Average response time (msec) = 4.697297
Average queue length = 8
Average wait time in queue (msec) = 0.7148364754098361
Average service time (msec) = 3.703965
Number of SET = 131
Number of GET = 0
Number of MULTI GET = 0


Worker 63
Average throughput (ops/sec) = 131
Average response time (msec) = 4.6279888524590165
Average queue length = 7
Average wait time in queue (msec) = 0.6556932295081968
Average service time (msec) = 3.7269272622950815
Number of SET = 131
Number of GET = 0
Number of MULTI GET = 0


Worker 24
Average throughput (ops/sec) = 129
Average response time (msec) = 4.643485540983606
Average queue length = 5
Average wait time in queue (msec) = 0.6439835409836066
Average service time (msec) = 3.719284737704918
Number of SET = 129
Number of GET = 0
Number of MULTI GET = 0


Worker 7
Average throughput (ops/sec) = 133
Average response time (msec) = 4.520948836065574
Average queue length = 5
Average wait time in queue (msec) = 0.6715361967213114
Average service time (msec) = 3.5704664098360657
Number of SET = 133
Number of GET = 0
Number of MULTI GET = 0


Worker 25
Average throughput (ops/sec) = 131
Average response time (msec) = 4.675488508196721
Average queue length = 4
Average wait time in queue (msec) = 0.6992889180327869
Average service time (msec) = 3.677109918032787
Number of SET = 131
Number of GET = 0
Number of MULTI GET = 0


Worker 6
Average throughput (ops/sec) = 131
Average response time (msec) = 4.775445098360656
Average queue length = 5
Average wait time in queue (msec) = 0.6670327049180328
Average service time (msec) = 3.735351475409836
Number of SET = 131
Number of GET = 0
Number of MULTI GET = 0


Worker 26
Average throughput (ops/sec) = 129
Average response time (msec) = 4.662540213114754
Average queue length = 6
Average wait time in queue (msec) = 0.6933419180327869
Average service time (msec) = 3.708856098360656
Number of SET = 129
Number of GET = 0
Number of MULTI GET = 0


Worker 9
Average throughput (ops/sec) = 133
Average response time (msec) = 4.650151114754099
Average queue length = 5
Average wait time in queue (msec) = 0.7075405245901639
Average service time (msec) = 3.674531081967213
Number of SET = 133
Number of GET = 0
Number of MULTI GET = 0


Worker 27
Average throughput (ops/sec) = 131
Average response time (msec) = 4.648013180327869
Average queue length = 5
Average wait time in queue (msec) = 0.718721918032787
Average service time (msec) = 3.6836722459016396
Number of SET = 131
Number of GET = 0
Number of MULTI GET = 0


Worker 8
Average throughput (ops/sec) = 129
Average response time (msec) = 4.640322622950819
Average queue length = 5
Average wait time in queue (msec) = 0.6682150655737704
Average service time (msec) = 3.6661493278688524
Number of SET = 129
Number of GET = 0
Number of MULTI GET = 0


Worker 64
Average throughput (ops/sec) = 129
Average response time (msec) = 4.679687590163934
Average queue length = 6
Average wait time in queue (msec) = 0.6578753770491803
Average service time (msec) = 3.8003401475409837
Number of SET = 129
Number of GET = 0
Number of MULTI GET = 0


Worker 20
Average throughput (ops/sec) = 128
Average response time (msec) = 4.6556139180327865
Average queue length = 5
Average wait time in queue (msec) = 0.7221270327868853
Average service time (msec) = 3.645796557377049
Number of SET = 128
Number of GET = 0
Number of MULTI GET = 0


Worker 3
Average throughput (ops/sec) = 131
Average response time (msec) = 4.5561657213114755
Average queue length = 4
Average wait time in queue (msec) = 0.7042928852459016
Average service time (msec) = 3.5729961147540985
Number of SET = 131
Number of GET = 0
Number of MULTI GET = 0


Worker 21
Average throughput (ops/sec) = 131
Average response time (msec) = 4.601771639344262
Average queue length = 6
Average wait time in queue (msec) = 0.7152070983606557
Average service time (msec) = 3.622503737704918
Number of SET = 131
Number of GET = 0
Number of MULTI GET = 0


Worker 2
Average throughput (ops/sec) = 130
Average response time (msec) = 4.660624459016394
Average queue length = 5
Average wait time in queue (msec) = 0.657941606557377
Average service time (msec) = 3.734782524590164
Number of SET = 130
Number of GET = 0
Number of MULTI GET = 0


Worker 22
Average throughput (ops/sec) = 130
Average response time (msec) = 4.595852590163934
Average queue length = 7
Average wait time in queue (msec) = 0.664313344262295
Average service time (msec) = 3.6798130327868854
Number of SET = 130
Number of GET = 0
Number of MULTI GET = 0


Worker 5
Average throughput (ops/sec) = 128
Average response time (msec) = 4.634681360655738
Average queue length = 5
Average wait time in queue (msec) = 0.6917042459016394
Average service time (msec) = 3.6768749016393443
Number of SET = 128
Number of GET = 0
Number of MULTI GET = 0


Worker 23
Average throughput (ops/sec) = 130
Average response time (msec) = 4.591490721311475
Average queue length = 4
Average wait time in queue (msec) = 0.6197784918032787
Average service time (msec) = 3.7095788852459015
Number of SET = 130
Number of GET = 0
Number of MULTI GET = 0


Worker 4
Average throughput (ops/sec) = 129
Average response time (msec) = 4.693450377049181
Average queue length = 5
Average wait time in queue (msec) = 0.7310601803278689
Average service time (msec) = 3.657421098360656
Number of SET = 129
Number of GET = 0
Number of MULTI GET = 0


Worker 28
Average throughput (ops/sec) = 129
Average response time (msec) = 4.665284967213115
Average queue length = 5
Average wait time in queue (msec) = 0.6636760655737705
Average service time (msec) = 3.7385491147540986
Number of SET = 129
Number of GET = 0
Number of MULTI GET = 0


Worker 29
Average throughput (ops/sec) = 132
Average response time (msec) = 4.582054721311475
Average queue length = 5
Average wait time in queue (msec) = 0.6668531475409837
Average service time (msec) = 3.6661918032786884
Number of SET = 132
Number of GET = 0
Number of MULTI GET = 0


Worker 1
Average throughput (ops/sec) = 131
Average response time (msec) = 4.534081540983606
Average queue length = 4
Average wait time in queue (msec) = 0.6669292131147541
Average service time (msec) = 3.5904325409836066
Number of SET = 131
Number of GET = 0
Number of MULTI GET = 0


Worker 30
Average throughput (ops/sec) = 131
Average response time (msec) = 4.691284344262296
Average queue length = 4
Average wait time in queue (msec) = 0.6804183442622951
Average service time (msec) = 3.748267229508197
Number of SET = 131
Number of GET = 0
Number of MULTI GET = 0


Worker 35
Average throughput (ops/sec) = 130
Average response time (msec) = 4.781748573770491
Average queue length = 6
Average wait time in queue (msec) = 0.778296180327869
Average service time (msec) = 3.7362575901639343
Number of SET = 130
Number of GET = 0
Number of MULTI GET = 0


Worker 36
Average throughput (ops/sec) = 130
Average response time (msec) = 4.675572409836066
Average queue length = 8
Average wait time in queue (msec) = 0.7274132459016394
Average service time (msec) = 3.673376557377049
Number of SET = 130
Number of GET = 0
Number of MULTI GET = 0


Worker 37
Average throughput (ops/sec) = 131
Average response time (msec) = 4.671616754098361
Average queue length = 6
Average wait time in queue (msec) = 0.7135642950819673
Average service time (msec) = 3.662192704918033
Number of SET = 131
Number of GET = 0
Number of MULTI GET = 0


Worker 38
Average throughput (ops/sec) = 131
Average response time (msec) = 4.6234945573770485
Average queue length = 8
Average wait time in queue (msec) = 0.7041580163934427
Average service time (msec) = 3.6613285901639343
Number of SET = 131
Number of GET = 0
Number of MULTI GET = 0


Worker 31
Average throughput (ops/sec) = 129
Average response time (msec) = 4.613660163934426
Average queue length = 5
Average wait time in queue (msec) = 0.6250811147540983
Average service time (msec) = 3.743993262295082
Number of SET = 129
Number of GET = 0
Number of MULTI GET = 0


Worker 32
Average throughput (ops/sec) = 132
Average response time (msec) = 4.627994836065573
Average queue length = 4
Average wait time in queue (msec) = 0.7069934262295082
Average service time (msec) = 3.691501557377049
Number of SET = 132
Number of GET = 0
Number of MULTI GET = 0


Worker 33
Average throughput (ops/sec) = 129
Average response time (msec) = 4.69364468852459
Average queue length = 4
Average wait time in queue (msec) = 0.6818810655737705
Average service time (msec) = 3.742219475409836
Number of SET = 129
Number of GET = 0
Number of MULTI GET = 0


Worker 34
Average throughput (ops/sec) = 128
Average response time (msec) = 4.630432721311475
Average queue length = 4
Average wait time in queue (msec) = 0.6726438852459017
Average service time (msec) = 3.708778
Number of SET = 128
Number of GET = 0
Number of MULTI GET = 0


Worker 39
Average throughput (ops/sec) = 129
Average response time (msec) = 4.696524459016394
Average queue length = 5
Average wait time in queue (msec) = 0.6495243934426229
Average service time (msec) = 3.824225049180328
Number of SET = 129
Number of GET = 0
Number of MULTI GET = 0


Worker 40
Average throughput (ops/sec) = 130
Average response time (msec) = 4.536912557377049
Average queue length = 8
Average wait time in queue (msec) = 0.6139830163934427
Average service time (msec) = 3.6616644590163934
Number of SET = 130
Number of GET = 0
Number of MULTI GET = 0


Worker 41
Average throughput (ops/sec) = 130
Average response time (msec) = 4.553891754098361
Average queue length = 8
Average wait time in queue (msec) = 0.6127639344262296
Average service time (msec) = 3.684992180327869
Number of SET = 130
Number of GET = 0
Number of MULTI GET = 0


FINAL STATS
Average throughput (ops/sec) = 8316
Average response time (msec) = 4.548376426731734
Average queue length = 6
Average wait time in queue (msec) = 0.6806566014344263
Average service time (msec) = 3.7039951685450823
Number of SET = 8315
Number of GET = 0
Number of MULTI GET = 0
Number of Cache misses = 0


Histogram response times (0.1 msec step)
0.0 msec : 138
0.1 msec : 1695
0.2 msec : 5339
0.3 msec : 10102
0.4 msec : 14797
0.5 msec : 18170
0.6 msec : 20574
0.7 msec : 21827
0.8 msec : 21172
0.9 msec : 19763
1.0 msec : 17966
1.1 msec : 15970
1.2 msec : 13632
1.3 msec : 11789
1.4 msec : 10477
1.5 msec : 9219
1.6 msec : 7875
1.7 msec : 6920
1.8 msec : 6084
1.9 msec : 5365
2.0 msec : 4816
2.1 msec : 4176
2.2 msec : 3558
2.3 msec : 3228
2.4 msec : 2959
2.5 msec : 2662
2.6 msec : 2472
2.7 msec : 2260
2.8 msec : 2385
2.9 msec : 2251
3.0 msec : 2071
3.1 msec : 1952
3.2 msec : 1656
3.3 msec : 1599
3.4 msec : 1566
3.5 msec : 1498
3.6 msec : 1528
3.7 msec : 1387
3.8 msec : 1466
3.9 msec : 1377
4.0 msec : 1455
4.1 msec : 1313
4.2 msec : 1330
4.3 msec : 1394
4.4 msec : 1322
4.5 msec : 1419
4.6 msec : 1467
4.7 msec : 1469
4.8 msec : 1511
4.9 msec : 1684
5.0 msec : 1836
5.1 msec : 1781
5.2 msec : 1801
5.3 msec : 2002
5.4 msec : 2418
5.5 msec : 3070
5.6 msec : 3839
5.7 msec : 4946
5.8 msec : 5960
5.9 msec : 6556
6.0 msec : 7366
6.1 msec : 7801
6.2 msec : 8053
6.3 msec : 8364
6.4 msec : 8121
6.5 msec : 8058
6.6 msec : 8214
6.7 msec : 8351
6.8 msec : 7779
6.9 msec : 7555
7.0 msec : 7194
7.1 msec : 6822
7.2 msec : 6079
7.3 msec : 5557
7.4 msec : 5118
7.5 msec : 4546
7.6 msec : 4122
7.7 msec : 3643
7.8 msec : 3229
7.9 msec : 2904
8.0 msec : 2654
8.1 msec : 2396
8.2 msec : 2278
8.3 msec : 2149
8.4 msec : 1894
8.5 msec : 1784
8.6 msec : 1563
8.7 msec : 1483
8.8 msec : 1372
8.9 msec : 1317
9.0 msec : 1218
9.1 msec : 1189
9.2 msec : 1022
9.3 msec : 967
9.4 msec : 896
9.5 msec : 841
9.6 msec : 713
9.7 msec : 721
9.8 msec : 722
9.9 msec : 705
10.0 msec : 651
10.1 msec : 634
10.2 msec : 629
10.3 msec : 602
10.4 msec : 441
10.5 msec : 493
10.6 msec : 441
10.7 msec : 399
10.8 msec : 412
10.9 msec : 407
11.0 msec : 395
11.1 msec : 409
11.2 msec : 378
11.3 msec : 363
11.4 msec : 349
11.5 msec : 339
11.6 msec : 339
11.7 msec : 322
11.8 msec : 295
11.9 msec : 305
12.0 msec : 318
12.1 msec : 272
12.2 msec : 260
12.3 msec : 252
12.4 msec : 200
12.5 msec : 218
12.6 msec : 223
12.7 msec : 206
12.8 msec : 183
12.9 msec : 159
13.0 msec : 163
13.1 msec : 144
13.2 msec : 145
13.3 msec : 116
13.4 msec : 114
13.5 msec : 127
13.6 msec : 108
13.7 msec : 116
13.8 msec : 98
13.9 msec : 91
14.0 msec : 95
14.1 msec : 106
14.2 msec : 86
14.3 msec : 73
14.4 msec : 80
14.5 msec : 89
14.6 msec : 82
14.7 msec : 46
14.8 msec : 48
14.9 msec : 64
15.0 msec : 65
15.1 msec : 72
15.2 msec : 64
15.3 msec : 76
15.4 msec : 73
15.5 msec : 66
15.6 msec : 66
15.7 msec : 77
15.8 msec : 93
15.9 msec : 81
16.0 msec : 78
16.1 msec : 84
16.2 msec : 91
16.3 msec : 68
16.4 msec : 77
16.5 msec : 73
16.6 msec : 55
16.7 msec : 50
16.8 msec : 47
16.9 msec : 51
17.0 msec : 45
17.1 msec : 49
17.2 msec : 62
17.3 msec : 36
17.4 msec : 47
17.5 msec : 36
17.6 msec : 47
17.7 msec : 44
17.8 msec : 42
17.9 msec : 36
18.0 msec : 37
18.1 msec : 62
18.2 msec : 47
18.3 msec : 56
18.4 msec : 43
18.5 msec : 54
18.6 msec : 44
18.7 msec : 51
18.8 msec : 59
18.9 msec : 35
19.0 msec : 33
19.1 msec : 44
19.2 msec : 32
19.3 msec : 35
19.4 msec : 29
19.5 msec : 29
19.6 msec : 37
19.7 msec : 36
19.8 msec : 39
19.9 msec : 30
20.0 msec : 29
20.1 msec : 27
20.2 msec : 23
20.3 msec : 21
20.4 msec : 20
20.5 msec : 16
20.6 msec : 20
20.7 msec : 22
20.8 msec : 18
20.9 msec : 21
21.0 msec : 18
21.1 msec : 17
21.2 msec : 37
21.3 msec : 18
21.4 msec : 19
21.5 msec : 22
21.6 msec : 22
21.7 msec : 18
21.8 msec : 26
21.9 msec : 18
22.0 msec : 22
22.1 msec : 14
22.2 msec : 15
22.3 msec : 14
22.4 msec : 12
22.5 msec : 13
22.6 msec : 15
22.7 msec : 22
22.8 msec : 17
22.9 msec : 17
23.0 msec : 7
23.1 msec : 21
23.2 msec : 11
23.3 msec : 15
23.4 msec : 10
23.5 msec : 13
23.6 msec : 11
23.7 msec : 12
23.8 msec : 15
23.9 msec : 11
24.0 msec : 12
24.1 msec : 11
24.2 msec : 10
24.3 msec : 8
24.4 msec : 10
24.5 msec : 4
24.6 msec : 15
24.7 msec : 13
24.8 msec : 9
24.9 msec : 10
25.0 msec : 11
25.1 msec : 6
25.2 msec : 11
25.3 msec : 9
25.4 msec : 8
25.5 msec : 4
25.6 msec : 11
25.7 msec : 6
25.8 msec : 9
25.9 msec : 19
26.0 msec : 20
26.1 msec : 29
26.2 msec : 11
26.3 msec : 20
26.4 msec : 13
26.5 msec : 17
26.6 msec : 18
26.7 msec : 6
26.8 msec : 8
26.9 msec : 9
27.0 msec : 8
27.1 msec : 11
27.2 msec : 9
27.3 msec : 4
27.4 msec : 5
27.5 msec : 9
27.6 msec : 7
27.7 msec : 8
27.8 msec : 14
27.9 msec : 14
28.0 msec : 8
28.1 msec : 11
28.2 msec : 15
28.3 msec : 8
28.4 msec : 7
28.5 msec : 9
28.6 msec : 9
28.7 msec : 8
28.8 msec : 7
28.9 msec : 11
29.0 msec : 8
29.1 msec : 10
29.2 msec : 8
29.3 msec : 6
29.4 msec : 12
29.5 msec : 9
29.6 msec : 8
29.7 msec : 9
29.8 msec : 9
29.9 msec : 6
30.0 msec : 7
30.1 msec : 6
30.2 msec : 10
30.3 msec : 9
30.4 msec : 12
30.5 msec : 12
30.6 msec : 7
30.7 msec : 3
30.8 msec : 11
30.9 msec : 6
31.0 msec : 9
31.1 msec : 3
31.2 msec : 10
31.3 msec : 6
31.4 msec : 5
31.5 msec : 4
31.6 msec : 2
31.7 msec : 7
31.8 msec : 5
31.9 msec : 4
32.0 msec : 5
32.1 msec : 1
32.2 msec : 4
32.3 msec : 4
32.4 msec : 7
32.5 msec : 4
32.6 msec : 5
32.7 msec : 1
32.8 msec : 6
32.9 msec : 4
33.0 msec : 11
33.1 msec : 4
33.2 msec : 7
33.3 msec : 10
33.4 msec : 4
33.5 msec : 7
33.6 msec : 7
33.7 msec : 4
33.8 msec : 6
33.9 msec : 2
34.0 msec : 3
34.1 msec : 4
34.2 msec : 3
34.3 msec : 3
34.4 msec : 6
34.5 msec : 2
34.6 msec : 1
34.7 msec : 3
34.8 msec : 7
34.9 msec : 7
35.0 msec : 2
35.1 msec : 2
35.2 msec : 1
35.3 msec : 1
35.4 msec : 1
35.5 msec : 3
35.6 msec : 3
35.7 msec : 5
35.8 msec : 3
35.9 msec : 6
36.0 msec : 5
36.1 msec : 3
36.2 msec : 4
36.3 msec : 4
36.4 msec : 6
36.5 msec : 6
36.6 msec : 4
36.7 msec : 7
36.8 msec : 6
36.9 msec : 3
37.0 msec : 2
37.1 msec : 4
37.2 msec : 9
37.3 msec : 6
37.4 msec : 1
37.5 msec : 9
37.6 msec : 5
37.7 msec : 4
37.8 msec : 8
37.9 msec : 3
38.0 msec : 5
38.1 msec : 0
38.2 msec : 3
38.3 msec : 3
38.4 msec : 3
38.5 msec : 3
38.6 msec : 6
38.7 msec : 0
38.8 msec : 4
38.9 msec : 4
39.0 msec : 2
39.1 msec : 3
39.2 msec : 1
39.3 msec : 2
39.4 msec : 1
39.5 msec : 1
39.6 msec : 1
39.7 msec : 1
39.8 msec : 4
39.9 msec : 2
40.0 msec : 2
40.1 msec : 1
40.2 msec : 5
40.3 msec : 3
40.4 msec : 2
40.5 msec : 1
40.6 msec : 2
40.7 msec : 4
40.8 msec : 2
40.9 msec : 1
41.0 msec : 5
41.1 msec : 1
41.2 msec : 4
41.3 msec : 4
41.4 msec : 5
41.5 msec : 0
41.6 msec : 1
41.7 msec : 1
41.8 msec : 0
41.9 msec : 1
42.0 msec : 2
42.1 msec : 5
42.2 msec : 1
42.3 msec : 3
42.4 msec : 2
42.5 msec : 2
42.6 msec : 2
42.7 msec : 1
42.8 msec : 6
42.9 msec : 2
43.0 msec : 5
43.1 msec : 3
43.2 msec : 4
43.3 msec : 3
43.4 msec : 2
43.5 msec : 1
43.6 msec : 3
43.7 msec : 2
43.8 msec : 2
43.9 msec : 3
44.0 msec : 4
44.1 msec : 3
44.2 msec : 5
44.3 msec : 4
44.4 msec : 5
44.5 msec : 7
44.6 msec : 5
44.7 msec : 7
44.8 msec : 4
44.9 msec : 6
45.0 msec : 4
45.1 msec : 2
45.2 msec : 2
45.3 msec : 4
45.4 msec : 4
45.5 msec : 1
45.6 msec : 4
45.7 msec : 1
45.8 msec : 3
45.9 msec : 5
46.0 msec : 6
46.1 msec : 4
46.2 msec : 5
46.3 msec : 4
46.4 msec : 1
46.5 msec : 2
46.6 msec : 1
46.7 msec : 4
46.8 msec : 2
46.9 msec : 2
47.0 msec : 1
47.1 msec : 2
47.2 msec : 5
47.3 msec : 6
47.4 msec : 3
47.5 msec : 6
47.6 msec : 1
47.7 msec : 2
47.8 msec : 3
47.9 msec : 3
48.0 msec : 4
48.1 msec : 3
48.2 msec : 3
48.3 msec : 4
48.4 msec : 4
48.5 msec : 7
48.6 msec : 5
48.7 msec : 4
48.8 msec : 6
48.9 msec : 4
49.0 msec : 6
49.1 msec : 5
49.2 msec : 2
49.3 msec : 2
49.4 msec : 1
49.5 msec : 2
49.6 msec : 0
49.7 msec : 3
49.8 msec : 1
49.9 msec : 1
50.0 msec : 0
50.1 msec : 1
50.2 msec : 3
50.3 msec : 0
50.4 msec : 1
50.5 msec : 0
50.6 msec : 0
50.7 msec : 1
50.8 msec : 0
50.9 msec : 0
51.0 msec : 0
51.1 msec : 0
51.2 msec : 1
51.3 msec : 2
51.4 msec : 1
51.5 msec : 1
51.6 msec : 1
51.7 msec : 0
51.8 msec : 4
51.9 msec : 3
52.0 msec : 2
52.1 msec : 0
52.2 msec : 3
52.3 msec : 2
52.4 msec : 2
52.5 msec : 5
52.6 msec : 4
52.7 msec : 4
52.8 msec : 1
52.9 msec : 2
53.0 msec : 2
53.1 msec : 0
53.2 msec : 2
53.3 msec : 0
53.4 msec : 1
53.5 msec : 3
53.6 msec : 2
53.7 msec : 1
53.8 msec : 2
53.9 msec : 1
54.0 msec : 1
54.1 msec : 3
54.2 msec : 2
54.3 msec : 1
54.4 msec : 1
54.5 msec : 0
54.6 msec : 2
54.7 msec : 3
54.8 msec : 0
54.9 msec : 1
55.0 msec : 1
55.1 msec : 0
55.2 msec : 1
55.3 msec : 0
55.4 msec : 2
55.5 msec : 1
55.6 msec : 1
55.7 msec : 1
55.8 msec : 0
55.9 msec : 0
56.0 msec : 2
56.1 msec : 1
56.2 msec : 0
56.3 msec : 0
56.4 msec : 0
56.5 msec : 2
56.6 msec : 3
56.7 msec : 0
56.8 msec : 0
56.9 msec : 1
57.0 msec : 5
57.1 msec : 1
57.2 msec : 2
57.3 msec : 2
57.4 msec : 2
57.5 msec : 3
57.6 msec : 1
57.7 msec : 2
57.8 msec : 3
57.9 msec : 1
58.0 msec : 2
58.1 msec : 1
58.2 msec : 1
58.3 msec : 1
58.4 msec : 0
58.5 msec : 4
58.6 msec : 2
58.7 msec : 1
58.8 msec : 1
58.9 msec : 3
59.0 msec : 0
59.1 msec : 1
59.2 msec : 6
59.3 msec : 3
59.4 msec : 0
59.5 msec : 1
59.6 msec : 1
59.7 msec : 3
59.8 msec : 2
59.9 msec : 4
60.0 msec : 2
60.1 msec : 1
60.2 msec : 1
60.3 msec : 0
60.4 msec : 1
60.5 msec : 0
60.6 msec : 1
60.7 msec : 0
60.8 msec : 0
60.9 msec : 0
61.0 msec : 0
61.1 msec : 0
61.2 msec : 0
61.3 msec : 2
61.4 msec : 0
61.5 msec : 1
61.6 msec : 4
61.7 msec : 3
61.8 msec : 4
61.9 msec : 0
62.0 msec : 5
62.1 msec : 1
62.2 msec : 3
62.3 msec : 1
62.4 msec : 1
62.5 msec : 2
62.6 msec : 1
62.7 msec : 1
62.8 msec : 1
62.9 msec : 1
63.0 msec : 0
63.1 msec : 0
63.2 msec : 1
63.3 msec : 2
63.4 msec : 1
63.5 msec : 1
63.6 msec : 0
63.7 msec : 0
63.8 msec : 0
63.9 msec : 1
64.0 msec : 2
64.1 msec : 1
64.2 msec : 0
64.3 msec : 0
64.4 msec : 1
64.5 msec : 0
64.6 msec : 0
64.7 msec : 0
64.8 msec : 1
64.9 msec : 0
65.0 msec : 0
65.1 msec : 0
65.2 msec : 0
65.3 msec : 0
65.4 msec : 0
65.5 msec : 1
65.6 msec : 0
65.7 msec : 0
65.8 msec : 0
65.9 msec : 0
66.0 msec : 0
66.1 msec : 0
66.2 msec : 1
66.3 msec : 0
66.4 msec : 0
66.5 msec : 0
66.6 msec : 0
66.7 msec : 1
66.8 msec : 0
66.9 msec : 0
67.0 msec : 1
67.1 msec : 1
67.2 msec : 1
67.3 msec : 2
67.4 msec : 1
67.5 msec : 0
67.6 msec : 0
67.7 msec : 1
67.8 msec : 0
67.9 msec : 0
68.0 msec : 1
68.1 msec : 0
68.2 msec : 0
68.3 msec : 0
68.4 msec : 0
68.5 msec : 1
68.6 msec : 0
68.7 msec : 0
68.8 msec : 0
68.9 msec : 1
69.0 msec : 0
69.1 msec : 0
69.2 msec : 0
69.3 msec : 0
69.4 msec : 0
69.5 msec : 0
69.6 msec : 0
69.7 msec : 0
69.8 msec : 0
69.9 msec : 1
70.0 msec : 0
70.1 msec : 0
70.2 msec : 0
70.3 msec : 0
70.4 msec : 1
70.5 msec : 0
70.6 msec : 0
70.7 msec : 0
70.8 msec : 0
70.9 msec : 0
71.0 msec : 0
71.1 msec : 0
71.2 msec : 0
71.3 msec : 1
71.4 msec : 0
71.5 msec : 0
71.6 msec : 0
71.7 msec : 0
71.8 msec : 0
71.9 msec : 1
72.0 msec : 0
72.1 msec : 0
72.2 msec : 1
72.3 msec : 0
72.4 msec : 0
72.5 msec : 0
72.6 msec : 0
72.7 msec : 0
72.8 msec : 2
72.9 msec : 1
73.0 msec : 1
73.1 msec : 1
73.2 msec : 1
73.3 msec : 0
73.4 msec : 0
73.5 msec : 0
73.6 msec : 1
73.7 msec : 1
73.8 msec : 1
73.9 msec : 1
74.0 msec : 0
74.1 msec : 0
74.2 msec : 0
74.3 msec : 0
74.4 msec : 0
74.5 msec : 0
74.6 msec : 1
74.7 msec : 1
74.8 msec : 0
74.9 msec : 2
75.0 msec : 1
75.1 msec : 2
75.2 msec : 0
75.3 msec : 0
75.4 msec : 2
75.5 msec : 0
75.6 msec : 0
75.7 msec : 1
75.8 msec : 1
75.9 msec : 0
76.0 msec : 1
76.1 msec : 1
76.2 msec : 1
76.3 msec : 0
76.4 msec : 0
76.5 msec : 0
76.6 msec : 0
76.7 msec : 0
76.8 msec : 0
76.9 msec : 0
77.0 msec : 0
77.1 msec : 0
77.2 msec : 0
77.3 msec : 0
77.4 msec : 0
77.5 msec : 0
77.6 msec : 0
77.7 msec : 0
77.8 msec : 0
77.9 msec : 0
78.0 msec : 0
78.1 msec : 0
78.2 msec : 0
78.3 msec : 0
78.4 msec : 0
78.5 msec : 0
78.6 msec : 0
78.7 msec : 0
78.8 msec : 0
78.9 msec : 0
79.0 msec : 0
79.1 msec : 0
79.2 msec : 0
79.3 msec : 0
79.4 msec : 0
79.5 msec : 0
79.6 msec : 0
79.7 msec : 0
79.8 msec : 0
79.9 msec : 0
80.0 msec : 0
80.1 msec : 0
80.2 msec : 0
80.3 msec : 0
80.4 msec : 0
80.5 msec : 0
80.6 msec : 0
80.7 msec : 0
80.8 msec : 0
80.9 msec : 0
81.0 msec : 0
81.1 msec : 0
81.2 msec : 0
81.3 msec : 0
81.4 msec : 0
81.5 msec : 0
81.6 msec : 0
81.7 msec : 0
81.8 msec : 0
81.9 msec : 0
82.0 msec : 0
82.1 msec : 0
82.2 msec : 0
82.3 msec : 1
82.4 msec : 0
82.5 msec : 0
82.6 msec : 0
82.7 msec : 0
82.8 msec : 0
82.9 msec : 0
83.0 msec : 0
83.1 msec : 0
83.2 msec : 0
83.3 msec : 0
83.4 msec : 0
83.5 msec : 0
83.6 msec : 0
83.7 msec : 0
83.8 msec : 0
83.9 msec : 0
84.0 msec : 0
84.1 msec : 0
84.2 msec : 0
84.3 msec : 0
84.4 msec : 0
84.5 msec : 0
84.6 msec : 0
84.7 msec : 0
84.8 msec : 0
84.9 msec : 0
85.0 msec : 0
85.1 msec : 0
85.2 msec : 0
85.3 msec : 0
85.4 msec : 0
85.5 msec : 0
85.6 msec : 0
85.7 msec : 0
85.8 msec : 0
85.9 msec : 0
86.0 msec : 0
86.1 msec : 0
86.2 msec : 0
86.3 msec : 0
86.4 msec : 0
86.5 msec : 0
86.6 msec : 0
86.7 msec : 0
86.8 msec : 0
86.9 msec : 0
87.0 msec : 0
87.1 msec : 0
87.2 msec : 0
87.3 msec : 0
87.4 msec : 0
87.5 msec : 0
87.6 msec : 0
87.7 msec : 0
87.8 msec : 0
87.9 msec : 0
88.0 msec : 0
88.1 msec : 0
88.2 msec : 0
88.3 msec : 0
88.4 msec : 0
88.5 msec : 1
88.6 msec : 0
88.7 msec : 0
88.8 msec : 0
88.9 msec : 0
89.0 msec : 0
89.1 msec : 0
89.2 msec : 0
89.3 msec : 0
89.4 msec : 0
89.5 msec : 0
89.6 msec : 0
89.7 msec : 0
89.8 msec : 0
89.9 msec : 0
90.0 msec : 0
90.1 msec : 0
90.2 msec : 0
90.3 msec : 0
90.4 msec : 0
90.5 msec : 0
90.6 msec : 0
90.7 msec : 0
90.8 msec : 0
90.9 msec : 0
91.0 msec : 0
91.1 msec : 0
91.2 msec : 0
91.3 msec : 0
91.4 msec : 0
91.5 msec : 0
91.6 msec : 0
91.7 msec : 0
91.8 msec : 0
91.9 msec : 0
92.0 msec : 0
92.1 msec : 0
92.2 msec : 0
92.3 msec : 0
92.4 msec : 0
92.5 msec : 0
92.6 msec : 0
92.7 msec : 0
92.8 msec : 0
92.9 msec : 0
93.0 msec : 0
93.1 msec : 0
93.2 msec : 0
93.3 msec : 0
93.4 msec : 0
93.5 msec : 0
93.6 msec : 0
93.7 msec : 0
93.8 msec : 0
93.9 msec : 0
94.0 msec : 0
94.1 msec : 0
94.2 msec : 0
94.3 msec : 0
94.4 msec : 0
94.5 msec : 0
94.6 msec : 0
94.7 msec : 0
94.8 msec : 0
94.9 msec : 0
95.0 msec : 0
95.1 msec : 0
95.2 msec : 0
95.3 msec : 0
95.4 msec : 0
95.5 msec : 0
95.6 msec : 0
95.7 msec : 0
95.8 msec : 0
95.9 msec : 0
96.0 msec : 0
96.1 msec : 0
96.2 msec : 0
96.3 msec : 0
96.4 msec : 0
96.5 msec : 0
96.6 msec : 0
96.7 msec : 0
96.8 msec : 0
96.9 msec : 0
97.0 msec : 0
97.1 msec : 0
97.2 msec : 0
97.3 msec : 0
97.4 msec : 0
97.5 msec : 0
97.6 msec : 0
97.7 msec : 0
97.8 msec : 0
97.9 msec : 0
98.0 msec : 0
98.1 msec : 0
98.2 msec : 0
98.3 msec : 0
98.4 msec : 0
98.5 msec : 0
98.6 msec : 0
98.7 msec : 0
98.8 msec : 0
98.9 msec : 0
99.0 msec : 0
99.1 msec : 0
99.2 msec : 0
99.3 msec : 0
99.4 msec : 0
99.5 msec : 0
99.6 msec : 0
99.7 msec : 0
99.8 msec : 0
99.9 msec : 0
100.0 msec : 0
100.1 msec : 0
100.2 msec : 0
100.3 msec : 0
100.4 msec : 0
100.5 msec : 0
100.6 msec : 0
100.7 msec : 0
100.8 msec : 0
100.9 msec : 0
101.0 msec : 0
101.1 msec : 0
101.2 msec : 0
101.3 msec : 0
101.4 msec : 0
101.5 msec : 0
101.6 msec : 0
101.7 msec : 0
101.8 msec : 0
101.9 msec : 0
102.0 msec : 0
102.1 msec : 0
102.2 msec : 0
102.3 msec : 0
102.4 msec : 0
102.5 msec : 0
102.6 msec : 0
102.7 msec : 0
102.8 msec : 0
102.9 msec : 0
103.0 msec : 0
103.1 msec : 0
103.2 msec : 0
103.3 msec : 0
103.4 msec : 0
103.5 msec : 0
103.6 msec : 0
103.7 msec : 0
103.8 msec : 0
103.9 msec : 0
104.0 msec : 0
104.1 msec : 0
104.2 msec : 0
104.3 msec : 0
104.4 msec : 0
104.5 msec : 0
104.6 msec : 0
104.7 msec : 0
104.8 msec : 0
104.9 msec : 0
105.0 msec : 0
105.1 msec : 0
105.2 msec : 0
105.3 msec : 0
105.4 msec : 0
105.5 msec : 0
105.6 msec : 0
105.7 msec : 0
105.8 msec : 0
105.9 msec : 0
106.0 msec : 0
106.1 msec : 0
106.2 msec : 0
106.3 msec : 0
106.4 msec : 0
106.5 msec : 0
106.6 msec : 0
106.7 msec : 0
106.8 msec : 0
106.9 msec : 0
107.0 msec : 0
107.1 msec : 0
107.2 msec : 0
107.3 msec : 0
107.4 msec : 0
107.5 msec : 0
107.6 msec : 0
107.7 msec : 0
107.8 msec : 0
107.9 msec : 0
108.0 msec : 0
108.1 msec : 0
108.2 msec : 0
108.3 msec : 0
108.4 msec : 0
108.5 msec : 0
108.6 msec : 0
108.7 msec : 0
108.8 msec : 0
108.9 msec : 0
109.0 msec : 0
109.1 msec : 0
109.2 msec : 0
109.3 msec : 0
109.4 msec : 0
109.5 msec : 0
109.6 msec : 0
109.7 msec : 0
109.8 msec : 0
109.9 msec : 0
110.0 msec : 0
110.1 msec : 0
110.2 msec : 0
110.3 msec : 0
110.4 msec : 0
110.5 msec : 0
110.6 msec : 0
110.7 msec : 0
110.8 msec : 0
110.9 msec : 0
111.0 msec : 0
111.1 msec : 0
111.2 msec : 0
111.3 msec : 0
111.4 msec : 0
111.5 msec : 0
111.6 msec : 0
111.7 msec : 0
111.8 msec : 0
111.9 msec : 0
112.0 msec : 0
112.1 msec : 0
112.2 msec : 0
112.3 msec : 0
112.4 msec : 0
112.5 msec : 0
112.6 msec : 0
112.7 msec : 0
112.8 msec : 0
112.9 msec : 0
113.0 msec : 0
113.1 msec : 0
113.2 msec : 0
113.3 msec : 0
113.4 msec : 0
113.5 msec : 0
113.6 msec : 0
113.7 msec : 0
113.8 msec : 0
113.9 msec : 0
114.0 msec : 0
114.1 msec : 0
114.2 msec : 0
114.3 msec : 0
114.4 msec : 0
114.5 msec : 0
114.6 msec : 0
114.7 msec : 0
114.8 msec : 0
114.9 msec : 0
115.0 msec : 0
115.1 msec : 0
115.2 msec : 0
115.3 msec : 0
115.4 msec : 0
115.5 msec : 0
115.6 msec : 0
115.7 msec : 0
115.8 msec : 0
115.9 msec : 0
116.0 msec : 0
116.1 msec : 0
116.2 msec : 0
116.3 msec : 0
116.4 msec : 0
116.5 msec : 0
116.6 msec : 0
116.7 msec : 0
116.8 msec : 0
116.9 msec : 0
117.0 msec : 0
117.1 msec : 0
117.2 msec : 0
117.3 msec : 0
117.4 msec : 0
117.5 msec : 0
117.6 msec : 0
117.7 msec : 0
117.8 msec : 0
117.9 msec : 0
118.0 msec : 0
118.1 msec : 0
118.2 msec : 0
118.3 msec : 0
118.4 msec : 0
118.5 msec : 0
118.6 msec : 0
118.7 msec : 0
118.8 msec : 0
118.9 msec : 0
119.0 msec : 0
119.1 msec : 0
119.2 msec : 0
119.3 msec : 0
119.4 msec : 0
119.5 msec : 0
119.6 msec : 0
119.7 msec : 0
119.8 msec : 0
119.9 msec : 0
120.0 msec : 0
120.1 msec : 0
120.2 msec : 0
120.3 msec : 0
120.4 msec : 0
120.5 msec : 0
120.6 msec : 0
120.7 msec : 0
120.8 msec : 0
120.9 msec : 0
121.0 msec : 0
121.1 msec : 0
121.2 msec : 0
121.3 msec : 0
121.4 msec : 0
121.5 msec : 0
121.6 msec : 0
121.7 msec : 0
121.8 msec : 0
121.9 msec : 0
122.0 msec : 0
122.1 msec : 0
122.2 msec : 0
122.3 msec : 0
122.4 msec : 0
122.5 msec : 0
122.6 msec : 0
122.7 msec : 0
122.8 msec : 0
122.9 msec : 0
123.0 msec : 0
123.1 msec : 0
123.2 msec : 0
123.3 msec : 0
123.4 msec : 0
123.5 msec : 0
123.6 msec : 0
123.7 msec : 0
123.8 msec : 0
123.9 msec : 0
124.0 msec : 0
124.1 msec : 0
124.2 msec : 0
124.3 msec : 0
124.4 msec : 0
124.5 msec : 0
124.6 msec : 0
124.7 msec : 0
124.8 msec : 0
124.9 msec : 0
125.0 msec : 0
125.1 msec : 0
125.2 msec : 0
125.3 msec : 0
125.4 msec : 0
125.5 msec : 0
125.6 msec : 0
125.7 msec : 0
125.8 msec : 0
125.9 msec : 0
126.0 msec : 0
126.1 msec : 0
126.2 msec : 0
126.3 msec : 0
126.4 msec : 0
126.5 msec : 0
126.6 msec : 0
126.7 msec : 0
126.8 msec : 0
126.9 msec : 0
127.0 msec : 0
127.1 msec : 0
127.2 msec : 0
127.3 msec : 0
127.4 msec : 0
127.5 msec : 0
127.6 msec : 0
127.7 msec : 0
127.8 msec : 0
127.9 msec : 0
128.0 msec : 0
128.1 msec : 0
128.2 msec : 0
128.3 msec : 0
128.4 msec : 0
128.5 msec : 0
128.6 msec : 0
128.7 msec : 0
128.8 msec : 0
128.9 msec : 0
129.0 msec : 0
129.1 msec : 0
129.2 msec : 0
129.3 msec : 0
129.4 msec : 0
129.5 msec : 0
129.6 msec : 0
129.7 msec : 0
129.8 msec : 0
129.9 msec : 0
130.0 msec : 0
130.1 msec : 0
130.2 msec : 0
130.3 msec : 0
130.4 msec : 0
130.5 msec : 0
130.6 msec : 0
130.7 msec : 0
130.8 msec : 0
130.9 msec : 0
131.0 msec : 0
131.1 msec : 0
131.2 msec : 0
131.3 msec : 0
131.4 msec : 0
131.5 msec : 0
131.6 msec : 0
131.7 msec : 0
131.8 msec : 0
131.9 msec : 0
132.0 msec : 0
132.1 msec : 0
132.2 msec : 0
132.3 msec : 0
132.4 msec : 0
132.5 msec : 0
132.6 msec : 0
132.7 msec : 0
132.8 msec : 0
132.9 msec : 0
133.0 msec : 0
133.1 msec : 0
133.2 msec : 0
133.3 msec : 0
133.4 msec : 0
133.5 msec : 0
133.6 msec : 0
133.7 msec : 0
133.8 msec : 0
133.9 msec : 0
134.0 msec : 0
134.1 msec : 0
134.2 msec : 0
134.3 msec : 0
134.4 msec : 0
134.5 msec : 0
134.6 msec : 0
134.7 msec : 0
134.8 msec : 0
134.9 msec : 0
135.0 msec : 0
135.1 msec : 0
135.2 msec : 0
135.3 msec : 0
135.4 msec : 0
135.5 msec : 0
135.6 msec : 0
135.7 msec : 0
135.8 msec : 0
135.9 msec : 0
136.0 msec : 0
136.1 msec : 0
136.2 msec : 0
136.3 msec : 0
136.4 msec : 0
136.5 msec : 0
136.6 msec : 0
136.7 msec : 0
136.8 msec : 0
136.9 msec : 0
137.0 msec : 0
137.1 msec : 0
137.2 msec : 0
137.3 msec : 0
137.4 msec : 0
137.5 msec : 0
137.6 msec : 0
137.7 msec : 0
137.8 msec : 0
137.9 msec : 0
138.0 msec : 0
138.1 msec : 0
138.2 msec : 0
138.3 msec : 0
138.4 msec : 0
138.5 msec : 0
138.6 msec : 0
138.7 msec : 0
138.8 msec : 0
138.9 msec : 0
139.0 msec : 0
139.1 msec : 0
139.2 msec : 0
139.3 msec : 0
139.4 msec : 0
139.5 msec : 0
139.6 msec : 0
139.7 msec : 0
139.8 msec : 0
139.9 msec : 0
140.0 msec : 0
140.1 msec : 0
140.2 msec : 0
140.3 msec : 0
140.4 msec : 0
140.5 msec : 0
140.6 msec : 0
140.7 msec : 0
140.8 msec : 0
140.9 msec : 0
141.0 msec : 0
141.1 msec : 0
141.2 msec : 0
141.3 msec : 0
141.4 msec : 0
141.5 msec : 0
141.6 msec : 0
141.7 msec : 0
141.8 msec : 0
141.9 msec : 0
142.0 msec : 0
142.1 msec : 0
142.2 msec : 0
142.3 msec : 0
142.4 msec : 0
142.5 msec : 0
142.6 msec : 0
142.7 msec : 0
142.8 msec : 0
142.9 msec : 0
143.0 msec : 0
143.1 msec : 0
143.2 msec : 0
143.3 msec : 0
143.4 msec : 0
143.5 msec : 0
143.6 msec : 0
143.7 msec : 0
143.8 msec : 0
143.9 msec : 0
144.0 msec : 0
144.1 msec : 0
144.2 msec : 0
144.3 msec : 0
144.4 msec : 0
144.5 msec : 0
144.6 msec : 0
144.7 msec : 0
144.8 msec : 0
144.9 msec : 0
145.0 msec : 0
145.1 msec : 0
145.2 msec : 0
145.3 msec : 0
145.4 msec : 0
145.5 msec : 0
145.6 msec : 0
145.7 msec : 0
145.8 msec : 0
145.9 msec : 0
146.0 msec : 0
146.1 msec : 0
146.2 msec : 0
146.3 msec : 0
146.4 msec : 0
146.5 msec : 0
146.6 msec : 0
146.7 msec : 0
146.8 msec : 0
146.9 msec : 0
147.0 msec : 0
147.1 msec : 0
147.2 msec : 0
147.3 msec : 0
147.4 msec : 0
147.5 msec : 0
147.6 msec : 0
147.7 msec : 0
147.8 msec : 0
147.9 msec : 0
148.0 msec : 0
148.1 msec : 0
148.2 msec : 0
148.3 msec : 0
148.4 msec : 0
148.5 msec : 0
148.6 msec : 0
148.7 msec : 0
148.8 msec : 0
148.9 msec : 0
149.0 msec : 0
149.1 msec : 0
149.2 msec : 0
149.3 msec : 0
149.4 msec : 0
149.5 msec : 0
149.6 msec : 0
149.7 msec : 0
149.8 msec : 0
149.9 msec : 0
150.0 msec : 0
150.1 msec : 0
150.2 msec : 0
150.3 msec : 0
150.4 msec : 0
150.5 msec : 0
150.6 msec : 0
150.7 msec : 0
150.8 msec : 0
150.9 msec : 0
151.0 msec : 0
151.1 msec : 0
151.2 msec : 0
151.3 msec : 0
151.4 msec : 0
151.5 msec : 0
151.6 msec : 0
151.7 msec : 0
151.8 msec : 0
151.9 msec : 0
152.0 msec : 0
152.1 msec : 0
152.2 msec : 0
152.3 msec : 0
152.4 msec : 0
152.5 msec : 0
152.6 msec : 0
152.7 msec : 0
152.8 msec : 0
152.9 msec : 0
153.0 msec : 0
153.1 msec : 0
153.2 msec : 0
153.3 msec : 0
153.4 msec : 0
153.5 msec : 0
153.6 msec : 0
153.7 msec : 0
153.8 msec : 0
153.9 msec : 0
154.0 msec : 0
154.1 msec : 1
154.2 msec : 1
154.3 msec : 3
154.4 msec : 2
154.5 msec : 0
154.6 msec : 0
154.7 msec : 0
154.8 msec : 0
154.9 msec : 2
155.0 msec : 2
155.1 msec : 1
155.2 msec : 0
155.3 msec : 2
155.4 msec : 6
155.5 msec : 2
155.6 msec : 1
155.7 msec : 3
155.8 msec : 2
155.9 msec : 2
156.0 msec : 4
