Middleware started...
Middleware shuts down...
Smaller resolution statistics are in a log file...
Final aggregates per worker:


Worker 24
Average throughput (ops/sec) = 79
Average response time (msec) = 1.0949216393442622
Average queue length = 0
Average wait time in queue (msec) = 0.07605714754098361
Average service time (msec) = 0.9393998524590164
Number of SET = 79
Number of GET = 0
Number of MULTI GET = 0


Worker 7
Average throughput (ops/sec) = 80
Average response time (msec) = 1.1170894426229507
Average queue length = 0
Average wait time in queue (msec) = 0.07420454098360656
Average service time (msec) = 0.9574392295081967
Number of SET = 80
Number of GET = 0
Number of MULTI GET = 0


Worker 25
Average throughput (ops/sec) = 79
Average response time (msec) = 1.100661049180328
Average queue length = 0
Average wait time in queue (msec) = 0.07399944262295083
Average service time (msec) = 0.9471797049180327
Number of SET = 79
Number of GET = 0
Number of MULTI GET = 0


Worker 6
Average throughput (ops/sec) = 79
Average response time (msec) = 1.1055398688524591
Average queue length = 0
Average wait time in queue (msec) = 0.07673455737704918
Average service time (msec) = 0.9514866885245901
Number of SET = 79
Number of GET = 0
Number of MULTI GET = 0


Worker 26
Average throughput (ops/sec) = 79
Average response time (msec) = 1.0862307868852459
Average queue length = 0
Average wait time in queue (msec) = 0.07051532786885246
Average service time (msec) = 0.9370069672131147
Number of SET = 79
Number of GET = 0
Number of MULTI GET = 0


Worker 9
Average throughput (ops/sec) = 80
Average response time (msec) = 1.104371918032787
Average queue length = 0
Average wait time in queue (msec) = 0.07073996721311475
Average service time (msec) = 0.9547053606557377
Number of SET = 80
Number of GET = 0
Number of MULTI GET = 0


Worker 27
Average throughput (ops/sec) = 79
Average response time (msec) = 1.0955181639344262
Average queue length = 0
Average wait time in queue (msec) = 0.07094
Average service time (msec) = 0.9466806065573771
Number of SET = 79
Number of GET = 0
Number of MULTI GET = 0


Worker 8
Average throughput (ops/sec) = 79
Average response time (msec) = 1.1058490163934427
Average queue length = 0
Average wait time in queue (msec) = 0.08028959016393443
Average service time (msec) = 0.9480609180327869
Number of SET = 79
Number of GET = 0
Number of MULTI GET = 0


Worker 20
Average throughput (ops/sec) = 79
Average response time (msec) = 1.1040430819672131
Average queue length = 0
Average wait time in queue (msec) = 0.06826913114754099
Average service time (msec) = 0.9565008196721311
Number of SET = 79
Number of GET = 0
Number of MULTI GET = 0


Worker 3
Average throughput (ops/sec) = 79
Average response time (msec) = 1.1013323114754099
Average queue length = 0
Average wait time in queue (msec) = 0.07780975409836066
Average service time (msec) = 0.9421981147540983
Number of SET = 79
Number of GET = 0
Number of MULTI GET = 0


Worker 21
Average throughput (ops/sec) = 79
Average response time (msec) = 1.0759466229508199
Average queue length = 0
Average wait time in queue (msec) = 0.0731340655737705
Average service time (msec) = 0.9230621967213114
Number of SET = 79
Number of GET = 0
Number of MULTI GET = 0


Worker 2
Average throughput (ops/sec) = 79
Average response time (msec) = 1.0967132459016393
Average queue length = 0
Average wait time in queue (msec) = 0.07709288524590163
Average service time (msec) = 0.9385521147540984
Number of SET = 79
Number of GET = 0
Number of MULTI GET = 0


Worker 22
Average throughput (ops/sec) = 80
Average response time (msec) = 1.1101027213114754
Average queue length = 0
Average wait time in queue (msec) = 0.07779936065573771
Average service time (msec) = 0.9485549672131147
Number of SET = 80
Number of GET = 0
Number of MULTI GET = 0


Worker 5
Average throughput (ops/sec) = 79
Average response time (msec) = 1.0883361803278688
Average queue length = 0
Average wait time in queue (msec) = 0.07303662295081967
Average service time (msec) = 0.936204606557377
Number of SET = 79
Number of GET = 0
Number of MULTI GET = 0


Worker 23
Average throughput (ops/sec) = 78
Average response time (msec) = 1.0861190491803279
Average queue length = 0
Average wait time in queue (msec) = 0.07216924590163934
Average service time (msec) = 0.9352050491803279
Number of SET = 78
Number of GET = 0
Number of MULTI GET = 0


Worker 4
Average throughput (ops/sec) = 80
Average response time (msec) = 1.107769
Average queue length = 0
Average wait time in queue (msec) = 0.07965103278688525
Average service time (msec) = 0.9460723770491803
Number of SET = 80
Number of GET = 0
Number of MULTI GET = 0


Worker 28
Average throughput (ops/sec) = 79
Average response time (msec) = 1.098254737704918
Average queue length = 0
Average wait time in queue (msec) = 0.07247786885245901
Average service time (msec) = 0.9448033114754099
Number of SET = 79
Number of GET = 0
Number of MULTI GET = 0


Worker 29
Average throughput (ops/sec) = 80
Average response time (msec) = 1.0883505901639345
Average queue length = 0
Average wait time in queue (msec) = 0.0667974262295082
Average service time (msec) = 0.9422119508196721
Number of SET = 80
Number of GET = 0
Number of MULTI GET = 0


Worker 1
Average throughput (ops/sec) = 80
Average response time (msec) = 1.090065836065574
Average queue length = 0
Average wait time in queue (msec) = 0.06828255737704918
Average service time (msec) = 0.9417256229508196
Number of SET = 80
Number of GET = 0
Number of MULTI GET = 0


Worker 30
Average throughput (ops/sec) = 79
Average response time (msec) = 1.0836496721311475
Average queue length = 0
Average wait time in queue (msec) = 0.06907691803278689
Average service time (msec) = 0.9400176885245901
Number of SET = 79
Number of GET = 0
Number of MULTI GET = 0


Worker 13
Average throughput (ops/sec) = 80
Average response time (msec) = 1.1019427868852458
Average queue length = 0
Average wait time in queue (msec) = 0.08360316393442624
Average service time (msec) = 0.9390550327868853
Number of SET = 80
Number of GET = 0
Number of MULTI GET = 0


Worker 14
Average throughput (ops/sec) = 79
Average response time (msec) = 1.075877426229508
Average queue length = 0
Average wait time in queue (msec) = 0.06327719672131148
Average service time (msec) = 0.9345614426229507
Number of SET = 79
Number of GET = 0
Number of MULTI GET = 0


Worker 15
Average throughput (ops/sec) = 80
Average response time (msec) = 1.074638868852459
Average queue length = 0
Average wait time in queue (msec) = 0.06899729508196721
Average service time (msec) = 0.9261093442622951
Number of SET = 80
Number of GET = 0
Number of MULTI GET = 0


Worker 16
Average throughput (ops/sec) = 80
Average response time (msec) = 1.0798674426229509
Average queue length = 0
Average wait time in queue (msec) = 0.07336508196721311
Average service time (msec) = 0.9276939508196721
Number of SET = 80
Number of GET = 0
Number of MULTI GET = 0


Worker 31
Average throughput (ops/sec) = 79
Average response time (msec) = 1.1040323278688526
Average queue length = 0
Average wait time in queue (msec) = 0.07138673770491803
Average service time (msec) = 0.9488127540983606
Number of SET = 79
Number of GET = 0
Number of MULTI GET = 0


Worker 32
Average throughput (ops/sec) = 78
Average response time (msec) = 1.1147851803278688
Average queue length = 0
Average wait time in queue (msec) = 0.074357
Average service time (msec) = 0.9608476393442623
Number of SET = 78
Number of GET = 0
Number of MULTI GET = 0


Worker 10
Average throughput (ops/sec) = 79
Average response time (msec) = 1.1174602295081968
Average queue length = 0
Average wait time in queue (msec) = 0.0769057049180328
Average service time (msec) = 0.9586906393442624
Number of SET = 79
Number of GET = 0
Number of MULTI GET = 0


Worker 11
Average throughput (ops/sec) = 79
Average response time (msec) = 1.1068071147540985
Average queue length = 0
Average wait time in queue (msec) = 0.08141598360655737
Average service time (msec) = 0.9452530327868853
Number of SET = 79
Number of GET = 0
Number of MULTI GET = 0


Worker 12
Average throughput (ops/sec) = 80
Average response time (msec) = 1.0885535245901639
Average queue length = 0
Average wait time in queue (msec) = 0.07469483606557377
Average service time (msec) = 0.9308257049180327
Number of SET = 80
Number of GET = 0
Number of MULTI GET = 0


Worker 17
Average throughput (ops/sec) = 79
Average response time (msec) = 1.0998009016393442
Average queue length = 0
Average wait time in queue (msec) = 0.0749633606557377
Average service time (msec) = 0.9444041147540984
Number of SET = 79
Number of GET = 0
Number of MULTI GET = 0


Worker 18
Average throughput (ops/sec) = 79
Average response time (msec) = 1.1074609836065574
Average queue length = 0
Average wait time in queue (msec) = 0.07815295081967213
Average service time (msec) = 0.9528025081967213
Number of SET = 79
Number of GET = 0
Number of MULTI GET = 0


Worker 19
Average throughput (ops/sec) = 79
Average response time (msec) = 1.0947598688524591
Average queue length = 0
Average wait time in queue (msec) = 0.07067895081967213
Average service time (msec) = 0.9389960327868853
Number of SET = 79
Number of GET = 0
Number of MULTI GET = 0


FINAL STATS
Average throughput (ops/sec) = 2536
Average response time (msec) = 1.0871249593522059
Average queue length = 0
Average wait time in queue (msec) = 0.07377736577868853
Average service time (msec) = 0.9432850107581967
Number of SET = 2536
Number of GET = 0
Number of MULTI GET = 0
Number of Cache misses = 0


Histogram response times (0.1 msec step)
0.0 msec : 1542
0.1 msec : 20222
0.2 msec : 35183
0.3 msec : 31323
0.4 msec : 20962
0.5 msec : 13044
0.6 msec : 8299
0.7 msec : 5299
0.8 msec : 3954
0.9 msec : 2874
1.0 msec : 2106
1.1 msec : 1587
1.2 msec : 1173
1.3 msec : 1040
1.4 msec : 891
1.5 msec : 647
1.6 msec : 504
1.7 msec : 429
1.8 msec : 367
1.9 msec : 271
2.0 msec : 280
2.1 msec : 223
2.2 msec : 192
2.3 msec : 181
2.4 msec : 169
2.5 msec : 169
2.6 msec : 147
2.7 msec : 158
2.8 msec : 146
2.9 msec : 110
3.0 msec : 105
3.1 msec : 118
3.2 msec : 97
3.3 msec : 69
3.4 msec : 71
3.5 msec : 80
3.6 msec : 85
3.7 msec : 78
3.8 msec : 97
3.9 msec : 89
4.0 msec : 73
4.1 msec : 61
4.2 msec : 59
4.3 msec : 69
4.4 msec : 67
4.5 msec : 41
4.6 msec : 34
4.7 msec : 19
4.8 msec : 23
4.9 msec : 33
5.0 msec : 31
5.1 msec : 18
5.2 msec : 27
5.3 msec : 29
5.4 msec : 34
5.5 msec : 37
5.6 msec : 36
5.7 msec : 52
5.8 msec : 50
5.9 msec : 39
6.0 msec : 34
6.1 msec : 38
6.2 msec : 21
6.3 msec : 15
6.4 msec : 14
6.5 msec : 16
6.6 msec : 10
6.7 msec : 16
6.8 msec : 13
6.9 msec : 8
7.0 msec : 10
7.1 msec : 6
7.2 msec : 10
7.3 msec : 7
7.4 msec : 3
7.5 msec : 4
7.6 msec : 7
7.7 msec : 17
7.8 msec : 9
7.9 msec : 7
8.0 msec : 4
8.1 msec : 5
8.2 msec : 4
8.3 msec : 8
8.4 msec : 2
8.5 msec : 4
8.6 msec : 10
8.7 msec : 4
8.8 msec : 8
8.9 msec : 4
9.0 msec : 2
9.1 msec : 4
9.2 msec : 3
9.3 msec : 1
9.4 msec : 1
9.5 msec : 3
9.6 msec : 3
9.7 msec : 7
9.8 msec : 4
9.9 msec : 3
10.0 msec : 2
10.1 msec : 0
10.2 msec : 1
10.3 msec : 0
10.4 msec : 1
10.5 msec : 0
10.6 msec : 0
10.7 msec : 1
10.8 msec : 0
10.9 msec : 1
11.0 msec : 3
11.1 msec : 0
11.2 msec : 0
11.3 msec : 0
11.4 msec : 0
11.5 msec : 0
11.6 msec : 0
11.7 msec : 0
11.8 msec : 0
11.9 msec : 0
12.0 msec : 0
12.1 msec : 1
12.2 msec : 1
12.3 msec : 2
12.4 msec : 0
12.5 msec : 0
12.6 msec : 0
12.7 msec : 0
12.8 msec : 0
12.9 msec : 0
13.0 msec : 0
13.1 msec : 0
13.2 msec : 0
13.3 msec : 1
13.4 msec : 1
13.5 msec : 0
13.6 msec : 0
13.7 msec : 0
13.8 msec : 0
13.9 msec : 0
14.0 msec : 0
14.1 msec : 0
14.2 msec : 1
14.3 msec : 1
14.4 msec : 1
14.5 msec : 2
14.6 msec : 1
14.7 msec : 0
14.8 msec : 0
14.9 msec : 0
15.0 msec : 0
15.1 msec : 0
15.2 msec : 2
15.3 msec : 0
15.4 msec : 0
15.5 msec : 1
15.6 msec : 0
15.7 msec : 0
15.8 msec : 0
15.9 msec : 0
16.0 msec : 0
16.1 msec : 0
16.2 msec : 2
16.3 msec : 1
16.4 msec : 0
16.5 msec : 0
16.6 msec : 1
16.7 msec : 0
16.8 msec : 1
16.9 msec : 0
17.0 msec : 0
17.1 msec : 0
17.2 msec : 0
17.3 msec : 0
17.4 msec : 0
17.5 msec : 3
17.6 msec : 0
17.7 msec : 0
17.8 msec : 1
17.9 msec : 1
18.0 msec : 0
18.1 msec : 0
18.2 msec : 0
18.3 msec : 0
18.4 msec : 0
18.5 msec : 0
18.6 msec : 0
18.7 msec : 0
18.8 msec : 0
18.9 msec : 0
19.0 msec : 0
19.1 msec : 0
19.2 msec : 0
19.3 msec : 1
19.4 msec : 0
19.5 msec : 0
19.6 msec : 0
19.7 msec : 0
19.8 msec : 0
19.9 msec : 0
20.0 msec : 0
20.1 msec : 0
20.2 msec : 0
20.3 msec : 0
20.4 msec : 0
20.5 msec : 0
20.6 msec : 0
20.7 msec : 0
20.8 msec : 0
20.9 msec : 0
21.0 msec : 0
21.1 msec : 0
21.2 msec : 0
21.3 msec : 0
21.4 msec : 0
21.5 msec : 0
21.6 msec : 0
21.7 msec : 0
21.8 msec : 0
21.9 msec : 0
22.0 msec : 0
22.1 msec : 0
22.2 msec : 0
22.3 msec : 0
22.4 msec : 0
22.5 msec : 0
22.6 msec : 0
22.7 msec : 0
22.8 msec : 0
22.9 msec : 0
23.0 msec : 0
23.1 msec : 1
23.2 msec : 0
23.3 msec : 0
23.4 msec : 0
23.5 msec : 0
23.6 msec : 0
23.7 msec : 0
23.8 msec : 0
23.9 msec : 0
24.0 msec : 0
24.1 msec : 0
24.2 msec : 0
24.3 msec : 0
24.4 msec : 0
24.5 msec : 0
24.6 msec : 0
24.7 msec : 0
24.8 msec : 0
24.9 msec : 0
25.0 msec : 0
25.1 msec : 0
25.2 msec : 0
25.3 msec : 0
25.4 msec : 0
25.5 msec : 1
25.6 msec : 0
25.7 msec : 0
25.8 msec : 1
25.9 msec : 1
26.0 msec : 0
26.1 msec : 1
26.2 msec : 0
26.3 msec : 0
26.4 msec : 0
26.5 msec : 0
26.6 msec : 1
26.7 msec : 0
26.8 msec : 0
26.9 msec : 0
27.0 msec : 0
27.1 msec : 1
