Middleware started...
Middleware shuts down...
Smaller resolution statistics are in a log file...
Final aggregates per worker:


Worker 24
Average throughput (ops/sec) = 17
Average response time (msec) = 1.09861831147541
Average queue length = 0
Average wait time in queue (msec) = 0.017363655737704917
Average service time (msec) = 1.013494655737705
Number of SET = 17
Number of GET = 0
Number of MULTI GET = 0


Worker 7
Average throughput (ops/sec) = 17
Average response time (msec) = 1.147900737704918
Average queue length = 0
Average wait time in queue (msec) = 0.03071960655737705
Average service time (msec) = 0.9980203278688524
Number of SET = 17
Number of GET = 0
Number of MULTI GET = 0


Worker 25
Average throughput (ops/sec) = 17
Average response time (msec) = 1.0882731475409835
Average queue length = 0
Average wait time in queue (msec) = 0.018228983606557378
Average service time (msec) = 0.9970589180327869
Number of SET = 17
Number of GET = 0
Number of MULTI GET = 0


Worker 6
Average throughput (ops/sec) = 17
Average response time (msec) = 1.0903621311475409
Average queue length = 0
Average wait time in queue (msec) = 0.01841622950819672
Average service time (msec) = 0.9947502786885246
Number of SET = 17
Number of GET = 0
Number of MULTI GET = 0


Worker 26
Average throughput (ops/sec) = 17
Average response time (msec) = 1.090532098360656
Average queue length = 0
Average wait time in queue (msec) = 0.018532524590163937
Average service time (msec) = 0.9967153934426229
Number of SET = 17
Number of GET = 0
Number of MULTI GET = 0


Worker 9
Average throughput (ops/sec) = 17
Average response time (msec) = 1.089759131147541
Average queue length = 0
Average wait time in queue (msec) = 0.020354622950819672
Average service time (msec) = 1.0002070983606557
Number of SET = 17
Number of GET = 0
Number of MULTI GET = 0


Worker 27
Average throughput (ops/sec) = 17
Average response time (msec) = 1.0391539836065573
Average queue length = 0
Average wait time in queue (msec) = 0.018113360655737706
Average service time (msec) = 0.9525633114754098
Number of SET = 17
Number of GET = 0
Number of MULTI GET = 0


Worker 8
Average throughput (ops/sec) = 17
Average response time (msec) = 1.0739231475409836
Average queue length = 0
Average wait time in queue (msec) = 0.018916032786885247
Average service time (msec) = 0.9808471475409837
Number of SET = 17
Number of GET = 0
Number of MULTI GET = 0


Worker 20
Average throughput (ops/sec) = 17
Average response time (msec) = 1.105169262295082
Average queue length = 0
Average wait time in queue (msec) = 0.019053540983606558
Average service time (msec) = 1.0052302950819672
Number of SET = 17
Number of GET = 0
Number of MULTI GET = 0


Worker 3
Average throughput (ops/sec) = 17
Average response time (msec) = 1.1005364754098361
Average queue length = 0
Average wait time in queue (msec) = 0.024062016393442624
Average service time (msec) = 1.0036857704918034
Number of SET = 17
Number of GET = 0
Number of MULTI GET = 0


Worker 21
Average throughput (ops/sec) = 17
Average response time (msec) = 1.0593513934426229
Average queue length = 0
Average wait time in queue (msec) = 0.018449114754098363
Average service time (msec) = 0.9724989672131147
Number of SET = 17
Number of GET = 0
Number of MULTI GET = 0


Worker 2
Average throughput (ops/sec) = 17
Average response time (msec) = 1.0660208360655739
Average queue length = 0
Average wait time in queue (msec) = 0.017911557377049178
Average service time (msec) = 0.9770589016393443
Number of SET = 17
Number of GET = 0
Number of MULTI GET = 0


Worker 22
Average throughput (ops/sec) = 17
Average response time (msec) = 1.0665093770491803
Average queue length = 0
Average wait time in queue (msec) = 0.018366639344262293
Average service time (msec) = 0.9780779016393443
Number of SET = 17
Number of GET = 0
Number of MULTI GET = 0


Worker 5
Average throughput (ops/sec) = 17
Average response time (msec) = 1.1018279672131148
Average queue length = 0
Average wait time in queue (msec) = 0.01928560655737705
Average service time (msec) = 0.9857095245901639
Number of SET = 17
Number of GET = 0
Number of MULTI GET = 0


Worker 23
Average throughput (ops/sec) = 17
Average response time (msec) = 1.0569480491803278
Average queue length = 0
Average wait time in queue (msec) = 0.01816260655737705
Average service time (msec) = 0.9687211147540984
Number of SET = 17
Number of GET = 0
Number of MULTI GET = 0


Worker 4
Average throughput (ops/sec) = 17
Average response time (msec) = 1.1136660983606559
Average queue length = 0
Average wait time in queue (msec) = 0.022376524590163937
Average service time (msec) = 1.0183969508196722
Number of SET = 17
Number of GET = 0
Number of MULTI GET = 0


Worker 28
Average throughput (ops/sec) = 17
Average response time (msec) = 1.0663041475409836
Average queue length = 0
Average wait time in queue (msec) = 0.019018377049180326
Average service time (msec) = 0.9772365901639344
Number of SET = 17
Number of GET = 0
Number of MULTI GET = 0


Worker 29
Average throughput (ops/sec) = 17
Average response time (msec) = 1.097422786885246
Average queue length = 0
Average wait time in queue (msec) = 0.01715649180327869
Average service time (msec) = 0.9767934098360656
Number of SET = 17
Number of GET = 0
Number of MULTI GET = 0


Worker 1
Average throughput (ops/sec) = 17
Average response time (msec) = 1.1137530163934426
Average queue length = 0
Average wait time in queue (msec) = 0.017439311475409836
Average service time (msec) = 1.0019606721311476
Number of SET = 17
Number of GET = 0
Number of MULTI GET = 0


Worker 30
Average throughput (ops/sec) = 17
Average response time (msec) = 1.076042737704918
Average queue length = 0
Average wait time in queue (msec) = 0.01770406557377049
Average service time (msec) = 0.9860371639344263
Number of SET = 17
Number of GET = 0
Number of MULTI GET = 0


Worker 13
Average throughput (ops/sec) = 17
Average response time (msec) = 1.1244129180327869
Average queue length = 0
Average wait time in queue (msec) = 0.019501016393442625
Average service time (msec) = 1.032449524590164
Number of SET = 17
Number of GET = 0
Number of MULTI GET = 0


Worker 14
Average throughput (ops/sec) = 17
Average response time (msec) = 1.1034742786885245
Average queue length = 0
Average wait time in queue (msec) = 0.018431508196721312
Average service time (msec) = 1.0140878360655738
Number of SET = 17
Number of GET = 0
Number of MULTI GET = 0


Worker 15
Average throughput (ops/sec) = 17
Average response time (msec) = 1.064303213114754
Average queue length = 0
Average wait time in queue (msec) = 0.01813990163934426
Average service time (msec) = 0.9773721147540984
Number of SET = 17
Number of GET = 0
Number of MULTI GET = 0


Worker 16
Average throughput (ops/sec) = 17
Average response time (msec) = 1.0745815901639346
Average queue length = 0
Average wait time in queue (msec) = 0.018113918032786884
Average service time (msec) = 0.9861688196721311
Number of SET = 17
Number of GET = 0
Number of MULTI GET = 0


Worker 31
Average throughput (ops/sec) = 17
Average response time (msec) = 1.0964853606557379
Average queue length = 0
Average wait time in queue (msec) = 0.017583262295081968
Average service time (msec) = 0.9762002786885247
Number of SET = 17
Number of GET = 0
Number of MULTI GET = 0


Worker 32
Average throughput (ops/sec) = 17
Average response time (msec) = 1.0740286721311474
Average queue length = 0
Average wait time in queue (msec) = 0.022127049180327867
Average service time (msec) = 0.9806479344262296
Number of SET = 17
Number of GET = 0
Number of MULTI GET = 0


Worker 10
Average throughput (ops/sec) = 17
Average response time (msec) = 1.0906219016393441
Average queue length = 0
Average wait time in queue (msec) = 0.03058255737704918
Average service time (msec) = 0.987936131147541
Number of SET = 17
Number of GET = 0
Number of MULTI GET = 0


Worker 11
Average throughput (ops/sec) = 17
Average response time (msec) = 1.0733325081967213
Average queue length = 0
Average wait time in queue (msec) = 0.01821155737704918
Average service time (msec) = 0.9849535409836065
Number of SET = 17
Number of GET = 0
Number of MULTI GET = 0


Worker 12
Average throughput (ops/sec) = 17
Average response time (msec) = 1.128169049180328
Average queue length = 0
Average wait time in queue (msec) = 0.018972098360655738
Average service time (msec) = 1.0382535901639345
Number of SET = 17
Number of GET = 0
Number of MULTI GET = 0


Worker 17
Average throughput (ops/sec) = 17
Average response time (msec) = 1.1080435901639345
Average queue length = 0
Average wait time in queue (msec) = 0.022850245901639345
Average service time (msec) = 1.0088855081967214
Number of SET = 17
Number of GET = 0
Number of MULTI GET = 0


Worker 18
Average throughput (ops/sec) = 17
Average response time (msec) = 1.0570474918032786
Average queue length = 0
Average wait time in queue (msec) = 0.01868132786885246
Average service time (msec) = 0.9617784098360656
Number of SET = 17
Number of GET = 0
Number of MULTI GET = 0


Worker 19
Average throughput (ops/sec) = 17
Average response time (msec) = 1.1445935573770492
Average queue length = 0
Average wait time in queue (msec) = 0.03776908196721312
Average service time (msec) = 1.0355102295081966
Number of SET = 17
Number of GET = 0
Number of MULTI GET = 0


FINAL STATS
Average throughput (ops/sec) = 544
Average response time (msec) = 1.0721789849043148
Average queue length = 0
Average wait time in queue (msec) = 0.020331074795081967
Average service time (msec) = 0.9927908847336065
Number of SET = 544
Number of GET = 0
Number of MULTI GET = 0
Number of Cache misses = 0


Histogram response times (0.1 msec step)
0.0 msec : 3322
0.1 msec : 11465
0.2 msec : 5515
0.3 msec : 2842
0.4 msec : 2024
0.5 msec : 1556
0.6 msec : 1115
0.7 msec : 903
0.8 msec : 668
0.9 msec : 530
1.0 msec : 466
1.1 msec : 375
1.2 msec : 351
1.3 msec : 269
1.4 msec : 231
1.5 msec : 198
1.6 msec : 209
1.7 msec : 163
1.8 msec : 127
1.9 msec : 98
2.0 msec : 90
2.1 msec : 97
2.2 msec : 71
2.3 msec : 78
2.4 msec : 72
2.5 msec : 63
2.6 msec : 54
2.7 msec : 55
2.8 msec : 62
2.9 msec : 41
3.0 msec : 40
3.1 msec : 41
3.2 msec : 27
3.3 msec : 27
3.4 msec : 32
3.5 msec : 27
3.6 msec : 27
3.7 msec : 24
3.8 msec : 13
3.9 msec : 26
4.0 msec : 11
4.1 msec : 23
4.2 msec : 9
4.3 msec : 5
4.4 msec : 8
4.5 msec : 8
4.6 msec : 9
4.7 msec : 15
4.8 msec : 8
4.9 msec : 7
5.0 msec : 4
5.1 msec : 4
5.2 msec : 8
5.3 msec : 7
5.4 msec : 6
5.5 msec : 12
5.6 msec : 9
5.7 msec : 4
5.8 msec : 8
5.9 msec : 11
6.0 msec : 7
6.1 msec : 2
6.2 msec : 3
6.3 msec : 2
6.4 msec : 1
6.5 msec : 2
6.6 msec : 4
6.7 msec : 4
6.8 msec : 2
6.9 msec : 6
7.0 msec : 6
7.1 msec : 3
7.2 msec : 3
7.3 msec : 1
7.4 msec : 3
7.5 msec : 4
7.6 msec : 2
7.7 msec : 2
7.8 msec : 0
7.9 msec : 0
8.0 msec : 3
8.1 msec : 2
8.2 msec : 1
8.3 msec : 0
8.4 msec : 0
8.5 msec : 0
8.6 msec : 1
8.7 msec : 1
8.8 msec : 1
8.9 msec : 0
9.0 msec : 0
9.1 msec : 0
9.2 msec : 0
9.3 msec : 2
9.4 msec : 0
9.5 msec : 0
9.6 msec : 1
9.7 msec : 0
9.8 msec : 1
9.9 msec : 1
10.0 msec : 0
10.1 msec : 0
10.2 msec : 1
10.3 msec : 0
10.4 msec : 1
10.5 msec : 0
10.6 msec : 1
10.7 msec : 0
10.8 msec : 0
10.9 msec : 1
11.0 msec : 0
11.1 msec : 1
11.2 msec : 0
11.3 msec : 0
11.4 msec : 0
11.5 msec : 0
11.6 msec : 0
11.7 msec : 0
11.8 msec : 0
11.9 msec : 1
12.0 msec : 0
12.1 msec : 0
12.2 msec : 0
12.3 msec : 0
12.4 msec : 0
12.5 msec : 0
12.6 msec : 0
12.7 msec : 0
12.8 msec : 0
12.9 msec : 0
13.0 msec : 0
13.1 msec : 0
13.2 msec : 0
13.3 msec : 0
13.4 msec : 0
13.5 msec : 0
13.6 msec : 0
13.7 msec : 0
13.8 msec : 0
13.9 msec : 0
14.0 msec : 0
14.1 msec : 0
14.2 msec : 0
14.3 msec : 0
14.4 msec : 0
14.5 msec : 0
14.6 msec : 0
14.7 msec : 0
14.8 msec : 0
14.9 msec : 0
15.0 msec : 0
15.1 msec : 0
15.2 msec : 0
15.3 msec : 0
15.4 msec : 0
15.5 msec : 0
15.6 msec : 0
15.7 msec : 0
15.8 msec : 0
15.9 msec : 0
16.0 msec : 0
16.1 msec : 0
16.2 msec : 0
16.3 msec : 0
16.4 msec : 0
16.5 msec : 0
16.6 msec : 0
16.7 msec : 1
16.8 msec : 0
16.9 msec : 0
17.0 msec : 0
17.1 msec : 0
17.2 msec : 0
17.3 msec : 0
17.4 msec : 0
17.5 msec : 0
17.6 msec : 0
17.7 msec : 0
17.8 msec : 0
17.9 msec : 0
18.0 msec : 0
18.1 msec : 0
18.2 msec : 1
18.3 msec : 0
18.4 msec : 0
18.5 msec : 0
18.6 msec : 0
18.7 msec : 0
18.8 msec : 0
18.9 msec : 0
19.0 msec : 0
19.1 msec : 0
19.2 msec : 0
19.3 msec : 0
19.4 msec : 0
19.5 msec : 0
19.6 msec : 0
19.7 msec : 0
19.8 msec : 0
19.9 msec : 0
20.0 msec : 0
20.1 msec : 0
20.2 msec : 0
20.3 msec : 0
20.4 msec : 0
20.5 msec : 0
20.6 msec : 0
20.7 msec : 0
20.8 msec : 0
20.9 msec : 0
21.0 msec : 0
21.1 msec : 0
21.2 msec : 0
21.3 msec : 0
21.4 msec : 0
21.5 msec : 0
21.6 msec : 0
21.7 msec : 0
21.8 msec : 0
21.9 msec : 0
22.0 msec : 0
22.1 msec : 0
22.2 msec : 0
22.3 msec : 0
22.4 msec : 0
22.5 msec : 0
22.6 msec : 0
22.7 msec : 0
22.8 msec : 0
22.9 msec : 0
23.0 msec : 0
23.1 msec : 0
23.2 msec : 0
23.3 msec : 0
23.4 msec : 0
23.5 msec : 0
23.6 msec : 0
23.7 msec : 0
23.8 msec : 0
23.9 msec : 0
24.0 msec : 0
24.1 msec : 0
24.2 msec : 0
24.3 msec : 0
24.4 msec : 0
24.5 msec : 0
24.6 msec : 0
24.7 msec : 0
24.8 msec : 0
24.9 msec : 0
25.0 msec : 0
25.1 msec : 0
25.2 msec : 0
25.3 msec : 0
25.4 msec : 0
25.5 msec : 0
25.6 msec : 0
25.7 msec : 0
25.8 msec : 0
25.9 msec : 0
26.0 msec : 0
26.1 msec : 0
26.2 msec : 0
26.3 msec : 0
26.4 msec : 0
26.5 msec : 0
26.6 msec : 0
26.7 msec : 1
26.8 msec : 0
26.9 msec : 0
27.0 msec : 0
27.1 msec : 0
27.2 msec : 0
27.3 msec : 0
27.4 msec : 0
27.5 msec : 0
27.6 msec : 0
27.7 msec : 0
27.8 msec : 0
27.9 msec : 0
28.0 msec : 0
28.1 msec : 0
28.2 msec : 0
28.3 msec : 0
28.4 msec : 0
28.5 msec : 0
28.6 msec : 0
28.7 msec : 0
28.8 msec : 0
28.9 msec : 0
29.0 msec : 0
29.1 msec : 0
29.2 msec : 0
29.3 msec : 0
29.4 msec : 0
29.5 msec : 0
29.6 msec : 0
29.7 msec : 0
29.8 msec : 0
29.9 msec : 0
30.0 msec : 0
30.1 msec : 0
30.2 msec : 0
30.3 msec : 0
30.4 msec : 0
30.5 msec : 0
30.6 msec : 0
30.7 msec : 0
30.8 msec : 0
30.9 msec : 0
31.0 msec : 0
31.1 msec : 0
31.2 msec : 0
31.3 msec : 0
31.4 msec : 0
31.5 msec : 0
31.6 msec : 0
31.7 msec : 0
31.8 msec : 0
31.9 msec : 0
32.0 msec : 0
32.1 msec : 0
32.2 msec : 0
32.3 msec : 0
32.4 msec : 0
32.5 msec : 0
32.6 msec : 0
32.7 msec : 0
32.8 msec : 0
32.9 msec : 0
33.0 msec : 1
33.1 msec : 0
33.2 msec : 0
33.3 msec : 0
33.4 msec : 0
33.5 msec : 0
33.6 msec : 0
33.7 msec : 0
33.8 msec : 0
33.9 msec : 0
34.0 msec : 0
34.1 msec : 0
34.2 msec : 0
34.3 msec : 0
34.4 msec : 0
34.5 msec : 0
34.6 msec : 0
34.7 msec : 0
34.8 msec : 0
34.9 msec : 0
35.0 msec : 0
35.1 msec : 0
35.2 msec : 0
35.3 msec : 0
35.4 msec : 0
35.5 msec : 0
35.6 msec : 0
35.7 msec : 0
35.8 msec : 0
35.9 msec : 0
36.0 msec : 0
36.1 msec : 0
36.2 msec : 0
36.3 msec : 0
36.4 msec : 0
36.5 msec : 0
36.6 msec : 0
36.7 msec : 0
36.8 msec : 0
36.9 msec : 0
37.0 msec : 0
37.1 msec : 0
37.2 msec : 0
37.3 msec : 0
37.4 msec : 0
37.5 msec : 0
37.6 msec : 0
37.7 msec : 0
37.8 msec : 0
37.9 msec : 0
38.0 msec : 0
38.1 msec : 0
38.2 msec : 0
38.3 msec : 0
38.4 msec : 0
38.5 msec : 0
38.6 msec : 0
38.7 msec : 0
38.8 msec : 0
38.9 msec : 0
39.0 msec : 0
39.1 msec : 0
39.2 msec : 0
39.3 msec : 0
39.4 msec : 0
39.5 msec : 0
39.6 msec : 0
39.7 msec : 0
39.8 msec : 0
39.9 msec : 0
40.0 msec : 0
40.1 msec : 0
40.2 msec : 0
40.3 msec : 0
40.4 msec : 0
40.5 msec : 0
40.6 msec : 0
40.7 msec : 0
40.8 msec : 0
40.9 msec : 0
41.0 msec : 0
41.1 msec : 0
41.2 msec : 0
41.3 msec : 0
41.4 msec : 0
41.5 msec : 0
41.6 msec : 0
41.7 msec : 0
41.8 msec : 0
41.9 msec : 0
42.0 msec : 0
42.1 msec : 0
42.2 msec : 0
42.3 msec : 0
42.4 msec : 0
42.5 msec : 0
42.6 msec : 0
42.7 msec : 0
42.8 msec : 0
42.9 msec : 0
43.0 msec : 0
43.1 msec : 0
43.2 msec : 0
43.3 msec : 0
43.4 msec : 0
43.5 msec : 0
43.6 msec : 0
43.7 msec : 0
43.8 msec : 0
43.9 msec : 0
44.0 msec : 0
44.1 msec : 0
44.2 msec : 0
44.3 msec : 0
44.4 msec : 0
44.5 msec : 0
44.6 msec : 0
