Middleware started...
Middleware shuts down...
Smaller resolution statistics are in a log file...
Final aggregates per worker:


Worker 24
Average throughput (ops/sec) = 203
Average response time (msec) = 2.2603035901639346
Average queue length = 1
Average wait time in queue (msec) = 0.34551895081967215
Average service time (msec) = 1.7557804098360654
Number of SET = 203
Number of GET = 0
Number of MULTI GET = 0


Worker 7
Average throughput (ops/sec) = 202
Average response time (msec) = 2.437113524590164
Average queue length = 1
Average wait time in queue (msec) = 0.38935404918032784
Average service time (msec) = 1.8023748032786886
Number of SET = 202
Number of GET = 0
Number of MULTI GET = 0


Worker 25
Average throughput (ops/sec) = 206
Average response time (msec) = 2.3827419836065573
Average queue length = 2
Average wait time in queue (msec) = 0.4201686393442623
Average service time (msec) = 1.7526023278688525
Number of SET = 206
Number of GET = 0
Number of MULTI GET = 0


Worker 6
Average throughput (ops/sec) = 202
Average response time (msec) = 2.3350591967213115
Average queue length = 1
Average wait time in queue (msec) = 0.33789280327868854
Average service time (msec) = 1.8014580491803278
Number of SET = 202
Number of GET = 0
Number of MULTI GET = 0


Worker 26
Average throughput (ops/sec) = 201
Average response time (msec) = 2.355966901639344
Average queue length = 3
Average wait time in queue (msec) = 0.334614344262295
Average service time (msec) = 1.8444959344262295
Number of SET = 201
Number of GET = 0
Number of MULTI GET = 0


Worker 9
Average throughput (ops/sec) = 204
Average response time (msec) = 2.4391667540983604
Average queue length = 2
Average wait time in queue (msec) = 0.3616346393442623
Average service time (msec) = 1.8323083770491801
Number of SET = 204
Number of GET = 0
Number of MULTI GET = 0


Worker 27
Average throughput (ops/sec) = 201
Average response time (msec) = 2.4333597868852457
Average queue length = 2
Average wait time in queue (msec) = 0.3571192295081967
Average service time (msec) = 1.8867864262295082
Number of SET = 201
Number of GET = 0
Number of MULTI GET = 0


Worker 8
Average throughput (ops/sec) = 204
Average response time (msec) = 2.401109967213115
Average queue length = 1
Average wait time in queue (msec) = 0.39274039344262296
Average service time (msec) = 1.7931826557377049
Number of SET = 204
Number of GET = 0
Number of MULTI GET = 0


Worker 20
Average throughput (ops/sec) = 204
Average response time (msec) = 2.3136532622950816
Average queue length = 1
Average wait time in queue (msec) = 0.3319118360655738
Average service time (msec) = 1.750902
Number of SET = 204
Number of GET = 0
Number of MULTI GET = 0


Worker 3
Average throughput (ops/sec) = 202
Average response time (msec) = 2.538310081967213
Average queue length = 2
Average wait time in queue (msec) = 0.36934224590163933
Average service time (msec) = 1.891545262295082
Number of SET = 202
Number of GET = 0
Number of MULTI GET = 0


Worker 21
Average throughput (ops/sec) = 204
Average response time (msec) = 2.4377351967213117
Average queue length = 2
Average wait time in queue (msec) = 0.36728995081967214
Average service time (msec) = 1.7988874918032787
Number of SET = 204
Number of GET = 0
Number of MULTI GET = 0


Worker 2
Average throughput (ops/sec) = 204
Average response time (msec) = 2.445055032786885
Average queue length = 2
Average wait time in queue (msec) = 0.38949734426229504
Average service time (msec) = 1.879692
Number of SET = 204
Number of GET = 0
Number of MULTI GET = 0


Worker 22
Average throughput (ops/sec) = 203
Average response time (msec) = 2.414284049180328
Average queue length = 2
Average wait time in queue (msec) = 0.3688609344262295
Average service time (msec) = 1.8028433114754099
Number of SET = 203
Number of GET = 0
Number of MULTI GET = 0


Worker 5
Average throughput (ops/sec) = 204
Average response time (msec) = 2.329167295081967
Average queue length = 2
Average wait time in queue (msec) = 0.389646262295082
Average service time (msec) = 1.7417678852459015
Number of SET = 204
Number of GET = 0
Number of MULTI GET = 0


Worker 23
Average throughput (ops/sec) = 203
Average response time (msec) = 2.3353634590163934
Average queue length = 2
Average wait time in queue (msec) = 0.3788735737704918
Average service time (msec) = 1.7859500163934425
Number of SET = 203
Number of GET = 0
Number of MULTI GET = 0


Worker 4
Average throughput (ops/sec) = 201
Average response time (msec) = 2.380311344262295
Average queue length = 2
Average wait time in queue (msec) = 0.3223832295081967
Average service time (msec) = 1.7976693114754099
Number of SET = 201
Number of GET = 0
Number of MULTI GET = 0


Worker 28
Average throughput (ops/sec) = 202
Average response time (msec) = 2.327627
Average queue length = 2
Average wait time in queue (msec) = 0.3667850655737705
Average service time (msec) = 1.7948012459016394
Number of SET = 202
Number of GET = 0
Number of MULTI GET = 0


Worker 29
Average throughput (ops/sec) = 202
Average response time (msec) = 2.305911737704918
Average queue length = 2
Average wait time in queue (msec) = 0.3662282459016393
Average service time (msec) = 1.773392262295082
Number of SET = 202
Number of GET = 0
Number of MULTI GET = 0


Worker 1
Average throughput (ops/sec) = 202
Average response time (msec) = 2.352886344262295
Average queue length = 1
Average wait time in queue (msec) = 0.3623389344262295
Average service time (msec) = 1.7976138524590164
Number of SET = 202
Number of GET = 0
Number of MULTI GET = 0


Worker 30
Average throughput (ops/sec) = 199
Average response time (msec) = 2.294507213114754
Average queue length = 2
Average wait time in queue (msec) = 0.33704440983606554
Average service time (msec) = 1.7867088032786886
Number of SET = 199
Number of GET = 0
Number of MULTI GET = 0


Worker 13
Average throughput (ops/sec) = 205
Average response time (msec) = 2.35460137704918
Average queue length = 3
Average wait time in queue (msec) = 0.37076362295081966
Average service time (msec) = 1.76531468852459
Number of SET = 205
Number of GET = 0
Number of MULTI GET = 0


Worker 14
Average throughput (ops/sec) = 200
Average response time (msec) = 2.506988131147541
Average queue length = 2
Average wait time in queue (msec) = 0.39349111475409837
Average service time (msec) = 1.8526748360655738
Number of SET = 200
Number of GET = 0
Number of MULTI GET = 0


Worker 15
Average throughput (ops/sec) = 205
Average response time (msec) = 2.3464644262295082
Average queue length = 2
Average wait time in queue (msec) = 0.35519845901639346
Average service time (msec) = 1.8233471967213115
Number of SET = 205
Number of GET = 0
Number of MULTI GET = 0


Worker 16
Average throughput (ops/sec) = 201
Average response time (msec) = 2.387777704918033
Average queue length = 2
Average wait time in queue (msec) = 0.35045696721311476
Average service time (msec) = 1.8775147213114753
Number of SET = 201
Number of GET = 0
Number of MULTI GET = 0


Worker 31
Average throughput (ops/sec) = 202
Average response time (msec) = 2.2406809836065573
Average queue length = 2
Average wait time in queue (msec) = 0.32840442622950816
Average service time (msec) = 1.7548828032786885
Number of SET = 202
Number of GET = 0
Number of MULTI GET = 0


Worker 32
Average throughput (ops/sec) = 203
Average response time (msec) = 2.352114475409836
Average queue length = 2
Average wait time in queue (msec) = 0.3626057213114754
Average service time (msec) = 1.8189674426229507
Number of SET = 203
Number of GET = 0
Number of MULTI GET = 0


Worker 10
Average throughput (ops/sec) = 204
Average response time (msec) = 2.291465442622951
Average queue length = 2
Average wait time in queue (msec) = 0.33958896721311477
Average service time (msec) = 1.7657624262295082
Number of SET = 204
Number of GET = 0
Number of MULTI GET = 0


Worker 11
Average throughput (ops/sec) = 200
Average response time (msec) = 2.3478375901639343
Average queue length = 2
Average wait time in queue (msec) = 0.35236303278688524
Average service time (msec) = 1.8140347540983606
Number of SET = 200
Number of GET = 0
Number of MULTI GET = 0


Worker 12
Average throughput (ops/sec) = 204
Average response time (msec) = 2.378110967213115
Average queue length = 2
Average wait time in queue (msec) = 0.3517578360655738
Average service time (msec) = 1.856429
Number of SET = 204
Number of GET = 0
Number of MULTI GET = 0


Worker 17
Average throughput (ops/sec) = 203
Average response time (msec) = 2.413175213114754
Average queue length = 1
Average wait time in queue (msec) = 0.35938708196721314
Average service time (msec) = 1.7990483606557377
Number of SET = 203
Number of GET = 0
Number of MULTI GET = 0


Worker 18
Average throughput (ops/sec) = 202
Average response time (msec) = 2.343534540983607
Average queue length = 1
Average wait time in queue (msec) = 0.3439205573770492
Average service time (msec) = 1.8347994918032786
Number of SET = 202
Number of GET = 0
Number of MULTI GET = 0


Worker 19
Average throughput (ops/sec) = 203
Average response time (msec) = 2.3344412459016395
Average queue length = 2
Average wait time in queue (msec) = 0.33264539344262295
Average service time (msec) = 1.774646344262295
Number of SET = 203
Number of GET = 0
Number of MULTI GET = 0


FINAL STATS
Average throughput (ops/sec) = 6485
Average response time (msec) = 2.2164538433213195
Average queue length = 1
Average wait time in queue (msec) = 0.3603071331967213
Average service time (msec) = 1.8065057653688525
Number of SET = 6485
Number of GET = 0
Number of MULTI GET = 0
Number of Cache misses = 0


Histogram response times (0.1 msec step)
0.0 msec : 256
0.1 msec : 4178
0.2 msec : 14081
0.3 msec : 26044
0.4 msec : 34049
0.5 msec : 37853
0.6 msec : 37774
0.7 msec : 34814
0.8 msec : 30256
0.9 msec : 25321
1.0 msec : 20149
1.1 msec : 15703
1.2 msec : 12332
1.3 msec : 9536
1.4 msec : 7407
1.5 msec : 5593
1.6 msec : 4233
1.7 msec : 3176
1.8 msec : 2665
1.9 msec : 2195
2.0 msec : 1799
2.1 msec : 1658
2.2 msec : 1425
2.3 msec : 1141
2.4 msec : 1043
2.5 msec : 955
2.6 msec : 819
2.7 msec : 832
2.8 msec : 763
2.9 msec : 658
3.0 msec : 626
3.1 msec : 600
3.2 msec : 576
3.3 msec : 576
3.4 msec : 508
3.5 msec : 567
3.6 msec : 555
3.7 msec : 500
3.8 msec : 441
3.9 msec : 442
4.0 msec : 483
4.1 msec : 491
4.2 msec : 467
4.3 msec : 418
4.4 msec : 429
4.5 msec : 419
4.6 msec : 448
4.7 msec : 496
4.8 msec : 439
4.9 msec : 492
5.0 msec : 481
5.1 msec : 470
5.2 msec : 604
5.3 msec : 834
5.4 msec : 1170
5.5 msec : 1656
5.6 msec : 2047
5.7 msec : 2217
5.8 msec : 2405
5.9 msec : 2634
6.0 msec : 2800
6.1 msec : 3046
6.2 msec : 2729
6.3 msec : 2642
6.4 msec : 2384
6.5 msec : 2050
6.6 msec : 1845
6.7 msec : 1676
6.8 msec : 1384
6.9 msec : 1296
7.0 msec : 1156
7.1 msec : 885
7.2 msec : 727
7.3 msec : 616
7.4 msec : 583
7.5 msec : 491
7.6 msec : 488
7.7 msec : 423
7.8 msec : 369
7.9 msec : 302
8.0 msec : 285
8.1 msec : 251
8.2 msec : 248
8.3 msec : 237
8.4 msec : 181
8.5 msec : 190
8.6 msec : 172
8.7 msec : 151
8.8 msec : 162
8.9 msec : 148
9.0 msec : 158
9.1 msec : 113
9.2 msec : 111
9.3 msec : 109
9.4 msec : 112
9.5 msec : 90
9.6 msec : 79
9.7 msec : 67
9.8 msec : 68
9.9 msec : 80
10.0 msec : 88
10.1 msec : 79
10.2 msec : 79
10.3 msec : 57
10.4 msec : 71
10.5 msec : 47
10.6 msec : 53
10.7 msec : 48
10.8 msec : 54
10.9 msec : 71
11.0 msec : 44
11.1 msec : 43
11.2 msec : 49
11.3 msec : 50
11.4 msec : 53
11.5 msec : 37
11.6 msec : 34
11.7 msec : 46
11.8 msec : 35
11.9 msec : 25
12.0 msec : 20
12.1 msec : 14
12.2 msec : 28
12.3 msec : 22
12.4 msec : 27
12.5 msec : 27
12.6 msec : 15
12.7 msec : 18
12.8 msec : 22
12.9 msec : 13
13.0 msec : 22
13.1 msec : 14
13.2 msec : 12
13.3 msec : 15
13.4 msec : 16
13.5 msec : 14
13.6 msec : 14
13.7 msec : 11
13.8 msec : 10
13.9 msec : 12
14.0 msec : 11
14.1 msec : 16
14.2 msec : 13
14.3 msec : 19
14.4 msec : 7
14.5 msec : 8
14.6 msec : 12
14.7 msec : 5
14.8 msec : 11
14.9 msec : 2
15.0 msec : 7
15.1 msec : 8
15.2 msec : 5
15.3 msec : 12
15.4 msec : 7
15.5 msec : 11
15.6 msec : 7
15.7 msec : 6
15.8 msec : 11
15.9 msec : 8
16.0 msec : 13
16.1 msec : 10
16.2 msec : 4
16.3 msec : 6
16.4 msec : 15
16.5 msec : 14
16.6 msec : 13
16.7 msec : 15
16.8 msec : 9
16.9 msec : 11
17.0 msec : 10
17.1 msec : 9
17.2 msec : 4
17.3 msec : 5
17.4 msec : 8
17.5 msec : 6
17.6 msec : 6
17.7 msec : 8
17.8 msec : 3
17.9 msec : 2
18.0 msec : 7
18.1 msec : 0
18.2 msec : 4
18.3 msec : 0
18.4 msec : 3
18.5 msec : 4
18.6 msec : 4
18.7 msec : 3
18.8 msec : 5
18.9 msec : 5
19.0 msec : 4
19.1 msec : 6
19.2 msec : 9
19.3 msec : 5
19.4 msec : 8
19.5 msec : 14
19.6 msec : 5
19.7 msec : 8
19.8 msec : 0
19.9 msec : 10
20.0 msec : 7
20.1 msec : 8
20.2 msec : 3
20.3 msec : 4
20.4 msec : 2
20.5 msec : 8
20.6 msec : 8
20.7 msec : 7
20.8 msec : 5
20.9 msec : 7
21.0 msec : 11
21.1 msec : 4
21.2 msec : 3
21.3 msec : 4
21.4 msec : 1
21.5 msec : 3
21.6 msec : 2
21.7 msec : 1
21.8 msec : 0
21.9 msec : 0
22.0 msec : 1
22.1 msec : 0
22.2 msec : 0
22.3 msec : 0
22.4 msec : 1
22.5 msec : 2
22.6 msec : 0
22.7 msec : 1
22.8 msec : 0
22.9 msec : 0
23.0 msec : 0
23.1 msec : 0
23.2 msec : 1
23.3 msec : 0
23.4 msec : 1
23.5 msec : 2
23.6 msec : 2
23.7 msec : 0
23.8 msec : 1
23.9 msec : 1
24.0 msec : 0
24.1 msec : 0
24.2 msec : 1
24.3 msec : 0
24.4 msec : 0
24.5 msec : 0
24.6 msec : 1
24.7 msec : 1
24.8 msec : 2
24.9 msec : 1
25.0 msec : 0
25.1 msec : 0
25.2 msec : 0
25.3 msec : 6
25.4 msec : 3
25.5 msec : 1
25.6 msec : 2
25.7 msec : 7
25.8 msec : 10
25.9 msec : 5
26.0 msec : 2
26.1 msec : 2
26.2 msec : 3
26.3 msec : 4
26.4 msec : 7
26.5 msec : 6
26.6 msec : 5
26.7 msec : 2
26.8 msec : 1
26.9 msec : 1
27.0 msec : 0
27.1 msec : 3
27.2 msec : 0
27.3 msec : 3
27.4 msec : 2
27.5 msec : 4
27.6 msec : 3
27.7 msec : 0
27.8 msec : 1
27.9 msec : 1
28.0 msec : 2
28.1 msec : 1
28.2 msec : 3
28.3 msec : 1
28.4 msec : 0
28.5 msec : 2
28.6 msec : 0
28.7 msec : 2
28.8 msec : 1
28.9 msec : 0
29.0 msec : 0
29.1 msec : 1
29.2 msec : 1
29.3 msec : 0
29.4 msec : 0
29.5 msec : 1
29.6 msec : 1
29.7 msec : 1
29.8 msec : 0
29.9 msec : 0
30.0 msec : 0
30.1 msec : 0
30.2 msec : 0
30.3 msec : 0
30.4 msec : 0
30.5 msec : 0
30.6 msec : 0
30.7 msec : 1
30.8 msec : 0
30.9 msec : 0
31.0 msec : 0
31.1 msec : 0
31.2 msec : 0
31.3 msec : 1
31.4 msec : 0
31.5 msec : 2
31.6 msec : 0
31.7 msec : 0
31.8 msec : 0
31.9 msec : 0
32.0 msec : 0
32.1 msec : 0
32.2 msec : 0
32.3 msec : 1
32.4 msec : 0
32.5 msec : 1
32.6 msec : 0
32.7 msec : 0
32.8 msec : 0
32.9 msec : 2
33.0 msec : 3
33.1 msec : 5
33.2 msec : 1
33.3 msec : 7
33.4 msec : 3
33.5 msec : 2
33.6 msec : 1
33.7 msec : 4
33.8 msec : 4
33.9 msec : 5
34.0 msec : 9
34.1 msec : 3
34.2 msec : 1
34.3 msec : 1
34.4 msec : 0
34.5 msec : 2
34.6 msec : 1
34.7 msec : 3
34.8 msec : 2
34.9 msec : 0
35.0 msec : 0
35.1 msec : 0
35.2 msec : 0
35.3 msec : 0
35.4 msec : 1
35.5 msec : 1
35.6 msec : 2
35.7 msec : 1
35.8 msec : 2
35.9 msec : 2
36.0 msec : 1
36.1 msec : 1
36.2 msec : 0
36.3 msec : 0
36.4 msec : 0
36.5 msec : 2
36.6 msec : 1
36.7 msec : 0
36.8 msec : 0
36.9 msec : 3
37.0 msec : 3
37.1 msec : 0
37.2 msec : 0
37.3 msec : 1
37.4 msec : 1
37.5 msec : 0
37.6 msec : 2
37.7 msec : 0
37.8 msec : 1
37.9 msec : 0
38.0 msec : 0
38.1 msec : 1
38.2 msec : 0
38.3 msec : 0
38.4 msec : 0
38.5 msec : 0
38.6 msec : 0
38.7 msec : 0
38.8 msec : 0
38.9 msec : 1
39.0 msec : 1
39.1 msec : 0
39.2 msec : 0
39.3 msec : 0
39.4 msec : 0
39.5 msec : 0
39.6 msec : 0
39.7 msec : 1
39.8 msec : 1
39.9 msec : 0
40.0 msec : 1
40.1 msec : 0
40.2 msec : 0
40.3 msec : 1
40.4 msec : 2
40.5 msec : 0
40.6 msec : 2
40.7 msec : 0
40.8 msec : 2
40.9 msec : 0
41.0 msec : 5
41.1 msec : 1
41.2 msec : 1
41.3 msec : 0
41.4 msec : 0
41.5 msec : 1
41.6 msec : 5
41.7 msec : 2
41.8 msec : 0
41.9 msec : 1
42.0 msec : 0
42.1 msec : 0
42.2 msec : 0
42.3 msec : 0
42.4 msec : 0
42.5 msec : 0
42.6 msec : 0
42.7 msec : 1
42.8 msec : 2
42.9 msec : 2
43.0 msec : 1
43.1 msec : 2
43.2 msec : 1
43.3 msec : 0
43.4 msec : 0
43.5 msec : 0
43.6 msec : 0
43.7 msec : 2
43.8 msec : 1
43.9 msec : 1
44.0 msec : 1
44.1 msec : 3
44.2 msec : 3
44.3 msec : 1
44.4 msec : 2
44.5 msec : 2
44.6 msec : 0
44.7 msec : 1
44.8 msec : 0
44.9 msec : 1
45.0 msec : 0
45.1 msec : 0
45.2 msec : 0
45.3 msec : 1
45.4 msec : 0
45.5 msec : 0
45.6 msec : 1
45.7 msec : 0
45.8 msec : 1
45.9 msec : 2
46.0 msec : 0
46.1 msec : 0
46.2 msec : 1
46.3 msec : 1
46.4 msec : 0
46.5 msec : 1
46.6 msec : 0
46.7 msec : 0
46.8 msec : 2
46.9 msec : 4
47.0 msec : 0
47.1 msec : 0
47.2 msec : 0
47.3 msec : 1
47.4 msec : 2
47.5 msec : 0
47.6 msec : 3
47.7 msec : 0
47.8 msec : 2
47.9 msec : 1
48.0 msec : 1
48.1 msec : 0
48.2 msec : 0
48.3 msec : 0
48.4 msec : 0
48.5 msec : 1
48.6 msec : 2
48.7 msec : 3
48.8 msec : 1
48.9 msec : 0
49.0 msec : 1
49.1 msec : 2
49.2 msec : 1
49.3 msec : 1
49.4 msec : 2
49.5 msec : 2
49.6 msec : 2
49.7 msec : 0
49.8 msec : 0
49.9 msec : 0
50.0 msec : 0
50.1 msec : 4
50.2 msec : 2
50.3 msec : 1
50.4 msec : 1
50.5 msec : 0
50.6 msec : 0
50.7 msec : 1
50.8 msec : 1
50.9 msec : 4
51.0 msec : 1
51.1 msec : 2
51.2 msec : 1
51.3 msec : 1
51.4 msec : 0
51.5 msec : 0
51.6 msec : 0
51.7 msec : 2
51.8 msec : 0
51.9 msec : 0
52.0 msec : 0
52.1 msec : 0
52.2 msec : 1
52.3 msec : 2
52.4 msec : 2
52.5 msec : 2
52.6 msec : 2
52.7 msec : 0
52.8 msec : 2
52.9 msec : 0
53.0 msec : 0
53.1 msec : 2
53.2 msec : 2
53.3 msec : 2
53.4 msec : 0
53.5 msec : 1
53.6 msec : 0
53.7 msec : 1
53.8 msec : 0
53.9 msec : 0
54.0 msec : 0
54.1 msec : 1
54.2 msec : 1
54.3 msec : 0
54.4 msec : 1
54.5 msec : 0
54.6 msec : 0
54.7 msec : 0
54.8 msec : 1
54.9 msec : 0
55.0 msec : 0
55.1 msec : 0
55.2 msec : 0
55.3 msec : 1
55.4 msec : 0
55.5 msec : 0
55.6 msec : 0
55.7 msec : 0
55.8 msec : 0
55.9 msec : 0
56.0 msec : 0
56.1 msec : 0
56.2 msec : 0
56.3 msec : 0
56.4 msec : 0
56.5 msec : 1
56.6 msec : 0
56.7 msec : 1
56.8 msec : 0
56.9 msec : 0
57.0 msec : 0
57.1 msec : 0
57.2 msec : 0
57.3 msec : 0
57.4 msec : 0
57.5 msec : 0
57.6 msec : 0
57.7 msec : 0
57.8 msec : 0
57.9 msec : 0
58.0 msec : 0
58.1 msec : 0
58.2 msec : 0
58.3 msec : 0
58.4 msec : 0
58.5 msec : 0
58.6 msec : 1
58.7 msec : 3
58.8 msec : 2
58.9 msec : 1
59.0 msec : 0
59.1 msec : 1
59.2 msec : 0
59.3 msec : 0
59.4 msec : 0
59.5 msec : 0
59.6 msec : 0
59.7 msec : 0
59.8 msec : 0
59.9 msec : 0
60.0 msec : 0
60.1 msec : 0
60.2 msec : 0
60.3 msec : 1
60.4 msec : 0
60.5 msec : 0
60.6 msec : 0
60.7 msec : 0
60.8 msec : 0
60.9 msec : 0
61.0 msec : 0
61.1 msec : 0
61.2 msec : 0
61.3 msec : 1
61.4 msec : 0
61.5 msec : 0
61.6 msec : 0
61.7 msec : 0
61.8 msec : 0
61.9 msec : 0
62.0 msec : 0
62.1 msec : 0
62.2 msec : 0
62.3 msec : 0
62.4 msec : 0
62.5 msec : 0
62.6 msec : 0
62.7 msec : 0
62.8 msec : 0
62.9 msec : 0
63.0 msec : 0
63.1 msec : 0
63.2 msec : 0
63.3 msec : 0
63.4 msec : 0
63.5 msec : 0
63.6 msec : 1
63.7 msec : 2
63.8 msec : 0
63.9 msec : 2
64.0 msec : 2
64.1 msec : 1
64.2 msec : 1
64.3 msec : 1
64.4 msec : 2
64.5 msec : 1
64.6 msec : 1
64.7 msec : 0
64.8 msec : 0
64.9 msec : 1
65.0 msec : 2
65.1 msec : 0
65.2 msec : 2
65.3 msec : 2
65.4 msec : 1
65.5 msec : 1
65.6 msec : 0
65.7 msec : 0
65.8 msec : 0
65.9 msec : 0
66.0 msec : 0
66.1 msec : 1
66.2 msec : 2
66.3 msec : 0
66.4 msec : 3
66.5 msec : 0
66.6 msec : 0
66.7 msec : 0
66.8 msec : 0
66.9 msec : 0
67.0 msec : 0
67.1 msec : 0
67.2 msec : 0
67.3 msec : 0
67.4 msec : 1
67.5 msec : 0
67.6 msec : 1
67.7 msec : 0
67.8 msec : 1
67.9 msec : 2
68.0 msec : 1
68.1 msec : 1
68.2 msec : 1
68.3 msec : 0
68.4 msec : 0
68.5 msec : 0
68.6 msec : 0
68.7 msec : 0
68.8 msec : 0
68.9 msec : 0
69.0 msec : 0
69.1 msec : 0
69.2 msec : 0
69.3 msec : 0
69.4 msec : 0
69.5 msec : 0
69.6 msec : 0
69.7 msec : 0
69.8 msec : 0
69.9 msec : 0
70.0 msec : 0
70.1 msec : 0
70.2 msec : 0
70.3 msec : 0
70.4 msec : 0
70.5 msec : 0
70.6 msec : 0
70.7 msec : 0
70.8 msec : 0
70.9 msec : 0
71.0 msec : 0
71.1 msec : 0
71.2 msec : 0
71.3 msec : 0
71.4 msec : 1
71.5 msec : 0
71.6 msec : 0
71.7 msec : 0
71.8 msec : 0
71.9 msec : 0
72.0 msec : 0
72.1 msec : 0
72.2 msec : 0
72.3 msec : 0
72.4 msec : 0
72.5 msec : 0
72.6 msec : 0
72.7 msec : 0
72.8 msec : 0
72.9 msec : 0
73.0 msec : 0
73.1 msec : 0
73.2 msec : 0
73.3 msec : 0
73.4 msec : 0
73.5 msec : 1
73.6 msec : 0
73.7 msec : 0
73.8 msec : 0
73.9 msec : 0
74.0 msec : 0
74.1 msec : 0
74.2 msec : 0
74.3 msec : 0
74.4 msec : 0
74.5 msec : 0
74.6 msec : 0
74.7 msec : 0
74.8 msec : 0
74.9 msec : 0
75.0 msec : 0
75.1 msec : 0
75.2 msec : 0
75.3 msec : 0
75.4 msec : 0
75.5 msec : 0
75.6 msec : 0
75.7 msec : 0
75.8 msec : 0
75.9 msec : 0
76.0 msec : 0
76.1 msec : 0
76.2 msec : 0
76.3 msec : 0
76.4 msec : 0
76.5 msec : 0
76.6 msec : 1
76.7 msec : 0
76.8 msec : 0
76.9 msec : 0
77.0 msec : 0
77.1 msec : 0
77.2 msec : 0
77.3 msec : 0
77.4 msec : 0
77.5 msec : 0
77.6 msec : 0
77.7 msec : 0
77.8 msec : 0
77.9 msec : 1
78.0 msec : 0
78.1 msec : 1
78.2 msec : 5
78.3 msec : 0
78.4 msec : 2
78.5 msec : 0
78.6 msec : 0
78.7 msec : 2
78.8 msec : 4
78.9 msec : 4
79.0 msec : 0
79.1 msec : 1
79.2 msec : 1
79.3 msec : 0
79.4 msec : 0
79.5 msec : 0
79.6 msec : 0
79.7 msec : 0
79.8 msec : 0
79.9 msec : 0
80.0 msec : 0
80.1 msec : 0
80.2 msec : 0
80.3 msec : 0
80.4 msec : 0
80.5 msec : 0
80.6 msec : 0
80.7 msec : 0
80.8 msec : 0
80.9 msec : 0
81.0 msec : 1
81.1 msec : 0
81.2 msec : 0
81.3 msec : 1
81.4 msec : 0
81.5 msec : 0
81.6 msec : 1
81.7 msec : 0
81.8 msec : 0
81.9 msec : 0
82.0 msec : 0
82.1 msec : 0
82.2 msec : 0
82.3 msec : 0
82.4 msec : 0
82.5 msec : 0
82.6 msec : 0
82.7 msec : 0
82.8 msec : 0
82.9 msec : 0
83.0 msec : 0
83.1 msec : 0
83.2 msec : 0
83.3 msec : 0
83.4 msec : 0
83.5 msec : 0
83.6 msec : 0
83.7 msec : 0
83.8 msec : 0
83.9 msec : 1
84.0 msec : 0
84.1 msec : 0
84.2 msec : 0
84.3 msec : 0
84.4 msec : 0
84.5 msec : 0
84.6 msec : 0
84.7 msec : 0
84.8 msec : 0
84.9 msec : 0
85.0 msec : 0
85.1 msec : 0
85.2 msec : 0
85.3 msec : 0
85.4 msec : 0
85.5 msec : 0
85.6 msec : 0
85.7 msec : 0
85.8 msec : 0
85.9 msec : 0
86.0 msec : 0
86.1 msec : 1
86.2 msec : 0
86.3 msec : 0
86.4 msec : 0
86.5 msec : 0
86.6 msec : 0
86.7 msec : 0
86.8 msec : 0
86.9 msec : 0
87.0 msec : 0
87.1 msec : 0
87.2 msec : 0
87.3 msec : 0
87.4 msec : 0
87.5 msec : 0
87.6 msec : 0
87.7 msec : 0
87.8 msec : 0
87.9 msec : 0
88.0 msec : 0
88.1 msec : 0
88.2 msec : 0
88.3 msec : 0
88.4 msec : 0
88.5 msec : 0
88.6 msec : 0
88.7 msec : 0
88.8 msec : 0
88.9 msec : 0
89.0 msec : 0
89.1 msec : 0
89.2 msec : 0
89.3 msec : 0
89.4 msec : 0
89.5 msec : 0
89.6 msec : 0
89.7 msec : 0
89.8 msec : 0
89.9 msec : 0
90.0 msec : 0
90.1 msec : 0
90.2 msec : 0
90.3 msec : 0
90.4 msec : 0
90.5 msec : 0
90.6 msec : 0
90.7 msec : 0
90.8 msec : 0
90.9 msec : 0
91.0 msec : 0
91.1 msec : 0
91.2 msec : 0
91.3 msec : 0
91.4 msec : 0
91.5 msec : 0
91.6 msec : 0
91.7 msec : 0
91.8 msec : 0
91.9 msec : 0
92.0 msec : 0
92.1 msec : 0
92.2 msec : 0
92.3 msec : 0
92.4 msec : 0
92.5 msec : 0
92.6 msec : 0
92.7 msec : 0
92.8 msec : 0
92.9 msec : 0
93.0 msec : 0
93.1 msec : 0
93.2 msec : 0
93.3 msec : 0
93.4 msec : 0
93.5 msec : 0
93.6 msec : 0
93.7 msec : 0
93.8 msec : 0
93.9 msec : 0
94.0 msec : 0
94.1 msec : 0
94.2 msec : 0
94.3 msec : 0
94.4 msec : 0
94.5 msec : 0
94.6 msec : 0
94.7 msec : 0
94.8 msec : 0
94.9 msec : 0
95.0 msec : 0
