Middleware started...
Middleware shuts down...
Smaller resolution statistics are in a log file...
Final aggregates per worker:


Worker 24
Average throughput (ops/sec) = 77
Average response time (msec) = 1.1251076557377049
Average queue length = 0
Average wait time in queue (msec) = 0.08767718032786885
Average service time (msec) = 0.9574881147540983
Number of SET = 77
Number of GET = 0
Number of MULTI GET = 0


Worker 7
Average throughput (ops/sec) = 77
Average response time (msec) = 1.1278788032786886
Average queue length = 0
Average wait time in queue (msec) = 0.07912175409836066
Average service time (msec) = 0.9682510819672131
Number of SET = 77
Number of GET = 0
Number of MULTI GET = 0


Worker 25
Average throughput (ops/sec) = 78
Average response time (msec) = 1.133024213114754
Average queue length = 0
Average wait time in queue (msec) = 0.09184309836065574
Average service time (msec) = 0.969058213114754
Number of SET = 78
Number of GET = 0
Number of MULTI GET = 0


Worker 6
Average throughput (ops/sec) = 77
Average response time (msec) = 1.1423728852459016
Average queue length = 0
Average wait time in queue (msec) = 0.08015526229508196
Average service time (msec) = 0.9800316229508197
Number of SET = 77
Number of GET = 0
Number of MULTI GET = 0


Worker 26
Average throughput (ops/sec) = 77
Average response time (msec) = 1.132478606557377
Average queue length = 0
Average wait time in queue (msec) = 0.08423380327868853
Average service time (msec) = 0.9672940327868853
Number of SET = 77
Number of GET = 0
Number of MULTI GET = 0


Worker 9
Average throughput (ops/sec) = 77
Average response time (msec) = 1.1293780163934426
Average queue length = 0
Average wait time in queue (msec) = 0.08282145901639344
Average service time (msec) = 0.9651634426229507
Number of SET = 77
Number of GET = 0
Number of MULTI GET = 0


Worker 27
Average throughput (ops/sec) = 77
Average response time (msec) = 1.1578840327868853
Average queue length = 0
Average wait time in queue (msec) = 0.08637973770491804
Average service time (msec) = 0.990467786885246
Number of SET = 77
Number of GET = 0
Number of MULTI GET = 0


Worker 8
Average throughput (ops/sec) = 78
Average response time (msec) = 1.1379361475409835
Average queue length = 0
Average wait time in queue (msec) = 0.08426575409836067
Average service time (msec) = 0.9772828524590164
Number of SET = 78
Number of GET = 0
Number of MULTI GET = 0


Worker 20
Average throughput (ops/sec) = 77
Average response time (msec) = 1.1471090163934425
Average queue length = 0
Average wait time in queue (msec) = 0.07629718032786885
Average service time (msec) = 0.9899493278688524
Number of SET = 77
Number of GET = 0
Number of MULTI GET = 0


Worker 3
Average throughput (ops/sec) = 78
Average response time (msec) = 1.136819213114754
Average queue length = 0
Average wait time in queue (msec) = 0.08656168852459016
Average service time (msec) = 0.9720629180327869
Number of SET = 78
Number of GET = 0
Number of MULTI GET = 0


Worker 21
Average throughput (ops/sec) = 77
Average response time (msec) = 1.1789651311475409
Average queue length = 0
Average wait time in queue (msec) = 0.08146663934426229
Average service time (msec) = 0.9847957540983606
Number of SET = 77
Number of GET = 0
Number of MULTI GET = 0


Worker 2
Average throughput (ops/sec) = 77
Average response time (msec) = 1.1401130819672132
Average queue length = 0
Average wait time in queue (msec) = 0.08188045901639344
Average service time (msec) = 0.982877786885246
Number of SET = 77
Number of GET = 0
Number of MULTI GET = 0


Worker 22
Average throughput (ops/sec) = 77
Average response time (msec) = 1.1504788688524592
Average queue length = 0
Average wait time in queue (msec) = 0.07868724590163934
Average service time (msec) = 0.9968741639344263
Number of SET = 77
Number of GET = 0
Number of MULTI GET = 0


Worker 5
Average throughput (ops/sec) = 78
Average response time (msec) = 1.1458733934426228
Average queue length = 0
Average wait time in queue (msec) = 0.08518190163934426
Average service time (msec) = 0.9840537540983607
Number of SET = 78
Number of GET = 0
Number of MULTI GET = 0


Worker 23
Average throughput (ops/sec) = 78
Average response time (msec) = 1.1368982295081966
Average queue length = 0
Average wait time in queue (msec) = 0.08629790163934425
Average service time (msec) = 0.9763527213114754
Number of SET = 78
Number of GET = 0
Number of MULTI GET = 0


Worker 4
Average throughput (ops/sec) = 78
Average response time (msec) = 1.1519280327868853
Average queue length = 0
Average wait time in queue (msec) = 0.077493
Average service time (msec) = 0.9949335737704917
Number of SET = 78
Number of GET = 0
Number of MULTI GET = 0


Worker 28
Average throughput (ops/sec) = 77
Average response time (msec) = 1.1315967540983607
Average queue length = 0
Average wait time in queue (msec) = 0.0858795081967213
Average service time (msec) = 0.966844
Number of SET = 77
Number of GET = 0
Number of MULTI GET = 0


Worker 29
Average throughput (ops/sec) = 77
Average response time (msec) = 1.1479193114754098
Average queue length = 0
Average wait time in queue (msec) = 0.07443916393442623
Average service time (msec) = 0.994388868852459
Number of SET = 77
Number of GET = 0
Number of MULTI GET = 0


Worker 1
Average throughput (ops/sec) = 78
Average response time (msec) = 1.143333262295082
Average queue length = 0
Average wait time in queue (msec) = 0.08515924590163934
Average service time (msec) = 0.980460786885246
Number of SET = 78
Number of GET = 0
Number of MULTI GET = 0


Worker 30
Average throughput (ops/sec) = 77
Average response time (msec) = 1.1444060163934426
Average queue length = 0
Average wait time in queue (msec) = 0.08173237704918034
Average service time (msec) = 0.9856740327868853
Number of SET = 77
Number of GET = 0
Number of MULTI GET = 0


Worker 13
Average throughput (ops/sec) = 77
Average response time (msec) = 1.1397367540983607
Average queue length = 0
Average wait time in queue (msec) = 0.07827144262295083
Average service time (msec) = 0.9873512459016394
Number of SET = 77
Number of GET = 0
Number of MULTI GET = 0


Worker 14
Average throughput (ops/sec) = 79
Average response time (msec) = 1.1399176393442623
Average queue length = 0
Average wait time in queue (msec) = 0.08045227868852459
Average service time (msec) = 0.9781013278688524
Number of SET = 79
Number of GET = 0
Number of MULTI GET = 0


Worker 15
Average throughput (ops/sec) = 78
Average response time (msec) = 1.1355265409836066
Average queue length = 0
Average wait time in queue (msec) = 0.08172214754098361
Average service time (msec) = 0.9719846393442623
Number of SET = 78
Number of GET = 0
Number of MULTI GET = 0


Worker 16
Average throughput (ops/sec) = 76
Average response time (msec) = 1.133749213114754
Average queue length = 0
Average wait time in queue (msec) = 0.08275654098360655
Average service time (msec) = 0.9717014590163934
Number of SET = 76
Number of GET = 0
Number of MULTI GET = 0


Worker 31
Average throughput (ops/sec) = 78
Average response time (msec) = 1.124632
Average queue length = 0
Average wait time in queue (msec) = 0.08041385245901639
Average service time (msec) = 0.9700458032786886
Number of SET = 78
Number of GET = 0
Number of MULTI GET = 0


Worker 32
Average throughput (ops/sec) = 78
Average response time (msec) = 1.1474729508196722
Average queue length = 0
Average wait time in queue (msec) = 0.08975862295081967
Average service time (msec) = 0.9786970819672131
Number of SET = 78
Number of GET = 0
Number of MULTI GET = 0


Worker 10
Average throughput (ops/sec) = 78
Average response time (msec) = 1.1266754262295082
Average queue length = 0
Average wait time in queue (msec) = 0.08457118032786884
Average service time (msec) = 0.9662890655737705
Number of SET = 78
Number of GET = 0
Number of MULTI GET = 0


Worker 11
Average throughput (ops/sec) = 76
Average response time (msec) = 1.1112512786885247
Average queue length = 0
Average wait time in queue (msec) = 0.08273275409836066
Average service time (msec) = 0.9476852131147541
Number of SET = 76
Number of GET = 0
Number of MULTI GET = 0


Worker 12
Average throughput (ops/sec) = 76
Average response time (msec) = 1.1397698852459015
Average queue length = 0
Average wait time in queue (msec) = 0.08601539344262295
Average service time (msec) = 0.9792850491803279
Number of SET = 76
Number of GET = 0
Number of MULTI GET = 0


Worker 17
Average throughput (ops/sec) = 77
Average response time (msec) = 1.1395034590163935
Average queue length = 0
Average wait time in queue (msec) = 0.08432444262295083
Average service time (msec) = 0.9748732131147541
Number of SET = 77
Number of GET = 0
Number of MULTI GET = 0


Worker 18
Average throughput (ops/sec) = 79
Average response time (msec) = 1.1354753770491801
Average queue length = 0
Average wait time in queue (msec) = 0.08309154098360655
Average service time (msec) = 0.971618180327869
Number of SET = 79
Number of GET = 0
Number of MULTI GET = 0


Worker 19
Average throughput (ops/sec) = 78
Average response time (msec) = 1.1387551803278688
Average queue length = 0
Average wait time in queue (msec) = 0.079174
Average service time (msec) = 0.9852479344262296
Number of SET = 78
Number of GET = 0
Number of MULTI GET = 0


FINAL STATS
Average throughput (ops/sec) = 2477
Average response time (msec) = 1.1184125329529093
Average queue length = 0
Average wait time in queue (msec) = 0.08283932991803279
Average service time (msec) = 0.9770995327868853
Number of SET = 2477
Number of GET = 0
Number of MULTI GET = 0
Number of Cache misses = 0


Histogram response times (0.1 msec step)
0.0 msec : 2489
0.1 msec : 20682
0.2 msec : 31794
0.3 msec : 28975
0.4 msec : 20378
0.5 msec : 12663
0.6 msec : 8137
0.7 msec : 5717
0.8 msec : 4127
0.9 msec : 3150
1.0 msec : 2262
1.1 msec : 1749
1.2 msec : 1420
1.3 msec : 1105
1.4 msec : 851
1.5 msec : 697
1.6 msec : 584
1.7 msec : 463
1.8 msec : 371
1.9 msec : 300
2.0 msec : 313
2.1 msec : 261
2.2 msec : 281
2.3 msec : 198
2.4 msec : 193
2.5 msec : 174
2.6 msec : 137
2.7 msec : 136
2.8 msec : 146
2.9 msec : 97
3.0 msec : 105
3.1 msec : 104
3.2 msec : 121
3.3 msec : 85
3.4 msec : 93
3.5 msec : 80
3.6 msec : 79
3.7 msec : 79
3.8 msec : 60
3.9 msec : 68
4.0 msec : 71
4.1 msec : 56
4.2 msec : 58
4.3 msec : 47
4.4 msec : 43
4.5 msec : 64
4.6 msec : 58
4.7 msec : 37
4.8 msec : 36
4.9 msec : 34
5.0 msec : 33
5.1 msec : 32
5.2 msec : 37
5.3 msec : 44
5.4 msec : 46
5.5 msec : 36
5.6 msec : 39
5.7 msec : 55
5.8 msec : 39
5.9 msec : 41
6.0 msec : 28
6.1 msec : 27
6.2 msec : 29
6.3 msec : 28
6.4 msec : 28
6.5 msec : 23
6.6 msec : 19
6.7 msec : 9
6.8 msec : 16
6.9 msec : 18
7.0 msec : 13
7.1 msec : 17
7.2 msec : 6
7.3 msec : 6
7.4 msec : 7
7.5 msec : 16
7.6 msec : 18
7.7 msec : 7
7.8 msec : 8
7.9 msec : 5
8.0 msec : 5
8.1 msec : 10
8.2 msec : 8
8.3 msec : 9
8.4 msec : 10
8.5 msec : 1
8.6 msec : 6
8.7 msec : 7
8.8 msec : 4
8.9 msec : 9
9.0 msec : 2
9.1 msec : 3
9.2 msec : 3
9.3 msec : 3
9.4 msec : 6
9.5 msec : 1
9.6 msec : 3
9.7 msec : 0
9.8 msec : 2
9.9 msec : 4
10.0 msec : 5
10.1 msec : 4
10.2 msec : 0
10.3 msec : 4
10.4 msec : 5
10.5 msec : 6
10.6 msec : 0
10.7 msec : 2
10.8 msec : 1
10.9 msec : 0
11.0 msec : 0
11.1 msec : 0
11.2 msec : 0
11.3 msec : 1
11.4 msec : 0
11.5 msec : 0
11.6 msec : 1
11.7 msec : 1
11.8 msec : 0
11.9 msec : 0
12.0 msec : 0
12.1 msec : 0
12.2 msec : 3
12.3 msec : 2
12.4 msec : 0
12.5 msec : 0
12.6 msec : 1
12.7 msec : 0
12.8 msec : 1
12.9 msec : 0
13.0 msec : 1
13.1 msec : 0
13.2 msec : 0
13.3 msec : 0
13.4 msec : 0
13.5 msec : 0
13.6 msec : 0
13.7 msec : 1
13.8 msec : 0
13.9 msec : 0
14.0 msec : 0
14.1 msec : 0
14.2 msec : 0
14.3 msec : 0
14.4 msec : 0
14.5 msec : 0
14.6 msec : 1
14.7 msec : 0
14.8 msec : 1
14.9 msec : 0
15.0 msec : 0
15.1 msec : 0
15.2 msec : 0
15.3 msec : 1
15.4 msec : 0
15.5 msec : 0
15.6 msec : 1
15.7 msec : 1
15.8 msec : 0
15.9 msec : 0
16.0 msec : 0
16.1 msec : 0
16.2 msec : 1
16.3 msec : 0
16.4 msec : 0
16.5 msec : 0
16.6 msec : 0
16.7 msec : 0
16.8 msec : 0
16.9 msec : 0
17.0 msec : 0
17.1 msec : 0
17.2 msec : 0
17.3 msec : 0
17.4 msec : 0
17.5 msec : 0
17.6 msec : 0
17.7 msec : 0
17.8 msec : 0
17.9 msec : 2
18.0 msec : 1
18.1 msec : 0
18.2 msec : 0
18.3 msec : 0
18.4 msec : 0
18.5 msec : 0
18.6 msec : 0
18.7 msec : 0
18.8 msec : 2
18.9 msec : 1
19.0 msec : 0
19.1 msec : 2
19.2 msec : 0
19.3 msec : 0
19.4 msec : 0
19.5 msec : 0
19.6 msec : 0
19.7 msec : 0
19.8 msec : 0
19.9 msec : 0
20.0 msec : 0
20.1 msec : 0
20.2 msec : 0
20.3 msec : 0
20.4 msec : 0
20.5 msec : 0
20.6 msec : 0
20.7 msec : 0
20.8 msec : 0
20.9 msec : 0
21.0 msec : 0
21.1 msec : 0
21.2 msec : 0
21.3 msec : 0
21.4 msec : 0
21.5 msec : 0
21.6 msec : 0
21.7 msec : 0
21.8 msec : 0
21.9 msec : 0
22.0 msec : 0
22.1 msec : 0
22.2 msec : 0
22.3 msec : 0
22.4 msec : 0
22.5 msec : 0
22.6 msec : 0
22.7 msec : 0
22.8 msec : 0
22.9 msec : 0
23.0 msec : 0
23.1 msec : 0
23.2 msec : 0
23.3 msec : 0
23.4 msec : 0
23.5 msec : 0
23.6 msec : 0
23.7 msec : 0
23.8 msec : 0
23.9 msec : 0
24.0 msec : 1
24.1 msec : 0
24.2 msec : 0
24.3 msec : 0
24.4 msec : 1
24.5 msec : 1
24.6 msec : 0
24.7 msec : 0
24.8 msec : 0
24.9 msec : 0
25.0 msec : 0
25.1 msec : 0
25.2 msec : 0
25.3 msec : 0
25.4 msec : 0
25.5 msec : 0
25.6 msec : 0
25.7 msec : 0
25.8 msec : 0
25.9 msec : 0
26.0 msec : 0
26.1 msec : 0
26.2 msec : 0
26.3 msec : 0
26.4 msec : 0
26.5 msec : 0
26.6 msec : 0
26.7 msec : 0
26.8 msec : 0
26.9 msec : 0
27.0 msec : 0
27.1 msec : 0
27.2 msec : 0
27.3 msec : 0
27.4 msec : 0
27.5 msec : 0
27.6 msec : 0
27.7 msec : 0
27.8 msec : 0
27.9 msec : 0
28.0 msec : 0
28.1 msec : 0
28.2 msec : 0
28.3 msec : 0
28.4 msec : 0
28.5 msec : 0
28.6 msec : 0
28.7 msec : 0
28.8 msec : 0
28.9 msec : 0
29.0 msec : 0
29.1 msec : 0
29.2 msec : 0
29.3 msec : 0
29.4 msec : 0
29.5 msec : 0
29.6 msec : 0
29.7 msec : 0
29.8 msec : 0
29.9 msec : 0
30.0 msec : 0
30.1 msec : 0
30.2 msec : 0
30.3 msec : 0
30.4 msec : 0
30.5 msec : 0
30.6 msec : 0
30.7 msec : 0
30.8 msec : 0
30.9 msec : 0
31.0 msec : 0
31.1 msec : 0
31.2 msec : 0
31.3 msec : 0
31.4 msec : 0
31.5 msec : 0
31.6 msec : 0
31.7 msec : 0
31.8 msec : 0
31.9 msec : 0
32.0 msec : 0
32.1 msec : 0
32.2 msec : 0
32.3 msec : 0
32.4 msec : 0
32.5 msec : 0
32.6 msec : 0
32.7 msec : 0
32.8 msec : 0
32.9 msec : 0
33.0 msec : 0
33.1 msec : 0
33.2 msec : 0
33.3 msec : 0
33.4 msec : 0
33.5 msec : 0
33.6 msec : 0
33.7 msec : 0
33.8 msec : 0
33.9 msec : 0
34.0 msec : 0
34.1 msec : 0
34.2 msec : 0
34.3 msec : 0
34.4 msec : 0
34.5 msec : 0
34.6 msec : 0
34.7 msec : 0
34.8 msec : 0
34.9 msec : 0
35.0 msec : 0
35.1 msec : 0
35.2 msec : 0
35.3 msec : 0
35.4 msec : 0
35.5 msec : 0
35.6 msec : 0
35.7 msec : 0
35.8 msec : 0
35.9 msec : 0
36.0 msec : 0
36.1 msec : 0
36.2 msec : 0
36.3 msec : 0
36.4 msec : 0
36.5 msec : 0
36.6 msec : 0
