Middleware started...
Middleware shuts down...
Smaller resolution statistics are in a log file...
Final aggregates per worker:


Worker 46
Average throughput (ops/sec) = 9
Average response time (msec) = 0.750553344262295
Average queue length = 0
Average wait time in queue (msec) = 0.024401918032786886
Average service time (msec) = 0.645598344262295
Number of SET = 9
Number of GET = 0
Number of MULTI GET = 0


Worker 47
Average throughput (ops/sec) = 9
Average response time (msec) = 0.7204213114754099
Average queue length = 0
Average wait time in queue (msec) = 0.032591114754098365
Average service time (msec) = 0.605982786885246
Number of SET = 9
Number of GET = 0
Number of MULTI GET = 0


Worker 48
Average throughput (ops/sec) = 9
Average response time (msec) = 0.895671344262295
Average queue length = 0
Average wait time in queue (msec) = 0.028506950819672132
Average service time (msec) = 0.6320500819672131
Number of SET = 9
Number of GET = 0
Number of MULTI GET = 0


Worker 49
Average throughput (ops/sec) = 9
Average response time (msec) = 0.7177864098360656
Average queue length = 0
Average wait time in queue (msec) = 0.033195819672131144
Average service time (msec) = 0.6059620983606557
Number of SET = 9
Number of GET = 0
Number of MULTI GET = 0


Worker 42
Average throughput (ops/sec) = 9
Average response time (msec) = 0.7086264590163934
Average queue length = 0
Average wait time in queue (msec) = 0.02508903278688525
Average service time (msec) = 0.6054616229508196
Number of SET = 9
Number of GET = 0
Number of MULTI GET = 0


Worker 43
Average throughput (ops/sec) = 9
Average response time (msec) = 0.7453177704918033
Average queue length = 0
Average wait time in queue (msec) = 0.024388639344262292
Average service time (msec) = 0.6399609836065574
Number of SET = 9
Number of GET = 0
Number of MULTI GET = 0


Worker 44
Average throughput (ops/sec) = 9
Average response time (msec) = 0.8328157868852459
Average queue length = 0
Average wait time in queue (msec) = 0.024374983606557377
Average service time (msec) = 0.632749081967213
Number of SET = 9
Number of GET = 0
Number of MULTI GET = 0


Worker 45
Average throughput (ops/sec) = 9
Average response time (msec) = 0.7455535737704918
Average queue length = 0
Average wait time in queue (msec) = 0.03028306557377049
Average service time (msec) = 0.6336926721311475
Number of SET = 9
Number of GET = 0
Number of MULTI GET = 0


Worker 50
Average throughput (ops/sec) = 9
Average response time (msec) = 0.762185868852459
Average queue length = 0
Average wait time in queue (msec) = 0.024497885245901636
Average service time (msec) = 0.609272081967213
Number of SET = 9
Number of GET = 0
Number of MULTI GET = 0


Worker 51
Average throughput (ops/sec) = 9
Average response time (msec) = 0.7245970163934427
Average queue length = 0
Average wait time in queue (msec) = 0.022584655737704917
Average service time (msec) = 0.615975131147541
Number of SET = 9
Number of GET = 0
Number of MULTI GET = 0


Worker 52
Average throughput (ops/sec) = 9
Average response time (msec) = 0.7277227049180327
Average queue length = 0
Average wait time in queue (msec) = 0.02321232786885246
Average service time (msec) = 0.623535475409836
Number of SET = 9
Number of GET = 0
Number of MULTI GET = 0


Worker 57
Average throughput (ops/sec) = 9
Average response time (msec) = 0.7771961967213115
Average queue length = 0
Average wait time in queue (msec) = 0.06355177049180327
Average service time (msec) = 0.620011262295082
Number of SET = 9
Number of GET = 0
Number of MULTI GET = 0


Worker 13
Average throughput (ops/sec) = 9
Average response time (msec) = 0.7499404098360656
Average queue length = 0
Average wait time in queue (msec) = 0.023404016393442622
Average service time (msec) = 0.6367496229508197
Number of SET = 9
Number of GET = 0
Number of MULTI GET = 0


Worker 58
Average throughput (ops/sec) = 9
Average response time (msec) = 0.7183129672131148
Average queue length = 0
Average wait time in queue (msec) = 0.02270645901639344
Average service time (msec) = 0.613025049180328
Number of SET = 9
Number of GET = 0
Number of MULTI GET = 0


Worker 14
Average throughput (ops/sec) = 9
Average response time (msec) = 0.7048037049180328
Average queue length = 0
Average wait time in queue (msec) = 0.026537360655737707
Average service time (msec) = 0.5892071147540984
Number of SET = 9
Number of GET = 0
Number of MULTI GET = 0


Worker 59
Average throughput (ops/sec) = 9
Average response time (msec) = 0.6914734426229507
Average queue length = 0
Average wait time in queue (msec) = 0.02633311475409836
Average service time (msec) = 0.5862176721311476
Number of SET = 9
Number of GET = 0
Number of MULTI GET = 0


Worker 15
Average throughput (ops/sec) = 9
Average response time (msec) = 0.7532205737704918
Average queue length = 0
Average wait time in queue (msec) = 0.024259032786885248
Average service time (msec) = 0.6468185409836066
Number of SET = 9
Number of GET = 0
Number of MULTI GET = 0


Worker 16
Average throughput (ops/sec) = 9
Average response time (msec) = 0.7442236393442623
Average queue length = 0
Average wait time in queue (msec) = 0.02321183606557377
Average service time (msec) = 0.6306862459016394
Number of SET = 9
Number of GET = 0
Number of MULTI GET = 0


Worker 53
Average throughput (ops/sec) = 9
Average response time (msec) = 0.7378924590163934
Average queue length = 0
Average wait time in queue (msec) = 0.02415132786885246
Average service time (msec) = 0.6340771311475409
Number of SET = 9
Number of GET = 0
Number of MULTI GET = 0


Worker 54
Average throughput (ops/sec) = 9
Average response time (msec) = 0.6724041803278689
Average queue length = 0
Average wait time in queue (msec) = 0.026791983606557376
Average service time (msec) = 0.5648337377049181
Number of SET = 9
Number of GET = 0
Number of MULTI GET = 0


Worker 10
Average throughput (ops/sec) = 9
Average response time (msec) = 0.7400745409836066
Average queue length = 0
Average wait time in queue (msec) = 0.022812131147540982
Average service time (msec) = 0.6376400163934426
Number of SET = 9
Number of GET = 0
Number of MULTI GET = 0


Worker 55
Average throughput (ops/sec) = 9
Average response time (msec) = 0.700008918032787
Average queue length = 0
Average wait time in queue (msec) = 0.022303163934426228
Average service time (msec) = 0.5985365901639343
Number of SET = 9
Number of GET = 0
Number of MULTI GET = 0


Worker 11
Average throughput (ops/sec) = 9
Average response time (msec) = 0.7618265901639344
Average queue length = 0
Average wait time in queue (msec) = 0.026095540983606558
Average service time (msec) = 0.6492297540983607
Number of SET = 9
Number of GET = 0
Number of MULTI GET = 0


Worker 56
Average throughput (ops/sec) = 9
Average response time (msec) = 0.7142432459016393
Average queue length = 0
Average wait time in queue (msec) = 0.02305777049180328
Average service time (msec) = 0.6106109180327869
Number of SET = 9
Number of GET = 0
Number of MULTI GET = 0


Worker 12
Average throughput (ops/sec) = 9
Average response time (msec) = 0.713854868852459
Average queue length = 0
Average wait time in queue (msec) = 0.026106426229508196
Average service time (msec) = 0.6035164098360656
Number of SET = 9
Number of GET = 0
Number of MULTI GET = 0


Worker 17
Average throughput (ops/sec) = 9
Average response time (msec) = 0.7067725081967213
Average queue length = 0
Average wait time in queue (msec) = 0.02709211475409836
Average service time (msec) = 0.5998690327868853
Number of SET = 9
Number of GET = 0
Number of MULTI GET = 0


Worker 18
Average throughput (ops/sec) = 9
Average response time (msec) = 0.742666606557377
Average queue length = 0
Average wait time in queue (msec) = 0.021959786885245903
Average service time (msec) = 0.6416454918032787
Number of SET = 9
Number of GET = 0
Number of MULTI GET = 0


Worker 19
Average throughput (ops/sec) = 9
Average response time (msec) = 0.7079664426229507
Average queue length = 0
Average wait time in queue (msec) = 0.022437622950819674
Average service time (msec) = 0.6033572459016393
Number of SET = 9
Number of GET = 0
Number of MULTI GET = 0


Worker 60
Average throughput (ops/sec) = 9
Average response time (msec) = 0.7158172459016393
Average queue length = 0
Average wait time in queue (msec) = 0.024317278688524593
Average service time (msec) = 0.613016
Number of SET = 9
Number of GET = 0
Number of MULTI GET = 0


Worker 61
Average throughput (ops/sec) = 9
Average response time (msec) = 0.7224890819672131
Average queue length = 0
Average wait time in queue (msec) = 0.025205147540983606
Average service time (msec) = 0.6148253606557377
Number of SET = 9
Number of GET = 0
Number of MULTI GET = 0


Worker 62
Average throughput (ops/sec) = 9
Average response time (msec) = 0.7034405901639343
Average queue length = 0
Average wait time in queue (msec) = 0.02453626229508197
Average service time (msec) = 0.5908403770491804
Number of SET = 9
Number of GET = 0
Number of MULTI GET = 0


Worker 63
Average throughput (ops/sec) = 9
Average response time (msec) = 0.6802982459016393
Average queue length = 0
Average wait time in queue (msec) = 0.023515704918032787
Average service time (msec) = 0.5758974426229507
Number of SET = 9
Number of GET = 0
Number of MULTI GET = 0


Worker 24
Average throughput (ops/sec) = 9
Average response time (msec) = 0.7330395901639344
Average queue length = 0
Average wait time in queue (msec) = 0.03008739344262295
Average service time (msec) = 0.619005081967213
Number of SET = 9
Number of GET = 0
Number of MULTI GET = 0


Worker 7
Average throughput (ops/sec) = 9
Average response time (msec) = 0.8115036229508197
Average queue length = 0
Average wait time in queue (msec) = 0.06960170491803279
Average service time (msec) = 0.6543635901639344
Number of SET = 9
Number of GET = 0
Number of MULTI GET = 0


Worker 25
Average throughput (ops/sec) = 9
Average response time (msec) = 0.7392902786885246
Average queue length = 0
Average wait time in queue (msec) = 0.023073114754098362
Average service time (msec) = 0.6336736721311476
Number of SET = 9
Number of GET = 0
Number of MULTI GET = 0


Worker 6
Average throughput (ops/sec) = 9
Average response time (msec) = 0.7756690983606557
Average queue length = 0
Average wait time in queue (msec) = 0.03144640983606557
Average service time (msec) = 0.6440178032786886
Number of SET = 9
Number of GET = 0
Number of MULTI GET = 0


Worker 26
Average throughput (ops/sec) = 9
Average response time (msec) = 0.766675868852459
Average queue length = 0
Average wait time in queue (msec) = 0.022862213114754098
Average service time (msec) = 0.6634877704918033
Number of SET = 9
Number of GET = 0
Number of MULTI GET = 0


Worker 9
Average throughput (ops/sec) = 9
Average response time (msec) = 0.7089445573770492
Average queue length = 0
Average wait time in queue (msec) = 0.02674755737704918
Average service time (msec) = 0.596387
Number of SET = 9
Number of GET = 0
Number of MULTI GET = 0


Worker 27
Average throughput (ops/sec) = 9
Average response time (msec) = 0.7386550983606557
Average queue length = 0
Average wait time in queue (msec) = 0.024476409836065572
Average service time (msec) = 0.5797156721311476
Number of SET = 9
Number of GET = 0
Number of MULTI GET = 0


Worker 8
Average throughput (ops/sec) = 9
Average response time (msec) = 0.7185745245901639
Average queue length = 0
Average wait time in queue (msec) = 0.026506950819672134
Average service time (msec) = 0.6088630983606557
Number of SET = 9
Number of GET = 0
Number of MULTI GET = 0


Worker 64
Average throughput (ops/sec) = 9
Average response time (msec) = 0.7214975737704917
Average queue length = 0
Average wait time in queue (msec) = 0.024563918032786885
Average service time (msec) = 0.6131957213114754
Number of SET = 9
Number of GET = 0
Number of MULTI GET = 0


Worker 20
Average throughput (ops/sec) = 9
Average response time (msec) = 0.707181868852459
Average queue length = 0
Average wait time in queue (msec) = 0.02239383606557377
Average service time (msec) = 0.602014344262295
Number of SET = 9
Number of GET = 0
Number of MULTI GET = 0


Worker 3
Average throughput (ops/sec) = 9
Average response time (msec) = 0.8443543278688525
Average queue length = 0
Average wait time in queue (msec) = 0.024476737704918032
Average service time (msec) = 0.63253
Number of SET = 9
Number of GET = 0
Number of MULTI GET = 0


Worker 21
Average throughput (ops/sec) = 9
Average response time (msec) = 0.7165100327868853
Average queue length = 0
Average wait time in queue (msec) = 0.023358114754098363
Average service time (msec) = 0.6078344590163934
Number of SET = 9
Number of GET = 0
Number of MULTI GET = 0


Worker 2
Average throughput (ops/sec) = 9
Average response time (msec) = 0.853018655737705
Average queue length = 0
Average wait time in queue (msec) = 0.07184345901639345
Average service time (msec) = 0.6675950983606557
Number of SET = 9
Number of GET = 0
Number of MULTI GET = 0


Worker 22
Average throughput (ops/sec) = 9
Average response time (msec) = 0.7172813278688525
Average queue length = 0
Average wait time in queue (msec) = 0.023849885245901637
Average service time (msec) = 0.6120755901639344
Number of SET = 9
Number of GET = 0
Number of MULTI GET = 0


Worker 5
Average throughput (ops/sec) = 9
Average response time (msec) = 0.739331868852459
Average queue length = 0
Average wait time in queue (msec) = 0.02347277049180328
Average service time (msec) = 0.6322404426229508
Number of SET = 9
Number of GET = 0
Number of MULTI GET = 0


Worker 23
Average throughput (ops/sec) = 9
Average response time (msec) = 0.7009026885245901
Average queue length = 0
Average wait time in queue (msec) = 0.023345360655737706
Average service time (msec) = 0.5973753770491803
Number of SET = 9
Number of GET = 0
Number of MULTI GET = 0


Worker 4
Average throughput (ops/sec) = 9
Average response time (msec) = 0.7296942295081967
Average queue length = 0
Average wait time in queue (msec) = 0.023632
Average service time (msec) = 0.6222688524590164
Number of SET = 9
Number of GET = 0
Number of MULTI GET = 0


Worker 28
Average throughput (ops/sec) = 9
Average response time (msec) = 0.759882393442623
Average queue length = 0
Average wait time in queue (msec) = 0.0236827868852459
Average service time (msec) = 0.6537667704918033
Number of SET = 9
Number of GET = 0
Number of MULTI GET = 0


Worker 29
Average throughput (ops/sec) = 9
Average response time (msec) = 0.7166115409836066
Average queue length = 0
Average wait time in queue (msec) = 0.02301467213114754
Average service time (msec) = 0.6123775081967213
Number of SET = 9
Number of GET = 0
Number of MULTI GET = 0


Worker 1
Average throughput (ops/sec) = 9
Average response time (msec) = 0.7037226721311476
Average queue length = 0
Average wait time in queue (msec) = 0.02830732786885246
Average service time (msec) = 0.5950825573770492
Number of SET = 9
Number of GET = 0
Number of MULTI GET = 0


Worker 30
Average throughput (ops/sec) = 9
Average response time (msec) = 0.7264239836065574
Average queue length = 0
Average wait time in queue (msec) = 0.023468016393442623
Average service time (msec) = 0.6252579836065574
Number of SET = 9
Number of GET = 0
Number of MULTI GET = 0


Worker 35
Average throughput (ops/sec) = 9
Average response time (msec) = 0.7488497704918033
Average queue length = 0
Average wait time in queue (msec) = 0.024171196721311478
Average service time (msec) = 0.6370291475409836
Number of SET = 9
Number of GET = 0
Number of MULTI GET = 0


Worker 36
Average throughput (ops/sec) = 9
Average response time (msec) = 0.7127514590163934
Average queue length = 0
Average wait time in queue (msec) = 0.024289967213114754
Average service time (msec) = 0.6073214918032787
Number of SET = 9
Number of GET = 0
Number of MULTI GET = 0


Worker 37
Average throughput (ops/sec) = 9
Average response time (msec) = 0.6941139016393443
Average queue length = 0
Average wait time in queue (msec) = 0.02498645901639344
Average service time (msec) = 0.5875725573770493
Number of SET = 9
Number of GET = 0
Number of MULTI GET = 0


Worker 38
Average throughput (ops/sec) = 9
Average response time (msec) = 0.6842368196721311
Average queue length = 0
Average wait time in queue (msec) = 0.027571245901639344
Average service time (msec) = 0.575963344262295
Number of SET = 9
Number of GET = 0
Number of MULTI GET = 0


Worker 31
Average throughput (ops/sec) = 9
Average response time (msec) = 0.7176069672131147
Average queue length = 0
Average wait time in queue (msec) = 0.02488655737704918
Average service time (msec) = 0.6071825573770492
Number of SET = 9
Number of GET = 0
Number of MULTI GET = 0


Worker 32
Average throughput (ops/sec) = 9
Average response time (msec) = 0.7907210491803279
Average queue length = 0
Average wait time in queue (msec) = 0.02641260655737705
Average service time (msec) = 0.6180414918032787
Number of SET = 9
Number of GET = 0
Number of MULTI GET = 0


Worker 33
Average throughput (ops/sec) = 9
Average response time (msec) = 0.7394454426229508
Average queue length = 0
Average wait time in queue (msec) = 0.024137147540983606
Average service time (msec) = 0.6324272786885247
Number of SET = 9
Number of GET = 0
Number of MULTI GET = 0


Worker 34
Average throughput (ops/sec) = 9
Average response time (msec) = 0.6968476885245901
Average queue length = 0
Average wait time in queue (msec) = 0.023121196721311476
Average service time (msec) = 0.5928425901639344
Number of SET = 9
Number of GET = 0
Number of MULTI GET = 0


Worker 39
Average throughput (ops/sec) = 9
Average response time (msec) = 0.7222721803278689
Average queue length = 0
Average wait time in queue (msec) = 0.02457045901639344
Average service time (msec) = 0.6150017704918033
Number of SET = 9
Number of GET = 0
Number of MULTI GET = 0


Worker 40
Average throughput (ops/sec) = 9
Average response time (msec) = 0.7326245081967213
Average queue length = 0
Average wait time in queue (msec) = 0.023352426229508196
Average service time (msec) = 0.6286138360655738
Number of SET = 9
Number of GET = 0
Number of MULTI GET = 0


Worker 41
Average throughput (ops/sec) = 9
Average response time (msec) = 0.7419087704918033
Average queue length = 0
Average wait time in queue (msec) = 0.025343655737704918
Average service time (msec) = 0.6381524098360656
Number of SET = 9
Number of GET = 0
Number of MULTI GET = 0


FINAL STATS
Average throughput (ops/sec) = 576
Average response time (msec) = 0.7154500012985328
Average queue length = 0
Average wait time in queue (msec) = 0.02704009067622951
Average service time (msec) = 0.6175645038422131
Number of SET = 576
Number of GET = 0
Number of MULTI GET = 0
Number of Cache misses = 0
Arrival rate (lambda) = [0, 0, 0, 0, 0, 40, 533, 579, 528, 620, 599, 624, 600, 600, 655, 622, 665, 645, 626, 651, 644, 617, 624, 625, 672, 697, 666, 605, 575, 680, 723, 632, 696, 642, 586, 599, 572, 650, 661, 754, 664, 592, 638, 575, 668, 735, 657, 669, 714, 617, 618, 634, 716, 702, 746, 696, 654, 628, 596, 664, 709, 645, 667, 690, 578, 526, 1, 0]


Histogram response times (0.1 msec step)
0.0 msec : 3892
0.1 msec : 14809
0.2 msec : 8941
0.3 msec : 4213
0.4 msec : 1973
0.5 msec : 1102
0.6 msec : 716
0.7 msec : 499
0.8 msec : 403
0.9 msec : 329
1.0 msec : 235
1.1 msec : 159
1.2 msec : 148
1.3 msec : 119
1.4 msec : 104
1.5 msec : 119
1.6 msec : 69
1.7 msec : 75
1.8 msec : 49
1.9 msec : 57
2.0 msec : 42
2.1 msec : 37
2.2 msec : 35
2.3 msec : 27
2.4 msec : 28
2.5 msec : 20
2.6 msec : 15
2.7 msec : 18
2.8 msec : 33
2.9 msec : 25
3.0 msec : 18
3.1 msec : 16
3.2 msec : 9
3.3 msec : 10
3.4 msec : 7
3.5 msec : 9
3.6 msec : 8
3.7 msec : 14
3.8 msec : 8
3.9 msec : 9
4.0 msec : 6
4.1 msec : 4
4.2 msec : 6
4.3 msec : 2
4.4 msec : 5
4.5 msec : 5
4.6 msec : 5
4.7 msec : 2
4.8 msec : 2
4.9 msec : 5
5.0 msec : 4
5.1 msec : 5
5.2 msec : 0
5.3 msec : 2
5.4 msec : 4
5.5 msec : 3
5.6 msec : 1
5.7 msec : 0
5.8 msec : 1
5.9 msec : 4
6.0 msec : 2
6.1 msec : 2
6.2 msec : 2
6.3 msec : 3
6.4 msec : 3
6.5 msec : 0
6.6 msec : 2
6.7 msec : 1
6.8 msec : 0
6.9 msec : 4
7.0 msec : 0
7.1 msec : 3
7.2 msec : 0
7.3 msec : 0
7.4 msec : 1
7.5 msec : 0
7.6 msec : 0
7.7 msec : 0
7.8 msec : 0
7.9 msec : 3
8.0 msec : 0
8.1 msec : 1
8.2 msec : 1
8.3 msec : 0
8.4 msec : 0
8.5 msec : 0
8.6 msec : 1
8.7 msec : 0
8.8 msec : 2
8.9 msec : 1
9.0 msec : 0
9.1 msec : 0
9.2 msec : 0
9.3 msec : 0
9.4 msec : 1
9.5 msec : 0
9.6 msec : 0
9.7 msec : 0
9.8 msec : 0
9.9 msec : 0
10.0 msec : 0
10.1 msec : 1
10.2 msec : 0
10.3 msec : 0
10.4 msec : 0
10.5 msec : 0
10.6 msec : 1
10.7 msec : 0
10.8 msec : 0
10.9 msec : 0
11.0 msec : 0
11.1 msec : 0
11.2 msec : 0
11.3 msec : 0
11.4 msec : 0
11.5 msec : 0
11.6 msec : 0
11.7 msec : 0
11.8 msec : 0
11.9 msec : 0
12.0 msec : 0
12.1 msec : 0
12.2 msec : 0
12.3 msec : 0
12.4 msec : 0
12.5 msec : 0
12.6 msec : 0
12.7 msec : 0
12.8 msec : 0
12.9 msec : 0
13.0 msec : 0
13.1 msec : 0
13.2 msec : 0
13.3 msec : 0
13.4 msec : 0
13.5 msec : 0
13.6 msec : 0
13.7 msec : 0
13.8 msec : 0
13.9 msec : 0
14.0 msec : 0
14.1 msec : 0
14.2 msec : 0
14.3 msec : 0
14.4 msec : 0
14.5 msec : 0
14.6 msec : 0
14.7 msec : 0
14.8 msec : 0
14.9 msec : 0
15.0 msec : 0
15.1 msec : 0
15.2 msec : 0
15.3 msec : 0
15.4 msec : 0
15.5 msec : 0
15.6 msec : 0
15.7 msec : 0
15.8 msec : 0
15.9 msec : 0
16.0 msec : 0
16.1 msec : 0
16.2 msec : 0
16.3 msec : 0
16.4 msec : 0
16.5 msec : 0
16.6 msec : 0
16.7 msec : 0
16.8 msec : 0
16.9 msec : 0
17.0 msec : 0
17.1 msec : 0
17.2 msec : 0
17.3 msec : 0
17.4 msec : 0
17.5 msec : 0
17.6 msec : 0
17.7 msec : 0
17.8 msec : 0
17.9 msec : 0
18.0 msec : 0
18.1 msec : 0
18.2 msec : 0
18.3 msec : 0
18.4 msec : 0
18.5 msec : 0
18.6 msec : 0
18.7 msec : 0
18.8 msec : 0
18.9 msec : 0
19.0 msec : 0
19.1 msec : 0
19.2 msec : 0
19.3 msec : 0
19.4 msec : 0
19.5 msec : 0
19.6 msec : 0
19.7 msec : 0
19.8 msec : 0
19.9 msec : 0
20.0 msec : 0
20.1 msec : 0
20.2 msec : 0
20.3 msec : 0
20.4 msec : 0
20.5 msec : 0
20.6 msec : 0
20.7 msec : 0
20.8 msec : 0
20.9 msec : 0
21.0 msec : 0
21.1 msec : 0
21.2 msec : 0
21.3 msec : 0
21.4 msec : 0
21.5 msec : 0
21.6 msec : 0
21.7 msec : 0
21.8 msec : 0
21.9 msec : 0
22.0 msec : 0
22.1 msec : 0
22.2 msec : 0
22.3 msec : 0
22.4 msec : 0
22.5 msec : 0
22.6 msec : 0
22.7 msec : 0
22.8 msec : 0
22.9 msec : 0
23.0 msec : 0
23.1 msec : 0
23.2 msec : 0
23.3 msec : 0
23.4 msec : 0
23.5 msec : 0
23.6 msec : 0
23.7 msec : 0
23.8 msec : 0
23.9 msec : 0
24.0 msec : 0
24.1 msec : 0
24.2 msec : 0
24.3 msec : 0
24.4 msec : 0
24.5 msec : 0
24.6 msec : 0
24.7 msec : 0
24.8 msec : 0
24.9 msec : 1
25.0 msec : 0
25.1 msec : 0
25.2 msec : 0
25.3 msec : 0
25.4 msec : 0
25.5 msec : 0
25.6 msec : 0
25.7 msec : 0
25.8 msec : 0
25.9 msec : 0
26.0 msec : 0
26.1 msec : 0
26.2 msec : 0
26.3 msec : 0
26.4 msec : 0
26.5 msec : 0
26.6 msec : 0
26.7 msec : 0
26.8 msec : 0
26.9 msec : 0
27.0 msec : 0
27.1 msec : 0
27.2 msec : 1
27.3 msec : 0
27.4 msec : 0
27.5 msec : 0
27.6 msec : 0
27.7 msec : 0
27.8 msec : 0
27.9 msec : 0
28.0 msec : 0
28.1 msec : 0
28.2 msec : 0
28.3 msec : 0
28.4 msec : 0
28.5 msec : 0
28.6 msec : 0
28.7 msec : 0
28.8 msec : 0
28.9 msec : 0
29.0 msec : 0
29.1 msec : 0
29.2 msec : 0
29.3 msec : 0
29.4 msec : 0
29.5 msec : 0
29.6 msec : 0
29.7 msec : 0
29.8 msec : 0
29.9 msec : 0
30.0 msec : 0
30.1 msec : 0
30.2 msec : 0
30.3 msec : 0
30.4 msec : 0
30.5 msec : 0
30.6 msec : 0
30.7 msec : 0
30.8 msec : 0
30.9 msec : 0
31.0 msec : 0
31.1 msec : 0
31.2 msec : 0
31.3 msec : 0
31.4 msec : 0
31.5 msec : 0
31.6 msec : 0
31.7 msec : 0
31.8 msec : 0
31.9 msec : 0
32.0 msec : 0
32.1 msec : 0
32.2 msec : 0
32.3 msec : 0
32.4 msec : 0
32.5 msec : 0
32.6 msec : 0
32.7 msec : 0
32.8 msec : 0
32.9 msec : 0
33.0 msec : 0
33.1 msec : 0
33.2 msec : 0
33.3 msec : 1
33.4 msec : 0
33.5 msec : 0
33.6 msec : 0
33.7 msec : 1
33.8 msec : 0
33.9 msec : 0
34.0 msec : 0
34.1 msec : 0
34.2 msec : 0
34.3 msec : 0
34.4 msec : 0
34.5 msec : 0
34.6 msec : 0
34.7 msec : 0
34.8 msec : 0
34.9 msec : 0
35.0 msec : 0
35.1 msec : 0
35.2 msec : 0
35.3 msec : 0
35.4 msec : 0
35.5 msec : 0
35.6 msec : 0
35.7 msec : 0
35.8 msec : 0
35.9 msec : 0
36.0 msec : 0
36.1 msec : 0
36.2 msec : 0
36.3 msec : 0
36.4 msec : 0
36.5 msec : 0
36.6 msec : 0
36.7 msec : 0
36.8 msec : 0
36.9 msec : 0
37.0 msec : 0
37.1 msec : 0
37.2 msec : 0
37.3 msec : 0
37.4 msec : 0
37.5 msec : 0
37.6 msec : 0
37.7 msec : 0
37.8 msec : 0
37.9 msec : 0
38.0 msec : 0
38.1 msec : 0
38.2 msec : 0
38.3 msec : 0
38.4 msec : 0
38.5 msec : 0
38.6 msec : 0
38.7 msec : 0
38.8 msec : 0
38.9 msec : 0
39.0 msec : 0
39.1 msec : 0
39.2 msec : 0
39.3 msec : 0
39.4 msec : 0
39.5 msec : 0
39.6 msec : 0
39.7 msec : 0
39.8 msec : 0
39.9 msec : 0
40.0 msec : 0
40.1 msec : 0
40.2 msec : 0
40.3 msec : 0
40.4 msec : 0
40.5 msec : 0
