Middleware started...
Middleware shuts down...
Smaller resolution statistics are in a log file...
Final aggregates per worker:


Worker 46
Average throughput (ops/sec) = 71
Average response time (msec) = 1.4240659016393442
Average queue length = 1
Average wait time in queue (msec) = 0.26358559016393446
Average service time (msec) = 1.004460475409836
Number of SET = 71
Number of GET = 0
Number of MULTI GET = 0


Worker 47
Average throughput (ops/sec) = 70
Average response time (msec) = 1.4212804918032786
Average queue length = 1
Average wait time in queue (msec) = 0.27883824590163936
Average service time (msec) = 1.0185867868852458
Number of SET = 70
Number of GET = 0
Number of MULTI GET = 0


Worker 48
Average throughput (ops/sec) = 70
Average response time (msec) = 1.419081737704918
Average queue length = 0
Average wait time in queue (msec) = 0.2800429344262295
Average service time (msec) = 1.033668393442623
Number of SET = 70
Number of GET = 0
Number of MULTI GET = 0


Worker 49
Average throughput (ops/sec) = 72
Average response time (msec) = 1.3863126393442622
Average queue length = 1
Average wait time in queue (msec) = 0.28364968852459016
Average service time (msec) = 1.0067649344262295
Number of SET = 72
Number of GET = 0
Number of MULTI GET = 0


Worker 42
Average throughput (ops/sec) = 70
Average response time (msec) = 1.4136954590163935
Average queue length = 1
Average wait time in queue (msec) = 0.27890681967213116
Average service time (msec) = 1.0293290819672132
Number of SET = 70
Number of GET = 0
Number of MULTI GET = 0


Worker 43
Average throughput (ops/sec) = 71
Average response time (msec) = 1.393903426229508
Average queue length = 1
Average wait time in queue (msec) = 0.25818709836065573
Average service time (msec) = 0.9782163770491803
Number of SET = 71
Number of GET = 0
Number of MULTI GET = 0


Worker 44
Average throughput (ops/sec) = 70
Average response time (msec) = 1.3761997704918032
Average queue length = 1
Average wait time in queue (msec) = 0.26572034426229507
Average service time (msec) = 1.0127528032786886
Number of SET = 70
Number of GET = 0
Number of MULTI GET = 0


Worker 45
Average throughput (ops/sec) = 70
Average response time (msec) = 1.4553562950819672
Average queue length = 1
Average wait time in queue (msec) = 0.2647976721311475
Average service time (msec) = 1.0434086393442623
Number of SET = 70
Number of GET = 0
Number of MULTI GET = 0


Worker 50
Average throughput (ops/sec) = 69
Average response time (msec) = 1.395353098360656
Average queue length = 1
Average wait time in queue (msec) = 0.2919316721311475
Average service time (msec) = 0.9901153606557377
Number of SET = 69
Number of GET = 0
Number of MULTI GET = 0


Worker 51
Average throughput (ops/sec) = 70
Average response time (msec) = 1.4206047540983606
Average queue length = 1
Average wait time in queue (msec) = 0.2823158852459017
Average service time (msec) = 1.023894918032787
Number of SET = 70
Number of GET = 0
Number of MULTI GET = 0


Worker 52
Average throughput (ops/sec) = 71
Average response time (msec) = 1.3802005409836067
Average queue length = 1
Average wait time in queue (msec) = 0.24175526229508199
Average service time (msec) = 1.0445439016393443
Number of SET = 71
Number of GET = 0
Number of MULTI GET = 0


Worker 57
Average throughput (ops/sec) = 71
Average response time (msec) = 1.4186624918032786
Average queue length = 1
Average wait time in queue (msec) = 0.27577931147540985
Average service time (msec) = 1.0410853278688523
Number of SET = 71
Number of GET = 0
Number of MULTI GET = 0


Worker 13
Average throughput (ops/sec) = 70
Average response time (msec) = 1.4014458688524591
Average queue length = 1
Average wait time in queue (msec) = 0.2582601475409836
Average service time (msec) = 1.0317135737704917
Number of SET = 70
Number of GET = 0
Number of MULTI GET = 0


Worker 58
Average throughput (ops/sec) = 69
Average response time (msec) = 1.4300004918032787
Average queue length = 1
Average wait time in queue (msec) = 0.27375952459016395
Average service time (msec) = 0.9918324426229508
Number of SET = 69
Number of GET = 0
Number of MULTI GET = 0


Worker 14
Average throughput (ops/sec) = 70
Average response time (msec) = 1.461378524590164
Average queue length = 1
Average wait time in queue (msec) = 0.3041192295081967
Average service time (msec) = 1.0363230163934427
Number of SET = 70
Number of GET = 0
Number of MULTI GET = 0


Worker 59
Average throughput (ops/sec) = 69
Average response time (msec) = 1.3600234590163933
Average queue length = 1
Average wait time in queue (msec) = 0.26781831147540985
Average service time (msec) = 0.988287131147541
Number of SET = 69
Number of GET = 0
Number of MULTI GET = 0


Worker 15
Average throughput (ops/sec) = 69
Average response time (msec) = 1.4823469836065573
Average queue length = 2
Average wait time in queue (msec) = 0.2682485737704918
Average service time (msec) = 1.0336812295081967
Number of SET = 69
Number of GET = 0
Number of MULTI GET = 0


Worker 16
Average throughput (ops/sec) = 70
Average response time (msec) = 1.4446135901639345
Average queue length = 1
Average wait time in queue (msec) = 0.24910490163934426
Average service time (msec) = 1.0262470819672131
Number of SET = 70
Number of GET = 0
Number of MULTI GET = 0


Worker 53
Average throughput (ops/sec) = 70
Average response time (msec) = 1.4294864426229508
Average queue length = 1
Average wait time in queue (msec) = 0.30356998360655735
Average service time (msec) = 1.0193400819672132
Number of SET = 70
Number of GET = 0
Number of MULTI GET = 0


Worker 54
Average throughput (ops/sec) = 71
Average response time (msec) = 1.460476639344262
Average queue length = 1
Average wait time in queue (msec) = 0.29905937704918034
Average service time (msec) = 1.0318682786885247
Number of SET = 71
Number of GET = 0
Number of MULTI GET = 0


Worker 10
Average throughput (ops/sec) = 71
Average response time (msec) = 1.3978979016393442
Average queue length = 0
Average wait time in queue (msec) = 0.265817606557377
Average service time (msec) = 1.0246143770491802
Number of SET = 71
Number of GET = 0
Number of MULTI GET = 0


Worker 55
Average throughput (ops/sec) = 71
Average response time (msec) = 1.4191643442622952
Average queue length = 1
Average wait time in queue (msec) = 0.29968086885245904
Average service time (msec) = 1.012417213114754
Number of SET = 71
Number of GET = 0
Number of MULTI GET = 0


Worker 11
Average throughput (ops/sec) = 71
Average response time (msec) = 1.389555262295082
Average queue length = 1
Average wait time in queue (msec) = 0.2804260327868852
Average service time (msec) = 1.00343031147541
Number of SET = 71
Number of GET = 0
Number of MULTI GET = 0


Worker 56
Average throughput (ops/sec) = 71
Average response time (msec) = 1.4151945901639345
Average queue length = 1
Average wait time in queue (msec) = 0.2808439344262295
Average service time (msec) = 1.0253333606557378
Number of SET = 71
Number of GET = 0
Number of MULTI GET = 0


Worker 12
Average throughput (ops/sec) = 69
Average response time (msec) = 1.3707158032786886
Average queue length = 0
Average wait time in queue (msec) = 0.25922104918032784
Average service time (msec) = 0.9992238688524591
Number of SET = 69
Number of GET = 0
Number of MULTI GET = 0


Worker 17
Average throughput (ops/sec) = 69
Average response time (msec) = 1.4309691639344262
Average queue length = 0
Average wait time in queue (msec) = 0.27880985245901635
Average service time (msec) = 1.0410085901639343
Number of SET = 69
Number of GET = 0
Number of MULTI GET = 0


Worker 18
Average throughput (ops/sec) = 72
Average response time (msec) = 1.3755454262295082
Average queue length = 1
Average wait time in queue (msec) = 0.27780390163934426
Average service time (msec) = 0.9889198524590164
Number of SET = 72
Number of GET = 0
Number of MULTI GET = 0


Worker 19
Average throughput (ops/sec) = 70
Average response time (msec) = 1.3751948688524591
Average queue length = 1
Average wait time in queue (msec) = 0.2812061639344262
Average service time (msec) = 0.9968510163934426
Number of SET = 70
Number of GET = 0
Number of MULTI GET = 0


Worker 60
Average throughput (ops/sec) = 71
Average response time (msec) = 1.4198792295081968
Average queue length = 1
Average wait time in queue (msec) = 0.26111770491803277
Average service time (msec) = 1.022788475409836
Number of SET = 71
Number of GET = 0
Number of MULTI GET = 0


Worker 61
Average throughput (ops/sec) = 69
Average response time (msec) = 1.3873705901639346
Average queue length = 1
Average wait time in queue (msec) = 0.26106581967213116
Average service time (msec) = 1.0067855409836066
Number of SET = 69
Number of GET = 0
Number of MULTI GET = 0


Worker 62
Average throughput (ops/sec) = 70
Average response time (msec) = 1.4547146721311475
Average queue length = 1
Average wait time in queue (msec) = 0.2758496557377049
Average service time (msec) = 1.0354354426229508
Number of SET = 70
Number of GET = 0
Number of MULTI GET = 0


Worker 63
Average throughput (ops/sec) = 70
Average response time (msec) = 1.383277950819672
Average queue length = 1
Average wait time in queue (msec) = 0.2586490163934426
Average service time (msec) = 1.0142469836065573
Number of SET = 70
Number of GET = 0
Number of MULTI GET = 0


Worker 24
Average throughput (ops/sec) = 71
Average response time (msec) = 1.3669976065573772
Average queue length = 1
Average wait time in queue (msec) = 0.26195547540983605
Average service time (msec) = 0.9978056393442624
Number of SET = 71
Number of GET = 0
Number of MULTI GET = 0


Worker 7
Average throughput (ops/sec) = 71
Average response time (msec) = 1.438583950819672
Average queue length = 0
Average wait time in queue (msec) = 0.27314311475409836
Average service time (msec) = 1.0355912950819672
Number of SET = 71
Number of GET = 0
Number of MULTI GET = 0


Worker 25
Average throughput (ops/sec) = 69
Average response time (msec) = 1.3857086721311476
Average queue length = 0
Average wait time in queue (msec) = 0.24885954098360658
Average service time (msec) = 1.0376960163934426
Number of SET = 69
Number of GET = 0
Number of MULTI GET = 0


Worker 6
Average throughput (ops/sec) = 69
Average response time (msec) = 1.4646346065573772
Average queue length = 0
Average wait time in queue (msec) = 0.2935302295081967
Average service time (msec) = 1.0580015081967213
Number of SET = 69
Number of GET = 0
Number of MULTI GET = 0


Worker 26
Average throughput (ops/sec) = 69
Average response time (msec) = 1.3856021147540984
Average queue length = 1
Average wait time in queue (msec) = 0.26226340983606555
Average service time (msec) = 1.0119480491803279
Number of SET = 69
Number of GET = 0
Number of MULTI GET = 0


Worker 9
Average throughput (ops/sec) = 69
Average response time (msec) = 1.3774885573770492
Average queue length = 0
Average wait time in queue (msec) = 0.26970795081967214
Average service time (msec) = 1.008470606557377
Number of SET = 69
Number of GET = 0
Number of MULTI GET = 0


Worker 27
Average throughput (ops/sec) = 70
Average response time (msec) = 1.4059797213114753
Average queue length = 1
Average wait time in queue (msec) = 0.2754341967213115
Average service time (msec) = 1.0128989016393444
Number of SET = 70
Number of GET = 0
Number of MULTI GET = 0


Worker 8
Average throughput (ops/sec) = 69
Average response time (msec) = 1.3969327540983607
Average queue length = 0
Average wait time in queue (msec) = 0.2829543606557377
Average service time (msec) = 1.00912368852459
Number of SET = 69
Number of GET = 0
Number of MULTI GET = 0


Worker 64
Average throughput (ops/sec) = 70
Average response time (msec) = 1.4519517049180328
Average queue length = 1
Average wait time in queue (msec) = 0.27446814754098364
Average service time (msec) = 1.0585967049180327
Number of SET = 70
Number of GET = 0
Number of MULTI GET = 0


Worker 20
Average throughput (ops/sec) = 71
Average response time (msec) = 1.4352317540983606
Average queue length = 1
Average wait time in queue (msec) = 0.2672432950819672
Average service time (msec) = 1.0266267049180327
Number of SET = 71
Number of GET = 0
Number of MULTI GET = 0


Worker 3
Average throughput (ops/sec) = 69
Average response time (msec) = 1.42256031147541
Average queue length = 0
Average wait time in queue (msec) = 0.2811775081967213
Average service time (msec) = 1.0215694754098361
Number of SET = 69
Number of GET = 0
Number of MULTI GET = 0


Worker 21
Average throughput (ops/sec) = 71
Average response time (msec) = 1.4191415737704918
Average queue length = 1
Average wait time in queue (msec) = 0.2837970163934426
Average service time (msec) = 1.0065252950819672
Number of SET = 71
Number of GET = 0
Number of MULTI GET = 0


Worker 2
Average throughput (ops/sec) = 71
Average response time (msec) = 1.3914651311475408
Average queue length = 0
Average wait time in queue (msec) = 0.27992731147540983
Average service time (msec) = 1.0083733606557377
Number of SET = 71
Number of GET = 0
Number of MULTI GET = 0


Worker 22
Average throughput (ops/sec) = 69
Average response time (msec) = 1.4387152950819673
Average queue length = 1
Average wait time in queue (msec) = 0.2645058360655738
Average service time (msec) = 1.0167080655737704
Number of SET = 69
Number of GET = 0
Number of MULTI GET = 0


Worker 5
Average throughput (ops/sec) = 71
Average response time (msec) = 1.4245413934426228
Average queue length = 0
Average wait time in queue (msec) = 0.2763595573770492
Average service time (msec) = 1.0289035737704917
Number of SET = 71
Number of GET = 0
Number of MULTI GET = 0


Worker 23
Average throughput (ops/sec) = 71
Average response time (msec) = 1.4513255737704918
Average queue length = 1
Average wait time in queue (msec) = 0.2788375409836065
Average service time (msec) = 1.0044825245901638
Number of SET = 71
Number of GET = 0
Number of MULTI GET = 0


Worker 4
Average throughput (ops/sec) = 70
Average response time (msec) = 1.3373006065573771
Average queue length = 0
Average wait time in queue (msec) = 0.25160495081967216
Average service time (msec) = 0.9715256229508197
Number of SET = 70
Number of GET = 0
Number of MULTI GET = 0


Worker 28
Average throughput (ops/sec) = 70
Average response time (msec) = 1.3696843606557378
Average queue length = 1
Average wait time in queue (msec) = 0.2770253278688525
Average service time (msec) = 0.9872741967213114
Number of SET = 70
Number of GET = 0
Number of MULTI GET = 0


Worker 29
Average throughput (ops/sec) = 69
Average response time (msec) = 1.420305868852459
Average queue length = 0
Average wait time in queue (msec) = 0.2747720327868852
Average service time (msec) = 1.035457131147541
Number of SET = 69
Number of GET = 0
Number of MULTI GET = 0


Worker 1
Average throughput (ops/sec) = 69
Average response time (msec) = 1.4147023114754098
Average queue length = 0
Average wait time in queue (msec) = 0.2572289180327869
Average service time (msec) = 1.0184340983606557
Number of SET = 69
Number of GET = 0
Number of MULTI GET = 0


Worker 30
Average throughput (ops/sec) = 70
Average response time (msec) = 1.4007805901639345
Average queue length = 1
Average wait time in queue (msec) = 0.29521242622950816
Average service time (msec) = 0.9982730163934427
Number of SET = 70
Number of GET = 0
Number of MULTI GET = 0


Worker 35
Average throughput (ops/sec) = 70
Average response time (msec) = 1.377890262295082
Average queue length = 1
Average wait time in queue (msec) = 0.27062347540983606
Average service time (msec) = 0.9991404590163934
Number of SET = 70
Number of GET = 0
Number of MULTI GET = 0


Worker 36
Average throughput (ops/sec) = 71
Average response time (msec) = 1.4489439836065574
Average queue length = 1
Average wait time in queue (msec) = 0.2702037213114754
Average service time (msec) = 1.0336847213114755
Number of SET = 70
Number of GET = 0
Number of MULTI GET = 0


Worker 37
Average throughput (ops/sec) = 71
Average response time (msec) = 1.4238318524590166
Average queue length = 1
Average wait time in queue (msec) = 0.271659
Average service time (msec) = 1.0524794590163935
Number of SET = 71
Number of GET = 0
Number of MULTI GET = 0


Worker 38
Average throughput (ops/sec) = 70
Average response time (msec) = 1.4838297540983607
Average queue length = 1
Average wait time in queue (msec) = 0.2704464918032787
Average service time (msec) = 1.0553199180327868
Number of SET = 70
Number of GET = 0
Number of MULTI GET = 0


Worker 31
Average throughput (ops/sec) = 69
Average response time (msec) = 1.398716098360656
Average queue length = 1
Average wait time in queue (msec) = 0.2654473606557377
Average service time (msec) = 1.0294448032786885
Number of SET = 69
Number of GET = 0
Number of MULTI GET = 0


Worker 32
Average throughput (ops/sec) = 69
Average response time (msec) = 1.4146742459016393
Average queue length = 1
Average wait time in queue (msec) = 0.2809565737704918
Average service time (msec) = 1.0309388524590164
Number of SET = 69
Number of GET = 0
Number of MULTI GET = 0


Worker 33
Average throughput (ops/sec) = 70
Average response time (msec) = 1.4059275901639345
Average queue length = 1
Average wait time in queue (msec) = 0.2574609836065574
Average service time (msec) = 1.043495524590164
Number of SET = 70
Number of GET = 0
Number of MULTI GET = 0


Worker 34
Average throughput (ops/sec) = 71
Average response time (msec) = 1.3963272131147542
Average queue length = 1
Average wait time in queue (msec) = 0.2772719016393443
Average service time (msec) = 1.0028620655737703
Number of SET = 71
Number of GET = 0
Number of MULTI GET = 0


Worker 39
Average throughput (ops/sec) = 70
Average response time (msec) = 1.3519096393442622
Average queue length = 1
Average wait time in queue (msec) = 0.2730251967213115
Average service time (msec) = 0.9719323278688524
Number of SET = 70
Number of GET = 0
Number of MULTI GET = 0


Worker 40
Average throughput (ops/sec) = 70
Average response time (msec) = 1.3673174918032787
Average queue length = 1
Average wait time in queue (msec) = 0.2726279016393443
Average service time (msec) = 0.9842771967213114
Number of SET = 70
Number of GET = 0
Number of MULTI GET = 0


Worker 41
Average throughput (ops/sec) = 71
Average response time (msec) = 1.4091376229508197
Average queue length = 1
Average wait time in queue (msec) = 0.2752416885245902
Average service time (msec) = 1.003176180327869
Number of SET = 71
Number of GET = 0
Number of MULTI GET = 0


FINAL STATS
Average throughput (ops/sec) = 4487
Average response time (msec) = 1.3836865346735783
Average queue length = 0
Average wait time in queue (msec) = 0.27320179098360653
Average service time (msec) = 1.017472060194672
Number of SET = 4486
Number of GET = 0
Number of MULTI GET = 0
Number of Cache misses = 0
Arrival rate (lambda) = [0, 0, 1680, 3537, 3652, 4283, 4729, 4272, 4516, 4753, 4733, 4942, 4996, 4633, 4490, 4713, 4978, 4810, 4968, 4388, 4711, 4982, 4731, 4568, 4942, 4871, 4830, 5028, 4569, 4707, 4798, 4846, 4726, 4698, 4633, 4346, 4720, 4594, 4966, 4661, 4962, 5052, 5000, 4598, 4592, 4270, 4839, 4577, 4658, 4694, 4430, 4727, 4884, 4241, 4471, 4514, 4328, 4593, 3513, 4487, 4332, 4436, 1486, 0, 0]


Histogram response times (0.1 msec step)
0.0 msec : 626
0.1 msec : 7015
0.2 msec : 21583
0.3 msec : 34629
0.4 msec : 39044
0.5 msec : 36062
0.6 msec : 30162
0.7 msec : 23555
0.8 msec : 17733
0.9 msec : 12832
1.0 msec : 8890
1.1 msec : 6395
1.2 msec : 4535
1.3 msec : 3234
1.4 msec : 2315
1.5 msec : 1596
1.6 msec : 1201
1.7 msec : 894
1.8 msec : 719
1.9 msec : 586
2.0 msec : 558
2.1 msec : 457
2.2 msec : 418
2.3 msec : 395
2.4 msec : 365
2.5 msec : 333
2.6 msec : 260
2.7 msec : 236
2.8 msec : 260
2.9 msec : 191
3.0 msec : 207
3.1 msec : 169
3.2 msec : 170
3.3 msec : 156
3.4 msec : 136
3.5 msec : 152
3.6 msec : 143
3.7 msec : 151
3.8 msec : 148
3.9 msec : 149
4.0 msec : 165
4.1 msec : 145
4.2 msec : 134
4.3 msec : 118
4.4 msec : 129
4.5 msec : 156
4.6 msec : 143
4.7 msec : 177
4.8 msec : 183
4.9 msec : 181
5.0 msec : 189
5.1 msec : 237
5.2 msec : 288
5.3 msec : 343
5.4 msec : 402
5.5 msec : 618
5.6 msec : 781
5.7 msec : 1053
5.8 msec : 1197
5.9 msec : 1165
6.0 msec : 1234
6.1 msec : 1204
6.2 msec : 1181
6.3 msec : 1016
6.4 msec : 824
6.5 msec : 684
6.6 msec : 492
6.7 msec : 437
6.8 msec : 305
6.9 msec : 255
7.0 msec : 185
7.1 msec : 165
7.2 msec : 144
7.3 msec : 69
7.4 msec : 69
7.5 msec : 67
7.6 msec : 47
7.7 msec : 36
7.8 msec : 35
7.9 msec : 36
8.0 msec : 27
8.1 msec : 32
8.2 msec : 27
8.3 msec : 18
8.4 msec : 20
8.5 msec : 24
8.6 msec : 21
8.7 msec : 13
8.8 msec : 11
8.9 msec : 3
9.0 msec : 7
9.1 msec : 15
9.2 msec : 16
9.3 msec : 14
9.4 msec : 15
9.5 msec : 12
9.6 msec : 11
9.7 msec : 9
9.8 msec : 12
9.9 msec : 8
10.0 msec : 7
10.1 msec : 7
10.2 msec : 6
10.3 msec : 9
10.4 msec : 10
10.5 msec : 15
10.6 msec : 7
10.7 msec : 12
10.8 msec : 8
10.9 msec : 10
11.0 msec : 8
11.1 msec : 11
11.2 msec : 12
11.3 msec : 10
11.4 msec : 11
11.5 msec : 11
11.6 msec : 5
11.7 msec : 10
11.8 msec : 10
11.9 msec : 2
12.0 msec : 5
12.1 msec : 5
12.2 msec : 3
12.3 msec : 2
12.4 msec : 4
12.5 msec : 3
12.6 msec : 1
12.7 msec : 1
12.8 msec : 3
12.9 msec : 0
13.0 msec : 1
13.1 msec : 2
13.2 msec : 5
13.3 msec : 0
13.4 msec : 2
13.5 msec : 2
13.6 msec : 3
13.7 msec : 4
13.8 msec : 6
13.9 msec : 4
14.0 msec : 2
14.1 msec : 4
14.2 msec : 1
14.3 msec : 1
14.4 msec : 2
14.5 msec : 2
14.6 msec : 0
14.7 msec : 2
14.8 msec : 0
14.9 msec : 0
15.0 msec : 1
15.1 msec : 1
15.2 msec : 0
15.3 msec : 0
15.4 msec : 0
15.5 msec : 1
15.6 msec : 1
15.7 msec : 0
15.8 msec : 0
15.9 msec : 0
16.0 msec : 0
16.1 msec : 1
16.2 msec : 1
16.3 msec : 0
16.4 msec : 1
16.5 msec : 1
16.6 msec : 0
16.7 msec : 0
16.8 msec : 0
16.9 msec : 0
17.0 msec : 0
17.1 msec : 0
17.2 msec : 0
17.3 msec : 3
17.4 msec : 1
17.5 msec : 4
17.6 msec : 3
17.7 msec : 1
17.8 msec : 1
17.9 msec : 3
18.0 msec : 0
18.1 msec : 4
18.2 msec : 3
18.3 msec : 2
18.4 msec : 3
18.5 msec : 3
18.6 msec : 2
18.7 msec : 2
18.8 msec : 6
18.9 msec : 3
19.0 msec : 0
19.1 msec : 1
19.2 msec : 1
19.3 msec : 1
19.4 msec : 0
19.5 msec : 0
19.6 msec : 2
19.7 msec : 0
19.8 msec : 2
19.9 msec : 0
20.0 msec : 2
20.1 msec : 0
20.2 msec : 0
20.3 msec : 2
20.4 msec : 0
20.5 msec : 1
20.6 msec : 2
20.7 msec : 1
20.8 msec : 0
20.9 msec : 1
21.0 msec : 0
21.1 msec : 0
21.2 msec : 3
21.3 msec : 0
21.4 msec : 2
21.5 msec : 2
21.6 msec : 0
21.7 msec : 0
21.8 msec : 0
21.9 msec : 1
22.0 msec : 1
22.1 msec : 0
22.2 msec : 0
22.3 msec : 0
22.4 msec : 0
22.5 msec : 0
22.6 msec : 1
22.7 msec : 0
22.8 msec : 0
22.9 msec : 0
23.0 msec : 1
23.1 msec : 0
23.2 msec : 1
23.3 msec : 1
23.4 msec : 0
23.5 msec : 0
23.6 msec : 0
23.7 msec : 0
23.8 msec : 1
23.9 msec : 0
24.0 msec : 0
24.1 msec : 1
24.2 msec : 1
24.3 msec : 2
24.4 msec : 1
24.5 msec : 3
24.6 msec : 1
24.7 msec : 1
24.8 msec : 2
24.9 msec : 1
25.0 msec : 1
25.1 msec : 4
25.2 msec : 2
25.3 msec : 0
25.4 msec : 1
25.5 msec : 1
25.6 msec : 1
25.7 msec : 0
25.8 msec : 4
25.9 msec : 1
26.0 msec : 0
26.1 msec : 0
26.2 msec : 2
26.3 msec : 1
26.4 msec : 2
26.5 msec : 2
26.6 msec : 0
26.7 msec : 0
26.8 msec : 1
26.9 msec : 0
27.0 msec : 0
27.1 msec : 2
27.2 msec : 1
27.3 msec : 0
27.4 msec : 0
27.5 msec : 1
27.6 msec : 0
27.7 msec : 0
27.8 msec : 0
27.9 msec : 0
28.0 msec : 1
28.1 msec : 1
28.2 msec : 0
28.3 msec : 0
28.4 msec : 0
28.5 msec : 0
28.6 msec : 1
28.7 msec : 0
28.8 msec : 0
28.9 msec : 1
29.0 msec : 0
29.1 msec : 0
29.2 msec : 0
29.3 msec : 0
29.4 msec : 1
29.5 msec : 0
29.6 msec : 0
29.7 msec : 0
29.8 msec : 0
29.9 msec : 0
30.0 msec : 0
30.1 msec : 0
30.2 msec : 0
30.3 msec : 0
30.4 msec : 0
30.5 msec : 1
30.6 msec : 0
30.7 msec : 0
30.8 msec : 0
30.9 msec : 0
31.0 msec : 0
31.1 msec : 0
31.2 msec : 0
31.3 msec : 0
31.4 msec : 0
31.5 msec : 0
31.6 msec : 0
31.7 msec : 0
31.8 msec : 0
31.9 msec : 0
32.0 msec : 0
32.1 msec : 0
32.2 msec : 0
32.3 msec : 0
32.4 msec : 0
32.5 msec : 0
32.6 msec : 0
32.7 msec : 1
32.8 msec : 0
32.9 msec : 0
33.0 msec : 0
33.1 msec : 0
33.2 msec : 0
33.3 msec : 0
33.4 msec : 0
33.5 msec : 0
33.6 msec : 0
33.7 msec : 0
33.8 msec : 0
33.9 msec : 0
34.0 msec : 0
34.1 msec : 0
34.2 msec : 0
34.3 msec : 0
34.4 msec : 0
34.5 msec : 0
34.6 msec : 0
34.7 msec : 0
34.8 msec : 0
34.9 msec : 0
35.0 msec : 1
35.1 msec : 0
35.2 msec : 0
35.3 msec : 0
35.4 msec : 0
35.5 msec : 0
35.6 msec : 0
35.7 msec : 0
35.8 msec : 0
35.9 msec : 0
36.0 msec : 0
36.1 msec : 0
36.2 msec : 0
36.3 msec : 0
36.4 msec : 0
36.5 msec : 0
36.6 msec : 0
36.7 msec : 0
36.8 msec : 0
36.9 msec : 0
37.0 msec : 0
37.1 msec : 0
37.2 msec : 0
37.3 msec : 0
37.4 msec : 0
37.5 msec : 0
37.6 msec : 0
37.7 msec : 0
37.8 msec : 0
37.9 msec : 0
38.0 msec : 0
38.1 msec : 0
38.2 msec : 0
38.3 msec : 0
38.4 msec : 0
38.5 msec : 0
38.6 msec : 0
38.7 msec : 0
38.8 msec : 0
38.9 msec : 0
39.0 msec : 0
39.1 msec : 0
39.2 msec : 0
39.3 msec : 0
39.4 msec : 0
39.5 msec : 0
39.6 msec : 0
39.7 msec : 0
39.8 msec : 0
39.9 msec : 0
40.0 msec : 0
40.1 msec : 0
40.2 msec : 0
40.3 msec : 0
40.4 msec : 0
40.5 msec : 0
40.6 msec : 0
40.7 msec : 0
40.8 msec : 0
40.9 msec : 0
41.0 msec : 0
41.1 msec : 0
41.2 msec : 0
41.3 msec : 0
41.4 msec : 0
41.5 msec : 0
41.6 msec : 0
41.7 msec : 0
41.8 msec : 0
41.9 msec : 0
42.0 msec : 0
42.1 msec : 0
42.2 msec : 0
42.3 msec : 0
42.4 msec : 0
42.5 msec : 0
42.6 msec : 0
42.7 msec : 0
42.8 msec : 0
42.9 msec : 0
43.0 msec : 0
43.1 msec : 0
43.2 msec : 0
43.3 msec : 0
43.4 msec : 0
43.5 msec : 0
43.6 msec : 0
43.7 msec : 0
43.8 msec : 0
43.9 msec : 0
44.0 msec : 0
44.1 msec : 0
44.2 msec : 0
44.3 msec : 0
44.4 msec : 0
44.5 msec : 0
44.6 msec : 0
44.7 msec : 0
44.8 msec : 0
44.9 msec : 0
45.0 msec : 0
45.1 msec : 0
45.2 msec : 0
45.3 msec : 0
45.4 msec : 0
45.5 msec : 0
45.6 msec : 0
45.7 msec : 0
45.8 msec : 0
45.9 msec : 0
46.0 msec : 0
46.1 msec : 0
46.2 msec : 0
46.3 msec : 0
46.4 msec : 0
46.5 msec : 0
46.6 msec : 0
46.7 msec : 0
46.8 msec : 0
46.9 msec : 0
47.0 msec : 0
47.1 msec : 0
47.2 msec : 0
47.3 msec : 0
47.4 msec : 0
47.5 msec : 0
47.6 msec : 0
47.7 msec : 0
47.8 msec : 0
47.9 msec : 0
48.0 msec : 0
48.1 msec : 0
48.2 msec : 0
48.3 msec : 0
48.4 msec : 0
48.5 msec : 0
48.6 msec : 0
48.7 msec : 0
48.8 msec : 0
48.9 msec : 0
49.0 msec : 0
49.1 msec : 0
49.2 msec : 0
49.3 msec : 0
49.4 msec : 0
49.5 msec : 0
49.6 msec : 0
49.7 msec : 0
49.8 msec : 0
49.9 msec : 0
50.0 msec : 0
50.1 msec : 0
50.2 msec : 0
50.3 msec : 0
50.4 msec : 0
50.5 msec : 0
50.6 msec : 0
50.7 msec : 0
50.8 msec : 0
50.9 msec : 0
51.0 msec : 0
51.1 msec : 0
51.2 msec : 0
51.3 msec : 0
51.4 msec : 0
51.5 msec : 0
51.6 msec : 0
51.7 msec : 0
51.8 msec : 0
51.9 msec : 0
52.0 msec : 0
52.1 msec : 0
52.2 msec : 0
52.3 msec : 0
52.4 msec : 0
52.5 msec : 0
52.6 msec : 0
52.7 msec : 0
52.8 msec : 0
52.9 msec : 0
53.0 msec : 0
53.1 msec : 0
53.2 msec : 0
53.3 msec : 0
53.4 msec : 0
53.5 msec : 0
53.6 msec : 0
53.7 msec : 0
53.8 msec : 0
53.9 msec : 0
54.0 msec : 0
54.1 msec : 0
54.2 msec : 0
54.3 msec : 0
54.4 msec : 0
54.5 msec : 0
54.6 msec : 0
54.7 msec : 0
54.8 msec : 0
54.9 msec : 0
55.0 msec : 0
55.1 msec : 0
55.2 msec : 0
55.3 msec : 0
55.4 msec : 0
55.5 msec : 0
55.6 msec : 0
55.7 msec : 0
55.8 msec : 0
55.9 msec : 0
56.0 msec : 0
56.1 msec : 0
56.2 msec : 0
56.3 msec : 0
56.4 msec : 0
56.5 msec : 0
56.6 msec : 0
56.7 msec : 0
56.8 msec : 0
56.9 msec : 0
57.0 msec : 0
57.1 msec : 0
57.2 msec : 0
57.3 msec : 0
57.4 msec : 0
57.5 msec : 0
57.6 msec : 0
57.7 msec : 0
57.8 msec : 0
57.9 msec : 0
58.0 msec : 0
58.1 msec : 0
58.2 msec : 0
58.3 msec : 0
58.4 msec : 0
58.5 msec : 0
58.6 msec : 0
58.7 msec : 0
58.8 msec : 0
58.9 msec : 0
59.0 msec : 0
59.1 msec : 0
59.2 msec : 0
59.3 msec : 0
59.4 msec : 0
59.5 msec : 0
59.6 msec : 0
59.7 msec : 0
59.8 msec : 0
59.9 msec : 0
60.0 msec : 0
60.1 msec : 0
60.2 msec : 0
60.3 msec : 0
60.4 msec : 0
60.5 msec : 0
60.6 msec : 0
60.7 msec : 0
60.8 msec : 0
60.9 msec : 0
61.0 msec : 0
61.1 msec : 0
61.2 msec : 0
61.3 msec : 0
61.4 msec : 0
61.5 msec : 0
61.6 msec : 0
61.7 msec : 0
61.8 msec : 0
61.9 msec : 0
62.0 msec : 0
62.1 msec : 0
62.2 msec : 0
62.3 msec : 0
62.4 msec : 0
62.5 msec : 0
62.6 msec : 0
62.7 msec : 0
62.8 msec : 0
62.9 msec : 0
63.0 msec : 0
63.1 msec : 0
63.2 msec : 0
63.3 msec : 0
63.4 msec : 0
63.5 msec : 0
63.6 msec : 0
63.7 msec : 0
63.8 msec : 0
63.9 msec : 0
64.0 msec : 0
64.1 msec : 0
64.2 msec : 0
64.3 msec : 0
64.4 msec : 0
64.5 msec : 0
64.6 msec : 0
64.7 msec : 0
64.8 msec : 0
64.9 msec : 0
65.0 msec : 0
65.1 msec : 0
65.2 msec : 0
65.3 msec : 0
65.4 msec : 0
65.5 msec : 0
65.6 msec : 0
65.7 msec : 0
65.8 msec : 0
65.9 msec : 0
66.0 msec : 0
66.1 msec : 0
66.2 msec : 0
66.3 msec : 0
66.4 msec : 0
66.5 msec : 0
66.6 msec : 0
66.7 msec : 0
66.8 msec : 0
66.9 msec : 0
67.0 msec : 0
67.1 msec : 0
67.2 msec : 0
67.3 msec : 0
67.4 msec : 1
67.5 msec : 0
67.6 msec : 0
67.7 msec : 0
67.8 msec : 0
67.9 msec : 0
68.0 msec : 0
68.1 msec : 0
68.2 msec : 0
68.3 msec : 0
68.4 msec : 0
68.5 msec : 2
68.6 msec : 4
68.7 msec : 2
68.8 msec : 0
68.9 msec : 0
69.0 msec : 0
69.1 msec : 1
69.2 msec : 0
69.3 msec : 0
69.4 msec : 2
69.5 msec : 1
69.6 msec : 0
69.7 msec : 0
69.8 msec : 0
69.9 msec : 0
70.0 msec : 0
70.1 msec : 0
70.2 msec : 0
70.3 msec : 0
70.4 msec : 0
70.5 msec : 0
70.6 msec : 0
70.7 msec : 0
70.8 msec : 0
70.9 msec : 0
71.0 msec : 0
71.1 msec : 0
71.2 msec : 0
71.3 msec : 0
71.4 msec : 0
71.5 msec : 0
71.6 msec : 0
71.7 msec : 0
71.8 msec : 0
71.9 msec : 0
72.0 msec : 0
72.1 msec : 0
72.2 msec : 0
72.3 msec : 0
72.4 msec : 0
72.5 msec : 0
72.6 msec : 0
72.7 msec : 0
72.8 msec : 0
72.9 msec : 0
73.0 msec : 0
73.1 msec : 0
73.2 msec : 0
73.3 msec : 0
73.4 msec : 0
73.5 msec : 0
73.6 msec : 0
73.7 msec : 0
73.8 msec : 0
73.9 msec : 0
74.0 msec : 0
74.1 msec : 0
74.2 msec : 0
74.3 msec : 0
74.4 msec : 0
74.5 msec : 0
74.6 msec : 0
74.7 msec : 0
74.8 msec : 0
74.9 msec : 0
75.0 msec : 0
75.1 msec : 0
75.2 msec : 0
75.3 msec : 0
75.4 msec : 0
75.5 msec : 0
75.6 msec : 0
75.7 msec : 0
75.8 msec : 0
75.9 msec : 0
76.0 msec : 0
76.1 msec : 0
76.2 msec : 0
76.3 msec : 0
76.4 msec : 0
76.5 msec : 0
76.6 msec : 0
76.7 msec : 0
76.8 msec : 0
76.9 msec : 0
77.0 msec : 0
77.1 msec : 0
77.2 msec : 0
77.3 msec : 0
77.4 msec : 0
77.5 msec : 0
77.6 msec : 0
77.7 msec : 0
77.8 msec : 0
77.9 msec : 0
78.0 msec : 0
78.1 msec : 0
78.2 msec : 0
78.3 msec : 0
78.4 msec : 0
78.5 msec : 0
78.6 msec : 0
78.7 msec : 0
78.8 msec : 0
78.9 msec : 0
79.0 msec : 0
79.1 msec : 0
79.2 msec : 0
79.3 msec : 0
79.4 msec : 0
79.5 msec : 0
79.6 msec : 0
79.7 msec : 0
79.8 msec : 0
79.9 msec : 0
80.0 msec : 0
80.1 msec : 0
80.2 msec : 0
80.3 msec : 0
80.4 msec : 0
80.5 msec : 0
80.6 msec : 0
80.7 msec : 0
80.8 msec : 0
80.9 msec : 0
81.0 msec : 0
81.1 msec : 0
81.2 msec : 0
81.3 msec : 0
81.4 msec : 0
81.5 msec : 0
81.6 msec : 0
81.7 msec : 0
81.8 msec : 0
81.9 msec : 0
82.0 msec : 0
82.1 msec : 0
82.2 msec : 0
82.3 msec : 0
82.4 msec : 0
82.5 msec : 0
82.6 msec : 0
82.7 msec : 0
82.8 msec : 0
82.9 msec : 0
83.0 msec : 0
83.1 msec : 0
83.2 msec : 0
83.3 msec : 0
83.4 msec : 0
83.5 msec : 0
83.6 msec : 0
83.7 msec : 0
83.8 msec : 0
83.9 msec : 0
84.0 msec : 0
84.1 msec : 0
84.2 msec : 0
84.3 msec : 0
84.4 msec : 0
84.5 msec : 0
84.6 msec : 0
84.7 msec : 0
84.8 msec : 0
84.9 msec : 0
85.0 msec : 0
85.1 msec : 0
85.2 msec : 0
85.3 msec : 0
85.4 msec : 0
85.5 msec : 0
85.6 msec : 0
85.7 msec : 0
85.8 msec : 0
85.9 msec : 0
86.0 msec : 0
86.1 msec : 0
86.2 msec : 0
86.3 msec : 0
86.4 msec : 0
86.5 msec : 0
86.6 msec : 0
86.7 msec : 0
86.8 msec : 0
86.9 msec : 0
87.0 msec : 0
87.1 msec : 0
87.2 msec : 0
87.3 msec : 0
87.4 msec : 0
87.5 msec : 0
87.6 msec : 0
87.7 msec : 0
87.8 msec : 0
87.9 msec : 0
88.0 msec : 0
88.1 msec : 0
88.2 msec : 0
88.3 msec : 0
88.4 msec : 0
88.5 msec : 0
88.6 msec : 0
88.7 msec : 0
88.8 msec : 0
88.9 msec : 0
89.0 msec : 0
89.1 msec : 0
89.2 msec : 0
89.3 msec : 0
89.4 msec : 0
89.5 msec : 0
89.6 msec : 0
89.7 msec : 0
89.8 msec : 0
89.9 msec : 0
90.0 msec : 0
90.1 msec : 0
90.2 msec : 0
90.3 msec : 0
90.4 msec : 0
90.5 msec : 0
90.6 msec : 0
90.7 msec : 0
90.8 msec : 0
90.9 msec : 0
91.0 msec : 0
91.1 msec : 0
91.2 msec : 0
91.3 msec : 0
91.4 msec : 0
91.5 msec : 0
91.6 msec : 0
91.7 msec : 0
91.8 msec : 0
91.9 msec : 0
92.0 msec : 0
92.1 msec : 0
92.2 msec : 0
92.3 msec : 0
92.4 msec : 0
92.5 msec : 0
92.6 msec : 0
92.7 msec : 0
92.8 msec : 0
92.9 msec : 0
93.0 msec : 0
93.1 msec : 0
93.2 msec : 0
93.3 msec : 0
93.4 msec : 0
93.5 msec : 0
93.6 msec : 0
93.7 msec : 0
93.8 msec : 0
93.9 msec : 0
94.0 msec : 0
94.1 msec : 0
94.2 msec : 0
94.3 msec : 0
94.4 msec : 0
94.5 msec : 0
94.6 msec : 0
94.7 msec : 0
94.8 msec : 0
94.9 msec : 0
95.0 msec : 0
95.1 msec : 0
95.2 msec : 0
95.3 msec : 0
95.4 msec : 0
95.5 msec : 0
95.6 msec : 0
95.7 msec : 0
95.8 msec : 0
95.9 msec : 0
96.0 msec : 0
96.1 msec : 0
96.2 msec : 0
96.3 msec : 0
96.4 msec : 0
96.5 msec : 0
96.6 msec : 0
96.7 msec : 0
96.8 msec : 0
96.9 msec : 0
97.0 msec : 0
97.1 msec : 0
97.2 msec : 0
97.3 msec : 0
97.4 msec : 0
97.5 msec : 0
97.6 msec : 0
97.7 msec : 0
97.8 msec : 0
97.9 msec : 0
98.0 msec : 0
98.1 msec : 0
98.2 msec : 0
98.3 msec : 0
98.4 msec : 0
98.5 msec : 0
98.6 msec : 0
98.7 msec : 0
98.8 msec : 0
98.9 msec : 0
99.0 msec : 0
99.1 msec : 0
99.2 msec : 0
99.3 msec : 0
99.4 msec : 0
99.5 msec : 0
99.6 msec : 0
99.7 msec : 0
99.8 msec : 0
99.9 msec : 0
100.0 msec : 0
100.1 msec : 0
100.2 msec : 0
100.3 msec : 0
100.4 msec : 0
100.5 msec : 0
100.6 msec : 0
100.7 msec : 0
100.8 msec : 0
100.9 msec : 0
101.0 msec : 0
101.1 msec : 0
101.2 msec : 0
101.3 msec : 0
101.4 msec : 0
101.5 msec : 0
101.6 msec : 0
101.7 msec : 0
101.8 msec : 0
101.9 msec : 0
102.0 msec : 0
102.1 msec : 0
102.2 msec : 0
102.3 msec : 0
102.4 msec : 0
102.5 msec : 0
102.6 msec : 0
102.7 msec : 0
102.8 msec : 0
102.9 msec : 0
103.0 msec : 0
103.1 msec : 0
103.2 msec : 0
103.3 msec : 0
103.4 msec : 0
103.5 msec : 0
103.6 msec : 0
103.7 msec : 0
103.8 msec : 0
103.9 msec : 0
104.0 msec : 0
104.1 msec : 0
104.2 msec : 0
104.3 msec : 0
104.4 msec : 0
104.5 msec : 0
104.6 msec : 0
104.7 msec : 0
104.8 msec : 0
104.9 msec : 0
105.0 msec : 0
105.1 msec : 0
105.2 msec : 0
105.3 msec : 0
105.4 msec : 0
105.5 msec : 0
105.6 msec : 0
105.7 msec : 0
105.8 msec : 0
105.9 msec : 0
106.0 msec : 0
106.1 msec : 0
106.2 msec : 0
106.3 msec : 0
106.4 msec : 0
106.5 msec : 0
106.6 msec : 0
106.7 msec : 0
106.8 msec : 0
106.9 msec : 0
107.0 msec : 0
107.1 msec : 0
107.2 msec : 0
107.3 msec : 0
107.4 msec : 0
107.5 msec : 0
107.6 msec : 0
107.7 msec : 0
107.8 msec : 0
107.9 msec : 0
108.0 msec : 0
108.1 msec : 0
108.2 msec : 0
108.3 msec : 0
108.4 msec : 0
108.5 msec : 0
108.6 msec : 0
108.7 msec : 0
108.8 msec : 0
108.9 msec : 0
109.0 msec : 0
109.1 msec : 0
109.2 msec : 0
109.3 msec : 0
109.4 msec : 0
109.5 msec : 0
109.6 msec : 0
109.7 msec : 0
109.8 msec : 0
109.9 msec : 0
110.0 msec : 0
110.1 msec : 0
110.2 msec : 0
110.3 msec : 0
110.4 msec : 0
110.5 msec : 0
110.6 msec : 0
110.7 msec : 0
110.8 msec : 0
110.9 msec : 0
111.0 msec : 0
111.1 msec : 0
111.2 msec : 0
111.3 msec : 0
111.4 msec : 0
111.5 msec : 0
111.6 msec : 0
111.7 msec : 0
111.8 msec : 0
111.9 msec : 0
112.0 msec : 0
112.1 msec : 0
112.2 msec : 0
112.3 msec : 0
112.4 msec : 0
112.5 msec : 0
112.6 msec : 0
112.7 msec : 0
112.8 msec : 0
112.9 msec : 0
113.0 msec : 0
113.1 msec : 0
113.2 msec : 0
113.3 msec : 0
113.4 msec : 0
113.5 msec : 0
113.6 msec : 0
113.7 msec : 0
113.8 msec : 0
113.9 msec : 0
114.0 msec : 0
114.1 msec : 0
114.2 msec : 0
114.3 msec : 0
114.4 msec : 0
114.5 msec : 0
114.6 msec : 0
114.7 msec : 0
114.8 msec : 0
114.9 msec : 0
115.0 msec : 0
115.1 msec : 0
115.2 msec : 0
115.3 msec : 0
115.4 msec : 0
115.5 msec : 0
115.6 msec : 0
115.7 msec : 0
115.8 msec : 0
115.9 msec : 0
116.0 msec : 0
116.1 msec : 0
116.2 msec : 0
116.3 msec : 0
116.4 msec : 0
116.5 msec : 0
116.6 msec : 0
116.7 msec : 0
116.8 msec : 0
116.9 msec : 0
117.0 msec : 0
117.1 msec : 0
117.2 msec : 0
117.3 msec : 0
117.4 msec : 0
117.5 msec : 0
117.6 msec : 0
117.7 msec : 0
117.8 msec : 0
117.9 msec : 0
118.0 msec : 0
118.1 msec : 0
118.2 msec : 0
118.3 msec : 0
118.4 msec : 0
118.5 msec : 0
118.6 msec : 0
118.7 msec : 0
118.8 msec : 0
118.9 msec : 0
119.0 msec : 0
119.1 msec : 0
119.2 msec : 0
119.3 msec : 0
119.4 msec : 0
119.5 msec : 0
119.6 msec : 0
119.7 msec : 0
119.8 msec : 0
119.9 msec : 0
120.0 msec : 0
120.1 msec : 0
120.2 msec : 0
120.3 msec : 0
120.4 msec : 0
120.5 msec : 0
120.6 msec : 0
120.7 msec : 0
120.8 msec : 0
120.9 msec : 0
121.0 msec : 0
121.1 msec : 0
121.2 msec : 0
121.3 msec : 0
121.4 msec : 0
121.5 msec : 0
121.6 msec : 0
121.7 msec : 0
121.8 msec : 0
121.9 msec : 0
122.0 msec : 0
122.1 msec : 0
122.2 msec : 0
122.3 msec : 0
122.4 msec : 0
122.5 msec : 0
122.6 msec : 0
122.7 msec : 0
122.8 msec : 0
122.9 msec : 0
123.0 msec : 0
123.1 msec : 0
123.2 msec : 0
123.3 msec : 0
123.4 msec : 0
123.5 msec : 0
123.6 msec : 0
123.7 msec : 0
123.8 msec : 0
123.9 msec : 0
124.0 msec : 0
124.1 msec : 0
124.2 msec : 0
124.3 msec : 0
124.4 msec : 0
124.5 msec : 0
124.6 msec : 0
124.7 msec : 0
124.8 msec : 0
124.9 msec : 0
125.0 msec : 0
125.1 msec : 0
125.2 msec : 0
125.3 msec : 0
125.4 msec : 0
125.5 msec : 0
125.6 msec : 0
125.7 msec : 0
125.8 msec : 0
125.9 msec : 0
126.0 msec : 0
126.1 msec : 0
126.2 msec : 0
126.3 msec : 0
126.4 msec : 0
126.5 msec : 0
126.6 msec : 0
126.7 msec : 0
126.8 msec : 0
126.9 msec : 0
127.0 msec : 0
127.1 msec : 0
127.2 msec : 0
127.3 msec : 0
127.4 msec : 0
127.5 msec : 0
127.6 msec : 0
127.7 msec : 0
127.8 msec : 0
127.9 msec : 0
128.0 msec : 0
128.1 msec : 0
128.2 msec : 0
128.3 msec : 0
128.4 msec : 0
128.5 msec : 0
128.6 msec : 0
128.7 msec : 0
128.8 msec : 0
128.9 msec : 0
129.0 msec : 0
129.1 msec : 0
129.2 msec : 0
129.3 msec : 0
129.4 msec : 0
129.5 msec : 0
129.6 msec : 0
129.7 msec : 0
129.8 msec : 0
129.9 msec : 0
130.0 msec : 0
130.1 msec : 0
130.2 msec : 0
130.3 msec : 0
130.4 msec : 0
130.5 msec : 0
130.6 msec : 0
130.7 msec : 0
130.8 msec : 0
130.9 msec : 0
131.0 msec : 0
131.1 msec : 0
131.2 msec : 0
131.3 msec : 0
131.4 msec : 0
131.5 msec : 0
131.6 msec : 0
131.7 msec : 0
131.8 msec : 0
131.9 msec : 0
132.0 msec : 0
132.1 msec : 0
132.2 msec : 0
132.3 msec : 0
132.4 msec : 0
132.5 msec : 0
132.6 msec : 0
132.7 msec : 0
132.8 msec : 0
132.9 msec : 0
133.0 msec : 0
133.1 msec : 0
133.2 msec : 0
133.3 msec : 0
133.4 msec : 0
133.5 msec : 0
133.6 msec : 0
133.7 msec : 0
133.8 msec : 0
133.9 msec : 0
134.0 msec : 0
134.1 msec : 0
134.2 msec : 0
134.3 msec : 0
134.4 msec : 0
134.5 msec : 0
134.6 msec : 0
134.7 msec : 0
134.8 msec : 0
134.9 msec : 0
135.0 msec : 0
135.1 msec : 0
135.2 msec : 0
135.3 msec : 0
135.4 msec : 0
135.5 msec : 0
135.6 msec : 0
135.7 msec : 0
135.8 msec : 0
135.9 msec : 0
136.0 msec : 0
136.1 msec : 0
136.2 msec : 0
136.3 msec : 0
136.4 msec : 0
136.5 msec : 0
136.6 msec : 0
136.7 msec : 0
136.8 msec : 0
136.9 msec : 0
137.0 msec : 0
137.1 msec : 0
137.2 msec : 0
137.3 msec : 0
137.4 msec : 0
137.5 msec : 0
137.6 msec : 0
137.7 msec : 0
137.8 msec : 0
137.9 msec : 0
138.0 msec : 0
138.1 msec : 0
138.2 msec : 0
138.3 msec : 0
138.4 msec : 0
138.5 msec : 0
138.6 msec : 0
138.7 msec : 0
138.8 msec : 0
138.9 msec : 0
139.0 msec : 0
139.1 msec : 0
139.2 msec : 0
139.3 msec : 0
139.4 msec : 0
139.5 msec : 0
139.6 msec : 0
139.7 msec : 0
139.8 msec : 0
139.9 msec : 0
140.0 msec : 0
140.1 msec : 0
140.2 msec : 0
140.3 msec : 0
140.4 msec : 0
140.5 msec : 0
140.6 msec : 0
140.7 msec : 0
140.8 msec : 0
140.9 msec : 0
141.0 msec : 0
141.1 msec : 0
141.2 msec : 0
141.3 msec : 0
141.4 msec : 0
141.5 msec : 0
141.6 msec : 0
141.7 msec : 0
141.8 msec : 0
141.9 msec : 0
142.0 msec : 0
142.1 msec : 0
142.2 msec : 0
142.3 msec : 0
142.4 msec : 0
142.5 msec : 0
142.6 msec : 0
142.7 msec : 0
142.8 msec : 0
142.9 msec : 0
143.0 msec : 0
143.1 msec : 0
143.2 msec : 0
143.3 msec : 0
143.4 msec : 0
143.5 msec : 0
143.6 msec : 0
143.7 msec : 0
143.8 msec : 0
143.9 msec : 0
144.0 msec : 0
144.1 msec : 0
144.2 msec : 0
144.3 msec : 0
144.4 msec : 0
144.5 msec : 0
144.6 msec : 0
144.7 msec : 0
144.8 msec : 0
144.9 msec : 0
145.0 msec : 0
145.1 msec : 0
145.2 msec : 0
145.3 msec : 0
145.4 msec : 0
145.5 msec : 0
145.6 msec : 0
145.7 msec : 0
145.8 msec : 0
145.9 msec : 0
146.0 msec : 0
146.1 msec : 0
146.2 msec : 0
146.3 msec : 0
146.4 msec : 0
146.5 msec : 0
146.6 msec : 0
146.7 msec : 0
146.8 msec : 0
146.9 msec : 0
147.0 msec : 0
147.1 msec : 0
147.2 msec : 0
147.3 msec : 0
147.4 msec : 0
147.5 msec : 0
147.6 msec : 0
147.7 msec : 0
147.8 msec : 0
147.9 msec : 0
148.0 msec : 0
148.1 msec : 0
148.2 msec : 0
148.3 msec : 0
148.4 msec : 0
148.5 msec : 0
148.6 msec : 0
148.7 msec : 0
148.8 msec : 0
148.9 msec : 0
149.0 msec : 0
149.1 msec : 0
149.2 msec : 0
149.3 msec : 0
149.4 msec : 0
149.5 msec : 0
149.6 msec : 0
149.7 msec : 0
149.8 msec : 0
149.9 msec : 0
150.0 msec : 0
150.1 msec : 0
150.2 msec : 0
150.3 msec : 0
150.4 msec : 0
150.5 msec : 0
150.6 msec : 0
150.7 msec : 0
150.8 msec : 0
150.9 msec : 0
151.0 msec : 0
151.1 msec : 0
151.2 msec : 0
151.3 msec : 0
151.4 msec : 0
151.5 msec : 0
151.6 msec : 0
151.7 msec : 0
151.8 msec : 0
151.9 msec : 0
152.0 msec : 0
152.1 msec : 0
152.2 msec : 0
152.3 msec : 0
152.4 msec : 0
152.5 msec : 0
152.6 msec : 0
152.7 msec : 0
152.8 msec : 0
152.9 msec : 0
153.0 msec : 0
153.1 msec : 0
153.2 msec : 0
153.3 msec : 0
153.4 msec : 0
153.5 msec : 0
153.6 msec : 0
153.7 msec : 0
153.8 msec : 0
153.9 msec : 0
154.0 msec : 0
154.1 msec : 0
154.2 msec : 0
154.3 msec : 0
154.4 msec : 0
154.5 msec : 0
154.6 msec : 0
154.7 msec : 1
154.8 msec : 1
154.9 msec : 0
155.0 msec : 0
155.1 msec : 0
155.2 msec : 0
155.3 msec : 0
155.4 msec : 0
155.5 msec : 0
155.6 msec : 0
155.7 msec : 0
155.8 msec : 2
155.9 msec : 0
156.0 msec : 1
156.1 msec : 3
156.2 msec : 0
156.3 msec : 0
156.4 msec : 0
156.5 msec : 2
156.6 msec : 1
156.7 msec : 1
156.8 msec : 0
156.9 msec : 0
157.0 msec : 0
157.1 msec : 0
