Middleware started...
Middleware shuts down...
Smaller resolution statistics are in a log file...
Final aggregates per worker:


Worker 46
Average throughput (ops/sec) = 60
Average response time (msec) = 1.1386660163934426
Average queue length = 0
Average wait time in queue (msec) = 0.1962966557377049
Average service time (msec) = 0.8333234098360656
Number of SET = 60
Number of GET = 0
Number of MULTI GET = 0


Worker 47
Average throughput (ops/sec) = 59
Average response time (msec) = 1.168758737704918
Average queue length = 0
Average wait time in queue (msec) = 0.2156040819672131
Average service time (msec) = 0.8544135901639344
Number of SET = 59
Number of GET = 0
Number of MULTI GET = 0


Worker 48
Average throughput (ops/sec) = 61
Average response time (msec) = 1.1879685901639345
Average queue length = 0
Average wait time in queue (msec) = 0.2283806393442623
Average service time (msec) = 0.8608151311475409
Number of SET = 61
Number of GET = 0
Number of MULTI GET = 0


Worker 49
Average throughput (ops/sec) = 58
Average response time (msec) = 1.1847822950819673
Average queue length = 0
Average wait time in queue (msec) = 0.20866931147540985
Average service time (msec) = 0.8784763278688524
Number of SET = 58
Number of GET = 0
Number of MULTI GET = 0


Worker 42
Average throughput (ops/sec) = 61
Average response time (msec) = 1.1253695901639345
Average queue length = 0
Average wait time in queue (msec) = 0.19325555737704916
Average service time (msec) = 0.8317404262295083
Number of SET = 61
Number of GET = 0
Number of MULTI GET = 0


Worker 43
Average throughput (ops/sec) = 59
Average response time (msec) = 1.1397845573770493
Average queue length = 0
Average wait time in queue (msec) = 0.22059967213114753
Average service time (msec) = 0.8205985573770492
Number of SET = 59
Number of GET = 0
Number of MULTI GET = 0


Worker 44
Average throughput (ops/sec) = 59
Average response time (msec) = 1.1326977540983607
Average queue length = 0
Average wait time in queue (msec) = 0.20789503278688526
Average service time (msec) = 0.8188574098360656
Number of SET = 59
Number of GET = 0
Number of MULTI GET = 0


Worker 45
Average throughput (ops/sec) = 60
Average response time (msec) = 1.1532228032786886
Average queue length = 0
Average wait time in queue (msec) = 0.216838131147541
Average service time (msec) = 0.8374590491803279
Number of SET = 60
Number of GET = 0
Number of MULTI GET = 0


Worker 50
Average throughput (ops/sec) = 60
Average response time (msec) = 1.1625002295081968
Average queue length = 0
Average wait time in queue (msec) = 0.23319555737704917
Average service time (msec) = 0.8348752131147541
Number of SET = 60
Number of GET = 0
Number of MULTI GET = 0


Worker 51
Average throughput (ops/sec) = 59
Average response time (msec) = 1.1117213934426229
Average queue length = 0
Average wait time in queue (msec) = 0.2040759180327869
Average service time (msec) = 0.8039330327868853
Number of SET = 59
Number of GET = 0
Number of MULTI GET = 0


Worker 52
Average throughput (ops/sec) = 60
Average response time (msec) = 1.1584812295081968
Average queue length = 0
Average wait time in queue (msec) = 0.21751129508196723
Average service time (msec) = 0.837000213114754
Number of SET = 60
Number of GET = 0
Number of MULTI GET = 0


Worker 57
Average throughput (ops/sec) = 59
Average response time (msec) = 1.1525719672131147
Average queue length = 0
Average wait time in queue (msec) = 0.21247888524590164
Average service time (msec) = 0.8400203934426229
Number of SET = 59
Number of GET = 0
Number of MULTI GET = 0


Worker 13
Average throughput (ops/sec) = 60
Average response time (msec) = 1.12810368852459
Average queue length = 0
Average wait time in queue (msec) = 0.20175150819672133
Average service time (msec) = 0.8281187213114753
Number of SET = 60
Number of GET = 0
Number of MULTI GET = 0


Worker 58
Average throughput (ops/sec) = 60
Average response time (msec) = 1.1782639344262293
Average queue length = 0
Average wait time in queue (msec) = 0.2105889836065574
Average service time (msec) = 0.8570011967213115
Number of SET = 60
Number of GET = 0
Number of MULTI GET = 0


Worker 14
Average throughput (ops/sec) = 61
Average response time (msec) = 1.1656257540983606
Average queue length = 0
Average wait time in queue (msec) = 0.2012363606557377
Average service time (msec) = 0.842858524590164
Number of SET = 61
Number of GET = 0
Number of MULTI GET = 0


Worker 59
Average throughput (ops/sec) = 60
Average response time (msec) = 1.1472995901639345
Average queue length = 1
Average wait time in queue (msec) = 0.207513262295082
Average service time (msec) = 0.8456820327868853
Number of SET = 60
Number of GET = 0
Number of MULTI GET = 0


Worker 15
Average throughput (ops/sec) = 61
Average response time (msec) = 1.139673573770492
Average queue length = 0
Average wait time in queue (msec) = 0.21964562295081966
Average service time (msec) = 0.8243154098360657
Number of SET = 61
Number of GET = 0
Number of MULTI GET = 0


Worker 16
Average throughput (ops/sec) = 59
Average response time (msec) = 1.2153951311475408
Average queue length = 0
Average wait time in queue (msec) = 0.20334811475409836
Average service time (msec) = 0.8787046229508196
Number of SET = 59
Number of GET = 0
Number of MULTI GET = 0


Worker 53
Average throughput (ops/sec) = 59
Average response time (msec) = 1.1666030491803279
Average queue length = 0
Average wait time in queue (msec) = 0.2083102131147541
Average service time (msec) = 0.8426552131147541
Number of SET = 59
Number of GET = 0
Number of MULTI GET = 0


Worker 54
Average throughput (ops/sec) = 60
Average response time (msec) = 1.1510818196721313
Average queue length = 0
Average wait time in queue (msec) = 0.2321841475409836
Average service time (msec) = 0.8172975409836066
Number of SET = 60
Number of GET = 0
Number of MULTI GET = 0


Worker 10
Average throughput (ops/sec) = 59
Average response time (msec) = 1.2413133442622952
Average queue length = 0
Average wait time in queue (msec) = 0.26369244262295083
Average service time (msec) = 0.8543791803278689
Number of SET = 59
Number of GET = 0
Number of MULTI GET = 0


Worker 55
Average throughput (ops/sec) = 59
Average response time (msec) = 1.1414451147540985
Average queue length = 0
Average wait time in queue (msec) = 0.21473995081967215
Average service time (msec) = 0.8216781967213114
Number of SET = 59
Number of GET = 0
Number of MULTI GET = 0


Worker 11
Average throughput (ops/sec) = 60
Average response time (msec) = 1.148784163934426
Average queue length = 0
Average wait time in queue (msec) = 0.2166548524590164
Average service time (msec) = 0.8362640163934426
Number of SET = 60
Number of GET = 0
Number of MULTI GET = 0


Worker 56
Average throughput (ops/sec) = 60
Average response time (msec) = 1.177908360655738
Average queue length = 0
Average wait time in queue (msec) = 0.22508678688524592
Average service time (msec) = 0.8194650491803279
Number of SET = 60
Number of GET = 0
Number of MULTI GET = 0


Worker 12
Average throughput (ops/sec) = 59
Average response time (msec) = 1.1352820655737705
Average queue length = 1
Average wait time in queue (msec) = 0.20380424590163934
Average service time (msec) = 0.8157956229508196
Number of SET = 59
Number of GET = 0
Number of MULTI GET = 0


Worker 17
Average throughput (ops/sec) = 59
Average response time (msec) = 1.1664358196721312
Average queue length = 0
Average wait time in queue (msec) = 0.19876716393442623
Average service time (msec) = 0.8514225409836066
Number of SET = 59
Number of GET = 0
Number of MULTI GET = 0


Worker 18
Average throughput (ops/sec) = 60
Average response time (msec) = 1.201956475409836
Average queue length = 0
Average wait time in queue (msec) = 0.22156339344262294
Average service time (msec) = 0.8654477704918033
Number of SET = 60
Number of GET = 0
Number of MULTI GET = 0


Worker 19
Average throughput (ops/sec) = 60
Average response time (msec) = 1.1748791475409834
Average queue length = 0
Average wait time in queue (msec) = 0.21062545901639343
Average service time (msec) = 0.8633102459016393
Number of SET = 60
Number of GET = 0
Number of MULTI GET = 0


Worker 60
Average throughput (ops/sec) = 60
Average response time (msec) = 1.1492644918032786
Average queue length = 0
Average wait time in queue (msec) = 0.22864595081967215
Average service time (msec) = 0.8212276721311476
Number of SET = 60
Number of GET = 0
Number of MULTI GET = 0


Worker 61
Average throughput (ops/sec) = 59
Average response time (msec) = 1.1566514262295082
Average queue length = 0
Average wait time in queue (msec) = 0.207722
Average service time (msec) = 0.8555719836065574
Number of SET = 59
Number of GET = 0
Number of MULTI GET = 0


Worker 62
Average throughput (ops/sec) = 60
Average response time (msec) = 1.1333154918032786
Average queue length = 0
Average wait time in queue (msec) = 0.223246
Average service time (msec) = 0.8016900655737704
Number of SET = 60
Number of GET = 0
Number of MULTI GET = 0


Worker 63
Average throughput (ops/sec) = 60
Average response time (msec) = 1.1680939016393441
Average queue length = 0
Average wait time in queue (msec) = 0.23104432786885248
Average service time (msec) = 0.8392112459016393
Number of SET = 60
Number of GET = 0
Number of MULTI GET = 0


Worker 24
Average throughput (ops/sec) = 59
Average response time (msec) = 1.1640205901639344
Average queue length = 0
Average wait time in queue (msec) = 0.2042605081967213
Average service time (msec) = 0.8511607049180328
Number of SET = 59
Number of GET = 0
Number of MULTI GET = 0


Worker 7
Average throughput (ops/sec) = 59
Average response time (msec) = 1.1907681803278687
Average queue length = 0
Average wait time in queue (msec) = 0.21304509836065574
Average service time (msec) = 0.8631984426229508
Number of SET = 59
Number of GET = 0
Number of MULTI GET = 0


Worker 25
Average throughput (ops/sec) = 60
Average response time (msec) = 1.1417600983606557
Average queue length = 0
Average wait time in queue (msec) = 0.21259439344262293
Average service time (msec) = 0.8269854590163934
Number of SET = 60
Number of GET = 0
Number of MULTI GET = 0


Worker 6
Average throughput (ops/sec) = 59
Average response time (msec) = 1.1450663278688524
Average queue length = 0
Average wait time in queue (msec) = 0.20042662295081967
Average service time (msec) = 0.8423961639344263
Number of SET = 59
Number of GET = 0
Number of MULTI GET = 0


Worker 26
Average throughput (ops/sec) = 61
Average response time (msec) = 1.1410913934426228
Average queue length = 0
Average wait time in queue (msec) = 0.21718413114754098
Average service time (msec) = 0.808690786885246
Number of SET = 61
Number of GET = 0
Number of MULTI GET = 0


Worker 9
Average throughput (ops/sec) = 61
Average response time (msec) = 1.1275463606557379
Average queue length = 0
Average wait time in queue (msec) = 0.2081498524590164
Average service time (msec) = 0.8157698688524591
Number of SET = 61
Number of GET = 0
Number of MULTI GET = 0


Worker 27
Average throughput (ops/sec) = 60
Average response time (msec) = 1.112007393442623
Average queue length = 1
Average wait time in queue (msec) = 0.21482668852459016
Average service time (msec) = 0.7885426229508197
Number of SET = 60
Number of GET = 0
Number of MULTI GET = 0


Worker 8
Average throughput (ops/sec) = 59
Average response time (msec) = 1.17455
Average queue length = 0
Average wait time in queue (msec) = 0.21004339344262293
Average service time (msec) = 0.8623293278688524
Number of SET = 59
Number of GET = 0
Number of MULTI GET = 0


Worker 64
Average throughput (ops/sec) = 60
Average response time (msec) = 1.1308125901639345
Average queue length = 0
Average wait time in queue (msec) = 0.2065160819672131
Average service time (msec) = 0.8293104098360656
Number of SET = 60
Number of GET = 0
Number of MULTI GET = 0


Worker 20
Average throughput (ops/sec) = 59
Average response time (msec) = 1.1587684262295082
Average queue length = 0
Average wait time in queue (msec) = 0.20581752459016392
Average service time (msec) = 0.8471659344262296
Number of SET = 59
Number of GET = 0
Number of MULTI GET = 0


Worker 3
Average throughput (ops/sec) = 60
Average response time (msec) = 1.2272696721311476
Average queue length = 0
Average wait time in queue (msec) = 0.22861867213114753
Average service time (msec) = 0.8655809016393443
Number of SET = 60
Number of GET = 0
Number of MULTI GET = 0


Worker 21
Average throughput (ops/sec) = 59
Average response time (msec) = 1.1440013278688526
Average queue length = 0
Average wait time in queue (msec) = 0.20758655737704917
Average service time (msec) = 0.8272630491803279
Number of SET = 59
Number of GET = 0
Number of MULTI GET = 0


Worker 2
Average throughput (ops/sec) = 59
Average response time (msec) = 1.1966620819672131
Average queue length = 1
Average wait time in queue (msec) = 0.22792545901639344
Average service time (msec) = 0.855987950819672
Number of SET = 59
Number of GET = 0
Number of MULTI GET = 0


Worker 22
Average throughput (ops/sec) = 60
Average response time (msec) = 1.1087588688524592
Average queue length = 0
Average wait time in queue (msec) = 0.19663303278688524
Average service time (msec) = 0.8128506229508197
Number of SET = 60
Number of GET = 0
Number of MULTI GET = 0


Worker 5
Average throughput (ops/sec) = 59
Average response time (msec) = 1.2190497049180327
Average queue length = 1
Average wait time in queue (msec) = 0.23722170491803277
Average service time (msec) = 0.852654131147541
Number of SET = 59
Number of GET = 0
Number of MULTI GET = 0


Worker 23
Average throughput (ops/sec) = 59
Average response time (msec) = 1.1567870327868852
Average queue length = 1
Average wait time in queue (msec) = 0.22070932786885247
Average service time (msec) = 0.8385076557377049
Number of SET = 59
Number of GET = 0
Number of MULTI GET = 0


Worker 4
Average throughput (ops/sec) = 59
Average response time (msec) = 1.1471089508196721
Average queue length = 0
Average wait time in queue (msec) = 0.21433111475409836
Average service time (msec) = 0.8212698852459016
Number of SET = 59
Number of GET = 0
Number of MULTI GET = 0


Worker 28
Average throughput (ops/sec) = 59
Average response time (msec) = 1.124622836065574
Average queue length = 0
Average wait time in queue (msec) = 0.21627645901639345
Average service time (msec) = 0.802858475409836
Number of SET = 59
Number of GET = 0
Number of MULTI GET = 0


Worker 29
Average throughput (ops/sec) = 59
Average response time (msec) = 1.1409785737704918
Average queue length = 0
Average wait time in queue (msec) = 0.22162383606557376
Average service time (msec) = 0.804617868852459
Number of SET = 59
Number of GET = 0
Number of MULTI GET = 0


Worker 1
Average throughput (ops/sec) = 59
Average response time (msec) = 1.2207410655737705
Average queue length = 0
Average wait time in queue (msec) = 0.22018396721311476
Average service time (msec) = 0.8734257704918033
Number of SET = 59
Number of GET = 0
Number of MULTI GET = 0


Worker 30
Average throughput (ops/sec) = 59
Average response time (msec) = 1.1461069836065574
Average queue length = 0
Average wait time in queue (msec) = 0.20944013114754098
Average service time (msec) = 0.828921393442623
Number of SET = 59
Number of GET = 0
Number of MULTI GET = 0


Worker 35
Average throughput (ops/sec) = 60
Average response time (msec) = 1.1796363114754098
Average queue length = 0
Average wait time in queue (msec) = 0.24593254098360656
Average service time (msec) = 0.820501081967213
Number of SET = 60
Number of GET = 0
Number of MULTI GET = 0


Worker 36
Average throughput (ops/sec) = 60
Average response time (msec) = 1.134831786885246
Average queue length = 0
Average wait time in queue (msec) = 0.2125616393442623
Average service time (msec) = 0.8102874590163934
Number of SET = 60
Number of GET = 0
Number of MULTI GET = 0


Worker 37
Average throughput (ops/sec) = 59
Average response time (msec) = 1.1198669672131147
Average queue length = 0
Average wait time in queue (msec) = 0.2178531475409836
Average service time (msec) = 0.7912815737704918
Number of SET = 59
Number of GET = 0
Number of MULTI GET = 0


Worker 38
Average throughput (ops/sec) = 58
Average response time (msec) = 1.1285206229508198
Average queue length = 0
Average wait time in queue (msec) = 0.20282768852459016
Average service time (msec) = 0.8338718032786886
Number of SET = 58
Number of GET = 0
Number of MULTI GET = 0


Worker 31
Average throughput (ops/sec) = 60
Average response time (msec) = 1.1626225573770492
Average queue length = 0
Average wait time in queue (msec) = 0.22595093442622952
Average service time (msec) = 0.8315706229508196
Number of SET = 60
Number of GET = 0
Number of MULTI GET = 0


Worker 32
Average throughput (ops/sec) = 61
Average response time (msec) = 1.1379350819672132
Average queue length = 0
Average wait time in queue (msec) = 0.21312490163934425
Average service time (msec) = 0.8271215737704918
Number of SET = 61
Number of GET = 0
Number of MULTI GET = 0


Worker 33
Average throughput (ops/sec) = 60
Average response time (msec) = 1.1780258852459016
Average queue length = 0
Average wait time in queue (msec) = 0.21944281967213117
Average service time (msec) = 0.8550672131147541
Number of SET = 60
Number of GET = 0
Number of MULTI GET = 0


Worker 34
Average throughput (ops/sec) = 61
Average response time (msec) = 1.184353737704918
Average queue length = 0
Average wait time in queue (msec) = 0.22449704918032787
Average service time (msec) = 0.8515630327868853
Number of SET = 61
Number of GET = 0
Number of MULTI GET = 0


Worker 39
Average throughput (ops/sec) = 60
Average response time (msec) = 1.146718426229508
Average queue length = 0
Average wait time in queue (msec) = 0.20963719672131148
Average service time (msec) = 0.8277663934426229
Number of SET = 60
Number of GET = 0
Number of MULTI GET = 0


Worker 40
Average throughput (ops/sec) = 58
Average response time (msec) = 1.1640456229508198
Average queue length = 0
Average wait time in queue (msec) = 0.22896770491803278
Average service time (msec) = 0.8251509344262296
Number of SET = 58
Number of GET = 0
Number of MULTI GET = 0


Worker 41
Average throughput (ops/sec) = 60
Average response time (msec) = 1.1325568196721312
Average queue length = 0
Average wait time in queue (msec) = 0.21160477049180326
Average service time (msec) = 0.8272696393442623
Number of SET = 60
Number of GET = 0
Number of MULTI GET = 0


FINAL STATS
Average throughput (ops/sec) = 3815
Average response time (msec) = 1.1254213005994764
Average queue length = 0
Average wait time in queue (msec) = 0.21548103867827867
Average service time (msec) = 0.835227318135246
Number of SET = 3815
Number of GET = 0
Number of MULTI GET = 0
Number of Cache misses = 0
Arrival rate (lambda) = [0, 0, 0, 0, 0, 681, 2605, 2987, 2974, 3832, 3921, 3927, 4094, 3679, 4156, 3881, 3999, 4262, 4193, 4225, 3763, 3975, 4129, 4015, 4246, 4078, 3750, 3864, 3732, 4185, 4481, 4115, 4068, 4010, 3989, 3952, 3921, 3780, 3686, 3702, 3939, 4126, 3737, 3877, 4141, 4121, 4114, 4078, 4038, 3662, 3772, 3844, 4172, 4151, 4086, 4100, 3890, 3715, 3718, 3995, 3985, 4003, 4076, 4268, 4096, 1986, 0]


Histogram response times (0.1 msec step)
0.0 msec : 940
0.1 msec : 11984
0.2 msec : 30713
0.3 msec : 40990
0.4 msec : 38541
0.5 msec : 30723
0.6 msec : 21670
0.7 msec : 14828
0.8 msec : 9703
0.9 msec : 6259
1.0 msec : 4209
1.1 msec : 2937
1.2 msec : 2014
1.3 msec : 1402
1.4 msec : 1175
1.5 msec : 1010
1.6 msec : 838
1.7 msec : 723
1.8 msec : 611
1.9 msec : 543
2.0 msec : 483
2.1 msec : 435
2.2 msec : 357
2.3 msec : 338
2.4 msec : 294
2.5 msec : 307
2.6 msec : 245
2.7 msec : 223
2.8 msec : 215
2.9 msec : 222
3.0 msec : 232
3.1 msec : 189
3.2 msec : 186
3.3 msec : 179
3.4 msec : 193
3.5 msec : 155
3.6 msec : 143
3.7 msec : 122
3.8 msec : 133
3.9 msec : 125
4.0 msec : 138
4.1 msec : 112
4.2 msec : 100
4.3 msec : 97
4.4 msec : 109
4.5 msec : 108
4.6 msec : 103
4.7 msec : 124
4.8 msec : 113
4.9 msec : 91
5.0 msec : 107
5.1 msec : 74
5.2 msec : 72
5.3 msec : 110
5.4 msec : 178
5.5 msec : 312
5.6 msec : 456
5.7 msec : 553
5.8 msec : 590
5.9 msec : 658
6.0 msec : 605
6.1 msec : 511
6.2 msec : 435
6.3 msec : 327
6.4 msec : 257
6.5 msec : 202
6.6 msec : 162
6.7 msec : 103
6.8 msec : 75
6.9 msec : 61
7.0 msec : 60
7.1 msec : 44
7.2 msec : 45
7.3 msec : 47
7.4 msec : 36
7.5 msec : 43
7.6 msec : 35
7.7 msec : 34
7.8 msec : 30
7.9 msec : 21
8.0 msec : 23
8.1 msec : 21
8.2 msec : 23
8.3 msec : 17
8.4 msec : 18
8.5 msec : 24
8.6 msec : 17
8.7 msec : 20
8.8 msec : 29
8.9 msec : 16
9.0 msec : 9
9.1 msec : 11
9.2 msec : 19
9.3 msec : 16
9.4 msec : 17
9.5 msec : 18
9.6 msec : 16
9.7 msec : 5
9.8 msec : 9
9.9 msec : 17
10.0 msec : 14
10.1 msec : 6
10.2 msec : 10
10.3 msec : 1
10.4 msec : 2
10.5 msec : 3
10.6 msec : 5
10.7 msec : 8
10.8 msec : 5
10.9 msec : 7
11.0 msec : 5
11.1 msec : 12
11.2 msec : 9
11.3 msec : 2
11.4 msec : 7
11.5 msec : 6
11.6 msec : 5
11.7 msec : 9
11.8 msec : 8
11.9 msec : 4
12.0 msec : 7
12.1 msec : 2
12.2 msec : 1
12.3 msec : 3
12.4 msec : 4
12.5 msec : 2
12.6 msec : 2
12.7 msec : 2
12.8 msec : 2
12.9 msec : 3
13.0 msec : 1
13.1 msec : 3
13.2 msec : 0
13.3 msec : 0
13.4 msec : 0
13.5 msec : 0
13.6 msec : 2
13.7 msec : 0
13.8 msec : 1
13.9 msec : 0
14.0 msec : 1
14.1 msec : 1
14.2 msec : 0
14.3 msec : 1
14.4 msec : 3
14.5 msec : 3
14.6 msec : 2
14.7 msec : 6
14.8 msec : 5
14.9 msec : 3
15.0 msec : 7
15.1 msec : 7
15.2 msec : 2
15.3 msec : 0
15.4 msec : 0
15.5 msec : 2
15.6 msec : 1
15.7 msec : 0
15.8 msec : 0
15.9 msec : 1
16.0 msec : 0
16.1 msec : 0
16.2 msec : 0
16.3 msec : 0
16.4 msec : 0
16.5 msec : 1
16.6 msec : 0
16.7 msec : 0
16.8 msec : 0
16.9 msec : 0
17.0 msec : 0
17.1 msec : 0
17.2 msec : 2
17.3 msec : 1
17.4 msec : 1
17.5 msec : 0
17.6 msec : 0
17.7 msec : 0
17.8 msec : 3
17.9 msec : 0
18.0 msec : 1
18.1 msec : 0
18.2 msec : 0
18.3 msec : 0
18.4 msec : 2
18.5 msec : 1
18.6 msec : 2
18.7 msec : 3
18.8 msec : 4
18.9 msec : 2
19.0 msec : 1
19.1 msec : 1
19.2 msec : 0
19.3 msec : 0
19.4 msec : 0
19.5 msec : 0
19.6 msec : 0
19.7 msec : 0
19.8 msec : 0
19.9 msec : 0
20.0 msec : 0
20.1 msec : 1
20.2 msec : 0
20.3 msec : 1
20.4 msec : 1
20.5 msec : 0
20.6 msec : 1
20.7 msec : 4
20.8 msec : 0
20.9 msec : 0
21.0 msec : 0
21.1 msec : 0
21.2 msec : 0
21.3 msec : 0
21.4 msec : 0
21.5 msec : 0
21.6 msec : 0
21.7 msec : 0
21.8 msec : 0
21.9 msec : 0
22.0 msec : 0
22.1 msec : 0
22.2 msec : 0
22.3 msec : 0
22.4 msec : 0
22.5 msec : 0
22.6 msec : 1
22.7 msec : 0
22.8 msec : 0
22.9 msec : 0
23.0 msec : 0
23.1 msec : 0
23.2 msec : 1
23.3 msec : 0
23.4 msec : 0
23.5 msec : 0
23.6 msec : 1
23.7 msec : 0
23.8 msec : 2
23.9 msec : 0
24.0 msec : 0
24.1 msec : 0
24.2 msec : 1
24.3 msec : 2
24.4 msec : 0
24.5 msec : 0
24.6 msec : 0
24.7 msec : 0
24.8 msec : 0
24.9 msec : 1
25.0 msec : 0
25.1 msec : 0
25.2 msec : 1
25.3 msec : 0
25.4 msec : 0
25.5 msec : 1
25.6 msec : 0
25.7 msec : 2
25.8 msec : 1
25.9 msec : 2
26.0 msec : 2
26.1 msec : 1
26.2 msec : 0
26.3 msec : 1
26.4 msec : 0
26.5 msec : 0
26.6 msec : 1
26.7 msec : 0
26.8 msec : 0
26.9 msec : 0
27.0 msec : 0
27.1 msec : 0
27.2 msec : 0
27.3 msec : 0
27.4 msec : 0
27.5 msec : 0
27.6 msec : 0
27.7 msec : 0
27.8 msec : 0
27.9 msec : 0
28.0 msec : 1
28.1 msec : 0
28.2 msec : 0
28.3 msec : 0
28.4 msec : 0
28.5 msec : 0
28.6 msec : 0
28.7 msec : 0
28.8 msec : 0
28.9 msec : 0
29.0 msec : 0
29.1 msec : 0
29.2 msec : 0
29.3 msec : 0
29.4 msec : 0
29.5 msec : 0
29.6 msec : 0
29.7 msec : 1
29.8 msec : 0
29.9 msec : 0
30.0 msec : 0
30.1 msec : 0
30.2 msec : 0
30.3 msec : 0
30.4 msec : 0
30.5 msec : 0
30.6 msec : 0
30.7 msec : 0
30.8 msec : 0
30.9 msec : 0
31.0 msec : 0
31.1 msec : 0
31.2 msec : 0
31.3 msec : 0
31.4 msec : 1
31.5 msec : 0
31.6 msec : 0
31.7 msec : 0
31.8 msec : 0
31.9 msec : 0
32.0 msec : 0
