Middleware started...
Middleware shuts down...
Smaller resolution statistics are in a log file...
Final aggregates per worker:


Worker 46
Average throughput (ops/sec) = 9
Average response time (msec) = 0.7880981666666667
Average queue length = 0
Average wait time in queue (msec) = 0.024837650000000003
Average service time (msec) = 0.68176415
Number of SET = 9
Number of GET = 0
Number of MULTI GET = 0


Worker 47
Average throughput (ops/sec) = 9
Average response time (msec) = 0.7687656833333334
Average queue length = 0
Average wait time in queue (msec) = 0.026903033333333333
Average service time (msec) = 0.6496597
Number of SET = 9
Number of GET = 0
Number of MULTI GET = 0


Worker 48
Average throughput (ops/sec) = 9
Average response time (msec) = 0.7889222166666666
Average queue length = 0
Average wait time in queue (msec) = 0.023465616666666664
Average service time (msec) = 0.6702186166666667
Number of SET = 9
Number of GET = 0
Number of MULTI GET = 0


Worker 49
Average throughput (ops/sec) = 9
Average response time (msec) = 0.7298299344262296
Average queue length = 0
Average wait time in queue (msec) = 0.02187372131147541
Average service time (msec) = 0.6275878524590164
Number of SET = 9
Number of GET = 0
Number of MULTI GET = 0


Worker 42
Average throughput (ops/sec) = 9
Average response time (msec) = 0.756195606557377
Average queue length = 0
Average wait time in queue (msec) = 0.023554983606557375
Average service time (msec) = 0.6520504098360657
Number of SET = 9
Number of GET = 0
Number of MULTI GET = 0


Worker 43
Average throughput (ops/sec) = 9
Average response time (msec) = 0.7594802833333333
Average queue length = 0
Average wait time in queue (msec) = 0.03518846666666667
Average service time (msec) = 0.6432935333333333
Number of SET = 9
Number of GET = 0
Number of MULTI GET = 0


Worker 44
Average throughput (ops/sec) = 9
Average response time (msec) = 0.7072923166666667
Average queue length = 0
Average wait time in queue (msec) = 0.0223241
Average service time (msec) = 0.6049629333333334
Number of SET = 9
Number of GET = 0
Number of MULTI GET = 0


Worker 45
Average throughput (ops/sec) = 9
Average response time (msec) = 0.75428965
Average queue length = 0
Average wait time in queue (msec) = 0.02685575
Average service time (msec) = 0.6334911333333333
Number of SET = 9
Number of GET = 0
Number of MULTI GET = 0


Worker 50
Average throughput (ops/sec) = 9
Average response time (msec) = 0.83807575
Average queue length = 0
Average wait time in queue (msec) = 0.07414691666666667
Average service time (msec) = 0.6616853166666666
Number of SET = 9
Number of GET = 0
Number of MULTI GET = 0


Worker 51
Average throughput (ops/sec) = 9
Average response time (msec) = 0.76993695
Average queue length = 0
Average wait time in queue (msec) = 0.02350041666666667
Average service time (msec) = 0.6664699166666667
Number of SET = 9
Number of GET = 0
Number of MULTI GET = 0


Worker 52
Average throughput (ops/sec) = 9
Average response time (msec) = 0.73970435
Average queue length = 0
Average wait time in queue (msec) = 0.024701066666666667
Average service time (msec) = 0.63197525
Number of SET = 9
Number of GET = 0
Number of MULTI GET = 0


Worker 57
Average throughput (ops/sec) = 9
Average response time (msec) = 0.7406576
Average queue length = 0
Average wait time in queue (msec) = 0.02479675
Average service time (msec) = 0.6349847166666667
Number of SET = 9
Number of GET = 0
Number of MULTI GET = 0


Worker 13
Average throughput (ops/sec) = 9
Average response time (msec) = 0.7528143442622951
Average queue length = 0
Average wait time in queue (msec) = 0.023482
Average service time (msec) = 0.6316586229508196
Number of SET = 9
Number of GET = 0
Number of MULTI GET = 0


Worker 58
Average throughput (ops/sec) = 9
Average response time (msec) = 0.7756489166666666
Average queue length = 0
Average wait time in queue (msec) = 0.02350155
Average service time (msec) = 0.6693828166666667
Number of SET = 9
Number of GET = 0
Number of MULTI GET = 0


Worker 14
Average throughput (ops/sec) = 9
Average response time (msec) = 0.7435479016393443
Average queue length = 0
Average wait time in queue (msec) = 0.025974196721311477
Average service time (msec) = 0.6352629016393443
Number of SET = 9
Number of GET = 0
Number of MULTI GET = 0


Worker 59
Average throughput (ops/sec) = 9
Average response time (msec) = 0.7628803000000001
Average queue length = 0
Average wait time in queue (msec) = 0.02326553333333333
Average service time (msec) = 0.65189865
Number of SET = 9
Number of GET = 0
Number of MULTI GET = 0


Worker 15
Average throughput (ops/sec) = 9
Average response time (msec) = 0.8334124918032787
Average queue length = 0
Average wait time in queue (msec) = 0.03057322950819672
Average service time (msec) = 0.6364966885245901
Number of SET = 9
Number of GET = 0
Number of MULTI GET = 0


Worker 16
Average throughput (ops/sec) = 9
Average response time (msec) = 0.7382512786885246
Average queue length = 0
Average wait time in queue (msec) = 0.023561918032786885
Average service time (msec) = 0.6348508852459016
Number of SET = 9
Number of GET = 0
Number of MULTI GET = 0


Worker 53
Average throughput (ops/sec) = 9
Average response time (msec) = 0.8059155573770492
Average queue length = 0
Average wait time in queue (msec) = 0.02244711475409836
Average service time (msec) = 0.702619868852459
Number of SET = 9
Number of GET = 0
Number of MULTI GET = 0


Worker 54
Average throughput (ops/sec) = 9
Average response time (msec) = 0.7421954666666667
Average queue length = 0
Average wait time in queue (msec) = 0.0248853
Average service time (msec) = 0.6384279166666667
Number of SET = 9
Number of GET = 0
Number of MULTI GET = 0


Worker 10
Average throughput (ops/sec) = 9
Average response time (msec) = 0.8430257704918033
Average queue length = 0
Average wait time in queue (msec) = 0.026163049180327868
Average service time (msec) = 0.7376454098360656
Number of SET = 9
Number of GET = 0
Number of MULTI GET = 0


Worker 55
Average throughput (ops/sec) = 9
Average response time (msec) = 0.7189469666666667
Average queue length = 0
Average wait time in queue (msec) = 0.0221321
Average service time (msec) = 0.6169694
Number of SET = 9
Number of GET = 0
Number of MULTI GET = 0


Worker 11
Average throughput (ops/sec) = 9
Average response time (msec) = 0.7044159016393443
Average queue length = 0
Average wait time in queue (msec) = 0.022716
Average service time (msec) = 0.6026167213114754
Number of SET = 9
Number of GET = 0
Number of MULTI GET = 0


Worker 56
Average throughput (ops/sec) = 9
Average response time (msec) = 0.7378390666666667
Average queue length = 0
Average wait time in queue (msec) = 0.025027483333333333
Average service time (msec) = 0.6247545333333333
Number of SET = 9
Number of GET = 0
Number of MULTI GET = 0


Worker 12
Average throughput (ops/sec) = 9
Average response time (msec) = 0.7434953606557377
Average queue length = 0
Average wait time in queue (msec) = 0.023804704918032788
Average service time (msec) = 0.6374705737704918
Number of SET = 9
Number of GET = 0
Number of MULTI GET = 0


Worker 17
Average throughput (ops/sec) = 9
Average response time (msec) = 0.7651774918032787
Average queue length = 0
Average wait time in queue (msec) = 0.023135147540983607
Average service time (msec) = 0.6592506229508197
Number of SET = 9
Number of GET = 0
Number of MULTI GET = 0


Worker 18
Average throughput (ops/sec) = 9
Average response time (msec) = 0.7754555737704918
Average queue length = 0
Average wait time in queue (msec) = 0.023787032786885248
Average service time (msec) = 0.6709041967213114
Number of SET = 9
Number of GET = 0
Number of MULTI GET = 0


Worker 19
Average throughput (ops/sec) = 9
Average response time (msec) = 0.7202718032786886
Average queue length = 0
Average wait time in queue (msec) = 0.031280803278688527
Average service time (msec) = 0.611008
Number of SET = 9
Number of GET = 0
Number of MULTI GET = 0


Worker 60
Average throughput (ops/sec) = 9
Average response time (msec) = 0.7841601666666667
Average queue length = 0
Average wait time in queue (msec) = 0.023050166666666667
Average service time (msec) = 0.6775482333333332
Number of SET = 9
Number of GET = 0
Number of MULTI GET = 0


Worker 61
Average throughput (ops/sec) = 9
Average response time (msec) = 0.7875838333333334
Average queue length = 0
Average wait time in queue (msec) = 0.023045233333333335
Average service time (msec) = 0.6371737166666667
Number of SET = 9
Number of GET = 0
Number of MULTI GET = 0


Worker 62
Average throughput (ops/sec) = 9
Average response time (msec) = 0.7313323833333333
Average queue length = 0
Average wait time in queue (msec) = 0.024598933333333333
Average service time (msec) = 0.6234289666666667
Number of SET = 9
Number of GET = 0
Number of MULTI GET = 0


Worker 63
Average throughput (ops/sec) = 9
Average response time (msec) = 0.8006233666666667
Average queue length = 0
Average wait time in queue (msec) = 0.022642066666666665
Average service time (msec) = 0.6540709499999999
Number of SET = 9
Number of GET = 0
Number of MULTI GET = 0


Worker 24
Average throughput (ops/sec) = 9
Average response time (msec) = 0.7744698360655737
Average queue length = 0
Average wait time in queue (msec) = 0.02377067213114754
Average service time (msec) = 0.670077131147541
Number of SET = 9
Number of GET = 0
Number of MULTI GET = 0


Worker 7
Average throughput (ops/sec) = 9
Average response time (msec) = 0.759592868852459
Average queue length = 0
Average wait time in queue (msec) = 0.029491983606557377
Average service time (msec) = 0.6486569672131147
Number of SET = 9
Number of GET = 0
Number of MULTI GET = 0


Worker 25
Average throughput (ops/sec) = 9
Average response time (msec) = 0.7423273166666666
Average queue length = 0
Average wait time in queue (msec) = 0.023204216666666666
Average service time (msec) = 0.6327938666666667
Number of SET = 9
Number of GET = 0
Number of MULTI GET = 0


Worker 6
Average throughput (ops/sec) = 9
Average response time (msec) = 0.7269175573770492
Average queue length = 0
Average wait time in queue (msec) = 0.023635360655737705
Average service time (msec) = 0.6218874426229508
Number of SET = 9
Number of GET = 0
Number of MULTI GET = 0


Worker 26
Average throughput (ops/sec) = 9
Average response time (msec) = 0.7678259836065574
Average queue length = 0
Average wait time in queue (msec) = 0.024963491803278687
Average service time (msec) = 0.6504517049180327
Number of SET = 9
Number of GET = 0
Number of MULTI GET = 0


Worker 9
Average throughput (ops/sec) = 9
Average response time (msec) = 0.773696606557377
Average queue length = 0
Average wait time in queue (msec) = 0.02570083606557377
Average service time (msec) = 0.6439626721311476
Number of SET = 9
Number of GET = 0
Number of MULTI GET = 0


Worker 27
Average throughput (ops/sec) = 9
Average response time (msec) = 0.7235165081967213
Average queue length = 0
Average wait time in queue (msec) = 0.023731147540983606
Average service time (msec) = 0.6210381147540983
Number of SET = 9
Number of GET = 0
Number of MULTI GET = 0


Worker 8
Average throughput (ops/sec) = 9
Average response time (msec) = 0.7602590327868852
Average queue length = 0
Average wait time in queue (msec) = 0.026886245901639343
Average service time (msec) = 0.6231971475409837
Number of SET = 9
Number of GET = 0
Number of MULTI GET = 0


Worker 64
Average throughput (ops/sec) = 9
Average response time (msec) = 0.7581070666666666
Average queue length = 0
Average wait time in queue (msec) = 0.023645816666666666
Average service time (msec) = 0.6532065333333333
Number of SET = 9
Number of GET = 0
Number of MULTI GET = 0


Worker 20
Average throughput (ops/sec) = 9
Average response time (msec) = 0.7958085737704917
Average queue length = 0
Average wait time in queue (msec) = 0.022847918032786886
Average service time (msec) = 0.67391
Number of SET = 9
Number of GET = 0
Number of MULTI GET = 0


Worker 3
Average throughput (ops/sec) = 9
Average response time (msec) = 0.802838868852459
Average queue length = 0
Average wait time in queue (msec) = 0.024805524590163934
Average service time (msec) = 0.6987125737704918
Number of SET = 9
Number of GET = 0
Number of MULTI GET = 0


Worker 21
Average throughput (ops/sec) = 9
Average response time (msec) = 0.775566262295082
Average queue length = 0
Average wait time in queue (msec) = 0.02343806557377049
Average service time (msec) = 0.671319868852459
Number of SET = 9
Number of GET = 0
Number of MULTI GET = 0


Worker 2
Average throughput (ops/sec) = 9
Average response time (msec) = 0.7707862950819673
Average queue length = 0
Average wait time in queue (msec) = 0.024171639344262294
Average service time (msec) = 0.6448204098360656
Number of SET = 9
Number of GET = 0
Number of MULTI GET = 0


Worker 22
Average throughput (ops/sec) = 9
Average response time (msec) = 0.7871738852459016
Average queue length = 0
Average wait time in queue (msec) = 0.026159885245901637
Average service time (msec) = 0.679339786885246
Number of SET = 9
Number of GET = 0
Number of MULTI GET = 0


Worker 5
Average throughput (ops/sec) = 9
Average response time (msec) = 0.7340076065573771
Average queue length = 0
Average wait time in queue (msec) = 0.02398855737704918
Average service time (msec) = 0.6324446393442623
Number of SET = 9
Number of GET = 0
Number of MULTI GET = 0


Worker 23
Average throughput (ops/sec) = 9
Average response time (msec) = 0.8265019344262295
Average queue length = 0
Average wait time in queue (msec) = 0.023951180327868853
Average service time (msec) = 0.721867606557377
Number of SET = 9
Number of GET = 0
Number of MULTI GET = 0


Worker 4
Average throughput (ops/sec) = 9
Average response time (msec) = 0.779112131147541
Average queue length = 0
Average wait time in queue (msec) = 0.024227786885245902
Average service time (msec) = 0.6698520327868853
Number of SET = 9
Number of GET = 0
Number of MULTI GET = 0


Worker 28
Average throughput (ops/sec) = 9
Average response time (msec) = 0.7306393833333333
Average queue length = 0
Average wait time in queue (msec) = 0.026844916666666666
Average service time (msec) = 0.6270748833333333
Number of SET = 9
Number of GET = 0
Number of MULTI GET = 0


Worker 29
Average throughput (ops/sec) = 9
Average response time (msec) = 0.7977423333333333
Average queue length = 0
Average wait time in queue (msec) = 0.025087833333333334
Average service time (msec) = 0.6916050333333333
Number of SET = 9
Number of GET = 0
Number of MULTI GET = 0


Worker 1
Average throughput (ops/sec) = 9
Average response time (msec) = 0.7730714098360656
Average queue length = 0
Average wait time in queue (msec) = 0.025219032786885247
Average service time (msec) = 0.6629357540983607
Number of SET = 9
Number of GET = 0
Number of MULTI GET = 0


Worker 30
Average throughput (ops/sec) = 9
Average response time (msec) = 0.8085423
Average queue length = 0
Average wait time in queue (msec) = 0.03319171666666667
Average service time (msec) = 0.6913806166666667
Number of SET = 9
Number of GET = 0
Number of MULTI GET = 0


Worker 35
Average throughput (ops/sec) = 9
Average response time (msec) = 0.7998310327868853
Average queue length = 0
Average wait time in queue (msec) = 0.023464704918032788
Average service time (msec) = 0.6943034918032787
Number of SET = 9
Number of GET = 0
Number of MULTI GET = 0


Worker 36
Average throughput (ops/sec) = 9
Average response time (msec) = 0.8106509180327869
Average queue length = 0
Average wait time in queue (msec) = 0.022281852459016396
Average service time (msec) = 0.6489604262295082
Number of SET = 9
Number of GET = 0
Number of MULTI GET = 0


Worker 37
Average throughput (ops/sec) = 9
Average response time (msec) = 0.736015524590164
Average queue length = 0
Average wait time in queue (msec) = 0.022918639344262293
Average service time (msec) = 0.6330352131147541
Number of SET = 9
Number of GET = 0
Number of MULTI GET = 0


Worker 38
Average throughput (ops/sec) = 9
Average response time (msec) = 0.7333593606557377
Average queue length = 0
Average wait time in queue (msec) = 0.02291180327868852
Average service time (msec) = 0.6301825901639344
Number of SET = 9
Number of GET = 0
Number of MULTI GET = 0


Worker 31
Average throughput (ops/sec) = 9
Average response time (msec) = 0.7456223934426229
Average queue length = 0
Average wait time in queue (msec) = 0.022090491803278687
Average service time (msec) = 0.6426938196721311
Number of SET = 9
Number of GET = 0
Number of MULTI GET = 0


Worker 32
Average throughput (ops/sec) = 9
Average response time (msec) = 0.7532542333333333
Average queue length = 0
Average wait time in queue (msec) = 0.026358766666666665
Average service time (msec) = 0.6484453166666666
Number of SET = 9
Number of GET = 0
Number of MULTI GET = 0


Worker 33
Average throughput (ops/sec) = 9
Average response time (msec) = 0.7994998524590163
Average queue length = 0
Average wait time in queue (msec) = 0.026940918032786886
Average service time (msec) = 0.6434019508196721
Number of SET = 9
Number of GET = 0
Number of MULTI GET = 0


Worker 34
Average throughput (ops/sec) = 9
Average response time (msec) = 0.7496895333333333
Average queue length = 0
Average wait time in queue (msec) = 0.023400283333333334
Average service time (msec) = 0.6443476333333333
Number of SET = 9
Number of GET = 0
Number of MULTI GET = 0


Worker 39
Average throughput (ops/sec) = 9
Average response time (msec) = 0.767999
Average queue length = 0
Average wait time in queue (msec) = 0.023660883333333334
Average service time (msec) = 0.6278853333333334
Number of SET = 9
Number of GET = 0
Number of MULTI GET = 0


Worker 40
Average throughput (ops/sec) = 9
Average response time (msec) = 0.8212911833333334
Average queue length = 0
Average wait time in queue (msec) = 0.04073036666666667
Average service time (msec) = 0.6392534
Number of SET = 9
Number of GET = 0
Number of MULTI GET = 0


Worker 41
Average throughput (ops/sec) = 9
Average response time (msec) = 0.6905028360655737
Average queue length = 0
Average wait time in queue (msec) = 0.023285081967213114
Average service time (msec) = 0.5871777049180328
Number of SET = 9
Number of GET = 0
Number of MULTI GET = 0


FINAL STATS
Average throughput (ops/sec) = 576
Average response time (msec) = 0.7556334755142811
Average queue length = 0
Average wait time in queue (msec) = 0.025753588353825137
Average service time (msec) = 0.6497157010928961
Number of SET = 576
Number of GET = 0
Number of MULTI GET = 0
Number of Cache misses = 0
Arrival rate (lambda) = [0, 0, 0, 0, 0, 0, 438, 511, 572, 553, 644, 649, 524, 565, 573, 506, 615, 562, 563, 561, 491, 602, 600, 666, 765, 625, 684, 588, 605, 655, 693, 597, 625, 624, 605, 575, 560, 645, 660, 724, 682, 617, 594, 649, 708, 722, 629, 643, 625, 554, 617, 582, 616, 681, 666, 678, 680, 565, 654, 680, 721, 610, 634, 607, 594, 564, 46, 0]


Histogram response times (0.1 msec step)
0.0 msec : 3404
0.1 msec : 14183
0.2 msec : 8298
0.3 msec : 3801
0.4 msec : 2017
0.5 msec : 1157
0.6 msec : 761
0.7 msec : 542
0.8 msec : 435
0.9 msec : 336
1.0 msec : 312
1.1 msec : 192
1.2 msec : 163
1.3 msec : 162
1.4 msec : 129
1.5 msec : 127
1.6 msec : 110
1.7 msec : 74
1.8 msec : 72
1.9 msec : 71
2.0 msec : 59
2.1 msec : 46
2.2 msec : 41
2.3 msec : 28
2.4 msec : 38
2.5 msec : 37
2.6 msec : 33
2.7 msec : 30
2.8 msec : 32
2.9 msec : 35
3.0 msec : 25
3.1 msec : 16
3.2 msec : 21
3.3 msec : 11
3.4 msec : 15
3.5 msec : 7
3.6 msec : 9
3.7 msec : 12
3.8 msec : 9
3.9 msec : 12
4.0 msec : 16
4.1 msec : 13
4.2 msec : 6
4.3 msec : 7
4.4 msec : 2
4.5 msec : 7
4.6 msec : 4
4.7 msec : 2
4.8 msec : 3
4.9 msec : 1
5.0 msec : 7
5.1 msec : 4
5.2 msec : 4
5.3 msec : 4
5.4 msec : 5
5.5 msec : 4
5.6 msec : 6
5.7 msec : 2
5.8 msec : 4
5.9 msec : 6
6.0 msec : 4
6.1 msec : 5
6.2 msec : 3
6.3 msec : 2
6.4 msec : 3
6.5 msec : 4
6.6 msec : 5
6.7 msec : 0
6.8 msec : 0
6.9 msec : 1
7.0 msec : 1
7.1 msec : 0
7.2 msec : 0
7.3 msec : 2
7.4 msec : 2
7.5 msec : 1
7.6 msec : 1
7.7 msec : 2
7.8 msec : 2
7.9 msec : 0
8.0 msec : 0
8.1 msec : 2
8.2 msec : 2
8.3 msec : 1
8.4 msec : 3
8.5 msec : 0
8.6 msec : 2
8.7 msec : 1
8.8 msec : 0
8.9 msec : 1
9.0 msec : 0
9.1 msec : 0
9.2 msec : 1
9.3 msec : 0
9.4 msec : 2
9.5 msec : 0
9.6 msec : 1
9.7 msec : 1
9.8 msec : 0
9.9 msec : 0
10.0 msec : 0
10.1 msec : 2
10.2 msec : 0
10.3 msec : 2
10.4 msec : 0
10.5 msec : 0
10.6 msec : 0
10.7 msec : 0
10.8 msec : 0
10.9 msec : 0
11.0 msec : 1
11.1 msec : 0
11.2 msec : 0
11.3 msec : 0
11.4 msec : 0
11.5 msec : 0
11.6 msec : 0
11.7 msec : 0
11.8 msec : 0
11.9 msec : 0
12.0 msec : 0
12.1 msec : 0
12.2 msec : 0
12.3 msec : 0
12.4 msec : 0
12.5 msec : 0
12.6 msec : 0
12.7 msec : 0
12.8 msec : 0
12.9 msec : 0
13.0 msec : 0
13.1 msec : 0
13.2 msec : 1
13.3 msec : 0
13.4 msec : 0
13.5 msec : 0
13.6 msec : 0
13.7 msec : 0
13.8 msec : 0
13.9 msec : 0
14.0 msec : 0
14.1 msec : 0
14.2 msec : 0
14.3 msec : 0
14.4 msec : 0
14.5 msec : 0
14.6 msec : 0
14.7 msec : 0
14.8 msec : 0
14.9 msec : 0
15.0 msec : 0
15.1 msec : 0
15.2 msec : 0
15.3 msec : 0
15.4 msec : 0
15.5 msec : 0
15.6 msec : 1
15.7 msec : 0
15.8 msec : 0
15.9 msec : 0
16.0 msec : 0
16.1 msec : 0
16.2 msec : 0
16.3 msec : 0
16.4 msec : 0
16.5 msec : 1
16.6 msec : 0
16.7 msec : 0
16.8 msec : 1
16.9 msec : 0
17.0 msec : 0
17.1 msec : 0
17.2 msec : 0
17.3 msec : 0
17.4 msec : 0
17.5 msec : 0
17.6 msec : 0
17.7 msec : 0
17.8 msec : 0
17.9 msec : 0
18.0 msec : 0
18.1 msec : 0
18.2 msec : 0
18.3 msec : 0
18.4 msec : 0
18.5 msec : 0
18.6 msec : 0
18.7 msec : 0
18.8 msec : 0
18.9 msec : 0
19.0 msec : 0
19.1 msec : 0
19.2 msec : 0
19.3 msec : 0
19.4 msec : 0
19.5 msec : 0
19.6 msec : 0
19.7 msec : 0
19.8 msec : 0
19.9 msec : 0
20.0 msec : 0
20.1 msec : 0
20.2 msec : 0
20.3 msec : 0
20.4 msec : 0
20.5 msec : 1
20.6 msec : 0
20.7 msec : 0
20.8 msec : 0
20.9 msec : 0
21.0 msec : 0
21.1 msec : 0
21.2 msec : 0
21.3 msec : 0
21.4 msec : 0
21.5 msec : 0
21.6 msec : 0
21.7 msec : 0
21.8 msec : 0
21.9 msec : 0
22.0 msec : 0
22.1 msec : 0
22.2 msec : 0
22.3 msec : 0
22.4 msec : 0
22.5 msec : 0
22.6 msec : 0
22.7 msec : 1
22.8 msec : 0
22.9 msec : 0
23.0 msec : 0
23.1 msec : 0
23.2 msec : 0
23.3 msec : 0
23.4 msec : 0
23.5 msec : 0
23.6 msec : 0
23.7 msec : 1
23.8 msec : 1
23.9 msec : 0
24.0 msec : 0
24.1 msec : 0
24.2 msec : 0
24.3 msec : 0
24.4 msec : 0
24.5 msec : 0
24.6 msec : 0
24.7 msec : 0
24.8 msec : 0
24.9 msec : 1
25.0 msec : 0
25.1 msec : 0
25.2 msec : 0
25.3 msec : 0
25.4 msec : 0
25.5 msec : 0
25.6 msec : 0
25.7 msec : 0
25.8 msec : 0
25.9 msec : 0
26.0 msec : 0
26.1 msec : 1
26.2 msec : 0
26.3 msec : 0
26.4 msec : 0
26.5 msec : 0
26.6 msec : 0
26.7 msec : 0
26.8 msec : 0
26.9 msec : 0
27.0 msec : 0
27.1 msec : 0
27.2 msec : 0
27.3 msec : 0
27.4 msec : 0
27.5 msec : 0
27.6 msec : 0
27.7 msec : 0
27.8 msec : 0
27.9 msec : 0
28.0 msec : 0
28.1 msec : 0
28.2 msec : 0
28.3 msec : 0
28.4 msec : 0
28.5 msec : 0
28.6 msec : 0
28.7 msec : 0
28.8 msec : 0
28.9 msec : 0
29.0 msec : 0
29.1 msec : 0
29.2 msec : 0
29.3 msec : 0
29.4 msec : 0
29.5 msec : 0
29.6 msec : 0
29.7 msec : 0
29.8 msec : 0
29.9 msec : 0
30.0 msec : 0
30.1 msec : 0
30.2 msec : 0
30.3 msec : 0
30.4 msec : 0
30.5 msec : 0
30.6 msec : 0
30.7 msec : 0
30.8 msec : 0
30.9 msec : 0
31.0 msec : 0
31.1 msec : 0
31.2 msec : 1
31.3 msec : 0
31.4 msec : 0
31.5 msec : 0
31.6 msec : 0
31.7 msec : 0
31.8 msec : 0
31.9 msec : 0
32.0 msec : 0
32.1 msec : 0
32.2 msec : 0
32.3 msec : 0
32.4 msec : 0
32.5 msec : 0
32.6 msec : 0
32.7 msec : 0
32.8 msec : 0
32.9 msec : 0
33.0 msec : 0
33.1 msec : 0
33.2 msec : 0
33.3 msec : 0
33.4 msec : 0
33.5 msec : 0
33.6 msec : 0
33.7 msec : 0
33.8 msec : 0
33.9 msec : 0
34.0 msec : 0
34.1 msec : 0
34.2 msec : 0
34.3 msec : 0
34.4 msec : 0
34.5 msec : 0
34.6 msec : 0
34.7 msec : 0
34.8 msec : 0
34.9 msec : 0
35.0 msec : 0
35.1 msec : 0
35.2 msec : 0
35.3 msec : 0
35.4 msec : 0
35.5 msec : 1
35.6 msec : 0
35.7 msec : 0
35.8 msec : 0
35.9 msec : 0
36.0 msec : 0
36.1 msec : 0
36.2 msec : 0
36.3 msec : 0
36.4 msec : 0
36.5 msec : 0
36.6 msec : 0
36.7 msec : 0
36.8 msec : 0
36.9 msec : 0
37.0 msec : 0
37.1 msec : 0
37.2 msec : 0
37.3 msec : 0
37.4 msec : 0
37.5 msec : 0
37.6 msec : 0
37.7 msec : 0
37.8 msec : 0
37.9 msec : 0
38.0 msec : 0
38.1 msec : 0
38.2 msec : 0
38.3 msec : 0
38.4 msec : 0
38.5 msec : 0
38.6 msec : 0
38.7 msec : 0
38.8 msec : 0
38.9 msec : 0
39.0 msec : 0
39.1 msec : 0
39.2 msec : 0
39.3 msec : 0
39.4 msec : 0
39.5 msec : 0
39.6 msec : 0
39.7 msec : 0
39.8 msec : 0
39.9 msec : 0
40.0 msec : 0
40.1 msec : 0
40.2 msec : 0
40.3 msec : 0
40.4 msec : 0
40.5 msec : 0
40.6 msec : 0
40.7 msec : 0
40.8 msec : 0
40.9 msec : 0
41.0 msec : 0
41.1 msec : 0
41.2 msec : 0
41.3 msec : 0
41.4 msec : 0
41.5 msec : 0
41.6 msec : 0
41.7 msec : 0
41.8 msec : 0
41.9 msec : 0
42.0 msec : 0
42.1 msec : 0
42.2 msec : 0
42.3 msec : 0
42.4 msec : 0
42.5 msec : 0
42.6 msec : 0
42.7 msec : 0
42.8 msec : 0
42.9 msec : 0
43.0 msec : 0
43.1 msec : 0
43.2 msec : 0
43.3 msec : 0
43.4 msec : 0
43.5 msec : 0
43.6 msec : 0
43.7 msec : 0
43.8 msec : 0
43.9 msec : 0
44.0 msec : 0
44.1 msec : 0
44.2 msec : 0
44.3 msec : 0
44.4 msec : 0
44.5 msec : 0
44.6 msec : 0
44.7 msec : 0
44.8 msec : 0
44.9 msec : 0
45.0 msec : 0
45.1 msec : 0
45.2 msec : 0
45.3 msec : 0
45.4 msec : 0
45.5 msec : 0
45.6 msec : 0
45.7 msec : 0
45.8 msec : 0
45.9 msec : 0
46.0 msec : 0
46.1 msec : 0
46.2 msec : 0
46.3 msec : 0
46.4 msec : 0
46.5 msec : 0
46.6 msec : 0
46.7 msec : 0
46.8 msec : 0
46.9 msec : 0
47.0 msec : 0
47.1 msec : 0
47.2 msec : 0
47.3 msec : 0
47.4 msec : 0
47.5 msec : 0
47.6 msec : 0
47.7 msec : 0
47.8 msec : 0
47.9 msec : 0
48.0 msec : 0
48.1 msec : 0
48.2 msec : 0
