Middleware started...
Middleware shuts down...
Smaller resolution statistics are in a log file...
Final aggregates per worker:


Worker 46
Average throughput (ops/sec) = 323
Average response time (msec) = 0.6137034166666666
Average queue length = 1
Average wait time in queue (msec) = 0.11742466666666668
Average service time (msec) = 0.3979988333333333
Number of SET = 323
Number of GET = 0
Number of MULTI GET = 0


Worker 47
Average throughput (ops/sec) = 325
Average response time (msec) = 0.58247675
Average queue length = 3
Average wait time in queue (msec) = 0.09458058333333333
Average service time (msec) = 0.38699
Number of SET = 325
Number of GET = 0
Number of MULTI GET = 0


Worker 48
Average throughput (ops/sec) = 317
Average response time (msec) = 0.6068833333333333
Average queue length = 3
Average wait time in queue (msec) = 0.10300233333333333
Average service time (msec) = 0.4046656666666667
Number of SET = 317
Number of GET = 0
Number of MULTI GET = 0


Worker 49
Average throughput (ops/sec) = 326
Average response time (msec) = 0.6191016666666667
Average queue length = 4
Average wait time in queue (msec) = 0.13551066666666667
Average service time (msec) = 0.39539341666666666
Number of SET = 326
Number of GET = 0
Number of MULTI GET = 0


Worker 42
Average throughput (ops/sec) = 338
Average response time (msec) = 0.6299665
Average queue length = 0
Average wait time in queue (msec) = 0.142779
Average service time (msec) = 0.4015595833333333
Number of SET = 338
Number of GET = 0
Number of MULTI GET = 0


Worker 43
Average throughput (ops/sec) = 317
Average response time (msec) = 0.5770035833333333
Average queue length = 2
Average wait time in queue (msec) = 0.11056416666666667
Average service time (msec) = 0.3750688333333333
Number of SET = 317
Number of GET = 0
Number of MULTI GET = 0


Worker 44
Average throughput (ops/sec) = 308
Average response time (msec) = 0.5821368333333333
Average queue length = 1
Average wait time in queue (msec) = 0.10316666666666667
Average service time (msec) = 0.37889075
Number of SET = 308
Number of GET = 0
Number of MULTI GET = 0


Worker 45
Average throughput (ops/sec) = 322
Average response time (msec) = 0.6144576666666667
Average queue length = 1
Average wait time in queue (msec) = 0.11785525
Average service time (msec) = 0.40832025
Number of SET = 322
Number of GET = 0
Number of MULTI GET = 0


Worker 50
Average throughput (ops/sec) = 307
Average response time (msec) = 0.6211464166666666
Average queue length = 2
Average wait time in queue (msec) = 0.12203316666666666
Average service time (msec) = 0.3980718333333333
Number of SET = 307
Number of GET = 0
Number of MULTI GET = 0


Worker 51
Average throughput (ops/sec) = 315
Average response time (msec) = 0.6283095833333334
Average queue length = 2
Average wait time in queue (msec) = 0.14937591666666666
Average service time (msec) = 0.3686838333333333
Number of SET = 315
Number of GET = 0
Number of MULTI GET = 0


Worker 52
Average throughput (ops/sec) = 324
Average response time (msec) = 0.6272789166666666
Average queue length = 3
Average wait time in queue (msec) = 0.09980066666666668
Average service time (msec) = 0.3984826666666667
Number of SET = 325
Number of GET = 0
Number of MULTI GET = 0


Worker 57
Average throughput (ops/sec) = 320
Average response time (msec) = 0.64507925
Average queue length = 1
Average wait time in queue (msec) = 0.16144225
Average service time (msec) = 0.39176791666666666
Number of SET = 320
Number of GET = 0
Number of MULTI GET = 0


Worker 13
Average throughput (ops/sec) = 307
Average response time (msec) = 0.6864675833333334
Average queue length = 4
Average wait time in queue (msec) = 0.11947108333333332
Average service time (msec) = 0.412151
Number of SET = 307
Number of GET = 0
Number of MULTI GET = 0


Worker 58
Average throughput (ops/sec) = 313
Average response time (msec) = 0.5899275833333334
Average queue length = 1
Average wait time in queue (msec) = 0.125161
Average service time (msec) = 0.35990116666666666
Number of SET = 313
Number of GET = 0
Number of MULTI GET = 0


Worker 14
Average throughput (ops/sec) = 320
Average response time (msec) = 0.60831025
Average queue length = 4
Average wait time in queue (msec) = 0.08683833333333332
Average service time (msec) = 0.4220475833333333
Number of SET = 320
Number of GET = 0
Number of MULTI GET = 0


Worker 59
Average throughput (ops/sec) = 321
Average response time (msec) = 0.6349503333333334
Average queue length = 1
Average wait time in queue (msec) = 0.11917375
Average service time (msec) = 0.4233628333333333
Number of SET = 321
Number of GET = 0
Number of MULTI GET = 0


Worker 15
Average throughput (ops/sec) = 320
Average response time (msec) = 0.6191869166666666
Average queue length = 4
Average wait time in queue (msec) = 0.10140891666666667
Average service time (msec) = 0.4184155
Number of SET = 320
Number of GET = 0
Number of MULTI GET = 0


Worker 16
Average throughput (ops/sec) = 309
Average response time (msec) = 0.6084014166666666
Average queue length = 4
Average wait time in queue (msec) = 0.08859241666666667
Average service time (msec) = 0.4071466666666667
Number of SET = 309
Number of GET = 0
Number of MULTI GET = 0


Worker 53
Average throughput (ops/sec) = 320
Average response time (msec) = 0.5971619166666666
Average queue length = 1
Average wait time in queue (msec) = 0.09658558333333332
Average service time (msec) = 0.4045901666666667
Number of SET = 320
Number of GET = 0
Number of MULTI GET = 0


Worker 54
Average throughput (ops/sec) = 310
Average response time (msec) = 0.6799165833333334
Average queue length = 2
Average wait time in queue (msec) = 0.13877375
Average service time (msec) = 0.44090125
Number of SET = 310
Number of GET = 0
Number of MULTI GET = 0


Worker 10
Average throughput (ops/sec) = 310
Average response time (msec) = 0.6207091666666666
Average queue length = 2
Average wait time in queue (msec) = 0.10911833333333333
Average service time (msec) = 0.4036014166666667
Number of SET = 310
Number of GET = 0
Number of MULTI GET = 0


Worker 55
Average throughput (ops/sec) = 318
Average response time (msec) = 0.59252875
Average queue length = 2
Average wait time in queue (msec) = 0.09658366666666666
Average service time (msec) = 0.3948268333333333
Number of SET = 318
Number of GET = 0
Number of MULTI GET = 0


Worker 11
Average throughput (ops/sec) = 317
Average response time (msec) = 0.60432775
Average queue length = 3
Average wait time in queue (msec) = 0.11079416666666667
Average service time (msec) = 0.4068800833333333
Number of SET = 317
Number of GET = 0
Number of MULTI GET = 0


Worker 56
Average throughput (ops/sec) = 315
Average response time (msec) = 0.6220684166666667
Average queue length = 2
Average wait time in queue (msec) = 0.13986808333333334
Average service time (msec) = 0.3923044166666667
Number of SET = 315
Number of GET = 0
Number of MULTI GET = 0


Worker 12
Average throughput (ops/sec) = 316
Average response time (msec) = 0.6600581666666666
Average queue length = 3
Average wait time in queue (msec) = 0.09344633333333333
Average service time (msec) = 0.4255370833333333
Number of SET = 316
Number of GET = 0
Number of MULTI GET = 0


Worker 17
Average throughput (ops/sec) = 313
Average response time (msec) = 0.6103218333333333
Average queue length = 4
Average wait time in queue (msec) = 0.11070958333333333
Average service time (msec) = 0.3980000833333333
Number of SET = 313
Number of GET = 0
Number of MULTI GET = 0


Worker 18
Average throughput (ops/sec) = 326
Average response time (msec) = 0.56733525
Average queue length = 3
Average wait time in queue (msec) = 0.10715225
Average service time (msec) = 0.36502975
Number of SET = 326
Number of GET = 0
Number of MULTI GET = 0


Worker 19
Average throughput (ops/sec) = 323
Average response time (msec) = 0.6130998333333334
Average queue length = 5
Average wait time in queue (msec) = 0.10672266666666667
Average service time (msec) = 0.3907994166666667
Number of SET = 323
Number of GET = 0
Number of MULTI GET = 0


Worker 60
Average throughput (ops/sec) = 306
Average response time (msec) = 0.64278225
Average queue length = 0
Average wait time in queue (msec) = 0.12814375
Average service time (msec) = 0.41194458333333334
Number of SET = 306
Number of GET = 0
Number of MULTI GET = 0


Worker 61
Average throughput (ops/sec) = 331
Average response time (msec) = 0.5950890833333333
Average queue length = 1
Average wait time in queue (msec) = 0.10116533333333333
Average service time (msec) = 0.38315916666666666
Number of SET = 331
Number of GET = 0
Number of MULTI GET = 0


Worker 62
Average throughput (ops/sec) = 328
Average response time (msec) = 0.61029375
Average queue length = 1
Average wait time in queue (msec) = 0.11331075
Average service time (msec) = 0.3805775
Number of SET = 328
Number of GET = 0
Number of MULTI GET = 0


Worker 63
Average throughput (ops/sec) = 322
Average response time (msec) = 0.6675628333333333
Average queue length = 1
Average wait time in queue (msec) = 0.13356683333333336
Average service time (msec) = 0.4345733333333333
Number of SET = 322
Number of GET = 0
Number of MULTI GET = 0


Worker 24
Average throughput (ops/sec) = 315
Average response time (msec) = 0.6369285
Average queue length = 3
Average wait time in queue (msec) = 0.09517966666666668
Average service time (msec) = 0.40503575
Number of SET = 315
Number of GET = 0
Number of MULTI GET = 0


Worker 7
Average throughput (ops/sec) = 324
Average response time (msec) = 0.6146201666666666
Average queue length = 3
Average wait time in queue (msec) = 0.11734591666666667
Average service time (msec) = 0.3976091666666667
Number of SET = 324
Number of GET = 0
Number of MULTI GET = 0


Worker 25
Average throughput (ops/sec) = 328
Average response time (msec) = 0.58956775
Average queue length = 2
Average wait time in queue (msec) = 0.11617916666666667
Average service time (msec) = 0.3758281666666667
Number of SET = 328
Number of GET = 0
Number of MULTI GET = 0


Worker 6
Average throughput (ops/sec) = 325
Average response time (msec) = 0.5915899166666666
Average queue length = 1
Average wait time in queue (msec) = 0.11851683333333334
Average service time (msec) = 0.3717575
Number of SET = 325
Number of GET = 0
Number of MULTI GET = 0


Worker 9
Average throughput (ops/sec) = 320
Average response time (msec) = 0.5998018333333334
Average queue length = 1
Average wait time in queue (msec) = 0.0926295
Average service time (msec) = 0.4144511666666667
Number of SET = 320
Number of GET = 0
Number of MULTI GET = 0


Worker 26
Average throughput (ops/sec) = 312
Average response time (msec) = 0.6098509166666666
Average queue length = 1
Average wait time in queue (msec) = 0.09590575
Average service time (msec) = 0.41143675
Number of SET = 312
Number of GET = 0
Number of MULTI GET = 0


Worker 8
Average throughput (ops/sec) = 325
Average response time (msec) = 0.6079935833333334
Average queue length = 1
Average wait time in queue (msec) = 0.12264558333333332
Average service time (msec) = 0.3910115833333333
Number of SET = 325
Number of GET = 0
Number of MULTI GET = 0


Worker 27
Average throughput (ops/sec) = 319
Average response time (msec) = 0.5813565
Average queue length = 1
Average wait time in queue (msec) = 0.10265325
Average service time (msec) = 0.3670713333333333
Number of SET = 319
Number of GET = 0
Number of MULTI GET = 0


Worker 64
Average throughput (ops/sec) = 318
Average response time (msec) = 0.65990275
Average queue length = 0
Average wait time in queue (msec) = 0.12006758333333332
Average service time (msec) = 0.44279308333333334
Number of SET = 318
Number of GET = 0
Number of MULTI GET = 0


Worker 20
Average throughput (ops/sec) = 314
Average response time (msec) = 0.6037058333333334
Average queue length = 3
Average wait time in queue (msec) = 0.10397191666666668
Average service time (msec) = 0.3878253333333333
Number of SET = 314
Number of GET = 0
Number of MULTI GET = 0


Worker 3
Average throughput (ops/sec) = 337
Average response time (msec) = 0.6483818333333333
Average queue length = 0
Average wait time in queue (msec) = 0.13428808333333334
Average service time (msec) = 0.41040225
Number of SET = 337
Number of GET = 0
Number of MULTI GET = 0


Worker 21
Average throughput (ops/sec) = 312
Average response time (msec) = 0.5989134166666666
Average queue length = 3
Average wait time in queue (msec) = 0.09271458333333332
Average service time (msec) = 0.41742233333333334
Number of SET = 312
Number of GET = 0
Number of MULTI GET = 0


Worker 2
Average throughput (ops/sec) = 318
Average response time (msec) = 0.598103
Average queue length = 1
Average wait time in queue (msec) = 0.114287
Average service time (msec) = 0.36895775
Number of SET = 318
Number of GET = 0
Number of MULTI GET = 0


Worker 5
Average throughput (ops/sec) = 319
Average response time (msec) = 0.5734701666666666
Average queue length = 2
Average wait time in queue (msec) = 0.09275391666666667
Average service time (msec) = 0.38433708333333333
Number of SET = 319
Number of GET = 0
Number of MULTI GET = 0


Worker 22
Average throughput (ops/sec) = 329
Average response time (msec) = 0.5990985
Average queue length = 2
Average wait time in queue (msec) = 0.11774566666666667
Average service time (msec) = 0.39021625
Number of SET = 329
Number of GET = 0
Number of MULTI GET = 0


Worker 23
Average throughput (ops/sec) = 316
Average response time (msec) = 0.6460903333333333
Average queue length = 3
Average wait time in queue (msec) = 0.13248933333333335
Average service time (msec) = 0.4211310833333333
Number of SET = 316
Number of GET = 0
Number of MULTI GET = 0


Worker 4
Average throughput (ops/sec) = 319
Average response time (msec) = 0.6560436666666666
Average queue length = 3
Average wait time in queue (msec) = 0.11189383333333333
Average service time (msec) = 0.41596325
Number of SET = 319
Number of GET = 0
Number of MULTI GET = 0


Worker 28
Average throughput (ops/sec) = 332
Average response time (msec) = 0.6278695
Average queue length = 1
Average wait time in queue (msec) = 0.15113433333333334
Average service time (msec) = 0.3714465
Number of SET = 332
Number of GET = 0
Number of MULTI GET = 0


Worker 29
Average throughput (ops/sec) = 313
Average response time (msec) = 0.6089699166666667
Average queue length = 4
Average wait time in queue (msec) = 0.12447775
Average service time (msec) = 0.3916120833333333
Number of SET = 313
Number of GET = 0
Number of MULTI GET = 0


Worker 1
Average throughput (ops/sec) = 317
Average response time (msec) = 0.672109
Average queue length = 2
Average wait time in queue (msec) = 0.11727883333333333
Average service time (msec) = 0.44691183333333334
Number of SET = 317
Number of GET = 0
Number of MULTI GET = 0


Worker 30
Average throughput (ops/sec) = 331
Average response time (msec) = 0.6492495
Average queue length = 3
Average wait time in queue (msec) = 0.16915233333333335
Average service time (msec) = 0.41737075
Number of SET = 331
Number of GET = 0
Number of MULTI GET = 0


Worker 35
Average throughput (ops/sec) = 325
Average response time (msec) = 0.65994875
Average queue length = 1
Average wait time in queue (msec) = 0.12711491666666666
Average service time (msec) = 0.4446633333333333
Number of SET = 325
Number of GET = 0
Number of MULTI GET = 0


Worker 36
Average throughput (ops/sec) = 322
Average response time (msec) = 0.60764725
Average queue length = 2
Average wait time in queue (msec) = 0.11403366666666667
Average service time (msec) = 0.39641808333333334
Number of SET = 322
Number of GET = 0
Number of MULTI GET = 0


Worker 37
Average throughput (ops/sec) = 321
Average response time (msec) = 0.6019116666666666
Average queue length = 2
Average wait time in queue (msec) = 0.09694241666666667
Average service time (msec) = 0.40095858333333334
Number of SET = 321
Number of GET = 0
Number of MULTI GET = 0


Worker 38
Average throughput (ops/sec) = 327
Average response time (msec) = 0.71873075
Average queue length = 1
Average wait time in queue (msec) = 0.17811416666666666
Average service time (msec) = 0.43223575
Number of SET = 327
Number of GET = 0
Number of MULTI GET = 0


Worker 31
Average throughput (ops/sec) = 329
Average response time (msec) = 0.6038031666666667
Average queue length = 2
Average wait time in queue (msec) = 0.11476291666666667
Average service time (msec) = 0.3964088333333333
Number of SET = 329
Number of GET = 0
Number of MULTI GET = 0


Worker 32
Average throughput (ops/sec) = 323
Average response time (msec) = 0.6651934166666666
Average queue length = 3
Average wait time in queue (msec) = 0.16366441666666665
Average service time (msec) = 0.4043689166666667
Number of SET = 323
Number of GET = 0
Number of MULTI GET = 0


Worker 33
Average throughput (ops/sec) = 317
Average response time (msec) = 0.5919248333333333
Average queue length = 2
Average wait time in queue (msec) = 0.10225158333333333
Average service time (msec) = 0.39871941666666666
Number of SET = 317
Number of GET = 0
Number of MULTI GET = 0


Worker 34
Average throughput (ops/sec) = 320
Average response time (msec) = 0.6388828333333334
Average queue length = 0
Average wait time in queue (msec) = 0.10178316666666667
Average service time (msec) = 0.435434
Number of SET = 320
Number of GET = 0
Number of MULTI GET = 0


Worker 39
Average throughput (ops/sec) = 316
Average response time (msec) = 0.6745149166666666
Average queue length = 1
Average wait time in queue (msec) = 0.16604616666666666
Average service time (msec) = 0.39677708333333334
Number of SET = 316
Number of GET = 0
Number of MULTI GET = 0


Worker 40
Average throughput (ops/sec) = 316
Average response time (msec) = 0.6157860833333334
Average queue length = 1
Average wait time in queue (msec) = 0.11766416666666667
Average service time (msec) = 0.3924235833333333
Number of SET = 315
Number of GET = 0
Number of MULTI GET = 0


Worker 41
Average throughput (ops/sec) = 311
Average response time (msec) = 0.5803299166666667
Average queue length = 0
Average wait time in queue (msec) = 0.095769
Average service time (msec) = 0.3861344166666667
Number of SET = 311
Number of GET = 0
Number of MULTI GET = 0


FINAL STATS
Average throughput (ops/sec) = 20457
Average response time (msec) = 0.4767835972793078
Average queue length = 1
Average wait time in queue (msec) = 0.11727467708333333
Average service time (msec) = 0.4010433815104167
Number of SET = 319
Number of GET = 0
Number of MULTI GET = 0
Number of Cache misses = 0


Histogram response times (0.1 msec step)
0.0 msec : 16953
0.1 msec : 20318
0.2 msec : 19348
0.3 msec : 17038
0.4 msec : 12683
0.5 msec : 8985
0.6 msec : 6341
0.7 msec : 4357
0.8 msec : 3119
0.9 msec : 2289
1.0 msec : 1740
1.1 msec : 1390
1.2 msec : 1075
1.3 msec : 985
1.4 msec : 735
1.5 msec : 538
1.6 msec : 367
1.7 msec : 281
1.8 msec : 185
1.9 msec : 144
2.0 msec : 113
2.1 msec : 96
2.2 msec : 95
2.3 msec : 77
2.4 msec : 56
2.5 msec : 57
2.6 msec : 45
2.7 msec : 27
2.8 msec : 49
2.9 msec : 29
3.0 msec : 29
3.1 msec : 25
3.2 msec : 34
3.3 msec : 31
3.4 msec : 30
3.5 msec : 33
3.6 msec : 28
3.7 msec : 22
3.8 msec : 15
3.9 msec : 25
4.0 msec : 31
4.1 msec : 31
4.2 msec : 33
4.3 msec : 23
4.4 msec : 13
4.5 msec : 18
4.6 msec : 14
4.7 msec : 18
4.8 msec : 7
4.9 msec : 1
5.0 msec : 5
5.1 msec : 9
5.2 msec : 11
5.3 msec : 9
5.4 msec : 8
5.5 msec : 7
5.6 msec : 7
5.7 msec : 10
5.8 msec : 2
5.9 msec : 1
6.0 msec : 4
6.1 msec : 6
6.2 msec : 9
6.3 msec : 5
6.4 msec : 5
6.5 msec : 5
6.6 msec : 6
6.7 msec : 2
6.8 msec : 1
6.9 msec : 3
7.0 msec : 2
7.1 msec : 0
7.2 msec : 4
7.3 msec : 5
7.4 msec : 3
7.5 msec : 2
7.6 msec : 1
7.7 msec : 2
7.8 msec : 0
7.9 msec : 0
8.0 msec : 0
8.1 msec : 2
8.2 msec : 2
8.3 msec : 0
8.4 msec : 1
8.5 msec : 3
8.6 msec : 2
8.7 msec : 0
8.8 msec : 0
8.9 msec : 1
9.0 msec : 5
9.1 msec : 1
9.2 msec : 1
9.3 msec : 1
9.4 msec : 1
9.5 msec : 4
9.6 msec : 3
9.7 msec : 0
9.8 msec : 4
9.9 msec : 2
10.0 msec : 0
10.1 msec : 1
10.2 msec : 2
10.3 msec : 1
10.4 msec : 2
10.5 msec : 1
10.6 msec : 2
10.7 msec : 0
10.8 msec : 0
10.9 msec : 0
11.0 msec : 3
11.1 msec : 2
11.2 msec : 0
11.3 msec : 0
11.4 msec : 2
11.5 msec : 1
11.6 msec : 4
11.7 msec : 4
11.8 msec : 3
11.9 msec : 2
12.0 msec : 1
12.1 msec : 0
12.2 msec : 0
12.3 msec : 0
12.4 msec : 0
12.5 msec : 0
12.6 msec : 0
12.7 msec : 0
12.8 msec : 0
12.9 msec : 0
13.0 msec : 1
13.1 msec : 0
13.2 msec : 0
13.3 msec : 0
13.4 msec : 0
13.5 msec : 0
13.6 msec : 1
13.7 msec : 1
13.8 msec : 0
13.9 msec : 0
14.0 msec : 0
14.1 msec : 0
14.2 msec : 1
14.3 msec : 0
14.4 msec : 0
14.5 msec : 0
14.6 msec : 0
14.7 msec : 0
14.8 msec : 0
14.9 msec : 0
15.0 msec : 0
15.1 msec : 0
15.2 msec : 0
15.3 msec : 0
15.4 msec : 0
15.5 msec : 0
15.6 msec : 0
15.7 msec : 0
15.8 msec : 0
15.9 msec : 0
16.0 msec : 0
16.1 msec : 0
16.2 msec : 0
16.3 msec : 0
16.4 msec : 0
16.5 msec : 0
16.6 msec : 0
16.7 msec : 0
16.8 msec : 0
16.9 msec : 0
17.0 msec : 0
17.1 msec : 0
17.2 msec : 0
17.3 msec : 0
17.4 msec : 0
17.5 msec : 0
17.6 msec : 0
17.7 msec : 0
17.8 msec : 0
17.9 msec : 0
18.0 msec : 0
18.1 msec : 0
18.2 msec : 0
18.3 msec : 0
18.4 msec : 0
18.5 msec : 0
18.6 msec : 0
18.7 msec : 0
18.8 msec : 0
18.9 msec : 0
19.0 msec : 0
19.1 msec : 2
19.2 msec : 2
19.3 msec : 2
19.4 msec : 3
19.5 msec : 2
