Middleware started...
Middleware shuts down...
Smaller resolution statistics are in a log file...
Final aggregates per worker:


Worker 46
Average throughput (ops/sec) = 136
Average response time (msec) = 0.1150705
Average queue length = 0
Average wait time in queue (msec) = 0.01014575
Average service time (msec) = 0.053692416666666666
Number of SET = 136
Number of GET = 0
Number of MULTI GET = 0


Worker 47
Average throughput (ops/sec) = 136
Average response time (msec) = 0.13343283333333333
Average queue length = 0
Average wait time in queue (msec) = 0.02595233333333333
Average service time (msec) = 0.0540825
Number of SET = 136
Number of GET = 0
Number of MULTI GET = 0


Worker 48
Average throughput (ops/sec) = 136
Average response time (msec) = 0.18674866666666665
Average queue length = 0
Average wait time in queue (msec) = 0.015413666666666666
Average service time (msec) = 0.05762075
Number of SET = 136
Number of GET = 0
Number of MULTI GET = 0


Worker 49
Average throughput (ops/sec) = 136
Average response time (msec) = 0.11875308333333333
Average queue length = 0
Average wait time in queue (msec) = 0.011665916666666666
Average service time (msec) = 0.05482716666666666
Number of SET = 136
Number of GET = 0
Number of MULTI GET = 0


Worker 42
Average throughput (ops/sec) = 136
Average response time (msec) = 0.11963958333333333
Average queue length = 0
Average wait time in queue (msec) = 0.013506333333333334
Average service time (msec) = 0.05417425
Number of SET = 136
Number of GET = 0
Number of MULTI GET = 0


Worker 43
Average throughput (ops/sec) = 136
Average response time (msec) = 0.11624658333333333
Average queue length = 0
Average wait time in queue (msec) = 0.011860166666666666
Average service time (msec) = 0.05398525
Number of SET = 136
Number of GET = 0
Number of MULTI GET = 0


Worker 44
Average throughput (ops/sec) = 136
Average response time (msec) = 0.11447008333333333
Average queue length = 0
Average wait time in queue (msec) = 0.010778666666666666
Average service time (msec) = 0.05444025
Number of SET = 136
Number of GET = 0
Number of MULTI GET = 0


Worker 45
Average throughput (ops/sec) = 136
Average response time (msec) = 0.15458716666666666
Average queue length = 0
Average wait time in queue (msec) = 0.05161458333333334
Average service time (msec) = 0.051214
Number of SET = 136
Number of GET = 0
Number of MULTI GET = 0


Worker 50
Average throughput (ops/sec) = 136
Average response time (msec) = 0.16807641666666664
Average queue length = 0
Average wait time in queue (msec) = 0.05726641666666667
Average service time (msec) = 0.05948316666666666
Number of SET = 136
Number of GET = 0
Number of MULTI GET = 0


Worker 51
Average throughput (ops/sec) = 136
Average response time (msec) = 0.1163825
Average queue length = 0
Average wait time in queue (msec) = 0.01109075
Average service time (msec) = 0.05312566666666666
Number of SET = 136
Number of GET = 0
Number of MULTI GET = 0


Worker 52
Average throughput (ops/sec) = 136
Average response time (msec) = 0.11903908333333332
Average queue length = 0
Average wait time in queue (msec) = 0.010538833333333334
Average service time (msec) = 0.05845533333333334
Number of SET = 136
Number of GET = 0
Number of MULTI GET = 0


Worker 57
Average throughput (ops/sec) = 136
Average response time (msec) = 0.119971
Average queue length = 0
Average wait time in queue (msec) = 0.011395166666666666
Average service time (msec) = 0.055599333333333334
Number of SET = 136
Number of GET = 0
Number of MULTI GET = 0


Worker 13
Average throughput (ops/sec) = 136
Average response time (msec) = 0.12686091666666668
Average queue length = 0
Average wait time in queue (msec) = 0.012174583333333334
Average service time (msec) = 0.059657166666666664
Number of SET = 136
Number of GET = 0
Number of MULTI GET = 0


Worker 58
Average throughput (ops/sec) = 136
Average response time (msec) = 0.1244885
Average queue length = 0
Average wait time in queue (msec) = 0.01765625
Average service time (msec) = 0.05460191666666667
Number of SET = 136
Number of GET = 0
Number of MULTI GET = 0


Worker 14
Average throughput (ops/sec) = 136
Average response time (msec) = 0.15238975
Average queue length = 0
Average wait time in queue (msec) = 0.03284391666666667
Average service time (msec) = 0.06292833333333334
Number of SET = 136
Number of GET = 0
Number of MULTI GET = 0


Worker 59
Average throughput (ops/sec) = 136
Average response time (msec) = 0.12052433333333333
Average queue length = 0
Average wait time in queue (msec) = 0.011660166666666666
Average service time (msec) = 0.058416666666666665
Number of SET = 136
Number of GET = 0
Number of MULTI GET = 0


Worker 15
Average throughput (ops/sec) = 136
Average response time (msec) = 0.1153425
Average queue length = 0
Average wait time in queue (msec) = 0.010586833333333334
Average service time (msec) = 0.052720666666666666
Number of SET = 136
Number of GET = 0
Number of MULTI GET = 0


Worker 16
Average throughput (ops/sec) = 136
Average response time (msec) = 0.122141
Average queue length = 0
Average wait time in queue (msec) = 0.011595583333333334
Average service time (msec) = 0.056494666666666665
Number of SET = 136
Number of GET = 0
Number of MULTI GET = 0


Worker 53
Average throughput (ops/sec) = 136
Average response time (msec) = 0.12114933333333333
Average queue length = 0
Average wait time in queue (msec) = 0.010069666666666666
Average service time (msec) = 0.06022475
Number of SET = 136
Number of GET = 0
Number of MULTI GET = 0


Worker 54
Average throughput (ops/sec) = 136
Average response time (msec) = 0.12375508333333333
Average queue length = 0
Average wait time in queue (msec) = 0.0175605
Average service time (msec) = 0.05441875
Number of SET = 136
Number of GET = 0
Number of MULTI GET = 0


Worker 10
Average throughput (ops/sec) = 136
Average response time (msec) = 0.12201883333333333
Average queue length = 0
Average wait time in queue (msec) = 0.01104875
Average service time (msec) = 0.05838566666666666
Number of SET = 136
Number of GET = 0
Number of MULTI GET = 0


Worker 55
Average throughput (ops/sec) = 136
Average response time (msec) = 0.11308983333333333
Average queue length = 0
Average wait time in queue (msec) = 0.0098805
Average service time (msec) = 0.05293433333333333
Number of SET = 136
Number of GET = 0
Number of MULTI GET = 0


Worker 11
Average throughput (ops/sec) = 136
Average response time (msec) = 0.12290025
Average queue length = 0
Average wait time in queue (msec) = 0.0109125
Average service time (msec) = 0.054562
Number of SET = 136
Number of GET = 0
Number of MULTI GET = 0


Worker 56
Average throughput (ops/sec) = 136
Average response time (msec) = 0.1209025
Average queue length = 0
Average wait time in queue (msec) = 0.011597583333333335
Average service time (msec) = 0.05311191666666666
Number of SET = 136
Number of GET = 0
Number of MULTI GET = 0


Worker 12
Average throughput (ops/sec) = 136
Average response time (msec) = 0.12058216666666667
Average queue length = 0
Average wait time in queue (msec) = 0.011001333333333333
Average service time (msec) = 0.05478125
Number of SET = 136
Number of GET = 0
Number of MULTI GET = 0


Worker 17
Average throughput (ops/sec) = 136
Average response time (msec) = 0.12247566666666668
Average queue length = 0
Average wait time in queue (msec) = 0.013651166666666666
Average service time (msec) = 0.054426416666666665
Number of SET = 136
Number of GET = 0
Number of MULTI GET = 0


Worker 18
Average throughput (ops/sec) = 136
Average response time (msec) = 0.11947166666666667
Average queue length = 0
Average wait time in queue (msec) = 0.01431275
Average service time (msec) = 0.05329775
Number of SET = 136
Number of GET = 0
Number of MULTI GET = 0


Worker 19
Average throughput (ops/sec) = 136
Average response time (msec) = 0.12402566666666667
Average queue length = 0
Average wait time in queue (msec) = 0.01451075
Average service time (msec) = 0.05693425
Number of SET = 136
Number of GET = 0
Number of MULTI GET = 0


Worker 60
Average throughput (ops/sec) = 136
Average response time (msec) = 0.11595875
Average queue length = 0
Average wait time in queue (msec) = 0.012024916666666666
Average service time (msec) = 0.05212975
Number of SET = 136
Number of GET = 0
Number of MULTI GET = 0


Worker 61
Average throughput (ops/sec) = 136
Average response time (msec) = 0.1171805
Average queue length = 0
Average wait time in queue (msec) = 0.0113145
Average service time (msec) = 0.05316666666666667
Number of SET = 136
Number of GET = 0
Number of MULTI GET = 0


Worker 62
Average throughput (ops/sec) = 136
Average response time (msec) = 0.13414125
Average queue length = 0
Average wait time in queue (msec) = 0.014444833333333334
Average service time (msec) = 0.062282333333333335
Number of SET = 136
Number of GET = 0
Number of MULTI GET = 0


Worker 63
Average throughput (ops/sec) = 136
Average response time (msec) = 0.11981325
Average queue length = 0
Average wait time in queue (msec) = 0.011138166666666666
Average service time (msec) = 0.056676833333333336
Number of SET = 136
Number of GET = 0
Number of MULTI GET = 0


Worker 24
Average throughput (ops/sec) = 136
Average response time (msec) = 0.11359758333333334
Average queue length = 0
Average wait time in queue (msec) = 0.011194666666666665
Average service time (msec) = 0.05280791666666666
Number of SET = 136
Number of GET = 0
Number of MULTI GET = 0


Worker 7
Average throughput (ops/sec) = 136
Average response time (msec) = 0.12974141666666666
Average queue length = 0
Average wait time in queue (msec) = 0.011173
Average service time (msec) = 0.05967775
Number of SET = 136
Number of GET = 0
Number of MULTI GET = 0


Worker 25
Average throughput (ops/sec) = 136
Average response time (msec) = 0.11827808333333333
Average queue length = 0
Average wait time in queue (msec) = 0.012346583333333334
Average service time (msec) = 0.05417575
Number of SET = 136
Number of GET = 0
Number of MULTI GET = 0


Worker 6
Average throughput (ops/sec) = 136
Average response time (msec) = 0.12585808333333331
Average queue length = 0
Average wait time in queue (msec) = 0.01259175
Average service time (msec) = 0.056881
Number of SET = 136
Number of GET = 0
Number of MULTI GET = 0


Worker 26
Average throughput (ops/sec) = 136
Average response time (msec) = 0.11665691666666667
Average queue length = 0
Average wait time in queue (msec) = 0.011551083333333333
Average service time (msec) = 0.05404333333333334
Number of SET = 136
Number of GET = 0
Number of MULTI GET = 0


Worker 9
Average throughput (ops/sec) = 136
Average response time (msec) = 0.15725641666666665
Average queue length = 0
Average wait time in queue (msec) = 0.0124155
Average service time (msec) = 0.08275708333333333
Number of SET = 136
Number of GET = 0
Number of MULTI GET = 0


Worker 27
Average throughput (ops/sec) = 136
Average response time (msec) = 0.118429
Average queue length = 0
Average wait time in queue (msec) = 0.010244
Average service time (msec) = 0.05499075
Number of SET = 136
Number of GET = 0
Number of MULTI GET = 0


Worker 8
Average throughput (ops/sec) = 136
Average response time (msec) = 0.12594291666666668
Average queue length = 0
Average wait time in queue (msec) = 0.0121595
Average service time (msec) = 0.0581935
Number of SET = 136
Number of GET = 0
Number of MULTI GET = 0


Worker 64
Average throughput (ops/sec) = 136
Average response time (msec) = 0.13319633333333333
Average queue length = 0
Average wait time in queue (msec) = 0.013446583333333335
Average service time (msec) = 0.06208283333333334
Number of SET = 136
Number of GET = 0
Number of MULTI GET = 0


Worker 20
Average throughput (ops/sec) = 136
Average response time (msec) = 0.12009408333333332
Average queue length = 0
Average wait time in queue (msec) = 0.0108375
Average service time (msec) = 0.05517275
Number of SET = 136
Number of GET = 0
Number of MULTI GET = 0


Worker 3
Average throughput (ops/sec) = 136
Average response time (msec) = 0.12173525
Average queue length = 0
Average wait time in queue (msec) = 0.010601916666666666
Average service time (msec) = 0.05780791666666667
Number of SET = 136
Number of GET = 0
Number of MULTI GET = 0


Worker 21
Average throughput (ops/sec) = 136
Average response time (msec) = 0.112504
Average queue length = 0
Average wait time in queue (msec) = 0.010577666666666666
Average service time (msec) = 0.053073
Number of SET = 136
Number of GET = 0
Number of MULTI GET = 0


Worker 2
Average throughput (ops/sec) = 136
Average response time (msec) = 0.12697491666666666
Average queue length = 0
Average wait time in queue (msec) = 0.011449916666666666
Average service time (msec) = 0.05778225
Number of SET = 136
Number of GET = 0
Number of MULTI GET = 0


Worker 22
Average throughput (ops/sec) = 136
Average response time (msec) = 0.12683766666666668
Average queue length = 0
Average wait time in queue (msec) = 0.011137333333333334
Average service time (msec) = 0.06198033333333334
Number of SET = 136
Number of GET = 0
Number of MULTI GET = 0


Worker 5
Average throughput (ops/sec) = 136
Average response time (msec) = 0.13869991666666664
Average queue length = 0
Average wait time in queue (msec) = 0.012444916666666667
Average service time (msec) = 0.06574525
Number of SET = 136
Number of GET = 0
Number of MULTI GET = 0


Worker 23
Average throughput (ops/sec) = 136
Average response time (msec) = 0.11763916666666667
Average queue length = 0
Average wait time in queue (msec) = 0.010551166666666665
Average service time (msec) = 0.05365983333333334
Number of SET = 136
Number of GET = 0
Number of MULTI GET = 0


Worker 4
Average throughput (ops/sec) = 136
Average response time (msec) = 0.12507516666666668
Average queue length = 0
Average wait time in queue (msec) = 0.012191583333333334
Average service time (msec) = 0.057007916666666665
Number of SET = 136
Number of GET = 0
Number of MULTI GET = 0


Worker 28
Average throughput (ops/sec) = 136
Average response time (msec) = 0.12580033333333332
Average queue length = 0
Average wait time in queue (msec) = 0.018867166666666668
Average service time (msec) = 0.05548758333333333
Number of SET = 136
Number of GET = 0
Number of MULTI GET = 0


Worker 29
Average throughput (ops/sec) = 136
Average response time (msec) = 0.11299941666666667
Average queue length = 0
Average wait time in queue (msec) = 0.010767083333333333
Average service time (msec) = 0.0501995
Number of SET = 136
Number of GET = 0
Number of MULTI GET = 0


Worker 1
Average throughput (ops/sec) = 136
Average response time (msec) = 0.13405408333333335
Average queue length = 0
Average wait time in queue (msec) = 0.021423666666666667
Average service time (msec) = 0.057832666666666664
Number of SET = 136
Number of GET = 0
Number of MULTI GET = 0


Worker 30
Average throughput (ops/sec) = 136
Average response time (msec) = 0.1104555
Average queue length = 0
Average wait time in queue (msec) = 0.009549833333333334
Average service time (msec) = 0.050675
Number of SET = 136
Number of GET = 0
Number of MULTI GET = 0


Worker 35
Average throughput (ops/sec) = 136
Average response time (msec) = 0.12122775
Average queue length = 0
Average wait time in queue (msec) = 0.010323416666666667
Average service time (msec) = 0.05862691666666667
Number of SET = 136
Number of GET = 0
Number of MULTI GET = 0


Worker 36
Average throughput (ops/sec) = 136
Average response time (msec) = 0.11102533333333332
Average queue length = 0
Average wait time in queue (msec) = 0.010378916666666666
Average service time (msec) = 0.050055833333333334
Number of SET = 136
Number of GET = 0
Number of MULTI GET = 0


Worker 37
Average throughput (ops/sec) = 136
Average response time (msec) = 0.12025616666666668
Average queue length = 0
Average wait time in queue (msec) = 0.01302475
Average service time (msec) = 0.05497791666666666
Number of SET = 136
Number of GET = 0
Number of MULTI GET = 0


Worker 38
Average throughput (ops/sec) = 136
Average response time (msec) = 0.11478441666666667
Average queue length = 0
Average wait time in queue (msec) = 0.011213083333333334
Average service time (msec) = 0.053332
Number of SET = 136
Number of GET = 0
Number of MULTI GET = 0


Worker 31
Average throughput (ops/sec) = 136
Average response time (msec) = 0.11446216666666667
Average queue length = 0
Average wait time in queue (msec) = 0.0135135
Average service time (msec) = 0.050075
Number of SET = 136
Number of GET = 0
Number of MULTI GET = 0


Worker 32
Average throughput (ops/sec) = 136
Average response time (msec) = 0.11732358333333333
Average queue length = 0
Average wait time in queue (msec) = 0.013225833333333334
Average service time (msec) = 0.05364516666666667
Number of SET = 136
Number of GET = 0
Number of MULTI GET = 0


Worker 33
Average throughput (ops/sec) = 136
Average response time (msec) = 0.11930258333333332
Average queue length = 0
Average wait time in queue (msec) = 0.010713166666666666
Average service time (msec) = 0.054239833333333334
Number of SET = 136
Number of GET = 0
Number of MULTI GET = 0


Worker 34
Average throughput (ops/sec) = 136
Average response time (msec) = 0.12345616666666667
Average queue length = 0
Average wait time in queue (msec) = 0.011016083333333334
Average service time (msec) = 0.056862166666666665
Number of SET = 136
Number of GET = 0
Number of MULTI GET = 0


Worker 39
Average throughput (ops/sec) = 136
Average response time (msec) = 0.11361241666666667
Average queue length = 0
Average wait time in queue (msec) = 0.012153916666666665
Average service time (msec) = 0.05182625
Number of SET = 136
Number of GET = 0
Number of MULTI GET = 0


Worker 40
Average throughput (ops/sec) = 136
Average response time (msec) = 0.1147145
Average queue length = 0
Average wait time in queue (msec) = 0.011384833333333334
Average service time (msec) = 0.05317541666666666
Number of SET = 136
Number of GET = 0
Number of MULTI GET = 0


Worker 41
Average throughput (ops/sec) = 136
Average response time (msec) = 0.11422866666666667
Average queue length = 0
Average wait time in queue (msec) = 0.010761583333333335
Average service time (msec) = 0.0533195
Number of SET = 136
Number of GET = 0
Number of MULTI GET = 0


FINAL STATS
Average throughput (ops/sec) = 8704
Average response time (msec) = 0.07018614702504021
Average queue length = 0
Average wait time in queue (msec) = 0.014006958333333335
Average service time (msec) = 0.056015970052083336
Number of SET = 136
Number of GET = 0
Number of MULTI GET = 0
Number of Cache misses = 0


Histogram response times (0.1 msec step)
0.0 msec : 50533
0.1 msec : 1043
0.2 msec : 244
0.3 msec : 157
0.4 msec : 126
0.5 msec : 53
0.6 msec : 22
0.7 msec : 16
0.8 msec : 6
0.9 msec : 4
1.0 msec : 3
1.1 msec : 0
1.2 msec : 2
1.3 msec : 0
1.4 msec : 0
1.5 msec : 0
1.6 msec : 0
1.7 msec : 1
1.8 msec : 2
1.9 msec : 2
2.0 msec : 1
2.1 msec : 1
2.2 msec : 0
2.3 msec : 3
2.4 msec : 0
2.5 msec : 1
2.6 msec : 0
2.7 msec : 1
2.8 msec : 1
2.9 msec : 1
3.0 msec : 1
3.1 msec : 0
3.2 msec : 0
3.3 msec : 1
3.4 msec : 0
3.5 msec : 1
3.6 msec : 0
3.7 msec : 1
3.8 msec : 1
3.9 msec : 1
4.0 msec : 0
4.1 msec : 0
4.2 msec : 0
4.3 msec : 0
4.4 msec : 0
4.5 msec : 0
4.6 msec : 0
4.7 msec : 0
4.8 msec : 0
4.9 msec : 1
5.0 msec : 0
5.1 msec : 0
5.2 msec : 0
5.3 msec : 0
5.4 msec : 0
5.5 msec : 0
5.6 msec : 0
5.7 msec : 0
5.8 msec : 0
5.9 msec : 1
6.0 msec : 1
6.1 msec : 2
6.2 msec : 0
6.3 msec : 0
6.4 msec : 0
6.5 msec : 0
6.6 msec : 0
6.7 msec : 0
6.8 msec : 0
6.9 msec : 0
7.0 msec : 0
7.1 msec : 0
7.2 msec : 0
7.3 msec : 0
7.4 msec : 0
7.5 msec : 0
7.6 msec : 0
7.7 msec : 0
7.8 msec : 0
7.9 msec : 0
8.0 msec : 0
8.1 msec : 0
8.2 msec : 0
8.3 msec : 0
8.4 msec : 0
8.5 msec : 0
8.6 msec : 0
8.7 msec : 1
8.8 msec : 0
8.9 msec : 0
9.0 msec : 0
9.1 msec : 0
9.2 msec : 0
9.3 msec : 0
9.4 msec : 0
9.5 msec : 0
9.6 msec : 0
9.7 msec : 0
9.8 msec : 0
9.9 msec : 0
10.0 msec : 0
10.1 msec : 0
