Middleware started...
Middleware shuts down...
Smaller resolution statistics are in a log file...
Final aggregates per worker:


Worker 24
Average throughput (ops/sec) = 1186
Average response time (msec) = 1.5915601666666668
Average queue length = 20
Average wait time in queue (msec) = 0.7435028333333333
Average service time (msec) = 0.5889155
Number of SET = 1186
Number of GET = 0
Number of MULTI GET = 0


Worker 7
Average throughput (ops/sec) = 1207
Average response time (msec) = 1.6238236666666668
Average queue length = 21
Average wait time in queue (msec) = 0.7887478333333334
Average service time (msec) = 0.5625408333333334
Number of SET = 1207
Number of GET = 0
Number of MULTI GET = 0


Worker 25
Average throughput (ops/sec) = 1194
Average response time (msec) = 1.615139
Average queue length = 21
Average wait time in queue (msec) = 0.7629716666666666
Average service time (msec) = 0.5844113333333334
Number of SET = 1195
Number of GET = 0
Number of MULTI GET = 0


Worker 6
Average throughput (ops/sec) = 1199
Average response time (msec) = 1.6251053333333332
Average queue length = 20
Average wait time in queue (msec) = 0.7721836666666666
Average service time (msec) = 0.5759935
Number of SET = 1198
Number of GET = 0
Number of MULTI GET = 0


Worker 26
Average throughput (ops/sec) = 1259
Average response time (msec) = 1.5700998333333334
Average queue length = 25
Average wait time in queue (msec) = 0.7578521666666667
Average service time (msec) = 0.540602
Number of SET = 1259
Number of GET = 0
Number of MULTI GET = 0


Worker 9
Average throughput (ops/sec) = 1202
Average response time (msec) = 1.6319846666666666
Average queue length = 25
Average wait time in queue (msec) = 0.7555051666666667
Average service time (msec) = 0.5977921666666667
Number of SET = 1202
Number of GET = 0
Number of MULTI GET = 0


Worker 27
Average throughput (ops/sec) = 1222
Average response time (msec) = 1.6497888333333333
Average queue length = 25
Average wait time in queue (msec) = 0.7799301666666666
Average service time (msec) = 0.5988041666666666
Number of SET = 1222
Number of GET = 0
Number of MULTI GET = 0


Worker 8
Average throughput (ops/sec) = 1185
Average response time (msec) = 1.6290946666666668
Average queue length = 20
Average wait time in queue (msec) = 0.7449605
Average service time (msec) = 0.6179236666666666
Number of SET = 1185
Number of GET = 0
Number of MULTI GET = 0


Worker 3
Average throughput (ops/sec) = 1181
Average response time (msec) = 1.6421426666666668
Average queue length = 20
Average wait time in queue (msec) = 0.7640718333333334
Average service time (msec) = 0.6062166666666666
Number of SET = 1181
Number of GET = 0
Number of MULTI GET = 0


Worker 20
Average throughput (ops/sec) = 1215
Average response time (msec) = 1.6068446666666667
Average queue length = 22
Average wait time in queue (msec) = 0.7625791666666666
Average service time (msec) = 0.595004
Number of SET = 1215
Number of GET = 0
Number of MULTI GET = 0


Worker 21
Average throughput (ops/sec) = 1191
Average response time (msec) = 1.6132771666666668
Average queue length = 21
Average wait time in queue (msec) = 0.7301906666666667
Average service time (msec) = 0.6019196666666666
Number of SET = 1191
Number of GET = 0
Number of MULTI GET = 0


Worker 2
Average throughput (ops/sec) = 1175
Average response time (msec) = 1.6360023333333333
Average queue length = 23
Average wait time in queue (msec) = 0.732452
Average service time (msec) = 0.612257
Number of SET = 1175
Number of GET = 0
Number of MULTI GET = 0


Worker 22
Average throughput (ops/sec) = 1209
Average response time (msec) = 1.6011513333333331
Average queue length = 21
Average wait time in queue (msec) = 0.7468143333333334
Average service time (msec) = 0.5984471666666666
Number of SET = 1209
Number of GET = 0
Number of MULTI GET = 0


Worker 5
Average throughput (ops/sec) = 1218
Average response time (msec) = 1.5837958333333333
Average queue length = 21
Average wait time in queue (msec) = 0.7735405
Average service time (msec) = 0.5435078333333334
Number of SET = 1218
Number of GET = 0
Number of MULTI GET = 0


Worker 23
Average throughput (ops/sec) = 1209
Average response time (msec) = 1.6458073333333332
Average queue length = 20
Average wait time in queue (msec) = 0.7698666666666666
Average service time (msec) = 0.5966436666666667
Number of SET = 1209
Number of GET = 0
Number of MULTI GET = 0


Worker 4
Average throughput (ops/sec) = 1233
Average response time (msec) = 1.5880356666666668
Average queue length = 20
Average wait time in queue (msec) = 0.7923226666666666
Average service time (msec) = 0.5514856666666667
Number of SET = 1233
Number of GET = 0
Number of MULTI GET = 0


Worker 28
Average throughput (ops/sec) = 1187
Average response time (msec) = 1.6410015
Average queue length = 25
Average wait time in queue (msec) = 0.7608116666666667
Average service time (msec) = 0.6015346666666667
Number of SET = 1187
Number of GET = 0
Number of MULTI GET = 0


Worker 29
Average throughput (ops/sec) = 1207
Average response time (msec) = 1.6571108333333333
Average queue length = 23
Average wait time in queue (msec) = 0.7429238333333333
Average service time (msec) = 0.6271416666666666
Number of SET = 1207
Number of GET = 0
Number of MULTI GET = 0


Worker 1
Average throughput (ops/sec) = 1216
Average response time (msec) = 1.6057395
Average queue length = 19
Average wait time in queue (msec) = 0.7378658333333333
Average service time (msec) = 0.5936503333333334
Number of SET = 1216
Number of GET = 0
Number of MULTI GET = 0


Worker 30
Average throughput (ops/sec) = 1211
Average response time (msec) = 1.651626
Average queue length = 23
Average wait time in queue (msec) = 0.7862863333333334
Average service time (msec) = 0.6095215
Number of SET = 1211
Number of GET = 0
Number of MULTI GET = 0


Worker 13
Average throughput (ops/sec) = 1192
Average response time (msec) = 1.651711
Average queue length = 22
Average wait time in queue (msec) = 0.7654008333333334
Average service time (msec) = 0.6164226666666667
Number of SET = 1192
Number of GET = 0
Number of MULTI GET = 0


Worker 14
Average throughput (ops/sec) = 1202
Average response time (msec) = 1.5997533333333334
Average queue length = 20
Average wait time in queue (msec) = 0.7634248333333333
Average service time (msec) = 0.5768283333333334
Number of SET = 1202
Number of GET = 0
Number of MULTI GET = 0


Worker 15
Average throughput (ops/sec) = 1165
Average response time (msec) = 1.603237
Average queue length = 19
Average wait time in queue (msec) = 0.7626516666666666
Average service time (msec) = 0.5569623333333333
Number of SET = 1165
Number of GET = 0
Number of MULTI GET = 0


Worker 16
Average throughput (ops/sec) = 1208
Average response time (msec) = 1.5995386666666667
Average queue length = 22
Average wait time in queue (msec) = 0.7619403333333333
Average service time (msec) = 0.5777356666666666
Number of SET = 1208
Number of GET = 0
Number of MULTI GET = 0


Worker 31
Average throughput (ops/sec) = 1208
Average response time (msec) = 1.6050373333333332
Average queue length = 19
Average wait time in queue (msec) = 0.7695938333333334
Average service time (msec) = 0.5600193333333334
Number of SET = 1208
Number of GET = 0
Number of MULTI GET = 0


Worker 32
Average throughput (ops/sec) = 1201
Average response time (msec) = 1.6214831666666667
Average queue length = 21
Average wait time in queue (msec) = 0.7569606666666666
Average service time (msec) = 0.5982441666666666
Number of SET = 1202
Number of GET = 0
Number of MULTI GET = 0


Worker 10
Average throughput (ops/sec) = 1179
Average response time (msec) = 1.6457985
Average queue length = 24
Average wait time in queue (msec) = 0.7662901666666666
Average service time (msec) = 0.5782133333333334
Number of SET = 1179
Number of GET = 0
Number of MULTI GET = 0


Worker 11
Average throughput (ops/sec) = 1195
Average response time (msec) = 1.5945463333333332
Average queue length = 20
Average wait time in queue (msec) = 0.7353665
Average service time (msec) = 0.6006641666666667
Number of SET = 1195
Number of GET = 0
Number of MULTI GET = 0


Worker 12
Average throughput (ops/sec) = 1206
Average response time (msec) = 1.6045976666666668
Average queue length = 21
Average wait time in queue (msec) = 0.772242
Average service time (msec) = 0.5644846666666666
Number of SET = 1206
Number of GET = 0
Number of MULTI GET = 0


Worker 17
Average throughput (ops/sec) = 1194
Average response time (msec) = 1.6720436666666667
Average queue length = 19
Average wait time in queue (msec) = 0.7809075
Average service time (msec) = 0.6040453333333333
Number of SET = 1194
Number of GET = 0
Number of MULTI GET = 0


Worker 18
Average throughput (ops/sec) = 1174
Average response time (msec) = 1.6685945
Average queue length = 19
Average wait time in queue (msec) = 0.7496801666666666
Average service time (msec) = 0.6253135
Number of SET = 1175
Number of GET = 0
Number of MULTI GET = 0


Worker 19
Average throughput (ops/sec) = 1188
Average response time (msec) = 1.606065
Average queue length = 20
Average wait time in queue (msec) = 0.7588853333333334
Average service time (msec) = 0.5701863333333334
Number of SET = 1187
Number of GET = 0
Number of MULTI GET = 0


FINAL STATS
Average throughput (ops/sec) = 38418
Average response time (msec) = 1.3127692584525457
Average queue length = 21
Average wait time in queue (msec) = 0.7608976041666666
Average service time (msec) = 0.5885447760416667
Number of SET = 1200
Number of GET = 0
Number of MULTI GET = 0
Number of Cache misses = 0


Histogram response times (0.1 msec step)
0.0 msec : 329
0.1 msec : 388
0.2 msec : 455
0.3 msec : 2633
0.4 msec : 20079
0.5 msec : 18455
0.6 msec : 22572
0.7 msec : 20842
0.8 msec : 12108
0.9 msec : 11118
1.0 msec : 13727
1.1 msec : 13712
1.2 msec : 10033
1.3 msec : 8785
1.4 msec : 9283
1.5 msec : 10228
1.6 msec : 10196
1.7 msec : 8026
1.8 msec : 5379
1.9 msec : 3572
2.0 msec : 2832
2.1 msec : 2624
2.2 msec : 2477
2.3 msec : 2387
2.4 msec : 2427
2.5 msec : 2166
2.6 msec : 1715
2.7 msec : 1225
2.8 msec : 929
2.9 msec : 754
3.0 msec : 625
3.1 msec : 565
3.2 msec : 517
3.3 msec : 516
3.4 msec : 476
3.5 msec : 472
3.6 msec : 391
3.7 msec : 351
3.8 msec : 368
3.9 msec : 321
4.0 msec : 242
4.1 msec : 236
4.2 msec : 248
4.3 msec : 194
4.4 msec : 211
4.5 msec : 167
4.6 msec : 185
4.7 msec : 150
4.8 msec : 152
4.9 msec : 141
5.0 msec : 147
5.1 msec : 132
5.2 msec : 96
5.3 msec : 115
5.4 msec : 117
5.5 msec : 95
5.6 msec : 103
5.7 msec : 115
5.8 msec : 100
5.9 msec : 84
6.0 msec : 52
6.1 msec : 74
6.2 msec : 55
6.3 msec : 53
6.4 msec : 66
6.5 msec : 50
6.6 msec : 48
6.7 msec : 63
6.8 msec : 59
6.9 msec : 55
7.0 msec : 52
7.1 msec : 35
7.2 msec : 39
7.3 msec : 37
7.4 msec : 27
7.5 msec : 37
7.6 msec : 35
7.7 msec : 23
7.8 msec : 18
7.9 msec : 23
8.0 msec : 22
8.1 msec : 21
8.2 msec : 16
8.3 msec : 16
8.4 msec : 23
8.5 msec : 21
8.6 msec : 20
8.7 msec : 19
8.8 msec : 16
8.9 msec : 19
9.0 msec : 22
9.1 msec : 14
9.2 msec : 13
9.3 msec : 14
9.4 msec : 11
9.5 msec : 7
9.6 msec : 12
9.7 msec : 15
9.8 msec : 15
9.9 msec : 12
10.0 msec : 13
10.1 msec : 14
10.2 msec : 10
10.3 msec : 9
10.4 msec : 4
10.5 msec : 10
10.6 msec : 7
10.7 msec : 5
10.8 msec : 4
10.9 msec : 5
11.0 msec : 8
11.1 msec : 5
11.2 msec : 5
11.3 msec : 6
11.4 msec : 3
11.5 msec : 4
11.6 msec : 4
11.7 msec : 4
11.8 msec : 3
11.9 msec : 10
12.0 msec : 11
12.1 msec : 7
12.2 msec : 7
12.3 msec : 7
12.4 msec : 7
12.5 msec : 3
12.6 msec : 3
12.7 msec : 2
12.8 msec : 4
12.9 msec : 2
13.0 msec : 2
13.1 msec : 7
13.2 msec : 6
13.3 msec : 2
13.4 msec : 4
13.5 msec : 2
13.6 msec : 2
13.7 msec : 2
13.8 msec : 3
13.9 msec : 5
14.0 msec : 2
14.1 msec : 3
14.2 msec : 0
14.3 msec : 3
14.4 msec : 2
14.5 msec : 2
14.6 msec : 5
14.7 msec : 2
14.8 msec : 0
14.9 msec : 1
15.0 msec : 3
15.1 msec : 4
15.2 msec : 0
15.3 msec : 0
15.4 msec : 1
15.5 msec : 0
15.6 msec : 0
15.7 msec : 1
15.8 msec : 0
15.9 msec : 0
16.0 msec : 0
16.1 msec : 1
16.2 msec : 3
16.3 msec : 3
16.4 msec : 0
16.5 msec : 0
16.6 msec : 0
16.7 msec : 0
16.8 msec : 1
16.9 msec : 0
17.0 msec : 0
17.1 msec : 1
17.2 msec : 0
17.3 msec : 0
17.4 msec : 0
17.5 msec : 3
17.6 msec : 0
17.7 msec : 2
17.8 msec : 2
17.9 msec : 0
18.0 msec : 0
18.1 msec : 0
18.2 msec : 1
18.3 msec : 1
18.4 msec : 0
18.5 msec : 0
18.6 msec : 0
18.7 msec : 0
18.8 msec : 0
18.9 msec : 1
19.0 msec : 0
19.1 msec : 0
19.2 msec : 1
19.3 msec : 1
19.4 msec : 0
19.5 msec : 1
19.6 msec : 1
19.7 msec : 3
19.8 msec : 1
19.9 msec : 2
20.0 msec : 2
20.1 msec : 1
20.2 msec : 0
20.3 msec : 0
20.4 msec : 0
20.5 msec : 0
20.6 msec : 0
20.7 msec : 1
20.8 msec : 0
20.9 msec : 1
21.0 msec : 0
21.1 msec : 0
21.2 msec : 0
21.3 msec : 0
21.4 msec : 1
21.5 msec : 1
21.6 msec : 2
21.7 msec : 0
21.8 msec : 0
21.9 msec : 0
22.0 msec : 1
22.1 msec : 0
22.2 msec : 0
22.3 msec : 0
22.4 msec : 0
22.5 msec : 0
22.6 msec : 0
22.7 msec : 0
22.8 msec : 1
22.9 msec : 0
23.0 msec : 0
23.1 msec : 0
23.2 msec : 0
23.3 msec : 0
23.4 msec : 0
23.5 msec : 0
23.6 msec : 0
23.7 msec : 0
23.8 msec : 0
23.9 msec : 0
24.0 msec : 0
24.1 msec : 0
24.2 msec : 0
24.3 msec : 0
24.4 msec : 1
24.5 msec : 0
24.6 msec : 0
24.7 msec : 0
24.8 msec : 0
24.9 msec : 0
25.0 msec : 0
25.1 msec : 0
25.2 msec : 1
25.3 msec : 0
25.4 msec : 0
25.5 msec : 0
25.6 msec : 0
25.7 msec : 0
25.8 msec : 0
25.9 msec : 1
26.0 msec : 0
26.1 msec : 0
26.2 msec : 0
26.3 msec : 0
26.4 msec : 0
26.5 msec : 0
26.6 msec : 0
26.7 msec : 0
26.8 msec : 0
26.9 msec : 0
27.0 msec : 0
27.1 msec : 0
27.2 msec : 0
27.3 msec : 0
27.4 msec : 0
27.5 msec : 0
27.6 msec : 0
27.7 msec : 0
27.8 msec : 0
27.9 msec : 0
28.0 msec : 0
28.1 msec : 0
28.2 msec : 0
28.3 msec : 0
28.4 msec : 0
28.5 msec : 0
28.6 msec : 0
28.7 msec : 0
28.8 msec : 0
28.9 msec : 0
29.0 msec : 0
29.1 msec : 0
29.2 msec : 0
29.3 msec : 0
29.4 msec : 0
29.5 msec : 0
29.6 msec : 0
29.7 msec : 0
