Middleware started...
Middleware shuts down...
Smaller resolution statistics are in a log file...
Final aggregates per worker:


Worker 24
Average throughput (ops/sec) = 44
Average response time (msec) = 0.738300131147541
Average queue length = 0
Average wait time in queue (msec) = 0.031788377049180326
Average service time (msec) = 0.6450645409836065
Number of SET = 44
Number of GET = 0
Number of MULTI GET = 0


Worker 7
Average throughput (ops/sec) = 44
Average response time (msec) = 0.7593623114754099
Average queue length = 0
Average wait time in queue (msec) = 0.023377
Average service time (msec) = 0.683137737704918
Number of SET = 44
Number of GET = 0
Number of MULTI GET = 0


Worker 25
Average throughput (ops/sec) = 44
Average response time (msec) = 0.7687741967213114
Average queue length = 0
Average wait time in queue (msec) = 0.026457
Average service time (msec) = 0.6657744590163934
Number of SET = 44
Number of GET = 0
Number of MULTI GET = 0


Worker 6
Average throughput (ops/sec) = 44
Average response time (msec) = 0.7430804918032787
Average queue length = 0
Average wait time in queue (msec) = 0.030594213114754097
Average service time (msec) = 0.6515876229508196
Number of SET = 44
Number of GET = 0
Number of MULTI GET = 0


Worker 26
Average throughput (ops/sec) = 44
Average response time (msec) = 0.7660446229508197
Average queue length = 0
Average wait time in queue (msec) = 0.04324367213114754
Average service time (msec) = 0.6684652786885246
Number of SET = 44
Number of GET = 0
Number of MULTI GET = 0


Worker 9
Average throughput (ops/sec) = 44
Average response time (msec) = 0.747637868852459
Average queue length = 0
Average wait time in queue (msec) = 0.04010496721311475
Average service time (msec) = 0.6528107704918032
Number of SET = 44
Number of GET = 0
Number of MULTI GET = 0


Worker 27
Average throughput (ops/sec) = 44
Average response time (msec) = 0.769448262295082
Average queue length = 0
Average wait time in queue (msec) = 0.03408462295081967
Average service time (msec) = 0.674295
Number of SET = 44
Number of GET = 0
Number of MULTI GET = 0


Worker 8
Average throughput (ops/sec) = 44
Average response time (msec) = 0.7691426557377049
Average queue length = 0
Average wait time in queue (msec) = 0.03807190163934426
Average service time (msec) = 0.6737800327868853
Number of SET = 44
Number of GET = 0
Number of MULTI GET = 0


Worker 20
Average throughput (ops/sec) = 44
Average response time (msec) = 0.7649132622950819
Average queue length = 0
Average wait time in queue (msec) = 0.023301016393442623
Average service time (msec) = 0.6725392459016394
Number of SET = 44
Number of GET = 0
Number of MULTI GET = 0


Worker 3
Average throughput (ops/sec) = 44
Average response time (msec) = 0.7885672786885246
Average queue length = 0
Average wait time in queue (msec) = 0.06163186885245902
Average service time (msec) = 0.6613092786885246
Number of SET = 44
Number of GET = 0
Number of MULTI GET = 0


Worker 21
Average throughput (ops/sec) = 44
Average response time (msec) = 0.7692552459016393
Average queue length = 0
Average wait time in queue (msec) = 0.024086147540983607
Average service time (msec) = 0.6843065573770493
Number of SET = 44
Number of GET = 0
Number of MULTI GET = 0


Worker 2
Average throughput (ops/sec) = 44
Average response time (msec) = 0.7920527540983606
Average queue length = 0
Average wait time in queue (msec) = 0.03494567213114754
Average service time (msec) = 0.666271606557377
Number of SET = 44
Number of GET = 0
Number of MULTI GET = 0


Worker 22
Average throughput (ops/sec) = 44
Average response time (msec) = 0.747336
Average queue length = 0
Average wait time in queue (msec) = 0.032323573770491804
Average service time (msec) = 0.6601186721311476
Number of SET = 44
Number of GET = 0
Number of MULTI GET = 0


Worker 5
Average throughput (ops/sec) = 44
Average response time (msec) = 0.7877757213114753
Average queue length = 0
Average wait time in queue (msec) = 0.03267347540983606
Average service time (msec) = 0.7016310163934426
Number of SET = 44
Number of GET = 0
Number of MULTI GET = 0


Worker 23
Average throughput (ops/sec) = 45
Average response time (msec) = 0.7479689508196721
Average queue length = 0
Average wait time in queue (msec) = 0.024346967213114752
Average service time (msec) = 0.6687348196721311
Number of SET = 45
Number of GET = 0
Number of MULTI GET = 0


Worker 4
Average throughput (ops/sec) = 44
Average response time (msec) = 0.7651826393442623
Average queue length = 0
Average wait time in queue (msec) = 0.03585631147540984
Average service time (msec) = 0.6645114262295082
Number of SET = 44
Number of GET = 0
Number of MULTI GET = 0


Worker 28
Average throughput (ops/sec) = 44
Average response time (msec) = 0.7575810491803279
Average queue length = 0
Average wait time in queue (msec) = 0.033930901639344264
Average service time (msec) = 0.6683735573770493
Number of SET = 44
Number of GET = 0
Number of MULTI GET = 0


Worker 29
Average throughput (ops/sec) = 44
Average response time (msec) = 0.7469246229508196
Average queue length = 0
Average wait time in queue (msec) = 0.02964626229508197
Average service time (msec) = 0.6480588196721311
Number of SET = 44
Number of GET = 0
Number of MULTI GET = 0


Worker 1
Average throughput (ops/sec) = 44
Average response time (msec) = 0.7744151475409836
Average queue length = 0
Average wait time in queue (msec) = 0.03038683606557377
Average service time (msec) = 0.6604307868852459
Number of SET = 44
Number of GET = 0
Number of MULTI GET = 0


Worker 30
Average throughput (ops/sec) = 44
Average response time (msec) = 0.7480973934426229
Average queue length = 0
Average wait time in queue (msec) = 0.02875455737704918
Average service time (msec) = 0.6641136229508197
Number of SET = 44
Number of GET = 0
Number of MULTI GET = 0


Worker 13
Average throughput (ops/sec) = 44
Average response time (msec) = 0.755422081967213
Average queue length = 0
Average wait time in queue (msec) = 0.033617360655737706
Average service time (msec) = 0.6662551475409836
Number of SET = 44
Number of GET = 0
Number of MULTI GET = 0


Worker 14
Average throughput (ops/sec) = 44
Average response time (msec) = 0.7713338524590164
Average queue length = 0
Average wait time in queue (msec) = 0.03799139344262295
Average service time (msec) = 0.6727865409836066
Number of SET = 44
Number of GET = 0
Number of MULTI GET = 0


Worker 15
Average throughput (ops/sec) = 44
Average response time (msec) = 0.7578912295081967
Average queue length = 0
Average wait time in queue (msec) = 0.022130901639344263
Average service time (msec) = 0.6701634098360656
Number of SET = 44
Number of GET = 0
Number of MULTI GET = 0


Worker 16
Average throughput (ops/sec) = 44
Average response time (msec) = 0.7881297540983606
Average queue length = 0
Average wait time in queue (msec) = 0.052823934426229506
Average service time (msec) = 0.6659549672131148
Number of SET = 44
Number of GET = 0
Number of MULTI GET = 0


Worker 31
Average throughput (ops/sec) = 44
Average response time (msec) = 0.811855
Average queue length = 0
Average wait time in queue (msec) = 0.044691737704918036
Average service time (msec) = 0.7098904426229508
Number of SET = 44
Number of GET = 0
Number of MULTI GET = 0


Worker 32
Average throughput (ops/sec) = 44
Average response time (msec) = 0.7621582950819673
Average queue length = 0
Average wait time in queue (msec) = 0.026376983606557377
Average service time (msec) = 0.668753393442623
Number of SET = 44
Number of GET = 0
Number of MULTI GET = 0


Worker 10
Average throughput (ops/sec) = 44
Average response time (msec) = 0.7491478360655738
Average queue length = 0
Average wait time in queue (msec) = 0.035339393442622956
Average service time (msec) = 0.6555578360655737
Number of SET = 44
Number of GET = 0
Number of MULTI GET = 0


Worker 11
Average throughput (ops/sec) = 44
Average response time (msec) = 0.7837369016393443
Average queue length = 0
Average wait time in queue (msec) = 0.04426986885245902
Average service time (msec) = 0.6749654754098361
Number of SET = 44
Number of GET = 0
Number of MULTI GET = 0


Worker 12
Average throughput (ops/sec) = 44
Average response time (msec) = 0.7812645081967213
Average queue length = 0
Average wait time in queue (msec) = 0.048046229508196724
Average service time (msec) = 0.6801007704918033
Number of SET = 44
Number of GET = 0
Number of MULTI GET = 0


Worker 17
Average throughput (ops/sec) = 44
Average response time (msec) = 0.7609438032786886
Average queue length = 0
Average wait time in queue (msec) = 0.024237590163934425
Average service time (msec) = 0.6727344098360656
Number of SET = 44
Number of GET = 0
Number of MULTI GET = 0


Worker 18
Average throughput (ops/sec) = 44
Average response time (msec) = 0.7739087049180328
Average queue length = 0
Average wait time in queue (msec) = 0.02468516393442623
Average service time (msec) = 0.6766745901639344
Number of SET = 44
Number of GET = 0
Number of MULTI GET = 0


Worker 19
Average throughput (ops/sec) = 44
Average response time (msec) = 0.7648281147540984
Average queue length = 0
Average wait time in queue (msec) = 0.03360704918032787
Average service time (msec) = 0.6840005737704917
Number of SET = 44
Number of GET = 0
Number of MULTI GET = 0


FINAL STATS
Average throughput (ops/sec) = 1409
Average response time (msec) = 0.7494324299641544
Average queue length = 0
Average wait time in queue (msec) = 0.03398196721311475
Average service time (msec) = 0.669786012807377
Number of SET = 44
Number of GET = 0
Number of MULTI GET = 0
Number of Cache misses = 0


Histogram response times (0.1 msec step)
0.0 msec : 433
0.1 msec : 4486
0.2 msec : 15273
0.3 msec : 21414
0.4 msec : 14785
0.5 msec : 8339
0.6 msec : 5499
0.7 msec : 4039
0.8 msec : 3117
0.9 msec : 2250
1.0 msec : 1713
1.1 msec : 1283
1.2 msec : 937
1.3 msec : 745
1.4 msec : 511
1.5 msec : 375
1.6 msec : 296
1.7 msec : 245
1.8 msec : 206
1.9 msec : 131
2.0 msec : 123
2.1 msec : 117
2.2 msec : 113
2.3 msec : 93
2.4 msec : 72
2.5 msec : 73
2.6 msec : 60
2.7 msec : 56
2.8 msec : 52
2.9 msec : 47
3.0 msec : 43
3.1 msec : 36
3.2 msec : 23
3.3 msec : 31
3.4 msec : 37
3.5 msec : 26
3.6 msec : 15
3.7 msec : 17
3.8 msec : 15
3.9 msec : 20
4.0 msec : 16
4.1 msec : 17
4.2 msec : 14
4.3 msec : 22
4.4 msec : 16
4.5 msec : 15
4.6 msec : 10
4.7 msec : 9
4.8 msec : 11
4.9 msec : 4
5.0 msec : 8
5.1 msec : 5
5.2 msec : 7
5.3 msec : 11
5.4 msec : 12
5.5 msec : 5
5.6 msec : 8
5.7 msec : 7
5.8 msec : 6
5.9 msec : 5
6.0 msec : 2
6.1 msec : 5
6.2 msec : 3
6.3 msec : 5
6.4 msec : 2
6.5 msec : 7
6.6 msec : 3
6.7 msec : 11
6.8 msec : 11
6.9 msec : 15
7.0 msec : 11
7.1 msec : 13
7.2 msec : 21
7.3 msec : 15
7.4 msec : 14
7.5 msec : 14
7.6 msec : 8
7.7 msec : 2
7.8 msec : 6
7.9 msec : 4
8.0 msec : 5
8.1 msec : 6
8.2 msec : 2
8.3 msec : 0
8.4 msec : 0
8.5 msec : 4
8.6 msec : 0
8.7 msec : 1
8.8 msec : 2
8.9 msec : 3
9.0 msec : 3
9.1 msec : 1
9.2 msec : 3
9.3 msec : 1
9.4 msec : 1
9.5 msec : 2
9.6 msec : 0
9.7 msec : 0
9.8 msec : 1
9.9 msec : 0
10.0 msec : 0
10.1 msec : 5
10.2 msec : 0
10.3 msec : 5
10.4 msec : 0
10.5 msec : 0
10.6 msec : 0
10.7 msec : 0
10.8 msec : 0
10.9 msec : 0
11.0 msec : 0
11.1 msec : 0
11.2 msec : 0
11.3 msec : 0
11.4 msec : 0
11.5 msec : 0
11.6 msec : 1
11.7 msec : 0
11.8 msec : 0
11.9 msec : 0
12.0 msec : 0
12.1 msec : 0
12.2 msec : 0
12.3 msec : 0
12.4 msec : 0
12.5 msec : 0
12.6 msec : 0
12.7 msec : 1
12.8 msec : 0
12.9 msec : 0
13.0 msec : 0
13.1 msec : 0
13.2 msec : 0
13.3 msec : 0
13.4 msec : 0
13.5 msec : 0
13.6 msec : 0
13.7 msec : 0
13.8 msec : 0
13.9 msec : 0
14.0 msec : 0
14.1 msec : 0
14.2 msec : 0
14.3 msec : 0
14.4 msec : 0
14.5 msec : 1
14.6 msec : 0
14.7 msec : 0
14.8 msec : 0
14.9 msec : 0
15.0 msec : 0
15.1 msec : 1
15.2 msec : 0
15.3 msec : 0
15.4 msec : 0
15.5 msec : 0
15.6 msec : 1
15.7 msec : 0
15.8 msec : 1
15.9 msec : 1
16.0 msec : 0
16.1 msec : 0
16.2 msec : 0
16.3 msec : 0
16.4 msec : 0
16.5 msec : 0
16.6 msec : 0
16.7 msec : 0
16.8 msec : 0
16.9 msec : 0
17.0 msec : 1
17.1 msec : 0
17.2 msec : 0
17.3 msec : 0
17.4 msec : 0
17.5 msec : 0
17.6 msec : 0
17.7 msec : 0
17.8 msec : 0
17.9 msec : 0
18.0 msec : 1
18.1 msec : 1
18.2 msec : 0
18.3 msec : 0
18.4 msec : 0
18.5 msec : 0
18.6 msec : 0
18.7 msec : 0
18.8 msec : 1
18.9 msec : 0
19.0 msec : 0
19.1 msec : 0
19.2 msec : 0
19.3 msec : 0
19.4 msec : 0
19.5 msec : 0
19.6 msec : 0
19.7 msec : 0
19.8 msec : 1
19.9 msec : 0
20.0 msec : 0
20.1 msec : 0
20.2 msec : 0
20.3 msec : 0
20.4 msec : 0
20.5 msec : 0
20.6 msec : 0
20.7 msec : 0
20.8 msec : 0
20.9 msec : 0
21.0 msec : 0
21.1 msec : 0
21.2 msec : 0
21.3 msec : 0
21.4 msec : 0
21.5 msec : 0
21.6 msec : 0
21.7 msec : 0
21.8 msec : 0
21.9 msec : 0
22.0 msec : 0
22.1 msec : 0
22.2 msec : 0
22.3 msec : 0
22.4 msec : 0
22.5 msec : 0
22.6 msec : 0
22.7 msec : 0
22.8 msec : 0
22.9 msec : 0
23.0 msec : 0
23.1 msec : 0
23.2 msec : 0
23.3 msec : 0
23.4 msec : 0
23.5 msec : 0
23.6 msec : 0
23.7 msec : 0
23.8 msec : 0
23.9 msec : 0
24.0 msec : 0
24.1 msec : 0
24.2 msec : 0
24.3 msec : 0
24.4 msec : 0
24.5 msec : 0
24.6 msec : 0
24.7 msec : 0
24.8 msec : 0
24.9 msec : 0
25.0 msec : 1
25.1 msec : 0
25.2 msec : 0
25.3 msec : 0
25.4 msec : 1
25.5 msec : 0
25.6 msec : 0
25.7 msec : 0
25.8 msec : 0
25.9 msec : 0
26.0 msec : 0
26.1 msec : 0
26.2 msec : 0
26.3 msec : 0
26.4 msec : 0
26.5 msec : 0
26.6 msec : 0
26.7 msec : 0
26.8 msec : 0
26.9 msec : 0
27.0 msec : 0
27.1 msec : 0
27.2 msec : 0
27.3 msec : 0
27.4 msec : 0
27.5 msec : 0
27.6 msec : 0
27.7 msec : 0
27.8 msec : 2
27.9 msec : 0
28.0 msec : 0
28.1 msec : 0
28.2 msec : 0
28.3 msec : 0
28.4 msec : 0
28.5 msec : 0
28.6 msec : 0
28.7 msec : 0
28.8 msec : 0
28.9 msec : 0
29.0 msec : 0
29.1 msec : 0
29.2 msec : 0
29.3 msec : 0
29.4 msec : 0
29.5 msec : 0
29.6 msec : 0
29.7 msec : 0
29.8 msec : 0
29.9 msec : 0
30.0 msec : 0
30.1 msec : 0
30.2 msec : 0
30.3 msec : 0
30.4 msec : 0
30.5 msec : 1
30.6 msec : 0
30.7 msec : 0
30.8 msec : 0
30.9 msec : 0
31.0 msec : 1
31.1 msec : 0
31.2 msec : 1
31.3 msec : 0
31.4 msec : 0
31.5 msec : 0
31.6 msec : 0
31.7 msec : 0
31.8 msec : 0
31.9 msec : 0
32.0 msec : 0
32.1 msec : 0
32.2 msec : 0
32.3 msec : 0
32.4 msec : 0
32.5 msec : 0
32.6 msec : 0
32.7 msec : 1
32.8 msec : 1
32.9 msec : 0
33.0 msec : 0
33.1 msec : 0
33.2 msec : 1
33.3 msec : 0
33.4 msec : 0
33.5 msec : 0
33.6 msec : 0
33.7 msec : 0
33.8 msec : 0
33.9 msec : 0
34.0 msec : 0
34.1 msec : 1
34.2 msec : 0
34.3 msec : 0
34.4 msec : 0
34.5 msec : 0
34.6 msec : 0
34.7 msec : 0
34.8 msec : 0
34.9 msec : 0
35.0 msec : 0
35.1 msec : 0
35.2 msec : 0
35.3 msec : 0
35.4 msec : 0
35.5 msec : 0
35.6 msec : 0
35.7 msec : 0
35.8 msec : 0
35.9 msec : 0
36.0 msec : 0
36.1 msec : 0
36.2 msec : 0
36.3 msec : 0
36.4 msec : 0
36.5 msec : 0
36.6 msec : 0
36.7 msec : 0
36.8 msec : 0
36.9 msec : 0
37.0 msec : 0
37.1 msec : 0
37.2 msec : 0
37.3 msec : 0
37.4 msec : 0
37.5 msec : 0
37.6 msec : 0
37.7 msec : 0
37.8 msec : 0
37.9 msec : 0
38.0 msec : 0
38.1 msec : 0
38.2 msec : 0
38.3 msec : 0
38.4 msec : 0
38.5 msec : 0
38.6 msec : 0
38.7 msec : 0
38.8 msec : 0
38.9 msec : 0
39.0 msec : 0
39.1 msec : 0
39.2 msec : 0
39.3 msec : 0
39.4 msec : 0
39.5 msec : 0
39.6 msec : 0
39.7 msec : 0
39.8 msec : 0
39.9 msec : 0
40.0 msec : 0
40.1 msec : 0
40.2 msec : 0
40.3 msec : 0
40.4 msec : 0
40.5 msec : 0
40.6 msec : 0
40.7 msec : 0
40.8 msec : 0
40.9 msec : 0
41.0 msec : 0
41.1 msec : 0
41.2 msec : 0
41.3 msec : 0
41.4 msec : 0
41.5 msec : 0
41.6 msec : 0
41.7 msec : 0
41.8 msec : 0
41.9 msec : 0
42.0 msec : 0
42.1 msec : 0
42.2 msec : 0
42.3 msec : 0
42.4 msec : 0
42.5 msec : 0
42.6 msec : 0
42.7 msec : 0
42.8 msec : 0
42.9 msec : 0
43.0 msec : 0
43.1 msec : 0
43.2 msec : 0
43.3 msec : 0
43.4 msec : 0
43.5 msec : 0
43.6 msec : 0
43.7 msec : 0
43.8 msec : 0
43.9 msec : 0
44.0 msec : 0
44.1 msec : 0
44.2 msec : 0
44.3 msec : 0
44.4 msec : 0
44.5 msec : 0
44.6 msec : 0
44.7 msec : 0
44.8 msec : 0
44.9 msec : 0
45.0 msec : 0
45.1 msec : 0
45.2 msec : 0
45.3 msec : 0
45.4 msec : 0
45.5 msec : 0
45.6 msec : 0
45.7 msec : 0
45.8 msec : 0
45.9 msec : 0
46.0 msec : 0
46.1 msec : 0
46.2 msec : 0
46.3 msec : 0
46.4 msec : 0
46.5 msec : 0
46.6 msec : 0
46.7 msec : 0
46.8 msec : 0
46.9 msec : 0
47.0 msec : 0
47.1 msec : 0
47.2 msec : 0
47.3 msec : 0
47.4 msec : 0
47.5 msec : 0
47.6 msec : 0
47.7 msec : 0
47.8 msec : 0
47.9 msec : 0
48.0 msec : 0
48.1 msec : 0
48.2 msec : 0
48.3 msec : 0
48.4 msec : 0
48.5 msec : 0
48.6 msec : 0
48.7 msec : 0
48.8 msec : 0
48.9 msec : 0
49.0 msec : 0
49.1 msec : 0
49.2 msec : 0
49.3 msec : 0
49.4 msec : 0
49.5 msec : 0
49.6 msec : 0
49.7 msec : 0
49.8 msec : 0
49.9 msec : 0
50.0 msec : 0
50.1 msec : 0
50.2 msec : 0
50.3 msec : 0
50.4 msec : 0
50.5 msec : 0
50.6 msec : 0
50.7 msec : 0
50.8 msec : 0
50.9 msec : 0
51.0 msec : 0
51.1 msec : 0
51.2 msec : 0
51.3 msec : 0
51.4 msec : 0
51.5 msec : 0
51.6 msec : 0
51.7 msec : 0
51.8 msec : 2
51.9 msec : 0
52.0 msec : 0
52.1 msec : 0
52.2 msec : 0
52.3 msec : 0
52.4 msec : 0
52.5 msec : 0
52.6 msec : 0
52.7 msec : 0
52.8 msec : 0
52.9 msec : 0
53.0 msec : 0
53.1 msec : 0
53.2 msec : 0
53.3 msec : 0
53.4 msec : 0
53.5 msec : 0
53.6 msec : 0
53.7 msec : 0
53.8 msec : 0
53.9 msec : 0
54.0 msec : 0
54.1 msec : 0
54.2 msec : 0
54.3 msec : 0
54.4 msec : 0
54.5 msec : 0
54.6 msec : 0
54.7 msec : 0
54.8 msec : 0
54.9 msec : 0
55.0 msec : 0
55.1 msec : 0
55.2 msec : 0
55.3 msec : 0
55.4 msec : 0
55.5 msec : 0
55.6 msec : 0
55.7 msec : 0
55.8 msec : 0
55.9 msec : 0
56.0 msec : 0
56.1 msec : 0
56.2 msec : 0
56.3 msec : 0
56.4 msec : 0
56.5 msec : 0
56.6 msec : 0
56.7 msec : 0
56.8 msec : 0
56.9 msec : 0
57.0 msec : 0
57.1 msec : 0
57.2 msec : 0
57.3 msec : 0
57.4 msec : 0
57.5 msec : 0
57.6 msec : 0
57.7 msec : 0
57.8 msec : 0
57.9 msec : 0
58.0 msec : 0
58.1 msec : 0
58.2 msec : 0
58.3 msec : 0
58.4 msec : 0
58.5 msec : 0
58.6 msec : 0
58.7 msec : 0
58.8 msec : 0
58.9 msec : 0
59.0 msec : 0
59.1 msec : 0
59.2 msec : 0
59.3 msec : 0
59.4 msec : 0
59.5 msec : 0
59.6 msec : 0
59.7 msec : 0
59.8 msec : 0
59.9 msec : 0
60.0 msec : 0
60.1 msec : 0
60.2 msec : 0
60.3 msec : 0
60.4 msec : 0
60.5 msec : 0
60.6 msec : 1
