Middleware started...
Middleware shuts down...
Smaller resolution statistics are in a log file...
Final aggregates per worker:


Worker 46
Average throughput (ops/sec) = 6
Average response time (msec) = 2.1998107540983605
Average queue length = 0
Average wait time in queue (msec) = 0.023880590163934425
Average service time (msec) = 2.0169425409836066
Number of SET = 6
Number of GET = 0
Number of MULTI GET = 0


Worker 47
Average throughput (ops/sec) = 6
Average response time (msec) = 2.1252050327868854
Average queue length = 0
Average wait time in queue (msec) = 0.023774852459016393
Average service time (msec) = 2.0148491967213116
Number of SET = 6
Number of GET = 0
Number of MULTI GET = 0


Worker 48
Average throughput (ops/sec) = 6
Average response time (msec) = 2.1114999836065573
Average queue length = 0
Average wait time in queue (msec) = 0.023309655737704917
Average service time (msec) = 2.0065207704918033
Number of SET = 6
Number of GET = 0
Number of MULTI GET = 0


Worker 49
Average throughput (ops/sec) = 6
Average response time (msec) = 2.204147819672131
Average queue length = 0
Average wait time in queue (msec) = 0.04010880327868852
Average service time (msec) = 2.032726426229508
Number of SET = 6
Number of GET = 0
Number of MULTI GET = 0


Worker 42
Average throughput (ops/sec) = 6
Average response time (msec) = 2.1374472622950815
Average queue length = 0
Average wait time in queue (msec) = 0.023645786885245903
Average service time (msec) = 2.022213606557377
Number of SET = 6
Number of GET = 0
Number of MULTI GET = 0


Worker 43
Average throughput (ops/sec) = 6
Average response time (msec) = 2.1363977868852455
Average queue length = 0
Average wait time in queue (msec) = 0.028749540983606558
Average service time (msec) = 2.016481081967213
Number of SET = 6
Number of GET = 0
Number of MULTI GET = 0


Worker 44
Average throughput (ops/sec) = 6
Average response time (msec) = 2.1361914262295083
Average queue length = 0
Average wait time in queue (msec) = 0.023654409836065572
Average service time (msec) = 2.028878639344262
Number of SET = 6
Number of GET = 0
Number of MULTI GET = 0


Worker 45
Average throughput (ops/sec) = 6
Average response time (msec) = 2.126358770491803
Average queue length = 0
Average wait time in queue (msec) = 0.029617245901639343
Average service time (msec) = 2.0136420819672134
Number of SET = 6
Number of GET = 0
Number of MULTI GET = 0


Worker 50
Average throughput (ops/sec) = 6
Average response time (msec) = 2.2267180655737704
Average queue length = 0
Average wait time in queue (msec) = 0.02518660655737705
Average service time (msec) = 1.9950550819672133
Number of SET = 6
Number of GET = 0
Number of MULTI GET = 0


Worker 51
Average throughput (ops/sec) = 6
Average response time (msec) = 2.111232049180328
Average queue length = 0
Average wait time in queue (msec) = 0.024109622950819674
Average service time (msec) = 1.9917007213114755
Number of SET = 6
Number of GET = 0
Number of MULTI GET = 0


Worker 52
Average throughput (ops/sec) = 6
Average response time (msec) = 2.1244285573770494
Average queue length = 0
Average wait time in queue (msec) = 0.024985360655737705
Average service time (msec) = 2.014682
Number of SET = 6
Number of GET = 0
Number of MULTI GET = 0


Worker 57
Average throughput (ops/sec) = 6
Average response time (msec) = 2.140789426229508
Average queue length = 0
Average wait time in queue (msec) = 0.037578590163934424
Average service time (msec) = 2.0183608852459014
Number of SET = 6
Number of GET = 0
Number of MULTI GET = 0


Worker 13
Average throughput (ops/sec) = 6
Average response time (msec) = 2.1039391967213117
Average queue length = 0
Average wait time in queue (msec) = 0.025721327868852457
Average service time (msec) = 1.9961993606557378
Number of SET = 6
Number of GET = 0
Number of MULTI GET = 0


Worker 58
Average throughput (ops/sec) = 6
Average response time (msec) = 2.131774131147541
Average queue length = 0
Average wait time in queue (msec) = 0.023974754098360657
Average service time (msec) = 2.0224763934426226
Number of SET = 6
Number of GET = 0
Number of MULTI GET = 0


Worker 14
Average throughput (ops/sec) = 6
Average response time (msec) = 2.118111032786885
Average queue length = 0
Average wait time in queue (msec) = 0.02409406557377049
Average service time (msec) = 2.0120510983606557
Number of SET = 6
Number of GET = 0
Number of MULTI GET = 0


Worker 59
Average throughput (ops/sec) = 6
Average response time (msec) = 2.149512327868852
Average queue length = 0
Average wait time in queue (msec) = 0.024999245901639343
Average service time (msec) = 2.0400124918032785
Number of SET = 6
Number of GET = 0
Number of MULTI GET = 0


Worker 15
Average throughput (ops/sec) = 6
Average response time (msec) = 2.116500426229508
Average queue length = 0
Average wait time in queue (msec) = 0.025929508196721313
Average service time (msec) = 2.008480639344262
Number of SET = 6
Number of GET = 0
Number of MULTI GET = 0


Worker 16
Average throughput (ops/sec) = 6
Average response time (msec) = 2.131039819672131
Average queue length = 0
Average wait time in queue (msec) = 0.024506950819672132
Average service time (msec) = 2.0235652786885248
Number of SET = 6
Number of GET = 0
Number of MULTI GET = 0


Worker 53
Average throughput (ops/sec) = 6
Average response time (msec) = 2.11343831147541
Average queue length = 0
Average wait time in queue (msec) = 0.023888524590163936
Average service time (msec) = 1.9771241967213113
Number of SET = 6
Number of GET = 0
Number of MULTI GET = 0


Worker 54
Average throughput (ops/sec) = 6
Average response time (msec) = 2.1701552459016398
Average queue length = 0
Average wait time in queue (msec) = 0.024979852459016395
Average service time (msec) = 2.0584500655737705
Number of SET = 6
Number of GET = 0
Number of MULTI GET = 0


Worker 10
Average throughput (ops/sec) = 6
Average response time (msec) = 2.1159281147540985
Average queue length = 0
Average wait time in queue (msec) = 0.026323639344262295
Average service time (msec) = 2.000090475409836
Number of SET = 6
Number of GET = 0
Number of MULTI GET = 0


Worker 55
Average throughput (ops/sec) = 6
Average response time (msec) = 2.1078746393442622
Average queue length = 0
Average wait time in queue (msec) = 0.023720327868852458
Average service time (msec) = 2.002143721311475
Number of SET = 6
Number of GET = 0
Number of MULTI GET = 0


Worker 11
Average throughput (ops/sec) = 6
Average response time (msec) = 2.1015443770491804
Average queue length = 0
Average wait time in queue (msec) = 0.027665704918032788
Average service time (msec) = 1.9879180655737705
Number of SET = 6
Number of GET = 0
Number of MULTI GET = 0


Worker 56
Average throughput (ops/sec) = 6
Average response time (msec) = 2.127461573770492
Average queue length = 0
Average wait time in queue (msec) = 0.025619426229508198
Average service time (msec) = 2.003443573770492
Number of SET = 6
Number of GET = 0
Number of MULTI GET = 0


Worker 12
Average throughput (ops/sec) = 6
Average response time (msec) = 2.1247241639344265
Average queue length = 0
Average wait time in queue (msec) = 0.02795360655737705
Average service time (msec) = 1.9924132786885247
Number of SET = 6
Number of GET = 0
Number of MULTI GET = 0


Worker 17
Average throughput (ops/sec) = 6
Average response time (msec) = 2.1244677868852455
Average queue length = 0
Average wait time in queue (msec) = 0.024201819672131145
Average service time (msec) = 2.01934037704918
Number of SET = 6
Number of GET = 0
Number of MULTI GET = 0


Worker 18
Average throughput (ops/sec) = 6
Average response time (msec) = 2.166310262295082
Average queue length = 0
Average wait time in queue (msec) = 0.02373165573770492
Average service time (msec) = 2.0608249016393443
Number of SET = 6
Number of GET = 0
Number of MULTI GET = 0


Worker 19
Average throughput (ops/sec) = 6
Average response time (msec) = 2.11945462295082
Average queue length = 0
Average wait time in queue (msec) = 0.03588547540983607
Average service time (msec) = 1.9979095409836065
Number of SET = 6
Number of GET = 0
Number of MULTI GET = 0


Worker 60
Average throughput (ops/sec) = 6
Average response time (msec) = 2.187761327868852
Average queue length = 0
Average wait time in queue (msec) = 0.024389803278688522
Average service time (msec) = 2.081211918032787
Number of SET = 6
Number of GET = 0
Number of MULTI GET = 0


Worker 61
Average throughput (ops/sec) = 6
Average response time (msec) = 2.1359723606557375
Average queue length = 0
Average wait time in queue (msec) = 0.02806118032786885
Average service time (msec) = 2.021944163934426
Number of SET = 6
Number of GET = 0
Number of MULTI GET = 0


Worker 62
Average throughput (ops/sec) = 6
Average response time (msec) = 2.1275015081967212
Average queue length = 0
Average wait time in queue (msec) = 0.024765770491803278
Average service time (msec) = 2.0181809672131146
Number of SET = 6
Number of GET = 0
Number of MULTI GET = 0


Worker 63
Average throughput (ops/sec) = 6
Average response time (msec) = 2.1864506557377053
Average queue length = 0
Average wait time in queue (msec) = 0.02457227868852459
Average service time (msec) = 2.0234744918032788
Number of SET = 6
Number of GET = 0
Number of MULTI GET = 0


Worker 24
Average throughput (ops/sec) = 6
Average response time (msec) = 2.2344617540983602
Average queue length = 0
Average wait time in queue (msec) = 0.023392426229508198
Average service time (msec) = 2.1256930327868853
Number of SET = 6
Number of GET = 0
Number of MULTI GET = 0


Worker 7
Average throughput (ops/sec) = 6
Average response time (msec) = 2.113852983606557
Average queue length = 0
Average wait time in queue (msec) = 0.024668049180327868
Average service time (msec) = 2.006957
Number of SET = 6
Number of GET = 0
Number of MULTI GET = 0


Worker 25
Average throughput (ops/sec) = 6
Average response time (msec) = 2.1287323606557376
Average queue length = 0
Average wait time in queue (msec) = 0.028550868852459017
Average service time (msec) = 2.0180514590163936
Number of SET = 6
Number of GET = 0
Number of MULTI GET = 0


Worker 6
Average throughput (ops/sec) = 6
Average response time (msec) = 2.108921442622951
Average queue length = 0
Average wait time in queue (msec) = 0.028627868852459017
Average service time (msec) = 1.9983981475409835
Number of SET = 6
Number of GET = 0
Number of MULTI GET = 0


Worker 26
Average throughput (ops/sec) = 6
Average response time (msec) = 2.126089655737705
Average queue length = 0
Average wait time in queue (msec) = 0.02410393442622951
Average service time (msec) = 2.020373081967213
Number of SET = 6
Number of GET = 0
Number of MULTI GET = 0


Worker 9
Average throughput (ops/sec) = 6
Average response time (msec) = 2.172155901639344
Average queue length = 0
Average wait time in queue (msec) = 0.034580065573770497
Average service time (msec) = 2.0472930655737707
Number of SET = 6
Number of GET = 0
Number of MULTI GET = 0


Worker 27
Average throughput (ops/sec) = 6
Average response time (msec) = 2.0814227540983605
Average queue length = 0
Average wait time in queue (msec) = 0.023234377049180327
Average service time (msec) = 1.9701984590163935
Number of SET = 6
Number of GET = 0
Number of MULTI GET = 0


Worker 8
Average throughput (ops/sec) = 6
Average response time (msec) = 2.097446770491803
Average queue length = 0
Average wait time in queue (msec) = 0.023827819672131146
Average service time (msec) = 1.9904027868852459
Number of SET = 6
Number of GET = 0
Number of MULTI GET = 0


Worker 64
Average throughput (ops/sec) = 6
Average response time (msec) = 2.1049898032786882
Average queue length = 0
Average wait time in queue (msec) = 0.02424967213114754
Average service time (msec) = 1.9968785409836065
Number of SET = 6
Number of GET = 0
Number of MULTI GET = 0


Worker 20
Average throughput (ops/sec) = 6
Average response time (msec) = 2.122317868852459
Average queue length = 0
Average wait time in queue (msec) = 0.028134409836065574
Average service time (msec) = 2.0046558852459015
Number of SET = 6
Number of GET = 0
Number of MULTI GET = 0


Worker 3
Average throughput (ops/sec) = 6
Average response time (msec) = 2.156325098360656
Average queue length = 0
Average wait time in queue (msec) = 0.034365983606557376
Average service time (msec) = 2.0396677213114756
Number of SET = 6
Number of GET = 0
Number of MULTI GET = 0


Worker 21
Average throughput (ops/sec) = 6
Average response time (msec) = 2.2289240327868853
Average queue length = 0
Average wait time in queue (msec) = 0.04868977049180328
Average service time (msec) = 2.0518772295081966
Number of SET = 6
Number of GET = 0
Number of MULTI GET = 0


Worker 2
Average throughput (ops/sec) = 6
Average response time (msec) = 2.1023844590163936
Average queue length = 0
Average wait time in queue (msec) = 0.02298186885245902
Average service time (msec) = 1.9909298360655738
Number of SET = 6
Number of GET = 0
Number of MULTI GET = 0


Worker 22
Average throughput (ops/sec) = 6
Average response time (msec) = 2.100835
Average queue length = 0
Average wait time in queue (msec) = 0.024933819672131145
Average service time (msec) = 1.993301262295082
Number of SET = 6
Number of GET = 0
Number of MULTI GET = 0


Worker 5
Average throughput (ops/sec) = 6
Average response time (msec) = 2.1034152622950817
Average queue length = 0
Average wait time in queue (msec) = 0.023756180327868852
Average service time (msec) = 1.9953544918032786
Number of SET = 6
Number of GET = 0
Number of MULTI GET = 0


Worker 23
Average throughput (ops/sec) = 6
Average response time (msec) = 2.1284769180327867
Average queue length = 0
Average wait time in queue (msec) = 0.027726475409836065
Average service time (msec) = 2.0152053278688524
Number of SET = 6
Number of GET = 0
Number of MULTI GET = 0


Worker 4
Average throughput (ops/sec) = 6
Average response time (msec) = 2.1058804098360655
Average queue length = 0
Average wait time in queue (msec) = 0.023852081967213116
Average service time (msec) = 1.998978950819672
Number of SET = 6
Number of GET = 0
Number of MULTI GET = 0


Worker 28
Average throughput (ops/sec) = 6
Average response time (msec) = 2.1391735573770494
Average queue length = 0
Average wait time in queue (msec) = 0.034597557377049185
Average service time (msec) = 2.0192110655737707
Number of SET = 6
Number of GET = 0
Number of MULTI GET = 0


Worker 29
Average throughput (ops/sec) = 6
Average response time (msec) = 2.140489704918033
Average queue length = 0
Average wait time in queue (msec) = 0.026356918032786884
Average service time (msec) = 2.0327767704918034
Number of SET = 6
Number of GET = 0
Number of MULTI GET = 0


Worker 1
Average throughput (ops/sec) = 6
Average response time (msec) = 2.154829295081967
Average queue length = 0
Average wait time in queue (msec) = 0.02540983606557377
Average service time (msec) = 2.0467874590163935
Number of SET = 6
Number of GET = 0
Number of MULTI GET = 0


Worker 30
Average throughput (ops/sec) = 6
Average response time (msec) = 2.10916868852459
Average queue length = 0
Average wait time in queue (msec) = 0.024741622950819674
Average service time (msec) = 2.0017112459016393
Number of SET = 6
Number of GET = 0
Number of MULTI GET = 0


Worker 35
Average throughput (ops/sec) = 6
Average response time (msec) = 2.090516131147541
Average queue length = 0
Average wait time in queue (msec) = 0.024272032786885247
Average service time (msec) = 1.9828869672131146
Number of SET = 6
Number of GET = 0
Number of MULTI GET = 0


Worker 36
Average throughput (ops/sec) = 6
Average response time (msec) = 2.1354667213114755
Average queue length = 0
Average wait time in queue (msec) = 0.041450934426229505
Average service time (msec) = 2.008809360655738
Number of SET = 6
Number of GET = 0
Number of MULTI GET = 0


Worker 37
Average throughput (ops/sec) = 6
Average response time (msec) = 2.091771950819672
Average queue length = 0
Average wait time in queue (msec) = 0.02355039344262295
Average service time (msec) = 1.9832007049180327
Number of SET = 6
Number of GET = 0
Number of MULTI GET = 0


Worker 38
Average throughput (ops/sec) = 6
Average response time (msec) = 2.1845530655737706
Average queue length = 0
Average wait time in queue (msec) = 0.024896196721311478
Average service time (msec) = 2.075186049180328
Number of SET = 6
Number of GET = 0
Number of MULTI GET = 0


Worker 31
Average throughput (ops/sec) = 6
Average response time (msec) = 2.0978192786885246
Average queue length = 0
Average wait time in queue (msec) = 0.024174852459016394
Average service time (msec) = 1.9933152295081966
Number of SET = 6
Number of GET = 0
Number of MULTI GET = 0


Worker 32
Average throughput (ops/sec) = 6
Average response time (msec) = 2.098768524590164
Average queue length = 0
Average wait time in queue (msec) = 0.024499081967213114
Average service time (msec) = 1.9844793114754098
Number of SET = 6
Number of GET = 0
Number of MULTI GET = 0


Worker 33
Average throughput (ops/sec) = 6
Average response time (msec) = 2.187473524590164
Average queue length = 0
Average wait time in queue (msec) = 0.02531983606557377
Average service time (msec) = 2.076885262295082
Number of SET = 6
Number of GET = 0
Number of MULTI GET = 0


Worker 34
Average throughput (ops/sec) = 6
Average response time (msec) = 2.121642295081967
Average queue length = 0
Average wait time in queue (msec) = 0.025139016393442622
Average service time (msec) = 2.0108551475409837
Number of SET = 6
Number of GET = 0
Number of MULTI GET = 0


Worker 39
Average throughput (ops/sec) = 6
Average response time (msec) = 2.147936573770492
Average queue length = 0
Average wait time in queue (msec) = 0.023469655737704917
Average service time (msec) = 1.9904452786885247
Number of SET = 6
Number of GET = 0
Number of MULTI GET = 0


Worker 40
Average throughput (ops/sec) = 6
Average response time (msec) = 2.1105386721311477
Average queue length = 0
Average wait time in queue (msec) = 0.024570688524590163
Average service time (msec) = 1.988482786885246
Number of SET = 6
Number of GET = 0
Number of MULTI GET = 0


Worker 41
Average throughput (ops/sec) = 6
Average response time (msec) = 2.143337295081967
Average queue length = 0
Average wait time in queue (msec) = 0.024609983606557376
Average service time (msec) = 2.022875950819672
Number of SET = 6
Number of GET = 0
Number of MULTI GET = 0


FINAL STATS
Average throughput (ops/sec) = 384
Average response time (msec) = 2.1258946390097586
Average queue length = 0
Average wait time in queue (msec) = 0.026723754098360655
Average service time (msec) = 2.0156473890881146
Number of SET = 6
Number of GET = 0
Number of MULTI GET = 0
Number of Cache misses = 0


Histogram response times (0.1 msec step)
0.0 msec : 1285
0.1 msec : 6131
0.2 msec : 5637
0.3 msec : 3319
0.4 msec : 1964
0.5 msec : 1371
0.6 msec : 1008
0.7 msec : 739
0.8 msec : 516
0.9 msec : 401
1.0 msec : 268
1.1 msec : 198
1.2 msec : 143
1.3 msec : 93
1.4 msec : 86
1.5 msec : 93
1.6 msec : 53
1.7 msec : 43
1.8 msec : 30
1.9 msec : 26
2.0 msec : 19
2.1 msec : 25
2.2 msec : 10
2.3 msec : 12
2.4 msec : 16
2.5 msec : 5
2.6 msec : 8
2.7 msec : 11
2.8 msec : 5
2.9 msec : 8
3.0 msec : 12
3.1 msec : 5
3.2 msec : 7
3.3 msec : 8
3.4 msec : 8
3.5 msec : 3
3.6 msec : 2
3.7 msec : 0
3.8 msec : 3
3.9 msec : 3
4.0 msec : 4
4.1 msec : 5
4.2 msec : 4
4.3 msec : 3
4.4 msec : 3
4.5 msec : 6
4.6 msec : 2
4.7 msec : 3
4.8 msec : 3
4.9 msec : 4
5.0 msec : 2
5.1 msec : 3
5.2 msec : 5
5.3 msec : 3
5.4 msec : 4
5.5 msec : 5
5.6 msec : 3
5.7 msec : 3
5.8 msec : 2
5.9 msec : 1
6.0 msec : 3
6.1 msec : 1
6.2 msec : 0
6.3 msec : 2
6.4 msec : 3
6.5 msec : 0
6.6 msec : 0
6.7 msec : 1
6.8 msec : 1
6.9 msec : 2
7.0 msec : 0
7.1 msec : 2
7.2 msec : 1
7.3 msec : 0
7.4 msec : 0
7.5 msec : 1
7.6 msec : 0
7.7 msec : 1
7.8 msec : 1
7.9 msec : 0
8.0 msec : 0
8.1 msec : 0
8.2 msec : 0
8.3 msec : 1
8.4 msec : 1
8.5 msec : 0
8.6 msec : 0
8.7 msec : 1
8.8 msec : 0
8.9 msec : 0
9.0 msec : 0
9.1 msec : 1
9.2 msec : 0
9.3 msec : 0
9.4 msec : 0
9.5 msec : 0
9.6 msec : 0
9.7 msec : 0
9.8 msec : 0
9.9 msec : 0
10.0 msec : 0
10.1 msec : 0
10.2 msec : 0
10.3 msec : 0
10.4 msec : 0
10.5 msec : 0
10.6 msec : 0
10.7 msec : 0
10.8 msec : 0
10.9 msec : 0
11.0 msec : 0
11.1 msec : 0
11.2 msec : 0
11.3 msec : 0
11.4 msec : 0
11.5 msec : 0
11.6 msec : 0
11.7 msec : 0
11.8 msec : 0
11.9 msec : 0
12.0 msec : 0
12.1 msec : 0
12.2 msec : 0
12.3 msec : 0
12.4 msec : 0
12.5 msec : 0
12.6 msec : 0
12.7 msec : 0
12.8 msec : 0
12.9 msec : 0
13.0 msec : 0
13.1 msec : 0
13.2 msec : 0
13.3 msec : 0
13.4 msec : 0
13.5 msec : 0
13.6 msec : 0
13.7 msec : 0
13.8 msec : 0
13.9 msec : 0
14.0 msec : 0
14.1 msec : 0
14.2 msec : 0
14.3 msec : 0
14.4 msec : 0
14.5 msec : 0
14.6 msec : 0
14.7 msec : 0
14.8 msec : 0
14.9 msec : 0
15.0 msec : 0
15.1 msec : 0
15.2 msec : 0
15.3 msec : 0
15.4 msec : 0
15.5 msec : 0
15.6 msec : 0
15.7 msec : 0
15.8 msec : 0
15.9 msec : 0
16.0 msec : 0
16.1 msec : 0
16.2 msec : 0
16.3 msec : 0
16.4 msec : 0
16.5 msec : 0
16.6 msec : 0
16.7 msec : 0
16.8 msec : 0
16.9 msec : 0
17.0 msec : 0
17.1 msec : 1
17.2 msec : 0
17.3 msec : 0
17.4 msec : 0
17.5 msec : 0
17.6 msec : 0
17.7 msec : 0
17.8 msec : 0
17.9 msec : 1
18.0 msec : 0
18.1 msec : 0
18.2 msec : 0
18.3 msec : 0
18.4 msec : 0
18.5 msec : 0
18.6 msec : 0
18.7 msec : 0
18.8 msec : 0
18.9 msec : 0
19.0 msec : 0
19.1 msec : 0
19.2 msec : 0
19.3 msec : 0
19.4 msec : 0
19.5 msec : 0
19.6 msec : 0
19.7 msec : 0
19.8 msec : 0
19.9 msec : 0
20.0 msec : 0
20.1 msec : 0
20.2 msec : 0
20.3 msec : 0
20.4 msec : 0
20.5 msec : 0
20.6 msec : 0
20.7 msec : 0
20.8 msec : 0
20.9 msec : 0
21.0 msec : 0
21.1 msec : 0
21.2 msec : 0
21.3 msec : 0
21.4 msec : 0
21.5 msec : 0
21.6 msec : 0
21.7 msec : 0
21.8 msec : 0
21.9 msec : 0
22.0 msec : 0
22.1 msec : 0
22.2 msec : 0
22.3 msec : 1
22.4 msec : 0
22.5 msec : 0
22.6 msec : 0
22.7 msec : 0
22.8 msec : 0
22.9 msec : 0
23.0 msec : 0
23.1 msec : 0
23.2 msec : 0
23.3 msec : 0
23.4 msec : 0
23.5 msec : 0
23.6 msec : 0
23.7 msec : 0
23.8 msec : 0
23.9 msec : 0
24.0 msec : 0
24.1 msec : 0
24.2 msec : 0
24.3 msec : 0
24.4 msec : 0
24.5 msec : 0
24.6 msec : 0
24.7 msec : 0
24.8 msec : 0
24.9 msec : 0
25.0 msec : 0
25.1 msec : 0
25.2 msec : 0
25.3 msec : 0
25.4 msec : 0
25.5 msec : 0
25.6 msec : 0
25.7 msec : 0
25.8 msec : 0
25.9 msec : 0
26.0 msec : 0
26.1 msec : 0
26.2 msec : 0
26.3 msec : 0
26.4 msec : 0
26.5 msec : 0
26.6 msec : 0
26.7 msec : 0
26.8 msec : 0
26.9 msec : 0
27.0 msec : 0
27.1 msec : 0
27.2 msec : 0
27.3 msec : 0
27.4 msec : 0
27.5 msec : 0
27.6 msec : 0
27.7 msec : 0
27.8 msec : 0
27.9 msec : 1
28.0 msec : 0
28.1 msec : 0
28.2 msec : 0
28.3 msec : 0
28.4 msec : 0
28.5 msec : 0
28.6 msec : 0
28.7 msec : 0
28.8 msec : 0
28.9 msec : 0
29.0 msec : 0
29.1 msec : 0
29.2 msec : 0
29.3 msec : 0
29.4 msec : 0
29.5 msec : 0
29.6 msec : 0
29.7 msec : 0
29.8 msec : 0
29.9 msec : 0
30.0 msec : 0
30.1 msec : 0
30.2 msec : 0
30.3 msec : 0
30.4 msec : 0
30.5 msec : 0
30.6 msec : 0
30.7 msec : 0
30.8 msec : 0
30.9 msec : 0
31.0 msec : 0
31.1 msec : 0
31.2 msec : 0
31.3 msec : 0
31.4 msec : 0
31.5 msec : 0
31.6 msec : 0
31.7 msec : 0
31.8 msec : 0
31.9 msec : 0
32.0 msec : 0
32.1 msec : 0
32.2 msec : 0
32.3 msec : 0
32.4 msec : 0
32.5 msec : 0
32.6 msec : 0
32.7 msec : 0
32.8 msec : 0
32.9 msec : 0
33.0 msec : 0
33.1 msec : 0
33.2 msec : 0
33.3 msec : 0
33.4 msec : 0
33.5 msec : 0
33.6 msec : 0
33.7 msec : 0
33.8 msec : 0
33.9 msec : 0
34.0 msec : 0
34.1 msec : 0
34.2 msec : 0
34.3 msec : 0
34.4 msec : 0
34.5 msec : 0
34.6 msec : 0
34.7 msec : 0
34.8 msec : 0
34.9 msec : 0
35.0 msec : 0
35.1 msec : 0
35.2 msec : 0
35.3 msec : 0
35.4 msec : 0
35.5 msec : 0
35.6 msec : 0
35.7 msec : 0
35.8 msec : 0
35.9 msec : 0
36.0 msec : 0
36.1 msec : 0
36.2 msec : 0
36.3 msec : 0
36.4 msec : 0
36.5 msec : 0
36.6 msec : 0
36.7 msec : 0
36.8 msec : 0
36.9 msec : 0
37.0 msec : 1
37.1 msec : 0
37.2 msec : 0
37.3 msec : 0
37.4 msec : 0
37.5 msec : 0
37.6 msec : 0
37.7 msec : 0
37.8 msec : 0
37.9 msec : 0
38.0 msec : 0
38.1 msec : 0
38.2 msec : 0
38.3 msec : 0
38.4 msec : 0
38.5 msec : 0
38.6 msec : 0
38.7 msec : 0
38.8 msec : 0
38.9 msec : 0
39.0 msec : 0
39.1 msec : 0
39.2 msec : 0
39.3 msec : 0
39.4 msec : 0
39.5 msec : 0
39.6 msec : 0
39.7 msec : 0
39.8 msec : 0
39.9 msec : 0
40.0 msec : 0
40.1 msec : 0
40.2 msec : 0
40.3 msec : 0
40.4 msec : 0
40.5 msec : 0
40.6 msec : 0
40.7 msec : 0
40.8 msec : 0
40.9 msec : 0
41.0 msec : 0
41.1 msec : 0
41.2 msec : 0
41.3 msec : 0
41.4 msec : 0
41.5 msec : 0
41.6 msec : 0
41.7 msec : 0
41.8 msec : 0
41.9 msec : 0
