Middleware started...
Middleware shuts down...
Smaller resolution statistics are in a log file...
Final aggregates per worker:


Worker 7
Average throughput (ops/sec) = 282
Average response time (msec) = 10.07862355737705
Average queue length = 13
Average wait time in queue (msec) = 6.354892950819672
Average service time (msec) = 3.3685084754098362
Number of SET = 282
Number of GET = 0
Number of MULTI GET = 0


Worker 6
Average throughput (ops/sec) = 281
Average response time (msec) = 10.028369606557376
Average queue length = 13
Average wait time in queue (msec) = 6.327257786885245
Average service time (msec) = 3.340763721311476
Number of SET = 281
Number of GET = 0
Number of MULTI GET = 0


Worker 8
Average throughput (ops/sec) = 282
Average response time (msec) = 10.02872244262295
Average queue length = 13
Average wait time in queue (msec) = 6.302398557377049
Average service time (msec) = 3.366823983606557
Number of SET = 282
Number of GET = 0
Number of MULTI GET = 0


Worker 3
Average throughput (ops/sec) = 282
Average response time (msec) = 10.034214360655739
Average queue length = 13
Average wait time in queue (msec) = 6.3338910163934425
Average service time (msec) = 3.3613215081967214
Number of SET = 282
Number of GET = 0
Number of MULTI GET = 0


Worker 2
Average throughput (ops/sec) = 283
Average response time (msec) = 10.063242918032788
Average queue length = 14
Average wait time in queue (msec) = 6.331507295081967
Average service time (msec) = 3.351643557377049
Number of SET = 283
Number of GET = 0
Number of MULTI GET = 0


Worker 5
Average throughput (ops/sec) = 282
Average response time (msec) = 10.014880032786886
Average queue length = 14
Average wait time in queue (msec) = 6.31338524590164
Average service time (msec) = 3.371115819672131
Number of SET = 282
Number of GET = 0
Number of MULTI GET = 0


Worker 4
Average throughput (ops/sec) = 281
Average response time (msec) = 10.138145868852458
Average queue length = 13
Average wait time in queue (msec) = 6.282728934426229
Average service time (msec) = 3.465989967213115
Number of SET = 281
Number of GET = 0
Number of MULTI GET = 0


Worker 1
Average throughput (ops/sec) = 282
Average response time (msec) = 10.04427850819672
Average queue length = 13
Average wait time in queue (msec) = 6.3575660327868855
Average service time (msec) = 3.382372262295082
Number of SET = 282
Number of GET = 0
Number of MULTI GET = 0


FINAL STATS
Average throughput (ops/sec) = 2255
Average response time (msec) = 9.54032723132705
Average queue length = 13
Average wait time in queue (msec) = 6.325453477459016
Average service time (msec) = 3.376067411885246
Number of SET = 281
Number of GET = 0
Number of MULTI GET = 0
Number of Cache misses = 0


Histogram response times (0.1 msec step)
0.0 msec : 2
0.1 msec : 5
0.2 msec : 21
0.3 msec : 31
0.4 msec : 57
0.5 msec : 64
0.6 msec : 61
0.7 msec : 42
0.8 msec : 37
0.9 msec : 35
1.0 msec : 26
1.1 msec : 28
1.2 msec : 28
1.3 msec : 23
1.4 msec : 35
1.5 msec : 34
1.6 msec : 51
1.7 msec : 39
1.8 msec : 72
1.9 msec : 89
2.0 msec : 134
2.1 msec : 215
2.2 msec : 277
2.3 msec : 374
2.4 msec : 479
2.5 msec : 668
2.6 msec : 849
2.7 msec : 1011
2.8 msec : 1108
2.9 msec : 1258
3.0 msec : 1518
3.1 msec : 1678
3.2 msec : 1933
3.3 msec : 2130
3.4 msec : 2267
3.5 msec : 2568
3.6 msec : 2743
3.7 msec : 2814
3.8 msec : 2906
3.9 msec : 2730
4.0 msec : 2822
4.1 msec : 2593
4.2 msec : 2395
4.3 msec : 2375
4.4 msec : 2218
4.5 msec : 2017
4.6 msec : 1961
4.7 msec : 1727
4.8 msec : 1497
4.9 msec : 1454
5.0 msec : 1279
5.1 msec : 1149
5.2 msec : 1189
5.3 msec : 1033
5.4 msec : 968
5.5 msec : 862
5.6 msec : 799
5.7 msec : 725
5.8 msec : 702
5.9 msec : 677
6.0 msec : 573
6.1 msec : 634
6.2 msec : 495
6.3 msec : 510
6.4 msec : 465
6.5 msec : 481
6.6 msec : 445
6.7 msec : 423
6.8 msec : 445
6.9 msec : 421
7.0 msec : 383
7.1 msec : 397
7.2 msec : 353
7.3 msec : 283
7.4 msec : 314
7.5 msec : 332
7.6 msec : 332
7.7 msec : 333
7.8 msec : 319
7.9 msec : 362
8.0 msec : 342
8.1 msec : 380
8.2 msec : 378
8.3 msec : 394
8.4 msec : 408
8.5 msec : 478
8.6 msec : 587
8.7 msec : 652
8.8 msec : 750
8.9 msec : 869
9.0 msec : 1040
9.1 msec : 1189
9.2 msec : 1389
9.3 msec : 1538
9.4 msec : 1672
9.5 msec : 1907
9.6 msec : 2030
9.7 msec : 2192
9.8 msec : 2276
9.9 msec : 2331
10.0 msec : 2450
10.1 msec : 2450
10.2 msec : 2354
10.3 msec : 2486
10.4 msec : 2442
10.5 msec : 2312
10.6 msec : 2170
10.7 msec : 2006
10.8 msec : 1900
10.9 msec : 1785
11.0 msec : 1701
11.1 msec : 1539
11.2 msec : 1391
11.3 msec : 1372
11.4 msec : 1147
11.5 msec : 991
11.6 msec : 969
11.7 msec : 892
11.8 msec : 800
11.9 msec : 669
12.0 msec : 610
12.1 msec : 534
12.2 msec : 535
12.3 msec : 503
12.4 msec : 441
12.5 msec : 421
12.6 msec : 344
12.7 msec : 315
12.8 msec : 306
12.9 msec : 263
13.0 msec : 233
13.1 msec : 222
13.2 msec : 215
13.3 msec : 203
13.4 msec : 165
13.5 msec : 161
13.6 msec : 146
13.7 msec : 135
13.8 msec : 139
13.9 msec : 150
14.0 msec : 121
14.1 msec : 128
14.2 msec : 110
14.3 msec : 102
14.4 msec : 85
14.5 msec : 92
14.6 msec : 81
14.7 msec : 72
14.8 msec : 71
14.9 msec : 63
15.0 msec : 46
15.1 msec : 61
15.2 msec : 53
15.3 msec : 48
15.4 msec : 64
15.5 msec : 55
15.6 msec : 46
15.7 msec : 42
15.8 msec : 52
15.9 msec : 46
16.0 msec : 42
16.1 msec : 37
16.2 msec : 41
16.3 msec : 51
16.4 msec : 54
16.5 msec : 56
16.6 msec : 55
16.7 msec : 59
16.8 msec : 58
16.9 msec : 52
17.0 msec : 68
17.1 msec : 76
17.2 msec : 59
17.3 msec : 62
17.4 msec : 68
17.5 msec : 75
17.6 msec : 82
17.7 msec : 69
17.8 msec : 86
17.9 msec : 59
18.0 msec : 87
18.1 msec : 78
18.2 msec : 68
18.3 msec : 60
18.4 msec : 56
18.5 msec : 59
18.6 msec : 58
18.7 msec : 64
18.8 msec : 54
18.9 msec : 64
19.0 msec : 69
19.1 msec : 60
19.2 msec : 51
19.3 msec : 54
19.4 msec : 65
19.5 msec : 50
19.6 msec : 43
19.7 msec : 40
19.8 msec : 48
19.9 msec : 42
20.0 msec : 38
20.1 msec : 33
20.2 msec : 38
20.3 msec : 31
20.4 msec : 34
20.5 msec : 39
20.6 msec : 20
20.7 msec : 23
20.8 msec : 17
20.9 msec : 20
21.0 msec : 24
21.1 msec : 25
21.2 msec : 14
21.3 msec : 18
21.4 msec : 12
21.5 msec : 21
21.6 msec : 27
21.7 msec : 24
21.8 msec : 13
21.9 msec : 10
22.0 msec : 21
22.1 msec : 16
22.2 msec : 15
22.3 msec : 14
22.4 msec : 16
22.5 msec : 19
22.6 msec : 15
22.7 msec : 15
22.8 msec : 10
22.9 msec : 5
23.0 msec : 9
23.1 msec : 11
23.2 msec : 12
23.3 msec : 7
23.4 msec : 2
23.5 msec : 6
23.6 msec : 9
23.7 msec : 12
23.8 msec : 9
23.9 msec : 7
24.0 msec : 10
24.1 msec : 7
24.2 msec : 9
24.3 msec : 8
24.4 msec : 6
24.5 msec : 5
24.6 msec : 4
24.7 msec : 9
24.8 msec : 4
24.9 msec : 7
25.0 msec : 4
25.1 msec : 3
25.2 msec : 9
25.3 msec : 9
25.4 msec : 6
25.5 msec : 10
25.6 msec : 9
25.7 msec : 5
25.8 msec : 8
25.9 msec : 11
26.0 msec : 6
26.1 msec : 5
26.2 msec : 8
26.3 msec : 7
26.4 msec : 4
26.5 msec : 5
26.6 msec : 5
26.7 msec : 6
26.8 msec : 5
26.9 msec : 4
27.0 msec : 9
27.1 msec : 8
27.2 msec : 3
27.3 msec : 7
27.4 msec : 5
27.5 msec : 6
27.6 msec : 4
27.7 msec : 6
27.8 msec : 9
27.9 msec : 16
28.0 msec : 14
28.1 msec : 17
28.2 msec : 11
28.3 msec : 10
28.4 msec : 6
28.5 msec : 13
28.6 msec : 7
28.7 msec : 13
28.8 msec : 11
28.9 msec : 15
29.0 msec : 11
29.1 msec : 14
29.2 msec : 15
29.3 msec : 18
29.4 msec : 20
29.5 msec : 18
29.6 msec : 15
29.7 msec : 13
29.8 msec : 21
29.9 msec : 18
30.0 msec : 10
30.1 msec : 15
30.2 msec : 10
30.3 msec : 11
30.4 msec : 14
30.5 msec : 6
30.6 msec : 5
30.7 msec : 10
30.8 msec : 8
30.9 msec : 3
31.0 msec : 7
31.1 msec : 4
31.2 msec : 5
31.3 msec : 6
31.4 msec : 4
31.5 msec : 8
31.6 msec : 12
31.7 msec : 5
31.8 msec : 4
31.9 msec : 2
32.0 msec : 4
32.1 msec : 4
32.2 msec : 3
32.3 msec : 3
32.4 msec : 4
32.5 msec : 3
32.6 msec : 1
32.7 msec : 2
32.8 msec : 4
32.9 msec : 6
33.0 msec : 1
33.1 msec : 1
33.2 msec : 3
33.3 msec : 1
33.4 msec : 2
33.5 msec : 4
33.6 msec : 2
33.7 msec : 3
33.8 msec : 1
33.9 msec : 0
34.0 msec : 5
34.1 msec : 2
34.2 msec : 2
34.3 msec : 2
34.4 msec : 0
34.5 msec : 0
34.6 msec : 0
34.7 msec : 2
34.8 msec : 0
34.9 msec : 2
35.0 msec : 0
35.1 msec : 4
35.2 msec : 0
35.3 msec : 2
35.4 msec : 4
35.5 msec : 0
35.6 msec : 3
35.7 msec : 1
35.8 msec : 4
35.9 msec : 3
36.0 msec : 2
36.1 msec : 0
36.2 msec : 1
36.3 msec : 2
36.4 msec : 1
36.5 msec : 0
36.6 msec : 1
36.7 msec : 2
36.8 msec : 0
36.9 msec : 3
37.0 msec : 0
37.1 msec : 5
37.2 msec : 5
37.3 msec : 4
37.4 msec : 2
37.5 msec : 2
37.6 msec : 1
37.7 msec : 2
37.8 msec : 3
37.9 msec : 5
38.0 msec : 5
38.1 msec : 1
38.2 msec : 7
38.3 msec : 7
38.4 msec : 6
38.5 msec : 9
38.6 msec : 4
38.7 msec : 6
38.8 msec : 5
38.9 msec : 3
39.0 msec : 3
39.1 msec : 0
39.2 msec : 4
39.3 msec : 5
39.4 msec : 1
39.5 msec : 3
39.6 msec : 3
39.7 msec : 4
39.8 msec : 1
39.9 msec : 2
40.0 msec : 0
40.1 msec : 3
40.2 msec : 0
40.3 msec : 0
40.4 msec : 3
40.5 msec : 0
40.6 msec : 1
40.7 msec : 0
40.8 msec : 0
40.9 msec : 0
41.0 msec : 1
41.1 msec : 0
41.2 msec : 0
41.3 msec : 1
41.4 msec : 4
41.5 msec : 0
41.6 msec : 0
41.7 msec : 1
41.8 msec : 1
41.9 msec : 1
42.0 msec : 1
42.1 msec : 0
42.2 msec : 2
42.3 msec : 0
42.4 msec : 0
42.5 msec : 0
42.6 msec : 1
42.7 msec : 0
42.8 msec : 0
42.9 msec : 0
43.0 msec : 1
43.1 msec : 2
43.2 msec : 0
43.3 msec : 1
43.4 msec : 1
43.5 msec : 0
43.6 msec : 1
43.7 msec : 1
43.8 msec : 1
43.9 msec : 0
44.0 msec : 0
44.1 msec : 0
44.2 msec : 0
44.3 msec : 1
44.4 msec : 0
44.5 msec : 0
44.6 msec : 0
44.7 msec : 0
44.8 msec : 1
44.9 msec : 1
45.0 msec : 2
45.1 msec : 0
45.2 msec : 1
45.3 msec : 2
45.4 msec : 4
45.5 msec : 0
45.6 msec : 0
45.7 msec : 0
45.8 msec : 0
45.9 msec : 0
46.0 msec : 3
46.1 msec : 2
46.2 msec : 3
46.3 msec : 2
46.4 msec : 1
46.5 msec : 0
46.6 msec : 2
46.7 msec : 0
46.8 msec : 2
46.9 msec : 1
47.0 msec : 3
47.1 msec : 1
47.2 msec : 1
47.3 msec : 2
47.4 msec : 1
47.5 msec : 3
47.6 msec : 8
47.7 msec : 3
47.8 msec : 5
47.9 msec : 1
48.0 msec : 2
48.1 msec : 2
48.2 msec : 4
48.3 msec : 4
48.4 msec : 4
48.5 msec : 3
48.6 msec : 2
48.7 msec : 1
48.8 msec : 1
48.9 msec : 4
49.0 msec : 1
49.1 msec : 2
49.2 msec : 4
49.3 msec : 1
49.4 msec : 2
49.5 msec : 2
49.6 msec : 3
49.7 msec : 0
49.8 msec : 2
49.9 msec : 2
50.0 msec : 0
50.1 msec : 0
50.2 msec : 0
50.3 msec : 2
50.4 msec : 2
50.5 msec : 1
50.6 msec : 4
50.7 msec : 1
50.8 msec : 0
50.9 msec : 0
51.0 msec : 0
51.1 msec : 0
51.2 msec : 2
51.3 msec : 1
51.4 msec : 2
51.5 msec : 0
51.6 msec : 1
51.7 msec : 0
51.8 msec : 1
51.9 msec : 2
52.0 msec : 0
52.1 msec : 1
52.2 msec : 0
52.3 msec : 0
52.4 msec : 0
52.5 msec : 0
52.6 msec : 0
52.7 msec : 0
52.8 msec : 0
52.9 msec : 0
53.0 msec : 0
53.1 msec : 0
53.2 msec : 0
53.3 msec : 1
53.4 msec : 1
53.5 msec : 0
53.6 msec : 4
53.7 msec : 1
53.8 msec : 0
53.9 msec : 2
54.0 msec : 0
54.1 msec : 0
54.2 msec : 1
54.3 msec : 2
54.4 msec : 1
54.5 msec : 0
54.6 msec : 1
54.7 msec : 0
54.8 msec : 1
54.9 msec : 0
55.0 msec : 0
55.1 msec : 1
55.2 msec : 0
55.3 msec : 0
55.4 msec : 1
55.5 msec : 0
55.6 msec : 0
55.7 msec : 0
55.8 msec : 0
55.9 msec : 0
56.0 msec : 1
56.1 msec : 1
56.2 msec : 4
56.3 msec : 2
56.4 msec : 1
56.5 msec : 3
56.6 msec : 4
56.7 msec : 1
56.8 msec : 1
56.9 msec : 1
57.0 msec : 5
57.1 msec : 1
57.2 msec : 2
57.3 msec : 2
57.4 msec : 0
57.5 msec : 0
57.6 msec : 2
57.7 msec : 6
57.8 msec : 1
57.9 msec : 2
58.0 msec : 1
58.1 msec : 1
58.2 msec : 2
58.3 msec : 2
58.4 msec : 3
58.5 msec : 4
58.6 msec : 2
58.7 msec : 2
58.8 msec : 2
58.9 msec : 1
59.0 msec : 1
59.1 msec : 1
59.2 msec : 4
59.3 msec : 2
59.4 msec : 0
59.5 msec : 2
59.6 msec : 5
59.7 msec : 3
59.8 msec : 4
59.9 msec : 2
60.0 msec : 2
60.1 msec : 1
60.2 msec : 4
60.3 msec : 2
60.4 msec : 0
60.5 msec : 1
60.6 msec : 1
60.7 msec : 2
60.8 msec : 0
60.9 msec : 1
61.0 msec : 0
61.1 msec : 1
61.2 msec : 1
61.3 msec : 0
61.4 msec : 1
61.5 msec : 0
61.6 msec : 2
61.7 msec : 1
61.8 msec : 2
61.9 msec : 0
62.0 msec : 0
62.1 msec : 1
62.2 msec : 2
62.3 msec : 0
62.4 msec : 0
62.5 msec : 1
62.6 msec : 0
62.7 msec : 0
62.8 msec : 0
62.9 msec : 0
63.0 msec : 0
63.1 msec : 0
63.2 msec : 0
63.3 msec : 0
63.4 msec : 1
63.5 msec : 2
63.6 msec : 2
63.7 msec : 1
63.8 msec : 1
63.9 msec : 0
64.0 msec : 0
64.1 msec : 0
64.2 msec : 0
64.3 msec : 0
64.4 msec : 1
64.5 msec : 0
64.6 msec : 2
64.7 msec : 1
64.8 msec : 1
64.9 msec : 0
65.0 msec : 0
65.1 msec : 0
65.2 msec : 1
65.3 msec : 0
65.4 msec : 0
65.5 msec : 0
65.6 msec : 0
65.7 msec : 2
65.8 msec : 0
65.9 msec : 1
66.0 msec : 0
66.1 msec : 0
66.2 msec : 0
66.3 msec : 0
66.4 msec : 0
66.5 msec : 0
66.6 msec : 0
66.7 msec : 0
66.8 msec : 0
66.9 msec : 0
67.0 msec : 0
67.1 msec : 0
67.2 msec : 0
67.3 msec : 0
67.4 msec : 1
67.5 msec : 1
67.6 msec : 1
67.7 msec : 1
67.8 msec : 1
67.9 msec : 0
68.0 msec : 2
68.1 msec : 0
68.2 msec : 0
68.3 msec : 2
68.4 msec : 0
68.5 msec : 0
68.6 msec : 0
68.7 msec : 0
68.8 msec : 0
68.9 msec : 0
69.0 msec : 1
69.1 msec : 1
69.2 msec : 0
69.3 msec : 0
69.4 msec : 0
69.5 msec : 0
69.6 msec : 0
69.7 msec : 0
69.8 msec : 0
69.9 msec : 0
70.0 msec : 1
70.1 msec : 0
70.2 msec : 0
70.3 msec : 0
70.4 msec : 0
70.5 msec : 1
70.6 msec : 0
70.7 msec : 0
70.8 msec : 0
70.9 msec : 1
71.0 msec : 0
71.1 msec : 0
71.2 msec : 1
71.3 msec : 0
71.4 msec : 0
71.5 msec : 0
71.6 msec : 0
71.7 msec : 0
71.8 msec : 0
71.9 msec : 0
72.0 msec : 0
72.1 msec : 0
72.2 msec : 0
72.3 msec : 0
72.4 msec : 0
72.5 msec : 0
72.6 msec : 1
72.7 msec : 0
72.8 msec : 2
72.9 msec : 3
73.0 msec : 0
73.1 msec : 0
73.2 msec : 0
73.3 msec : 2
73.4 msec : 2
73.5 msec : 0
73.6 msec : 0
73.7 msec : 0
73.8 msec : 0
73.9 msec : 1
74.0 msec : 0
74.1 msec : 0
74.2 msec : 0
74.3 msec : 0
74.4 msec : 1
74.5 msec : 2
74.6 msec : 0
74.7 msec : 0
74.8 msec : 0
74.9 msec : 0
75.0 msec : 0
75.1 msec : 0
75.2 msec : 0
75.3 msec : 0
75.4 msec : 2
75.5 msec : 0
75.6 msec : 1
75.7 msec : 0
75.8 msec : 0
75.9 msec : 0
76.0 msec : 0
76.1 msec : 0
76.2 msec : 1
76.3 msec : 0
76.4 msec : 0
76.5 msec : 1
76.6 msec : 0
76.7 msec : 1
76.8 msec : 0
76.9 msec : 1
77.0 msec : 0
77.1 msec : 0
77.2 msec : 2
77.3 msec : 1
77.4 msec : 1
77.5 msec : 1
77.6 msec : 1
77.7 msec : 3
77.8 msec : 1
77.9 msec : 3
78.0 msec : 0
78.1 msec : 1
78.2 msec : 2
78.3 msec : 1
78.4 msec : 1
78.5 msec : 0
78.6 msec : 2
78.7 msec : 0
78.8 msec : 0
78.9 msec : 0
79.0 msec : 0
79.1 msec : 0
79.2 msec : 0
79.3 msec : 0
79.4 msec : 1
79.5 msec : 0
79.6 msec : 0
79.7 msec : 0
79.8 msec : 0
79.9 msec : 0
80.0 msec : 0
80.1 msec : 3
80.2 msec : 0
80.3 msec : 0
80.4 msec : 0
80.5 msec : 0
80.6 msec : 0
80.7 msec : 1
80.8 msec : 0
80.9 msec : 0
81.0 msec : 0
81.1 msec : 0
81.2 msec : 0
81.3 msec : 0
81.4 msec : 1
81.5 msec : 0
81.6 msec : 0
81.7 msec : 0
81.8 msec : 0
81.9 msec : 0
82.0 msec : 0
82.1 msec : 0
82.2 msec : 0
82.3 msec : 0
82.4 msec : 0
82.5 msec : 0
82.6 msec : 0
82.7 msec : 0
82.8 msec : 0
82.9 msec : 0
83.0 msec : 2
83.1 msec : 0
83.2 msec : 0
83.3 msec : 0
83.4 msec : 1
83.5 msec : 1
83.6 msec : 1
83.7 msec : 0
83.8 msec : 0
83.9 msec : 2
84.0 msec : 1
84.1 msec : 0
84.2 msec : 0
84.3 msec : 0
84.4 msec : 1
84.5 msec : 1
84.6 msec : 1
84.7 msec : 0
84.8 msec : 0
84.9 msec : 0
85.0 msec : 0
85.1 msec : 0
85.2 msec : 0
85.3 msec : 0
85.4 msec : 0
85.5 msec : 0
85.6 msec : 0
85.7 msec : 0
85.8 msec : 0
85.9 msec : 0
86.0 msec : 0
86.1 msec : 1
86.2 msec : 1
86.3 msec : 0
86.4 msec : 0
86.5 msec : 1
86.6 msec : 0
86.7 msec : 0
86.8 msec : 0
86.9 msec : 0
87.0 msec : 0
87.1 msec : 0
87.2 msec : 2
87.3 msec : 0
87.4 msec : 1
87.5 msec : 0
87.6 msec : 0
87.7 msec : 0
87.8 msec : 0
87.9 msec : 0
88.0 msec : 0
88.1 msec : 0
88.2 msec : 0
88.3 msec : 0
88.4 msec : 0
88.5 msec : 0
88.6 msec : 1
88.7 msec : 0
88.8 msec : 0
88.9 msec : 0
89.0 msec : 0
89.1 msec : 0
89.2 msec : 0
89.3 msec : 0
89.4 msec : 1
89.5 msec : 0
89.6 msec : 0
89.7 msec : 0
89.8 msec : 0
89.9 msec : 0
90.0 msec : 0
90.1 msec : 1
90.2 msec : 0
90.3 msec : 0
90.4 msec : 0
90.5 msec : 0
90.6 msec : 0
90.7 msec : 0
90.8 msec : 0
90.9 msec : 0
91.0 msec : 0
91.1 msec : 0
91.2 msec : 0
91.3 msec : 0
91.4 msec : 0
91.5 msec : 1
91.6 msec : 0
91.7 msec : 0
91.8 msec : 0
91.9 msec : 0
92.0 msec : 0
92.1 msec : 0
92.2 msec : 0
92.3 msec : 0
92.4 msec : 0
92.5 msec : 0
92.6 msec : 0
92.7 msec : 0
92.8 msec : 0
92.9 msec : 0
93.0 msec : 0
93.1 msec : 0
93.2 msec : 0
93.3 msec : 1
93.4 msec : 0
93.5 msec : 0
93.6 msec : 0
93.7 msec : 0
93.8 msec : 0
93.9 msec : 0
94.0 msec : 0
94.1 msec : 0
94.2 msec : 0
94.3 msec : 0
94.4 msec : 0
94.5 msec : 0
94.6 msec : 0
94.7 msec : 1
94.8 msec : 1
94.9 msec : 0
95.0 msec : 0
95.1 msec : 1
95.2 msec : 0
95.3 msec : 0
95.4 msec : 1
95.5 msec : 0
95.6 msec : 1
95.7 msec : 0
95.8 msec : 1
95.9 msec : 0
96.0 msec : 0
96.1 msec : 0
96.2 msec : 0
96.3 msec : 0
96.4 msec : 0
96.5 msec : 0
96.6 msec : 1
96.7 msec : 1
96.8 msec : 1
96.9 msec : 0
97.0 msec : 0
97.1 msec : 0
97.2 msec : 1
97.3 msec : 2
97.4 msec : 1
97.5 msec : 0
97.6 msec : 1
97.7 msec : 0
97.8 msec : 0
97.9 msec : 0
98.0 msec : 0
98.1 msec : 0
98.2 msec : 0
98.3 msec : 1
98.4 msec : 0
98.5 msec : 0
98.6 msec : 1
98.7 msec : 0
98.8 msec : 0
98.9 msec : 0
99.0 msec : 0
99.1 msec : 0
99.2 msec : 0
99.3 msec : 0
99.4 msec : 0
99.5 msec : 1
99.6 msec : 0
99.7 msec : 0
99.8 msec : 0
99.9 msec : 1
100.0 msec : 1
100.1 msec : 0
100.2 msec : 0
100.3 msec : 0
100.4 msec : 0
100.5 msec : 0
100.6 msec : 2
100.7 msec : 1
100.8 msec : 0
100.9 msec : 0
101.0 msec : 0
101.1 msec : 0
101.2 msec : 0
101.3 msec : 0
101.4 msec : 0
101.5 msec : 0
101.6 msec : 0
101.7 msec : 0
101.8 msec : 0
101.9 msec : 0
102.0 msec : 0
102.1 msec : 0
102.2 msec : 0
102.3 msec : 0
102.4 msec : 0
102.5 msec : 0
102.6 msec : 0
102.7 msec : 0
102.8 msec : 0
102.9 msec : 0
103.0 msec : 0
103.1 msec : 0
103.2 msec : 0
103.3 msec : 0
103.4 msec : 0
103.5 msec : 0
103.6 msec : 0
103.7 msec : 0
103.8 msec : 0
103.9 msec : 0
104.0 msec : 0
104.1 msec : 0
104.2 msec : 0
104.3 msec : 0
104.4 msec : 0
104.5 msec : 0
104.6 msec : 0
104.7 msec : 0
104.8 msec : 0
104.9 msec : 1
105.0 msec : 0
105.1 msec : 0
105.2 msec : 0
105.3 msec : 1
105.4 msec : 0
105.5 msec : 2
105.6 msec : 0
105.7 msec : 0
105.8 msec : 2
105.9 msec : 2
106.0 msec : 0
106.1 msec : 2
106.2 msec : 3
106.3 msec : 1
106.4 msec : 3
106.5 msec : 4
106.6 msec : 0
106.7 msec : 0
106.8 msec : 0
106.9 msec : 0
107.0 msec : 0
107.1 msec : 0
107.2 msec : 0
107.3 msec : 1
107.4 msec : 0
107.5 msec : 0
107.6 msec : 1
107.7 msec : 0
107.8 msec : 1
107.9 msec : 0
108.0 msec : 1
108.1 msec : 0
108.2 msec : 0
108.3 msec : 0
108.4 msec : 0
108.5 msec : 0
108.6 msec : 0
108.7 msec : 0
108.8 msec : 0
108.9 msec : 1
109.0 msec : 2
109.1 msec : 0
109.2 msec : 0
109.3 msec : 1
109.4 msec : 0
109.5 msec : 0
109.6 msec : 0
109.7 msec : 0
109.8 msec : 0
109.9 msec : 0
110.0 msec : 0
110.1 msec : 0
110.2 msec : 0
110.3 msec : 0
110.4 msec : 0
110.5 msec : 0
110.6 msec : 0
110.7 msec : 1
110.8 msec : 0
110.9 msec : 2
111.0 msec : 0
111.1 msec : 1
111.2 msec : 1
111.3 msec : 0
111.4 msec : 1
111.5 msec : 0
111.6 msec : 0
111.7 msec : 0
111.8 msec : 0
111.9 msec : 1
112.0 msec : 0
112.1 msec : 0
112.2 msec : 0
112.3 msec : 0
112.4 msec : 0
112.5 msec : 0
112.6 msec : 0
112.7 msec : 0
112.8 msec : 0
112.9 msec : 0
113.0 msec : 0
113.1 msec : 1
113.2 msec : 1
113.3 msec : 0
113.4 msec : 0
113.5 msec : 0
113.6 msec : 0
113.7 msec : 0
113.8 msec : 0
113.9 msec : 0
114.0 msec : 0
114.1 msec : 0
114.2 msec : 0
114.3 msec : 0
114.4 msec : 0
114.5 msec : 1
114.6 msec : 0
114.7 msec : 0
114.8 msec : 1
114.9 msec : 0
115.0 msec : 1
115.1 msec : 1
115.2 msec : 0
115.3 msec : 1
115.4 msec : 0
115.5 msec : 0
115.6 msec : 0
115.7 msec : 1
115.8 msec : 0
115.9 msec : 0
116.0 msec : 0
116.1 msec : 0
116.2 msec : 0
116.3 msec : 0
116.4 msec : 0
116.5 msec : 0
116.6 msec : 0
116.7 msec : 0
116.8 msec : 0
116.9 msec : 0
117.0 msec : 0
117.1 msec : 0
117.2 msec : 0
117.3 msec : 0
117.4 msec : 0
117.5 msec : 0
117.6 msec : 0
117.7 msec : 0
117.8 msec : 0
117.9 msec : 0
118.0 msec : 0
118.1 msec : 0
118.2 msec : 0
118.3 msec : 0
118.4 msec : 0
118.5 msec : 0
118.6 msec : 0
118.7 msec : 0
118.8 msec : 0
118.9 msec : 0
119.0 msec : 0
119.1 msec : 0
119.2 msec : 0
119.3 msec : 0
119.4 msec : 0
119.5 msec : 0
119.6 msec : 0
119.7 msec : 0
119.8 msec : 0
119.9 msec : 0
120.0 msec : 0
120.1 msec : 0
120.2 msec : 0
120.3 msec : 0
120.4 msec : 0
120.5 msec : 0
120.6 msec : 0
120.7 msec : 0
120.8 msec : 0
120.9 msec : 0
121.0 msec : 0
121.1 msec : 0
121.2 msec : 0
121.3 msec : 0
121.4 msec : 0
121.5 msec : 0
121.6 msec : 0
121.7 msec : 0
121.8 msec : 0
121.9 msec : 0
122.0 msec : 0
122.1 msec : 0
122.2 msec : 1
122.3 msec : 0
122.4 msec : 0
122.5 msec : 1
122.6 msec : 1
122.7 msec : 0
122.8 msec : 1
122.9 msec : 0
123.0 msec : 1
123.1 msec : 0
123.2 msec : 0
123.3 msec : 0
123.4 msec : 1
123.5 msec : 0
123.6 msec : 1
123.7 msec : 0
123.8 msec : 0
123.9 msec : 1
124.0 msec : 0
124.1 msec : 1
124.2 msec : 1
124.3 msec : 0
124.4 msec : 0
124.5 msec : 0
124.6 msec : 0
124.7 msec : 0
124.8 msec : 0
124.9 msec : 0
125.0 msec : 0
125.1 msec : 0
125.2 msec : 0
125.3 msec : 0
125.4 msec : 0
125.5 msec : 0
125.6 msec : 0
125.7 msec : 0
125.8 msec : 0
125.9 msec : 0
126.0 msec : 0
126.1 msec : 0
126.2 msec : 0
126.3 msec : 0
126.4 msec : 0
126.5 msec : 0
126.6 msec : 0
126.7 msec : 0
126.8 msec : 0
126.9 msec : 0
127.0 msec : 0
127.1 msec : 0
127.2 msec : 1
127.3 msec : 1
127.4 msec : 0
127.5 msec : 0
127.6 msec : 0
127.7 msec : 1
127.8 msec : 1
127.9 msec : 0
128.0 msec : 0
128.1 msec : 0
128.2 msec : 0
128.3 msec : 0
128.4 msec : 0
128.5 msec : 0
128.6 msec : 0
128.7 msec : 1
128.8 msec : 0
128.9 msec : 1
129.0 msec : 0
129.1 msec : 0
129.2 msec : 0
129.3 msec : 0
129.4 msec : 0
129.5 msec : 0
129.6 msec : 0
129.7 msec : 0
129.8 msec : 0
129.9 msec : 0
130.0 msec : 0
130.1 msec : 0
130.2 msec : 0
130.3 msec : 0
130.4 msec : 0
130.5 msec : 0
130.6 msec : 0
130.7 msec : 0
130.8 msec : 0
130.9 msec : 0
131.0 msec : 0
131.1 msec : 0
131.2 msec : 0
131.3 msec : 0
131.4 msec : 0
131.5 msec : 0
131.6 msec : 0
131.7 msec : 1
131.8 msec : 0
131.9 msec : 0
132.0 msec : 0
132.1 msec : 0
132.2 msec : 0
132.3 msec : 0
132.4 msec : 0
132.5 msec : 0
132.6 msec : 0
132.7 msec : 0
132.8 msec : 0
132.9 msec : 0
133.0 msec : 0
133.1 msec : 0
133.2 msec : 0
133.3 msec : 0
133.4 msec : 0
133.5 msec : 0
133.6 msec : 0
133.7 msec : 0
133.8 msec : 0
133.9 msec : 0
134.0 msec : 0
134.1 msec : 0
134.2 msec : 1
134.3 msec : 0
134.4 msec : 0
134.5 msec : 1
134.6 msec : 0
134.7 msec : 1
134.8 msec : 1
134.9 msec : 1
135.0 msec : 0
135.1 msec : 1
135.2 msec : 0
135.3 msec : 1
135.4 msec : 0
135.5 msec : 2
135.6 msec : 1
135.7 msec : 0
135.8 msec : 0
135.9 msec : 1
136.0 msec : 0
136.1 msec : 0
136.2 msec : 0
136.3 msec : 0
136.4 msec : 1
136.5 msec : 0
136.6 msec : 0
136.7 msec : 0
136.8 msec : 0
136.9 msec : 0
137.0 msec : 0
137.1 msec : 0
137.2 msec : 0
137.3 msec : 0
137.4 msec : 1
137.5 msec : 0
137.6 msec : 0
137.7 msec : 1
137.8 msec : 0
137.9 msec : 0
138.0 msec : 1
138.1 msec : 0
138.2 msec : 0
138.3 msec : 0
138.4 msec : 0
138.5 msec : 0
138.6 msec : 0
138.7 msec : 0
138.8 msec : 0
138.9 msec : 0
139.0 msec : 0
139.1 msec : 0
139.2 msec : 0
139.3 msec : 0
139.4 msec : 0
139.5 msec : 0
139.6 msec : 0
139.7 msec : 0
139.8 msec : 0
139.9 msec : 0
140.0 msec : 0
140.1 msec : 0
140.2 msec : 1
140.3 msec : 0
140.4 msec : 1
140.5 msec : 0
140.6 msec : 3
140.7 msec : 1
140.8 msec : 0
140.9 msec : 0
141.0 msec : 0
141.1 msec : 1
141.2 msec : 1
141.3 msec : 0
141.4 msec : 1
141.5 msec : 0
141.6 msec : 1
141.7 msec : 1
141.8 msec : 1
141.9 msec : 0
142.0 msec : 0
142.1 msec : 0
142.2 msec : 0
142.3 msec : 2
142.4 msec : 2
142.5 msec : 1
142.6 msec : 1
142.7 msec : 2
142.8 msec : 2
142.9 msec : 1
143.0 msec : 0
143.1 msec : 0
143.2 msec : 0
143.3 msec : 0
143.4 msec : 0
143.5 msec : 0
143.6 msec : 0
143.7 msec : 0
143.8 msec : 0
143.9 msec : 0
144.0 msec : 0
144.1 msec : 0
144.2 msec : 0
144.3 msec : 1
144.4 msec : 0
144.5 msec : 0
144.6 msec : 0
144.7 msec : 0
144.8 msec : 0
144.9 msec : 0
145.0 msec : 0
145.1 msec : 0
145.2 msec : 1
145.3 msec : 0
145.4 msec : 0
145.5 msec : 0
145.6 msec : 0
145.7 msec : 0
145.8 msec : 0
145.9 msec : 0
146.0 msec : 0
146.1 msec : 1
146.2 msec : 0
146.3 msec : 0
146.4 msec : 0
146.5 msec : 0
146.6 msec : 0
146.7 msec : 0
146.8 msec : 0
146.9 msec : 0
147.0 msec : 0
147.1 msec : 0
147.2 msec : 1
147.3 msec : 1
147.4 msec : 0
147.5 msec : 0
147.6 msec : 0
147.7 msec : 0
147.8 msec : 0
147.9 msec : 0
148.0 msec : 0
148.1 msec : 0
148.2 msec : 0
148.3 msec : 0
148.4 msec : 0
148.5 msec : 0
148.6 msec : 0
148.7 msec : 0
148.8 msec : 0
148.9 msec : 0
149.0 msec : 0
149.1 msec : 0
149.2 msec : 0
149.3 msec : 0
149.4 msec : 0
149.5 msec : 0
149.6 msec : 0
149.7 msec : 0
149.8 msec : 0
149.9 msec : 0
150.0 msec : 0
150.1 msec : 0
150.2 msec : 0
150.3 msec : 0
150.4 msec : 0
150.5 msec : 0
150.6 msec : 0
150.7 msec : 0
150.8 msec : 0
150.9 msec : 0
151.0 msec : 0
151.1 msec : 0
151.2 msec : 0
151.3 msec : 0
151.4 msec : 0
151.5 msec : 1
151.6 msec : 2
151.7 msec : 0
151.8 msec : 0
151.9 msec : 0
152.0 msec : 0
152.1 msec : 0
152.2 msec : 0
152.3 msec : 0
152.4 msec : 0
152.5 msec : 0
152.6 msec : 1
152.7 msec : 0
152.8 msec : 1
152.9 msec : 0
153.0 msec : 0
153.1 msec : 0
153.2 msec : 1
153.3 msec : 0
153.4 msec : 0
153.5 msec : 0
153.6 msec : 2
153.7 msec : 0
153.8 msec : 0
153.9 msec : 0
154.0 msec : 1
154.1 msec : 0
154.2 msec : 1
154.3 msec : 0
154.4 msec : 0
154.5 msec : 2
154.6 msec : 0
154.7 msec : 1
154.8 msec : 0
154.9 msec : 0
155.0 msec : 0
155.1 msec : 0
155.2 msec : 0
155.3 msec : 0
155.4 msec : 0
155.5 msec : 0
155.6 msec : 0
155.7 msec : 0
155.8 msec : 0
155.9 msec : 1
156.0 msec : 0
156.1 msec : 1
156.2 msec : 0
156.3 msec : 0
156.4 msec : 0
156.5 msec : 0
156.6 msec : 1
156.7 msec : 3
156.8 msec : 0
156.9 msec : 0
157.0 msec : 0
157.1 msec : 0
157.2 msec : 1
157.3 msec : 0
157.4 msec : 0
157.5 msec : 0
157.6 msec : 0
157.7 msec : 0
157.8 msec : 0
157.9 msec : 0
158.0 msec : 0
158.1 msec : 0
158.2 msec : 0
158.3 msec : 0
158.4 msec : 0
158.5 msec : 0
158.6 msec : 0
158.7 msec : 0
158.8 msec : 0
158.9 msec : 0
159.0 msec : 0
159.1 msec : 0
159.2 msec : 0
159.3 msec : 0
159.4 msec : 0
159.5 msec : 0
159.6 msec : 0
159.7 msec : 0
159.8 msec : 0
159.9 msec : 0
160.0 msec : 0
160.1 msec : 0
160.2 msec : 0
160.3 msec : 0
160.4 msec : 0
160.5 msec : 0
160.6 msec : 2
160.7 msec : 0
160.8 msec : 0
160.9 msec : 0
161.0 msec : 0
161.1 msec : 0
161.2 msec : 2
161.3 msec : 0
161.4 msec : 0
161.5 msec : 1
161.6 msec : 1
161.7 msec : 2
161.8 msec : 2
161.9 msec : 2
162.0 msec : 1
162.1 msec : 1
162.2 msec : 1
162.3 msec : 0
162.4 msec : 1
162.5 msec : 1
162.6 msec : 0
162.7 msec : 0
162.8 msec : 1
162.9 msec : 0
163.0 msec : 1
163.1 msec : 0
163.2 msec : 0
163.3 msec : 0
163.4 msec : 0
163.5 msec : 0
163.6 msec : 0
163.7 msec : 0
163.8 msec : 0
163.9 msec : 1
164.0 msec : 1
164.1 msec : 0
164.2 msec : 0
164.3 msec : 0
164.4 msec : 1
164.5 msec : 2
164.6 msec : 0
164.7 msec : 0
164.8 msec : 0
164.9 msec : 3
165.0 msec : 1
165.1 msec : 1
165.2 msec : 0
165.3 msec : 0
165.4 msec : 1
165.5 msec : 1
165.6 msec : 0
165.7 msec : 0
165.8 msec : 1
165.9 msec : 0
166.0 msec : 1
166.1 msec : 1
166.2 msec : 0
166.3 msec : 0
166.4 msec : 0
166.5 msec : 1
166.6 msec : 1
166.7 msec : 0
166.8 msec : 0
166.9 msec : 0
167.0 msec : 0
167.1 msec : 0
167.2 msec : 0
167.3 msec : 1
167.4 msec : 0
167.5 msec : 0
167.6 msec : 0
167.7 msec : 0
167.8 msec : 0
167.9 msec : 0
168.0 msec : 0
168.1 msec : 0
168.2 msec : 0
168.3 msec : 0
168.4 msec : 0
168.5 msec : 0
168.6 msec : 0
168.7 msec : 0
168.8 msec : 0
168.9 msec : 0
169.0 msec : 0
169.1 msec : 0
169.2 msec : 0
169.3 msec : 0
169.4 msec : 0
169.5 msec : 0
169.6 msec : 0
169.7 msec : 0
169.8 msec : 0
169.9 msec : 0
170.0 msec : 0
170.1 msec : 0
170.2 msec : 0
170.3 msec : 0
170.4 msec : 0
170.5 msec : 0
170.6 msec : 0
170.7 msec : 0
170.8 msec : 0
170.9 msec : 0
171.0 msec : 3
171.1 msec : 3
171.2 msec : 0
171.3 msec : 0
171.4 msec : 1
171.5 msec : 1
171.6 msec : 1
171.7 msec : 0
171.8 msec : 1
171.9 msec : 0
172.0 msec : 0
172.1 msec : 1
172.2 msec : 4
172.3 msec : 1
172.4 msec : 0
172.5 msec : 3
172.6 msec : 2
172.7 msec : 2
172.8 msec : 1
172.9 msec : 1
173.0 msec : 0
173.1 msec : 0
173.2 msec : 0
173.3 msec : 0
173.4 msec : 0
173.5 msec : 0
173.6 msec : 0
173.7 msec : 1
173.8 msec : 1
173.9 msec : 1
174.0 msec : 0
174.1 msec : 0
174.2 msec : 0
174.3 msec : 1
174.4 msec : 0
174.5 msec : 1
174.6 msec : 1
174.7 msec : 0
174.8 msec : 0
174.9 msec : 0
175.0 msec : 0
175.1 msec : 0
175.2 msec : 0
175.3 msec : 0
175.4 msec : 1
175.5 msec : 0
175.6 msec : 0
175.7 msec : 0
175.8 msec : 0
175.9 msec : 0
176.0 msec : 0
176.1 msec : 0
176.2 msec : 0
176.3 msec : 0
176.4 msec : 0
176.5 msec : 0
176.6 msec : 0
176.7 msec : 0
176.8 msec : 0
176.9 msec : 0
177.0 msec : 0
177.1 msec : 0
177.2 msec : 0
177.3 msec : 0
177.4 msec : 0
177.5 msec : 0
177.6 msec : 0
177.7 msec : 0
177.8 msec : 0
177.9 msec : 0
178.0 msec : 0
178.1 msec : 0
178.2 msec : 0
178.3 msec : 0
178.4 msec : 0
178.5 msec : 0
178.6 msec : 0
178.7 msec : 0
178.8 msec : 0
178.9 msec : 0
179.0 msec : 0
179.1 msec : 0
179.2 msec : 0
179.3 msec : 0
179.4 msec : 0
179.5 msec : 0
179.6 msec : 0
179.7 msec : 0
179.8 msec : 0
179.9 msec : 0
180.0 msec : 0
180.1 msec : 0
180.2 msec : 0
180.3 msec : 0
180.4 msec : 0
180.5 msec : 0
180.6 msec : 0
180.7 msec : 0
180.8 msec : 0
180.9 msec : 0
181.0 msec : 0
181.1 msec : 2
181.2 msec : 0
181.3 msec : 0
181.4 msec : 0
181.5 msec : 0
181.6 msec : 0
181.7 msec : 0
181.8 msec : 0
181.9 msec : 0
182.0 msec : 0
182.1 msec : 0
182.2 msec : 0
182.3 msec : 1
182.4 msec : 0
182.5 msec : 0
182.6 msec : 0
182.7 msec : 0
182.8 msec : 0
182.9 msec : 0
183.0 msec : 0
183.1 msec : 0
183.2 msec : 0
183.3 msec : 0
183.4 msec : 0
183.5 msec : 0
183.6 msec : 0
183.7 msec : 0
183.8 msec : 0
183.9 msec : 1
184.0 msec : 0
184.1 msec : 0
184.2 msec : 0
184.3 msec : 1
184.4 msec : 2
184.5 msec : 0
184.6 msec : 1
184.7 msec : 0
184.8 msec : 0
184.9 msec : 0
185.0 msec : 0
185.1 msec : 0
185.2 msec : 0
185.3 msec : 1
185.4 msec : 0
185.5 msec : 0
185.6 msec : 0
185.7 msec : 0
185.8 msec : 0
185.9 msec : 0
186.0 msec : 0
186.1 msec : 0
186.2 msec : 0
186.3 msec : 0
186.4 msec : 0
186.5 msec : 0
186.6 msec : 0
186.7 msec : 0
186.8 msec : 0
186.9 msec : 0
187.0 msec : 0
187.1 msec : 0
187.2 msec : 0
187.3 msec : 0
187.4 msec : 0
187.5 msec : 0
187.6 msec : 0
187.7 msec : 0
187.8 msec : 0
187.9 msec : 0
188.0 msec : 0
188.1 msec : 0
188.2 msec : 0
188.3 msec : 0
188.4 msec : 0
188.5 msec : 0
188.6 msec : 0
188.7 msec : 0
188.8 msec : 0
188.9 msec : 0
189.0 msec : 0
189.1 msec : 0
189.2 msec : 0
189.3 msec : 0
189.4 msec : 0
189.5 msec : 0
189.6 msec : 0
189.7 msec : 0
189.8 msec : 0
189.9 msec : 0
190.0 msec : 0
190.1 msec : 0
190.2 msec : 0
190.3 msec : 0
190.4 msec : 0
190.5 msec : 0
190.6 msec : 0
190.7 msec : 0
190.8 msec : 0
190.9 msec : 0
191.0 msec : 0
191.1 msec : 0
191.2 msec : 0
191.3 msec : 0
191.4 msec : 0
191.5 msec : 0
191.6 msec : 1
191.7 msec : 0
191.8 msec : 0
191.9 msec : 1
192.0 msec : 1
192.1 msec : 1
192.2 msec : 2
192.3 msec : 0
192.4 msec : 0
192.5 msec : 0
192.6 msec : 0
192.7 msec : 0
192.8 msec : 0
192.9 msec : 0
193.0 msec : 0
193.1 msec : 0
193.2 msec : 0
193.3 msec : 0
193.4 msec : 0
193.5 msec : 0
193.6 msec : 0
193.7 msec : 0
193.8 msec : 0
193.9 msec : 0
194.0 msec : 0
194.1 msec : 0
194.2 msec : 0
194.3 msec : 0
194.4 msec : 0
194.5 msec : 0
194.6 msec : 0
194.7 msec : 0
194.8 msec : 1
194.9 msec : 0
195.0 msec : 1
195.1 msec : 0
195.2 msec : 0
195.3 msec : 0
195.4 msec : 0
195.5 msec : 0
195.6 msec : 0
195.7 msec : 1
195.8 msec : 0
195.9 msec : 0
196.0 msec : 0
196.1 msec : 0
196.2 msec : 0
196.3 msec : 0
196.4 msec : 0
196.5 msec : 0
196.6 msec : 0
196.7 msec : 0
196.8 msec : 0
196.9 msec : 0
197.0 msec : 0
197.1 msec : 0
197.2 msec : 0
197.3 msec : 0
197.4 msec : 0
197.5 msec : 0
197.6 msec : 0
197.7 msec : 0
197.8 msec : 0
197.9 msec : 0
198.0 msec : 0
198.1 msec : 0
198.2 msec : 0
198.3 msec : 0
198.4 msec : 0
198.5 msec : 0
198.6 msec : 0
198.7 msec : 0
198.8 msec : 0
198.9 msec : 0
199.0 msec : 0
199.1 msec : 0
199.2 msec : 0
199.3 msec : 0
199.4 msec : 0
199.5 msec : 0
199.6 msec : 0
199.7 msec : 0
199.8 msec : 0
199.9 msec : 0
200.0 msec : 0
200.1 msec : 0
200.2 msec : 0
200.3 msec : 0
200.4 msec : 0
200.5 msec : 0
200.6 msec : 0
200.7 msec : 0
200.8 msec : 0
200.9 msec : 0
201.0 msec : 0
201.1 msec : 1
201.2 msec : 0
201.3 msec : 0
201.4 msec : 0
201.5 msec : 0
201.6 msec : 0
201.7 msec : 0
201.8 msec : 0
201.9 msec : 0
202.0 msec : 0
202.1 msec : 0
202.2 msec : 0
202.3 msec : 0
202.4 msec : 0
202.5 msec : 0
202.6 msec : 0
202.7 msec : 0
202.8 msec : 0
202.9 msec : 1
203.0 msec : 0
203.1 msec : 0
