Middleware started...
Middleware shuts down...
Smaller resolution statistics are in a log file...
Final aggregates per worker:


Worker 7
Average throughput (ops/sec) = 370
Average response time (msec) = 30.982054403225806
Average queue length = 81
Average wait time in queue (msec) = 28.2548885
Average service time (msec) = 2.6408566774193547
Number of SET = 184
Number of GET = 185
Number of MULTI GET = 0


Worker 6
Average throughput (ops/sec) = 370
Average response time (msec) = 30.964368258064518
Average queue length = 82
Average wait time in queue (msec) = 28.22231248387097
Average service time (msec) = 2.662045064516129
Number of SET = 184
Number of GET = 186
Number of MULTI GET = 0


Worker 8
Average throughput (ops/sec) = 368
Average response time (msec) = 30.952323322580646
Average queue length = 82
Average wait time in queue (msec) = 28.21309187096774
Average service time (msec) = 2.644811580645161
Number of SET = 184
Number of GET = 184
Number of MULTI GET = 0


Worker 3
Average throughput (ops/sec) = 370
Average response time (msec) = 31.002715822580647
Average queue length = 82
Average wait time in queue (msec) = 28.231419419354836
Average service time (msec) = 2.6683852258064515
Number of SET = 184
Number of GET = 185
Number of MULTI GET = 0


Worker 2
Average throughput (ops/sec) = 371
Average response time (msec) = 30.981319322580646
Average queue length = 82
Average wait time in queue (msec) = 28.247656967741936
Average service time (msec) = 2.6378814032258067
Number of SET = 184
Number of GET = 186
Number of MULTI GET = 0


Worker 5
Average throughput (ops/sec) = 370
Average response time (msec) = 30.930088338709677
Average queue length = 81
Average wait time in queue (msec) = 28.194370064516132
Average service time (msec) = 2.6487584677419354
Number of SET = 185
Number of GET = 184
Number of MULTI GET = 0


Worker 4
Average throughput (ops/sec) = 370
Average response time (msec) = 30.919304661290322
Average queue length = 82
Average wait time in queue (msec) = 28.17567385483871
Average service time (msec) = 2.6561660322580645
Number of SET = 186
Number of GET = 183
Number of MULTI GET = 0


Worker 1
Average throughput (ops/sec) = 370
Average response time (msec) = 30.935705
Average queue length = 82
Average wait time in queue (msec) = 28.200668032258065
Average service time (msec) = 2.653876306451613
Number of SET = 186
Number of GET = 184
Number of MULTI GET = 0


FINAL STATS
Average throughput (ops/sec) = 2959
Average response time (msec) = 30.436007661261772
Average queue length = 81
Average wait time in queue (msec) = 28.217510149193547
Average service time (msec) = 2.6515975947580643
Number of SET = 184
Number of GET = 184
Number of MULTI GET = 0
Number of Cache misses = 576


Histogram response times (0.1 msec step)
0.0 msec : 16
0.1 msec : 91
0.2 msec : 203
0.3 msec : 275
0.4 msec : 330
0.5 msec : 215
0.6 msec : 217
0.7 msec : 129
0.8 msec : 100
0.9 msec : 79
1.0 msec : 72
1.1 msec : 41
1.2 msec : 41
1.3 msec : 36
1.4 msec : 32
1.5 msec : 29
1.6 msec : 24
1.7 msec : 13
1.8 msec : 10
1.9 msec : 6
2.0 msec : 7
2.1 msec : 4
2.2 msec : 8
2.3 msec : 6
2.4 msec : 5
2.5 msec : 4
2.6 msec : 3
2.7 msec : 4
2.8 msec : 1
2.9 msec : 0
3.0 msec : 0
3.1 msec : 1
3.2 msec : 1
3.3 msec : 2
3.4 msec : 0
3.5 msec : 0
3.6 msec : 1
3.7 msec : 0
3.8 msec : 1
3.9 msec : 0
4.0 msec : 1
4.1 msec : 0
4.2 msec : 1
4.3 msec : 0
4.4 msec : 0
4.5 msec : 0
4.6 msec : 0
4.7 msec : 0
4.8 msec : 0
4.9 msec : 0
5.0 msec : 0
5.1 msec : 1
5.2 msec : 0
5.3 msec : 4
5.4 msec : 1
5.5 msec : 9
5.6 msec : 6
5.7 msec : 5
5.8 msec : 9
5.9 msec : 15
6.0 msec : 9
6.1 msec : 5
6.2 msec : 6
6.3 msec : 10
6.4 msec : 6
6.5 msec : 11
6.6 msec : 16
6.7 msec : 7
6.8 msec : 9
6.9 msec : 8
7.0 msec : 2
7.1 msec : 5
7.2 msec : 3
7.3 msec : 6
7.4 msec : 7
7.5 msec : 4
7.6 msec : 10
7.7 msec : 11
7.8 msec : 10
7.9 msec : 7
8.0 msec : 7
8.1 msec : 5
8.2 msec : 2
8.3 msec : 2
8.4 msec : 0
8.5 msec : 0
8.6 msec : 1
8.7 msec : 1
8.8 msec : 0
8.9 msec : 0
9.0 msec : 0
9.1 msec : 0
9.2 msec : 1
9.3 msec : 0
9.4 msec : 0
9.5 msec : 0
9.6 msec : 0
9.7 msec : 0
9.8 msec : 0
9.9 msec : 1
10.0 msec : 3
10.1 msec : 1
10.2 msec : 0
10.3 msec : 0
10.4 msec : 0
10.5 msec : 0
10.6 msec : 2
10.7 msec : 1
10.8 msec : 0
10.9 msec : 0
11.0 msec : 1
11.1 msec : 0
11.2 msec : 0
11.3 msec : 1
11.4 msec : 0
11.5 msec : 1
11.6 msec : 1
11.7 msec : 0
11.8 msec : 0
11.9 msec : 0
12.0 msec : 0
12.1 msec : 0
12.2 msec : 3
12.3 msec : 0
12.4 msec : 0
12.5 msec : 0
12.6 msec : 0
12.7 msec : 0
12.8 msec : 0
12.9 msec : 0
13.0 msec : 0
13.1 msec : 1
13.2 msec : 0
13.3 msec : 0
13.4 msec : 3
13.5 msec : 0
13.6 msec : 1
13.7 msec : 0
13.8 msec : 0
13.9 msec : 0
14.0 msec : 2
14.1 msec : 0
14.2 msec : 0
14.3 msec : 3
14.4 msec : 1
14.5 msec : 2
14.6 msec : 1
14.7 msec : 0
14.8 msec : 0
14.9 msec : 0
15.0 msec : 0
15.1 msec : 0
15.2 msec : 2
15.3 msec : 1
15.4 msec : 0
15.5 msec : 0
15.6 msec : 0
15.7 msec : 0
15.8 msec : 4
15.9 msec : 3
16.0 msec : 3
16.1 msec : 2
16.2 msec : 2
16.3 msec : 2
16.4 msec : 0
16.5 msec : 1
16.6 msec : 1
16.7 msec : 1
16.8 msec : 0
16.9 msec : 0
17.0 msec : 1
17.1 msec : 0
17.2 msec : 2
17.3 msec : 1
17.4 msec : 2
17.5 msec : 1
17.6 msec : 0
17.7 msec : 0
17.8 msec : 3
17.9 msec : 5
18.0 msec : 7
18.1 msec : 9
18.2 msec : 7
18.3 msec : 6
18.4 msec : 8
18.5 msec : 4
18.6 msec : 2
18.7 msec : 8
18.8 msec : 7
18.9 msec : 5
19.0 msec : 11
19.1 msec : 11
19.2 msec : 20
19.3 msec : 17
19.4 msec : 16
19.5 msec : 17
19.6 msec : 19
19.7 msec : 43
19.8 msec : 32
19.9 msec : 52
20.0 msec : 74
20.1 msec : 71
20.2 msec : 96
20.3 msec : 102
20.4 msec : 124
20.5 msec : 166
20.6 msec : 219
20.7 msec : 328
20.8 msec : 365
20.9 msec : 458
21.0 msec : 583
21.1 msec : 730
21.2 msec : 892
21.3 msec : 998
21.4 msec : 1220
21.5 msec : 1430
21.6 msec : 1665
21.7 msec : 2015
21.8 msec : 2326
21.9 msec : 2597
22.0 msec : 2710
22.1 msec : 3039
22.2 msec : 3243
22.3 msec : 3596
22.4 msec : 3556
22.5 msec : 3709
22.6 msec : 3685
22.7 msec : 3593
22.8 msec : 3621
22.9 msec : 3393
23.0 msec : 3174
23.1 msec : 3006
23.2 msec : 2869
23.3 msec : 2685
23.4 msec : 2407
23.5 msec : 2224
23.6 msec : 2034
23.7 msec : 1828
23.8 msec : 1694
23.9 msec : 1563
24.0 msec : 1452
24.1 msec : 1173
24.2 msec : 1099
24.3 msec : 1051
24.4 msec : 948
24.5 msec : 911
24.6 msec : 856
24.7 msec : 778
24.8 msec : 657
24.9 msec : 619
25.0 msec : 596
25.1 msec : 570
25.2 msec : 533
25.3 msec : 519
25.4 msec : 508
25.5 msec : 471
25.6 msec : 461
25.7 msec : 450
25.8 msec : 415
25.9 msec : 419
26.0 msec : 413
26.1 msec : 349
26.2 msec : 396
26.3 msec : 365
26.4 msec : 447
26.5 msec : 407
26.6 msec : 427
26.7 msec : 429
26.8 msec : 488
26.9 msec : 542
27.0 msec : 581
27.1 msec : 598
27.2 msec : 694
27.3 msec : 756
27.4 msec : 849
27.5 msec : 839
27.6 msec : 911
27.7 msec : 984
27.8 msec : 1082
27.9 msec : 1192
28.0 msec : 1223
28.1 msec : 1387
28.2 msec : 1323
28.3 msec : 1394
28.4 msec : 1556
28.5 msec : 1528
28.6 msec : 1584
28.7 msec : 1630
28.8 msec : 1582
28.9 msec : 1560
29.0 msec : 1391
29.1 msec : 1446
29.2 msec : 1410
29.3 msec : 1300
29.4 msec : 1323
29.5 msec : 1207
29.6 msec : 1196
29.7 msec : 1145
29.8 msec : 1104
29.9 msec : 1034
30.0 msec : 932
30.1 msec : 879
30.2 msec : 803
30.3 msec : 743
30.4 msec : 718
30.5 msec : 675
30.6 msec : 589
30.7 msec : 521
30.8 msec : 523
30.9 msec : 460
31.0 msec : 454
31.1 msec : 449
31.2 msec : 453
31.3 msec : 355
31.4 msec : 331
31.5 msec : 333
31.6 msec : 257
31.7 msec : 294
31.8 msec : 237
31.9 msec : 259
32.0 msec : 241
32.1 msec : 255
32.2 msec : 210
32.3 msec : 220
32.4 msec : 207
32.5 msec : 205
32.6 msec : 220
32.7 msec : 200
32.8 msec : 246
32.9 msec : 230
33.0 msec : 259
33.1 msec : 304
33.2 msec : 319
33.3 msec : 379
33.4 msec : 387
33.5 msec : 399
33.6 msec : 357
33.7 msec : 430
33.8 msec : 498
33.9 msec : 500
34.0 msec : 513
34.1 msec : 565
34.2 msec : 589
34.3 msec : 594
34.4 msec : 584
34.5 msec : 648
34.6 msec : 527
34.7 msec : 641
34.8 msec : 682
34.9 msec : 723
35.0 msec : 790
35.1 msec : 659
35.2 msec : 699
35.3 msec : 673
35.4 msec : 704
35.5 msec : 655
35.6 msec : 744
35.7 msec : 639
35.8 msec : 638
35.9 msec : 572
36.0 msec : 571
36.1 msec : 533
36.2 msec : 502
36.3 msec : 467
36.4 msec : 378
36.5 msec : 357
36.6 msec : 361
36.7 msec : 338
36.8 msec : 317
36.9 msec : 315
37.0 msec : 269
37.1 msec : 259
37.2 msec : 236
37.3 msec : 218
37.4 msec : 203
37.5 msec : 180
37.6 msec : 177
37.7 msec : 135
37.8 msec : 141
37.9 msec : 123
38.0 msec : 120
38.1 msec : 105
38.2 msec : 103
38.3 msec : 136
38.4 msec : 111
38.5 msec : 120
38.6 msec : 130
38.7 msec : 143
38.8 msec : 96
38.9 msec : 96
39.0 msec : 94
39.1 msec : 96
39.2 msec : 100
39.3 msec : 100
39.4 msec : 111
39.5 msec : 124
39.6 msec : 122
39.7 msec : 154
39.8 msec : 155
39.9 msec : 140
40.0 msec : 172
40.1 msec : 186
40.2 msec : 174
40.3 msec : 213
40.4 msec : 235
40.5 msec : 240
40.6 msec : 257
40.7 msec : 255
40.8 msec : 289
40.9 msec : 258
41.0 msec : 302
41.1 msec : 305
41.2 msec : 308
41.3 msec : 310
41.4 msec : 307
41.5 msec : 343
41.6 msec : 316
41.7 msec : 327
41.8 msec : 332
41.9 msec : 320
42.0 msec : 323
42.1 msec : 321
42.2 msec : 300
42.3 msec : 302
42.4 msec : 254
42.5 msec : 265
42.6 msec : 236
42.7 msec : 238
42.8 msec : 196
42.9 msec : 212
43.0 msec : 187
43.1 msec : 193
43.2 msec : 191
43.3 msec : 149
43.4 msec : 149
43.5 msec : 132
43.6 msec : 117
43.7 msec : 140
43.8 msec : 117
43.9 msec : 116
44.0 msec : 114
44.1 msec : 112
44.2 msec : 109
44.3 msec : 70
44.4 msec : 73
44.5 msec : 80
44.6 msec : 66
44.7 msec : 49
44.8 msec : 41
44.9 msec : 43
45.0 msec : 56
45.1 msec : 52
45.2 msec : 42
45.3 msec : 45
45.4 msec : 40
45.5 msec : 36
45.6 msec : 27
45.7 msec : 27
45.8 msec : 31
45.9 msec : 36
46.0 msec : 30
46.1 msec : 32
46.2 msec : 38
46.3 msec : 41
46.4 msec : 35
46.5 msec : 44
46.6 msec : 31
46.7 msec : 34
46.8 msec : 26
46.9 msec : 26
47.0 msec : 34
47.1 msec : 24
47.2 msec : 29
47.3 msec : 24
47.4 msec : 40
47.5 msec : 28
47.6 msec : 36
47.7 msec : 20
47.8 msec : 19
47.9 msec : 28
48.0 msec : 32
48.1 msec : 31
48.2 msec : 34
48.3 msec : 33
48.4 msec : 36
48.5 msec : 31
48.6 msec : 29
48.7 msec : 38
48.8 msec : 40
48.9 msec : 45
49.0 msec : 43
49.1 msec : 57
49.2 msec : 46
49.3 msec : 53
49.4 msec : 46
49.5 msec : 44
49.6 msec : 45
49.7 msec : 48
49.8 msec : 35
49.9 msec : 40
50.0 msec : 50
50.1 msec : 31
50.2 msec : 42
50.3 msec : 32
50.4 msec : 29
50.5 msec : 35
50.6 msec : 37
50.7 msec : 29
50.8 msec : 32
50.9 msec : 26
51.0 msec : 27
51.1 msec : 29
51.2 msec : 22
51.3 msec : 17
51.4 msec : 31
51.5 msec : 27
51.6 msec : 24
51.7 msec : 14
51.8 msec : 19
51.9 msec : 15
52.0 msec : 17
52.1 msec : 12
52.2 msec : 13
52.3 msec : 17
52.4 msec : 10
52.5 msec : 12
52.6 msec : 11
52.7 msec : 17
52.8 msec : 19
52.9 msec : 19
53.0 msec : 19
53.1 msec : 18
53.2 msec : 7
53.3 msec : 5
53.4 msec : 7
53.5 msec : 9
53.6 msec : 7
53.7 msec : 5
53.8 msec : 12
53.9 msec : 3
54.0 msec : 3
54.1 msec : 4
54.2 msec : 3
54.3 msec : 4
54.4 msec : 3
54.5 msec : 2
54.6 msec : 1
54.7 msec : 9
54.8 msec : 1
54.9 msec : 4
55.0 msec : 3
55.1 msec : 3
55.2 msec : 3
55.3 msec : 4
55.4 msec : 2
55.5 msec : 7
55.6 msec : 3
55.7 msec : 5
55.8 msec : 6
55.9 msec : 6
56.0 msec : 2
56.1 msec : 4
56.2 msec : 1
56.3 msec : 3
56.4 msec : 4
56.5 msec : 1
56.6 msec : 1
56.7 msec : 1
56.8 msec : 8
56.9 msec : 9
57.0 msec : 4
57.1 msec : 4
57.2 msec : 1
57.3 msec : 4
57.4 msec : 4
57.5 msec : 5
57.6 msec : 3
57.7 msec : 4
57.8 msec : 5
57.9 msec : 8
58.0 msec : 6
58.1 msec : 5
58.2 msec : 2
58.3 msec : 1
58.4 msec : 1
58.5 msec : 5
58.6 msec : 3
58.7 msec : 9
58.8 msec : 2
58.9 msec : 2
59.0 msec : 3
59.1 msec : 2
59.2 msec : 2
59.3 msec : 0
59.4 msec : 2
59.5 msec : 2
59.6 msec : 4
59.7 msec : 9
59.8 msec : 11
59.9 msec : 8
60.0 msec : 2
60.1 msec : 4
60.2 msec : 8
60.3 msec : 10
60.4 msec : 10
60.5 msec : 9
60.6 msec : 16
60.7 msec : 11
60.8 msec : 4
60.9 msec : 2
61.0 msec : 4
61.1 msec : 3
61.2 msec : 3
61.3 msec : 1
61.4 msec : 1
61.5 msec : 2
61.6 msec : 2
61.7 msec : 3
61.8 msec : 1
61.9 msec : 1
62.0 msec : 0
62.1 msec : 0
62.2 msec : 1
62.3 msec : 0
62.4 msec : 1
62.5 msec : 1
62.6 msec : 0
62.7 msec : 3
62.8 msec : 0
62.9 msec : 7
63.0 msec : 5
63.1 msec : 4
63.2 msec : 4
63.3 msec : 3
63.4 msec : 2
63.5 msec : 2
63.6 msec : 2
63.7 msec : 6
63.8 msec : 6
63.9 msec : 1
64.0 msec : 3
64.1 msec : 3
64.2 msec : 6
64.3 msec : 6
64.4 msec : 1
64.5 msec : 3
64.6 msec : 2
64.7 msec : 2
64.8 msec : 4
64.9 msec : 5
65.0 msec : 8
65.1 msec : 3
65.2 msec : 3
65.3 msec : 3
65.4 msec : 5
65.5 msec : 1
65.6 msec : 3
65.7 msec : 0
65.8 msec : 3
65.9 msec : 5
66.0 msec : 3
66.1 msec : 3
66.2 msec : 3
66.3 msec : 0
66.4 msec : 0
66.5 msec : 2
66.6 msec : 5
66.7 msec : 1
66.8 msec : 5
66.9 msec : 3
67.0 msec : 13
67.1 msec : 6
67.2 msec : 9
67.3 msec : 7
67.4 msec : 2
67.5 msec : 2
67.6 msec : 0
67.7 msec : 0
67.8 msec : 0
67.9 msec : 1
68.0 msec : 0
68.1 msec : 1
68.2 msec : 1
68.3 msec : 1
68.4 msec : 2
68.5 msec : 1
68.6 msec : 3
68.7 msec : 1
68.8 msec : 2
68.9 msec : 1
69.0 msec : 1
69.1 msec : 3
69.2 msec : 0
69.3 msec : 2
69.4 msec : 1
69.5 msec : 0
69.6 msec : 3
69.7 msec : 2
69.8 msec : 0
69.9 msec : 0
70.0 msec : 3
70.1 msec : 4
70.2 msec : 4
70.3 msec : 9
70.4 msec : 1
70.5 msec : 6
70.6 msec : 3
70.7 msec : 3
70.8 msec : 0
70.9 msec : 0
71.0 msec : 0
71.1 msec : 0
71.2 msec : 0
71.3 msec : 1
71.4 msec : 1
71.5 msec : 0
71.6 msec : 0
71.7 msec : 2
71.8 msec : 0
71.9 msec : 0
72.0 msec : 1
72.1 msec : 0
72.2 msec : 0
72.3 msec : 0
72.4 msec : 0
72.5 msec : 0
72.6 msec : 0
72.7 msec : 1
72.8 msec : 3
72.9 msec : 0
73.0 msec : 0
73.1 msec : 3
73.2 msec : 2
73.3 msec : 5
73.4 msec : 2
73.5 msec : 2
73.6 msec : 5
73.7 msec : 2
73.8 msec : 3
73.9 msec : 2
74.0 msec : 6
74.1 msec : 7
74.2 msec : 3
74.3 msec : 2
74.4 msec : 1
74.5 msec : 0
74.6 msec : 1
74.7 msec : 0
74.8 msec : 2
74.9 msec : 1
75.0 msec : 1
75.1 msec : 0
75.2 msec : 2
75.3 msec : 1
75.4 msec : 1
75.5 msec : 1
75.6 msec : 0
75.7 msec : 3
75.8 msec : 1
75.9 msec : 1
76.0 msec : 2
76.1 msec : 4
76.2 msec : 1
76.3 msec : 1
76.4 msec : 2
76.5 msec : 4
76.6 msec : 7
76.7 msec : 2
76.8 msec : 3
76.9 msec : 4
77.0 msec : 1
77.1 msec : 1
77.2 msec : 2
77.3 msec : 2
77.4 msec : 2
77.5 msec : 4
77.6 msec : 2
77.7 msec : 4
77.8 msec : 0
77.9 msec : 1
78.0 msec : 3
78.1 msec : 3
78.2 msec : 6
78.3 msec : 2
78.4 msec : 2
78.5 msec : 1
78.6 msec : 1
78.7 msec : 0
78.8 msec : 1
78.9 msec : 0
79.0 msec : 0
79.1 msec : 0
79.2 msec : 0
79.3 msec : 0
79.4 msec : 1
79.5 msec : 0
79.6 msec : 0
79.7 msec : 0
79.8 msec : 0
79.9 msec : 0
80.0 msec : 0
80.1 msec : 1
80.2 msec : 0
80.3 msec : 0
80.4 msec : 0
80.5 msec : 0
80.6 msec : 0
80.7 msec : 0
80.8 msec : 0
80.9 msec : 1
81.0 msec : 0
81.1 msec : 0
81.2 msec : 0
81.3 msec : 0
81.4 msec : 0
81.5 msec : 0
81.6 msec : 0
81.7 msec : 0
81.8 msec : 0
81.9 msec : 0
82.0 msec : 0
82.1 msec : 0
82.2 msec : 0
82.3 msec : 0
82.4 msec : 0
82.5 msec : 0
82.6 msec : 0
82.7 msec : 0
82.8 msec : 0
82.9 msec : 0
83.0 msec : 0
83.1 msec : 0
83.2 msec : 0
83.3 msec : 0
83.4 msec : 0
83.5 msec : 0
83.6 msec : 1
83.7 msec : 0
83.8 msec : 0
83.9 msec : 0
84.0 msec : 1
84.1 msec : 0
84.2 msec : 1
84.3 msec : 4
84.4 msec : 2
84.5 msec : 1
84.6 msec : 1
84.7 msec : 1
84.8 msec : 0
84.9 msec : 1
85.0 msec : 4
85.1 msec : 2
85.2 msec : 2
85.3 msec : 2
85.4 msec : 1
85.5 msec : 2
85.6 msec : 2
85.7 msec : 4
85.8 msec : 4
85.9 msec : 0
86.0 msec : 5
86.1 msec : 3
86.2 msec : 1
86.3 msec : 2
86.4 msec : 0
86.5 msec : 1
86.6 msec : 0
86.7 msec : 0
86.8 msec : 0
86.9 msec : 0
87.0 msec : 1
87.1 msec : 0
87.2 msec : 0
87.3 msec : 0
87.4 msec : 0
87.5 msec : 0
87.6 msec : 0
87.7 msec : 0
87.8 msec : 0
87.9 msec : 0
88.0 msec : 0
88.1 msec : 0
88.2 msec : 0
88.3 msec : 0
88.4 msec : 0
88.5 msec : 0
88.6 msec : 0
88.7 msec : 0
88.8 msec : 0
88.9 msec : 0
89.0 msec : 0
89.1 msec : 0
89.2 msec : 1
89.3 msec : 1
89.4 msec : 0
89.5 msec : 1
89.6 msec : 1
89.7 msec : 2
89.8 msec : 1
89.9 msec : 2
90.0 msec : 4
90.1 msec : 2
90.2 msec : 3
90.3 msec : 2
90.4 msec : 1
90.5 msec : 2
90.6 msec : 5
90.7 msec : 2
90.8 msec : 5
90.9 msec : 7
91.0 msec : 10
91.1 msec : 3
91.2 msec : 2
91.3 msec : 7
91.4 msec : 6
91.5 msec : 10
91.6 msec : 10
91.7 msec : 6
91.8 msec : 1
91.9 msec : 8
92.0 msec : 5
92.1 msec : 4
92.2 msec : 5
92.3 msec : 2
92.4 msec : 2
92.5 msec : 0
92.6 msec : 2
92.7 msec : 0
92.8 msec : 0
92.9 msec : 3
93.0 msec : 4
93.1 msec : 0
93.2 msec : 0
93.3 msec : 0
93.4 msec : 0
93.5 msec : 3
93.6 msec : 0
93.7 msec : 1
93.8 msec : 1
93.9 msec : 1
94.0 msec : 0
94.1 msec : 1
94.2 msec : 1
94.3 msec : 0
94.4 msec : 0
94.5 msec : 0
94.6 msec : 0
94.7 msec : 0
94.8 msec : 0
94.9 msec : 0
95.0 msec : 0
95.1 msec : 0
95.2 msec : 1
95.3 msec : 1
95.4 msec : 1
95.5 msec : 1
95.6 msec : 0
95.7 msec : 2
95.8 msec : 0
95.9 msec : 0
96.0 msec : 0
96.1 msec : 0
96.2 msec : 0
96.3 msec : 0
96.4 msec : 0
96.5 msec : 0
96.6 msec : 0
96.7 msec : 0
96.8 msec : 0
96.9 msec : 0
97.0 msec : 0
97.1 msec : 0
97.2 msec : 0
97.3 msec : 0
97.4 msec : 0
97.5 msec : 0
97.6 msec : 0
97.7 msec : 0
97.8 msec : 0
97.9 msec : 0
98.0 msec : 0
98.1 msec : 0
98.2 msec : 0
98.3 msec : 0
98.4 msec : 0
98.5 msec : 0
98.6 msec : 0
98.7 msec : 0
98.8 msec : 0
98.9 msec : 0
99.0 msec : 3
99.1 msec : 1
99.2 msec : 1
99.3 msec : 1
99.4 msec : 1
99.5 msec : 0
99.6 msec : 0
99.7 msec : 0
99.8 msec : 0
99.9 msec : 1
100.0 msec : 1
100.1 msec : 0
100.2 msec : 0
100.3 msec : 0
100.4 msec : 0
100.5 msec : 0
100.6 msec : 0
100.7 msec : 0
100.8 msec : 0
100.9 msec : 0
101.0 msec : 0
101.1 msec : 0
101.2 msec : 0
101.3 msec : 0
101.4 msec : 0
101.5 msec : 0
101.6 msec : 0
101.7 msec : 0
101.8 msec : 0
101.9 msec : 0
102.0 msec : 0
102.1 msec : 0
102.2 msec : 0
102.3 msec : 0
102.4 msec : 0
102.5 msec : 0
102.6 msec : 0
102.7 msec : 0
102.8 msec : 1
102.9 msec : 0
103.0 msec : 0
103.1 msec : 0
103.2 msec : 1
103.3 msec : 1
103.4 msec : 0
103.5 msec : 0
103.6 msec : 0
103.7 msec : 0
103.8 msec : 0
103.9 msec : 0
104.0 msec : 1
104.1 msec : 0
104.2 msec : 1
104.3 msec : 2
104.4 msec : 1
104.5 msec : 0
104.6 msec : 2
104.7 msec : 0
104.8 msec : 3
104.9 msec : 6
105.0 msec : 0
105.1 msec : 0
105.2 msec : 0
105.3 msec : 0
105.4 msec : 0
105.5 msec : 0
105.6 msec : 0
105.7 msec : 0
105.8 msec : 0
105.9 msec : 0
106.0 msec : 0
106.1 msec : 2
106.2 msec : 0
106.3 msec : 0
106.4 msec : 0
106.5 msec : 0
106.6 msec : 0
106.7 msec : 0
106.8 msec : 0
106.9 msec : 0
107.0 msec : 0
107.1 msec : 0
107.2 msec : 0
107.3 msec : 0
107.4 msec : 0
107.5 msec : 0
107.6 msec : 0
107.7 msec : 0
107.8 msec : 0
107.9 msec : 0
108.0 msec : 0
108.1 msec : 0
108.2 msec : 0
108.3 msec : 0
108.4 msec : 0
108.5 msec : 0
108.6 msec : 0
108.7 msec : 0
108.8 msec : 0
108.9 msec : 0
109.0 msec : 0
109.1 msec : 0
109.2 msec : 1
109.3 msec : 0
109.4 msec : 1
109.5 msec : 0
109.6 msec : 0
109.7 msec : 1
109.8 msec : 0
109.9 msec : 0
110.0 msec : 0
110.1 msec : 0
110.2 msec : 0
110.3 msec : 0
110.4 msec : 0
110.5 msec : 0
110.6 msec : 0
110.7 msec : 0
110.8 msec : 0
110.9 msec : 0
111.0 msec : 0
111.1 msec : 0
111.2 msec : 0
111.3 msec : 0
111.4 msec : 0
111.5 msec : 0
111.6 msec : 1
111.7 msec : 0
111.8 msec : 0
111.9 msec : 0
112.0 msec : 0
112.1 msec : 0
112.2 msec : 0
112.3 msec : 0
112.4 msec : 0
112.5 msec : 0
112.6 msec : 0
112.7 msec : 0
112.8 msec : 0
112.9 msec : 0
113.0 msec : 0
113.1 msec : 0
113.2 msec : 0
113.3 msec : 0
113.4 msec : 0
113.5 msec : 1
113.6 msec : 0
113.7 msec : 0
113.8 msec : 0
113.9 msec : 0
114.0 msec : 0
114.1 msec : 0
114.2 msec : 2
114.3 msec : 1
114.4 msec : 3
114.5 msec : 2
114.6 msec : 2
114.7 msec : 0
114.8 msec : 0
114.9 msec : 0
115.0 msec : 0
115.1 msec : 0
115.2 msec : 0
115.3 msec : 0
115.4 msec : 0
115.5 msec : 0
115.6 msec : 0
115.7 msec : 1
115.8 msec : 1
115.9 msec : 1
116.0 msec : 1
116.1 msec : 0
116.2 msec : 0
116.3 msec : 1
116.4 msec : 0
116.5 msec : 0
116.6 msec : 1
116.7 msec : 1
116.8 msec : 2
116.9 msec : 0
117.0 msec : 2
117.1 msec : 1
117.2 msec : 0
117.3 msec : 0
117.4 msec : 0
117.5 msec : 0
117.6 msec : 0
117.7 msec : 0
117.8 msec : 0
117.9 msec : 0
118.0 msec : 0
118.1 msec : 0
118.2 msec : 0
118.3 msec : 0
118.4 msec : 0
118.5 msec : 0
118.6 msec : 0
118.7 msec : 0
118.8 msec : 0
118.9 msec : 0
119.0 msec : 0
119.1 msec : 1
119.2 msec : 1
119.3 msec : 0
119.4 msec : 0
119.5 msec : 0
119.6 msec : 0
119.7 msec : 0
119.8 msec : 0
119.9 msec : 0
120.0 msec : 0
120.1 msec : 0
120.2 msec : 0
120.3 msec : 0
120.4 msec : 0
120.5 msec : 0
120.6 msec : 1
120.7 msec : 0
120.8 msec : 1
120.9 msec : 0
121.0 msec : 0
121.1 msec : 0
121.2 msec : 1
121.3 msec : 2
121.4 msec : 1
121.5 msec : 1
121.6 msec : 0
121.7 msec : 1
121.8 msec : 0
121.9 msec : 0
122.0 msec : 0
122.1 msec : 0
122.2 msec : 0
122.3 msec : 5
122.4 msec : 2
122.5 msec : 2
122.6 msec : 1
122.7 msec : 1
122.8 msec : 0
122.9 msec : 2
123.0 msec : 1
123.1 msec : 0
123.2 msec : 0
123.3 msec : 0
123.4 msec : 1
123.5 msec : 2
123.6 msec : 1
123.7 msec : 2
123.8 msec : 2
123.9 msec : 3
124.0 msec : 0
124.1 msec : 0
124.2 msec : 0
124.3 msec : 0
124.4 msec : 2
124.5 msec : 1
124.6 msec : 0
124.7 msec : 3
124.8 msec : 1
124.9 msec : 1
125.0 msec : 5
125.1 msec : 1
125.2 msec : 4
125.3 msec : 0
125.4 msec : 0
125.5 msec : 0
125.6 msec : 0
125.7 msec : 0
125.8 msec : 0
125.9 msec : 0
126.0 msec : 0
126.1 msec : 0
126.2 msec : 0
126.3 msec : 0
126.4 msec : 0
126.5 msec : 0
126.6 msec : 1
126.7 msec : 2
126.8 msec : 1
126.9 msec : 1
127.0 msec : 0
127.1 msec : 0
127.2 msec : 0
127.3 msec : 0
127.4 msec : 0
127.5 msec : 0
127.6 msec : 1
127.7 msec : 2
127.8 msec : 0
127.9 msec : 0
128.0 msec : 1
128.1 msec : 1
128.2 msec : 2
128.3 msec : 0
128.4 msec : 2
128.5 msec : 1
128.6 msec : 1
128.7 msec : 4
128.8 msec : 0
128.9 msec : 2
129.0 msec : 5
129.1 msec : 1
129.2 msec : 0
129.3 msec : 1
129.4 msec : 2
129.5 msec : 3
129.6 msec : 3
129.7 msec : 1
129.8 msec : 3
129.9 msec : 7
130.0 msec : 3
130.1 msec : 2
130.2 msec : 3
130.3 msec : 2
130.4 msec : 0
130.5 msec : 0
130.6 msec : 0
130.7 msec : 0
130.8 msec : 0
130.9 msec : 0
131.0 msec : 0
131.1 msec : 0
131.2 msec : 0
131.3 msec : 0
131.4 msec : 0
131.5 msec : 0
131.6 msec : 0
131.7 msec : 0
131.8 msec : 0
131.9 msec : 0
132.0 msec : 0
132.1 msec : 0
132.2 msec : 0
132.3 msec : 0
132.4 msec : 0
132.5 msec : 0
132.6 msec : 0
132.7 msec : 0
132.8 msec : 0
132.9 msec : 0
133.0 msec : 0
133.1 msec : 0
133.2 msec : 0
133.3 msec : 1
133.4 msec : 0
133.5 msec : 0
133.6 msec : 0
133.7 msec : 0
133.8 msec : 0
133.9 msec : 0
134.0 msec : 0
134.1 msec : 0
134.2 msec : 0
134.3 msec : 0
134.4 msec : 1
134.5 msec : 4
134.6 msec : 6
134.7 msec : 0
134.8 msec : 1
134.9 msec : 0
135.0 msec : 0
135.1 msec : 0
135.2 msec : 0
135.3 msec : 1
135.4 msec : 1
135.5 msec : 0
135.6 msec : 0
135.7 msec : 0
135.8 msec : 0
135.9 msec : 0
136.0 msec : 1
136.1 msec : 1
136.2 msec : 2
136.3 msec : 0
136.4 msec : 0
136.5 msec : 0
136.6 msec : 0
136.7 msec : 1
136.8 msec : 2
136.9 msec : 1
137.0 msec : 1
137.1 msec : 0
137.2 msec : 1
137.3 msec : 0
137.4 msec : 0
137.5 msec : 1
137.6 msec : 2
137.7 msec : 3
137.8 msec : 2
137.9 msec : 2
138.0 msec : 2
138.1 msec : 0
138.2 msec : 0
138.3 msec : 1
138.4 msec : 1
138.5 msec : 2
138.6 msec : 0
138.7 msec : 0
138.8 msec : 0
138.9 msec : 0
139.0 msec : 0
139.1 msec : 2
139.2 msec : 4
139.3 msec : 4
139.4 msec : 3
139.5 msec : 8
139.6 msec : 5
139.7 msec : 5
139.8 msec : 1
139.9 msec : 0
140.0 msec : 0
140.1 msec : 0
140.2 msec : 0
140.3 msec : 1
140.4 msec : 0
140.5 msec : 0
140.6 msec : 0
140.7 msec : 0
140.8 msec : 0
140.9 msec : 0
141.0 msec : 2
141.1 msec : 0
141.2 msec : 0
141.3 msec : 1
141.4 msec : 0
141.5 msec : 0
141.6 msec : 0
141.7 msec : 0
141.8 msec : 0
141.9 msec : 0
142.0 msec : 0
142.1 msec : 0
142.2 msec : 0
142.3 msec : 0
142.4 msec : 0
142.5 msec : 0
142.6 msec : 0
142.7 msec : 0
142.8 msec : 0
142.9 msec : 0
143.0 msec : 0
143.1 msec : 0
143.2 msec : 0
143.3 msec : 0
143.4 msec : 0
143.5 msec : 0
143.6 msec : 0
143.7 msec : 0
143.8 msec : 0
143.9 msec : 0
144.0 msec : 0
144.1 msec : 1
144.2 msec : 0
144.3 msec : 1
144.4 msec : 2
144.5 msec : 2
144.6 msec : 5
144.7 msec : 1
144.8 msec : 2
144.9 msec : 2
145.0 msec : 0
145.1 msec : 0
145.2 msec : 0
145.3 msec : 0
145.4 msec : 0
145.5 msec : 0
145.6 msec : 0
145.7 msec : 0
145.8 msec : 0
145.9 msec : 2
146.0 msec : 5
146.1 msec : 1
146.2 msec : 4
146.3 msec : 4
146.4 msec : 4
146.5 msec : 1
146.6 msec : 0
146.7 msec : 1
146.8 msec : 0
146.9 msec : 1
147.0 msec : 0
147.1 msec : 0
147.2 msec : 0
147.3 msec : 0
147.4 msec : 0
147.5 msec : 0
147.6 msec : 0
147.7 msec : 0
147.8 msec : 0
147.9 msec : 0
148.0 msec : 0
148.1 msec : 0
148.2 msec : 0
148.3 msec : 0
148.4 msec : 0
148.5 msec : 0
148.6 msec : 0
148.7 msec : 0
148.8 msec : 0
148.9 msec : 0
149.0 msec : 0
149.1 msec : 0
149.2 msec : 0
149.3 msec : 0
149.4 msec : 0
149.5 msec : 0
149.6 msec : 0
149.7 msec : 0
149.8 msec : 0
149.9 msec : 0
150.0 msec : 0
150.1 msec : 2
150.2 msec : 3
150.3 msec : 0
150.4 msec : 0
150.5 msec : 0
150.6 msec : 0
150.7 msec : 0
150.8 msec : 0
150.9 msec : 0
151.0 msec : 0
151.1 msec : 0
151.2 msec : 0
151.3 msec : 0
151.4 msec : 0
151.5 msec : 4
151.6 msec : 3
151.7 msec : 3
151.8 msec : 6
151.9 msec : 4
152.0 msec : 3
152.1 msec : 1
152.2 msec : 1
152.3 msec : 0
152.4 msec : 0
152.5 msec : 0
152.6 msec : 1
152.7 msec : 0
152.8 msec : 1
152.9 msec : 0
153.0 msec : 0
153.1 msec : 0
153.2 msec : 0
153.3 msec : 0
153.4 msec : 0
153.5 msec : 0
153.6 msec : 0
153.7 msec : 0
153.8 msec : 0
153.9 msec : 0
154.0 msec : 0
154.1 msec : 0
154.2 msec : 0
154.3 msec : 0
154.4 msec : 0
154.5 msec : 0
154.6 msec : 0
154.7 msec : 0
154.8 msec : 0
154.9 msec : 0
155.0 msec : 0
155.1 msec : 0
155.2 msec : 0
155.3 msec : 0
155.4 msec : 0
155.5 msec : 0
155.6 msec : 0
155.7 msec : 1
155.8 msec : 1
155.9 msec : 2
156.0 msec : 0
156.1 msec : 0
156.2 msec : 0
156.3 msec : 2
156.4 msec : 1
156.5 msec : 0
156.6 msec : 0
156.7 msec : 1
156.8 msec : 0
156.9 msec : 0
157.0 msec : 0
157.1 msec : 3
157.2 msec : 3
157.3 msec : 0
157.4 msec : 2
157.5 msec : 1
157.6 msec : 0
157.7 msec : 1
157.8 msec : 1
157.9 msec : 0
158.0 msec : 2
158.1 msec : 1
158.2 msec : 1
158.3 msec : 0
158.4 msec : 0
158.5 msec : 0
158.6 msec : 1
158.7 msec : 0
158.8 msec : 0
158.9 msec : 0
159.0 msec : 0
159.1 msec : 0
159.2 msec : 0
159.3 msec : 0
159.4 msec : 0
159.5 msec : 0
159.6 msec : 0
159.7 msec : 0
159.8 msec : 0
159.9 msec : 0
160.0 msec : 0
160.1 msec : 0
160.2 msec : 0
160.3 msec : 0
160.4 msec : 0
160.5 msec : 0
160.6 msec : 0
160.7 msec : 0
160.8 msec : 0
160.9 msec : 0
161.0 msec : 0
161.1 msec : 0
161.2 msec : 0
161.3 msec : 0
161.4 msec : 0
161.5 msec : 0
161.6 msec : 0
161.7 msec : 0
161.8 msec : 0
161.9 msec : 0
162.0 msec : 0
162.1 msec : 0
162.2 msec : 0
162.3 msec : 0
162.4 msec : 0
162.5 msec : 0
162.6 msec : 0
162.7 msec : 0
162.8 msec : 0
162.9 msec : 0
163.0 msec : 0
163.1 msec : 0
163.2 msec : 0
163.3 msec : 0
163.4 msec : 0
163.5 msec : 0
163.6 msec : 0
163.7 msec : 0
163.8 msec : 0
163.9 msec : 0
164.0 msec : 0
164.1 msec : 0
164.2 msec : 0
164.3 msec : 0
164.4 msec : 0
164.5 msec : 1
164.6 msec : 0
164.7 msec : 0
164.8 msec : 0
164.9 msec : 0
165.0 msec : 0
165.1 msec : 0
165.2 msec : 0
165.3 msec : 0
165.4 msec : 0
165.5 msec : 0
165.6 msec : 0
165.7 msec : 0
165.8 msec : 0
165.9 msec : 0
166.0 msec : 0
166.1 msec : 0
166.2 msec : 0
166.3 msec : 0
166.4 msec : 0
166.5 msec : 0
166.6 msec : 0
166.7 msec : 0
166.8 msec : 0
166.9 msec : 0
167.0 msec : 0
167.1 msec : 0
167.2 msec : 0
167.3 msec : 0
167.4 msec : 0
167.5 msec : 0
167.6 msec : 0
167.7 msec : 0
167.8 msec : 0
167.9 msec : 0
168.0 msec : 0
168.1 msec : 0
168.2 msec : 0
168.3 msec : 0
168.4 msec : 0
168.5 msec : 0
168.6 msec : 0
168.7 msec : 0
168.8 msec : 0
168.9 msec : 0
169.0 msec : 1
169.1 msec : 0
169.2 msec : 0
169.3 msec : 1
169.4 msec : 1
169.5 msec : 1
169.6 msec : 0
169.7 msec : 1
169.8 msec : 1
169.9 msec : 0
170.0 msec : 0
170.1 msec : 0
170.2 msec : 0
170.3 msec : 0
170.4 msec : 2
170.5 msec : 1
170.6 msec : 0
170.7 msec : 0
170.8 msec : 0
170.9 msec : 0
171.0 msec : 0
171.1 msec : 0
171.2 msec : 0
171.3 msec : 0
171.4 msec : 0
171.5 msec : 0
171.6 msec : 2
171.7 msec : 0
171.8 msec : 0
171.9 msec : 0
172.0 msec : 0
172.1 msec : 0
172.2 msec : 0
172.3 msec : 0
172.4 msec : 0
172.5 msec : 0
172.6 msec : 0
172.7 msec : 0
172.8 msec : 0
172.9 msec : 0
173.0 msec : 0
173.1 msec : 0
173.2 msec : 0
173.3 msec : 0
173.4 msec : 0
173.5 msec : 0
173.6 msec : 0
173.7 msec : 0
173.8 msec : 0
173.9 msec : 0
174.0 msec : 0
174.1 msec : 0
174.2 msec : 0
174.3 msec : 0
174.4 msec : 0
174.5 msec : 0
174.6 msec : 0
174.7 msec : 0
174.8 msec : 0
174.9 msec : 0
175.0 msec : 0
175.1 msec : 0
175.2 msec : 0
175.3 msec : 0
175.4 msec : 0
175.5 msec : 0
175.6 msec : 0
175.7 msec : 0
175.8 msec : 0
175.9 msec : 0
176.0 msec : 0
176.1 msec : 0
176.2 msec : 0
176.3 msec : 0
176.4 msec : 0
176.5 msec : 0
176.6 msec : 0
176.7 msec : 0
176.8 msec : 1
176.9 msec : 0
177.0 msec : 0
177.1 msec : 0
177.2 msec : 0
177.3 msec : 0
177.4 msec : 0
177.5 msec : 0
177.6 msec : 0
177.7 msec : 0
177.8 msec : 0
177.9 msec : 0
178.0 msec : 0
178.1 msec : 0
178.2 msec : 0
178.3 msec : 0
178.4 msec : 0
178.5 msec : 0
178.6 msec : 0
178.7 msec : 0
178.8 msec : 0
178.9 msec : 0
179.0 msec : 0
179.1 msec : 0
179.2 msec : 0
179.3 msec : 0
179.4 msec : 2
179.5 msec : 1
179.6 msec : 0
179.7 msec : 1
179.8 msec : 0
179.9 msec : 0
180.0 msec : 0
180.1 msec : 0
180.2 msec : 0
180.3 msec : 0
180.4 msec : 0
180.5 msec : 0
180.6 msec : 0
180.7 msec : 0
180.8 msec : 0
180.9 msec : 0
181.0 msec : 0
181.1 msec : 0
181.2 msec : 0
181.3 msec : 0
181.4 msec : 0
181.5 msec : 0
181.6 msec : 0
181.7 msec : 0
181.8 msec : 0
181.9 msec : 0
182.0 msec : 0
182.1 msec : 0
182.2 msec : 0
182.3 msec : 0
182.4 msec : 0
182.5 msec : 0
182.6 msec : 0
182.7 msec : 1
182.8 msec : 0
182.9 msec : 2
183.0 msec : 0
183.1 msec : 2
183.2 msec : 1
183.3 msec : 0
183.4 msec : 0
183.5 msec : 0
183.6 msec : 0
183.7 msec : 0
183.8 msec : 0
183.9 msec : 0
184.0 msec : 2
184.1 msec : 1
184.2 msec : 0
184.3 msec : 1
184.4 msec : 1
184.5 msec : 0
184.6 msec : 0
184.7 msec : 0
184.8 msec : 0
184.9 msec : 0
185.0 msec : 0
185.1 msec : 0
185.2 msec : 0
185.3 msec : 0
185.4 msec : 1
185.5 msec : 0
185.6 msec : 1
185.7 msec : 2
185.8 msec : 0
185.9 msec : 0
186.0 msec : 0
186.1 msec : 0
186.2 msec : 0
186.3 msec : 0
186.4 msec : 0
186.5 msec : 0
186.6 msec : 0
186.7 msec : 0
186.8 msec : 0
186.9 msec : 0
187.0 msec : 0
187.1 msec : 0
187.2 msec : 0
187.3 msec : 0
187.4 msec : 0
187.5 msec : 0
187.6 msec : 0
187.7 msec : 0
187.8 msec : 0
187.9 msec : 0
188.0 msec : 0
188.1 msec : 0
188.2 msec : 0
188.3 msec : 0
188.4 msec : 0
188.5 msec : 0
188.6 msec : 1
188.7 msec : 1
188.8 msec : 0
188.9 msec : 3
189.0 msec : 1
189.1 msec : 0
189.2 msec : 3
189.3 msec : 3
189.4 msec : 1
189.5 msec : 0
189.6 msec : 0
189.7 msec : 0
189.8 msec : 2
189.9 msec : 0
190.0 msec : 1
190.1 msec : 0
190.2 msec : 1
190.3 msec : 4
190.4 msec : 2
190.5 msec : 3
190.6 msec : 1
190.7 msec : 1
190.8 msec : 4
190.9 msec : 2
191.0 msec : 1
191.1 msec : 7
191.2 msec : 2
191.3 msec : 1
191.4 msec : 2
191.5 msec : 4
191.6 msec : 5
191.7 msec : 6
191.8 msec : 3
191.9 msec : 0
192.0 msec : 2
192.1 msec : 1
192.2 msec : 0
192.3 msec : 0
192.4 msec : 0
192.5 msec : 0
192.6 msec : 0
192.7 msec : 0
192.8 msec : 0
192.9 msec : 0
193.0 msec : 0
193.1 msec : 0
193.2 msec : 0
193.3 msec : 1
193.4 msec : 1
193.5 msec : 0
193.6 msec : 0
193.7 msec : 0
193.8 msec : 0
193.9 msec : 0
194.0 msec : 0
194.1 msec : 0
194.2 msec : 0
194.3 msec : 1
194.4 msec : 1
194.5 msec : 1
194.6 msec : 5
194.7 msec : 0
194.8 msec : 0
194.9 msec : 0
195.0 msec : 0
195.1 msec : 0
195.2 msec : 2
195.3 msec : 0
195.4 msec : 1
195.5 msec : 1
195.6 msec : 0
195.7 msec : 0
195.8 msec : 1
195.9 msec : 1
196.0 msec : 1
196.1 msec : 0
196.2 msec : 0
196.3 msec : 0
196.4 msec : 0
196.5 msec : 0
196.6 msec : 0
196.7 msec : 0
196.8 msec : 0
196.9 msec : 0
197.0 msec : 0
197.1 msec : 0
197.2 msec : 0
197.3 msec : 1
197.4 msec : 2
197.5 msec : 0
197.6 msec : 2
197.7 msec : 1
197.8 msec : 0
197.9 msec : 0
198.0 msec : 0
198.1 msec : 1
198.2 msec : 1
198.3 msec : 1
198.4 msec : 1
198.5 msec : 2
198.6 msec : 2
198.7 msec : 0
198.8 msec : 0
198.9 msec : 0
199.0 msec : 0
199.1 msec : 0
199.2 msec : 0
199.3 msec : 0
199.4 msec : 0
199.5 msec : 0
199.6 msec : 0
199.7 msec : 0
199.8 msec : 0
199.9 msec : 0
200.0 msec : 1
200.1 msec : 1
200.2 msec : 0
200.3 msec : 2
200.4 msec : 1
200.5 msec : 0
200.6 msec : 0
200.7 msec : 2
200.8 msec : 0
200.9 msec : 0
201.0 msec : 0
201.1 msec : 1
201.2 msec : 2
201.3 msec : 2
201.4 msec : 3
201.5 msec : 1
201.6 msec : 0
201.7 msec : 0
201.8 msec : 3
201.9 msec : 2
202.0 msec : 5
202.1 msec : 0
202.2 msec : 2
202.3 msec : 1
202.4 msec : 1
202.5 msec : 0
202.6 msec : 0
202.7 msec : 0
202.8 msec : 5
202.9 msec : 3
203.0 msec : 0
203.1 msec : 1
203.2 msec : 6
203.3 msec : 1
203.4 msec : 0
203.5 msec : 1
203.6 msec : 0
203.7 msec : 2
203.8 msec : 6
203.9 msec : 5
204.0 msec : 3
204.1 msec : 1
204.2 msec : 2
204.3 msec : 0
204.4 msec : 0
204.5 msec : 0
204.6 msec : 0
204.7 msec : 0
204.8 msec : 0
204.9 msec : 0
205.0 msec : 0
205.1 msec : 0
205.2 msec : 0
205.3 msec : 0
205.4 msec : 0
205.5 msec : 0
205.6 msec : 0
205.7 msec : 0
205.8 msec : 0
205.9 msec : 0
206.0 msec : 0
206.1 msec : 0
206.2 msec : 0
206.3 msec : 0
206.4 msec : 0
206.5 msec : 0
206.6 msec : 0
206.7 msec : 0
206.8 msec : 0
206.9 msec : 0
207.0 msec : 0
207.1 msec : 0
207.2 msec : 0
207.3 msec : 0
207.4 msec : 0
207.5 msec : 0
207.6 msec : 0
207.7 msec : 0
207.8 msec : 0
207.9 msec : 0
208.0 msec : 0
208.1 msec : 1
208.2 msec : 0
208.3 msec : 0
208.4 msec : 0
208.5 msec : 0
208.6 msec : 0
208.7 msec : 0
208.8 msec : 0
208.9 msec : 0
209.0 msec : 0
209.1 msec : 0
209.2 msec : 0
209.3 msec : 0
209.4 msec : 1
209.5 msec : 2
209.6 msec : 0
209.7 msec : 0
209.8 msec : 0
209.9 msec : 0
210.0 msec : 0
210.1 msec : 0
210.2 msec : 0
210.3 msec : 0
210.4 msec : 0
210.5 msec : 0
210.6 msec : 0
210.7 msec : 0
210.8 msec : 0
210.9 msec : 0
211.0 msec : 0
211.1 msec : 0
211.2 msec : 0
211.3 msec : 0
211.4 msec : 0
211.5 msec : 0
211.6 msec : 0
211.7 msec : 0
211.8 msec : 0
211.9 msec : 0
212.0 msec : 0
212.1 msec : 0
212.2 msec : 0
212.3 msec : 0
212.4 msec : 0
212.5 msec : 0
212.6 msec : 0
212.7 msec : 0
212.8 msec : 0
212.9 msec : 0
213.0 msec : 0
213.1 msec : 0
213.2 msec : 0
213.3 msec : 0
213.4 msec : 0
213.5 msec : 0
213.6 msec : 0
213.7 msec : 0
213.8 msec : 0
213.9 msec : 0
214.0 msec : 0
214.1 msec : 0
214.2 msec : 0
214.3 msec : 0
214.4 msec : 0
214.5 msec : 0
214.6 msec : 0
214.7 msec : 0
214.8 msec : 0
214.9 msec : 0
215.0 msec : 0
215.1 msec : 0
215.2 msec : 0
215.3 msec : 1
215.4 msec : 0
215.5 msec : 1
215.6 msec : 0
215.7 msec : 0
215.8 msec : 0
215.9 msec : 0
216.0 msec : 0
216.1 msec : 0
216.2 msec : 0
216.3 msec : 0
216.4 msec : 0
216.5 msec : 0
216.6 msec : 0
216.7 msec : 0
216.8 msec : 0
216.9 msec : 0
217.0 msec : 0
217.1 msec : 0
217.2 msec : 0
217.3 msec : 0
217.4 msec : 0
217.5 msec : 0
217.6 msec : 0
217.7 msec : 0
217.8 msec : 0
217.9 msec : 0
218.0 msec : 0
218.1 msec : 0
218.2 msec : 0
218.3 msec : 0
218.4 msec : 0
218.5 msec : 0
218.6 msec : 0
218.7 msec : 0
218.8 msec : 0
218.9 msec : 0
219.0 msec : 0
219.1 msec : 0
219.2 msec : 0
219.3 msec : 0
219.4 msec : 0
219.5 msec : 0
219.6 msec : 0
219.7 msec : 0
219.8 msec : 0
219.9 msec : 0
220.0 msec : 0
220.1 msec : 0
220.2 msec : 0
220.3 msec : 0
220.4 msec : 0
220.5 msec : 0
220.6 msec : 0
220.7 msec : 0
220.8 msec : 0
220.9 msec : 0
221.0 msec : 0
221.1 msec : 0
221.2 msec : 0
221.3 msec : 0
221.4 msec : 0
221.5 msec : 0
221.6 msec : 0
221.7 msec : 0
221.8 msec : 0
221.9 msec : 0
222.0 msec : 0
222.1 msec : 0
222.2 msec : 0
222.3 msec : 0
222.4 msec : 0
222.5 msec : 0
222.6 msec : 0
222.7 msec : 0
222.8 msec : 0
222.9 msec : 0
223.0 msec : 0
223.1 msec : 0
223.2 msec : 0
223.3 msec : 0
223.4 msec : 0
223.5 msec : 0
223.6 msec : 0
223.7 msec : 0
223.8 msec : 0
223.9 msec : 0
224.0 msec : 0
224.1 msec : 0
224.2 msec : 0
224.3 msec : 0
224.4 msec : 0
224.5 msec : 0
224.6 msec : 0
224.7 msec : 0
224.8 msec : 0
224.9 msec : 0
225.0 msec : 0
225.1 msec : 0
225.2 msec : 0
225.3 msec : 0
225.4 msec : 0
225.5 msec : 0
225.6 msec : 0
225.7 msec : 0
225.8 msec : 0
225.9 msec : 0
226.0 msec : 0
226.1 msec : 0
226.2 msec : 0
226.3 msec : 0
226.4 msec : 0
226.5 msec : 0
226.6 msec : 0
226.7 msec : 0
226.8 msec : 0
226.9 msec : 0
227.0 msec : 0
227.1 msec : 0
227.2 msec : 0
227.3 msec : 0
227.4 msec : 0
227.5 msec : 0
227.6 msec : 0
227.7 msec : 0
227.8 msec : 0
227.9 msec : 1
228.0 msec : 0
228.1 msec : 0
228.2 msec : 1
228.3 msec : 1
228.4 msec : 0
228.5 msec : 0
228.6 msec : 0
228.7 msec : 0
228.8 msec : 0
228.9 msec : 0
229.0 msec : 0
229.1 msec : 0
229.2 msec : 0
229.3 msec : 0
229.4 msec : 0
229.5 msec : 0
229.6 msec : 0
229.7 msec : 0
229.8 msec : 0
229.9 msec : 0
230.0 msec : 0
230.1 msec : 0
230.2 msec : 0
230.3 msec : 0
230.4 msec : 0
230.5 msec : 0
230.6 msec : 0
230.7 msec : 0
230.8 msec : 0
230.9 msec : 0
231.0 msec : 0
231.1 msec : 0
231.2 msec : 0
231.3 msec : 0
231.4 msec : 0
231.5 msec : 0
231.6 msec : 0
231.7 msec : 0
231.8 msec : 0
231.9 msec : 0
232.0 msec : 0
232.1 msec : 0
232.2 msec : 0
232.3 msec : 0
232.4 msec : 0
232.5 msec : 0
232.6 msec : 0
232.7 msec : 0
232.8 msec : 0
232.9 msec : 0
233.0 msec : 0
233.1 msec : 0
233.2 msec : 0
233.3 msec : 0
233.4 msec : 0
233.5 msec : 0
233.6 msec : 0
233.7 msec : 0
233.8 msec : 0
233.9 msec : 0
234.0 msec : 0
234.1 msec : 0
234.2 msec : 0
234.3 msec : 0
234.4 msec : 0
234.5 msec : 0
234.6 msec : 0
234.7 msec : 0
234.8 msec : 0
234.9 msec : 0
235.0 msec : 0
235.1 msec : 0
235.2 msec : 0
235.3 msec : 0
235.4 msec : 0
235.5 msec : 0
235.6 msec : 0
235.7 msec : 0
235.8 msec : 0
235.9 msec : 0
236.0 msec : 0
236.1 msec : 1
236.2 msec : 3
236.3 msec : 1
236.4 msec : 1
236.5 msec : 1
236.6 msec : 0
236.7 msec : 0
236.8 msec : 1
236.9 msec : 0
237.0 msec : 0
237.1 msec : 0
237.2 msec : 0
237.3 msec : 0
237.4 msec : 0
237.5 msec : 0
237.6 msec : 0
237.7 msec : 1
237.8 msec : 0
237.9 msec : 0
238.0 msec : 0
238.1 msec : 0
238.2 msec : 0
238.3 msec : 0
238.4 msec : 0
238.5 msec : 0
238.6 msec : 0
238.7 msec : 0
238.8 msec : 0
238.9 msec : 0
239.0 msec : 1
239.1 msec : 0
239.2 msec : 0
239.3 msec : 0
239.4 msec : 0
239.5 msec : 0
239.6 msec : 0
239.7 msec : 0
239.8 msec : 0
239.9 msec : 0
240.0 msec : 0
240.1 msec : 0
240.2 msec : 0
240.3 msec : 0
240.4 msec : 0
240.5 msec : 0
240.6 msec : 0
240.7 msec : 0
240.8 msec : 0
240.9 msec : 0
241.0 msec : 0
241.1 msec : 0
241.2 msec : 0
241.3 msec : 0
241.4 msec : 0
241.5 msec : 0
241.6 msec : 0
241.7 msec : 0
241.8 msec : 0
241.9 msec : 0
242.0 msec : 0
242.1 msec : 0
242.2 msec : 0
242.3 msec : 0
242.4 msec : 0
242.5 msec : 0
242.6 msec : 0
242.7 msec : 0
242.8 msec : 0
242.9 msec : 0
243.0 msec : 0
243.1 msec : 0
243.2 msec : 0
243.3 msec : 0
243.4 msec : 0
243.5 msec : 0
243.6 msec : 0
243.7 msec : 0
243.8 msec : 0
243.9 msec : 0
244.0 msec : 0
244.1 msec : 0
244.2 msec : 0
244.3 msec : 0
244.4 msec : 0
244.5 msec : 0
244.6 msec : 0
244.7 msec : 0
244.8 msec : 0
244.9 msec : 0
245.0 msec : 0
245.1 msec : 0
245.2 msec : 1
245.3 msec : 0
245.4 msec : 0
245.5 msec : 0
245.6 msec : 0
245.7 msec : 0
245.8 msec : 0
245.9 msec : 0
246.0 msec : 0
246.1 msec : 0
246.2 msec : 0
246.3 msec : 0
246.4 msec : 0
246.5 msec : 0
246.6 msec : 0
246.7 msec : 0
246.8 msec : 0
246.9 msec : 0
247.0 msec : 0
247.1 msec : 0
247.2 msec : 0
247.3 msec : 0
247.4 msec : 0
247.5 msec : 0
247.6 msec : 0
247.7 msec : 0
247.8 msec : 0
247.9 msec : 0
248.0 msec : 0
248.1 msec : 0
248.2 msec : 0
248.3 msec : 0
248.4 msec : 0
248.5 msec : 0
248.6 msec : 0
248.7 msec : 0
248.8 msec : 0
248.9 msec : 0
249.0 msec : 0
249.1 msec : 0
249.2 msec : 0
249.3 msec : 0
249.4 msec : 0
249.5 msec : 0
249.6 msec : 0
249.7 msec : 0
249.8 msec : 0
249.9 msec : 0
250.0 msec : 0
250.1 msec : 0
250.2 msec : 0
250.3 msec : 0
250.4 msec : 0
250.5 msec : 0
250.6 msec : 0
250.7 msec : 0
250.8 msec : 0
250.9 msec : 0
251.0 msec : 0
251.1 msec : 0
251.2 msec : 0
251.3 msec : 0
251.4 msec : 0
251.5 msec : 0
251.6 msec : 0
251.7 msec : 0
251.8 msec : 0
251.9 msec : 0
252.0 msec : 0
252.1 msec : 0
252.2 msec : 0
252.3 msec : 0
252.4 msec : 0
252.5 msec : 0
252.6 msec : 0
252.7 msec : 0
252.8 msec : 0
252.9 msec : 0
253.0 msec : 0
253.1 msec : 0
253.2 msec : 0
253.3 msec : 0
253.4 msec : 0
253.5 msec : 0
253.6 msec : 0
253.7 msec : 1
253.8 msec : 0
253.9 msec : 0
254.0 msec : 0
254.1 msec : 0
254.2 msec : 0
254.3 msec : 0
254.4 msec : 0
254.5 msec : 0
254.6 msec : 0
254.7 msec : 0
254.8 msec : 0
254.9 msec : 0
255.0 msec : 0
255.1 msec : 0
255.2 msec : 0
255.3 msec : 0
255.4 msec : 0
255.5 msec : 0
255.6 msec : 0
255.7 msec : 1
255.8 msec : 0
255.9 msec : 0
256.0 msec : 0
256.1 msec : 0
256.2 msec : 0
256.3 msec : 0
256.4 msec : 0
256.5 msec : 0
256.6 msec : 0
256.7 msec : 0
256.8 msec : 0
256.9 msec : 0
257.0 msec : 0
257.1 msec : 0
257.2 msec : 0
257.3 msec : 0
257.4 msec : 0
257.5 msec : 1
257.6 msec : 1
257.7 msec : 1
257.8 msec : 0
257.9 msec : 1
258.0 msec : 2
258.1 msec : 1
258.2 msec : 0
258.3 msec : 1
258.4 msec : 0
258.5 msec : 0
258.6 msec : 2
258.7 msec : 1
258.8 msec : 0
258.9 msec : 1
259.0 msec : 1
259.1 msec : 1
259.2 msec : 0
259.3 msec : 1
259.4 msec : 3
259.5 msec : 0
259.6 msec : 0
259.7 msec : 1
259.8 msec : 3
259.9 msec : 1
260.0 msec : 0
260.1 msec : 1
260.2 msec : 2
260.3 msec : 1
260.4 msec : 0
260.5 msec : 1
260.6 msec : 0
260.7 msec : 1
260.8 msec : 0
260.9 msec : 2
261.0 msec : 1
261.1 msec : 0
261.2 msec : 1
261.3 msec : 0
261.4 msec : 0
261.5 msec : 1
261.6 msec : 3
261.7 msec : 0
261.8 msec : 1
261.9 msec : 0
262.0 msec : 2
262.1 msec : 1
262.2 msec : 2
262.3 msec : 0
262.4 msec : 0
262.5 msec : 0
262.6 msec : 1
262.7 msec : 0
262.8 msec : 1
262.9 msec : 0
263.0 msec : 0
263.1 msec : 0
263.2 msec : 0
263.3 msec : 1
263.4 msec : 1
263.5 msec : 4
263.6 msec : 3
263.7 msec : 0
263.8 msec : 2
263.9 msec : 0
264.0 msec : 2
264.1 msec : 0
264.2 msec : 1
264.3 msec : 1
264.4 msec : 1
264.5 msec : 0
264.6 msec : 1
264.7 msec : 2
264.8 msec : 5
264.9 msec : 5
265.0 msec : 11
265.1 msec : 5
265.2 msec : 9
265.3 msec : 7
265.4 msec : 6
265.5 msec : 3
265.6 msec : 5
265.7 msec : 0
265.8 msec : 2
265.9 msec : 3
266.0 msec : 2
266.1 msec : 4
266.2 msec : 4
266.3 msec : 0
266.4 msec : 1
266.5 msec : 0
266.6 msec : 2
266.7 msec : 2
266.8 msec : 3
266.9 msec : 1
267.0 msec : 3
267.1 msec : 0
267.2 msec : 6
267.3 msec : 4
267.4 msec : 4
267.5 msec : 3
267.6 msec : 2
267.7 msec : 0
267.8 msec : 0
267.9 msec : 0
268.0 msec : 1
268.1 msec : 1
268.2 msec : 0
268.3 msec : 0
268.4 msec : 0
268.5 msec : 0
268.6 msec : 1
268.7 msec : 1
268.8 msec : 0
268.9 msec : 1
269.0 msec : 0
269.1 msec : 0
269.2 msec : 0
269.3 msec : 0
269.4 msec : 1
269.5 msec : 0
269.6 msec : 0
269.7 msec : 0
269.8 msec : 0
269.9 msec : 0
270.0 msec : 0
270.1 msec : 0
270.2 msec : 0
270.3 msec : 0
270.4 msec : 0
270.5 msec : 0
270.6 msec : 0
270.7 msec : 0
270.8 msec : 0
270.9 msec : 0
271.0 msec : 0
271.1 msec : 0
271.2 msec : 0
271.3 msec : 0
271.4 msec : 0
271.5 msec : 0
271.6 msec : 0
271.7 msec : 0
271.8 msec : 0
271.9 msec : 0
272.0 msec : 0
272.1 msec : 0
272.2 msec : 0
272.3 msec : 0
272.4 msec : 0
272.5 msec : 0
272.6 msec : 0
272.7 msec : 0
272.8 msec : 0
272.9 msec : 0
273.0 msec : 0
273.1 msec : 0
273.2 msec : 0
273.3 msec : 0
273.4 msec : 0
273.5 msec : 0
273.6 msec : 0
273.7 msec : 0
273.8 msec : 0
273.9 msec : 0
274.0 msec : 0
274.1 msec : 0
274.2 msec : 0
274.3 msec : 0
274.4 msec : 0
274.5 msec : 0
274.6 msec : 0
274.7 msec : 0
274.8 msec : 0
274.9 msec : 0
275.0 msec : 0
275.1 msec : 0
275.2 msec : 0
275.3 msec : 0
275.4 msec : 1
275.5 msec : 4
275.6 msec : 1
275.7 msec : 0
275.8 msec : 0
275.9 msec : 0
276.0 msec : 0
276.1 msec : 0
276.2 msec : 0
276.3 msec : 0
276.4 msec : 0
276.5 msec : 0
276.6 msec : 0
276.7 msec : 0
276.8 msec : 0
276.9 msec : 0
277.0 msec : 0
277.1 msec : 0
277.2 msec : 0
277.3 msec : 0
277.4 msec : 0
277.5 msec : 0
277.6 msec : 0
277.7 msec : 2
277.8 msec : 0
277.9 msec : 0
278.0 msec : 0
278.1 msec : 0
278.2 msec : 0
278.3 msec : 0
278.4 msec : 0
278.5 msec : 0
278.6 msec : 0
278.7 msec : 0
278.8 msec : 0
278.9 msec : 0
279.0 msec : 0
279.1 msec : 0
279.2 msec : 0
279.3 msec : 0
279.4 msec : 0
279.5 msec : 0
279.6 msec : 0
279.7 msec : 0
279.8 msec : 0
279.9 msec : 0
280.0 msec : 0
280.1 msec : 0
280.2 msec : 0
280.3 msec : 0
280.4 msec : 0
280.5 msec : 0
280.6 msec : 0
280.7 msec : 0
280.8 msec : 0
280.9 msec : 0
281.0 msec : 0
281.1 msec : 0
281.2 msec : 0
281.3 msec : 0
281.4 msec : 0
281.5 msec : 0
281.6 msec : 0
281.7 msec : 0
281.8 msec : 0
281.9 msec : 0
282.0 msec : 0
282.1 msec : 0
282.2 msec : 0
282.3 msec : 0
282.4 msec : 0
282.5 msec : 0
282.6 msec : 0
282.7 msec : 0
282.8 msec : 0
282.9 msec : 0
283.0 msec : 0
283.1 msec : 0
283.2 msec : 0
283.3 msec : 0
283.4 msec : 0
283.5 msec : 0
283.6 msec : 0
283.7 msec : 0
283.8 msec : 0
283.9 msec : 0
284.0 msec : 0
284.1 msec : 0
284.2 msec : 0
284.3 msec : 0
284.4 msec : 0
284.5 msec : 0
284.6 msec : 0
284.7 msec : 0
284.8 msec : 0
284.9 msec : 0
285.0 msec : 0
285.1 msec : 0
285.2 msec : 0
285.3 msec : 0
285.4 msec : 0
285.5 msec : 0
285.6 msec : 0
285.7 msec : 0
285.8 msec : 2
285.9 msec : 1
286.0 msec : 0
286.1 msec : 0
286.2 msec : 0
286.3 msec : 0
286.4 msec : 0
286.5 msec : 0
286.6 msec : 0
286.7 msec : 0
286.8 msec : 0
286.9 msec : 0
287.0 msec : 0
287.1 msec : 0
287.2 msec : 0
287.3 msec : 0
287.4 msec : 0
287.5 msec : 0
287.6 msec : 0
287.7 msec : 0
287.8 msec : 0
287.9 msec : 0
288.0 msec : 0
288.1 msec : 0
288.2 msec : 0
288.3 msec : 0
288.4 msec : 0
288.5 msec : 0
288.6 msec : 0
288.7 msec : 0
288.8 msec : 0
288.9 msec : 0
289.0 msec : 0
289.1 msec : 0
289.2 msec : 0
289.3 msec : 0
289.4 msec : 0
289.5 msec : 0
289.6 msec : 0
289.7 msec : 0
289.8 msec : 0
289.9 msec : 0
290.0 msec : 0
290.1 msec : 0
290.2 msec : 0
290.3 msec : 0
290.4 msec : 0
290.5 msec : 0
290.6 msec : 0
290.7 msec : 0
290.8 msec : 0
290.9 msec : 0
291.0 msec : 0
291.1 msec : 0
291.2 msec : 0
291.3 msec : 0
291.4 msec : 0
291.5 msec : 0
291.6 msec : 0
291.7 msec : 0
291.8 msec : 0
291.9 msec : 0
292.0 msec : 0
292.1 msec : 0
292.2 msec : 0
292.3 msec : 0
292.4 msec : 0
292.5 msec : 0
292.6 msec : 0
292.7 msec : 0
292.8 msec : 0
292.9 msec : 0
293.0 msec : 0
293.1 msec : 0
293.2 msec : 0
293.3 msec : 0
293.4 msec : 0
293.5 msec : 0
293.6 msec : 0
293.7 msec : 0
293.8 msec : 0
293.9 msec : 0
294.0 msec : 0
294.1 msec : 0
294.2 msec : 0
294.3 msec : 0
294.4 msec : 0
294.5 msec : 0
294.6 msec : 0
294.7 msec : 0
294.8 msec : 0
294.9 msec : 0
295.0 msec : 0
295.1 msec : 0
295.2 msec : 0
295.3 msec : 0
295.4 msec : 0
295.5 msec : 0
295.6 msec : 1
295.7 msec : 2
295.8 msec : 0
295.9 msec : 0
296.0 msec : 0
296.1 msec : 0
296.2 msec : 0
296.3 msec : 0
296.4 msec : 0
296.5 msec : 0
296.6 msec : 0
296.7 msec : 0
296.8 msec : 0
296.9 msec : 0
297.0 msec : 0
297.1 msec : 0
297.2 msec : 0
297.3 msec : 0
297.4 msec : 0
297.5 msec : 0
297.6 msec : 0
297.7 msec : 0
297.8 msec : 0
297.9 msec : 0
298.0 msec : 0
298.1 msec : 0
298.2 msec : 0
298.3 msec : 0
298.4 msec : 0
298.5 msec : 0
298.6 msec : 0
298.7 msec : 0
298.8 msec : 0
298.9 msec : 0
299.0 msec : 0
299.1 msec : 0
299.2 msec : 0
299.3 msec : 0
299.4 msec : 0
299.5 msec : 0
299.6 msec : 0
299.7 msec : 0
299.8 msec : 0
299.9 msec : 0
300.0 msec : 0
300.1 msec : 0
300.2 msec : 0
300.3 msec : 0
300.4 msec : 0
300.5 msec : 0
300.6 msec : 0
300.7 msec : 0
300.8 msec : 0
300.9 msec : 0
301.0 msec : 0
301.1 msec : 0
301.2 msec : 0
301.3 msec : 0
301.4 msec : 0
301.5 msec : 0
301.6 msec : 0
301.7 msec : 0
301.8 msec : 0
301.9 msec : 0
302.0 msec : 0
302.1 msec : 0
302.2 msec : 0
302.3 msec : 0
302.4 msec : 0
302.5 msec : 0
302.6 msec : 0
302.7 msec : 0
302.8 msec : 0
302.9 msec : 0
303.0 msec : 0
303.1 msec : 0
303.2 msec : 0
303.3 msec : 0
303.4 msec : 0
303.5 msec : 0
303.6 msec : 0
303.7 msec : 0
303.8 msec : 0
303.9 msec : 0
304.0 msec : 0
304.1 msec : 0
304.2 msec : 0
304.3 msec : 0
304.4 msec : 0
304.5 msec : 0
304.6 msec : 0
304.7 msec : 0
304.8 msec : 0
304.9 msec : 0
305.0 msec : 0
305.1 msec : 0
305.2 msec : 0
305.3 msec : 1
305.4 msec : 0
305.5 msec : 0
305.6 msec : 0
305.7 msec : 0
305.8 msec : 0
305.9 msec : 0
306.0 msec : 0
306.1 msec : 0
306.2 msec : 1
306.3 msec : 0
306.4 msec : 0
306.5 msec : 0
306.6 msec : 0
306.7 msec : 0
306.8 msec : 0
306.9 msec : 0
307.0 msec : 0
307.1 msec : 0
307.2 msec : 0
307.3 msec : 0
307.4 msec : 0
307.5 msec : 0
307.6 msec : 0
307.7 msec : 0
307.8 msec : 0
307.9 msec : 0
308.0 msec : 0
308.1 msec : 0
308.2 msec : 0
308.3 msec : 0
308.4 msec : 0
308.5 msec : 0
308.6 msec : 0
308.7 msec : 0
308.8 msec : 0
308.9 msec : 0
309.0 msec : 0
309.1 msec : 0
309.2 msec : 0
309.3 msec : 0
309.4 msec : 0
309.5 msec : 0
309.6 msec : 0
309.7 msec : 0
309.8 msec : 0
309.9 msec : 0
310.0 msec : 0
310.1 msec : 0
310.2 msec : 0
310.3 msec : 0
310.4 msec : 0
310.5 msec : 0
310.6 msec : 0
310.7 msec : 0
310.8 msec : 0
310.9 msec : 0
311.0 msec : 0
311.1 msec : 0
311.2 msec : 0
311.3 msec : 0
311.4 msec : 0
311.5 msec : 0
311.6 msec : 0
311.7 msec : 0
311.8 msec : 0
311.9 msec : 0
312.0 msec : 0
312.1 msec : 0
312.2 msec : 0
312.3 msec : 0
312.4 msec : 1
312.5 msec : 2
312.6 msec : 0
312.7 msec : 0
312.8 msec : 0
312.9 msec : 0
313.0 msec : 0
313.1 msec : 0
313.2 msec : 0
313.3 msec : 0
313.4 msec : 0
313.5 msec : 0
313.6 msec : 0
313.7 msec : 0
313.8 msec : 0
313.9 msec : 0
314.0 msec : 0
314.1 msec : 0
314.2 msec : 0
314.3 msec : 0
314.4 msec : 0
314.5 msec : 0
314.6 msec : 0
314.7 msec : 0
314.8 msec : 1
314.9 msec : 0
315.0 msec : 1
315.1 msec : 0
315.2 msec : 0
315.3 msec : 0
315.4 msec : 0
315.5 msec : 1
315.6 msec : 0
315.7 msec : 0
315.8 msec : 0
315.9 msec : 0
316.0 msec : 0
316.1 msec : 0
316.2 msec : 0
316.3 msec : 0
316.4 msec : 0
316.5 msec : 0
316.6 msec : 0
316.7 msec : 0
316.8 msec : 0
316.9 msec : 0
317.0 msec : 0
317.1 msec : 0
317.2 msec : 0
317.3 msec : 0
317.4 msec : 0
317.5 msec : 0
317.6 msec : 0
317.7 msec : 0
317.8 msec : 0
317.9 msec : 0
318.0 msec : 0
318.1 msec : 0
318.2 msec : 0
318.3 msec : 0
318.4 msec : 0
318.5 msec : 0
318.6 msec : 0
318.7 msec : 0
318.8 msec : 0
318.9 msec : 0
319.0 msec : 0
319.1 msec : 0
319.2 msec : 0
319.3 msec : 0
319.4 msec : 0
319.5 msec : 0
319.6 msec : 0
319.7 msec : 0
319.8 msec : 0
319.9 msec : 0
320.0 msec : 0
320.1 msec : 0
320.2 msec : 0
320.3 msec : 0
320.4 msec : 0
320.5 msec : 0
320.6 msec : 0
320.7 msec : 0
320.8 msec : 0
320.9 msec : 0
321.0 msec : 0
321.1 msec : 0
321.2 msec : 0
321.3 msec : 0
321.4 msec : 0
321.5 msec : 0
321.6 msec : 0
321.7 msec : 0
321.8 msec : 0
321.9 msec : 0
322.0 msec : 0
322.1 msec : 0
322.2 msec : 0
322.3 msec : 0
322.4 msec : 0
322.5 msec : 0
322.6 msec : 0
322.7 msec : 0
322.8 msec : 0
322.9 msec : 0
323.0 msec : 0
323.1 msec : 0
323.2 msec : 1
323.3 msec : 0
323.4 msec : 0
323.5 msec : 0
323.6 msec : 0
323.7 msec : 0
323.8 msec : 0
323.9 msec : 0
324.0 msec : 0
324.1 msec : 0
324.2 msec : 0
324.3 msec : 0
324.4 msec : 0
324.5 msec : 0
324.6 msec : 1
324.7 msec : 0
324.8 msec : 0
324.9 msec : 0
325.0 msec : 0
325.1 msec : 1
325.2 msec : 0
325.3 msec : 0
325.4 msec : 1
325.5 msec : 0
325.6 msec : 0
325.7 msec : 0
325.8 msec : 0
325.9 msec : 0
326.0 msec : 0
326.1 msec : 0
326.2 msec : 0
326.3 msec : 0
326.4 msec : 0
326.5 msec : 0
326.6 msec : 0
326.7 msec : 0
326.8 msec : 0
326.9 msec : 0
327.0 msec : 0
327.1 msec : 0
327.2 msec : 0
327.3 msec : 0
327.4 msec : 0
327.5 msec : 0
327.6 msec : 0
327.7 msec : 0
327.8 msec : 0
327.9 msec : 0
328.0 msec : 0
328.1 msec : 0
328.2 msec : 0
328.3 msec : 0
328.4 msec : 0
328.5 msec : 0
328.6 msec : 0
328.7 msec : 0
328.8 msec : 0
328.9 msec : 0
329.0 msec : 0
329.1 msec : 0
329.2 msec : 0
329.3 msec : 0
329.4 msec : 0
329.5 msec : 0
329.6 msec : 0
329.7 msec : 0
329.8 msec : 0
329.9 msec : 0
330.0 msec : 0
330.1 msec : 0
330.2 msec : 0
330.3 msec : 0
330.4 msec : 0
330.5 msec : 0
330.6 msec : 0
330.7 msec : 0
330.8 msec : 0
330.9 msec : 0
331.0 msec : 0
331.1 msec : 0
331.2 msec : 0
331.3 msec : 0
331.4 msec : 0
331.5 msec : 0
331.6 msec : 0
331.7 msec : 0
331.8 msec : 0
331.9 msec : 0
332.0 msec : 0
332.1 msec : 0
332.2 msec : 0
332.3 msec : 0
332.4 msec : 0
332.5 msec : 0
332.6 msec : 0
332.7 msec : 0
332.8 msec : 0
332.9 msec : 0
333.0 msec : 0
333.1 msec : 0
333.2 msec : 0
333.3 msec : 0
333.4 msec : 0
333.5 msec : 0
333.6 msec : 0
333.7 msec : 0
333.8 msec : 0
333.9 msec : 0
334.0 msec : 0
334.1 msec : 0
334.2 msec : 0
334.3 msec : 0
334.4 msec : 0
334.5 msec : 0
334.6 msec : 0
334.7 msec : 0
334.8 msec : 0
334.9 msec : 0
335.0 msec : 0
335.1 msec : 0
335.2 msec : 0
335.3 msec : 0
335.4 msec : 0
335.5 msec : 0
335.6 msec : 0
335.7 msec : 0
335.8 msec : 0
335.9 msec : 0
336.0 msec : 0
336.1 msec : 0
336.2 msec : 0
336.3 msec : 0
336.4 msec : 0
336.5 msec : 0
336.6 msec : 0
336.7 msec : 0
336.8 msec : 0
336.9 msec : 0
337.0 msec : 0
337.1 msec : 0
337.2 msec : 0
337.3 msec : 0
337.4 msec : 0
337.5 msec : 0
337.6 msec : 0
337.7 msec : 0
337.8 msec : 0
337.9 msec : 0
338.0 msec : 0
338.1 msec : 0
338.2 msec : 0
338.3 msec : 0
338.4 msec : 0
338.5 msec : 0
338.6 msec : 0
338.7 msec : 0
338.8 msec : 0
338.9 msec : 0
339.0 msec : 0
339.1 msec : 0
339.2 msec : 0
339.3 msec : 0
339.4 msec : 0
339.5 msec : 0
339.6 msec : 0
339.7 msec : 0
339.8 msec : 0
339.9 msec : 0
340.0 msec : 0
340.1 msec : 0
340.2 msec : 0
340.3 msec : 0
340.4 msec : 0
340.5 msec : 0
340.6 msec : 0
340.7 msec : 0
340.8 msec : 0
340.9 msec : 0
341.0 msec : 0
341.1 msec : 0
341.2 msec : 0
341.3 msec : 0
341.4 msec : 0
341.5 msec : 0
341.6 msec : 0
341.7 msec : 0
341.8 msec : 0
341.9 msec : 0
342.0 msec : 0
342.1 msec : 0
342.2 msec : 0
342.3 msec : 0
342.4 msec : 0
342.5 msec : 0
342.6 msec : 0
342.7 msec : 0
342.8 msec : 0
342.9 msec : 0
343.0 msec : 0
343.1 msec : 0
343.2 msec : 0
343.3 msec : 0
343.4 msec : 0
343.5 msec : 0
343.6 msec : 0
343.7 msec : 0
343.8 msec : 0
343.9 msec : 0
344.0 msec : 0
344.1 msec : 0
344.2 msec : 0
344.3 msec : 0
344.4 msec : 0
344.5 msec : 0
344.6 msec : 2
344.7 msec : 0
344.8 msec : 0
344.9 msec : 0
345.0 msec : 0
345.1 msec : 0
345.2 msec : 0
345.3 msec : 0
345.4 msec : 0
345.5 msec : 0
345.6 msec : 0
345.7 msec : 1
345.8 msec : 1
345.9 msec : 0
346.0 msec : 3
346.1 msec : 1
346.2 msec : 1
346.3 msec : 1
346.4 msec : 0
346.5 msec : 0
346.6 msec : 0
346.7 msec : 0
346.8 msec : 0
346.9 msec : 0
347.0 msec : 0
347.1 msec : 1
347.2 msec : 0
347.3 msec : 1
347.4 msec : 4
347.5 msec : 4
347.6 msec : 3
347.7 msec : 0
347.8 msec : 0
347.9 msec : 0
348.0 msec : 0
348.1 msec : 0
348.2 msec : 0
348.3 msec : 0
348.4 msec : 0
348.5 msec : 0
348.6 msec : 0
348.7 msec : 0
348.8 msec : 1
348.9 msec : 0
349.0 msec : 0
349.1 msec : 0
349.2 msec : 0
349.3 msec : 0
349.4 msec : 0
349.5 msec : 0
349.6 msec : 0
349.7 msec : 0
349.8 msec : 0
349.9 msec : 0
350.0 msec : 0
350.1 msec : 0
350.2 msec : 0
350.3 msec : 0
350.4 msec : 0
350.5 msec : 0
350.6 msec : 0
350.7 msec : 0
350.8 msec : 0
350.9 msec : 0
351.0 msec : 0
351.1 msec : 0
351.2 msec : 0
351.3 msec : 0
351.4 msec : 0
351.5 msec : 0
351.6 msec : 0
351.7 msec : 0
351.8 msec : 0
351.9 msec : 0
352.0 msec : 0
352.1 msec : 0
352.2 msec : 0
352.3 msec : 0
352.4 msec : 0
352.5 msec : 0
352.6 msec : 1
352.7 msec : 2
352.8 msec : 4
352.9 msec : 5
353.0 msec : 6
353.1 msec : 5
353.2 msec : 2
353.3 msec : 3
353.4 msec : 2
353.5 msec : 4
353.6 msec : 0
353.7 msec : 0
353.8 msec : 0
353.9 msec : 0
354.0 msec : 0
354.1 msec : 0
354.2 msec : 1
354.3 msec : 0
354.4 msec : 0
354.5 msec : 0
354.6 msec : 0
354.7 msec : 0
354.8 msec : 0
354.9 msec : 1
355.0 msec : 2
355.1 msec : 0
355.2 msec : 1
355.3 msec : 1
355.4 msec : 0
355.5 msec : 0
355.6 msec : 0
355.7 msec : 0
355.8 msec : 0
355.9 msec : 0
356.0 msec : 0
356.1 msec : 0
356.2 msec : 0
356.3 msec : 0
356.4 msec : 0
356.5 msec : 0
356.6 msec : 0
356.7 msec : 0
356.8 msec : 0
356.9 msec : 0
357.0 msec : 0
357.1 msec : 0
357.2 msec : 0
357.3 msec : 0
357.4 msec : 0
357.5 msec : 0
357.6 msec : 0
357.7 msec : 0
357.8 msec : 0
357.9 msec : 0
358.0 msec : 0
358.1 msec : 0
358.2 msec : 0
358.3 msec : 0
358.4 msec : 0
358.5 msec : 0
358.6 msec : 0
358.7 msec : 0
358.8 msec : 0
358.9 msec : 0
359.0 msec : 0
359.1 msec : 0
359.2 msec : 0
359.3 msec : 0
359.4 msec : 0
359.5 msec : 0
359.6 msec : 0
359.7 msec : 0
359.8 msec : 0
359.9 msec : 0
360.0 msec : 0
360.1 msec : 0
360.2 msec : 0
360.3 msec : 0
360.4 msec : 0
360.5 msec : 0
360.6 msec : 0
360.7 msec : 0
360.8 msec : 0
360.9 msec : 0
361.0 msec : 0
361.1 msec : 0
361.2 msec : 0
361.3 msec : 0
361.4 msec : 0
361.5 msec : 0
361.6 msec : 0
361.7 msec : 0
361.8 msec : 0
361.9 msec : 0
362.0 msec : 0
362.1 msec : 0
362.2 msec : 0
362.3 msec : 0
362.4 msec : 0
362.5 msec : 0
362.6 msec : 0
362.7 msec : 0
362.8 msec : 0
362.9 msec : 0
363.0 msec : 0
363.1 msec : 0
363.2 msec : 0
363.3 msec : 0
363.4 msec : 0
363.5 msec : 0
363.6 msec : 0
363.7 msec : 0
363.8 msec : 0
363.9 msec : 0
364.0 msec : 0
364.1 msec : 0
364.2 msec : 0
364.3 msec : 0
364.4 msec : 0
364.5 msec : 0
364.6 msec : 0
364.7 msec : 0
364.8 msec : 0
364.9 msec : 0
365.0 msec : 0
365.1 msec : 0
365.2 msec : 0
365.3 msec : 0
365.4 msec : 0
365.5 msec : 0
365.6 msec : 0
365.7 msec : 0
365.8 msec : 0
365.9 msec : 0
366.0 msec : 0
366.1 msec : 0
366.2 msec : 0
366.3 msec : 0
366.4 msec : 0
366.5 msec : 0
366.6 msec : 0
366.7 msec : 0
366.8 msec : 0
366.9 msec : 0
367.0 msec : 0
367.1 msec : 0
367.2 msec : 0
367.3 msec : 0
367.4 msec : 0
367.5 msec : 0
367.6 msec : 0
367.7 msec : 0
367.8 msec : 0
367.9 msec : 0
368.0 msec : 0
368.1 msec : 0
368.2 msec : 0
368.3 msec : 0
368.4 msec : 0
368.5 msec : 0
368.6 msec : 0
368.7 msec : 0
368.8 msec : 0
368.9 msec : 0
369.0 msec : 0
369.1 msec : 0
369.2 msec : 0
369.3 msec : 0
369.4 msec : 0
369.5 msec : 0
369.6 msec : 0
369.7 msec : 0
369.8 msec : 0
369.9 msec : 0
370.0 msec : 0
370.1 msec : 0
370.2 msec : 0
370.3 msec : 0
370.4 msec : 0
370.5 msec : 0
370.6 msec : 0
370.7 msec : 0
370.8 msec : 0
370.9 msec : 0
371.0 msec : 0
371.1 msec : 0
371.2 msec : 0
371.3 msec : 0
371.4 msec : 0
371.5 msec : 0
371.6 msec : 0
371.7 msec : 0
371.8 msec : 0
371.9 msec : 0
372.0 msec : 0
372.1 msec : 0
372.2 msec : 0
372.3 msec : 0
372.4 msec : 0
372.5 msec : 0
372.6 msec : 0
372.7 msec : 0
372.8 msec : 0
372.9 msec : 0
373.0 msec : 0
373.1 msec : 0
373.2 msec : 0
373.3 msec : 0
373.4 msec : 0
373.5 msec : 0
373.6 msec : 0
373.7 msec : 0
373.8 msec : 0
373.9 msec : 1
374.0 msec : 1
374.1 msec : 2
374.2 msec : 1
374.3 msec : 0
374.4 msec : 0
374.5 msec : 0
374.6 msec : 0
374.7 msec : 0
374.8 msec : 1
374.9 msec : 0
375.0 msec : 0
375.1 msec : 0
375.2 msec : 2
375.3 msec : 1
375.4 msec : 0
375.5 msec : 1
375.6 msec : 1
375.7 msec : 5
375.8 msec : 2
375.9 msec : 0
376.0 msec : 0
376.1 msec : 3
376.2 msec : 2
376.3 msec : 3
376.4 msec : 0
376.5 msec : 0
376.6 msec : 1
376.7 msec : 0
376.8 msec : 0
376.9 msec : 0
377.0 msec : 3
377.1 msec : 0
377.2 msec : 1
377.3 msec : 3
377.4 msec : 3
377.5 msec : 1
377.6 msec : 0
377.7 msec : 0
377.8 msec : 0
377.9 msec : 0
378.0 msec : 0
378.1 msec : 0
378.2 msec : 0
378.3 msec : 0
378.4 msec : 1
378.5 msec : 0
378.6 msec : 0
378.7 msec : 0
378.8 msec : 0
378.9 msec : 0
379.0 msec : 0
379.1 msec : 0
379.2 msec : 0
379.3 msec : 0
379.4 msec : 0
379.5 msec : 0
379.6 msec : 0
379.7 msec : 0
379.8 msec : 0
379.9 msec : 0
380.0 msec : 0
380.1 msec : 0
380.2 msec : 0
380.3 msec : 0
380.4 msec : 0
380.5 msec : 0
380.6 msec : 0
380.7 msec : 0
380.8 msec : 0
380.9 msec : 0
381.0 msec : 0
381.1 msec : 0
381.2 msec : 0
381.3 msec : 0
381.4 msec : 0
381.5 msec : 0
381.6 msec : 0
381.7 msec : 0
381.8 msec : 0
381.9 msec : 0
382.0 msec : 0
382.1 msec : 1
382.2 msec : 0
382.3 msec : 0
382.4 msec : 0
382.5 msec : 3
382.6 msec : 4
382.7 msec : 2
382.8 msec : 1
382.9 msec : 1
383.0 msec : 0
383.1 msec : 1
383.2 msec : 0
383.3 msec : 0
383.4 msec : 0
383.5 msec : 0
383.6 msec : 0
383.7 msec : 0
383.8 msec : 0
383.9 msec : 0
384.0 msec : 0
384.1 msec : 1
384.2 msec : 2
384.3 msec : 1
384.4 msec : 0
384.5 msec : 0
384.6 msec : 0
384.7 msec : 0
384.8 msec : 0
384.9 msec : 0
385.0 msec : 1
