Middleware started...
Middleware shuts down...
Smaller resolution statistics are in a log file...
Final aggregates per worker:


Worker 7
Average throughput (ops/sec) = 322
Average response time (msec) = 35.91355544262295
Average queue length = 82
Average wait time in queue (msec) = 32.8079183442623
Average service time (msec) = 2.863631229508197
Number of SET = 322
Number of GET = 0
Number of MULTI GET = 0


Worker 6
Average throughput (ops/sec) = 322
Average response time (msec) = 35.88614170491803
Average queue length = 82
Average wait time in queue (msec) = 32.77685460655738
Average service time (msec) = 2.8701469344262294
Number of SET = 322
Number of GET = 0
Number of MULTI GET = 0


Worker 8
Average throughput (ops/sec) = 321
Average response time (msec) = 35.945765475409836
Average queue length = 82
Average wait time in queue (msec) = 32.821398721311475
Average service time (msec) = 2.8701261311475412
Number of SET = 321
Number of GET = 0
Number of MULTI GET = 0


Worker 3
Average throughput (ops/sec) = 320
Average response time (msec) = 35.87702149180328
Average queue length = 83
Average wait time in queue (msec) = 32.75911667213115
Average service time (msec) = 2.879358819672131
Number of SET = 320
Number of GET = 0
Number of MULTI GET = 0


Worker 2
Average throughput (ops/sec) = 322
Average response time (msec) = 35.90073572131147
Average queue length = 83
Average wait time in queue (msec) = 32.796787377049185
Average service time (msec) = 2.866395426229508
Number of SET = 322
Number of GET = 0
Number of MULTI GET = 0


Worker 5
Average throughput (ops/sec) = 322
Average response time (msec) = 35.83823839344262
Average queue length = 83
Average wait time in queue (msec) = 32.73044783606557
Average service time (msec) = 2.8661738032786883
Number of SET = 322
Number of GET = 0
Number of MULTI GET = 0


Worker 4
Average throughput (ops/sec) = 322
Average response time (msec) = 35.86947065573771
Average queue length = 83
Average wait time in queue (msec) = 32.74892893442623
Average service time (msec) = 2.867631180327869
Number of SET = 322
Number of GET = 0
Number of MULTI GET = 0


Worker 1
Average throughput (ops/sec) = 322
Average response time (msec) = 35.89723381967213
Average queue length = 83
Average wait time in queue (msec) = 32.79103509836065
Average service time (msec) = 2.8606840655737704
Number of SET = 322
Number of GET = 0
Number of MULTI GET = 0


FINAL STATS
Average throughput (ops/sec) = 2573
Average response time (msec) = 35.42061498918575
Average queue length = 82
Average wait time in queue (msec) = 32.77906094877049
Average service time (msec) = 2.868018448770492
Number of SET = 321
Number of GET = 0
Number of MULTI GET = 0
Number of Cache misses = 0


Histogram response times (0.1 msec step)
0.0 msec : 3
0.1 msec : 5
0.2 msec : 1
0.3 msec : 1
0.4 msec : 0
0.5 msec : 0
0.6 msec : 0
0.7 msec : 0
0.8 msec : 0
0.9 msec : 0
1.0 msec : 0
1.1 msec : 0
1.2 msec : 1
1.3 msec : 0
1.4 msec : 1
1.5 msec : 0
1.6 msec : 2
1.7 msec : 0
1.8 msec : 1
1.9 msec : 12
2.0 msec : 3
2.1 msec : 7
2.2 msec : 1
2.3 msec : 1
2.4 msec : 0
2.5 msec : 5
2.6 msec : 1
2.7 msec : 3
2.8 msec : 2
2.9 msec : 3
3.0 msec : 2
3.1 msec : 2
3.2 msec : 3
3.3 msec : 2
3.4 msec : 3
3.5 msec : 1
3.6 msec : 1
3.7 msec : 0
3.8 msec : 2
3.9 msec : 7
4.0 msec : 11
4.1 msec : 8
4.2 msec : 6
4.3 msec : 8
4.4 msec : 12
4.5 msec : 13
4.6 msec : 17
4.7 msec : 8
4.8 msec : 9
4.9 msec : 17
5.0 msec : 16
5.1 msec : 12
5.2 msec : 13
5.3 msec : 14
5.4 msec : 16
5.5 msec : 19
5.6 msec : 23
5.7 msec : 33
5.8 msec : 39
5.9 msec : 62
6.0 msec : 65
6.1 msec : 72
6.2 msec : 106
6.3 msec : 124
6.4 msec : 165
6.5 msec : 206
6.6 msec : 225
6.7 msec : 283
6.8 msec : 307
6.9 msec : 382
7.0 msec : 394
7.1 msec : 475
7.2 msec : 549
7.3 msec : 598
7.4 msec : 663
7.5 msec : 733
7.6 msec : 790
7.7 msec : 764
7.8 msec : 817
7.9 msec : 821
8.0 msec : 918
8.1 msec : 985
8.2 msec : 1009
8.3 msec : 1037
8.4 msec : 999
8.5 msec : 1113
8.6 msec : 1081
8.7 msec : 1111
8.8 msec : 1089
8.9 msec : 1033
9.0 msec : 1064
9.1 msec : 1080
9.2 msec : 1096
9.3 msec : 1058
9.4 msec : 1115
9.5 msec : 1144
9.6 msec : 1077
9.7 msec : 1048
9.8 msec : 1020
9.9 msec : 1045
10.0 msec : 1024
10.1 msec : 962
10.2 msec : 1039
10.3 msec : 988
10.4 msec : 833
10.5 msec : 875
10.6 msec : 959
10.7 msec : 961
10.8 msec : 896
10.9 msec : 913
11.0 msec : 906
11.1 msec : 906
11.2 msec : 892
11.3 msec : 949
11.4 msec : 865
11.5 msec : 862
11.6 msec : 819
11.7 msec : 736
11.8 msec : 782
11.9 msec : 716
12.0 msec : 752
12.1 msec : 765
12.2 msec : 764
12.3 msec : 808
12.4 msec : 852
12.5 msec : 818
12.6 msec : 923
12.7 msec : 930
12.8 msec : 996
12.9 msec : 1014
13.0 msec : 1086
13.1 msec : 1079
13.2 msec : 1081
13.3 msec : 1052
13.4 msec : 924
13.5 msec : 948
13.6 msec : 863
13.7 msec : 929
13.8 msec : 978
13.9 msec : 854
14.0 msec : 786
14.1 msec : 732
14.2 msec : 640
14.3 msec : 639
14.4 msec : 661
14.5 msec : 655
14.6 msec : 722
14.7 msec : 742
14.8 msec : 847
14.9 msec : 911
15.0 msec : 954
15.1 msec : 902
15.2 msec : 892
15.3 msec : 806
15.4 msec : 801
15.5 msec : 722
15.6 msec : 700
15.7 msec : 667
15.8 msec : 604
15.9 msec : 662
16.0 msec : 636
16.1 msec : 609
16.2 msec : 585
16.3 msec : 602
16.4 msec : 495
16.5 msec : 558
16.6 msec : 533
16.7 msec : 539
16.8 msec : 576
16.9 msec : 670
17.0 msec : 623
17.1 msec : 650
17.2 msec : 627
17.3 msec : 566
17.4 msec : 601
17.5 msec : 521
17.6 msec : 526
17.7 msec : 511
17.8 msec : 527
17.9 msec : 449
18.0 msec : 440
18.1 msec : 423
18.2 msec : 418
18.3 msec : 475
18.4 msec : 457
18.5 msec : 498
18.6 msec : 475
18.7 msec : 435
18.8 msec : 431
18.9 msec : 459
19.0 msec : 446
19.1 msec : 432
19.2 msec : 397
19.3 msec : 414
19.4 msec : 395
19.5 msec : 315
19.6 msec : 294
19.7 msec : 335
19.8 msec : 341
19.9 msec : 285
20.0 msec : 304
20.1 msec : 310
20.2 msec : 360
20.3 msec : 377
20.4 msec : 417
20.5 msec : 461
20.6 msec : 459
20.7 msec : 467
20.8 msec : 460
20.9 msec : 447
21.0 msec : 481
21.1 msec : 431
21.2 msec : 375
21.3 msec : 353
21.4 msec : 367
21.5 msec : 375
21.6 msec : 310
21.7 msec : 351
21.8 msec : 319
21.9 msec : 356
22.0 msec : 327
22.1 msec : 354
22.2 msec : 372
22.3 msec : 447
22.4 msec : 450
22.5 msec : 472
22.6 msec : 513
22.7 msec : 541
22.8 msec : 620
22.9 msec : 603
23.0 msec : 589
23.1 msec : 550
23.2 msec : 524
23.3 msec : 480
23.4 msec : 450
23.5 msec : 437
23.6 msec : 440
23.7 msec : 451
23.8 msec : 409
23.9 msec : 410
24.0 msec : 406
24.1 msec : 330
24.2 msec : 340
24.3 msec : 372
24.4 msec : 337
24.5 msec : 356
24.6 msec : 377
24.7 msec : 417
24.8 msec : 417
24.9 msec : 449
25.0 msec : 431
25.1 msec : 421
25.2 msec : 431
25.3 msec : 421
25.4 msec : 383
25.5 msec : 371
25.6 msec : 353
25.7 msec : 351
25.8 msec : 368
25.9 msec : 325
26.0 msec : 283
26.1 msec : 283
26.2 msec : 261
26.3 msec : 264
26.4 msec : 272
26.5 msec : 248
26.6 msec : 242
26.7 msec : 268
26.8 msec : 239
26.9 msec : 256
27.0 msec : 250
27.1 msec : 233
27.2 msec : 228
27.3 msec : 213
27.4 msec : 188
27.5 msec : 206
27.6 msec : 172
27.7 msec : 160
27.8 msec : 185
27.9 msec : 178
28.0 msec : 185
28.1 msec : 159
28.2 msec : 173
28.3 msec : 171
28.4 msec : 159
28.5 msec : 147
28.6 msec : 171
28.7 msec : 167
28.8 msec : 185
28.9 msec : 185
29.0 msec : 163
29.1 msec : 162
29.2 msec : 170
29.3 msec : 142
29.4 msec : 142
29.5 msec : 153
29.6 msec : 136
29.7 msec : 150
29.8 msec : 169
29.9 msec : 202
30.0 msec : 213
30.1 msec : 196
30.2 msec : 210
30.3 msec : 200
30.4 msec : 237
30.5 msec : 233
30.6 msec : 242
30.7 msec : 252
30.8 msec : 240
30.9 msec : 265
31.0 msec : 238
31.1 msec : 203
31.2 msec : 212
31.3 msec : 187
31.4 msec : 200
31.5 msec : 207
31.6 msec : 180
31.7 msec : 189
31.8 msec : 175
31.9 msec : 228
32.0 msec : 229
32.1 msec : 241
32.2 msec : 217
32.3 msec : 252
32.4 msec : 312
32.5 msec : 318
32.6 msec : 351
32.7 msec : 332
32.8 msec : 316
32.9 msec : 313
33.0 msec : 271
33.1 msec : 278
33.2 msec : 287
33.3 msec : 264
33.4 msec : 269
33.5 msec : 245
33.6 msec : 254
33.7 msec : 227
33.8 msec : 207
33.9 msec : 231
34.0 msec : 232
34.1 msec : 229
34.2 msec : 197
34.3 msec : 237
34.4 msec : 186
34.5 msec : 212
34.6 msec : 211
34.7 msec : 203
34.8 msec : 191
34.9 msec : 204
35.0 msec : 186
35.1 msec : 156
35.2 msec : 175
35.3 msec : 167
35.4 msec : 157
35.5 msec : 172
35.6 msec : 138
35.7 msec : 133
35.8 msec : 163
35.9 msec : 107
36.0 msec : 127
36.1 msec : 138
36.2 msec : 151
36.3 msec : 127
36.4 msec : 114
36.5 msec : 116
36.6 msec : 125
36.7 msec : 88
36.8 msec : 92
36.9 msec : 73
37.0 msec : 83
37.1 msec : 73
37.2 msec : 63
37.3 msec : 63
37.4 msec : 58
37.5 msec : 76
37.6 msec : 59
37.7 msec : 59
37.8 msec : 73
37.9 msec : 61
38.0 msec : 71
38.1 msec : 51
38.2 msec : 50
38.3 msec : 45
38.4 msec : 59
38.5 msec : 56
38.6 msec : 58
38.7 msec : 60
38.8 msec : 67
38.9 msec : 76
39.0 msec : 64
39.1 msec : 66
39.2 msec : 75
39.3 msec : 74
39.4 msec : 54
39.5 msec : 63
39.6 msec : 77
39.7 msec : 76
39.8 msec : 97
39.9 msec : 87
40.0 msec : 77
40.1 msec : 100
40.2 msec : 89
40.3 msec : 84
40.4 msec : 100
40.5 msec : 88
40.6 msec : 109
40.7 msec : 92
40.8 msec : 97
40.9 msec : 92
41.0 msec : 79
41.1 msec : 95
41.2 msec : 90
41.3 msec : 85
41.4 msec : 80
41.5 msec : 84
41.6 msec : 89
41.7 msec : 78
41.8 msec : 80
41.9 msec : 78
42.0 msec : 84
42.1 msec : 94
42.2 msec : 110
42.3 msec : 99
42.4 msec : 115
42.5 msec : 123
42.6 msec : 132
42.7 msec : 132
42.8 msec : 138
42.9 msec : 125
43.0 msec : 148
43.1 msec : 108
43.2 msec : 112
43.3 msec : 100
43.4 msec : 83
43.5 msec : 88
43.6 msec : 79
43.7 msec : 69
43.8 msec : 85
43.9 msec : 74
44.0 msec : 67
44.1 msec : 71
44.2 msec : 64
44.3 msec : 50
44.4 msec : 44
44.5 msec : 36
44.6 msec : 56
44.7 msec : 43
44.8 msec : 37
44.9 msec : 29
45.0 msec : 25
45.1 msec : 28
45.2 msec : 27
45.3 msec : 27
45.4 msec : 19
45.5 msec : 16
45.6 msec : 16
45.7 msec : 18
45.8 msec : 11
45.9 msec : 14
46.0 msec : 10
46.1 msec : 17
46.2 msec : 19
46.3 msec : 14
46.4 msec : 15
46.5 msec : 12
46.6 msec : 8
46.7 msec : 10
46.8 msec : 4
46.9 msec : 15
47.0 msec : 8
47.1 msec : 13
47.2 msec : 6
47.3 msec : 10
47.4 msec : 4
47.5 msec : 2
47.6 msec : 5
47.7 msec : 3
47.8 msec : 1
47.9 msec : 4
48.0 msec : 4
48.1 msec : 1
48.2 msec : 6
48.3 msec : 7
48.4 msec : 6
48.5 msec : 4
48.6 msec : 5
48.7 msec : 9
48.8 msec : 6
48.9 msec : 13
49.0 msec : 4
49.1 msec : 7
49.2 msec : 14
49.3 msec : 11
49.4 msec : 13
49.5 msec : 10
49.6 msec : 14
49.7 msec : 19
49.8 msec : 17
49.9 msec : 15
50.0 msec : 9
50.1 msec : 16
50.2 msec : 16
50.3 msec : 16
50.4 msec : 8
50.5 msec : 12
50.6 msec : 23
50.7 msec : 10
50.8 msec : 19
50.9 msec : 22
51.0 msec : 16
51.1 msec : 13
51.2 msec : 12
51.3 msec : 10
51.4 msec : 13
51.5 msec : 16
51.6 msec : 14
51.7 msec : 13
51.8 msec : 18
51.9 msec : 10
52.0 msec : 9
52.1 msec : 16
52.2 msec : 8
52.3 msec : 8
52.4 msec : 7
52.5 msec : 5
52.6 msec : 8
52.7 msec : 4
52.8 msec : 5
52.9 msec : 3
53.0 msec : 2
53.1 msec : 5
53.2 msec : 2
53.3 msec : 5
53.4 msec : 6
53.5 msec : 6
53.6 msec : 4
53.7 msec : 2
53.8 msec : 2
53.9 msec : 1
54.0 msec : 1
54.1 msec : 2
54.2 msec : 1
54.3 msec : 6
54.4 msec : 2
54.5 msec : 2
54.6 msec : 2
54.7 msec : 4
54.8 msec : 3
54.9 msec : 3
55.0 msec : 6
55.1 msec : 8
55.2 msec : 0
55.3 msec : 2
55.4 msec : 1
55.5 msec : 1
55.6 msec : 3
55.7 msec : 2
55.8 msec : 1
55.9 msec : 3
56.0 msec : 1
56.1 msec : 2
56.2 msec : 1
56.3 msec : 3
56.4 msec : 3
56.5 msec : 3
56.6 msec : 5
56.7 msec : 4
56.8 msec : 5
56.9 msec : 5
57.0 msec : 2
57.1 msec : 1
57.2 msec : 2
57.3 msec : 3
57.4 msec : 2
57.5 msec : 2
57.6 msec : 0
57.7 msec : 0
57.8 msec : 0
57.9 msec : 2
58.0 msec : 1
58.1 msec : 0
58.2 msec : 1
58.3 msec : 1
58.4 msec : 3
58.5 msec : 0
58.6 msec : 2
58.7 msec : 0
58.8 msec : 2
58.9 msec : 1
59.0 msec : 1
59.1 msec : 1
59.2 msec : 2
59.3 msec : 1
59.4 msec : 0
59.5 msec : 0
59.6 msec : 0
59.7 msec : 0
59.8 msec : 1
59.9 msec : 4
60.0 msec : 0
60.1 msec : 3
60.2 msec : 2
60.3 msec : 1
60.4 msec : 2
60.5 msec : 0
60.6 msec : 1
60.7 msec : 0
60.8 msec : 0
60.9 msec : 0
61.0 msec : 1
61.1 msec : 0
61.2 msec : 1
61.3 msec : 0
61.4 msec : 1
61.5 msec : 0
61.6 msec : 1
61.7 msec : 0
61.8 msec : 0
61.9 msec : 0
62.0 msec : 0
62.1 msec : 0
62.2 msec : 0
62.3 msec : 0
62.4 msec : 0
62.5 msec : 1
62.6 msec : 0
62.7 msec : 0
62.8 msec : 1
62.9 msec : 1
63.0 msec : 2
63.1 msec : 0
63.2 msec : 0
63.3 msec : 0
63.4 msec : 2
63.5 msec : 0
63.6 msec : 0
63.7 msec : 0
63.8 msec : 0
63.9 msec : 1
64.0 msec : 0
64.1 msec : 1
64.2 msec : 0
64.3 msec : 0
64.4 msec : 1
64.5 msec : 2
64.6 msec : 1
64.7 msec : 0
64.8 msec : 1
64.9 msec : 3
65.0 msec : 1
65.1 msec : 0
65.2 msec : 0
65.3 msec : 0
65.4 msec : 0
65.5 msec : 0
65.6 msec : 1
65.7 msec : 1
65.8 msec : 4
65.9 msec : 2
66.0 msec : 0
66.1 msec : 3
66.2 msec : 1
66.3 msec : 0
66.4 msec : 2
66.5 msec : 1
66.6 msec : 3
66.7 msec : 2
66.8 msec : 1
66.9 msec : 2
67.0 msec : 0
67.1 msec : 1
67.2 msec : 3
67.3 msec : 2
67.4 msec : 0
67.5 msec : 4
67.6 msec : 0
67.7 msec : 2
67.8 msec : 2
67.9 msec : 0
68.0 msec : 3
68.1 msec : 1
68.2 msec : 3
68.3 msec : 4
68.4 msec : 4
68.5 msec : 7
68.6 msec : 2
68.7 msec : 1
68.8 msec : 2
68.9 msec : 0
69.0 msec : 2
69.1 msec : 4
69.2 msec : 0
69.3 msec : 4
69.4 msec : 2
69.5 msec : 2
69.6 msec : 3
69.7 msec : 2
69.8 msec : 2
69.9 msec : 4
70.0 msec : 4
70.1 msec : 0
70.2 msec : 3
70.3 msec : 2
70.4 msec : 1
70.5 msec : 0
70.6 msec : 1
70.7 msec : 2
70.8 msec : 0
70.9 msec : 2
71.0 msec : 3
71.1 msec : 6
71.2 msec : 2
71.3 msec : 0
71.4 msec : 2
71.5 msec : 1
71.6 msec : 1
71.7 msec : 1
71.8 msec : 0
71.9 msec : 0
72.0 msec : 0
72.1 msec : 1
72.2 msec : 2
72.3 msec : 2
72.4 msec : 2
72.5 msec : 2
72.6 msec : 1
72.7 msec : 2
72.8 msec : 0
72.9 msec : 3
73.0 msec : 2
73.1 msec : 2
73.2 msec : 0
73.3 msec : 0
73.4 msec : 1
73.5 msec : 0
73.6 msec : 0
73.7 msec : 1
73.8 msec : 1
73.9 msec : 1
74.0 msec : 2
74.1 msec : 1
74.2 msec : 2
74.3 msec : 6
74.4 msec : 3
74.5 msec : 2
74.6 msec : 0
74.7 msec : 0
74.8 msec : 1
74.9 msec : 3
75.0 msec : 0
75.1 msec : 1
75.2 msec : 5
75.3 msec : 3
75.4 msec : 1
75.5 msec : 1
75.6 msec : 0
75.7 msec : 0
75.8 msec : 1
75.9 msec : 3
76.0 msec : 8
76.1 msec : 4
76.2 msec : 4
76.3 msec : 0
76.4 msec : 1
76.5 msec : 0
76.6 msec : 5
76.7 msec : 0
76.8 msec : 1
76.9 msec : 4
77.0 msec : 1
77.1 msec : 2
77.2 msec : 4
77.3 msec : 2
77.4 msec : 0
77.5 msec : 3
77.6 msec : 2
77.7 msec : 3
77.8 msec : 4
77.9 msec : 4
78.0 msec : 0
78.1 msec : 3
78.2 msec : 2
78.3 msec : 1
78.4 msec : 2
78.5 msec : 0
78.6 msec : 1
78.7 msec : 0
78.8 msec : 1
78.9 msec : 0
79.0 msec : 0
79.1 msec : 0
79.2 msec : 0
79.3 msec : 0
79.4 msec : 1
79.5 msec : 0
79.6 msec : 1
79.7 msec : 1
79.8 msec : 0
79.9 msec : 0
80.0 msec : 0
80.1 msec : 1
80.2 msec : 0
80.3 msec : 0
80.4 msec : 0
80.5 msec : 0
80.6 msec : 0
80.7 msec : 1
80.8 msec : 0
80.9 msec : 0
81.0 msec : 1
81.1 msec : 0
81.2 msec : 0
81.3 msec : 0
81.4 msec : 0
81.5 msec : 0
81.6 msec : 0
81.7 msec : 1
81.8 msec : 0
81.9 msec : 0
82.0 msec : 1
82.1 msec : 2
82.2 msec : 0
82.3 msec : 3
82.4 msec : 1
82.5 msec : 2
82.6 msec : 1
82.7 msec : 0
82.8 msec : 1
82.9 msec : 2
83.0 msec : 1
83.1 msec : 1
83.2 msec : 0
83.3 msec : 0
83.4 msec : 1
83.5 msec : 0
83.6 msec : 0
83.7 msec : 0
83.8 msec : 0
83.9 msec : 0
84.0 msec : 0
84.1 msec : 0
84.2 msec : 1
84.3 msec : 0
84.4 msec : 1
84.5 msec : 0
84.6 msec : 0
84.7 msec : 0
84.8 msec : 0
84.9 msec : 0
85.0 msec : 1
85.1 msec : 0
85.2 msec : 1
85.3 msec : 2
85.4 msec : 0
85.5 msec : 1
85.6 msec : 0
85.7 msec : 1
85.8 msec : 0
85.9 msec : 0
86.0 msec : 0
86.1 msec : 0
86.2 msec : 2
86.3 msec : 0
86.4 msec : 1
86.5 msec : 1
86.6 msec : 1
86.7 msec : 0
86.8 msec : 1
86.9 msec : 0
87.0 msec : 2
87.1 msec : 1
87.2 msec : 1
87.3 msec : 1
87.4 msec : 0
87.5 msec : 1
87.6 msec : 2
87.7 msec : 2
87.8 msec : 0
87.9 msec : 3
88.0 msec : 1
88.1 msec : 0
88.2 msec : 0
88.3 msec : 0
88.4 msec : 1
88.5 msec : 1
88.6 msec : 0
88.7 msec : 0
88.8 msec : 0
88.9 msec : 2
89.0 msec : 0
89.1 msec : 1
89.2 msec : 0
89.3 msec : 0
89.4 msec : 1
89.5 msec : 0
89.6 msec : 1
89.7 msec : 0
89.8 msec : 0
89.9 msec : 0
90.0 msec : 0
90.1 msec : 0
90.2 msec : 0
90.3 msec : 0
90.4 msec : 1
90.5 msec : 1
90.6 msec : 0
90.7 msec : 2
90.8 msec : 0
90.9 msec : 2
91.0 msec : 3
91.1 msec : 1
91.2 msec : 3
91.3 msec : 3
91.4 msec : 1
91.5 msec : 0
91.6 msec : 1
91.7 msec : 2
91.8 msec : 1
91.9 msec : 0
92.0 msec : 3
92.1 msec : 1
92.2 msec : 3
92.3 msec : 0
92.4 msec : 1
92.5 msec : 4
92.6 msec : 1
92.7 msec : 1
92.8 msec : 1
92.9 msec : 1
93.0 msec : 1
93.1 msec : 0
93.2 msec : 1
93.3 msec : 0
93.4 msec : 0
93.5 msec : 2
93.6 msec : 3
93.7 msec : 2
93.8 msec : 6
93.9 msec : 1
94.0 msec : 4
94.1 msec : 0
94.2 msec : 2
94.3 msec : 2
94.4 msec : 0
94.5 msec : 3
94.6 msec : 4
94.7 msec : 1
94.8 msec : 1
94.9 msec : 1
95.0 msec : 0
95.1 msec : 0
95.2 msec : 2
95.3 msec : 0
95.4 msec : 2
95.5 msec : 0
95.6 msec : 0
95.7 msec : 0
95.8 msec : 0
95.9 msec : 0
96.0 msec : 0
96.1 msec : 0
96.2 msec : 0
96.3 msec : 0
96.4 msec : 0
96.5 msec : 0
96.6 msec : 1
96.7 msec : 1
96.8 msec : 1
96.9 msec : 1
97.0 msec : 0
97.1 msec : 1
97.2 msec : 1
97.3 msec : 0
97.4 msec : 1
97.5 msec : 1
97.6 msec : 0
97.7 msec : 3
97.8 msec : 0
97.9 msec : 0
98.0 msec : 2
98.1 msec : 1
98.2 msec : 0
98.3 msec : 0
98.4 msec : 1
98.5 msec : 2
98.6 msec : 2
98.7 msec : 1
98.8 msec : 2
98.9 msec : 6
99.0 msec : 4
99.1 msec : 1
99.2 msec : 8
99.3 msec : 1
99.4 msec : 2
99.5 msec : 2
99.6 msec : 3
99.7 msec : 2
99.8 msec : 0
99.9 msec : 1
100.0 msec : 0
100.1 msec : 2
100.2 msec : 0
100.3 msec : 0
100.4 msec : 0
100.5 msec : 0
100.6 msec : 0
100.7 msec : 1
100.8 msec : 1
100.9 msec : 3
101.0 msec : 3
101.1 msec : 1
101.2 msec : 1
101.3 msec : 4
101.4 msec : 1
101.5 msec : 0
101.6 msec : 1
101.7 msec : 0
101.8 msec : 2
101.9 msec : 0
102.0 msec : 2
102.1 msec : 2
102.2 msec : 0
102.3 msec : 1
102.4 msec : 2
102.5 msec : 0
102.6 msec : 1
102.7 msec : 0
102.8 msec : 0
102.9 msec : 0
103.0 msec : 0
103.1 msec : 1
103.2 msec : 0
103.3 msec : 1
103.4 msec : 0
103.5 msec : 0
103.6 msec : 1
103.7 msec : 3
103.8 msec : 1
103.9 msec : 0
104.0 msec : 1
104.1 msec : 3
104.2 msec : 2
104.3 msec : 1
104.4 msec : 1
104.5 msec : 1
104.6 msec : 7
104.7 msec : 2
104.8 msec : 2
104.9 msec : 3
105.0 msec : 3
105.1 msec : 0
105.2 msec : 2
105.3 msec : 0
105.4 msec : 0
105.5 msec : 0
105.6 msec : 3
105.7 msec : 0
105.8 msec : 0
105.9 msec : 2
106.0 msec : 0
106.1 msec : 0
106.2 msec : 1
106.3 msec : 0
106.4 msec : 2
106.5 msec : 0
106.6 msec : 0
106.7 msec : 3
106.8 msec : 1
106.9 msec : 2
107.0 msec : 0
107.1 msec : 2
107.2 msec : 1
107.3 msec : 0
107.4 msec : 2
107.5 msec : 0
107.6 msec : 0
107.7 msec : 0
107.8 msec : 0
107.9 msec : 0
108.0 msec : 0
108.1 msec : 0
108.2 msec : 3
108.3 msec : 2
108.4 msec : 0
108.5 msec : 1
108.6 msec : 1
108.7 msec : 2
108.8 msec : 0
108.9 msec : 2
109.0 msec : 0
109.1 msec : 3
109.2 msec : 0
109.3 msec : 1
109.4 msec : 2
109.5 msec : 0
109.6 msec : 1
109.7 msec : 1
109.8 msec : 0
109.9 msec : 0
110.0 msec : 0
110.1 msec : 1
110.2 msec : 4
110.3 msec : 0
110.4 msec : 6
110.5 msec : 3
110.6 msec : 0
110.7 msec : 0
110.8 msec : 1
110.9 msec : 1
111.0 msec : 2
111.1 msec : 0
111.2 msec : 1
111.3 msec : 2
111.4 msec : 1
111.5 msec : 1
111.6 msec : 1
111.7 msec : 1
111.8 msec : 1
111.9 msec : 2
112.0 msec : 0
112.1 msec : 2
112.2 msec : 0
112.3 msec : 1
112.4 msec : 2
112.5 msec : 0
112.6 msec : 0
112.7 msec : 1
112.8 msec : 1
112.9 msec : 2
113.0 msec : 0
113.1 msec : 0
113.2 msec : 0
113.3 msec : 1
113.4 msec : 0
113.5 msec : 1
113.6 msec : 0
113.7 msec : 0
113.8 msec : 1
113.9 msec : 0
114.0 msec : 0
114.1 msec : 0
114.2 msec : 0
114.3 msec : 1
114.4 msec : 0
114.5 msec : 0
114.6 msec : 0
114.7 msec : 0
114.8 msec : 0
114.9 msec : 0
115.0 msec : 0
115.1 msec : 0
115.2 msec : 1
115.3 msec : 1
115.4 msec : 0
115.5 msec : 1
115.6 msec : 0
115.7 msec : 0
115.8 msec : 0
115.9 msec : 0
116.0 msec : 1
116.1 msec : 2
116.2 msec : 0
116.3 msec : 0
116.4 msec : 0
116.5 msec : 1
116.6 msec : 0
116.7 msec : 0
116.8 msec : 1
116.9 msec : 0
117.0 msec : 1
117.1 msec : 2
117.2 msec : 0
117.3 msec : 2
117.4 msec : 2
117.5 msec : 1
117.6 msec : 1
117.7 msec : 0
117.8 msec : 2
117.9 msec : 0
118.0 msec : 2
118.1 msec : 0
118.2 msec : 1
118.3 msec : 1
118.4 msec : 0
118.5 msec : 1
118.6 msec : 1
118.7 msec : 0
118.8 msec : 1
118.9 msec : 1
119.0 msec : 2
119.1 msec : 2
119.2 msec : 6
119.3 msec : 2
119.4 msec : 0
119.5 msec : 2
119.6 msec : 0
119.7 msec : 2
119.8 msec : 0
119.9 msec : 1
120.0 msec : 0
120.1 msec : 0
120.2 msec : 1
120.3 msec : 3
120.4 msec : 1
120.5 msec : 3
120.6 msec : 2
120.7 msec : 4
120.8 msec : 3
120.9 msec : 1
121.0 msec : 2
121.1 msec : 1
121.2 msec : 1
121.3 msec : 1
121.4 msec : 0
121.5 msec : 0
121.6 msec : 0
121.7 msec : 0
121.8 msec : 0
121.9 msec : 0
122.0 msec : 0
122.1 msec : 1
122.2 msec : 0
122.3 msec : 1
122.4 msec : 0
122.5 msec : 2
122.6 msec : 2
122.7 msec : 0
122.8 msec : 1
122.9 msec : 0
123.0 msec : 0
123.1 msec : 2
123.2 msec : 1
123.3 msec : 0
123.4 msec : 1
123.5 msec : 0
123.6 msec : 4
123.7 msec : 1
123.8 msec : 2
123.9 msec : 1
124.0 msec : 6
124.1 msec : 2
124.2 msec : 1
124.3 msec : 2
124.4 msec : 2
124.5 msec : 0
124.6 msec : 4
124.7 msec : 3
124.8 msec : 3
124.9 msec : 3
125.0 msec : 2
125.1 msec : 1
125.2 msec : 0
125.3 msec : 1
125.4 msec : 2
125.5 msec : 2
125.6 msec : 3
125.7 msec : 1
125.8 msec : 0
125.9 msec : 1
126.0 msec : 0
126.1 msec : 2
126.2 msec : 0
126.3 msec : 0
126.4 msec : 1
126.5 msec : 2
126.6 msec : 3
126.7 msec : 4
126.8 msec : 7
126.9 msec : 4
127.0 msec : 4
127.1 msec : 2
127.2 msec : 0
127.3 msec : 2
127.4 msec : 1
127.5 msec : 1
127.6 msec : 2
127.7 msec : 1
127.8 msec : 1
127.9 msec : 1
128.0 msec : 0
128.1 msec : 0
128.2 msec : 3
128.3 msec : 1
128.4 msec : 8
128.5 msec : 1
128.6 msec : 0
128.7 msec : 1
128.8 msec : 1
128.9 msec : 0
129.0 msec : 0
129.1 msec : 2
129.2 msec : 1
129.3 msec : 2
129.4 msec : 1
129.5 msec : 1
129.6 msec : 3
129.7 msec : 0
129.8 msec : 1
129.9 msec : 2
130.0 msec : 0
130.1 msec : 1
130.2 msec : 3
130.3 msec : 2
130.4 msec : 1
130.5 msec : 1
130.6 msec : 1
130.7 msec : 3
130.8 msec : 0
130.9 msec : 0
131.0 msec : 0
131.1 msec : 0
131.2 msec : 1
131.3 msec : 0
131.4 msec : 0
131.5 msec : 0
131.6 msec : 1
131.7 msec : 3
131.8 msec : 0
131.9 msec : 0
132.0 msec : 2
132.1 msec : 0
132.2 msec : 0
132.3 msec : 0
132.4 msec : 1
132.5 msec : 0
132.6 msec : 1
132.7 msec : 0
132.8 msec : 1
132.9 msec : 0
133.0 msec : 0
133.1 msec : 0
133.2 msec : 1
133.3 msec : 0
133.4 msec : 0
133.5 msec : 0
133.6 msec : 0
133.7 msec : 0
133.8 msec : 0
133.9 msec : 0
134.0 msec : 1
134.1 msec : 1
134.2 msec : 2
134.3 msec : 1
134.4 msec : 0
134.5 msec : 0
134.6 msec : 0
134.7 msec : 0
134.8 msec : 1
134.9 msec : 0
135.0 msec : 0
135.1 msec : 1
135.2 msec : 0
135.3 msec : 1
135.4 msec : 2
135.5 msec : 3
135.6 msec : 3
135.7 msec : 5
135.8 msec : 1
135.9 msec : 1
136.0 msec : 1
136.1 msec : 0
136.2 msec : 0
136.3 msec : 0
136.4 msec : 0
136.5 msec : 1
136.6 msec : 1
136.7 msec : 0
136.8 msec : 1
136.9 msec : 1
137.0 msec : 0
137.1 msec : 0
137.2 msec : 1
137.3 msec : 0
137.4 msec : 1
137.5 msec : 0
137.6 msec : 1
137.7 msec : 0
137.8 msec : 0
137.9 msec : 0
138.0 msec : 1
138.1 msec : 0
138.2 msec : 0
138.3 msec : 1
138.4 msec : 5
138.5 msec : 1
138.6 msec : 1
138.7 msec : 1
138.8 msec : 1
138.9 msec : 6
139.0 msec : 1
139.1 msec : 1
139.2 msec : 0
139.3 msec : 2
139.4 msec : 2
139.5 msec : 0
139.6 msec : 3
139.7 msec : 0
139.8 msec : 1
139.9 msec : 0
140.0 msec : 0
140.1 msec : 0
140.2 msec : 1
140.3 msec : 1
140.4 msec : 1
140.5 msec : 1
140.6 msec : 3
140.7 msec : 5
140.8 msec : 2
140.9 msec : 4
141.0 msec : 0
141.1 msec : 3
141.2 msec : 2
141.3 msec : 3
141.4 msec : 6
141.5 msec : 3
141.6 msec : 2
141.7 msec : 3
141.8 msec : 4
141.9 msec : 0
142.0 msec : 3
142.1 msec : 5
142.2 msec : 1
142.3 msec : 4
142.4 msec : 6
142.5 msec : 2
142.6 msec : 4
142.7 msec : 4
142.8 msec : 2
142.9 msec : 5
143.0 msec : 2
143.1 msec : 4
143.2 msec : 0
143.3 msec : 4
143.4 msec : 0
143.5 msec : 6
143.6 msec : 4
143.7 msec : 3
143.8 msec : 2
143.9 msec : 1
144.0 msec : 1
144.1 msec : 0
144.2 msec : 0
144.3 msec : 0
144.4 msec : 0
144.5 msec : 0
144.6 msec : 0
144.7 msec : 0
144.8 msec : 0
144.9 msec : 0
145.0 msec : 1
145.1 msec : 0
145.2 msec : 0
145.3 msec : 0
145.4 msec : 1
145.5 msec : 0
145.6 msec : 0
145.7 msec : 0
145.8 msec : 2
145.9 msec : 0
146.0 msec : 0
146.1 msec : 0
146.2 msec : 0
146.3 msec : 0
146.4 msec : 2
146.5 msec : 1
146.6 msec : 0
146.7 msec : 1
146.8 msec : 3
146.9 msec : 1
147.0 msec : 0
147.1 msec : 1
147.2 msec : 0
147.3 msec : 0
147.4 msec : 0
147.5 msec : 0
147.6 msec : 1
147.7 msec : 0
147.8 msec : 0
147.9 msec : 0
148.0 msec : 0
148.1 msec : 0
148.2 msec : 0
148.3 msec : 0
148.4 msec : 0
148.5 msec : 0
148.6 msec : 0
148.7 msec : 0
148.8 msec : 0
148.9 msec : 0
149.0 msec : 1
149.1 msec : 0
149.2 msec : 0
149.3 msec : 0
149.4 msec : 0
149.5 msec : 0
149.6 msec : 0
149.7 msec : 0
149.8 msec : 1
149.9 msec : 0
150.0 msec : 0
150.1 msec : 0
150.2 msec : 0
150.3 msec : 0
150.4 msec : 0
150.5 msec : 0
150.6 msec : 0
150.7 msec : 0
150.8 msec : 0
150.9 msec : 0
151.0 msec : 0
151.1 msec : 0
151.2 msec : 0
151.3 msec : 0
151.4 msec : 0
151.5 msec : 0
151.6 msec : 0
151.7 msec : 0
151.8 msec : 0
151.9 msec : 0
152.0 msec : 0
152.1 msec : 0
152.2 msec : 0
152.3 msec : 0
152.4 msec : 0
152.5 msec : 0
152.6 msec : 0
152.7 msec : 0
152.8 msec : 0
152.9 msec : 0
153.0 msec : 0
153.1 msec : 0
153.2 msec : 0
153.3 msec : 0
153.4 msec : 0
153.5 msec : 1
153.6 msec : 0
153.7 msec : 0
153.8 msec : 0
153.9 msec : 0
154.0 msec : 0
154.1 msec : 0
154.2 msec : 0
154.3 msec : 0
154.4 msec : 0
154.5 msec : 0
154.6 msec : 0
154.7 msec : 0
154.8 msec : 0
154.9 msec : 0
155.0 msec : 0
155.1 msec : 0
155.2 msec : 1
155.3 msec : 1
155.4 msec : 2
155.5 msec : 3
155.6 msec : 0
155.7 msec : 0
155.8 msec : 0
155.9 msec : 0
156.0 msec : 0
156.1 msec : 0
156.2 msec : 1
156.3 msec : 1
156.4 msec : 0
156.5 msec : 1
156.6 msec : 0
156.7 msec : 1
156.8 msec : 5
156.9 msec : 4
157.0 msec : 4
157.1 msec : 3
157.2 msec : 0
157.3 msec : 1
157.4 msec : 0
157.5 msec : 0
157.6 msec : 0
157.7 msec : 0
157.8 msec : 0
157.9 msec : 0
158.0 msec : 2
158.1 msec : 4
158.2 msec : 5
158.3 msec : 1
158.4 msec : 1
158.5 msec : 1
158.6 msec : 3
158.7 msec : 0
158.8 msec : 1
158.9 msec : 4
159.0 msec : 0
159.1 msec : 0
159.2 msec : 0
159.3 msec : 0
159.4 msec : 0
159.5 msec : 0
159.6 msec : 0
159.7 msec : 0
159.8 msec : 0
159.9 msec : 0
160.0 msec : 1
160.1 msec : 0
160.2 msec : 1
160.3 msec : 0
160.4 msec : 0
160.5 msec : 0
160.6 msec : 0
160.7 msec : 1
160.8 msec : 0
160.9 msec : 2
161.0 msec : 1
161.1 msec : 3
161.2 msec : 2
161.3 msec : 1
161.4 msec : 4
161.5 msec : 4
161.6 msec : 2
161.7 msec : 1
161.8 msec : 1
161.9 msec : 3
162.0 msec : 0
162.1 msec : 0
162.2 msec : 0
162.3 msec : 0
162.4 msec : 0
162.5 msec : 0
162.6 msec : 0
162.7 msec : 0
162.8 msec : 0
162.9 msec : 0
163.0 msec : 0
163.1 msec : 0
163.2 msec : 0
163.3 msec : 0
163.4 msec : 0
163.5 msec : 0
163.6 msec : 0
163.7 msec : 0
163.8 msec : 0
163.9 msec : 0
164.0 msec : 0
164.1 msec : 0
164.2 msec : 0
164.3 msec : 0
164.4 msec : 0
164.5 msec : 0
164.6 msec : 0
164.7 msec : 0
164.8 msec : 0
164.9 msec : 0
165.0 msec : 0
165.1 msec : 0
165.2 msec : 0
165.3 msec : 0
165.4 msec : 0
165.5 msec : 0
165.6 msec : 0
165.7 msec : 0
165.8 msec : 2
165.9 msec : 0
166.0 msec : 1
166.1 msec : 0
166.2 msec : 0
166.3 msec : 0
166.4 msec : 0
166.5 msec : 0
166.6 msec : 0
166.7 msec : 0
166.8 msec : 0
166.9 msec : 0
167.0 msec : 0
167.1 msec : 0
167.2 msec : 0
167.3 msec : 0
167.4 msec : 0
167.5 msec : 0
167.6 msec : 0
167.7 msec : 0
167.8 msec : 0
167.9 msec : 1
168.0 msec : 0
168.1 msec : 0
168.2 msec : 0
168.3 msec : 0
168.4 msec : 0
168.5 msec : 0
168.6 msec : 0
168.7 msec : 0
168.8 msec : 0
168.9 msec : 0
169.0 msec : 0
169.1 msec : 0
169.2 msec : 0
169.3 msec : 0
169.4 msec : 0
169.5 msec : 0
169.6 msec : 0
169.7 msec : 0
169.8 msec : 0
169.9 msec : 0
170.0 msec : 0
170.1 msec : 0
170.2 msec : 0
170.3 msec : 0
170.4 msec : 0
170.5 msec : 0
170.6 msec : 0
170.7 msec : 0
170.8 msec : 0
170.9 msec : 0
171.0 msec : 0
171.1 msec : 1
171.2 msec : 0
171.3 msec : 0
171.4 msec : 0
171.5 msec : 0
171.6 msec : 0
171.7 msec : 0
171.8 msec : 0
171.9 msec : 0
172.0 msec : 1
172.1 msec : 0
172.2 msec : 0
172.3 msec : 0
172.4 msec : 0
172.5 msec : 0
172.6 msec : 0
172.7 msec : 0
172.8 msec : 0
172.9 msec : 0
173.0 msec : 0
173.1 msec : 0
173.2 msec : 0
173.3 msec : 0
173.4 msec : 1
173.5 msec : 0
173.6 msec : 1
173.7 msec : 1
173.8 msec : 0
173.9 msec : 1
174.0 msec : 0
174.1 msec : 0
174.2 msec : 0
174.3 msec : 0
174.4 msec : 0
174.5 msec : 0
174.6 msec : 0
174.7 msec : 0
174.8 msec : 0
174.9 msec : 0
175.0 msec : 0
175.1 msec : 0
175.2 msec : 0
175.3 msec : 0
175.4 msec : 0
175.5 msec : 0
175.6 msec : 0
175.7 msec : 0
175.8 msec : 0
175.9 msec : 0
176.0 msec : 0
176.1 msec : 0
176.2 msec : 0
176.3 msec : 0
176.4 msec : 0
176.5 msec : 0
176.6 msec : 0
176.7 msec : 0
176.8 msec : 0
176.9 msec : 0
177.0 msec : 0
177.1 msec : 0
177.2 msec : 0
177.3 msec : 0
177.4 msec : 0
177.5 msec : 0
177.6 msec : 0
177.7 msec : 0
177.8 msec : 0
177.9 msec : 0
178.0 msec : 0
178.1 msec : 0
178.2 msec : 0
178.3 msec : 0
178.4 msec : 0
178.5 msec : 0
178.6 msec : 0
178.7 msec : 0
178.8 msec : 0
178.9 msec : 0
179.0 msec : 0
179.1 msec : 0
179.2 msec : 0
179.3 msec : 0
179.4 msec : 0
179.5 msec : 0
179.6 msec : 0
179.7 msec : 0
179.8 msec : 0
179.9 msec : 0
180.0 msec : 0
180.1 msec : 0
180.2 msec : 0
180.3 msec : 0
180.4 msec : 0
180.5 msec : 0
180.6 msec : 0
180.7 msec : 0
180.8 msec : 0
180.9 msec : 0
181.0 msec : 0
181.1 msec : 0
181.2 msec : 0
181.3 msec : 1
181.4 msec : 0
181.5 msec : 0
181.6 msec : 0
181.7 msec : 0
181.8 msec : 0
181.9 msec : 0
182.0 msec : 0
182.1 msec : 0
182.2 msec : 0
182.3 msec : 0
182.4 msec : 0
182.5 msec : 0
182.6 msec : 0
182.7 msec : 0
182.8 msec : 0
182.9 msec : 0
183.0 msec : 0
183.1 msec : 0
183.2 msec : 0
183.3 msec : 0
183.4 msec : 0
183.5 msec : 0
183.6 msec : 0
183.7 msec : 0
183.8 msec : 0
183.9 msec : 0
184.0 msec : 0
184.1 msec : 0
184.2 msec : 0
184.3 msec : 0
184.4 msec : 0
184.5 msec : 0
184.6 msec : 0
184.7 msec : 0
184.8 msec : 0
184.9 msec : 0
185.0 msec : 0
185.1 msec : 0
185.2 msec : 0
185.3 msec : 0
185.4 msec : 0
185.5 msec : 0
185.6 msec : 0
185.7 msec : 0
185.8 msec : 0
185.9 msec : 0
186.0 msec : 0
186.1 msec : 0
186.2 msec : 0
186.3 msec : 0
186.4 msec : 0
186.5 msec : 0
186.6 msec : 0
186.7 msec : 0
186.8 msec : 2
186.9 msec : 0
187.0 msec : 1
187.1 msec : 0
187.2 msec : 0
187.3 msec : 0
187.4 msec : 0
187.5 msec : 0
187.6 msec : 0
187.7 msec : 0
187.8 msec : 0
187.9 msec : 0
188.0 msec : 0
188.1 msec : 0
188.2 msec : 0
188.3 msec : 0
188.4 msec : 0
188.5 msec : 0
188.6 msec : 0
188.7 msec : 0
188.8 msec : 0
188.9 msec : 0
189.0 msec : 0
189.1 msec : 0
189.2 msec : 0
189.3 msec : 0
189.4 msec : 0
189.5 msec : 0
189.6 msec : 0
189.7 msec : 0
189.8 msec : 0
189.9 msec : 0
190.0 msec : 0
190.1 msec : 0
190.2 msec : 0
190.3 msec : 0
190.4 msec : 0
190.5 msec : 0
190.6 msec : 0
190.7 msec : 0
190.8 msec : 0
190.9 msec : 0
191.0 msec : 0
191.1 msec : 0
191.2 msec : 0
191.3 msec : 0
191.4 msec : 0
191.5 msec : 0
191.6 msec : 0
191.7 msec : 0
191.8 msec : 0
191.9 msec : 0
192.0 msec : 0
192.1 msec : 0
192.2 msec : 0
192.3 msec : 0
192.4 msec : 0
192.5 msec : 0
192.6 msec : 0
192.7 msec : 0
192.8 msec : 0
192.9 msec : 0
193.0 msec : 0
193.1 msec : 0
193.2 msec : 0
193.3 msec : 0
193.4 msec : 0
193.5 msec : 0
193.6 msec : 0
193.7 msec : 0
193.8 msec : 0
193.9 msec : 0
194.0 msec : 0
194.1 msec : 0
194.2 msec : 0
194.3 msec : 0
194.4 msec : 0
194.5 msec : 0
194.6 msec : 0
194.7 msec : 0
194.8 msec : 0
194.9 msec : 0
195.0 msec : 0
195.1 msec : 0
195.2 msec : 0
195.3 msec : 0
195.4 msec : 0
195.5 msec : 0
195.6 msec : 0
195.7 msec : 0
195.8 msec : 0
195.9 msec : 0
196.0 msec : 0
196.1 msec : 0
196.2 msec : 0
196.3 msec : 0
196.4 msec : 0
196.5 msec : 0
196.6 msec : 0
196.7 msec : 0
196.8 msec : 0
196.9 msec : 0
197.0 msec : 0
197.1 msec : 0
197.2 msec : 0
197.3 msec : 0
197.4 msec : 0
197.5 msec : 0
197.6 msec : 0
197.7 msec : 0
197.8 msec : 0
197.9 msec : 0
198.0 msec : 0
198.1 msec : 0
198.2 msec : 0
198.3 msec : 0
198.4 msec : 0
198.5 msec : 0
198.6 msec : 0
198.7 msec : 0
198.8 msec : 1
198.9 msec : 0
199.0 msec : 1
199.1 msec : 0
199.2 msec : 2
199.3 msec : 0
199.4 msec : 0
199.5 msec : 1
199.6 msec : 0
199.7 msec : 0
199.8 msec : 0
199.9 msec : 0
200.0 msec : 0
200.1 msec : 0
200.2 msec : 0
200.3 msec : 0
200.4 msec : 0
200.5 msec : 0
200.6 msec : 1
200.7 msec : 0
200.8 msec : 0
200.9 msec : 0
201.0 msec : 0
201.1 msec : 0
201.2 msec : 0
201.3 msec : 0
201.4 msec : 0
201.5 msec : 0
201.6 msec : 0
201.7 msec : 0
201.8 msec : 0
201.9 msec : 0
202.0 msec : 0
202.1 msec : 0
202.2 msec : 0
202.3 msec : 0
202.4 msec : 0
202.5 msec : 0
202.6 msec : 0
202.7 msec : 0
202.8 msec : 0
202.9 msec : 0
203.0 msec : 1
203.1 msec : 1
203.2 msec : 0
203.3 msec : 0
203.4 msec : 0
203.5 msec : 0
203.6 msec : 0
203.7 msec : 0
203.8 msec : 0
203.9 msec : 0
204.0 msec : 0
204.1 msec : 0
204.2 msec : 0
204.3 msec : 0
204.4 msec : 0
204.5 msec : 0
204.6 msec : 0
204.7 msec : 0
204.8 msec : 0
204.9 msec : 0
205.0 msec : 0
205.1 msec : 0
205.2 msec : 0
205.3 msec : 0
205.4 msec : 0
205.5 msec : 0
205.6 msec : 0
205.7 msec : 0
205.8 msec : 0
205.9 msec : 0
206.0 msec : 0
206.1 msec : 0
206.2 msec : 0
206.3 msec : 0
206.4 msec : 0
206.5 msec : 0
206.6 msec : 0
206.7 msec : 0
206.8 msec : 0
206.9 msec : 0
207.0 msec : 0
207.1 msec : 0
207.2 msec : 1
207.3 msec : 0
207.4 msec : 0
207.5 msec : 0
207.6 msec : 0
207.7 msec : 0
207.8 msec : 0
207.9 msec : 0
208.0 msec : 0
208.1 msec : 0
208.2 msec : 0
208.3 msec : 0
208.4 msec : 0
208.5 msec : 0
208.6 msec : 0
208.7 msec : 0
208.8 msec : 0
208.9 msec : 0
209.0 msec : 0
209.1 msec : 0
209.2 msec : 0
209.3 msec : 0
209.4 msec : 0
209.5 msec : 0
209.6 msec : 3
209.7 msec : 0
209.8 msec : 0
209.9 msec : 0
210.0 msec : 0
210.1 msec : 0
210.2 msec : 0
210.3 msec : 0
210.4 msec : 0
210.5 msec : 0
210.6 msec : 0
210.7 msec : 0
210.8 msec : 0
210.9 msec : 0
211.0 msec : 0
211.1 msec : 0
211.2 msec : 0
211.3 msec : 0
211.4 msec : 0
211.5 msec : 0
211.6 msec : 0
211.7 msec : 0
211.8 msec : 0
211.9 msec : 0
212.0 msec : 0
212.1 msec : 0
212.2 msec : 0
212.3 msec : 0
212.4 msec : 0
212.5 msec : 0
212.6 msec : 0
212.7 msec : 0
212.8 msec : 0
212.9 msec : 0
213.0 msec : 0
213.1 msec : 0
213.2 msec : 0
213.3 msec : 0
213.4 msec : 0
213.5 msec : 0
213.6 msec : 1
213.7 msec : 0
213.8 msec : 0
213.9 msec : 0
214.0 msec : 0
214.1 msec : 0
214.2 msec : 0
214.3 msec : 0
214.4 msec : 0
214.5 msec : 0
214.6 msec : 2
214.7 msec : 0
214.8 msec : 1
214.9 msec : 0
215.0 msec : 0
215.1 msec : 0
215.2 msec : 0
215.3 msec : 0
215.4 msec : 0
215.5 msec : 0
215.6 msec : 0
215.7 msec : 0
215.8 msec : 0
215.9 msec : 0
216.0 msec : 0
216.1 msec : 0
216.2 msec : 0
216.3 msec : 0
216.4 msec : 0
216.5 msec : 0
216.6 msec : 0
216.7 msec : 0
216.8 msec : 0
216.9 msec : 0
217.0 msec : 0
217.1 msec : 0
217.2 msec : 0
217.3 msec : 0
217.4 msec : 0
217.5 msec : 0
217.6 msec : 0
217.7 msec : 0
217.8 msec : 0
217.9 msec : 0
218.0 msec : 0
218.1 msec : 0
218.2 msec : 0
218.3 msec : 0
218.4 msec : 0
218.5 msec : 0
218.6 msec : 0
218.7 msec : 0
218.8 msec : 0
218.9 msec : 0
219.0 msec : 0
219.1 msec : 0
219.2 msec : 0
219.3 msec : 0
219.4 msec : 0
219.5 msec : 0
219.6 msec : 0
219.7 msec : 0
219.8 msec : 0
219.9 msec : 0
220.0 msec : 0
220.1 msec : 0
220.2 msec : 0
220.3 msec : 0
220.4 msec : 0
220.5 msec : 0
220.6 msec : 0
220.7 msec : 0
220.8 msec : 0
220.9 msec : 0
221.0 msec : 0
221.1 msec : 1
221.2 msec : 0
221.3 msec : 1
221.4 msec : 0
221.5 msec : 0
221.6 msec : 0
221.7 msec : 0
221.8 msec : 0
221.9 msec : 0
222.0 msec : 0
222.1 msec : 0
222.2 msec : 0
222.3 msec : 0
222.4 msec : 0
222.5 msec : 0
222.6 msec : 0
222.7 msec : 0
222.8 msec : 0
222.9 msec : 0
223.0 msec : 0
223.1 msec : 0
223.2 msec : 0
223.3 msec : 0
223.4 msec : 0
223.5 msec : 0
223.6 msec : 0
223.7 msec : 0
223.8 msec : 0
223.9 msec : 0
224.0 msec : 0
224.1 msec : 0
224.2 msec : 0
224.3 msec : 0
224.4 msec : 0
224.5 msec : 0
224.6 msec : 0
224.7 msec : 0
224.8 msec : 0
224.9 msec : 0
225.0 msec : 0
225.1 msec : 0
225.2 msec : 0
225.3 msec : 0
225.4 msec : 0
225.5 msec : 0
225.6 msec : 0
225.7 msec : 0
225.8 msec : 0
225.9 msec : 0
226.0 msec : 0
226.1 msec : 0
226.2 msec : 0
226.3 msec : 0
226.4 msec : 0
226.5 msec : 0
226.6 msec : 0
226.7 msec : 0
226.8 msec : 0
226.9 msec : 0
227.0 msec : 0
227.1 msec : 0
227.2 msec : 0
227.3 msec : 0
227.4 msec : 0
227.5 msec : 0
227.6 msec : 0
227.7 msec : 0
227.8 msec : 0
227.9 msec : 0
228.0 msec : 0
228.1 msec : 0
228.2 msec : 0
228.3 msec : 1
228.4 msec : 0
228.5 msec : 1
228.6 msec : 0
228.7 msec : 0
228.8 msec : 0
228.9 msec : 0
229.0 msec : 0
229.1 msec : 0
229.2 msec : 0
229.3 msec : 0
229.4 msec : 0
229.5 msec : 0
229.6 msec : 0
229.7 msec : 0
229.8 msec : 0
229.9 msec : 0
230.0 msec : 0
230.1 msec : 0
230.2 msec : 0
230.3 msec : 0
230.4 msec : 0
230.5 msec : 0
230.6 msec : 0
230.7 msec : 0
230.8 msec : 0
230.9 msec : 0
231.0 msec : 0
231.1 msec : 0
231.2 msec : 0
231.3 msec : 0
231.4 msec : 0
231.5 msec : 0
231.6 msec : 0
231.7 msec : 0
231.8 msec : 0
231.9 msec : 0
232.0 msec : 0
232.1 msec : 0
232.2 msec : 0
232.3 msec : 0
232.4 msec : 0
232.5 msec : 0
232.6 msec : 0
232.7 msec : 1
232.8 msec : 0
232.9 msec : 0
233.0 msec : 0
233.1 msec : 0
233.2 msec : 0
233.3 msec : 0
233.4 msec : 0
233.5 msec : 0
233.6 msec : 0
233.7 msec : 0
233.8 msec : 0
233.9 msec : 0
234.0 msec : 0
234.1 msec : 0
234.2 msec : 0
234.3 msec : 0
234.4 msec : 0
234.5 msec : 0
234.6 msec : 0
234.7 msec : 0
234.8 msec : 0
234.9 msec : 0
235.0 msec : 0
235.1 msec : 0
235.2 msec : 0
235.3 msec : 0
235.4 msec : 0
235.5 msec : 0
235.6 msec : 0
235.7 msec : 0
235.8 msec : 0
235.9 msec : 0
236.0 msec : 0
236.1 msec : 0
236.2 msec : 0
236.3 msec : 0
236.4 msec : 0
236.5 msec : 0
236.6 msec : 0
236.7 msec : 0
236.8 msec : 0
236.9 msec : 0
237.0 msec : 0
237.1 msec : 0
237.2 msec : 0
237.3 msec : 0
237.4 msec : 0
237.5 msec : 0
237.6 msec : 0
237.7 msec : 0
237.8 msec : 1
237.9 msec : 0
238.0 msec : 1
238.1 msec : 0
238.2 msec : 1
238.3 msec : 0
238.4 msec : 0
238.5 msec : 0
238.6 msec : 0
238.7 msec : 0
238.8 msec : 0
238.9 msec : 0
239.0 msec : 0
239.1 msec : 0
239.2 msec : 0
239.3 msec : 0
239.4 msec : 0
239.5 msec : 0
239.6 msec : 0
239.7 msec : 0
239.8 msec : 0
239.9 msec : 0
240.0 msec : 0
240.1 msec : 0
240.2 msec : 0
240.3 msec : 0
240.4 msec : 0
240.5 msec : 1
240.6 msec : 0
240.7 msec : 1
240.8 msec : 1
240.9 msec : 0
241.0 msec : 0
241.1 msec : 0
241.2 msec : 0
241.3 msec : 0
241.4 msec : 0
241.5 msec : 0
241.6 msec : 0
241.7 msec : 0
241.8 msec : 1
241.9 msec : 0
242.0 msec : 1
242.1 msec : 0
242.2 msec : 0
242.3 msec : 0
242.4 msec : 0
242.5 msec : 0
242.6 msec : 0
242.7 msec : 0
242.8 msec : 0
242.9 msec : 0
243.0 msec : 0
243.1 msec : 0
243.2 msec : 0
243.3 msec : 0
243.4 msec : 0
243.5 msec : 0
243.6 msec : 0
243.7 msec : 0
243.8 msec : 0
243.9 msec : 0
244.0 msec : 0
244.1 msec : 0
244.2 msec : 0
244.3 msec : 2
244.4 msec : 0
244.5 msec : 0
244.6 msec : 0
244.7 msec : 0
244.8 msec : 0
244.9 msec : 0
245.0 msec : 0
245.1 msec : 0
245.2 msec : 0
245.3 msec : 0
245.4 msec : 0
245.5 msec : 0
245.6 msec : 0
245.7 msec : 0
245.8 msec : 0
245.9 msec : 0
246.0 msec : 0
246.1 msec : 0
246.2 msec : 0
246.3 msec : 0
246.4 msec : 0
246.5 msec : 0
246.6 msec : 0
246.7 msec : 0
246.8 msec : 0
246.9 msec : 0
247.0 msec : 0
247.1 msec : 0
247.2 msec : 0
247.3 msec : 0
247.4 msec : 0
247.5 msec : 0
247.6 msec : 0
247.7 msec : 0
247.8 msec : 0
247.9 msec : 0
248.0 msec : 0
248.1 msec : 0
248.2 msec : 0
248.3 msec : 0
248.4 msec : 0
248.5 msec : 0
248.6 msec : 0
248.7 msec : 0
248.8 msec : 0
248.9 msec : 0
249.0 msec : 0
249.1 msec : 0
249.2 msec : 0
249.3 msec : 0
249.4 msec : 0
249.5 msec : 0
249.6 msec : 0
249.7 msec : 0
249.8 msec : 0
249.9 msec : 0
250.0 msec : 0
250.1 msec : 0
250.2 msec : 0
250.3 msec : 0
250.4 msec : 0
250.5 msec : 0
250.6 msec : 0
250.7 msec : 0
250.8 msec : 0
250.9 msec : 0
251.0 msec : 0
251.1 msec : 0
251.2 msec : 0
251.3 msec : 0
251.4 msec : 0
251.5 msec : 0
251.6 msec : 0
251.7 msec : 0
251.8 msec : 0
251.9 msec : 0
252.0 msec : 0
252.1 msec : 0
252.2 msec : 0
252.3 msec : 0
252.4 msec : 0
252.5 msec : 0
252.6 msec : 0
252.7 msec : 0
252.8 msec : 0
252.9 msec : 0
253.0 msec : 0
253.1 msec : 0
253.2 msec : 0
253.3 msec : 0
253.4 msec : 0
253.5 msec : 0
253.6 msec : 0
253.7 msec : 1
253.8 msec : 0
253.9 msec : 0
254.0 msec : 1
254.1 msec : 0
254.2 msec : 0
254.3 msec : 0
254.4 msec : 0
254.5 msec : 0
254.6 msec : 0
254.7 msec : 0
254.8 msec : 0
254.9 msec : 0
255.0 msec : 1
255.1 msec : 0
255.2 msec : 0
255.3 msec : 0
255.4 msec : 0
255.5 msec : 0
255.6 msec : 0
255.7 msec : 0
255.8 msec : 0
255.9 msec : 0
256.0 msec : 0
256.1 msec : 0
256.2 msec : 0
256.3 msec : 0
256.4 msec : 0
256.5 msec : 0
256.6 msec : 0
256.7 msec : 1
256.8 msec : 0
256.9 msec : 1
257.0 msec : 0
257.1 msec : 0
257.2 msec : 0
257.3 msec : 0
257.4 msec : 0
257.5 msec : 0
257.6 msec : 0
257.7 msec : 0
257.8 msec : 0
257.9 msec : 0
258.0 msec : 0
258.1 msec : 0
258.2 msec : 0
258.3 msec : 0
258.4 msec : 0
258.5 msec : 0
258.6 msec : 0
258.7 msec : 0
258.8 msec : 0
258.9 msec : 0
259.0 msec : 0
259.1 msec : 0
259.2 msec : 0
259.3 msec : 0
259.4 msec : 0
259.5 msec : 0
259.6 msec : 0
259.7 msec : 0
259.8 msec : 0
259.9 msec : 0
260.0 msec : 0
260.1 msec : 0
260.2 msec : 0
260.3 msec : 0
260.4 msec : 0
260.5 msec : 0
260.6 msec : 0
260.7 msec : 0
260.8 msec : 0
260.9 msec : 0
261.0 msec : 0
261.1 msec : 0
261.2 msec : 0
261.3 msec : 0
261.4 msec : 0
261.5 msec : 0
261.6 msec : 0
261.7 msec : 0
261.8 msec : 0
261.9 msec : 0
262.0 msec : 0
262.1 msec : 0
262.2 msec : 0
262.3 msec : 0
262.4 msec : 0
262.5 msec : 0
262.6 msec : 0
262.7 msec : 0
262.8 msec : 0
262.9 msec : 0
263.0 msec : 0
263.1 msec : 0
263.2 msec : 0
263.3 msec : 0
263.4 msec : 0
263.5 msec : 0
263.6 msec : 0
263.7 msec : 0
263.8 msec : 0
263.9 msec : 0
264.0 msec : 0
264.1 msec : 0
264.2 msec : 0
264.3 msec : 0
264.4 msec : 0
264.5 msec : 0
264.6 msec : 0
264.7 msec : 0
264.8 msec : 0
264.9 msec : 0
265.0 msec : 0
265.1 msec : 0
265.2 msec : 0
265.3 msec : 0
265.4 msec : 0
265.5 msec : 0
265.6 msec : 0
265.7 msec : 0
265.8 msec : 0
265.9 msec : 0
266.0 msec : 0
266.1 msec : 0
266.2 msec : 0
266.3 msec : 0
266.4 msec : 0
266.5 msec : 0
266.6 msec : 0
266.7 msec : 0
266.8 msec : 0
266.9 msec : 0
267.0 msec : 0
267.1 msec : 0
267.2 msec : 0
267.3 msec : 0
267.4 msec : 0
267.5 msec : 0
267.6 msec : 0
267.7 msec : 0
267.8 msec : 0
267.9 msec : 0
268.0 msec : 0
268.1 msec : 0
268.2 msec : 0
268.3 msec : 0
268.4 msec : 0
268.5 msec : 0
268.6 msec : 0
268.7 msec : 0
268.8 msec : 2
268.9 msec : 0
269.0 msec : 1
269.1 msec : 1
269.2 msec : 0
269.3 msec : 1
269.4 msec : 0
269.5 msec : 0
269.6 msec : 0
269.7 msec : 0
269.8 msec : 0
269.9 msec : 0
270.0 msec : 0
270.1 msec : 0
270.2 msec : 0
270.3 msec : 0
270.4 msec : 0
270.5 msec : 0
270.6 msec : 0
270.7 msec : 0
270.8 msec : 0
270.9 msec : 0
271.0 msec : 0
271.1 msec : 0
271.2 msec : 0
271.3 msec : 0
271.4 msec : 0
271.5 msec : 0
271.6 msec : 0
271.7 msec : 0
271.8 msec : 0
271.9 msec : 0
272.0 msec : 0
272.1 msec : 0
272.2 msec : 0
272.3 msec : 0
272.4 msec : 0
272.5 msec : 0
272.6 msec : 0
272.7 msec : 0
272.8 msec : 0
272.9 msec : 0
273.0 msec : 0
273.1 msec : 0
273.2 msec : 0
273.3 msec : 0
273.4 msec : 0
273.5 msec : 0
273.6 msec : 0
273.7 msec : 0
273.8 msec : 0
273.9 msec : 1
274.0 msec : 1
274.1 msec : 0
274.2 msec : 0
274.3 msec : 0
274.4 msec : 1
274.5 msec : 2
274.6 msec : 2
274.7 msec : 1
274.8 msec : 1
274.9 msec : 1
275.0 msec : 1
275.1 msec : 0
275.2 msec : 0
275.3 msec : 0
275.4 msec : 0
275.5 msec : 0
275.6 msec : 1
275.7 msec : 1
275.8 msec : 0
275.9 msec : 0
276.0 msec : 0
276.1 msec : 0
276.2 msec : 0
276.3 msec : 1
276.4 msec : 0
276.5 msec : 0
276.6 msec : 1
276.7 msec : 1
276.8 msec : 0
276.9 msec : 5
277.0 msec : 1
277.1 msec : 6
277.2 msec : 2
277.3 msec : 0
277.4 msec : 4
277.5 msec : 1
277.6 msec : 3
277.7 msec : 0
277.8 msec : 1
277.9 msec : 1
278.0 msec : 1
278.1 msec : 0
278.2 msec : 0
278.3 msec : 0
278.4 msec : 1
278.5 msec : 4
278.6 msec : 3
278.7 msec : 3
278.8 msec : 1
278.9 msec : 0
279.0 msec : 3
279.1 msec : 0
279.2 msec : 5
279.3 msec : 1
279.4 msec : 2
279.5 msec : 1
279.6 msec : 1
279.7 msec : 6
279.8 msec : 4
279.9 msec : 4
280.0 msec : 2
280.1 msec : 1
280.2 msec : 3
280.3 msec : 2
280.4 msec : 6
280.5 msec : 4
280.6 msec : 6
280.7 msec : 8
280.8 msec : 6
280.9 msec : 5
281.0 msec : 5
281.1 msec : 3
281.2 msec : 3
281.3 msec : 0
281.4 msec : 5
281.5 msec : 1
281.6 msec : 0
281.7 msec : 0
281.8 msec : 1
281.9 msec : 2
282.0 msec : 1
282.1 msec : 1
282.2 msec : 0
282.3 msec : 0
282.4 msec : 0
282.5 msec : 0
282.6 msec : 0
282.7 msec : 1
282.8 msec : 1
282.9 msec : 0
283.0 msec : 0
283.1 msec : 0
283.2 msec : 0
283.3 msec : 0
283.4 msec : 0
283.5 msec : 0
283.6 msec : 1
283.7 msec : 0
283.8 msec : 0
283.9 msec : 0
284.0 msec : 0
284.1 msec : 0
284.2 msec : 1
284.3 msec : 0
284.4 msec : 0
284.5 msec : 0
284.6 msec : 1
284.7 msec : 1
284.8 msec : 0
284.9 msec : 1
285.0 msec : 0
285.1 msec : 3
285.2 msec : 1
285.3 msec : 3
285.4 msec : 3
285.5 msec : 3
285.6 msec : 6
285.7 msec : 2
285.8 msec : 5
285.9 msec : 2
286.0 msec : 5
286.1 msec : 5
286.2 msec : 2
286.3 msec : 2
286.4 msec : 6
286.5 msec : 5
286.6 msec : 3
286.7 msec : 3
286.8 msec : 2
286.9 msec : 0
287.0 msec : 0
287.1 msec : 1
287.2 msec : 3
287.3 msec : 2
287.4 msec : 2
287.5 msec : 1
287.6 msec : 6
287.7 msec : 1
287.8 msec : 1
287.9 msec : 0
288.0 msec : 0
288.1 msec : 0
288.2 msec : 2
288.3 msec : 1
288.4 msec : 2
288.5 msec : 1
288.6 msec : 3
288.7 msec : 2
288.8 msec : 8
288.9 msec : 3
289.0 msec : 10
289.1 msec : 9
289.2 msec : 3
289.3 msec : 4
289.4 msec : 3
289.5 msec : 2
289.6 msec : 2
289.7 msec : 4
289.8 msec : 1
289.9 msec : 0
290.0 msec : 0
290.1 msec : 1
290.2 msec : 0
290.3 msec : 0
290.4 msec : 0
290.5 msec : 1
290.6 msec : 0
290.7 msec : 0
290.8 msec : 1
290.9 msec : 1
291.0 msec : 0
291.1 msec : 0
291.2 msec : 0
291.3 msec : 0
291.4 msec : 0
291.5 msec : 1
291.6 msec : 0
291.7 msec : 2
291.8 msec : 2
291.9 msec : 0
292.0 msec : 2
292.1 msec : 1
292.2 msec : 0
292.3 msec : 2
292.4 msec : 0
292.5 msec : 2
292.6 msec : 0
292.7 msec : 0
292.8 msec : 0
292.9 msec : 0
293.0 msec : 1
293.1 msec : 2
