Middleware started...
Middleware shuts down...
Smaller resolution statistics are in a log file...
Final aggregates per worker:


Worker 24
Average throughput (ops/sec) = 82
Average response time (msec) = 0.9314460819672131
Average queue length = 0
Average wait time in queue (msec) = 0.13573724590163935
Average service time (msec) = 0.7041454754098361
Number of SET = 82
Number of GET = 0
Number of MULTI GET = 0


Worker 7
Average throughput (ops/sec) = 82
Average response time (msec) = 1.0082012950819672
Average queue length = 0
Average wait time in queue (msec) = 0.14929626229508197
Average service time (msec) = 0.7469107704918033
Number of SET = 82
Number of GET = 0
Number of MULTI GET = 0


Worker 25
Average throughput (ops/sec) = 82
Average response time (msec) = 0.965662081967213
Average queue length = 0
Average wait time in queue (msec) = 0.1293914098360656
Average service time (msec) = 0.7259242459016393
Number of SET = 82
Number of GET = 0
Number of MULTI GET = 0


Worker 6
Average throughput (ops/sec) = 82
Average response time (msec) = 0.9401372295081967
Average queue length = 0
Average wait time in queue (msec) = 0.11985377049180328
Average service time (msec) = 0.7248225081967213
Number of SET = 82
Number of GET = 0
Number of MULTI GET = 0


Worker 26
Average throughput (ops/sec) = 82
Average response time (msec) = 0.9649032459016393
Average queue length = 0
Average wait time in queue (msec) = 0.13216988524590165
Average service time (msec) = 0.7348833606557377
Number of SET = 82
Number of GET = 0
Number of MULTI GET = 0


Worker 9
Average throughput (ops/sec) = 81
Average response time (msec) = 0.988101606557377
Average queue length = 0
Average wait time in queue (msec) = 0.15263196721311476
Average service time (msec) = 0.7385555409836067
Number of SET = 81
Number of GET = 0
Number of MULTI GET = 0


Worker 27
Average throughput (ops/sec) = 81
Average response time (msec) = 0.9169941639344262
Average queue length = 0
Average wait time in queue (msec) = 0.1155332950819672
Average service time (msec) = 0.7142743278688524
Number of SET = 81
Number of GET = 0
Number of MULTI GET = 0


Worker 8
Average throughput (ops/sec) = 81
Average response time (msec) = 0.9870748524590164
Average queue length = 0
Average wait time in queue (msec) = 0.13115375409836066
Average service time (msec) = 0.7509248852459016
Number of SET = 81
Number of GET = 0
Number of MULTI GET = 0


Worker 20
Average throughput (ops/sec) = 81
Average response time (msec) = 0.970634
Average queue length = 0
Average wait time in queue (msec) = 0.13538032786885248
Average service time (msec) = 0.7299847049180327
Number of SET = 81
Number of GET = 0
Number of MULTI GET = 0


Worker 3
Average throughput (ops/sec) = 82
Average response time (msec) = 0.9624944262295082
Average queue length = 0
Average wait time in queue (msec) = 0.12475647540983607
Average service time (msec) = 0.7223229344262295
Number of SET = 82
Number of GET = 0
Number of MULTI GET = 0


Worker 21
Average throughput (ops/sec) = 82
Average response time (msec) = 0.931105262295082
Average queue length = 0
Average wait time in queue (msec) = 0.132257
Average service time (msec) = 0.706726475409836
Number of SET = 82
Number of GET = 0
Number of MULTI GET = 0


Worker 2
Average throughput (ops/sec) = 82
Average response time (msec) = 0.9770200327868853
Average queue length = 0
Average wait time in queue (msec) = 0.1353524262295082
Average service time (msec) = 0.737249
Number of SET = 82
Number of GET = 0
Number of MULTI GET = 0


Worker 22
Average throughput (ops/sec) = 82
Average response time (msec) = 0.9396830163934426
Average queue length = 0
Average wait time in queue (msec) = 0.13293334426229508
Average service time (msec) = 0.7194654262295083
Number of SET = 82
Number of GET = 0
Number of MULTI GET = 0


Worker 5
Average throughput (ops/sec) = 80
Average response time (msec) = 0.9758512950819672
Average queue length = 0
Average wait time in queue (msec) = 0.1388408524590164
Average service time (msec) = 0.7422281803278689
Number of SET = 80
Number of GET = 0
Number of MULTI GET = 0


Worker 23
Average throughput (ops/sec) = 81
Average response time (msec) = 0.9765926229508197
Average queue length = 0
Average wait time in queue (msec) = 0.12769247540983608
Average service time (msec) = 0.7512486229508196
Number of SET = 81
Number of GET = 0
Number of MULTI GET = 0


Worker 4
Average throughput (ops/sec) = 81
Average response time (msec) = 0.9848148196721311
Average queue length = 0
Average wait time in queue (msec) = 0.1294785737704918
Average service time (msec) = 0.739049
Number of SET = 81
Number of GET = 0
Number of MULTI GET = 0


Worker 28
Average throughput (ops/sec) = 82
Average response time (msec) = 0.9336145081967213
Average queue length = 0
Average wait time in queue (msec) = 0.11859809836065574
Average service time (msec) = 0.697339606557377
Number of SET = 82
Number of GET = 0
Number of MULTI GET = 0


Worker 29
Average throughput (ops/sec) = 81
Average response time (msec) = 0.9414339344262296
Average queue length = 0
Average wait time in queue (msec) = 0.11949680327868853
Average service time (msec) = 0.7294056229508197
Number of SET = 81
Number of GET = 0
Number of MULTI GET = 0


Worker 1
Average throughput (ops/sec) = 83
Average response time (msec) = 0.9698346885245901
Average queue length = 0
Average wait time in queue (msec) = 0.13106813114754098
Average service time (msec) = 0.729012737704918
Number of SET = 83
Number of GET = 0
Number of MULTI GET = 0


Worker 30
Average throughput (ops/sec) = 82
Average response time (msec) = 0.9541835409836066
Average queue length = 0
Average wait time in queue (msec) = 0.14077383606557375
Average service time (msec) = 0.7150461147540984
Number of SET = 82
Number of GET = 0
Number of MULTI GET = 0


Worker 13
Average throughput (ops/sec) = 80
Average response time (msec) = 0.9456201475409837
Average queue length = 0
Average wait time in queue (msec) = 0.1278807213114754
Average service time (msec) = 0.717917
Number of SET = 80
Number of GET = 0
Number of MULTI GET = 0


Worker 14
Average throughput (ops/sec) = 81
Average response time (msec) = 0.9175657868852459
Average queue length = 0
Average wait time in queue (msec) = 0.12103045901639345
Average service time (msec) = 0.7039705409836066
Number of SET = 81
Number of GET = 0
Number of MULTI GET = 0


Worker 15
Average throughput (ops/sec) = 81
Average response time (msec) = 0.9169251475409836
Average queue length = 0
Average wait time in queue (msec) = 0.12184237704918033
Average service time (msec) = 0.705194606557377
Number of SET = 81
Number of GET = 0
Number of MULTI GET = 0


Worker 16
Average throughput (ops/sec) = 82
Average response time (msec) = 0.9452415901639344
Average queue length = 0
Average wait time in queue (msec) = 0.12788409836065573
Average service time (msec) = 0.7242523770491803
Number of SET = 82
Number of GET = 0
Number of MULTI GET = 0


Worker 31
Average throughput (ops/sec) = 80
Average response time (msec) = 0.9845829836065574
Average queue length = 0
Average wait time in queue (msec) = 0.1403262786885246
Average service time (msec) = 0.7497563606557377
Number of SET = 80
Number of GET = 0
Number of MULTI GET = 0


Worker 32
Average throughput (ops/sec) = 82
Average response time (msec) = 0.917244918032787
Average queue length = 0
Average wait time in queue (msec) = 0.11995559016393442
Average service time (msec) = 0.7022400163934427
Number of SET = 83
Number of GET = 0
Number of MULTI GET = 0


Worker 10
Average throughput (ops/sec) = 81
Average response time (msec) = 0.9685474590163934
Average queue length = 0
Average wait time in queue (msec) = 0.12361322950819671
Average service time (msec) = 0.7446355081967213
Number of SET = 81
Number of GET = 0
Number of MULTI GET = 0


Worker 11
Average throughput (ops/sec) = 81
Average response time (msec) = 0.9895691967213114
Average queue length = 0
Average wait time in queue (msec) = 0.1386252786885246
Average service time (msec) = 0.7405640655737704
Number of SET = 81
Number of GET = 0
Number of MULTI GET = 0


Worker 12
Average throughput (ops/sec) = 82
Average response time (msec) = 0.9400116393442624
Average queue length = 0
Average wait time in queue (msec) = 0.12518634426229508
Average service time (msec) = 0.7203527540983606
Number of SET = 82
Number of GET = 0
Number of MULTI GET = 0


Worker 17
Average throughput (ops/sec) = 81
Average response time (msec) = 0.925717786885246
Average queue length = 0
Average wait time in queue (msec) = 0.1149555737704918
Average service time (msec) = 0.7186569836065574
Number of SET = 81
Number of GET = 0
Number of MULTI GET = 0


Worker 18
Average throughput (ops/sec) = 81
Average response time (msec) = 0.9506110327868853
Average queue length = 0
Average wait time in queue (msec) = 0.13781231147540984
Average service time (msec) = 0.7157373770491803
Number of SET = 81
Number of GET = 0
Number of MULTI GET = 0


Worker 19
Average throughput (ops/sec) = 81
Average response time (msec) = 0.9501935901639343
Average queue length = 0
Average wait time in queue (msec) = 0.11843959016393442
Average service time (msec) = 0.737334393442623
Number of SET = 81
Number of GET = 0
Number of MULTI GET = 0


FINAL STATS
Average throughput (ops/sec) = 2605
Average response time (msec) = 0.9221015806619022
Average queue length = 0
Average wait time in queue (msec) = 0.12968586834016393
Average service time (msec) = 0.7262541101434427
Number of SET = 2606
Number of GET = 0
Number of MULTI GET = 0
Number of Cache misses = 0
Arrival rate (lambda) = [0, 0, 0, 0, 0, 287, 2195, 2101, 2364, 2139, 2864, 2689, 2735, 2596, 2644, 2620, 2359, 1994, 2883, 2764, 2803, 2631, 2449, 2670, 2773, 2487, 2920, 2773, 2318, 2337, 2339, 2698, 2647, 2596, 2725, 2731, 2902, 2578, 2698, 2942, 2860, 2728, 2658, 2749, 2311, 2943, 3137, 2891, 2895, 2634, 2820, 2859, 2790, 2677, 2769, 2816, 2788, 2794, 2475, 2545, 2876, 3221, 2828, 2797, 2911, 1910, 5, 0]


Histogram response times (0.1 msec step)
0.0 msec : 1809
0.1 msec : 16201
0.2 msec : 31252
0.3 msec : 33643
0.4 msec : 26688
0.5 msec : 17714
0.6 msec : 10649
0.7 msec : 5829
0.8 msec : 3278
0.9 msec : 1965
1.0 msec : 1394
1.1 msec : 1080
1.2 msec : 866
1.3 msec : 606
1.4 msec : 546
1.5 msec : 499
1.6 msec : 381
1.7 msec : 332
1.8 msec : 268
1.9 msec : 286
2.0 msec : 191
2.1 msec : 178
2.2 msec : 182
2.3 msec : 173
2.4 msec : 126
2.5 msec : 98
2.6 msec : 119
2.7 msec : 120
2.8 msec : 89
2.9 msec : 87
3.0 msec : 105
3.1 msec : 76
3.2 msec : 105
3.3 msec : 86
3.4 msec : 72
3.5 msec : 64
3.6 msec : 70
3.7 msec : 70
3.8 msec : 72
3.9 msec : 82
4.0 msec : 69
4.1 msec : 37
4.2 msec : 58
4.3 msec : 27
4.4 msec : 44
4.5 msec : 36
4.6 msec : 35
4.7 msec : 41
4.8 msec : 43
4.9 msec : 51
5.0 msec : 43
5.1 msec : 55
5.2 msec : 47
5.3 msec : 47
5.4 msec : 66
5.5 msec : 113
5.6 msec : 151
5.7 msec : 144
5.8 msec : 169
5.9 msec : 181
6.0 msec : 134
6.1 msec : 128
6.2 msec : 107
6.3 msec : 85
6.4 msec : 44
6.5 msec : 52
6.6 msec : 25
6.7 msec : 21
6.8 msec : 24
6.9 msec : 10
7.0 msec : 22
7.1 msec : 23
7.2 msec : 14
7.3 msec : 12
7.4 msec : 10
7.5 msec : 7
7.6 msec : 14
7.7 msec : 15
7.8 msec : 7
7.9 msec : 5
8.0 msec : 16
8.1 msec : 12
8.2 msec : 9
8.3 msec : 13
8.4 msec : 14
8.5 msec : 5
8.6 msec : 6
8.7 msec : 9
8.8 msec : 16
8.9 msec : 9
9.0 msec : 6
9.1 msec : 4
9.2 msec : 7
9.3 msec : 13
9.4 msec : 9
9.5 msec : 4
9.6 msec : 1
9.7 msec : 3
9.8 msec : 6
9.9 msec : 7
10.0 msec : 3
10.1 msec : 10
10.2 msec : 8
10.3 msec : 5
10.4 msec : 5
10.5 msec : 2
10.6 msec : 4
10.7 msec : 2
10.8 msec : 1
10.9 msec : 1
11.0 msec : 1
11.1 msec : 1
11.2 msec : 2
11.3 msec : 2
11.4 msec : 2
11.5 msec : 1
11.6 msec : 1
11.7 msec : 1
11.8 msec : 0
11.9 msec : 0
12.0 msec : 3
12.1 msec : 1
12.2 msec : 1
12.3 msec : 1
12.4 msec : 0
12.5 msec : 0
12.6 msec : 0
12.7 msec : 0
12.8 msec : 0
12.9 msec : 1
13.0 msec : 0
13.1 msec : 0
13.2 msec : 2
13.3 msec : 0
13.4 msec : 0
13.5 msec : 1
13.6 msec : 0
13.7 msec : 0
13.8 msec : 0
13.9 msec : 1
14.0 msec : 0
14.1 msec : 0
14.2 msec : 0
14.3 msec : 0
14.4 msec : 0
14.5 msec : 0
14.6 msec : 1
14.7 msec : 0
14.8 msec : 0
14.9 msec : 0
15.0 msec : 0
15.1 msec : 0
15.2 msec : 0
15.3 msec : 1
15.4 msec : 0
15.5 msec : 0
15.6 msec : 1
15.7 msec : 1
15.8 msec : 1
15.9 msec : 0
16.0 msec : 0
16.1 msec : 1
16.2 msec : 0
16.3 msec : 0
16.4 msec : 0
16.5 msec : 1
16.6 msec : 3
16.7 msec : 2
16.8 msec : 2
16.9 msec : 0
17.0 msec : 0
17.1 msec : 0
17.2 msec : 0
17.3 msec : 0
17.4 msec : 0
17.5 msec : 0
17.6 msec : 0
17.7 msec : 0
17.8 msec : 0
17.9 msec : 0
18.0 msec : 1
18.1 msec : 0
18.2 msec : 0
18.3 msec : 0
18.4 msec : 0
18.5 msec : 0
18.6 msec : 1
18.7 msec : 0
18.8 msec : 0
18.9 msec : 0
19.0 msec : 2
19.1 msec : 0
19.2 msec : 0
19.3 msec : 0
19.4 msec : 0
19.5 msec : 0
19.6 msec : 1
19.7 msec : 0
19.8 msec : 0
19.9 msec : 0
20.0 msec : 0
20.1 msec : 0
20.2 msec : 0
20.3 msec : 1
20.4 msec : 0
20.5 msec : 1
20.6 msec : 0
20.7 msec : 1
20.8 msec : 0
20.9 msec : 0
21.0 msec : 0
21.1 msec : 0
21.2 msec : 0
21.3 msec : 0
21.4 msec : 0
21.5 msec : 0
21.6 msec : 0
21.7 msec : 0
21.8 msec : 0
21.9 msec : 0
22.0 msec : 0
22.1 msec : 0
22.2 msec : 0
22.3 msec : 0
22.4 msec : 0
22.5 msec : 0
22.6 msec : 0
22.7 msec : 0
22.8 msec : 0
22.9 msec : 0
23.0 msec : 0
23.1 msec : 0
23.2 msec : 0
23.3 msec : 0
23.4 msec : 0
23.5 msec : 0
23.6 msec : 0
23.7 msec : 0
23.8 msec : 0
23.9 msec : 0
24.0 msec : 0
24.1 msec : 0
24.2 msec : 0
24.3 msec : 0
24.4 msec : 0
24.5 msec : 0
24.6 msec : 0
24.7 msec : 0
24.8 msec : 0
24.9 msec : 0
25.0 msec : 0
25.1 msec : 0
25.2 msec : 0
25.3 msec : 0
25.4 msec : 0
25.5 msec : 0
25.6 msec : 0
25.7 msec : 0
25.8 msec : 0
25.9 msec : 0
26.0 msec : 0
26.1 msec : 0
26.2 msec : 0
26.3 msec : 0
26.4 msec : 0
26.5 msec : 0
26.6 msec : 0
26.7 msec : 0
26.8 msec : 0
26.9 msec : 0
27.0 msec : 0
27.1 msec : 0
27.2 msec : 0
27.3 msec : 0
27.4 msec : 0
27.5 msec : 0
27.6 msec : 0
27.7 msec : 0
27.8 msec : 0
27.9 msec : 0
28.0 msec : 0
28.1 msec : 0
28.2 msec : 0
28.3 msec : 0
28.4 msec : 0
28.5 msec : 0
28.6 msec : 0
28.7 msec : 0
28.8 msec : 0
28.9 msec : 0
29.0 msec : 0
29.1 msec : 0
29.2 msec : 0
29.3 msec : 0
29.4 msec : 0
29.5 msec : 0
29.6 msec : 0
29.7 msec : 0
29.8 msec : 0
29.9 msec : 0
30.0 msec : 0
30.1 msec : 0
30.2 msec : 0
30.3 msec : 0
30.4 msec : 0
30.5 msec : 0
30.6 msec : 0
30.7 msec : 0
30.8 msec : 0
30.9 msec : 0
31.0 msec : 0
31.1 msec : 0
31.2 msec : 0
31.3 msec : 0
31.4 msec : 0
31.5 msec : 0
31.6 msec : 0
31.7 msec : 0
31.8 msec : 0
31.9 msec : 0
32.0 msec : 0
32.1 msec : 0
32.2 msec : 0
32.3 msec : 0
32.4 msec : 2
32.5 msec : 1
32.6 msec : 2
32.7 msec : 0
32.8 msec : 0
32.9 msec : 0
33.0 msec : 0
33.1 msec : 0
33.2 msec : 0
33.3 msec : 0
33.4 msec : 0
33.5 msec : 1
33.6 msec : 2
33.7 msec : 0
33.8 msec : 0
33.9 msec : 0
34.0 msec : 1
34.1 msec : 1
34.2 msec : 1
34.3 msec : 0
