Middleware started...
Middleware shuts down...
Smaller resolution statistics are in a log file...
Final aggregates per worker:


Worker 7
Average throughput (ops/sec) = 51
Average response time (msec) = 2.0353177213114755
Average queue length = 0
Average wait time in queue (msec) = 0.02733122950819672
Average service time (msec) = 1.9407162786885246
Number of SET = 0
Number of GET = 51
Number of MULTI GET = 0


Worker 6
Average throughput (ops/sec) = 51
Average response time (msec) = 2.0389663278688523
Average queue length = 0
Average wait time in queue (msec) = 0.02134709836065574
Average service time (msec) = 1.9501027704918033
Number of SET = 0
Number of GET = 51
Number of MULTI GET = 0


Worker 8
Average throughput (ops/sec) = 51
Average response time (msec) = 2.0452531639344262
Average queue length = 0
Average wait time in queue (msec) = 0.03122196721311475
Average service time (msec) = 1.9446373278688525
Number of SET = 0
Number of GET = 51
Number of MULTI GET = 0


Worker 3
Average throughput (ops/sec) = 51
Average response time (msec) = 2.057451901639344
Average queue length = 0
Average wait time in queue (msec) = 0.02148181967213115
Average service time (msec) = 1.9677519344262295
Number of SET = 0
Number of GET = 51
Number of MULTI GET = 0


Worker 2
Average throughput (ops/sec) = 51
Average response time (msec) = 2.064284606557377
Average queue length = 0
Average wait time in queue (msec) = 0.030334245901639346
Average service time (msec) = 1.9611939180327869
Number of SET = 0
Number of GET = 51
Number of MULTI GET = 0


Worker 5
Average throughput (ops/sec) = 51
Average response time (msec) = 2.0309201147540983
Average queue length = 0
Average wait time in queue (msec) = 0.022138180327868854
Average service time (msec) = 1.940537786885246
Number of SET = 0
Number of GET = 51
Number of MULTI GET = 0


Worker 4
Average throughput (ops/sec) = 51
Average response time (msec) = 2.07834237704918
Average queue length = 0
Average wait time in queue (msec) = 0.022569704918032788
Average service time (msec) = 1.9859200655737705
Number of SET = 0
Number of GET = 51
Number of MULTI GET = 0


Worker 1
Average throughput (ops/sec) = 51
Average response time (msec) = 2.030646344262295
Average queue length = 0
Average wait time in queue (msec) = 0.021853327868852458
Average service time (msec) = 1.9404963606557377
Number of SET = 0
Number of GET = 51
Number of MULTI GET = 0


FINAL STATS
Average throughput (ops/sec) = 408
Average response time (msec) = 2.037839777474293
Average queue length = 0
Average wait time in queue (msec) = 0.024784696721311478
Average service time (msec) = 1.9539195553278688
Number of SET = 0
Number of GET = 51
Number of MULTI GET = 0
Number of Cache misses = 1935


Histogram response times (0.1 msec step)
0.0 msec : 193
0.1 msec : 4429
0.2 msec : 9484
0.3 msec : 4940
0.4 msec : 2060
0.5 msec : 1170
0.6 msec : 722
0.7 msec : 484
0.8 msec : 379
0.9 msec : 254
1.0 msec : 172
1.1 msec : 114
1.2 msec : 85
1.3 msec : 76
1.4 msec : 50
1.5 msec : 39
1.6 msec : 35
1.7 msec : 21
1.8 msec : 22
1.9 msec : 19
2.0 msec : 11
2.1 msec : 13
2.2 msec : 8
2.3 msec : 3
2.4 msec : 5
2.5 msec : 6
2.6 msec : 2
2.7 msec : 1
2.8 msec : 3
2.9 msec : 2
3.0 msec : 4
3.1 msec : 5
3.2 msec : 1
3.3 msec : 4
3.4 msec : 5
3.5 msec : 2
3.6 msec : 2
3.7 msec : 1
3.8 msec : 3
3.9 msec : 3
4.0 msec : 1
4.1 msec : 2
4.2 msec : 1
4.3 msec : 0
4.4 msec : 2
4.5 msec : 5
4.6 msec : 0
4.7 msec : 3
4.8 msec : 4
4.9 msec : 4
5.0 msec : 0
5.1 msec : 5
5.2 msec : 2
5.3 msec : 1
5.4 msec : 2
5.5 msec : 0
5.6 msec : 3
5.7 msec : 2
5.8 msec : 0
5.9 msec : 0
6.0 msec : 5
6.1 msec : 2
6.2 msec : 0
6.3 msec : 2
6.4 msec : 1
6.5 msec : 1
6.6 msec : 0
6.7 msec : 1
6.8 msec : 0
6.9 msec : 0
7.0 msec : 0
7.1 msec : 1
7.2 msec : 0
7.3 msec : 0
7.4 msec : 0
7.5 msec : 0
7.6 msec : 0
7.7 msec : 0
7.8 msec : 0
7.9 msec : 0
8.0 msec : 1
8.1 msec : 0
8.2 msec : 0
8.3 msec : 0
8.4 msec : 0
8.5 msec : 0
8.6 msec : 0
8.7 msec : 0
8.8 msec : 0
8.9 msec : 0
9.0 msec : 0
9.1 msec : 0
9.2 msec : 1
9.3 msec : 0
9.4 msec : 0
9.5 msec : 1
9.6 msec : 0
9.7 msec : 0
9.8 msec : 3
9.9 msec : 0
10.0 msec : 0
10.1 msec : 0
10.2 msec : 0
10.3 msec : 0
10.4 msec : 0
10.5 msec : 0
10.6 msec : 0
10.7 msec : 0
10.8 msec : 0
10.9 msec : 0
11.0 msec : 0
11.1 msec : 0
11.2 msec : 0
11.3 msec : 0
11.4 msec : 0
11.5 msec : 0
11.6 msec : 0
11.7 msec : 0
11.8 msec : 0
11.9 msec : 0
12.0 msec : 0
12.1 msec : 0
12.2 msec : 0
12.3 msec : 1
12.4 msec : 0
12.5 msec : 0
12.6 msec : 0
12.7 msec : 0
12.8 msec : 0
12.9 msec : 0
13.0 msec : 0
13.1 msec : 0
13.2 msec : 0
13.3 msec : 0
13.4 msec : 0
13.5 msec : 0
13.6 msec : 0
13.7 msec : 0
13.8 msec : 0
13.9 msec : 0
14.0 msec : 0
14.1 msec : 0
14.2 msec : 0
14.3 msec : 0
14.4 msec : 0
14.5 msec : 0
14.6 msec : 0
14.7 msec : 0
14.8 msec : 0
14.9 msec : 0
15.0 msec : 1
15.1 msec : 0
15.2 msec : 0
15.3 msec : 0
15.4 msec : 0
15.5 msec : 0
15.6 msec : 0
15.7 msec : 0
15.8 msec : 0
15.9 msec : 0
16.0 msec : 0
16.1 msec : 0
16.2 msec : 0
16.3 msec : 0
16.4 msec : 0
16.5 msec : 0
16.6 msec : 0
16.7 msec : 1
16.8 msec : 0
16.9 msec : 0
17.0 msec : 0
17.1 msec : 0
17.2 msec : 0
17.3 msec : 0
17.4 msec : 0
17.5 msec : 0
17.6 msec : 2
17.7 msec : 0
17.8 msec : 0
17.9 msec : 0
18.0 msec : 0
18.1 msec : 0
18.2 msec : 0
18.3 msec : 0
18.4 msec : 1
18.5 msec : 0
18.6 msec : 0
18.7 msec : 0
18.8 msec : 0
18.9 msec : 0
19.0 msec : 0
19.1 msec : 0
19.2 msec : 0
19.3 msec : 0
19.4 msec : 0
19.5 msec : 0
19.6 msec : 0
19.7 msec : 0
19.8 msec : 0
19.9 msec : 0
20.0 msec : 0
20.1 msec : 0
20.2 msec : 0
20.3 msec : 0
20.4 msec : 0
20.5 msec : 0
20.6 msec : 0
20.7 msec : 0
20.8 msec : 0
20.9 msec : 0
21.0 msec : 0
21.1 msec : 0
21.2 msec : 0
21.3 msec : 0
21.4 msec : 0
21.5 msec : 0
21.6 msec : 0
21.7 msec : 0
21.8 msec : 0
21.9 msec : 0
22.0 msec : 0
22.1 msec : 0
22.2 msec : 0
22.3 msec : 0
22.4 msec : 0
22.5 msec : 0
22.6 msec : 0
22.7 msec : 0
22.8 msec : 0
22.9 msec : 1
23.0 msec : 0
23.1 msec : 0
23.2 msec : 0
23.3 msec : 0
23.4 msec : 0
23.5 msec : 0
23.6 msec : 0
23.7 msec : 0
23.8 msec : 0
23.9 msec : 0
24.0 msec : 0
24.1 msec : 0
24.2 msec : 0
24.3 msec : 0
24.4 msec : 0
24.5 msec : 0
24.6 msec : 0
24.7 msec : 0
24.8 msec : 0
24.9 msec : 0
25.0 msec : 0
25.1 msec : 0
25.2 msec : 0
25.3 msec : 0
25.4 msec : 0
25.5 msec : 0
25.6 msec : 0
25.7 msec : 0
25.8 msec : 0
25.9 msec : 0
26.0 msec : 0
26.1 msec : 0
26.2 msec : 0
26.3 msec : 0
26.4 msec : 0
26.5 msec : 0
26.6 msec : 0
26.7 msec : 0
26.8 msec : 0
26.9 msec : 0
27.0 msec : 0
