Middleware started...
Middleware shuts down...
Smaller resolution statistics are in a log file...
Final aggregates per worker:


Worker 7
Average throughput (ops/sec) = 464
Average response time (msec) = 7.9583347704918035
Average queue length = 22
Average wait time in queue (msec) = 5.852078098360656
Average service time (msec) = 2.0297534098360654
Number of SET = 0
Number of GET = 464
Number of MULTI GET = 0


Worker 6
Average throughput (ops/sec) = 464
Average response time (msec) = 7.951445704918033
Average queue length = 22
Average wait time in queue (msec) = 5.841675639344262
Average service time (msec) = 2.033812737704918
Number of SET = 0
Number of GET = 464
Number of MULTI GET = 0


Worker 8
Average throughput (ops/sec) = 465
Average response time (msec) = 7.943925606557377
Average queue length = 21
Average wait time in queue (msec) = 5.845585442622951
Average service time (msec) = 2.0269030819672134
Number of SET = 0
Number of GET = 465
Number of MULTI GET = 0


Worker 3
Average throughput (ops/sec) = 464
Average response time (msec) = 7.94627349180328
Average queue length = 21
Average wait time in queue (msec) = 5.844504721311475
Average service time (msec) = 2.0297765409836064
Number of SET = 0
Number of GET = 464
Number of MULTI GET = 0


Worker 2
Average throughput (ops/sec) = 464
Average response time (msec) = 7.957803639344262
Average queue length = 21
Average wait time in queue (msec) = 5.846761836065574
Average service time (msec) = 2.037186180327869
Number of SET = 0
Number of GET = 464
Number of MULTI GET = 0


Worker 5
Average throughput (ops/sec) = 465
Average response time (msec) = 7.9506816557377045
Average queue length = 21
Average wait time in queue (msec) = 5.846628098360656
Average service time (msec) = 2.0313641147540986
Number of SET = 0
Number of GET = 465
Number of MULTI GET = 0


Worker 4
Average throughput (ops/sec) = 465
Average response time (msec) = 7.948228655737704
Average queue length = 22
Average wait time in queue (msec) = 5.846418081967213
Average service time (msec) = 2.0273342786885244
Number of SET = 0
Number of GET = 465
Number of MULTI GET = 0


Worker 1
Average throughput (ops/sec) = 465
Average response time (msec) = 7.947091098360656
Average queue length = 21
Average wait time in queue (msec) = 5.84804562295082
Average service time (msec) = 2.0262716393442624
Number of SET = 0
Number of GET = 465
Number of MULTI GET = 0


FINAL STATS
Average throughput (ops/sec) = 3716
Average response time (msec) = 7.888837842841651
Average queue length = 21
Average wait time in queue (msec) = 5.84646219262295
Average service time (msec) = 2.03030024795082
Number of SET = 0
Number of GET = 464
Number of MULTI GET = 0
Number of Cache misses = 226854


Histogram response times (0.1 msec step)
0.0 msec : 47
0.1 msec : 214
0.2 msec : 399
0.3 msec : 474
0.4 msec : 427
0.5 msec : 369
0.6 msec : 335
0.7 msec : 318
0.8 msec : 242
0.9 msec : 219
1.0 msec : 175
1.1 msec : 142
1.2 msec : 113
1.3 msec : 122
1.4 msec : 98
1.5 msec : 88
1.6 msec : 111
1.7 msec : 128
1.8 msec : 176
1.9 msec : 216
2.0 msec : 297
2.1 msec : 295
2.2 msec : 360
2.3 msec : 355
2.4 msec : 340
2.5 msec : 353
2.6 msec : 317
2.7 msec : 287
2.8 msec : 240
2.9 msec : 243
3.0 msec : 203
3.1 msec : 167
3.2 msec : 175
3.3 msec : 171
3.4 msec : 153
3.5 msec : 189
3.6 msec : 223
3.7 msec : 258
3.8 msec : 309
3.9 msec : 341
4.0 msec : 369
4.1 msec : 402
4.2 msec : 402
4.3 msec : 459
4.4 msec : 440
4.5 msec : 465
4.6 msec : 505
4.7 msec : 616
4.8 msec : 761
4.9 msec : 1053
5.0 msec : 1782
5.1 msec : 3096
5.2 msec : 5141
5.3 msec : 7806
5.4 msec : 11025
5.5 msec : 13823
5.6 msec : 16163
5.7 msec : 17027
5.8 msec : 17133
5.9 msec : 15617
6.0 msec : 13757
6.1 msec : 11400
6.2 msec : 9292
6.3 msec : 7772
6.4 msec : 6256
6.5 msec : 5332
6.6 msec : 4626
6.7 msec : 4009
6.8 msec : 3686
6.9 msec : 3420
7.0 msec : 3091
7.1 msec : 2789
7.2 msec : 2435
7.3 msec : 2209
7.4 msec : 1830
7.5 msec : 1595
7.6 msec : 1350
7.7 msec : 1111
7.8 msec : 872
7.9 msec : 825
8.0 msec : 701
8.1 msec : 643
8.2 msec : 523
8.3 msec : 535
8.4 msec : 482
8.5 msec : 390
8.6 msec : 361
8.7 msec : 368
8.8 msec : 326
8.9 msec : 262
9.0 msec : 272
9.1 msec : 257
9.2 msec : 238
9.3 msec : 231
9.4 msec : 234
9.5 msec : 202
9.6 msec : 218
9.7 msec : 189
9.8 msec : 220
9.9 msec : 226
10.0 msec : 186
10.1 msec : 207
10.2 msec : 227
10.3 msec : 216
10.4 msec : 228
10.5 msec : 254
10.6 msec : 240
10.7 msec : 238
10.8 msec : 248
10.9 msec : 233
11.0 msec : 248
11.1 msec : 282
11.2 msec : 283
11.3 msec : 270
11.4 msec : 266
11.5 msec : 270
11.6 msec : 236
11.7 msec : 212
11.8 msec : 205
11.9 msec : 204
12.0 msec : 164
12.1 msec : 166
12.2 msec : 131
12.3 msec : 112
12.4 msec : 97
12.5 msec : 83
12.6 msec : 63
12.7 msec : 86
12.8 msec : 84
12.9 msec : 53
13.0 msec : 86
13.1 msec : 65
13.2 msec : 60
13.3 msec : 51
13.4 msec : 60
13.5 msec : 59
13.6 msec : 50
13.7 msec : 46
13.8 msec : 46
13.9 msec : 40
14.0 msec : 39
14.1 msec : 45
14.2 msec : 39
14.3 msec : 38
14.4 msec : 31
14.5 msec : 35
14.6 msec : 35
14.7 msec : 46
14.8 msec : 37
14.9 msec : 29
15.0 msec : 45
15.1 msec : 44
15.2 msec : 38
15.3 msec : 40
15.4 msec : 46
15.5 msec : 42
15.6 msec : 39
15.7 msec : 40
15.8 msec : 41
15.9 msec : 40
16.0 msec : 34
16.1 msec : 36
16.2 msec : 44
16.3 msec : 56
16.4 msec : 42
16.5 msec : 38
16.6 msec : 51
16.7 msec : 42
16.8 msec : 38
16.9 msec : 50
17.0 msec : 55
17.1 msec : 42
17.2 msec : 31
17.3 msec : 31
17.4 msec : 27
17.5 msec : 29
17.6 msec : 22
17.7 msec : 23
17.8 msec : 20
17.9 msec : 21
18.0 msec : 12
18.1 msec : 16
18.2 msec : 13
18.3 msec : 11
18.4 msec : 8
18.5 msec : 22
18.6 msec : 18
18.7 msec : 16
18.8 msec : 17
18.9 msec : 14
19.0 msec : 10
19.1 msec : 9
19.2 msec : 14
19.3 msec : 10
19.4 msec : 7
19.5 msec : 11
19.6 msec : 11
19.7 msec : 11
19.8 msec : 11
19.9 msec : 9
20.0 msec : 5
20.1 msec : 8
20.2 msec : 11
20.3 msec : 8
20.4 msec : 7
20.5 msec : 8
20.6 msec : 4
20.7 msec : 3
20.8 msec : 0
20.9 msec : 8
21.0 msec : 4
21.1 msec : 6
21.2 msec : 3
21.3 msec : 6
21.4 msec : 8
21.5 msec : 4
21.6 msec : 0
21.7 msec : 2
21.8 msec : 1
21.9 msec : 1
22.0 msec : 6
22.1 msec : 0
22.2 msec : 2
22.3 msec : 7
22.4 msec : 4
22.5 msec : 3
22.6 msec : 2
22.7 msec : 6
22.8 msec : 5
22.9 msec : 5
23.0 msec : 7
23.1 msec : 5
23.2 msec : 7
23.3 msec : 7
23.4 msec : 4
23.5 msec : 9
23.6 msec : 4
23.7 msec : 7
23.8 msec : 3
23.9 msec : 4
24.0 msec : 3
24.1 msec : 5
24.2 msec : 3
24.3 msec : 0
24.4 msec : 6
24.5 msec : 4
24.6 msec : 2
24.7 msec : 0
24.8 msec : 4
24.9 msec : 1
25.0 msec : 1
25.1 msec : 1
25.2 msec : 0
25.3 msec : 1
25.4 msec : 1
25.5 msec : 0
25.6 msec : 0
25.7 msec : 0
25.8 msec : 0
25.9 msec : 3
26.0 msec : 0
26.1 msec : 0
26.2 msec : 2
26.3 msec : 0
26.4 msec : 3
26.5 msec : 1
26.6 msec : 0
26.7 msec : 0
26.8 msec : 0
26.9 msec : 0
27.0 msec : 0
27.1 msec : 0
27.2 msec : 0
27.3 msec : 0
27.4 msec : 1
27.5 msec : 2
27.6 msec : 0
27.7 msec : 3
27.8 msec : 1
27.9 msec : 2
28.0 msec : 3
28.1 msec : 0
28.2 msec : 2
28.3 msec : 1
28.4 msec : 1
28.5 msec : 0
28.6 msec : 1
28.7 msec : 0
28.8 msec : 1
28.9 msec : 1
29.0 msec : 0
29.1 msec : 0
29.2 msec : 0
29.3 msec : 0
29.4 msec : 5
29.5 msec : 1
29.6 msec : 0
29.7 msec : 3
29.8 msec : 4
29.9 msec : 4
30.0 msec : 2
30.1 msec : 4
30.2 msec : 2
30.3 msec : 3
30.4 msec : 3
30.5 msec : 3
30.6 msec : 0
30.7 msec : 2
30.8 msec : 3
30.9 msec : 1
31.0 msec : 4
31.1 msec : 2
31.2 msec : 4
31.3 msec : 2
31.4 msec : 4
31.5 msec : 2
31.6 msec : 3
31.7 msec : 2
31.8 msec : 4
31.9 msec : 4
32.0 msec : 3
32.1 msec : 3
32.2 msec : 8
32.3 msec : 5
32.4 msec : 6
32.5 msec : 4
32.6 msec : 1
32.7 msec : 1
32.8 msec : 3
32.9 msec : 0
33.0 msec : 0
33.1 msec : 0
33.2 msec : 1
33.3 msec : 0
33.4 msec : 1
33.5 msec : 1
33.6 msec : 0
33.7 msec : 0
33.8 msec : 0
33.9 msec : 4
34.0 msec : 1
34.1 msec : 1
34.2 msec : 1
34.3 msec : 0
34.4 msec : 0
34.5 msec : 1
34.6 msec : 1
34.7 msec : 1
34.8 msec : 1
34.9 msec : 2
35.0 msec : 3
35.1 msec : 3
35.2 msec : 0
35.3 msec : 1
35.4 msec : 0
35.5 msec : 0
35.6 msec : 0
35.7 msec : 0
35.8 msec : 1
35.9 msec : 1
36.0 msec : 3
36.1 msec : 1
36.2 msec : 1
36.3 msec : 0
36.4 msec : 1
36.5 msec : 1
36.6 msec : 0
36.7 msec : 1
36.8 msec : 1
36.9 msec : 1
37.0 msec : 0
37.1 msec : 0
37.2 msec : 0
37.3 msec : 0
37.4 msec : 0
37.5 msec : 0
37.6 msec : 0
37.7 msec : 0
37.8 msec : 0
37.9 msec : 0
38.0 msec : 0
38.1 msec : 0
38.2 msec : 0
38.3 msec : 0
38.4 msec : 0
38.5 msec : 0
38.6 msec : 0
38.7 msec : 0
38.8 msec : 0
38.9 msec : 0
39.0 msec : 0
39.1 msec : 0
39.2 msec : 0
39.3 msec : 0
39.4 msec : 0
39.5 msec : 0
39.6 msec : 0
39.7 msec : 0
39.8 msec : 0
39.9 msec : 0
40.0 msec : 0
40.1 msec : 0
40.2 msec : 0
40.3 msec : 0
40.4 msec : 0
40.5 msec : 0
40.6 msec : 0
40.7 msec : 0
40.8 msec : 0
40.9 msec : 0
41.0 msec : 0
41.1 msec : 0
41.2 msec : 0
41.3 msec : 0
41.4 msec : 0
41.5 msec : 0
41.6 msec : 0
41.7 msec : 0
41.8 msec : 0
41.9 msec : 0
42.0 msec : 0
42.1 msec : 0
42.2 msec : 0
42.3 msec : 0
42.4 msec : 0
42.5 msec : 0
42.6 msec : 0
42.7 msec : 0
42.8 msec : 0
42.9 msec : 0
43.0 msec : 0
43.1 msec : 0
43.2 msec : 0
43.3 msec : 0
43.4 msec : 0
43.5 msec : 0
43.6 msec : 0
43.7 msec : 0
43.8 msec : 0
43.9 msec : 0
44.0 msec : 0
44.1 msec : 0
44.2 msec : 0
44.3 msec : 0
44.4 msec : 0
44.5 msec : 0
44.6 msec : 0
44.7 msec : 0
44.8 msec : 0
44.9 msec : 0
45.0 msec : 0
45.1 msec : 0
45.2 msec : 0
45.3 msec : 0
45.4 msec : 0
45.5 msec : 0
45.6 msec : 0
45.7 msec : 0
45.8 msec : 0
45.9 msec : 0
46.0 msec : 0
46.1 msec : 0
46.2 msec : 0
46.3 msec : 0
46.4 msec : 0
46.5 msec : 0
46.6 msec : 0
46.7 msec : 0
46.8 msec : 0
46.9 msec : 0
47.0 msec : 0
47.1 msec : 0
47.2 msec : 0
47.3 msec : 0
47.4 msec : 0
47.5 msec : 0
47.6 msec : 0
47.7 msec : 0
47.8 msec : 0
47.9 msec : 0
48.0 msec : 0
48.1 msec : 0
48.2 msec : 0
48.3 msec : 0
48.4 msec : 0
48.5 msec : 0
48.6 msec : 0
48.7 msec : 0
48.8 msec : 0
48.9 msec : 0
49.0 msec : 0
49.1 msec : 0
49.2 msec : 0
49.3 msec : 0
49.4 msec : 0
49.5 msec : 0
49.6 msec : 0
49.7 msec : 0
49.8 msec : 0
49.9 msec : 0
50.0 msec : 0
50.1 msec : 0
50.2 msec : 0
50.3 msec : 0
50.4 msec : 0
50.5 msec : 2
50.6 msec : 0
50.7 msec : 0
50.8 msec : 0
50.9 msec : 0
51.0 msec : 4
51.1 msec : 5
51.2 msec : 3
51.3 msec : 3
51.4 msec : 1
51.5 msec : 2
51.6 msec : 0
51.7 msec : 1
51.8 msec : 0
51.9 msec : 0
52.0 msec : 0
52.1 msec : 0
52.2 msec : 0
52.3 msec : 1
52.4 msec : 0
52.5 msec : 0
52.6 msec : 0
52.7 msec : 1
52.8 msec : 1
52.9 msec : 0
53.0 msec : 0
53.1 msec : 0
53.2 msec : 0
53.3 msec : 0
53.4 msec : 0
53.5 msec : 0
53.6 msec : 0
53.7 msec : 0
53.8 msec : 0
53.9 msec : 0
54.0 msec : 0
54.1 msec : 0
