Middleware started...
Middleware shuts down...
Smaller resolution statistics are in a log file...
Final aggregates per worker:


Worker 7
Average throughput (ops/sec) = 462
Average response time (msec) = 6.892841868852459
Average queue length = 18
Average wait time in queue (msec) = 4.784581934426229
Average service time (msec) = 2.036592016393443
Number of SET = 0
Number of GET = 462
Number of MULTI GET = 0


Worker 6
Average throughput (ops/sec) = 462
Average response time (msec) = 6.8991309672131145
Average queue length = 16
Average wait time in queue (msec) = 4.793947360655738
Average service time (msec) = 2.033319639344262
Number of SET = 0
Number of GET = 462
Number of MULTI GET = 0


Worker 8
Average throughput (ops/sec) = 461
Average response time (msec) = 6.8721836065573765
Average queue length = 17
Average wait time in queue (msec) = 4.747022737704918
Average service time (msec) = 2.044153245901639
Number of SET = 0
Number of GET = 461
Number of MULTI GET = 0


Worker 3
Average throughput (ops/sec) = 462
Average response time (msec) = 6.875258852459016
Average queue length = 17
Average wait time in queue (msec) = 4.766386803278689
Average service time (msec) = 2.0313990655737704
Number of SET = 0
Number of GET = 462
Number of MULTI GET = 0


Worker 2
Average throughput (ops/sec) = 462
Average response time (msec) = 6.891042557377049
Average queue length = 17
Average wait time in queue (msec) = 4.785458475409836
Average service time (msec) = 2.029088295081967
Number of SET = 0
Number of GET = 462
Number of MULTI GET = 0


Worker 5
Average throughput (ops/sec) = 462
Average response time (msec) = 6.896157524590164
Average queue length = 17
Average wait time in queue (msec) = 4.791012016393442
Average service time (msec) = 2.0308114590163933
Number of SET = 0
Number of GET = 462
Number of MULTI GET = 0


Worker 4
Average throughput (ops/sec) = 462
Average response time (msec) = 6.894588737704918
Average queue length = 17
Average wait time in queue (msec) = 4.786192459016394
Average service time (msec) = 2.0309073770491803
Number of SET = 0
Number of GET = 462
Number of MULTI GET = 0


Worker 1
Average throughput (ops/sec) = 461
Average response time (msec) = 6.913697475409837
Average queue length = 17
Average wait time in queue (msec) = 4.803346803278688
Average service time (msec) = 2.0357277540983607
Number of SET = 0
Number of GET = 461
Number of MULTI GET = 0


FINAL STATS
Average throughput (ops/sec) = 3694
Average response time (msec) = 6.784798352106061
Average queue length = 17
Average wait time in queue (msec) = 4.782243573770492
Average service time (msec) = 2.033999856557377
Number of SET = 0
Number of GET = 461
Number of MULTI GET = 0
Number of Cache misses = 225682


Histogram response times (0.1 msec step)
0.0 msec : 97
0.1 msec : 425
0.2 msec : 760
0.3 msec : 909
0.4 msec : 915
0.5 msec : 755
0.6 msec : 616
0.7 msec : 487
0.8 msec : 399
0.9 msec : 298
1.0 msec : 207
1.1 msec : 158
1.2 msec : 133
1.3 msec : 120
1.4 msec : 97
1.5 msec : 98
1.6 msec : 156
1.7 msec : 189
1.8 msec : 227
1.9 msec : 330
2.0 msec : 453
2.1 msec : 548
2.2 msec : 674
2.3 msec : 621
2.4 msec : 594
2.5 msec : 601
2.6 msec : 544
2.7 msec : 510
2.8 msec : 417
2.9 msec : 356
3.0 msec : 316
3.1 msec : 315
3.2 msec : 293
3.3 msec : 346
3.4 msec : 465
3.5 msec : 732
3.6 msec : 1199
3.7 msec : 2065
3.8 msec : 3458
3.9 msec : 5343
4.0 msec : 7030
4.1 msec : 8406
4.2 msec : 8897
4.3 msec : 8903
4.4 msec : 8235
4.5 msec : 7892
4.6 msec : 7700
4.7 msec : 7650
4.8 msec : 8177
4.9 msec : 8652
5.0 msec : 9600
5.1 msec : 10438
5.2 msec : 11063
5.3 msec : 11334
5.4 msec : 10790
5.5 msec : 9907
5.6 msec : 8692
5.7 msec : 7365
5.8 msec : 5926
5.9 msec : 4681
6.0 msec : 3621
6.1 msec : 2903
6.2 msec : 2203
6.3 msec : 1770
6.4 msec : 1410
6.5 msec : 1101
6.6 msec : 891
6.7 msec : 727
6.8 msec : 631
6.9 msec : 536
7.0 msec : 472
7.1 msec : 464
7.2 msec : 417
7.3 msec : 348
7.4 msec : 300
7.5 msec : 291
7.6 msec : 264
7.7 msec : 242
7.8 msec : 206
7.9 msec : 207
8.0 msec : 198
8.1 msec : 196
8.2 msec : 182
8.3 msec : 221
8.4 msec : 166
8.5 msec : 181
8.6 msec : 154
8.7 msec : 147
8.8 msec : 140
8.9 msec : 145
9.0 msec : 145
9.1 msec : 132
9.2 msec : 147
9.3 msec : 148
9.4 msec : 135
9.5 msec : 179
9.6 msec : 187
9.7 msec : 176
9.8 msec : 181
9.9 msec : 187
10.0 msec : 212
10.1 msec : 205
10.2 msec : 174
10.3 msec : 153
10.4 msec : 155
10.5 msec : 136
10.6 msec : 120
10.7 msec : 160
10.8 msec : 120
10.9 msec : 112
11.0 msec : 129
11.1 msec : 94
11.2 msec : 108
11.3 msec : 115
11.4 msec : 93
11.5 msec : 65
11.6 msec : 65
11.7 msec : 63
11.8 msec : 54
11.9 msec : 67
12.0 msec : 49
12.1 msec : 55
12.2 msec : 60
12.3 msec : 52
12.4 msec : 44
12.5 msec : 30
12.6 msec : 36
12.7 msec : 32
12.8 msec : 40
12.9 msec : 32
13.0 msec : 31
13.1 msec : 32
13.2 msec : 26
13.3 msec : 33
13.4 msec : 41
13.5 msec : 23
13.6 msec : 20
13.7 msec : 26
13.8 msec : 31
13.9 msec : 27
14.0 msec : 21
14.1 msec : 26
14.2 msec : 20
14.3 msec : 29
14.4 msec : 24
14.5 msec : 23
14.6 msec : 27
14.7 msec : 38
14.8 msec : 29
14.9 msec : 47
15.0 msec : 52
15.1 msec : 49
15.2 msec : 47
15.3 msec : 41
15.4 msec : 38
15.5 msec : 41
15.6 msec : 46
15.7 msec : 40
15.8 msec : 31
15.9 msec : 28
16.0 msec : 27
16.1 msec : 22
16.2 msec : 28
16.3 msec : 23
16.4 msec : 24
16.5 msec : 36
16.6 msec : 34
16.7 msec : 30
16.8 msec : 19
16.9 msec : 34
17.0 msec : 33
17.1 msec : 27
17.2 msec : 20
17.3 msec : 32
17.4 msec : 33
17.5 msec : 26
17.6 msec : 11
17.7 msec : 13
17.8 msec : 12
17.9 msec : 19
18.0 msec : 8
18.1 msec : 9
18.2 msec : 8
18.3 msec : 8
18.4 msec : 7
18.5 msec : 8
18.6 msec : 10
18.7 msec : 6
18.8 msec : 11
18.9 msec : 9
19.0 msec : 3
19.1 msec : 3
19.2 msec : 6
19.3 msec : 8
19.4 msec : 6
19.5 msec : 3
19.6 msec : 3
19.7 msec : 7
19.8 msec : 7
19.9 msec : 3
20.0 msec : 4
20.1 msec : 3
20.2 msec : 4
20.3 msec : 1
20.4 msec : 5
20.5 msec : 4
20.6 msec : 5
20.7 msec : 0
20.8 msec : 5
20.9 msec : 2
21.0 msec : 4
21.1 msec : 2
21.2 msec : 3
21.3 msec : 2
21.4 msec : 1
21.5 msec : 6
21.6 msec : 6
21.7 msec : 8
21.8 msec : 4
21.9 msec : 4
22.0 msec : 4
22.1 msec : 3
22.2 msec : 2
22.3 msec : 3
22.4 msec : 9
22.5 msec : 3
22.6 msec : 2
22.7 msec : 7
22.8 msec : 3
22.9 msec : 0
23.0 msec : 1
23.1 msec : 2
23.2 msec : 6
23.3 msec : 5
23.4 msec : 5
23.5 msec : 10
23.6 msec : 7
23.7 msec : 4
23.8 msec : 11
23.9 msec : 3
24.0 msec : 3
24.1 msec : 6
24.2 msec : 8
24.3 msec : 1
24.4 msec : 3
24.5 msec : 3
24.6 msec : 2
24.7 msec : 3
24.8 msec : 2
24.9 msec : 4
25.0 msec : 0
25.1 msec : 2
25.2 msec : 1
25.3 msec : 0
25.4 msec : 0
25.5 msec : 0
25.6 msec : 1
25.7 msec : 0
25.8 msec : 0
25.9 msec : 0
26.0 msec : 0
26.1 msec : 0
26.2 msec : 0
26.3 msec : 0
26.4 msec : 0
26.5 msec : 0
26.6 msec : 0
26.7 msec : 0
26.8 msec : 0
26.9 msec : 0
27.0 msec : 2
27.1 msec : 0
27.2 msec : 0
27.3 msec : 1
27.4 msec : 0
27.5 msec : 0
27.6 msec : 0
27.7 msec : 0
27.8 msec : 0
27.9 msec : 0
28.0 msec : 0
28.1 msec : 0
28.2 msec : 1
28.3 msec : 0
28.4 msec : 1
28.5 msec : 0
28.6 msec : 0
28.7 msec : 3
28.8 msec : 0
28.9 msec : 1
29.0 msec : 5
29.1 msec : 5
29.2 msec : 0
29.3 msec : 4
29.4 msec : 2
29.5 msec : 2
29.6 msec : 2
29.7 msec : 1
29.8 msec : 2
29.9 msec : 5
30.0 msec : 1
30.1 msec : 2
30.2 msec : 2
30.3 msec : 0
30.4 msec : 2
30.5 msec : 0
30.6 msec : 1
30.7 msec : 0
30.8 msec : 0
30.9 msec : 0
31.0 msec : 0
31.1 msec : 1
31.2 msec : 0
31.3 msec : 2
31.4 msec : 3
31.5 msec : 1
31.6 msec : 1
31.7 msec : 0
31.8 msec : 1
31.9 msec : 0
32.0 msec : 0
32.1 msec : 0
32.2 msec : 0
32.3 msec : 0
32.4 msec : 1
32.5 msec : 0
32.6 msec : 0
32.7 msec : 1
32.8 msec : 2
32.9 msec : 1
33.0 msec : 0
33.1 msec : 0
33.2 msec : 0
33.3 msec : 0
33.4 msec : 1
33.5 msec : 0
33.6 msec : 0
33.7 msec : 0
33.8 msec : 0
33.9 msec : 0
34.0 msec : 0
34.1 msec : 0
34.2 msec : 0
34.3 msec : 1
34.4 msec : 0
34.5 msec : 0
34.6 msec : 0
34.7 msec : 0
34.8 msec : 0
34.9 msec : 0
35.0 msec : 0
35.1 msec : 0
35.2 msec : 0
35.3 msec : 0
35.4 msec : 0
35.5 msec : 0
35.6 msec : 0
35.7 msec : 0
35.8 msec : 0
35.9 msec : 0
36.0 msec : 0
36.1 msec : 0
36.2 msec : 0
36.3 msec : 0
36.4 msec : 0
36.5 msec : 0
36.6 msec : 0
36.7 msec : 0
36.8 msec : 0
36.9 msec : 0
37.0 msec : 1
37.1 msec : 0
37.2 msec : 0
37.3 msec : 2
37.4 msec : 1
37.5 msec : 1
37.6 msec : 0
37.7 msec : 1
37.8 msec : 0
37.9 msec : 0
38.0 msec : 0
38.1 msec : 0
38.2 msec : 0
38.3 msec : 0
38.4 msec : 0
38.5 msec : 3
38.6 msec : 1
38.7 msec : 1
38.8 msec : 2
38.9 msec : 0
39.0 msec : 0
39.1 msec : 0
39.2 msec : 3
39.3 msec : 0
39.4 msec : 0
39.5 msec : 0
39.6 msec : 0
39.7 msec : 0
39.8 msec : 0
39.9 msec : 0
40.0 msec : 0
40.1 msec : 0
40.2 msec : 0
40.3 msec : 0
40.4 msec : 0
40.5 msec : 0
40.6 msec : 0
40.7 msec : 0
40.8 msec : 0
40.9 msec : 0
41.0 msec : 0
41.1 msec : 0
41.2 msec : 0
41.3 msec : 0
41.4 msec : 0
41.5 msec : 0
41.6 msec : 0
41.7 msec : 0
41.8 msec : 0
41.9 msec : 0
42.0 msec : 0
42.1 msec : 1
42.2 msec : 0
42.3 msec : 0
42.4 msec : 0
42.5 msec : 0
42.6 msec : 0
42.7 msec : 0
42.8 msec : 0
42.9 msec : 0
43.0 msec : 0
43.1 msec : 0
43.2 msec : 0
43.3 msec : 0
43.4 msec : 0
43.5 msec : 0
43.6 msec : 0
43.7 msec : 0
43.8 msec : 1
43.9 msec : 0
44.0 msec : 0
44.1 msec : 0
44.2 msec : 0
44.3 msec : 0
44.4 msec : 2
44.5 msec : 2
44.6 msec : 1
44.7 msec : 1
44.8 msec : 2
44.9 msec : 1
45.0 msec : 0
45.1 msec : 1
45.2 msec : 1
45.3 msec : 0
45.4 msec : 3
45.5 msec : 0
45.6 msec : 1
45.7 msec : 1
45.8 msec : 0
45.9 msec : 0
46.0 msec : 0
46.1 msec : 0
46.2 msec : 0
46.3 msec : 0
46.4 msec : 0
46.5 msec : 0
46.6 msec : 4
46.7 msec : 2
46.8 msec : 1
46.9 msec : 0
47.0 msec : 2
47.1 msec : 1
47.2 msec : 0
47.3 msec : 1
47.4 msec : 1
47.5 msec : 0
47.6 msec : 0
47.7 msec : 0
47.8 msec : 0
47.9 msec : 0
48.0 msec : 0
48.1 msec : 0
48.2 msec : 0
48.3 msec : 0
48.4 msec : 0
48.5 msec : 2
48.6 msec : 0
48.7 msec : 1
48.8 msec : 0
48.9 msec : 0
49.0 msec : 1
49.1 msec : 0
49.2 msec : 0
49.3 msec : 0
49.4 msec : 0
49.5 msec : 0
49.6 msec : 0
49.7 msec : 0
49.8 msec : 0
49.9 msec : 0
50.0 msec : 0
50.1 msec : 0
50.2 msec : 0
50.3 msec : 0
50.4 msec : 0
50.5 msec : 0
50.6 msec : 0
50.7 msec : 0
50.8 msec : 0
50.9 msec : 0
51.0 msec : 0
