Middleware started...
Middleware shuts down...
Smaller resolution statistics are in a log file...
Final aggregates per worker:


Worker 7
Average throughput (ops/sec) = 361
Average response time (msec) = 2.3886886885245904
Average queue length = 0
Average wait time in queue (msec) = 0.1591895901639344
Average service time (msec) = 2.1605832459016394
Number of SET = 0
Number of GET = 361
Number of MULTI GET = 0


Worker 6
Average throughput (ops/sec) = 361
Average response time (msec) = 2.395754704918033
Average queue length = 0
Average wait time in queue (msec) = 0.16166947540983606
Average service time (msec) = 2.167753229508197
Number of SET = 0
Number of GET = 361
Number of MULTI GET = 0


Worker 8
Average throughput (ops/sec) = 362
Average response time (msec) = 2.4008699344262294
Average queue length = 0
Average wait time in queue (msec) = 0.16180145901639342
Average service time (msec) = 2.173749278688524
Number of SET = 0
Number of GET = 362
Number of MULTI GET = 0


Worker 3
Average throughput (ops/sec) = 361
Average response time (msec) = 2.391017655737705
Average queue length = 0
Average wait time in queue (msec) = 0.16081383606557376
Average service time (msec) = 2.164925606557377
Number of SET = 0
Number of GET = 361
Number of MULTI GET = 0


Worker 2
Average throughput (ops/sec) = 361
Average response time (msec) = 2.3855883278688523
Average queue length = 0
Average wait time in queue (msec) = 0.15267696721311474
Average service time (msec) = 2.168667803278688
Number of SET = 0
Number of GET = 361
Number of MULTI GET = 0


Worker 5
Average throughput (ops/sec) = 362
Average response time (msec) = 2.3975957540983606
Average queue length = 0
Average wait time in queue (msec) = 0.1622188524590164
Average service time (msec) = 2.1611284918032787
Number of SET = 0
Number of GET = 362
Number of MULTI GET = 0


Worker 4
Average throughput (ops/sec) = 360
Average response time (msec) = 2.389118032786885
Average queue length = 0
Average wait time in queue (msec) = 0.1566021475409836
Average service time (msec) = 2.1646400163934425
Number of SET = 0
Number of GET = 360
Number of MULTI GET = 0


Worker 1
Average throughput (ops/sec) = 361
Average response time (msec) = 2.3927641639344266
Average queue length = 0
Average wait time in queue (msec) = 0.16392175409836066
Average service time (msec) = 2.16318
Number of SET = 0
Number of GET = 361
Number of MULTI GET = 0


FINAL STATS
Average throughput (ops/sec) = 2889
Average response time (msec) = 2.3714581378216026
Average queue length = 0
Average wait time in queue (msec) = 0.15986176024590165
Average service time (msec) = 2.1655784590163933
Number of SET = 0
Number of GET = 361
Number of MULTI GET = 0
Number of Cache misses = 17666


Histogram response times (0.1 msec step)
0.0 msec : 3272
0.1 msec : 22882
0.2 msec : 35379
0.3 msec : 32171
0.4 msec : 23330
0.5 msec : 15741
0.6 msec : 10424
0.7 msec : 7107
0.8 msec : 5019
0.9 msec : 3574
1.0 msec : 2670
1.1 msec : 1994
1.2 msec : 1621
1.3 msec : 1260
1.4 msec : 973
1.5 msec : 828
1.6 msec : 664
1.7 msec : 560
1.8 msec : 461
1.9 msec : 356
2.0 msec : 354
2.1 msec : 300
2.2 msec : 274
2.3 msec : 242
2.4 msec : 234
2.5 msec : 173
2.6 msec : 154
2.7 msec : 163
2.8 msec : 137
2.9 msec : 122
3.0 msec : 106
3.1 msec : 114
3.2 msec : 102
3.3 msec : 103
3.4 msec : 106
3.5 msec : 111
3.6 msec : 99
3.7 msec : 89
3.8 msec : 86
3.9 msec : 77
4.0 msec : 80
4.1 msec : 69
4.2 msec : 90
4.3 msec : 93
4.4 msec : 123
4.5 msec : 109
4.6 msec : 111
4.7 msec : 107
4.8 msec : 116
4.9 msec : 95
5.0 msec : 105
5.1 msec : 93
5.2 msec : 99
5.3 msec : 84
5.4 msec : 97
5.5 msec : 104
5.6 msec : 91
5.7 msec : 105
5.8 msec : 81
5.9 msec : 91
6.0 msec : 88
6.1 msec : 91
6.2 msec : 112
6.3 msec : 104
6.4 msec : 102
6.5 msec : 82
6.6 msec : 41
6.7 msec : 53
6.8 msec : 33
6.9 msec : 32
7.0 msec : 29
7.1 msec : 16
7.2 msec : 22
7.3 msec : 17
7.4 msec : 13
7.5 msec : 14
7.6 msec : 9
7.7 msec : 3
7.8 msec : 6
7.9 msec : 6
8.0 msec : 3
8.1 msec : 11
8.2 msec : 6
8.3 msec : 6
8.4 msec : 4
8.5 msec : 6
8.6 msec : 9
8.7 msec : 4
8.8 msec : 3
8.9 msec : 5
9.0 msec : 4
9.1 msec : 4
9.2 msec : 3
9.3 msec : 3
9.4 msec : 4
9.5 msec : 3
9.6 msec : 1
9.7 msec : 3
9.8 msec : 2
9.9 msec : 0
10.0 msec : 1
10.1 msec : 3
10.2 msec : 1
10.3 msec : 4
10.4 msec : 3
10.5 msec : 1
10.6 msec : 1
10.7 msec : 2
10.8 msec : 0
10.9 msec : 3
11.0 msec : 1
11.1 msec : 3
11.2 msec : 3
11.3 msec : 6
11.4 msec : 1
11.5 msec : 0
11.6 msec : 2
11.7 msec : 4
11.8 msec : 2
11.9 msec : 0
12.0 msec : 1
12.1 msec : 1
12.2 msec : 0
12.3 msec : 1
12.4 msec : 0
12.5 msec : 0
12.6 msec : 0
12.7 msec : 2
12.8 msec : 0
12.9 msec : 0
13.0 msec : 0
13.1 msec : 1
13.2 msec : 0
13.3 msec : 1
13.4 msec : 0
13.5 msec : 0
13.6 msec : 2
13.7 msec : 0
13.8 msec : 0
13.9 msec : 2
14.0 msec : 0
14.1 msec : 0
14.2 msec : 1
14.3 msec : 1
14.4 msec : 2
14.5 msec : 2
14.6 msec : 0
14.7 msec : 0
14.8 msec : 0
14.9 msec : 1
15.0 msec : 1
15.1 msec : 1
15.2 msec : 1
15.3 msec : 1
15.4 msec : 2
15.5 msec : 0
15.6 msec : 0
15.7 msec : 1
15.8 msec : 2
15.9 msec : 0
16.0 msec : 1
16.1 msec : 0
16.2 msec : 0
16.3 msec : 1
16.4 msec : 0
16.5 msec : 0
16.6 msec : 2
16.7 msec : 0
16.8 msec : 0
16.9 msec : 2
17.0 msec : 3
17.1 msec : 6
17.2 msec : 3
17.3 msec : 1
17.4 msec : 1
17.5 msec : 0
17.6 msec : 0
17.7 msec : 0
17.8 msec : 1
17.9 msec : 0
18.0 msec : 1
18.1 msec : 1
18.2 msec : 0
18.3 msec : 0
18.4 msec : 0
18.5 msec : 0
18.6 msec : 0
18.7 msec : 0
18.8 msec : 1
18.9 msec : 0
19.0 msec : 0
19.1 msec : 0
19.2 msec : 0
19.3 msec : 0
19.4 msec : 1
19.5 msec : 0
19.6 msec : 0
19.7 msec : 0
19.8 msec : 0
19.9 msec : 0
20.0 msec : 0
20.1 msec : 0
20.2 msec : 0
20.3 msec : 0
20.4 msec : 0
20.5 msec : 0
20.6 msec : 0
20.7 msec : 0
20.8 msec : 0
20.9 msec : 0
21.0 msec : 1
21.1 msec : 0
21.2 msec : 1
21.3 msec : 0
21.4 msec : 0
21.5 msec : 0
21.6 msec : 0
21.7 msec : 0
21.8 msec : 0
21.9 msec : 0
22.0 msec : 1
22.1 msec : 0
22.2 msec : 0
22.3 msec : 1
22.4 msec : 1
22.5 msec : 0
22.6 msec : 1
22.7 msec : 1
22.8 msec : 0
22.9 msec : 0
23.0 msec : 0
23.1 msec : 0
23.2 msec : 1
23.3 msec : 0
23.4 msec : 0
23.5 msec : 0
23.6 msec : 0
23.7 msec : 0
23.8 msec : 0
23.9 msec : 0
24.0 msec : 0
24.1 msec : 0
24.2 msec : 0
24.3 msec : 0
24.4 msec : 0
24.5 msec : 0
24.6 msec : 0
24.7 msec : 0
24.8 msec : 1
24.9 msec : 0
25.0 msec : 0
25.1 msec : 0
25.2 msec : 0
25.3 msec : 0
25.4 msec : 0
25.5 msec : 0
25.6 msec : 0
25.7 msec : 0
25.8 msec : 0
25.9 msec : 0
26.0 msec : 0
26.1 msec : 0
26.2 msec : 0
26.3 msec : 0
26.4 msec : 0
26.5 msec : 0
26.6 msec : 0
26.7 msec : 0
26.8 msec : 0
26.9 msec : 0
27.0 msec : 0
27.1 msec : 0
27.2 msec : 0
27.3 msec : 0
27.4 msec : 0
27.5 msec : 0
27.6 msec : 1
27.7 msec : 0
27.8 msec : 0
27.9 msec : 0
28.0 msec : 0
28.1 msec : 0
28.2 msec : 0
28.3 msec : 0
28.4 msec : 0
28.5 msec : 0
28.6 msec : 0
28.7 msec : 0
28.8 msec : 0
28.9 msec : 0
29.0 msec : 0
29.1 msec : 0
29.2 msec : 0
29.3 msec : 0
29.4 msec : 0
29.5 msec : 0
29.6 msec : 0
29.7 msec : 0
29.8 msec : 0
29.9 msec : 0
30.0 msec : 0
30.1 msec : 0
30.2 msec : 0
30.3 msec : 0
30.4 msec : 0
30.5 msec : 0
30.6 msec : 0
30.7 msec : 0
30.8 msec : 0
30.9 msec : 0
31.0 msec : 0
31.1 msec : 0
31.2 msec : 0
31.3 msec : 0
31.4 msec : 0
31.5 msec : 0
31.6 msec : 0
31.7 msec : 0
31.8 msec : 0
31.9 msec : 0
32.0 msec : 1
32.1 msec : 0
32.2 msec : 1
32.3 msec : 1
32.4 msec : 0
32.5 msec : 0
32.6 msec : 0
32.7 msec : 0
32.8 msec : 0
32.9 msec : 0
33.0 msec : 0
33.1 msec : 0
33.2 msec : 0
33.3 msec : 0
33.4 msec : 0
33.5 msec : 2
33.6 msec : 1
33.7 msec : 0
33.8 msec : 2
33.9 msec : 1
34.0 msec : 0
34.1 msec : 0
34.2 msec : 0
34.3 msec : 0
34.4 msec : 0
34.5 msec : 1
34.6 msec : 1
34.7 msec : 0
34.8 msec : 2
34.9 msec : 0
35.0 msec : 0
35.1 msec : 0
35.2 msec : 0
35.3 msec : 0
35.4 msec : 0
35.5 msec : 1
35.6 msec : 0
35.7 msec : 0
35.8 msec : 0
35.9 msec : 0
36.0 msec : 0
36.1 msec : 0
36.2 msec : 0
36.3 msec : 2
36.4 msec : 0
36.5 msec : 0
36.6 msec : 0
36.7 msec : 0
36.8 msec : 0
36.9 msec : 0
37.0 msec : 0
37.1 msec : 0
37.2 msec : 0
37.3 msec : 0
37.4 msec : 0
37.5 msec : 0
37.6 msec : 0
37.7 msec : 0
37.8 msec : 0
37.9 msec : 0
38.0 msec : 0
38.1 msec : 0
38.2 msec : 0
38.3 msec : 0
38.4 msec : 0
38.5 msec : 0
38.6 msec : 0
38.7 msec : 0
38.8 msec : 0
38.9 msec : 0
39.0 msec : 0
39.1 msec : 0
39.2 msec : 0
39.3 msec : 0
39.4 msec : 0
39.5 msec : 0
39.6 msec : 0
39.7 msec : 0
39.8 msec : 0
39.9 msec : 0
40.0 msec : 0
40.1 msec : 0
40.2 msec : 0
40.3 msec : 0
40.4 msec : 0
40.5 msec : 0
40.6 msec : 0
40.7 msec : 0
40.8 msec : 0
40.9 msec : 0
41.0 msec : 0
41.1 msec : 0
41.2 msec : 0
41.3 msec : 0
41.4 msec : 0
41.5 msec : 0
41.6 msec : 0
41.7 msec : 0
41.8 msec : 0
41.9 msec : 0
42.0 msec : 0
42.1 msec : 0
42.2 msec : 0
42.3 msec : 0
42.4 msec : 0
42.5 msec : 0
42.6 msec : 0
42.7 msec : 0
42.8 msec : 0
42.9 msec : 0
43.0 msec : 0
43.1 msec : 0
43.2 msec : 0
43.3 msec : 0
43.4 msec : 0
43.5 msec : 0
43.6 msec : 0
43.7 msec : 0
43.8 msec : 1
43.9 msec : 0
44.0 msec : 0
44.1 msec : 0
44.2 msec : 0
44.3 msec : 0
44.4 msec : 0
44.5 msec : 0
44.6 msec : 0
44.7 msec : 0
44.8 msec : 0
44.9 msec : 0
45.0 msec : 0
45.1 msec : 0
45.2 msec : 0
45.3 msec : 0
45.4 msec : 0
45.5 msec : 0
45.6 msec : 0
45.7 msec : 0
45.8 msec : 0
45.9 msec : 0
46.0 msec : 0
46.1 msec : 0
46.2 msec : 0
46.3 msec : 0
46.4 msec : 0
46.5 msec : 0
46.6 msec : 0
46.7 msec : 0
46.8 msec : 0
46.9 msec : 0
47.0 msec : 0
47.1 msec : 0
47.2 msec : 0
47.3 msec : 0
47.4 msec : 0
47.5 msec : 0
47.6 msec : 0
47.7 msec : 0
47.8 msec : 0
47.9 msec : 0
48.0 msec : 0
48.1 msec : 0
48.2 msec : 0
48.3 msec : 0
48.4 msec : 0
48.5 msec : 0
48.6 msec : 0
48.7 msec : 0
48.8 msec : 0
48.9 msec : 0
49.0 msec : 0
49.1 msec : 0
49.2 msec : 0
49.3 msec : 0
49.4 msec : 0
49.5 msec : 0
49.6 msec : 0
49.7 msec : 0
49.8 msec : 0
49.9 msec : 0
50.0 msec : 0
50.1 msec : 0
50.2 msec : 0
50.3 msec : 0
50.4 msec : 0
50.5 msec : 0
50.6 msec : 0
50.7 msec : 0
50.8 msec : 0
50.9 msec : 0
51.0 msec : 0
51.1 msec : 0
51.2 msec : 0
51.3 msec : 0
51.4 msec : 0
51.5 msec : 0
51.6 msec : 0
51.7 msec : 0
51.8 msec : 0
51.9 msec : 0
52.0 msec : 0
52.1 msec : 0
52.2 msec : 0
52.3 msec : 0
52.4 msec : 0
52.5 msec : 0
52.6 msec : 0
52.7 msec : 0
52.8 msec : 0
52.9 msec : 0
53.0 msec : 0
53.1 msec : 0
53.2 msec : 0
53.3 msec : 0
53.4 msec : 0
53.5 msec : 0
53.6 msec : 0
53.7 msec : 0
53.8 msec : 0
53.9 msec : 0
54.0 msec : 0
54.1 msec : 0
54.2 msec : 0
54.3 msec : 0
54.4 msec : 0
54.5 msec : 0
54.6 msec : 0
54.7 msec : 0
54.8 msec : 0
54.9 msec : 0
55.0 msec : 0
55.1 msec : 0
55.2 msec : 0
55.3 msec : 0
55.4 msec : 0
55.5 msec : 0
55.6 msec : 0
55.7 msec : 0
55.8 msec : 0
55.9 msec : 0
56.0 msec : 0
56.1 msec : 0
56.2 msec : 0
56.3 msec : 0
56.4 msec : 0
56.5 msec : 0
56.6 msec : 0
56.7 msec : 0
56.8 msec : 0
56.9 msec : 0
57.0 msec : 0
57.1 msec : 0
57.2 msec : 0
57.3 msec : 0
57.4 msec : 0
57.5 msec : 0
57.6 msec : 0
57.7 msec : 0
57.8 msec : 0
57.9 msec : 0
58.0 msec : 0
58.1 msec : 0
58.2 msec : 0
58.3 msec : 0
58.4 msec : 0
58.5 msec : 0
58.6 msec : 0
58.7 msec : 0
58.8 msec : 0
58.9 msec : 0
59.0 msec : 0
59.1 msec : 0
59.2 msec : 0
59.3 msec : 0
59.4 msec : 0
59.5 msec : 0
59.6 msec : 0
59.7 msec : 0
59.8 msec : 0
59.9 msec : 0
60.0 msec : 0
60.1 msec : 0
60.2 msec : 0
60.3 msec : 0
60.4 msec : 0
60.5 msec : 0
60.6 msec : 0
60.7 msec : 0
60.8 msec : 0
60.9 msec : 0
61.0 msec : 0
61.1 msec : 0
61.2 msec : 0
61.3 msec : 0
61.4 msec : 0
61.5 msec : 0
61.6 msec : 0
61.7 msec : 0
61.8 msec : 0
61.9 msec : 0
62.0 msec : 0
62.1 msec : 0
62.2 msec : 0
62.3 msec : 0
62.4 msec : 0
62.5 msec : 0
62.6 msec : 0
62.7 msec : 0
62.8 msec : 0
62.9 msec : 0
63.0 msec : 0
63.1 msec : 0
63.2 msec : 0
63.3 msec : 0
63.4 msec : 0
63.5 msec : 0
63.6 msec : 0
63.7 msec : 0
63.8 msec : 0
63.9 msec : 0
64.0 msec : 0
64.1 msec : 0
64.2 msec : 0
64.3 msec : 0
64.4 msec : 0
64.5 msec : 0
64.6 msec : 0
64.7 msec : 0
64.8 msec : 0
64.9 msec : 0
65.0 msec : 0
65.1 msec : 0
65.2 msec : 0
65.3 msec : 0
65.4 msec : 0
65.5 msec : 1
65.6 msec : 0
65.7 msec : 0
65.8 msec : 0
65.9 msec : 0
66.0 msec : 0
66.1 msec : 0
66.2 msec : 0
66.3 msec : 0
66.4 msec : 0
66.5 msec : 0
66.6 msec : 0
66.7 msec : 0
66.8 msec : 0
66.9 msec : 1
67.0 msec : 0
67.1 msec : 0
67.2 msec : 0
67.3 msec : 1
67.4 msec : 0
67.5 msec : 0
67.6 msec : 0
67.7 msec : 0
67.8 msec : 0
67.9 msec : 0
68.0 msec : 0
68.1 msec : 0
68.2 msec : 0
68.3 msec : 0
68.4 msec : 0
68.5 msec : 0
68.6 msec : 0
68.7 msec : 0
68.8 msec : 0
68.9 msec : 0
69.0 msec : 0
69.1 msec : 0
69.2 msec : 0
69.3 msec : 0
69.4 msec : 0
69.5 msec : 0
69.6 msec : 0
69.7 msec : 0
69.8 msec : 0
69.9 msec : 0
70.0 msec : 0
70.1 msec : 0
70.2 msec : 0
70.3 msec : 0
70.4 msec : 0
70.5 msec : 0
70.6 msec : 0
70.7 msec : 0
70.8 msec : 0
70.9 msec : 0
71.0 msec : 0
71.1 msec : 0
71.2 msec : 0
71.3 msec : 1
71.4 msec : 2
71.5 msec : 0
71.6 msec : 0
71.7 msec : 0
71.8 msec : 1
71.9 msec : 0
72.0 msec : 0
72.1 msec : 0
72.2 msec : 0
72.3 msec : 0
72.4 msec : 0
72.5 msec : 0
72.6 msec : 0
72.7 msec : 0
72.8 msec : 0
72.9 msec : 0
73.0 msec : 0
