Middleware started...
Middleware shuts down...
Smaller resolution statistics are in a log file...
Final aggregates per worker:


Worker 7
Average throughput (ops/sec) = 442
Average response time (msec) = 6.122455032786886
Average queue length = 13
Average wait time in queue (msec) = 3.922835393442623
Average service time (msec) = 2.1336715409836065
Number of SET = 0
Number of GET = 442
Number of MULTI GET = 0


Worker 6
Average throughput (ops/sec) = 443
Average response time (msec) = 6.139014622950819
Average queue length = 14
Average wait time in queue (msec) = 3.934704655737705
Average service time (msec) = 2.138715032786885
Number of SET = 0
Number of GET = 443
Number of MULTI GET = 0


Worker 8
Average throughput (ops/sec) = 443
Average response time (msec) = 6.115719213114755
Average queue length = 14
Average wait time in queue (msec) = 3.9221060819672133
Average service time (msec) = 2.126178852459016
Number of SET = 0
Number of GET = 443
Number of MULTI GET = 0


Worker 3
Average throughput (ops/sec) = 443
Average response time (msec) = 6.128141327868852
Average queue length = 13
Average wait time in queue (msec) = 3.9334835081967214
Average service time (msec) = 2.1284077540983604
Number of SET = 0
Number of GET = 443
Number of MULTI GET = 0


Worker 2
Average throughput (ops/sec) = 442
Average response time (msec) = 6.1363948688524586
Average queue length = 13
Average wait time in queue (msec) = 3.937741393442623
Average service time (msec) = 2.134097557377049
Number of SET = 0
Number of GET = 442
Number of MULTI GET = 0


Worker 5
Average throughput (ops/sec) = 443
Average response time (msec) = 6.1177903606557384
Average queue length = 14
Average wait time in queue (msec) = 3.927327344262295
Average service time (msec) = 2.1225393278688522
Number of SET = 0
Number of GET = 443
Number of MULTI GET = 0


Worker 4
Average throughput (ops/sec) = 443
Average response time (msec) = 6.134323131147541
Average queue length = 13
Average wait time in queue (msec) = 3.9382456557377052
Average service time (msec) = 2.1267717213114756
Number of SET = 0
Number of GET = 443
Number of MULTI GET = 0


Worker 1
Average throughput (ops/sec) = 443
Average response time (msec) = 6.129230704918032
Average queue length = 13
Average wait time in queue (msec) = 3.9334779344262296
Average service time (msec) = 2.1287527540983606
Number of SET = 0
Number of GET = 443
Number of MULTI GET = 0


FINAL STATS
Average throughput (ops/sec) = 3542
Average response time (msec) = 6.072446455000532
Average queue length = 13
Average wait time in queue (msec) = 3.93124024590164
Average service time (msec) = 2.129891817622951
Number of SET = 0
Number of GET = 442
Number of MULTI GET = 0
Number of Cache misses = 163680


Histogram response times (0.1 msec step)
0.0 msec : 68
0.1 msec : 254
0.2 msec : 501
0.3 msec : 697
0.4 msec : 690
0.5 msec : 621
0.6 msec : 459
0.7 msec : 341
0.8 msec : 237
0.9 msec : 143
1.0 msec : 121
1.1 msec : 78
1.2 msec : 52
1.3 msec : 56
1.4 msec : 58
1.5 msec : 63
1.6 msec : 83
1.7 msec : 124
1.8 msec : 194
1.9 msec : 194
2.0 msec : 317
2.1 msec : 354
2.2 msec : 456
2.3 msec : 530
2.4 msec : 598
2.5 msec : 665
2.6 msec : 697
2.7 msec : 742
2.8 msec : 809
2.9 msec : 937
3.0 msec : 1180
3.1 msec : 1550
3.2 msec : 2560
3.3 msec : 4684
3.4 msec : 7916
3.5 msec : 12071
3.6 msec : 15548
3.7 msec : 17508
3.8 msec : 17504
3.9 msec : 16158
4.0 msec : 14101
4.1 msec : 11885
4.2 msec : 10127
4.3 msec : 8608
4.4 msec : 7437
4.5 msec : 6325
4.6 msec : 5477
4.7 msec : 4863
4.8 msec : 4288
4.9 msec : 3744
5.0 msec : 3422
5.1 msec : 3015
5.2 msec : 2543
5.3 msec : 2248
5.4 msec : 1886
5.5 msec : 1597
5.6 msec : 1375
5.7 msec : 1173
5.8 msec : 1027
5.9 msec : 839
6.0 msec : 643
6.1 msec : 673
6.2 msec : 586
6.3 msec : 531
6.4 msec : 528
6.5 msec : 428
6.6 msec : 392
6.7 msec : 361
6.8 msec : 322
6.9 msec : 301
7.0 msec : 261
7.1 msec : 275
7.2 msec : 234
7.3 msec : 219
7.4 msec : 199
7.5 msec : 186
7.6 msec : 187
7.7 msec : 179
7.8 msec : 175
7.9 msec : 196
8.0 msec : 224
8.1 msec : 198
8.2 msec : 202
8.3 msec : 204
8.4 msec : 177
8.5 msec : 180
8.6 msec : 162
8.7 msec : 172
8.8 msec : 174
8.9 msec : 152
9.0 msec : 153
9.1 msec : 186
9.2 msec : 192
9.3 msec : 187
9.4 msec : 173
9.5 msec : 195
9.6 msec : 170
9.7 msec : 192
9.8 msec : 156
9.9 msec : 164
10.0 msec : 122
10.1 msec : 143
10.2 msec : 102
10.3 msec : 117
10.4 msec : 76
10.5 msec : 63
10.6 msec : 77
10.7 msec : 66
10.8 msec : 66
10.9 msec : 55
11.0 msec : 66
11.1 msec : 38
11.2 msec : 45
11.3 msec : 45
11.4 msec : 46
11.5 msec : 38
11.6 msec : 33
11.7 msec : 30
11.8 msec : 31
11.9 msec : 28
12.0 msec : 25
12.1 msec : 29
12.2 msec : 20
12.3 msec : 23
12.4 msec : 14
12.5 msec : 11
12.6 msec : 20
12.7 msec : 23
12.8 msec : 26
12.9 msec : 19
13.0 msec : 13
13.1 msec : 20
13.2 msec : 16
13.3 msec : 11
13.4 msec : 7
13.5 msec : 9
13.6 msec : 11
13.7 msec : 5
13.8 msec : 6
13.9 msec : 10
14.0 msec : 8
14.1 msec : 8
14.2 msec : 9
14.3 msec : 5
14.4 msec : 2
14.5 msec : 6
14.6 msec : 11
14.7 msec : 10
14.8 msec : 7
14.9 msec : 6
15.0 msec : 5
15.1 msec : 8
15.2 msec : 4
15.3 msec : 11
15.4 msec : 5
15.5 msec : 8
15.6 msec : 5
15.7 msec : 11
15.8 msec : 7
15.9 msec : 11
16.0 msec : 5
16.1 msec : 5
16.2 msec : 6
16.3 msec : 10
16.4 msec : 10
16.5 msec : 7
16.6 msec : 7
16.7 msec : 3
16.8 msec : 9
16.9 msec : 8
17.0 msec : 4
17.1 msec : 5
17.2 msec : 5
17.3 msec : 5
17.4 msec : 5
17.5 msec : 4
17.6 msec : 7
17.7 msec : 5
17.8 msec : 4
17.9 msec : 2
18.0 msec : 4
18.1 msec : 5
18.2 msec : 3
18.3 msec : 4
18.4 msec : 8
18.5 msec : 6
18.6 msec : 2
18.7 msec : 5
18.8 msec : 2
18.9 msec : 5
19.0 msec : 4
19.1 msec : 5
19.2 msec : 3
19.3 msec : 3
19.4 msec : 3
19.5 msec : 2
19.6 msec : 2
19.7 msec : 1
19.8 msec : 2
19.9 msec : 0
20.0 msec : 1
20.1 msec : 1
20.2 msec : 2
20.3 msec : 1
20.4 msec : 2
20.5 msec : 7
20.6 msec : 3
20.7 msec : 3
20.8 msec : 3
20.9 msec : 3
21.0 msec : 2
21.1 msec : 1
21.2 msec : 1
21.3 msec : 1
21.4 msec : 3
21.5 msec : 0
21.6 msec : 1
21.7 msec : 3
21.8 msec : 1
21.9 msec : 1
22.0 msec : 0
22.1 msec : 1
22.2 msec : 1
22.3 msec : 0
22.4 msec : 2
22.5 msec : 1
22.6 msec : 1
22.7 msec : 0
22.8 msec : 0
22.9 msec : 2
23.0 msec : 1
23.1 msec : 4
23.2 msec : 0
23.3 msec : 1
23.4 msec : 3
23.5 msec : 0
23.6 msec : 1
23.7 msec : 0
23.8 msec : 1
23.9 msec : 2
24.0 msec : 1
24.1 msec : 0
24.2 msec : 1
24.3 msec : 1
24.4 msec : 2
24.5 msec : 0
24.6 msec : 0
24.7 msec : 0
24.8 msec : 0
24.9 msec : 0
25.0 msec : 1
25.1 msec : 0
25.2 msec : 0
25.3 msec : 1
25.4 msec : 0
25.5 msec : 0
25.6 msec : 1
25.7 msec : 0
25.8 msec : 1
25.9 msec : 0
26.0 msec : 0
26.1 msec : 1
26.2 msec : 0
26.3 msec : 0
26.4 msec : 1
26.5 msec : 0
26.6 msec : 0
26.7 msec : 0
26.8 msec : 0
26.9 msec : 0
27.0 msec : 0
27.1 msec : 0
27.2 msec : 0
27.3 msec : 0
27.4 msec : 1
27.5 msec : 0
27.6 msec : 1
27.7 msec : 2
27.8 msec : 1
27.9 msec : 0
28.0 msec : 2
28.1 msec : 2
28.2 msec : 0
28.3 msec : 0
28.4 msec : 0
28.5 msec : 1
28.6 msec : 1
28.7 msec : 2
28.8 msec : 0
28.9 msec : 3
29.0 msec : 0
29.1 msec : 1
29.2 msec : 2
29.3 msec : 1
29.4 msec : 0
29.5 msec : 1
29.6 msec : 2
29.7 msec : 4
29.8 msec : 2
29.9 msec : 0
30.0 msec : 0
30.1 msec : 1
30.2 msec : 0
30.3 msec : 1
30.4 msec : 4
30.5 msec : 0
30.6 msec : 0
30.7 msec : 0
30.8 msec : 2
30.9 msec : 3
31.0 msec : 0
31.1 msec : 4
31.2 msec : 2
31.3 msec : 1
31.4 msec : 0
31.5 msec : 0
31.6 msec : 0
31.7 msec : 0
31.8 msec : 1
31.9 msec : 0
32.0 msec : 0
32.1 msec : 0
32.2 msec : 0
32.3 msec : 0
32.4 msec : 0
32.5 msec : 0
32.6 msec : 0
32.7 msec : 0
32.8 msec : 0
32.9 msec : 0
33.0 msec : 0
33.1 msec : 0
33.2 msec : 0
33.3 msec : 0
33.4 msec : 0
33.5 msec : 0
33.6 msec : 1
33.7 msec : 0
33.8 msec : 0
33.9 msec : 1
34.0 msec : 0
34.1 msec : 0
34.2 msec : 0
34.3 msec : 0
34.4 msec : 0
34.5 msec : 0
34.6 msec : 0
34.7 msec : 0
34.8 msec : 0
34.9 msec : 0
35.0 msec : 0
35.1 msec : 0
35.2 msec : 0
35.3 msec : 0
35.4 msec : 0
35.5 msec : 0
35.6 msec : 0
35.7 msec : 0
35.8 msec : 0
35.9 msec : 0
36.0 msec : 0
36.1 msec : 0
36.2 msec : 0
36.3 msec : 0
36.4 msec : 0
36.5 msec : 0
36.6 msec : 0
36.7 msec : 0
36.8 msec : 0
36.9 msec : 0
37.0 msec : 0
37.1 msec : 0
37.2 msec : 0
37.3 msec : 0
37.4 msec : 0
37.5 msec : 0
37.6 msec : 0
37.7 msec : 0
37.8 msec : 0
37.9 msec : 0
38.0 msec : 0
38.1 msec : 0
38.2 msec : 0
38.3 msec : 0
38.4 msec : 0
38.5 msec : 0
38.6 msec : 0
38.7 msec : 0
38.8 msec : 0
38.9 msec : 0
39.0 msec : 0
39.1 msec : 0
39.2 msec : 0
39.3 msec : 0
39.4 msec : 0
39.5 msec : 0
39.6 msec : 0
39.7 msec : 0
39.8 msec : 0
39.9 msec : 0
40.0 msec : 0
40.1 msec : 0
40.2 msec : 0
40.3 msec : 0
40.4 msec : 0
40.5 msec : 0
40.6 msec : 0
40.7 msec : 0
40.8 msec : 0
40.9 msec : 0
41.0 msec : 0
41.1 msec : 0
41.2 msec : 0
41.3 msec : 0
41.4 msec : 0
41.5 msec : 0
41.6 msec : 0
41.7 msec : 0
41.8 msec : 0
41.9 msec : 0
42.0 msec : 0
42.1 msec : 0
42.2 msec : 0
42.3 msec : 0
42.4 msec : 0
42.5 msec : 0
42.6 msec : 0
42.7 msec : 0
42.8 msec : 0
42.9 msec : 0
43.0 msec : 0
43.1 msec : 0
43.2 msec : 0
43.3 msec : 0
43.4 msec : 0
43.5 msec : 0
43.6 msec : 0
43.7 msec : 0
43.8 msec : 0
43.9 msec : 0
44.0 msec : 0
44.1 msec : 0
44.2 msec : 0
44.3 msec : 0
44.4 msec : 0
44.5 msec : 0
44.6 msec : 0
44.7 msec : 0
44.8 msec : 0
44.9 msec : 0
45.0 msec : 0
45.1 msec : 0
45.2 msec : 0
45.3 msec : 0
45.4 msec : 0
45.5 msec : 0
45.6 msec : 0
45.7 msec : 0
45.8 msec : 0
45.9 msec : 0
46.0 msec : 0
46.1 msec : 0
46.2 msec : 0
46.3 msec : 0
46.4 msec : 0
46.5 msec : 0
46.6 msec : 0
46.7 msec : 0
46.8 msec : 0
46.9 msec : 0
47.0 msec : 0
47.1 msec : 0
47.2 msec : 0
47.3 msec : 0
47.4 msec : 0
47.5 msec : 0
47.6 msec : 0
47.7 msec : 0
47.8 msec : 0
47.9 msec : 0
48.0 msec : 0
48.1 msec : 0
48.2 msec : 0
48.3 msec : 0
48.4 msec : 0
48.5 msec : 0
48.6 msec : 0
48.7 msec : 0
48.8 msec : 0
48.9 msec : 0
49.0 msec : 0
49.1 msec : 0
49.2 msec : 0
49.3 msec : 0
49.4 msec : 0
49.5 msec : 0
49.6 msec : 0
49.7 msec : 0
49.8 msec : 0
49.9 msec : 0
50.0 msec : 0
50.1 msec : 0
50.2 msec : 0
50.3 msec : 0
50.4 msec : 0
50.5 msec : 0
50.6 msec : 0
50.7 msec : 0
50.8 msec : 0
50.9 msec : 0
51.0 msec : 0
51.1 msec : 0
51.2 msec : 0
51.3 msec : 0
51.4 msec : 0
51.5 msec : 0
51.6 msec : 0
51.7 msec : 0
51.8 msec : 0
51.9 msec : 0
52.0 msec : 0
52.1 msec : 0
52.2 msec : 0
52.3 msec : 0
52.4 msec : 0
52.5 msec : 0
52.6 msec : 0
52.7 msec : 0
52.8 msec : 0
52.9 msec : 0
53.0 msec : 0
53.1 msec : 0
53.2 msec : 0
53.3 msec : 0
53.4 msec : 0
53.5 msec : 0
53.6 msec : 0
53.7 msec : 0
53.8 msec : 0
53.9 msec : 0
54.0 msec : 0
54.1 msec : 0
54.2 msec : 0
54.3 msec : 0
54.4 msec : 0
54.5 msec : 0
54.6 msec : 0
54.7 msec : 0
54.8 msec : 0
54.9 msec : 0
55.0 msec : 0
55.1 msec : 0
55.2 msec : 0
55.3 msec : 0
55.4 msec : 0
55.5 msec : 0
55.6 msec : 0
55.7 msec : 0
55.8 msec : 0
55.9 msec : 0
56.0 msec : 0
56.1 msec : 0
56.2 msec : 0
56.3 msec : 0
56.4 msec : 0
56.5 msec : 0
56.6 msec : 0
56.7 msec : 0
56.8 msec : 0
56.9 msec : 0
57.0 msec : 0
57.1 msec : 0
57.2 msec : 0
57.3 msec : 0
57.4 msec : 0
57.5 msec : 0
57.6 msec : 0
57.7 msec : 0
57.8 msec : 0
57.9 msec : 0
58.0 msec : 0
58.1 msec : 0
58.2 msec : 0
58.3 msec : 0
58.4 msec : 0
58.5 msec : 0
58.6 msec : 0
58.7 msec : 0
58.8 msec : 0
58.9 msec : 0
59.0 msec : 0
59.1 msec : 0
59.2 msec : 0
59.3 msec : 0
59.4 msec : 0
59.5 msec : 0
59.6 msec : 0
59.7 msec : 0
59.8 msec : 0
59.9 msec : 0
60.0 msec : 0
60.1 msec : 0
60.2 msec : 0
60.3 msec : 0
60.4 msec : 0
60.5 msec : 0
60.6 msec : 0
60.7 msec : 0
60.8 msec : 0
60.9 msec : 0
61.0 msec : 0
61.1 msec : 0
61.2 msec : 0
61.3 msec : 0
61.4 msec : 0
61.5 msec : 0
61.6 msec : 0
61.7 msec : 0
61.8 msec : 0
61.9 msec : 0
62.0 msec : 0
62.1 msec : 0
62.2 msec : 0
62.3 msec : 0
62.4 msec : 0
62.5 msec : 0
