Middleware started...
Middleware shuts down...
Smaller resolution statistics are in a log file...
Final aggregates per worker:


Worker 7
Average throughput (ops/sec) = 231
Average response time (msec) = 2.149723672131148
Average queue length = 0
Average wait time in queue (msec) = 0.081373131147541
Average service time (msec) = 2.004212098360656
Number of SET = 0
Number of GET = 231
Number of MULTI GET = 0


Worker 6
Average throughput (ops/sec) = 231
Average response time (msec) = 2.1531524426229507
Average queue length = 0
Average wait time in queue (msec) = 0.08364239344262295
Average service time (msec) = 2.0089681475409833
Number of SET = 0
Number of GET = 231
Number of MULTI GET = 0


Worker 8
Average throughput (ops/sec) = 233
Average response time (msec) = 2.1553297213114755
Average queue length = 0
Average wait time in queue (msec) = 0.08638883606557377
Average service time (msec) = 2.0069624262295083
Number of SET = 0
Number of GET = 233
Number of MULTI GET = 0


Worker 3
Average throughput (ops/sec) = 233
Average response time (msec) = 2.1423887377049184
Average queue length = 0
Average wait time in queue (msec) = 0.0847615081967213
Average service time (msec) = 1.9971436229508197
Number of SET = 0
Number of GET = 233
Number of MULTI GET = 0


Worker 2
Average throughput (ops/sec) = 232
Average response time (msec) = 2.153943278688524
Average queue length = 0
Average wait time in queue (msec) = 0.08657624590163934
Average service time (msec) = 2.0044175737704917
Number of SET = 0
Number of GET = 232
Number of MULTI GET = 0


Worker 5
Average throughput (ops/sec) = 231
Average response time (msec) = 2.1480545737704917
Average queue length = 0
Average wait time in queue (msec) = 0.08300603278688524
Average service time (msec) = 2.0023161475409834
Number of SET = 0
Number of GET = 231
Number of MULTI GET = 0


Worker 4
Average throughput (ops/sec) = 232
Average response time (msec) = 2.151040049180328
Average queue length = 0
Average wait time in queue (msec) = 0.0860050655737705
Average service time (msec) = 2.003966901639344
Number of SET = 0
Number of GET = 232
Number of MULTI GET = 0


Worker 1
Average throughput (ops/sec) = 232
Average response time (msec) = 2.1582750655737706
Average queue length = 0
Average wait time in queue (msec) = 0.08930455737704918
Average service time (msec) = 2.008301393442623
Number of SET = 0
Number of GET = 232
Number of MULTI GET = 0


FINAL STATS
Average throughput (ops/sec) = 1855
Average response time (msec) = 2.1490993236868325
Average queue length = 0
Average wait time in queue (msec) = 0.08513222131147541
Average service time (msec) = 2.0045360389344262
Number of SET = 0
Number of GET = 231
Number of MULTI GET = 0
Number of Cache misses = 10232


Histogram response times (0.1 msec step)
0.0 msec : 1239
0.1 msec : 10956
0.2 msec : 23143
0.3 msec : 25827
0.4 msec : 20219
0.5 msec : 12498
0.6 msec : 6996
0.7 msec : 3829
0.8 msec : 2102
0.9 msec : 1356
1.0 msec : 949
1.1 msec : 704
1.2 msec : 506
1.3 msec : 422
1.4 msec : 318
1.5 msec : 224
1.6 msec : 212
1.7 msec : 171
1.8 msec : 179
1.9 msec : 131
2.0 msec : 119
2.1 msec : 83
2.2 msec : 88
2.3 msec : 76
2.4 msec : 56
2.5 msec : 36
2.6 msec : 43
2.7 msec : 42
2.8 msec : 45
2.9 msec : 44
3.0 msec : 43
3.1 msec : 42
3.2 msec : 47
3.3 msec : 38
3.4 msec : 31
3.5 msec : 36
3.6 msec : 21
3.7 msec : 23
3.8 msec : 19
3.9 msec : 20
4.0 msec : 15
4.1 msec : 20
4.2 msec : 19
4.3 msec : 17
4.4 msec : 22
4.5 msec : 13
4.6 msec : 18
4.7 msec : 12
4.8 msec : 9
4.9 msec : 9
5.0 msec : 14
5.1 msec : 14
5.2 msec : 17
5.3 msec : 8
5.4 msec : 7
5.5 msec : 7
5.6 msec : 11
5.7 msec : 10
5.8 msec : 8
5.9 msec : 9
6.0 msec : 8
6.1 msec : 12
6.2 msec : 6
6.3 msec : 6
6.4 msec : 5
6.5 msec : 8
6.6 msec : 10
6.7 msec : 5
6.8 msec : 8
6.9 msec : 4
7.0 msec : 4
7.1 msec : 4
7.2 msec : 2
7.3 msec : 2
7.4 msec : 2
7.5 msec : 0
7.6 msec : 6
7.7 msec : 4
7.8 msec : 6
7.9 msec : 4
8.0 msec : 3
8.1 msec : 4
8.2 msec : 3
8.3 msec : 0
8.4 msec : 3
8.5 msec : 4
8.6 msec : 5
8.7 msec : 10
8.8 msec : 7
8.9 msec : 2
9.0 msec : 4
9.1 msec : 0
9.2 msec : 1
9.3 msec : 1
9.4 msec : 2
9.5 msec : 0
9.6 msec : 2
9.7 msec : 2
9.8 msec : 1
9.9 msec : 2
10.0 msec : 2
10.1 msec : 3
10.2 msec : 1
10.3 msec : 0
10.4 msec : 1
10.5 msec : 0
10.6 msec : 0
10.7 msec : 0
10.8 msec : 0
10.9 msec : 1
11.0 msec : 0
11.1 msec : 0
11.2 msec : 1
11.3 msec : 2
11.4 msec : 0
11.5 msec : 2
11.6 msec : 1
11.7 msec : 0
11.8 msec : 1
11.9 msec : 0
12.0 msec : 0
12.1 msec : 0
12.2 msec : 0
12.3 msec : 0
12.4 msec : 2
12.5 msec : 1
12.6 msec : 1
12.7 msec : 1
12.8 msec : 1
12.9 msec : 0
13.0 msec : 0
13.1 msec : 0
13.2 msec : 4
13.3 msec : 1
13.4 msec : 2
13.5 msec : 5
13.6 msec : 1
13.7 msec : 1
13.8 msec : 0
13.9 msec : 0
14.0 msec : 1
14.1 msec : 1
14.2 msec : 0
14.3 msec : 0
14.4 msec : 0
14.5 msec : 0
14.6 msec : 0
14.7 msec : 0
14.8 msec : 0
14.9 msec : 0
15.0 msec : 1
15.1 msec : 1
15.2 msec : 1
15.3 msec : 0
15.4 msec : 1
15.5 msec : 4
15.6 msec : 0
15.7 msec : 0
15.8 msec : 2
15.9 msec : 1
16.0 msec : 0
16.1 msec : 0
16.2 msec : 0
16.3 msec : 0
16.4 msec : 0
16.5 msec : 0
16.6 msec : 0
16.7 msec : 0
16.8 msec : 0
16.9 msec : 0
17.0 msec : 0
17.1 msec : 0
17.2 msec : 0
17.3 msec : 0
17.4 msec : 0
17.5 msec : 0
17.6 msec : 0
17.7 msec : 0
17.8 msec : 0
17.9 msec : 0
18.0 msec : 0
18.1 msec : 0
18.2 msec : 0
18.3 msec : 0
18.4 msec : 0
18.5 msec : 0
18.6 msec : 0
18.7 msec : 0
18.8 msec : 0
18.9 msec : 0
19.0 msec : 0
19.1 msec : 0
19.2 msec : 0
19.3 msec : 1
19.4 msec : 0
19.5 msec : 0
19.6 msec : 0
19.7 msec : 0
19.8 msec : 0
19.9 msec : 0
20.0 msec : 0
20.1 msec : 0
20.2 msec : 0
20.3 msec : 0
20.4 msec : 0
20.5 msec : 0
20.6 msec : 1
20.7 msec : 0
20.8 msec : 0
20.9 msec : 0
21.0 msec : 0
21.1 msec : 0
21.2 msec : 0
21.3 msec : 0
21.4 msec : 0
21.5 msec : 0
21.6 msec : 0
21.7 msec : 0
21.8 msec : 0
21.9 msec : 0
22.0 msec : 0
22.1 msec : 0
22.2 msec : 0
22.3 msec : 0
22.4 msec : 0
22.5 msec : 0
22.6 msec : 0
22.7 msec : 0
22.8 msec : 0
22.9 msec : 0
23.0 msec : 0
23.1 msec : 0
23.2 msec : 0
23.3 msec : 0
23.4 msec : 0
23.5 msec : 0
23.6 msec : 0
23.7 msec : 0
23.8 msec : 0
23.9 msec : 0
24.0 msec : 0
24.1 msec : 0
24.2 msec : 0
24.3 msec : 0
24.4 msec : 0
24.5 msec : 0
24.6 msec : 0
24.7 msec : 0
24.8 msec : 0
24.9 msec : 0
25.0 msec : 0
25.1 msec : 0
25.2 msec : 0
25.3 msec : 0
25.4 msec : 0
25.5 msec : 0
25.6 msec : 0
25.7 msec : 0
25.8 msec : 0
25.9 msec : 0
26.0 msec : 1
26.1 msec : 0
26.2 msec : 0
26.3 msec : 0
26.4 msec : 0
26.5 msec : 0
26.6 msec : 0
26.7 msec : 0
26.8 msec : 0
26.9 msec : 0
27.0 msec : 0
27.1 msec : 0
27.2 msec : 0
27.3 msec : 0
27.4 msec : 0
27.5 msec : 0
27.6 msec : 0
27.7 msec : 0
27.8 msec : 0
27.9 msec : 0
28.0 msec : 0
28.1 msec : 0
28.2 msec : 0
28.3 msec : 0
28.4 msec : 0
28.5 msec : 0
28.6 msec : 0
28.7 msec : 0
28.8 msec : 0
28.9 msec : 0
29.0 msec : 0
29.1 msec : 0
29.2 msec : 0
29.3 msec : 0
29.4 msec : 0
29.5 msec : 0
29.6 msec : 0
29.7 msec : 0
29.8 msec : 0
29.9 msec : 0
30.0 msec : 0
30.1 msec : 0
30.2 msec : 0
30.3 msec : 0
30.4 msec : 0
30.5 msec : 0
30.6 msec : 0
30.7 msec : 0
30.8 msec : 0
30.9 msec : 0
31.0 msec : 0
31.1 msec : 0
31.2 msec : 0
31.3 msec : 0
31.4 msec : 0
31.5 msec : 0
31.6 msec : 0
31.7 msec : 0
31.8 msec : 0
31.9 msec : 0
32.0 msec : 0
32.1 msec : 0
32.2 msec : 0
32.3 msec : 0
32.4 msec : 0
32.5 msec : 0
32.6 msec : 0
32.7 msec : 0
32.8 msec : 0
32.9 msec : 0
33.0 msec : 0
33.1 msec : 0
33.2 msec : 0
33.3 msec : 0
33.4 msec : 0
33.5 msec : 0
33.6 msec : 0
33.7 msec : 0
33.8 msec : 0
33.9 msec : 0
34.0 msec : 0
34.1 msec : 0
34.2 msec : 0
34.3 msec : 0
34.4 msec : 0
34.5 msec : 0
34.6 msec : 0
34.7 msec : 0
34.8 msec : 0
34.9 msec : 0
35.0 msec : 0
35.1 msec : 0
35.2 msec : 0
35.3 msec : 0
35.4 msec : 0
35.5 msec : 0
35.6 msec : 0
35.7 msec : 0
35.8 msec : 0
35.9 msec : 0
36.0 msec : 0
36.1 msec : 0
36.2 msec : 0
36.3 msec : 0
36.4 msec : 0
36.5 msec : 0
36.6 msec : 0
36.7 msec : 0
36.8 msec : 0
36.9 msec : 0
37.0 msec : 0
37.1 msec : 0
37.2 msec : 0
37.3 msec : 0
37.4 msec : 0
37.5 msec : 0
37.6 msec : 0
37.7 msec : 0
37.8 msec : 0
37.9 msec : 0
38.0 msec : 0
38.1 msec : 0
38.2 msec : 0
38.3 msec : 0
38.4 msec : 0
38.5 msec : 0
38.6 msec : 0
38.7 msec : 0
38.8 msec : 0
38.9 msec : 0
39.0 msec : 0
39.1 msec : 0
39.2 msec : 0
39.3 msec : 0
39.4 msec : 0
39.5 msec : 0
39.6 msec : 0
39.7 msec : 0
39.8 msec : 1
39.9 msec : 1
40.0 msec : 0
40.1 msec : 0
40.2 msec : 0
40.3 msec : 0
40.4 msec : 0
40.5 msec : 0
40.6 msec : 0
40.7 msec : 0
40.8 msec : 0
40.9 msec : 0
41.0 msec : 0
41.1 msec : 0
41.2 msec : 0
41.3 msec : 0
41.4 msec : 0
41.5 msec : 0
41.6 msec : 0
41.7 msec : 1
41.8 msec : 0
41.9 msec : 0
42.0 msec : 0
42.1 msec : 0
42.2 msec : 0
42.3 msec : 0
42.4 msec : 0
42.5 msec : 0
42.6 msec : 0
42.7 msec : 0
42.8 msec : 0
42.9 msec : 0
43.0 msec : 0
43.1 msec : 0
43.2 msec : 0
43.3 msec : 0
43.4 msec : 0
43.5 msec : 0
43.6 msec : 0
43.7 msec : 0
43.8 msec : 0
43.9 msec : 0
44.0 msec : 0
44.1 msec : 0
44.2 msec : 0
44.3 msec : 0
44.4 msec : 0
44.5 msec : 0
44.6 msec : 0
44.7 msec : 0
44.8 msec : 0
44.9 msec : 0
