Middleware started...
Middleware shuts down...
Smaller resolution statistics are in a log file...
Final aggregates per worker:


Worker 24
Average throughput (ops/sec) = 737
Average response time (msec) = 1.0834599166666667
Average queue length = 2
Average wait time in queue (msec) = 0.13461408333333336
Average service time (msec) = 0.8157413333333333
Number of SET = 737
Number of GET = 0
Number of MULTI GET = 0


Worker 7
Average throughput (ops/sec) = 727
Average response time (msec) = 1.0717273333333333
Average queue length = 2
Average wait time in queue (msec) = 0.14528708333333334
Average service time (msec) = 0.7996721666666666
Number of SET = 727
Number of GET = 0
Number of MULTI GET = 0


Worker 6
Average throughput (ops/sec) = 720
Average response time (msec) = 1.0976326666666667
Average queue length = 4
Average wait time in queue (msec) = 0.14670341666666667
Average service time (msec) = 0.7936174166666666
Number of SET = 720
Number of GET = 0
Number of MULTI GET = 0


Worker 25
Average throughput (ops/sec) = 721
Average response time (msec) = 1.079273
Average queue length = 1
Average wait time in queue (msec) = 0.14623916666666667
Average service time (msec) = 0.8090483333333334
Number of SET = 721
Number of GET = 0
Number of MULTI GET = 0


Worker 26
Average throughput (ops/sec) = 727
Average response time (msec) = 1.0707850833333332
Average queue length = 1
Average wait time in queue (msec) = 0.14786533333333335
Average service time (msec) = 0.7932505833333334
Number of SET = 727
Number of GET = 0
Number of MULTI GET = 0


Worker 9
Average throughput (ops/sec) = 727
Average response time (msec) = 1.12154875
Average queue length = 4
Average wait time in queue (msec) = 0.15235891666666665
Average service time (msec) = 0.8435150833333334
Number of SET = 727
Number of GET = 0
Number of MULTI GET = 0


Worker 27
Average throughput (ops/sec) = 726
Average response time (msec) = 1.06361275
Average queue length = 0
Average wait time in queue (msec) = 0.1335285
Average service time (msec) = 0.8026934166666666
Number of SET = 726
Number of GET = 0
Number of MULTI GET = 0


Worker 8
Average throughput (ops/sec) = 728
Average response time (msec) = 1.1090413333333333
Average queue length = 3
Average wait time in queue (msec) = 0.145631
Average service time (msec) = 0.8317425
Number of SET = 728
Number of GET = 0
Number of MULTI GET = 0


Worker 20
Average throughput (ops/sec) = 725
Average response time (msec) = 1.1206104166666668
Average queue length = 4
Average wait time in queue (msec) = 0.1422025
Average service time (msec) = 0.8409550833333334
Number of SET = 725
Number of GET = 0
Number of MULTI GET = 0


Worker 3
Average throughput (ops/sec) = 733
Average response time (msec) = 1.0792889166666668
Average queue length = 2
Average wait time in queue (msec) = 0.15562758333333335
Average service time (msec) = 0.78398675
Number of SET = 733
Number of GET = 0
Number of MULTI GET = 0


Worker 2
Average throughput (ops/sec) = 714
Average response time (msec) = 1.0436626666666666
Average queue length = 1
Average wait time in queue (msec) = 0.12465025
Average service time (msec) = 0.7853541666666666
Number of SET = 714
Number of GET = 0
Number of MULTI GET = 0


Worker 21
Average throughput (ops/sec) = 725
Average response time (msec) = 1.0859311666666667
Average queue length = 2
Average wait time in queue (msec) = 0.15115925
Average service time (msec) = 0.807008
Number of SET = 725
Number of GET = 0
Number of MULTI GET = 0


Worker 22
Average throughput (ops/sec) = 721
Average response time (msec) = 1.0843288333333332
Average queue length = 4
Average wait time in queue (msec) = 0.13880858333333335
Average service time (msec) = 0.816086
Number of SET = 721
Number of GET = 0
Number of MULTI GET = 0


Worker 5
Average throughput (ops/sec) = 713
Average response time (msec) = 1.107868
Average queue length = 2
Average wait time in queue (msec) = 0.17391191666666667
Average service time (msec) = 0.7954424166666666
Number of SET = 713
Number of GET = 0
Number of MULTI GET = 0


Worker 4
Average throughput (ops/sec) = 720
Average response time (msec) = 1.0867768333333332
Average queue length = 1
Average wait time in queue (msec) = 0.138961
Average service time (msec) = 0.81306875
Number of SET = 756
Number of GET = 0
Number of MULTI GET = 0


Worker 23
Average throughput (ops/sec) = 723
Average response time (msec) = 1.0834800833333333
Average queue length = 4
Average wait time in queue (msec) = 0.1600285
Average service time (msec) = 0.7970691666666666
Number of SET = 723
Number of GET = 0
Number of MULTI GET = 0


Worker 28
Average throughput (ops/sec) = 727
Average response time (msec) = 1.08270275
Average queue length = 0
Average wait time in queue (msec) = 0.1440465
Average service time (msec) = 0.8049875
Number of SET = 727
Number of GET = 0
Number of MULTI GET = 0


Worker 29
Average throughput (ops/sec) = 730
Average response time (msec) = 1.0631685833333333
Average queue length = 2
Average wait time in queue (msec) = 0.13645816666666666
Average service time (msec) = 0.7997614166666667
Number of SET = 730
Number of GET = 0
Number of MULTI GET = 0


Worker 1
Average throughput (ops/sec) = 716
Average response time (msec) = 1.0876675833333334
Average queue length = 4
Average wait time in queue (msec) = 0.14528816666666666
Average service time (msec) = 0.8035653333333334
Number of SET = 716
Number of GET = 0
Number of MULTI GET = 0


Worker 30
Average throughput (ops/sec) = 718
Average response time (msec) = 1.0673761666666668
Average queue length = 2
Average wait time in queue (msec) = 0.13631125
Average service time (msec) = 0.8043294166666666
Number of SET = 718
Number of GET = 0
Number of MULTI GET = 0


Worker 13
Average throughput (ops/sec) = 722
Average response time (msec) = 1.0479984166666667
Average queue length = 2
Average wait time in queue (msec) = 0.1377645
Average service time (msec) = 0.76994475
Number of SET = 722
Number of GET = 0
Number of MULTI GET = 0


Worker 14
Average throughput (ops/sec) = 734
Average response time (msec) = 1.0640085833333333
Average queue length = 3
Average wait time in queue (msec) = 0.13102916666666667
Average service time (msec) = 0.7975171666666666
Number of SET = 734
Number of GET = 0
Number of MULTI GET = 0


Worker 15
Average throughput (ops/sec) = 739
Average response time (msec) = 1.044942
Average queue length = 3
Average wait time in queue (msec) = 0.16653966666666667
Average service time (msec) = 0.7425080833333334
Number of SET = 739
Number of GET = 0
Number of MULTI GET = 0


Worker 16
Average throughput (ops/sec) = 740
Average response time (msec) = 1.0874416666666666
Average queue length = 3
Average wait time in queue (msec) = 0.14976275
Average service time (msec) = 0.7888349166666666
Number of SET = 740
Number of GET = 0
Number of MULTI GET = 0


Worker 31
Average throughput (ops/sec) = 729
Average response time (msec) = 1.0476054166666666
Average queue length = 2
Average wait time in queue (msec) = 0.13393941666666664
Average service time (msec) = 0.7714726666666666
Number of SET = 729
Number of GET = 0
Number of MULTI GET = 0


Worker 32
Average throughput (ops/sec) = 718
Average response time (msec) = 1.1253811666666667
Average queue length = 4
Average wait time in queue (msec) = 0.13328441666666666
Average service time (msec) = 0.8495624166666667
Number of SET = 718
Number of GET = 0
Number of MULTI GET = 0


Worker 10
Average throughput (ops/sec) = 734
Average response time (msec) = 1.1261015
Average queue length = 3
Average wait time in queue (msec) = 0.18240266666666666
Average service time (msec) = 0.8181293333333334
Number of SET = 733
Number of GET = 0
Number of MULTI GET = 0


Worker 11
Average throughput (ops/sec) = 729
Average response time (msec) = 1.0810181666666667
Average queue length = 1
Average wait time in queue (msec) = 0.15574291666666665
Average service time (msec) = 0.78048925
Number of SET = 729
Number of GET = 0
Number of MULTI GET = 0


Worker 12
Average throughput (ops/sec) = 730
Average response time (msec) = 1.0666843333333333
Average queue length = 1
Average wait time in queue (msec) = 0.1462575
Average service time (msec) = 0.7870559166666666
Number of SET = 730
Number of GET = 0
Number of MULTI GET = 0


Worker 17
Average throughput (ops/sec) = 727
Average response time (msec) = 1.1035424166666667
Average queue length = 4
Average wait time in queue (msec) = 0.14533358333333335
Average service time (msec) = 0.8205306666666666
Number of SET = 727
Number of GET = 0
Number of MULTI GET = 0


Worker 18
Average throughput (ops/sec) = 733
Average response time (msec) = 1.07405575
Average queue length = 5
Average wait time in queue (msec) = 0.13228458333333334
Average service time (msec) = 0.8168241666666666
Number of SET = 733
Number of GET = 0
Number of MULTI GET = 0


Worker 19
Average throughput (ops/sec) = 736
Average response time (msec) = 1.0582551666666666
Average queue length = 5
Average wait time in queue (msec) = 0.14382925
Average service time (msec) = 0.78104775
Number of SET = 736
Number of GET = 0
Number of MULTI GET = 0


FINAL STATS
Average throughput (ops/sec) = 23249
Average response time (msec) = 0.7792312599892838
Average queue length = 2
Average wait time in queue (msec) = 0.14555786197916665
Average service time (msec) = 0.8020253723958334
Number of SET = 727
Number of GET = 0
Number of MULTI GET = 0
Number of Cache misses = 0


Histogram response times (0.1 msec step)
0.0 msec : 10241
0.1 msec : 12525
0.2 msec : 12747
0.3 msec : 12769
0.4 msec : 12867
0.5 msec : 12551
0.6 msec : 11481
0.7 msec : 9826
0.8 msec : 8374
0.9 msec : 6664
1.0 msec : 5166
1.1 msec : 4124
1.2 msec : 3130
1.3 msec : 2581
1.4 msec : 2004
1.5 msec : 1661
1.6 msec : 1382
1.7 msec : 1231
1.8 msec : 1037
1.9 msec : 902
2.0 msec : 793
2.1 msec : 721
2.2 msec : 565
2.3 msec : 512
2.4 msec : 420
2.5 msec : 337
2.6 msec : 332
2.7 msec : 260
2.8 msec : 252
2.9 msec : 235
3.0 msec : 182
3.1 msec : 203
3.2 msec : 148
3.3 msec : 120
3.4 msec : 104
3.5 msec : 99
3.6 msec : 90
3.7 msec : 79
3.8 msec : 72
3.9 msec : 57
4.0 msec : 66
4.1 msec : 67
4.2 msec : 77
4.3 msec : 58
4.4 msec : 69
4.5 msec : 51
4.6 msec : 35
4.7 msec : 24
4.8 msec : 29
4.9 msec : 22
5.0 msec : 32
5.1 msec : 28
5.2 msec : 26
5.3 msec : 17
5.4 msec : 20
5.5 msec : 16
5.6 msec : 12
5.7 msec : 13
5.8 msec : 13
5.9 msec : 17
6.0 msec : 22
6.1 msec : 13
6.2 msec : 15
6.3 msec : 14
6.4 msec : 17
6.5 msec : 17
6.6 msec : 19
6.7 msec : 9
6.8 msec : 13
6.9 msec : 6
7.0 msec : 5
7.1 msec : 8
7.2 msec : 6
7.3 msec : 1
7.4 msec : 5
7.5 msec : 2
7.6 msec : 7
7.7 msec : 0
7.8 msec : 1
7.9 msec : 1
8.0 msec : 4
8.1 msec : 2
8.2 msec : 9
8.3 msec : 7
8.4 msec : 6
8.5 msec : 8
8.6 msec : 6
8.7 msec : 2
8.8 msec : 2
8.9 msec : 5
9.0 msec : 4
9.1 msec : 4
9.2 msec : 0
9.3 msec : 4
9.4 msec : 6
9.5 msec : 8
9.6 msec : 5
9.7 msec : 3
9.8 msec : 4
9.9 msec : 0
10.0 msec : 2
10.1 msec : 5
10.2 msec : 0
10.3 msec : 4
10.4 msec : 3
10.5 msec : 6
10.6 msec : 9
10.7 msec : 12
10.8 msec : 4
10.9 msec : 5
11.0 msec : 9
11.1 msec : 4
11.2 msec : 10
11.3 msec : 2
11.4 msec : 7
11.5 msec : 6
11.6 msec : 2
11.7 msec : 2
11.8 msec : 2
11.9 msec : 2
12.0 msec : 3
12.1 msec : 4
12.2 msec : 1
12.3 msec : 3
12.4 msec : 1
12.5 msec : 2
12.6 msec : 3
12.7 msec : 2
12.8 msec : 0
12.9 msec : 2
13.0 msec : 2
13.1 msec : 2
13.2 msec : 4
13.3 msec : 0
13.4 msec : 2
13.5 msec : 4
13.6 msec : 4
13.7 msec : 2
13.8 msec : 2
13.9 msec : 3
14.0 msec : 2
14.1 msec : 0
14.2 msec : 1
14.3 msec : 2
14.4 msec : 2
14.5 msec : 0
14.6 msec : 0
14.7 msec : 2
14.8 msec : 3
14.9 msec : 1
15.0 msec : 0
15.1 msec : 0
15.2 msec : 0
15.3 msec : 0
15.4 msec : 2
15.5 msec : 2
15.6 msec : 2
15.7 msec : 2
15.8 msec : 2
15.9 msec : 1
16.0 msec : 2
16.1 msec : 0
16.2 msec : 0
16.3 msec : 0
16.4 msec : 0
16.5 msec : 0
16.6 msec : 0
16.7 msec : 0
16.8 msec : 0
16.9 msec : 0
17.0 msec : 0
17.1 msec : 0
