Middleware started...
Middleware shuts down...
Smaller resolution statistics are in a log file...
Final aggregates per worker:


Worker 24
Average throughput (ops/sec) = 721
Average response time (msec) = 0.181386
Average queue length = 0
Average wait time in queue (msec) = 0.02706616666666667
Average service time (msec) = 0.11221966666666668
Number of SET = 721
Number of GET = 0
Number of MULTI GET = 0


Worker 7
Average throughput (ops/sec) = 727
Average response time (msec) = 0.17398333333333335
Average queue length = 0
Average wait time in queue (msec) = 0.02076075
Average service time (msec) = 0.1122845
Number of SET = 727
Number of GET = 0
Number of MULTI GET = 0


Worker 25
Average throughput (ops/sec) = 725
Average response time (msec) = 0.166213
Average queue length = 0
Average wait time in queue (msec) = 0.021523916666666667
Average service time (msec) = 0.10585091666666667
Number of SET = 725
Number of GET = 0
Number of MULTI GET = 0


Worker 6
Average throughput (ops/sec) = 722
Average response time (msec) = 0.1607705
Average queue length = 0
Average wait time in queue (msec) = 0.022218916666666668
Average service time (msec) = 0.097023
Number of SET = 722
Number of GET = 0
Number of MULTI GET = 0


Worker 26
Average throughput (ops/sec) = 722
Average response time (msec) = 0.17118583333333334
Average queue length = 1
Average wait time in queue (msec) = 0.021343
Average service time (msec) = 0.10782866666666667
Number of SET = 723
Number of GET = 0
Number of MULTI GET = 0


Worker 9
Average throughput (ops/sec) = 723
Average response time (msec) = 0.17469175
Average queue length = 1
Average wait time in queue (msec) = 0.020761916666666668
Average service time (msec) = 0.11179
Number of SET = 723
Number of GET = 0
Number of MULTI GET = 0


Worker 27
Average throughput (ops/sec) = 711
Average response time (msec) = 0.16626483333333333
Average queue length = 1
Average wait time in queue (msec) = 0.023626
Average service time (msec) = 0.10061958333333333
Number of SET = 711
Number of GET = 0
Number of MULTI GET = 0


Worker 8
Average throughput (ops/sec) = 732
Average response time (msec) = 0.17075366666666666
Average queue length = 1
Average wait time in queue (msec) = 0.026641916666666668
Average service time (msec) = 0.10452416666666667
Number of SET = 732
Number of GET = 0
Number of MULTI GET = 0


Worker 20
Average throughput (ops/sec) = 738
Average response time (msec) = 0.16519975
Average queue length = 0
Average wait time in queue (msec) = 0.026187333333333333
Average service time (msec) = 0.09883766666666667
Number of SET = 738
Number of GET = 0
Number of MULTI GET = 0


Worker 3
Average throughput (ops/sec) = 721
Average response time (msec) = 0.16767091666666667
Average queue length = 0
Average wait time in queue (msec) = 0.0225385
Average service time (msec) = 0.10354258333333333
Number of SET = 721
Number of GET = 0
Number of MULTI GET = 0


Worker 21
Average throughput (ops/sec) = 738
Average response time (msec) = 0.18583191666666665
Average queue length = 1
Average wait time in queue (msec) = 0.03725133333333334
Average service time (msec) = 0.10526966666666668
Number of SET = 738
Number of GET = 0
Number of MULTI GET = 0


Worker 2
Average throughput (ops/sec) = 731
Average response time (msec) = 0.16514933333333334
Average queue length = 0
Average wait time in queue (msec) = 0.0242625
Average service time (msec) = 0.09777983333333333
Number of SET = 731
Number of GET = 0
Number of MULTI GET = 0


Worker 22
Average throughput (ops/sec) = 728
Average response time (msec) = 0.16015791666666665
Average queue length = 1
Average wait time in queue (msec) = 0.025975416666666667
Average service time (msec) = 0.09369616666666668
Number of SET = 728
Number of GET = 0
Number of MULTI GET = 0


Worker 5
Average throughput (ops/sec) = 738
Average response time (msec) = 0.16745633333333335
Average queue length = 1
Average wait time in queue (msec) = 0.03019075
Average service time (msec) = 0.09787341666666667
Number of SET = 738
Number of GET = 0
Number of MULTI GET = 0


Worker 23
Average throughput (ops/sec) = 733
Average response time (msec) = 0.16914683333333333
Average queue length = 0
Average wait time in queue (msec) = 0.0257495
Average service time (msec) = 0.10354108333333333
Number of SET = 734
Number of GET = 0
Number of MULTI GET = 0


Worker 4
Average throughput (ops/sec) = 743
Average response time (msec) = 0.16662741666666667
Average queue length = 0
Average wait time in queue (msec) = 0.023904833333333333
Average service time (msec) = 0.10227841666666668
Number of SET = 743
Number of GET = 0
Number of MULTI GET = 0


Worker 28
Average throughput (ops/sec) = 726
Average response time (msec) = 0.17215591666666666
Average queue length = 1
Average wait time in queue (msec) = 0.02390625
Average service time (msec) = 0.11007941666666667
Number of SET = 726
Number of GET = 0
Number of MULTI GET = 0


Worker 29
Average throughput (ops/sec) = 710
Average response time (msec) = 0.18005516666666666
Average queue length = 1
Average wait time in queue (msec) = 0.02596341666666667
Average service time (msec) = 0.11141841666666667
Number of SET = 710
Number of GET = 0
Number of MULTI GET = 0


Worker 1
Average throughput (ops/sec) = 718
Average response time (msec) = 0.16051391666666665
Average queue length = 1
Average wait time in queue (msec) = 0.02256675
Average service time (msec) = 0.09657333333333333
Number of SET = 718
Number of GET = 0
Number of MULTI GET = 0


Worker 30
Average throughput (ops/sec) = 715
Average response time (msec) = 0.15339183333333334
Average queue length = 0
Average wait time in queue (msec) = 0.02201791666666667
Average service time (msec) = 0.09160716666666667
Number of SET = 715
Number of GET = 0
Number of MULTI GET = 0


Worker 13
Average throughput (ops/sec) = 720
Average response time (msec) = 0.16550141666666665
Average queue length = 1
Average wait time in queue (msec) = 0.02645925
Average service time (msec) = 0.098271
Number of SET = 720
Number of GET = 0
Number of MULTI GET = 0


Worker 14
Average throughput (ops/sec) = 725
Average response time (msec) = 0.160683
Average queue length = 0
Average wait time in queue (msec) = 0.023984666666666668
Average service time (msec) = 0.097266
Number of SET = 725
Number of GET = 0
Number of MULTI GET = 0


Worker 15
Average throughput (ops/sec) = 732
Average response time (msec) = 0.16577491666666666
Average queue length = 0
Average wait time in queue (msec) = 0.02484941666666667
Average service time (msec) = 0.10020425
Number of SET = 732
Number of GET = 0
Number of MULTI GET = 0


Worker 16
Average throughput (ops/sec) = 726
Average response time (msec) = 0.16007575
Average queue length = 0
Average wait time in queue (msec) = 0.02541466666666667
Average service time (msec) = 0.09396575
Number of SET = 726
Number of GET = 0
Number of MULTI GET = 0


Worker 31
Average throughput (ops/sec) = 757
Average response time (msec) = 0.16787816666666666
Average queue length = 0
Average wait time in queue (msec) = 0.025946666666666666
Average service time (msec) = 0.10014625
Number of SET = 757
Number of GET = 0
Number of MULTI GET = 0


Worker 32
Average throughput (ops/sec) = 724
Average response time (msec) = 0.154874
Average queue length = 0
Average wait time in queue (msec) = 0.021187416666666667
Average service time (msec) = 0.0928895
Number of SET = 724
Number of GET = 0
Number of MULTI GET = 0


Worker 10
Average throughput (ops/sec) = 722
Average response time (msec) = 0.15266333333333335
Average queue length = 0
Average wait time in queue (msec) = 0.021981166666666666
Average service time (msec) = 0.09064308333333333
Number of SET = 722
Number of GET = 0
Number of MULTI GET = 0


Worker 11
Average throughput (ops/sec) = 734
Average response time (msec) = 0.18811483333333334
Average queue length = 0
Average wait time in queue (msec) = 0.030145916666666668
Average service time (msec) = 0.11855833333333334
Number of SET = 734
Number of GET = 0
Number of MULTI GET = 0


Worker 12
Average throughput (ops/sec) = 704
Average response time (msec) = 0.16438616666666667
Average queue length = 0
Average wait time in queue (msec) = 0.024195333333333333
Average service time (msec) = 0.09941025
Number of SET = 704
Number of GET = 0
Number of MULTI GET = 0


Worker 17
Average throughput (ops/sec) = 718
Average response time (msec) = 0.18034508333333335
Average queue length = 1
Average wait time in queue (msec) = 0.03207125
Average service time (msec) = 0.09809266666666668
Number of SET = 718
Number of GET = 0
Number of MULTI GET = 0


Worker 18
Average throughput (ops/sec) = 717
Average response time (msec) = 0.16979666666666665
Average queue length = 0
Average wait time in queue (msec) = 0.02591783333333333
Average service time (msec) = 0.10318016666666667
Number of SET = 717
Number of GET = 0
Number of MULTI GET = 0


Worker 19
Average throughput (ops/sec) = 728
Average response time (msec) = 0.16336216666666667
Average queue length = 0
Average wait time in queue (msec) = 0.02333358333333333
Average service time (msec) = 0.10097291666666668
Number of SET = 728
Number of GET = 0
Number of MULTI GET = 0


FINAL STATS
Average throughput (ops/sec) = 23229
Average response time (msec) = 0.11787770173343882
Average queue length = 0
Average wait time in queue (msec) = 0.0249982578125
Average service time (msec) = 0.10181993229166666
Number of SET = 725
Number of GET = 0
Number of MULTI GET = 0
Number of Cache misses = 0


Histogram response times (0.1 msec step)
0.0 msec : 109847
0.1 msec : 21182
0.2 msec : 4204
0.3 msec : 1810
0.4 msec : 819
0.5 msec : 346
0.6 msec : 221
0.7 msec : 122
0.8 msec : 78
0.9 msec : 54
1.0 msec : 39
1.1 msec : 24
1.2 msec : 30
1.3 msec : 17
1.4 msec : 11
1.5 msec : 15
1.6 msec : 11
1.7 msec : 5
1.8 msec : 5
1.9 msec : 9
2.0 msec : 10
2.1 msec : 13
2.2 msec : 8
2.3 msec : 9
2.4 msec : 7
2.5 msec : 5
2.6 msec : 6
2.7 msec : 10
2.8 msec : 9
2.9 msec : 5
3.0 msec : 0
3.1 msec : 0
3.2 msec : 0
3.3 msec : 5
3.4 msec : 7
3.5 msec : 0
3.6 msec : 0
3.7 msec : 7
3.8 msec : 6
3.9 msec : 8
4.0 msec : 3
4.1 msec : 2
4.2 msec : 6
4.3 msec : 2
4.4 msec : 2
4.5 msec : 2
4.6 msec : 1
4.7 msec : 0
4.8 msec : 0
4.9 msec : 0
5.0 msec : 0
5.1 msec : 3
5.2 msec : 1
5.3 msec : 3
5.4 msec : 3
5.5 msec : 0
5.6 msec : 5
5.7 msec : 0
5.8 msec : 3
5.9 msec : 2
6.0 msec : 2
6.1 msec : 1
6.2 msec : 1
6.3 msec : 1
6.4 msec : 1
6.5 msec : 1
6.6 msec : 0
6.7 msec : 1
6.8 msec : 0
6.9 msec : 0
7.0 msec : 0
7.1 msec : 1
7.2 msec : 0
7.3 msec : 6
7.4 msec : 2
7.5 msec : 1
7.6 msec : 0
7.7 msec : 1
7.8 msec : 0
7.9 msec : 0
8.0 msec : 0
8.1 msec : 0
8.2 msec : 0
8.3 msec : 0
8.4 msec : 0
8.5 msec : 0
8.6 msec : 1
8.7 msec : 0
8.8 msec : 3
8.9 msec : 1
9.0 msec : 0
9.1 msec : 0
9.2 msec : 0
9.3 msec : 0
9.4 msec : 0
9.5 msec : 0
9.6 msec : 0
9.7 msec : 0
9.8 msec : 0
9.9 msec : 0
10.0 msec : 0
10.1 msec : 0
10.2 msec : 0
10.3 msec : 0
10.4 msec : 0
10.5 msec : 0
10.6 msec : 0
10.7 msec : 0
10.8 msec : 0
10.9 msec : 0
11.0 msec : 0
11.1 msec : 0
11.2 msec : 0
11.3 msec : 0
11.4 msec : 0
11.5 msec : 0
11.6 msec : 0
11.7 msec : 0
11.8 msec : 0
11.9 msec : 0
12.0 msec : 2
12.1 msec : 0
12.2 msec : 0
12.3 msec : 1
12.4 msec : 0
