Middleware started...
Middleware shuts down...
Smaller resolution statistics are in a log file...
Final aggregates per worker:


Worker 24
Average throughput (ops/sec) = 21
Average response time (msec) = 2.3235499016393444
Average queue length = 0
Average wait time in queue (msec) = 0.02755172131147541
Average service time (msec) = 2.2201204590163934
Number of SET = 21
Number of GET = 0
Number of MULTI GET = 0


Worker 7
Average throughput (ops/sec) = 21
Average response time (msec) = 2.2997935409836066
Average queue length = 0
Average wait time in queue (msec) = 0.02445365573770492
Average service time (msec) = 2.205273786885246
Number of SET = 21
Number of GET = 0
Number of MULTI GET = 0


Worker 25
Average throughput (ops/sec) = 21
Average response time (msec) = 2.310208704918033
Average queue length = 0
Average wait time in queue (msec) = 0.029751508196721312
Average service time (msec) = 2.2079067049180328
Number of SET = 21
Number of GET = 0
Number of MULTI GET = 0


Worker 6
Average throughput (ops/sec) = 21
Average response time (msec) = 2.309372475409836
Average queue length = 0
Average wait time in queue (msec) = 0.057379852459016396
Average service time (msec) = 2.1802430163934425
Number of SET = 21
Number of GET = 0
Number of MULTI GET = 0


Worker 26
Average throughput (ops/sec) = 21
Average response time (msec) = 2.323115180327869
Average queue length = 0
Average wait time in queue (msec) = 0.027916786885245903
Average service time (msec) = 2.195292491803279
Number of SET = 21
Number of GET = 0
Number of MULTI GET = 0


Worker 9
Average throughput (ops/sec) = 21
Average response time (msec) = 2.2916064426229505
Average queue length = 0
Average wait time in queue (msec) = 0.02921655737704918
Average service time (msec) = 2.1886517540983603
Number of SET = 21
Number of GET = 0
Number of MULTI GET = 0


Worker 27
Average throughput (ops/sec) = 21
Average response time (msec) = 2.2927052786885245
Average queue length = 0
Average wait time in queue (msec) = 0.033037262295081964
Average service time (msec) = 2.1891008688524587
Number of SET = 21
Number of GET = 0
Number of MULTI GET = 0


Worker 8
Average throughput (ops/sec) = 21
Average response time (msec) = 2.339140819672131
Average queue length = 0
Average wait time in queue (msec) = 0.0318922131147541
Average service time (msec) = 2.232042852459016
Number of SET = 21
Number of GET = 0
Number of MULTI GET = 0


Worker 3
Average throughput (ops/sec) = 21
Average response time (msec) = 2.3176889180327866
Average queue length = 0
Average wait time in queue (msec) = 0.040795639344262294
Average service time (msec) = 2.1992284098360653
Number of SET = 21
Number of GET = 0
Number of MULTI GET = 0


Worker 20
Average throughput (ops/sec) = 21
Average response time (msec) = 2.2754520163934426
Average queue length = 0
Average wait time in queue (msec) = 0.03343229508196721
Average service time (msec) = 2.1667251311475413
Number of SET = 21
Number of GET = 0
Number of MULTI GET = 0


Worker 2
Average throughput (ops/sec) = 21
Average response time (msec) = 2.3021253934426227
Average queue length = 0
Average wait time in queue (msec) = 0.026793622950819673
Average service time (msec) = 2.1858021475409837
Number of SET = 21
Number of GET = 0
Number of MULTI GET = 0


Worker 21
Average throughput (ops/sec) = 21
Average response time (msec) = 2.310188081967213
Average queue length = 0
Average wait time in queue (msec) = 0.046031393442622956
Average service time (msec) = 2.1891570655737707
Number of SET = 21
Number of GET = 0
Number of MULTI GET = 0


Worker 22
Average throughput (ops/sec) = 21
Average response time (msec) = 2.278773081967213
Average queue length = 0
Average wait time in queue (msec) = 0.02921583606557377
Average service time (msec) = 2.174105770491803
Number of SET = 21
Number of GET = 0
Number of MULTI GET = 0


Worker 5
Average throughput (ops/sec) = 21
Average response time (msec) = 2.315315147540984
Average queue length = 0
Average wait time in queue (msec) = 0.029298295081967213
Average service time (msec) = 2.208709770491803
Number of SET = 21
Number of GET = 0
Number of MULTI GET = 0


Worker 23
Average throughput (ops/sec) = 21
Average response time (msec) = 2.324517196721312
Average queue length = 0
Average wait time in queue (msec) = 0.030971065573770492
Average service time (msec) = 2.214001327868852
Number of SET = 21
Number of GET = 0
Number of MULTI GET = 0


Worker 4
Average throughput (ops/sec) = 21
Average response time (msec) = 2.282838868852459
Average queue length = 0
Average wait time in queue (msec) = 0.026952377049180326
Average service time (msec) = 2.1825393114754097
Number of SET = 21
Number of GET = 0
Number of MULTI GET = 0


Worker 28
Average throughput (ops/sec) = 21
Average response time (msec) = 2.2944115901639344
Average queue length = 0
Average wait time in queue (msec) = 0.03012344262295082
Average service time (msec) = 2.188999606557377
Number of SET = 21
Number of GET = 0
Number of MULTI GET = 0


Worker 29
Average throughput (ops/sec) = 21
Average response time (msec) = 2.298005098360656
Average queue length = 0
Average wait time in queue (msec) = 0.02757270491803279
Average service time (msec) = 2.1970925409836064
Number of SET = 21
Number of GET = 0
Number of MULTI GET = 0


Worker 1
Average throughput (ops/sec) = 21
Average response time (msec) = 2.3314677213114754
Average queue length = 0
Average wait time in queue (msec) = 0.03631877049180328
Average service time (msec) = 2.213172819672131
Number of SET = 21
Number of GET = 0
Number of MULTI GET = 0


Worker 30
Average throughput (ops/sec) = 21
Average response time (msec) = 2.332364655737705
Average queue length = 0
Average wait time in queue (msec) = 0.03801359016393442
Average service time (msec) = 2.218117573770492
Number of SET = 21
Number of GET = 0
Number of MULTI GET = 0


Worker 13
Average throughput (ops/sec) = 21
Average response time (msec) = 2.3399601639344265
Average queue length = 0
Average wait time in queue (msec) = 0.03251701639344262
Average service time (msec) = 2.229573557377049
Number of SET = 21
Number of GET = 0
Number of MULTI GET = 0


Worker 14
Average throughput (ops/sec) = 21
Average response time (msec) = 2.3051202786885243
Average queue length = 0
Average wait time in queue (msec) = 0.02845106557377049
Average service time (msec) = 2.20296237704918
Number of SET = 21
Number of GET = 0
Number of MULTI GET = 0


Worker 15
Average throughput (ops/sec) = 21
Average response time (msec) = 2.3537736393442623
Average queue length = 0
Average wait time in queue (msec) = 0.04412314754098361
Average service time (msec) = 2.232644524590164
Number of SET = 21
Number of GET = 0
Number of MULTI GET = 0


Worker 16
Average throughput (ops/sec) = 21
Average response time (msec) = 2.316057704918033
Average queue length = 0
Average wait time in queue (msec) = 0.058935180327868854
Average service time (msec) = 2.17380762295082
Number of SET = 21
Number of GET = 0
Number of MULTI GET = 0


Worker 31
Average throughput (ops/sec) = 21
Average response time (msec) = 2.327160737704918
Average queue length = 0
Average wait time in queue (msec) = 0.02711613114754098
Average service time (msec) = 2.2231276229508197
Number of SET = 21
Number of GET = 0
Number of MULTI GET = 0


Worker 32
Average throughput (ops/sec) = 21
Average response time (msec) = 2.2631065409836064
Average queue length = 0
Average wait time in queue (msec) = 0.028859836065573772
Average service time (msec) = 2.155973524590164
Number of SET = 21
Number of GET = 0
Number of MULTI GET = 0


Worker 10
Average throughput (ops/sec) = 21
Average response time (msec) = 2.2704936393442625
Average queue length = 0
Average wait time in queue (msec) = 0.027208262295081966
Average service time (msec) = 2.1703030163934427
Number of SET = 21
Number of GET = 0
Number of MULTI GET = 0


Worker 11
Average throughput (ops/sec) = 21
Average response time (msec) = 2.335549459016393
Average queue length = 0
Average wait time in queue (msec) = 0.030780639344262294
Average service time (msec) = 2.183334180327869
Number of SET = 21
Number of GET = 0
Number of MULTI GET = 0


Worker 12
Average throughput (ops/sec) = 21
Average response time (msec) = 2.296269344262295
Average queue length = 0
Average wait time in queue (msec) = 0.03766140983606558
Average service time (msec) = 2.182179180327869
Number of SET = 21
Number of GET = 0
Number of MULTI GET = 0


Worker 17
Average throughput (ops/sec) = 21
Average response time (msec) = 2.3231172786885246
Average queue length = 0
Average wait time in queue (msec) = 0.03102760655737705
Average service time (msec) = 2.196373655737705
Number of SET = 21
Number of GET = 0
Number of MULTI GET = 0


Worker 18
Average throughput (ops/sec) = 21
Average response time (msec) = 2.318322049180328
Average queue length = 0
Average wait time in queue (msec) = 0.026682426229508196
Average service time (msec) = 2.21814631147541
Number of SET = 21
Number of GET = 0
Number of MULTI GET = 0


Worker 19
Average throughput (ops/sec) = 21
Average response time (msec) = 2.355489573770492
Average queue length = 0
Average wait time in queue (msec) = 0.025973081967213114
Average service time (msec) = 2.2470792295081967
Number of SET = 21
Number of GET = 0
Number of MULTI GET = 0


FINAL STATS
Average throughput (ops/sec) = 672
Average response time (msec) = 2.2976791415463693
Average queue length = 0
Average wait time in queue (msec) = 0.03300169979508196
Average service time (msec) = 2.199118381659836
Number of SET = 21
Number of GET = 0
Number of MULTI GET = 0
Number of Cache misses = 0


Histogram response times (0.1 msec step)
0.0 msec : 562
0.1 msec : 3187
0.2 msec : 7552
0.3 msec : 7653
0.4 msec : 5360
0.5 msec : 3951
0.6 msec : 2994
0.7 msec : 2185
0.8 msec : 1730
0.9 msec : 1368
1.0 msec : 1025
1.1 msec : 795
1.2 msec : 559
1.3 msec : 496
1.4 msec : 385
1.5 msec : 294
1.6 msec : 273
1.7 msec : 228
1.8 msec : 149
1.9 msec : 98
2.0 msec : 97
2.1 msec : 65
2.2 msec : 52
2.3 msec : 31
2.4 msec : 35
2.5 msec : 21
2.6 msec : 20
2.7 msec : 19
2.8 msec : 19
2.9 msec : 16
3.0 msec : 19
3.1 msec : 12
3.2 msec : 14
3.3 msec : 21
3.4 msec : 12
3.5 msec : 19
3.6 msec : 9
3.7 msec : 6
3.8 msec : 8
3.9 msec : 11
4.0 msec : 5
4.1 msec : 10
4.2 msec : 9
4.3 msec : 7
4.4 msec : 15
4.5 msec : 11
4.6 msec : 11
4.7 msec : 10
4.8 msec : 21
4.9 msec : 21
5.0 msec : 13
5.1 msec : 14
5.2 msec : 12
5.3 msec : 5
5.4 msec : 5
5.5 msec : 5
5.6 msec : 5
5.7 msec : 6
5.8 msec : 5
5.9 msec : 5
6.0 msec : 2
6.1 msec : 9
6.2 msec : 2
6.3 msec : 8
6.4 msec : 6
6.5 msec : 4
6.6 msec : 9
6.7 msec : 6
6.8 msec : 6
6.9 msec : 3
7.0 msec : 4
7.1 msec : 3
7.2 msec : 2
7.3 msec : 3
7.4 msec : 0
7.5 msec : 0
7.6 msec : 2
7.7 msec : 1
7.8 msec : 0
7.9 msec : 0
8.0 msec : 0
8.1 msec : 0
8.2 msec : 0
8.3 msec : 2
8.4 msec : 1
8.5 msec : 0
8.6 msec : 0
8.7 msec : 0
8.8 msec : 1
8.9 msec : 0
9.0 msec : 0
9.1 msec : 0
9.2 msec : 0
9.3 msec : 0
9.4 msec : 0
9.5 msec : 0
9.6 msec : 0
9.7 msec : 0
9.8 msec : 0
9.9 msec : 0
10.0 msec : 0
10.1 msec : 0
10.2 msec : 0
10.3 msec : 0
10.4 msec : 0
10.5 msec : 0
10.6 msec : 0
10.7 msec : 0
10.8 msec : 0
10.9 msec : 0
11.0 msec : 0
11.1 msec : 0
11.2 msec : 1
11.3 msec : 0
11.4 msec : 0
11.5 msec : 0
11.6 msec : 0
11.7 msec : 0
11.8 msec : 0
11.9 msec : 0
12.0 msec : 0
12.1 msec : 0
12.2 msec : 0
12.3 msec : 0
12.4 msec : 0
12.5 msec : 0
12.6 msec : 0
12.7 msec : 0
12.8 msec : 0
12.9 msec : 0
13.0 msec : 0
13.1 msec : 0
13.2 msec : 0
13.3 msec : 0
13.4 msec : 0
13.5 msec : 0
13.6 msec : 0
13.7 msec : 0
13.8 msec : 0
13.9 msec : 2
14.0 msec : 1
14.1 msec : 0
14.2 msec : 0
14.3 msec : 0
14.4 msec : 0
14.5 msec : 0
14.6 msec : 0
14.7 msec : 0
14.8 msec : 0
14.9 msec : 0
15.0 msec : 1
15.1 msec : 0
15.2 msec : 0
15.3 msec : 0
15.4 msec : 0
15.5 msec : 0
15.6 msec : 0
15.7 msec : 0
15.8 msec : 0
15.9 msec : 0
16.0 msec : 0
16.1 msec : 0
16.2 msec : 0
16.3 msec : 0
16.4 msec : 0
16.5 msec : 0
16.6 msec : 0
16.7 msec : 0
16.8 msec : 0
16.9 msec : 0
17.0 msec : 0
17.1 msec : 1
17.2 msec : 0
17.3 msec : 0
17.4 msec : 0
17.5 msec : 0
17.6 msec : 0
17.7 msec : 0
17.8 msec : 0
17.9 msec : 0
18.0 msec : 0
18.1 msec : 0
18.2 msec : 0
18.3 msec : 0
18.4 msec : 0
18.5 msec : 0
18.6 msec : 0
18.7 msec : 0
18.8 msec : 0
18.9 msec : 0
19.0 msec : 1
19.1 msec : 0
19.2 msec : 0
19.3 msec : 0
19.4 msec : 0
19.5 msec : 0
19.6 msec : 0
19.7 msec : 0
19.8 msec : 0
19.9 msec : 0
20.0 msec : 0
20.1 msec : 0
20.2 msec : 0
20.3 msec : 0
20.4 msec : 0
20.5 msec : 0
20.6 msec : 0
20.7 msec : 0
20.8 msec : 0
20.9 msec : 0
21.0 msec : 0
21.1 msec : 0
21.2 msec : 0
21.3 msec : 0
21.4 msec : 0
21.5 msec : 0
21.6 msec : 0
21.7 msec : 0
21.8 msec : 0
21.9 msec : 0
22.0 msec : 0
22.1 msec : 0
22.2 msec : 0
22.3 msec : 0
22.4 msec : 0
22.5 msec : 1
22.6 msec : 0
22.7 msec : 0
22.8 msec : 0
22.9 msec : 0
23.0 msec : 0
23.1 msec : 0
23.2 msec : 0
23.3 msec : 0
23.4 msec : 0
23.5 msec : 0
23.6 msec : 0
23.7 msec : 0
23.8 msec : 0
23.9 msec : 0
24.0 msec : 0
24.1 msec : 0
24.2 msec : 0
24.3 msec : 0
24.4 msec : 0
24.5 msec : 0
24.6 msec : 0
24.7 msec : 0
24.8 msec : 0
24.9 msec : 0
25.0 msec : 0
25.1 msec : 0
25.2 msec : 0
25.3 msec : 0
25.4 msec : 0
25.5 msec : 0
25.6 msec : 0
25.7 msec : 0
25.8 msec : 0
25.9 msec : 0
26.0 msec : 0
26.1 msec : 0
26.2 msec : 0
26.3 msec : 0
26.4 msec : 0
26.5 msec : 0
26.6 msec : 0
26.7 msec : 0
26.8 msec : 0
26.9 msec : 0
27.0 msec : 0
27.1 msec : 0
27.2 msec : 0
27.3 msec : 0
27.4 msec : 0
27.5 msec : 0
27.6 msec : 0
27.7 msec : 0
27.8 msec : 0
27.9 msec : 0
28.0 msec : 0
28.1 msec : 0
28.2 msec : 0
28.3 msec : 0
28.4 msec : 0
28.5 msec : 0
28.6 msec : 0
28.7 msec : 0
28.8 msec : 0
28.9 msec : 0
29.0 msec : 0
29.1 msec : 0
29.2 msec : 0
29.3 msec : 0
29.4 msec : 0
29.5 msec : 0
29.6 msec : 0
29.7 msec : 0
29.8 msec : 0
29.9 msec : 0
30.0 msec : 0
30.1 msec : 0
30.2 msec : 0
30.3 msec : 0
30.4 msec : 0
30.5 msec : 0
30.6 msec : 0
30.7 msec : 0
30.8 msec : 0
30.9 msec : 0
31.0 msec : 0
31.1 msec : 0
31.2 msec : 1
31.3 msec : 0
31.4 msec : 1
31.5 msec : 0
31.6 msec : 0
31.7 msec : 0
31.8 msec : 0
31.9 msec : 0
32.0 msec : 0
32.1 msec : 0
32.2 msec : 0
32.3 msec : 0
32.4 msec : 0
32.5 msec : 0
32.6 msec : 0
32.7 msec : 0
32.8 msec : 0
32.9 msec : 0
33.0 msec : 0
33.1 msec : 0
33.2 msec : 0
33.3 msec : 0
33.4 msec : 0
33.5 msec : 0
33.6 msec : 0
33.7 msec : 0
33.8 msec : 0
33.9 msec : 0
34.0 msec : 0
34.1 msec : 0
34.2 msec : 0
34.3 msec : 2
34.4 msec : 0
34.5 msec : 0
34.6 msec : 0
34.7 msec : 0
34.8 msec : 0
34.9 msec : 0
35.0 msec : 0
35.1 msec : 0
35.2 msec : 0
35.3 msec : 0
35.4 msec : 0
35.5 msec : 0
35.6 msec : 0
35.7 msec : 0
35.8 msec : 0
35.9 msec : 0
36.0 msec : 0
36.1 msec : 0
36.2 msec : 0
36.3 msec : 0
36.4 msec : 0
36.5 msec : 0
36.6 msec : 0
36.7 msec : 0
36.8 msec : 0
36.9 msec : 0
37.0 msec : 0
37.1 msec : 0
37.2 msec : 0
37.3 msec : 0
37.4 msec : 0
37.5 msec : 0
37.6 msec : 0
37.7 msec : 0
37.8 msec : 0
37.9 msec : 0
38.0 msec : 0
38.1 msec : 0
38.2 msec : 0
38.3 msec : 0
38.4 msec : 0
38.5 msec : 0
38.6 msec : 0
38.7 msec : 0
38.8 msec : 0
38.9 msec : 0
39.0 msec : 0
39.1 msec : 0
39.2 msec : 0
39.3 msec : 0
39.4 msec : 0
39.5 msec : 0
39.6 msec : 0
39.7 msec : 0
39.8 msec : 0
39.9 msec : 0
40.0 msec : 0
40.1 msec : 0
40.2 msec : 0
40.3 msec : 0
40.4 msec : 0
40.5 msec : 0
40.6 msec : 0
40.7 msec : 0
40.8 msec : 0
40.9 msec : 0
41.0 msec : 0
41.1 msec : 0
41.2 msec : 0
41.3 msec : 0
41.4 msec : 0
41.5 msec : 0
41.6 msec : 0
41.7 msec : 0
41.8 msec : 0
41.9 msec : 0
42.0 msec : 0
42.1 msec : 0
42.2 msec : 0
42.3 msec : 0
42.4 msec : 0
42.5 msec : 0
42.6 msec : 0
42.7 msec : 0
42.8 msec : 0
42.9 msec : 0
43.0 msec : 0
43.1 msec : 0
43.2 msec : 0
43.3 msec : 0
43.4 msec : 0
43.5 msec : 0
43.6 msec : 0
43.7 msec : 0
43.8 msec : 0
43.9 msec : 0
44.0 msec : 0
44.1 msec : 0
44.2 msec : 0
44.3 msec : 0
44.4 msec : 0
44.5 msec : 0
44.6 msec : 0
44.7 msec : 0
44.8 msec : 0
44.9 msec : 0
45.0 msec : 0
45.1 msec : 0
45.2 msec : 0
45.3 msec : 0
45.4 msec : 0
45.5 msec : 0
45.6 msec : 0
45.7 msec : 0
45.8 msec : 1
45.9 msec : 0
46.0 msec : 0
46.1 msec : 0
46.2 msec : 0
46.3 msec : 0
46.4 msec : 0
46.5 msec : 0
46.6 msec : 0
46.7 msec : 0
46.8 msec : 0
46.9 msec : 0
47.0 msec : 0
47.1 msec : 0
47.2 msec : 0
47.3 msec : 0
47.4 msec : 0
47.5 msec : 0
47.6 msec : 0
47.7 msec : 0
47.8 msec : 0
47.9 msec : 0
48.0 msec : 0
