Middleware started...
Middleware shuts down...
Smaller resolution statistics are in a log file...
Final aggregates per worker:


Worker 7
Average throughput (ops/sec) = 207
Average response time (msec) = 2.33161
Average queue length = 0
Average wait time in queue (msec) = 0.07733631147540984
Average service time (msec) = 2.1785792131147543
Number of SET = 207
Number of GET = 0
Number of MULTI GET = 0


Worker 6
Average throughput (ops/sec) = 208
Average response time (msec) = 2.3298027377049184
Average queue length = 0
Average wait time in queue (msec) = 0.07841434426229509
Average service time (msec) = 2.178809180327869
Number of SET = 208
Number of GET = 0
Number of MULTI GET = 0


Worker 8
Average throughput (ops/sec) = 209
Average response time (msec) = 2.335624836065574
Average queue length = 0
Average wait time in queue (msec) = 0.08192972131147541
Average service time (msec) = 2.1797388852459014
Number of SET = 209
Number of GET = 0
Number of MULTI GET = 0


Worker 3
Average throughput (ops/sec) = 209
Average response time (msec) = 2.323785426229508
Average queue length = 0
Average wait time in queue (msec) = 0.08031303278688524
Average service time (msec) = 2.1683643278688525
Number of SET = 209
Number of GET = 0
Number of MULTI GET = 0


Worker 2
Average throughput (ops/sec) = 208
Average response time (msec) = 2.322314295081967
Average queue length = 0
Average wait time in queue (msec) = 0.0795854918032787
Average service time (msec) = 2.170103180327869
Number of SET = 208
Number of GET = 0
Number of MULTI GET = 0


Worker 5
Average throughput (ops/sec) = 208
Average response time (msec) = 2.3210011147540985
Average queue length = 0
Average wait time in queue (msec) = 0.07969408196721312
Average service time (msec) = 2.164573491803279
Number of SET = 208
Number of GET = 0
Number of MULTI GET = 0


Worker 4
Average throughput (ops/sec) = 207
Average response time (msec) = 2.3330037213114756
Average queue length = 0
Average wait time in queue (msec) = 0.08022114754098361
Average service time (msec) = 2.177251081967213
Number of SET = 207
Number of GET = 0
Number of MULTI GET = 0


Worker 1
Average throughput (ops/sec) = 207
Average response time (msec) = 2.323723098360656
Average queue length = 0
Average wait time in queue (msec) = 0.07801170491803279
Average service time (msec) = 2.1729990655737708
Number of SET = 207
Number of GET = 0
Number of MULTI GET = 0


FINAL STATS
Average throughput (ops/sec) = 1663
Average response time (msec) = 2.319952404550505
Average queue length = 0
Average wait time in queue (msec) = 0.07943822950819673
Average service time (msec) = 2.173802303278688
Number of SET = 207
Number of GET = 0
Number of MULTI GET = 0
Number of Cache misses = 0


Histogram response times (0.1 msec step)
0.0 msec : 818
0.1 msec : 8195
0.2 msec : 17976
0.3 msec : 21529
0.4 msec : 17405
0.5 msec : 11502
0.6 msec : 6924
0.7 msec : 4531
0.8 msec : 3047
0.9 msec : 2152
1.0 msec : 1603
1.1 msec : 1151
1.2 msec : 886
1.3 msec : 582
1.4 msec : 473
1.5 msec : 456
1.6 msec : 301
1.7 msec : 249
1.8 msec : 188
1.9 msec : 136
2.0 msec : 115
2.1 msec : 111
2.2 msec : 90
2.3 msec : 88
2.4 msec : 74
2.5 msec : 71
2.6 msec : 60
2.7 msec : 57
2.8 msec : 38
2.9 msec : 60
3.0 msec : 50
3.1 msec : 44
3.2 msec : 28
3.3 msec : 35
3.4 msec : 32
3.5 msec : 45
3.6 msec : 33
3.7 msec : 28
3.8 msec : 32
3.9 msec : 21
4.0 msec : 25
4.1 msec : 30
4.2 msec : 26
4.3 msec : 24
4.4 msec : 11
4.5 msec : 20
4.6 msec : 15
4.7 msec : 9
4.8 msec : 13
4.9 msec : 18
5.0 msec : 15
5.1 msec : 10
5.2 msec : 8
5.3 msec : 9
5.4 msec : 12
5.5 msec : 9
5.6 msec : 12
5.7 msec : 11
5.8 msec : 10
5.9 msec : 6
6.0 msec : 13
6.1 msec : 13
6.2 msec : 8
6.3 msec : 8
6.4 msec : 10
6.5 msec : 10
6.6 msec : 7
6.7 msec : 3
6.8 msec : 4
6.9 msec : 1
7.0 msec : 3
7.1 msec : 7
7.2 msec : 4
7.3 msec : 5
7.4 msec : 5
7.5 msec : 1
7.6 msec : 3
7.7 msec : 10
7.8 msec : 3
7.9 msec : 1
8.0 msec : 0
8.1 msec : 1
8.2 msec : 1
8.3 msec : 0
8.4 msec : 1
8.5 msec : 2
8.6 msec : 0
8.7 msec : 4
8.8 msec : 3
8.9 msec : 2
9.0 msec : 6
9.1 msec : 0
9.2 msec : 2
9.3 msec : 2
9.4 msec : 5
9.5 msec : 2
9.6 msec : 1
9.7 msec : 0
9.8 msec : 1
9.9 msec : 0
10.0 msec : 0
10.1 msec : 0
10.2 msec : 0
10.3 msec : 0
10.4 msec : 1
10.5 msec : 0
10.6 msec : 0
10.7 msec : 0
10.8 msec : 0
10.9 msec : 0
11.0 msec : 1
11.1 msec : 0
11.2 msec : 0
11.3 msec : 1
11.4 msec : 0
11.5 msec : 0
11.6 msec : 0
11.7 msec : 1
11.8 msec : 0
11.9 msec : 0
12.0 msec : 0
12.1 msec : 0
12.2 msec : 1
12.3 msec : 0
12.4 msec : 1
12.5 msec : 0
12.6 msec : 0
12.7 msec : 1
12.8 msec : 2
12.9 msec : 2
13.0 msec : 3
13.1 msec : 1
13.2 msec : 0
13.3 msec : 0
13.4 msec : 0
13.5 msec : 0
13.6 msec : 0
13.7 msec : 0
13.8 msec : 0
13.9 msec : 0
14.0 msec : 0
14.1 msec : 0
14.2 msec : 0
14.3 msec : 1
14.4 msec : 0
14.5 msec : 0
14.6 msec : 0
14.7 msec : 0
14.8 msec : 0
14.9 msec : 0
15.0 msec : 0
15.1 msec : 1
15.2 msec : 0
15.3 msec : 0
15.4 msec : 0
15.5 msec : 1
15.6 msec : 1
15.7 msec : 0
15.8 msec : 0
15.9 msec : 0
16.0 msec : 0
16.1 msec : 0
16.2 msec : 0
16.3 msec : 1
16.4 msec : 0
16.5 msec : 0
16.6 msec : 0
16.7 msec : 1
16.8 msec : 0
16.9 msec : 1
17.0 msec : 0
17.1 msec : 1
17.2 msec : 1
17.3 msec : 1
17.4 msec : 0
17.5 msec : 0
17.6 msec : 0
17.7 msec : 0
17.8 msec : 0
17.9 msec : 0
18.0 msec : 0
18.1 msec : 0
18.2 msec : 0
18.3 msec : 0
18.4 msec : 0
18.5 msec : 0
18.6 msec : 0
18.7 msec : 0
18.8 msec : 0
18.9 msec : 0
19.0 msec : 0
19.1 msec : 0
19.2 msec : 0
19.3 msec : 0
19.4 msec : 0
19.5 msec : 0
19.6 msec : 0
19.7 msec : 0
19.8 msec : 0
19.9 msec : 0
20.0 msec : 0
20.1 msec : 0
20.2 msec : 0
20.3 msec : 0
20.4 msec : 0
20.5 msec : 0
20.6 msec : 0
20.7 msec : 0
20.8 msec : 0
20.9 msec : 0
21.0 msec : 0
21.1 msec : 0
21.2 msec : 0
21.3 msec : 1
21.4 msec : 1
21.5 msec : 0
21.6 msec : 0
21.7 msec : 0
21.8 msec : 0
21.9 msec : 0
22.0 msec : 1
22.1 msec : 0
22.2 msec : 0
22.3 msec : 0
22.4 msec : 0
22.5 msec : 0
22.6 msec : 0
22.7 msec : 0
22.8 msec : 0
22.9 msec : 0
23.0 msec : 0
23.1 msec : 0
23.2 msec : 0
23.3 msec : 1
23.4 msec : 1
23.5 msec : 1
23.6 msec : 0
23.7 msec : 0
23.8 msec : 0
23.9 msec : 0
24.0 msec : 0
24.1 msec : 0
24.2 msec : 0
24.3 msec : 0
24.4 msec : 0
24.5 msec : 0
24.6 msec : 0
24.7 msec : 0
24.8 msec : 0
24.9 msec : 0
25.0 msec : 0
25.1 msec : 0
25.2 msec : 0
25.3 msec : 0
25.4 msec : 0
25.5 msec : 0
25.6 msec : 0
25.7 msec : 0
25.8 msec : 0
25.9 msec : 0
26.0 msec : 0
26.1 msec : 0
26.2 msec : 0
26.3 msec : 0
26.4 msec : 0
26.5 msec : 0
26.6 msec : 0
26.7 msec : 0
26.8 msec : 0
26.9 msec : 0
27.0 msec : 0
27.1 msec : 0
27.2 msec : 0
27.3 msec : 0
27.4 msec : 0
27.5 msec : 0
27.6 msec : 0
27.7 msec : 0
27.8 msec : 0
27.9 msec : 0
28.0 msec : 0
28.1 msec : 0
28.2 msec : 0
28.3 msec : 0
28.4 msec : 0
28.5 msec : 0
28.6 msec : 0
28.7 msec : 0
28.8 msec : 0
28.9 msec : 0
29.0 msec : 0
29.1 msec : 0
29.2 msec : 0
29.3 msec : 0
29.4 msec : 0
29.5 msec : 0
29.6 msec : 0
29.7 msec : 0
29.8 msec : 0
29.9 msec : 0
30.0 msec : 0
30.1 msec : 0
30.2 msec : 0
30.3 msec : 0
30.4 msec : 0
30.5 msec : 0
30.6 msec : 0
30.7 msec : 0
30.8 msec : 0
30.9 msec : 0
31.0 msec : 0
31.1 msec : 0
31.2 msec : 0
31.3 msec : 0
31.4 msec : 0
31.5 msec : 0
31.6 msec : 0
31.7 msec : 0
31.8 msec : 0
31.9 msec : 0
32.0 msec : 0
32.1 msec : 0
32.2 msec : 0
32.3 msec : 0
32.4 msec : 0
32.5 msec : 0
32.6 msec : 0
32.7 msec : 0
32.8 msec : 0
32.9 msec : 0
33.0 msec : 0
33.1 msec : 0
33.2 msec : 0
33.3 msec : 0
33.4 msec : 0
33.5 msec : 0
33.6 msec : 0
33.7 msec : 0
33.8 msec : 0
33.9 msec : 0
34.0 msec : 0
34.1 msec : 0
34.2 msec : 0
34.3 msec : 0
34.4 msec : 0
34.5 msec : 0
34.6 msec : 0
34.7 msec : 0
34.8 msec : 0
34.9 msec : 0
35.0 msec : 0
35.1 msec : 0
35.2 msec : 0
35.3 msec : 0
35.4 msec : 0
35.5 msec : 0
35.6 msec : 0
35.7 msec : 0
35.8 msec : 1
35.9 msec : 4
36.0 msec : 0
36.1 msec : 0
36.2 msec : 0
36.3 msec : 0
36.4 msec : 0
36.5 msec : 0
36.6 msec : 0
36.7 msec : 0
36.8 msec : 0
36.9 msec : 0
37.0 msec : 0
37.1 msec : 0
37.2 msec : 0
37.3 msec : 0
37.4 msec : 0
37.5 msec : 0
37.6 msec : 0
37.7 msec : 0
37.8 msec : 0
37.9 msec : 0
38.0 msec : 0
38.1 msec : 0
38.2 msec : 0
38.3 msec : 0
38.4 msec : 0
38.5 msec : 1
38.6 msec : 2
38.7 msec : 2
