Middleware started...
Middleware shuts down...
Smaller resolution statistics are in a log file...
Final aggregates per worker:


Worker 46
Average throughput (ops/sec) = 26
Average response time (msec) = 2.2997318032786884
Average queue length = 0
Average wait time in queue (msec) = 0.09354773770491803
Average service time (msec) = 2.1386241639344266
Number of SET = 0
Number of GET = 26
Number of MULTI GET = 0


Worker 47
Average throughput (ops/sec) = 26
Average response time (msec) = 2.2719141639344262
Average queue length = 0
Average wait time in queue (msec) = 0.09371354098360656
Average service time (msec) = 2.1152709836065573
Number of SET = 0
Number of GET = 26
Number of MULTI GET = 0


Worker 48
Average throughput (ops/sec) = 26
Average response time (msec) = 2.321014
Average queue length = 0
Average wait time in queue (msec) = 0.09168913114754099
Average service time (msec) = 2.1673230983606557
Number of SET = 0
Number of GET = 26
Number of MULTI GET = 0


Worker 49
Average throughput (ops/sec) = 26
Average response time (msec) = 2.3070844590163935
Average queue length = 0
Average wait time in queue (msec) = 0.09371344262295082
Average service time (msec) = 2.1470160163934424
Number of SET = 0
Number of GET = 26
Number of MULTI GET = 0


Worker 42
Average throughput (ops/sec) = 26
Average response time (msec) = 2.3370927868852456
Average queue length = 0
Average wait time in queue (msec) = 0.0919012950819672
Average service time (msec) = 2.181126344262295
Number of SET = 0
Number of GET = 26
Number of MULTI GET = 0


Worker 43
Average throughput (ops/sec) = 26
Average response time (msec) = 2.309184262295082
Average queue length = 0
Average wait time in queue (msec) = 0.08521644262295082
Average service time (msec) = 2.1627125409836068
Number of SET = 0
Number of GET = 26
Number of MULTI GET = 0


Worker 44
Average throughput (ops/sec) = 26
Average response time (msec) = 2.331327
Average queue length = 0
Average wait time in queue (msec) = 0.10554586885245901
Average service time (msec) = 2.1610512459016396
Number of SET = 0
Number of GET = 26
Number of MULTI GET = 0


Worker 45
Average throughput (ops/sec) = 26
Average response time (msec) = 2.263722295081967
Average queue length = 0
Average wait time in queue (msec) = 0.0776414262295082
Average service time (msec) = 2.1214116885245904
Number of SET = 0
Number of GET = 26
Number of MULTI GET = 0


Worker 50
Average throughput (ops/sec) = 26
Average response time (msec) = 2.314672606557377
Average queue length = 0
Average wait time in queue (msec) = 0.09674024590163934
Average service time (msec) = 2.155128229508197
Number of SET = 0
Number of GET = 26
Number of MULTI GET = 0


Worker 51
Average throughput (ops/sec) = 26
Average response time (msec) = 2.301152704918033
Average queue length = 0
Average wait time in queue (msec) = 0.07843965573770492
Average service time (msec) = 2.1584666229508196
Number of SET = 0
Number of GET = 26
Number of MULTI GET = 0


Worker 52
Average throughput (ops/sec) = 26
Average response time (msec) = 2.2933393770491803
Average queue length = 0
Average wait time in queue (msec) = 0.08170875409836066
Average service time (msec) = 2.1386442459016397
Number of SET = 0
Number of GET = 26
Number of MULTI GET = 0


Worker 57
Average throughput (ops/sec) = 26
Average response time (msec) = 2.321133196721312
Average queue length = 0
Average wait time in queue (msec) = 0.08751565573770492
Average service time (msec) = 2.1686152131147542
Number of SET = 0
Number of GET = 26
Number of MULTI GET = 0


Worker 13
Average throughput (ops/sec) = 26
Average response time (msec) = 2.325306606557377
Average queue length = 0
Average wait time in queue (msec) = 0.09437231147540984
Average service time (msec) = 2.1644274098360654
Number of SET = 0
Number of GET = 26
Number of MULTI GET = 0


Worker 58
Average throughput (ops/sec) = 26
Average response time (msec) = 2.2903555081967215
Average queue length = 0
Average wait time in queue (msec) = 0.08721418032786885
Average service time (msec) = 2.13599462295082
Number of SET = 0
Number of GET = 26
Number of MULTI GET = 0


Worker 14
Average throughput (ops/sec) = 26
Average response time (msec) = 2.295693786885246
Average queue length = 0
Average wait time in queue (msec) = 0.09695701639344262
Average service time (msec) = 2.131132901639344
Number of SET = 0
Number of GET = 26
Number of MULTI GET = 0


Worker 59
Average throughput (ops/sec) = 26
Average response time (msec) = 2.339659557377049
Average queue length = 0
Average wait time in queue (msec) = 0.0966715737704918
Average service time (msec) = 2.179358524590164
Number of SET = 0
Number of GET = 26
Number of MULTI GET = 0


Worker 15
Average throughput (ops/sec) = 26
Average response time (msec) = 2.3194593114754096
Average queue length = 0
Average wait time in queue (msec) = 0.08366481967213116
Average service time (msec) = 2.1719053606557375
Number of SET = 0
Number of GET = 26
Number of MULTI GET = 0


Worker 16
Average throughput (ops/sec) = 26
Average response time (msec) = 2.300342180327869
Average queue length = 0
Average wait time in queue (msec) = 0.09731072131147542
Average service time (msec) = 2.1363373606557374
Number of SET = 0
Number of GET = 26
Number of MULTI GET = 0


Worker 53
Average throughput (ops/sec) = 26
Average response time (msec) = 2.3808261639344264
Average queue length = 0
Average wait time in queue (msec) = 0.09166559016393443
Average service time (msec) = 2.2240361967213116
Number of SET = 0
Number of GET = 26
Number of MULTI GET = 0


Worker 54
Average throughput (ops/sec) = 26
Average response time (msec) = 2.311104049180328
Average queue length = 0
Average wait time in queue (msec) = 0.08203401639344263
Average service time (msec) = 2.1615874918032785
Number of SET = 0
Number of GET = 26
Number of MULTI GET = 0


Worker 10
Average throughput (ops/sec) = 26
Average response time (msec) = 2.2919675081967212
Average queue length = 0
Average wait time in queue (msec) = 0.08861129508196722
Average service time (msec) = 2.140875573770492
Number of SET = 0
Number of GET = 26
Number of MULTI GET = 0


Worker 55
Average throughput (ops/sec) = 26
Average response time (msec) = 2.3342954918032786
Average queue length = 0
Average wait time in queue (msec) = 0.08966406557377049
Average service time (msec) = 2.174900704918033
Number of SET = 0
Number of GET = 26
Number of MULTI GET = 0


Worker 11
Average throughput (ops/sec) = 26
Average response time (msec) = 2.3206513278688523
Average queue length = 0
Average wait time in queue (msec) = 0.09391473770491804
Average service time (msec) = 2.155443540983607
Number of SET = 0
Number of GET = 26
Number of MULTI GET = 0


Worker 56
Average throughput (ops/sec) = 26
Average response time (msec) = 2.290577573770492
Average queue length = 0
Average wait time in queue (msec) = 0.0855609344262295
Average service time (msec) = 2.143981737704918
Number of SET = 0
Number of GET = 26
Number of MULTI GET = 0


Worker 12
Average throughput (ops/sec) = 26
Average response time (msec) = 2.2894913770491803
Average queue length = 0
Average wait time in queue (msec) = 0.09470508196721311
Average service time (msec) = 2.1290099180327866
Number of SET = 0
Number of GET = 26
Number of MULTI GET = 0


Worker 17
Average throughput (ops/sec) = 26
Average response time (msec) = 2.3112309672131146
Average queue length = 0
Average wait time in queue (msec) = 0.08005524590163934
Average service time (msec) = 2.164432
Number of SET = 0
Number of GET = 26
Number of MULTI GET = 0


Worker 18
Average throughput (ops/sec) = 26
Average response time (msec) = 2.360162967213115
Average queue length = 0
Average wait time in queue (msec) = 0.10125327868852459
Average service time (msec) = 2.1903093114754095
Number of SET = 0
Number of GET = 26
Number of MULTI GET = 0


Worker 19
Average throughput (ops/sec) = 25
Average response time (msec) = 2.311442868852459
Average queue length = 0
Average wait time in queue (msec) = 0.08943126229508197
Average service time (msec) = 2.1509270327868855
Number of SET = 0
Number of GET = 25
Number of MULTI GET = 0


Worker 60
Average throughput (ops/sec) = 26
Average response time (msec) = 2.307838049180328
Average queue length = 0
Average wait time in queue (msec) = 0.08422447540983607
Average service time (msec) = 2.1619732459016396
Number of SET = 0
Number of GET = 26
Number of MULTI GET = 0


Worker 61
Average throughput (ops/sec) = 26
Average response time (msec) = 2.3278080655737705
Average queue length = 0
Average wait time in queue (msec) = 0.10044391803278688
Average service time (msec) = 2.15861068852459
Number of SET = 0
Number of GET = 26
Number of MULTI GET = 0


Worker 62
Average throughput (ops/sec) = 26
Average response time (msec) = 2.260006163934426
Average queue length = 0
Average wait time in queue (msec) = 0.07582196721311475
Average service time (msec) = 2.117790426229508
Number of SET = 0
Number of GET = 26
Number of MULTI GET = 0


Worker 63
Average throughput (ops/sec) = 26
Average response time (msec) = 2.300579721311476
Average queue length = 0
Average wait time in queue (msec) = 0.0812812131147541
Average service time (msec) = 2.1527485901639345
Number of SET = 0
Number of GET = 26
Number of MULTI GET = 0


Worker 24
Average throughput (ops/sec) = 26
Average response time (msec) = 2.324179786885246
Average queue length = 0
Average wait time in queue (msec) = 0.11021567213114754
Average service time (msec) = 2.1489272459016395
Number of SET = 0
Number of GET = 26
Number of MULTI GET = 0


Worker 7
Average throughput (ops/sec) = 26
Average response time (msec) = 2.308936131147541
Average queue length = 0
Average wait time in queue (msec) = 0.09074980327868853
Average service time (msec) = 2.1528956721311476
Number of SET = 0
Number of GET = 26
Number of MULTI GET = 0


Worker 25
Average throughput (ops/sec) = 26
Average response time (msec) = 2.317953344262295
Average queue length = 0
Average wait time in queue (msec) = 0.09043272131147541
Average service time (msec) = 2.165128918032787
Number of SET = 0
Number of GET = 26
Number of MULTI GET = 0


Worker 6
Average throughput (ops/sec) = 26
Average response time (msec) = 2.302687049180328
Average queue length = 0
Average wait time in queue (msec) = 0.08055462295081967
Average service time (msec) = 2.146909
Number of SET = 0
Number of GET = 26
Number of MULTI GET = 0


Worker 26
Average throughput (ops/sec) = 26
Average response time (msec) = 2.340085295081967
Average queue length = 0
Average wait time in queue (msec) = 0.09718170491803278
Average service time (msec) = 2.180176901639344
Number of SET = 0
Number of GET = 26
Number of MULTI GET = 0


Worker 9
Average throughput (ops/sec) = 26
Average response time (msec) = 2.3153603114754095
Average queue length = 0
Average wait time in queue (msec) = 0.09800845901639345
Average service time (msec) = 2.1510133114754098
Number of SET = 0
Number of GET = 26
Number of MULTI GET = 0


Worker 27
Average throughput (ops/sec) = 26
Average response time (msec) = 2.2887100983606556
Average queue length = 0
Average wait time in queue (msec) = 0.07819724590163935
Average service time (msec) = 2.1398213770491803
Number of SET = 0
Number of GET = 26
Number of MULTI GET = 0


Worker 8
Average throughput (ops/sec) = 26
Average response time (msec) = 2.340663081967213
Average queue length = 0
Average wait time in queue (msec) = 0.09905765573770492
Average service time (msec) = 2.173398868852459
Number of SET = 0
Number of GET = 26
Number of MULTI GET = 0


Worker 64
Average throughput (ops/sec) = 26
Average response time (msec) = 2.3415767377049184
Average queue length = 0
Average wait time in queue (msec) = 0.08224545901639345
Average service time (msec) = 2.199321344262295
Number of SET = 0
Number of GET = 26
Number of MULTI GET = 0


Worker 20
Average throughput (ops/sec) = 26
Average response time (msec) = 2.3030906065573773
Average queue length = 0
Average wait time in queue (msec) = 0.08343816393442624
Average service time (msec) = 2.1570049344262294
Number of SET = 0
Number of GET = 26
Number of MULTI GET = 0


Worker 3
Average throughput (ops/sec) = 26
Average response time (msec) = 2.2933780163934427
Average queue length = 0
Average wait time in queue (msec) = 0.10463829508196722
Average service time (msec) = 2.119476770491803
Number of SET = 0
Number of GET = 26
Number of MULTI GET = 0


Worker 21
Average throughput (ops/sec) = 26
Average response time (msec) = 2.3225082786885243
Average queue length = 0
Average wait time in queue (msec) = 0.08362893442622951
Average service time (msec) = 2.1723835901639346
Number of SET = 0
Number of GET = 26
Number of MULTI GET = 0


Worker 2
Average throughput (ops/sec) = 26
Average response time (msec) = 2.319552131147541
Average queue length = 0
Average wait time in queue (msec) = 0.09122967213114754
Average service time (msec) = 2.1647758524590164
Number of SET = 0
Number of GET = 26
Number of MULTI GET = 0


Worker 22
Average throughput (ops/sec) = 26
Average response time (msec) = 2.3014520819672133
Average queue length = 0
Average wait time in queue (msec) = 0.07982427868852458
Average service time (msec) = 2.158230295081967
Number of SET = 0
Number of GET = 26
Number of MULTI GET = 0


Worker 5
Average throughput (ops/sec) = 26
Average response time (msec) = 2.326578393442623
Average queue length = 0
Average wait time in queue (msec) = 0.09023955737704918
Average service time (msec) = 2.1676967213114757
Number of SET = 0
Number of GET = 26
Number of MULTI GET = 0


Worker 23
Average throughput (ops/sec) = 26
Average response time (msec) = 2.333310901639344
Average queue length = 0
Average wait time in queue (msec) = 0.10045003278688525
Average service time (msec) = 2.1680437049180328
Number of SET = 0
Number of GET = 26
Number of MULTI GET = 0


Worker 4
Average throughput (ops/sec) = 26
Average response time (msec) = 2.3039519180327868
Average queue length = 0
Average wait time in queue (msec) = 0.09535459016393442
Average service time (msec) = 2.1408843934426227
Number of SET = 0
Number of GET = 26
Number of MULTI GET = 0


Worker 28
Average throughput (ops/sec) = 26
Average response time (msec) = 2.3458116721311475
Average queue length = 0
Average wait time in queue (msec) = 0.09931662295081967
Average service time (msec) = 2.179409081967213
Number of SET = 0
Number of GET = 26
Number of MULTI GET = 0


Worker 29
Average throughput (ops/sec) = 26
Average response time (msec) = 2.2837115081967214
Average queue length = 0
Average wait time in queue (msec) = 0.08142255737704918
Average service time (msec) = 2.1391787213114757
Number of SET = 0
Number of GET = 26
Number of MULTI GET = 0


Worker 1
Average throughput (ops/sec) = 26
Average response time (msec) = 2.297898704918033
Average queue length = 0
Average wait time in queue (msec) = 0.08047595081967213
Average service time (msec) = 2.15394
Number of SET = 0
Number of GET = 26
Number of MULTI GET = 0


Worker 30
Average throughput (ops/sec) = 26
Average response time (msec) = 2.3447819016393443
Average queue length = 0
Average wait time in queue (msec) = 0.0976194262295082
Average service time (msec) = 2.178979295081967
Number of SET = 0
Number of GET = 26
Number of MULTI GET = 0


Worker 35
Average throughput (ops/sec) = 26
Average response time (msec) = 2.3178499344262296
Average queue length = 0
Average wait time in queue (msec) = 0.08411860655737705
Average service time (msec) = 2.164644819672131
Number of SET = 0
Number of GET = 26
Number of MULTI GET = 0


Worker 36
Average throughput (ops/sec) = 26
Average response time (msec) = 2.27988162295082
Average queue length = 0
Average wait time in queue (msec) = 0.07741859016393442
Average service time (msec) = 2.13604162295082
Number of SET = 0
Number of GET = 26
Number of MULTI GET = 0


Worker 37
Average throughput (ops/sec) = 26
Average response time (msec) = 2.27972737704918
Average queue length = 0
Average wait time in queue (msec) = 0.08138654098360655
Average service time (msec) = 2.1335637213114755
Number of SET = 0
Number of GET = 26
Number of MULTI GET = 0


Worker 38
Average throughput (ops/sec) = 26
Average response time (msec) = 2.3492616229508196
Average queue length = 0
Average wait time in queue (msec) = 0.09531339344262295
Average service time (msec) = 2.186607147540984
Number of SET = 0
Number of GET = 26
Number of MULTI GET = 0


Worker 31
Average throughput (ops/sec) = 26
Average response time (msec) = 2.2985595245901638
Average queue length = 0
Average wait time in queue (msec) = 0.08061495081967213
Average service time (msec) = 2.153767950819672
Number of SET = 0
Number of GET = 26
Number of MULTI GET = 0


Worker 32
Average throughput (ops/sec) = 26
Average response time (msec) = 2.323492098360656
Average queue length = 0
Average wait time in queue (msec) = 0.11009360655737704
Average service time (msec) = 2.150704557377049
Number of SET = 0
Number of GET = 26
Number of MULTI GET = 0


Worker 33
Average throughput (ops/sec) = 26
Average response time (msec) = 2.2893490655737705
Average queue length = 0
Average wait time in queue (msec) = 0.07668404918032787
Average service time (msec) = 2.144018573770492
Number of SET = 0
Number of GET = 26
Number of MULTI GET = 0


Worker 34
Average throughput (ops/sec) = 26
Average response time (msec) = 2.315074950819672
Average queue length = 0
Average wait time in queue (msec) = 0.08141204918032788
Average service time (msec) = 2.1636258852459016
Number of SET = 0
Number of GET = 26
Number of MULTI GET = 0


Worker 39
Average throughput (ops/sec) = 26
Average response time (msec) = 2.3130077377049183
Average queue length = 0
Average wait time in queue (msec) = 0.08265540983606558
Average service time (msec) = 2.160683524590164
Number of SET = 0
Number of GET = 26
Number of MULTI GET = 0


Worker 40
Average throughput (ops/sec) = 26
Average response time (msec) = 2.3252236393442622
Average queue length = 0
Average wait time in queue (msec) = 0.09388119672131147
Average service time (msec) = 2.1662231147540987
Number of SET = 0
Number of GET = 26
Number of MULTI GET = 0


Worker 41
Average throughput (ops/sec) = 26
Average response time (msec) = 2.3575637868852457
Average queue length = 0
Average wait time in queue (msec) = 0.07872855737704917
Average service time (msec) = 2.214028704918033
Number of SET = 0
Number of GET = 26
Number of MULTI GET = 0


FINAL STATS
Average throughput (ops/sec) = 1663
Average response time (msec) = 2.2925531303269797
Average queue length = 0
Average wait time in queue (msec) = 0.08951280122950821
Average service time (msec) = 2.1576981039959016
Number of SET = 0
Number of GET = 25
Number of MULTI GET = 0
Number of Cache misses = 103248


Histogram response times (0.1 msec step)
0.0 msec : 1545
0.1 msec : 10893
0.2 msec : 20488
0.3 msec : 22411
0.4 msec : 17140
0.5 msec : 10682
0.6 msec : 5988
0.7 msec : 3516
0.8 msec : 2276
0.9 msec : 1580
1.0 msec : 1157
1.1 msec : 824
1.2 msec : 558
1.3 msec : 458
1.4 msec : 331
1.5 msec : 302
1.6 msec : 229
1.7 msec : 184
1.8 msec : 162
1.9 msec : 141
2.0 msec : 137
2.1 msec : 111
2.2 msec : 76
2.3 msec : 61
2.4 msec : 64
2.5 msec : 58
2.6 msec : 56
2.7 msec : 66
2.8 msec : 59
2.9 msec : 52
3.0 msec : 61
3.1 msec : 48
3.2 msec : 32
3.3 msec : 21
3.4 msec : 25
3.5 msec : 27
3.6 msec : 39
3.7 msec : 29
3.8 msec : 35
3.9 msec : 25
4.0 msec : 11
4.1 msec : 24
4.2 msec : 56
4.3 msec : 54
4.4 msec : 81
4.5 msec : 74
4.6 msec : 83
4.7 msec : 96
4.8 msec : 55
4.9 msec : 68
5.0 msec : 56
5.1 msec : 48
5.2 msec : 46
5.3 msec : 42
5.4 msec : 35
5.5 msec : 32
5.6 msec : 30
5.7 msec : 44
5.8 msec : 29
5.9 msec : 25
6.0 msec : 32
6.1 msec : 17
6.2 msec : 12
6.3 msec : 16
6.4 msec : 15
6.5 msec : 11
6.6 msec : 9
6.7 msec : 7
6.8 msec : 11
6.9 msec : 11
7.0 msec : 5
7.1 msec : 5
7.2 msec : 7
7.3 msec : 8
7.4 msec : 17
7.5 msec : 12
7.6 msec : 11
7.7 msec : 6
7.8 msec : 5
7.9 msec : 4
8.0 msec : 3
8.1 msec : 5
8.2 msec : 1
8.3 msec : 6
8.4 msec : 5
8.5 msec : 6
8.6 msec : 1
8.7 msec : 0
8.8 msec : 1
8.9 msec : 3
9.0 msec : 0
9.1 msec : 1
9.2 msec : 5
9.3 msec : 2
9.4 msec : 1
9.5 msec : 0
9.6 msec : 1
9.7 msec : 0
9.8 msec : 2
9.9 msec : 0
10.0 msec : 3
10.1 msec : 3
10.2 msec : 0
10.3 msec : 1
10.4 msec : 1
10.5 msec : 3
10.6 msec : 2
10.7 msec : 3
10.8 msec : 2
10.9 msec : 1
11.0 msec : 1
11.1 msec : 0
11.2 msec : 0
11.3 msec : 1
11.4 msec : 2
11.5 msec : 2
11.6 msec : 1
11.7 msec : 1
11.8 msec : 1
11.9 msec : 1
12.0 msec : 0
12.1 msec : 0
12.2 msec : 0
12.3 msec : 0
12.4 msec : 0
12.5 msec : 1
12.6 msec : 0
12.7 msec : 0
12.8 msec : 0
12.9 msec : 3
13.0 msec : 0
13.1 msec : 0
13.2 msec : 1
13.3 msec : 2
13.4 msec : 1
13.5 msec : 1
13.6 msec : 0
13.7 msec : 0
13.8 msec : 0
13.9 msec : 0
14.0 msec : 0
14.1 msec : 0
14.2 msec : 0
14.3 msec : 0
14.4 msec : 0
14.5 msec : 0
14.6 msec : 0
14.7 msec : 0
14.8 msec : 0
14.9 msec : 0
15.0 msec : 0
15.1 msec : 0
15.2 msec : 0
15.3 msec : 1
15.4 msec : 2
15.5 msec : 0
15.6 msec : 1
15.7 msec : 0
15.8 msec : 0
15.9 msec : 0
16.0 msec : 0
16.1 msec : 0
16.2 msec : 0
16.3 msec : 0
16.4 msec : 0
16.5 msec : 0
16.6 msec : 0
16.7 msec : 0
16.8 msec : 0
16.9 msec : 0
17.0 msec : 0
17.1 msec : 0
17.2 msec : 0
17.3 msec : 0
17.4 msec : 0
17.5 msec : 0
17.6 msec : 0
17.7 msec : 0
17.8 msec : 0
17.9 msec : 0
18.0 msec : 0
18.1 msec : 0
18.2 msec : 0
18.3 msec : 0
18.4 msec : 0
18.5 msec : 0
18.6 msec : 0
18.7 msec : 0
18.8 msec : 0
18.9 msec : 0
19.0 msec : 0
19.1 msec : 0
19.2 msec : 0
19.3 msec : 0
19.4 msec : 0
19.5 msec : 0
19.6 msec : 0
19.7 msec : 0
19.8 msec : 0
19.9 msec : 0
20.0 msec : 0
20.1 msec : 0
20.2 msec : 0
20.3 msec : 0
20.4 msec : 0
20.5 msec : 0
20.6 msec : 0
20.7 msec : 0
20.8 msec : 0
20.9 msec : 0
21.0 msec : 0
21.1 msec : 0
21.2 msec : 0
21.3 msec : 0
21.4 msec : 0
21.5 msec : 0
21.6 msec : 0
21.7 msec : 0
21.8 msec : 0
21.9 msec : 1
22.0 msec : 0
22.1 msec : 0
22.2 msec : 0
22.3 msec : 0
22.4 msec : 0
22.5 msec : 0
22.6 msec : 0
22.7 msec : 0
22.8 msec : 0
22.9 msec : 0
23.0 msec : 0
23.1 msec : 0
23.2 msec : 0
23.3 msec : 0
23.4 msec : 0
23.5 msec : 0
23.6 msec : 1
23.7 msec : 0
23.8 msec : 0
23.9 msec : 0
24.0 msec : 0
24.1 msec : 0
24.2 msec : 0
24.3 msec : 0
24.4 msec : 0
24.5 msec : 0
24.6 msec : 0
24.7 msec : 0
24.8 msec : 0
24.9 msec : 0
25.0 msec : 0
25.1 msec : 1
25.2 msec : 0
25.3 msec : 0
25.4 msec : 0
25.5 msec : 0
25.6 msec : 0
25.7 msec : 0
25.8 msec : 0
25.9 msec : 0
26.0 msec : 0
26.1 msec : 0
26.2 msec : 0
26.3 msec : 0
26.4 msec : 0
26.5 msec : 0
26.6 msec : 0
26.7 msec : 0
26.8 msec : 0
26.9 msec : 0
27.0 msec : 0
27.1 msec : 0
27.2 msec : 0
27.3 msec : 0
27.4 msec : 0
27.5 msec : 0
27.6 msec : 0
27.7 msec : 0
27.8 msec : 0
27.9 msec : 0
28.0 msec : 0
28.1 msec : 0
28.2 msec : 0
28.3 msec : 0
28.4 msec : 0
28.5 msec : 0
28.6 msec : 0
28.7 msec : 0
28.8 msec : 0
28.9 msec : 0
29.0 msec : 0
29.1 msec : 0
29.2 msec : 0
29.3 msec : 0
29.4 msec : 0
29.5 msec : 0
29.6 msec : 0
29.7 msec : 0
29.8 msec : 0
29.9 msec : 0
30.0 msec : 0
30.1 msec : 0
30.2 msec : 0
30.3 msec : 0
30.4 msec : 0
30.5 msec : 0
30.6 msec : 0
30.7 msec : 0
30.8 msec : 0
30.9 msec : 0
31.0 msec : 0
31.1 msec : 0
31.2 msec : 0
31.3 msec : 0
31.4 msec : 0
31.5 msec : 0
31.6 msec : 0
31.7 msec : 0
31.8 msec : 0
31.9 msec : 0
32.0 msec : 0
32.1 msec : 0
32.2 msec : 0
32.3 msec : 0
32.4 msec : 0
32.5 msec : 0
32.6 msec : 0
32.7 msec : 0
32.8 msec : 0
32.9 msec : 0
33.0 msec : 0
33.1 msec : 0
33.2 msec : 0
33.3 msec : 0
33.4 msec : 0
33.5 msec : 0
33.6 msec : 0
33.7 msec : 0
33.8 msec : 0
33.9 msec : 0
34.0 msec : 0
34.1 msec : 0
34.2 msec : 0
34.3 msec : 0
34.4 msec : 0
34.5 msec : 0
34.6 msec : 0
34.7 msec : 0
34.8 msec : 0
34.9 msec : 0
35.0 msec : 0
35.1 msec : 0
35.2 msec : 0
35.3 msec : 0
35.4 msec : 0
35.5 msec : 0
35.6 msec : 0
35.7 msec : 0
35.8 msec : 0
35.9 msec : 0
36.0 msec : 0
36.1 msec : 0
36.2 msec : 0
36.3 msec : 0
36.4 msec : 0
36.5 msec : 0
36.6 msec : 0
36.7 msec : 0
36.8 msec : 0
36.9 msec : 0
37.0 msec : 0
37.1 msec : 0
37.2 msec : 0
37.3 msec : 0
37.4 msec : 0
37.5 msec : 0
37.6 msec : 0
37.7 msec : 0
37.8 msec : 0
37.9 msec : 0
38.0 msec : 0
38.1 msec : 0
38.2 msec : 0
38.3 msec : 0
38.4 msec : 0
38.5 msec : 0
38.6 msec : 0
38.7 msec : 0
38.8 msec : 0
38.9 msec : 0
39.0 msec : 0
39.1 msec : 0
39.2 msec : 0
39.3 msec : 0
39.4 msec : 0
39.5 msec : 0
39.6 msec : 0
39.7 msec : 0
39.8 msec : 0
39.9 msec : 0
40.0 msec : 0
40.1 msec : 0
40.2 msec : 0
40.3 msec : 0
40.4 msec : 1
40.5 msec : 0
40.6 msec : 0
40.7 msec : 0
40.8 msec : 1
40.9 msec : 0
