Middleware started...
Middleware shuts down...
Smaller resolution statistics are in a log file...
Final aggregates per worker:


Worker 7
Average throughput (ops/sec) = 266
Average response time (msec) = 3.4024366557377053
Average queue length = 3
Average wait time in queue (msec) = 0.7777239836065574
Average service time (msec) = 2.5275360163934426
Number of SET = 0
Number of GET = 266
Number of MULTI GET = 0


Worker 13
Average throughput (ops/sec) = 265
Average response time (msec) = 3.421268819672131
Average queue length = 3
Average wait time in queue (msec) = 0.7846453770491804
Average service time (msec) = 2.52725237704918
Number of SET = 0
Number of GET = 265
Number of MULTI GET = 0


Worker 14
Average throughput (ops/sec) = 265
Average response time (msec) = 3.4120349344262295
Average queue length = 3
Average wait time in queue (msec) = 0.7725677049180327
Average service time (msec) = 2.5328703606557377
Number of SET = 0
Number of GET = 265
Number of MULTI GET = 0


Worker 6
Average throughput (ops/sec) = 265
Average response time (msec) = 3.404086131147541
Average queue length = 3
Average wait time in queue (msec) = 0.7692780327868852
Average service time (msec) = 2.5359865901639345
Number of SET = 0
Number of GET = 265
Number of MULTI GET = 0


Worker 15
Average throughput (ops/sec) = 265
Average response time (msec) = 3.3898185573770494
Average queue length = 3
Average wait time in queue (msec) = 0.7644295901639344
Average service time (msec) = 2.5282231639344266
Number of SET = 0
Number of GET = 265
Number of MULTI GET = 0


Worker 9
Average throughput (ops/sec) = 263
Average response time (msec) = 3.3848850327868854
Average queue length = 3
Average wait time in queue (msec) = 0.746969606557377
Average service time (msec) = 2.535126819672131
Number of SET = 0
Number of GET = 263
Number of MULTI GET = 0


Worker 16
Average throughput (ops/sec) = 265
Average response time (msec) = 3.422733
Average queue length = 3
Average wait time in queue (msec) = 0.7844869344262295
Average service time (msec) = 2.5373579672131146
Number of SET = 0
Number of GET = 265
Number of MULTI GET = 0


Worker 8
Average throughput (ops/sec) = 266
Average response time (msec) = 3.4115046721311475
Average queue length = 3
Average wait time in queue (msec) = 0.7825103770491804
Average service time (msec) = 2.5298855409836065
Number of SET = 0
Number of GET = 266
Number of MULTI GET = 0


Worker 3
Average throughput (ops/sec) = 265
Average response time (msec) = 3.392498344262295
Average queue length = 3
Average wait time in queue (msec) = 0.762646918032787
Average service time (msec) = 2.52594768852459
Number of SET = 0
Number of GET = 265
Number of MULTI GET = 0


Worker 10
Average throughput (ops/sec) = 265
Average response time (msec) = 3.4167459672131146
Average queue length = 3
Average wait time in queue (msec) = 0.7736860163934426
Average service time (msec) = 2.5415041639344262
Number of SET = 0
Number of GET = 265
Number of MULTI GET = 0


Worker 2
Average throughput (ops/sec) = 265
Average response time (msec) = 3.415158901639344
Average queue length = 3
Average wait time in queue (msec) = 0.7738318032786886
Average service time (msec) = 2.5398156721311476
Number of SET = 0
Number of GET = 265
Number of MULTI GET = 0


Worker 11
Average throughput (ops/sec) = 265
Average response time (msec) = 3.4131101147540983
Average queue length = 3
Average wait time in queue (msec) = 0.7648835901639344
Average service time (msec) = 2.532379704918033
Number of SET = 0
Number of GET = 265
Number of MULTI GET = 0


Worker 5
Average throughput (ops/sec) = 264
Average response time (msec) = 3.395685606557377
Average queue length = 3
Average wait time in queue (msec) = 0.7621447868852459
Average service time (msec) = 2.5285650491803278
Number of SET = 0
Number of GET = 264
Number of MULTI GET = 0


Worker 12
Average throughput (ops/sec) = 265
Average response time (msec) = 3.394457131147541
Average queue length = 3
Average wait time in queue (msec) = 0.757223475409836
Average service time (msec) = 2.53129768852459
Number of SET = 0
Number of GET = 265
Number of MULTI GET = 0


Worker 4
Average throughput (ops/sec) = 264
Average response time (msec) = 3.4126722459016396
Average queue length = 3
Average wait time in queue (msec) = 0.7649306393442623
Average service time (msec) = 2.5374994918032785
Number of SET = 0
Number of GET = 264
Number of MULTI GET = 0


Worker 1
Average throughput (ops/sec) = 265
Average response time (msec) = 3.4300129672131145
Average queue length = 3
Average wait time in queue (msec) = 0.7928754098360656
Average service time (msec) = 2.540097262295082
Number of SET = 0
Number of GET = 265
Number of MULTI GET = 0


FINAL STATS
Average throughput (ops/sec) = 4238
Average response time (msec) = 3.3489754785811066
Average queue length = 3
Average wait time in queue (msec) = 0.7709271403688525
Average service time (msec) = 2.5332090973360657
Number of SET = 0
Number of GET = 264
Number of MULTI GET = 0
Number of Cache misses = 259047


Histogram response times (0.1 msec step)
0.0 msec : 659
0.1 msec : 6527
0.2 msec : 14461
0.3 msec : 18975
0.4 msec : 19054
0.5 msec : 16798
0.6 msec : 15116
0.7 msec : 13422
0.8 msec : 12420
0.9 msec : 11499
1.0 msec : 11188
1.1 msec : 10849
1.2 msec : 10208
1.3 msec : 9324
1.4 msec : 8300
1.5 msec : 7174
1.6 msec : 6327
1.7 msec : 5323
1.8 msec : 4869
1.9 msec : 4148
2.0 msec : 3788
2.1 msec : 3257
2.2 msec : 3109
2.3 msec : 2546
2.4 msec : 2411
2.5 msec : 2217
2.6 msec : 1803
2.7 msec : 1546
2.8 msec : 1349
2.9 msec : 1102
3.0 msec : 867
3.1 msec : 705
3.2 msec : 606
3.3 msec : 527
3.4 msec : 432
3.5 msec : 411
3.6 msec : 374
3.7 msec : 273
3.8 msec : 270
3.9 msec : 269
4.0 msec : 207
4.1 msec : 213
4.2 msec : 185
4.3 msec : 195
4.4 msec : 184
4.5 msec : 218
4.6 msec : 247
4.7 msec : 269
4.8 msec : 293
4.9 msec : 354
5.0 msec : 419
5.1 msec : 447
5.2 msec : 520
5.3 msec : 552
5.4 msec : 629
5.5 msec : 696
5.6 msec : 796
5.7 msec : 821
5.8 msec : 934
5.9 msec : 835
6.0 msec : 910
6.1 msec : 869
6.2 msec : 871
6.3 msec : 905
6.4 msec : 882
6.5 msec : 923
6.6 msec : 964
6.7 msec : 887
6.8 msec : 860
6.9 msec : 802
7.0 msec : 751
7.1 msec : 664
7.2 msec : 562
7.3 msec : 532
7.4 msec : 416
7.5 msec : 349
7.6 msec : 338
7.7 msec : 273
7.8 msec : 229
7.9 msec : 188
8.0 msec : 168
8.1 msec : 168
8.2 msec : 104
8.3 msec : 119
8.4 msec : 104
8.5 msec : 87
8.6 msec : 70
8.7 msec : 68
8.8 msec : 54
8.9 msec : 61
9.0 msec : 46
9.1 msec : 45
9.2 msec : 36
9.3 msec : 27
9.4 msec : 40
9.5 msec : 34
9.6 msec : 35
9.7 msec : 33
9.8 msec : 33
9.9 msec : 27
10.0 msec : 16
10.1 msec : 19
10.2 msec : 28
10.3 msec : 21
10.4 msec : 14
10.5 msec : 20
10.6 msec : 18
10.7 msec : 14
10.8 msec : 20
10.9 msec : 22
11.0 msec : 15
11.1 msec : 12
11.2 msec : 6
11.3 msec : 18
11.4 msec : 12
11.5 msec : 15
11.6 msec : 17
11.7 msec : 12
11.8 msec : 19
11.9 msec : 8
12.0 msec : 16
12.1 msec : 13
12.2 msec : 13
12.3 msec : 9
12.4 msec : 8
12.5 msec : 14
12.6 msec : 9
12.7 msec : 10
12.8 msec : 9
12.9 msec : 8
13.0 msec : 9
13.1 msec : 4
13.2 msec : 3
13.3 msec : 7
13.4 msec : 7
13.5 msec : 2
13.6 msec : 7
13.7 msec : 1
13.8 msec : 4
13.9 msec : 4
14.0 msec : 5
14.1 msec : 7
14.2 msec : 6
14.3 msec : 4
14.4 msec : 8
14.5 msec : 8
14.6 msec : 13
14.7 msec : 6
14.8 msec : 4
14.9 msec : 7
15.0 msec : 4
15.1 msec : 2
15.2 msec : 8
15.3 msec : 5
15.4 msec : 6
15.5 msec : 11
15.6 msec : 13
15.7 msec : 7
15.8 msec : 11
15.9 msec : 4
16.0 msec : 12
16.1 msec : 10
16.2 msec : 5
16.3 msec : 1
16.4 msec : 5
16.5 msec : 7
16.6 msec : 5
16.7 msec : 5
16.8 msec : 5
16.9 msec : 7
17.0 msec : 6
17.1 msec : 5
17.2 msec : 3
17.3 msec : 2
17.4 msec : 3
17.5 msec : 2
17.6 msec : 3
17.7 msec : 0
17.8 msec : 2
17.9 msec : 2
18.0 msec : 4
18.1 msec : 4
18.2 msec : 2
18.3 msec : 0
18.4 msec : 4
18.5 msec : 1
18.6 msec : 2
18.7 msec : 4
18.8 msec : 3
18.9 msec : 0
19.0 msec : 2
19.1 msec : 2
19.2 msec : 2
19.3 msec : 2
19.4 msec : 2
19.5 msec : 4
19.6 msec : 1
19.7 msec : 5
19.8 msec : 0
19.9 msec : 1
20.0 msec : 2
20.1 msec : 1
20.2 msec : 1
20.3 msec : 2
20.4 msec : 1
20.5 msec : 1
20.6 msec : 0
20.7 msec : 4
20.8 msec : 0
20.9 msec : 0
21.0 msec : 1
21.1 msec : 2
21.2 msec : 1
21.3 msec : 1
21.4 msec : 0
21.5 msec : 0
21.6 msec : 1
21.7 msec : 1
21.8 msec : 0
21.9 msec : 2
22.0 msec : 0
22.1 msec : 0
22.2 msec : 0
22.3 msec : 1
22.4 msec : 2
22.5 msec : 0
22.6 msec : 0
22.7 msec : 1
22.8 msec : 0
22.9 msec : 0
23.0 msec : 0
23.1 msec : 0
23.2 msec : 1
23.3 msec : 0
23.4 msec : 0
23.5 msec : 1
23.6 msec : 0
23.7 msec : 2
23.8 msec : 0
23.9 msec : 0
24.0 msec : 3
24.1 msec : 0
24.2 msec : 3
24.3 msec : 1
24.4 msec : 0
24.5 msec : 1
24.6 msec : 3
24.7 msec : 1
24.8 msec : 2
24.9 msec : 0
25.0 msec : 3
25.1 msec : 4
25.2 msec : 0
25.3 msec : 4
25.4 msec : 0
25.5 msec : 1
25.6 msec : 1
25.7 msec : 1
25.8 msec : 2
25.9 msec : 5
26.0 msec : 3
26.1 msec : 4
26.2 msec : 5
26.3 msec : 4
26.4 msec : 1
26.5 msec : 3
26.6 msec : 4
26.7 msec : 2
26.8 msec : 4
26.9 msec : 2
27.0 msec : 1
27.1 msec : 0
27.2 msec : 1
27.3 msec : 2
27.4 msec : 0
27.5 msec : 0
27.6 msec : 1
27.7 msec : 2
27.8 msec : 2
27.9 msec : 8
28.0 msec : 2
28.1 msec : 1
28.2 msec : 0
28.3 msec : 0
28.4 msec : 0
28.5 msec : 1
28.6 msec : 0
28.7 msec : 2
28.8 msec : 1
28.9 msec : 1
29.0 msec : 1
29.1 msec : 0
29.2 msec : 2
29.3 msec : 0
29.4 msec : 0
29.5 msec : 0
29.6 msec : 1
29.7 msec : 2
29.8 msec : 1
29.9 msec : 0
30.0 msec : 0
30.1 msec : 0
30.2 msec : 0
30.3 msec : 0
30.4 msec : 0
30.5 msec : 0
30.6 msec : 0
30.7 msec : 0
30.8 msec : 0
30.9 msec : 1
31.0 msec : 0
31.1 msec : 0
31.2 msec : 0
31.3 msec : 0
31.4 msec : 0
31.5 msec : 1
31.6 msec : 1
31.7 msec : 0
31.8 msec : 0
31.9 msec : 0
32.0 msec : 1
32.1 msec : 0
32.2 msec : 1
32.3 msec : 0
32.4 msec : 0
32.5 msec : 0
32.6 msec : 0
32.7 msec : 0
32.8 msec : 0
32.9 msec : 1
33.0 msec : 1
33.1 msec : 2
33.2 msec : 2
33.3 msec : 2
33.4 msec : 2
33.5 msec : 1
33.6 msec : 2
33.7 msec : 0
33.8 msec : 3
33.9 msec : 0
34.0 msec : 1
34.1 msec : 0
34.2 msec : 0
34.3 msec : 1
34.4 msec : 1
34.5 msec : 1
34.6 msec : 1
34.7 msec : 0
34.8 msec : 2
34.9 msec : 0
35.0 msec : 1
35.1 msec : 2
35.2 msec : 1
35.3 msec : 0
35.4 msec : 2
35.5 msec : 0
35.6 msec : 0
35.7 msec : 0
35.8 msec : 0
35.9 msec : 2
36.0 msec : 3
36.1 msec : 1
36.2 msec : 2
36.3 msec : 1
36.4 msec : 0
36.5 msec : 4
36.6 msec : 3
36.7 msec : 1
36.8 msec : 2
36.9 msec : 0
37.0 msec : 1
37.1 msec : 1
37.2 msec : 0
37.3 msec : 0
37.4 msec : 0
37.5 msec : 0
37.6 msec : 0
37.7 msec : 0
37.8 msec : 0
37.9 msec : 0
38.0 msec : 0
38.1 msec : 0
38.2 msec : 0
38.3 msec : 0
38.4 msec : 0
38.5 msec : 0
38.6 msec : 1
38.7 msec : 1
38.8 msec : 0
38.9 msec : 0
39.0 msec : 0
39.1 msec : 0
39.2 msec : 1
39.3 msec : 0
39.4 msec : 0
39.5 msec : 0
39.6 msec : 0
39.7 msec : 0
39.8 msec : 0
39.9 msec : 0
40.0 msec : 0
40.1 msec : 0
40.2 msec : 0
40.3 msec : 0
40.4 msec : 0
40.5 msec : 0
40.6 msec : 1
40.7 msec : 1
40.8 msec : 0
40.9 msec : 0
41.0 msec : 0
41.1 msec : 1
41.2 msec : 0
41.3 msec : 0
41.4 msec : 0
41.5 msec : 0
41.6 msec : 0
41.7 msec : 0
41.8 msec : 0
41.9 msec : 0
42.0 msec : 0
42.1 msec : 0
42.2 msec : 0
42.3 msec : 0
42.4 msec : 0
42.5 msec : 0
42.6 msec : 0
42.7 msec : 0
42.8 msec : 0
42.9 msec : 0
43.0 msec : 0
43.1 msec : 0
43.2 msec : 0
43.3 msec : 0
43.4 msec : 0
43.5 msec : 0
43.6 msec : 0
43.7 msec : 0
43.8 msec : 0
43.9 msec : 0
44.0 msec : 0
44.1 msec : 0
44.2 msec : 0
44.3 msec : 0
44.4 msec : 0
44.5 msec : 0
44.6 msec : 1
44.7 msec : 0
44.8 msec : 2
44.9 msec : 1
45.0 msec : 1
45.1 msec : 1
45.2 msec : 2
45.3 msec : 3
45.4 msec : 2
45.5 msec : 1
45.6 msec : 1
45.7 msec : 1
45.8 msec : 1
45.9 msec : 1
46.0 msec : 0
46.1 msec : 0
46.2 msec : 1
46.3 msec : 0
46.4 msec : 1
46.5 msec : 2
46.6 msec : 0
46.7 msec : 0
46.8 msec : 2
46.9 msec : 0
47.0 msec : 0
47.1 msec : 0
47.2 msec : 1
47.3 msec : 0
47.4 msec : 0
47.5 msec : 0
47.6 msec : 0
47.7 msec : 0
47.8 msec : 0
47.9 msec : 0
48.0 msec : 0
48.1 msec : 0
48.2 msec : 0
48.3 msec : 2
48.4 msec : 1
48.5 msec : 0
48.6 msec : 0
48.7 msec : 0
48.8 msec : 0
48.9 msec : 0
49.0 msec : 0
49.1 msec : 0
49.2 msec : 0
49.3 msec : 0
49.4 msec : 0
49.5 msec : 0
49.6 msec : 0
49.7 msec : 0
49.8 msec : 0
49.9 msec : 0
50.0 msec : 0
50.1 msec : 0
50.2 msec : 0
50.3 msec : 0
50.4 msec : 0
50.5 msec : 0
50.6 msec : 0
50.7 msec : 0
50.8 msec : 0
50.9 msec : 0
51.0 msec : 0
51.1 msec : 0
51.2 msec : 0
51.3 msec : 0
51.4 msec : 0
51.5 msec : 0
51.6 msec : 0
51.7 msec : 0
51.8 msec : 0
51.9 msec : 0
52.0 msec : 0
52.1 msec : 0
52.2 msec : 0
52.3 msec : 0
52.4 msec : 0
52.5 msec : 0
52.6 msec : 0
52.7 msec : 0
52.8 msec : 0
52.9 msec : 0
53.0 msec : 0
53.1 msec : 0
53.2 msec : 0
53.3 msec : 0
53.4 msec : 0
53.5 msec : 0
53.6 msec : 0
53.7 msec : 1
53.8 msec : 0
53.9 msec : 0
54.0 msec : 0
54.1 msec : 0
54.2 msec : 0
54.3 msec : 0
54.4 msec : 0
54.5 msec : 0
54.6 msec : 0
54.7 msec : 0
54.8 msec : 1
54.9 msec : 0
55.0 msec : 0
55.1 msec : 0
55.2 msec : 0
55.3 msec : 0
55.4 msec : 0
55.5 msec : 0
55.6 msec : 0
55.7 msec : 0
55.8 msec : 0
55.9 msec : 0
56.0 msec : 0
56.1 msec : 0
56.2 msec : 0
56.3 msec : 0
56.4 msec : 0
56.5 msec : 0
56.6 msec : 0
56.7 msec : 0
56.8 msec : 0
56.9 msec : 0
57.0 msec : 0
57.1 msec : 0
57.2 msec : 0
57.3 msec : 0
57.4 msec : 0
57.5 msec : 0
57.6 msec : 0
57.7 msec : 0
57.8 msec : 0
57.9 msec : 0
58.0 msec : 0
58.1 msec : 0
58.2 msec : 0
58.3 msec : 0
58.4 msec : 0
58.5 msec : 0
58.6 msec : 0
58.7 msec : 0
58.8 msec : 0
58.9 msec : 0
59.0 msec : 0
59.1 msec : 0
59.2 msec : 0
59.3 msec : 0
59.4 msec : 0
59.5 msec : 0
59.6 msec : 0
59.7 msec : 0
59.8 msec : 0
59.9 msec : 0
60.0 msec : 0
60.1 msec : 0
60.2 msec : 0
60.3 msec : 0
60.4 msec : 0
60.5 msec : 0
60.6 msec : 0
60.7 msec : 0
60.8 msec : 0
60.9 msec : 0
61.0 msec : 0
61.1 msec : 0
61.2 msec : 0
61.3 msec : 1
61.4 msec : 0
61.5 msec : 0
61.6 msec : 0
61.7 msec : 0
61.8 msec : 0
61.9 msec : 0
62.0 msec : 0
62.1 msec : 0
62.2 msec : 0
62.3 msec : 0
62.4 msec : 0
62.5 msec : 0
62.6 msec : 0
62.7 msec : 0
62.8 msec : 0
62.9 msec : 0
63.0 msec : 0
63.1 msec : 0
63.2 msec : 0
63.3 msec : 0
63.4 msec : 0
63.5 msec : 0
63.6 msec : 0
63.7 msec : 0
63.8 msec : 0
63.9 msec : 0
64.0 msec : 0
64.1 msec : 0
64.2 msec : 0
64.3 msec : 0
64.4 msec : 0
64.5 msec : 0
64.6 msec : 0
64.7 msec : 0
64.8 msec : 0
64.9 msec : 0
65.0 msec : 0
65.1 msec : 0
65.2 msec : 1
65.3 msec : 0
65.4 msec : 1
65.5 msec : 3
65.6 msec : 1
65.7 msec : 1
65.8 msec : 0
65.9 msec : 3
66.0 msec : 1
66.1 msec : 1
66.2 msec : 2
66.3 msec : 0
66.4 msec : 1
66.5 msec : 0
66.6 msec : 2
66.7 msec : 0
66.8 msec : 0
66.9 msec : 0
67.0 msec : 0
67.1 msec : 0
67.2 msec : 0
67.3 msec : 0
67.4 msec : 0
67.5 msec : 0
67.6 msec : 1
67.7 msec : 0
