Middleware started...
Middleware shuts down...
Smaller resolution statistics are in a log file...
Final aggregates per worker:


Worker 13
Average throughput (ops/sec) = 288
Average response time (msec) = 4.037618065573771
Average queue length = 8
Average wait time in queue (msec) = 1.637428
Average service time (msec) = 2.2928893278688522
Number of SET = 0
Number of GET = 288
Number of MULTI GET = 0


Worker 7
Average throughput (ops/sec) = 287
Average response time (msec) = 4.031810590163935
Average queue length = 8
Average wait time in queue (msec) = 1.6442152786885247
Average service time (msec) = 2.2829726393442624
Number of SET = 0
Number of GET = 287
Number of MULTI GET = 0


Worker 14
Average throughput (ops/sec) = 286
Average response time (msec) = 4.012371672131148
Average queue length = 8
Average wait time in queue (msec) = 1.6373428524590166
Average service time (msec) = 2.313376704918033
Number of SET = 0
Number of GET = 286
Number of MULTI GET = 0


Worker 6
Average throughput (ops/sec) = 287
Average response time (msec) = 4.027893475409836
Average queue length = 8
Average wait time in queue (msec) = 1.646494655737705
Average service time (msec) = 2.2802916065573773
Number of SET = 0
Number of GET = 287
Number of MULTI GET = 0


Worker 15
Average throughput (ops/sec) = 286
Average response time (msec) = 4.012716655737705
Average queue length = 6
Average wait time in queue (msec) = 1.6481517213114754
Average service time (msec) = 2.261715049180328
Number of SET = 0
Number of GET = 286
Number of MULTI GET = 0


Worker 9
Average throughput (ops/sec) = 286
Average response time (msec) = 4.026529704918033
Average queue length = 7
Average wait time in queue (msec) = 1.643645
Average service time (msec) = 2.2762331147540986
Number of SET = 0
Number of GET = 286
Number of MULTI GET = 0


Worker 16
Average throughput (ops/sec) = 287
Average response time (msec) = 4.036249295081967
Average queue length = 7
Average wait time in queue (msec) = 1.6465410819672133
Average service time (msec) = 2.2846277540983606
Number of SET = 0
Number of GET = 287
Number of MULTI GET = 0


Worker 8
Average throughput (ops/sec) = 286
Average response time (msec) = 4.022193655737705
Average queue length = 8
Average wait time in queue (msec) = 1.6473383114754099
Average service time (msec) = 2.2730325901639343
Number of SET = 0
Number of GET = 286
Number of MULTI GET = 0


Worker 3
Average throughput (ops/sec) = 286
Average response time (msec) = 3.9939196721311476
Average queue length = 8
Average wait time in queue (msec) = 1.6251736557377048
Average service time (msec) = 2.2578853770491802
Number of SET = 0
Number of GET = 286
Number of MULTI GET = 0


Worker 2
Average throughput (ops/sec) = 287
Average response time (msec) = 4.01992006557377
Average queue length = 7
Average wait time in queue (msec) = 1.6371096065573771
Average service time (msec) = 2.279158180327869
Number of SET = 0
Number of GET = 287
Number of MULTI GET = 0


Worker 10
Average throughput (ops/sec) = 287
Average response time (msec) = 4.023125819672131
Average queue length = 7
Average wait time in queue (msec) = 1.6501479508196721
Average service time (msec) = 2.256132508196721
Number of SET = 0
Number of GET = 287
Number of MULTI GET = 0


Worker 11
Average throughput (ops/sec) = 286
Average response time (msec) = 4.026642344262295
Average queue length = 8
Average wait time in queue (msec) = 1.6285474098360655
Average service time (msec) = 2.287946606557377
Number of SET = 0
Number of GET = 286
Number of MULTI GET = 0


Worker 5
Average throughput (ops/sec) = 287
Average response time (msec) = 4.023311032786885
Average queue length = 6
Average wait time in queue (msec) = 1.6409653278688525
Average service time (msec) = 2.2729114590163935
Number of SET = 0
Number of GET = 287
Number of MULTI GET = 0


Worker 12
Average throughput (ops/sec) = 286
Average response time (msec) = 4.020114852459017
Average queue length = 8
Average wait time in queue (msec) = 1.6205668360655738
Average service time (msec) = 2.280787344262295
Number of SET = 0
Number of GET = 286
Number of MULTI GET = 0


Worker 4
Average throughput (ops/sec) = 286
Average response time (msec) = 4.021674196721312
Average queue length = 7
Average wait time in queue (msec) = 1.6426156721311476
Average service time (msec) = 2.2717574098360656
Number of SET = 0
Number of GET = 286
Number of MULTI GET = 0


Worker 1
Average throughput (ops/sec) = 286
Average response time (msec) = 4.0371857213114755
Average queue length = 7
Average wait time in queue (msec) = 1.651177655737705
Average service time (msec) = 2.2810109016393443
Number of SET = 0
Number of GET = 286
Number of MULTI GET = 0


FINAL STATS
Average throughput (ops/sec) = 4584
Average response time (msec) = 3.9133684357073246
Average queue length = 7
Average wait time in queue (msec) = 1.64046631352459
Average service time (msec) = 2.278295535860656
Number of SET = 0
Number of GET = 286
Number of MULTI GET = 0
Number of Cache misses = 280133


Histogram response times (0.1 msec step)
0.0 msec : 199
0.1 msec : 1810
0.2 msec : 4488
0.3 msec : 6612
0.4 msec : 6726
0.5 msec : 6281
0.6 msec : 5453
0.7 msec : 5159
0.8 msec : 4697
0.9 msec : 4469
1.0 msec : 4373
1.1 msec : 4538
1.2 msec : 5149
1.3 msec : 6082
1.4 msec : 8275
1.5 msec : 11434
1.6 msec : 14707
1.7 msec : 17833
1.8 msec : 18486
1.9 msec : 17506
2.0 msec : 15609
2.1 msec : 13153
2.2 msec : 11311
2.3 msec : 9439
2.4 msec : 8144
2.5 msec : 6979
2.6 msec : 6259
2.7 msec : 5511
2.8 msec : 4827
2.9 msec : 4134
3.0 msec : 3618
3.1 msec : 3103
3.2 msec : 2641
3.3 msec : 2232
3.4 msec : 1880
3.5 msec : 1633
3.6 msec : 1402
3.7 msec : 1182
3.8 msec : 1016
3.9 msec : 856
4.0 msec : 781
4.1 msec : 668
4.2 msec : 567
4.3 msec : 506
4.4 msec : 506
4.5 msec : 406
4.6 msec : 383
4.7 msec : 315
4.8 msec : 307
4.9 msec : 286
5.0 msec : 295
5.1 msec : 256
5.2 msec : 279
5.3 msec : 262
5.4 msec : 250
5.5 msec : 253
5.6 msec : 239
5.7 msec : 192
5.8 msec : 257
5.9 msec : 267
6.0 msec : 257
6.1 msec : 273
6.2 msec : 292
6.3 msec : 320
6.4 msec : 311
6.5 msec : 343
6.6 msec : 362
6.7 msec : 370
6.8 msec : 411
6.9 msec : 420
7.0 msec : 432
7.1 msec : 457
7.2 msec : 443
7.3 msec : 476
7.4 msec : 483
7.5 msec : 450
7.6 msec : 437
7.7 msec : 434
7.8 msec : 387
7.9 msec : 404
8.0 msec : 316
8.1 msec : 318
8.2 msec : 293
8.3 msec : 247
8.4 msec : 237
8.5 msec : 223
8.6 msec : 194
8.7 msec : 185
8.8 msec : 180
8.9 msec : 148
9.0 msec : 141
9.1 msec : 141
9.2 msec : 118
9.3 msec : 110
9.4 msec : 120
9.5 msec : 89
9.6 msec : 99
9.7 msec : 109
9.8 msec : 86
9.9 msec : 76
10.0 msec : 68
10.1 msec : 69
10.2 msec : 72
10.3 msec : 61
10.4 msec : 71
10.5 msec : 48
10.6 msec : 58
10.7 msec : 51
10.8 msec : 50
10.9 msec : 65
11.0 msec : 58
11.1 msec : 42
11.2 msec : 43
11.3 msec : 56
11.4 msec : 38
11.5 msec : 38
11.6 msec : 35
11.7 msec : 42
11.8 msec : 24
11.9 msec : 33
12.0 msec : 19
12.1 msec : 21
12.2 msec : 32
12.3 msec : 23
12.4 msec : 22
12.5 msec : 32
12.6 msec : 19
12.7 msec : 20
12.8 msec : 15
12.9 msec : 21
13.0 msec : 24
13.1 msec : 14
13.2 msec : 14
13.3 msec : 16
13.4 msec : 26
13.5 msec : 28
13.6 msec : 22
13.7 msec : 16
13.8 msec : 10
13.9 msec : 26
14.0 msec : 27
14.1 msec : 19
14.2 msec : 17
14.3 msec : 22
14.4 msec : 13
14.5 msec : 16
14.6 msec : 14
14.7 msec : 12
14.8 msec : 12
14.9 msec : 13
15.0 msec : 8
15.1 msec : 8
15.2 msec : 8
15.3 msec : 13
15.4 msec : 14
15.5 msec : 10
15.6 msec : 11
15.7 msec : 10
15.8 msec : 8
15.9 msec : 6
16.0 msec : 7
16.1 msec : 8
16.2 msec : 4
16.3 msec : 7
16.4 msec : 10
16.5 msec : 17
16.6 msec : 7
16.7 msec : 9
16.8 msec : 6
16.9 msec : 6
17.0 msec : 6
17.1 msec : 2
17.2 msec : 8
17.3 msec : 9
17.4 msec : 9
17.5 msec : 8
17.6 msec : 5
17.7 msec : 5
17.8 msec : 5
17.9 msec : 8
18.0 msec : 8
18.1 msec : 4
18.2 msec : 4
18.3 msec : 6
18.4 msec : 4
18.5 msec : 4
18.6 msec : 3
18.7 msec : 6
18.8 msec : 6
18.9 msec : 5
19.0 msec : 12
19.1 msec : 12
19.2 msec : 13
19.3 msec : 12
19.4 msec : 10
19.5 msec : 10
19.6 msec : 8
19.7 msec : 11
19.8 msec : 10
19.9 msec : 5
20.0 msec : 7
20.1 msec : 8
20.2 msec : 12
20.3 msec : 7
20.4 msec : 3
20.5 msec : 3
20.6 msec : 4
20.7 msec : 6
20.8 msec : 7
20.9 msec : 3
21.0 msec : 2
21.1 msec : 2
21.2 msec : 4
21.3 msec : 5
21.4 msec : 3
21.5 msec : 1
21.6 msec : 5
21.7 msec : 4
21.8 msec : 6
21.9 msec : 2
22.0 msec : 2
22.1 msec : 3
22.2 msec : 4
22.3 msec : 4
22.4 msec : 4
22.5 msec : 2
22.6 msec : 3
22.7 msec : 3
22.8 msec : 3
22.9 msec : 1
23.0 msec : 5
23.1 msec : 3
23.2 msec : 2
23.3 msec : 4
23.4 msec : 5
23.5 msec : 2
23.6 msec : 1
23.7 msec : 3
23.8 msec : 5
23.9 msec : 8
24.0 msec : 4
24.1 msec : 5
24.2 msec : 5
24.3 msec : 6
24.4 msec : 6
24.5 msec : 6
24.6 msec : 5
24.7 msec : 1
24.8 msec : 5
24.9 msec : 2
25.0 msec : 5
25.1 msec : 4
25.2 msec : 6
25.3 msec : 3
25.4 msec : 4
25.5 msec : 2
25.6 msec : 0
25.7 msec : 1
25.8 msec : 5
25.9 msec : 2
26.0 msec : 2
26.1 msec : 9
26.2 msec : 4
26.3 msec : 8
26.4 msec : 4
26.5 msec : 4
26.6 msec : 5
26.7 msec : 4
26.8 msec : 2
26.9 msec : 3
27.0 msec : 1
27.1 msec : 0
27.2 msec : 2
27.3 msec : 4
27.4 msec : 0
27.5 msec : 5
27.6 msec : 2
27.7 msec : 0
27.8 msec : 3
27.9 msec : 0
28.0 msec : 1
28.1 msec : 1
28.2 msec : 0
28.3 msec : 0
28.4 msec : 1
28.5 msec : 2
28.6 msec : 0
28.7 msec : 3
28.8 msec : 3
28.9 msec : 1
29.0 msec : 3
29.1 msec : 5
29.2 msec : 1
29.3 msec : 4
29.4 msec : 0
29.5 msec : 4
29.6 msec : 0
29.7 msec : 0
29.8 msec : 3
29.9 msec : 2
30.0 msec : 2
30.1 msec : 1
30.2 msec : 1
30.3 msec : 2
30.4 msec : 0
30.5 msec : 1
30.6 msec : 0
30.7 msec : 1
30.8 msec : 3
30.9 msec : 2
31.0 msec : 1
31.1 msec : 3
31.2 msec : 2
31.3 msec : 0
31.4 msec : 2
31.5 msec : 1
31.6 msec : 0
31.7 msec : 0
31.8 msec : 1
31.9 msec : 2
32.0 msec : 0
32.1 msec : 0
32.2 msec : 1
32.3 msec : 1
32.4 msec : 0
32.5 msec : 0
32.6 msec : 0
32.7 msec : 0
32.8 msec : 0
32.9 msec : 0
33.0 msec : 1
33.1 msec : 0
33.2 msec : 0
33.3 msec : 0
33.4 msec : 0
33.5 msec : 0
33.6 msec : 0
33.7 msec : 2
33.8 msec : 0
33.9 msec : 2
34.0 msec : 1
34.1 msec : 0
34.2 msec : 0
34.3 msec : 0
34.4 msec : 0
34.5 msec : 0
34.6 msec : 1
34.7 msec : 0
34.8 msec : 0
34.9 msec : 2
35.0 msec : 0
35.1 msec : 0
35.2 msec : 1
35.3 msec : 2
35.4 msec : 1
35.5 msec : 2
35.6 msec : 1
35.7 msec : 1
35.8 msec : 0
35.9 msec : 1
36.0 msec : 1
36.1 msec : 0
36.2 msec : 0
36.3 msec : 0
36.4 msec : 2
36.5 msec : 1
36.6 msec : 0
36.7 msec : 0
36.8 msec : 1
36.9 msec : 0
37.0 msec : 0
37.1 msec : 0
37.2 msec : 0
37.3 msec : 0
37.4 msec : 0
37.5 msec : 0
37.6 msec : 0
37.7 msec : 0
37.8 msec : 0
37.9 msec : 0
38.0 msec : 0
38.1 msec : 0
38.2 msec : 0
38.3 msec : 1
38.4 msec : 0
38.5 msec : 0
38.6 msec : 0
38.7 msec : 0
38.8 msec : 0
38.9 msec : 0
39.0 msec : 0
39.1 msec : 1
39.2 msec : 0
39.3 msec : 0
39.4 msec : 1
39.5 msec : 0
39.6 msec : 2
39.7 msec : 1
39.8 msec : 0
39.9 msec : 0
40.0 msec : 0
40.1 msec : 0
40.2 msec : 0
40.3 msec : 0
40.4 msec : 0
40.5 msec : 1
40.6 msec : 0
40.7 msec : 0
40.8 msec : 0
40.9 msec : 0
41.0 msec : 0
41.1 msec : 1
41.2 msec : 0
41.3 msec : 1
41.4 msec : 0
41.5 msec : 0
41.6 msec : 1
41.7 msec : 0
41.8 msec : 1
41.9 msec : 1
42.0 msec : 0
42.1 msec : 0
42.2 msec : 0
42.3 msec : 0
42.4 msec : 1
42.5 msec : 1
42.6 msec : 1
42.7 msec : 1
42.8 msec : 2
42.9 msec : 0
43.0 msec : 1
43.1 msec : 1
43.2 msec : 0
43.3 msec : 0
43.4 msec : 0
43.5 msec : 0
43.6 msec : 2
43.7 msec : 0
43.8 msec : 2
43.9 msec : 0
44.0 msec : 0
44.1 msec : 0
44.2 msec : 0
44.3 msec : 0
44.4 msec : 0
44.5 msec : 0
44.6 msec : 0
44.7 msec : 0
44.8 msec : 1
44.9 msec : 0
45.0 msec : 0
45.1 msec : 0
45.2 msec : 0
45.3 msec : 1
45.4 msec : 0
45.5 msec : 0
45.6 msec : 0
45.7 msec : 0
45.8 msec : 0
45.9 msec : 0
46.0 msec : 0
46.1 msec : 0
46.2 msec : 0
46.3 msec : 0
46.4 msec : 0
46.5 msec : 0
46.6 msec : 0
46.7 msec : 0
46.8 msec : 0
46.9 msec : 0
47.0 msec : 0
47.1 msec : 0
47.2 msec : 0
47.3 msec : 0
47.4 msec : 0
47.5 msec : 0
47.6 msec : 0
47.7 msec : 0
47.8 msec : 0
47.9 msec : 0
48.0 msec : 0
48.1 msec : 0
48.2 msec : 0
48.3 msec : 0
48.4 msec : 0
48.5 msec : 0
48.6 msec : 0
48.7 msec : 0
48.8 msec : 0
48.9 msec : 0
49.0 msec : 0
49.1 msec : 0
49.2 msec : 0
49.3 msec : 0
49.4 msec : 0
49.5 msec : 0
49.6 msec : 0
49.7 msec : 0
49.8 msec : 0
49.9 msec : 0
50.0 msec : 0
50.1 msec : 0
50.2 msec : 0
50.3 msec : 0
50.4 msec : 0
50.5 msec : 0
50.6 msec : 0
50.7 msec : 0
50.8 msec : 0
50.9 msec : 0
51.0 msec : 0
51.1 msec : 0
51.2 msec : 0
51.3 msec : 0
51.4 msec : 0
51.5 msec : 0
51.6 msec : 0
51.7 msec : 0
51.8 msec : 0
51.9 msec : 0
52.0 msec : 0
52.1 msec : 0
52.2 msec : 0
52.3 msec : 0
52.4 msec : 0
52.5 msec : 0
52.6 msec : 0
52.7 msec : 0
52.8 msec : 1
52.9 msec : 0
53.0 msec : 0
53.1 msec : 0
53.2 msec : 0
53.3 msec : 0
53.4 msec : 0
53.5 msec : 0
53.6 msec : 0
53.7 msec : 0
53.8 msec : 0
53.9 msec : 2
54.0 msec : 2
54.1 msec : 2
54.2 msec : 2
54.3 msec : 3
54.4 msec : 2
54.5 msec : 1
54.6 msec : 3
54.7 msec : 3
54.8 msec : 0
54.9 msec : 0
55.0 msec : 0
55.1 msec : 0
55.2 msec : 1
55.3 msec : 0
55.4 msec : 0
55.5 msec : 0
55.6 msec : 0
55.7 msec : 0
55.8 msec : 0
55.9 msec : 0
56.0 msec : 0
56.1 msec : 0
56.2 msec : 0
56.3 msec : 0
56.4 msec : 0
56.5 msec : 0
56.6 msec : 0
56.7 msec : 0
56.8 msec : 0
56.9 msec : 0
57.0 msec : 0
57.1 msec : 0
57.2 msec : 0
57.3 msec : 0
57.4 msec : 0
57.5 msec : 0
57.6 msec : 0
57.7 msec : 0
57.8 msec : 0
57.9 msec : 0
58.0 msec : 0
58.1 msec : 0
58.2 msec : 0
58.3 msec : 0
58.4 msec : 0
58.5 msec : 0
58.6 msec : 0
58.7 msec : 0
58.8 msec : 0
58.9 msec : 0
59.0 msec : 0
59.1 msec : 0
59.2 msec : 0
59.3 msec : 0
59.4 msec : 0
59.5 msec : 0
59.6 msec : 0
59.7 msec : 0
59.8 msec : 0
59.9 msec : 0
60.0 msec : 0
60.1 msec : 0
60.2 msec : 0
60.3 msec : 0
60.4 msec : 0
60.5 msec : 0
60.6 msec : 0
60.7 msec : 0
60.8 msec : 0
60.9 msec : 0
61.0 msec : 0
61.1 msec : 0
61.2 msec : 0
61.3 msec : 0
61.4 msec : 0
61.5 msec : 0
61.6 msec : 0
61.7 msec : 0
61.8 msec : 0
61.9 msec : 0
62.0 msec : 0
62.1 msec : 0
62.2 msec : 0
62.3 msec : 0
62.4 msec : 0
62.5 msec : 0
62.6 msec : 0
62.7 msec : 0
62.8 msec : 0
62.9 msec : 0
63.0 msec : 0
63.1 msec : 0
63.2 msec : 0
63.3 msec : 0
63.4 msec : 0
63.5 msec : 0
63.6 msec : 0
63.7 msec : 0
63.8 msec : 0
63.9 msec : 0
64.0 msec : 0
64.1 msec : 1
64.2 msec : 1
64.3 msec : 1
64.4 msec : 3
64.5 msec : 0
64.6 msec : 1
64.7 msec : 2
64.8 msec : 1
64.9 msec : 0
65.0 msec : 1
65.1 msec : 1
65.2 msec : 1
65.3 msec : 0
65.4 msec : 0
65.5 msec : 0
65.6 msec : 0
65.7 msec : 1
65.8 msec : 2
65.9 msec : 0
66.0 msec : 1
66.1 msec : 1
66.2 msec : 0
66.3 msec : 1
66.4 msec : 0
66.5 msec : 0
66.6 msec : 1
66.7 msec : 0
66.8 msec : 0
66.9 msec : 0
67.0 msec : 0
67.1 msec : 0
67.2 msec : 0
67.3 msec : 0
67.4 msec : 0
67.5 msec : 0
67.6 msec : 0
67.7 msec : 1
67.8 msec : 0
67.9 msec : 1
68.0 msec : 1
68.1 msec : 0
68.2 msec : 1
68.3 msec : 0
