Middleware started...
Middleware shuts down...
Smaller resolution statistics are in a log file...
Final aggregates per worker:


Worker 7
Average throughput (ops/sec) = 299
Average response time (msec) = 1.3652414590163935
Average queue length = 0
Average wait time in queue (msec) = 0.14760611475409835
Average service time (msec) = 1.1380136557377047
Number of SET = 0
Number of GET = 299
Number of MULTI GET = 0


Worker 13
Average throughput (ops/sec) = 305
Average response time (msec) = 1.3583342295081966
Average queue length = 1
Average wait time in queue (msec) = 0.1452651475409836
Average service time (msec) = 1.14189631147541
Number of SET = 0
Number of GET = 305
Number of MULTI GET = 0


Worker 14
Average throughput (ops/sec) = 302
Average response time (msec) = 1.3942213442622953
Average queue length = 0
Average wait time in queue (msec) = 0.1562146393442623
Average service time (msec) = 1.1603592950819672
Number of SET = 0
Number of GET = 302
Number of MULTI GET = 0


Worker 6
Average throughput (ops/sec) = 301
Average response time (msec) = 1.3815575573770493
Average queue length = 0
Average wait time in queue (msec) = 0.1494719836065574
Average service time (msec) = 1.1489725573770493
Number of SET = 0
Number of GET = 301
Number of MULTI GET = 0


Worker 15
Average throughput (ops/sec) = 304
Average response time (msec) = 1.3967198524590165
Average queue length = 0
Average wait time in queue (msec) = 0.144890868852459
Average service time (msec) = 1.1692391147540984
Number of SET = 0
Number of GET = 304
Number of MULTI GET = 0


Worker 9
Average throughput (ops/sec) = 305
Average response time (msec) = 1.3815709180327869
Average queue length = 0
Average wait time in queue (msec) = 0.14398511475409836
Average service time (msec) = 1.1631233770491802
Number of SET = 0
Number of GET = 305
Number of MULTI GET = 0


Worker 8
Average throughput (ops/sec) = 301
Average response time (msec) = 1.3854183770491801
Average queue length = 1
Average wait time in queue (msec) = 0.1494271967213115
Average service time (msec) = 1.1555546721311474
Number of SET = 0
Number of GET = 301
Number of MULTI GET = 0


Worker 16
Average throughput (ops/sec) = 302
Average response time (msec) = 1.3781359016393442
Average queue length = 1
Average wait time in queue (msec) = 0.15401103278688524
Average service time (msec) = 1.145637524590164
Number of SET = 0
Number of GET = 301
Number of MULTI GET = 0


Worker 3
Average throughput (ops/sec) = 301
Average response time (msec) = 1.3674448852459016
Average queue length = 0
Average wait time in queue (msec) = 0.14409568852459018
Average service time (msec) = 1.1428815573770492
Number of SET = 0
Number of GET = 301
Number of MULTI GET = 0


Worker 10
Average throughput (ops/sec) = 300
Average response time (msec) = 1.3767411475409834
Average queue length = 0
Average wait time in queue (msec) = 0.1452130819672131
Average service time (msec) = 1.145766098360656
Number of SET = 0
Number of GET = 300
Number of MULTI GET = 0


Worker 2
Average throughput (ops/sec) = 305
Average response time (msec) = 1.3814253770491802
Average queue length = 0
Average wait time in queue (msec) = 0.16111759016393443
Average service time (msec) = 1.1391703606557377
Number of SET = 0
Number of GET = 305
Number of MULTI GET = 0


Worker 11
Average throughput (ops/sec) = 303
Average response time (msec) = 1.39529631147541
Average queue length = 0
Average wait time in queue (msec) = 0.15292059016393442
Average service time (msec) = 1.1520735245901639
Number of SET = 0
Number of GET = 303
Number of MULTI GET = 0


Worker 5
Average throughput (ops/sec) = 301
Average response time (msec) = 1.4110781147540985
Average queue length = 0
Average wait time in queue (msec) = 0.1604869344262295
Average service time (msec) = 1.1703752295081966
Number of SET = 0
Number of GET = 301
Number of MULTI GET = 0


Worker 12
Average throughput (ops/sec) = 303
Average response time (msec) = 1.3808516393442622
Average queue length = 0
Average wait time in queue (msec) = 0.15941716393442623
Average service time (msec) = 1.1429350655737704
Number of SET = 0
Number of GET = 303
Number of MULTI GET = 0


Worker 4
Average throughput (ops/sec) = 300
Average response time (msec) = 1.3659673442622953
Average queue length = 0
Average wait time in queue (msec) = 0.14228726229508198
Average service time (msec) = 1.136712262295082
Number of SET = 0
Number of GET = 300
Number of MULTI GET = 0


Worker 1
Average throughput (ops/sec) = 303
Average response time (msec) = 1.3683141967213115
Average queue length = 0
Average wait time in queue (msec) = 0.14495609836065573
Average service time (msec) = 1.1415033442622953
Number of SET = 0
Number of GET = 303
Number of MULTI GET = 0


FINAL STATS
Average throughput (ops/sec) = 4835
Average response time (msec) = 1.3389279587651195
Average queue length = 0
Average wait time in queue (msec) = 0.1500854067622951
Average service time (msec) = 1.1496383719262295
Number of SET = 0
Number of GET = 4834
Number of MULTI GET = 0
Number of Cache misses = 195561


Histogram response times (0.1 msec step)
0.0 msec : 1945
0.1 msec : 18003
0.2 msec : 39501
0.3 msec : 49921
0.4 msec : 46725
0.5 msec : 37518
0.6 msec : 27166
0.7 msec : 18395
0.8 msec : 11248
0.9 msec : 7016
1.0 msec : 4456
1.1 msec : 3131
1.2 msec : 2423
1.3 msec : 1862
1.4 msec : 1422
1.5 msec : 1137
1.6 msec : 810
1.7 msec : 718
1.8 msec : 590
1.9 msec : 465
2.0 msec : 401
2.1 msec : 404
2.2 msec : 339
2.3 msec : 298
2.4 msec : 254
2.5 msec : 223
2.6 msec : 188
2.7 msec : 230
2.8 msec : 155
2.9 msec : 193
3.0 msec : 179
3.1 msec : 122
3.2 msec : 113
3.3 msec : 127
3.4 msec : 90
3.5 msec : 119
3.6 msec : 120
3.7 msec : 93
3.8 msec : 120
3.9 msec : 101
4.0 msec : 91
4.1 msec : 77
4.2 msec : 102
4.3 msec : 81
4.4 msec : 103
4.5 msec : 80
4.6 msec : 66
4.7 msec : 99
4.8 msec : 106
4.9 msec : 92
5.0 msec : 89
5.1 msec : 97
5.2 msec : 166
5.3 msec : 601
5.4 msec : 1156
5.5 msec : 1452
5.6 msec : 1566
5.7 msec : 1631
5.8 msec : 1462
5.9 msec : 1335
6.0 msec : 1340
6.1 msec : 1235
6.2 msec : 920
6.3 msec : 688
6.4 msec : 589
6.5 msec : 364
6.6 msec : 237
6.7 msec : 156
6.8 msec : 134
6.9 msec : 90
7.0 msec : 73
7.1 msec : 50
7.2 msec : 40
7.3 msec : 35
7.4 msec : 32
7.5 msec : 31
7.6 msec : 22
7.7 msec : 15
7.8 msec : 30
7.9 msec : 21
8.0 msec : 34
8.1 msec : 14
8.2 msec : 8
8.3 msec : 18
8.4 msec : 15
8.5 msec : 19
8.6 msec : 12
8.7 msec : 7
8.8 msec : 19
8.9 msec : 10
9.0 msec : 21
9.1 msec : 19
9.2 msec : 24
9.3 msec : 23
9.4 msec : 13
9.5 msec : 22
9.6 msec : 9
9.7 msec : 14
9.8 msec : 17
9.9 msec : 19
10.0 msec : 11
10.1 msec : 8
10.2 msec : 6
10.3 msec : 4
10.4 msec : 5
10.5 msec : 9
10.6 msec : 2
10.7 msec : 1
10.8 msec : 4
10.9 msec : 4
11.0 msec : 6
11.1 msec : 3
11.2 msec : 5
11.3 msec : 3
11.4 msec : 5
11.5 msec : 4
11.6 msec : 1
11.7 msec : 3
11.8 msec : 3
11.9 msec : 2
12.0 msec : 0
12.1 msec : 0
12.2 msec : 1
12.3 msec : 0
12.4 msec : 1
12.5 msec : 0
12.6 msec : 0
12.7 msec : 0
12.8 msec : 0
12.9 msec : 0
13.0 msec : 0
13.1 msec : 1
13.2 msec : 0
13.3 msec : 1
13.4 msec : 0
13.5 msec : 1
13.6 msec : 0
13.7 msec : 0
13.8 msec : 1
13.9 msec : 2
14.0 msec : 2
14.1 msec : 0
14.2 msec : 0
14.3 msec : 2
14.4 msec : 1
14.5 msec : 1
14.6 msec : 3
14.7 msec : 1
14.8 msec : 1
14.9 msec : 1
15.0 msec : 2
15.1 msec : 2
15.2 msec : 0
15.3 msec : 0
15.4 msec : 2
15.5 msec : 2
15.6 msec : 1
15.7 msec : 3
15.8 msec : 2
15.9 msec : 11
16.0 msec : 0
16.1 msec : 1
16.2 msec : 4
16.3 msec : 0
16.4 msec : 4
16.5 msec : 6
16.6 msec : 6
16.7 msec : 1
16.8 msec : 0
16.9 msec : 3
17.0 msec : 2
17.1 msec : 5
17.2 msec : 2
17.3 msec : 0
17.4 msec : 1
17.5 msec : 0
17.6 msec : 0
17.7 msec : 3
17.8 msec : 5
17.9 msec : 1
18.0 msec : 0
18.1 msec : 0
18.2 msec : 0
18.3 msec : 0
18.4 msec : 0
18.5 msec : 0
18.6 msec : 0
18.7 msec : 0
18.8 msec : 2
18.9 msec : 4
19.0 msec : 0
19.1 msec : 0
19.2 msec : 1
19.3 msec : 0
19.4 msec : 0
19.5 msec : 8
19.6 msec : 0
19.7 msec : 0
19.8 msec : 2
19.9 msec : 2
20.0 msec : 0
20.1 msec : 0
20.2 msec : 0
20.3 msec : 0
20.4 msec : 1
20.5 msec : 1
20.6 msec : 0
20.7 msec : 0
20.8 msec : 0
20.9 msec : 1
21.0 msec : 0
21.1 msec : 0
21.2 msec : 1
21.3 msec : 0
21.4 msec : 0
21.5 msec : 0
21.6 msec : 0
21.7 msec : 0
21.8 msec : 0
21.9 msec : 0
22.0 msec : 1
22.1 msec : 1
22.2 msec : 0
22.3 msec : 0
22.4 msec : 2
22.5 msec : 5
22.6 msec : 0
22.7 msec : 0
22.8 msec : 0
22.9 msec : 0
23.0 msec : 0
23.1 msec : 0
23.2 msec : 0
23.3 msec : 0
23.4 msec : 0
23.5 msec : 0
23.6 msec : 0
23.7 msec : 0
23.8 msec : 0
23.9 msec : 0
24.0 msec : 2
24.1 msec : 1
24.2 msec : 0
24.3 msec : 0
24.4 msec : 0
24.5 msec : 0
24.6 msec : 0
24.7 msec : 0
24.8 msec : 0
24.9 msec : 1
25.0 msec : 1
25.1 msec : 4
25.2 msec : 2
25.3 msec : 0
25.4 msec : 0
25.5 msec : 1
25.6 msec : 0
25.7 msec : 1
25.8 msec : 0
25.9 msec : 0
26.0 msec : 1
26.1 msec : 5
26.2 msec : 4
26.3 msec : 3
26.4 msec : 0
26.5 msec : 0
26.6 msec : 1
26.7 msec : 1
26.8 msec : 1
26.9 msec : 0
27.0 msec : 1
27.1 msec : 1
27.2 msec : 1
27.3 msec : 0
27.4 msec : 1
27.5 msec : 0
27.6 msec : 1
27.7 msec : 0
27.8 msec : 2
27.9 msec : 0
28.0 msec : 1
28.1 msec : 0
28.2 msec : 0
28.3 msec : 0
28.4 msec : 5
28.5 msec : 0
28.6 msec : 0
28.7 msec : 0
28.8 msec : 0
28.9 msec : 0
29.0 msec : 0
29.1 msec : 0
29.2 msec : 0
29.3 msec : 0
29.4 msec : 1
29.5 msec : 1
29.6 msec : 1
29.7 msec : 0
29.8 msec : 0
29.9 msec : 0
30.0 msec : 0
30.1 msec : 1
30.2 msec : 0
30.3 msec : 0
30.4 msec : 0
30.5 msec : 0
30.6 msec : 0
30.7 msec : 0
30.8 msec : 0
30.9 msec : 0
31.0 msec : 0
31.1 msec : 0
31.2 msec : 0
31.3 msec : 0
31.4 msec : 0
31.5 msec : 0
31.6 msec : 1
31.7 msec : 0
31.8 msec : 0
31.9 msec : 0
32.0 msec : 0
32.1 msec : 0
32.2 msec : 0
32.3 msec : 0
32.4 msec : 0
32.5 msec : 0
32.6 msec : 0
32.7 msec : 0
32.8 msec : 0
32.9 msec : 0
33.0 msec : 0
33.1 msec : 0
33.2 msec : 0
33.3 msec : 0
33.4 msec : 0
33.5 msec : 0
33.6 msec : 0
33.7 msec : 0
33.8 msec : 0
33.9 msec : 0
34.0 msec : 0
34.1 msec : 0
34.2 msec : 0
34.3 msec : 0
34.4 msec : 0
34.5 msec : 0
34.6 msec : 0
34.7 msec : 0
34.8 msec : 0
34.9 msec : 0
35.0 msec : 0
35.1 msec : 0
35.2 msec : 0
35.3 msec : 1
35.4 msec : 0
35.5 msec : 0
35.6 msec : 0
35.7 msec : 0
35.8 msec : 0
35.9 msec : 0
36.0 msec : 0
36.1 msec : 0
36.2 msec : 0
36.3 msec : 0
36.4 msec : 0
36.5 msec : 0
36.6 msec : 0
36.7 msec : 1
36.8 msec : 1
36.9 msec : 0
37.0 msec : 0
37.1 msec : 0
37.2 msec : 0
37.3 msec : 0
37.4 msec : 0
37.5 msec : 0
37.6 msec : 0
37.7 msec : 0
37.8 msec : 0
37.9 msec : 0
38.0 msec : 0
38.1 msec : 0
38.2 msec : 0
38.3 msec : 0
38.4 msec : 0
38.5 msec : 0
38.6 msec : 0
38.7 msec : 0
38.8 msec : 0
38.9 msec : 0
39.0 msec : 0
39.1 msec : 0
39.2 msec : 0
39.3 msec : 0
39.4 msec : 0
39.5 msec : 0
39.6 msec : 0
39.7 msec : 0
39.8 msec : 0
39.9 msec : 0
40.0 msec : 0
40.1 msec : 0
40.2 msec : 0
40.3 msec : 0
40.4 msec : 0
40.5 msec : 0
40.6 msec : 0
40.7 msec : 0
40.8 msec : 0
40.9 msec : 0
41.0 msec : 0
41.1 msec : 0
41.2 msec : 0
41.3 msec : 0
41.4 msec : 0
41.5 msec : 0
41.6 msec : 0
41.7 msec : 0
41.8 msec : 0
41.9 msec : 0
42.0 msec : 0
42.1 msec : 0
42.2 msec : 0
42.3 msec : 0
42.4 msec : 0
42.5 msec : 0
42.6 msec : 0
42.7 msec : 0
42.8 msec : 0
42.9 msec : 0
43.0 msec : 0
43.1 msec : 0
43.2 msec : 0
43.3 msec : 0
43.4 msec : 0
43.5 msec : 0
43.6 msec : 0
43.7 msec : 0
43.8 msec : 0
43.9 msec : 0
44.0 msec : 0
44.1 msec : 0
44.2 msec : 0
44.3 msec : 0
44.4 msec : 0
44.5 msec : 0
44.6 msec : 0
44.7 msec : 0
44.8 msec : 0
44.9 msec : 0
45.0 msec : 0
45.1 msec : 0
45.2 msec : 0
45.3 msec : 0
45.4 msec : 0
45.5 msec : 0
45.6 msec : 0
45.7 msec : 0
45.8 msec : 0
45.9 msec : 0
46.0 msec : 0
46.1 msec : 0
46.2 msec : 0
46.3 msec : 0
46.4 msec : 0
46.5 msec : 0
46.6 msec : 0
46.7 msec : 0
46.8 msec : 0
46.9 msec : 0
47.0 msec : 0
47.1 msec : 0
47.2 msec : 0
47.3 msec : 0
47.4 msec : 0
47.5 msec : 0
47.6 msec : 0
47.7 msec : 0
47.8 msec : 0
47.9 msec : 0
48.0 msec : 0
48.1 msec : 0
48.2 msec : 0
48.3 msec : 0
48.4 msec : 0
48.5 msec : 0
48.6 msec : 0
48.7 msec : 0
48.8 msec : 0
48.9 msec : 0
49.0 msec : 0
49.1 msec : 0
49.2 msec : 0
49.3 msec : 0
49.4 msec : 0
49.5 msec : 0
49.6 msec : 0
49.7 msec : 0
49.8 msec : 0
49.9 msec : 0
50.0 msec : 0
50.1 msec : 0
50.2 msec : 0
50.3 msec : 0
50.4 msec : 0
50.5 msec : 0
50.6 msec : 0
50.7 msec : 0
50.8 msec : 0
50.9 msec : 0
51.0 msec : 0
51.1 msec : 0
51.2 msec : 0
51.3 msec : 0
51.4 msec : 0
51.5 msec : 0
51.6 msec : 0
51.7 msec : 0
51.8 msec : 0
51.9 msec : 0
52.0 msec : 0
52.1 msec : 0
52.2 msec : 0
52.3 msec : 0
52.4 msec : 0
52.5 msec : 0
52.6 msec : 0
52.7 msec : 0
52.8 msec : 0
52.9 msec : 0
53.0 msec : 0
53.1 msec : 0
53.2 msec : 0
53.3 msec : 0
53.4 msec : 0
53.5 msec : 0
53.6 msec : 0
53.7 msec : 0
53.8 msec : 0
53.9 msec : 3
54.0 msec : 0
54.1 msec : 0
54.2 msec : 0
54.3 msec : 0
54.4 msec : 0
54.5 msec : 0
54.6 msec : 0
54.7 msec : 0
54.8 msec : 0
54.9 msec : 0
55.0 msec : 0
55.1 msec : 0
55.2 msec : 0
55.3 msec : 0
55.4 msec : 0
55.5 msec : 0
55.6 msec : 0
55.7 msec : 0
55.8 msec : 0
55.9 msec : 0
56.0 msec : 0
56.1 msec : 0
56.2 msec : 0
56.3 msec : 0
56.4 msec : 0
56.5 msec : 0
56.6 msec : 0
56.7 msec : 0
56.8 msec : 0
56.9 msec : 0
57.0 msec : 0
57.1 msec : 0
57.2 msec : 0
57.3 msec : 0
57.4 msec : 0
57.5 msec : 0
57.6 msec : 0
57.7 msec : 0
57.8 msec : 0
57.9 msec : 0
58.0 msec : 0
58.1 msec : 0
58.2 msec : 0
58.3 msec : 0
58.4 msec : 0
58.5 msec : 0
58.6 msec : 0
58.7 msec : 0
58.8 msec : 0
58.9 msec : 0
59.0 msec : 0
59.1 msec : 0
59.2 msec : 0
59.3 msec : 0
59.4 msec : 0
59.5 msec : 0
59.6 msec : 0
59.7 msec : 0
59.8 msec : 0
59.9 msec : 0
60.0 msec : 0
60.1 msec : 0
60.2 msec : 0
60.3 msec : 0
60.4 msec : 0
60.5 msec : 0
60.6 msec : 0
60.7 msec : 0
60.8 msec : 0
60.9 msec : 0
61.0 msec : 0
61.1 msec : 0
61.2 msec : 0
61.3 msec : 0
61.4 msec : 0
61.5 msec : 0
61.6 msec : 0
61.7 msec : 0
61.8 msec : 0
61.9 msec : 0
62.0 msec : 0
62.1 msec : 0
62.2 msec : 0
62.3 msec : 0
62.4 msec : 0
62.5 msec : 0
62.6 msec : 0
62.7 msec : 0
62.8 msec : 0
62.9 msec : 0
63.0 msec : 0
63.1 msec : 0
63.2 msec : 0
63.3 msec : 0
63.4 msec : 0
63.5 msec : 0
63.6 msec : 0
63.7 msec : 0
63.8 msec : 0
63.9 msec : 0
64.0 msec : 0
64.1 msec : 0
64.2 msec : 0
64.3 msec : 0
64.4 msec : 0
64.5 msec : 0
64.6 msec : 0
64.7 msec : 0
64.8 msec : 0
64.9 msec : 0
65.0 msec : 0
65.1 msec : 0
65.2 msec : 0
65.3 msec : 0
65.4 msec : 0
65.5 msec : 0
65.6 msec : 0
65.7 msec : 0
65.8 msec : 0
65.9 msec : 0
66.0 msec : 0
66.1 msec : 0
66.2 msec : 0
66.3 msec : 0
66.4 msec : 0
66.5 msec : 0
66.6 msec : 0
66.7 msec : 0
66.8 msec : 0
66.9 msec : 0
67.0 msec : 0
67.1 msec : 0
67.2 msec : 0
67.3 msec : 0
67.4 msec : 0
67.5 msec : 0
67.6 msec : 0
67.7 msec : 0
67.8 msec : 0
67.9 msec : 0
68.0 msec : 0
68.1 msec : 0
68.2 msec : 0
68.3 msec : 0
68.4 msec : 0
68.5 msec : 0
68.6 msec : 0
68.7 msec : 0
68.8 msec : 0
68.9 msec : 0
69.0 msec : 0
69.1 msec : 0
69.2 msec : 0
69.3 msec : 0
69.4 msec : 0
69.5 msec : 0
69.6 msec : 0
69.7 msec : 0
69.8 msec : 0
69.9 msec : 0
70.0 msec : 0
70.1 msec : 0
70.2 msec : 0
70.3 msec : 0
70.4 msec : 0
70.5 msec : 0
70.6 msec : 0
70.7 msec : 0
70.8 msec : 0
70.9 msec : 0
71.0 msec : 0
71.1 msec : 0
71.2 msec : 0
71.3 msec : 0
71.4 msec : 0
71.5 msec : 0
71.6 msec : 0
71.7 msec : 0
71.8 msec : 0
71.9 msec : 0
72.0 msec : 0
72.1 msec : 0
72.2 msec : 0
72.3 msec : 0
72.4 msec : 0
72.5 msec : 0
72.6 msec : 0
72.7 msec : 0
72.8 msec : 0
72.9 msec : 0
73.0 msec : 0
73.1 msec : 0
73.2 msec : 0
73.3 msec : 0
73.4 msec : 0
73.5 msec : 0
73.6 msec : 0
73.7 msec : 0
73.8 msec : 0
73.9 msec : 0
74.0 msec : 0
74.1 msec : 0
74.2 msec : 0
74.3 msec : 0
74.4 msec : 0
74.5 msec : 0
74.6 msec : 0
74.7 msec : 0
74.8 msec : 0
74.9 msec : 0
75.0 msec : 0
75.1 msec : 0
75.2 msec : 0
75.3 msec : 0
75.4 msec : 0
75.5 msec : 0
75.6 msec : 0
75.7 msec : 0
75.8 msec : 0
75.9 msec : 0
76.0 msec : 0
76.1 msec : 0
76.2 msec : 0
76.3 msec : 0
76.4 msec : 0
76.5 msec : 0
76.6 msec : 0
76.7 msec : 0
76.8 msec : 0
76.9 msec : 0
77.0 msec : 0
77.1 msec : 0
77.2 msec : 0
77.3 msec : 0
77.4 msec : 0
77.5 msec : 0
77.6 msec : 0
77.7 msec : 0
77.8 msec : 0
77.9 msec : 0
78.0 msec : 0
78.1 msec : 0
78.2 msec : 0
78.3 msec : 0
78.4 msec : 0
78.5 msec : 0
78.6 msec : 0
78.7 msec : 0
78.8 msec : 0
78.9 msec : 0
79.0 msec : 0
79.1 msec : 0
79.2 msec : 0
79.3 msec : 0
79.4 msec : 0
79.5 msec : 0
79.6 msec : 0
79.7 msec : 0
79.8 msec : 0
79.9 msec : 0
80.0 msec : 0
80.1 msec : 0
80.2 msec : 0
80.3 msec : 0
80.4 msec : 0
80.5 msec : 0
80.6 msec : 0
80.7 msec : 0
80.8 msec : 0
80.9 msec : 0
81.0 msec : 0
81.1 msec : 0
81.2 msec : 0
81.3 msec : 0
81.4 msec : 0
81.5 msec : 0
81.6 msec : 0
81.7 msec : 0
81.8 msec : 0
81.9 msec : 0
82.0 msec : 0
82.1 msec : 0
82.2 msec : 0
82.3 msec : 0
82.4 msec : 0
82.5 msec : 0
82.6 msec : 0
82.7 msec : 0
82.8 msec : 0
82.9 msec : 0
83.0 msec : 0
83.1 msec : 0
83.2 msec : 0
83.3 msec : 0
83.4 msec : 1
83.5 msec : 1
83.6 msec : 0
83.7 msec : 0
83.8 msec : 0
83.9 msec : 0
84.0 msec : 0
84.1 msec : 0
84.2 msec : 0
84.3 msec : 0
84.4 msec : 0
84.5 msec : 0
84.6 msec : 0
84.7 msec : 0
84.8 msec : 0
84.9 msec : 0
85.0 msec : 0
85.1 msec : 0
85.2 msec : 0
85.3 msec : 0
85.4 msec : 0
85.5 msec : 0
85.6 msec : 0
85.7 msec : 0
85.8 msec : 0
85.9 msec : 0
86.0 msec : 0
86.1 msec : 0
86.2 msec : 0
86.3 msec : 0
86.4 msec : 0
86.5 msec : 0
86.6 msec : 0
86.7 msec : 0
86.8 msec : 0
86.9 msec : 0
87.0 msec : 0
87.1 msec : 0
87.2 msec : 0
87.3 msec : 0
87.4 msec : 0
87.5 msec : 0
87.6 msec : 0
87.7 msec : 0
87.8 msec : 0
87.9 msec : 0
88.0 msec : 0
88.1 msec : 0
88.2 msec : 0
88.3 msec : 0
88.4 msec : 0
88.5 msec : 0
88.6 msec : 0
88.7 msec : 0
88.8 msec : 0
88.9 msec : 0
89.0 msec : 0
89.1 msec : 0
89.2 msec : 0
89.3 msec : 0
89.4 msec : 0
89.5 msec : 0
89.6 msec : 0
89.7 msec : 0
89.8 msec : 0
89.9 msec : 0
90.0 msec : 0
90.1 msec : 0
90.2 msec : 0
90.3 msec : 0
90.4 msec : 0
90.5 msec : 0
90.6 msec : 0
90.7 msec : 0
90.8 msec : 0
90.9 msec : 0
91.0 msec : 0
91.1 msec : 0
91.2 msec : 0
91.3 msec : 0
91.4 msec : 0
91.5 msec : 0
91.6 msec : 0
91.7 msec : 0
91.8 msec : 0
91.9 msec : 0
92.0 msec : 0
92.1 msec : 0
92.2 msec : 0
92.3 msec : 0
92.4 msec : 0
92.5 msec : 0
92.6 msec : 0
92.7 msec : 0
92.8 msec : 0
92.9 msec : 0
93.0 msec : 0
93.1 msec : 0
93.2 msec : 0
93.3 msec : 0
93.4 msec : 0
93.5 msec : 0
93.6 msec : 0
93.7 msec : 0
93.8 msec : 0
93.9 msec : 0
94.0 msec : 0
94.1 msec : 0
94.2 msec : 0
94.3 msec : 0
94.4 msec : 0
94.5 msec : 0
94.6 msec : 0
94.7 msec : 0
94.8 msec : 0
94.9 msec : 0
95.0 msec : 0
95.1 msec : 0
95.2 msec : 0
95.3 msec : 0
95.4 msec : 0
95.5 msec : 0
95.6 msec : 0
95.7 msec : 0
95.8 msec : 0
95.9 msec : 0
96.0 msec : 0
96.1 msec : 0
96.2 msec : 0
96.3 msec : 0
96.4 msec : 0
96.5 msec : 0
96.6 msec : 0
96.7 msec : 0
96.8 msec : 0
96.9 msec : 0
97.0 msec : 0
97.1 msec : 0
97.2 msec : 0
97.3 msec : 0
97.4 msec : 0
97.5 msec : 0
97.6 msec : 0
97.7 msec : 0
97.8 msec : 0
97.9 msec : 0
98.0 msec : 0
98.1 msec : 0
98.2 msec : 0
98.3 msec : 0
98.4 msec : 0
98.5 msec : 0
98.6 msec : 0
98.7 msec : 0
98.8 msec : 0
98.9 msec : 0
99.0 msec : 0
99.1 msec : 0
99.2 msec : 0
99.3 msec : 0
99.4 msec : 0
99.5 msec : 0
99.6 msec : 0
99.7 msec : 0
99.8 msec : 0
99.9 msec : 0
100.0 msec : 0
100.1 msec : 0
100.2 msec : 0
100.3 msec : 0
100.4 msec : 0
100.5 msec : 0
100.6 msec : 0
100.7 msec : 0
100.8 msec : 0
100.9 msec : 0
101.0 msec : 0
101.1 msec : 0
101.2 msec : 0
101.3 msec : 0
101.4 msec : 0
101.5 msec : 0
101.6 msec : 0
101.7 msec : 0
101.8 msec : 0
101.9 msec : 0
102.0 msec : 0
102.1 msec : 0
102.2 msec : 0
102.3 msec : 0
102.4 msec : 0
102.5 msec : 0
102.6 msec : 0
102.7 msec : 0
102.8 msec : 0
102.9 msec : 0
103.0 msec : 0
103.1 msec : 0
103.2 msec : 0
103.3 msec : 0
103.4 msec : 0
103.5 msec : 0
103.6 msec : 0
103.7 msec : 0
103.8 msec : 0
103.9 msec : 0
104.0 msec : 0
104.1 msec : 0
104.2 msec : 0
104.3 msec : 0
104.4 msec : 0
104.5 msec : 0
104.6 msec : 0
104.7 msec : 0
104.8 msec : 0
104.9 msec : 0
105.0 msec : 0
105.1 msec : 0
105.2 msec : 0
105.3 msec : 0
105.4 msec : 0
105.5 msec : 0
105.6 msec : 0
105.7 msec : 0
105.8 msec : 0
105.9 msec : 0
106.0 msec : 0
106.1 msec : 0
106.2 msec : 0
106.3 msec : 0
106.4 msec : 0
106.5 msec : 0
106.6 msec : 0
106.7 msec : 0
106.8 msec : 0
106.9 msec : 0
107.0 msec : 0
107.1 msec : 0
107.2 msec : 0
107.3 msec : 0
107.4 msec : 0
107.5 msec : 0
107.6 msec : 0
107.7 msec : 0
107.8 msec : 0
107.9 msec : 0
108.0 msec : 0
108.1 msec : 0
108.2 msec : 0
108.3 msec : 0
108.4 msec : 0
108.5 msec : 0
108.6 msec : 0
108.7 msec : 0
108.8 msec : 0
108.9 msec : 0
109.0 msec : 0
109.1 msec : 0
109.2 msec : 0
109.3 msec : 0
109.4 msec : 0
109.5 msec : 0
109.6 msec : 0
109.7 msec : 0
109.8 msec : 0
109.9 msec : 0
110.0 msec : 0
110.1 msec : 0
110.2 msec : 0
110.3 msec : 0
110.4 msec : 0
110.5 msec : 0
110.6 msec : 0
110.7 msec : 0
110.8 msec : 0
110.9 msec : 0
111.0 msec : 0
111.1 msec : 0
111.2 msec : 0
111.3 msec : 0
111.4 msec : 0
111.5 msec : 0
111.6 msec : 0
111.7 msec : 0
111.8 msec : 0
111.9 msec : 0
112.0 msec : 0
112.1 msec : 0
112.2 msec : 0
112.3 msec : 0
112.4 msec : 0
112.5 msec : 0
112.6 msec : 0
112.7 msec : 0
112.8 msec : 0
112.9 msec : 0
113.0 msec : 0
113.1 msec : 0
113.2 msec : 0
113.3 msec : 0
113.4 msec : 0
113.5 msec : 0
