Middleware started...
Middleware shuts down...
Smaller resolution statistics are in a log file...
Final aggregates per worker:


Worker 13
Average throughput (ops/sec) = 106
Average response time (msec) = 2.2666856885245905
Average queue length = 0
Average wait time in queue (msec) = 0.08761608196721311
Average service time (msec) = 2.1130355573770494
Number of SET = 0
Number of GET = 106
Number of MULTI GET = 0


Worker 7
Average throughput (ops/sec) = 107
Average response time (msec) = 2.2623072786885245
Average queue length = 0
Average wait time in queue (msec) = 0.07932750819672131
Average service time (msec) = 2.115193196721312
Number of SET = 0
Number of GET = 107
Number of MULTI GET = 0


Worker 14
Average throughput (ops/sec) = 107
Average response time (msec) = 2.257663147540984
Average queue length = 0
Average wait time in queue (msec) = 0.08426496721311476
Average service time (msec) = 2.109948344262295
Number of SET = 0
Number of GET = 107
Number of MULTI GET = 0


Worker 6
Average throughput (ops/sec) = 107
Average response time (msec) = 2.272768918032787
Average queue length = 0
Average wait time in queue (msec) = 0.08679937704918032
Average service time (msec) = 2.1208529016393443
Number of SET = 0
Number of GET = 107
Number of MULTI GET = 0


Worker 15
Average throughput (ops/sec) = 107
Average response time (msec) = 2.2653138852459014
Average queue length = 0
Average wait time in queue (msec) = 0.0830129344262295
Average service time (msec) = 2.116857344262295
Number of SET = 0
Number of GET = 107
Number of MULTI GET = 0


Worker 9
Average throughput (ops/sec) = 107
Average response time (msec) = 2.258962901639344
Average queue length = 0
Average wait time in queue (msec) = 0.08172209836065575
Average service time (msec) = 2.1111436229508196
Number of SET = 0
Number of GET = 107
Number of MULTI GET = 0


Worker 16
Average throughput (ops/sec) = 107
Average response time (msec) = 2.2574846229508196
Average queue length = 0
Average wait time in queue (msec) = 0.08458918032786884
Average service time (msec) = 2.111197672131148
Number of SET = 0
Number of GET = 107
Number of MULTI GET = 0


Worker 8
Average throughput (ops/sec) = 108
Average response time (msec) = 2.263361475409836
Average queue length = 0
Average wait time in queue (msec) = 0.08311454098360656
Average service time (msec) = 2.118516229508197
Number of SET = 0
Number of GET = 108
Number of MULTI GET = 0


Worker 3
Average throughput (ops/sec) = 107
Average response time (msec) = 2.2624653278688522
Average queue length = 0
Average wait time in queue (msec) = 0.0762630655737705
Average service time (msec) = 2.1231355245901637
Number of SET = 0
Number of GET = 107
Number of MULTI GET = 0


Worker 10
Average throughput (ops/sec) = 107
Average response time (msec) = 2.2629727377049185
Average queue length = 0
Average wait time in queue (msec) = 0.08447070491803278
Average service time (msec) = 2.1132569836065573
Number of SET = 0
Number of GET = 107
Number of MULTI GET = 0


Worker 2
Average throughput (ops/sec) = 108
Average response time (msec) = 2.2492128524590163
Average queue length = 0
Average wait time in queue (msec) = 0.08361039344262296
Average service time (msec) = 2.1044072131147544
Number of SET = 0
Number of GET = 108
Number of MULTI GET = 0


Worker 11
Average throughput (ops/sec) = 107
Average response time (msec) = 2.2719512786885243
Average queue length = 0
Average wait time in queue (msec) = 0.08715121311475409
Average service time (msec) = 2.123542295081967
Number of SET = 0
Number of GET = 107
Number of MULTI GET = 0


Worker 5
Average throughput (ops/sec) = 106
Average response time (msec) = 2.2720428852459014
Average queue length = 0
Average wait time in queue (msec) = 0.08378288524590163
Average service time (msec) = 2.117585737704918
Number of SET = 0
Number of GET = 106
Number of MULTI GET = 0


Worker 12
Average throughput (ops/sec) = 108
Average response time (msec) = 2.2436554426229507
Average queue length = 0
Average wait time in queue (msec) = 0.07791916393442623
Average service time (msec) = 2.10457162295082
Number of SET = 0
Number of GET = 108
Number of MULTI GET = 0


Worker 4
Average throughput (ops/sec) = 107
Average response time (msec) = 2.269215081967213
Average queue length = 0
Average wait time in queue (msec) = 0.0858145737704918
Average service time (msec) = 2.1201566065573774
Number of SET = 0
Number of GET = 107
Number of MULTI GET = 0


Worker 1
Average throughput (ops/sec) = 107
Average response time (msec) = 2.2624541967213117
Average queue length = 0
Average wait time in queue (msec) = 0.08185980327868853
Average service time (msec) = 2.1131990327868855
Number of SET = 0
Number of GET = 107
Number of MULTI GET = 0


FINAL STATS
Average throughput (ops/sec) = 1713
Average response time (msec) = 2.251309523128824
Average queue length = 0
Average wait time in queue (msec) = 0.08320740573770492
Average service time (msec) = 2.114787492827869
Number of SET = 0
Number of GET = 107
Number of MULTI GET = 0
Number of Cache misses = 104934


Histogram response times (0.1 msec step)
0.0 msec : 1384
0.1 msec : 9989
0.2 msec : 20932
0.3 msec : 23342
0.4 msec : 18247
0.5 msec : 11419
0.6 msec : 6486
0.7 msec : 3822
0.8 msec : 2479
0.9 msec : 1632
1.0 msec : 1064
1.1 msec : 777
1.2 msec : 531
1.3 msec : 362
1.4 msec : 282
1.5 msec : 234
1.6 msec : 182
1.7 msec : 149
1.8 msec : 109
1.9 msec : 111
2.0 msec : 82
2.1 msec : 95
2.2 msec : 70
2.3 msec : 70
2.4 msec : 60
2.5 msec : 63
2.6 msec : 40
2.7 msec : 39
2.8 msec : 34
2.9 msec : 33
3.0 msec : 54
3.1 msec : 47
3.2 msec : 42
3.3 msec : 22
3.4 msec : 37
3.5 msec : 21
3.6 msec : 19
3.7 msec : 34
3.8 msec : 28
3.9 msec : 25
4.0 msec : 17
4.1 msec : 21
4.2 msec : 22
4.3 msec : 17
4.4 msec : 12
4.5 msec : 8
4.6 msec : 13
4.7 msec : 22
4.8 msec : 20
4.9 msec : 13
5.0 msec : 14
5.1 msec : 11
5.2 msec : 11
5.3 msec : 15
5.4 msec : 16
5.5 msec : 13
5.6 msec : 16
5.7 msec : 6
5.8 msec : 16
5.9 msec : 20
6.0 msec : 14
6.1 msec : 11
6.2 msec : 7
6.3 msec : 8
6.4 msec : 6
6.5 msec : 13
6.6 msec : 6
6.7 msec : 9
6.8 msec : 6
6.9 msec : 5
7.0 msec : 7
7.1 msec : 10
7.2 msec : 5
7.3 msec : 0
7.4 msec : 2
7.5 msec : 3
7.6 msec : 1
7.7 msec : 4
7.8 msec : 1
7.9 msec : 3
8.0 msec : 0
8.1 msec : 2
8.2 msec : 0
8.3 msec : 3
8.4 msec : 0
8.5 msec : 4
8.6 msec : 1
8.7 msec : 1
8.8 msec : 2
8.9 msec : 2
9.0 msec : 2
9.1 msec : 0
9.2 msec : 1
9.3 msec : 0
9.4 msec : 1
9.5 msec : 1
9.6 msec : 1
9.7 msec : 1
9.8 msec : 0
9.9 msec : 0
10.0 msec : 0
10.1 msec : 0
10.2 msec : 0
10.3 msec : 0
10.4 msec : 0
10.5 msec : 1
10.6 msec : 0
10.7 msec : 0
10.8 msec : 1
10.9 msec : 0
11.0 msec : 0
11.1 msec : 1
11.2 msec : 1
11.3 msec : 1
11.4 msec : 0
11.5 msec : 0
11.6 msec : 1
11.7 msec : 0
11.8 msec : 0
11.9 msec : 0
12.0 msec : 1
12.1 msec : 0
12.2 msec : 0
12.3 msec : 0
12.4 msec : 0
12.5 msec : 0
12.6 msec : 0
12.7 msec : 0
12.8 msec : 2
12.9 msec : 0
13.0 msec : 0
13.1 msec : 0
13.2 msec : 0
13.3 msec : 0
13.4 msec : 0
13.5 msec : 0
13.6 msec : 0
13.7 msec : 0
13.8 msec : 0
13.9 msec : 0
14.0 msec : 0
14.1 msec : 0
14.2 msec : 0
14.3 msec : 2
14.4 msec : 1
14.5 msec : 0
14.6 msec : 0
14.7 msec : 2
14.8 msec : 1
14.9 msec : 0
15.0 msec : 1
15.1 msec : 2
15.2 msec : 1
15.3 msec : 1
15.4 msec : 1
15.5 msec : 0
15.6 msec : 0
15.7 msec : 0
15.8 msec : 0
15.9 msec : 0
16.0 msec : 0
16.1 msec : 0
16.2 msec : 0
16.3 msec : 0
16.4 msec : 0
16.5 msec : 0
16.6 msec : 0
16.7 msec : 0
16.8 msec : 0
16.9 msec : 0
17.0 msec : 0
17.1 msec : 0
17.2 msec : 0
17.3 msec : 1
17.4 msec : 0
17.5 msec : 0
17.6 msec : 0
17.7 msec : 1
17.8 msec : 0
17.9 msec : 1
18.0 msec : 2
18.1 msec : 2
18.2 msec : 0
18.3 msec : 0
18.4 msec : 0
18.5 msec : 0
18.6 msec : 0
18.7 msec : 0
18.8 msec : 0
18.9 msec : 0
19.0 msec : 0
19.1 msec : 0
19.2 msec : 0
19.3 msec : 0
19.4 msec : 0
19.5 msec : 0
19.6 msec : 0
19.7 msec : 0
19.8 msec : 0
19.9 msec : 0
20.0 msec : 0
20.1 msec : 0
20.2 msec : 0
20.3 msec : 0
20.4 msec : 0
20.5 msec : 0
20.6 msec : 0
20.7 msec : 0
20.8 msec : 0
20.9 msec : 0
21.0 msec : 0
21.1 msec : 0
21.2 msec : 0
21.3 msec : 0
21.4 msec : 0
21.5 msec : 0
21.6 msec : 0
21.7 msec : 0
21.8 msec : 0
21.9 msec : 0
22.0 msec : 0
22.1 msec : 0
22.2 msec : 0
22.3 msec : 0
22.4 msec : 0
22.5 msec : 0
22.6 msec : 0
22.7 msec : 0
22.8 msec : 1
22.9 msec : 2
23.0 msec : 0
23.1 msec : 0
23.2 msec : 0
23.3 msec : 0
23.4 msec : 1
23.5 msec : 0
23.6 msec : 0
23.7 msec : 0
23.8 msec : 0
23.9 msec : 0
24.0 msec : 0
24.1 msec : 0
24.2 msec : 0
24.3 msec : 0
24.4 msec : 0
24.5 msec : 0
24.6 msec : 0
24.7 msec : 0
24.8 msec : 0
24.9 msec : 0
25.0 msec : 0
25.1 msec : 0
25.2 msec : 0
25.3 msec : 0
25.4 msec : 0
25.5 msec : 0
25.6 msec : 0
25.7 msec : 0
25.8 msec : 1
25.9 msec : 0
26.0 msec : 0
26.1 msec : 0
26.2 msec : 0
26.3 msec : 0
26.4 msec : 0
26.5 msec : 0
26.6 msec : 1
26.7 msec : 0
26.8 msec : 0
26.9 msec : 0
27.0 msec : 0
27.1 msec : 0
27.2 msec : 0
27.3 msec : 0
27.4 msec : 0
27.5 msec : 0
27.6 msec : 0
27.7 msec : 0
27.8 msec : 0
27.9 msec : 0
28.0 msec : 0
28.1 msec : 0
28.2 msec : 0
28.3 msec : 0
28.4 msec : 0
28.5 msec : 0
28.6 msec : 0
28.7 msec : 0
28.8 msec : 0
28.9 msec : 0
29.0 msec : 0
29.1 msec : 0
29.2 msec : 0
29.3 msec : 0
29.4 msec : 0
29.5 msec : 0
29.6 msec : 0
29.7 msec : 0
29.8 msec : 0
29.9 msec : 0
30.0 msec : 0
30.1 msec : 0
30.2 msec : 0
30.3 msec : 0
30.4 msec : 0
30.5 msec : 0
30.6 msec : 0
30.7 msec : 0
30.8 msec : 0
30.9 msec : 0
31.0 msec : 0
31.1 msec : 0
31.2 msec : 0
31.3 msec : 0
31.4 msec : 0
31.5 msec : 0
31.6 msec : 0
31.7 msec : 0
31.8 msec : 0
31.9 msec : 0
32.0 msec : 0
32.1 msec : 0
32.2 msec : 0
32.3 msec : 0
32.4 msec : 0
32.5 msec : 0
32.6 msec : 0
32.7 msec : 0
32.8 msec : 0
32.9 msec : 0
33.0 msec : 0
33.1 msec : 0
33.2 msec : 0
33.3 msec : 0
33.4 msec : 0
33.5 msec : 0
33.6 msec : 0
33.7 msec : 0
33.8 msec : 0
33.9 msec : 0
34.0 msec : 0
34.1 msec : 0
34.2 msec : 0
34.3 msec : 0
34.4 msec : 0
34.5 msec : 0
34.6 msec : 0
34.7 msec : 0
34.8 msec : 0
34.9 msec : 0
35.0 msec : 1
35.1 msec : 0
35.2 msec : 0
35.3 msec : 0
35.4 msec : 0
35.5 msec : 0
35.6 msec : 0
35.7 msec : 0
35.8 msec : 0
35.9 msec : 0
36.0 msec : 0
36.1 msec : 0
36.2 msec : 0
36.3 msec : 0
36.4 msec : 0
36.5 msec : 0
36.6 msec : 0
36.7 msec : 0
36.8 msec : 0
36.9 msec : 0
37.0 msec : 0
37.1 msec : 0
37.2 msec : 0
37.3 msec : 0
37.4 msec : 0
37.5 msec : 0
37.6 msec : 0
37.7 msec : 0
37.8 msec : 0
37.9 msec : 0
38.0 msec : 0
38.1 msec : 0
38.2 msec : 0
38.3 msec : 0
38.4 msec : 0
38.5 msec : 0
38.6 msec : 0
38.7 msec : 0
38.8 msec : 0
38.9 msec : 0
39.0 msec : 0
39.1 msec : 0
39.2 msec : 0
39.3 msec : 0
39.4 msec : 0
39.5 msec : 0
39.6 msec : 0
39.7 msec : 0
39.8 msec : 0
39.9 msec : 0
40.0 msec : 0
40.1 msec : 2
40.2 msec : 2
40.3 msec : 0
40.4 msec : 0
40.5 msec : 0
40.6 msec : 0
40.7 msec : 0
40.8 msec : 0
40.9 msec : 0
41.0 msec : 0
41.1 msec : 0
41.2 msec : 0
41.3 msec : 0
41.4 msec : 0
41.5 msec : 0
41.6 msec : 0
41.7 msec : 0
41.8 msec : 0
