Middleware started...
Middleware shuts down...
Smaller resolution statistics are in a log file...
Final aggregates per worker:


Worker 46
Average throughput (ops/sec) = 59
Average response time (msec) = 6.144418209302326
Average queue length = 3
Average wait time in queue (msec) = 0.7941619844961241
Average service time (msec) = 3.801644503875969
Number of SET = 59
Number of GET = 0
Number of MULTI GET = 0


Worker 47
Average throughput (ops/sec) = 57
Average response time (msec) = 6.602620108527131
Average queue length = 2
Average wait time in queue (msec) = 0.7891714031007752
Average service time (msec) = 4.100023775193798
Number of SET = 57
Number of GET = 0
Number of MULTI GET = 0


Worker 48
Average throughput (ops/sec) = 58
Average response time (msec) = 6.473261837209302
Average queue length = 3
Average wait time in queue (msec) = 0.7372940310077519
Average service time (msec) = 3.7347798449612406
Number of SET = 58
Number of GET = 0
Number of MULTI GET = 0


Worker 49
Average throughput (ops/sec) = 58
Average response time (msec) = 6.118392519379845
Average queue length = 2
Average wait time in queue (msec) = 0.8105446356589147
Average service time (msec) = 3.943322891472868
Number of SET = 58
Number of GET = 0
Number of MULTI GET = 0


Worker 42
Average throughput (ops/sec) = 57
Average response time (msec) = 6.013631046875
Average queue length = 3
Average wait time in queue (msec) = 0.7216815
Average service time (msec) = 4.1289152265625
Number of SET = 57
Number of GET = 0
Number of MULTI GET = 0


Worker 43
Average throughput (ops/sec) = 58
Average response time (msec) = 7.022500294573644
Average queue length = 3
Average wait time in queue (msec) = 0.8322627209302326
Average service time (msec) = 4.088874240310077
Number of SET = 58
Number of GET = 0
Number of MULTI GET = 0


Worker 44
Average throughput (ops/sec) = 59
Average response time (msec) = 5.850525
Average queue length = 3
Average wait time in queue (msec) = 0.7860294341085271
Average service time (msec) = 3.841720031007752
Number of SET = 59
Number of GET = 0
Number of MULTI GET = 0


Worker 45
Average throughput (ops/sec) = 58
Average response time (msec) = 6.301823837209302
Average queue length = 2
Average wait time in queue (msec) = 0.8797034108527132
Average service time (msec) = 4.174844356589148
Number of SET = 58
Number of GET = 0
Number of MULTI GET = 0


Worker 50
Average throughput (ops/sec) = 59
Average response time (msec) = 6.694602124031007
Average queue length = 2
Average wait time in queue (msec) = 0.8059719147286821
Average service time (msec) = 4.173827697674419
Number of SET = 59
Number of GET = 0
Number of MULTI GET = 0


Worker 51
Average throughput (ops/sec) = 59
Average response time (msec) = 6.481457627906977
Average queue length = 3
Average wait time in queue (msec) = 0.7877256666666667
Average service time (msec) = 4.266998713178294
Number of SET = 59
Number of GET = 0
Number of MULTI GET = 0


Worker 52
Average throughput (ops/sec) = 58
Average response time (msec) = 6.026472906976744
Average queue length = 4
Average wait time in queue (msec) = 0.6954643953488373
Average service time (msec) = 4.1043417829457365
Number of SET = 58
Number of GET = 0
Number of MULTI GET = 0


Worker 57
Average throughput (ops/sec) = 58
Average response time (msec) = 7.032682976744186
Average queue length = 3
Average wait time in queue (msec) = 0.7894399534883721
Average service time (msec) = 4.689252046511628
Number of SET = 58
Number of GET = 0
Number of MULTI GET = 0


Worker 13
Average throughput (ops/sec) = 165
Average response time (msec) = 12.421912772466538
Average queue length = 9
Average wait time in queue (msec) = 5.243207239005736
Average service time (msec) = 6.25648896749522
Number of SET = 165
Number of GET = 0
Number of MULTI GET = 0


Worker 58
Average throughput (ops/sec) = 60
Average response time (msec) = 6.2088256953125
Average queue length = 2
Average wait time in queue (msec) = 0.71617196875
Average service time (msec) = 4.1810383203125
Number of SET = 60
Number of GET = 0
Number of MULTI GET = 0


Worker 14
Average throughput (ops/sec) = 165
Average response time (msec) = 10.054243323135756
Average queue length = 10
Average wait time in queue (msec) = 5.306568564053538
Average service time (msec) = 3.9043213537284895
Number of SET = 165
Number of GET = 0
Number of MULTI GET = 0


Worker 59
Average throughput (ops/sec) = 58
Average response time (msec) = 6.4285325234375
Average queue length = 2
Average wait time in queue (msec) = 0.7824552421875
Average service time (msec) = 4.131733046875
Number of SET = 58
Number of GET = 0
Number of MULTI GET = 0


Worker 15
Average throughput (ops/sec) = 165
Average response time (msec) = 10.750327508604206
Average queue length = 9
Average wait time in queue (msec) = 5.257310678776291
Average service time (msec) = 4.6324590688336515
Number of SET = 165
Number of GET = 0
Number of MULTI GET = 0


Worker 16
Average throughput (ops/sec) = 165
Average response time (msec) = 10.937975424474187
Average queue length = 9
Average wait time in queue (msec) = 5.23407863671128
Average service time (msec) = 3.0020587858508607
Number of SET = 165
Number of GET = 0
Number of MULTI GET = 0


Worker 53
Average throughput (ops/sec) = 59
Average response time (msec) = 6.16925176744186
Average queue length = 2
Average wait time in queue (msec) = 0.752622503875969
Average service time (msec) = 3.946212069767442
Number of SET = 59
Number of GET = 0
Number of MULTI GET = 0


Worker 54
Average throughput (ops/sec) = 59
Average response time (msec) = 6.384660546875
Average queue length = 2
Average wait time in queue (msec) = 0.7377505625
Average service time (msec) = 4.143885859375
Number of SET = 58
Number of GET = 0
Number of MULTI GET = 0


Worker 10
Average throughput (ops/sec) = 165
Average response time (msec) = 10.774500158699809
Average queue length = 9
Average wait time in queue (msec) = 5.257598998087953
Average service time (msec) = 4.654881296367113
Number of SET = 165
Number of GET = 0
Number of MULTI GET = 0


Worker 55
Average throughput (ops/sec) = 57
Average response time (msec) = 6.16289715503876
Average queue length = 2
Average wait time in queue (msec) = 0.7950809922480621
Average service time (msec) = 4.050922503875969
Number of SET = 57
Number of GET = 0
Number of MULTI GET = 0


Worker 11
Average throughput (ops/sec) = 165
Average response time (msec) = 10.332986954110899
Average queue length = 10
Average wait time in queue (msec) = 5.2869215506692155
Average service time (msec) = 4.096295766730401
Number of SET = 165
Number of GET = 0
Number of MULTI GET = 0


Worker 56
Average throughput (ops/sec) = 59
Average response time (msec) = 6.1870028984375
Average queue length = 3
Average wait time in queue (msec) = 0.73790296875
Average service time (msec) = 3.9022177265625
Number of SET = 59
Number of GET = 0
Number of MULTI GET = 0


Worker 12
Average throughput (ops/sec) = 165
Average response time (msec) = 12.408258516252388
Average queue length = 10
Average wait time in queue (msec) = 5.297759015296367
Average service time (msec) = 3.0683678718929253
Number of SET = 165
Number of GET = 0
Number of MULTI GET = 0


Worker 17
Average throughput (ops/sec) = 91
Average response time (msec) = 5.968837535849056
Average queue length = 5
Average wait time in queue (msec) = 1.1096558150943396
Average service time (msec) = 3.7905485056603774
Number of SET = 91
Number of GET = 0
Number of MULTI GET = 0


Worker 18
Average throughput (ops/sec) = 91
Average response time (msec) = 6.286287422641509
Average queue length = 5
Average wait time in queue (msec) = 1.0986942641509434
Average service time (msec) = 3.6781296264150942
Number of SET = 91
Number of GET = 0
Number of MULTI GET = 0


Worker 19
Average throughput (ops/sec) = 90
Average response time (msec) = 6.1761477094339625
Average queue length = 5
Average wait time in queue (msec) = 1.1217865283018869
Average service time (msec) = 3.5595325132075475
Number of SET = 90
Number of GET = 0
Number of MULTI GET = 0


Worker 60
Average throughput (ops/sec) = 61
Average response time (msec) = 6.1505695078125
Average queue length = 2
Average wait time in queue (msec) = 0.7911294140625
Average service time (msec) = 3.8716322265625
Number of SET = 61
Number of GET = 0
Number of MULTI GET = 0


Worker 61
Average throughput (ops/sec) = 59
Average response time (msec) = 6.318723410852714
Average queue length = 3
Average wait time in queue (msec) = 0.669549519379845
Average service time (msec) = 4.1773872868217055
Number of SET = 59
Number of GET = 0
Number of MULTI GET = 0


Worker 62
Average throughput (ops/sec) = 58
Average response time (msec) = 6.73663519379845
Average queue length = 3
Average wait time in queue (msec) = 0.7357057596899225
Average service time (msec) = 4.323037317829457
Number of SET = 58
Number of GET = 0
Number of MULTI GET = 0


Worker 63
Average throughput (ops/sec) = 59
Average response time (msec) = 6.442565751937985
Average queue length = 2
Average wait time in queue (msec) = 0.7577891627906976
Average service time (msec) = 4.021455333333334
Number of SET = 59
Number of GET = 0
Number of MULTI GET = 0


Worker 24
Average throughput (ops/sec) = 90
Average response time (msec) = 5.928135905660378
Average queue length = 5
Average wait time in queue (msec) = 1.1159324
Average service time (msec) = 3.6568094943396225
Number of SET = 90
Number of GET = 0
Number of MULTI GET = 0


Worker 7
Average throughput (ops/sec) = 257
Average response time (msec) = 9.309952184441656
Average queue length = 13
Average wait time in queue (msec) = 5.329202107904643
Average service time (msec) = 3.2707348883312424
Number of SET = 257
Number of GET = 0
Number of MULTI GET = 0


Worker 25
Average throughput (ops/sec) = 91
Average response time (msec) = 6.0927268679245286
Average queue length = 5
Average wait time in queue (msec) = 1.088054920754717
Average service time (msec) = 3.891095275471698
Number of SET = 91
Number of GET = 0
Number of MULTI GET = 0


Worker 6
Average throughput (ops/sec) = 258
Average response time (msec) = 6.413865350502513
Average queue length = 13
Average wait time in queue (msec) = 3.2467025866834174
Average service time (msec) = 2.509409814070352
Number of SET = 258
Number of GET = 0
Number of MULTI GET = 0


Worker 26
Average throughput (ops/sec) = 91
Average response time (msec) = 5.977740260377359
Average queue length = 5
Average wait time in queue (msec) = 1.104433196226415
Average service time (msec) = 3.599688577358491
Number of SET = 91
Number of GET = 0
Number of MULTI GET = 0


Worker 9
Average throughput (ops/sec) = 165
Average response time (msec) = 10.170345036328873
Average queue length = 9
Average wait time in queue (msec) = 5.270693179732313
Average service time (msec) = 4.070617552581262
Number of SET = 165
Number of GET = 0
Number of MULTI GET = 0


Worker 27
Average throughput (ops/sec) = 91
Average response time (msec) = 6.205239362264151
Average queue length = 5
Average wait time in queue (msec) = 1.1343487962264152
Average service time (msec) = 3.6191343358490564
Number of SET = 91
Number of GET = 0
Number of MULTI GET = 0


Worker 8
Average throughput (ops/sec) = 258
Average response time (msec) = 9.656942786700126
Average queue length = 13
Average wait time in queue (msec) = 5.339795760351317
Average service time (msec) = 3.665536200752823
Number of SET = 258
Number of GET = 0
Number of MULTI GET = 0


Worker 64
Average throughput (ops/sec) = 59
Average response time (msec) = 6.300708961240311
Average queue length = 1
Average wait time in queue (msec) = 0.7306633875968992
Average service time (msec) = 4.36080384496124
Number of SET = 59
Number of GET = 0
Number of MULTI GET = 0


Worker 20
Average throughput (ops/sec) = 91
Average response time (msec) = 5.7577429849056605
Average queue length = 5
Average wait time in queue (msec) = 1.096347196226415
Average service time (msec) = 3.539061981132076
Number of SET = 91
Number of GET = 0
Number of MULTI GET = 0


Worker 3
Average throughput (ops/sec) = 258
Average response time (msec) = 9.587229117942282
Average queue length = 13
Average wait time in queue (msec) = 5.331881186951066
Average service time (msec) = 3.593743974905897
Number of SET = 258
Number of GET = 0
Number of MULTI GET = 0


Worker 21
Average throughput (ops/sec) = 91
Average response time (msec) = 6.277264750943396
Average queue length = 5
Average wait time in queue (msec) = 1.1423591622641511
Average service time (msec) = 3.787711430188679
Number of SET = 91
Number of GET = 0
Number of MULTI GET = 0


Worker 2
Average throughput (ops/sec) = 258
Average response time (msec) = 9.14556265621079
Average queue length = 13
Average wait time in queue (msec) = 5.3051194278544545
Average service time (msec) = 3.1269912471769135
Number of SET = 258
Number of GET = 0
Number of MULTI GET = 0


Worker 22
Average throughput (ops/sec) = 91
Average response time (msec) = 6.137685264150943
Average queue length = 5
Average wait time in queue (msec) = 1.1126832188679245
Average service time (msec) = 3.8814629773584906
Number of SET = 91
Number of GET = 0
Number of MULTI GET = 0


Worker 5
Average throughput (ops/sec) = 258
Average response time (msec) = 8.910949850690088
Average queue length = 13
Average wait time in queue (msec) = 5.336375457967377
Average service time (msec) = 2.9195053688833124
Number of SET = 258
Number of GET = 0
Number of MULTI GET = 0


Worker 23
Average throughput (ops/sec) = 91
Average response time (msec) = 6.145258652830189
Average queue length = 5
Average wait time in queue (msec) = 1.151469762264151
Average service time (msec) = 3.5324300113207547
Number of SET = 91
Number of GET = 0
Number of MULTI GET = 0


Worker 4
Average throughput (ops/sec) = 258
Average response time (msec) = 10.73109092471769
Average queue length = 13
Average wait time in queue (msec) = 5.357530884567127
Average service time (msec) = 2.5983520840652443
Number of SET = 257
Number of GET = 0
Number of MULTI GET = 0


Worker 28
Average throughput (ops/sec) = 92
Average response time (msec) = 5.840967279245284
Average queue length = 5
Average wait time in queue (msec) = 1.1010382150943396
Average service time (msec) = 3.5903128150943395
Number of SET = 92
Number of GET = 0
Number of MULTI GET = 0


Worker 29
Average throughput (ops/sec) = 92
Average response time (msec) = 5.973451603773585
Average queue length = 5
Average wait time in queue (msec) = 1.101046483018868
Average service time (msec) = 3.6874799698113208
Number of SET = 92
Number of GET = 0
Number of MULTI GET = 0


Worker 1
Average throughput (ops/sec) = 258
Average response time (msec) = 9.54049699749059
Average queue length = 13
Average wait time in queue (msec) = 5.327232327478042
Average service time (msec) = 3.57148695859473
Number of SET = 258
Number of GET = 0
Number of MULTI GET = 0


Worker 30
Average throughput (ops/sec) = 91
Average response time (msec) = 6.067187373584906
Average queue length = 5
Average wait time in queue (msec) = 1.1075920792452831
Average service time (msec) = 3.8784306679245284
Number of SET = 91
Number of GET = 0
Number of MULTI GET = 0


Worker 35
Average throughput (ops/sec) = 58
Average response time (msec) = 6.872788170542636
Average queue length = 3
Average wait time in queue (msec) = 0.7423113100775194
Average service time (msec) = 5.004929488372093
Number of SET = 58
Number of GET = 0
Number of MULTI GET = 0


Worker 36
Average throughput (ops/sec) = 57
Average response time (msec) = 6.906292170542636
Average queue length = 3
Average wait time in queue (msec) = 0.8109575736434108
Average service time (msec) = 4.124683604651163
Number of SET = 57
Number of GET = 0
Number of MULTI GET = 0


Worker 37
Average throughput (ops/sec) = 57
Average response time (msec) = 7.154041356589147
Average queue length = 3
Average wait time in queue (msec) = 0.6822835426356588
Average service time (msec) = 4.632870294573643
Number of SET = 57
Number of GET = 0
Number of MULTI GET = 0


Worker 38
Average throughput (ops/sec) = 58
Average response time (msec) = 6.64351572868217
Average queue length = 3
Average wait time in queue (msec) = 0.8669984573643411
Average service time (msec) = 4.3564994263565895
Number of SET = 58
Number of GET = 0
Number of MULTI GET = 0


Worker 31
Average throughput (ops/sec) = 93
Average response time (msec) = 6.135047366037735
Average queue length = 5
Average wait time in queue (msec) = 1.2078811471698114
Average service time (msec) = 3.4589836452830185
Number of SET = 93
Number of GET = 0
Number of MULTI GET = 0


Worker 32
Average throughput (ops/sec) = 92
Average response time (msec) = 6.336661301886792
Average queue length = 4
Average wait time in queue (msec) = 1.1617455018867924
Average service time (msec) = 3.8818316641509436
Number of SET = 92
Number of GET = 0
Number of MULTI GET = 0


Worker 33
Average throughput (ops/sec) = 57
Average response time (msec) = 6.672678364341085
Average queue length = 3
Average wait time in queue (msec) = 0.8445041782945737
Average service time (msec) = 4.015287813953488
Number of SET = 57
Number of GET = 0
Number of MULTI GET = 0


Worker 34
Average throughput (ops/sec) = 57
Average response time (msec) = 6.927390085271318
Average queue length = 3
Average wait time in queue (msec) = 0.726425007751938
Average service time (msec) = 3.9462267596899223
Number of SET = 57
Number of GET = 0
Number of MULTI GET = 0


Worker 39
Average throughput (ops/sec) = 58
Average response time (msec) = 5.716944968992248
Average queue length = 3
Average wait time in queue (msec) = 0.729405534883721
Average service time (msec) = 3.7405402558139533
Number of SET = 58
Number of GET = 0
Number of MULTI GET = 0


Worker 40
Average throughput (ops/sec) = 57
Average response time (msec) = 7.08726180620155
Average queue length = 3
Average wait time in queue (msec) = 0.7912952480620156
Average service time (msec) = 4.603641418604651
Number of SET = 57
Number of GET = 0
Number of MULTI GET = 0


Worker 41
Average throughput (ops/sec) = 57
Average response time (msec) = 6.769120124031008
Average queue length = 3
Average wait time in queue (msec) = 0.7148264341085272
Average service time (msec) = 4.257362007751938
Number of SET = 57
Number of GET = 0
Number of MULTI GET = 0


FINAL STATS
Average throughput (ops/sec) = 6704
Average response time (msec) = 10.17759938833413
Average queue length = 5
Average wait time in queue (msec) = 1.9566925954363013
Average service time (msec) = 3.918981350111781
Number of SET = 104
Number of GET = 0
Number of MULTI GET = 0
Number of Cache misses = 0


Histogram response times (0.1 msec step)
0.0 msec : 3
0.1 msec : 3
0.2 msec : 11
0.3 msec : 7
0.4 msec : 17
0.5 msec : 15
0.6 msec : 21
0.7 msec : 24
0.8 msec : 20
0.9 msec : 13
1.0 msec : 20
1.1 msec : 28
1.2 msec : 22
1.3 msec : 30
1.4 msec : 24
1.5 msec : 33
1.6 msec : 31
1.7 msec : 12
1.8 msec : 33
1.9 msec : 25
2.0 msec : 29
2.1 msec : 25
2.2 msec : 31
2.3 msec : 45
2.4 msec : 36
2.5 msec : 36
2.6 msec : 38
2.7 msec : 38
2.8 msec : 45
2.9 msec : 45
3.0 msec : 58
3.1 msec : 61
3.2 msec : 68
3.3 msec : 71
3.4 msec : 86
3.5 msec : 89
3.6 msec : 118
3.7 msec : 129
3.8 msec : 158
3.9 msec : 169
4.0 msec : 224
4.1 msec : 264
4.2 msec : 272
4.3 msec : 276
4.4 msec : 280
4.5 msec : 321
4.6 msec : 358
4.7 msec : 365
4.8 msec : 384
4.9 msec : 371
5.0 msec : 382
5.1 msec : 325
5.2 msec : 385
5.3 msec : 376
5.4 msec : 383
5.5 msec : 347
5.6 msec : 367
5.7 msec : 346
5.8 msec : 369
5.9 msec : 343
6.0 msec : 314
6.1 msec : 328
6.2 msec : 297
6.3 msec : 349
6.4 msec : 313
6.5 msec : 331
6.6 msec : 289
6.7 msec : 291
6.8 msec : 284
6.9 msec : 294
7.0 msec : 298
7.1 msec : 277
7.2 msec : 297
7.3 msec : 297
7.4 msec : 275
7.5 msec : 284
7.6 msec : 294
7.7 msec : 274
7.8 msec : 306
7.9 msec : 281
8.0 msec : 270
8.1 msec : 280
8.2 msec : 294
8.3 msec : 264
8.4 msec : 294
8.5 msec : 303
8.6 msec : 278
8.7 msec : 259
8.8 msec : 267
8.9 msec : 246
9.0 msec : 276
9.1 msec : 266
9.2 msec : 255
9.3 msec : 227
9.4 msec : 238
9.5 msec : 222
9.6 msec : 238
9.7 msec : 234
9.8 msec : 205
9.9 msec : 217
10.0 msec : 221
10.1 msec : 189
10.2 msec : 200
10.3 msec : 177
10.4 msec : 167
10.5 msec : 155
10.6 msec : 166
10.7 msec : 159
10.8 msec : 160
10.9 msec : 140
11.0 msec : 144
11.1 msec : 125
11.2 msec : 122
11.3 msec : 134
11.4 msec : 125
11.5 msec : 123
11.6 msec : 149
11.7 msec : 94
11.8 msec : 107
11.9 msec : 80
12.0 msec : 99
12.1 msec : 109
12.2 msec : 92
12.3 msec : 94
12.4 msec : 78
12.5 msec : 66
12.6 msec : 88
12.7 msec : 72
12.8 msec : 84
12.9 msec : 72
13.0 msec : 59
13.1 msec : 71
13.2 msec : 69
13.3 msec : 86
13.4 msec : 81
13.5 msec : 54
13.6 msec : 94
13.7 msec : 58
13.8 msec : 70
13.9 msec : 75
14.0 msec : 78
14.1 msec : 66
14.2 msec : 61
14.3 msec : 65
14.4 msec : 48
14.5 msec : 63
14.6 msec : 61
14.7 msec : 50
14.8 msec : 51
14.9 msec : 48
15.0 msec : 51
15.1 msec : 50
15.2 msec : 38
15.3 msec : 33
15.4 msec : 58
15.5 msec : 46
15.6 msec : 50
15.7 msec : 47
15.8 msec : 52
15.9 msec : 42
16.0 msec : 40
16.1 msec : 49
16.2 msec : 44
16.3 msec : 41
16.4 msec : 32
16.5 msec : 31
16.6 msec : 35
16.7 msec : 27
16.8 msec : 33
16.9 msec : 35
17.0 msec : 20
17.1 msec : 35
17.2 msec : 28
17.3 msec : 22
17.4 msec : 20
17.5 msec : 28
17.6 msec : 28
17.7 msec : 25
17.8 msec : 35
17.9 msec : 21
18.0 msec : 18
18.1 msec : 20
18.2 msec : 25
18.3 msec : 20
18.4 msec : 24
18.5 msec : 16
18.6 msec : 18
18.7 msec : 24
18.8 msec : 21
18.9 msec : 16
19.0 msec : 18
19.1 msec : 12
19.2 msec : 22
19.3 msec : 15
19.4 msec : 13
19.5 msec : 11
19.6 msec : 17
19.7 msec : 11
19.8 msec : 11
19.9 msec : 14
20.0 msec : 22
20.1 msec : 18
20.2 msec : 12
20.3 msec : 23
20.4 msec : 11
20.5 msec : 12
20.6 msec : 21
20.7 msec : 13
20.8 msec : 16
20.9 msec : 7
21.0 msec : 12
21.1 msec : 3
21.2 msec : 10
21.3 msec : 11
21.4 msec : 8
21.5 msec : 12
21.6 msec : 11
21.7 msec : 9
21.8 msec : 11
21.9 msec : 8
22.0 msec : 7
22.1 msec : 11
22.2 msec : 12
22.3 msec : 12
22.4 msec : 8
22.5 msec : 12
22.6 msec : 14
22.7 msec : 6
22.8 msec : 6
22.9 msec : 15
23.0 msec : 8
23.1 msec : 6
23.2 msec : 6
23.3 msec : 7
23.4 msec : 9
23.5 msec : 9
23.6 msec : 8
23.7 msec : 6
23.8 msec : 6
23.9 msec : 6
24.0 msec : 9
24.1 msec : 5
24.2 msec : 8
24.3 msec : 5
24.4 msec : 5
24.5 msec : 1
24.6 msec : 6
24.7 msec : 5
24.8 msec : 1
24.9 msec : 0
25.0 msec : 6
25.1 msec : 4
25.2 msec : 4
25.3 msec : 5
25.4 msec : 7
25.5 msec : 5
25.6 msec : 2
25.7 msec : 7
25.8 msec : 1
25.9 msec : 4
26.0 msec : 5
26.1 msec : 3
26.2 msec : 7
26.3 msec : 1
26.4 msec : 2
26.5 msec : 2
26.6 msec : 4
26.7 msec : 2
26.8 msec : 1
26.9 msec : 6
27.0 msec : 3
27.1 msec : 2
27.2 msec : 4
27.3 msec : 1
27.4 msec : 2
27.5 msec : 2
27.6 msec : 2
27.7 msec : 3
27.8 msec : 1
27.9 msec : 5
28.0 msec : 3
28.1 msec : 3
28.2 msec : 3
28.3 msec : 5
28.4 msec : 6
28.5 msec : 5
28.6 msec : 2
28.7 msec : 2
28.8 msec : 3
28.9 msec : 4
29.0 msec : 4
29.1 msec : 4
29.2 msec : 3
29.3 msec : 2
29.4 msec : 3
29.5 msec : 6
29.6 msec : 5
29.7 msec : 2
29.8 msec : 0
29.9 msec : 0
30.0 msec : 3
30.1 msec : 3
30.2 msec : 4
30.3 msec : 1
30.4 msec : 0
30.5 msec : 3
30.6 msec : 3
30.7 msec : 1
30.8 msec : 3
30.9 msec : 1
31.0 msec : 0
31.1 msec : 0
31.2 msec : 2
31.3 msec : 3
31.4 msec : 2
31.5 msec : 0
31.6 msec : 3
31.7 msec : 1
31.8 msec : 2
31.9 msec : 1
32.0 msec : 1
32.1 msec : 1
32.2 msec : 1
32.3 msec : 2
32.4 msec : 0
32.5 msec : 1
32.6 msec : 1
32.7 msec : 1
32.8 msec : 3
32.9 msec : 1
33.0 msec : 0
33.1 msec : 0
33.2 msec : 0
33.3 msec : 0
33.4 msec : 0
33.5 msec : 1
33.6 msec : 2
33.7 msec : 0
33.8 msec : 0
33.9 msec : 1
34.0 msec : 3
34.1 msec : 1
34.2 msec : 1
34.3 msec : 1
34.4 msec : 1
34.5 msec : 1
34.6 msec : 2
34.7 msec : 2
34.8 msec : 2
34.9 msec : 0
35.0 msec : 1
35.1 msec : 2
35.2 msec : 0
35.3 msec : 3
35.4 msec : 1
35.5 msec : 0
35.6 msec : 1
35.7 msec : 0
35.8 msec : 3
35.9 msec : 1
36.0 msec : 0
36.1 msec : 2
36.2 msec : 0
36.3 msec : 0
36.4 msec : 0
36.5 msec : 2
36.6 msec : 1
36.7 msec : 0
36.8 msec : 1
36.9 msec : 0
37.0 msec : 0
37.1 msec : 0
37.2 msec : 0
37.3 msec : 2
37.4 msec : 0
37.5 msec : 2
37.6 msec : 0
37.7 msec : 1
37.8 msec : 2
37.9 msec : 0
38.0 msec : 1
38.1 msec : 0
38.2 msec : 0
38.3 msec : 0
38.4 msec : 0
38.5 msec : 2
38.6 msec : 1
38.7 msec : 2
38.8 msec : 1
38.9 msec : 1
39.0 msec : 2
39.1 msec : 2
39.2 msec : 0
39.3 msec : 0
39.4 msec : 3
39.5 msec : 5
39.6 msec : 6
39.7 msec : 2
39.8 msec : 3
39.9 msec : 4
40.0 msec : 0
40.1 msec : 1
40.2 msec : 3
40.3 msec : 3
40.4 msec : 1
40.5 msec : 2
40.6 msec : 1
40.7 msec : 0
40.8 msec : 0
40.9 msec : 0
41.0 msec : 0
41.1 msec : 2
41.2 msec : 2
41.3 msec : 0
41.4 msec : 1
41.5 msec : 0
41.6 msec : 0
41.7 msec : 0
41.8 msec : 1
41.9 msec : 1
42.0 msec : 0
42.1 msec : 0
42.2 msec : 0
42.3 msec : 0
42.4 msec : 0
42.5 msec : 0
42.6 msec : 1
42.7 msec : 0
42.8 msec : 0
42.9 msec : 0
43.0 msec : 0
43.1 msec : 0
43.2 msec : 1
43.3 msec : 1
43.4 msec : 0
43.5 msec : 0
43.6 msec : 0
43.7 msec : 0
43.8 msec : 0
43.9 msec : 0
44.0 msec : 0
44.1 msec : 0
44.2 msec : 0
44.3 msec : 0
44.4 msec : 0
44.5 msec : 0
44.6 msec : 0
44.7 msec : 0
44.8 msec : 0
44.9 msec : 0
45.0 msec : 0
45.1 msec : 2
45.2 msec : 0
45.3 msec : 1
45.4 msec : 0
45.5 msec : 0
45.6 msec : 0
45.7 msec : 0
45.8 msec : 1
45.9 msec : 0
46.0 msec : 0
46.1 msec : 1
46.2 msec : 1
46.3 msec : 0
46.4 msec : 0
46.5 msec : 0
46.6 msec : 0
46.7 msec : 0
46.8 msec : 0
46.9 msec : 0
47.0 msec : 0
47.1 msec : 0
47.2 msec : 0
47.3 msec : 0
47.4 msec : 0
47.5 msec : 0
47.6 msec : 0
47.7 msec : 0
47.8 msec : 1
47.9 msec : 0
48.0 msec : 0
48.1 msec : 0
48.2 msec : 0
48.3 msec : 0
48.4 msec : 1
48.5 msec : 0
48.6 msec : 0
48.7 msec : 0
48.8 msec : 0
48.9 msec : 0
49.0 msec : 0
49.1 msec : 0
49.2 msec : 0
49.3 msec : 0
49.4 msec : 0
49.5 msec : 0
49.6 msec : 1
49.7 msec : 0
49.8 msec : 1
49.9 msec : 0
50.0 msec : 1
50.1 msec : 0
50.2 msec : 0
50.3 msec : 0
50.4 msec : 0
50.5 msec : 0
50.6 msec : 0
50.7 msec : 0
50.8 msec : 0
50.9 msec : 0
51.0 msec : 1
51.1 msec : 0
51.2 msec : 1
51.3 msec : 0
51.4 msec : 1
51.5 msec : 0
51.6 msec : 0
51.7 msec : 1
51.8 msec : 0
51.9 msec : 0
52.0 msec : 0
52.1 msec : 0
52.2 msec : 0
52.3 msec : 0
52.4 msec : 0
52.5 msec : 0
52.6 msec : 1
52.7 msec : 0
52.8 msec : 0
52.9 msec : 0
53.0 msec : 0
53.1 msec : 0
53.2 msec : 0
53.3 msec : 0
53.4 msec : 0
53.5 msec : 0
53.6 msec : 0
53.7 msec : 0
53.8 msec : 0
53.9 msec : 0
54.0 msec : 0
54.1 msec : 0
54.2 msec : 0
54.3 msec : 0
54.4 msec : 0
54.5 msec : 0
54.6 msec : 0
54.7 msec : 0
54.8 msec : 0
54.9 msec : 0
55.0 msec : 0
55.1 msec : 0
55.2 msec : 1
55.3 msec : 0
55.4 msec : 0
55.5 msec : 0
55.6 msec : 0
55.7 msec : 1
55.8 msec : 0
55.9 msec : 0
56.0 msec : 0
56.1 msec : 0
56.2 msec : 0
56.3 msec : 0
56.4 msec : 0
56.5 msec : 0
56.6 msec : 0
56.7 msec : 0
56.8 msec : 0
56.9 msec : 0
57.0 msec : 0
57.1 msec : 0
57.2 msec : 0
57.3 msec : 0
57.4 msec : 0
57.5 msec : 0
57.6 msec : 0
57.7 msec : 0
57.8 msec : 0
57.9 msec : 0
58.0 msec : 0
58.1 msec : 0
58.2 msec : 0
58.3 msec : 0
58.4 msec : 0
58.5 msec : 0
58.6 msec : 0
58.7 msec : 0
58.8 msec : 0
58.9 msec : 0
59.0 msec : 0
59.1 msec : 0
59.2 msec : 0
59.3 msec : 0
59.4 msec : 0
59.5 msec : 0
59.6 msec : 0
59.7 msec : 0
59.8 msec : 0
59.9 msec : 0
60.0 msec : 0
60.1 msec : 0
60.2 msec : 0
60.3 msec : 0
60.4 msec : 0
60.5 msec : 0
60.6 msec : 0
60.7 msec : 0
60.8 msec : 0
60.9 msec : 0
61.0 msec : 0
61.1 msec : 0
61.2 msec : 0
61.3 msec : 0
61.4 msec : 0
61.5 msec : 0
61.6 msec : 0
61.7 msec : 0
61.8 msec : 0
61.9 msec : 0
62.0 msec : 0
62.1 msec : 0
62.2 msec : 0
62.3 msec : 0
62.4 msec : 0
62.5 msec : 0
62.6 msec : 0
62.7 msec : 0
62.8 msec : 0
62.9 msec : 0
63.0 msec : 0
63.1 msec : 0
63.2 msec : 0
63.3 msec : 0
63.4 msec : 0
63.5 msec : 0
63.6 msec : 0
63.7 msec : 0
63.8 msec : 0
63.9 msec : 0
64.0 msec : 0
64.1 msec : 0
64.2 msec : 0
64.3 msec : 0
64.4 msec : 0
64.5 msec : 0
64.6 msec : 0
64.7 msec : 0
64.8 msec : 0
64.9 msec : 0
65.0 msec : 1
65.1 msec : 0
65.2 msec : 0
65.3 msec : 0
65.4 msec : 0
65.5 msec : 0
65.6 msec : 0
65.7 msec : 0
65.8 msec : 0
65.9 msec : 0
66.0 msec : 0
66.1 msec : 0
66.2 msec : 0
66.3 msec : 0
66.4 msec : 0
66.5 msec : 0
66.6 msec : 0
66.7 msec : 0
66.8 msec : 0
66.9 msec : 0
67.0 msec : 0
67.1 msec : 0
67.2 msec : 0
67.3 msec : 0
67.4 msec : 0
67.5 msec : 0
67.6 msec : 0
67.7 msec : 0
67.8 msec : 0
67.9 msec : 0
68.0 msec : 0
68.1 msec : 0
68.2 msec : 0
68.3 msec : 0
68.4 msec : 0
68.5 msec : 0
68.6 msec : 0
68.7 msec : 0
68.8 msec : 0
68.9 msec : 0
69.0 msec : 0
69.1 msec : 0
69.2 msec : 0
69.3 msec : 0
69.4 msec : 0
69.5 msec : 0
69.6 msec : 0
69.7 msec : 0
69.8 msec : 0
69.9 msec : 0
70.0 msec : 0
70.1 msec : 0
70.2 msec : 0
70.3 msec : 0
70.4 msec : 0
70.5 msec : 0
70.6 msec : 0
70.7 msec : 0
70.8 msec : 0
70.9 msec : 0
71.0 msec : 0
71.1 msec : 0
71.2 msec : 0
71.3 msec : 0
71.4 msec : 0
71.5 msec : 0
71.6 msec : 0
71.7 msec : 0
71.8 msec : 0
71.9 msec : 0
72.0 msec : 0
72.1 msec : 0
72.2 msec : 0
72.3 msec : 0
72.4 msec : 0
72.5 msec : 0
72.6 msec : 0
72.7 msec : 0
72.8 msec : 0
72.9 msec : 0
73.0 msec : 0
73.1 msec : 0
73.2 msec : 0
73.3 msec : 0
73.4 msec : 0
73.5 msec : 0
73.6 msec : 0
73.7 msec : 0
73.8 msec : 0
73.9 msec : 0
74.0 msec : 0
74.1 msec : 0
74.2 msec : 0
74.3 msec : 0
74.4 msec : 0
74.5 msec : 0
74.6 msec : 0
74.7 msec : 0
74.8 msec : 0
74.9 msec : 0
75.0 msec : 0
75.1 msec : 0
75.2 msec : 0
75.3 msec : 0
75.4 msec : 0
75.5 msec : 0
75.6 msec : 0
75.7 msec : 0
75.8 msec : 0
75.9 msec : 0
76.0 msec : 0
76.1 msec : 0
76.2 msec : 0
76.3 msec : 0
76.4 msec : 0
76.5 msec : 0
76.6 msec : 0
76.7 msec : 0
76.8 msec : 0
76.9 msec : 0
77.0 msec : 0
77.1 msec : 0
77.2 msec : 0
77.3 msec : 0
77.4 msec : 0
77.5 msec : 0
77.6 msec : 0
77.7 msec : 0
77.8 msec : 0
77.9 msec : 0
78.0 msec : 0
78.1 msec : 0
78.2 msec : 0
78.3 msec : 0
78.4 msec : 0
78.5 msec : 0
78.6 msec : 0
78.7 msec : 0
78.8 msec : 0
78.9 msec : 0
79.0 msec : 0
79.1 msec : 0
79.2 msec : 0
79.3 msec : 0
79.4 msec : 0
79.5 msec : 0
79.6 msec : 0
79.7 msec : 0
79.8 msec : 0
79.9 msec : 0
80.0 msec : 0
80.1 msec : 0
80.2 msec : 0
80.3 msec : 0
80.4 msec : 0
80.5 msec : 0
80.6 msec : 0
80.7 msec : 0
80.8 msec : 0
80.9 msec : 0
81.0 msec : 0
81.1 msec : 0
81.2 msec : 0
81.3 msec : 0
81.4 msec : 0
81.5 msec : 0
81.6 msec : 0
81.7 msec : 0
81.8 msec : 0
81.9 msec : 0
82.0 msec : 0
82.1 msec : 0
82.2 msec : 0
82.3 msec : 0
82.4 msec : 0
82.5 msec : 0
82.6 msec : 0
82.7 msec : 0
82.8 msec : 0
82.9 msec : 0
83.0 msec : 0
83.1 msec : 0
83.2 msec : 0
83.3 msec : 0
83.4 msec : 0
83.5 msec : 0
83.6 msec : 0
83.7 msec : 0
83.8 msec : 0
83.9 msec : 0
84.0 msec : 0
84.1 msec : 0
84.2 msec : 0
84.3 msec : 0
84.4 msec : 0
84.5 msec : 0
84.6 msec : 0
84.7 msec : 0
84.8 msec : 0
84.9 msec : 0
85.0 msec : 0
85.1 msec : 0
85.2 msec : 0
85.3 msec : 0
85.4 msec : 0
85.5 msec : 0
85.6 msec : 0
85.7 msec : 0
85.8 msec : 0
85.9 msec : 0
86.0 msec : 0
86.1 msec : 0
86.2 msec : 0
86.3 msec : 0
86.4 msec : 0
86.5 msec : 0
86.6 msec : 0
86.7 msec : 0
86.8 msec : 0
86.9 msec : 0
87.0 msec : 0
87.1 msec : 0
87.2 msec : 0
87.3 msec : 0
87.4 msec : 0
87.5 msec : 0
87.6 msec : 0
87.7 msec : 0
87.8 msec : 0
87.9 msec : 0
88.0 msec : 0
88.1 msec : 0
88.2 msec : 0
88.3 msec : 0
88.4 msec : 0
88.5 msec : 0
88.6 msec : 0
88.7 msec : 0
88.8 msec : 0
88.9 msec : 0
89.0 msec : 0
89.1 msec : 0
89.2 msec : 0
89.3 msec : 0
89.4 msec : 0
89.5 msec : 0
89.6 msec : 0
89.7 msec : 0
89.8 msec : 0
89.9 msec : 0
90.0 msec : 0
90.1 msec : 0
90.2 msec : 0
90.3 msec : 0
90.4 msec : 0
90.5 msec : 0
90.6 msec : 0
90.7 msec : 0
90.8 msec : 0
90.9 msec : 0
91.0 msec : 0
91.1 msec : 0
91.2 msec : 0
91.3 msec : 0
91.4 msec : 0
91.5 msec : 0
91.6 msec : 0
91.7 msec : 0
91.8 msec : 0
91.9 msec : 0
92.0 msec : 0
92.1 msec : 0
92.2 msec : 0
92.3 msec : 0
92.4 msec : 0
92.5 msec : 0
92.6 msec : 0
92.7 msec : 0
92.8 msec : 0
92.9 msec : 0
93.0 msec : 0
93.1 msec : 0
93.2 msec : 0
93.3 msec : 0
93.4 msec : 0
93.5 msec : 0
93.6 msec : 0
93.7 msec : 0
93.8 msec : 0
93.9 msec : 0
94.0 msec : 0
94.1 msec : 0
94.2 msec : 0
94.3 msec : 0
94.4 msec : 0
94.5 msec : 0
94.6 msec : 0
94.7 msec : 0
94.8 msec : 0
94.9 msec : 0
95.0 msec : 0
95.1 msec : 0
95.2 msec : 0
95.3 msec : 0
95.4 msec : 0
95.5 msec : 0
95.6 msec : 0
95.7 msec : 0
95.8 msec : 0
95.9 msec : 0
96.0 msec : 0
96.1 msec : 0
96.2 msec : 0
96.3 msec : 0
96.4 msec : 0
96.5 msec : 0
96.6 msec : 0
96.7 msec : 0
96.8 msec : 0
96.9 msec : 0
97.0 msec : 0
97.1 msec : 0
97.2 msec : 0
97.3 msec : 0
97.4 msec : 0
97.5 msec : 0
97.6 msec : 0
97.7 msec : 0
97.8 msec : 0
97.9 msec : 0
98.0 msec : 0
98.1 msec : 0
98.2 msec : 0
98.3 msec : 0
98.4 msec : 0
98.5 msec : 0
98.6 msec : 0
98.7 msec : 0
98.8 msec : 0
98.9 msec : 0
99.0 msec : 0
99.1 msec : 0
99.2 msec : 0
99.3 msec : 0
99.4 msec : 0
99.5 msec : 0
99.6 msec : 0
99.7 msec : 0
99.8 msec : 0
99.9 msec : 0
100.0 msec : 0
100.1 msec : 0
100.2 msec : 0
100.3 msec : 0
100.4 msec : 0
100.5 msec : 0
100.6 msec : 0
100.7 msec : 0
100.8 msec : 0
100.9 msec : 0
101.0 msec : 0
101.1 msec : 0
101.2 msec : 0
101.3 msec : 0
101.4 msec : 0
101.5 msec : 0
101.6 msec : 0
101.7 msec : 0
101.8 msec : 0
101.9 msec : 0
102.0 msec : 0
102.1 msec : 0
102.2 msec : 0
102.3 msec : 0
102.4 msec : 0
102.5 msec : 0
102.6 msec : 0
102.7 msec : 0
102.8 msec : 0
102.9 msec : 0
103.0 msec : 0
103.1 msec : 0
103.2 msec : 0
103.3 msec : 0
103.4 msec : 0
103.5 msec : 0
103.6 msec : 0
103.7 msec : 0
103.8 msec : 0
103.9 msec : 0
104.0 msec : 0
104.1 msec : 0
104.2 msec : 0
104.3 msec : 0
104.4 msec : 0
104.5 msec : 0
104.6 msec : 0
104.7 msec : 0
104.8 msec : 0
104.9 msec : 0
105.0 msec : 0
105.1 msec : 0
105.2 msec : 0
105.3 msec : 0
105.4 msec : 0
105.5 msec : 0
105.6 msec : 0
105.7 msec : 0
105.8 msec : 0
105.9 msec : 0
106.0 msec : 0
106.1 msec : 0
106.2 msec : 0
106.3 msec : 0
106.4 msec : 0
106.5 msec : 0
106.6 msec : 0
106.7 msec : 0
106.8 msec : 0
106.9 msec : 0
107.0 msec : 0
107.1 msec : 0
107.2 msec : 0
107.3 msec : 0
107.4 msec : 0
107.5 msec : 0
107.6 msec : 0
107.7 msec : 0
107.8 msec : 0
107.9 msec : 0
108.0 msec : 0
108.1 msec : 0
108.2 msec : 0
108.3 msec : 0
108.4 msec : 1
108.5 msec : 0
108.6 msec : 0
108.7 msec : 0
108.8 msec : 0
108.9 msec : 0
109.0 msec : 0
109.1 msec : 0
109.2 msec : 0
109.3 msec : 0
109.4 msec : 0
109.5 msec : 1
109.6 msec : 0
109.7 msec : 0
109.8 msec : 1
109.9 msec : 0
110.0 msec : 0
110.1 msec : 2
110.2 msec : 1
110.3 msec : 0
110.4 msec : 0
110.5 msec : 0
110.6 msec : 0
110.7 msec : 0
110.8 msec : 0
110.9 msec : 0
111.0 msec : 0
111.1 msec : 0
111.2 msec : 2
111.3 msec : 0
111.4 msec : 0
111.5 msec : 0
111.6 msec : 1
111.7 msec : 1
111.8 msec : 1
111.9 msec : 0
112.0 msec : 1
112.1 msec : 0
112.2 msec : 1
112.3 msec : 0
112.4 msec : 0
112.5 msec : 0
112.6 msec : 0
112.7 msec : 1
112.8 msec : 0
112.9 msec : 1
113.0 msec : 1
113.1 msec : 1
113.2 msec : 1
113.3 msec : 1
113.4 msec : 0
113.5 msec : 0
113.6 msec : 0
113.7 msec : 0
113.8 msec : 1
113.9 msec : 1
114.0 msec : 0
114.1 msec : 0
114.2 msec : 0
114.3 msec : 1
114.4 msec : 2
114.5 msec : 0
114.6 msec : 0
114.7 msec : 1
114.8 msec : 1
114.9 msec : 1
115.0 msec : 0
115.1 msec : 2
115.2 msec : 1
115.3 msec : 1
115.4 msec : 1
115.5 msec : 1
115.6 msec : 0
115.7 msec : 0
115.8 msec : 3
115.9 msec : 0
116.0 msec : 0
116.1 msec : 1
116.2 msec : 2
116.3 msec : 0
116.4 msec : 1
116.5 msec : 0
116.6 msec : 1
116.7 msec : 1
116.8 msec : 0
116.9 msec : 1
117.0 msec : 1
117.1 msec : 0
117.2 msec : 1
117.3 msec : 0
117.4 msec : 1
117.5 msec : 1
117.6 msec : 1
117.7 msec : 1
117.8 msec : 1
117.9 msec : 3
118.0 msec : 2
118.1 msec : 1
118.2 msec : 2
118.3 msec : 1
118.4 msec : 3
118.5 msec : 5
118.6 msec : 1
118.7 msec : 2
118.8 msec : 1
118.9 msec : 1
119.0 msec : 3
119.1 msec : 0
119.2 msec : 5
119.3 msec : 2
119.4 msec : 2
119.5 msec : 1
119.6 msec : 3
119.7 msec : 0
119.8 msec : 2
119.9 msec : 1
120.0 msec : 0
120.1 msec : 1
120.2 msec : 0
120.3 msec : 0
120.4 msec : 0
120.5 msec : 0
120.6 msec : 0
120.7 msec : 0
120.8 msec : 0
120.9 msec : 1
121.0 msec : 1
121.1 msec : 0
121.2 msec : 1
121.3 msec : 1
121.4 msec : 1
121.5 msec : 1
121.6 msec : 0
121.7 msec : 0
121.8 msec : 0
121.9 msec : 0
122.0 msec : 0
122.1 msec : 0
122.2 msec : 3
122.3 msec : 0
122.4 msec : 0
122.5 msec : 1
122.6 msec : 0
122.7 msec : 0
122.8 msec : 0
122.9 msec : 0
123.0 msec : 0
123.1 msec : 0
123.2 msec : 0
123.3 msec : 1
123.4 msec : 0
123.5 msec : 0
123.6 msec : 0
123.7 msec : 1
123.8 msec : 0
123.9 msec : 0
124.0 msec : 0
124.1 msec : 1
124.2 msec : 0
124.3 msec : 0
124.4 msec : 0
124.5 msec : 1
124.6 msec : 0
124.7 msec : 0
124.8 msec : 0
124.9 msec : 0
125.0 msec : 0
125.1 msec : 0
125.2 msec : 0
125.3 msec : 0
125.4 msec : 0
125.5 msec : 0
125.6 msec : 0
125.7 msec : 0
125.8 msec : 0
125.9 msec : 1
126.0 msec : 1
126.1 msec : 1
126.2 msec : 0
126.3 msec : 0
126.4 msec : 1
126.5 msec : 1
126.6 msec : 0
126.7 msec : 2
126.8 msec : 1
126.9 msec : 0
127.0 msec : 0
127.1 msec : 0
127.2 msec : 0
127.3 msec : 0
127.4 msec : 2
127.5 msec : 0
127.6 msec : 1
127.7 msec : 0
127.8 msec : 0
127.9 msec : 0
128.0 msec : 0
128.1 msec : 0
128.2 msec : 0
128.3 msec : 2
128.4 msec : 0
128.5 msec : 0
128.6 msec : 0
128.7 msec : 2
128.8 msec : 0
128.9 msec : 0
129.0 msec : 2
129.1 msec : 2
129.2 msec : 0
129.3 msec : 0
129.4 msec : 1
129.5 msec : 1
129.6 msec : 0
129.7 msec : 1
129.8 msec : 0
129.9 msec : 0
130.0 msec : 3
130.1 msec : 0
130.2 msec : 0
130.3 msec : 0
130.4 msec : 1
130.5 msec : 0
130.6 msec : 0
130.7 msec : 1
130.8 msec : 0
130.9 msec : 0
131.0 msec : 0
131.1 msec : 0
131.2 msec : 1
131.3 msec : 0
131.4 msec : 0
131.5 msec : 0
131.6 msec : 0
131.7 msec : 0
131.8 msec : 0
131.9 msec : 0
132.0 msec : 0
132.1 msec : 0
132.2 msec : 0
132.3 msec : 0
132.4 msec : 0
132.5 msec : 0
132.6 msec : 0
132.7 msec : 1
132.8 msec : 0
132.9 msec : 0
133.0 msec : 0
133.1 msec : 0
133.2 msec : 0
133.3 msec : 0
133.4 msec : 0
133.5 msec : 0
133.6 msec : 0
133.7 msec : 0
133.8 msec : 1
133.9 msec : 0
134.0 msec : 0
134.1 msec : 0
134.2 msec : 0
134.3 msec : 0
134.4 msec : 0
134.5 msec : 0
134.6 msec : 0
134.7 msec : 0
134.8 msec : 0
134.9 msec : 0
135.0 msec : 0
135.1 msec : 0
135.2 msec : 0
135.3 msec : 1
135.4 msec : 1
135.5 msec : 0
135.6 msec : 0
135.7 msec : 0
135.8 msec : 0
135.9 msec : 0
136.0 msec : 0
136.1 msec : 0
136.2 msec : 0
136.3 msec : 0
136.4 msec : 0
136.5 msec : 0
136.6 msec : 0
136.7 msec : 0
136.8 msec : 0
136.9 msec : 0
137.0 msec : 0
137.1 msec : 0
137.2 msec : 0
137.3 msec : 0
137.4 msec : 0
137.5 msec : 0
137.6 msec : 0
137.7 msec : 0
137.8 msec : 0
137.9 msec : 0
138.0 msec : 0
138.1 msec : 0
138.2 msec : 0
138.3 msec : 0
138.4 msec : 0
138.5 msec : 0
138.6 msec : 0
138.7 msec : 0
138.8 msec : 0
138.9 msec : 0
139.0 msec : 0
139.1 msec : 0
139.2 msec : 0
139.3 msec : 0
139.4 msec : 0
139.5 msec : 0
139.6 msec : 0
139.7 msec : 0
139.8 msec : 0
139.9 msec : 1
140.0 msec : 0
140.1 msec : 0
140.2 msec : 1
140.3 msec : 0
140.4 msec : 0
140.5 msec : 0
140.6 msec : 3
140.7 msec : 1
140.8 msec : 0
140.9 msec : 2
141.0 msec : 1
141.1 msec : 1
141.2 msec : 0
141.3 msec : 0
141.4 msec : 0
141.5 msec : 1
141.6 msec : 0
141.7 msec : 0
141.8 msec : 0
141.9 msec : 0
142.0 msec : 0
142.1 msec : 0
142.2 msec : 0
142.3 msec : 0
142.4 msec : 0
142.5 msec : 0
142.6 msec : 0
142.7 msec : 0
142.8 msec : 0
142.9 msec : 0
143.0 msec : 0
143.1 msec : 0
143.2 msec : 0
143.3 msec : 0
143.4 msec : 0
143.5 msec : 0
143.6 msec : 0
143.7 msec : 0
143.8 msec : 0
143.9 msec : 0
144.0 msec : 0
144.1 msec : 0
144.2 msec : 0
144.3 msec : 0
144.4 msec : 0
144.5 msec : 0
144.6 msec : 0
144.7 msec : 0
144.8 msec : 0
144.9 msec : 0
145.0 msec : 0
145.1 msec : 0
145.2 msec : 0
145.3 msec : 0
145.4 msec : 0
145.5 msec : 0
145.6 msec : 0
145.7 msec : 0
145.8 msec : 0
145.9 msec : 0
146.0 msec : 0
146.1 msec : 0
146.2 msec : 1
146.3 msec : 0
146.4 msec : 0
146.5 msec : 0
146.6 msec : 0
146.7 msec : 0
146.8 msec : 0
146.9 msec : 2
147.0 msec : 0
147.1 msec : 0
147.2 msec : 2
147.3 msec : 0
147.4 msec : 1
147.5 msec : 2
147.6 msec : 0
147.7 msec : 1
147.8 msec : 2
147.9 msec : 1
148.0 msec : 2
148.1 msec : 3
148.2 msec : 0
148.3 msec : 0
148.4 msec : 1
148.5 msec : 1
148.6 msec : 2
148.7 msec : 0
148.8 msec : 1
148.9 msec : 2
149.0 msec : 1
149.1 msec : 0
149.2 msec : 0
149.3 msec : 2
149.4 msec : 0
149.5 msec : 2
149.6 msec : 0
149.7 msec : 0
149.8 msec : 1
149.9 msec : 1
150.0 msec : 0
150.1 msec : 0
150.2 msec : 0
150.3 msec : 0
150.4 msec : 1
150.5 msec : 0
150.6 msec : 1
150.7 msec : 0
150.8 msec : 0
150.9 msec : 0
151.0 msec : 0
151.1 msec : 0
151.2 msec : 0
151.3 msec : 0
151.4 msec : 0
151.5 msec : 0
151.6 msec : 0
151.7 msec : 0
151.8 msec : 0
151.9 msec : 0
152.0 msec : 0
152.1 msec : 0
152.2 msec : 0
152.3 msec : 0
152.4 msec : 0
152.5 msec : 1
152.6 msec : 0
152.7 msec : 0
152.8 msec : 0
152.9 msec : 0
153.0 msec : 0
153.1 msec : 0
153.2 msec : 0
153.3 msec : 0
153.4 msec : 0
153.5 msec : 0
153.6 msec : 0
