Middleware started...
Middleware shuts down...
Smaller resolution statistics are in a log file...
Final aggregates per worker:


Worker 46
Average throughput (ops/sec) = 9
Average response time (msec) = 0.9962857704918033
Average queue length = 0
Average wait time in queue (msec) = 0.01805911475409836
Average service time (msec) = 0.9102534918032786
Number of SET = 0
Number of GET = 9
Number of MULTI GET = 0


Worker 47
Average throughput (ops/sec) = 9
Average response time (msec) = 0.9301865901639343
Average queue length = 0
Average wait time in queue (msec) = 0.01753383606557377
Average service time (msec) = 0.8530251639344263
Number of SET = 0
Number of GET = 9
Number of MULTI GET = 0


Worker 48
Average throughput (ops/sec) = 9
Average response time (msec) = 0.9502951967213115
Average queue length = 0
Average wait time in queue (msec) = 0.018081475409836064
Average service time (msec) = 0.8733481803278689
Number of SET = 0
Number of GET = 9
Number of MULTI GET = 0


Worker 49
Average throughput (ops/sec) = 9
Average response time (msec) = 0.9628590983606558
Average queue length = 0
Average wait time in queue (msec) = 0.018254
Average service time (msec) = 0.8829349508196721
Number of SET = 0
Number of GET = 9
Number of MULTI GET = 0


Worker 42
Average throughput (ops/sec) = 9
Average response time (msec) = 0.9786567049180327
Average queue length = 0
Average wait time in queue (msec) = 0.019068983606557375
Average service time (msec) = 0.9009552786885247
Number of SET = 0
Number of GET = 9
Number of MULTI GET = 0


Worker 43
Average throughput (ops/sec) = 9
Average response time (msec) = 0.9573874098360656
Average queue length = 0
Average wait time in queue (msec) = 0.01848727868852459
Average service time (msec) = 0.8818625737704917
Number of SET = 0
Number of GET = 9
Number of MULTI GET = 0


Worker 44
Average throughput (ops/sec) = 9
Average response time (msec) = 0.977203131147541
Average queue length = 0
Average wait time in queue (msec) = 0.017967950819672132
Average service time (msec) = 0.9006045081967213
Number of SET = 0
Number of GET = 9
Number of MULTI GET = 0


Worker 45
Average throughput (ops/sec) = 9
Average response time (msec) = 0.9722672131147541
Average queue length = 0
Average wait time in queue (msec) = 0.029895885245901636
Average service time (msec) = 0.8828843278688524
Number of SET = 0
Number of GET = 9
Number of MULTI GET = 0


Worker 50
Average throughput (ops/sec) = 9
Average response time (msec) = 0.9500396065573771
Average queue length = 0
Average wait time in queue (msec) = 0.019065098360655737
Average service time (msec) = 0.8743200163934426
Number of SET = 0
Number of GET = 9
Number of MULTI GET = 0


Worker 51
Average throughput (ops/sec) = 9
Average response time (msec) = 0.9440538196721311
Average queue length = 0
Average wait time in queue (msec) = 0.017936147540983605
Average service time (msec) = 0.8692407049180327
Number of SET = 0
Number of GET = 9
Number of MULTI GET = 0


Worker 52
Average throughput (ops/sec) = 9
Average response time (msec) = 0.9745681475409836
Average queue length = 0
Average wait time in queue (msec) = 0.018260950819672134
Average service time (msec) = 0.8982258196721311
Number of SET = 0
Number of GET = 9
Number of MULTI GET = 0


Worker 57
Average throughput (ops/sec) = 9
Average response time (msec) = 0.9158609672131147
Average queue length = 0
Average wait time in queue (msec) = 0.018742491803278687
Average service time (msec) = 0.8400818360655737
Number of SET = 0
Number of GET = 9
Number of MULTI GET = 0


Worker 13
Average throughput (ops/sec) = 9
Average response time (msec) = 1.0244864426229507
Average queue length = 0
Average wait time in queue (msec) = 0.03418595081967213
Average service time (msec) = 0.9214306721311476
Number of SET = 0
Number of GET = 9
Number of MULTI GET = 0


Worker 58
Average throughput (ops/sec) = 9
Average response time (msec) = 0.9330332295081967
Average queue length = 0
Average wait time in queue (msec) = 0.018045081967213116
Average service time (msec) = 0.8571875409836066
Number of SET = 0
Number of GET = 9
Number of MULTI GET = 0


Worker 14
Average throughput (ops/sec) = 9
Average response time (msec) = 1.0288646229508196
Average queue length = 0
Average wait time in queue (msec) = 0.03794850819672131
Average service time (msec) = 0.9169197704918033
Number of SET = 0
Number of GET = 9
Number of MULTI GET = 0


Worker 59
Average throughput (ops/sec) = 9
Average response time (msec) = 0.9775052295081967
Average queue length = 0
Average wait time in queue (msec) = 0.018863639344262294
Average service time (msec) = 0.9005137049180327
Number of SET = 0
Number of GET = 9
Number of MULTI GET = 0


Worker 15
Average throughput (ops/sec) = 9
Average response time (msec) = 0.958573
Average queue length = 0
Average wait time in queue (msec) = 0.019445622950819672
Average service time (msec) = 0.8814164590163934
Number of SET = 0
Number of GET = 9
Number of MULTI GET = 0


Worker 16
Average throughput (ops/sec) = 9
Average response time (msec) = 0.9613464590163934
Average queue length = 0
Average wait time in queue (msec) = 0.018696
Average service time (msec) = 0.8733534262295083
Number of SET = 0
Number of GET = 9
Number of MULTI GET = 0


Worker 53
Average throughput (ops/sec) = 9
Average response time (msec) = 0.9853665245901639
Average queue length = 0
Average wait time in queue (msec) = 0.01878567213114754
Average service time (msec) = 0.9086791475409837
Number of SET = 0
Number of GET = 9
Number of MULTI GET = 0


Worker 54
Average throughput (ops/sec) = 9
Average response time (msec) = 0.9765816885245902
Average queue length = 0
Average wait time in queue (msec) = 0.019761721311475407
Average service time (msec) = 0.8977933770491803
Number of SET = 0
Number of GET = 9
Number of MULTI GET = 0


Worker 10
Average throughput (ops/sec) = 9
Average response time (msec) = 1.020354213114754
Average queue length = 0
Average wait time in queue (msec) = 0.020891196721311477
Average service time (msec) = 0.9406110491803279
Number of SET = 0
Number of GET = 9
Number of MULTI GET = 0


Worker 55
Average throughput (ops/sec) = 9
Average response time (msec) = 0.9320828032786885
Average queue length = 0
Average wait time in queue (msec) = 0.018313688524590165
Average service time (msec) = 0.8549494098360656
Number of SET = 0
Number of GET = 9
Number of MULTI GET = 0


Worker 11
Average throughput (ops/sec) = 9
Average response time (msec) = 0.9803859016393442
Average queue length = 0
Average wait time in queue (msec) = 0.020063409836065572
Average service time (msec) = 0.899646131147541
Number of SET = 0
Number of GET = 9
Number of MULTI GET = 0


Worker 56
Average throughput (ops/sec) = 9
Average response time (msec) = 0.9726040655737704
Average queue length = 0
Average wait time in queue (msec) = 0.018142475409836066
Average service time (msec) = 0.8948131967213114
Number of SET = 0
Number of GET = 9
Number of MULTI GET = 0


Worker 12
Average throughput (ops/sec) = 9
Average response time (msec) = 0.9763833114754099
Average queue length = 0
Average wait time in queue (msec) = 0.018762852459016394
Average service time (msec) = 0.8994596721311476
Number of SET = 0
Number of GET = 9
Number of MULTI GET = 0


Worker 17
Average throughput (ops/sec) = 9
Average response time (msec) = 1.0120517049180326
Average queue length = 0
Average wait time in queue (msec) = 0.026299196721311476
Average service time (msec) = 0.9216509344262296
Number of SET = 0
Number of GET = 9
Number of MULTI GET = 0


Worker 18
Average throughput (ops/sec) = 9
Average response time (msec) = 0.9445050655737705
Average queue length = 0
Average wait time in queue (msec) = 0.019896622950819672
Average service time (msec) = 0.866693131147541
Number of SET = 0
Number of GET = 9
Number of MULTI GET = 0


Worker 19
Average throughput (ops/sec) = 9
Average response time (msec) = 0.9573808032786886
Average queue length = 0
Average wait time in queue (msec) = 0.018301852459016395
Average service time (msec) = 0.882671786885246
Number of SET = 0
Number of GET = 9
Number of MULTI GET = 0


Worker 60
Average throughput (ops/sec) = 9
Average response time (msec) = 1.0273072786885247
Average queue length = 0
Average wait time in queue (msec) = 0.018788475409836063
Average service time (msec) = 0.9204818360655738
Number of SET = 0
Number of GET = 9
Number of MULTI GET = 0


Worker 61
Average throughput (ops/sec) = 9
Average response time (msec) = 1.0023459344262295
Average queue length = 0
Average wait time in queue (msec) = 0.01849919672131148
Average service time (msec) = 0.9234248196721311
Number of SET = 0
Number of GET = 9
Number of MULTI GET = 0


Worker 62
Average throughput (ops/sec) = 9
Average response time (msec) = 0.9561821639344262
Average queue length = 0
Average wait time in queue (msec) = 0.022268
Average service time (msec) = 0.868557344262295
Number of SET = 0
Number of GET = 9
Number of MULTI GET = 0


Worker 63
Average throughput (ops/sec) = 9
Average response time (msec) = 0.9908269672131147
Average queue length = 0
Average wait time in queue (msec) = 0.023310622950819673
Average service time (msec) = 0.8964067049180328
Number of SET = 0
Number of GET = 9
Number of MULTI GET = 0


Worker 24
Average throughput (ops/sec) = 9
Average response time (msec) = 1.037148524590164
Average queue length = 0
Average wait time in queue (msec) = 0.018417868852459017
Average service time (msec) = 0.9623280655737705
Number of SET = 0
Number of GET = 9
Number of MULTI GET = 0


Worker 7
Average throughput (ops/sec) = 9
Average response time (msec) = 0.9456474262295083
Average queue length = 0
Average wait time in queue (msec) = 0.018785803278688524
Average service time (msec) = 0.8683296885245901
Number of SET = 0
Number of GET = 9
Number of MULTI GET = 0


Worker 25
Average throughput (ops/sec) = 9
Average response time (msec) = 0.9340121639344263
Average queue length = 0
Average wait time in queue (msec) = 0.018963475409836065
Average service time (msec) = 0.8543458196721311
Number of SET = 0
Number of GET = 9
Number of MULTI GET = 0


Worker 6
Average throughput (ops/sec) = 9
Average response time (msec) = 0.9425063442622951
Average queue length = 0
Average wait time in queue (msec) = 0.01922416393442623
Average service time (msec) = 0.8665319016393442
Number of SET = 0
Number of GET = 9
Number of MULTI GET = 0


Worker 26
Average throughput (ops/sec) = 9
Average response time (msec) = 0.9898771475409837
Average queue length = 0
Average wait time in queue (msec) = 0.019078622950819673
Average service time (msec) = 0.9145605409836066
Number of SET = 0
Number of GET = 9
Number of MULTI GET = 0


Worker 9
Average throughput (ops/sec) = 9
Average response time (msec) = 0.9913446721311476
Average queue length = 0
Average wait time in queue (msec) = 0.019096918032786885
Average service time (msec) = 0.9153339016393442
Number of SET = 0
Number of GET = 9
Number of MULTI GET = 0


Worker 27
Average throughput (ops/sec) = 9
Average response time (msec) = 0.986988262295082
Average queue length = 0
Average wait time in queue (msec) = 0.01884860655737705
Average service time (msec) = 0.9127970163934427
Number of SET = 0
Number of GET = 9
Number of MULTI GET = 0


Worker 8
Average throughput (ops/sec) = 9
Average response time (msec) = 0.964018606557377
Average queue length = 0
Average wait time in queue (msec) = 0.02131286885245902
Average service time (msec) = 0.885950524590164
Number of SET = 0
Number of GET = 9
Number of MULTI GET = 0


Worker 64
Average throughput (ops/sec) = 9
Average response time (msec) = 1.0186540163934426
Average queue length = 0
Average wait time in queue (msec) = 0.018325213114754095
Average service time (msec) = 0.9399603770491803
Number of SET = 0
Number of GET = 9
Number of MULTI GET = 0


Worker 20
Average throughput (ops/sec) = 9
Average response time (msec) = 0.9567517049180327
Average queue length = 0
Average wait time in queue (msec) = 0.019462950819672132
Average service time (msec) = 0.8651880983606557
Number of SET = 0
Number of GET = 9
Number of MULTI GET = 0


Worker 3
Average throughput (ops/sec) = 9
Average response time (msec) = 0.972068262295082
Average queue length = 0
Average wait time in queue (msec) = 0.01945577049180328
Average service time (msec) = 0.8938411967213115
Number of SET = 0
Number of GET = 9
Number of MULTI GET = 0


Worker 21
Average throughput (ops/sec) = 9
Average response time (msec) = 0.943001475409836
Average queue length = 0
Average wait time in queue (msec) = 0.01884955737704918
Average service time (msec) = 0.8686033606557377
Number of SET = 0
Number of GET = 9
Number of MULTI GET = 0


Worker 2
Average throughput (ops/sec) = 9
Average response time (msec) = 0.9815853114754098
Average queue length = 0
Average wait time in queue (msec) = 0.020275049180327867
Average service time (msec) = 0.9025799344262295
Number of SET = 0
Number of GET = 9
Number of MULTI GET = 0


Worker 22
Average throughput (ops/sec) = 9
Average response time (msec) = 0.9285512786885246
Average queue length = 0
Average wait time in queue (msec) = 0.019445049180327866
Average service time (msec) = 0.853968606557377
Number of SET = 0
Number of GET = 9
Number of MULTI GET = 0


Worker 5
Average throughput (ops/sec) = 9
Average response time (msec) = 1.0085800163934426
Average queue length = 0
Average wait time in queue (msec) = 0.018650508196721313
Average service time (msec) = 0.9310730655737705
Number of SET = 0
Number of GET = 9
Number of MULTI GET = 0


Worker 23
Average throughput (ops/sec) = 9
Average response time (msec) = 0.9725240327868853
Average queue length = 0
Average wait time in queue (msec) = 0.018476573770491802
Average service time (msec) = 0.897519655737705
Number of SET = 0
Number of GET = 9
Number of MULTI GET = 0


Worker 4
Average throughput (ops/sec) = 9
Average response time (msec) = 0.9648604426229508
Average queue length = 0
Average wait time in queue (msec) = 0.019137688524590166
Average service time (msec) = 0.8882337704918033
Number of SET = 0
Number of GET = 9
Number of MULTI GET = 0


Worker 28
Average throughput (ops/sec) = 9
Average response time (msec) = 0.9644580163934426
Average queue length = 0
Average wait time in queue (msec) = 0.01891439344262295
Average service time (msec) = 0.8832924590163934
Number of SET = 0
Number of GET = 9
Number of MULTI GET = 0


Worker 29
Average throughput (ops/sec) = 9
Average response time (msec) = 0.9636058360655737
Average queue length = 0
Average wait time in queue (msec) = 0.020241737704918033
Average service time (msec) = 0.8848545901639344
Number of SET = 0
Number of GET = 9
Number of MULTI GET = 0


Worker 1
Average throughput (ops/sec) = 9
Average response time (msec) = 1.011808180327869
Average queue length = 0
Average wait time in queue (msec) = 0.018925245901639343
Average service time (msec) = 0.934301950819672
Number of SET = 0
Number of GET = 9
Number of MULTI GET = 0


Worker 30
Average throughput (ops/sec) = 9
Average response time (msec) = 0.9991760983606557
Average queue length = 0
Average wait time in queue (msec) = 0.018341475409836064
Average service time (msec) = 0.9234000655737704
Number of SET = 0
Number of GET = 9
Number of MULTI GET = 0


Worker 35
Average throughput (ops/sec) = 9
Average response time (msec) = 0.9975517868852459
Average queue length = 0
Average wait time in queue (msec) = 0.017763016393442625
Average service time (msec) = 0.923692
Number of SET = 0
Number of GET = 9
Number of MULTI GET = 0


Worker 36
Average throughput (ops/sec) = 9
Average response time (msec) = 0.9986314590163934
Average queue length = 0
Average wait time in queue (msec) = 0.01792516393442623
Average service time (msec) = 0.9237965901639343
Number of SET = 0
Number of GET = 9
Number of MULTI GET = 0


Worker 37
Average throughput (ops/sec) = 9
Average response time (msec) = 0.975787393442623
Average queue length = 0
Average wait time in queue (msec) = 0.01838829508196721
Average service time (msec) = 0.8981605573770493
Number of SET = 0
Number of GET = 9
Number of MULTI GET = 0


Worker 38
Average throughput (ops/sec) = 9
Average response time (msec) = 0.9520609508196721
Average queue length = 0
Average wait time in queue (msec) = 0.01967577049180328
Average service time (msec) = 0.8747491967213115
Number of SET = 0
Number of GET = 9
Number of MULTI GET = 0


Worker 31
Average throughput (ops/sec) = 9
Average response time (msec) = 0.9946370983606557
Average queue length = 0
Average wait time in queue (msec) = 0.02063645901639344
Average service time (msec) = 0.9187097049180327
Number of SET = 0
Number of GET = 9
Number of MULTI GET = 0


Worker 32
Average throughput (ops/sec) = 9
Average response time (msec) = 1.003507786885246
Average queue length = 0
Average wait time in queue (msec) = 0.017665622950819675
Average service time (msec) = 0.9297240327868853
Number of SET = 0
Number of GET = 9
Number of MULTI GET = 0


Worker 33
Average throughput (ops/sec) = 9
Average response time (msec) = 0.9974343278688524
Average queue length = 0
Average wait time in queue (msec) = 0.020844278688524592
Average service time (msec) = 0.9206774426229508
Number of SET = 0
Number of GET = 9
Number of MULTI GET = 0


Worker 34
Average throughput (ops/sec) = 9
Average response time (msec) = 1.0070276229508197
Average queue length = 0
Average wait time in queue (msec) = 0.01813183606557377
Average service time (msec) = 0.9273990491803279
Number of SET = 0
Number of GET = 9
Number of MULTI GET = 0


Worker 39
Average throughput (ops/sec) = 9
Average response time (msec) = 0.9898774262295083
Average queue length = 0
Average wait time in queue (msec) = 0.01889693442622951
Average service time (msec) = 0.9113723770491803
Number of SET = 0
Number of GET = 9
Number of MULTI GET = 0


Worker 40
Average throughput (ops/sec) = 9
Average response time (msec) = 0.9079873442622951
Average queue length = 0
Average wait time in queue (msec) = 0.017991967213114753
Average service time (msec) = 0.8355610327868853
Number of SET = 0
Number of GET = 9
Number of MULTI GET = 0


Worker 41
Average throughput (ops/sec) = 9
Average response time (msec) = 0.9493515573770492
Average queue length = 0
Average wait time in queue (msec) = 0.01789945901639344
Average service time (msec) = 0.8725240655737705
Number of SET = 0
Number of GET = 9
Number of MULTI GET = 0


FINAL STATS
Average throughput (ops/sec) = 576
Average response time (msec) = 0.9645211916121158
Average queue length = 0
Average wait time in queue (msec) = 0.019822989754098363
Average service time (msec) = 0.8949649626024591
Number of SET = 0
Number of GET = 576
Number of MULTI GET = 0
Number of Cache misses = 25048


Histogram response times (0.1 msec step)
0.0 msec : 2012
0.1 msec : 11649
0.2 msec : 7202
0.3 msec : 3678
0.4 msec : 2378
0.5 msec : 1895
0.6 msec : 1302
0.7 msec : 995
0.8 msec : 775
0.9 msec : 607
1.0 msec : 505
1.1 msec : 432
1.2 msec : 356
1.3 msec : 252
1.4 msec : 238
1.5 msec : 221
1.6 msec : 173
1.7 msec : 197
1.8 msec : 123
1.9 msec : 100
2.0 msec : 92
2.1 msec : 101
2.2 msec : 73
2.3 msec : 69
2.4 msec : 51
2.5 msec : 41
2.6 msec : 31
2.7 msec : 47
2.8 msec : 44
2.9 msec : 38
3.0 msec : 37
3.1 msec : 25
3.2 msec : 26
3.3 msec : 21
3.4 msec : 18
3.5 msec : 18
3.6 msec : 16
3.7 msec : 15
3.8 msec : 16
3.9 msec : 9
4.0 msec : 10
4.1 msec : 10
4.2 msec : 5
4.3 msec : 6
4.4 msec : 7
4.5 msec : 11
4.6 msec : 0
4.7 msec : 4
4.8 msec : 5
4.9 msec : 3
5.0 msec : 5
5.1 msec : 5
5.2 msec : 5
5.3 msec : 7
5.4 msec : 5
5.5 msec : 4
5.6 msec : 6
5.7 msec : 3
5.8 msec : 4
5.9 msec : 1
6.0 msec : 8
6.1 msec : 5
6.2 msec : 4
6.3 msec : 2
6.4 msec : 1
6.5 msec : 0
6.6 msec : 4
6.7 msec : 2
6.8 msec : 3
6.9 msec : 1
7.0 msec : 2
7.1 msec : 2
7.2 msec : 6
7.3 msec : 0
7.4 msec : 1
7.5 msec : 3
7.6 msec : 1
7.7 msec : 1
7.8 msec : 1
7.9 msec : 1
8.0 msec : 3
8.1 msec : 1
8.2 msec : 3
8.3 msec : 1
8.4 msec : 2
8.5 msec : 1
8.6 msec : 0
8.7 msec : 0
8.8 msec : 0
8.9 msec : 0
9.0 msec : 1
9.1 msec : 0
9.2 msec : 0
9.3 msec : 0
9.4 msec : 1
9.5 msec : 0
9.6 msec : 0
9.7 msec : 0
9.8 msec : 0
9.9 msec : 0
10.0 msec : 0
10.1 msec : 0
10.2 msec : 0
10.3 msec : 0
10.4 msec : 0
10.5 msec : 0
10.6 msec : 1
10.7 msec : 0
10.8 msec : 0
10.9 msec : 0
11.0 msec : 0
11.1 msec : 0
11.2 msec : 0
11.3 msec : 0
11.4 msec : 0
11.5 msec : 0
11.6 msec : 0
11.7 msec : 0
11.8 msec : 0
11.9 msec : 2
12.0 msec : 0
12.1 msec : 0
12.2 msec : 0
12.3 msec : 0
12.4 msec : 0
12.5 msec : 0
12.6 msec : 0
12.7 msec : 0
12.8 msec : 0
12.9 msec : 0
13.0 msec : 0
13.1 msec : 0
13.2 msec : 0
13.3 msec : 0
13.4 msec : 0
13.5 msec : 0
13.6 msec : 0
13.7 msec : 0
13.8 msec : 1
13.9 msec : 0
14.0 msec : 1
14.1 msec : 0
14.2 msec : 0
14.3 msec : 0
14.4 msec : 0
14.5 msec : 0
14.6 msec : 0
14.7 msec : 0
14.8 msec : 0
14.9 msec : 0
15.0 msec : 0
15.1 msec : 0
15.2 msec : 0
15.3 msec : 0
15.4 msec : 0
15.5 msec : 0
15.6 msec : 0
15.7 msec : 0
15.8 msec : 0
15.9 msec : 0
16.0 msec : 0
16.1 msec : 0
16.2 msec : 1
16.3 msec : 0
16.4 msec : 0
16.5 msec : 0
16.6 msec : 0
16.7 msec : 0
16.8 msec : 0
16.9 msec : 0
17.0 msec : 0
17.1 msec : 0
17.2 msec : 0
17.3 msec : 0
17.4 msec : 0
17.5 msec : 0
17.6 msec : 0
17.7 msec : 0
17.8 msec : 0
17.9 msec : 0
