Middleware started...
Middleware shuts down...
Smaller resolution statistics are in a log file...
Final aggregates per worker:


Worker 46
Average throughput (ops/sec) = 107
Average response time (msec) = 1.7187065081967212
Average queue length = 1
Average wait time in queue (msec) = 0.3453177049180328
Average service time (msec) = 1.293885344262295
Number of SET = 0
Number of GET = 107
Number of MULTI GET = 0


Worker 47
Average throughput (ops/sec) = 104
Average response time (msec) = 1.6779046393442623
Average queue length = 1
Average wait time in queue (msec) = 0.26727531147540984
Average service time (msec) = 1.3325170655737706
Number of SET = 0
Number of GET = 104
Number of MULTI GET = 0


Worker 48
Average throughput (ops/sec) = 105
Average response time (msec) = 1.6194666557377049
Average queue length = 1
Average wait time in queue (msec) = 0.2667241803278688
Average service time (msec) = 1.2683024426229508
Number of SET = 0
Number of GET = 105
Number of MULTI GET = 0


Worker 49
Average throughput (ops/sec) = 105
Average response time (msec) = 1.7542188688524591
Average queue length = 1
Average wait time in queue (msec) = 0.3555165409836065
Average service time (msec) = 1.325817
Number of SET = 0
Number of GET = 105
Number of MULTI GET = 0


Worker 42
Average throughput (ops/sec) = 106
Average response time (msec) = 1.610946901639344
Average queue length = 1
Average wait time in queue (msec) = 0.27258831147540985
Average service time (msec) = 1.265367049180328
Number of SET = 0
Number of GET = 106
Number of MULTI GET = 0


Worker 43
Average throughput (ops/sec) = 105
Average response time (msec) = 1.634976213114754
Average queue length = 1
Average wait time in queue (msec) = 0.25474250819672134
Average service time (msec) = 1.3090051475409834
Number of SET = 0
Number of GET = 105
Number of MULTI GET = 0


Worker 44
Average throughput (ops/sec) = 105
Average response time (msec) = 1.613888262295082
Average queue length = 2
Average wait time in queue (msec) = 0.2498777868852459
Average service time (msec) = 1.2908843114754098
Number of SET = 0
Number of GET = 105
Number of MULTI GET = 0


Worker 45
Average throughput (ops/sec) = 106
Average response time (msec) = 1.6078322459016394
Average queue length = 2
Average wait time in queue (msec) = 0.2578349344262295
Average service time (msec) = 1.2675550327868852
Number of SET = 0
Number of GET = 106
Number of MULTI GET = 0


Worker 50
Average throughput (ops/sec) = 106
Average response time (msec) = 1.6205192786885245
Average queue length = 1
Average wait time in queue (msec) = 0.25103718032786887
Average service time (msec) = 1.2924376721311475
Number of SET = 0
Number of GET = 106
Number of MULTI GET = 0


Worker 51
Average throughput (ops/sec) = 105
Average response time (msec) = 1.5965847868852459
Average queue length = 1
Average wait time in queue (msec) = 0.23149824590163934
Average service time (msec) = 1.2959599836065574
Number of SET = 0
Number of GET = 105
Number of MULTI GET = 0


Worker 52
Average throughput (ops/sec) = 106
Average response time (msec) = 1.5872106721311474
Average queue length = 1
Average wait time in queue (msec) = 0.24048868852459016
Average service time (msec) = 1.2754878852459015
Number of SET = 0
Number of GET = 106
Number of MULTI GET = 0


Worker 57
Average throughput (ops/sec) = 104
Average response time (msec) = 1.637355655737705
Average queue length = 1
Average wait time in queue (msec) = 0.26603034426229505
Average service time (msec) = 1.2896180983606558
Number of SET = 0
Number of GET = 104
Number of MULTI GET = 0


Worker 13
Average throughput (ops/sec) = 106
Average response time (msec) = 1.6205859836065573
Average queue length = 2
Average wait time in queue (msec) = 0.2502996721311475
Average service time (msec) = 1.280456
Number of SET = 0
Number of GET = 106
Number of MULTI GET = 0


Worker 58
Average throughput (ops/sec) = 105
Average response time (msec) = 1.6939782459016393
Average queue length = 1
Average wait time in queue (msec) = 0.32248339344262295
Average service time (msec) = 1.3024815081967214
Number of SET = 0
Number of GET = 105
Number of MULTI GET = 0


Worker 14
Average throughput (ops/sec) = 108
Average response time (msec) = 1.671873262295082
Average queue length = 2
Average wait time in queue (msec) = 0.2830495081967213
Average service time (msec) = 1.3120335901639346
Number of SET = 0
Number of GET = 108
Number of MULTI GET = 0


Worker 59
Average throughput (ops/sec) = 105
Average response time (msec) = 1.608917475409836
Average queue length = 1
Average wait time in queue (msec) = 0.276586524590164
Average service time (msec) = 1.2646900327868853
Number of SET = 0
Number of GET = 105
Number of MULTI GET = 0


Worker 15
Average throughput (ops/sec) = 106
Average response time (msec) = 1.6749520655737706
Average queue length = 2
Average wait time in queue (msec) = 0.2896600983606557
Average service time (msec) = 1.3097205409836066
Number of SET = 0
Number of GET = 106
Number of MULTI GET = 0


Worker 16
Average throughput (ops/sec) = 105
Average response time (msec) = 1.6179319508196721
Average queue length = 2
Average wait time in queue (msec) = 0.24108452459016394
Average service time (msec) = 1.2985389344262295
Number of SET = 0
Number of GET = 105
Number of MULTI GET = 0


Worker 53
Average throughput (ops/sec) = 105
Average response time (msec) = 1.7062101311475408
Average queue length = 2
Average wait time in queue (msec) = 0.262746737704918
Average service time (msec) = 1.3697093934426228
Number of SET = 0
Number of GET = 105
Number of MULTI GET = 0


Worker 54
Average throughput (ops/sec) = 105
Average response time (msec) = 1.6357408196721313
Average queue length = 1
Average wait time in queue (msec) = 0.2550328524590164
Average service time (msec) = 1.2850023114754099
Number of SET = 0
Number of GET = 105
Number of MULTI GET = 0


Worker 10
Average throughput (ops/sec) = 105
Average response time (msec) = 1.6193395573770493
Average queue length = 2
Average wait time in queue (msec) = 0.2464400163934426
Average service time (msec) = 1.2841556393442621
Number of SET = 0
Number of GET = 105
Number of MULTI GET = 0


Worker 55
Average throughput (ops/sec) = 106
Average response time (msec) = 1.7630811639344262
Average queue length = 2
Average wait time in queue (msec) = 0.2589915901639344
Average service time (msec) = 1.323944868852459
Number of SET = 0
Number of GET = 106
Number of MULTI GET = 0


Worker 11
Average throughput (ops/sec) = 106
Average response time (msec) = 1.6626388196721311
Average queue length = 2
Average wait time in queue (msec) = 0.2766445409836065
Average service time (msec) = 1.3013874098360656
Number of SET = 0
Number of GET = 106
Number of MULTI GET = 0


Worker 56
Average throughput (ops/sec) = 106
Average response time (msec) = 1.5934696393442622
Average queue length = 1
Average wait time in queue (msec) = 0.24599267213114753
Average service time (msec) = 1.2813946557377047
Number of SET = 0
Number of GET = 106
Number of MULTI GET = 0


Worker 12
Average throughput (ops/sec) = 106
Average response time (msec) = 1.6017869672131146
Average queue length = 1
Average wait time in queue (msec) = 0.2544947049180328
Average service time (msec) = 1.2756108852459016
Number of SET = 0
Number of GET = 106
Number of MULTI GET = 0


Worker 17
Average throughput (ops/sec) = 106
Average response time (msec) = 1.6841038360655738
Average queue length = 2
Average wait time in queue (msec) = 0.29837704918032787
Average service time (msec) = 1.2983590491803279
Number of SET = 0
Number of GET = 106
Number of MULTI GET = 0


Worker 18
Average throughput (ops/sec) = 106
Average response time (msec) = 1.65712768852459
Average queue length = 2
Average wait time in queue (msec) = 0.2614596885245902
Average service time (msec) = 1.3222292786885246
Number of SET = 0
Number of GET = 106
Number of MULTI GET = 0


Worker 19
Average throughput (ops/sec) = 106
Average response time (msec) = 1.5659049672131147
Average queue length = 2
Average wait time in queue (msec) = 0.2386385737704918
Average service time (msec) = 1.2414424098360655
Number of SET = 0
Number of GET = 106
Number of MULTI GET = 0


Worker 60
Average throughput (ops/sec) = 105
Average response time (msec) = 1.639916950819672
Average queue length = 1
Average wait time in queue (msec) = 0.2804663770491803
Average service time (msec) = 1.2776607213114755
Number of SET = 0
Number of GET = 105
Number of MULTI GET = 0


Worker 61
Average throughput (ops/sec) = 105
Average response time (msec) = 1.704389868852459
Average queue length = 2
Average wait time in queue (msec) = 0.35964880327868853
Average service time (msec) = 1.262778426229508
Number of SET = 0
Number of GET = 105
Number of MULTI GET = 0


Worker 62
Average throughput (ops/sec) = 104
Average response time (msec) = 1.64021931147541
Average queue length = 1
Average wait time in queue (msec) = 0.24855818032786883
Average service time (msec) = 1.2971124918032786
Number of SET = 0
Number of GET = 104
Number of MULTI GET = 0


Worker 63
Average throughput (ops/sec) = 105
Average response time (msec) = 1.6573095901639345
Average queue length = 1
Average wait time in queue (msec) = 0.28922978688524587
Average service time (msec) = 1.2959589836065573
Number of SET = 0
Number of GET = 105
Number of MULTI GET = 0


Worker 24
Average throughput (ops/sec) = 105
Average response time (msec) = 1.6281357049180327
Average queue length = 1
Average wait time in queue (msec) = 0.27773454098360656
Average service time (msec) = 1.2686661147540985
Number of SET = 0
Number of GET = 105
Number of MULTI GET = 0


Worker 7
Average throughput (ops/sec) = 105
Average response time (msec) = 1.6452939016393442
Average queue length = 1
Average wait time in queue (msec) = 0.26756932786885246
Average service time (msec) = 1.2975750655737706
Number of SET = 0
Number of GET = 105
Number of MULTI GET = 0


Worker 25
Average throughput (ops/sec) = 106
Average response time (msec) = 1.5904728196721312
Average queue length = 1
Average wait time in queue (msec) = 0.25741732786885246
Average service time (msec) = 1.243401262295082
Number of SET = 0
Number of GET = 106
Number of MULTI GET = 0


Worker 6
Average throughput (ops/sec) = 105
Average response time (msec) = 1.6038757704918032
Average queue length = 1
Average wait time in queue (msec) = 0.2579754426229508
Average service time (msec) = 1.2642487213114755
Number of SET = 0
Number of GET = 105
Number of MULTI GET = 0


Worker 26
Average throughput (ops/sec) = 105
Average response time (msec) = 1.633649131147541
Average queue length = 1
Average wait time in queue (msec) = 0.26639909836065573
Average service time (msec) = 1.2862309836065573
Number of SET = 0
Number of GET = 105
Number of MULTI GET = 0


Worker 9
Average throughput (ops/sec) = 106
Average response time (msec) = 1.6169029016393441
Average queue length = 1
Average wait time in queue (msec) = 0.26762936065573767
Average service time (msec) = 1.2797
Number of SET = 0
Number of GET = 106
Number of MULTI GET = 0


Worker 27
Average throughput (ops/sec) = 106
Average response time (msec) = 1.6092202295081968
Average queue length = 0
Average wait time in queue (msec) = 0.2531457213114754
Average service time (msec) = 1.2857862131147542
Number of SET = 0
Number of GET = 106
Number of MULTI GET = 0


Worker 8
Average throughput (ops/sec) = 105
Average response time (msec) = 1.6236764426229509
Average queue length = 1
Average wait time in queue (msec) = 0.2561012131147541
Average service time (msec) = 1.2957964918032787
Number of SET = 0
Number of GET = 105
Number of MULTI GET = 0


Worker 64
Average throughput (ops/sec) = 106
Average response time (msec) = 1.639459393442623
Average queue length = 2
Average wait time in queue (msec) = 0.28032934426229505
Average service time (msec) = 1.2714534426229507
Number of SET = 0
Number of GET = 106
Number of MULTI GET = 0


Worker 20
Average throughput (ops/sec) = 105
Average response time (msec) = 1.624771360655738
Average queue length = 1
Average wait time in queue (msec) = 0.264827868852459
Average service time (msec) = 1.283366163934426
Number of SET = 0
Number of GET = 105
Number of MULTI GET = 0


Worker 3
Average throughput (ops/sec) = 106
Average response time (msec) = 1.6430857049180327
Average queue length = 2
Average wait time in queue (msec) = 0.27925219672131146
Average service time (msec) = 1.2972371967213114
Number of SET = 0
Number of GET = 106
Number of MULTI GET = 0


Worker 21
Average throughput (ops/sec) = 105
Average response time (msec) = 1.661191
Average queue length = 2
Average wait time in queue (msec) = 0.2729600655737705
Average service time (msec) = 1.3137866885245901
Number of SET = 0
Number of GET = 105
Number of MULTI GET = 0


Worker 2
Average throughput (ops/sec) = 106
Average response time (msec) = 1.6865822459016393
Average queue length = 1
Average wait time in queue (msec) = 0.25580147540983605
Average service time (msec) = 1.3242538360655738
Number of SET = 0
Number of GET = 106
Number of MULTI GET = 0


Worker 22
Average throughput (ops/sec) = 105
Average response time (msec) = 1.6340309344262294
Average queue length = 2
Average wait time in queue (msec) = 0.28100331147540986
Average service time (msec) = 1.2892985409836066
Number of SET = 0
Number of GET = 105
Number of MULTI GET = 0


Worker 5
Average throughput (ops/sec) = 104
Average response time (msec) = 1.644442524590164
Average queue length = 1
Average wait time in queue (msec) = 0.24481365573770492
Average service time (msec) = 1.304731606557377
Number of SET = 0
Number of GET = 104
Number of MULTI GET = 0


Worker 23
Average throughput (ops/sec) = 104
Average response time (msec) = 1.6433857704918033
Average queue length = 1
Average wait time in queue (msec) = 0.25671390163934427
Average service time (msec) = 1.313889262295082
Number of SET = 0
Number of GET = 104
Number of MULTI GET = 0


Worker 4
Average throughput (ops/sec) = 105
Average response time (msec) = 1.6170115081967213
Average queue length = 2
Average wait time in queue (msec) = 0.24191360655737706
Average service time (msec) = 1.2907448360655738
Number of SET = 0
Number of GET = 105
Number of MULTI GET = 0


Worker 28
Average throughput (ops/sec) = 106
Average response time (msec) = 1.5979460327868853
Average queue length = 0
Average wait time in queue (msec) = 0.25568159016393444
Average service time (msec) = 1.2676611967213114
Number of SET = 0
Number of GET = 106
Number of MULTI GET = 0


Worker 29
Average throughput (ops/sec) = 105
Average response time (msec) = 1.614542524590164
Average queue length = 1
Average wait time in queue (msec) = 0.26955639344262294
Average service time (msec) = 1.2735841475409835
Number of SET = 0
Number of GET = 105
Number of MULTI GET = 0


Worker 1
Average throughput (ops/sec) = 105
Average response time (msec) = 1.6442735081967212
Average queue length = 0
Average wait time in queue (msec) = 0.27837765573770495
Average service time (msec) = 1.2875724590163935
Number of SET = 0
Number of GET = 105
Number of MULTI GET = 0


Worker 30
Average throughput (ops/sec) = 105
Average response time (msec) = 1.6296971639344262
Average queue length = 1
Average wait time in queue (msec) = 0.24847211475409836
Average service time (msec) = 1.3010065245901639
Number of SET = 0
Number of GET = 105
Number of MULTI GET = 0


Worker 35
Average throughput (ops/sec) = 104
Average response time (msec) = 1.630179
Average queue length = 1
Average wait time in queue (msec) = 0.2461935901639344
Average service time (msec) = 1.3079924098360656
Number of SET = 0
Number of GET = 104
Number of MULTI GET = 0


Worker 36
Average throughput (ops/sec) = 106
Average response time (msec) = 1.6300588032786887
Average queue length = 1
Average wait time in queue (msec) = 0.2533586229508197
Average service time (msec) = 1.2901275409836066
Number of SET = 0
Number of GET = 106
Number of MULTI GET = 0


Worker 37
Average throughput (ops/sec) = 104
Average response time (msec) = 1.6577880983606559
Average queue length = 1
Average wait time in queue (msec) = 0.2996893770491803
Average service time (msec) = 1.2862224754098361
Number of SET = 0
Number of GET = 104
Number of MULTI GET = 0


Worker 38
Average throughput (ops/sec) = 104
Average response time (msec) = 1.6401933442622951
Average queue length = 1
Average wait time in queue (msec) = 0.2634428524590164
Average service time (msec) = 1.3047777213114753
Number of SET = 0
Number of GET = 104
Number of MULTI GET = 0


Worker 31
Average throughput (ops/sec) = 107
Average response time (msec) = 1.6423964426229507
Average queue length = 2
Average wait time in queue (msec) = 0.2610644426229508
Average service time (msec) = 1.3017664754098361
Number of SET = 0
Number of GET = 107
Number of MULTI GET = 0


Worker 32
Average throughput (ops/sec) = 106
Average response time (msec) = 1.6042100983606558
Average queue length = 2
Average wait time in queue (msec) = 0.25081016393442623
Average service time (msec) = 1.277896737704918
Number of SET = 0
Number of GET = 106
Number of MULTI GET = 0


Worker 33
Average throughput (ops/sec) = 105
Average response time (msec) = 1.6137118688524592
Average queue length = 1
Average wait time in queue (msec) = 0.2412132131147541
Average service time (msec) = 1.2987539344262296
Number of SET = 0
Number of GET = 105
Number of MULTI GET = 0


Worker 34
Average throughput (ops/sec) = 106
Average response time (msec) = 1.6252232786885246
Average queue length = 2
Average wait time in queue (msec) = 0.2770188852459016
Average service time (msec) = 1.268757655737705
Number of SET = 0
Number of GET = 106
Number of MULTI GET = 0


Worker 39
Average throughput (ops/sec) = 106
Average response time (msec) = 1.644853262295082
Average queue length = 1
Average wait time in queue (msec) = 0.26679111475409834
Average service time (msec) = 1.2956272459016394
Number of SET = 0
Number of GET = 106
Number of MULTI GET = 0


Worker 40
Average throughput (ops/sec) = 107
Average response time (msec) = 1.5698673934426228
Average queue length = 1
Average wait time in queue (msec) = 0.249102
Average service time (msec) = 1.2516532950819672
Number of SET = 0
Number of GET = 107
Number of MULTI GET = 0


Worker 41
Average throughput (ops/sec) = 106
Average response time (msec) = 1.6472481147540985
Average queue length = 1
Average wait time in queue (msec) = 0.2839316721311475
Average service time (msec) = 1.2747552459016394
Number of SET = 0
Number of GET = 106
Number of MULTI GET = 0


FINAL STATS
Average throughput (ops/sec) = 6746
Average response time (msec) = 1.5690649186645904
Average queue length = 1
Average wait time in queue (msec) = 0.267579815317623
Average service time (msec) = 1.2904660258709015
Number of SET = 0
Number of GET = 6746
Number of MULTI GET = 0
Number of Cache misses = 249253


Histogram response times (0.1 msec step)
0.0 msec : 856
0.1 msec : 8283
0.2 msec : 23570
0.3 msec : 36871
0.4 msec : 44825
0.5 msec : 47743
0.6 msec : 46460
0.7 msec : 40738
0.8 msec : 33626
0.9 msec : 26747
1.0 msec : 20163
1.1 msec : 14905
1.2 msec : 10476
1.3 msec : 7361
1.4 msec : 5123
1.5 msec : 3650
1.6 msec : 2729
1.7 msec : 2137
1.8 msec : 1701
1.9 msec : 1363
2.0 msec : 1146
2.1 msec : 975
2.2 msec : 794
2.3 msec : 774
2.4 msec : 730
2.5 msec : 585
2.6 msec : 512
2.7 msec : 589
2.8 msec : 435
2.9 msec : 384
3.0 msec : 466
3.1 msec : 372
3.2 msec : 448
3.3 msec : 370
3.4 msec : 364
3.5 msec : 363
3.6 msec : 325
3.7 msec : 367
3.8 msec : 333
3.9 msec : 318
4.0 msec : 314
4.1 msec : 278
4.2 msec : 274
4.3 msec : 283
4.4 msec : 226
4.5 msec : 285
4.6 msec : 218
4.7 msec : 209
4.8 msec : 185
4.9 msec : 190
5.0 msec : 220
5.1 msec : 168
5.2 msec : 263
5.3 msec : 445
5.4 msec : 1004
5.5 msec : 1252
5.6 msec : 1258
5.7 msec : 1445
5.8 msec : 1555
5.9 msec : 1632
6.0 msec : 1551
6.1 msec : 1382
6.2 msec : 1234
6.3 msec : 994
6.4 msec : 998
6.5 msec : 815
6.6 msec : 584
6.7 msec : 505
6.8 msec : 459
6.9 msec : 350
7.0 msec : 215
7.1 msec : 188
7.2 msec : 170
7.3 msec : 145
7.4 msec : 94
7.5 msec : 117
7.6 msec : 99
7.7 msec : 85
7.8 msec : 95
7.9 msec : 84
8.0 msec : 84
8.1 msec : 76
8.2 msec : 67
8.3 msec : 73
8.4 msec : 70
8.5 msec : 44
8.6 msec : 43
8.7 msec : 26
8.8 msec : 55
8.9 msec : 29
9.0 msec : 26
9.1 msec : 40
9.2 msec : 47
9.3 msec : 26
9.4 msec : 36
9.5 msec : 26
9.6 msec : 32
9.7 msec : 27
9.8 msec : 39
9.9 msec : 47
10.0 msec : 55
10.1 msec : 40
10.2 msec : 36
10.3 msec : 23
10.4 msec : 15
10.5 msec : 22
10.6 msec : 22
10.7 msec : 19
10.8 msec : 9
10.9 msec : 13
11.0 msec : 19
11.1 msec : 18
11.2 msec : 12
11.3 msec : 19
11.4 msec : 8
11.5 msec : 27
11.6 msec : 12
11.7 msec : 15
11.8 msec : 6
11.9 msec : 7
12.0 msec : 7
12.1 msec : 2
12.2 msec : 2
12.3 msec : 1
12.4 msec : 7
12.5 msec : 5
12.6 msec : 8
12.7 msec : 5
12.8 msec : 7
12.9 msec : 12
13.0 msec : 12
13.1 msec : 7
13.2 msec : 2
13.3 msec : 2
13.4 msec : 6
13.5 msec : 6
13.6 msec : 8
13.7 msec : 6
13.8 msec : 5
13.9 msec : 7
14.0 msec : 2
14.1 msec : 3
14.2 msec : 2
14.3 msec : 3
14.4 msec : 5
14.5 msec : 3
14.6 msec : 5
14.7 msec : 9
14.8 msec : 6
14.9 msec : 3
15.0 msec : 7
15.1 msec : 9
15.2 msec : 13
15.3 msec : 20
15.4 msec : 18
15.5 msec : 12
15.6 msec : 4
15.7 msec : 8
15.8 msec : 10
15.9 msec : 4
16.0 msec : 2
16.1 msec : 6
16.2 msec : 5
16.3 msec : 3
16.4 msec : 4
16.5 msec : 2
16.6 msec : 6
16.7 msec : 2
16.8 msec : 2
16.9 msec : 1
17.0 msec : 3
17.1 msec : 3
17.2 msec : 2
17.3 msec : 2
17.4 msec : 8
17.5 msec : 8
17.6 msec : 3
17.7 msec : 3
17.8 msec : 5
17.9 msec : 2
18.0 msec : 1
18.1 msec : 0
18.2 msec : 0
18.3 msec : 2
18.4 msec : 0
18.5 msec : 0
18.6 msec : 0
18.7 msec : 0
18.8 msec : 2
18.9 msec : 1
19.0 msec : 0
19.1 msec : 1
19.2 msec : 3
19.3 msec : 4
19.4 msec : 0
19.5 msec : 0
19.6 msec : 0
19.7 msec : 2
19.8 msec : 0
19.9 msec : 0
20.0 msec : 1
20.1 msec : 1
20.2 msec : 3
20.3 msec : 1
20.4 msec : 0
20.5 msec : 1
20.6 msec : 2
20.7 msec : 0
20.8 msec : 1
20.9 msec : 0
21.0 msec : 0
21.1 msec : 0
21.2 msec : 0
21.3 msec : 2
21.4 msec : 1
21.5 msec : 3
21.6 msec : 1
21.7 msec : 3
21.8 msec : 1
21.9 msec : 3
22.0 msec : 0
22.1 msec : 0
22.2 msec : 0
22.3 msec : 0
22.4 msec : 0
22.5 msec : 0
22.6 msec : 0
22.7 msec : 0
22.8 msec : 0
22.9 msec : 0
23.0 msec : 0
23.1 msec : 0
23.2 msec : 3
23.3 msec : 0
23.4 msec : 1
23.5 msec : 0
23.6 msec : 0
23.7 msec : 2
23.8 msec : 1
23.9 msec : 0
24.0 msec : 0
24.1 msec : 0
24.2 msec : 0
24.3 msec : 0
24.4 msec : 0
24.5 msec : 0
24.6 msec : 0
24.7 msec : 0
24.8 msec : 0
24.9 msec : 0
25.0 msec : 0
25.1 msec : 0
25.2 msec : 0
25.3 msec : 0
25.4 msec : 0
25.5 msec : 1
25.6 msec : 0
25.7 msec : 0
25.8 msec : 0
25.9 msec : 0
26.0 msec : 0
26.1 msec : 0
26.2 msec : 0
26.3 msec : 1
26.4 msec : 0
26.5 msec : 0
26.6 msec : 0
26.7 msec : 0
26.8 msec : 0
26.9 msec : 0
27.0 msec : 0
27.1 msec : 0
27.2 msec : 2
27.3 msec : 1
27.4 msec : 0
27.5 msec : 2
27.6 msec : 2
27.7 msec : 0
27.8 msec : 0
27.9 msec : 0
28.0 msec : 0
28.1 msec : 6
28.2 msec : 5
28.3 msec : 1
28.4 msec : 2
28.5 msec : 4
28.6 msec : 4
28.7 msec : 0
28.8 msec : 0
28.9 msec : 0
29.0 msec : 0
29.1 msec : 0
29.2 msec : 0
29.3 msec : 0
29.4 msec : 0
29.5 msec : 0
29.6 msec : 0
29.7 msec : 0
29.8 msec : 0
29.9 msec : 0
30.0 msec : 0
30.1 msec : 0
30.2 msec : 0
30.3 msec : 0
30.4 msec : 1
30.5 msec : 0
30.6 msec : 3
30.7 msec : 0
30.8 msec : 1
30.9 msec : 1
31.0 msec : 0
31.1 msec : 0
31.2 msec : 0
31.3 msec : 1
31.4 msec : 2
31.5 msec : 0
31.6 msec : 1
31.7 msec : 0
31.8 msec : 1
31.9 msec : 0
32.0 msec : 1
32.1 msec : 0
32.2 msec : 0
32.3 msec : 1
32.4 msec : 0
32.5 msec : 2
32.6 msec : 0
32.7 msec : 1
32.8 msec : 1
32.9 msec : 0
33.0 msec : 0
33.1 msec : 0
33.2 msec : 0
33.3 msec : 0
33.4 msec : 1
33.5 msec : 1
33.6 msec : 0
33.7 msec : 1
33.8 msec : 0
33.9 msec : 0
34.0 msec : 0
34.1 msec : 0
34.2 msec : 0
34.3 msec : 0
34.4 msec : 0
34.5 msec : 0
34.6 msec : 0
34.7 msec : 0
34.8 msec : 0
34.9 msec : 0
35.0 msec : 0
35.1 msec : 0
35.2 msec : 0
35.3 msec : 0
35.4 msec : 0
35.5 msec : 0
35.6 msec : 0
35.7 msec : 0
35.8 msec : 0
35.9 msec : 0
36.0 msec : 0
36.1 msec : 0
36.2 msec : 0
36.3 msec : 0
36.4 msec : 0
36.5 msec : 0
36.6 msec : 0
36.7 msec : 0
36.8 msec : 0
36.9 msec : 0
37.0 msec : 0
37.1 msec : 0
37.2 msec : 0
37.3 msec : 0
37.4 msec : 0
37.5 msec : 1
37.6 msec : 2
37.7 msec : 0
37.8 msec : 1
37.9 msec : 0
38.0 msec : 0
38.1 msec : 1
38.2 msec : 0
38.3 msec : 0
38.4 msec : 1
38.5 msec : 0
38.6 msec : 0
38.7 msec : 0
38.8 msec : 0
38.9 msec : 0
39.0 msec : 0
39.1 msec : 0
39.2 msec : 0
39.3 msec : 0
39.4 msec : 0
39.5 msec : 0
39.6 msec : 0
39.7 msec : 0
39.8 msec : 0
39.9 msec : 0
40.0 msec : 0
40.1 msec : 0
40.2 msec : 0
40.3 msec : 0
40.4 msec : 0
40.5 msec : 0
40.6 msec : 0
40.7 msec : 0
40.8 msec : 0
40.9 msec : 0
41.0 msec : 0
41.1 msec : 0
41.2 msec : 0
41.3 msec : 0
41.4 msec : 0
41.5 msec : 0
41.6 msec : 0
41.7 msec : 0
41.8 msec : 0
41.9 msec : 0
42.0 msec : 0
42.1 msec : 0
42.2 msec : 0
42.3 msec : 0
42.4 msec : 0
42.5 msec : 0
42.6 msec : 0
42.7 msec : 0
42.8 msec : 0
42.9 msec : 0
43.0 msec : 0
43.1 msec : 0
43.2 msec : 0
43.3 msec : 1
43.4 msec : 0
43.5 msec : 0
