Middleware started...
Middleware shuts down...
Smaller resolution statistics are in a log file...
Final aggregates per worker:


Worker 46
Average throughput (ops/sec) = 26
Average response time (msec) = 2.3443667377049184
Average queue length = 0
Average wait time in queue (msec) = 0.081749
Average service time (msec) = 2.1849813114754095
Number of SET = 0
Number of GET = 26
Number of MULTI GET = 0


Worker 47
Average throughput (ops/sec) = 26
Average response time (msec) = 2.3311891475409836
Average queue length = 0
Average wait time in queue (msec) = 0.0812833606557377
Average service time (msec) = 2.1764379344262292
Number of SET = 0
Number of GET = 26
Number of MULTI GET = 0


Worker 48
Average throughput (ops/sec) = 26
Average response time (msec) = 2.3258148688524587
Average queue length = 0
Average wait time in queue (msec) = 0.07945380327868853
Average service time (msec) = 2.172324049180328
Number of SET = 0
Number of GET = 26
Number of MULTI GET = 0


Worker 49
Average throughput (ops/sec) = 26
Average response time (msec) = 2.296597475409836
Average queue length = 0
Average wait time in queue (msec) = 0.08362295081967212
Average service time (msec) = 2.146256737704918
Number of SET = 0
Number of GET = 26
Number of MULTI GET = 0


Worker 42
Average throughput (ops/sec) = 26
Average response time (msec) = 2.3592834590163934
Average queue length = 0
Average wait time in queue (msec) = 0.08113513114754099
Average service time (msec) = 2.2037596885245905
Number of SET = 0
Number of GET = 26
Number of MULTI GET = 0


Worker 43
Average throughput (ops/sec) = 26
Average response time (msec) = 2.3133726557377052
Average queue length = 0
Average wait time in queue (msec) = 0.07762285245901639
Average service time (msec) = 2.166258295081967
Number of SET = 0
Number of GET = 26
Number of MULTI GET = 0


Worker 44
Average throughput (ops/sec) = 26
Average response time (msec) = 2.317369639344262
Average queue length = 0
Average wait time in queue (msec) = 0.08835373770491804
Average service time (msec) = 2.159211786885246
Number of SET = 0
Number of GET = 26
Number of MULTI GET = 0


Worker 45
Average throughput (ops/sec) = 26
Average response time (msec) = 2.329349950819672
Average queue length = 0
Average wait time in queue (msec) = 0.08839455737704918
Average service time (msec) = 2.172281819672131
Number of SET = 0
Number of GET = 26
Number of MULTI GET = 0


Worker 50
Average throughput (ops/sec) = 26
Average response time (msec) = 2.329412786885246
Average queue length = 0
Average wait time in queue (msec) = 0.09556895081967214
Average service time (msec) = 2.1450033278688525
Number of SET = 0
Number of GET = 26
Number of MULTI GET = 0


Worker 51
Average throughput (ops/sec) = 26
Average response time (msec) = 2.3272220491803277
Average queue length = 0
Average wait time in queue (msec) = 0.08656447540983607
Average service time (msec) = 2.1728846229508196
Number of SET = 0
Number of GET = 26
Number of MULTI GET = 0


Worker 52
Average throughput (ops/sec) = 26
Average response time (msec) = 2.3579978852459016
Average queue length = 0
Average wait time in queue (msec) = 0.11019516393442624
Average service time (msec) = 2.164652672131148
Number of SET = 0
Number of GET = 26
Number of MULTI GET = 0


Worker 57
Average throughput (ops/sec) = 26
Average response time (msec) = 2.308017606557377
Average queue length = 0
Average wait time in queue (msec) = 0.08381091803278688
Average service time (msec) = 2.1513390655737705
Number of SET = 0
Number of GET = 26
Number of MULTI GET = 0


Worker 13
Average throughput (ops/sec) = 26
Average response time (msec) = 2.3538641475409836
Average queue length = 0
Average wait time in queue (msec) = 0.09581634426229509
Average service time (msec) = 2.1790073278688524
Number of SET = 0
Number of GET = 26
Number of MULTI GET = 0


Worker 58
Average throughput (ops/sec) = 26
Average response time (msec) = 2.3289812131147545
Average queue length = 0
Average wait time in queue (msec) = 0.09543859016393443
Average service time (msec) = 2.1653746721311475
Number of SET = 0
Number of GET = 26
Number of MULTI GET = 0


Worker 14
Average throughput (ops/sec) = 26
Average response time (msec) = 2.335882131147541
Average queue length = 0
Average wait time in queue (msec) = 0.10113631147540983
Average service time (msec) = 2.165954049180328
Number of SET = 0
Number of GET = 26
Number of MULTI GET = 0


Worker 59
Average throughput (ops/sec) = 26
Average response time (msec) = 2.3679946721311476
Average queue length = 0
Average wait time in queue (msec) = 0.08298014754098361
Average service time (msec) = 2.2167396393442624
Number of SET = 0
Number of GET = 26
Number of MULTI GET = 0


Worker 15
Average throughput (ops/sec) = 26
Average response time (msec) = 2.3507174098360655
Average queue length = 0
Average wait time in queue (msec) = 0.09353629508196722
Average service time (msec) = 2.1859948032786884
Number of SET = 0
Number of GET = 26
Number of MULTI GET = 0


Worker 16
Average throughput (ops/sec) = 26
Average response time (msec) = 2.3193285901639347
Average queue length = 0
Average wait time in queue (msec) = 0.08284134426229509
Average service time (msec) = 2.1491205901639345
Number of SET = 0
Number of GET = 26
Number of MULTI GET = 0


Worker 53
Average throughput (ops/sec) = 26
Average response time (msec) = 2.28185937704918
Average queue length = 0
Average wait time in queue (msec) = 0.09052854098360655
Average service time (msec) = 2.1226486721311475
Number of SET = 0
Number of GET = 26
Number of MULTI GET = 0


Worker 54
Average throughput (ops/sec) = 26
Average response time (msec) = 2.3683514918032786
Average queue length = 0
Average wait time in queue (msec) = 0.10075221311475409
Average service time (msec) = 2.1964103114754097
Number of SET = 0
Number of GET = 26
Number of MULTI GET = 0


Worker 10
Average throughput (ops/sec) = 26
Average response time (msec) = 2.3332623278688525
Average queue length = 0
Average wait time in queue (msec) = 0.09338677049180329
Average service time (msec) = 2.1744090655737707
Number of SET = 0
Number of GET = 26
Number of MULTI GET = 0


Worker 55
Average throughput (ops/sec) = 26
Average response time (msec) = 2.2984855081967215
Average queue length = 0
Average wait time in queue (msec) = 0.08427634426229508
Average service time (msec) = 2.1483989016393443
Number of SET = 0
Number of GET = 26
Number of MULTI GET = 0


Worker 11
Average throughput (ops/sec) = 26
Average response time (msec) = 2.346370524590164
Average queue length = 0
Average wait time in queue (msec) = 0.09587613114754098
Average service time (msec) = 2.1833986721311476
Number of SET = 0
Number of GET = 26
Number of MULTI GET = 0


Worker 56
Average throughput (ops/sec) = 26
Average response time (msec) = 2.353190442622951
Average queue length = 0
Average wait time in queue (msec) = 0.1116132131147541
Average service time (msec) = 2.1640776393442622
Number of SET = 0
Number of GET = 26
Number of MULTI GET = 0


Worker 12
Average throughput (ops/sec) = 26
Average response time (msec) = 2.3578995901639344
Average queue length = 0
Average wait time in queue (msec) = 0.10805940983606557
Average service time (msec) = 2.1818880327868855
Number of SET = 0
Number of GET = 26
Number of MULTI GET = 0


Worker 17
Average throughput (ops/sec) = 26
Average response time (msec) = 2.32231762295082
Average queue length = 0
Average wait time in queue (msec) = 0.0876963606557377
Average service time (msec) = 2.1630461639344265
Number of SET = 0
Number of GET = 26
Number of MULTI GET = 0


Worker 18
Average throughput (ops/sec) = 26
Average response time (msec) = 2.343427049180328
Average queue length = 0
Average wait time in queue (msec) = 0.08199309836065574
Average service time (msec) = 2.16847437704918
Number of SET = 0
Number of GET = 26
Number of MULTI GET = 0


Worker 19
Average throughput (ops/sec) = 26
Average response time (msec) = 2.32204862295082
Average queue length = 0
Average wait time in queue (msec) = 0.08699162295081966
Average service time (msec) = 2.1584383606557376
Number of SET = 0
Number of GET = 26
Number of MULTI GET = 0


Worker 60
Average throughput (ops/sec) = 26
Average response time (msec) = 2.3172117868852458
Average queue length = 0
Average wait time in queue (msec) = 0.10544388524590163
Average service time (msec) = 2.142347606557377
Number of SET = 0
Number of GET = 26
Number of MULTI GET = 0


Worker 61
Average throughput (ops/sec) = 26
Average response time (msec) = 2.3319986393442624
Average queue length = 0
Average wait time in queue (msec) = 0.09756836065573771
Average service time (msec) = 2.151734098360656
Number of SET = 0
Number of GET = 26
Number of MULTI GET = 0


Worker 62
Average throughput (ops/sec) = 26
Average response time (msec) = 2.357369213114754
Average queue length = 0
Average wait time in queue (msec) = 0.09036372131147541
Average service time (msec) = 2.1953585081967213
Number of SET = 0
Number of GET = 26
Number of MULTI GET = 0


Worker 63
Average throughput (ops/sec) = 26
Average response time (msec) = 2.3112432786885244
Average queue length = 0
Average wait time in queue (msec) = 0.08466960655737704
Average service time (msec) = 2.1487672295081968
Number of SET = 0
Number of GET = 26
Number of MULTI GET = 0


Worker 24
Average throughput (ops/sec) = 26
Average response time (msec) = 2.342738
Average queue length = 0
Average wait time in queue (msec) = 0.08845086885245901
Average service time (msec) = 2.1851946065573773
Number of SET = 0
Number of GET = 26
Number of MULTI GET = 0


Worker 7
Average throughput (ops/sec) = 26
Average response time (msec) = 2.3577068852459013
Average queue length = 0
Average wait time in queue (msec) = 0.0937480655737705
Average service time (msec) = 2.1952603934426227
Number of SET = 0
Number of GET = 26
Number of MULTI GET = 0


Worker 25
Average throughput (ops/sec) = 26
Average response time (msec) = 2.3569404098360653
Average queue length = 0
Average wait time in queue (msec) = 0.08165811475409837
Average service time (msec) = 2.2005019672131145
Number of SET = 0
Number of GET = 26
Number of MULTI GET = 0


Worker 6
Average throughput (ops/sec) = 26
Average response time (msec) = 2.337813
Average queue length = 0
Average wait time in queue (msec) = 0.0890999344262295
Average service time (msec) = 2.1769039836065573
Number of SET = 0
Number of GET = 26
Number of MULTI GET = 0


Worker 26
Average throughput (ops/sec) = 26
Average response time (msec) = 2.340681540983607
Average queue length = 0
Average wait time in queue (msec) = 0.08650481967213115
Average service time (msec) = 2.1869823770491803
Number of SET = 0
Number of GET = 26
Number of MULTI GET = 0


Worker 9
Average throughput (ops/sec) = 26
Average response time (msec) = 2.323213524590164
Average queue length = 0
Average wait time in queue (msec) = 0.09291722950819671
Average service time (msec) = 2.161598803278688
Number of SET = 0
Number of GET = 26
Number of MULTI GET = 0


Worker 27
Average throughput (ops/sec) = 26
Average response time (msec) = 2.3232969672131145
Average queue length = 0
Average wait time in queue (msec) = 0.09590737704918033
Average service time (msec) = 2.159849098360656
Number of SET = 0
Number of GET = 26
Number of MULTI GET = 0


Worker 8
Average throughput (ops/sec) = 26
Average response time (msec) = 2.338105081967213
Average queue length = 0
Average wait time in queue (msec) = 0.0953695737704918
Average service time (msec) = 2.1756738852459017
Number of SET = 0
Number of GET = 26
Number of MULTI GET = 0


Worker 64
Average throughput (ops/sec) = 26
Average response time (msec) = 2.3407423770491804
Average queue length = 0
Average wait time in queue (msec) = 0.10363534426229508
Average service time (msec) = 2.1705594098360654
Number of SET = 0
Number of GET = 26
Number of MULTI GET = 0


Worker 20
Average throughput (ops/sec) = 26
Average response time (msec) = 2.318226475409836
Average queue length = 0
Average wait time in queue (msec) = 0.08226786885245901
Average service time (msec) = 2.159192426229508
Number of SET = 0
Number of GET = 26
Number of MULTI GET = 0


Worker 3
Average throughput (ops/sec) = 26
Average response time (msec) = 2.3441929344262293
Average queue length = 0
Average wait time in queue (msec) = 0.08984726229508197
Average service time (msec) = 2.1871755901639345
Number of SET = 0
Number of GET = 26
Number of MULTI GET = 0


Worker 21
Average throughput (ops/sec) = 26
Average response time (msec) = 2.2956663934426227
Average queue length = 0
Average wait time in queue (msec) = 0.07205596721311475
Average service time (msec) = 2.1573369344262296
Number of SET = 0
Number of GET = 26
Number of MULTI GET = 0


Worker 2
Average throughput (ops/sec) = 26
Average response time (msec) = 2.3420648852459016
Average queue length = 0
Average wait time in queue (msec) = 0.09371159016393442
Average service time (msec) = 2.158009704918033
Number of SET = 0
Number of GET = 26
Number of MULTI GET = 0


Worker 22
Average throughput (ops/sec) = 26
Average response time (msec) = 2.3216878360655735
Average queue length = 0
Average wait time in queue (msec) = 0.09681544262295083
Average service time (msec) = 2.155379573770492
Number of SET = 0
Number of GET = 26
Number of MULTI GET = 0


Worker 5
Average throughput (ops/sec) = 26
Average response time (msec) = 2.361021508196721
Average queue length = 0
Average wait time in queue (msec) = 0.08377760655737705
Average service time (msec) = 2.2089811967213118
Number of SET = 0
Number of GET = 26
Number of MULTI GET = 0


Worker 23
Average throughput (ops/sec) = 26
Average response time (msec) = 2.3538811639344264
Average queue length = 0
Average wait time in queue (msec) = 0.08117147540983607
Average service time (msec) = 2.2014892131147543
Number of SET = 0
Number of GET = 26
Number of MULTI GET = 0


Worker 4
Average throughput (ops/sec) = 26
Average response time (msec) = 2.3498072459016397
Average queue length = 0
Average wait time in queue (msec) = 0.09039878688524591
Average service time (msec) = 2.1901285409836064
Number of SET = 0
Number of GET = 26
Number of MULTI GET = 0


Worker 28
Average throughput (ops/sec) = 26
Average response time (msec) = 2.314828524590164
Average queue length = 0
Average wait time in queue (msec) = 0.08672316393442624
Average service time (msec) = 2.1537784426229507
Number of SET = 0
Number of GET = 26
Number of MULTI GET = 0


Worker 29
Average throughput (ops/sec) = 26
Average response time (msec) = 2.340939950819672
Average queue length = 0
Average wait time in queue (msec) = 0.0839207868852459
Average service time (msec) = 2.1760329016393443
Number of SET = 0
Number of GET = 26
Number of MULTI GET = 0


Worker 1
Average throughput (ops/sec) = 26
Average response time (msec) = 2.3543061475409837
Average queue length = 0
Average wait time in queue (msec) = 0.07831024590163935
Average service time (msec) = 2.2070111311475413
Number of SET = 0
Number of GET = 26
Number of MULTI GET = 0


Worker 30
Average throughput (ops/sec) = 26
Average response time (msec) = 2.318666032786885
Average queue length = 0
Average wait time in queue (msec) = 0.0764626393442623
Average service time (msec) = 2.154614049180328
Number of SET = 0
Number of GET = 26
Number of MULTI GET = 0


Worker 35
Average throughput (ops/sec) = 26
Average response time (msec) = 2.3265135573770492
Average queue length = 0
Average wait time in queue (msec) = 0.0921353606557377
Average service time (msec) = 2.1610827377049184
Number of SET = 0
Number of GET = 26
Number of MULTI GET = 0


Worker 36
Average throughput (ops/sec) = 26
Average response time (msec) = 2.3085347213114757
Average queue length = 0
Average wait time in queue (msec) = 0.08921865573770492
Average service time (msec) = 2.1441049344262293
Number of SET = 0
Number of GET = 26
Number of MULTI GET = 0


Worker 37
Average throughput (ops/sec) = 26
Average response time (msec) = 2.298552
Average queue length = 0
Average wait time in queue (msec) = 0.0769133606557377
Average service time (msec) = 2.1546722131147544
Number of SET = 0
Number of GET = 26
Number of MULTI GET = 0


Worker 38
Average throughput (ops/sec) = 26
Average response time (msec) = 2.3385424590163932
Average queue length = 0
Average wait time in queue (msec) = 0.08686019672131147
Average service time (msec) = 2.185462229508197
Number of SET = 0
Number of GET = 26
Number of MULTI GET = 0


Worker 31
Average throughput (ops/sec) = 26
Average response time (msec) = 2.3069017213114758
Average queue length = 0
Average wait time in queue (msec) = 0.08740026229508197
Average service time (msec) = 2.1494913114754097
Number of SET = 0
Number of GET = 26
Number of MULTI GET = 0


Worker 32
Average throughput (ops/sec) = 26
Average response time (msec) = 2.317501868852459
Average queue length = 0
Average wait time in queue (msec) = 0.08212501639344262
Average service time (msec) = 2.16567931147541
Number of SET = 0
Number of GET = 26
Number of MULTI GET = 0


Worker 33
Average throughput (ops/sec) = 26
Average response time (msec) = 2.3290078032786883
Average queue length = 0
Average wait time in queue (msec) = 0.08521345901639345
Average service time (msec) = 2.1754022622950817
Number of SET = 0
Number of GET = 26
Number of MULTI GET = 0


Worker 34
Average throughput (ops/sec) = 26
Average response time (msec) = 2.330780180327869
Average queue length = 0
Average wait time in queue (msec) = 0.10037224590163935
Average service time (msec) = 2.160658098360656
Number of SET = 0
Number of GET = 26
Number of MULTI GET = 0


Worker 39
Average throughput (ops/sec) = 26
Average response time (msec) = 2.320536770491803
Average queue length = 0
Average wait time in queue (msec) = 0.09031968852459016
Average service time (msec) = 2.1574977377049183
Number of SET = 0
Number of GET = 26
Number of MULTI GET = 0


Worker 40
Average throughput (ops/sec) = 26
Average response time (msec) = 2.345597131147541
Average queue length = 0
Average wait time in queue (msec) = 0.09004880327868853
Average service time (msec) = 2.187130819672131
Number of SET = 0
Number of GET = 26
Number of MULTI GET = 0


Worker 41
Average throughput (ops/sec) = 26
Average response time (msec) = 2.329454524590164
Average queue length = 0
Average wait time in queue (msec) = 0.0739664262295082
Average service time (msec) = 2.183906819672131
Number of SET = 0
Number of GET = 26
Number of MULTI GET = 0


FINAL STATS
Average throughput (ops/sec) = 1664
Average response time (msec) = 2.2991847011458657
Average queue length = 0
Average wait time in queue (msec) = 0.08915704456967213
Average service time (msec) = 2.1706831677766396
Number of SET = 0
Number of GET = 26
Number of MULTI GET = 0
Number of Cache misses = 103328


Histogram response times (0.1 msec step)
0.0 msec : 1102
0.1 msec : 9686
0.2 msec : 19784
0.3 msec : 22515
0.4 msec : 17848
0.5 msec : 11538
0.6 msec : 6386
0.7 msec : 3900
0.8 msec : 2485
0.9 msec : 1614
1.0 msec : 1074
1.1 msec : 776
1.2 msec : 547
1.3 msec : 403
1.4 msec : 338
1.5 msec : 247
1.6 msec : 173
1.7 msec : 155
1.8 msec : 129
1.9 msec : 126
2.0 msec : 103
2.1 msec : 101
2.2 msec : 71
2.3 msec : 78
2.4 msec : 79
2.5 msec : 77
2.6 msec : 59
2.7 msec : 62
2.8 msec : 46
2.9 msec : 38
3.0 msec : 39
3.1 msec : 40
3.2 msec : 39
3.3 msec : 29
3.4 msec : 37
3.5 msec : 19
3.6 msec : 10
3.7 msec : 32
3.8 msec : 35
3.9 msec : 39
4.0 msec : 37
4.1 msec : 26
4.2 msec : 49
4.3 msec : 74
4.4 msec : 80
4.5 msec : 96
4.6 msec : 75
4.7 msec : 83
4.8 msec : 86
4.9 msec : 81
5.0 msec : 74
5.1 msec : 62
5.2 msec : 60
5.3 msec : 53
5.4 msec : 52
5.5 msec : 34
5.6 msec : 48
5.7 msec : 29
5.8 msec : 18
5.9 msec : 31
6.0 msec : 34
6.1 msec : 34
6.2 msec : 23
6.3 msec : 22
6.4 msec : 25
6.5 msec : 21
6.6 msec : 9
6.7 msec : 10
6.8 msec : 10
6.9 msec : 2
7.0 msec : 7
7.1 msec : 9
7.2 msec : 4
7.3 msec : 3
7.4 msec : 3
7.5 msec : 6
7.6 msec : 10
7.7 msec : 2
7.8 msec : 3
7.9 msec : 3
8.0 msec : 4
8.1 msec : 3
8.2 msec : 0
8.3 msec : 3
8.4 msec : 9
8.5 msec : 1
8.6 msec : 1
8.7 msec : 2
8.8 msec : 1
8.9 msec : 2
9.0 msec : 0
9.1 msec : 2
9.2 msec : 1
9.3 msec : 1
9.4 msec : 1
9.5 msec : 1
9.6 msec : 4
9.7 msec : 1
9.8 msec : 2
9.9 msec : 2
10.0 msec : 1
10.1 msec : 1
10.2 msec : 0
10.3 msec : 0
10.4 msec : 0
10.5 msec : 0
10.6 msec : 1
10.7 msec : 2
10.8 msec : 0
10.9 msec : 1
11.0 msec : 2
11.1 msec : 2
11.2 msec : 1
11.3 msec : 0
11.4 msec : 2
11.5 msec : 0
11.6 msec : 1
11.7 msec : 1
11.8 msec : 0
11.9 msec : 2
12.0 msec : 2
12.1 msec : 2
12.2 msec : 1
12.3 msec : 3
12.4 msec : 0
12.5 msec : 0
12.6 msec : 0
12.7 msec : 0
12.8 msec : 0
12.9 msec : 0
13.0 msec : 0
13.1 msec : 1
13.2 msec : 0
13.3 msec : 0
13.4 msec : 0
13.5 msec : 0
13.6 msec : 0
13.7 msec : 0
13.8 msec : 1
13.9 msec : 0
14.0 msec : 0
14.1 msec : 0
14.2 msec : 1
14.3 msec : 0
14.4 msec : 0
14.5 msec : 0
14.6 msec : 0
14.7 msec : 1
14.8 msec : 0
14.9 msec : 0
15.0 msec : 0
15.1 msec : 0
15.2 msec : 1
15.3 msec : 0
15.4 msec : 0
15.5 msec : 0
15.6 msec : 0
15.7 msec : 0
15.8 msec : 0
15.9 msec : 0
16.0 msec : 0
16.1 msec : 0
16.2 msec : 0
16.3 msec : 0
16.4 msec : 0
16.5 msec : 0
16.6 msec : 0
16.7 msec : 0
16.8 msec : 0
16.9 msec : 0
17.0 msec : 0
17.1 msec : 0
17.2 msec : 0
17.3 msec : 0
17.4 msec : 0
17.5 msec : 0
17.6 msec : 0
17.7 msec : 0
17.8 msec : 1
17.9 msec : 0
18.0 msec : 0
18.1 msec : 0
18.2 msec : 0
18.3 msec : 0
18.4 msec : 0
18.5 msec : 0
18.6 msec : 0
18.7 msec : 0
18.8 msec : 0
18.9 msec : 0
19.0 msec : 0
19.1 msec : 0
19.2 msec : 0
19.3 msec : 0
19.4 msec : 0
19.5 msec : 0
19.6 msec : 0
19.7 msec : 0
19.8 msec : 0
19.9 msec : 0
20.0 msec : 0
20.1 msec : 0
20.2 msec : 0
20.3 msec : 0
20.4 msec : 0
20.5 msec : 0
20.6 msec : 0
20.7 msec : 0
20.8 msec : 0
20.9 msec : 0
21.0 msec : 0
21.1 msec : 0
21.2 msec : 0
21.3 msec : 0
21.4 msec : 0
21.5 msec : 0
21.6 msec : 0
21.7 msec : 0
21.8 msec : 0
21.9 msec : 0
22.0 msec : 0
22.1 msec : 0
22.2 msec : 0
22.3 msec : 0
22.4 msec : 0
22.5 msec : 0
22.6 msec : 0
22.7 msec : 0
22.8 msec : 0
22.9 msec : 0
23.0 msec : 0
23.1 msec : 0
23.2 msec : 0
23.3 msec : 0
23.4 msec : 0
23.5 msec : 0
23.6 msec : 0
23.7 msec : 0
23.8 msec : 0
23.9 msec : 0
24.0 msec : 0
24.1 msec : 0
24.2 msec : 0
24.3 msec : 0
24.4 msec : 0
24.5 msec : 0
24.6 msec : 0
24.7 msec : 0
24.8 msec : 0
24.9 msec : 0
25.0 msec : 0
25.1 msec : 0
25.2 msec : 0
25.3 msec : 0
25.4 msec : 0
25.5 msec : 0
25.6 msec : 0
25.7 msec : 0
25.8 msec : 0
25.9 msec : 1
26.0 msec : 0
26.1 msec : 0
26.2 msec : 0
26.3 msec : 0
26.4 msec : 0
26.5 msec : 0
26.6 msec : 0
26.7 msec : 0
26.8 msec : 0
26.9 msec : 0
27.0 msec : 1
27.1 msec : 0
27.2 msec : 0
27.3 msec : 0
27.4 msec : 0
27.5 msec : 2
27.6 msec : 0
27.7 msec : 0
27.8 msec : 1
27.9 msec : 0
28.0 msec : 0
28.1 msec : 1
28.2 msec : 0
