Middleware started...
Middleware shuts down...
Smaller resolution statistics are in a log file...
Final aggregates per worker:


Worker 46
Average throughput (ops/sec) = 41
Average response time (msec) = 1.0800407049180327
Average queue length = 0
Average wait time in queue (msec) = 0.09667355737704918
Average service time (msec) = 0.923211524590164
Number of SET = 0
Number of GET = 41
Number of MULTI GET = 0


Worker 47
Average throughput (ops/sec) = 41
Average response time (msec) = 1.0368661967213115
Average queue length = 0
Average wait time in queue (msec) = 0.09172424590163934
Average service time (msec) = 0.8833457540983607
Number of SET = 0
Number of GET = 41
Number of MULTI GET = 0


Worker 48
Average throughput (ops/sec) = 41
Average response time (msec) = 1.0386816885245902
Average queue length = 0
Average wait time in queue (msec) = 0.07712034426229508
Average service time (msec) = 0.8913201967213115
Number of SET = 0
Number of GET = 41
Number of MULTI GET = 0


Worker 49
Average throughput (ops/sec) = 41
Average response time (msec) = 1.0345524918032787
Average queue length = 0
Average wait time in queue (msec) = 0.08645137704918034
Average service time (msec) = 0.8856395409836066
Number of SET = 0
Number of GET = 41
Number of MULTI GET = 0


Worker 42
Average throughput (ops/sec) = 41
Average response time (msec) = 1.1036710655737705
Average queue length = 0
Average wait time in queue (msec) = 0.10186139344262295
Average service time (msec) = 0.9387858524590164
Number of SET = 0
Number of GET = 41
Number of MULTI GET = 0


Worker 43
Average throughput (ops/sec) = 41
Average response time (msec) = 1.0347655573770493
Average queue length = 0
Average wait time in queue (msec) = 0.07883511475409836
Average service time (msec) = 0.892058606557377
Number of SET = 0
Number of GET = 41
Number of MULTI GET = 0


Worker 44
Average throughput (ops/sec) = 41
Average response time (msec) = 1.074822868852459
Average queue length = 0
Average wait time in queue (msec) = 0.09754165573770492
Average service time (msec) = 0.9169254918032786
Number of SET = 0
Number of GET = 41
Number of MULTI GET = 0


Worker 45
Average throughput (ops/sec) = 41
Average response time (msec) = 1.1183507704918032
Average queue length = 0
Average wait time in queue (msec) = 0.07869190163934425
Average service time (msec) = 0.9738476885245901
Number of SET = 0
Number of GET = 41
Number of MULTI GET = 0


Worker 50
Average throughput (ops/sec) = 41
Average response time (msec) = 1.0369230327868852
Average queue length = 0
Average wait time in queue (msec) = 0.09000885245901638
Average service time (msec) = 0.8804129672131147
Number of SET = 0
Number of GET = 41
Number of MULTI GET = 0


Worker 51
Average throughput (ops/sec) = 41
Average response time (msec) = 1.0420794262295083
Average queue length = 0
Average wait time in queue (msec) = 0.09912265573770492
Average service time (msec) = 0.8822085901639344
Number of SET = 0
Number of GET = 41
Number of MULTI GET = 0


Worker 52
Average throughput (ops/sec) = 40
Average response time (msec) = 1.0203863442622951
Average queue length = 0
Average wait time in queue (msec) = 0.08231311475409836
Average service time (msec) = 0.8738658196721311
Number of SET = 0
Number of GET = 40
Number of MULTI GET = 0


Worker 13
Average throughput (ops/sec) = 41
Average response time (msec) = 1.0213518166666666
Average queue length = 0
Average wait time in queue (msec) = 0.07978645
Average service time (msec) = 0.8847442666666667
Number of SET = 0
Number of GET = 41
Number of MULTI GET = 0


Worker 57
Average throughput (ops/sec) = 40
Average response time (msec) = 1.01787831147541
Average queue length = 0
Average wait time in queue (msec) = 0.07969119672131147
Average service time (msec) = 0.8688224262295082
Number of SET = 0
Number of GET = 40
Number of MULTI GET = 0


Worker 58
Average throughput (ops/sec) = 41
Average response time (msec) = 1.032377262295082
Average queue length = 0
Average wait time in queue (msec) = 0.08296616393442624
Average service time (msec) = 0.8890575901639344
Number of SET = 0
Number of GET = 41
Number of MULTI GET = 0


Worker 14
Average throughput (ops/sec) = 41
Average response time (msec) = 1.1080199508196722
Average queue length = 0
Average wait time in queue (msec) = 0.10713716393442624
Average service time (msec) = 0.937079524590164
Number of SET = 0
Number of GET = 41
Number of MULTI GET = 0


Worker 59
Average throughput (ops/sec) = 41
Average response time (msec) = 1.0215782459016394
Average queue length = 0
Average wait time in queue (msec) = 0.0770537213114754
Average service time (msec) = 0.8830976885245901
Number of SET = 0
Number of GET = 41
Number of MULTI GET = 0


Worker 15
Average throughput (ops/sec) = 40
Average response time (msec) = 1.0315216229508197
Average queue length = 0
Average wait time in queue (msec) = 0.07598675409836066
Average service time (msec) = 0.8947051803278689
Number of SET = 0
Number of GET = 40
Number of MULTI GET = 0


Worker 16
Average throughput (ops/sec) = 41
Average response time (msec) = 1.0273097213114755
Average queue length = 0
Average wait time in queue (msec) = 0.0779630655737705
Average service time (msec) = 0.886607655737705
Number of SET = 0
Number of GET = 41
Number of MULTI GET = 0


Worker 53
Average throughput (ops/sec) = 41
Average response time (msec) = 1.0348513606557377
Average queue length = 0
Average wait time in queue (msec) = 0.08647818032786884
Average service time (msec) = 0.8868298032786885
Number of SET = 0
Number of GET = 41
Number of MULTI GET = 0


Worker 10
Average throughput (ops/sec) = 41
Average response time (msec) = 1.0537246333333332
Average queue length = 0
Average wait time in queue (msec) = 0.0878053
Average service time (msec) = 0.9076199166666666
Number of SET = 0
Number of GET = 41
Number of MULTI GET = 0


Worker 54
Average throughput (ops/sec) = 41
Average response time (msec) = 1.0685376229508199
Average queue length = 0
Average wait time in queue (msec) = 0.08107003278688525
Average service time (msec) = 0.9242738524590164
Number of SET = 0
Number of GET = 41
Number of MULTI GET = 0


Worker 55
Average throughput (ops/sec) = 41
Average response time (msec) = 0.9898161639344263
Average queue length = 0
Average wait time in queue (msec) = 0.07427931147540984
Average service time (msec) = 0.8547973278688524
Number of SET = 0
Number of GET = 41
Number of MULTI GET = 0


Worker 11
Average throughput (ops/sec) = 41
Average response time (msec) = 1.0670227049180327
Average queue length = 0
Average wait time in queue (msec) = 0.08409754098360656
Average service time (msec) = 0.9088180983606557
Number of SET = 0
Number of GET = 41
Number of MULTI GET = 0


Worker 56
Average throughput (ops/sec) = 41
Average response time (msec) = 1.0479005901639344
Average queue length = 0
Average wait time in queue (msec) = 0.08065095081967213
Average service time (msec) = 0.9041199672131147
Number of SET = 0
Number of GET = 41
Number of MULTI GET = 0


Worker 12
Average throughput (ops/sec) = 41
Average response time (msec) = 1.0151252131147541
Average queue length = 0
Average wait time in queue (msec) = 0.08469926229508197
Average service time (msec) = 0.8643424590163934
Number of SET = 0
Number of GET = 41
Number of MULTI GET = 0


Worker 17
Average throughput (ops/sec) = 41
Average response time (msec) = 1.06942031147541
Average queue length = 0
Average wait time in queue (msec) = 0.09571762295081968
Average service time (msec) = 0.8925946393442623
Number of SET = 0
Number of GET = 41
Number of MULTI GET = 0


Worker 18
Average throughput (ops/sec) = 40
Average response time (msec) = 1.0301645081967212
Average queue length = 0
Average wait time in queue (msec) = 0.07403877049180328
Average service time (msec) = 0.895812131147541
Number of SET = 0
Number of GET = 40
Number of MULTI GET = 0


Worker 19
Average throughput (ops/sec) = 41
Average response time (msec) = 1.008273868852459
Average queue length = 0
Average wait time in queue (msec) = 0.0810214262295082
Average service time (msec) = 0.8652673278688524
Number of SET = 0
Number of GET = 41
Number of MULTI GET = 0


Worker 60
Average throughput (ops/sec) = 41
Average response time (msec) = 1.0241109672131148
Average queue length = 0
Average wait time in queue (msec) = 0.09983947540983608
Average service time (msec) = 0.8619947868852459
Number of SET = 0
Number of GET = 41
Number of MULTI GET = 0


Worker 61
Average throughput (ops/sec) = 41
Average response time (msec) = 1.0653898524590164
Average queue length = 0
Average wait time in queue (msec) = 0.07842355737704917
Average service time (msec) = 0.9248378524590164
Number of SET = 0
Number of GET = 41
Number of MULTI GET = 0


Worker 62
Average throughput (ops/sec) = 41
Average response time (msec) = 1.096920639344262
Average queue length = 0
Average wait time in queue (msec) = 0.11698503278688525
Average service time (msec) = 0.9159550491803279
Number of SET = 0
Number of GET = 41
Number of MULTI GET = 0


Worker 63
Average throughput (ops/sec) = 41
Average response time (msec) = 1.0884014754098361
Average queue length = 0
Average wait time in queue (msec) = 0.08652245901639345
Average service time (msec) = 0.9385221147540983
Number of SET = 0
Number of GET = 41
Number of MULTI GET = 0


Worker 24
Average throughput (ops/sec) = 41
Average response time (msec) = 1.0339405081967212
Average queue length = 0
Average wait time in queue (msec) = 0.08556583606557376
Average service time (msec) = 0.8880508852459017
Number of SET = 0
Number of GET = 41
Number of MULTI GET = 0


Worker 7
Average throughput (ops/sec) = 41
Average response time (msec) = 1.1534078852459015
Average queue length = 0
Average wait time in queue (msec) = 0.08832173770491804
Average service time (msec) = 1.0040427213114753
Number of SET = 0
Number of GET = 41
Number of MULTI GET = 0


Worker 25
Average throughput (ops/sec) = 41
Average response time (msec) = 1.032842786885246
Average queue length = 0
Average wait time in queue (msec) = 0.08443960655737705
Average service time (msec) = 0.8894176721311475
Number of SET = 0
Number of GET = 41
Number of MULTI GET = 0


Worker 6
Average throughput (ops/sec) = 41
Average response time (msec) = 1.0089305901639345
Average queue length = 0
Average wait time in queue (msec) = 0.08007539344262295
Average service time (msec) = 0.8684226229508196
Number of SET = 0
Number of GET = 41
Number of MULTI GET = 0


Worker 9
Average throughput (ops/sec) = 42
Average response time (msec) = 1.0011165333333334
Average queue length = 0
Average wait time in queue (msec) = 0.0779296
Average service time (msec) = 0.8643120166666667
Number of SET = 0
Number of GET = 42
Number of MULTI GET = 0


Worker 26
Average throughput (ops/sec) = 41
Average response time (msec) = 1.0812491475409836
Average queue length = 0
Average wait time in queue (msec) = 0.11054970491803279
Average service time (msec) = 0.9085179016393443
Number of SET = 0
Number of GET = 41
Number of MULTI GET = 0


Worker 27
Average throughput (ops/sec) = 41
Average response time (msec) = 1.055946262295082
Average queue length = 0
Average wait time in queue (msec) = 0.11968003278688524
Average service time (msec) = 0.8694274590163934
Number of SET = 0
Number of GET = 41
Number of MULTI GET = 0


Worker 8
Average throughput (ops/sec) = 41
Average response time (msec) = 1.0330542295081968
Average queue length = 0
Average wait time in queue (msec) = 0.08533491803278688
Average service time (msec) = 0.8841911967213114
Number of SET = 0
Number of GET = 41
Number of MULTI GET = 0


Worker 64
Average throughput (ops/sec) = 41
Average response time (msec) = 1.0537741639344262
Average queue length = 0
Average wait time in queue (msec) = 0.09184659016393443
Average service time (msec) = 0.8928030491803279
Number of SET = 0
Number of GET = 41
Number of MULTI GET = 0


Worker 20
Average throughput (ops/sec) = 40
Average response time (msec) = 1.0339863606557378
Average queue length = 0
Average wait time in queue (msec) = 0.08636275409836065
Average service time (msec) = 0.8852310819672131
Number of SET = 0
Number of GET = 40
Number of MULTI GET = 0


Worker 3
Average throughput (ops/sec) = 41
Average response time (msec) = 1.107752163934426
Average queue length = 0
Average wait time in queue (msec) = 0.1264552295081967
Average service time (msec) = 0.9202780655737705
Number of SET = 0
Number of GET = 41
Number of MULTI GET = 0


Worker 21
Average throughput (ops/sec) = 41
Average response time (msec) = 1.0830579344262294
Average queue length = 0
Average wait time in queue (msec) = 0.07157531147540984
Average service time (msec) = 0.9496047540983606
Number of SET = 0
Number of GET = 41
Number of MULTI GET = 0


Worker 2
Average throughput (ops/sec) = 41
Average response time (msec) = 1.019673868852459
Average queue length = 0
Average wait time in queue (msec) = 0.08064378688524591
Average service time (msec) = 0.8764769836065573
Number of SET = 0
Number of GET = 41
Number of MULTI GET = 0


Worker 22
Average throughput (ops/sec) = 41
Average response time (msec) = 1.0698989344262295
Average queue length = 0
Average wait time in queue (msec) = 0.10010367213114754
Average service time (msec) = 0.9096580327868853
Number of SET = 0
Number of GET = 41
Number of MULTI GET = 0


Worker 5
Average throughput (ops/sec) = 41
Average response time (msec) = 1.0298277540983607
Average queue length = 0
Average wait time in queue (msec) = 0.08293496721311475
Average service time (msec) = 0.8813801147540984
Number of SET = 0
Number of GET = 41
Number of MULTI GET = 0


Worker 23
Average throughput (ops/sec) = 41
Average response time (msec) = 1.0828530491803279
Average queue length = 0
Average wait time in queue (msec) = 0.11331427868852459
Average service time (msec) = 0.9070194426229508
Number of SET = 0
Number of GET = 41
Number of MULTI GET = 0


Worker 4
Average throughput (ops/sec) = 41
Average response time (msec) = 1.0113672786885246
Average queue length = 0
Average wait time in queue (msec) = 0.07962086885245902
Average service time (msec) = 0.872532213114754
Number of SET = 0
Number of GET = 41
Number of MULTI GET = 0


Worker 28
Average throughput (ops/sec) = 41
Average response time (msec) = 1.1652235081967213
Average queue length = 0
Average wait time in queue (msec) = 0.15531724590163934
Average service time (msec) = 0.8696591967213114
Number of SET = 0
Number of GET = 41
Number of MULTI GET = 0


Worker 29
Average throughput (ops/sec) = 41
Average response time (msec) = 1.0740982459016393
Average queue length = 0
Average wait time in queue (msec) = 0.13554581967213114
Average service time (msec) = 0.8691531639344263
Number of SET = 0
Number of GET = 41
Number of MULTI GET = 0


Worker 1
Average throughput (ops/sec) = 41
Average response time (msec) = 1.0370129672131148
Average queue length = 0
Average wait time in queue (msec) = 0.0870616393442623
Average service time (msec) = 0.88627
Number of SET = 0
Number of GET = 41
Number of MULTI GET = 0


Worker 30
Average throughput (ops/sec) = 41
Average response time (msec) = 1.0756397704918033
Average queue length = 0
Average wait time in queue (msec) = 0.08114904918032786
Average service time (msec) = 0.8859626229508196
Number of SET = 0
Number of GET = 41
Number of MULTI GET = 0


Worker 35
Average throughput (ops/sec) = 41
Average response time (msec) = 1.075964262295082
Average queue length = 0
Average wait time in queue (msec) = 0.08013634426229509
Average service time (msec) = 0.9325510655737704
Number of SET = 0
Number of GET = 41
Number of MULTI GET = 0


Worker 36
Average throughput (ops/sec) = 40
Average response time (msec) = 1.0503816557377048
Average queue length = 0
Average wait time in queue (msec) = 0.10085847540983607
Average service time (msec) = 0.890346213114754
Number of SET = 0
Number of GET = 40
Number of MULTI GET = 0


Worker 37
Average throughput (ops/sec) = 41
Average response time (msec) = 1.0244742131147542
Average queue length = 0
Average wait time in queue (msec) = 0.08729560655737705
Average service time (msec) = 0.8760248196721311
Number of SET = 0
Number of GET = 41
Number of MULTI GET = 0


Worker 38
Average throughput (ops/sec) = 41
Average response time (msec) = 1.03218131147541
Average queue length = 0
Average wait time in queue (msec) = 0.10868513114754098
Average service time (msec) = 0.8683993114754099
Number of SET = 0
Number of GET = 41
Number of MULTI GET = 0


Worker 31
Average throughput (ops/sec) = 41
Average response time (msec) = 1.0259198524590163
Average queue length = 0
Average wait time in queue (msec) = 0.06628075409836066
Average service time (msec) = 0.8964467868852459
Number of SET = 0
Number of GET = 41
Number of MULTI GET = 0


Worker 32
Average throughput (ops/sec) = 41
Average response time (msec) = 1.0392769344262296
Average queue length = 0
Average wait time in queue (msec) = 0.09407237704918033
Average service time (msec) = 0.8823515901639344
Number of SET = 0
Number of GET = 41
Number of MULTI GET = 0


Worker 33
Average throughput (ops/sec) = 41
Average response time (msec) = 1.0993425409836066
Average queue length = 0
Average wait time in queue (msec) = 0.118754868852459
Average service time (msec) = 0.8843372295081967
Number of SET = 0
Number of GET = 41
Number of MULTI GET = 0


Worker 34
Average throughput (ops/sec) = 41
Average response time (msec) = 1.0751642622950819
Average queue length = 0
Average wait time in queue (msec) = 0.07812116393442624
Average service time (msec) = 0.935271918032787
Number of SET = 0
Number of GET = 41
Number of MULTI GET = 0


Worker 39
Average throughput (ops/sec) = 41
Average response time (msec) = 1.0196236721311476
Average queue length = 0
Average wait time in queue (msec) = 0.07353103278688525
Average service time (msec) = 0.8866053770491803
Number of SET = 0
Number of GET = 41
Number of MULTI GET = 0


Worker 40
Average throughput (ops/sec) = 40
Average response time (msec) = 1.0466144426229507
Average queue length = 0
Average wait time in queue (msec) = 0.08747118032786885
Average service time (msec) = 0.900480131147541
Number of SET = 0
Number of GET = 40
Number of MULTI GET = 0


Worker 41
Average throughput (ops/sec) = 41
Average response time (msec) = 1.0744295901639345
Average queue length = 0
Average wait time in queue (msec) = 0.0794324918032787
Average service time (msec) = 0.9315835409836066
Number of SET = 0
Number of GET = 41
Number of MULTI GET = 0


FINAL STATS
Average throughput (ops/sec) = 2618
Average response time (msec) = 1.0100214092342383
Average queue length = 0
Average wait time in queue (msec) = 0.09017226750768444
Average service time (msec) = 0.8968489198770492
Number of SET = 0
Number of GET = 2618
Number of MULTI GET = 0
Number of Cache misses = 111042


Histogram response times (0.1 msec step)
0.0 msec : 1905
0.1 msec : 21830
0.2 msec : 36687
0.3 msec : 33221
0.4 msec : 22096
0.5 msec : 13078
0.6 msec : 7831
0.7 msec : 5313
0.8 msec : 3711
0.9 msec : 2975
1.0 msec : 2218
1.1 msec : 1658
1.2 msec : 1166
1.3 msec : 928
1.4 msec : 786
1.5 msec : 625
1.6 msec : 448
1.7 msec : 386
1.8 msec : 333
1.9 msec : 304
2.0 msec : 249
2.1 msec : 224
2.2 msec : 164
2.3 msec : 153
2.4 msec : 186
2.5 msec : 149
2.6 msec : 149
2.7 msec : 139
2.8 msec : 135
2.9 msec : 100
3.0 msec : 89
3.1 msec : 96
3.2 msec : 96
3.3 msec : 108
3.4 msec : 78
3.5 msec : 64
3.6 msec : 64
3.7 msec : 92
3.8 msec : 73
3.9 msec : 72
4.0 msec : 75
4.1 msec : 45
4.2 msec : 54
4.3 msec : 69
4.4 msec : 39
4.5 msec : 63
4.6 msec : 61
4.7 msec : 41
4.8 msec : 28
4.9 msec : 21
5.0 msec : 17
5.1 msec : 21
5.2 msec : 44
5.3 msec : 53
5.4 msec : 46
5.5 msec : 51
5.6 msec : 46
5.7 msec : 67
5.8 msec : 48
5.9 msec : 55
6.0 msec : 54
6.1 msec : 48
6.2 msec : 32
6.3 msec : 25
6.4 msec : 26
6.5 msec : 27
6.6 msec : 8
6.7 msec : 6
6.8 msec : 19
6.9 msec : 11
7.0 msec : 6
7.1 msec : 11
7.2 msec : 4
7.3 msec : 6
7.4 msec : 7
7.5 msec : 8
7.6 msec : 11
7.7 msec : 6
7.8 msec : 12
7.9 msec : 4
8.0 msec : 9
8.1 msec : 3
8.2 msec : 5
8.3 msec : 2
8.4 msec : 12
8.5 msec : 6
8.6 msec : 7
8.7 msec : 2
8.8 msec : 4
8.9 msec : 7
9.0 msec : 4
9.1 msec : 8
9.2 msec : 3
9.3 msec : 10
9.4 msec : 3
9.5 msec : 5
9.6 msec : 1
9.7 msec : 6
9.8 msec : 5
9.9 msec : 1
10.0 msec : 1
10.1 msec : 2
10.2 msec : 0
10.3 msec : 4
10.4 msec : 4
10.5 msec : 1
10.6 msec : 3
10.7 msec : 1
10.8 msec : 1
10.9 msec : 1
11.0 msec : 0
11.1 msec : 0
11.2 msec : 0
11.3 msec : 0
11.4 msec : 0
11.5 msec : 0
11.6 msec : 0
11.7 msec : 0
11.8 msec : 0
11.9 msec : 2
12.0 msec : 0
12.1 msec : 0
12.2 msec : 2
12.3 msec : 0
12.4 msec : 0
12.5 msec : 1
12.6 msec : 0
12.7 msec : 0
12.8 msec : 0
12.9 msec : 3
13.0 msec : 0
13.1 msec : 0
13.2 msec : 0
13.3 msec : 0
13.4 msec : 2
13.5 msec : 0
13.6 msec : 2
13.7 msec : 0
13.8 msec : 0
13.9 msec : 1
14.0 msec : 1
14.1 msec : 7
14.2 msec : 1
14.3 msec : 0
14.4 msec : 0
14.5 msec : 1
14.6 msec : 2
14.7 msec : 0
14.8 msec : 0
14.9 msec : 0
15.0 msec : 0
15.1 msec : 0
15.2 msec : 0
15.3 msec : 1
15.4 msec : 1
15.5 msec : 0
15.6 msec : 0
15.7 msec : 0
15.8 msec : 0
15.9 msec : 0
16.0 msec : 0
16.1 msec : 0
16.2 msec : 1
16.3 msec : 0
16.4 msec : 0
16.5 msec : 0
16.6 msec : 2
16.7 msec : 1
16.8 msec : 0
16.9 msec : 0
17.0 msec : 0
17.1 msec : 0
17.2 msec : 0
17.3 msec : 0
17.4 msec : 2
17.5 msec : 0
17.6 msec : 0
17.7 msec : 0
17.8 msec : 3
17.9 msec : 3
18.0 msec : 0
18.1 msec : 0
18.2 msec : 0
18.3 msec : 0
18.4 msec : 0
18.5 msec : 0
18.6 msec : 0
18.7 msec : 0
18.8 msec : 0
18.9 msec : 0
19.0 msec : 0
19.1 msec : 0
19.2 msec : 0
19.3 msec : 0
19.4 msec : 0
19.5 msec : 0
19.6 msec : 0
19.7 msec : 0
19.8 msec : 0
19.9 msec : 0
20.0 msec : 0
20.1 msec : 0
20.2 msec : 0
20.3 msec : 0
20.4 msec : 0
20.5 msec : 0
20.6 msec : 0
20.7 msec : 0
20.8 msec : 0
20.9 msec : 0
21.0 msec : 0
21.1 msec : 0
21.2 msec : 0
21.3 msec : 0
21.4 msec : 0
21.5 msec : 0
21.6 msec : 0
21.7 msec : 0
21.8 msec : 0
21.9 msec : 0
22.0 msec : 0
22.1 msec : 0
22.2 msec : 0
22.3 msec : 0
22.4 msec : 0
22.5 msec : 0
22.6 msec : 0
22.7 msec : 0
22.8 msec : 0
22.9 msec : 0
23.0 msec : 0
23.1 msec : 0
23.2 msec : 0
23.3 msec : 0
23.4 msec : 0
23.5 msec : 0
23.6 msec : 0
23.7 msec : 0
23.8 msec : 0
23.9 msec : 0
24.0 msec : 0
24.1 msec : 0
24.2 msec : 0
24.3 msec : 0
24.4 msec : 0
24.5 msec : 0
24.6 msec : 0
24.7 msec : 1
24.8 msec : 0
24.9 msec : 0
25.0 msec : 0
25.1 msec : 0
25.2 msec : 0
25.3 msec : 0
25.4 msec : 0
25.5 msec : 0
25.6 msec : 0
25.7 msec : 0
25.8 msec : 1
25.9 msec : 0
26.0 msec : 0
26.1 msec : 0
26.2 msec : 0
26.3 msec : 0
26.4 msec : 0
26.5 msec : 0
26.6 msec : 0
26.7 msec : 0
26.8 msec : 0
26.9 msec : 0
27.0 msec : 0
27.1 msec : 0
27.2 msec : 0
27.3 msec : 0
27.4 msec : 0
27.5 msec : 0
27.6 msec : 0
27.7 msec : 0
27.8 msec : 0
27.9 msec : 0
28.0 msec : 0
28.1 msec : 0
28.2 msec : 0
28.3 msec : 0
28.4 msec : 0
28.5 msec : 0
28.6 msec : 0
28.7 msec : 0
28.8 msec : 0
28.9 msec : 0
29.0 msec : 0
29.1 msec : 0
29.2 msec : 0
29.3 msec : 0
29.4 msec : 0
29.5 msec : 0
29.6 msec : 0
29.7 msec : 0
29.8 msec : 0
29.9 msec : 0
30.0 msec : 0
30.1 msec : 0
30.2 msec : 0
30.3 msec : 0
30.4 msec : 0
30.5 msec : 0
30.6 msec : 0
30.7 msec : 1
30.8 msec : 2
30.9 msec : 1
