Middleware started...
Middleware shuts down...
Smaller resolution statistics are in a log file...
Final aggregates per worker:


Worker 46
Average throughput (ops/sec) = 110
Average response time (msec) = 1.5886409016393441
Average queue length = 1
Average wait time in queue (msec) = 0.2277396557377049
Average service time (msec) = 1.286285950819672
Number of SET = 0
Number of GET = 110
Number of MULTI GET = 0


Worker 47
Average throughput (ops/sec) = 110
Average response time (msec) = 1.5935416393442623
Average queue length = 2
Average wait time in queue (msec) = 0.23818229508196723
Average service time (msec) = 1.2801017540983606
Number of SET = 0
Number of GET = 110
Number of MULTI GET = 0


Worker 48
Average throughput (ops/sec) = 110
Average response time (msec) = 1.5757161475409835
Average queue length = 1
Average wait time in queue (msec) = 0.22670495081967215
Average service time (msec) = 1.2707839344262295
Number of SET = 0
Number of GET = 110
Number of MULTI GET = 0


Worker 49
Average throughput (ops/sec) = 109
Average response time (msec) = 1.6015223770491802
Average queue length = 1
Average wait time in queue (msec) = 0.23615895081967214
Average service time (msec) = 1.2868871639344261
Number of SET = 0
Number of GET = 109
Number of MULTI GET = 0


Worker 42
Average throughput (ops/sec) = 110
Average response time (msec) = 1.6118549672131148
Average queue length = 1
Average wait time in queue (msec) = 0.24450177049180327
Average service time (msec) = 1.290349049180328
Number of SET = 0
Number of GET = 110
Number of MULTI GET = 0


Worker 43
Average throughput (ops/sec) = 109
Average response time (msec) = 1.6355727704918033
Average queue length = 2
Average wait time in queue (msec) = 0.2505639836065574
Average service time (msec) = 1.3027289836065574
Number of SET = 0
Number of GET = 109
Number of MULTI GET = 0


Worker 44
Average throughput (ops/sec) = 109
Average response time (msec) = 1.6062730491803279
Average queue length = 1
Average wait time in queue (msec) = 0.22672468852459016
Average service time (msec) = 1.2963077213114753
Number of SET = 0
Number of GET = 109
Number of MULTI GET = 0


Worker 45
Average throughput (ops/sec) = 109
Average response time (msec) = 1.575733475409836
Average queue length = 2
Average wait time in queue (msec) = 0.23437504918032787
Average service time (msec) = 1.265614901639344
Number of SET = 0
Number of GET = 109
Number of MULTI GET = 0


Worker 50
Average throughput (ops/sec) = 109
Average response time (msec) = 1.6011947704918033
Average queue length = 2
Average wait time in queue (msec) = 0.24552218032786885
Average service time (msec) = 1.2764757213114755
Number of SET = 0
Number of GET = 109
Number of MULTI GET = 0


Worker 51
Average throughput (ops/sec) = 112
Average response time (msec) = 1.6460302786885246
Average queue length = 2
Average wait time in queue (msec) = 0.27754103278688524
Average service time (msec) = 1.2949597704918032
Number of SET = 0
Number of GET = 112
Number of MULTI GET = 0


Worker 52
Average throughput (ops/sec) = 109
Average response time (msec) = 1.5649879836065574
Average queue length = 2
Average wait time in queue (msec) = 0.23219147540983606
Average service time (msec) = 1.2628648360655739
Number of SET = 0
Number of GET = 109
Number of MULTI GET = 0


Worker 57
Average throughput (ops/sec) = 108
Average response time (msec) = 1.6051359672131147
Average queue length = 2
Average wait time in queue (msec) = 0.22996037704918032
Average service time (msec) = 1.2882232950819672
Number of SET = 0
Number of GET = 108
Number of MULTI GET = 0


Worker 13
Average throughput (ops/sec) = 110
Average response time (msec) = 1.5873091803278687
Average queue length = 2
Average wait time in queue (msec) = 0.22306575409836066
Average service time (msec) = 1.2865254426229509
Number of SET = 0
Number of GET = 110
Number of MULTI GET = 0


Worker 58
Average throughput (ops/sec) = 111
Average response time (msec) = 1.5760151475409836
Average queue length = 2
Average wait time in queue (msec) = 0.23833221311475408
Average service time (msec) = 1.2600526229508198
Number of SET = 0
Number of GET = 111
Number of MULTI GET = 0


Worker 14
Average throughput (ops/sec) = 109
Average response time (msec) = 1.5766123278688526
Average queue length = 3
Average wait time in queue (msec) = 0.22823052459016394
Average service time (msec) = 1.2645460655737706
Number of SET = 0
Number of GET = 109
Number of MULTI GET = 0


Worker 59
Average throughput (ops/sec) = 111
Average response time (msec) = 1.6023288852459014
Average queue length = 2
Average wait time in queue (msec) = 0.2333832131147541
Average service time (msec) = 1.2883941311475409
Number of SET = 0
Number of GET = 111
Number of MULTI GET = 0


Worker 15
Average throughput (ops/sec) = 110
Average response time (msec) = 1.5971447049180327
Average queue length = 2
Average wait time in queue (msec) = 0.2352059344262295
Average service time (msec) = 1.2760558852459016
Number of SET = 0
Number of GET = 110
Number of MULTI GET = 0


Worker 16
Average throughput (ops/sec) = 110
Average response time (msec) = 1.6170697704918033
Average queue length = 1
Average wait time in queue (msec) = 0.2503774918032787
Average service time (msec) = 1.2840111967213115
Number of SET = 0
Number of GET = 110
Number of MULTI GET = 0


Worker 53
Average throughput (ops/sec) = 109
Average response time (msec) = 1.596275655737705
Average queue length = 2
Average wait time in queue (msec) = 0.22489131147540983
Average service time (msec) = 1.289134868852459
Number of SET = 0
Number of GET = 109
Number of MULTI GET = 0


Worker 54
Average throughput (ops/sec) = 109
Average response time (msec) = 1.5958738852459016
Average queue length = 2
Average wait time in queue (msec) = 0.2507735901639344
Average service time (msec) = 1.2608332786885246
Number of SET = 0
Number of GET = 109
Number of MULTI GET = 0


Worker 10
Average throughput (ops/sec) = 111
Average response time (msec) = 1.576481213114754
Average queue length = 1
Average wait time in queue (msec) = 0.24028468852459017
Average service time (msec) = 1.2555052459016394
Number of SET = 0
Number of GET = 111
Number of MULTI GET = 0


Worker 55
Average throughput (ops/sec) = 110
Average response time (msec) = 1.5893996065573772
Average queue length = 2
Average wait time in queue (msec) = 0.23841342622950817
Average service time (msec) = 1.2739189836065574
Number of SET = 0
Number of GET = 109
Number of MULTI GET = 0


Worker 11
Average throughput (ops/sec) = 109
Average response time (msec) = 1.5843920327868852
Average queue length = 1
Average wait time in queue (msec) = 0.23846701639344262
Average service time (msec) = 1.258037098360656
Number of SET = 0
Number of GET = 109
Number of MULTI GET = 0


Worker 56
Average throughput (ops/sec) = 110
Average response time (msec) = 1.6035062786885246
Average queue length = 2
Average wait time in queue (msec) = 0.24023622950819673
Average service time (msec) = 1.2832506065573772
Number of SET = 0
Number of GET = 110
Number of MULTI GET = 0


Worker 12
Average throughput (ops/sec) = 110
Average response time (msec) = 1.5732229180327868
Average queue length = 1
Average wait time in queue (msec) = 0.23019639344262294
Average service time (msec) = 1.2700136721311475
Number of SET = 0
Number of GET = 110
Number of MULTI GET = 0


Worker 17
Average throughput (ops/sec) = 110
Average response time (msec) = 1.5779897049180327
Average queue length = 2
Average wait time in queue (msec) = 0.249585131147541
Average service time (msec) = 1.251307
Number of SET = 0
Number of GET = 110
Number of MULTI GET = 0


Worker 18
Average throughput (ops/sec) = 110
Average response time (msec) = 1.591057475409836
Average queue length = 2
Average wait time in queue (msec) = 0.23273237704918032
Average service time (msec) = 1.2927205573770493
Number of SET = 0
Number of GET = 110
Number of MULTI GET = 0


Worker 19
Average throughput (ops/sec) = 109
Average response time (msec) = 1.6211629836065573
Average queue length = 2
Average wait time in queue (msec) = 0.25278960655737703
Average service time (msec) = 1.2925067213114754
Number of SET = 0
Number of GET = 109
Number of MULTI GET = 0


Worker 60
Average throughput (ops/sec) = 110
Average response time (msec) = 1.6180823442622951
Average queue length = 2
Average wait time in queue (msec) = 0.24112604918032784
Average service time (msec) = 1.293579475409836
Number of SET = 0
Number of GET = 110
Number of MULTI GET = 0


Worker 61
Average throughput (ops/sec) = 111
Average response time (msec) = 1.5938482950819672
Average queue length = 1
Average wait time in queue (msec) = 0.23665216393442623
Average service time (msec) = 1.2705626885245902
Number of SET = 0
Number of GET = 111
Number of MULTI GET = 0


Worker 62
Average throughput (ops/sec) = 108
Average response time (msec) = 1.5817705573770493
Average queue length = 0
Average wait time in queue (msec) = 0.23702468852459016
Average service time (msec) = 1.2611139836065575
Number of SET = 0
Number of GET = 108
Number of MULTI GET = 0


Worker 63
Average throughput (ops/sec) = 109
Average response time (msec) = 1.5712088360655738
Average queue length = 1
Average wait time in queue (msec) = 0.24681724590163934
Average service time (msec) = 1.2475060655737706
Number of SET = 0
Number of GET = 109
Number of MULTI GET = 0


Worker 24
Average throughput (ops/sec) = 110
Average response time (msec) = 1.6096139344262295
Average queue length = 1
Average wait time in queue (msec) = 0.24142244262295082
Average service time (msec) = 1.2836828196721313
Number of SET = 0
Number of GET = 110
Number of MULTI GET = 0


Worker 7
Average throughput (ops/sec) = 109
Average response time (msec) = 1.6084118524590165
Average queue length = 1
Average wait time in queue (msec) = 0.24167270491803278
Average service time (msec) = 1.288488606557377
Number of SET = 0
Number of GET = 109
Number of MULTI GET = 0


Worker 25
Average throughput (ops/sec) = 111
Average response time (msec) = 1.5717092295081967
Average queue length = 1
Average wait time in queue (msec) = 0.2421490655737705
Average service time (msec) = 1.2509852950819673
Number of SET = 0
Number of GET = 111
Number of MULTI GET = 0


Worker 6
Average throughput (ops/sec) = 109
Average response time (msec) = 1.5776352786885246
Average queue length = 2
Average wait time in queue (msec) = 0.23242240983606557
Average service time (msec) = 1.2655857540983606
Number of SET = 0
Number of GET = 109
Number of MULTI GET = 0


Worker 26
Average throughput (ops/sec) = 108
Average response time (msec) = 1.6119136721311476
Average queue length = 1
Average wait time in queue (msec) = 0.2683942295081967
Average service time (msec) = 1.262281393442623
Number of SET = 0
Number of GET = 108
Number of MULTI GET = 0


Worker 9
Average throughput (ops/sec) = 108
Average response time (msec) = 1.6050151803278687
Average queue length = 1
Average wait time in queue (msec) = 0.23460172131147541
Average service time (msec) = 1.2953907049180327
Number of SET = 0
Number of GET = 108
Number of MULTI GET = 0


Worker 27
Average throughput (ops/sec) = 109
Average response time (msec) = 1.572675262295082
Average queue length = 1
Average wait time in queue (msec) = 0.2390771475409836
Average service time (msec) = 1.2534174262295081
Number of SET = 0
Number of GET = 109
Number of MULTI GET = 0


Worker 8
Average throughput (ops/sec) = 108
Average response time (msec) = 1.5837484590163935
Average queue length = 2
Average wait time in queue (msec) = 0.2429222131147541
Average service time (msec) = 1.2670455901639346
Number of SET = 0
Number of GET = 108
Number of MULTI GET = 0


Worker 64
Average throughput (ops/sec) = 109
Average response time (msec) = 1.6096093442622952
Average queue length = 1
Average wait time in queue (msec) = 0.24787673770491803
Average service time (msec) = 1.2796053442622952
Number of SET = 0
Number of GET = 109
Number of MULTI GET = 0


Worker 20
Average throughput (ops/sec) = 110
Average response time (msec) = 1.6159951803278687
Average queue length = 1
Average wait time in queue (msec) = 0.24256339344262293
Average service time (msec) = 1.284529737704918
Number of SET = 0
Number of GET = 110
Number of MULTI GET = 0


Worker 3
Average throughput (ops/sec) = 112
Average response time (msec) = 1.6127641475409835
Average queue length = 1
Average wait time in queue (msec) = 0.2530682950819672
Average service time (msec) = 1.2761087049180329
Number of SET = 0
Number of GET = 112
Number of MULTI GET = 0


Worker 21
Average throughput (ops/sec) = 109
Average response time (msec) = 1.5995721147540984
Average queue length = 1
Average wait time in queue (msec) = 0.2488545737704918
Average service time (msec) = 1.2698138688524592
Number of SET = 0
Number of GET = 109
Number of MULTI GET = 0


Worker 2
Average throughput (ops/sec) = 110
Average response time (msec) = 1.585037
Average queue length = 2
Average wait time in queue (msec) = 0.2505193934426229
Average service time (msec) = 1.2605880983606559
Number of SET = 0
Number of GET = 110
Number of MULTI GET = 0


Worker 22
Average throughput (ops/sec) = 111
Average response time (msec) = 1.6044771803278688
Average queue length = 1
Average wait time in queue (msec) = 0.2354612786885246
Average service time (msec) = 1.2820993934426228
Number of SET = 0
Number of GET = 110
Number of MULTI GET = 0


Worker 5
Average throughput (ops/sec) = 110
Average response time (msec) = 1.5920108688524592
Average queue length = 2
Average wait time in queue (msec) = 0.23218857377049182
Average service time (msec) = 1.2747568852459015
Number of SET = 0
Number of GET = 110
Number of MULTI GET = 0


Worker 23
Average throughput (ops/sec) = 110
Average response time (msec) = 1.5945939344262294
Average queue length = 1
Average wait time in queue (msec) = 0.2446670655737705
Average service time (msec) = 1.2632449344262295
Number of SET = 0
Number of GET = 110
Number of MULTI GET = 0


Worker 4
Average throughput (ops/sec) = 107
Average response time (msec) = 1.561471786885246
Average queue length = 1
Average wait time in queue (msec) = 0.2517166721311475
Average service time (msec) = 1.2332806229508197
Number of SET = 0
Number of GET = 107
Number of MULTI GET = 0


Worker 28
Average throughput (ops/sec) = 110
Average response time (msec) = 1.5793695737704918
Average queue length = 1
Average wait time in queue (msec) = 0.22911416393442624
Average service time (msec) = 1.2698085081967214
Number of SET = 0
Number of GET = 110
Number of MULTI GET = 0


Worker 29
Average throughput (ops/sec) = 110
Average response time (msec) = 1.6245148032786885
Average queue length = 1
Average wait time in queue (msec) = 0.25837537704918034
Average service time (msec) = 1.2895239180327869
Number of SET = 0
Number of GET = 110
Number of MULTI GET = 0


Worker 1
Average throughput (ops/sec) = 110
Average response time (msec) = 1.5794734590163935
Average queue length = 1
Average wait time in queue (msec) = 0.24132622950819674
Average service time (msec) = 1.2565828688524592
Number of SET = 0
Number of GET = 110
Number of MULTI GET = 0


Worker 30
Average throughput (ops/sec) = 110
Average response time (msec) = 1.5905888852459016
Average queue length = 1
Average wait time in queue (msec) = 0.24634729508196723
Average service time (msec) = 1.2710430163934427
Number of SET = 0
Number of GET = 110
Number of MULTI GET = 0


Worker 35
Average throughput (ops/sec) = 109
Average response time (msec) = 1.5849929016393443
Average queue length = 1
Average wait time in queue (msec) = 0.24609111475409834
Average service time (msec) = 1.2618034098360655
Number of SET = 0
Number of GET = 109
Number of MULTI GET = 0


Worker 36
Average throughput (ops/sec) = 112
Average response time (msec) = 1.5731055409836066
Average queue length = 2
Average wait time in queue (msec) = 0.24212318032786884
Average service time (msec) = 1.2589956229508197
Number of SET = 0
Number of GET = 112
Number of MULTI GET = 0


Worker 37
Average throughput (ops/sec) = 109
Average response time (msec) = 1.6076341967213115
Average queue length = 1
Average wait time in queue (msec) = 0.24829037704918033
Average service time (msec) = 1.268480786885246
Number of SET = 0
Number of GET = 109
Number of MULTI GET = 0


Worker 38
Average throughput (ops/sec) = 110
Average response time (msec) = 1.5723911639344261
Average queue length = 1
Average wait time in queue (msec) = 0.23460947540983607
Average service time (msec) = 1.2550734098360654
Number of SET = 0
Number of GET = 110
Number of MULTI GET = 0


Worker 31
Average throughput (ops/sec) = 109
Average response time (msec) = 1.6118486557377047
Average queue length = 2
Average wait time in queue (msec) = 0.23827413114754098
Average service time (msec) = 1.2965203934426228
Number of SET = 0
Number of GET = 109
Number of MULTI GET = 0


Worker 32
Average throughput (ops/sec) = 109
Average response time (msec) = 1.5768741475409835
Average queue length = 2
Average wait time in queue (msec) = 0.23469547540983607
Average service time (msec) = 1.2686647049180328
Number of SET = 0
Number of GET = 109
Number of MULTI GET = 0


Worker 33
Average throughput (ops/sec) = 112
Average response time (msec) = 1.5810044590163934
Average queue length = 1
Average wait time in queue (msec) = 0.2347692786885246
Average service time (msec) = 1.2657393770491803
Number of SET = 0
Number of GET = 112
Number of MULTI GET = 0


Worker 34
Average throughput (ops/sec) = 109
Average response time (msec) = 1.6087671147540985
Average queue length = 1
Average wait time in queue (msec) = 0.23533349180327867
Average service time (msec) = 1.2838622950819674
Number of SET = 0
Number of GET = 109
Number of MULTI GET = 0


Worker 39
Average throughput (ops/sec) = 111
Average response time (msec) = 1.624104475409836
Average queue length = 1
Average wait time in queue (msec) = 0.2660723278688525
Average service time (msec) = 1.2795044918032787
Number of SET = 0
Number of GET = 111
Number of MULTI GET = 0


Worker 40
Average throughput (ops/sec) = 109
Average response time (msec) = 1.5645022950819674
Average queue length = 2
Average wait time in queue (msec) = 0.24021278688524592
Average service time (msec) = 1.244976049180328
Number of SET = 0
Number of GET = 109
Number of MULTI GET = 0


Worker 41
Average throughput (ops/sec) = 110
Average response time (msec) = 1.5773500983606559
Average queue length = 1
Average wait time in queue (msec) = 0.22111380327868851
Average service time (msec) = 1.2775649836065575
Number of SET = 0
Number of GET = 110
Number of MULTI GET = 0


FINAL STATS
Average throughput (ops/sec) = 7019
Average response time (msec) = 1.5768410747784125
Average queue length = 1
Average wait time in queue (msec) = 0.24070434195696722
Average service time (msec) = 1.2734407451331966
Number of SET = 0
Number of GET = 7017
Number of MULTI GET = 0
Number of Cache misses = 261898


Histogram response times (0.1 msec step)
0.0 msec : 1101
0.1 msec : 10080
0.2 msec : 26617
0.3 msec : 40586
0.4 msec : 47577
0.5 msec : 49094
0.6 msec : 46907
0.7 msec : 40746
0.8 msec : 34045
0.9 msec : 26332
1.0 msec : 20067
1.1 msec : 14265
1.2 msec : 10543
1.3 msec : 7763
1.4 msec : 5417
1.5 msec : 3868
1.6 msec : 2843
1.7 msec : 2468
1.8 msec : 1925
1.9 msec : 1578
2.0 msec : 1227
2.1 msec : 1163
2.2 msec : 1000
2.3 msec : 941
2.4 msec : 778
2.5 msec : 760
2.6 msec : 638
2.7 msec : 523
2.8 msec : 537
2.9 msec : 488
3.0 msec : 477
3.1 msec : 351
3.2 msec : 335
3.3 msec : 344
3.4 msec : 319
3.5 msec : 288
3.6 msec : 345
3.7 msec : 285
3.8 msec : 296
3.9 msec : 299
4.0 msec : 274
4.1 msec : 220
4.2 msec : 229
4.3 msec : 233
4.4 msec : 238
4.5 msec : 170
4.6 msec : 198
4.7 msec : 254
4.8 msec : 269
4.9 msec : 238
5.0 msec : 249
5.1 msec : 230
5.2 msec : 291
5.3 msec : 460
5.4 msec : 858
5.5 msec : 1230
5.6 msec : 1344
5.7 msec : 1501
5.8 msec : 1630
5.9 msec : 1773
6.0 msec : 1792
6.1 msec : 1654
6.2 msec : 1442
6.3 msec : 1226
6.4 msec : 991
6.5 msec : 837
6.6 msec : 711
6.7 msec : 518
6.8 msec : 492
6.9 msec : 367
7.0 msec : 263
7.1 msec : 234
7.2 msec : 180
7.3 msec : 163
7.4 msec : 120
7.5 msec : 138
7.6 msec : 104
7.7 msec : 67
7.8 msec : 74
7.9 msec : 70
8.0 msec : 53
8.1 msec : 56
8.2 msec : 64
8.3 msec : 48
8.4 msec : 40
8.5 msec : 46
8.6 msec : 34
8.7 msec : 43
8.8 msec : 62
8.9 msec : 45
9.0 msec : 56
9.1 msec : 44
9.2 msec : 59
9.3 msec : 43
9.4 msec : 43
9.5 msec : 64
9.6 msec : 38
9.7 msec : 31
9.8 msec : 32
9.9 msec : 16
10.0 msec : 21
10.1 msec : 38
10.2 msec : 20
10.3 msec : 17
10.4 msec : 17
10.5 msec : 10
10.6 msec : 15
10.7 msec : 18
10.8 msec : 19
10.9 msec : 8
11.0 msec : 16
11.1 msec : 16
11.2 msec : 10
11.3 msec : 6
11.4 msec : 7
11.5 msec : 9
11.6 msec : 10
11.7 msec : 11
11.8 msec : 12
11.9 msec : 17
12.0 msec : 19
12.1 msec : 7
12.2 msec : 9
12.3 msec : 7
12.4 msec : 9
12.5 msec : 5
12.6 msec : 5
12.7 msec : 5
12.8 msec : 3
12.9 msec : 7
13.0 msec : 3
13.1 msec : 1
13.2 msec : 4
13.3 msec : 2
13.4 msec : 4
13.5 msec : 3
13.6 msec : 4
13.7 msec : 8
13.8 msec : 3
13.9 msec : 1
14.0 msec : 2
14.1 msec : 3
14.2 msec : 5
14.3 msec : 3
14.4 msec : 1
14.5 msec : 0
14.6 msec : 10
14.7 msec : 10
14.8 msec : 4
14.9 msec : 2
15.0 msec : 4
15.1 msec : 3
15.2 msec : 1
15.3 msec : 4
15.4 msec : 4
15.5 msec : 6
15.6 msec : 2
15.7 msec : 6
15.8 msec : 6
15.9 msec : 1
16.0 msec : 7
16.1 msec : 2
16.2 msec : 5
16.3 msec : 5
16.4 msec : 3
16.5 msec : 5
16.6 msec : 5
16.7 msec : 7
16.8 msec : 2
16.9 msec : 0
17.0 msec : 2
17.1 msec : 0
17.2 msec : 0
17.3 msec : 0
17.4 msec : 0
17.5 msec : 0
17.6 msec : 1
17.7 msec : 0
17.8 msec : 0
17.9 msec : 0
18.0 msec : 0
18.1 msec : 0
18.2 msec : 0
18.3 msec : 0
18.4 msec : 0
18.5 msec : 0
18.6 msec : 0
18.7 msec : 0
18.8 msec : 0
18.9 msec : 0
19.0 msec : 0
19.1 msec : 0
19.2 msec : 0
19.3 msec : 0
19.4 msec : 0
19.5 msec : 0
19.6 msec : 2
19.7 msec : 3
19.8 msec : 1
19.9 msec : 0
20.0 msec : 1
20.1 msec : 0
20.2 msec : 1
20.3 msec : 0
20.4 msec : 0
20.5 msec : 0
20.6 msec : 0
20.7 msec : 2
20.8 msec : 1
20.9 msec : 1
21.0 msec : 0
21.1 msec : 0
21.2 msec : 0
21.3 msec : 0
21.4 msec : 0
21.5 msec : 0
21.6 msec : 0
21.7 msec : 0
21.8 msec : 0
21.9 msec : 0
22.0 msec : 1
22.1 msec : 1
22.2 msec : 0
22.3 msec : 0
22.4 msec : 0
22.5 msec : 0
22.6 msec : 0
22.7 msec : 3
22.8 msec : 5
22.9 msec : 1
23.0 msec : 1
23.1 msec : 0
23.2 msec : 1
23.3 msec : 2
23.4 msec : 1
23.5 msec : 1
23.6 msec : 0
23.7 msec : 2
23.8 msec : 4
23.9 msec : 1
24.0 msec : 0
24.1 msec : 5
24.2 msec : 1
24.3 msec : 1
24.4 msec : 3
24.5 msec : 2
24.6 msec : 1
24.7 msec : 5
24.8 msec : 3
24.9 msec : 2
25.0 msec : 0
25.1 msec : 1
25.2 msec : 1
25.3 msec : 2
25.4 msec : 3
25.5 msec : 7
25.6 msec : 6
25.7 msec : 3
25.8 msec : 3
25.9 msec : 2
26.0 msec : 0
26.1 msec : 0
26.2 msec : 3
26.3 msec : 0
26.4 msec : 0
26.5 msec : 0
26.6 msec : 0
26.7 msec : 0
26.8 msec : 0
26.9 msec : 1
27.0 msec : 1
27.1 msec : 0
27.2 msec : 0
27.3 msec : 0
27.4 msec : 0
27.5 msec : 1
27.6 msec : 4
27.7 msec : 2
27.8 msec : 2
27.9 msec : 0
28.0 msec : 2
28.1 msec : 1
28.2 msec : 2
28.3 msec : 1
28.4 msec : 0
28.5 msec : 3
28.6 msec : 1
28.7 msec : 2
28.8 msec : 3
28.9 msec : 2
29.0 msec : 1
29.1 msec : 3
29.2 msec : 1
29.3 msec : 3
29.4 msec : 0
29.5 msec : 0
29.6 msec : 0
29.7 msec : 0
29.8 msec : 0
29.9 msec : 0
30.0 msec : 0
30.1 msec : 1
30.2 msec : 1
30.3 msec : 0
30.4 msec : 0
30.5 msec : 0
30.6 msec : 0
30.7 msec : 0
30.8 msec : 0
30.9 msec : 0
31.0 msec : 0
31.1 msec : 0
31.2 msec : 0
31.3 msec : 0
31.4 msec : 0
31.5 msec : 0
31.6 msec : 0
31.7 msec : 0
31.8 msec : 0
31.9 msec : 0
32.0 msec : 0
32.1 msec : 0
32.2 msec : 0
32.3 msec : 0
32.4 msec : 0
32.5 msec : 0
32.6 msec : 0
32.7 msec : 0
32.8 msec : 0
32.9 msec : 0
33.0 msec : 0
33.1 msec : 0
33.2 msec : 0
33.3 msec : 0
33.4 msec : 0
33.5 msec : 0
33.6 msec : 0
33.7 msec : 0
33.8 msec : 0
33.9 msec : 0
34.0 msec : 0
34.1 msec : 0
34.2 msec : 0
34.3 msec : 2
34.4 msec : 0
34.5 msec : 0
34.6 msec : 0
34.7 msec : 0
34.8 msec : 0
34.9 msec : 0
35.0 msec : 2
35.1 msec : 3
35.2 msec : 1
35.3 msec : 2
35.4 msec : 0
35.5 msec : 0
35.6 msec : 0
35.7 msec : 0
35.8 msec : 4
35.9 msec : 4
36.0 msec : 5
36.1 msec : 5
36.2 msec : 4
36.3 msec : 2
36.4 msec : 3
36.5 msec : 2
36.6 msec : 2
36.7 msec : 1
36.8 msec : 0
36.9 msec : 1
37.0 msec : 0
37.1 msec : 0
37.2 msec : 0
37.3 msec : 0
37.4 msec : 0
37.5 msec : 0
37.6 msec : 0
37.7 msec : 0
37.8 msec : 0
37.9 msec : 0
38.0 msec : 1
38.1 msec : 4
38.2 msec : 5
38.3 msec : 0
38.4 msec : 0
38.5 msec : 0
38.6 msec : 0
38.7 msec : 0
38.8 msec : 0
38.9 msec : 0
39.0 msec : 0
39.1 msec : 0
39.2 msec : 0
39.3 msec : 0
39.4 msec : 0
39.5 msec : 0
39.6 msec : 0
39.7 msec : 0
39.8 msec : 0
39.9 msec : 0
40.0 msec : 0
40.1 msec : 0
40.2 msec : 0
40.3 msec : 0
40.4 msec : 0
40.5 msec : 0
40.6 msec : 0
40.7 msec : 0
40.8 msec : 0
40.9 msec : 0
41.0 msec : 0
41.1 msec : 0
41.2 msec : 0
41.3 msec : 0
41.4 msec : 0
41.5 msec : 0
41.6 msec : 0
41.7 msec : 0
41.8 msec : 0
41.9 msec : 0
42.0 msec : 0
42.1 msec : 0
42.2 msec : 0
42.3 msec : 0
42.4 msec : 0
42.5 msec : 0
42.6 msec : 0
42.7 msec : 0
42.8 msec : 0
42.9 msec : 0
43.0 msec : 0
43.1 msec : 0
43.2 msec : 0
43.3 msec : 0
43.4 msec : 0
43.5 msec : 0
43.6 msec : 0
43.7 msec : 0
43.8 msec : 0
43.9 msec : 1
44.0 msec : 0
44.1 msec : 0
44.2 msec : 0
44.3 msec : 0
44.4 msec : 0
44.5 msec : 0
44.6 msec : 0
44.7 msec : 0
44.8 msec : 0
44.9 msec : 0
45.0 msec : 0
45.1 msec : 0
45.2 msec : 0
45.3 msec : 0
45.4 msec : 0
45.5 msec : 0
45.6 msec : 0
45.7 msec : 0
45.8 msec : 0
45.9 msec : 0
46.0 msec : 0
46.1 msec : 0
46.2 msec : 0
46.3 msec : 0
46.4 msec : 0
46.5 msec : 0
46.6 msec : 0
46.7 msec : 0
46.8 msec : 0
46.9 msec : 0
47.0 msec : 0
47.1 msec : 0
47.2 msec : 0
47.3 msec : 0
47.4 msec : 0
47.5 msec : 0
47.6 msec : 0
47.7 msec : 0
47.8 msec : 0
47.9 msec : 0
48.0 msec : 0
48.1 msec : 0
48.2 msec : 0
48.3 msec : 0
48.4 msec : 0
48.5 msec : 0
48.6 msec : 0
48.7 msec : 0
48.8 msec : 0
48.9 msec : 0
49.0 msec : 0
49.1 msec : 0
49.2 msec : 0
49.3 msec : 0
49.4 msec : 0
49.5 msec : 0
49.6 msec : 0
49.7 msec : 0
49.8 msec : 0
49.9 msec : 0
50.0 msec : 0
50.1 msec : 0
50.2 msec : 0
50.3 msec : 0
50.4 msec : 0
50.5 msec : 0
50.6 msec : 0
50.7 msec : 0
50.8 msec : 0
50.9 msec : 0
51.0 msec : 0
51.1 msec : 0
51.2 msec : 0
51.3 msec : 0
51.4 msec : 0
51.5 msec : 0
51.6 msec : 0
51.7 msec : 0
51.8 msec : 0
51.9 msec : 0
52.0 msec : 0
52.1 msec : 0
52.2 msec : 0
52.3 msec : 0
52.4 msec : 0
52.5 msec : 0
52.6 msec : 0
52.7 msec : 0
52.8 msec : 0
52.9 msec : 0
53.0 msec : 0
53.1 msec : 0
53.2 msec : 0
53.3 msec : 0
53.4 msec : 0
53.5 msec : 0
53.6 msec : 0
53.7 msec : 0
53.8 msec : 0
53.9 msec : 0
54.0 msec : 0
54.1 msec : 0
54.2 msec : 0
54.3 msec : 0
54.4 msec : 0
54.5 msec : 0
54.6 msec : 0
54.7 msec : 0
54.8 msec : 0
54.9 msec : 0
55.0 msec : 0
55.1 msec : 0
55.2 msec : 0
55.3 msec : 0
55.4 msec : 0
55.5 msec : 0
55.6 msec : 0
55.7 msec : 0
55.8 msec : 0
55.9 msec : 0
56.0 msec : 0
56.1 msec : 0
56.2 msec : 0
56.3 msec : 0
56.4 msec : 0
56.5 msec : 0
56.6 msec : 0
56.7 msec : 0
56.8 msec : 0
56.9 msec : 0
57.0 msec : 0
57.1 msec : 0
57.2 msec : 0
57.3 msec : 0
57.4 msec : 0
57.5 msec : 0
57.6 msec : 0
57.7 msec : 0
57.8 msec : 0
57.9 msec : 3
58.0 msec : 1
58.1 msec : 1
58.2 msec : 0
58.3 msec : 1
58.4 msec : 4
58.5 msec : 4
58.6 msec : 1
