Middleware started...
Middleware shuts down...
Smaller resolution statistics are in a log file...
Final aggregates per worker:


Worker 46
Average throughput (ops/sec) = 56
Average response time (msec) = 3.419522
Average queue length = 1
Average wait time in queue (msec) = 0.6262986666666667
Average service time (msec) = 2.2713925
Number of SET = 56
Number of GET = 0
Number of MULTI GET = 0


Worker 47
Average throughput (ops/sec) = 58
Average response time (msec) = 2.878906
Average queue length = 1
Average wait time in queue (msec) = 0.476694
Average service time (msec) = 1.9847243333333333
Number of SET = 58
Number of GET = 0
Number of MULTI GET = 0


Worker 48
Average throughput (ops/sec) = 51
Average response time (msec) = 2.692553
Average queue length = 1
Average wait time in queue (msec) = 0.4740571666666667
Average service time (msec) = 1.8292868333333332
Number of SET = 51
Number of GET = 0
Number of MULTI GET = 0


Worker 49
Average throughput (ops/sec) = 53
Average response time (msec) = 3.0744181666666663
Average queue length = 0
Average wait time in queue (msec) = 0.4380945
Average service time (msec) = 2.078992
Number of SET = 53
Number of GET = 0
Number of MULTI GET = 0


Worker 42
Average throughput (ops/sec) = 59
Average response time (msec) = 3.1408673333333335
Average queue length = 3
Average wait time in queue (msec) = 0.3756046666666667
Average service time (msec) = 2.0909263333333334
Number of SET = 59
Number of GET = 0
Number of MULTI GET = 0


Worker 43
Average throughput (ops/sec) = 58
Average response time (msec) = 3.1556001666666664
Average queue length = 1
Average wait time in queue (msec) = 0.4359818333333333
Average service time (msec) = 1.9685826666666668
Number of SET = 58
Number of GET = 0
Number of MULTI GET = 0


Worker 44
Average throughput (ops/sec) = 59
Average response time (msec) = 2.5520628333333333
Average queue length = 1
Average wait time in queue (msec) = 0.4019143333333333
Average service time (msec) = 1.7680073333333333
Number of SET = 59
Number of GET = 0
Number of MULTI GET = 0


Worker 45
Average throughput (ops/sec) = 59
Average response time (msec) = 3.4835688333333334
Average queue length = 1
Average wait time in queue (msec) = 1.2636276666666668
Average service time (msec) = 1.8109741666666668
Number of SET = 59
Number of GET = 0
Number of MULTI GET = 0


Worker 50
Average throughput (ops/sec) = 51
Average response time (msec) = 3.1583081666666666
Average queue length = 1
Average wait time in queue (msec) = 0.5326311666666667
Average service time (msec) = 1.937509
Number of SET = 51
Number of GET = 0
Number of MULTI GET = 0


Worker 51
Average throughput (ops/sec) = 57
Average response time (msec) = 2.7549535
Average queue length = 2
Average wait time in queue (msec) = 0.3134703333333333
Average service time (msec) = 2.1152545
Number of SET = 57
Number of GET = 0
Number of MULTI GET = 0


Worker 52
Average throughput (ops/sec) = 56
Average response time (msec) = 4.740107
Average queue length = 2
Average wait time in queue (msec) = 1.2899226666666668
Average service time (msec) = 3.010805
Number of SET = 56
Number of GET = 0
Number of MULTI GET = 0


Worker 57
Average throughput (ops/sec) = 54
Average response time (msec) = 3.5398558333333336
Average queue length = 1
Average wait time in queue (msec) = 1.2415801666666668
Average service time (msec) = 1.9445671666666668
Number of SET = 54
Number of GET = 0
Number of MULTI GET = 0


Worker 13
Average throughput (ops/sec) = 55
Average response time (msec) = 2.9237186666666664
Average queue length = 2
Average wait time in queue (msec) = 0.5350861666666666
Average service time (msec) = 2.024362
Number of SET = 55
Number of GET = 0
Number of MULTI GET = 0


Worker 58
Average throughput (ops/sec) = 55
Average response time (msec) = 3.9090101666666666
Average queue length = 0
Average wait time in queue (msec) = 0.5265555
Average service time (msec) = 2.9944191666666664
Number of SET = 55
Number of GET = 0
Number of MULTI GET = 0


Worker 14
Average throughput (ops/sec) = 53
Average response time (msec) = 3.3378755
Average queue length = 2
Average wait time in queue (msec) = 0.6789866666666666
Average service time (msec) = 2.1710833333333337
Number of SET = 53
Number of GET = 0
Number of MULTI GET = 0


Worker 59
Average throughput (ops/sec) = 57
Average response time (msec) = 3.0979475
Average queue length = 0
Average wait time in queue (msec) = 0.5699636666666666
Average service time (msec) = 1.960971
Number of SET = 57
Number of GET = 0
Number of MULTI GET = 0


Worker 15
Average throughput (ops/sec) = 55
Average response time (msec) = 3.3355741666666665
Average queue length = 2
Average wait time in queue (msec) = 0.6765861666666666
Average service time (msec) = 2.1414028333333337
Number of SET = 55
Number of GET = 0
Number of MULTI GET = 0


Worker 16
Average throughput (ops/sec) = 55
Average response time (msec) = 2.7637081666666665
Average queue length = 1
Average wait time in queue (msec) = 0.5509941666666667
Average service time (msec) = 1.8059988333333332
Number of SET = 55
Number of GET = 0
Number of MULTI GET = 0


Worker 53
Average throughput (ops/sec) = 52
Average response time (msec) = 2.984047
Average queue length = 2
Average wait time in queue (msec) = 0.5544281666666666
Average service time (msec) = 2.051339666666667
Number of SET = 52
Number of GET = 0
Number of MULTI GET = 0


Worker 54
Average throughput (ops/sec) = 56
Average response time (msec) = 3.612718
Average queue length = 3
Average wait time in queue (msec) = 0.391596
Average service time (msec) = 2.5553526666666664
Number of SET = 56
Number of GET = 0
Number of MULTI GET = 0


Worker 10
Average throughput (ops/sec) = 56
Average response time (msec) = 4.232591833333333
Average queue length = 3
Average wait time in queue (msec) = 1.2313646666666667
Average service time (msec) = 2.511351
Number of SET = 56
Number of GET = 0
Number of MULTI GET = 0


Worker 55
Average throughput (ops/sec) = 62
Average response time (msec) = 2.5976546666666667
Average queue length = 1
Average wait time in queue (msec) = 0.5047603333333334
Average service time (msec) = 1.774271
Number of SET = 62
Number of GET = 0
Number of MULTI GET = 0


Worker 11
Average throughput (ops/sec) = 58
Average response time (msec) = 4.009837666666667
Average queue length = 2
Average wait time in queue (msec) = 0.584488
Average service time (msec) = 2.9045176666666666
Number of SET = 58
Number of GET = 0
Number of MULTI GET = 0


Worker 56
Average throughput (ops/sec) = 53
Average response time (msec) = 3.700385
Average queue length = 0
Average wait time in queue (msec) = 1.5055248333333333
Average service time (msec) = 1.7940301666666667
Number of SET = 53
Number of GET = 0
Number of MULTI GET = 0


Worker 12
Average throughput (ops/sec) = 53
Average response time (msec) = 3.5887986666666665
Average queue length = 1
Average wait time in queue (msec) = 1.258113
Average service time (msec) = 2.0252605
Number of SET = 53
Number of GET = 0
Number of MULTI GET = 0


Worker 17
Average throughput (ops/sec) = 55
Average response time (msec) = 2.8330708333333336
Average queue length = 1
Average wait time in queue (msec) = 0.5143173333333333
Average service time (msec) = 1.9447933333333332
Number of SET = 55
Number of GET = 0
Number of MULTI GET = 0


Worker 18
Average throughput (ops/sec) = 52
Average response time (msec) = 4.287687666666667
Average queue length = 2
Average wait time in queue (msec) = 1.4508335
Average service time (msec) = 2.3467511666666665
Number of SET = 52
Number of GET = 0
Number of MULTI GET = 0


Worker 19
Average throughput (ops/sec) = 56
Average response time (msec) = 3.1118426666666665
Average queue length = 1
Average wait time in queue (msec) = 0.3305673333333333
Average service time (msec) = 2.0999403333333335
Number of SET = 56
Number of GET = 0
Number of MULTI GET = 0


Worker 60
Average throughput (ops/sec) = 54
Average response time (msec) = 3.1026148333333334
Average queue length = 0
Average wait time in queue (msec) = 0.500664
Average service time (msec) = 1.9338726666666668
Number of SET = 54
Number of GET = 0
Number of MULTI GET = 0


Worker 61
Average throughput (ops/sec) = 58
Average response time (msec) = 2.8483348333333334
Average queue length = 0
Average wait time in queue (msec) = 0.44174816666666666
Average service time (msec) = 2.092187666666667
Number of SET = 58
Number of GET = 0
Number of MULTI GET = 0


Worker 62
Average throughput (ops/sec) = 61
Average response time (msec) = 2.5324261666666663
Average queue length = 0
Average wait time in queue (msec) = 0.527772
Average service time (msec) = 1.6954376666666668
Number of SET = 61
Number of GET = 0
Number of MULTI GET = 0


Worker 63
Average throughput (ops/sec) = 53
Average response time (msec) = 3.0274316666666663
Average queue length = 0
Average wait time in queue (msec) = 0.382311
Average service time (msec) = 1.9359018333333333
Number of SET = 53
Number of GET = 0
Number of MULTI GET = 0


Worker 24
Average throughput (ops/sec) = 54
Average response time (msec) = 4.264739
Average queue length = 0
Average wait time in queue (msec) = 2.0051501666666667
Average service time (msec) = 1.953174
Number of SET = 54
Number of GET = 0
Number of MULTI GET = 0


Worker 7
Average throughput (ops/sec) = 56
Average response time (msec) = 3.5662908333333334
Average queue length = 1
Average wait time in queue (msec) = 1.2900095
Average service time (msec) = 1.7970828333333333
Number of SET = 56
Number of GET = 0
Number of MULTI GET = 0


Worker 25
Average throughput (ops/sec) = 51
Average response time (msec) = 3.490314
Average queue length = 0
Average wait time in queue (msec) = 1.0395141666666665
Average service time (msec) = 2.0632746666666666
Number of SET = 51
Number of GET = 0
Number of MULTI GET = 0


Worker 6
Average throughput (ops/sec) = 56
Average response time (msec) = 2.9350248333333333
Average queue length = 0
Average wait time in queue (msec) = 0.8838576666666667
Average service time (msec) = 1.7933181666666667
Number of SET = 56
Number of GET = 0
Number of MULTI GET = 0


Worker 26
Average throughput (ops/sec) = 57
Average response time (msec) = 3.1062451666666666
Average queue length = 0
Average wait time in queue (msec) = 0.3870875
Average service time (msec) = 2.1045148333333334
Number of SET = 57
Number of GET = 0
Number of MULTI GET = 0


Worker 9
Average throughput (ops/sec) = 56
Average response time (msec) = 3.2954955
Average queue length = 0
Average wait time in queue (msec) = 0.7218236666666666
Average service time (msec) = 2.084658666666667
Number of SET = 56
Number of GET = 0
Number of MULTI GET = 0


Worker 27
Average throughput (ops/sec) = 58
Average response time (msec) = 2.778244
Average queue length = 0
Average wait time in queue (msec) = 0.6813418333333334
Average service time (msec) = 1.8085855
Number of SET = 58
Number of GET = 0
Number of MULTI GET = 0


Worker 8
Average throughput (ops/sec) = 50
Average response time (msec) = 3.1151301666666664
Average queue length = 1
Average wait time in queue (msec) = 0.408621
Average service time (msec) = 2.2891643333333334
Number of SET = 50
Number of GET = 0
Number of MULTI GET = 0


Worker 64
Average throughput (ops/sec) = 55
Average response time (msec) = 2.7299698333333335
Average queue length = 0
Average wait time in queue (msec) = 0.3999936666666667
Average service time (msec) = 1.9929698333333332
Number of SET = 55
Number of GET = 0
Number of MULTI GET = 0


Worker 20
Average throughput (ops/sec) = 58
Average response time (msec) = 2.7827271666666666
Average queue length = 2
Average wait time in queue (msec) = 0.5108741666666667
Average service time (msec) = 1.8124711666666669
Number of SET = 58
Number of GET = 0
Number of MULTI GET = 0


Worker 3
Average throughput (ops/sec) = 53
Average response time (msec) = 2.780544
Average queue length = 0
Average wait time in queue (msec) = 0.383472
Average service time (msec) = 2.0191115
Number of SET = 53
Number of GET = 0
Number of MULTI GET = 0


Worker 21
Average throughput (ops/sec) = 58
Average response time (msec) = 2.4719418333333336
Average queue length = 0
Average wait time in queue (msec) = 0.3760911666666667
Average service time (msec) = 1.7908088333333332
Number of SET = 58
Number of GET = 0
Number of MULTI GET = 0


Worker 2
Average throughput (ops/sec) = 57
Average response time (msec) = 2.7519535
Average queue length = 3
Average wait time in queue (msec) = 0.5461086666666666
Average service time (msec) = 1.7200833333333332
Number of SET = 57
Number of GET = 0
Number of MULTI GET = 0


Worker 22
Average throughput (ops/sec) = 61
Average response time (msec) = 3.2347016666666666
Average queue length = 1
Average wait time in queue (msec) = 0.9510778333333334
Average service time (msec) = 1.978081
Number of SET = 61
Number of GET = 0
Number of MULTI GET = 0


Worker 5
Average throughput (ops/sec) = 58
Average response time (msec) = 3.0017908333333336
Average queue length = 2
Average wait time in queue (msec) = 0.5426351666666667
Average service time (msec) = 2.1117296666666667
Number of SET = 58
Number of GET = 0
Number of MULTI GET = 0


Worker 23
Average throughput (ops/sec) = 54
Average response time (msec) = 2.8837743333333337
Average queue length = 0
Average wait time in queue (msec) = 0.457965
Average service time (msec) = 2.043539
Number of SET = 54
Number of GET = 0
Number of MULTI GET = 0


Worker 4
Average throughput (ops/sec) = 57
Average response time (msec) = 2.9700838333333337
Average queue length = 0
Average wait time in queue (msec) = 0.4960583333333333
Average service time (msec) = 2.0525895
Number of SET = 57
Number of GET = 0
Number of MULTI GET = 0


Worker 28
Average throughput (ops/sec) = 57
Average response time (msec) = 2.8874401666666665
Average queue length = 0
Average wait time in queue (msec) = 0.5759051666666666
Average service time (msec) = 1.8132086666666667
Number of SET = 57
Number of GET = 0
Number of MULTI GET = 0


Worker 29
Average throughput (ops/sec) = 58
Average response time (msec) = 3.1004425
Average queue length = 1
Average wait time in queue (msec) = 0.4027485
Average service time (msec) = 2.3708111666666665
Number of SET = 58
Number of GET = 0
Number of MULTI GET = 0


Worker 1
Average throughput (ops/sec) = 57
Average response time (msec) = 3.3004918333333335
Average queue length = 2
Average wait time in queue (msec) = 0.430296
Average service time (msec) = 2.4547075
Number of SET = 57
Number of GET = 0
Number of MULTI GET = 0


Worker 30
Average throughput (ops/sec) = 56
Average response time (msec) = 2.9280676666666663
Average queue length = 1
Average wait time in queue (msec) = 0.6228116666666667
Average service time (msec) = 1.8362201666666667
Number of SET = 56
Number of GET = 0
Number of MULTI GET = 0


Worker 35
Average throughput (ops/sec) = 59
Average response time (msec) = 3.5762345
Average queue length = 0
Average wait time in queue (msec) = 1.1608541666666667
Average service time (msec) = 2.1171726666666664
Number of SET = 59
Number of GET = 0
Number of MULTI GET = 0


Worker 36
Average throughput (ops/sec) = 56
Average response time (msec) = 2.850436
Average queue length = 0
Average wait time in queue (msec) = 0.5930521666666666
Average service time (msec) = 1.9551133333333333
Number of SET = 56
Number of GET = 0
Number of MULTI GET = 0


Worker 37
Average throughput (ops/sec) = 56
Average response time (msec) = 2.714145
Average queue length = 1
Average wait time in queue (msec) = 0.422021
Average service time (msec) = 1.8280995
Number of SET = 56
Number of GET = 0
Number of MULTI GET = 0


Worker 38
Average throughput (ops/sec) = 59
Average response time (msec) = 2.7208293333333335
Average queue length = 0
Average wait time in queue (msec) = 0.3948781666666667
Average service time (msec) = 1.7725956666666667
Number of SET = 58
Number of GET = 0
Number of MULTI GET = 0


Worker 31
Average throughput (ops/sec) = 57
Average response time (msec) = 2.6554443333333335
Average queue length = 0
Average wait time in queue (msec) = 0.37637366666666666
Average service time (msec) = 1.9023585
Number of SET = 57
Number of GET = 0
Number of MULTI GET = 0


Worker 32
Average throughput (ops/sec) = 62
Average response time (msec) = 2.9493431666666665
Average queue length = 2
Average wait time in queue (msec) = 0.3927695
Average service time (msec) = 1.8827785
Number of SET = 62
Number of GET = 0
Number of MULTI GET = 0


Worker 33
Average throughput (ops/sec) = 57
Average response time (msec) = 3.952903
Average queue length = 1
Average wait time in queue (msec) = 1.1534391666666668
Average service time (msec) = 2.2830088333333336
Number of SET = 57
Number of GET = 0
Number of MULTI GET = 0


Worker 34
Average throughput (ops/sec) = 54
Average response time (msec) = 2.8194165
Average queue length = 2
Average wait time in queue (msec) = 0.5696271666666666
Average service time (msec) = 1.8617353333333333
Number of SET = 54
Number of GET = 0
Number of MULTI GET = 0


Worker 39
Average throughput (ops/sec) = 55
Average response time (msec) = 2.6792703333333336
Average queue length = 1
Average wait time in queue (msec) = 0.40797916666666667
Average service time (msec) = 1.8949748333333332
Number of SET = 55
Number of GET = 0
Number of MULTI GET = 0


Worker 40
Average throughput (ops/sec) = 55
Average response time (msec) = 2.6948371666666664
Average queue length = 0
Average wait time in queue (msec) = 0.4164133333333333
Average service time (msec) = 1.9332888333333333
Number of SET = 55
Number of GET = 0
Number of MULTI GET = 0


Worker 41
Average throughput (ops/sec) = 63
Average response time (msec) = 2.8570033333333336
Average queue length = 1
Average wait time in queue (msec) = 0.4457416666666667
Average service time (msec) = 2.000716
Number of SET = 63
Number of GET = 0
Number of MULTI GET = 0


FINAL STATS
Average throughput (ops/sec) = 3590
Average response time (msec) = 2.5989843558423598
Average queue length = 0
Average wait time in queue (msec) = 0.6567676536458333
Average service time (msec) = 2.045253322916667
Number of SET = 56
Number of GET = 0
Number of MULTI GET = 0
Number of Cache misses = 0


Histogram response times (0.1 msec step)
0.0 msec : 41
0.1 msec : 257
0.2 msec : 647
0.3 msec : 1091
0.4 msec : 1402
0.5 msec : 1428
0.6 msec : 1472
0.7 msec : 1358
0.8 msec : 1346
0.9 msec : 1202
1.0 msec : 1079
1.1 msec : 965
1.2 msec : 818
1.3 msec : 667
1.4 msec : 597
1.5 msec : 551
1.6 msec : 477
1.7 msec : 402
1.8 msec : 338
1.9 msec : 311
2.0 msec : 254
2.1 msec : 240
2.2 msec : 202
2.3 msec : 209
2.4 msec : 159
2.5 msec : 183
2.6 msec : 191
2.7 msec : 131
2.8 msec : 149
2.9 msec : 121
3.0 msec : 112
3.1 msec : 118
3.2 msec : 104
3.3 msec : 97
3.4 msec : 125
3.5 msec : 90
3.6 msec : 101
3.7 msec : 87
3.8 msec : 91
3.9 msec : 84
4.0 msec : 112
4.1 msec : 115
4.2 msec : 101
4.3 msec : 97
4.4 msec : 103
4.5 msec : 99
4.6 msec : 70
4.7 msec : 65
4.8 msec : 64
4.9 msec : 61
5.0 msec : 62
5.1 msec : 67
5.2 msec : 35
5.3 msec : 52
5.4 msec : 50
5.5 msec : 55
5.6 msec : 60
5.7 msec : 41
5.8 msec : 49
5.9 msec : 26
6.0 msec : 35
6.1 msec : 38
6.2 msec : 41
6.3 msec : 27
6.4 msec : 37
6.5 msec : 25
6.6 msec : 26
6.7 msec : 24
6.8 msec : 28
6.9 msec : 33
7.0 msec : 23
7.1 msec : 17
7.2 msec : 27
7.3 msec : 19
7.4 msec : 19
7.5 msec : 12
7.6 msec : 18
7.7 msec : 16
7.8 msec : 16
7.9 msec : 7
8.0 msec : 12
8.1 msec : 8
8.2 msec : 13
8.3 msec : 13
8.4 msec : 6
8.5 msec : 14
8.6 msec : 12
8.7 msec : 10
8.8 msec : 13
8.9 msec : 8
9.0 msec : 9
9.1 msec : 9
9.2 msec : 14
9.3 msec : 13
9.4 msec : 8
9.5 msec : 14
9.6 msec : 6
9.7 msec : 10
9.8 msec : 9
9.9 msec : 12
10.0 msec : 7
10.1 msec : 5
10.2 msec : 6
10.3 msec : 4
10.4 msec : 7
10.5 msec : 7
10.6 msec : 4
10.7 msec : 6
10.8 msec : 7
10.9 msec : 3
11.0 msec : 2
11.1 msec : 5
11.2 msec : 6
11.3 msec : 2
11.4 msec : 1
11.5 msec : 6
11.6 msec : 2
11.7 msec : 2
11.8 msec : 4
11.9 msec : 7
12.0 msec : 1
12.1 msec : 7
12.2 msec : 5
12.3 msec : 9
12.4 msec : 4
12.5 msec : 2
12.6 msec : 3
12.7 msec : 3
12.8 msec : 5
12.9 msec : 3
13.0 msec : 5
13.1 msec : 2
13.2 msec : 2
13.3 msec : 2
13.4 msec : 2
13.5 msec : 1
13.6 msec : 2
13.7 msec : 0
13.8 msec : 2
13.9 msec : 0
14.0 msec : 1
14.1 msec : 1
14.2 msec : 4
14.3 msec : 1
14.4 msec : 1
14.5 msec : 0
14.6 msec : 1
14.7 msec : 0
14.8 msec : 5
14.9 msec : 4
15.0 msec : 2
15.1 msec : 2
15.2 msec : 2
15.3 msec : 0
15.4 msec : 1
15.5 msec : 1
15.6 msec : 2
15.7 msec : 0
15.8 msec : 0
15.9 msec : 1
16.0 msec : 1
16.1 msec : 1
16.2 msec : 1
16.3 msec : 3
16.4 msec : 1
16.5 msec : 2
16.6 msec : 0
16.7 msec : 0
16.8 msec : 1
16.9 msec : 1
17.0 msec : 1
17.1 msec : 0
17.2 msec : 0
17.3 msec : 1
17.4 msec : 0
17.5 msec : 0
17.6 msec : 2
17.7 msec : 1
17.8 msec : 0
17.9 msec : 0
18.0 msec : 1
18.1 msec : 2
18.2 msec : 2
18.3 msec : 0
18.4 msec : 1
18.5 msec : 0
18.6 msec : 1
18.7 msec : 0
18.8 msec : 0
18.9 msec : 0
19.0 msec : 0
19.1 msec : 0
19.2 msec : 1
19.3 msec : 1
19.4 msec : 1
19.5 msec : 2
19.6 msec : 1
19.7 msec : 0
19.8 msec : 0
19.9 msec : 0
20.0 msec : 2
20.1 msec : 4
20.2 msec : 0
20.3 msec : 0
20.4 msec : 1
20.5 msec : 0
20.6 msec : 1
20.7 msec : 2
20.8 msec : 0
20.9 msec : 2
21.0 msec : 0
21.1 msec : 0
21.2 msec : 1
21.3 msec : 0
21.4 msec : 0
21.5 msec : 0
21.6 msec : 2
21.7 msec : 0
21.8 msec : 0
21.9 msec : 1
22.0 msec : 0
22.1 msec : 0
22.2 msec : 0
22.3 msec : 0
22.4 msec : 0
22.5 msec : 0
22.6 msec : 0
22.7 msec : 0
22.8 msec : 0
22.9 msec : 1
23.0 msec : 0
23.1 msec : 0
23.2 msec : 0
23.3 msec : 0
23.4 msec : 0
23.5 msec : 0
23.6 msec : 0
23.7 msec : 0
23.8 msec : 2
23.9 msec : 0
24.0 msec : 0
24.1 msec : 0
24.2 msec : 0
24.3 msec : 1
24.4 msec : 0
24.5 msec : 0
24.6 msec : 0
24.7 msec : 0
24.8 msec : 0
24.9 msec : 0
25.0 msec : 0
25.1 msec : 0
25.2 msec : 1
25.3 msec : 0
25.4 msec : 3
25.5 msec : 0
25.6 msec : 1
25.7 msec : 2
25.8 msec : 0
25.9 msec : 0
26.0 msec : 2
26.1 msec : 2
26.2 msec : 1
26.3 msec : 2
26.4 msec : 1
26.5 msec : 1
26.6 msec : 2
26.7 msec : 4
26.8 msec : 0
26.9 msec : 3
27.0 msec : 0
27.1 msec : 1
27.2 msec : 1
27.3 msec : 1
27.4 msec : 0
27.5 msec : 0
27.6 msec : 0
27.7 msec : 0
27.8 msec : 0
27.9 msec : 1
28.0 msec : 1
28.1 msec : 1
28.2 msec : 1
28.3 msec : 0
28.4 msec : 2
28.5 msec : 1
28.6 msec : 1
28.7 msec : 2
28.8 msec : 0
28.9 msec : 0
29.0 msec : 0
29.1 msec : 2
29.2 msec : 0
29.3 msec : 1
29.4 msec : 1
29.5 msec : 0
29.6 msec : 0
29.7 msec : 0
29.8 msec : 0
29.9 msec : 0
30.0 msec : 1
30.1 msec : 0
30.2 msec : 0
30.3 msec : 0
30.4 msec : 0
30.5 msec : 0
30.6 msec : 1
30.7 msec : 0
30.8 msec : 0
30.9 msec : 0
31.0 msec : 0
31.1 msec : 0
31.2 msec : 0
31.3 msec : 0
31.4 msec : 0
31.5 msec : 2
31.6 msec : 0
31.7 msec : 0
31.8 msec : 0
31.9 msec : 1
32.0 msec : 1
32.1 msec : 0
32.2 msec : 0
32.3 msec : 0
32.4 msec : 0
32.5 msec : 0
32.6 msec : 0
32.7 msec : 0
32.8 msec : 0
32.9 msec : 0
33.0 msec : 0
33.1 msec : 0
33.2 msec : 1
33.3 msec : 0
33.4 msec : 0
33.5 msec : 0
33.6 msec : 0
33.7 msec : 0
33.8 msec : 0
33.9 msec : 0
34.0 msec : 0
34.1 msec : 0
34.2 msec : 0
34.3 msec : 0
34.4 msec : 0
34.5 msec : 0
34.6 msec : 0
34.7 msec : 0
34.8 msec : 0
34.9 msec : 0
35.0 msec : 0
35.1 msec : 0
35.2 msec : 0
35.3 msec : 0
35.4 msec : 0
35.5 msec : 0
35.6 msec : 0
35.7 msec : 0
35.8 msec : 0
35.9 msec : 1
36.0 msec : 0
36.1 msec : 0
36.2 msec : 0
36.3 msec : 0
36.4 msec : 0
36.5 msec : 0
36.6 msec : 0
36.7 msec : 0
36.8 msec : 0
36.9 msec : 0
37.0 msec : 0
37.1 msec : 0
37.2 msec : 0
37.3 msec : 0
37.4 msec : 0
37.5 msec : 0
37.6 msec : 0
37.7 msec : 0
37.8 msec : 0
37.9 msec : 0
38.0 msec : 0
38.1 msec : 0
38.2 msec : 0
38.3 msec : 0
38.4 msec : 0
38.5 msec : 0
38.6 msec : 0
38.7 msec : 0
38.8 msec : 0
38.9 msec : 0
39.0 msec : 0
39.1 msec : 0
39.2 msec : 0
39.3 msec : 0
39.4 msec : 0
39.5 msec : 0
39.6 msec : 0
39.7 msec : 0
39.8 msec : 0
39.9 msec : 0
40.0 msec : 0
40.1 msec : 0
40.2 msec : 0
40.3 msec : 1
40.4 msec : 0
40.5 msec : 0
40.6 msec : 0
40.7 msec : 0
40.8 msec : 0
40.9 msec : 0
41.0 msec : 0
41.1 msec : 0
41.2 msec : 0
41.3 msec : 0
41.4 msec : 0
41.5 msec : 0
41.6 msec : 0
41.7 msec : 0
41.8 msec : 0
41.9 msec : 0
42.0 msec : 0
42.1 msec : 0
42.2 msec : 0
42.3 msec : 0
42.4 msec : 0
42.5 msec : 0
42.6 msec : 0
42.7 msec : 0
42.8 msec : 0
42.9 msec : 0
43.0 msec : 0
43.1 msec : 0
43.2 msec : 0
43.3 msec : 0
43.4 msec : 0
43.5 msec : 0
43.6 msec : 0
43.7 msec : 0
43.8 msec : 0
43.9 msec : 0
44.0 msec : 0
44.1 msec : 0
44.2 msec : 0
44.3 msec : 0
44.4 msec : 0
44.5 msec : 0
44.6 msec : 0
44.7 msec : 0
44.8 msec : 0
44.9 msec : 0
45.0 msec : 0
45.1 msec : 0
45.2 msec : 0
45.3 msec : 0
45.4 msec : 0
45.5 msec : 0
45.6 msec : 0
45.7 msec : 0
45.8 msec : 0
45.9 msec : 0
46.0 msec : 0
46.1 msec : 0
46.2 msec : 0
46.3 msec : 0
46.4 msec : 0
46.5 msec : 0
46.6 msec : 0
46.7 msec : 0
46.8 msec : 0
46.9 msec : 0
47.0 msec : 0
47.1 msec : 0
47.2 msec : 0
47.3 msec : 0
47.4 msec : 0
47.5 msec : 0
47.6 msec : 0
47.7 msec : 0
47.8 msec : 0
47.9 msec : 0
48.0 msec : 0
48.1 msec : 0
48.2 msec : 0
48.3 msec : 0
48.4 msec : 0
48.5 msec : 0
48.6 msec : 0
48.7 msec : 0
48.8 msec : 0
48.9 msec : 0
49.0 msec : 0
49.1 msec : 0
49.2 msec : 0
49.3 msec : 0
49.4 msec : 0
49.5 msec : 0
49.6 msec : 0
49.7 msec : 0
49.8 msec : 0
49.9 msec : 0
50.0 msec : 0
50.1 msec : 0
50.2 msec : 0
50.3 msec : 0
50.4 msec : 0
50.5 msec : 0
50.6 msec : 0
50.7 msec : 0
50.8 msec : 0
50.9 msec : 0
51.0 msec : 0
51.1 msec : 0
51.2 msec : 0
51.3 msec : 0
51.4 msec : 0
51.5 msec : 0
51.6 msec : 0
51.7 msec : 0
51.8 msec : 0
51.9 msec : 0
52.0 msec : 0
52.1 msec : 0
52.2 msec : 0
52.3 msec : 0
52.4 msec : 0
52.5 msec : 0
52.6 msec : 0
52.7 msec : 0
52.8 msec : 0
52.9 msec : 0
53.0 msec : 0
53.1 msec : 0
53.2 msec : 0
53.3 msec : 0
53.4 msec : 0
53.5 msec : 0
53.6 msec : 0
53.7 msec : 0
53.8 msec : 0
53.9 msec : 0
54.0 msec : 0
54.1 msec : 0
54.2 msec : 0
54.3 msec : 0
54.4 msec : 0
54.5 msec : 0
54.6 msec : 0
54.7 msec : 0
54.8 msec : 0
54.9 msec : 0
55.0 msec : 0
55.1 msec : 0
55.2 msec : 0
55.3 msec : 0
55.4 msec : 0
55.5 msec : 0
55.6 msec : 0
55.7 msec : 0
55.8 msec : 0
55.9 msec : 0
56.0 msec : 0
56.1 msec : 0
56.2 msec : 0
56.3 msec : 0
56.4 msec : 0
56.5 msec : 0
56.6 msec : 0
56.7 msec : 0
56.8 msec : 0
56.9 msec : 0
57.0 msec : 0
57.1 msec : 0
57.2 msec : 0
57.3 msec : 0
57.4 msec : 0
57.5 msec : 0
57.6 msec : 0
57.7 msec : 0
57.8 msec : 0
57.9 msec : 0
58.0 msec : 0
58.1 msec : 0
58.2 msec : 0
58.3 msec : 0
58.4 msec : 0
58.5 msec : 0
58.6 msec : 0
58.7 msec : 0
58.8 msec : 0
58.9 msec : 0
59.0 msec : 0
59.1 msec : 0
59.2 msec : 0
59.3 msec : 0
59.4 msec : 0
59.5 msec : 0
59.6 msec : 0
59.7 msec : 0
59.8 msec : 0
59.9 msec : 0
60.0 msec : 0
60.1 msec : 0
60.2 msec : 0
60.3 msec : 0
60.4 msec : 0
60.5 msec : 0
60.6 msec : 0
60.7 msec : 0
60.8 msec : 0
60.9 msec : 0
61.0 msec : 0
61.1 msec : 0
61.2 msec : 0
61.3 msec : 0
61.4 msec : 0
61.5 msec : 0
61.6 msec : 0
61.7 msec : 0
61.8 msec : 0
61.9 msec : 0
62.0 msec : 0
62.1 msec : 0
62.2 msec : 0
62.3 msec : 0
62.4 msec : 0
62.5 msec : 0
62.6 msec : 0
62.7 msec : 0
62.8 msec : 0
62.9 msec : 0
63.0 msec : 0
63.1 msec : 0
63.2 msec : 0
63.3 msec : 0
63.4 msec : 0
63.5 msec : 0
63.6 msec : 0
63.7 msec : 0
63.8 msec : 0
63.9 msec : 0
64.0 msec : 0
64.1 msec : 0
64.2 msec : 0
64.3 msec : 0
64.4 msec : 0
64.5 msec : 0
64.6 msec : 0
64.7 msec : 0
64.8 msec : 0
64.9 msec : 0
65.0 msec : 0
65.1 msec : 0
65.2 msec : 0
65.3 msec : 0
65.4 msec : 0
65.5 msec : 0
65.6 msec : 0
65.7 msec : 0
65.8 msec : 0
65.9 msec : 0
66.0 msec : 0
66.1 msec : 0
66.2 msec : 0
66.3 msec : 0
66.4 msec : 0
66.5 msec : 0
66.6 msec : 0
66.7 msec : 0
66.8 msec : 0
66.9 msec : 0
67.0 msec : 0
67.1 msec : 0
67.2 msec : 0
67.3 msec : 0
67.4 msec : 0
67.5 msec : 0
67.6 msec : 0
67.7 msec : 0
67.8 msec : 0
67.9 msec : 0
68.0 msec : 0
68.1 msec : 0
68.2 msec : 0
68.3 msec : 0
68.4 msec : 0
68.5 msec : 0
68.6 msec : 0
68.7 msec : 0
68.8 msec : 0
68.9 msec : 0
69.0 msec : 0
69.1 msec : 0
69.2 msec : 1
69.3 msec : 0
69.4 msec : 1
69.5 msec : 0
69.6 msec : 0
69.7 msec : 0
69.8 msec : 0
69.9 msec : 0
70.0 msec : 0
70.1 msec : 0
70.2 msec : 2
70.3 msec : 0
70.4 msec : 0
70.5 msec : 0
70.6 msec : 0
70.7 msec : 2
70.8 msec : 0
70.9 msec : 0
71.0 msec : 0
71.1 msec : 0
71.2 msec : 0
71.3 msec : 0
71.4 msec : 0
71.5 msec : 0
71.6 msec : 0
71.7 msec : 0
71.8 msec : 0
71.9 msec : 0
72.0 msec : 0
72.1 msec : 0
72.2 msec : 0
72.3 msec : 0
72.4 msec : 0
72.5 msec : 0
72.6 msec : 1
72.7 msec : 1
72.8 msec : 1
72.9 msec : 0
73.0 msec : 1
73.1 msec : 0
73.2 msec : 0
73.3 msec : 0
73.4 msec : 0
73.5 msec : 1
73.6 msec : 0
73.7 msec : 0
73.8 msec : 0
73.9 msec : 0
74.0 msec : 0
74.1 msec : 0
74.2 msec : 0
74.3 msec : 0
74.4 msec : 0
74.5 msec : 0
74.6 msec : 0
74.7 msec : 0
74.8 msec : 0
74.9 msec : 0
75.0 msec : 0
75.1 msec : 0
75.2 msec : 0
75.3 msec : 0
75.4 msec : 0
75.5 msec : 0
75.6 msec : 0
75.7 msec : 0
75.8 msec : 0
75.9 msec : 0
76.0 msec : 0
76.1 msec : 0
76.2 msec : 0
76.3 msec : 0
76.4 msec : 0
76.5 msec : 0
76.6 msec : 0
76.7 msec : 0
76.8 msec : 0
76.9 msec : 0
77.0 msec : 0
77.1 msec : 0
77.2 msec : 1
77.3 msec : 0
77.4 msec : 0
77.5 msec : 0
77.6 msec : 0
77.7 msec : 0
77.8 msec : 0
77.9 msec : 0
78.0 msec : 0
78.1 msec : 0
78.2 msec : 0
78.3 msec : 0
78.4 msec : 0
78.5 msec : 0
78.6 msec : 0
78.7 msec : 0
78.8 msec : 0
78.9 msec : 0
79.0 msec : 0
79.1 msec : 0
79.2 msec : 0
79.3 msec : 0
79.4 msec : 0
79.5 msec : 0
79.6 msec : 0
79.7 msec : 0
79.8 msec : 0
79.9 msec : 0
80.0 msec : 0
80.1 msec : 0
80.2 msec : 0
80.3 msec : 0
80.4 msec : 0
80.5 msec : 0
80.6 msec : 0
80.7 msec : 0
80.8 msec : 0
80.9 msec : 0
81.0 msec : 0
81.1 msec : 0
81.2 msec : 0
81.3 msec : 0
81.4 msec : 0
81.5 msec : 0
81.6 msec : 0
81.7 msec : 0
81.8 msec : 0
81.9 msec : 0
82.0 msec : 0
82.1 msec : 0
82.2 msec : 0
82.3 msec : 0
82.4 msec : 0
82.5 msec : 0
82.6 msec : 0
82.7 msec : 0
82.8 msec : 0
82.9 msec : 0
83.0 msec : 0
83.1 msec : 0
83.2 msec : 0
83.3 msec : 0
83.4 msec : 0
83.5 msec : 0
83.6 msec : 0
83.7 msec : 0
83.8 msec : 0
83.9 msec : 0
84.0 msec : 0
84.1 msec : 0
84.2 msec : 0
84.3 msec : 0
84.4 msec : 0
84.5 msec : 0
84.6 msec : 0
84.7 msec : 0
84.8 msec : 0
84.9 msec : 0
85.0 msec : 0
85.1 msec : 0
85.2 msec : 0
85.3 msec : 0
85.4 msec : 0
85.5 msec : 0
85.6 msec : 0
85.7 msec : 0
85.8 msec : 0
85.9 msec : 0
86.0 msec : 0
86.1 msec : 0
86.2 msec : 0
86.3 msec : 0
86.4 msec : 0
86.5 msec : 0
86.6 msec : 0
86.7 msec : 0
86.8 msec : 0
86.9 msec : 0
87.0 msec : 0
87.1 msec : 0
87.2 msec : 0
87.3 msec : 0
87.4 msec : 0
87.5 msec : 0
87.6 msec : 0
87.7 msec : 0
87.8 msec : 0
87.9 msec : 0
88.0 msec : 0
88.1 msec : 0
88.2 msec : 0
88.3 msec : 0
88.4 msec : 0
88.5 msec : 0
88.6 msec : 0
88.7 msec : 0
88.8 msec : 0
88.9 msec : 0
89.0 msec : 0
89.1 msec : 0
89.2 msec : 0
89.3 msec : 0
89.4 msec : 0
89.5 msec : 0
89.6 msec : 0
89.7 msec : 0
89.8 msec : 0
89.9 msec : 0
90.0 msec : 0
90.1 msec : 0
90.2 msec : 0
90.3 msec : 0
90.4 msec : 0
90.5 msec : 0
90.6 msec : 0
90.7 msec : 0
90.8 msec : 0
90.9 msec : 0
91.0 msec : 0
91.1 msec : 0
91.2 msec : 0
91.3 msec : 0
91.4 msec : 0
91.5 msec : 0
91.6 msec : 0
91.7 msec : 0
91.8 msec : 0
91.9 msec : 0
92.0 msec : 0
92.1 msec : 0
92.2 msec : 0
92.3 msec : 0
92.4 msec : 0
92.5 msec : 0
92.6 msec : 0
92.7 msec : 0
92.8 msec : 0
92.9 msec : 0
93.0 msec : 0
93.1 msec : 0
93.2 msec : 0
93.3 msec : 0
93.4 msec : 0
93.5 msec : 0
93.6 msec : 0
93.7 msec : 0
93.8 msec : 0
93.9 msec : 0
94.0 msec : 0
94.1 msec : 0
94.2 msec : 0
94.3 msec : 0
94.4 msec : 0
94.5 msec : 0
94.6 msec : 0
94.7 msec : 0
94.8 msec : 0
94.9 msec : 0
95.0 msec : 0
95.1 msec : 0
95.2 msec : 0
95.3 msec : 0
95.4 msec : 0
95.5 msec : 0
95.6 msec : 0
95.7 msec : 0
95.8 msec : 0
95.9 msec : 0
96.0 msec : 0
96.1 msec : 0
96.2 msec : 0
96.3 msec : 0
96.4 msec : 0
96.5 msec : 0
96.6 msec : 0
96.7 msec : 0
96.8 msec : 0
96.9 msec : 0
97.0 msec : 0
97.1 msec : 0
97.2 msec : 0
97.3 msec : 0
97.4 msec : 0
97.5 msec : 0
97.6 msec : 0
97.7 msec : 0
97.8 msec : 0
97.9 msec : 0
98.0 msec : 0
98.1 msec : 0
98.2 msec : 0
98.3 msec : 0
98.4 msec : 0
98.5 msec : 0
98.6 msec : 0
98.7 msec : 0
98.8 msec : 0
98.9 msec : 0
99.0 msec : 0
99.1 msec : 0
99.2 msec : 0
99.3 msec : 0
99.4 msec : 0
99.5 msec : 0
99.6 msec : 0
99.7 msec : 0
99.8 msec : 0
99.9 msec : 0
100.0 msec : 0
100.1 msec : 0
100.2 msec : 0
100.3 msec : 0
100.4 msec : 0
100.5 msec : 0
100.6 msec : 0
100.7 msec : 0
100.8 msec : 0
100.9 msec : 0
101.0 msec : 0
101.1 msec : 0
101.2 msec : 0
101.3 msec : 0
101.4 msec : 0
101.5 msec : 0
101.6 msec : 0
101.7 msec : 0
101.8 msec : 0
101.9 msec : 0
102.0 msec : 0
102.1 msec : 0
102.2 msec : 0
102.3 msec : 0
102.4 msec : 0
102.5 msec : 0
102.6 msec : 0
102.7 msec : 0
102.8 msec : 0
102.9 msec : 0
103.0 msec : 0
103.1 msec : 0
103.2 msec : 0
103.3 msec : 0
103.4 msec : 0
103.5 msec : 0
103.6 msec : 0
103.7 msec : 0
103.8 msec : 0
103.9 msec : 0
104.0 msec : 0
104.1 msec : 0
104.2 msec : 0
104.3 msec : 0
104.4 msec : 0
104.5 msec : 0
104.6 msec : 0
104.7 msec : 0
104.8 msec : 1
104.9 msec : 0
105.0 msec : 0
105.1 msec : 0
105.2 msec : 0
105.3 msec : 0
105.4 msec : 0
105.5 msec : 0
105.6 msec : 0
105.7 msec : 0
105.8 msec : 0
105.9 msec : 0
106.0 msec : 0
106.1 msec : 0
106.2 msec : 0
106.3 msec : 0
106.4 msec : 0
106.5 msec : 0
106.6 msec : 0
106.7 msec : 0
106.8 msec : 0
106.9 msec : 0
107.0 msec : 0
107.1 msec : 0
107.2 msec : 0
107.3 msec : 0
107.4 msec : 0
107.5 msec : 0
107.6 msec : 0
107.7 msec : 0
107.8 msec : 0
107.9 msec : 0
108.0 msec : 0
108.1 msec : 0
108.2 msec : 0
108.3 msec : 0
108.4 msec : 0
108.5 msec : 0
108.6 msec : 0
108.7 msec : 0
108.8 msec : 0
108.9 msec : 0
109.0 msec : 0
109.1 msec : 0
109.2 msec : 0
109.3 msec : 0
109.4 msec : 0
109.5 msec : 0
109.6 msec : 0
109.7 msec : 0
109.8 msec : 0
109.9 msec : 0
110.0 msec : 0
110.1 msec : 0
110.2 msec : 0
110.3 msec : 0
110.4 msec : 0
110.5 msec : 0
110.6 msec : 0
110.7 msec : 0
110.8 msec : 0
110.9 msec : 0
111.0 msec : 0
111.1 msec : 0
111.2 msec : 0
111.3 msec : 0
111.4 msec : 0
111.5 msec : 0
111.6 msec : 0
111.7 msec : 0
111.8 msec : 0
111.9 msec : 0
112.0 msec : 0
112.1 msec : 0
112.2 msec : 0
112.3 msec : 0
112.4 msec : 0
112.5 msec : 0
112.6 msec : 0
112.7 msec : 0
112.8 msec : 0
112.9 msec : 0
113.0 msec : 0
113.1 msec : 0
113.2 msec : 0
113.3 msec : 0
113.4 msec : 0
113.5 msec : 0
113.6 msec : 0
113.7 msec : 0
113.8 msec : 0
113.9 msec : 0
114.0 msec : 0
114.1 msec : 0
114.2 msec : 0
114.3 msec : 0
114.4 msec : 0
114.5 msec : 0
114.6 msec : 0
114.7 msec : 0
114.8 msec : 0
114.9 msec : 0
115.0 msec : 0
115.1 msec : 0
115.2 msec : 0
115.3 msec : 0
115.4 msec : 0
115.5 msec : 0
115.6 msec : 0
115.7 msec : 0
115.8 msec : 0
115.9 msec : 0
116.0 msec : 0
116.1 msec : 0
116.2 msec : 0
116.3 msec : 0
116.4 msec : 0
116.5 msec : 0
116.6 msec : 0
116.7 msec : 0
116.8 msec : 0
116.9 msec : 0
117.0 msec : 0
117.1 msec : 0
117.2 msec : 0
117.3 msec : 0
117.4 msec : 0
117.5 msec : 0
117.6 msec : 0
117.7 msec : 0
117.8 msec : 0
117.9 msec : 0
118.0 msec : 0
118.1 msec : 0
118.2 msec : 0
118.3 msec : 0
118.4 msec : 0
118.5 msec : 0
118.6 msec : 0
118.7 msec : 0
118.8 msec : 0
118.9 msec : 0
119.0 msec : 0
119.1 msec : 0
119.2 msec : 0
119.3 msec : 0
119.4 msec : 0
119.5 msec : 0
119.6 msec : 0
119.7 msec : 0
119.8 msec : 0
119.9 msec : 0
120.0 msec : 0
120.1 msec : 0
120.2 msec : 0
120.3 msec : 0
120.4 msec : 0
120.5 msec : 0
120.6 msec : 0
120.7 msec : 0
120.8 msec : 0
120.9 msec : 0
121.0 msec : 0
121.1 msec : 0
121.2 msec : 0
121.3 msec : 0
121.4 msec : 0
121.5 msec : 0
121.6 msec : 0
121.7 msec : 0
121.8 msec : 0
121.9 msec : 0
122.0 msec : 0
122.1 msec : 0
122.2 msec : 0
122.3 msec : 0
122.4 msec : 0
122.5 msec : 0
122.6 msec : 0
122.7 msec : 0
122.8 msec : 0
122.9 msec : 0
123.0 msec : 0
123.1 msec : 0
123.2 msec : 0
123.3 msec : 0
123.4 msec : 0
123.5 msec : 0
123.6 msec : 0
123.7 msec : 0
123.8 msec : 0
123.9 msec : 0
124.0 msec : 0
124.1 msec : 0
124.2 msec : 0
124.3 msec : 0
124.4 msec : 0
124.5 msec : 0
124.6 msec : 0
124.7 msec : 0
124.8 msec : 0
124.9 msec : 0
125.0 msec : 0
125.1 msec : 0
125.2 msec : 0
125.3 msec : 0
125.4 msec : 0
125.5 msec : 0
125.6 msec : 0
125.7 msec : 0
125.8 msec : 0
125.9 msec : 0
126.0 msec : 0
126.1 msec : 0
126.2 msec : 0
126.3 msec : 0
126.4 msec : 0
126.5 msec : 0
126.6 msec : 0
126.7 msec : 0
126.8 msec : 0
126.9 msec : 0
127.0 msec : 0
127.1 msec : 0
127.2 msec : 0
127.3 msec : 0
127.4 msec : 0
127.5 msec : 0
127.6 msec : 0
127.7 msec : 0
127.8 msec : 0
127.9 msec : 0
128.0 msec : 0
128.1 msec : 0
128.2 msec : 0
128.3 msec : 0
128.4 msec : 0
128.5 msec : 0
128.6 msec : 0
128.7 msec : 0
128.8 msec : 0
128.9 msec : 0
129.0 msec : 0
129.1 msec : 0
129.2 msec : 0
129.3 msec : 0
129.4 msec : 0
129.5 msec : 0
129.6 msec : 0
129.7 msec : 0
129.8 msec : 0
129.9 msec : 0
130.0 msec : 0
130.1 msec : 0
130.2 msec : 0
130.3 msec : 0
130.4 msec : 0
130.5 msec : 0
130.6 msec : 0
130.7 msec : 0
130.8 msec : 0
130.9 msec : 0
131.0 msec : 0
131.1 msec : 0
131.2 msec : 0
131.3 msec : 0
131.4 msec : 0
131.5 msec : 0
131.6 msec : 0
131.7 msec : 0
131.8 msec : 0
131.9 msec : 0
132.0 msec : 0
132.1 msec : 0
132.2 msec : 0
132.3 msec : 0
132.4 msec : 0
132.5 msec : 0
132.6 msec : 0
132.7 msec : 0
132.8 msec : 0
132.9 msec : 0
133.0 msec : 0
133.1 msec : 0
133.2 msec : 0
133.3 msec : 0
133.4 msec : 0
133.5 msec : 0
133.6 msec : 0
133.7 msec : 0
133.8 msec : 0
133.9 msec : 0
134.0 msec : 0
134.1 msec : 0
134.2 msec : 0
134.3 msec : 0
134.4 msec : 0
134.5 msec : 0
134.6 msec : 0
134.7 msec : 0
134.8 msec : 0
134.9 msec : 0
135.0 msec : 0
135.1 msec : 0
135.2 msec : 0
135.3 msec : 0
135.4 msec : 0
135.5 msec : 0
135.6 msec : 0
135.7 msec : 0
135.8 msec : 0
135.9 msec : 0
136.0 msec : 0
136.1 msec : 0
136.2 msec : 0
136.3 msec : 0
136.4 msec : 0
136.5 msec : 0
136.6 msec : 0
136.7 msec : 0
136.8 msec : 0
136.9 msec : 0
137.0 msec : 0
137.1 msec : 0
137.2 msec : 0
137.3 msec : 0
137.4 msec : 0
137.5 msec : 0
137.6 msec : 0
137.7 msec : 0
137.8 msec : 0
137.9 msec : 0
138.0 msec : 0
138.1 msec : 0
138.2 msec : 0
138.3 msec : 0
138.4 msec : 0
138.5 msec : 0
138.6 msec : 0
138.7 msec : 0
138.8 msec : 0
138.9 msec : 0
139.0 msec : 0
139.1 msec : 0
139.2 msec : 0
139.3 msec : 0
139.4 msec : 0
139.5 msec : 0
139.6 msec : 0
139.7 msec : 0
139.8 msec : 0
139.9 msec : 0
140.0 msec : 0
140.1 msec : 0
140.2 msec : 0
140.3 msec : 0
140.4 msec : 0
140.5 msec : 0
140.6 msec : 0
140.7 msec : 0
140.8 msec : 0
140.9 msec : 0
141.0 msec : 0
141.1 msec : 0
141.2 msec : 0
141.3 msec : 0
141.4 msec : 0
141.5 msec : 0
141.6 msec : 0
141.7 msec : 0
141.8 msec : 0
141.9 msec : 0
142.0 msec : 0
142.1 msec : 0
142.2 msec : 0
142.3 msec : 0
142.4 msec : 0
142.5 msec : 0
142.6 msec : 0
142.7 msec : 0
142.8 msec : 0
142.9 msec : 0
143.0 msec : 0
143.1 msec : 0
143.2 msec : 0
143.3 msec : 0
143.4 msec : 0
143.5 msec : 0
143.6 msec : 0
143.7 msec : 0
143.8 msec : 0
143.9 msec : 0
144.0 msec : 0
144.1 msec : 0
144.2 msec : 0
144.3 msec : 0
144.4 msec : 0
144.5 msec : 0
144.6 msec : 0
144.7 msec : 0
144.8 msec : 0
144.9 msec : 0
145.0 msec : 0
145.1 msec : 0
145.2 msec : 0
145.3 msec : 0
145.4 msec : 0
145.5 msec : 0
145.6 msec : 0
145.7 msec : 0
145.8 msec : 0
145.9 msec : 0
146.0 msec : 0
146.1 msec : 0
146.2 msec : 0
146.3 msec : 0
146.4 msec : 0
146.5 msec : 0
146.6 msec : 0
146.7 msec : 0
146.8 msec : 0
146.9 msec : 0
147.0 msec : 0
147.1 msec : 0
147.2 msec : 0
147.3 msec : 0
147.4 msec : 0
147.5 msec : 0
147.6 msec : 0
147.7 msec : 0
147.8 msec : 0
147.9 msec : 0
148.0 msec : 0
148.1 msec : 0
148.2 msec : 0
148.3 msec : 0
148.4 msec : 0
148.5 msec : 0
148.6 msec : 0
148.7 msec : 0
148.8 msec : 0
148.9 msec : 0
149.0 msec : 0
149.1 msec : 0
149.2 msec : 0
149.3 msec : 0
149.4 msec : 0
149.5 msec : 0
149.6 msec : 0
149.7 msec : 0
149.8 msec : 0
149.9 msec : 0
150.0 msec : 0
150.1 msec : 0
150.2 msec : 0
150.3 msec : 0
150.4 msec : 0
150.5 msec : 0
150.6 msec : 0
150.7 msec : 0
150.8 msec : 0
150.9 msec : 0
151.0 msec : 0
151.1 msec : 0
151.2 msec : 0
151.3 msec : 0
151.4 msec : 0
151.5 msec : 0
151.6 msec : 0
151.7 msec : 0
151.8 msec : 0
151.9 msec : 0
152.0 msec : 0
152.1 msec : 0
152.2 msec : 0
152.3 msec : 0
152.4 msec : 0
152.5 msec : 0
152.6 msec : 0
152.7 msec : 0
152.8 msec : 0
152.9 msec : 0
153.0 msec : 0
153.1 msec : 0
153.2 msec : 0
153.3 msec : 0
153.4 msec : 0
153.5 msec : 0
153.6 msec : 0
153.7 msec : 0
153.8 msec : 0
153.9 msec : 0
154.0 msec : 0
154.1 msec : 0
154.2 msec : 0
154.3 msec : 0
154.4 msec : 0
154.5 msec : 0
154.6 msec : 0
154.7 msec : 0
154.8 msec : 0
154.9 msec : 0
155.0 msec : 0
155.1 msec : 0
155.2 msec : 0
155.3 msec : 0
155.4 msec : 0
155.5 msec : 0
155.6 msec : 0
155.7 msec : 0
155.8 msec : 0
155.9 msec : 0
156.0 msec : 0
156.1 msec : 0
156.2 msec : 0
156.3 msec : 1
156.4 msec : 0
156.5 msec : 0
156.6 msec : 0
156.7 msec : 0
156.8 msec : 0
156.9 msec : 0
157.0 msec : 0
157.1 msec : 0
157.2 msec : 0
157.3 msec : 1
157.4 msec : 0
157.5 msec : 1
157.6 msec : 0
157.7 msec : 0
157.8 msec : 1
157.9 msec : 0
158.0 msec : 0
158.1 msec : 0
158.2 msec : 0
158.3 msec : 0
158.4 msec : 0
158.5 msec : 0
158.6 msec : 0
158.7 msec : 0
158.8 msec : 0
158.9 msec : 0
159.0 msec : 0
159.1 msec : 0
159.2 msec : 1
159.3 msec : 0
159.4 msec : 0
159.5 msec : 0
159.6 msec : 0
159.7 msec : 0
159.8 msec : 1
159.9 msec : 0
160.0 msec : 0
160.1 msec : 0
160.2 msec : 0
160.3 msec : 0
160.4 msec : 0
160.5 msec : 0
160.6 msec : 0
160.7 msec : 0
160.8 msec : 1
160.9 msec : 1
161.0 msec : 1
161.1 msec : 0
161.2 msec : 0
161.3 msec : 0
161.4 msec : 0
161.5 msec : 0
161.6 msec : 0
161.7 msec : 0
161.8 msec : 1
161.9 msec : 0
162.0 msec : 0
162.1 msec : 0
162.2 msec : 0
162.3 msec : 0
162.4 msec : 1
162.5 msec : 0
162.6 msec : 0
162.7 msec : 0
162.8 msec : 0
162.9 msec : 0
163.0 msec : 0
163.1 msec : 0
163.2 msec : 0
163.3 msec : 0
163.4 msec : 0
163.5 msec : 0
163.6 msec : 0
163.7 msec : 0
163.8 msec : 0
163.9 msec : 0
164.0 msec : 1
164.1 msec : 0
164.2 msec : 0
164.3 msec : 0
164.4 msec : 0
164.5 msec : 0
164.6 msec : 0
164.7 msec : 0
164.8 msec : 1
164.9 msec : 0
165.0 msec : 0
165.1 msec : 0
165.2 msec : 0
165.3 msec : 0
165.4 msec : 1
165.5 msec : 0
165.6 msec : 0
165.7 msec : 0
165.8 msec : 0
165.9 msec : 0
166.0 msec : 0
166.1 msec : 0
166.2 msec : 0
166.3 msec : 0
166.4 msec : 0
166.5 msec : 0
166.6 msec : 1
166.7 msec : 0
166.8 msec : 0
166.9 msec : 0
167.0 msec : 0
167.1 msec : 0
167.2 msec : 0
167.3 msec : 0
167.4 msec : 0
167.5 msec : 0
167.6 msec : 0
167.7 msec : 0
167.8 msec : 0
167.9 msec : 0
168.0 msec : 0
168.1 msec : 0
168.2 msec : 0
168.3 msec : 0
168.4 msec : 0
168.5 msec : 0
168.6 msec : 0
168.7 msec : 0
168.8 msec : 0
168.9 msec : 0
169.0 msec : 0
169.1 msec : 0
169.2 msec : 0
169.3 msec : 0
169.4 msec : 0
169.5 msec : 0
169.6 msec : 0
169.7 msec : 1
169.8 msec : 0
169.9 msec : 0
170.0 msec : 0
170.1 msec : 0
170.2 msec : 0
170.3 msec : 0
170.4 msec : 0
170.5 msec : 0
170.6 msec : 0
170.7 msec : 0
170.8 msec : 0
170.9 msec : 0
171.0 msec : 0
171.1 msec : 0
171.2 msec : 0
171.3 msec : 0
171.4 msec : 0
171.5 msec : 0
171.6 msec : 0
171.7 msec : 0
171.8 msec : 0
171.9 msec : 0
172.0 msec : 0
172.1 msec : 0
172.2 msec : 0
172.3 msec : 0
172.4 msec : 0
172.5 msec : 0
172.6 msec : 0
172.7 msec : 0
172.8 msec : 0
172.9 msec : 0
173.0 msec : 0
173.1 msec : 0
173.2 msec : 0
173.3 msec : 0
173.4 msec : 0
173.5 msec : 0
173.6 msec : 0
173.7 msec : 0
173.8 msec : 0
173.9 msec : 0
174.0 msec : 0
174.1 msec : 0
174.2 msec : 0
174.3 msec : 0
174.4 msec : 0
174.5 msec : 0
174.6 msec : 0
174.7 msec : 0
174.8 msec : 0
174.9 msec : 0
175.0 msec : 0
175.1 msec : 0
175.2 msec : 0
175.3 msec : 0
175.4 msec : 0
175.5 msec : 0
175.6 msec : 0
175.7 msec : 0
175.8 msec : 0
175.9 msec : 0
176.0 msec : 0
176.1 msec : 0
176.2 msec : 0
176.3 msec : 0
176.4 msec : 0
176.5 msec : 1
176.6 msec : 0
176.7 msec : 0
176.8 msec : 0
176.9 msec : 0
177.0 msec : 0
177.1 msec : 0
177.2 msec : 0
177.3 msec : 0
177.4 msec : 0
177.5 msec : 0
177.6 msec : 0
177.7 msec : 0
177.8 msec : 0
177.9 msec : 0
178.0 msec : 0
178.1 msec : 0
178.2 msec : 0
178.3 msec : 0
178.4 msec : 0
178.5 msec : 0
178.6 msec : 0
178.7 msec : 0
178.8 msec : 0
178.9 msec : 0
179.0 msec : 0
179.1 msec : 0
179.2 msec : 0
179.3 msec : 0
179.4 msec : 0
179.5 msec : 0
179.6 msec : 0
179.7 msec : 0
179.8 msec : 0
179.9 msec : 0
180.0 msec : 0
180.1 msec : 0
180.2 msec : 0
180.3 msec : 0
180.4 msec : 0
180.5 msec : 0
180.6 msec : 0
180.7 msec : 0
180.8 msec : 0
180.9 msec : 0
181.0 msec : 0
181.1 msec : 0
181.2 msec : 0
181.3 msec : 0
181.4 msec : 0
181.5 msec : 0
181.6 msec : 0
181.7 msec : 0
181.8 msec : 0
181.9 msec : 0
182.0 msec : 0
182.1 msec : 0
182.2 msec : 0
182.3 msec : 0
182.4 msec : 0
