Middleware started...
Middleware shuts down...
Smaller resolution statistics are in a log file...
Final aggregates per worker:


Worker 46
Average throughput (ops/sec) = 102
Average response time (msec) = 3.451175901639344
Average queue length = 4
Average wait time in queue (msec) = 0.635483868852459
Average service time (msec) = 2.624787786885246
Number of SET = 102
Number of GET = 0
Number of MULTI GET = 0


Worker 47
Average throughput (ops/sec) = 99
Average response time (msec) = 3.512168967213115
Average queue length = 4
Average wait time in queue (msec) = 0.6272786885245901
Average service time (msec) = 2.6694461967213114
Number of SET = 99
Number of GET = 0
Number of MULTI GET = 0


Worker 48
Average throughput (ops/sec) = 104
Average response time (msec) = 3.4722734426229507
Average queue length = 4
Average wait time in queue (msec) = 0.6345787540983606
Average service time (msec) = 2.6287744426229507
Number of SET = 104
Number of GET = 0
Number of MULTI GET = 0


Worker 49
Average throughput (ops/sec) = 101
Average response time (msec) = 3.508376606557377
Average queue length = 4
Average wait time in queue (msec) = 0.6142339672131147
Average service time (msec) = 2.6782749180327867
Number of SET = 101
Number of GET = 0
Number of MULTI GET = 0


Worker 42
Average throughput (ops/sec) = 100
Average response time (msec) = 3.4877429344262296
Average queue length = 4
Average wait time in queue (msec) = 0.6789228360655737
Average service time (msec) = 2.6108843114754094
Number of SET = 100
Number of GET = 0
Number of MULTI GET = 0


Worker 43
Average throughput (ops/sec) = 100
Average response time (msec) = 3.5017331967213114
Average queue length = 3
Average wait time in queue (msec) = 0.6165098196721311
Average service time (msec) = 2.658351131147541
Number of SET = 100
Number of GET = 0
Number of MULTI GET = 0


Worker 44
Average throughput (ops/sec) = 100
Average response time (msec) = 3.5458188852459016
Average queue length = 4
Average wait time in queue (msec) = 0.6283817540983606
Average service time (msec) = 2.6955602459016395
Number of SET = 100
Number of GET = 0
Number of MULTI GET = 0


Worker 45
Average throughput (ops/sec) = 100
Average response time (msec) = 3.4784524426229506
Average queue length = 4
Average wait time in queue (msec) = 0.6020971967213115
Average service time (msec) = 2.6442556229508196
Number of SET = 100
Number of GET = 0
Number of MULTI GET = 0


Worker 50
Average throughput (ops/sec) = 102
Average response time (msec) = 3.4934149344262293
Average queue length = 4
Average wait time in queue (msec) = 0.6128873606557377
Average service time (msec) = 2.6585076393442626
Number of SET = 102
Number of GET = 0
Number of MULTI GET = 0


Worker 51
Average throughput (ops/sec) = 100
Average response time (msec) = 3.438462131147541
Average queue length = 4
Average wait time in queue (msec) = 0.6377292950819673
Average service time (msec) = 2.590298918032787
Number of SET = 100
Number of GET = 0
Number of MULTI GET = 0


Worker 52
Average throughput (ops/sec) = 100
Average response time (msec) = 3.5377470163934426
Average queue length = 3
Average wait time in queue (msec) = 0.6169273934426229
Average service time (msec) = 2.7087452622950816
Number of SET = 100
Number of GET = 0
Number of MULTI GET = 0


Worker 57
Average throughput (ops/sec) = 101
Average response time (msec) = 3.5649490819672134
Average queue length = 4
Average wait time in queue (msec) = 0.6573510983606558
Average service time (msec) = 2.6861949836065575
Number of SET = 101
Number of GET = 0
Number of MULTI GET = 0


Worker 13
Average throughput (ops/sec) = 97
Average response time (msec) = 3.5942923114754097
Average queue length = 3
Average wait time in queue (msec) = 0.6119594590163934
Average service time (msec) = 2.7460771147540983
Number of SET = 97
Number of GET = 0
Number of MULTI GET = 0


Worker 58
Average throughput (ops/sec) = 102
Average response time (msec) = 3.5170086393442626
Average queue length = 4
Average wait time in queue (msec) = 0.6375558032786885
Average service time (msec) = 2.623271180327869
Number of SET = 102
Number of GET = 0
Number of MULTI GET = 0


Worker 14
Average throughput (ops/sec) = 99
Average response time (msec) = 3.6814839672131145
Average queue length = 3
Average wait time in queue (msec) = 0.6569535409836066
Average service time (msec) = 2.7809687868852455
Number of SET = 99
Number of GET = 0
Number of MULTI GET = 0


Worker 59
Average throughput (ops/sec) = 101
Average response time (msec) = 3.504721704918033
Average queue length = 4
Average wait time in queue (msec) = 0.676786262295082
Average service time (msec) = 2.6276970655737704
Number of SET = 101
Number of GET = 0
Number of MULTI GET = 0


Worker 15
Average throughput (ops/sec) = 98
Average response time (msec) = 3.6387574590163934
Average queue length = 4
Average wait time in queue (msec) = 0.6673895901639344
Average service time (msec) = 2.7375445409836066
Number of SET = 98
Number of GET = 0
Number of MULTI GET = 0


Worker 16
Average throughput (ops/sec) = 104
Average response time (msec) = 3.4937685901639344
Average queue length = 4
Average wait time in queue (msec) = 0.6512095573770492
Average service time (msec) = 2.6219732786885244
Number of SET = 104
Number of GET = 0
Number of MULTI GET = 0


Worker 53
Average throughput (ops/sec) = 100
Average response time (msec) = 3.4906414918032787
Average queue length = 4
Average wait time in queue (msec) = 0.616016262295082
Average service time (msec) = 2.668160344262295
Number of SET = 100
Number of GET = 0
Number of MULTI GET = 0


Worker 54
Average throughput (ops/sec) = 102
Average response time (msec) = 3.448221098360656
Average queue length = 3
Average wait time in queue (msec) = 0.6500492786885246
Average service time (msec) = 2.590493524590164
Number of SET = 102
Number of GET = 0
Number of MULTI GET = 0


Worker 10
Average throughput (ops/sec) = 101
Average response time (msec) = 3.5699748360655734
Average queue length = 3
Average wait time in queue (msec) = 0.655802737704918
Average service time (msec) = 2.6674648852459018
Number of SET = 101
Number of GET = 0
Number of MULTI GET = 0


Worker 55
Average throughput (ops/sec) = 101
Average response time (msec) = 3.521084295081967
Average queue length = 4
Average wait time in queue (msec) = 0.6197448852459017
Average service time (msec) = 2.6750550491803278
Number of SET = 101
Number of GET = 0
Number of MULTI GET = 0


Worker 11
Average throughput (ops/sec) = 101
Average response time (msec) = 3.6098271475409835
Average queue length = 2
Average wait time in queue (msec) = 0.6458406065573771
Average service time (msec) = 2.7334843934426227
Number of SET = 101
Number of GET = 0
Number of MULTI GET = 0


Worker 56
Average throughput (ops/sec) = 103
Average response time (msec) = 3.5091280163934426
Average queue length = 4
Average wait time in queue (msec) = 0.6481854918032787
Average service time (msec) = 2.658696704918033
Number of SET = 103
Number of GET = 0
Number of MULTI GET = 0


Worker 12
Average throughput (ops/sec) = 101
Average response time (msec) = 3.4507040983606556
Average queue length = 3
Average wait time in queue (msec) = 0.6386570983606558
Average service time (msec) = 2.6049193114754097
Number of SET = 101
Number of GET = 0
Number of MULTI GET = 0


Worker 17
Average throughput (ops/sec) = 99
Average response time (msec) = 3.5049358852459016
Average queue length = 5
Average wait time in queue (msec) = 0.646947868852459
Average service time (msec) = 2.638836295081967
Number of SET = 99
Number of GET = 0
Number of MULTI GET = 0


Worker 18
Average throughput (ops/sec) = 101
Average response time (msec) = 3.537376655737705
Average queue length = 3
Average wait time in queue (msec) = 0.6570176229508197
Average service time (msec) = 2.6615214426229508
Number of SET = 101
Number of GET = 0
Number of MULTI GET = 0


Worker 19
Average throughput (ops/sec) = 101
Average response time (msec) = 3.513736475409836
Average queue length = 5
Average wait time in queue (msec) = 0.665672868852459
Average service time (msec) = 2.6306501147540984
Number of SET = 101
Number of GET = 0
Number of MULTI GET = 0


Worker 60
Average throughput (ops/sec) = 100
Average response time (msec) = 3.4288521147540987
Average queue length = 4
Average wait time in queue (msec) = 0.613591868852459
Average service time (msec) = 2.6193643606557377
Number of SET = 100
Number of GET = 0
Number of MULTI GET = 0


Worker 61
Average throughput (ops/sec) = 101
Average response time (msec) = 3.4772266229508197
Average queue length = 4
Average wait time in queue (msec) = 0.6449715409836067
Average service time (msec) = 2.5843138360655735
Number of SET = 101
Number of GET = 0
Number of MULTI GET = 0


Worker 62
Average throughput (ops/sec) = 100
Average response time (msec) = 3.4699777540983603
Average queue length = 4
Average wait time in queue (msec) = 0.6223626065573771
Average service time (msec) = 2.617213
Number of SET = 100
Number of GET = 0
Number of MULTI GET = 0


Worker 63
Average throughput (ops/sec) = 102
Average response time (msec) = 3.4851433606557376
Average queue length = 4
Average wait time in queue (msec) = 0.6608871967213115
Average service time (msec) = 2.6212558524590164
Number of SET = 102
Number of GET = 0
Number of MULTI GET = 0


Worker 24
Average throughput (ops/sec) = 99
Average response time (msec) = 3.58693137704918
Average queue length = 3
Average wait time in queue (msec) = 0.639542918032787
Average service time (msec) = 2.7229597377049184
Number of SET = 99
Number of GET = 0
Number of MULTI GET = 0


Worker 7
Average throughput (ops/sec) = 103
Average response time (msec) = 3.5563069016393443
Average queue length = 5
Average wait time in queue (msec) = 0.6392960327868853
Average service time (msec) = 2.688100819672131
Number of SET = 103
Number of GET = 0
Number of MULTI GET = 0


Worker 25
Average throughput (ops/sec) = 101
Average response time (msec) = 3.5230231147540985
Average queue length = 3
Average wait time in queue (msec) = 0.6393140819672131
Average service time (msec) = 2.6739752459016395
Number of SET = 101
Number of GET = 0
Number of MULTI GET = 0


Worker 6
Average throughput (ops/sec) = 102
Average response time (msec) = 3.5016297868852457
Average queue length = 4
Average wait time in queue (msec) = 0.6182367049180327
Average service time (msec) = 2.630211442622951
Number of SET = 102
Number of GET = 0
Number of MULTI GET = 0


Worker 26
Average throughput (ops/sec) = 99
Average response time (msec) = 3.5285413934426226
Average queue length = 4
Average wait time in queue (msec) = 0.6337616393442623
Average service time (msec) = 2.6529165901639344
Number of SET = 99
Number of GET = 0
Number of MULTI GET = 0


Worker 9
Average throughput (ops/sec) = 99
Average response time (msec) = 3.483399032786885
Average queue length = 4
Average wait time in queue (msec) = 0.6079755573770492
Average service time (msec) = 2.648120704918033
Number of SET = 99
Number of GET = 0
Number of MULTI GET = 0


Worker 27
Average throughput (ops/sec) = 102
Average response time (msec) = 3.5077373770491804
Average queue length = 5
Average wait time in queue (msec) = 0.6690324262295082
Average service time (msec) = 2.629756295081967
Number of SET = 102
Number of GET = 0
Number of MULTI GET = 0


Worker 8
Average throughput (ops/sec) = 99
Average response time (msec) = 3.5450563278688523
Average queue length = 4
Average wait time in queue (msec) = 0.6490338688524591
Average service time (msec) = 2.675644131147541
Number of SET = 99
Number of GET = 0
Number of MULTI GET = 0


Worker 64
Average throughput (ops/sec) = 101
Average response time (msec) = 3.43919062295082
Average queue length = 3
Average wait time in queue (msec) = 0.641751868852459
Average service time (msec) = 2.591939606557377
Number of SET = 101
Number of GET = 0
Number of MULTI GET = 0


Worker 20
Average throughput (ops/sec) = 103
Average response time (msec) = 3.548476573770492
Average queue length = 5
Average wait time in queue (msec) = 0.6183314590163934
Average service time (msec) = 2.6900890655737704
Number of SET = 103
Number of GET = 0
Number of MULTI GET = 0


Worker 3
Average throughput (ops/sec) = 102
Average response time (msec) = 3.5499689836065573
Average queue length = 5
Average wait time in queue (msec) = 0.680801819672131
Average service time (msec) = 2.653324901639344
Number of SET = 102
Number of GET = 0
Number of MULTI GET = 0


Worker 21
Average throughput (ops/sec) = 100
Average response time (msec) = 3.4599930163934425
Average queue length = 2
Average wait time in queue (msec) = 0.6290892459016394
Average service time (msec) = 2.5946802786885246
Number of SET = 100
Number of GET = 0
Number of MULTI GET = 0


Worker 2
Average throughput (ops/sec) = 101
Average response time (msec) = 3.579410131147541
Average queue length = 4
Average wait time in queue (msec) = 0.6465581475409836
Average service time (msec) = 2.704878032786885
Number of SET = 101
Number of GET = 0
Number of MULTI GET = 0


Worker 22
Average throughput (ops/sec) = 101
Average response time (msec) = 3.5443656721311476
Average queue length = 3
Average wait time in queue (msec) = 0.6285372131147541
Average service time (msec) = 2.6732962459016396
Number of SET = 101
Number of GET = 0
Number of MULTI GET = 0


Worker 5
Average throughput (ops/sec) = 100
Average response time (msec) = 3.5658149180327867
Average queue length = 4
Average wait time in queue (msec) = 0.673061344262295
Average service time (msec) = 2.6707515409836065
Number of SET = 100
Number of GET = 0
Number of MULTI GET = 0


Worker 23
Average throughput (ops/sec) = 102
Average response time (msec) = 3.554549770491803
Average queue length = 3
Average wait time in queue (msec) = 0.6496155245901639
Average service time (msec) = 2.681839442622951
Number of SET = 102
Number of GET = 0
Number of MULTI GET = 0


Worker 4
Average throughput (ops/sec) = 101
Average response time (msec) = 3.5437131147540986
Average queue length = 4
Average wait time in queue (msec) = 0.670002524590164
Average service time (msec) = 2.647430655737705
Number of SET = 101
Number of GET = 0
Number of MULTI GET = 0


Worker 28
Average throughput (ops/sec) = 100
Average response time (msec) = 3.53460262295082
Average queue length = 3
Average wait time in queue (msec) = 0.631754606557377
Average service time (msec) = 2.6485051475409835
Number of SET = 100
Number of GET = 0
Number of MULTI GET = 0


Worker 29
Average throughput (ops/sec) = 102
Average response time (msec) = 3.4498836557377053
Average queue length = 4
Average wait time in queue (msec) = 0.6154410655737704
Average service time (msec) = 2.607747918032787
Number of SET = 102
Number of GET = 0
Number of MULTI GET = 0


Worker 1
Average throughput (ops/sec) = 101
Average response time (msec) = 3.5351842459016396
Average queue length = 4
Average wait time in queue (msec) = 0.6157959836065574
Average service time (msec) = 2.675965229508197
Number of SET = 101
Number of GET = 0
Number of MULTI GET = 0


Worker 30
Average throughput (ops/sec) = 101
Average response time (msec) = 3.5351144590163934
Average queue length = 5
Average wait time in queue (msec) = 0.6312237213114754
Average service time (msec) = 2.657708081967213
Number of SET = 101
Number of GET = 0
Number of MULTI GET = 0


Worker 35
Average throughput (ops/sec) = 102
Average response time (msec) = 3.5652729836065573
Average queue length = 2
Average wait time in queue (msec) = 0.6453126229508197
Average service time (msec) = 2.6855207868852458
Number of SET = 102
Number of GET = 0
Number of MULTI GET = 0


Worker 36
Average throughput (ops/sec) = 100
Average response time (msec) = 3.471469524590164
Average queue length = 3
Average wait time in queue (msec) = 0.6504740655737704
Average service time (msec) = 2.6280608852459015
Number of SET = 100
Number of GET = 0
Number of MULTI GET = 0


Worker 37
Average throughput (ops/sec) = 101
Average response time (msec) = 3.510202442622951
Average queue length = 3
Average wait time in queue (msec) = 0.6652365573770492
Average service time (msec) = 2.61586437704918
Number of SET = 101
Number of GET = 0
Number of MULTI GET = 0


Worker 38
Average throughput (ops/sec) = 100
Average response time (msec) = 3.511358426229508
Average queue length = 3
Average wait time in queue (msec) = 0.6706383770491803
Average service time (msec) = 2.633122655737705
Number of SET = 100
Number of GET = 0
Number of MULTI GET = 0


Worker 31
Average throughput (ops/sec) = 100
Average response time (msec) = 3.468203032786885
Average queue length = 5
Average wait time in queue (msec) = 0.6138856393442623
Average service time (msec) = 2.6346567868852455
Number of SET = 100
Number of GET = 0
Number of MULTI GET = 0


Worker 32
Average throughput (ops/sec) = 102
Average response time (msec) = 3.4580468032786884
Average queue length = 3
Average wait time in queue (msec) = 0.6135745245901639
Average service time (msec) = 2.64364062295082
Number of SET = 102
Number of GET = 0
Number of MULTI GET = 0


Worker 33
Average throughput (ops/sec) = 101
Average response time (msec) = 3.487624770491803
Average queue length = 3
Average wait time in queue (msec) = 0.621674131147541
Average service time (msec) = 2.6285154098360657
Number of SET = 101
Number of GET = 0
Number of MULTI GET = 0


Worker 34
Average throughput (ops/sec) = 100
Average response time (msec) = 3.4795360491803278
Average queue length = 3
Average wait time in queue (msec) = 0.6422852459016394
Average service time (msec) = 2.6318320327868854
Number of SET = 100
Number of GET = 0
Number of MULTI GET = 0


Worker 39
Average throughput (ops/sec) = 101
Average response time (msec) = 3.5644111475409836
Average queue length = 3
Average wait time in queue (msec) = 0.6663252786885246
Average service time (msec) = 2.6592870491803278
Number of SET = 101
Number of GET = 0
Number of MULTI GET = 0


Worker 40
Average throughput (ops/sec) = 99
Average response time (msec) = 3.476094573770492
Average queue length = 2
Average wait time in queue (msec) = 0.6267060163934426
Average service time (msec) = 2.6258934426229508
Number of SET = 99
Number of GET = 0
Number of MULTI GET = 0


Worker 41
Average throughput (ops/sec) = 101
Average response time (msec) = 3.4573106721311477
Average queue length = 3
Average wait time in queue (msec) = 0.6367417049180327
Average service time (msec) = 2.605740229508197
Number of SET = 101
Number of GET = 0
Number of MULTI GET = 0


FINAL STATS
Average throughput (ops/sec) = 6449
Average response time (msec) = 3.4708227424207534
Average queue length = 3
Average wait time in queue (msec) = 0.6395468140368853
Average service time (msec) = 2.6527346552254096
Number of SET = 6449
Number of GET = 0
Number of MULTI GET = 0
Number of Cache misses = 0
Arrival rate (lambda) = [0, 0, 0, 0, 0, 0, 0, 2914, 4613, 5524, 5894, 6034, 6105, 5938, 6461, 6460, 6505, 6024, 6642, 6831, 7255, 6968, 7195, 6650, 7124, 7358, 6463, 6936, 6683, 6887, 6541, 7271, 7245, 6782, 6817, 6467, 6676, 6636, 6520, 7127, 6877, 6829, 6305, 7123, 6503, 6481, 6728, 6937, 6859, 7154, 6626, 6652, 6917, 7081, 6746, 6300, 6182, 6025, 6617, 6492, 6460, 6390, 6759, 6499, 7112, 6832, 7092, 1101, 0]


Histogram response times (0.1 msec step)
0.0 msec : 36
0.1 msec : 737
0.2 msec : 3173
0.3 msec : 7490
0.4 msec : 12762
0.5 msec : 16684
0.6 msec : 19933
0.7 msec : 21394
0.8 msec : 20608
0.9 msec : 19980
1.0 msec : 17881
1.1 msec : 15500
1.2 msec : 13631
1.3 msec : 11950
1.4 msec : 10079
1.5 msec : 8817
1.6 msec : 7528
1.7 msec : 6653
1.8 msec : 5743
1.9 msec : 5144
2.0 msec : 4556
2.1 msec : 3992
2.2 msec : 3534
2.3 msec : 3286
2.4 msec : 2842
2.5 msec : 2596
2.6 msec : 2369
2.7 msec : 2275
2.8 msec : 1979
2.9 msec : 1916
3.0 msec : 1813
3.1 msec : 1718
3.2 msec : 1607
3.3 msec : 1603
3.4 msec : 1460
3.5 msec : 1442
3.6 msec : 1319
3.7 msec : 1258
3.8 msec : 1183
3.9 msec : 1102
4.0 msec : 1071
4.1 msec : 1089
4.2 msec : 1152
4.3 msec : 1116
4.4 msec : 1053
4.5 msec : 1029
4.6 msec : 1040
4.7 msec : 1117
4.8 msec : 1184
4.9 msec : 1238
5.0 msec : 1263
5.1 msec : 1284
5.2 msec : 1372
5.3 msec : 1490
5.4 msec : 1557
5.5 msec : 2013
5.6 msec : 2460
5.7 msec : 2991
5.8 msec : 3557
5.9 msec : 3992
6.0 msec : 4547
6.1 msec : 4862
6.2 msec : 5168
6.3 msec : 5354
6.4 msec : 5577
6.5 msec : 5555
6.6 msec : 5429
6.7 msec : 5191
6.8 msec : 4814
6.9 msec : 4557
7.0 msec : 4025
7.1 msec : 3509
7.2 msec : 3132
7.3 msec : 2622
7.4 msec : 2350
7.5 msec : 2066
7.6 msec : 1721
7.7 msec : 1521
7.8 msec : 1292
7.9 msec : 1194
8.0 msec : 1010
8.1 msec : 1000
8.2 msec : 906
8.3 msec : 796
8.4 msec : 711
8.5 msec : 639
8.6 msec : 575
8.7 msec : 603
8.8 msec : 602
8.9 msec : 482
9.0 msec : 490
9.1 msec : 459
9.2 msec : 493
9.3 msec : 403
9.4 msec : 359
9.5 msec : 339
9.6 msec : 314
9.7 msec : 284
9.8 msec : 294
9.9 msec : 269
10.0 msec : 234
10.1 msec : 234
10.2 msec : 230
10.3 msec : 190
10.4 msec : 226
10.5 msec : 225
10.6 msec : 186
10.7 msec : 184
10.8 msec : 192
10.9 msec : 161
11.0 msec : 156
11.1 msec : 155
11.2 msec : 138
11.3 msec : 153
11.4 msec : 147
11.5 msec : 127
11.6 msec : 130
11.7 msec : 151
11.8 msec : 130
11.9 msec : 122
12.0 msec : 122
12.1 msec : 93
12.2 msec : 87
12.3 msec : 112
12.4 msec : 104
12.5 msec : 112
12.6 msec : 100
12.7 msec : 99
12.8 msec : 88
12.9 msec : 78
13.0 msec : 66
13.1 msec : 72
13.2 msec : 75
13.3 msec : 76
13.4 msec : 56
13.5 msec : 65
13.6 msec : 54
13.7 msec : 48
13.8 msec : 38
13.9 msec : 38
14.0 msec : 29
14.1 msec : 23
14.2 msec : 27
14.3 msec : 17
14.4 msec : 28
14.5 msec : 24
14.6 msec : 30
14.7 msec : 28
14.8 msec : 32
14.9 msec : 19
15.0 msec : 33
15.1 msec : 23
15.2 msec : 30
15.3 msec : 28
15.4 msec : 21
15.5 msec : 31
15.6 msec : 26
15.7 msec : 22
15.8 msec : 31
15.9 msec : 30
16.0 msec : 29
16.1 msec : 29
16.2 msec : 27
16.3 msec : 31
16.4 msec : 32
16.5 msec : 22
16.6 msec : 22
16.7 msec : 18
16.8 msec : 18
16.9 msec : 23
17.0 msec : 17
17.1 msec : 19
17.2 msec : 18
17.3 msec : 19
17.4 msec : 15
17.5 msec : 18
17.6 msec : 17
17.7 msec : 11
17.8 msec : 11
17.9 msec : 15
18.0 msec : 15
18.1 msec : 14
18.2 msec : 12
18.3 msec : 14
18.4 msec : 5
18.5 msec : 8
18.6 msec : 6
18.7 msec : 12
18.8 msec : 5
18.9 msec : 9
19.0 msec : 7
19.1 msec : 5
19.2 msec : 16
19.3 msec : 7
19.4 msec : 14
19.5 msec : 16
19.6 msec : 13
19.7 msec : 11
19.8 msec : 14
19.9 msec : 17
20.0 msec : 18
20.1 msec : 11
20.2 msec : 7
20.3 msec : 13
20.4 msec : 14
20.5 msec : 6
20.6 msec : 12
20.7 msec : 17
20.8 msec : 11
20.9 msec : 9
21.0 msec : 9
21.1 msec : 8
21.2 msec : 4
21.3 msec : 10
21.4 msec : 7
21.5 msec : 6
21.6 msec : 7
21.7 msec : 6
21.8 msec : 9
21.9 msec : 9
22.0 msec : 7
22.1 msec : 7
22.2 msec : 2
22.3 msec : 0
22.4 msec : 2
22.5 msec : 1
22.6 msec : 3
22.7 msec : 7
22.8 msec : 3
22.9 msec : 4
23.0 msec : 7
23.1 msec : 5
23.2 msec : 6
23.3 msec : 10
23.4 msec : 10
23.5 msec : 3
23.6 msec : 2
23.7 msec : 8
23.8 msec : 4
23.9 msec : 5
24.0 msec : 0
24.1 msec : 3
24.2 msec : 3
24.3 msec : 3
24.4 msec : 3
24.5 msec : 4
24.6 msec : 2
24.7 msec : 1
24.8 msec : 1
24.9 msec : 3
25.0 msec : 10
25.1 msec : 5
25.2 msec : 6
25.3 msec : 6
25.4 msec : 9
25.5 msec : 3
25.6 msec : 1
25.7 msec : 0
25.8 msec : 1
25.9 msec : 0
26.0 msec : 0
26.1 msec : 2
26.2 msec : 0
26.3 msec : 1
26.4 msec : 2
26.5 msec : 6
26.6 msec : 6
26.7 msec : 7
26.8 msec : 3
26.9 msec : 4
27.0 msec : 2
27.1 msec : 6
27.2 msec : 1
27.3 msec : 2
27.4 msec : 2
27.5 msec : 1
27.6 msec : 3
27.7 msec : 1
27.8 msec : 4
27.9 msec : 2
28.0 msec : 8
28.1 msec : 6
28.2 msec : 7
28.3 msec : 4
28.4 msec : 0
28.5 msec : 3
28.6 msec : 2
28.7 msec : 0
28.8 msec : 2
28.9 msec : 3
29.0 msec : 2
29.1 msec : 3
29.2 msec : 2
29.3 msec : 3
29.4 msec : 3
29.5 msec : 4
29.6 msec : 2
29.7 msec : 3
29.8 msec : 0
29.9 msec : 1
30.0 msec : 5
30.1 msec : 2
30.2 msec : 1
30.3 msec : 0
30.4 msec : 2
30.5 msec : 1
30.6 msec : 3
30.7 msec : 2
30.8 msec : 2
30.9 msec : 0
31.0 msec : 1
31.1 msec : 4
31.2 msec : 2
31.3 msec : 1
31.4 msec : 1
31.5 msec : 2
31.6 msec : 4
31.7 msec : 1
31.8 msec : 2
31.9 msec : 3
32.0 msec : 0
32.1 msec : 2
32.2 msec : 1
32.3 msec : 0
32.4 msec : 3
32.5 msec : 1
32.6 msec : 3
32.7 msec : 0
32.8 msec : 1
32.9 msec : 2
33.0 msec : 1
33.1 msec : 3
33.2 msec : 2
33.3 msec : 3
33.4 msec : 4
33.5 msec : 5
33.6 msec : 2
33.7 msec : 1
33.8 msec : 5
33.9 msec : 5
34.0 msec : 6
34.1 msec : 4
34.2 msec : 7
34.3 msec : 6
34.4 msec : 3
34.5 msec : 2
34.6 msec : 9
34.7 msec : 3
34.8 msec : 4
34.9 msec : 4
35.0 msec : 3
35.1 msec : 4
35.2 msec : 2
35.3 msec : 2
35.4 msec : 2
35.5 msec : 4
35.6 msec : 3
35.7 msec : 4
35.8 msec : 7
35.9 msec : 1
36.0 msec : 0
36.1 msec : 1
36.2 msec : 0
36.3 msec : 0
36.4 msec : 2
36.5 msec : 3
36.6 msec : 1
36.7 msec : 0
36.8 msec : 1
36.9 msec : 2
37.0 msec : 4
37.1 msec : 1
37.2 msec : 3
37.3 msec : 5
37.4 msec : 9
37.5 msec : 7
37.6 msec : 5
37.7 msec : 4
37.8 msec : 6
37.9 msec : 3
38.0 msec : 2
38.1 msec : 2
38.2 msec : 1
38.3 msec : 1
38.4 msec : 2
38.5 msec : 0
38.6 msec : 0
38.7 msec : 2
38.8 msec : 0
38.9 msec : 1
39.0 msec : 1
39.1 msec : 0
39.2 msec : 0
39.3 msec : 0
39.4 msec : 1
39.5 msec : 1
39.6 msec : 3
39.7 msec : 1
39.8 msec : 4
39.9 msec : 2
40.0 msec : 0
40.1 msec : 2
40.2 msec : 1
40.3 msec : 0
40.4 msec : 1
40.5 msec : 0
40.6 msec : 1
40.7 msec : 0
40.8 msec : 0
40.9 msec : 0
41.0 msec : 1
41.1 msec : 0
41.2 msec : 1
41.3 msec : 1
41.4 msec : 1
41.5 msec : 0
41.6 msec : 0
41.7 msec : 1
41.8 msec : 1
41.9 msec : 0
42.0 msec : 1
42.1 msec : 0
42.2 msec : 0
42.3 msec : 0
42.4 msec : 0
42.5 msec : 0
42.6 msec : 0
42.7 msec : 0
42.8 msec : 1
42.9 msec : 0
43.0 msec : 0
43.1 msec : 0
43.2 msec : 1
43.3 msec : 2
43.4 msec : 6
43.5 msec : 4
43.6 msec : 4
43.7 msec : 3
43.8 msec : 3
43.9 msec : 2
44.0 msec : 3
44.1 msec : 1
44.2 msec : 1
44.3 msec : 2
44.4 msec : 1
44.5 msec : 2
44.6 msec : 0
44.7 msec : 0
44.8 msec : 0
44.9 msec : 0
45.0 msec : 0
45.1 msec : 0
45.2 msec : 0
45.3 msec : 0
45.4 msec : 0
45.5 msec : 1
45.6 msec : 0
45.7 msec : 0
45.8 msec : 0
45.9 msec : 0
46.0 msec : 1
46.1 msec : 0
46.2 msec : 0
46.3 msec : 0
46.4 msec : 0
46.5 msec : 0
46.6 msec : 0
46.7 msec : 0
46.8 msec : 0
46.9 msec : 0
47.0 msec : 0
47.1 msec : 0
47.2 msec : 0
47.3 msec : 0
47.4 msec : 0
47.5 msec : 0
47.6 msec : 0
47.7 msec : 0
47.8 msec : 0
47.9 msec : 0
48.0 msec : 3
48.1 msec : 2
48.2 msec : 0
48.3 msec : 0
48.4 msec : 0
48.5 msec : 6
48.6 msec : 2
48.7 msec : 1
48.8 msec : 1
48.9 msec : 0
49.0 msec : 0
49.1 msec : 0
49.2 msec : 0
49.3 msec : 0
49.4 msec : 0
49.5 msec : 0
49.6 msec : 0
49.7 msec : 0
49.8 msec : 0
49.9 msec : 0
50.0 msec : 1
50.1 msec : 0
50.2 msec : 0
50.3 msec : 0
50.4 msec : 0
50.5 msec : 0
50.6 msec : 2
50.7 msec : 0
50.8 msec : 1
50.9 msec : 0
51.0 msec : 0
51.1 msec : 1
51.2 msec : 0
51.3 msec : 5
51.4 msec : 1
51.5 msec : 0
51.6 msec : 0
51.7 msec : 0
51.8 msec : 0
51.9 msec : 0
52.0 msec : 1
52.1 msec : 0
52.2 msec : 0
52.3 msec : 0
52.4 msec : 0
52.5 msec : 0
52.6 msec : 0
52.7 msec : 0
52.8 msec : 0
52.9 msec : 0
53.0 msec : 0
53.1 msec : 0
53.2 msec : 0
53.3 msec : 0
53.4 msec : 0
53.5 msec : 0
53.6 msec : 0
53.7 msec : 0
53.8 msec : 0
53.9 msec : 0
54.0 msec : 0
54.1 msec : 0
54.2 msec : 0
54.3 msec : 0
54.4 msec : 0
54.5 msec : 0
54.6 msec : 0
54.7 msec : 0
54.8 msec : 0
54.9 msec : 0
55.0 msec : 0
55.1 msec : 0
55.2 msec : 0
55.3 msec : 0
55.4 msec : 0
55.5 msec : 0
55.6 msec : 0
55.7 msec : 0
55.8 msec : 0
55.9 msec : 0
56.0 msec : 0
56.1 msec : 0
56.2 msec : 0
56.3 msec : 0
56.4 msec : 0
56.5 msec : 0
56.6 msec : 0
56.7 msec : 0
56.8 msec : 0
56.9 msec : 0
57.0 msec : 1
57.1 msec : 1
57.2 msec : 0
57.3 msec : 0
57.4 msec : 0
57.5 msec : 0
57.6 msec : 0
57.7 msec : 0
57.8 msec : 0
57.9 msec : 0
58.0 msec : 0
58.1 msec : 0
58.2 msec : 0
58.3 msec : 0
58.4 msec : 1
58.5 msec : 0
58.6 msec : 1
58.7 msec : 0
58.8 msec : 3
58.9 msec : 0
59.0 msec : 1
59.1 msec : 0
59.2 msec : 1
59.3 msec : 0
59.4 msec : 1
59.5 msec : 0
59.6 msec : 0
59.7 msec : 0
59.8 msec : 0
59.9 msec : 0
60.0 msec : 1
60.1 msec : 0
60.2 msec : 0
60.3 msec : 1
60.4 msec : 0
60.5 msec : 0
60.6 msec : 1
60.7 msec : 0
60.8 msec : 0
60.9 msec : 0
61.0 msec : 0
61.1 msec : 0
61.2 msec : 0
61.3 msec : 0
61.4 msec : 0
61.5 msec : 0
61.6 msec : 0
61.7 msec : 0
61.8 msec : 0
61.9 msec : 0
62.0 msec : 0
62.1 msec : 0
62.2 msec : 0
62.3 msec : 0
62.4 msec : 0
62.5 msec : 0
62.6 msec : 0
62.7 msec : 0
62.8 msec : 0
62.9 msec : 0
63.0 msec : 0
63.1 msec : 0
63.2 msec : 0
63.3 msec : 0
63.4 msec : 0
63.5 msec : 0
63.6 msec : 0
63.7 msec : 0
63.8 msec : 0
63.9 msec : 0
64.0 msec : 0
64.1 msec : 0
64.2 msec : 0
64.3 msec : 0
64.4 msec : 0
64.5 msec : 0
64.6 msec : 0
64.7 msec : 0
64.8 msec : 0
64.9 msec : 0
65.0 msec : 0
65.1 msec : 0
65.2 msec : 0
65.3 msec : 0
65.4 msec : 0
65.5 msec : 0
65.6 msec : 0
65.7 msec : 0
65.8 msec : 0
65.9 msec : 0
66.0 msec : 0
66.1 msec : 0
66.2 msec : 0
66.3 msec : 0
66.4 msec : 0
66.5 msec : 0
66.6 msec : 0
66.7 msec : 0
66.8 msec : 0
66.9 msec : 0
67.0 msec : 0
67.1 msec : 0
67.2 msec : 0
67.3 msec : 0
67.4 msec : 0
67.5 msec : 0
67.6 msec : 0
67.7 msec : 0
67.8 msec : 0
67.9 msec : 0
68.0 msec : 0
68.1 msec : 0
68.2 msec : 0
68.3 msec : 0
68.4 msec : 0
68.5 msec : 0
68.6 msec : 0
68.7 msec : 0
68.8 msec : 0
68.9 msec : 0
69.0 msec : 0
69.1 msec : 0
69.2 msec : 0
69.3 msec : 0
69.4 msec : 0
69.5 msec : 0
69.6 msec : 0
69.7 msec : 0
69.8 msec : 0
69.9 msec : 0
70.0 msec : 0
70.1 msec : 0
70.2 msec : 0
70.3 msec : 0
70.4 msec : 0
70.5 msec : 0
70.6 msec : 0
70.7 msec : 0
70.8 msec : 0
70.9 msec : 0
71.0 msec : 0
71.1 msec : 0
71.2 msec : 0
71.3 msec : 0
71.4 msec : 0
71.5 msec : 0
71.6 msec : 0
71.7 msec : 0
71.8 msec : 0
71.9 msec : 0
72.0 msec : 0
72.1 msec : 0
72.2 msec : 0
72.3 msec : 0
72.4 msec : 0
72.5 msec : 0
72.6 msec : 0
72.7 msec : 0
72.8 msec : 0
72.9 msec : 0
73.0 msec : 0
73.1 msec : 0
73.2 msec : 0
73.3 msec : 0
73.4 msec : 0
73.5 msec : 0
73.6 msec : 0
73.7 msec : 0
73.8 msec : 0
73.9 msec : 0
74.0 msec : 0
74.1 msec : 0
74.2 msec : 0
74.3 msec : 0
74.4 msec : 0
74.5 msec : 0
74.6 msec : 0
74.7 msec : 1
74.8 msec : 0
74.9 msec : 1
75.0 msec : 0
75.1 msec : 0
75.2 msec : 0
75.3 msec : 1
75.4 msec : 0
75.5 msec : 0
75.6 msec : 0
75.7 msec : 0
75.8 msec : 0
75.9 msec : 0
76.0 msec : 1
76.1 msec : 0
76.2 msec : 0
76.3 msec : 0
76.4 msec : 0
76.5 msec : 0
76.6 msec : 0
76.7 msec : 0
76.8 msec : 0
76.9 msec : 0
77.0 msec : 0
77.1 msec : 0
77.2 msec : 0
77.3 msec : 0
77.4 msec : 0
77.5 msec : 0
77.6 msec : 0
77.7 msec : 0
77.8 msec : 0
77.9 msec : 1
78.0 msec : 0
78.1 msec : 1
78.2 msec : 0
78.3 msec : 0
78.4 msec : 0
78.5 msec : 0
78.6 msec : 0
78.7 msec : 0
78.8 msec : 0
78.9 msec : 0
79.0 msec : 0
79.1 msec : 0
79.2 msec : 0
79.3 msec : 0
79.4 msec : 0
79.5 msec : 0
79.6 msec : 0
79.7 msec : 0
79.8 msec : 0
79.9 msec : 0
80.0 msec : 0
80.1 msec : 0
80.2 msec : 0
80.3 msec : 0
80.4 msec : 0
80.5 msec : 0
80.6 msec : 0
80.7 msec : 0
80.8 msec : 0
80.9 msec : 0
81.0 msec : 0
81.1 msec : 0
81.2 msec : 0
81.3 msec : 0
81.4 msec : 0
81.5 msec : 0
81.6 msec : 0
81.7 msec : 0
81.8 msec : 0
81.9 msec : 0
82.0 msec : 0
82.1 msec : 0
82.2 msec : 0
82.3 msec : 0
82.4 msec : 0
82.5 msec : 0
82.6 msec : 0
82.7 msec : 0
82.8 msec : 0
82.9 msec : 0
83.0 msec : 0
83.1 msec : 0
83.2 msec : 0
83.3 msec : 0
83.4 msec : 0
83.5 msec : 0
83.6 msec : 0
83.7 msec : 0
83.8 msec : 0
83.9 msec : 0
84.0 msec : 0
84.1 msec : 0
84.2 msec : 0
84.3 msec : 0
84.4 msec : 0
84.5 msec : 0
84.6 msec : 0
84.7 msec : 0
84.8 msec : 0
84.9 msec : 0
85.0 msec : 0
85.1 msec : 0
85.2 msec : 0
85.3 msec : 0
85.4 msec : 0
85.5 msec : 0
85.6 msec : 0
85.7 msec : 0
85.8 msec : 0
85.9 msec : 0
86.0 msec : 0
86.1 msec : 0
86.2 msec : 0
86.3 msec : 0
86.4 msec : 0
86.5 msec : 0
86.6 msec : 0
86.7 msec : 0
86.8 msec : 0
86.9 msec : 0
87.0 msec : 0
87.1 msec : 0
87.2 msec : 0
87.3 msec : 0
87.4 msec : 0
87.5 msec : 0
87.6 msec : 0
87.7 msec : 0
87.8 msec : 0
87.9 msec : 0
88.0 msec : 0
88.1 msec : 0
88.2 msec : 0
88.3 msec : 0
88.4 msec : 0
88.5 msec : 0
88.6 msec : 0
88.7 msec : 0
88.8 msec : 0
88.9 msec : 0
89.0 msec : 0
89.1 msec : 0
89.2 msec : 0
89.3 msec : 0
89.4 msec : 0
89.5 msec : 0
89.6 msec : 0
89.7 msec : 0
89.8 msec : 0
89.9 msec : 0
90.0 msec : 0
90.1 msec : 0
90.2 msec : 0
90.3 msec : 0
90.4 msec : 0
90.5 msec : 0
90.6 msec : 0
90.7 msec : 0
90.8 msec : 1
90.9 msec : 0
91.0 msec : 0
91.1 msec : 0
91.2 msec : 0
91.3 msec : 0
91.4 msec : 0
91.5 msec : 0
91.6 msec : 0
91.7 msec : 0
91.8 msec : 0
91.9 msec : 0
92.0 msec : 0
92.1 msec : 0
92.2 msec : 0
92.3 msec : 0
92.4 msec : 0
92.5 msec : 0
92.6 msec : 0
92.7 msec : 0
92.8 msec : 0
92.9 msec : 0
93.0 msec : 0
93.1 msec : 0
93.2 msec : 0
93.3 msec : 0
93.4 msec : 0
93.5 msec : 0
93.6 msec : 0
93.7 msec : 0
93.8 msec : 0
93.9 msec : 0
94.0 msec : 0
94.1 msec : 0
94.2 msec : 0
94.3 msec : 0
94.4 msec : 0
94.5 msec : 0
94.6 msec : 0
94.7 msec : 0
94.8 msec : 0
94.9 msec : 0
95.0 msec : 0
95.1 msec : 0
95.2 msec : 0
95.3 msec : 0
95.4 msec : 0
95.5 msec : 0
95.6 msec : 0
95.7 msec : 0
95.8 msec : 0
95.9 msec : 0
96.0 msec : 0
96.1 msec : 0
96.2 msec : 0
96.3 msec : 0
96.4 msec : 0
96.5 msec : 0
96.6 msec : 0
96.7 msec : 0
96.8 msec : 0
96.9 msec : 0
97.0 msec : 0
97.1 msec : 0
97.2 msec : 0
97.3 msec : 0
97.4 msec : 0
97.5 msec : 0
97.6 msec : 0
97.7 msec : 0
97.8 msec : 0
97.9 msec : 0
98.0 msec : 0
98.1 msec : 0
98.2 msec : 0
98.3 msec : 0
98.4 msec : 0
98.5 msec : 0
98.6 msec : 0
98.7 msec : 0
98.8 msec : 0
98.9 msec : 0
99.0 msec : 1
99.1 msec : 0
99.2 msec : 0
99.3 msec : 0
99.4 msec : 0
99.5 msec : 0
99.6 msec : 0
99.7 msec : 0
99.8 msec : 0
99.9 msec : 0
100.0 msec : 0
100.1 msec : 0
100.2 msec : 0
100.3 msec : 0
100.4 msec : 0
100.5 msec : 0
100.6 msec : 0
100.7 msec : 0
100.8 msec : 0
100.9 msec : 0
101.0 msec : 0
101.1 msec : 0
101.2 msec : 0
101.3 msec : 0
101.4 msec : 0
101.5 msec : 0
101.6 msec : 0
101.7 msec : 1
101.8 msec : 0
101.9 msec : 0
102.0 msec : 0
102.1 msec : 0
102.2 msec : 0
102.3 msec : 0
102.4 msec : 0
102.5 msec : 0
102.6 msec : 1
102.7 msec : 0
102.8 msec : 0
102.9 msec : 0
103.0 msec : 1
103.1 msec : 0
103.2 msec : 0
103.3 msec : 0
103.4 msec : 0
103.5 msec : 0
103.6 msec : 0
103.7 msec : 0
103.8 msec : 0
103.9 msec : 0
104.0 msec : 0
104.1 msec : 0
104.2 msec : 0
104.3 msec : 0
104.4 msec : 0
104.5 msec : 0
104.6 msec : 0
104.7 msec : 0
104.8 msec : 0
104.9 msec : 0
105.0 msec : 0
105.1 msec : 0
105.2 msec : 0
105.3 msec : 0
105.4 msec : 0
105.5 msec : 0
105.6 msec : 0
105.7 msec : 0
105.8 msec : 0
105.9 msec : 0
106.0 msec : 0
106.1 msec : 0
106.2 msec : 0
106.3 msec : 0
106.4 msec : 0
106.5 msec : 0
106.6 msec : 0
106.7 msec : 0
106.8 msec : 0
106.9 msec : 0
107.0 msec : 0
107.1 msec : 0
107.2 msec : 0
107.3 msec : 0
107.4 msec : 0
107.5 msec : 0
107.6 msec : 0
107.7 msec : 0
107.8 msec : 0
107.9 msec : 0
108.0 msec : 1
108.1 msec : 0
108.2 msec : 0
108.3 msec : 0
108.4 msec : 0
108.5 msec : 0
108.6 msec : 0
108.7 msec : 0
108.8 msec : 0
108.9 msec : 0
109.0 msec : 0
109.1 msec : 0
109.2 msec : 0
109.3 msec : 0
109.4 msec : 0
109.5 msec : 0
109.6 msec : 0
109.7 msec : 0
109.8 msec : 0
109.9 msec : 0
110.0 msec : 0
110.1 msec : 0
110.2 msec : 0
110.3 msec : 0
110.4 msec : 0
110.5 msec : 0
110.6 msec : 0
110.7 msec : 0
110.8 msec : 0
110.9 msec : 0
111.0 msec : 0
111.1 msec : 0
111.2 msec : 0
111.3 msec : 0
111.4 msec : 0
111.5 msec : 0
111.6 msec : 0
111.7 msec : 0
111.8 msec : 0
111.9 msec : 0
112.0 msec : 0
112.1 msec : 0
112.2 msec : 0
112.3 msec : 0
112.4 msec : 0
112.5 msec : 0
112.6 msec : 0
112.7 msec : 0
112.8 msec : 0
112.9 msec : 0
113.0 msec : 0
113.1 msec : 0
113.2 msec : 0
113.3 msec : 0
113.4 msec : 0
113.5 msec : 0
113.6 msec : 0
113.7 msec : 0
113.8 msec : 0
113.9 msec : 0
114.0 msec : 0
114.1 msec : 0
114.2 msec : 0
114.3 msec : 0
114.4 msec : 0
114.5 msec : 0
114.6 msec : 0
114.7 msec : 0
114.8 msec : 0
114.9 msec : 0
115.0 msec : 0
115.1 msec : 0
115.2 msec : 0
115.3 msec : 0
115.4 msec : 1
115.5 msec : 0
115.6 msec : 0
115.7 msec : 0
115.8 msec : 0
115.9 msec : 0
116.0 msec : 0
116.1 msec : 0
116.2 msec : 0
116.3 msec : 0
116.4 msec : 0
116.5 msec : 0
116.6 msec : 0
116.7 msec : 0
116.8 msec : 0
116.9 msec : 0
117.0 msec : 0
117.1 msec : 0
117.2 msec : 0
117.3 msec : 0
117.4 msec : 0
117.5 msec : 0
117.6 msec : 0
117.7 msec : 0
117.8 msec : 0
117.9 msec : 0
118.0 msec : 0
118.1 msec : 0
118.2 msec : 0
118.3 msec : 0
118.4 msec : 0
118.5 msec : 0
118.6 msec : 0
118.7 msec : 0
118.8 msec : 0
118.9 msec : 0
119.0 msec : 0
119.1 msec : 0
119.2 msec : 0
119.3 msec : 0
119.4 msec : 0
119.5 msec : 0
119.6 msec : 0
119.7 msec : 0
119.8 msec : 0
119.9 msec : 0
120.0 msec : 0
120.1 msec : 0
120.2 msec : 0
120.3 msec : 0
120.4 msec : 0
120.5 msec : 0
120.6 msec : 0
120.7 msec : 0
120.8 msec : 0
120.9 msec : 0
121.0 msec : 0
121.1 msec : 0
121.2 msec : 0
121.3 msec : 0
121.4 msec : 0
121.5 msec : 0
121.6 msec : 0
121.7 msec : 0
121.8 msec : 0
121.9 msec : 0
122.0 msec : 0
122.1 msec : 0
122.2 msec : 0
122.3 msec : 0
122.4 msec : 0
122.5 msec : 0
122.6 msec : 0
122.7 msec : 0
122.8 msec : 0
122.9 msec : 0
123.0 msec : 0
123.1 msec : 0
123.2 msec : 0
123.3 msec : 0
123.4 msec : 0
123.5 msec : 0
123.6 msec : 1
123.7 msec : 0
123.8 msec : 0
123.9 msec : 0
124.0 msec : 0
124.1 msec : 0
124.2 msec : 0
124.3 msec : 0
124.4 msec : 0
124.5 msec : 0
124.6 msec : 0
124.7 msec : 0
124.8 msec : 0
124.9 msec : 0
125.0 msec : 0
125.1 msec : 0
125.2 msec : 0
125.3 msec : 0
125.4 msec : 0
125.5 msec : 0
125.6 msec : 0
125.7 msec : 1
125.8 msec : 0
125.9 msec : 0
126.0 msec : 0
126.1 msec : 0
126.2 msec : 0
126.3 msec : 0
126.4 msec : 0
126.5 msec : 0
126.6 msec : 0
126.7 msec : 0
126.8 msec : 0
126.9 msec : 0
127.0 msec : 0
127.1 msec : 0
127.2 msec : 0
127.3 msec : 0
127.4 msec : 0
127.5 msec : 0
127.6 msec : 0
127.7 msec : 0
127.8 msec : 0
127.9 msec : 0
128.0 msec : 0
128.1 msec : 0
128.2 msec : 0
128.3 msec : 0
128.4 msec : 0
128.5 msec : 0
128.6 msec : 0
128.7 msec : 0
128.8 msec : 0
128.9 msec : 0
129.0 msec : 0
129.1 msec : 0
129.2 msec : 0
129.3 msec : 0
129.4 msec : 0
129.5 msec : 0
129.6 msec : 0
129.7 msec : 1
129.8 msec : 0
129.9 msec : 0
130.0 msec : 0
130.1 msec : 0
130.2 msec : 0
130.3 msec : 0
130.4 msec : 0
130.5 msec : 0
130.6 msec : 0
130.7 msec : 0
130.8 msec : 0
130.9 msec : 0
131.0 msec : 0
131.1 msec : 0
131.2 msec : 0
131.3 msec : 0
131.4 msec : 0
131.5 msec : 0
131.6 msec : 0
131.7 msec : 0
131.8 msec : 0
131.9 msec : 0
132.0 msec : 0
132.1 msec : 0
132.2 msec : 0
132.3 msec : 0
132.4 msec : 0
132.5 msec : 0
132.6 msec : 0
132.7 msec : 0
132.8 msec : 0
132.9 msec : 0
133.0 msec : 0
133.1 msec : 0
133.2 msec : 0
133.3 msec : 0
133.4 msec : 0
133.5 msec : 0
133.6 msec : 0
133.7 msec : 0
133.8 msec : 0
133.9 msec : 0
134.0 msec : 0
134.1 msec : 1
134.2 msec : 0
134.3 msec : 0
134.4 msec : 0
134.5 msec : 0
134.6 msec : 0
134.7 msec : 0
134.8 msec : 0
134.9 msec : 0
135.0 msec : 0
135.1 msec : 0
135.2 msec : 0
135.3 msec : 0
135.4 msec : 0
135.5 msec : 0
135.6 msec : 0
135.7 msec : 0
135.8 msec : 0
135.9 msec : 0
136.0 msec : 0
136.1 msec : 0
136.2 msec : 0
136.3 msec : 0
136.4 msec : 0
136.5 msec : 0
136.6 msec : 0
136.7 msec : 0
136.8 msec : 0
136.9 msec : 1
137.0 msec : 0
137.1 msec : 0
137.2 msec : 0
137.3 msec : 0
137.4 msec : 0
137.5 msec : 0
137.6 msec : 0
137.7 msec : 0
137.8 msec : 0
137.9 msec : 0
138.0 msec : 0
138.1 msec : 0
138.2 msec : 0
138.3 msec : 0
138.4 msec : 0
138.5 msec : 0
138.6 msec : 0
138.7 msec : 0
138.8 msec : 0
138.9 msec : 0
139.0 msec : 0
139.1 msec : 0
139.2 msec : 0
139.3 msec : 0
139.4 msec : 0
139.5 msec : 0
139.6 msec : 0
139.7 msec : 0
139.8 msec : 0
139.9 msec : 0
140.0 msec : 0
140.1 msec : 0
140.2 msec : 0
140.3 msec : 0
140.4 msec : 0
140.5 msec : 0
140.6 msec : 0
140.7 msec : 0
140.8 msec : 0
