Middleware started...
Middleware shuts down...
Smaller resolution statistics are in a log file...
Final aggregates per worker:


Worker 46
Average throughput (ops/sec) = 117
Average response time (msec) = 5.997661131147541
Average queue length = 10
Average wait time in queue (msec) = 1.4545456885245902
Average service time (msec) = 4.063427852459016
Number of SET = 117
Number of GET = 0
Number of MULTI GET = 0


Worker 47
Average throughput (ops/sec) = 121
Average response time (msec) = 5.706856295081968
Average queue length = 12
Average wait time in queue (msec) = 1.4651658688524591
Average service time (msec) = 3.913487967213115
Number of SET = 121
Number of GET = 0
Number of MULTI GET = 0


Worker 48
Average throughput (ops/sec) = 121
Average response time (msec) = 5.777640131147541
Average queue length = 9
Average wait time in queue (msec) = 1.3048568032786885
Average service time (msec) = 3.9995007377049183
Number of SET = 121
Number of GET = 0
Number of MULTI GET = 0


Worker 49
Average throughput (ops/sec) = 124
Average response time (msec) = 5.84596575409836
Average queue length = 11
Average wait time in queue (msec) = 1.3540682459016393
Average service time (msec) = 3.9831754098360657
Number of SET = 124
Number of GET = 0
Number of MULTI GET = 0


Worker 42
Average throughput (ops/sec) = 123
Average response time (msec) = 6.045646032786885
Average queue length = 7
Average wait time in queue (msec) = 1.3299592295081968
Average service time (msec) = 3.9523373606557377
Number of SET = 123
Number of GET = 0
Number of MULTI GET = 0


Worker 43
Average throughput (ops/sec) = 122
Average response time (msec) = 5.676125475409837
Average queue length = 8
Average wait time in queue (msec) = 1.293700606557377
Average service time (msec) = 3.929855950819672
Number of SET = 122
Number of GET = 0
Number of MULTI GET = 0


Worker 44
Average throughput (ops/sec) = 120
Average response time (msec) = 5.942915704918033
Average queue length = 11
Average wait time in queue (msec) = 1.2926781147540984
Average service time (msec) = 3.990479950819672
Number of SET = 120
Number of GET = 0
Number of MULTI GET = 0


Worker 45
Average throughput (ops/sec) = 120
Average response time (msec) = 5.861594770491803
Average queue length = 9
Average wait time in queue (msec) = 1.3383218032786885
Average service time (msec) = 3.9850485409836067
Number of SET = 120
Number of GET = 0
Number of MULTI GET = 0


Worker 50
Average throughput (ops/sec) = 121
Average response time (msec) = 5.786690786885246
Average queue length = 10
Average wait time in queue (msec) = 1.3144907540983606
Average service time (msec) = 3.9830989672131145
Number of SET = 121
Number of GET = 0
Number of MULTI GET = 0


Worker 51
Average throughput (ops/sec) = 121
Average response time (msec) = 5.782380655737705
Average queue length = 10
Average wait time in queue (msec) = 1.2803164098360655
Average service time (msec) = 4.00350824590164
Number of SET = 121
Number of GET = 0
Number of MULTI GET = 0


Worker 52
Average throughput (ops/sec) = 121
Average response time (msec) = 5.876174442622951
Average queue length = 11
Average wait time in queue (msec) = 1.3461619672131147
Average service time (msec) = 4.019775983606557
Number of SET = 121
Number of GET = 0
Number of MULTI GET = 0


Worker 57
Average throughput (ops/sec) = 120
Average response time (msec) = 5.921819868852459
Average queue length = 10
Average wait time in queue (msec) = 1.3595714590163934
Average service time (msec) = 4.033589114754099
Number of SET = 120
Number of GET = 0
Number of MULTI GET = 0


Worker 13
Average throughput (ops/sec) = 123
Average response time (msec) = 5.6688137049180325
Average queue length = 13
Average wait time in queue (msec) = 1.4722916229508198
Average service time (msec) = 4.279067295081967
Number of SET = 123
Number of GET = 0
Number of MULTI GET = 0


Worker 58
Average throughput (ops/sec) = 120
Average response time (msec) = 5.848608
Average queue length = 7
Average wait time in queue (msec) = 1.3328948688524591
Average service time (msec) = 4.028878295081967
Number of SET = 120
Number of GET = 0
Number of MULTI GET = 0


Worker 14
Average throughput (ops/sec) = 121
Average response time (msec) = 5.876924590163934
Average queue length = 11
Average wait time in queue (msec) = 1.3874858852459016
Average service time (msec) = 4.03827893442623
Number of SET = 121
Number of GET = 0
Number of MULTI GET = 0


Worker 59
Average throughput (ops/sec) = 120
Average response time (msec) = 5.776203245901639
Average queue length = 8
Average wait time in queue (msec) = 1.290359
Average service time (msec) = 4.036093918032787
Number of SET = 120
Number of GET = 0
Number of MULTI GET = 0


Worker 15
Average throughput (ops/sec) = 121
Average response time (msec) = 6.1175896229508195
Average queue length = 9
Average wait time in queue (msec) = 1.3307289016393442
Average service time (msec) = 4.320046295081967
Number of SET = 121
Number of GET = 0
Number of MULTI GET = 0


Worker 16
Average throughput (ops/sec) = 119
Average response time (msec) = 5.780205114754098
Average queue length = 12
Average wait time in queue (msec) = 1.4554395081967213
Average service time (msec) = 4.136712278688524
Number of SET = 119
Number of GET = 0
Number of MULTI GET = 0


Worker 53
Average throughput (ops/sec) = 122
Average response time (msec) = 5.765780475409836
Average queue length = 9
Average wait time in queue (msec) = 1.3103281475409836
Average service time (msec) = 3.9549162295081968
Number of SET = 122
Number of GET = 0
Number of MULTI GET = 0


Worker 54
Average throughput (ops/sec) = 122
Average response time (msec) = 5.84108431147541
Average queue length = 7
Average wait time in queue (msec) = 1.3549762950819673
Average service time (msec) = 4.005371901639344
Number of SET = 122
Number of GET = 0
Number of MULTI GET = 0


Worker 10
Average throughput (ops/sec) = 120
Average response time (msec) = 5.77980131147541
Average queue length = 13
Average wait time in queue (msec) = 1.3273216065573772
Average service time (msec) = 4.16478968852459
Number of SET = 120
Number of GET = 0
Number of MULTI GET = 0


Worker 55
Average throughput (ops/sec) = 122
Average response time (msec) = 5.843021491803279
Average queue length = 6
Average wait time in queue (msec) = 1.3012406885245902
Average service time (msec) = 3.9274866721311477
Number of SET = 122
Number of GET = 0
Number of MULTI GET = 0


Worker 11
Average throughput (ops/sec) = 120
Average response time (msec) = 6.242438131147541
Average queue length = 12
Average wait time in queue (msec) = 1.3079374426229509
Average service time (msec) = 4.102809786885246
Number of SET = 120
Number of GET = 0
Number of MULTI GET = 0


Worker 56
Average throughput (ops/sec) = 119
Average response time (msec) = 5.898299672131147
Average queue length = 8
Average wait time in queue (msec) = 1.3440767213114755
Average service time (msec) = 4.042367213114754
Number of SET = 119
Number of GET = 0
Number of MULTI GET = 0


Worker 12
Average throughput (ops/sec) = 120
Average response time (msec) = 5.7517834918032795
Average queue length = 8
Average wait time in queue (msec) = 1.4536152295081968
Average service time (msec) = 4.366881983606557
Number of SET = 120
Number of GET = 0
Number of MULTI GET = 0


Worker 17
Average throughput (ops/sec) = 116
Average response time (msec) = 6.145723983606557
Average queue length = 13
Average wait time in queue (msec) = 1.5261185737704919
Average service time (msec) = 4.1875900491803275
Number of SET = 116
Number of GET = 0
Number of MULTI GET = 0


Worker 18
Average throughput (ops/sec) = 119
Average response time (msec) = 5.8411060983606555
Average queue length = 12
Average wait time in queue (msec) = 1.502519950819672
Average service time (msec) = 4.531917213114754
Number of SET = 119
Number of GET = 0
Number of MULTI GET = 0


Worker 19
Average throughput (ops/sec) = 122
Average response time (msec) = 6.334528557377049
Average queue length = 7
Average wait time in queue (msec) = 1.4018180163934426
Average service time (msec) = 3.9437460655737704
Number of SET = 122
Number of GET = 0
Number of MULTI GET = 0


Worker 60
Average throughput (ops/sec) = 123
Average response time (msec) = 5.718089770491803
Average queue length = 10
Average wait time in queue (msec) = 1.3361495573770492
Average service time (msec) = 3.8753481967213115
Number of SET = 123
Number of GET = 0
Number of MULTI GET = 0


Worker 61
Average throughput (ops/sec) = 122
Average response time (msec) = 5.825995393442623
Average queue length = 10
Average wait time in queue (msec) = 1.382706
Average service time (msec) = 3.9236046721311477
Number of SET = 122
Number of GET = 0
Number of MULTI GET = 0


Worker 62
Average throughput (ops/sec) = 120
Average response time (msec) = 5.88540193442623
Average queue length = 10
Average wait time in queue (msec) = 1.3676464098360654
Average service time (msec) = 4.00624437704918
Number of SET = 120
Number of GET = 0
Number of MULTI GET = 0


Worker 63
Average throughput (ops/sec) = 118
Average response time (msec) = 5.896347442622951
Average queue length = 11
Average wait time in queue (msec) = 1.3362263606557379
Average service time (msec) = 4.045265918032787
Number of SET = 118
Number of GET = 0
Number of MULTI GET = 0


Worker 24
Average throughput (ops/sec) = 120
Average response time (msec) = 5.751577885245902
Average queue length = 10
Average wait time in queue (msec) = 1.3856141147540986
Average service time (msec) = 3.9677237540983605
Number of SET = 120
Number of GET = 0
Number of MULTI GET = 0


Worker 7
Average throughput (ops/sec) = 119
Average response time (msec) = 5.7251448360655735
Average queue length = 10
Average wait time in queue (msec) = 1.2731331803278687
Average service time (msec) = 4.001952393442623
Number of SET = 119
Number of GET = 0
Number of MULTI GET = 0


Worker 6
Average throughput (ops/sec) = 122
Average response time (msec) = 5.7865413666666665
Average queue length = 10
Average wait time in queue (msec) = 1.2656873166666667
Average service time (msec) = 3.9959755
Number of SET = 122
Number of GET = 0
Number of MULTI GET = 0


Worker 25
Average throughput (ops/sec) = 121
Average response time (msec) = 7.154433491803279
Average queue length = 9
Average wait time in queue (msec) = 1.497138
Average service time (msec) = 4.447095459016394
Number of SET = 121
Number of GET = 0
Number of MULTI GET = 0


Worker 26
Average throughput (ops/sec) = 122
Average response time (msec) = 5.705861114754098
Average queue length = 14
Average wait time in queue (msec) = 1.415522573770492
Average service time (msec) = 3.8938375245901637
Number of SET = 122
Number of GET = 0
Number of MULTI GET = 0


Worker 9
Average throughput (ops/sec) = 122
Average response time (msec) = 5.693660868852459
Average queue length = 10
Average wait time in queue (msec) = 1.2617117540983607
Average service time (msec) = 4.183734557377049
Number of SET = 122
Number of GET = 0
Number of MULTI GET = 0


Worker 27
Average throughput (ops/sec) = 120
Average response time (msec) = 5.679393622950819
Average queue length = 12
Average wait time in queue (msec) = 1.3531815409836065
Average service time (msec) = 3.943382475409836
Number of SET = 120
Number of GET = 0
Number of MULTI GET = 0


Worker 8
Average throughput (ops/sec) = 115
Average response time (msec) = 6.296681459016394
Average queue length = 10
Average wait time in queue (msec) = 1.3366569344262293
Average service time (msec) = 4.422961754098361
Number of SET = 115
Number of GET = 0
Number of MULTI GET = 0


Worker 3
Average throughput (ops/sec) = 123
Average response time (msec) = 5.820295333333333
Average queue length = 9
Average wait time in queue (msec) = 1.3161989166666668
Average service time (msec) = 4.014463916666666
Number of SET = 123
Number of GET = 0
Number of MULTI GET = 0


Worker 64
Average throughput (ops/sec) = 125
Average response time (msec) = 5.877071409836066
Average queue length = 12
Average wait time in queue (msec) = 1.3622538196721312
Average service time (msec) = 4.023120262295082
Number of SET = 125
Number of GET = 0
Number of MULTI GET = 0


Worker 20
Average throughput (ops/sec) = 122
Average response time (msec) = 7.403124114754099
Average queue length = 7
Average wait time in queue (msec) = 1.3201359344262293
Average service time (msec) = 4.479374
Number of SET = 122
Number of GET = 0
Number of MULTI GET = 0


Worker 21
Average throughput (ops/sec) = 121
Average response time (msec) = 6.614152409836066
Average queue length = 7
Average wait time in queue (msec) = 1.3778520163934427
Average service time (msec) = 4.431026950819672
Number of SET = 121
Number of GET = 0
Number of MULTI GET = 0


Worker 2
Average throughput (ops/sec) = 120
Average response time (msec) = 5.726131524590164
Average queue length = 9
Average wait time in queue (msec) = 1.4499917868852459
Average service time (msec) = 4.356629704918032
Number of SET = 120
Number of GET = 0
Number of MULTI GET = 0


Worker 22
Average throughput (ops/sec) = 122
Average response time (msec) = 6.0586481311475415
Average queue length = 11
Average wait time in queue (msec) = 1.3233392950819673
Average service time (msec) = 4.279329508196721
Number of SET = 122
Number of GET = 0
Number of MULTI GET = 0


Worker 5
Average throughput (ops/sec) = 122
Average response time (msec) = 5.8650076721311475
Average queue length = 10
Average wait time in queue (msec) = 1.3561047049180328
Average service time (msec) = 4.237530065573771
Number of SET = 122
Number of GET = 0
Number of MULTI GET = 0


Worker 23
Average throughput (ops/sec) = 123
Average response time (msec) = 7.072858639344262
Average queue length = 7
Average wait time in queue (msec) = 1.484301475409836
Average service time (msec) = 4.3360534590163935
Number of SET = 123
Number of GET = 0
Number of MULTI GET = 0


Worker 4
Average throughput (ops/sec) = 121
Average response time (msec) = 5.8010863114754105
Average queue length = 8
Average wait time in queue (msec) = 1.315140426229508
Average service time (msec) = 3.9867189016393443
Number of SET = 121
Number of GET = 0
Number of MULTI GET = 0


Worker 28
Average throughput (ops/sec) = 121
Average response time (msec) = 6.793525508196721
Average queue length = 12
Average wait time in queue (msec) = 1.3567459344262294
Average service time (msec) = 4.064092836065574
Number of SET = 121
Number of GET = 0
Number of MULTI GET = 0


Worker 29
Average throughput (ops/sec) = 122
Average response time (msec) = 5.839391114754099
Average queue length = 8
Average wait time in queue (msec) = 1.3367026557377049
Average service time (msec) = 3.953241180327869
Number of SET = 122
Number of GET = 0
Number of MULTI GET = 0


Worker 1
Average throughput (ops/sec) = 123
Average response time (msec) = 5.85010515
Average queue length = 9
Average wait time in queue (msec) = 1.2936600833333332
Average service time (msec) = 4.044309566666667
Number of SET = 123
Number of GET = 0
Number of MULTI GET = 0


Worker 30
Average throughput (ops/sec) = 122
Average response time (msec) = 6.002475295081967
Average queue length = 11
Average wait time in queue (msec) = 1.4904991147540985
Average service time (msec) = 3.9983165573770494
Number of SET = 122
Number of GET = 0
Number of MULTI GET = 0


Worker 35
Average throughput (ops/sec) = 121
Average response time (msec) = 6.300492409836066
Average queue length = 8
Average wait time in queue (msec) = 1.280720262295082
Average service time (msec) = 4.054596344262295
Number of SET = 121
Number of GET = 0
Number of MULTI GET = 0


Worker 36
Average throughput (ops/sec) = 121
Average response time (msec) = 6.254569573770492
Average queue length = 10
Average wait time in queue (msec) = 1.4193000491803278
Average service time (msec) = 3.9722206065573773
Number of SET = 121
Number of GET = 0
Number of MULTI GET = 0


Worker 37
Average throughput (ops/sec) = 121
Average response time (msec) = 5.942878803278688
Average queue length = 10
Average wait time in queue (msec) = 1.363395950819672
Average service time (msec) = 4.01415475409836
Number of SET = 121
Number of GET = 0
Number of MULTI GET = 0


Worker 38
Average throughput (ops/sec) = 120
Average response time (msec) = 5.863717377049181
Average queue length = 9
Average wait time in queue (msec) = 1.3534605573770493
Average service time (msec) = 3.910199868852459
Number of SET = 120
Number of GET = 0
Number of MULTI GET = 0


Worker 31
Average throughput (ops/sec) = 120
Average response time (msec) = 6.238186983606558
Average queue length = 10
Average wait time in queue (msec) = 1.4123025573770491
Average service time (msec) = 4.052082426229508
Number of SET = 120
Number of GET = 0
Number of MULTI GET = 0


Worker 32
Average throughput (ops/sec) = 121
Average response time (msec) = 5.849962803278689
Average queue length = 9
Average wait time in queue (msec) = 1.3373449344262294
Average service time (msec) = 4.001051
Number of SET = 121
Number of GET = 0
Number of MULTI GET = 0


Worker 33
Average throughput (ops/sec) = 120
Average response time (msec) = 6.261906918032786
Average queue length = 7
Average wait time in queue (msec) = 1.417324524590164
Average service time (msec) = 3.9672934590163935
Number of SET = 120
Number of GET = 0
Number of MULTI GET = 0


Worker 34
Average throughput (ops/sec) = 123
Average response time (msec) = 6.169741557377049
Average queue length = 9
Average wait time in queue (msec) = 1.4264191147540985
Average service time (msec) = 3.9289703770491804
Number of SET = 123
Number of GET = 0
Number of MULTI GET = 0


Worker 39
Average throughput (ops/sec) = 119
Average response time (msec) = 6.41556368852459
Average queue length = 7
Average wait time in queue (msec) = 1.2949430983606558
Average service time (msec) = 4.006807442622951
Number of SET = 119
Number of GET = 0
Number of MULTI GET = 0


Worker 40
Average throughput (ops/sec) = 121
Average response time (msec) = 5.996769180327869
Average queue length = 12
Average wait time in queue (msec) = 1.2943094918032787
Average service time (msec) = 3.9444264098360655
Number of SET = 121
Number of GET = 0
Number of MULTI GET = 0


Worker 41
Average throughput (ops/sec) = 117
Average response time (msec) = 6.329932868852459
Average queue length = 12
Average wait time in queue (msec) = 1.2459187704918033
Average service time (msec) = 4.1564172131147545
Number of SET = 117
Number of GET = 0
Number of MULTI GET = 0


FINAL STATS
Average throughput (ops/sec) = 7732
Average response time (msec) = 5.744782339773873
Average queue length = 9
Average wait time in queue (msec) = 1.36051138481472
Average service time (msec) = 4.0756842702313865
Number of SET = 7732
Number of GET = 0
Number of MULTI GET = 0
Number of Cache misses = 0
Arrival rate (lambda) = [0, 0, 0, 0, 0, 119, 4858, 5918, 6658, 8175, 8514, 7990, 7604, 8401, 7975, 8011, 8212, 7989, 8119, 8548, 8433, 8535, 8896, 7871, 8305, 7695, 7742, 7596, 7494, 7746, 6423, 7404, 8419, 8299, 8867, 8498, 8466, 8469, 8668, 9074, 7829, 8426, 7865, 7273, 8513, 7836, 7390, 6874, 7860, 8193, 7401, 7718, 7963, 7647, 7687, 7825, 7484, 7705, 8577, 8039, 8091, 7829, 7515, 8159, 8237, 7170, 66, 0]


Histogram response times (0.1 msec step)
0.0 msec : 34
0.1 msec : 277
0.2 msec : 979
0.3 msec : 2004
0.4 msec : 3444
0.5 msec : 5063
0.6 msec : 6496
0.7 msec : 7759
0.8 msec : 8936
0.9 msec : 10057
1.0 msec : 10597
1.1 msec : 11105
1.2 msec : 11009
1.3 msec : 10543
1.4 msec : 10172
1.5 msec : 9748
1.6 msec : 9056
1.7 msec : 8430
1.8 msec : 7906
1.9 msec : 7137
2.0 msec : 6593
2.1 msec : 6070
2.2 msec : 5583
2.3 msec : 4904
2.4 msec : 4640
2.5 msec : 4202
2.6 msec : 3866
2.7 msec : 3605
2.8 msec : 3412
2.9 msec : 3201
3.0 msec : 2901
3.1 msec : 2681
3.2 msec : 2633
3.3 msec : 2443
3.4 msec : 2315
3.5 msec : 2103
3.6 msec : 2081
3.7 msec : 1981
3.8 msec : 1989
3.9 msec : 1860
4.0 msec : 1776
4.1 msec : 1829
4.2 msec : 1688
4.3 msec : 1667
4.4 msec : 1632
4.5 msec : 1570
4.6 msec : 1505
4.7 msec : 1537
4.8 msec : 1677
4.9 msec : 1682
5.0 msec : 1643
5.1 msec : 1704
5.2 msec : 1626
5.3 msec : 1748
5.4 msec : 1752
5.5 msec : 1883
5.6 msec : 2214
5.7 msec : 2519
5.8 msec : 2786
5.9 msec : 3272
6.0 msec : 3839
6.1 msec : 4183
6.2 msec : 4595
6.3 msec : 5027
6.4 msec : 5291
6.5 msec : 5597
6.6 msec : 6008
6.7 msec : 6352
6.8 msec : 6467
6.9 msec : 6916
7.0 msec : 7103
7.1 msec : 7094
7.2 msec : 7052
7.3 msec : 7022
7.4 msec : 7062
7.5 msec : 6932
7.6 msec : 6941
7.7 msec : 6632
7.8 msec : 6240
7.9 msec : 6006
8.0 msec : 5698
8.1 msec : 5646
8.2 msec : 5244
8.3 msec : 4868
8.4 msec : 4659
8.5 msec : 4223
8.6 msec : 3893
8.7 msec : 3742
8.8 msec : 3434
8.9 msec : 3292
9.0 msec : 3156
9.1 msec : 2901
9.2 msec : 2741
9.3 msec : 2476
9.4 msec : 2301
9.5 msec : 2175
9.6 msec : 2037
9.7 msec : 1892
9.8 msec : 1783
9.9 msec : 1692
10.0 msec : 1551
10.1 msec : 1375
10.2 msec : 1363
10.3 msec : 1324
10.4 msec : 1263
10.5 msec : 1171
10.6 msec : 1079
10.7 msec : 1037
10.8 msec : 1025
10.9 msec : 939
11.0 msec : 854
11.1 msec : 848
11.2 msec : 804
11.3 msec : 806
11.4 msec : 731
11.5 msec : 668
11.6 msec : 646
11.7 msec : 609
11.8 msec : 643
11.9 msec : 621
12.0 msec : 554
12.1 msec : 475
12.2 msec : 478
12.3 msec : 489
12.4 msec : 475
12.5 msec : 437
12.6 msec : 442
12.7 msec : 412
12.8 msec : 342
12.9 msec : 359
13.0 msec : 341
13.1 msec : 312
13.2 msec : 286
13.3 msec : 252
13.4 msec : 240
13.5 msec : 225
13.6 msec : 232
13.7 msec : 187
13.8 msec : 185
13.9 msec : 190
14.0 msec : 181
14.1 msec : 152
14.2 msec : 172
14.3 msec : 167
14.4 msec : 158
14.5 msec : 161
14.6 msec : 136
14.7 msec : 138
14.8 msec : 105
14.9 msec : 121
15.0 msec : 91
15.1 msec : 93
15.2 msec : 111
15.3 msec : 100
15.4 msec : 117
15.5 msec : 105
15.6 msec : 106
15.7 msec : 90
15.8 msec : 87
15.9 msec : 81
16.0 msec : 90
16.1 msec : 75
16.2 msec : 85
16.3 msec : 86
16.4 msec : 89
16.5 msec : 81
16.6 msec : 93
16.7 msec : 65
16.8 msec : 66
16.9 msec : 76
17.0 msec : 81
17.1 msec : 70
17.2 msec : 85
17.3 msec : 73
17.4 msec : 69
17.5 msec : 69
17.6 msec : 71
17.7 msec : 76
17.8 msec : 77
17.9 msec : 66
18.0 msec : 55
18.1 msec : 64
18.2 msec : 75
18.3 msec : 63
18.4 msec : 53
18.5 msec : 51
18.6 msec : 56
18.7 msec : 54
18.8 msec : 45
18.9 msec : 63
19.0 msec : 52
19.1 msec : 54
19.2 msec : 59
19.3 msec : 58
19.4 msec : 53
19.5 msec : 35
19.6 msec : 46
19.7 msec : 42
19.8 msec : 50
19.9 msec : 72
20.0 msec : 53
20.1 msec : 63
20.2 msec : 56
20.3 msec : 58
20.4 msec : 44
20.5 msec : 64
20.6 msec : 49
20.7 msec : 53
20.8 msec : 39
20.9 msec : 43
21.0 msec : 48
21.1 msec : 51
21.2 msec : 35
21.3 msec : 56
21.4 msec : 49
21.5 msec : 42
21.6 msec : 46
21.7 msec : 49
21.8 msec : 37
21.9 msec : 35
22.0 msec : 41
22.1 msec : 27
22.2 msec : 43
22.3 msec : 37
22.4 msec : 32
22.5 msec : 26
22.6 msec : 28
22.7 msec : 25
22.8 msec : 33
22.9 msec : 21
23.0 msec : 32
23.1 msec : 36
23.2 msec : 26
23.3 msec : 23
23.4 msec : 26
23.5 msec : 32
23.6 msec : 21
23.7 msec : 17
23.8 msec : 27
23.9 msec : 31
24.0 msec : 15
24.1 msec : 23
24.2 msec : 21
24.3 msec : 10
24.4 msec : 20
24.5 msec : 11
24.6 msec : 4
24.7 msec : 21
24.8 msec : 12
24.9 msec : 10
25.0 msec : 19
25.1 msec : 21
25.2 msec : 15
25.3 msec : 19
25.4 msec : 17
25.5 msec : 20
25.6 msec : 21
25.7 msec : 17
25.8 msec : 15
25.9 msec : 15
26.0 msec : 10
26.1 msec : 17
26.2 msec : 24
26.3 msec : 19
26.4 msec : 17
26.5 msec : 24
26.6 msec : 16
26.7 msec : 13
26.8 msec : 19
26.9 msec : 22
27.0 msec : 14
27.1 msec : 16
27.2 msec : 26
27.3 msec : 21
27.4 msec : 20
27.5 msec : 16
27.6 msec : 29
27.7 msec : 24
27.8 msec : 20
27.9 msec : 10
28.0 msec : 19
28.1 msec : 22
28.2 msec : 26
28.3 msec : 13
28.4 msec : 7
28.5 msec : 12
28.6 msec : 13
28.7 msec : 11
28.8 msec : 15
28.9 msec : 8
29.0 msec : 19
29.1 msec : 14
29.2 msec : 15
29.3 msec : 22
29.4 msec : 22
29.5 msec : 27
29.6 msec : 22
29.7 msec : 19
29.8 msec : 21
29.9 msec : 17
30.0 msec : 12
30.1 msec : 16
30.2 msec : 14
30.3 msec : 10
30.4 msec : 5
30.5 msec : 20
30.6 msec : 11
30.7 msec : 12
30.8 msec : 16
30.9 msec : 19
31.0 msec : 15
31.1 msec : 19
31.2 msec : 14
31.3 msec : 7
31.4 msec : 12
31.5 msec : 4
31.6 msec : 9
31.7 msec : 15
31.8 msec : 10
31.9 msec : 7
32.0 msec : 13
32.1 msec : 8
32.2 msec : 12
32.3 msec : 5
32.4 msec : 12
32.5 msec : 8
32.6 msec : 3
32.7 msec : 8
32.8 msec : 8
32.9 msec : 6
33.0 msec : 10
33.1 msec : 9
33.2 msec : 3
33.3 msec : 8
33.4 msec : 14
33.5 msec : 12
33.6 msec : 2
33.7 msec : 7
33.8 msec : 6
33.9 msec : 9
34.0 msec : 6
34.1 msec : 1
34.2 msec : 8
34.3 msec : 4
34.4 msec : 4
34.5 msec : 10
34.6 msec : 10
34.7 msec : 6
34.8 msec : 10
34.9 msec : 9
35.0 msec : 9
35.1 msec : 9
35.2 msec : 8
35.3 msec : 10
35.4 msec : 12
35.5 msec : 15
35.6 msec : 8
35.7 msec : 14
35.8 msec : 11
35.9 msec : 8
36.0 msec : 9
36.1 msec : 15
36.2 msec : 13
36.3 msec : 12
36.4 msec : 13
36.5 msec : 20
36.6 msec : 18
36.7 msec : 15
36.8 msec : 8
36.9 msec : 9
37.0 msec : 10
37.1 msec : 10
37.2 msec : 9
37.3 msec : 2
37.4 msec : 2
37.5 msec : 6
37.6 msec : 10
37.7 msec : 4
37.8 msec : 3
37.9 msec : 6
38.0 msec : 4
38.1 msec : 2
38.2 msec : 3
38.3 msec : 3
38.4 msec : 3
38.5 msec : 2
38.6 msec : 2
38.7 msec : 3
38.8 msec : 7
38.9 msec : 5
39.0 msec : 1
39.1 msec : 4
39.2 msec : 3
39.3 msec : 4
39.4 msec : 3
39.5 msec : 7
39.6 msec : 9
39.7 msec : 5
39.8 msec : 2
39.9 msec : 2
40.0 msec : 2
40.1 msec : 4
40.2 msec : 7
40.3 msec : 4
40.4 msec : 2
40.5 msec : 1
40.6 msec : 2
40.7 msec : 0
40.8 msec : 2
40.9 msec : 4
41.0 msec : 1
41.1 msec : 3
41.2 msec : 1
41.3 msec : 4
41.4 msec : 0
41.5 msec : 4
41.6 msec : 9
41.7 msec : 5
41.8 msec : 7
41.9 msec : 5
42.0 msec : 8
42.1 msec : 7
42.2 msec : 3
42.3 msec : 3
42.4 msec : 1
42.5 msec : 2
42.6 msec : 1
42.7 msec : 3
42.8 msec : 3
42.9 msec : 1
43.0 msec : 2
43.1 msec : 1
43.2 msec : 2
43.3 msec : 0
43.4 msec : 2
43.5 msec : 0
43.6 msec : 5
43.7 msec : 3
43.8 msec : 1
43.9 msec : 2
44.0 msec : 4
44.1 msec : 1
44.2 msec : 3
44.3 msec : 2
44.4 msec : 2
44.5 msec : 1
44.6 msec : 0
44.7 msec : 1
44.8 msec : 2
44.9 msec : 3
45.0 msec : 3
45.1 msec : 4
45.2 msec : 3
45.3 msec : 0
45.4 msec : 3
45.5 msec : 4
45.6 msec : 1
45.7 msec : 2
45.8 msec : 2
45.9 msec : 0
46.0 msec : 1
46.1 msec : 2
46.2 msec : 1
46.3 msec : 3
46.4 msec : 2
46.5 msec : 0
46.6 msec : 2
46.7 msec : 6
46.8 msec : 2
46.9 msec : 3
47.0 msec : 0
47.1 msec : 3
47.2 msec : 1
47.3 msec : 0
47.4 msec : 5
47.5 msec : 4
47.6 msec : 3
47.7 msec : 0
47.8 msec : 7
47.9 msec : 0
48.0 msec : 0
48.1 msec : 3
48.2 msec : 1
48.3 msec : 1
48.4 msec : 5
48.5 msec : 10
48.6 msec : 5
48.7 msec : 1
48.8 msec : 1
48.9 msec : 3
49.0 msec : 5
49.1 msec : 1
49.2 msec : 0
49.3 msec : 1
49.4 msec : 4
49.5 msec : 2
49.6 msec : 6
49.7 msec : 1
49.8 msec : 4
49.9 msec : 1
50.0 msec : 0
50.1 msec : 0
50.2 msec : 0
50.3 msec : 2
50.4 msec : 2
50.5 msec : 0
50.6 msec : 3
50.7 msec : 0
50.8 msec : 2
50.9 msec : 2
51.0 msec : 0
51.1 msec : 3
51.2 msec : 0
51.3 msec : 3
51.4 msec : 2
51.5 msec : 2
51.6 msec : 3
51.7 msec : 3
51.8 msec : 1
51.9 msec : 4
52.0 msec : 10
52.1 msec : 8
52.2 msec : 5
52.3 msec : 8
52.4 msec : 5
52.5 msec : 3
52.6 msec : 0
52.7 msec : 1
52.8 msec : 1
52.9 msec : 4
53.0 msec : 5
53.1 msec : 4
53.2 msec : 11
53.3 msec : 0
53.4 msec : 0
53.5 msec : 1
53.6 msec : 5
53.7 msec : 3
53.8 msec : 1
53.9 msec : 1
54.0 msec : 4
54.1 msec : 0
54.2 msec : 0
54.3 msec : 0
54.4 msec : 2
54.5 msec : 2
54.6 msec : 2
54.7 msec : 1
54.8 msec : 3
54.9 msec : 2
55.0 msec : 1
55.1 msec : 0
55.2 msec : 1
55.3 msec : 0
55.4 msec : 0
55.5 msec : 1
55.6 msec : 2
55.7 msec : 1
55.8 msec : 1
55.9 msec : 2
56.0 msec : 1
56.1 msec : 3
56.2 msec : 1
56.3 msec : 0
56.4 msec : 0
56.5 msec : 2
56.6 msec : 1
56.7 msec : 0
56.8 msec : 0
56.9 msec : 1
57.0 msec : 0
57.1 msec : 0
57.2 msec : 0
57.3 msec : 1
57.4 msec : 2
57.5 msec : 0
57.6 msec : 0
57.7 msec : 0
57.8 msec : 0
57.9 msec : 2
58.0 msec : 1
58.1 msec : 0
58.2 msec : 2
58.3 msec : 0
58.4 msec : 0
58.5 msec : 0
58.6 msec : 1
58.7 msec : 2
58.8 msec : 1
58.9 msec : 1
59.0 msec : 1
59.1 msec : 0
59.2 msec : 0
59.3 msec : 0
59.4 msec : 0
59.5 msec : 0
59.6 msec : 0
59.7 msec : 1
59.8 msec : 1
59.9 msec : 0
60.0 msec : 0
60.1 msec : 1
60.2 msec : 0
60.3 msec : 0
60.4 msec : 1
60.5 msec : 1
60.6 msec : 0
60.7 msec : 0
60.8 msec : 1
60.9 msec : 0
61.0 msec : 0
61.1 msec : 0
61.2 msec : 0
61.3 msec : 0
61.4 msec : 0
61.5 msec : 0
61.6 msec : 0
61.7 msec : 0
61.8 msec : 1
61.9 msec : 0
62.0 msec : 0
62.1 msec : 0
62.2 msec : 0
62.3 msec : 0
62.4 msec : 0
62.5 msec : 0
62.6 msec : 2
62.7 msec : 1
62.8 msec : 0
62.9 msec : 1
63.0 msec : 0
63.1 msec : 0
63.2 msec : 0
63.3 msec : 0
63.4 msec : 0
63.5 msec : 0
63.6 msec : 2
63.7 msec : 1
63.8 msec : 0
63.9 msec : 0
64.0 msec : 0
64.1 msec : 1
64.2 msec : 0
64.3 msec : 0
64.4 msec : 0
64.5 msec : 0
64.6 msec : 0
64.7 msec : 0
64.8 msec : 0
64.9 msec : 0
65.0 msec : 0
65.1 msec : 0
65.2 msec : 1
65.3 msec : 0
65.4 msec : 1
65.5 msec : 0
65.6 msec : 0
65.7 msec : 0
65.8 msec : 0
65.9 msec : 0
66.0 msec : 0
66.1 msec : 1
66.2 msec : 1
66.3 msec : 0
66.4 msec : 0
66.5 msec : 0
66.6 msec : 0
66.7 msec : 0
66.8 msec : 0
66.9 msec : 0
67.0 msec : 0
67.1 msec : 0
67.2 msec : 0
67.3 msec : 1
67.4 msec : 0
67.5 msec : 0
67.6 msec : 0
67.7 msec : 0
67.8 msec : 0
67.9 msec : 0
68.0 msec : 0
68.1 msec : 0
68.2 msec : 0
68.3 msec : 0
68.4 msec : 0
68.5 msec : 0
68.6 msec : 0
68.7 msec : 0
68.8 msec : 0
68.9 msec : 1
69.0 msec : 1
69.1 msec : 0
69.2 msec : 2
69.3 msec : 0
69.4 msec : 0
69.5 msec : 0
69.6 msec : 0
69.7 msec : 0
69.8 msec : 0
69.9 msec : 0
70.0 msec : 0
70.1 msec : 0
70.2 msec : 1
70.3 msec : 0
70.4 msec : 0
70.5 msec : 2
70.6 msec : 0
70.7 msec : 0
70.8 msec : 2
70.9 msec : 0
71.0 msec : 0
71.1 msec : 0
71.2 msec : 0
71.3 msec : 0
71.4 msec : 0
71.5 msec : 0
71.6 msec : 0
71.7 msec : 0
71.8 msec : 1
71.9 msec : 0
72.0 msec : 3
72.1 msec : 0
72.2 msec : 0
72.3 msec : 0
72.4 msec : 0
72.5 msec : 0
72.6 msec : 0
72.7 msec : 0
72.8 msec : 0
72.9 msec : 1
73.0 msec : 0
73.1 msec : 0
73.2 msec : 0
73.3 msec : 0
73.4 msec : 0
73.5 msec : 0
73.6 msec : 0
73.7 msec : 0
73.8 msec : 0
73.9 msec : 0
74.0 msec : 0
74.1 msec : 0
74.2 msec : 0
74.3 msec : 2
74.4 msec : 0
74.5 msec : 0
74.6 msec : 0
74.7 msec : 1
74.8 msec : 0
74.9 msec : 0
75.0 msec : 0
75.1 msec : 0
75.2 msec : 0
75.3 msec : 0
75.4 msec : 0
75.5 msec : 0
75.6 msec : 0
75.7 msec : 0
75.8 msec : 1
75.9 msec : 0
76.0 msec : 0
76.1 msec : 0
76.2 msec : 0
76.3 msec : 0
76.4 msec : 0
76.5 msec : 0
76.6 msec : 0
76.7 msec : 0
76.8 msec : 0
76.9 msec : 0
77.0 msec : 0
77.1 msec : 0
77.2 msec : 0
77.3 msec : 0
77.4 msec : 0
77.5 msec : 0
77.6 msec : 0
77.7 msec : 0
77.8 msec : 0
77.9 msec : 1
78.0 msec : 0
78.1 msec : 0
78.2 msec : 0
78.3 msec : 0
78.4 msec : 0
78.5 msec : 0
78.6 msec : 0
78.7 msec : 0
78.8 msec : 0
78.9 msec : 0
79.0 msec : 0
79.1 msec : 0
79.2 msec : 0
79.3 msec : 1
79.4 msec : 0
79.5 msec : 1
79.6 msec : 0
79.7 msec : 0
79.8 msec : 0
79.9 msec : 1
80.0 msec : 0
80.1 msec : 0
80.2 msec : 0
80.3 msec : 1
80.4 msec : 0
80.5 msec : 0
80.6 msec : 1
80.7 msec : 1
80.8 msec : 0
80.9 msec : 0
81.0 msec : 0
81.1 msec : 1
81.2 msec : 0
81.3 msec : 0
81.4 msec : 0
81.5 msec : 1
81.6 msec : 0
81.7 msec : 0
81.8 msec : 0
81.9 msec : 0
82.0 msec : 0
82.1 msec : 0
82.2 msec : 0
82.3 msec : 0
82.4 msec : 0
82.5 msec : 0
82.6 msec : 1
82.7 msec : 0
82.8 msec : 0
82.9 msec : 1
83.0 msec : 0
83.1 msec : 1
83.2 msec : 0
83.3 msec : 0
83.4 msec : 0
83.5 msec : 0
83.6 msec : 0
83.7 msec : 0
83.8 msec : 0
83.9 msec : 0
84.0 msec : 0
84.1 msec : 1
84.2 msec : 0
84.3 msec : 1
84.4 msec : 0
84.5 msec : 1
84.6 msec : 0
84.7 msec : 0
84.8 msec : 0
84.9 msec : 0
85.0 msec : 0
85.1 msec : 0
85.2 msec : 0
85.3 msec : 1
85.4 msec : 0
85.5 msec : 0
85.6 msec : 0
85.7 msec : 0
85.8 msec : 0
85.9 msec : 0
86.0 msec : 0
86.1 msec : 0
86.2 msec : 0
86.3 msec : 0
86.4 msec : 0
86.5 msec : 0
86.6 msec : 1
86.7 msec : 0
86.8 msec : 0
86.9 msec : 0
87.0 msec : 0
87.1 msec : 0
87.2 msec : 0
87.3 msec : 0
87.4 msec : 0
87.5 msec : 0
87.6 msec : 0
87.7 msec : 0
87.8 msec : 0
87.9 msec : 0
88.0 msec : 0
88.1 msec : 0
88.2 msec : 0
88.3 msec : 0
88.4 msec : 0
88.5 msec : 0
88.6 msec : 0
88.7 msec : 0
88.8 msec : 0
88.9 msec : 0
89.0 msec : 0
89.1 msec : 0
89.2 msec : 0
89.3 msec : 0
89.4 msec : 0
89.5 msec : 0
89.6 msec : 0
89.7 msec : 0
89.8 msec : 0
89.9 msec : 0
90.0 msec : 0
90.1 msec : 0
90.2 msec : 0
90.3 msec : 0
90.4 msec : 0
90.5 msec : 0
90.6 msec : 0
90.7 msec : 0
90.8 msec : 0
90.9 msec : 0
91.0 msec : 0
91.1 msec : 0
91.2 msec : 0
91.3 msec : 0
91.4 msec : 0
91.5 msec : 0
91.6 msec : 0
91.7 msec : 1
91.8 msec : 0
91.9 msec : 1
92.0 msec : 0
92.1 msec : 0
92.2 msec : 0
92.3 msec : 0
92.4 msec : 0
92.5 msec : 0
92.6 msec : 0
92.7 msec : 0
92.8 msec : 0
92.9 msec : 0
93.0 msec : 0
93.1 msec : 0
93.2 msec : 0
93.3 msec : 0
93.4 msec : 0
93.5 msec : 1
93.6 msec : 0
93.7 msec : 0
93.8 msec : 0
93.9 msec : 0
94.0 msec : 0
94.1 msec : 0
94.2 msec : 0
94.3 msec : 0
94.4 msec : 0
94.5 msec : 0
94.6 msec : 0
94.7 msec : 0
94.8 msec : 0
94.9 msec : 0
95.0 msec : 0
95.1 msec : 0
95.2 msec : 0
95.3 msec : 0
95.4 msec : 0
95.5 msec : 0
95.6 msec : 0
95.7 msec : 0
95.8 msec : 0
95.9 msec : 0
96.0 msec : 0
96.1 msec : 0
96.2 msec : 0
96.3 msec : 0
96.4 msec : 0
96.5 msec : 0
96.6 msec : 0
96.7 msec : 0
96.8 msec : 0
96.9 msec : 0
97.0 msec : 0
97.1 msec : 0
97.2 msec : 0
97.3 msec : 0
97.4 msec : 0
97.5 msec : 0
97.6 msec : 0
97.7 msec : 0
97.8 msec : 0
97.9 msec : 0
98.0 msec : 1
98.1 msec : 0
98.2 msec : 0
98.3 msec : 0
98.4 msec : 0
98.5 msec : 0
98.6 msec : 0
98.7 msec : 0
98.8 msec : 0
98.9 msec : 0
99.0 msec : 0
99.1 msec : 0
99.2 msec : 0
99.3 msec : 0
99.4 msec : 0
99.5 msec : 0
99.6 msec : 0
99.7 msec : 0
99.8 msec : 0
99.9 msec : 0
100.0 msec : 0
100.1 msec : 0
100.2 msec : 0
100.3 msec : 0
100.4 msec : 0
100.5 msec : 0
100.6 msec : 0
100.7 msec : 0
100.8 msec : 0
100.9 msec : 0
101.0 msec : 0
101.1 msec : 0
101.2 msec : 0
101.3 msec : 0
101.4 msec : 0
101.5 msec : 0
101.6 msec : 0
101.7 msec : 0
101.8 msec : 0
101.9 msec : 0
102.0 msec : 0
102.1 msec : 0
102.2 msec : 0
102.3 msec : 0
102.4 msec : 0
102.5 msec : 0
102.6 msec : 0
102.7 msec : 0
102.8 msec : 0
102.9 msec : 0
103.0 msec : 0
103.1 msec : 0
103.2 msec : 0
103.3 msec : 0
103.4 msec : 0
103.5 msec : 0
103.6 msec : 0
103.7 msec : 0
103.8 msec : 0
103.9 msec : 0
104.0 msec : 1
104.1 msec : 0
104.2 msec : 0
104.3 msec : 0
104.4 msec : 0
104.5 msec : 0
104.6 msec : 0
104.7 msec : 0
104.8 msec : 0
104.9 msec : 0
105.0 msec : 0
105.1 msec : 0
105.2 msec : 0
105.3 msec : 0
105.4 msec : 0
105.5 msec : 0
105.6 msec : 0
105.7 msec : 0
105.8 msec : 1
105.9 msec : 0
106.0 msec : 0
106.1 msec : 0
106.2 msec : 0
106.3 msec : 0
106.4 msec : 0
106.5 msec : 0
106.6 msec : 1
106.7 msec : 0
106.8 msec : 0
106.9 msec : 0
107.0 msec : 0
107.1 msec : 0
107.2 msec : 0
107.3 msec : 0
107.4 msec : 0
107.5 msec : 0
107.6 msec : 0
107.7 msec : 0
107.8 msec : 0
107.9 msec : 0
108.0 msec : 0
108.1 msec : 0
108.2 msec : 0
108.3 msec : 0
108.4 msec : 0
108.5 msec : 0
108.6 msec : 0
108.7 msec : 0
108.8 msec : 0
108.9 msec : 0
109.0 msec : 0
109.1 msec : 0
109.2 msec : 0
109.3 msec : 0
109.4 msec : 0
109.5 msec : 0
109.6 msec : 0
109.7 msec : 0
109.8 msec : 0
109.9 msec : 0
110.0 msec : 0
110.1 msec : 0
110.2 msec : 0
110.3 msec : 0
110.4 msec : 0
110.5 msec : 0
110.6 msec : 0
110.7 msec : 0
110.8 msec : 0
110.9 msec : 0
111.0 msec : 0
111.1 msec : 0
111.2 msec : 0
111.3 msec : 0
111.4 msec : 0
111.5 msec : 0
111.6 msec : 0
111.7 msec : 0
111.8 msec : 0
111.9 msec : 0
112.0 msec : 0
112.1 msec : 0
112.2 msec : 0
112.3 msec : 0
112.4 msec : 0
112.5 msec : 0
112.6 msec : 0
112.7 msec : 0
112.8 msec : 0
112.9 msec : 0
113.0 msec : 0
113.1 msec : 0
113.2 msec : 0
113.3 msec : 0
113.4 msec : 0
113.5 msec : 0
113.6 msec : 1
113.7 msec : 0
113.8 msec : 0
113.9 msec : 0
114.0 msec : 0
114.1 msec : 1
114.2 msec : 0
114.3 msec : 0
114.4 msec : 0
114.5 msec : 0
114.6 msec : 0
114.7 msec : 1
114.8 msec : 1
114.9 msec : 0
115.0 msec : 0
115.1 msec : 0
115.2 msec : 0
115.3 msec : 0
115.4 msec : 0
115.5 msec : 0
115.6 msec : 0
115.7 msec : 0
115.8 msec : 0
115.9 msec : 0
116.0 msec : 1
116.1 msec : 0
116.2 msec : 0
116.3 msec : 0
116.4 msec : 0
116.5 msec : 0
116.6 msec : 0
116.7 msec : 0
116.8 msec : 0
116.9 msec : 0
117.0 msec : 0
117.1 msec : 0
117.2 msec : 0
117.3 msec : 0
117.4 msec : 0
117.5 msec : 0
117.6 msec : 0
117.7 msec : 0
117.8 msec : 0
117.9 msec : 0
118.0 msec : 0
118.1 msec : 0
118.2 msec : 0
118.3 msec : 0
118.4 msec : 0
118.5 msec : 0
118.6 msec : 0
118.7 msec : 0
118.8 msec : 0
118.9 msec : 0
119.0 msec : 0
119.1 msec : 0
119.2 msec : 0
119.3 msec : 0
119.4 msec : 0
119.5 msec : 0
119.6 msec : 0
119.7 msec : 0
119.8 msec : 0
119.9 msec : 0
120.0 msec : 0
120.1 msec : 0
120.2 msec : 0
120.3 msec : 0
120.4 msec : 0
120.5 msec : 0
120.6 msec : 0
120.7 msec : 0
120.8 msec : 0
120.9 msec : 0
121.0 msec : 0
121.1 msec : 0
121.2 msec : 0
121.3 msec : 0
121.4 msec : 0
121.5 msec : 0
121.6 msec : 0
121.7 msec : 0
121.8 msec : 0
121.9 msec : 0
122.0 msec : 0
122.1 msec : 0
122.2 msec : 0
122.3 msec : 0
122.4 msec : 0
122.5 msec : 0
122.6 msec : 0
122.7 msec : 0
122.8 msec : 0
122.9 msec : 0
123.0 msec : 0
123.1 msec : 0
123.2 msec : 0
123.3 msec : 0
123.4 msec : 0
123.5 msec : 0
123.6 msec : 0
123.7 msec : 0
123.8 msec : 0
123.9 msec : 0
124.0 msec : 0
124.1 msec : 0
124.2 msec : 0
124.3 msec : 0
124.4 msec : 0
124.5 msec : 0
124.6 msec : 0
124.7 msec : 0
124.8 msec : 0
124.9 msec : 0
125.0 msec : 0
125.1 msec : 0
125.2 msec : 0
125.3 msec : 0
125.4 msec : 0
125.5 msec : 0
125.6 msec : 0
125.7 msec : 0
125.8 msec : 0
125.9 msec : 0
126.0 msec : 0
126.1 msec : 0
126.2 msec : 0
126.3 msec : 0
126.4 msec : 0
126.5 msec : 0
126.6 msec : 0
126.7 msec : 0
126.8 msec : 0
126.9 msec : 0
127.0 msec : 0
127.1 msec : 0
127.2 msec : 0
127.3 msec : 0
127.4 msec : 0
127.5 msec : 0
127.6 msec : 0
127.7 msec : 0
127.8 msec : 0
127.9 msec : 0
128.0 msec : 0
128.1 msec : 0
128.2 msec : 0
128.3 msec : 0
128.4 msec : 0
128.5 msec : 0
128.6 msec : 0
128.7 msec : 0
128.8 msec : 0
128.9 msec : 0
129.0 msec : 0
129.1 msec : 0
129.2 msec : 0
129.3 msec : 0
129.4 msec : 0
129.5 msec : 0
129.6 msec : 0
129.7 msec : 0
129.8 msec : 0
129.9 msec : 0
130.0 msec : 0
130.1 msec : 0
130.2 msec : 0
130.3 msec : 0
130.4 msec : 0
130.5 msec : 0
130.6 msec : 0
130.7 msec : 0
130.8 msec : 0
130.9 msec : 0
131.0 msec : 0
131.1 msec : 0
131.2 msec : 0
131.3 msec : 0
131.4 msec : 0
131.5 msec : 0
131.6 msec : 0
131.7 msec : 0
131.8 msec : 0
131.9 msec : 0
132.0 msec : 0
132.1 msec : 0
132.2 msec : 0
132.3 msec : 0
132.4 msec : 0
132.5 msec : 0
132.6 msec : 0
132.7 msec : 0
132.8 msec : 0
132.9 msec : 0
133.0 msec : 0
133.1 msec : 0
133.2 msec : 0
133.3 msec : 0
133.4 msec : 0
133.5 msec : 0
133.6 msec : 0
133.7 msec : 0
133.8 msec : 0
133.9 msec : 0
134.0 msec : 0
134.1 msec : 0
134.2 msec : 0
134.3 msec : 0
134.4 msec : 0
134.5 msec : 0
134.6 msec : 0
134.7 msec : 0
134.8 msec : 0
134.9 msec : 0
135.0 msec : 0
135.1 msec : 0
135.2 msec : 0
135.3 msec : 0
135.4 msec : 0
135.5 msec : 0
135.6 msec : 0
135.7 msec : 0
135.8 msec : 0
135.9 msec : 0
136.0 msec : 0
136.1 msec : 0
136.2 msec : 0
136.3 msec : 0
136.4 msec : 0
136.5 msec : 0
136.6 msec : 0
136.7 msec : 0
136.8 msec : 0
136.9 msec : 0
137.0 msec : 0
137.1 msec : 0
137.2 msec : 0
137.3 msec : 0
137.4 msec : 0
137.5 msec : 0
137.6 msec : 0
137.7 msec : 0
137.8 msec : 0
137.9 msec : 0
138.0 msec : 0
138.1 msec : 0
138.2 msec : 0
138.3 msec : 0
138.4 msec : 0
138.5 msec : 0
138.6 msec : 0
138.7 msec : 0
138.8 msec : 0
138.9 msec : 0
139.0 msec : 0
139.1 msec : 0
139.2 msec : 0
139.3 msec : 0
139.4 msec : 0
139.5 msec : 0
139.6 msec : 0
139.7 msec : 0
139.8 msec : 0
139.9 msec : 0
140.0 msec : 0
140.1 msec : 0
140.2 msec : 0
140.3 msec : 0
140.4 msec : 0
140.5 msec : 0
140.6 msec : 0
140.7 msec : 0
140.8 msec : 0
140.9 msec : 0
141.0 msec : 0
141.1 msec : 0
141.2 msec : 0
141.3 msec : 0
141.4 msec : 0
141.5 msec : 0
141.6 msec : 0
141.7 msec : 0
141.8 msec : 0
141.9 msec : 0
142.0 msec : 0
142.1 msec : 0
142.2 msec : 0
142.3 msec : 0
142.4 msec : 0
142.5 msec : 0
142.6 msec : 0
142.7 msec : 0
142.8 msec : 0
142.9 msec : 0
143.0 msec : 0
143.1 msec : 0
143.2 msec : 0
143.3 msec : 0
143.4 msec : 0
143.5 msec : 0
143.6 msec : 0
143.7 msec : 0
143.8 msec : 0
143.9 msec : 0
144.0 msec : 0
144.1 msec : 0
144.2 msec : 0
144.3 msec : 0
144.4 msec : 0
144.5 msec : 0
144.6 msec : 0
144.7 msec : 0
144.8 msec : 0
144.9 msec : 0
145.0 msec : 0
145.1 msec : 0
145.2 msec : 0
145.3 msec : 0
145.4 msec : 0
145.5 msec : 0
145.6 msec : 0
145.7 msec : 0
145.8 msec : 0
145.9 msec : 0
146.0 msec : 0
146.1 msec : 0
146.2 msec : 0
146.3 msec : 0
146.4 msec : 0
146.5 msec : 0
146.6 msec : 0
146.7 msec : 0
146.8 msec : 0
146.9 msec : 0
147.0 msec : 0
147.1 msec : 0
147.2 msec : 0
147.3 msec : 0
147.4 msec : 0
147.5 msec : 0
147.6 msec : 0
147.7 msec : 0
147.8 msec : 0
147.9 msec : 0
148.0 msec : 0
148.1 msec : 0
148.2 msec : 0
148.3 msec : 0
148.4 msec : 0
148.5 msec : 0
148.6 msec : 0
148.7 msec : 0
148.8 msec : 0
148.9 msec : 0
149.0 msec : 0
149.1 msec : 0
149.2 msec : 0
149.3 msec : 0
149.4 msec : 0
149.5 msec : 0
149.6 msec : 0
149.7 msec : 0
149.8 msec : 0
149.9 msec : 0
150.0 msec : 0
150.1 msec : 0
150.2 msec : 0
150.3 msec : 0
150.4 msec : 0
150.5 msec : 0
150.6 msec : 0
150.7 msec : 0
150.8 msec : 0
150.9 msec : 0
151.0 msec : 0
151.1 msec : 0
151.2 msec : 0
151.3 msec : 0
151.4 msec : 0
151.5 msec : 0
151.6 msec : 0
151.7 msec : 0
151.8 msec : 0
151.9 msec : 0
152.0 msec : 0
152.1 msec : 0
152.2 msec : 0
152.3 msec : 0
152.4 msec : 0
152.5 msec : 0
152.6 msec : 0
152.7 msec : 0
152.8 msec : 0
152.9 msec : 0
153.0 msec : 0
153.1 msec : 0
153.2 msec : 0
153.3 msec : 0
153.4 msec : 0
153.5 msec : 0
153.6 msec : 0
153.7 msec : 0
153.8 msec : 0
153.9 msec : 0
154.0 msec : 0
154.1 msec : 0
154.2 msec : 0
154.3 msec : 0
154.4 msec : 0
154.5 msec : 0
154.6 msec : 0
154.7 msec : 0
154.8 msec : 0
154.9 msec : 0
155.0 msec : 0
155.1 msec : 0
155.2 msec : 0
155.3 msec : 0
155.4 msec : 0
155.5 msec : 0
155.6 msec : 0
155.7 msec : 0
155.8 msec : 0
155.9 msec : 0
156.0 msec : 0
156.1 msec : 0
156.2 msec : 0
156.3 msec : 0
156.4 msec : 0
156.5 msec : 0
156.6 msec : 0
156.7 msec : 0
156.8 msec : 0
156.9 msec : 0
157.0 msec : 0
157.1 msec : 0
157.2 msec : 0
157.3 msec : 0
157.4 msec : 0
157.5 msec : 0
157.6 msec : 0
157.7 msec : 0
157.8 msec : 0
157.9 msec : 0
158.0 msec : 0
158.1 msec : 0
158.2 msec : 0
158.3 msec : 0
158.4 msec : 0
158.5 msec : 0
158.6 msec : 0
158.7 msec : 0
158.8 msec : 0
158.9 msec : 0
159.0 msec : 0
159.1 msec : 0
159.2 msec : 0
159.3 msec : 0
159.4 msec : 0
159.5 msec : 0
159.6 msec : 0
159.7 msec : 0
159.8 msec : 0
159.9 msec : 0
160.0 msec : 0
160.1 msec : 0
160.2 msec : 0
160.3 msec : 0
160.4 msec : 0
160.5 msec : 0
160.6 msec : 0
160.7 msec : 0
160.8 msec : 0
160.9 msec : 0
161.0 msec : 0
161.1 msec : 0
161.2 msec : 0
161.3 msec : 0
161.4 msec : 0
161.5 msec : 0
161.6 msec : 0
161.7 msec : 0
161.8 msec : 0
161.9 msec : 0
162.0 msec : 0
162.1 msec : 0
162.2 msec : 0
162.3 msec : 0
162.4 msec : 0
162.5 msec : 0
162.6 msec : 0
162.7 msec : 0
162.8 msec : 0
162.9 msec : 0
163.0 msec : 0
163.1 msec : 0
163.2 msec : 0
163.3 msec : 0
163.4 msec : 0
163.5 msec : 0
163.6 msec : 0
163.7 msec : 0
163.8 msec : 0
163.9 msec : 0
164.0 msec : 0
164.1 msec : 0
164.2 msec : 0
164.3 msec : 0
164.4 msec : 0
164.5 msec : 0
164.6 msec : 0
164.7 msec : 0
164.8 msec : 0
164.9 msec : 0
165.0 msec : 0
165.1 msec : 0
165.2 msec : 0
165.3 msec : 0
165.4 msec : 0
165.5 msec : 0
165.6 msec : 0
165.7 msec : 0
165.8 msec : 0
165.9 msec : 0
166.0 msec : 0
166.1 msec : 0
166.2 msec : 0
166.3 msec : 0
166.4 msec : 0
166.5 msec : 0
166.6 msec : 0
166.7 msec : 0
166.8 msec : 0
166.9 msec : 0
167.0 msec : 0
167.1 msec : 0
167.2 msec : 0
167.3 msec : 0
167.4 msec : 0
167.5 msec : 0
167.6 msec : 0
167.7 msec : 0
167.8 msec : 0
167.9 msec : 0
168.0 msec : 0
168.1 msec : 0
168.2 msec : 0
168.3 msec : 1
168.4 msec : 1
168.5 msec : 0
168.6 msec : 3
168.7 msec : 0
168.8 msec : 0
168.9 msec : 0
169.0 msec : 0
169.1 msec : 0
169.2 msec : 2
169.3 msec : 0
169.4 msec : 2
169.5 msec : 2
169.6 msec : 1
169.7 msec : 0
169.8 msec : 0
169.9 msec : 0
170.0 msec : 0
170.1 msec : 0
170.2 msec : 0
170.3 msec : 0
170.4 msec : 0
170.5 msec : 0
170.6 msec : 0
170.7 msec : 0
170.8 msec : 0
170.9 msec : 0
171.0 msec : 0
171.1 msec : 0
171.2 msec : 0
171.3 msec : 0
171.4 msec : 0
171.5 msec : 0
171.6 msec : 0
171.7 msec : 0
171.8 msec : 0
171.9 msec : 0
172.0 msec : 0
172.1 msec : 0
172.2 msec : 0
172.3 msec : 0
172.4 msec : 0
172.5 msec : 0
172.6 msec : 0
172.7 msec : 0
172.8 msec : 0
172.9 msec : 0
173.0 msec : 0
173.1 msec : 0
173.2 msec : 0
173.3 msec : 1
173.4 msec : 2
173.5 msec : 4
173.6 msec : 2
173.7 msec : 5
173.8 msec : 2
173.9 msec : 4
174.0 msec : 3
174.1 msec : 3
174.2 msec : 2
174.3 msec : 1
174.4 msec : 0
174.5 msec : 0
