Middleware started...
Middleware shuts down...
Smaller resolution statistics are in a log file...
Final aggregates per worker:


Worker 46
Average throughput (ops/sec) = 90
Average response time (msec) = 2.845919704918033
Average queue length = 2
Average wait time in queue (msec) = 0.5234094754098361
Average service time (msec) = 2.126386229508197
Number of SET = 90
Number of GET = 0
Number of MULTI GET = 0


Worker 47
Average throughput (ops/sec) = 89
Average response time (msec) = 2.819587131147541
Average queue length = 2
Average wait time in queue (msec) = 0.5205562950819672
Average service time (msec) = 2.107855606557377
Number of SET = 89
Number of GET = 0
Number of MULTI GET = 0


Worker 48
Average throughput (ops/sec) = 91
Average response time (msec) = 2.8414167868852456
Average queue length = 3
Average wait time in queue (msec) = 0.5174568852459016
Average service time (msec) = 2.127429819672131
Number of SET = 91
Number of GET = 0
Number of MULTI GET = 0


Worker 49
Average throughput (ops/sec) = 89
Average response time (msec) = 2.849042
Average queue length = 3
Average wait time in queue (msec) = 0.4913278360655738
Average service time (msec) = 2.1651580655737708
Number of SET = 89
Number of GET = 0
Number of MULTI GET = 0


Worker 42
Average throughput (ops/sec) = 90
Average response time (msec) = 2.838387229508197
Average queue length = 2
Average wait time in queue (msec) = 0.5308183606557377
Average service time (msec) = 2.1360381147540983
Number of SET = 90
Number of GET = 0
Number of MULTI GET = 0


Worker 43
Average throughput (ops/sec) = 90
Average response time (msec) = 2.7631108852459016
Average queue length = 2
Average wait time in queue (msec) = 0.49906411475409834
Average service time (msec) = 2.099925950819672
Number of SET = 90
Number of GET = 0
Number of MULTI GET = 0


Worker 44
Average throughput (ops/sec) = 92
Average response time (msec) = 2.84570537704918
Average queue length = 2
Average wait time in queue (msec) = 0.5088882950819672
Average service time (msec) = 2.1397046393442625
Number of SET = 92
Number of GET = 0
Number of MULTI GET = 0


Worker 45
Average throughput (ops/sec) = 89
Average response time (msec) = 2.8618638032786885
Average queue length = 2
Average wait time in queue (msec) = 0.5094029016393443
Average service time (msec) = 2.1635857377049184
Number of SET = 89
Number of GET = 0
Number of MULTI GET = 0


Worker 50
Average throughput (ops/sec) = 90
Average response time (msec) = 2.869557213114754
Average queue length = 2
Average wait time in queue (msec) = 0.5419624262295083
Average service time (msec) = 2.133113426229508
Number of SET = 90
Number of GET = 0
Number of MULTI GET = 0


Worker 51
Average throughput (ops/sec) = 91
Average response time (msec) = 2.871321475409836
Average queue length = 2
Average wait time in queue (msec) = 0.5307604754098361
Average service time (msec) = 2.1461143114754098
Number of SET = 91
Number of GET = 0
Number of MULTI GET = 0


Worker 52
Average throughput (ops/sec) = 90
Average response time (msec) = 2.850991327868852
Average queue length = 3
Average wait time in queue (msec) = 0.5100914426229508
Average service time (msec) = 2.149471819672131
Number of SET = 90
Number of GET = 0
Number of MULTI GET = 0


Worker 57
Average throughput (ops/sec) = 93
Average response time (msec) = 2.8106271147540984
Average queue length = 2
Average wait time in queue (msec) = 0.4999602295081967
Average service time (msec) = 2.1280515409836065
Number of SET = 93
Number of GET = 0
Number of MULTI GET = 0


Worker 13
Average throughput (ops/sec) = 90
Average response time (msec) = 2.9115224590163935
Average queue length = 2
Average wait time in queue (msec) = 0.5595626393442623
Average service time (msec) = 2.154030901639344
Number of SET = 90
Number of GET = 0
Number of MULTI GET = 0


Worker 58
Average throughput (ops/sec) = 91
Average response time (msec) = 2.8849569344262296
Average queue length = 2
Average wait time in queue (msec) = 0.5177130163934427
Average service time (msec) = 2.171886016393443
Number of SET = 91
Number of GET = 0
Number of MULTI GET = 0


Worker 14
Average throughput (ops/sec) = 91
Average response time (msec) = 2.85602668852459
Average queue length = 2
Average wait time in queue (msec) = 0.5112365409836065
Average service time (msec) = 2.1462810655737705
Number of SET = 91
Number of GET = 0
Number of MULTI GET = 0


Worker 59
Average throughput (ops/sec) = 92
Average response time (msec) = 2.852775655737705
Average queue length = 3
Average wait time in queue (msec) = 0.5609434918032786
Average service time (msec) = 2.105211180327869
Number of SET = 92
Number of GET = 0
Number of MULTI GET = 0


Worker 15
Average throughput (ops/sec) = 93
Average response time (msec) = 2.866053786885246
Average queue length = 3
Average wait time in queue (msec) = 0.5127332950819672
Average service time (msec) = 2.143115049180328
Number of SET = 93
Number of GET = 0
Number of MULTI GET = 0


Worker 16
Average throughput (ops/sec) = 92
Average response time (msec) = 2.92879337704918
Average queue length = 2
Average wait time in queue (msec) = 0.529009918032787
Average service time (msec) = 2.1978502459016394
Number of SET = 92
Number of GET = 0
Number of MULTI GET = 0


Worker 53
Average throughput (ops/sec) = 91
Average response time (msec) = 2.8400121967213114
Average queue length = 3
Average wait time in queue (msec) = 0.5335939016393443
Average service time (msec) = 2.1198700655737706
Number of SET = 91
Number of GET = 0
Number of MULTI GET = 0


Worker 54
Average throughput (ops/sec) = 89
Average response time (msec) = 2.936138262295082
Average queue length = 3
Average wait time in queue (msec) = 0.5280715081967213
Average service time (msec) = 2.232527262295082
Number of SET = 89
Number of GET = 0
Number of MULTI GET = 0


Worker 10
Average throughput (ops/sec) = 91
Average response time (msec) = 2.8478125409836066
Average queue length = 3
Average wait time in queue (msec) = 0.5084448032786885
Average service time (msec) = 2.113077819672131
Number of SET = 91
Number of GET = 0
Number of MULTI GET = 0


Worker 55
Average throughput (ops/sec) = 90
Average response time (msec) = 2.8275974590163933
Average queue length = 3
Average wait time in queue (msec) = 0.529465475409836
Average service time (msec) = 2.1067315081967215
Number of SET = 90
Number of GET = 0
Number of MULTI GET = 0


Worker 11
Average throughput (ops/sec) = 92
Average response time (msec) = 2.819026901639344
Average queue length = 3
Average wait time in queue (msec) = 0.5136859508196722
Average service time (msec) = 2.1172025081967214
Number of SET = 92
Number of GET = 0
Number of MULTI GET = 0


Worker 56
Average throughput (ops/sec) = 94
Average response time (msec) = 2.7574976721311475
Average queue length = 3
Average wait time in queue (msec) = 0.5031870491803279
Average service time (msec) = 2.085584344262295
Number of SET = 94
Number of GET = 0
Number of MULTI GET = 0


Worker 12
Average throughput (ops/sec) = 90
Average response time (msec) = 2.8617095081967214
Average queue length = 4
Average wait time in queue (msec) = 0.49564301639344266
Average service time (msec) = 2.1793129508196722
Number of SET = 90
Number of GET = 0
Number of MULTI GET = 0


Worker 17
Average throughput (ops/sec) = 91
Average response time (msec) = 2.847318737704918
Average queue length = 3
Average wait time in queue (msec) = 0.49694465573770497
Average service time (msec) = 2.1634154918032786
Number of SET = 91
Number of GET = 0
Number of MULTI GET = 0


Worker 18
Average throughput (ops/sec) = 91
Average response time (msec) = 2.8284611475409838
Average queue length = 3
Average wait time in queue (msec) = 0.5044849180327868
Average service time (msec) = 2.1339015901639344
Number of SET = 91
Number of GET = 0
Number of MULTI GET = 0


Worker 19
Average throughput (ops/sec) = 91
Average response time (msec) = 2.805188295081967
Average queue length = 3
Average wait time in queue (msec) = 0.4922158524590164
Average service time (msec) = 2.1270426229508197
Number of SET = 91
Number of GET = 0
Number of MULTI GET = 0


Worker 60
Average throughput (ops/sec) = 91
Average response time (msec) = 2.8050371311475413
Average queue length = 3
Average wait time in queue (msec) = 0.5220478852459016
Average service time (msec) = 2.103558786885246
Number of SET = 91
Number of GET = 0
Number of MULTI GET = 0


Worker 61
Average throughput (ops/sec) = 91
Average response time (msec) = 2.8764807868852458
Average queue length = 3
Average wait time in queue (msec) = 0.5110570491803279
Average service time (msec) = 2.148082327868852
Number of SET = 91
Number of GET = 0
Number of MULTI GET = 0


Worker 62
Average throughput (ops/sec) = 90
Average response time (msec) = 2.8503463442622947
Average queue length = 3
Average wait time in queue (msec) = 0.4988852950819672
Average service time (msec) = 2.1472042459016394
Number of SET = 90
Number of GET = 0
Number of MULTI GET = 0


Worker 63
Average throughput (ops/sec) = 92
Average response time (msec) = 2.7849186557377053
Average queue length = 3
Average wait time in queue (msec) = 0.5141384918032786
Average service time (msec) = 2.0773709016393442
Number of SET = 92
Number of GET = 0
Number of MULTI GET = 0


Worker 24
Average throughput (ops/sec) = 91
Average response time (msec) = 2.8580540983606557
Average queue length = 3
Average wait time in queue (msec) = 0.500388655737705
Average service time (msec) = 2.1750537213114756
Number of SET = 91
Number of GET = 0
Number of MULTI GET = 0


Worker 7
Average throughput (ops/sec) = 90
Average response time (msec) = 2.940668180327869
Average queue length = 2
Average wait time in queue (msec) = 0.4690595573770492
Average service time (msec) = 2.265435393442623
Number of SET = 90
Number of GET = 0
Number of MULTI GET = 0


Worker 25
Average throughput (ops/sec) = 91
Average response time (msec) = 2.7448870163934425
Average queue length = 2
Average wait time in queue (msec) = 0.4861550327868852
Average service time (msec) = 2.0751627704918034
Number of SET = 91
Number of GET = 0
Number of MULTI GET = 0


Worker 6
Average throughput (ops/sec) = 90
Average response time (msec) = 2.7913630655737705
Average queue length = 3
Average wait time in queue (msec) = 0.4786669016393443
Average service time (msec) = 2.126064278688524
Number of SET = 90
Number of GET = 0
Number of MULTI GET = 0


Worker 26
Average throughput (ops/sec) = 91
Average response time (msec) = 2.888219295081967
Average queue length = 3
Average wait time in queue (msec) = 0.5186118360655738
Average service time (msec) = 2.138942655737705
Number of SET = 91
Number of GET = 0
Number of MULTI GET = 0


Worker 9
Average throughput (ops/sec) = 91
Average response time (msec) = 2.8611835409836064
Average queue length = 2
Average wait time in queue (msec) = 0.5231354426229509
Average service time (msec) = 2.1583317540983606
Number of SET = 91
Number of GET = 0
Number of MULTI GET = 0


Worker 27
Average throughput (ops/sec) = 91
Average response time (msec) = 2.8075635901639346
Average queue length = 3
Average wait time in queue (msec) = 0.5140797868852459
Average service time (msec) = 2.0946487540983605
Number of SET = 91
Number of GET = 0
Number of MULTI GET = 0


Worker 8
Average throughput (ops/sec) = 92
Average response time (msec) = 2.850485098360656
Average queue length = 3
Average wait time in queue (msec) = 0.5262514754098361
Average service time (msec) = 2.1372555409836065
Number of SET = 92
Number of GET = 0
Number of MULTI GET = 0


Worker 64
Average throughput (ops/sec) = 89
Average response time (msec) = 2.831214
Average queue length = 3
Average wait time in queue (msec) = 0.5044048196721311
Average service time (msec) = 2.147798655737705
Number of SET = 89
Number of GET = 0
Number of MULTI GET = 0


Worker 20
Average throughput (ops/sec) = 88
Average response time (msec) = 2.875515229508197
Average queue length = 2
Average wait time in queue (msec) = 0.5260979344262295
Average service time (msec) = 2.13883224590164
Number of SET = 89
Number of GET = 0
Number of MULTI GET = 0


Worker 3
Average throughput (ops/sec) = 91
Average response time (msec) = 2.7667169672131147
Average queue length = 2
Average wait time in queue (msec) = 0.46447068852459017
Average service time (msec) = 2.1150927377049182
Number of SET = 91
Number of GET = 0
Number of MULTI GET = 0


Worker 2
Average throughput (ops/sec) = 92
Average response time (msec) = 2.7849339344262294
Average queue length = 3
Average wait time in queue (msec) = 0.5096624098360656
Average service time (msec) = 2.0805988852459016
Number of SET = 92
Number of GET = 0
Number of MULTI GET = 0


Worker 21
Average throughput (ops/sec) = 90
Average response time (msec) = 2.8075694918032785
Average queue length = 3
Average wait time in queue (msec) = 0.49594647540983605
Average service time (msec) = 2.1395331475409836
Number of SET = 90
Number of GET = 0
Number of MULTI GET = 0


Worker 22
Average throughput (ops/sec) = 90
Average response time (msec) = 2.8147195409836065
Average queue length = 3
Average wait time in queue (msec) = 0.4970426393442623
Average service time (msec) = 2.1137088032786884
Number of SET = 90
Number of GET = 0
Number of MULTI GET = 0


Worker 5
Average throughput (ops/sec) = 90
Average response time (msec) = 2.7426103278688525
Average queue length = 3
Average wait time in queue (msec) = 0.49276549180327867
Average service time (msec) = 2.073199573770492
Number of SET = 90
Number of GET = 0
Number of MULTI GET = 0


Worker 23
Average throughput (ops/sec) = 90
Average response time (msec) = 2.848350655737705
Average queue length = 3
Average wait time in queue (msec) = 0.5327021803278689
Average service time (msec) = 2.1473220655737704
Number of SET = 90
Number of GET = 0
Number of MULTI GET = 0


Worker 4
Average throughput (ops/sec) = 92
Average response time (msec) = 2.7998285901639344
Average queue length = 3
Average wait time in queue (msec) = 0.5140841803278688
Average service time (msec) = 2.099196524590164
Number of SET = 92
Number of GET = 0
Number of MULTI GET = 0


Worker 28
Average throughput (ops/sec) = 93
Average response time (msec) = 2.7953342786885242
Average queue length = 3
Average wait time in queue (msec) = 0.46682804918032783
Average service time (msec) = 2.163578557377049
Number of SET = 93
Number of GET = 0
Number of MULTI GET = 0


Worker 29
Average throughput (ops/sec) = 90
Average response time (msec) = 2.873561704918033
Average queue length = 3
Average wait time in queue (msec) = 0.5615370819672131
Average service time (msec) = 2.1437074590163934
Number of SET = 90
Number of GET = 0
Number of MULTI GET = 0


Worker 1
Average throughput (ops/sec) = 90
Average response time (msec) = 2.955615967213115
Average queue length = 2
Average wait time in queue (msec) = 0.5728730655737705
Average service time (msec) = 2.1792365409836068
Number of SET = 90
Number of GET = 0
Number of MULTI GET = 0


Worker 30
Average throughput (ops/sec) = 90
Average response time (msec) = 2.853376524590164
Average queue length = 3
Average wait time in queue (msec) = 0.48579398360655734
Average service time (msec) = 2.1768786229508197
Number of SET = 90
Number of GET = 0
Number of MULTI GET = 0


Worker 35
Average throughput (ops/sec) = 88
Average response time (msec) = 2.862693049180328
Average queue length = 3
Average wait time in queue (msec) = 0.5325048032786885
Average service time (msec) = 2.135860655737705
Number of SET = 88
Number of GET = 0
Number of MULTI GET = 0


Worker 36
Average throughput (ops/sec) = 92
Average response time (msec) = 2.807881950819672
Average queue length = 2
Average wait time in queue (msec) = 0.5006888524590164
Average service time (msec) = 2.105613901639344
Number of SET = 92
Number of GET = 0
Number of MULTI GET = 0


Worker 37
Average throughput (ops/sec) = 88
Average response time (msec) = 2.876955
Average queue length = 2
Average wait time in queue (msec) = 0.5245248360655738
Average service time (msec) = 2.1670703114754097
Number of SET = 88
Number of GET = 0
Number of MULTI GET = 0


Worker 38
Average throughput (ops/sec) = 92
Average response time (msec) = 2.8407779344262294
Average queue length = 2
Average wait time in queue (msec) = 0.5134503442622951
Average service time (msec) = 2.142275655737705
Number of SET = 92
Number of GET = 0
Number of MULTI GET = 0


Worker 31
Average throughput (ops/sec) = 93
Average response time (msec) = 2.8198171311475413
Average queue length = 1
Average wait time in queue (msec) = 0.532860475409836
Average service time (msec) = 2.097109950819672
Number of SET = 93
Number of GET = 0
Number of MULTI GET = 0


Worker 32
Average throughput (ops/sec) = 91
Average response time (msec) = 2.8271299344262295
Average queue length = 3
Average wait time in queue (msec) = 0.5241820491803278
Average service time (msec) = 2.1166684098360653
Number of SET = 91
Number of GET = 0
Number of MULTI GET = 0


Worker 33
Average throughput (ops/sec) = 89
Average response time (msec) = 2.8908276885245905
Average queue length = 2
Average wait time in queue (msec) = 0.49348665573770495
Average service time (msec) = 2.2027455901639343
Number of SET = 89
Number of GET = 0
Number of MULTI GET = 0


Worker 34
Average throughput (ops/sec) = 89
Average response time (msec) = 2.8932713606557376
Average queue length = 3
Average wait time in queue (msec) = 0.5175745737704918
Average service time (msec) = 2.1908353114754098
Number of SET = 89
Number of GET = 0
Number of MULTI GET = 0


Worker 39
Average throughput (ops/sec) = 88
Average response time (msec) = 2.8998027213114757
Average queue length = 2
Average wait time in queue (msec) = 0.5183009508196721
Average service time (msec) = 2.2034147704918032
Number of SET = 88
Number of GET = 0
Number of MULTI GET = 0


Worker 40
Average throughput (ops/sec) = 89
Average response time (msec) = 2.871227049180328
Average queue length = 2
Average wait time in queue (msec) = 0.500611606557377
Average service time (msec) = 2.1722009672131146
Number of SET = 89
Number of GET = 0
Number of MULTI GET = 0


Worker 41
Average throughput (ops/sec) = 90
Average response time (msec) = 2.8853977540983604
Average queue length = 3
Average wait time in queue (msec) = 0.5227475409836065
Average service time (msec) = 2.1639482622950816
Number of SET = 90
Number of GET = 0
Number of MULTI GET = 0


FINAL STATS
Average throughput (ops/sec) = 5798
Average response time (msec) = 2.818630388761126
Average queue length = 2
Average wait time in queue (msec) = 0.5132539667008197
Average service time (msec) = 2.1403658534836065
Number of SET = 5799
Number of GET = 0
Number of MULTI GET = 0
Number of Cache misses = 0
Arrival rate (lambda) = [0, 0, 0, 0, 0, 0, 2739, 4638, 4845, 5323, 5850, 5465, 5752, 6189, 5856, 6224, 5713, 6144, 5978, 5879, 5810, 6047, 5648, 5815, 5960, 6025, 5986, 6173, 6061, 6148, 6265, 5961, 6400, 6318, 5907, 6125, 6057, 5820, 6122, 6338, 6213, 6069, 6398, 6320, 5900, 6305, 5992, 5951, 6455, 6122, 5727, 5747, 5942, 5994, 6055, 6159, 5592, 6006, 6047, 5957, 5829, 5871, 5995, 6177, 5909, 5727, 1680, 0]


Histogram response times (0.1 msec step)
0.0 msec : 208
0.1 msec : 2390
0.2 msec : 8470
0.3 msec : 16146
0.4 msec : 22264
0.5 msec : 24975
0.6 msec : 25181
0.7 msec : 23631
0.8 msec : 20770
0.9 msec : 17886
1.0 msec : 15084
1.1 msec : 12817
1.2 msec : 10789
1.3 msec : 8900
1.4 msec : 7361
1.5 msec : 6143
1.6 msec : 5293
1.7 msec : 4525
1.8 msec : 4113
1.9 msec : 3350
2.0 msec : 2998
2.1 msec : 2614
2.2 msec : 2438
2.3 msec : 2136
2.4 msec : 1861
2.5 msec : 1725
2.6 msec : 1527
2.7 msec : 1452
2.8 msec : 1355
2.9 msec : 1270
3.0 msec : 1198
3.1 msec : 1151
3.2 msec : 1089
3.3 msec : 969
3.4 msec : 982
3.5 msec : 1004
3.6 msec : 884
3.7 msec : 877
3.8 msec : 787
3.9 msec : 779
4.0 msec : 779
4.1 msec : 758
4.2 msec : 902
4.3 msec : 868
4.4 msec : 890
4.5 msec : 862
4.6 msec : 920
4.7 msec : 873
4.8 msec : 865
4.9 msec : 836
5.0 msec : 957
5.1 msec : 1051
5.2 msec : 1139
5.3 msec : 1394
5.4 msec : 1587
5.5 msec : 1997
5.6 msec : 2516
5.7 msec : 3207
5.8 msec : 3695
5.9 msec : 4011
6.0 msec : 4091
6.1 msec : 4214
6.2 msec : 4234
6.3 msec : 4149
6.4 msec : 3942
6.5 msec : 3860
6.6 msec : 3457
6.7 msec : 3107
6.8 msec : 2839
6.9 msec : 2398
7.0 msec : 1971
7.1 msec : 1659
7.2 msec : 1480
7.3 msec : 1321
7.4 msec : 1079
7.5 msec : 949
7.6 msec : 870
7.7 msec : 740
7.8 msec : 664
7.9 msec : 555
8.0 msec : 522
8.1 msec : 461
8.2 msec : 389
8.3 msec : 371
8.4 msec : 338
8.5 msec : 296
8.6 msec : 290
8.7 msec : 240
8.8 msec : 257
8.9 msec : 234
9.0 msec : 211
9.1 msec : 215
9.2 msec : 164
9.3 msec : 197
9.4 msec : 151
9.5 msec : 147
9.6 msec : 167
9.7 msec : 139
9.8 msec : 131
9.9 msec : 130
10.0 msec : 111
10.1 msec : 145
10.2 msec : 125
10.3 msec : 116
10.4 msec : 119
10.5 msec : 91
10.6 msec : 80
10.7 msec : 79
10.8 msec : 67
10.9 msec : 80
11.0 msec : 85
11.1 msec : 111
11.2 msec : 90
11.3 msec : 76
11.4 msec : 76
11.5 msec : 63
11.6 msec : 83
11.7 msec : 74
11.8 msec : 86
11.9 msec : 72
12.0 msec : 57
12.1 msec : 44
12.2 msec : 56
12.3 msec : 52
12.4 msec : 58
12.5 msec : 49
12.6 msec : 48
12.7 msec : 38
12.8 msec : 31
12.9 msec : 24
13.0 msec : 32
13.1 msec : 34
13.2 msec : 30
13.3 msec : 32
13.4 msec : 25
13.5 msec : 24
13.6 msec : 23
13.7 msec : 19
13.8 msec : 26
13.9 msec : 13
14.0 msec : 23
14.1 msec : 16
14.2 msec : 19
14.3 msec : 9
14.4 msec : 7
14.5 msec : 7
14.6 msec : 9
14.7 msec : 13
14.8 msec : 4
14.9 msec : 11
15.0 msec : 20
15.1 msec : 11
15.2 msec : 25
15.3 msec : 19
15.4 msec : 16
15.5 msec : 17
15.6 msec : 10
15.7 msec : 10
15.8 msec : 11
15.9 msec : 11
16.0 msec : 15
16.1 msec : 12
16.2 msec : 14
16.3 msec : 9
16.4 msec : 18
16.5 msec : 7
16.6 msec : 5
16.7 msec : 13
16.8 msec : 9
16.9 msec : 7
17.0 msec : 3
17.1 msec : 9
17.2 msec : 10
17.3 msec : 6
17.4 msec : 4
17.5 msec : 3
17.6 msec : 5
17.7 msec : 4
17.8 msec : 5
17.9 msec : 3
18.0 msec : 3
18.1 msec : 2
18.2 msec : 4
18.3 msec : 4
18.4 msec : 7
18.5 msec : 8
18.6 msec : 4
18.7 msec : 4
18.8 msec : 6
18.9 msec : 6
19.0 msec : 4
19.1 msec : 8
19.2 msec : 5
19.3 msec : 2
19.4 msec : 8
19.5 msec : 8
19.6 msec : 6
19.7 msec : 3
19.8 msec : 4
19.9 msec : 6
20.0 msec : 9
20.1 msec : 10
20.2 msec : 9
20.3 msec : 3
20.4 msec : 2
20.5 msec : 4
20.6 msec : 4
20.7 msec : 3
20.8 msec : 4
20.9 msec : 4
21.0 msec : 3
21.1 msec : 7
21.2 msec : 0
21.3 msec : 5
21.4 msec : 6
21.5 msec : 4
21.6 msec : 2
21.7 msec : 8
21.8 msec : 13
21.9 msec : 2
22.0 msec : 2
22.1 msec : 3
22.2 msec : 2
22.3 msec : 2
22.4 msec : 1
22.5 msec : 3
22.6 msec : 0
22.7 msec : 0
22.8 msec : 0
22.9 msec : 0
23.0 msec : 1
23.1 msec : 0
23.2 msec : 2
23.3 msec : 4
23.4 msec : 6
23.5 msec : 3
23.6 msec : 3
23.7 msec : 1
23.8 msec : 2
23.9 msec : 0
24.0 msec : 4
24.1 msec : 0
24.2 msec : 1
24.3 msec : 0
24.4 msec : 1
24.5 msec : 2
24.6 msec : 1
24.7 msec : 0
24.8 msec : 2
24.9 msec : 3
25.0 msec : 2
25.1 msec : 2
25.2 msec : 2
25.3 msec : 1
25.4 msec : 1
25.5 msec : 2
25.6 msec : 6
25.7 msec : 5
25.8 msec : 5
25.9 msec : 1
26.0 msec : 4
26.1 msec : 1
26.2 msec : 0
26.3 msec : 4
26.4 msec : 0
26.5 msec : 3
26.6 msec : 3
26.7 msec : 4
26.8 msec : 3
26.9 msec : 3
27.0 msec : 0
27.1 msec : 1
27.2 msec : 1
27.3 msec : 4
27.4 msec : 5
27.5 msec : 5
27.6 msec : 4
27.7 msec : 6
27.8 msec : 6
27.9 msec : 6
28.0 msec : 2
28.1 msec : 1
28.2 msec : 3
28.3 msec : 1
28.4 msec : 0
28.5 msec : 1
28.6 msec : 0
28.7 msec : 0
28.8 msec : 3
28.9 msec : 4
29.0 msec : 1
29.1 msec : 0
29.2 msec : 0
29.3 msec : 1
29.4 msec : 0
29.5 msec : 0
29.6 msec : 2
29.7 msec : 1
29.8 msec : 1
29.9 msec : 0
30.0 msec : 0
30.1 msec : 0
30.2 msec : 0
30.3 msec : 0
30.4 msec : 0
30.5 msec : 0
30.6 msec : 0
30.7 msec : 1
30.8 msec : 0
30.9 msec : 0
31.0 msec : 1
31.1 msec : 1
31.2 msec : 0
31.3 msec : 0
31.4 msec : 0
31.5 msec : 0
31.6 msec : 1
31.7 msec : 0
31.8 msec : 1
31.9 msec : 2
32.0 msec : 1
32.1 msec : 0
32.2 msec : 0
32.3 msec : 0
32.4 msec : 0
32.5 msec : 0
32.6 msec : 0
32.7 msec : 0
32.8 msec : 0
32.9 msec : 0
33.0 msec : 1
33.1 msec : 0
33.2 msec : 0
33.3 msec : 0
33.4 msec : 0
33.5 msec : 0
33.6 msec : 0
33.7 msec : 0
33.8 msec : 2
33.9 msec : 0
34.0 msec : 1
34.1 msec : 1
34.2 msec : 1
34.3 msec : 1
34.4 msec : 4
34.5 msec : 3
34.6 msec : 7
34.7 msec : 6
34.8 msec : 3
34.9 msec : 2
35.0 msec : 7
35.1 msec : 7
35.2 msec : 1
35.3 msec : 4
35.4 msec : 5
35.5 msec : 3
35.6 msec : 3
35.7 msec : 1
35.8 msec : 0
35.9 msec : 0
36.0 msec : 1
36.1 msec : 1
36.2 msec : 1
36.3 msec : 1
36.4 msec : 0
36.5 msec : 1
36.6 msec : 1
36.7 msec : 0
36.8 msec : 0
36.9 msec : 1
37.0 msec : 1
37.1 msec : 0
37.2 msec : 0
37.3 msec : 0
37.4 msec : 1
37.5 msec : 0
37.6 msec : 0
37.7 msec : 2
37.8 msec : 1
37.9 msec : 1
38.0 msec : 1
38.1 msec : 0
38.2 msec : 1
38.3 msec : 0
38.4 msec : 0
38.5 msec : 1
38.6 msec : 2
38.7 msec : 0
38.8 msec : 1
38.9 msec : 1
39.0 msec : 0
39.1 msec : 0
39.2 msec : 0
39.3 msec : 0
39.4 msec : 0
39.5 msec : 1
39.6 msec : 3
39.7 msec : 3
39.8 msec : 1
39.9 msec : 2
40.0 msec : 3
40.1 msec : 3
40.2 msec : 0
40.3 msec : 0
40.4 msec : 1
40.5 msec : 1
40.6 msec : 0
40.7 msec : 0
40.8 msec : 0
40.9 msec : 0
41.0 msec : 3
41.1 msec : 1
41.2 msec : 0
41.3 msec : 2
41.4 msec : 0
41.5 msec : 6
41.6 msec : 2
41.7 msec : 1
41.8 msec : 0
41.9 msec : 1
42.0 msec : 1
42.1 msec : 0
42.2 msec : 5
42.3 msec : 1
42.4 msec : 0
42.5 msec : 1
42.6 msec : 1
42.7 msec : 1
42.8 msec : 1
42.9 msec : 0
43.0 msec : 3
43.1 msec : 0
43.2 msec : 2
43.3 msec : 1
43.4 msec : 1
43.5 msec : 1
43.6 msec : 0
43.7 msec : 1
43.8 msec : 1
43.9 msec : 0
44.0 msec : 3
44.1 msec : 1
44.2 msec : 1
44.3 msec : 1
44.4 msec : 1
44.5 msec : 1
44.6 msec : 0
44.7 msec : 1
44.8 msec : 2
44.9 msec : 0
45.0 msec : 2
45.1 msec : 2
45.2 msec : 3
45.3 msec : 0
45.4 msec : 2
45.5 msec : 2
45.6 msec : 1
45.7 msec : 0
45.8 msec : 1
45.9 msec : 2
46.0 msec : 2
46.1 msec : 0
46.2 msec : 0
46.3 msec : 0
46.4 msec : 2
46.5 msec : 1
46.6 msec : 0
46.7 msec : 1
46.8 msec : 1
46.9 msec : 0
47.0 msec : 0
47.1 msec : 1
47.2 msec : 0
47.3 msec : 0
47.4 msec : 0
47.5 msec : 0
47.6 msec : 2
47.7 msec : 0
47.8 msec : 1
47.9 msec : 0
48.0 msec : 0
48.1 msec : 0
48.2 msec : 1
48.3 msec : 0
48.4 msec : 0
48.5 msec : 0
48.6 msec : 0
48.7 msec : 1
48.8 msec : 0
48.9 msec : 0
49.0 msec : 0
49.1 msec : 0
49.2 msec : 0
49.3 msec : 0
49.4 msec : 0
49.5 msec : 0
49.6 msec : 1
49.7 msec : 1
49.8 msec : 0
49.9 msec : 0
50.0 msec : 0
50.1 msec : 0
50.2 msec : 0
50.3 msec : 0
50.4 msec : 0
50.5 msec : 0
50.6 msec : 0
50.7 msec : 1
50.8 msec : 1
50.9 msec : 0
51.0 msec : 1
51.1 msec : 0
51.2 msec : 0
51.3 msec : 0
51.4 msec : 0
51.5 msec : 0
51.6 msec : 1
51.7 msec : 0
51.8 msec : 0
51.9 msec : 0
52.0 msec : 0
52.1 msec : 0
52.2 msec : 0
52.3 msec : 0
52.4 msec : 0
52.5 msec : 0
52.6 msec : 0
52.7 msec : 0
52.8 msec : 0
52.9 msec : 1
53.0 msec : 0
53.1 msec : 0
53.2 msec : 0
53.3 msec : 0
53.4 msec : 0
53.5 msec : 0
53.6 msec : 0
53.7 msec : 0
53.8 msec : 0
53.9 msec : 0
54.0 msec : 0
54.1 msec : 0
54.2 msec : 0
54.3 msec : 0
54.4 msec : 0
54.5 msec : 0
54.6 msec : 0
54.7 msec : 0
54.8 msec : 1
54.9 msec : 0
55.0 msec : 0
55.1 msec : 0
55.2 msec : 0
55.3 msec : 0
55.4 msec : 0
55.5 msec : 0
55.6 msec : 0
55.7 msec : 0
55.8 msec : 0
55.9 msec : 0
56.0 msec : 0
56.1 msec : 0
56.2 msec : 0
56.3 msec : 0
56.4 msec : 0
56.5 msec : 0
56.6 msec : 0
56.7 msec : 0
56.8 msec : 0
56.9 msec : 0
57.0 msec : 0
57.1 msec : 0
57.2 msec : 1
57.3 msec : 0
57.4 msec : 0
57.5 msec : 0
57.6 msec : 0
57.7 msec : 0
57.8 msec : 0
57.9 msec : 0
58.0 msec : 0
58.1 msec : 1
58.2 msec : 0
58.3 msec : 0
58.4 msec : 0
58.5 msec : 0
58.6 msec : 0
58.7 msec : 0
58.8 msec : 0
58.9 msec : 0
59.0 msec : 1
59.1 msec : 0
59.2 msec : 0
59.3 msec : 0
59.4 msec : 0
59.5 msec : 0
59.6 msec : 0
59.7 msec : 0
59.8 msec : 0
59.9 msec : 0
60.0 msec : 0
60.1 msec : 0
60.2 msec : 0
60.3 msec : 0
60.4 msec : 0
60.5 msec : 0
60.6 msec : 1
60.7 msec : 0
60.8 msec : 0
60.9 msec : 0
61.0 msec : 0
61.1 msec : 0
61.2 msec : 0
61.3 msec : 0
61.4 msec : 0
61.5 msec : 0
61.6 msec : 1
61.7 msec : 0
61.8 msec : 0
61.9 msec : 0
62.0 msec : 0
62.1 msec : 0
62.2 msec : 0
62.3 msec : 0
62.4 msec : 0
62.5 msec : 0
62.6 msec : 0
62.7 msec : 0
62.8 msec : 1
62.9 msec : 0
63.0 msec : 0
63.1 msec : 0
63.2 msec : 1
63.3 msec : 0
63.4 msec : 0
63.5 msec : 0
63.6 msec : 0
63.7 msec : 0
63.8 msec : 0
63.9 msec : 0
64.0 msec : 0
64.1 msec : 0
64.2 msec : 0
64.3 msec : 0
64.4 msec : 0
64.5 msec : 0
64.6 msec : 0
64.7 msec : 0
64.8 msec : 0
64.9 msec : 0
65.0 msec : 0
65.1 msec : 0
65.2 msec : 0
65.3 msec : 0
65.4 msec : 0
65.5 msec : 0
65.6 msec : 0
65.7 msec : 0
65.8 msec : 0
65.9 msec : 0
66.0 msec : 0
66.1 msec : 0
66.2 msec : 0
66.3 msec : 0
66.4 msec : 0
66.5 msec : 0
66.6 msec : 0
66.7 msec : 0
66.8 msec : 0
66.9 msec : 0
67.0 msec : 2
67.1 msec : 3
67.2 msec : 0
67.3 msec : 0
67.4 msec : 0
67.5 msec : 0
67.6 msec : 0
67.7 msec : 0
67.8 msec : 0
67.9 msec : 0
68.0 msec : 0
68.1 msec : 0
68.2 msec : 0
68.3 msec : 0
68.4 msec : 0
68.5 msec : 0
68.6 msec : 0
68.7 msec : 0
68.8 msec : 0
68.9 msec : 0
69.0 msec : 0
69.1 msec : 0
69.2 msec : 0
69.3 msec : 0
69.4 msec : 0
69.5 msec : 0
69.6 msec : 0
69.7 msec : 0
69.8 msec : 2
69.9 msec : 3
70.0 msec : 0
70.1 msec : 0
70.2 msec : 0
70.3 msec : 0
70.4 msec : 1
70.5 msec : 0
70.6 msec : 0
70.7 msec : 0
70.8 msec : 0
70.9 msec : 0
71.0 msec : 0
71.1 msec : 0
71.2 msec : 0
71.3 msec : 0
71.4 msec : 0
71.5 msec : 0
71.6 msec : 0
71.7 msec : 0
71.8 msec : 0
71.9 msec : 0
72.0 msec : 0
72.1 msec : 0
72.2 msec : 0
72.3 msec : 0
72.4 msec : 0
72.5 msec : 0
72.6 msec : 0
72.7 msec : 0
72.8 msec : 0
72.9 msec : 0
73.0 msec : 0
73.1 msec : 0
73.2 msec : 0
73.3 msec : 0
73.4 msec : 0
73.5 msec : 0
73.6 msec : 0
73.7 msec : 0
73.8 msec : 0
73.9 msec : 0
74.0 msec : 1
74.1 msec : 0
74.2 msec : 0
74.3 msec : 0
74.4 msec : 0
74.5 msec : 0
74.6 msec : 0
74.7 msec : 0
74.8 msec : 0
74.9 msec : 0
75.0 msec : 0
75.1 msec : 0
75.2 msec : 0
75.3 msec : 0
75.4 msec : 0
75.5 msec : 0
75.6 msec : 0
75.7 msec : 0
75.8 msec : 1
75.9 msec : 3
76.0 msec : 0
76.1 msec : 1
76.2 msec : 1
76.3 msec : 0
76.4 msec : 0
76.5 msec : 0
76.6 msec : 1
76.7 msec : 0
76.8 msec : 0
76.9 msec : 0
77.0 msec : 0
77.1 msec : 0
77.2 msec : 0
77.3 msec : 0
77.4 msec : 0
77.5 msec : 0
77.6 msec : 0
77.7 msec : 0
77.8 msec : 0
77.9 msec : 0
78.0 msec : 0
78.1 msec : 0
78.2 msec : 0
78.3 msec : 0
78.4 msec : 1
78.5 msec : 0
78.6 msec : 0
78.7 msec : 0
78.8 msec : 0
78.9 msec : 0
79.0 msec : 0
79.1 msec : 0
79.2 msec : 0
79.3 msec : 0
79.4 msec : 0
79.5 msec : 0
79.6 msec : 0
79.7 msec : 0
79.8 msec : 0
79.9 msec : 0
80.0 msec : 0
80.1 msec : 0
80.2 msec : 0
80.3 msec : 0
80.4 msec : 0
80.5 msec : 0
80.6 msec : 0
80.7 msec : 0
80.8 msec : 0
80.9 msec : 0
81.0 msec : 0
81.1 msec : 0
81.2 msec : 0
81.3 msec : 0
81.4 msec : 0
81.5 msec : 0
81.6 msec : 0
81.7 msec : 0
81.8 msec : 0
81.9 msec : 0
82.0 msec : 0
82.1 msec : 0
82.2 msec : 0
82.3 msec : 0
82.4 msec : 0
82.5 msec : 0
82.6 msec : 0
82.7 msec : 1
82.8 msec : 0
82.9 msec : 0
83.0 msec : 0
83.1 msec : 0
83.2 msec : 0
83.3 msec : 0
83.4 msec : 0
83.5 msec : 0
83.6 msec : 0
83.7 msec : 1
83.8 msec : 1
83.9 msec : 0
84.0 msec : 0
84.1 msec : 0
84.2 msec : 0
84.3 msec : 0
84.4 msec : 0
84.5 msec : 0
84.6 msec : 0
84.7 msec : 0
84.8 msec : 0
84.9 msec : 0
85.0 msec : 0
85.1 msec : 0
85.2 msec : 0
85.3 msec : 0
85.4 msec : 0
85.5 msec : 0
85.6 msec : 0
85.7 msec : 0
85.8 msec : 0
85.9 msec : 0
86.0 msec : 0
86.1 msec : 0
86.2 msec : 0
86.3 msec : 0
86.4 msec : 0
86.5 msec : 0
86.6 msec : 0
86.7 msec : 0
86.8 msec : 0
86.9 msec : 0
87.0 msec : 0
87.1 msec : 0
87.2 msec : 1
87.3 msec : 1
87.4 msec : 0
87.5 msec : 0
87.6 msec : 0
87.7 msec : 0
87.8 msec : 0
87.9 msec : 0
88.0 msec : 0
88.1 msec : 0
88.2 msec : 0
88.3 msec : 1
88.4 msec : 0
88.5 msec : 0
88.6 msec : 0
88.7 msec : 0
88.8 msec : 0
88.9 msec : 0
89.0 msec : 0
89.1 msec : 0
89.2 msec : 0
89.3 msec : 0
89.4 msec : 0
89.5 msec : 0
89.6 msec : 0
89.7 msec : 0
89.8 msec : 0
89.9 msec : 0
90.0 msec : 0
90.1 msec : 0
90.2 msec : 0
90.3 msec : 0
90.4 msec : 0
90.5 msec : 0
90.6 msec : 0
90.7 msec : 0
90.8 msec : 0
90.9 msec : 0
91.0 msec : 1
91.1 msec : 0
91.2 msec : 0
91.3 msec : 0
91.4 msec : 0
91.5 msec : 0
91.6 msec : 0
91.7 msec : 0
91.8 msec : 0
91.9 msec : 0
92.0 msec : 0
92.1 msec : 0
92.2 msec : 0
92.3 msec : 0
92.4 msec : 0
92.5 msec : 0
92.6 msec : 0
92.7 msec : 0
92.8 msec : 0
92.9 msec : 0
93.0 msec : 0
93.1 msec : 0
93.2 msec : 0
93.3 msec : 0
93.4 msec : 0
93.5 msec : 0
93.6 msec : 0
93.7 msec : 0
93.8 msec : 0
93.9 msec : 0
94.0 msec : 0
94.1 msec : 0
94.2 msec : 0
94.3 msec : 0
94.4 msec : 0
94.5 msec : 0
94.6 msec : 0
94.7 msec : 0
94.8 msec : 0
94.9 msec : 0
95.0 msec : 0
95.1 msec : 0
95.2 msec : 0
95.3 msec : 0
95.4 msec : 0
95.5 msec : 0
95.6 msec : 0
95.7 msec : 0
95.8 msec : 0
95.9 msec : 0
96.0 msec : 0
96.1 msec : 0
96.2 msec : 1
96.3 msec : 0
96.4 msec : 0
96.5 msec : 0
96.6 msec : 0
96.7 msec : 0
96.8 msec : 0
96.9 msec : 0
97.0 msec : 0
97.1 msec : 0
97.2 msec : 0
97.3 msec : 0
97.4 msec : 0
97.5 msec : 0
97.6 msec : 0
97.7 msec : 0
