Middleware started...
Middleware shuts down...
Smaller resolution statistics are in a log file...
Final aggregates per worker:


Worker 7
Average throughput (ops/sec) = 3084
Average response time (msec) = 0.925152
Average queue length = 8
Average wait time in queue (msec) = 0.57461475
Average service time (msec) = 0.25991983333333335
Number of SET = 3084
Number of GET = 0
Number of MULTI GET = 0


Worker 6
Average throughput (ops/sec) = 3075
Average response time (msec) = 0.9299275833333334
Average queue length = 6
Average wait time in queue (msec) = 0.5893941666666667
Average service time (msec) = 0.24627733333333335
Number of SET = 3075
Number of GET = 0
Number of MULTI GET = 0


Worker 8
Average throughput (ops/sec) = 3064
Average response time (msec) = 0.9579476666666666
Average queue length = 7
Average wait time in queue (msec) = 0.6229551666666666
Average service time (msec) = 0.24934516666666665
Number of SET = 3064
Number of GET = 0
Number of MULTI GET = 0


Worker 3
Average throughput (ops/sec) = 3022
Average response time (msec) = 0.921442
Average queue length = 7
Average wait time in queue (msec) = 0.58076775
Average service time (msec) = 0.25333325
Number of SET = 3022
Number of GET = 0
Number of MULTI GET = 0


Worker 2
Average throughput (ops/sec) = 3057
Average response time (msec) = 0.9184770833333333
Average queue length = 8
Average wait time in queue (msec) = 0.564194
Average service time (msec) = 0.2547264166666667
Number of SET = 3057
Number of GET = 0
Number of MULTI GET = 0


Worker 5
Average throughput (ops/sec) = 3060
Average response time (msec) = 0.9480736666666666
Average queue length = 11
Average wait time in queue (msec) = 0.59361925
Average service time (msec) = 0.26119983333333335
Number of SET = 3060
Number of GET = 0
Number of MULTI GET = 0


Worker 4
Average throughput (ops/sec) = 3052
Average response time (msec) = 0.9226861666666666
Average queue length = 8
Average wait time in queue (msec) = 0.5742325
Average service time (msec) = 0.25376591666666665
Number of SET = 3052
Number of GET = 0
Number of MULTI GET = 0


Worker 1
Average throughput (ops/sec) = 3073
Average response time (msec) = 0.90667125
Average queue length = 10
Average wait time in queue (msec) = 0.5659134166666666
Average service time (msec) = 0.24792408333333335
Number of SET = 3073
Number of GET = 0
Number of MULTI GET = 0


FINAL STATS
Average throughput (ops/sec) = 24487
Average response time (msec) = 0.6984193637692644
Average queue length = 8
Average wait time in queue (msec) = 0.583211375
Average service time (msec) = 0.25331147916666663
Number of SET = 3060
Number of GET = 0
Number of MULTI GET = 0
Number of Cache misses = 0


Histogram response times (0.1 msec step)
0.0 msec : 1612
0.1 msec : 3387
0.2 msec : 8965
0.3 msec : 20130
0.4 msec : 25004
0.5 msec : 24096
0.6 msec : 18785
0.7 msec : 13049
0.8 msec : 8999
0.9 msec : 6074
1.0 msec : 4191
1.1 msec : 2711
1.2 msec : 1949
1.3 msec : 1396
1.4 msec : 1124
1.5 msec : 784
1.6 msec : 549
1.7 msec : 444
1.8 msec : 376
1.9 msec : 315
2.0 msec : 252
2.1 msec : 253
2.2 msec : 187
2.3 msec : 165
2.4 msec : 125
2.5 msec : 111
2.6 msec : 97
2.7 msec : 82
2.8 msec : 55
2.9 msec : 54
3.0 msec : 43
3.1 msec : 59
3.2 msec : 46
3.3 msec : 40
3.4 msec : 30
3.5 msec : 31
3.6 msec : 28
3.7 msec : 26
3.8 msec : 15
3.9 msec : 24
4.0 msec : 22
4.1 msec : 18
4.2 msec : 23
4.3 msec : 20
4.4 msec : 18
4.5 msec : 20
4.6 msec : 25
4.7 msec : 18
4.8 msec : 16
4.9 msec : 16
5.0 msec : 14
5.1 msec : 17
5.2 msec : 12
5.3 msec : 10
5.4 msec : 19
5.5 msec : 11
5.6 msec : 13
5.7 msec : 12
5.8 msec : 11
5.9 msec : 9
6.0 msec : 13
6.1 msec : 15
6.2 msec : 16
6.3 msec : 21
6.4 msec : 15
6.5 msec : 12
6.6 msec : 10
6.7 msec : 6
6.8 msec : 6
6.9 msec : 7
7.0 msec : 9
7.1 msec : 4
7.2 msec : 3
7.3 msec : 4
7.4 msec : 5
7.5 msec : 9
7.6 msec : 9
7.7 msec : 14
7.8 msec : 14
7.9 msec : 9
8.0 msec : 2
8.1 msec : 8
8.2 msec : 17
8.3 msec : 16
8.4 msec : 6
8.5 msec : 13
8.6 msec : 5
8.7 msec : 5
8.8 msec : 3
8.9 msec : 5
9.0 msec : 4
9.1 msec : 5
9.2 msec : 1
9.3 msec : 4
9.4 msec : 7
9.5 msec : 1
9.6 msec : 0
9.7 msec : 1
9.8 msec : 7
9.9 msec : 14
10.0 msec : 1
10.1 msec : 4
10.2 msec : 3
10.3 msec : 1
10.4 msec : 1
10.5 msec : 5
10.6 msec : 5
10.7 msec : 2
10.8 msec : 4
10.9 msec : 2
11.0 msec : 6
11.1 msec : 2
11.2 msec : 1
11.3 msec : 0
11.4 msec : 1
11.5 msec : 0
11.6 msec : 1
11.7 msec : 2
11.8 msec : 1
11.9 msec : 0
12.0 msec : 2
12.1 msec : 0
12.2 msec : 2
12.3 msec : 1
12.4 msec : 2
12.5 msec : 1
12.6 msec : 0
12.7 msec : 0
12.8 msec : 0
12.9 msec : 0
13.0 msec : 1
13.1 msec : 0
13.2 msec : 0
13.3 msec : 3
13.4 msec : 2
13.5 msec : 0
13.6 msec : 1
13.7 msec : 0
13.8 msec : 0
13.9 msec : 0
14.0 msec : 0
14.1 msec : 0
14.2 msec : 1
14.3 msec : 0
14.4 msec : 0
14.5 msec : 0
14.6 msec : 0
14.7 msec : 1
14.8 msec : 0
14.9 msec : 1
15.0 msec : 1
15.1 msec : 0
15.2 msec : 1
15.3 msec : 1
15.4 msec : 0
15.5 msec : 0
15.6 msec : 0
15.7 msec : 0
15.8 msec : 0
15.9 msec : 0
16.0 msec : 0
16.1 msec : 0
16.2 msec : 0
16.3 msec : 0
16.4 msec : 0
16.5 msec : 0
16.6 msec : 0
16.7 msec : 0
16.8 msec : 0
16.9 msec : 1
17.0 msec : 0
17.1 msec : 0
17.2 msec : 0
17.3 msec : 0
17.4 msec : 1
17.5 msec : 0
17.6 msec : 1
17.7 msec : 0
17.8 msec : 0
17.9 msec : 0
18.0 msec : 0
18.1 msec : 0
18.2 msec : 0
18.3 msec : 0
18.4 msec : 0
18.5 msec : 0
18.6 msec : 1
18.7 msec : 0
18.8 msec : 0
18.9 msec : 0
19.0 msec : 2
19.1 msec : 0
19.2 msec : 1
19.3 msec : 0
19.4 msec : 0
19.5 msec : 0
19.6 msec : 0
19.7 msec : 0
19.8 msec : 0
19.9 msec : 0
20.0 msec : 0
20.1 msec : 0
20.2 msec : 0
20.3 msec : 0
20.4 msec : 1
20.5 msec : 0
20.6 msec : 0
20.7 msec : 0
20.8 msec : 0
20.9 msec : 0
21.0 msec : 0
21.1 msec : 0
21.2 msec : 0
21.3 msec : 0
21.4 msec : 0
21.5 msec : 0
21.6 msec : 0
21.7 msec : 0
21.8 msec : 0
21.9 msec : 0
22.0 msec : 0
22.1 msec : 0
22.2 msec : 0
22.3 msec : 0
22.4 msec : 0
22.5 msec : 0
22.6 msec : 0
22.7 msec : 0
22.8 msec : 0
22.9 msec : 0
23.0 msec : 0
23.1 msec : 0
23.2 msec : 0
23.3 msec : 0
23.4 msec : 0
23.5 msec : 0
23.6 msec : 0
23.7 msec : 0
23.8 msec : 0
23.9 msec : 0
24.0 msec : 0
24.1 msec : 0
