Middleware started...
Middleware shuts down...
Smaller resolution statistics are in a log file...
Final aggregates per worker:


Worker 7
Average throughput (ops/sec) = 2750
Average response time (msec) = 0.1901395
Average queue length = 0
Average wait time in queue (msec) = 0.038129416666666666
Average service time (msec) = 0.10469816666666668
Number of SET = 2750
Number of GET = 0
Number of MULTI GET = 0


Worker 6
Average throughput (ops/sec) = 2730
Average response time (msec) = 0.18845358333333334
Average queue length = 0
Average wait time in queue (msec) = 0.035785583333333336
Average service time (msec) = 0.10555991666666667
Number of SET = 2730
Number of GET = 0
Number of MULTI GET = 0


Worker 8
Average throughput (ops/sec) = 2756
Average response time (msec) = 0.18878633333333333
Average queue length = 0
Average wait time in queue (msec) = 0.04328233333333333
Average service time (msec) = 0.09934125
Number of SET = 2756
Number of GET = 0
Number of MULTI GET = 0


Worker 3
Average throughput (ops/sec) = 2748
Average response time (msec) = 0.19764975
Average queue length = 0
Average wait time in queue (msec) = 0.0357705
Average service time (msec) = 0.10472466666666667
Number of SET = 2748
Number of GET = 0
Number of MULTI GET = 0


Worker 2
Average throughput (ops/sec) = 3096
Average response time (msec) = 0.19184258333333334
Average queue length = 0
Average wait time in queue (msec) = 0.03717291666666667
Average service time (msec) = 0.10785616666666667
Number of SET = 2774
Number of GET = 0
Number of MULTI GET = 0


Worker 5
Average throughput (ops/sec) = 2740
Average response time (msec) = 0.18509358333333334
Average queue length = 0
Average wait time in queue (msec) = 0.02982675
Average service time (msec) = 0.1043975
Number of SET = 2740
Number of GET = 0
Number of MULTI GET = 0


Worker 4
Average throughput (ops/sec) = 2766
Average response time (msec) = 0.20266008333333335
Average queue length = 0
Average wait time in queue (msec) = 0.03907325
Average service time (msec) = 0.10809891666666667
Number of SET = 2766
Number of GET = 0
Number of MULTI GET = 0


Worker 1
Average throughput (ops/sec) = 2774
Average response time (msec) = 0.19568391666666665
Average queue length = 0
Average wait time in queue (msec) = 0.0400805
Average service time (msec) = 0.10652816666666667
Number of SET = 2774
Number of GET = 0
Number of MULTI GET = 0


FINAL STATS
Average throughput (ops/sec) = 22360
Average response time (msec) = 0.13127289109156892
Average queue length = 0
Average wait time in queue (msec) = 0.03739015625
Average service time (msec) = 0.10515059375
Number of SET = 2754
Number of GET = 0
Number of MULTI GET = 0
Number of Cache misses = 0


Histogram response times (0.1 msec step)
0.0 msec : 99749
0.1 msec : 23288
0.2 msec : 5752
0.3 msec : 1910
0.4 msec : 718
0.5 msec : 355
0.6 msec : 192
0.7 msec : 101
0.8 msec : 81
0.9 msec : 60
1.0 msec : 41
1.1 msec : 47
1.2 msec : 38
1.3 msec : 33
1.4 msec : 22
1.5 msec : 33
1.6 msec : 15
1.7 msec : 17
1.8 msec : 12
1.9 msec : 19
2.0 msec : 6
2.1 msec : 10
2.2 msec : 19
2.3 msec : 10
2.4 msec : 8
2.5 msec : 8
2.6 msec : 9
2.7 msec : 8
2.8 msec : 7
2.9 msec : 11
3.0 msec : 10
3.1 msec : 9
3.2 msec : 9
3.3 msec : 7
3.4 msec : 9
3.5 msec : 16
3.6 msec : 6
3.7 msec : 9
3.8 msec : 3
3.9 msec : 7
4.0 msec : 0
4.1 msec : 9
4.2 msec : 10
4.3 msec : 6
4.4 msec : 4
4.5 msec : 8
4.6 msec : 4
4.7 msec : 4
4.8 msec : 3
4.9 msec : 1
5.0 msec : 10
5.1 msec : 2
5.2 msec : 5
5.3 msec : 4
5.4 msec : 2
5.5 msec : 5
5.6 msec : 2
5.7 msec : 0
5.8 msec : 1
5.9 msec : 4
6.0 msec : 5
6.1 msec : 0
6.2 msec : 1
6.3 msec : 0
6.4 msec : 1
6.5 msec : 1
6.6 msec : 4
6.7 msec : 1
6.8 msec : 0
6.9 msec : 1
7.0 msec : 1
7.1 msec : 6
7.2 msec : 3
7.3 msec : 0
7.4 msec : 0
7.5 msec : 2
7.6 msec : 3
7.7 msec : 1
7.8 msec : 0
7.9 msec : 0
8.0 msec : 0
8.1 msec : 0
8.2 msec : 1
8.3 msec : 4
8.4 msec : 1
8.5 msec : 0
8.6 msec : 0
8.7 msec : 0
8.8 msec : 0
8.9 msec : 1
9.0 msec : 0
9.1 msec : 0
9.2 msec : 2
9.3 msec : 1
9.4 msec : 1
9.5 msec : 2
9.6 msec : 2
9.7 msec : 2
9.8 msec : 0
9.9 msec : 0
10.0 msec : 0
10.1 msec : 3
10.2 msec : 5
10.3 msec : 0
10.4 msec : 0
10.5 msec : 1
10.6 msec : 0
10.7 msec : 0
10.8 msec : 1
10.9 msec : 1
11.0 msec : 0
11.1 msec : 0
11.2 msec : 1
11.3 msec : 0
11.4 msec : 0
11.5 msec : 0
11.6 msec : 0
11.7 msec : 0
11.8 msec : 0
11.9 msec : 1
12.0 msec : 0
12.1 msec : 0
12.2 msec : 0
12.3 msec : 0
12.4 msec : 0
12.5 msec : 0
12.6 msec : 0
12.7 msec : 0
12.8 msec : 0
12.9 msec : 0
13.0 msec : 0
13.1 msec : 0
13.2 msec : 0
13.3 msec : 1
13.4 msec : 2
13.5 msec : 3
13.6 msec : 1
13.7 msec : 0
13.8 msec : 0
13.9 msec : 0
14.0 msec : 0
14.1 msec : 0
14.2 msec : 0
14.3 msec : 0
14.4 msec : 0
14.5 msec : 0
14.6 msec : 0
14.7 msec : 0
14.8 msec : 0
14.9 msec : 1
15.0 msec : 0
15.1 msec : 0
15.2 msec : 0
15.3 msec : 0
15.4 msec : 0
15.5 msec : 1
