Middleware started...
Middleware shuts down...
Smaller resolution statistics are in a log file...
Final aggregates per worker:


Worker 7
Average throughput (ops/sec) = 3090
Average response time (msec) = 0.4723080833333333
Average queue length = 2
Average wait time in queue (msec) = 0.152009
Average service time (msec) = 0.23722891666666665
Number of SET = 3090
Number of GET = 0
Number of MULTI GET = 0


Worker 6
Average throughput (ops/sec) = 3133
Average response time (msec) = 0.44263816666666667
Average queue length = 3
Average wait time in queue (msec) = 0.14358491666666665
Average service time (msec) = 0.21788566666666664
Number of SET = 3133
Number of GET = 0
Number of MULTI GET = 0


Worker 8
Average throughput (ops/sec) = 3082
Average response time (msec) = 0.4716389166666667
Average queue length = 3
Average wait time in queue (msec) = 0.15079625
Average service time (msec) = 0.23785475
Number of SET = 3082
Number of GET = 0
Number of MULTI GET = 0


Worker 3
Average throughput (ops/sec) = 3161
Average response time (msec) = 0.4507798333333333
Average queue length = 2
Average wait time in queue (msec) = 0.14512616666666667
Average service time (msec) = 0.22510658333333333
Number of SET = 3161
Number of GET = 0
Number of MULTI GET = 0


Worker 2
Average throughput (ops/sec) = 3148
Average response time (msec) = 0.4551493333333333
Average queue length = 2
Average wait time in queue (msec) = 0.14358225
Average service time (msec) = 0.22994775
Number of SET = 3148
Number of GET = 0
Number of MULTI GET = 0


Worker 5
Average throughput (ops/sec) = 3121
Average response time (msec) = 0.4717594166666667
Average queue length = 2
Average wait time in queue (msec) = 0.16289266666666666
Average service time (msec) = 0.2258325
Number of SET = 3121
Number of GET = 0
Number of MULTI GET = 0


Worker 4
Average throughput (ops/sec) = 3109
Average response time (msec) = 0.4425606666666667
Average queue length = 1
Average wait time in queue (msec) = 0.142955
Average service time (msec) = 0.22103758333333334
Number of SET = 3109
Number of GET = 0
Number of MULTI GET = 0


Worker 1
Average throughput (ops/sec) = 3167
Average response time (msec) = 0.4532676666666667
Average queue length = 2
Average wait time in queue (msec) = 0.15842466666666666
Average service time (msec) = 0.22166883333333334
Number of SET = 3167
Number of GET = 0
Number of MULTI GET = 0


FINAL STATS
Average throughput (ops/sec) = 25011
Average response time (msec) = 0.32914981735931
Average queue length = 2
Average wait time in queue (msec) = 0.14992136458333333
Average service time (msec) = 0.22707032291666665
Number of SET = 3126
Number of GET = 0
Number of MULTI GET = 0
Number of Cache misses = 0


Histogram response times (0.1 msec step)
0.0 msec : 20764
0.1 msec : 48910
0.2 msec : 32104
0.3 msec : 17995
0.4 msec : 10716
0.5 msec : 6526
0.6 msec : 4052
0.7 msec : 2573
0.8 msec : 1641
0.9 msec : 1032
1.0 msec : 806
1.1 msec : 513
1.2 msec : 362
1.3 msec : 215
1.4 msec : 108
1.5 msec : 81
1.6 msec : 62
1.7 msec : 42
1.8 msec : 46
1.9 msec : 40
2.0 msec : 27
2.1 msec : 20
2.2 msec : 31
2.3 msec : 15
2.4 msec : 22
2.5 msec : 20
2.6 msec : 19
2.7 msec : 14
2.8 msec : 15
2.9 msec : 12
3.0 msec : 18
3.1 msec : 24
3.2 msec : 21
3.3 msec : 11
3.4 msec : 13
3.5 msec : 13
3.6 msec : 14
3.7 msec : 9
3.8 msec : 8
3.9 msec : 4
4.0 msec : 10
4.1 msec : 12
4.2 msec : 10
4.3 msec : 5
4.4 msec : 6
4.5 msec : 9
4.6 msec : 10
4.7 msec : 4
4.8 msec : 9
4.9 msec : 9
5.0 msec : 10
5.1 msec : 4
5.2 msec : 1
5.3 msec : 1
5.4 msec : 1
5.5 msec : 2
5.6 msec : 2
5.7 msec : 4
5.8 msec : 9
5.9 msec : 12
6.0 msec : 6
6.1 msec : 7
6.2 msec : 1
6.3 msec : 9
6.4 msec : 6
6.5 msec : 10
6.6 msec : 4
6.7 msec : 6
6.8 msec : 2
6.9 msec : 0
7.0 msec : 2
7.1 msec : 5
7.2 msec : 4
7.3 msec : 4
7.4 msec : 3
7.5 msec : 3
7.6 msec : 2
7.7 msec : 3
7.8 msec : 3
7.9 msec : 5
8.0 msec : 5
8.1 msec : 1
8.2 msec : 4
8.3 msec : 3
8.4 msec : 1
8.5 msec : 0
8.6 msec : 2
8.7 msec : 1
8.8 msec : 0
8.9 msec : 1
9.0 msec : 0
9.1 msec : 1
9.2 msec : 0
9.3 msec : 1
9.4 msec : 0
9.5 msec : 1
9.6 msec : 0
9.7 msec : 1
9.8 msec : 0
9.9 msec : 0
10.0 msec : 0
10.1 msec : 1
10.2 msec : 0
10.3 msec : 1
10.4 msec : 0
10.5 msec : 0
10.6 msec : 3
10.7 msec : 2
10.8 msec : 1
10.9 msec : 1
11.0 msec : 0
11.1 msec : 0
11.2 msec : 0
11.3 msec : 0
11.4 msec : 0
11.5 msec : 1
11.6 msec : 0
11.7 msec : 1
11.8 msec : 0
11.9 msec : 1
12.0 msec : 1
12.1 msec : 1
12.2 msec : 1
12.3 msec : 0
12.4 msec : 0
12.5 msec : 0
12.6 msec : 0
12.7 msec : 0
12.8 msec : 0
12.9 msec : 0
13.0 msec : 0
13.1 msec : 0
13.2 msec : 0
13.3 msec : 0
13.4 msec : 0
13.5 msec : 0
13.6 msec : 0
13.7 msec : 0
13.8 msec : 0
13.9 msec : 0
14.0 msec : 0
14.1 msec : 0
14.2 msec : 1
14.3 msec : 0
14.4 msec : 0
14.5 msec : 0
14.6 msec : 0
14.7 msec : 1
14.8 msec : 0
14.9 msec : 1
15.0 msec : 0
15.1 msec : 1
15.2 msec : 1
15.3 msec : 1
15.4 msec : 1
15.5 msec : 0
15.6 msec : 1
15.7 msec : 0
15.8 msec : 0
15.9 msec : 0
16.0 msec : 0
16.1 msec : 2
16.2 msec : 0
16.3 msec : 3
16.4 msec : 0
16.5 msec : 2
16.6 msec : 0
16.7 msec : 2
16.8 msec : 1
16.9 msec : 2
17.0 msec : 2
17.1 msec : 0
17.2 msec : 0
17.3 msec : 1
17.4 msec : 1
17.5 msec : 2
17.6 msec : 1
17.7 msec : 1
17.8 msec : 0
17.9 msec : 2
18.0 msec : 1
18.1 msec : 0
18.2 msec : 0
18.3 msec : 1
18.4 msec : 0
18.5 msec : 0
18.6 msec : 0
18.7 msec : 0
18.8 msec : 0
18.9 msec : 0
19.0 msec : 0
19.1 msec : 0
19.2 msec : 0
19.3 msec : 0
19.4 msec : 0
19.5 msec : 0
19.6 msec : 0
19.7 msec : 0
19.8 msec : 0
19.9 msec : 0
20.0 msec : 0
20.1 msec : 0
20.2 msec : 0
20.3 msec : 0
20.4 msec : 0
20.5 msec : 0
20.6 msec : 0
20.7 msec : 0
20.8 msec : 0
20.9 msec : 0
21.0 msec : 0
21.1 msec : 0
21.2 msec : 0
21.3 msec : 0
21.4 msec : 0
21.5 msec : 0
21.6 msec : 0
21.7 msec : 0
21.8 msec : 0
21.9 msec : 0
22.0 msec : 0
22.1 msec : 0
22.2 msec : 0
22.3 msec : 0
22.4 msec : 0
22.5 msec : 0
22.6 msec : 0
22.7 msec : 0
22.8 msec : 0
22.9 msec : 0
23.0 msec : 0
23.1 msec : 0
23.2 msec : 0
23.3 msec : 0
23.4 msec : 0
23.5 msec : 0
23.6 msec : 0
23.7 msec : 0
23.8 msec : 0
23.9 msec : 0
24.0 msec : 0
24.1 msec : 0
24.2 msec : 0
24.3 msec : 0
24.4 msec : 0
24.5 msec : 0
24.6 msec : 0
24.7 msec : 0
24.8 msec : 0
24.9 msec : 0
25.0 msec : 0
25.1 msec : 0
25.2 msec : 0
25.3 msec : 0
25.4 msec : 0
25.5 msec : 0
25.6 msec : 0
25.7 msec : 0
25.8 msec : 0
25.9 msec : 0
26.0 msec : 0
26.1 msec : 0
26.2 msec : 0
26.3 msec : 0
26.4 msec : 0
26.5 msec : 0
26.6 msec : 0
26.7 msec : 0
26.8 msec : 0
26.9 msec : 0
27.0 msec : 0
27.1 msec : 0
27.2 msec : 0
27.3 msec : 0
27.4 msec : 0
27.5 msec : 0
27.6 msec : 0
27.7 msec : 0
27.8 msec : 0
27.9 msec : 0
28.0 msec : 0
28.1 msec : 0
28.2 msec : 0
28.3 msec : 0
28.4 msec : 0
28.5 msec : 0
28.6 msec : 0
28.7 msec : 0
28.8 msec : 0
28.9 msec : 0
29.0 msec : 0
29.1 msec : 0
29.2 msec : 0
29.3 msec : 0
29.4 msec : 0
29.5 msec : 0
29.6 msec : 0
29.7 msec : 0
29.8 msec : 0
29.9 msec : 0
30.0 msec : 0
30.1 msec : 0
30.2 msec : 0
30.3 msec : 0
30.4 msec : 0
30.5 msec : 0
30.6 msec : 0
30.7 msec : 0
30.8 msec : 0
30.9 msec : 0
31.0 msec : 0
31.1 msec : 0
31.2 msec : 0
31.3 msec : 0
31.4 msec : 0
31.5 msec : 0
31.6 msec : 0
31.7 msec : 0
31.8 msec : 0
31.9 msec : 0
32.0 msec : 0
32.1 msec : 0
32.2 msec : 0
32.3 msec : 0
32.4 msec : 0
32.5 msec : 0
32.6 msec : 0
32.7 msec : 0
32.8 msec : 0
32.9 msec : 0
33.0 msec : 0
33.1 msec : 0
33.2 msec : 0
33.3 msec : 0
33.4 msec : 0
33.5 msec : 0
33.6 msec : 0
33.7 msec : 0
33.8 msec : 0
33.9 msec : 0
34.0 msec : 0
34.1 msec : 0
34.2 msec : 0
34.3 msec : 0
34.4 msec : 0
34.5 msec : 0
34.6 msec : 0
34.7 msec : 0
34.8 msec : 0
34.9 msec : 0
35.0 msec : 0
35.1 msec : 0
35.2 msec : 0
35.3 msec : 0
35.4 msec : 0
35.5 msec : 0
35.6 msec : 0
35.7 msec : 0
35.8 msec : 3
35.9 msec : 1
36.0 msec : 1
36.1 msec : 1
