Middleware started...
Middleware shuts down...
Smaller resolution statistics are in a log file...
Final aggregates per worker:


Worker 7
Average throughput (ops/sec) = 3202
Average response time (msec) = 0.6064170833333333
Average queue length = 5
Average wait time in queue (msec) = 0.28443708333333334
Average service time (msec) = 0.23367291666666665
Number of SET = 3202
Number of GET = 0
Number of MULTI GET = 0


Worker 6
Average throughput (ops/sec) = 3221
Average response time (msec) = 0.5997263333333334
Average queue length = 5
Average wait time in queue (msec) = 0.2814375
Average service time (msec) = 0.23275641666666666
Number of SET = 3221
Number of GET = 0
Number of MULTI GET = 0


Worker 8
Average throughput (ops/sec) = 3207
Average response time (msec) = 0.5771524166666666
Average queue length = 3
Average wait time in queue (msec) = 0.2749666666666667
Average service time (msec) = 0.217826
Number of SET = 3207
Number of GET = 0
Number of MULTI GET = 0


Worker 3
Average throughput (ops/sec) = 3184
Average response time (msec) = 0.6038106666666666
Average queue length = 4
Average wait time in queue (msec) = 0.28109
Average service time (msec) = 0.24043325
Number of SET = 3184
Number of GET = 0
Number of MULTI GET = 0


Worker 2
Average throughput (ops/sec) = 3246
Average response time (msec) = 0.59565575
Average queue length = 5
Average wait time in queue (msec) = 0.2856559166666667
Average service time (msec) = 0.22873908333333334
Number of SET = 3246
Number of GET = 0
Number of MULTI GET = 0


Worker 5
Average throughput (ops/sec) = 3210
Average response time (msec) = 0.591437
Average queue length = 5
Average wait time in queue (msec) = 0.2803075
Average service time (msec) = 0.22760475
Number of SET = 3210
Number of GET = 0
Number of MULTI GET = 0


Worker 4
Average throughput (ops/sec) = 3159
Average response time (msec) = 0.63175725
Average queue length = 4
Average wait time in queue (msec) = 0.2812926666666667
Average service time (msec) = 0.2609606666666667
Number of SET = 3159
Number of GET = 0
Number of MULTI GET = 0


Worker 1
Average throughput (ops/sec) = 3197
Average response time (msec) = 0.5975400833333334
Average queue length = 5
Average wait time in queue (msec) = 0.2844678333333333
Average service time (msec) = 0.23284391666666665
Number of SET = 3197
Number of GET = 0
Number of MULTI GET = 0


FINAL STATS
Average throughput (ops/sec) = 25626
Average response time (msec) = 0.431241659081045
Average queue length = 4
Average wait time in queue (msec) = 0.2817068958333333
Average service time (msec) = 0.234354625
Number of SET = 3203
Number of GET = 0
Number of MULTI GET = 0
Number of Cache misses = 0


Histogram response times (0.1 msec step)
0.0 msec : 5671
0.1 msec : 28112
0.2 msec : 40273
0.3 msec : 29774
0.4 msec : 18053
0.5 msec : 11318
0.6 msec : 7110
0.7 msec : 4513
0.8 msec : 2728
0.9 msec : 1777
1.0 msec : 1174
1.1 msec : 807
1.2 msec : 603
1.3 msec : 445
1.4 msec : 368
1.5 msec : 228
1.6 msec : 199
1.7 msec : 110
1.8 msec : 90
1.9 msec : 77
2.0 msec : 67
2.1 msec : 56
2.2 msec : 45
2.3 msec : 46
2.4 msec : 29
2.5 msec : 25
2.6 msec : 35
2.7 msec : 22
2.8 msec : 24
2.9 msec : 25
3.0 msec : 25
3.1 msec : 16
3.2 msec : 28
3.3 msec : 27
3.4 msec : 14
3.5 msec : 23
3.6 msec : 16
3.7 msec : 18
3.8 msec : 20
3.9 msec : 17
4.0 msec : 12
4.1 msec : 17
4.2 msec : 10
4.3 msec : 14
4.4 msec : 12
4.5 msec : 13
4.6 msec : 18
4.7 msec : 10
4.8 msec : 16
4.9 msec : 6
5.0 msec : 6
5.1 msec : 5
5.2 msec : 3
5.3 msec : 5
5.4 msec : 4
5.5 msec : 2
5.6 msec : 6
5.7 msec : 0
5.8 msec : 7
5.9 msec : 3
6.0 msec : 4
6.1 msec : 4
6.2 msec : 1
6.3 msec : 2
6.4 msec : 3
6.5 msec : 1
6.6 msec : 1
6.7 msec : 1
6.8 msec : 2
6.9 msec : 1
7.0 msec : 1
7.1 msec : 5
7.2 msec : 2
7.3 msec : 4
7.4 msec : 4
7.5 msec : 4
7.6 msec : 8
7.7 msec : 10
7.8 msec : 2
7.9 msec : 1
8.0 msec : 3
8.1 msec : 1
8.2 msec : 6
8.3 msec : 2
8.4 msec : 2
8.5 msec : 3
8.6 msec : 4
8.7 msec : 2
8.8 msec : 3
8.9 msec : 2
9.0 msec : 1
9.1 msec : 5
9.2 msec : 4
9.3 msec : 5
9.4 msec : 0
9.5 msec : 0
9.6 msec : 2
9.7 msec : 0
9.8 msec : 1
9.9 msec : 2
10.0 msec : 5
10.1 msec : 6
10.2 msec : 4
10.3 msec : 3
10.4 msec : 5
10.5 msec : 7
10.6 msec : 2
10.7 msec : 5
10.8 msec : 0
10.9 msec : 0
11.0 msec : 1
11.1 msec : 2
11.2 msec : 2
11.3 msec : 5
11.4 msec : 1
11.5 msec : 1
11.6 msec : 0
11.7 msec : 2
11.8 msec : 0
11.9 msec : 2
12.0 msec : 0
12.1 msec : 1
12.2 msec : 3
12.3 msec : 1
12.4 msec : 1
12.5 msec : 1
12.6 msec : 0
12.7 msec : 1
12.8 msec : 0
12.9 msec : 0
13.0 msec : 0
13.1 msec : 0
13.2 msec : 3
13.3 msec : 1
13.4 msec : 0
13.5 msec : 0
13.6 msec : 0
13.7 msec : 0
13.8 msec : 0
13.9 msec : 0
14.0 msec : 0
14.1 msec : 0
14.2 msec : 0
14.3 msec : 1
14.4 msec : 0
14.5 msec : 0
14.6 msec : 1
14.7 msec : 4
14.8 msec : 0
14.9 msec : 3
15.0 msec : 0
15.1 msec : 1
15.2 msec : 1
15.3 msec : 1
15.4 msec : 0
15.5 msec : 0
15.6 msec : 0
15.7 msec : 0
15.8 msec : 0
15.9 msec : 0
16.0 msec : 0
16.1 msec : 1
16.2 msec : 0
16.3 msec : 0
16.4 msec : 0
16.5 msec : 1
16.6 msec : 2
16.7 msec : 1
