Middleware started...
Middleware shuts down...
Smaller resolution statistics are in a log file...
Final aggregates per worker:


Worker 7
Average throughput (ops/sec) = 1490
Average response time (msec) = 0.067863
Average queue length = 0
Average wait time in queue (msec) = 0.008227764705882353
Average service time (msec) = 0.029881294117647058
Number of SET = 1490
Number of GET = 0
Number of MULTI GET = 0


Worker 6
Average throughput (ops/sec) = 1490
Average response time (msec) = 0.06567547058823531
Average queue length = 0
Average wait time in queue (msec) = 0.006025823529411765
Average service time (msec) = 0.030194823529411767
Number of SET = 1490
Number of GET = 0
Number of MULTI GET = 0


Worker 8
Average throughput (ops/sec) = 1490
Average response time (msec) = 0.06975429411764707
Average queue length = 0
Average wait time in queue (msec) = 0.009679647058823529
Average service time (msec) = 0.029782235294117648
Number of SET = 1490
Number of GET = 0
Number of MULTI GET = 0


Worker 3
Average throughput (ops/sec) = 1490
Average response time (msec) = 0.06448258823529412
Average queue length = 0
Average wait time in queue (msec) = 0.006039058823529412
Average service time (msec) = 0.029358176470588235
Number of SET = 1490
Number of GET = 0
Number of MULTI GET = 0


Worker 2
Average throughput (ops/sec) = 1490
Average response time (msec) = 0.06446458823529412
Average queue length = 0
Average wait time in queue (msec) = 0.005682235294117647
Average service time (msec) = 0.029873058823529412
Number of SET = 1490
Number of GET = 0
Number of MULTI GET = 0


Worker 5
Average throughput (ops/sec) = 1490
Average response time (msec) = 0.06554517647058823
Average queue length = 0
Average wait time in queue (msec) = 0.0070410588235294115
Average service time (msec) = 0.02942029411764706
Number of SET = 1490
Number of GET = 0
Number of MULTI GET = 0


Worker 4
Average throughput (ops/sec) = 1490
Average response time (msec) = 0.065773
Average queue length = 0
Average wait time in queue (msec) = 0.006942352941176471
Average service time (msec) = 0.029547470588235293
Number of SET = 1490
Number of GET = 0
Number of MULTI GET = 0


Worker 1
Average throughput (ops/sec) = 1490
Average response time (msec) = 0.06552117647058824
Average queue length = 0
Average wait time in queue (msec) = 0.0059082941176470585
Average service time (msec) = 0.030375470588235292
Number of SET = 1490
Number of GET = 0
Number of MULTI GET = 0


FINAL STATS
Average throughput (ops/sec) = 11920
Average response time (msec) = 0.04943511236977708
Average queue length = 0
Average wait time in queue (msec) = 0.006943279411764706
Average service time (msec) = 0.029804102941176473
Number of SET = 1490
Number of GET = 0
Number of MULTI GET = 0
Number of Cache misses = 0


Histogram response times (0.1 msec step)
0.0 msec : 70410
0.1 msec : 657
0.2 msec : 184
0.3 msec : 58
0.4 msec : 27
0.5 msec : 22
0.6 msec : 8
0.7 msec : 4
0.8 msec : 5
0.9 msec : 1
1.0 msec : 2
1.1 msec : 0
1.2 msec : 3
1.3 msec : 6
1.4 msec : 2
1.5 msec : 1
1.6 msec : 2
1.7 msec : 1
1.8 msec : 1
1.9 msec : 4
2.0 msec : 1
2.1 msec : 1
2.2 msec : 2
2.3 msec : 0
2.4 msec : 0
2.5 msec : 0
2.6 msec : 3
2.7 msec : 1
2.8 msec : 1
2.9 msec : 0
3.0 msec : 1
3.1 msec : 1
3.2 msec : 2
3.3 msec : 0
3.4 msec : 1
3.5 msec : 0
3.6 msec : 0
3.7 msec : 0
3.8 msec : 1
3.9 msec : 0
4.0 msec : 1
4.1 msec : 0
4.2 msec : 1
4.3 msec : 0
4.4 msec : 0
4.5 msec : 0
4.6 msec : 0
4.7 msec : 0
4.8 msec : 0
4.9 msec : 0
5.0 msec : 0
5.1 msec : 0
5.2 msec : 0
5.3 msec : 0
5.4 msec : 0
5.5 msec : 0
5.6 msec : 0
5.7 msec : 0
5.8 msec : 0
5.9 msec : 0
6.0 msec : 0
6.1 msec : 0
6.2 msec : 0
6.3 msec : 0
6.4 msec : 0
6.5 msec : 0
6.6 msec : 0
6.7 msec : 0
6.8 msec : 0
6.9 msec : 0
7.0 msec : 0
7.1 msec : 0
7.2 msec : 0
7.3 msec : 0
7.4 msec : 0
7.5 msec : 0
7.6 msec : 0
7.7 msec : 0
7.8 msec : 0
7.9 msec : 0
8.0 msec : 0
8.1 msec : 0
8.2 msec : 0
8.3 msec : 0
8.4 msec : 0
8.5 msec : 0
8.6 msec : 0
8.7 msec : 0
8.8 msec : 0
8.9 msec : 0
9.0 msec : 0
9.1 msec : 0
9.2 msec : 0
9.3 msec : 0
9.4 msec : 0
9.5 msec : 0
9.6 msec : 0
9.7 msec : 0
9.8 msec : 0
9.9 msec : 0
10.0 msec : 0
10.1 msec : 0
10.2 msec : 0
10.3 msec : 0
