Middleware started...
Middleware shuts down...
Smaller resolution statistics are in a log file...
Final aggregates per worker:


Worker 7
Average throughput (ops/sec) = 348
Average response time (msec) = 0.9760030327868853
Average queue length = 0
Average wait time in queue (msec) = 0.0740989344262295
Average service time (msec) = 0.8468805737704918
Number of SET = 0
Number of GET = 348
Number of MULTI GET = 0


Worker 6
Average throughput (ops/sec) = 342
Average response time (msec) = 0.9798694590163934
Average queue length = 0
Average wait time in queue (msec) = 0.07376862295081967
Average service time (msec) = 0.8489303114754099
Number of SET = 0
Number of GET = 342
Number of MULTI GET = 0


Worker 8
Average throughput (ops/sec) = 346
Average response time (msec) = 0.9909048196721311
Average queue length = 0
Average wait time in queue (msec) = 0.07432101639344263
Average service time (msec) = 0.8564733606557376
Number of SET = 0
Number of GET = 346
Number of MULTI GET = 0


Worker 3
Average throughput (ops/sec) = 349
Average response time (msec) = 0.9839424590163934
Average queue length = 0
Average wait time in queue (msec) = 0.07203288524590164
Average service time (msec) = 0.8558979508196721
Number of SET = 0
Number of GET = 350
Number of MULTI GET = 0


Worker 2
Average throughput (ops/sec) = 344
Average response time (msec) = 0.9815497704918033
Average queue length = 0
Average wait time in queue (msec) = 0.0745870655737705
Average service time (msec) = 0.8524446393442623
Number of SET = 0
Number of GET = 344
Number of MULTI GET = 0


Worker 5
Average throughput (ops/sec) = 344
Average response time (msec) = 0.9865339672131147
Average queue length = 0
Average wait time in queue (msec) = 0.07149637704918033
Average service time (msec) = 0.8573078196721311
Number of SET = 0
Number of GET = 344
Number of MULTI GET = 0


Worker 4
Average throughput (ops/sec) = 345
Average response time (msec) = 0.9870261639344262
Average queue length = 0
Average wait time in queue (msec) = 0.07295068852459016
Average service time (msec) = 0.859564524590164
Number of SET = 0
Number of GET = 345
Number of MULTI GET = 0


Worker 1
Average throughput (ops/sec) = 346
Average response time (msec) = 0.9756640163934427
Average queue length = 0
Average wait time in queue (msec) = 0.06865804918032788
Average service time (msec) = 0.848313737704918
Number of SET = 0
Number of GET = 347
Number of MULTI GET = 0


FINAL STATS
Average throughput (ops/sec) = 2764
Average response time (msec) = 0.9670157261477093
Average queue length = 0
Average wait time in queue (msec) = 0.07273920491803279
Average service time (msec) = 0.8532266147540983
Number of SET = 0
Number of GET = 2766
Number of MULTI GET = 0
Number of Cache misses = 116774


Histogram response times (0.1 msec step)
0.0 msec : 1541
0.1 msec : 21309
0.2 msec : 39602
0.3 msec : 36743
0.4 msec : 25136
0.5 msec : 14341
0.6 msec : 8363
0.7 msec : 5095
0.8 msec : 3693
0.9 msec : 2426
1.0 msec : 1815
1.1 msec : 1401
1.2 msec : 1049
1.3 msec : 906
1.4 msec : 736
1.5 msec : 557
1.6 msec : 445
1.7 msec : 299
1.8 msec : 228
1.9 msec : 236
2.0 msec : 220
2.1 msec : 208
2.2 msec : 172
2.3 msec : 139
2.4 msec : 139
2.5 msec : 109
2.6 msec : 91
2.7 msec : 118
2.8 msec : 89
2.9 msec : 73
3.0 msec : 55
3.1 msec : 78
3.2 msec : 77
3.3 msec : 90
3.4 msec : 51
3.5 msec : 69
3.6 msec : 50
3.7 msec : 49
3.8 msec : 71
3.9 msec : 54
4.0 msec : 51
4.1 msec : 55
4.2 msec : 51
4.3 msec : 50
4.4 msec : 51
4.5 msec : 30
4.6 msec : 39
4.7 msec : 34
4.8 msec : 10
4.9 msec : 15
5.0 msec : 21
5.1 msec : 15
5.2 msec : 28
5.3 msec : 36
5.4 msec : 30
5.5 msec : 31
5.6 msec : 37
5.7 msec : 34
5.8 msec : 41
5.9 msec : 35
6.0 msec : 40
6.1 msec : 33
6.2 msec : 17
6.3 msec : 23
6.4 msec : 8
6.5 msec : 12
6.6 msec : 10
6.7 msec : 4
6.8 msec : 12
6.9 msec : 6
7.0 msec : 5
7.1 msec : 4
7.2 msec : 14
7.3 msec : 6
7.4 msec : 3
7.5 msec : 0
7.6 msec : 12
7.7 msec : 10
7.8 msec : 12
7.9 msec : 12
8.0 msec : 14
8.1 msec : 12
8.2 msec : 7
8.3 msec : 5
8.4 msec : 1
8.5 msec : 2
8.6 msec : 3
8.7 msec : 1
8.8 msec : 4
8.9 msec : 3
9.0 msec : 1
9.1 msec : 2
9.2 msec : 3
9.3 msec : 0
9.4 msec : 0
9.5 msec : 4
9.6 msec : 0
9.7 msec : 0
9.8 msec : 0
9.9 msec : 0
10.0 msec : 0
10.1 msec : 1
10.2 msec : 0
10.3 msec : 1
10.4 msec : 0
10.5 msec : 0
10.6 msec : 1
10.7 msec : 0
10.8 msec : 2
10.9 msec : 0
11.0 msec : 0
11.1 msec : 3
11.2 msec : 1
11.3 msec : 0
11.4 msec : 0
11.5 msec : 0
11.6 msec : 0
11.7 msec : 0
11.8 msec : 2
11.9 msec : 0
12.0 msec : 1
12.1 msec : 0
12.2 msec : 0
12.3 msec : 1
12.4 msec : 1
12.5 msec : 0
12.6 msec : 1
12.7 msec : 0
12.8 msec : 0
12.9 msec : 0
13.0 msec : 0
13.1 msec : 0
13.2 msec : 0
13.3 msec : 2
13.4 msec : 1
13.5 msec : 0
13.6 msec : 0
13.7 msec : 0
13.8 msec : 0
13.9 msec : 0
14.0 msec : 0
14.1 msec : 0
14.2 msec : 0
14.3 msec : 0
14.4 msec : 0
14.5 msec : 0
14.6 msec : 0
14.7 msec : 0
14.8 msec : 0
14.9 msec : 0
15.0 msec : 0
15.1 msec : 0
15.2 msec : 2
15.3 msec : 0
15.4 msec : 2
15.5 msec : 3
15.6 msec : 1
15.7 msec : 2
15.8 msec : 1
15.9 msec : 0
16.0 msec : 1
16.1 msec : 0
16.2 msec : 0
16.3 msec : 0
16.4 msec : 2
16.5 msec : 0
16.6 msec : 0
16.7 msec : 0
16.8 msec : 0
16.9 msec : 0
17.0 msec : 0
17.1 msec : 0
17.2 msec : 0
17.3 msec : 0
17.4 msec : 0
17.5 msec : 0
17.6 msec : 0
17.7 msec : 0
17.8 msec : 0
17.9 msec : 0
18.0 msec : 0
18.1 msec : 0
18.2 msec : 0
18.3 msec : 0
18.4 msec : 0
18.5 msec : 0
18.6 msec : 0
18.7 msec : 0
18.8 msec : 0
18.9 msec : 0
19.0 msec : 0
19.1 msec : 0
19.2 msec : 0
19.3 msec : 0
19.4 msec : 0
19.5 msec : 0
19.6 msec : 0
19.7 msec : 0
19.8 msec : 0
19.9 msec : 0
20.0 msec : 0
20.1 msec : 0
20.2 msec : 0
20.3 msec : 0
20.4 msec : 1
20.5 msec : 0
20.6 msec : 0
20.7 msec : 0
20.8 msec : 1
20.9 msec : 0
21.0 msec : 0
21.1 msec : 0
21.2 msec : 0
21.3 msec : 0
21.4 msec : 0
21.5 msec : 0
21.6 msec : 0
21.7 msec : 0
21.8 msec : 0
21.9 msec : 0
22.0 msec : 1
22.1 msec : 0
22.2 msec : 0
22.3 msec : 0
22.4 msec : 1
22.5 msec : 0
22.6 msec : 0
22.7 msec : 0
22.8 msec : 2
22.9 msec : 0
23.0 msec : 0
23.1 msec : 0
23.2 msec : 0
23.3 msec : 0
23.4 msec : 0
23.5 msec : 0
23.6 msec : 0
23.7 msec : 0
23.8 msec : 0
23.9 msec : 0
24.0 msec : 0
24.1 msec : 0
24.2 msec : 0
24.3 msec : 0
24.4 msec : 0
24.5 msec : 0
24.6 msec : 0
24.7 msec : 0
24.8 msec : 0
24.9 msec : 0
25.0 msec : 0
25.1 msec : 0
25.2 msec : 1
25.3 msec : 0
25.4 msec : 0
25.5 msec : 0
25.6 msec : 0
25.7 msec : 0
25.8 msec : 0
25.9 msec : 0
26.0 msec : 2
26.1 msec : 0
26.2 msec : 0
26.3 msec : 0
26.4 msec : 0
26.5 msec : 0
26.6 msec : 0
26.7 msec : 0
26.8 msec : 0
26.9 msec : 0
27.0 msec : 0
27.1 msec : 0
27.2 msec : 1
27.3 msec : 1
27.4 msec : 0
27.5 msec : 0
27.6 msec : 0
27.7 msec : 0
27.8 msec : 0
27.9 msec : 0
28.0 msec : 0
28.1 msec : 0
28.2 msec : 0
28.3 msec : 0
28.4 msec : 0
28.5 msec : 0
28.6 msec : 0
28.7 msec : 0
28.8 msec : 0
28.9 msec : 0
29.0 msec : 0
29.1 msec : 0
29.2 msec : 1
29.3 msec : 0
29.4 msec : 0
29.5 msec : 0
29.6 msec : 0
29.7 msec : 0
29.8 msec : 0
29.9 msec : 0
30.0 msec : 0
30.1 msec : 0
30.2 msec : 0
30.3 msec : 0
30.4 msec : 0
30.5 msec : 0
30.6 msec : 0
30.7 msec : 0
30.8 msec : 0
30.9 msec : 0
31.0 msec : 0
31.1 msec : 0
31.2 msec : 0
31.3 msec : 0
31.4 msec : 0
31.5 msec : 0
31.6 msec : 0
31.7 msec : 0
31.8 msec : 0
31.9 msec : 0
32.0 msec : 0
32.1 msec : 0
32.2 msec : 0
32.3 msec : 0
32.4 msec : 0
32.5 msec : 0
32.6 msec : 0
32.7 msec : 0
32.8 msec : 0
32.9 msec : 0
33.0 msec : 0
33.1 msec : 0
33.2 msec : 0
33.3 msec : 0
33.4 msec : 0
33.5 msec : 0
33.6 msec : 0
33.7 msec : 0
33.8 msec : 0
33.9 msec : 0
34.0 msec : 0
34.1 msec : 0
34.2 msec : 0
34.3 msec : 0
34.4 msec : 0
34.5 msec : 0
34.6 msec : 0
34.7 msec : 0
34.8 msec : 0
34.9 msec : 0
35.0 msec : 0
35.1 msec : 0
35.2 msec : 0
35.3 msec : 0
35.4 msec : 0
35.5 msec : 0
35.6 msec : 0
35.7 msec : 0
35.8 msec : 0
35.9 msec : 0
36.0 msec : 0
36.1 msec : 0
36.2 msec : 0
36.3 msec : 0
36.4 msec : 0
36.5 msec : 0
36.6 msec : 0
36.7 msec : 0
36.8 msec : 0
36.9 msec : 0
37.0 msec : 0
37.1 msec : 0
37.2 msec : 0
37.3 msec : 0
37.4 msec : 0
37.5 msec : 0
37.6 msec : 0
37.7 msec : 0
37.8 msec : 0
37.9 msec : 0
38.0 msec : 0
38.1 msec : 0
38.2 msec : 0
38.3 msec : 0
38.4 msec : 0
38.5 msec : 0
38.6 msec : 0
38.7 msec : 0
38.8 msec : 0
38.9 msec : 0
39.0 msec : 0
39.1 msec : 0
39.2 msec : 0
39.3 msec : 0
39.4 msec : 0
39.5 msec : 0
39.6 msec : 0
39.7 msec : 0
39.8 msec : 0
39.9 msec : 0
40.0 msec : 0
40.1 msec : 0
40.2 msec : 0
40.3 msec : 0
40.4 msec : 0
40.5 msec : 0
40.6 msec : 0
40.7 msec : 0
40.8 msec : 0
40.9 msec : 0
41.0 msec : 0
41.1 msec : 0
41.2 msec : 0
41.3 msec : 0
41.4 msec : 0
41.5 msec : 0
41.6 msec : 0
41.7 msec : 0
41.8 msec : 0
41.9 msec : 0
42.0 msec : 0
42.1 msec : 0
42.2 msec : 0
42.3 msec : 0
