Middleware started...
Middleware shuts down...
Smaller resolution statistics are in a log file...
Final aggregates per worker:


Worker 7
Average throughput (ops/sec) = 351
Average response time (msec) = 2.4088857540983604
Average queue length = 0
Average wait time in queue (msec) = 0.16185168852459017
Average service time (msec) = 2.1804671475409836
Number of SET = 0
Number of GET = 351
Number of MULTI GET = 0


Worker 6
Average throughput (ops/sec) = 352
Average response time (msec) = 2.404985393442623
Average queue length = 0
Average wait time in queue (msec) = 0.15635981967213117
Average service time (msec) = 2.181416
Number of SET = 0
Number of GET = 352
Number of MULTI GET = 0


Worker 8
Average throughput (ops/sec) = 353
Average response time (msec) = 2.3984251311475413
Average queue length = 0
Average wait time in queue (msec) = 0.15878886885245902
Average service time (msec) = 2.1759301803278692
Number of SET = 0
Number of GET = 353
Number of MULTI GET = 0


Worker 3
Average throughput (ops/sec) = 352
Average response time (msec) = 2.4041861803278692
Average queue length = 0
Average wait time in queue (msec) = 0.1587697213114754
Average service time (msec) = 2.1790756721311477
Number of SET = 0
Number of GET = 352
Number of MULTI GET = 0


Worker 2
Average throughput (ops/sec) = 353
Average response time (msec) = 2.3999064098360656
Average queue length = 0
Average wait time in queue (msec) = 0.15881447540983606
Average service time (msec) = 2.176090524590164
Number of SET = 0
Number of GET = 353
Number of MULTI GET = 0


Worker 5
Average throughput (ops/sec) = 353
Average response time (msec) = 2.412053049180328
Average queue length = 0
Average wait time in queue (msec) = 0.16267650819672133
Average service time (msec) = 2.184360606557377
Number of SET = 0
Number of GET = 353
Number of MULTI GET = 0


Worker 4
Average throughput (ops/sec) = 355
Average response time (msec) = 2.4001625081967215
Average queue length = 0
Average wait time in queue (msec) = 0.16478931147540984
Average service time (msec) = 2.174507606557377
Number of SET = 0
Number of GET = 355
Number of MULTI GET = 0


Worker 1
Average throughput (ops/sec) = 355
Average response time (msec) = 2.405307737704918
Average queue length = 0
Average wait time in queue (msec) = 0.1692780819672131
Average service time (msec) = 2.169630557377049
Number of SET = 0
Number of GET = 355
Number of MULTI GET = 0


FINAL STATS
Average throughput (ops/sec) = 2824
Average response time (msec) = 2.376800325121269
Average queue length = 0
Average wait time in queue (msec) = 0.1614160594262295
Average service time (msec) = 2.177684786885246
Number of SET = 0
Number of GET = 353
Number of MULTI GET = 0
Number of Cache misses = 20069


Histogram response times (0.1 msec step)
0.0 msec : 1314
0.1 msec : 17144
0.2 msec : 33025
0.3 msec : 33054
0.4 msec : 25190
0.5 msec : 16965
0.6 msec : 11153
0.7 msec : 7654
0.8 msec : 5461
0.9 msec : 3689
1.0 msec : 2637
1.1 msec : 2049
1.2 msec : 1551
1.3 msec : 1238
1.4 msec : 1002
1.5 msec : 812
1.6 msec : 658
1.7 msec : 535
1.8 msec : 429
1.9 msec : 373
2.0 msec : 323
2.1 msec : 292
2.2 msec : 299
2.3 msec : 261
2.4 msec : 242
2.5 msec : 204
2.6 msec : 175
2.7 msec : 167
2.8 msec : 167
2.9 msec : 126
3.0 msec : 140
3.1 msec : 124
3.2 msec : 109
3.3 msec : 113
3.4 msec : 116
3.5 msec : 110
3.6 msec : 74
3.7 msec : 91
3.8 msec : 58
3.9 msec : 66
4.0 msec : 49
4.1 msec : 66
4.2 msec : 55
4.3 msec : 83
4.4 msec : 106
4.5 msec : 119
4.6 msec : 132
4.7 msec : 155
4.8 msec : 143
4.9 msec : 132
5.0 msec : 127
5.1 msec : 109
5.2 msec : 129
5.3 msec : 120
5.4 msec : 100
5.5 msec : 87
5.6 msec : 88
5.7 msec : 111
5.8 msec : 109
5.9 msec : 111
6.0 msec : 131
6.1 msec : 129
6.2 msec : 120
6.3 msec : 98
6.4 msec : 100
6.5 msec : 82
6.6 msec : 67
6.7 msec : 48
6.8 msec : 42
6.9 msec : 25
7.0 msec : 35
7.1 msec : 17
7.2 msec : 24
7.3 msec : 16
7.4 msec : 22
7.5 msec : 16
7.6 msec : 21
7.7 msec : 19
7.8 msec : 15
7.9 msec : 6
8.0 msec : 9
8.1 msec : 5
8.2 msec : 3
8.3 msec : 4
8.4 msec : 5
8.5 msec : 3
8.6 msec : 3
8.7 msec : 6
8.8 msec : 4
8.9 msec : 5
9.0 msec : 5
9.1 msec : 4
9.2 msec : 5
9.3 msec : 1
9.4 msec : 5
9.5 msec : 7
9.6 msec : 0
9.7 msec : 3
9.8 msec : 4
9.9 msec : 4
10.0 msec : 5
10.1 msec : 2
10.2 msec : 5
10.3 msec : 2
10.4 msec : 2
10.5 msec : 1
10.6 msec : 3
10.7 msec : 2
10.8 msec : 1
10.9 msec : 1
11.0 msec : 1
11.1 msec : 1
11.2 msec : 1
11.3 msec : 1
11.4 msec : 1
11.5 msec : 1
11.6 msec : 2
11.7 msec : 0
11.8 msec : 0
11.9 msec : 1
12.0 msec : 2
12.1 msec : 2
12.2 msec : 5
12.3 msec : 2
12.4 msec : 0
12.5 msec : 4
12.6 msec : 1
12.7 msec : 1
12.8 msec : 1
12.9 msec : 3
13.0 msec : 2
13.1 msec : 0
13.2 msec : 1
13.3 msec : 2
13.4 msec : 2
13.5 msec : 0
13.6 msec : 4
13.7 msec : 0
13.8 msec : 0
13.9 msec : 1
14.0 msec : 0
14.1 msec : 1
14.2 msec : 0
14.3 msec : 3
14.4 msec : 4
14.5 msec : 2
14.6 msec : 3
14.7 msec : 2
14.8 msec : 2
14.9 msec : 3
15.0 msec : 0
15.1 msec : 0
15.2 msec : 0
15.3 msec : 1
15.4 msec : 1
15.5 msec : 1
15.6 msec : 1
15.7 msec : 1
15.8 msec : 1
15.9 msec : 0
16.0 msec : 0
16.1 msec : 0
16.2 msec : 0
16.3 msec : 1
16.4 msec : 0
16.5 msec : 1
16.6 msec : 0
16.7 msec : 0
16.8 msec : 0
16.9 msec : 0
17.0 msec : 0
17.1 msec : 0
17.2 msec : 0
17.3 msec : 0
17.4 msec : 0
17.5 msec : 0
17.6 msec : 0
17.7 msec : 0
17.8 msec : 1
17.9 msec : 0
18.0 msec : 0
18.1 msec : 0
18.2 msec : 0
18.3 msec : 0
18.4 msec : 0
18.5 msec : 0
18.6 msec : 0
18.7 msec : 0
18.8 msec : 1
18.9 msec : 0
19.0 msec : 0
19.1 msec : 0
19.2 msec : 0
19.3 msec : 0
19.4 msec : 0
19.5 msec : 0
19.6 msec : 0
19.7 msec : 1
19.8 msec : 0
19.9 msec : 0
20.0 msec : 0
20.1 msec : 0
20.2 msec : 0
20.3 msec : 0
20.4 msec : 0
20.5 msec : 1
20.6 msec : 1
20.7 msec : 0
20.8 msec : 1
20.9 msec : 1
21.0 msec : 3
21.1 msec : 0
21.2 msec : 0
21.3 msec : 0
21.4 msec : 0
21.5 msec : 0
21.6 msec : 0
21.7 msec : 0
21.8 msec : 0
21.9 msec : 0
22.0 msec : 0
22.1 msec : 0
22.2 msec : 0
22.3 msec : 0
22.4 msec : 0
22.5 msec : 0
22.6 msec : 0
22.7 msec : 0
22.8 msec : 0
22.9 msec : 0
23.0 msec : 0
23.1 msec : 0
23.2 msec : 0
23.3 msec : 0
23.4 msec : 0
23.5 msec : 0
23.6 msec : 0
23.7 msec : 0
23.8 msec : 0
23.9 msec : 0
24.0 msec : 0
24.1 msec : 0
24.2 msec : 0
24.3 msec : 0
24.4 msec : 0
24.5 msec : 0
24.6 msec : 0
24.7 msec : 1
24.8 msec : 0
24.9 msec : 0
25.0 msec : 0
25.1 msec : 0
25.2 msec : 0
25.3 msec : 1
25.4 msec : 0
25.5 msec : 1
25.6 msec : 0
25.7 msec : 0
25.8 msec : 1
25.9 msec : 1
26.0 msec : 0
26.1 msec : 0
26.2 msec : 0
26.3 msec : 0
26.4 msec : 1
26.5 msec : 1
26.6 msec : 0
26.7 msec : 0
26.8 msec : 0
26.9 msec : 0
27.0 msec : 0
27.1 msec : 0
27.2 msec : 0
27.3 msec : 0
27.4 msec : 0
27.5 msec : 0
27.6 msec : 0
27.7 msec : 0
27.8 msec : 0
27.9 msec : 0
28.0 msec : 0
28.1 msec : 0
28.2 msec : 0
28.3 msec : 0
28.4 msec : 0
28.5 msec : 0
28.6 msec : 0
28.7 msec : 0
28.8 msec : 0
28.9 msec : 0
29.0 msec : 0
29.1 msec : 0
29.2 msec : 0
29.3 msec : 0
29.4 msec : 0
29.5 msec : 0
29.6 msec : 0
29.7 msec : 0
29.8 msec : 0
29.9 msec : 0
30.0 msec : 0
30.1 msec : 0
30.2 msec : 0
30.3 msec : 0
30.4 msec : 0
30.5 msec : 0
30.6 msec : 0
30.7 msec : 0
30.8 msec : 0
30.9 msec : 0
31.0 msec : 0
31.1 msec : 0
31.2 msec : 0
31.3 msec : 0
31.4 msec : 0
31.5 msec : 0
31.6 msec : 0
31.7 msec : 0
31.8 msec : 0
31.9 msec : 0
