Middleware started...
Middleware shuts down...
Smaller resolution statistics are in a log file...
Final aggregates per worker:


Worker 46
Average throughput (ops/sec) = 28
Average response time (msec) = 0.8656940655737705
Average queue length = 0
Average wait time in queue (msec) = 0.11280991803278688
Average service time (msec) = 0.7108153606557377
Number of SET = 0
Number of GET = 28
Number of MULTI GET = 0


Worker 47
Average throughput (ops/sec) = 28
Average response time (msec) = 0.8462367213114754
Average queue length = 0
Average wait time in queue (msec) = 0.08960747540983607
Average service time (msec) = 0.7111663442622951
Number of SET = 0
Number of GET = 28
Number of MULTI GET = 0


Worker 48
Average throughput (ops/sec) = 28
Average response time (msec) = 0.8781942131147541
Average queue length = 0
Average wait time in queue (msec) = 0.10231763934426229
Average service time (msec) = 0.710054131147541
Number of SET = 0
Number of GET = 28
Number of MULTI GET = 0


Worker 49
Average throughput (ops/sec) = 28
Average response time (msec) = 0.8628506721311476
Average queue length = 0
Average wait time in queue (msec) = 0.09079573770491804
Average service time (msec) = 0.7006499836065574
Number of SET = 0
Number of GET = 28
Number of MULTI GET = 0


Worker 42
Average throughput (ops/sec) = 28
Average response time (msec) = 0.8789786721311476
Average queue length = 0
Average wait time in queue (msec) = 0.14700381967213116
Average service time (msec) = 0.6911605573770492
Number of SET = 0
Number of GET = 28
Number of MULTI GET = 0


Worker 43
Average throughput (ops/sec) = 28
Average response time (msec) = 0.9189812786885246
Average queue length = 0
Average wait time in queue (msec) = 0.11612859016393443
Average service time (msec) = 0.7218247213114753
Number of SET = 0
Number of GET = 28
Number of MULTI GET = 0


Worker 44
Average throughput (ops/sec) = 28
Average response time (msec) = 0.8537963934426229
Average queue length = 0
Average wait time in queue (msec) = 0.09573881967213116
Average service time (msec) = 0.7146702459016393
Number of SET = 0
Number of GET = 28
Number of MULTI GET = 0


Worker 45
Average throughput (ops/sec) = 28
Average response time (msec) = 0.871432213114754
Average queue length = 0
Average wait time in queue (msec) = 0.11844013114754098
Average service time (msec) = 0.7137401475409836
Number of SET = 0
Number of GET = 28
Number of MULTI GET = 0


Worker 50
Average throughput (ops/sec) = 28
Average response time (msec) = 0.823729344262295
Average queue length = 0
Average wait time in queue (msec) = 0.10245940983606558
Average service time (msec) = 0.6805426721311476
Number of SET = 0
Number of GET = 28
Number of MULTI GET = 0


Worker 51
Average throughput (ops/sec) = 28
Average response time (msec) = 0.8763590327868853
Average queue length = 0
Average wait time in queue (msec) = 0.09853036065573771
Average service time (msec) = 0.7355903114754099
Number of SET = 0
Number of GET = 28
Number of MULTI GET = 0


Worker 52
Average throughput (ops/sec) = 28
Average response time (msec) = 0.8273985901639344
Average queue length = 0
Average wait time in queue (msec) = 0.10154918032786885
Average service time (msec) = 0.6851574262295083
Number of SET = 0
Number of GET = 28
Number of MULTI GET = 0


Worker 13
Average throughput (ops/sec) = 29
Average response time (msec) = 0.8347126666666667
Average queue length = 0
Average wait time in queue (msec) = 0.09499239999999999
Average service time (msec) = 0.7012658833333333
Number of SET = 0
Number of GET = 29
Number of MULTI GET = 0


Worker 57
Average throughput (ops/sec) = 28
Average response time (msec) = 0.8884956393442623
Average queue length = 0
Average wait time in queue (msec) = 0.10657473770491803
Average service time (msec) = 0.7423738524590163
Number of SET = 0
Number of GET = 28
Number of MULTI GET = 0


Worker 14
Average throughput (ops/sec) = 29
Average response time (msec) = 0.89664805
Average queue length = 0
Average wait time in queue (msec) = 0.11029063333333333
Average service time (msec) = 0.7478300166666667
Number of SET = 0
Number of GET = 29
Number of MULTI GET = 0


Worker 58
Average throughput (ops/sec) = 28
Average response time (msec) = 0.9114129508196721
Average queue length = 0
Average wait time in queue (msec) = 0.12611677049180328
Average service time (msec) = 0.7405053770491803
Number of SET = 0
Number of GET = 28
Number of MULTI GET = 0


Worker 15
Average throughput (ops/sec) = 28
Average response time (msec) = 0.8839397333333333
Average queue length = 0
Average wait time in queue (msec) = 0.11017026666666667
Average service time (msec) = 0.7231993333333334
Number of SET = 0
Number of GET = 28
Number of MULTI GET = 0


Worker 59
Average throughput (ops/sec) = 28
Average response time (msec) = 0.9076626229508197
Average queue length = 0
Average wait time in queue (msec) = 0.11786098360655738
Average service time (msec) = 0.7275674918032787
Number of SET = 0
Number of GET = 28
Number of MULTI GET = 0


Worker 16
Average throughput (ops/sec) = 28
Average response time (msec) = 0.8571078666666667
Average queue length = 0
Average wait time in queue (msec) = 0.1074315
Average service time (msec) = 0.7133127833333334
Number of SET = 0
Number of GET = 28
Number of MULTI GET = 0


Worker 53
Average throughput (ops/sec) = 28
Average response time (msec) = 0.8583784590163934
Average queue length = 0
Average wait time in queue (msec) = 0.11064703278688524
Average service time (msec) = 0.7077541639344263
Number of SET = 0
Number of GET = 28
Number of MULTI GET = 0


Worker 10
Average throughput (ops/sec) = 29
Average response time (msec) = 0.8443205500000001
Average queue length = 0
Average wait time in queue (msec) = 0.09910955
Average service time (msec) = 0.7035115833333334
Number of SET = 0
Number of GET = 29
Number of MULTI GET = 0


Worker 54
Average throughput (ops/sec) = 28
Average response time (msec) = 0.841255475409836
Average queue length = 0
Average wait time in queue (msec) = 0.10501075409836066
Average service time (msec) = 0.695836737704918
Number of SET = 0
Number of GET = 28
Number of MULTI GET = 0


Worker 11
Average throughput (ops/sec) = 28
Average response time (msec) = 0.8350902166666667
Average queue length = 0
Average wait time in queue (msec) = 0.10220033333333332
Average service time (msec) = 0.6958343
Number of SET = 0
Number of GET = 28
Number of MULTI GET = 0


Worker 55
Average throughput (ops/sec) = 28
Average response time (msec) = 0.8622724098360656
Average queue length = 0
Average wait time in queue (msec) = 0.11965611475409836
Average service time (msec) = 0.7012560819672131
Number of SET = 0
Number of GET = 28
Number of MULTI GET = 0


Worker 12
Average throughput (ops/sec) = 29
Average response time (msec) = 0.8093024666666667
Average queue length = 0
Average wait time in queue (msec) = 0.10076175
Average service time (msec) = 0.6696555333333333
Number of SET = 0
Number of GET = 29
Number of MULTI GET = 0


Worker 56
Average throughput (ops/sec) = 28
Average response time (msec) = 0.8567312459016393
Average queue length = 0
Average wait time in queue (msec) = 0.09316822950819671
Average service time (msec) = 0.7241802786885246
Number of SET = 0
Number of GET = 28
Number of MULTI GET = 0


Worker 17
Average throughput (ops/sec) = 28
Average response time (msec) = 0.8615024166666666
Average queue length = 0
Average wait time in queue (msec) = 0.10632164999999999
Average service time (msec) = 0.7160505
Number of SET = 0
Number of GET = 28
Number of MULTI GET = 0


Worker 18
Average throughput (ops/sec) = 29
Average response time (msec) = 0.8398739333333334
Average queue length = 0
Average wait time in queue (msec) = 0.11135356666666667
Average service time (msec) = 0.6900550833333333
Number of SET = 0
Number of GET = 29
Number of MULTI GET = 0


Worker 19
Average throughput (ops/sec) = 28
Average response time (msec) = 0.8593509333333333
Average queue length = 0
Average wait time in queue (msec) = 0.09816671666666665
Average service time (msec) = 0.7226746666666666
Number of SET = 0
Number of GET = 28
Number of MULTI GET = 0


Worker 60
Average throughput (ops/sec) = 28
Average response time (msec) = 0.8757068360655738
Average queue length = 0
Average wait time in queue (msec) = 0.1089215081967213
Average service time (msec) = 0.7270246885245901
Number of SET = 0
Number of GET = 28
Number of MULTI GET = 0


Worker 61
Average throughput (ops/sec) = 28
Average response time (msec) = 0.8484053606557377
Average queue length = 0
Average wait time in queue (msec) = 0.1015350655737705
Average service time (msec) = 0.7053280983606557
Number of SET = 0
Number of GET = 28
Number of MULTI GET = 0


Worker 62
Average throughput (ops/sec) = 28
Average response time (msec) = 0.8378491475409836
Average queue length = 0
Average wait time in queue (msec) = 0.09850072131147541
Average service time (msec) = 0.6987059836065573
Number of SET = 0
Number of GET = 28
Number of MULTI GET = 0


Worker 63
Average throughput (ops/sec) = 28
Average response time (msec) = 0.8324406065573771
Average queue length = 0
Average wait time in queue (msec) = 0.1081804918032787
Average service time (msec) = 0.6851523606557377
Number of SET = 0
Number of GET = 28
Number of MULTI GET = 0


Worker 7
Average throughput (ops/sec) = 28
Average response time (msec) = 0.8302435666666667
Average queue length = 0
Average wait time in queue (msec) = 0.1035724
Average service time (msec) = 0.6872607
Number of SET = 0
Number of GET = 28
Number of MULTI GET = 0


Worker 24
Average throughput (ops/sec) = 28
Average response time (msec) = 0.9043647049180328
Average queue length = 0
Average wait time in queue (msec) = 0.08583119672131147
Average service time (msec) = 0.7453142786885246
Number of SET = 0
Number of GET = 28
Number of MULTI GET = 0


Worker 25
Average throughput (ops/sec) = 28
Average response time (msec) = 0.8267561166666667
Average queue length = 0
Average wait time in queue (msec) = 0.09076593333333334
Average service time (msec) = 0.69815735
Number of SET = 0
Number of GET = 28
Number of MULTI GET = 0


Worker 6
Average throughput (ops/sec) = 28
Average response time (msec) = 0.8526276666666667
Average queue length = 0
Average wait time in queue (msec) = 0.10254353333333334
Average service time (msec) = 0.7090018
Number of SET = 0
Number of GET = 28
Number of MULTI GET = 0


Worker 26
Average throughput (ops/sec) = 28
Average response time (msec) = 0.8454178
Average queue length = 0
Average wait time in queue (msec) = 0.09955941666666668
Average service time (msec) = 0.7072008166666667
Number of SET = 0
Number of GET = 28
Number of MULTI GET = 0


Worker 9
Average throughput (ops/sec) = 28
Average response time (msec) = 0.878483
Average queue length = 0
Average wait time in queue (msec) = 0.10120386666666667
Average service time (msec) = 0.7364726833333334
Number of SET = 0
Number of GET = 28
Number of MULTI GET = 0


Worker 27
Average throughput (ops/sec) = 28
Average response time (msec) = 0.8530806
Average queue length = 0
Average wait time in queue (msec) = 0.11197121666666666
Average service time (msec) = 0.6973777
Number of SET = 0
Number of GET = 28
Number of MULTI GET = 0


Worker 8
Average throughput (ops/sec) = 28
Average response time (msec) = 0.883373
Average queue length = 0
Average wait time in queue (msec) = 0.0954444
Average service time (msec) = 0.7473635166666667
Number of SET = 0
Number of GET = 28
Number of MULTI GET = 0


Worker 20
Average throughput (ops/sec) = 28
Average response time (msec) = 0.8612744333333333
Average queue length = 0
Average wait time in queue (msec) = 0.11391518333333334
Average service time (msec) = 0.70742035
Number of SET = 0
Number of GET = 28
Number of MULTI GET = 0


Worker 3
Average throughput (ops/sec) = 28
Average response time (msec) = 0.8284969344262295
Average queue length = 0
Average wait time in queue (msec) = 0.09216901639344262
Average service time (msec) = 0.6905658032786886
Number of SET = 0
Number of GET = 28
Number of MULTI GET = 0


Worker 64
Average throughput (ops/sec) = 28
Average response time (msec) = 0.8720443770491804
Average queue length = 0
Average wait time in queue (msec) = 0.10429159016393443
Average service time (msec) = 0.7207169016393443
Number of SET = 0
Number of GET = 28
Number of MULTI GET = 0


Worker 21
Average throughput (ops/sec) = 28
Average response time (msec) = 0.8246593000000001
Average queue length = 0
Average wait time in queue (msec) = 0.09221235000000001
Average service time (msec) = 0.6950854666666667
Number of SET = 0
Number of GET = 28
Number of MULTI GET = 0


Worker 2
Average throughput (ops/sec) = 28
Average response time (msec) = 0.83100505
Average queue length = 0
Average wait time in queue (msec) = 0.09897813333333333
Average service time (msec) = 0.6908564166666666
Number of SET = 0
Number of GET = 28
Number of MULTI GET = 0


Worker 22
Average throughput (ops/sec) = 29
Average response time (msec) = 0.8690636333333333
Average queue length = 0
Average wait time in queue (msec) = 0.11282046666666666
Average service time (msec) = 0.7186291833333334
Number of SET = 0
Number of GET = 29
Number of MULTI GET = 0


Worker 5
Average throughput (ops/sec) = 28
Average response time (msec) = 0.8432629333333334
Average queue length = 0
Average wait time in queue (msec) = 0.09400488333333333
Average service time (msec) = 0.7050368833333333
Number of SET = 0
Number of GET = 28
Number of MULTI GET = 0


Worker 23
Average throughput (ops/sec) = 28
Average response time (msec) = 0.8518075833333334
Average queue length = 0
Average wait time in queue (msec) = 0.09014753333333334
Average service time (msec) = 0.7240047
Number of SET = 0
Number of GET = 28
Number of MULTI GET = 0


Worker 4
Average throughput (ops/sec) = 29
Average response time (msec) = 0.8447943833333333
Average queue length = 0
Average wait time in queue (msec) = 0.09103006666666666
Average service time (msec) = 0.7157220833333334
Number of SET = 0
Number of GET = 29
Number of MULTI GET = 0


Worker 28
Average throughput (ops/sec) = 28
Average response time (msec) = 0.8957797666666667
Average queue length = 0
Average wait time in queue (msec) = 0.109039
Average service time (msec) = 0.7449146833333333
Number of SET = 0
Number of GET = 28
Number of MULTI GET = 0


Worker 29
Average throughput (ops/sec) = 28
Average response time (msec) = 0.889560131147541
Average queue length = 0
Average wait time in queue (msec) = 0.10562360655737704
Average service time (msec) = 0.7414728032786886
Number of SET = 0
Number of GET = 28
Number of MULTI GET = 0


Worker 1
Average throughput (ops/sec) = 28
Average response time (msec) = 0.8228057333333333
Average queue length = 0
Average wait time in queue (msec) = 0.09774423333333333
Average service time (msec) = 0.68378995
Number of SET = 0
Number of GET = 28
Number of MULTI GET = 0


Worker 30
Average throughput (ops/sec) = 28
Average response time (msec) = 0.8287039016393443
Average queue length = 0
Average wait time in queue (msec) = 0.08950777049180328
Average service time (msec) = 0.6985276393442623
Number of SET = 0
Number of GET = 28
Number of MULTI GET = 0


Worker 35
Average throughput (ops/sec) = 28
Average response time (msec) = 0.8605369508196721
Average queue length = 0
Average wait time in queue (msec) = 0.09971355737704918
Average service time (msec) = 0.7183955573770492
Number of SET = 0
Number of GET = 28
Number of MULTI GET = 0


Worker 36
Average throughput (ops/sec) = 28
Average response time (msec) = 0.8318121311475409
Average queue length = 0
Average wait time in queue (msec) = 0.09337427868852459
Average service time (msec) = 0.6966740983606557
Number of SET = 0
Number of GET = 28
Number of MULTI GET = 0


Worker 37
Average throughput (ops/sec) = 28
Average response time (msec) = 0.8255990983606557
Average queue length = 0
Average wait time in queue (msec) = 0.1035310655737705
Average service time (msec) = 0.6815719180327869
Number of SET = 0
Number of GET = 28
Number of MULTI GET = 0


Worker 38
Average throughput (ops/sec) = 28
Average response time (msec) = 0.8601939016393443
Average queue length = 0
Average wait time in queue (msec) = 0.10270018032786885
Average service time (msec) = 0.7183388852459016
Number of SET = 0
Number of GET = 28
Number of MULTI GET = 0


Worker 31
Average throughput (ops/sec) = 28
Average response time (msec) = 0.8703926229508196
Average queue length = 0
Average wait time in queue (msec) = 0.10689890163934426
Average service time (msec) = 0.7218019344262295
Number of SET = 0
Number of GET = 28
Number of MULTI GET = 0


Worker 32
Average throughput (ops/sec) = 28
Average response time (msec) = 0.8705762295081967
Average queue length = 0
Average wait time in queue (msec) = 0.092603
Average service time (msec) = 0.7384319344262296
Number of SET = 0
Number of GET = 28
Number of MULTI GET = 0


Worker 33
Average throughput (ops/sec) = 28
Average response time (msec) = 0.8564244918032787
Average queue length = 0
Average wait time in queue (msec) = 0.09417622950819672
Average service time (msec) = 0.7205595409836066
Number of SET = 0
Number of GET = 28
Number of MULTI GET = 0


Worker 34
Average throughput (ops/sec) = 28
Average response time (msec) = 0.8794062131147541
Average queue length = 0
Average wait time in queue (msec) = 0.08786929508196721
Average service time (msec) = 0.751138737704918
Number of SET = 0
Number of GET = 28
Number of MULTI GET = 0


Worker 39
Average throughput (ops/sec) = 28
Average response time (msec) = 0.819062918032787
Average queue length = 0
Average wait time in queue (msec) = 0.08993314754098361
Average service time (msec) = 0.689758475409836
Number of SET = 0
Number of GET = 28
Number of MULTI GET = 0


Worker 40
Average throughput (ops/sec) = 28
Average response time (msec) = 0.839868131147541
Average queue length = 0
Average wait time in queue (msec) = 0.09629563934426229
Average service time (msec) = 0.7021593278688524
Number of SET = 0
Number of GET = 28
Number of MULTI GET = 0


Worker 41
Average throughput (ops/sec) = 28
Average response time (msec) = 0.8765380983606557
Average queue length = 0
Average wait time in queue (msec) = 0.13275144262295083
Average service time (msec) = 0.7039304098360656
Number of SET = 0
Number of GET = 28
Number of MULTI GET = 0


FINAL STATS
Average throughput (ops/sec) = 1799
Average response time (msec) = 0.8467435277677605
Average queue length = 0
Average wait time in queue (msec) = 0.10304022489327186
Average service time (msec) = 0.7112828004525273
Number of SET = 0
Number of GET = 1799
Number of MULTI GET = 0
Number of Cache misses = 260
Arrival rate (lambda) = [0, 0, 0, 0, 0, 3, 1649, 1847, 1876, 1630, 1848, 1892, 1914, 1920, 1795, 1846, 1960, 1858, 1807, 1792, 1633, 1710, 1876, 1781, 1414, 1817, 1769, 1862, 1826, 1870, 1813, 1914, 1979, 1847, 1883, 1822, 1950, 1944, 1879, 1964, 1903, 1964, 1933, 1870, 1858, 1831, 1971, 1840, 1863, 1817, 1778, 1825, 1982, 1916, 1945, 1833, 1810, 1877, 1889, 1894, 1853, 1942, 1879, 1868, 1841, 1748, 5, 0]


Histogram response times (0.1 msec step)
0.0 msec : 588
0.1 msec : 6016
0.2 msec : 17014
0.3 msec : 25227
0.4 msec : 21146
0.5 msec : 10970
0.6 msec : 6973
0.7 msec : 5317
0.8 msec : 3997
0.9 msec : 2353
1.0 msec : 1710
1.1 msec : 1244
1.2 msec : 893
1.3 msec : 658
1.4 msec : 464
1.5 msec : 374
1.6 msec : 362
1.7 msec : 382
1.8 msec : 357
1.9 msec : 230
2.0 msec : 218
2.1 msec : 239
2.2 msec : 207
2.3 msec : 178
2.4 msec : 235
2.5 msec : 181
2.6 msec : 213
2.7 msec : 247
2.8 msec : 196
2.9 msec : 179
3.0 msec : 215
3.1 msec : 202
3.2 msec : 164
3.3 msec : 152
3.4 msec : 180
3.5 msec : 128
3.6 msec : 165
3.7 msec : 170
3.8 msec : 126
3.9 msec : 77
4.0 msec : 52
4.1 msec : 50
4.2 msec : 34
4.3 msec : 26
4.4 msec : 25
4.5 msec : 37
4.6 msec : 29
4.7 msec : 32
4.8 msec : 23
4.9 msec : 26
5.0 msec : 5
5.1 msec : 19
5.2 msec : 33
5.3 msec : 18
5.4 msec : 21
5.5 msec : 25
5.6 msec : 17
5.7 msec : 19
5.8 msec : 14
5.9 msec : 5
6.0 msec : 6
6.1 msec : 21
6.2 msec : 27
6.3 msec : 18
6.4 msec : 22
6.5 msec : 24
6.6 msec : 33
6.7 msec : 24
6.8 msec : 13
6.9 msec : 10
7.0 msec : 23
7.1 msec : 24
7.2 msec : 21
7.3 msec : 25
7.4 msec : 19
7.5 msec : 32
7.6 msec : 5
7.7 msec : 7
7.8 msec : 8
7.9 msec : 10
8.0 msec : 7
8.1 msec : 1
8.2 msec : 4
8.3 msec : 5
8.4 msec : 4
8.5 msec : 5
8.6 msec : 3
8.7 msec : 9
8.8 msec : 1
8.9 msec : 7
9.0 msec : 0
9.1 msec : 0
9.2 msec : 0
9.3 msec : 0
9.4 msec : 0
9.5 msec : 2
9.6 msec : 1
9.7 msec : 4
9.8 msec : 4
9.9 msec : 1
10.0 msec : 1
10.1 msec : 0
10.2 msec : 1
10.3 msec : 0
10.4 msec : 0
10.5 msec : 0
10.6 msec : 0
10.7 msec : 0
10.8 msec : 0
10.9 msec : 1
11.0 msec : 0
11.1 msec : 0
11.2 msec : 0
11.3 msec : 0
11.4 msec : 0
11.5 msec : 0
11.6 msec : 0
11.7 msec : 0
11.8 msec : 0
11.9 msec : 0
12.0 msec : 0
12.1 msec : 0
12.2 msec : 0
12.3 msec : 0
12.4 msec : 0
12.5 msec : 0
12.6 msec : 0
12.7 msec : 0
12.8 msec : 0
12.9 msec : 1
13.0 msec : 0
13.1 msec : 0
13.2 msec : 0
13.3 msec : 0
13.4 msec : 0
13.5 msec : 0
13.6 msec : 4
13.7 msec : 0
13.8 msec : 0
13.9 msec : 0
14.0 msec : 0
14.1 msec : 0
14.2 msec : 0
14.3 msec : 1
14.4 msec : 0
14.5 msec : 0
14.6 msec : 0
14.7 msec : 3
14.8 msec : 0
14.9 msec : 0
15.0 msec : 0
15.1 msec : 0
15.2 msec : 0
15.3 msec : 0
15.4 msec : 0
15.5 msec : 1
15.6 msec : 0
15.7 msec : 0
15.8 msec : 0
15.9 msec : 0
16.0 msec : 0
16.1 msec : 0
16.2 msec : 0
16.3 msec : 0
16.4 msec : 0
16.5 msec : 0
16.6 msec : 0
16.7 msec : 0
16.8 msec : 0
16.9 msec : 0
17.0 msec : 0
17.1 msec : 0
17.2 msec : 0
17.3 msec : 0
17.4 msec : 0
17.5 msec : 0
17.6 msec : 0
17.7 msec : 0
17.8 msec : 0
17.9 msec : 0
18.0 msec : 0
18.1 msec : 0
18.2 msec : 0
18.3 msec : 0
18.4 msec : 0
18.5 msec : 0
18.6 msec : 0
18.7 msec : 0
18.8 msec : 0
18.9 msec : 0
19.0 msec : 0
19.1 msec : 0
19.2 msec : 0
19.3 msec : 0
19.4 msec : 0
19.5 msec : 0
19.6 msec : 0
19.7 msec : 0
19.8 msec : 0
19.9 msec : 0
20.0 msec : 0
20.1 msec : 0
20.2 msec : 1
20.3 msec : 1
20.4 msec : 0
20.5 msec : 0
20.6 msec : 0
20.7 msec : 0
20.8 msec : 0
20.9 msec : 0
21.0 msec : 0
21.1 msec : 0
21.2 msec : 0
21.3 msec : 1
21.4 msec : 0
21.5 msec : 0
21.6 msec : 0
21.7 msec : 0
21.8 msec : 0
21.9 msec : 1
22.0 msec : 0
22.1 msec : 0
22.2 msec : 0
22.3 msec : 0
22.4 msec : 2
22.5 msec : 0
22.6 msec : 0
22.7 msec : 0
22.8 msec : 0
22.9 msec : 0
23.0 msec : 0
23.1 msec : 0
23.2 msec : 0
23.3 msec : 0
23.4 msec : 0
23.5 msec : 0
23.6 msec : 0
23.7 msec : 0
23.8 msec : 0
23.9 msec : 0
24.0 msec : 0
24.1 msec : 0
24.2 msec : 0
24.3 msec : 0
24.4 msec : 0
24.5 msec : 0
24.6 msec : 0
24.7 msec : 0
24.8 msec : 0
24.9 msec : 0
25.0 msec : 0
25.1 msec : 0
25.2 msec : 0
25.3 msec : 0
25.4 msec : 0
25.5 msec : 0
25.6 msec : 0
25.7 msec : 0
25.8 msec : 0
25.9 msec : 1
26.0 msec : 0
26.1 msec : 0
26.2 msec : 3
26.3 msec : 0
26.4 msec : 0
26.5 msec : 1
26.6 msec : 1
26.7 msec : 0
26.8 msec : 0
26.9 msec : 0
27.0 msec : 0
27.1 msec : 0
27.2 msec : 2
27.3 msec : 0
27.4 msec : 0
27.5 msec : 0
27.6 msec : 0
27.7 msec : 0
27.8 msec : 0
27.9 msec : 0
28.0 msec : 0
28.1 msec : 0
28.2 msec : 0
28.3 msec : 0
28.4 msec : 0
28.5 msec : 0
28.6 msec : 0
28.7 msec : 0
28.8 msec : 0
28.9 msec : 0
29.0 msec : 0
29.1 msec : 0
29.2 msec : 0
29.3 msec : 0
29.4 msec : 0
29.5 msec : 0
29.6 msec : 0
29.7 msec : 0
29.8 msec : 0
29.9 msec : 0
30.0 msec : 0
30.1 msec : 0
30.2 msec : 0
30.3 msec : 0
30.4 msec : 0
30.5 msec : 0
30.6 msec : 0
30.7 msec : 0
30.8 msec : 0
30.9 msec : 0
31.0 msec : 0
31.1 msec : 0
31.2 msec : 0
31.3 msec : 0
31.4 msec : 0
31.5 msec : 0
31.6 msec : 0
31.7 msec : 0
31.8 msec : 0
31.9 msec : 0
32.0 msec : 0
32.1 msec : 0
32.2 msec : 0
32.3 msec : 0
32.4 msec : 0
32.5 msec : 0
32.6 msec : 0
32.7 msec : 0
32.8 msec : 0
32.9 msec : 0
33.0 msec : 0
33.1 msec : 0
33.2 msec : 0
33.3 msec : 0
33.4 msec : 0
33.5 msec : 0
33.6 msec : 0
33.7 msec : 0
33.8 msec : 0
33.9 msec : 0
34.0 msec : 0
34.1 msec : 0
34.2 msec : 0
34.3 msec : 0
34.4 msec : 0
34.5 msec : 0
34.6 msec : 0
34.7 msec : 0
34.8 msec : 0
34.9 msec : 0
35.0 msec : 0
35.1 msec : 0
35.2 msec : 0
35.3 msec : 0
35.4 msec : 0
35.5 msec : 0
35.6 msec : 0
35.7 msec : 0
35.8 msec : 0
35.9 msec : 0
36.0 msec : 0
36.1 msec : 0
36.2 msec : 0
36.3 msec : 0
36.4 msec : 0
36.5 msec : 0
36.6 msec : 0
36.7 msec : 0
36.8 msec : 0
36.9 msec : 0
37.0 msec : 0
37.1 msec : 0
37.2 msec : 0
37.3 msec : 0
37.4 msec : 0
37.5 msec : 0
37.6 msec : 0
37.7 msec : 0
37.8 msec : 1
37.9 msec : 0
38.0 msec : 0
38.1 msec : 1
38.2 msec : 3
38.3 msec : 0
38.4 msec : 0
38.5 msec : 0
38.6 msec : 0
38.7 msec : 0
38.8 msec : 0
38.9 msec : 0
39.0 msec : 0
39.1 msec : 0
39.2 msec : 0
39.3 msec : 0
39.4 msec : 0
39.5 msec : 0
39.6 msec : 0
39.7 msec : 0
39.8 msec : 0
39.9 msec : 0
40.0 msec : 0
40.1 msec : 0
40.2 msec : 0
40.3 msec : 0
40.4 msec : 0
40.5 msec : 0
40.6 msec : 0
40.7 msec : 0
40.8 msec : 0
40.9 msec : 0
41.0 msec : 0
41.1 msec : 0
41.2 msec : 0
41.3 msec : 0
41.4 msec : 0
41.5 msec : 0
41.6 msec : 0
41.7 msec : 0
41.8 msec : 0
41.9 msec : 0
42.0 msec : 0
42.1 msec : 0
42.2 msec : 0
42.3 msec : 0
42.4 msec : 0
42.5 msec : 0
42.6 msec : 0
42.7 msec : 0
42.8 msec : 0
42.9 msec : 0
43.0 msec : 0
43.1 msec : 0
43.2 msec : 0
43.3 msec : 0
43.4 msec : 0
43.5 msec : 0
43.6 msec : 0
43.7 msec : 0
43.8 msec : 0
43.9 msec : 0
44.0 msec : 0
44.1 msec : 0
44.2 msec : 0
44.3 msec : 0
44.4 msec : 0
44.5 msec : 0
44.6 msec : 0
44.7 msec : 0
44.8 msec : 0
44.9 msec : 0
45.0 msec : 0
45.1 msec : 0
45.2 msec : 0
45.3 msec : 0
45.4 msec : 0
45.5 msec : 0
45.6 msec : 0
45.7 msec : 0
45.8 msec : 0
45.9 msec : 0
46.0 msec : 0
46.1 msec : 0
46.2 msec : 0
46.3 msec : 0
46.4 msec : 0
46.5 msec : 0
46.6 msec : 0
46.7 msec : 0
46.8 msec : 0
46.9 msec : 0
47.0 msec : 0
47.1 msec : 0
47.2 msec : 0
47.3 msec : 0
47.4 msec : 0
47.5 msec : 0
47.6 msec : 0
47.7 msec : 0
47.8 msec : 0
47.9 msec : 0
48.0 msec : 0
48.1 msec : 0
48.2 msec : 0
48.3 msec : 0
48.4 msec : 0
48.5 msec : 0
48.6 msec : 0
48.7 msec : 0
48.8 msec : 0
48.9 msec : 0
49.0 msec : 0
49.1 msec : 0
49.2 msec : 0
49.3 msec : 0
49.4 msec : 0
49.5 msec : 0
49.6 msec : 0
49.7 msec : 0
49.8 msec : 0
49.9 msec : 0
50.0 msec : 0
50.1 msec : 0
50.2 msec : 0
50.3 msec : 0
50.4 msec : 0
50.5 msec : 0
50.6 msec : 0
50.7 msec : 0
50.8 msec : 0
50.9 msec : 0
51.0 msec : 0
51.1 msec : 0
51.2 msec : 0
51.3 msec : 0
51.4 msec : 0
51.5 msec : 0
51.6 msec : 0
51.7 msec : 0
51.8 msec : 0
51.9 msec : 0
52.0 msec : 0
52.1 msec : 0
52.2 msec : 0
52.3 msec : 0
52.4 msec : 0
52.5 msec : 0
52.6 msec : 0
52.7 msec : 0
52.8 msec : 0
52.9 msec : 0
53.0 msec : 0
53.1 msec : 0
53.2 msec : 0
53.3 msec : 0
53.4 msec : 0
53.5 msec : 0
53.6 msec : 0
53.7 msec : 0
53.8 msec : 0
