Middleware started...
Middleware shuts down...
Smaller resolution statistics are in a log file...
Final aggregates per worker:


Worker 46
Average throughput (ops/sec) = 46
Average response time (msec) = 0.8884577540983607
Average queue length = 0
Average wait time in queue (msec) = 0.18620970491803276
Average service time (msec) = 0.6560905901639343
Number of SET = 0
Number of GET = 46
Number of MULTI GET = 0


Worker 47
Average throughput (ops/sec) = 46
Average response time (msec) = 0.8812070327868853
Average queue length = 0
Average wait time in queue (msec) = 0.17636260655737707
Average service time (msec) = 0.6513254262295083
Number of SET = 0
Number of GET = 46
Number of MULTI GET = 0


Worker 48
Average throughput (ops/sec) = 46
Average response time (msec) = 0.8911152295081967
Average queue length = 0
Average wait time in queue (msec) = 0.18733368852459018
Average service time (msec) = 0.6568179016393443
Number of SET = 0
Number of GET = 46
Number of MULTI GET = 0


Worker 49
Average throughput (ops/sec) = 45
Average response time (msec) = 0.9097255081967213
Average queue length = 0
Average wait time in queue (msec) = 0.1783920819672131
Average service time (msec) = 0.6866438852459017
Number of SET = 0
Number of GET = 45
Number of MULTI GET = 0


Worker 42
Average throughput (ops/sec) = 45
Average response time (msec) = 0.8752564426229508
Average queue length = 0
Average wait time in queue (msec) = 0.17880844262295081
Average service time (msec) = 0.6523267868852459
Number of SET = 0
Number of GET = 45
Number of MULTI GET = 0


Worker 43
Average throughput (ops/sec) = 45
Average response time (msec) = 1.0047264262295081
Average queue length = 0
Average wait time in queue (msec) = 0.24772470491803278
Average service time (msec) = 0.7122102131147541
Number of SET = 0
Number of GET = 45
Number of MULTI GET = 0


Worker 44
Average throughput (ops/sec) = 46
Average response time (msec) = 0.9114425901639344
Average queue length = 0
Average wait time in queue (msec) = 0.18880968852459015
Average service time (msec) = 0.6773627704918033
Number of SET = 0
Number of GET = 46
Number of MULTI GET = 0


Worker 45
Average throughput (ops/sec) = 46
Average response time (msec) = 0.9830773278688524
Average queue length = 0
Average wait time in queue (msec) = 0.1966535901639344
Average service time (msec) = 0.7365090491803279
Number of SET = 0
Number of GET = 46
Number of MULTI GET = 0


Worker 50
Average throughput (ops/sec) = 46
Average response time (msec) = 0.8867292950819673
Average queue length = 0
Average wait time in queue (msec) = 0.1811980163934426
Average service time (msec) = 0.6486506393442623
Number of SET = 0
Number of GET = 46
Number of MULTI GET = 0


Worker 51
Average throughput (ops/sec) = 46
Average response time (msec) = 0.8691737868852459
Average queue length = 0
Average wait time in queue (msec) = 0.1823280655737705
Average service time (msec) = 0.6419501639344263
Number of SET = 0
Number of GET = 46
Number of MULTI GET = 0


Worker 52
Average throughput (ops/sec) = 46
Average response time (msec) = 0.8705663278688525
Average queue length = 0
Average wait time in queue (msec) = 0.17355447540983607
Average service time (msec) = 0.6517864918032786
Number of SET = 0
Number of GET = 46
Number of MULTI GET = 0


Worker 57
Average throughput (ops/sec) = 46
Average response time (msec) = 0.8958196885245902
Average queue length = 0
Average wait time in queue (msec) = 0.1856152786885246
Average service time (msec) = 0.6670715081967213
Number of SET = 0
Number of GET = 46
Number of MULTI GET = 0


Worker 13
Average throughput (ops/sec) = 46
Average response time (msec) = 0.886826081967213
Average queue length = 0
Average wait time in queue (msec) = 0.1816229344262295
Average service time (msec) = 0.6620963606557377
Number of SET = 0
Number of GET = 46
Number of MULTI GET = 0


Worker 58
Average throughput (ops/sec) = 46
Average response time (msec) = 1.0556500983606558
Average queue length = 0
Average wait time in queue (msec) = 0.32995295081967213
Average service time (msec) = 0.6783930983606558
Number of SET = 0
Number of GET = 46
Number of MULTI GET = 0


Worker 14
Average throughput (ops/sec) = 46
Average response time (msec) = 0.9375075737704918
Average queue length = 0
Average wait time in queue (msec) = 0.21554406557377048
Average service time (msec) = 0.6779802459016393
Number of SET = 0
Number of GET = 46
Number of MULTI GET = 0


Worker 59
Average throughput (ops/sec) = 46
Average response time (msec) = 0.916838606557377
Average queue length = 0
Average wait time in queue (msec) = 0.16545432786885247
Average service time (msec) = 0.7077657704918033
Number of SET = 0
Number of GET = 46
Number of MULTI GET = 0


Worker 15
Average throughput (ops/sec) = 46
Average response time (msec) = 0.8876539508196721
Average queue length = 0
Average wait time in queue (msec) = 0.17281345901639344
Average service time (msec) = 0.6577251803278689
Number of SET = 0
Number of GET = 46
Number of MULTI GET = 0


Worker 16
Average throughput (ops/sec) = 45
Average response time (msec) = 0.8813092950819672
Average queue length = 0
Average wait time in queue (msec) = 0.1780565737704918
Average service time (msec) = 0.6581400327868853
Number of SET = 0
Number of GET = 45
Number of MULTI GET = 0


Worker 53
Average throughput (ops/sec) = 46
Average response time (msec) = 0.9370513770491803
Average queue length = 0
Average wait time in queue (msec) = 0.22363009836065575
Average service time (msec) = 0.6643049016393443
Number of SET = 0
Number of GET = 46
Number of MULTI GET = 0


Worker 54
Average throughput (ops/sec) = 46
Average response time (msec) = 0.9158110163934426
Average queue length = 0
Average wait time in queue (msec) = 0.18434457377049182
Average service time (msec) = 0.6850020819672131
Number of SET = 0
Number of GET = 46
Number of MULTI GET = 0


Worker 10
Average throughput (ops/sec) = 46
Average response time (msec) = 0.8921138032786886
Average queue length = 0
Average wait time in queue (msec) = 0.1867249344262295
Average service time (msec) = 0.6619101311475409
Number of SET = 0
Number of GET = 46
Number of MULTI GET = 0


Worker 55
Average throughput (ops/sec) = 46
Average response time (msec) = 1.0567126229508197
Average queue length = 0
Average wait time in queue (msec) = 0.3203660819672131
Average service time (msec) = 0.691157524590164
Number of SET = 0
Number of GET = 46
Number of MULTI GET = 0


Worker 11
Average throughput (ops/sec) = 46
Average response time (msec) = 0.8940483278688525
Average queue length = 0
Average wait time in queue (msec) = 0.19618239344262295
Average service time (msec) = 0.6461752950819672
Number of SET = 0
Number of GET = 46
Number of MULTI GET = 0


Worker 56
Average throughput (ops/sec) = 46
Average response time (msec) = 0.9237717213114753
Average queue length = 0
Average wait time in queue (msec) = 0.18349465573770493
Average service time (msec) = 0.697048868852459
Number of SET = 0
Number of GET = 46
Number of MULTI GET = 0


Worker 12
Average throughput (ops/sec) = 46
Average response time (msec) = 0.881563737704918
Average queue length = 0
Average wait time in queue (msec) = 0.16627903278688524
Average service time (msec) = 0.6716314098360656
Number of SET = 0
Number of GET = 46
Number of MULTI GET = 0


Worker 17
Average throughput (ops/sec) = 46
Average response time (msec) = 0.9033612459016394
Average queue length = 0
Average wait time in queue (msec) = 0.17885301639344262
Average service time (msec) = 0.679508262295082
Number of SET = 0
Number of GET = 46
Number of MULTI GET = 0


Worker 18
Average throughput (ops/sec) = 46
Average response time (msec) = 0.9251793278688524
Average queue length = 0
Average wait time in queue (msec) = 0.183556737704918
Average service time (msec) = 0.6896807213114754
Number of SET = 0
Number of GET = 46
Number of MULTI GET = 0


Worker 19
Average throughput (ops/sec) = 46
Average response time (msec) = 0.867414868852459
Average queue length = 0
Average wait time in queue (msec) = 0.17537581967213114
Average service time (msec) = 0.6458216229508197
Number of SET = 0
Number of GET = 46
Number of MULTI GET = 0


Worker 60
Average throughput (ops/sec) = 46
Average response time (msec) = 0.8937878524590164
Average queue length = 0
Average wait time in queue (msec) = 0.17577150819672133
Average service time (msec) = 0.6659573278688524
Number of SET = 0
Number of GET = 46
Number of MULTI GET = 0


Worker 61
Average throughput (ops/sec) = 46
Average response time (msec) = 0.9387373770491804
Average queue length = 0
Average wait time in queue (msec) = 0.18513877049180327
Average service time (msec) = 0.686716475409836
Number of SET = 0
Number of GET = 46
Number of MULTI GET = 0


Worker 62
Average throughput (ops/sec) = 46
Average response time (msec) = 0.9054132295081967
Average queue length = 0
Average wait time in queue (msec) = 0.1912997213114754
Average service time (msec) = 0.6558165737704917
Number of SET = 0
Number of GET = 46
Number of MULTI GET = 0


Worker 63
Average throughput (ops/sec) = 46
Average response time (msec) = 0.9384346885245901
Average queue length = 0
Average wait time in queue (msec) = 0.19096229508196721
Average service time (msec) = 0.7007965409836066
Number of SET = 0
Number of GET = 46
Number of MULTI GET = 0


Worker 24
Average throughput (ops/sec) = 46
Average response time (msec) = 0.9350958852459017
Average queue length = 0
Average wait time in queue (msec) = 0.17865726229508197
Average service time (msec) = 0.7133492786885246
Number of SET = 0
Number of GET = 46
Number of MULTI GET = 0


Worker 7
Average throughput (ops/sec) = 46
Average response time (msec) = 0.9368369344262296
Average queue length = 0
Average wait time in queue (msec) = 0.2032417868852459
Average service time (msec) = 0.6855902131147541
Number of SET = 0
Number of GET = 46
Number of MULTI GET = 0


Worker 25
Average throughput (ops/sec) = 46
Average response time (msec) = 0.9573367868852459
Average queue length = 0
Average wait time in queue (msec) = 0.18863039344262295
Average service time (msec) = 0.722273950819672
Number of SET = 0
Number of GET = 46
Number of MULTI GET = 0


Worker 6
Average throughput (ops/sec) = 46
Average response time (msec) = 0.903363049180328
Average queue length = 0
Average wait time in queue (msec) = 0.1780674918032787
Average service time (msec) = 0.6820394262295082
Number of SET = 0
Number of GET = 46
Number of MULTI GET = 0


Worker 26
Average throughput (ops/sec) = 46
Average response time (msec) = 0.9042919344262296
Average queue length = 0
Average wait time in queue (msec) = 0.17229411475409834
Average service time (msec) = 0.6783443442622951
Number of SET = 0
Number of GET = 46
Number of MULTI GET = 0


Worker 9
Average throughput (ops/sec) = 46
Average response time (msec) = 0.9209713442622951
Average queue length = 0
Average wait time in queue (msec) = 0.1687889836065574
Average service time (msec) = 0.6965172459016393
Number of SET = 0
Number of GET = 46
Number of MULTI GET = 0


Worker 27
Average throughput (ops/sec) = 46
Average response time (msec) = 0.8585668032786886
Average queue length = 0
Average wait time in queue (msec) = 0.17584024590163935
Average service time (msec) = 0.637363786885246
Number of SET = 0
Number of GET = 46
Number of MULTI GET = 0


Worker 8
Average throughput (ops/sec) = 46
Average response time (msec) = 0.9284750491803279
Average queue length = 0
Average wait time in queue (msec) = 0.18495096721311474
Average service time (msec) = 0.6938147540983607
Number of SET = 0
Number of GET = 46
Number of MULTI GET = 0


Worker 64
Average throughput (ops/sec) = 46
Average response time (msec) = 0.965368
Average queue length = 0
Average wait time in queue (msec) = 0.269702131147541
Average service time (msec) = 0.6468623606557377
Number of SET = 0
Number of GET = 46
Number of MULTI GET = 0


Worker 20
Average throughput (ops/sec) = 46
Average response time (msec) = 0.9077025737704918
Average queue length = 0
Average wait time in queue (msec) = 0.16939475409836066
Average service time (msec) = 0.6898374754098361
Number of SET = 0
Number of GET = 46
Number of MULTI GET = 0


Worker 3
Average throughput (ops/sec) = 46
Average response time (msec) = 0.901442918032787
Average queue length = 0
Average wait time in queue (msec) = 0.18423727868852458
Average service time (msec) = 0.6710290819672131
Number of SET = 0
Number of GET = 46
Number of MULTI GET = 0


Worker 21
Average throughput (ops/sec) = 46
Average response time (msec) = 0.8938267704918033
Average queue length = 0
Average wait time in queue (msec) = 0.1922395737704918
Average service time (msec) = 0.6495690491803279
Number of SET = 0
Number of GET = 46
Number of MULTI GET = 0


Worker 2
Average throughput (ops/sec) = 46
Average response time (msec) = 0.9554259672131147
Average queue length = 0
Average wait time in queue (msec) = 0.19112193442622952
Average service time (msec) = 0.7164166393442624
Number of SET = 0
Number of GET = 46
Number of MULTI GET = 0


Worker 22
Average throughput (ops/sec) = 46
Average response time (msec) = 0.908780868852459
Average queue length = 1
Average wait time in queue (msec) = 0.19552159016393442
Average service time (msec) = 0.670234606557377
Number of SET = 0
Number of GET = 46
Number of MULTI GET = 0


Worker 5
Average throughput (ops/sec) = 46
Average response time (msec) = 0.8943792950819672
Average queue length = 0
Average wait time in queue (msec) = 0.19751267213114754
Average service time (msec) = 0.6511789016393443
Number of SET = 0
Number of GET = 46
Number of MULTI GET = 0


Worker 23
Average throughput (ops/sec) = 46
Average response time (msec) = 0.8948643606557377
Average queue length = 0
Average wait time in queue (msec) = 0.16968877049180328
Average service time (msec) = 0.682807475409836
Number of SET = 0
Number of GET = 46
Number of MULTI GET = 0


Worker 4
Average throughput (ops/sec) = 46
Average response time (msec) = 0.903721475409836
Average queue length = 0
Average wait time in queue (msec) = 0.18832483606557376
Average service time (msec) = 0.670200786885246
Number of SET = 0
Number of GET = 46
Number of MULTI GET = 0


Worker 28
Average throughput (ops/sec) = 46
Average response time (msec) = 0.8651961147540983
Average queue length = 0
Average wait time in queue (msec) = 0.16686026229508197
Average service time (msec) = 0.6455655245901639
Number of SET = 0
Number of GET = 46
Number of MULTI GET = 0


Worker 29
Average throughput (ops/sec) = 46
Average response time (msec) = 0.910349213114754
Average queue length = 0
Average wait time in queue (msec) = 0.18392462295081968
Average service time (msec) = 0.6786877704918033
Number of SET = 0
Number of GET = 46
Number of MULTI GET = 0


Worker 1
Average throughput (ops/sec) = 46
Average response time (msec) = 0.9159369180327869
Average queue length = 0
Average wait time in queue (msec) = 0.17805273770491803
Average service time (msec) = 0.6886766229508197
Number of SET = 0
Number of GET = 46
Number of MULTI GET = 0


Worker 30
Average throughput (ops/sec) = 46
Average response time (msec) = 0.8939896885245902
Average queue length = 0
Average wait time in queue (msec) = 0.20532252459016392
Average service time (msec) = 0.6463446393442623
Number of SET = 0
Number of GET = 46
Number of MULTI GET = 0


Worker 35
Average throughput (ops/sec) = 46
Average response time (msec) = 0.8923763442622951
Average queue length = 0
Average wait time in queue (msec) = 0.18836895081967214
Average service time (msec) = 0.6566363114754099
Number of SET = 0
Number of GET = 46
Number of MULTI GET = 0


Worker 36
Average throughput (ops/sec) = 46
Average response time (msec) = 0.902313655737705
Average queue length = 0
Average wait time in queue (msec) = 0.1862603606557377
Average service time (msec) = 0.667355049180328
Number of SET = 0
Number of GET = 46
Number of MULTI GET = 0


Worker 37
Average throughput (ops/sec) = 46
Average response time (msec) = 1.0050721147540984
Average queue length = 0
Average wait time in queue (msec) = 0.23912765573770492
Average service time (msec) = 0.6680127868852459
Number of SET = 0
Number of GET = 46
Number of MULTI GET = 0


Worker 38
Average throughput (ops/sec) = 46
Average response time (msec) = 0.9328653606557377
Average queue length = 0
Average wait time in queue (msec) = 0.20421496721311475
Average service time (msec) = 0.6808029344262295
Number of SET = 0
Number of GET = 46
Number of MULTI GET = 0


Worker 31
Average throughput (ops/sec) = 46
Average response time (msec) = 0.9065343114754099
Average queue length = 0
Average wait time in queue (msec) = 0.18725173770491801
Average service time (msec) = 0.6698869672131147
Number of SET = 0
Number of GET = 46
Number of MULTI GET = 0


Worker 32
Average throughput (ops/sec) = 46
Average response time (msec) = 0.9059573934426229
Average queue length = 0
Average wait time in queue (msec) = 0.1892099180327869
Average service time (msec) = 0.6708688524590164
Number of SET = 0
Number of GET = 46
Number of MULTI GET = 0


Worker 33
Average throughput (ops/sec) = 46
Average response time (msec) = 0.9179639836065574
Average queue length = 0
Average wait time in queue (msec) = 0.1872180163934426
Average service time (msec) = 0.6848441803278689
Number of SET = 0
Number of GET = 46
Number of MULTI GET = 0


Worker 34
Average throughput (ops/sec) = 46
Average response time (msec) = 0.9467824426229507
Average queue length = 0
Average wait time in queue (msec) = 0.22704104918032786
Average service time (msec) = 0.6720920327868852
Number of SET = 0
Number of GET = 46
Number of MULTI GET = 0


Worker 39
Average throughput (ops/sec) = 46
Average response time (msec) = 1.0226450163934426
Average queue length = 0
Average wait time in queue (msec) = 0.31364050819672135
Average service time (msec) = 0.6661757540983606
Number of SET = 0
Number of GET = 46
Number of MULTI GET = 0


Worker 40
Average throughput (ops/sec) = 45
Average response time (msec) = 0.9183915081967213
Average queue length = 0
Average wait time in queue (msec) = 0.2002977868852459
Average service time (msec) = 0.6732108524590164
Number of SET = 0
Number of GET = 45
Number of MULTI GET = 0


Worker 41
Average throughput (ops/sec) = 47
Average response time (msec) = 0.9654521475409836
Average queue length = 0
Average wait time in queue (msec) = 0.1891985573770492
Average service time (msec) = 0.7150149672131147
Number of SET = 0
Number of GET = 47
Number of MULTI GET = 0


FINAL STATS
Average throughput (ops/sec) = 2940
Average response time (msec) = 0.8853728493970582
Average queue length = 0
Average wait time in queue (msec) = 0.19535341777663934
Average service time (msec) = 0.6744371636782787
Number of SET = 0
Number of GET = 2940
Number of MULTI GET = 0
Number of Cache misses = 441
Arrival rate (lambda) = [0, 0, 453, 2439, 2814, 2647, 2907, 2956, 2919, 2645, 3049, 2869, 2994, 3102, 2696, 3019, 2884, 2889, 2949, 3062, 3129, 3025, 3119, 3116, 3067, 3138, 2981, 2986, 3002, 2996, 3024, 2970, 2903, 3058, 3192, 3082, 3089, 2986, 3180, 3195, 3088, 3154, 2999, 3120, 3023, 2941, 3211, 3114, 3193, 2801, 3015, 3178, 3200, 3076, 3199, 3128, 3162, 3099, 3157, 3177, 3093, 3182, 2271, 9, 0, 0]


Histogram response times (0.1 msec step)
0.0 msec : 788
0.1 msec : 7481
0.2 msec : 21009
0.3 msec : 34775
0.4 msec : 35332
0.5 msec : 26809
0.6 msec : 15972
0.7 msec : 8804
0.8 msec : 5752
0.9 msec : 3776
1.0 msec : 2746
1.1 msec : 2095
1.2 msec : 1622
1.3 msec : 1277
1.4 msec : 994
1.5 msec : 862
1.6 msec : 721
1.7 msec : 671
1.8 msec : 580
1.9 msec : 559
2.0 msec : 611
2.1 msec : 454
2.2 msec : 446
2.3 msec : 432
2.4 msec : 423
2.5 msec : 433
2.6 msec : 421
2.7 msec : 430
2.8 msec : 373
2.9 msec : 310
3.0 msec : 335
3.1 msec : 354
3.2 msec : 341
3.3 msec : 347
3.4 msec : 269
3.5 msec : 203
3.6 msec : 202
3.7 msec : 180
3.8 msec : 159
3.9 msec : 135
4.0 msec : 92
4.1 msec : 83
4.2 msec : 81
4.3 msec : 67
4.4 msec : 90
4.5 msec : 65
4.6 msec : 47
4.7 msec : 58
4.8 msec : 29
4.9 msec : 31
5.0 msec : 33
5.1 msec : 48
5.2 msec : 36
5.3 msec : 30
5.4 msec : 44
5.5 msec : 31
5.6 msec : 19
5.7 msec : 14
5.8 msec : 24
5.9 msec : 13
6.0 msec : 22
6.1 msec : 25
6.2 msec : 18
6.3 msec : 28
6.4 msec : 30
6.5 msec : 21
6.6 msec : 17
6.7 msec : 10
6.8 msec : 13
6.9 msec : 26
7.0 msec : 40
7.1 msec : 17
7.2 msec : 44
7.3 msec : 27
7.4 msec : 17
7.5 msec : 8
7.6 msec : 21
7.7 msec : 7
7.8 msec : 6
7.9 msec : 3
8.0 msec : 12
8.1 msec : 6
8.2 msec : 6
8.3 msec : 2
8.4 msec : 7
8.5 msec : 1
8.6 msec : 5
8.7 msec : 18
8.8 msec : 22
8.9 msec : 13
9.0 msec : 19
9.1 msec : 8
9.2 msec : 19
9.3 msec : 13
9.4 msec : 12
9.5 msec : 1
9.6 msec : 1
9.7 msec : 12
9.8 msec : 4
9.9 msec : 4
10.0 msec : 0
10.1 msec : 2
10.2 msec : 2
10.3 msec : 5
10.4 msec : 0
10.5 msec : 0
10.6 msec : 0
10.7 msec : 0
10.8 msec : 0
10.9 msec : 1
11.0 msec : 1
11.1 msec : 2
11.2 msec : 1
11.3 msec : 0
11.4 msec : 6
11.5 msec : 2
11.6 msec : 0
11.7 msec : 0
11.8 msec : 0
11.9 msec : 0
12.0 msec : 3
12.1 msec : 3
12.2 msec : 0
12.3 msec : 0
12.4 msec : 2
12.5 msec : 2
12.6 msec : 5
12.7 msec : 0
12.8 msec : 0
12.9 msec : 1
13.0 msec : 0
13.1 msec : 0
13.2 msec : 0
13.3 msec : 0
13.4 msec : 0
13.5 msec : 0
13.6 msec : 0
13.7 msec : 0
13.8 msec : 0
13.9 msec : 1
14.0 msec : 1
14.1 msec : 0
14.2 msec : 1
14.3 msec : 0
14.4 msec : 0
14.5 msec : 0
14.6 msec : 0
14.7 msec : 1
14.8 msec : 0
14.9 msec : 1
15.0 msec : 3
15.1 msec : 3
15.2 msec : 4
15.3 msec : 6
15.4 msec : 2
15.5 msec : 0
15.6 msec : 0
15.7 msec : 0
15.8 msec : 1
15.9 msec : 0
16.0 msec : 1
16.1 msec : 0
16.2 msec : 0
16.3 msec : 0
16.4 msec : 0
16.5 msec : 2
16.6 msec : 0
16.7 msec : 1
16.8 msec : 1
16.9 msec : 0
17.0 msec : 0
17.1 msec : 0
17.2 msec : 0
17.3 msec : 0
17.4 msec : 0
17.5 msec : 0
17.6 msec : 1
17.7 msec : 1
17.8 msec : 0
17.9 msec : 0
18.0 msec : 0
18.1 msec : 0
18.2 msec : 3
18.3 msec : 1
18.4 msec : 0
18.5 msec : 1
18.6 msec : 0
18.7 msec : 0
18.8 msec : 0
18.9 msec : 0
19.0 msec : 2
19.1 msec : 3
19.2 msec : 3
19.3 msec : 0
19.4 msec : 0
19.5 msec : 0
19.6 msec : 0
19.7 msec : 0
19.8 msec : 0
19.9 msec : 0
20.0 msec : 0
20.1 msec : 0
20.2 msec : 0
20.3 msec : 0
20.4 msec : 0
20.5 msec : 1
20.6 msec : 1
20.7 msec : 0
20.8 msec : 0
20.9 msec : 0
21.0 msec : 0
21.1 msec : 0
21.2 msec : 0
21.3 msec : 0
21.4 msec : 0
21.5 msec : 0
21.6 msec : 1
21.7 msec : 0
21.8 msec : 0
21.9 msec : 1
22.0 msec : 0
22.1 msec : 1
22.2 msec : 0
22.3 msec : 0
22.4 msec : 0
22.5 msec : 0
22.6 msec : 0
22.7 msec : 0
22.8 msec : 0
22.9 msec : 0
23.0 msec : 0
23.1 msec : 0
23.2 msec : 0
23.3 msec : 3
23.4 msec : 0
23.5 msec : 0
23.6 msec : 0
23.7 msec : 0
23.8 msec : 0
23.9 msec : 0
24.0 msec : 0
24.1 msec : 0
24.2 msec : 0
24.3 msec : 3
24.4 msec : 0
24.5 msec : 0
24.6 msec : 0
24.7 msec : 0
24.8 msec : 0
24.9 msec : 0
25.0 msec : 0
25.1 msec : 0
25.2 msec : 0
25.3 msec : 0
25.4 msec : 0
25.5 msec : 0
25.6 msec : 0
25.7 msec : 0
25.8 msec : 0
25.9 msec : 0
26.0 msec : 0
26.1 msec : 0
26.2 msec : 1
26.3 msec : 0
26.4 msec : 0
26.5 msec : 0
26.6 msec : 0
26.7 msec : 1
26.8 msec : 0
26.9 msec : 0
27.0 msec : 0
27.1 msec : 0
27.2 msec : 0
27.3 msec : 0
27.4 msec : 2
27.5 msec : 0
27.6 msec : 0
27.7 msec : 0
27.8 msec : 0
27.9 msec : 0
28.0 msec : 0
28.1 msec : 0
28.2 msec : 0
28.3 msec : 0
28.4 msec : 0
28.5 msec : 0
28.6 msec : 1
28.7 msec : 0
28.8 msec : 0
28.9 msec : 0
29.0 msec : 0
29.1 msec : 0
29.2 msec : 0
29.3 msec : 0
29.4 msec : 0
29.5 msec : 0
29.6 msec : 0
29.7 msec : 0
29.8 msec : 0
29.9 msec : 0
30.0 msec : 0
30.1 msec : 0
30.2 msec : 0
30.3 msec : 0
30.4 msec : 0
30.5 msec : 0
30.6 msec : 0
30.7 msec : 0
30.8 msec : 0
30.9 msec : 0
31.0 msec : 0
31.1 msec : 0
31.2 msec : 0
31.3 msec : 0
31.4 msec : 0
31.5 msec : 0
31.6 msec : 0
31.7 msec : 0
31.8 msec : 0
31.9 msec : 0
32.0 msec : 0
32.1 msec : 0
32.2 msec : 0
32.3 msec : 0
32.4 msec : 0
32.5 msec : 0
32.6 msec : 0
32.7 msec : 0
32.8 msec : 0
32.9 msec : 0
33.0 msec : 0
33.1 msec : 0
33.2 msec : 0
33.3 msec : 0
33.4 msec : 0
33.5 msec : 0
33.6 msec : 0
33.7 msec : 0
33.8 msec : 0
33.9 msec : 0
34.0 msec : 0
34.1 msec : 0
34.2 msec : 0
34.3 msec : 0
34.4 msec : 0
34.5 msec : 0
34.6 msec : 0
34.7 msec : 0
34.8 msec : 0
34.9 msec : 0
35.0 msec : 0
35.1 msec : 0
35.2 msec : 0
35.3 msec : 0
35.4 msec : 0
35.5 msec : 0
35.6 msec : 0
35.7 msec : 0
35.8 msec : 1
35.9 msec : 0
36.0 msec : 0
36.1 msec : 0
36.2 msec : 0
36.3 msec : 0
36.4 msec : 0
36.5 msec : 0
36.6 msec : 0
36.7 msec : 0
36.8 msec : 0
36.9 msec : 0
37.0 msec : 0
37.1 msec : 0
37.2 msec : 0
37.3 msec : 1
37.4 msec : 0
37.5 msec : 0
37.6 msec : 0
37.7 msec : 0
37.8 msec : 0
37.9 msec : 0
38.0 msec : 0
38.1 msec : 0
38.2 msec : 0
38.3 msec : 0
38.4 msec : 0
38.5 msec : 0
38.6 msec : 0
38.7 msec : 0
38.8 msec : 0
38.9 msec : 0
39.0 msec : 0
39.1 msec : 0
39.2 msec : 0
39.3 msec : 0
39.4 msec : 0
39.5 msec : 0
39.6 msec : 0
39.7 msec : 0
39.8 msec : 0
39.9 msec : 0
40.0 msec : 0
40.1 msec : 0
40.2 msec : 0
40.3 msec : 0
40.4 msec : 0
40.5 msec : 2
40.6 msec : 0
40.7 msec : 2
40.8 msec : 0
40.9 msec : 3
41.0 msec : 0
41.1 msec : 1
41.2 msec : 0
41.3 msec : 0
