Middleware started...
Middleware shuts down...
Smaller resolution statistics are in a log file...
Final aggregates per worker:


Worker 46
Average throughput (ops/sec) = 62
Average response time (msec) = 0.9469699836065574
Average queue length = 0
Average wait time in queue (msec) = 0.26288113114754097
Average service time (msec) = 0.6395003278688525
Number of SET = 0
Number of GET = 62
Number of MULTI GET = 0


Worker 47
Average throughput (ops/sec) = 63
Average response time (msec) = 0.9693351147540984
Average queue length = 1
Average wait time in queue (msec) = 0.2560951967213115
Average service time (msec) = 0.6463228032786886
Number of SET = 0
Number of GET = 63
Number of MULTI GET = 0


Worker 48
Average throughput (ops/sec) = 63
Average response time (msec) = 0.9505381803278689
Average queue length = 1
Average wait time in queue (msec) = 0.2547111639344262
Average service time (msec) = 0.6510032459016394
Number of SET = 0
Number of GET = 63
Number of MULTI GET = 0


Worker 49
Average throughput (ops/sec) = 63
Average response time (msec) = 0.9380695245901639
Average queue length = 1
Average wait time in queue (msec) = 0.23233504918032785
Average service time (msec) = 0.6593378524590163
Number of SET = 0
Number of GET = 63
Number of MULTI GET = 0


Worker 42
Average throughput (ops/sec) = 63
Average response time (msec) = 0.9482534590163934
Average queue length = 0
Average wait time in queue (msec) = 0.25714470491803276
Average service time (msec) = 0.6464500491803279
Number of SET = 0
Number of GET = 63
Number of MULTI GET = 0


Worker 43
Average throughput (ops/sec) = 61
Average response time (msec) = 0.9214973606557377
Average queue length = 0
Average wait time in queue (msec) = 0.238948868852459
Average service time (msec) = 0.6386850327868853
Number of SET = 0
Number of GET = 61
Number of MULTI GET = 0


Worker 44
Average throughput (ops/sec) = 63
Average response time (msec) = 0.9329966721311476
Average queue length = 1
Average wait time in queue (msec) = 0.254715737704918
Average service time (msec) = 0.6349281639344263
Number of SET = 0
Number of GET = 63
Number of MULTI GET = 0


Worker 45
Average throughput (ops/sec) = 62
Average response time (msec) = 0.9862142131147541
Average queue length = 1
Average wait time in queue (msec) = 0.23569460655737706
Average service time (msec) = 0.7025782459016393
Number of SET = 0
Number of GET = 62
Number of MULTI GET = 0


Worker 50
Average throughput (ops/sec) = 62
Average response time (msec) = 0.9659406885245901
Average queue length = 1
Average wait time in queue (msec) = 0.2536314262295082
Average service time (msec) = 0.6671224098360656
Number of SET = 0
Number of GET = 62
Number of MULTI GET = 0


Worker 51
Average throughput (ops/sec) = 63
Average response time (msec) = 0.9971308852459017
Average queue length = 1
Average wait time in queue (msec) = 0.27816147540983605
Average service time (msec) = 0.6736760655737705
Number of SET = 0
Number of GET = 63
Number of MULTI GET = 0


Worker 52
Average throughput (ops/sec) = 63
Average response time (msec) = 0.9663401147540983
Average queue length = 1
Average wait time in queue (msec) = 0.26438147540983603
Average service time (msec) = 0.652441131147541
Number of SET = 0
Number of GET = 63
Number of MULTI GET = 0


Worker 57
Average throughput (ops/sec) = 62
Average response time (msec) = 0.9351454262295082
Average queue length = 1
Average wait time in queue (msec) = 0.23010281967213114
Average service time (msec) = 0.6543168360655738
Number of SET = 0
Number of GET = 62
Number of MULTI GET = 0


Worker 13
Average throughput (ops/sec) = 63
Average response time (msec) = 0.9767606229508197
Average queue length = 0
Average wait time in queue (msec) = 0.2581135081967213
Average service time (msec) = 0.6747770163934427
Number of SET = 0
Number of GET = 63
Number of MULTI GET = 0


Worker 58
Average throughput (ops/sec) = 62
Average response time (msec) = 0.9313659180327869
Average queue length = 1
Average wait time in queue (msec) = 0.2383075737704918
Average service time (msec) = 0.648935655737705
Number of SET = 0
Number of GET = 62
Number of MULTI GET = 0


Worker 14
Average throughput (ops/sec) = 63
Average response time (msec) = 0.9270856393442624
Average queue length = 0
Average wait time in queue (msec) = 0.23216247540983606
Average service time (msec) = 0.6501437377049181
Number of SET = 0
Number of GET = 63
Number of MULTI GET = 0


Worker 59
Average throughput (ops/sec) = 62
Average response time (msec) = 0.9563571147540983
Average queue length = 1
Average wait time in queue (msec) = 0.24677703278688526
Average service time (msec) = 0.657647393442623
Number of SET = 0
Number of GET = 62
Number of MULTI GET = 0


Worker 15
Average throughput (ops/sec) = 63
Average response time (msec) = 0.9470255409836066
Average queue length = 1
Average wait time in queue (msec) = 0.23798529508196722
Average service time (msec) = 0.6551852786885246
Number of SET = 0
Number of GET = 63
Number of MULTI GET = 0


Worker 16
Average throughput (ops/sec) = 63
Average response time (msec) = 0.9686862950819672
Average queue length = 0
Average wait time in queue (msec) = 0.2516813934426229
Average service time (msec) = 0.6715801147540984
Number of SET = 0
Number of GET = 63
Number of MULTI GET = 0


Worker 53
Average throughput (ops/sec) = 62
Average response time (msec) = 0.9321780163934427
Average queue length = 0
Average wait time in queue (msec) = 0.23035731147540983
Average service time (msec) = 0.6548668852459016
Number of SET = 0
Number of GET = 62
Number of MULTI GET = 0


Worker 54
Average throughput (ops/sec) = 61
Average response time (msec) = 0.9459035573770492
Average queue length = 1
Average wait time in queue (msec) = 0.2356748524590164
Average service time (msec) = 0.6563613114754099
Number of SET = 0
Number of GET = 61
Number of MULTI GET = 0


Worker 10
Average throughput (ops/sec) = 62
Average response time (msec) = 0.9496012131147541
Average queue length = 1
Average wait time in queue (msec) = 0.2572134590163934
Average service time (msec) = 0.6445747540983606
Number of SET = 0
Number of GET = 62
Number of MULTI GET = 0


Worker 55
Average throughput (ops/sec) = 64
Average response time (msec) = 0.9623970983606557
Average queue length = 0
Average wait time in queue (msec) = 0.274433131147541
Average service time (msec) = 0.6401037540983606
Number of SET = 0
Number of GET = 64
Number of MULTI GET = 0


Worker 11
Average throughput (ops/sec) = 62
Average response time (msec) = 1.0269874918032786
Average queue length = 1
Average wait time in queue (msec) = 0.2812888360655738
Average service time (msec) = 0.6964564590163934
Number of SET = 0
Number of GET = 62
Number of MULTI GET = 0


Worker 56
Average throughput (ops/sec) = 63
Average response time (msec) = 0.9087205573770493
Average queue length = 1
Average wait time in queue (msec) = 0.2207823442622951
Average service time (msec) = 0.641750262295082
Number of SET = 0
Number of GET = 63
Number of MULTI GET = 0


Worker 12
Average throughput (ops/sec) = 63
Average response time (msec) = 0.9989666557377049
Average queue length = 1
Average wait time in queue (msec) = 0.25467245901639346
Average service time (msec) = 0.697846213114754
Number of SET = 0
Number of GET = 63
Number of MULTI GET = 0


Worker 17
Average throughput (ops/sec) = 63
Average response time (msec) = 0.9330876557377049
Average queue length = 0
Average wait time in queue (msec) = 0.24406395081967214
Average service time (msec) = 0.6418420163934426
Number of SET = 0
Number of GET = 63
Number of MULTI GET = 0


Worker 18
Average throughput (ops/sec) = 62
Average response time (msec) = 0.9775284918032787
Average queue length = 0
Average wait time in queue (msec) = 0.25818596721311476
Average service time (msec) = 0.6719836885245901
Number of SET = 0
Number of GET = 62
Number of MULTI GET = 0


Worker 19
Average throughput (ops/sec) = 62
Average response time (msec) = 0.9809426229508197
Average queue length = 0
Average wait time in queue (msec) = 0.2678722950819672
Average service time (msec) = 0.6675454590163934
Number of SET = 0
Number of GET = 62
Number of MULTI GET = 0


Worker 60
Average throughput (ops/sec) = 63
Average response time (msec) = 0.938618475409836
Average queue length = 1
Average wait time in queue (msec) = 0.23934518032786883
Average service time (msec) = 0.6471308852459017
Number of SET = 0
Number of GET = 63
Number of MULTI GET = 0


Worker 61
Average throughput (ops/sec) = 63
Average response time (msec) = 0.9278648852459016
Average queue length = 1
Average wait time in queue (msec) = 0.22987831147540982
Average service time (msec) = 0.6523664262295082
Number of SET = 0
Number of GET = 63
Number of MULTI GET = 0


Worker 62
Average throughput (ops/sec) = 63
Average response time (msec) = 0.9445514426229508
Average queue length = 1
Average wait time in queue (msec) = 0.25412559016393443
Average service time (msec) = 0.6465913606557377
Number of SET = 0
Number of GET = 63
Number of MULTI GET = 0


Worker 63
Average throughput (ops/sec) = 63
Average response time (msec) = 0.9278109344262295
Average queue length = 1
Average wait time in queue (msec) = 0.24264683606557377
Average service time (msec) = 0.637891213114754
Number of SET = 0
Number of GET = 63
Number of MULTI GET = 0


Worker 24
Average throughput (ops/sec) = 62
Average response time (msec) = 0.9615839016393443
Average queue length = 1
Average wait time in queue (msec) = 0.24868196721311475
Average service time (msec) = 0.6645472131147541
Number of SET = 0
Number of GET = 62
Number of MULTI GET = 0


Worker 7
Average throughput (ops/sec) = 63
Average response time (msec) = 0.9290910327868853
Average queue length = 1
Average wait time in queue (msec) = 0.22269460655737705
Average service time (msec) = 0.660717344262295
Number of SET = 0
Number of GET = 63
Number of MULTI GET = 0


Worker 25
Average throughput (ops/sec) = 62
Average response time (msec) = 0.932545131147541
Average queue length = 0
Average wait time in queue (msec) = 0.2244391475409836
Average service time (msec) = 0.6612355737704918
Number of SET = 0
Number of GET = 62
Number of MULTI GET = 0


Worker 6
Average throughput (ops/sec) = 63
Average response time (msec) = 0.946183
Average queue length = 1
Average wait time in queue (msec) = 0.2289341967213115
Average service time (msec) = 0.6681010163934427
Number of SET = 0
Number of GET = 63
Number of MULTI GET = 0


Worker 26
Average throughput (ops/sec) = 63
Average response time (msec) = 0.945140262295082
Average queue length = 1
Average wait time in queue (msec) = 0.25433445901639345
Average service time (msec) = 0.6405206557377049
Number of SET = 0
Number of GET = 63
Number of MULTI GET = 0


Worker 9
Average throughput (ops/sec) = 63
Average response time (msec) = 0.9568540163934426
Average queue length = 1
Average wait time in queue (msec) = 0.2538823934426229
Average service time (msec) = 0.658241475409836
Number of SET = 0
Number of GET = 63
Number of MULTI GET = 0


Worker 27
Average throughput (ops/sec) = 62
Average response time (msec) = 0.9508128032786886
Average queue length = 0
Average wait time in queue (msec) = 0.22526173770491803
Average service time (msec) = 0.6707113278688525
Number of SET = 0
Number of GET = 62
Number of MULTI GET = 0


Worker 8
Average throughput (ops/sec) = 63
Average response time (msec) = 1.0090377704918032
Average queue length = 0
Average wait time in queue (msec) = 0.2635320327868852
Average service time (msec) = 0.6949965081967213
Number of SET = 0
Number of GET = 63
Number of MULTI GET = 0


Worker 64
Average throughput (ops/sec) = 63
Average response time (msec) = 0.9416736065573771
Average queue length = 1
Average wait time in queue (msec) = 0.24071222950819673
Average service time (msec) = 0.6494945737704918
Number of SET = 0
Number of GET = 63
Number of MULTI GET = 0


Worker 20
Average throughput (ops/sec) = 63
Average response time (msec) = 0.936406868852459
Average queue length = 0
Average wait time in queue (msec) = 0.24794754098360658
Average service time (msec) = 0.641834131147541
Number of SET = 0
Number of GET = 63
Number of MULTI GET = 0


Worker 3
Average throughput (ops/sec) = 62
Average response time (msec) = 0.9351933114754098
Average queue length = 0
Average wait time in queue (msec) = 0.226054131147541
Average service time (msec) = 0.6620093770491803
Number of SET = 0
Number of GET = 62
Number of MULTI GET = 0


Worker 21
Average throughput (ops/sec) = 63
Average response time (msec) = 0.9592377213114753
Average queue length = 1
Average wait time in queue (msec) = 0.2359961475409836
Average service time (msec) = 0.6785002950819673
Number of SET = 0
Number of GET = 63
Number of MULTI GET = 0


Worker 2
Average throughput (ops/sec) = 63
Average response time (msec) = 0.9319785409836066
Average queue length = 0
Average wait time in queue (msec) = 0.24559850819672133
Average service time (msec) = 0.643003737704918
Number of SET = 0
Number of GET = 63
Number of MULTI GET = 0


Worker 22
Average throughput (ops/sec) = 62
Average response time (msec) = 0.956213524590164
Average queue length = 1
Average wait time in queue (msec) = 0.24280388524590166
Average service time (msec) = 0.6706726721311476
Number of SET = 0
Number of GET = 62
Number of MULTI GET = 0


Worker 5
Average throughput (ops/sec) = 62
Average response time (msec) = 0.9566664590163934
Average queue length = 0
Average wait time in queue (msec) = 0.24465540983606557
Average service time (msec) = 0.6634861475409837
Number of SET = 0
Number of GET = 62
Number of MULTI GET = 0


Worker 23
Average throughput (ops/sec) = 62
Average response time (msec) = 0.9678662459016394
Average queue length = 1
Average wait time in queue (msec) = 0.24437995081967215
Average service time (msec) = 0.6783911803278689
Number of SET = 0
Number of GET = 62
Number of MULTI GET = 0


Worker 4
Average throughput (ops/sec) = 63
Average response time (msec) = 0.993879475409836
Average queue length = 0
Average wait time in queue (msec) = 0.2787869344262295
Average service time (msec) = 0.6657884262295083
Number of SET = 0
Number of GET = 63
Number of MULTI GET = 0


Worker 28
Average throughput (ops/sec) = 63
Average response time (msec) = 0.9435414590163934
Average queue length = 0
Average wait time in queue (msec) = 0.24662354098360656
Average service time (msec) = 0.6501982295081967
Number of SET = 0
Number of GET = 63
Number of MULTI GET = 0


Worker 29
Average throughput (ops/sec) = 64
Average response time (msec) = 0.9298616721311476
Average queue length = 0
Average wait time in queue (msec) = 0.2299296557377049
Average service time (msec) = 0.6498376393442623
Number of SET = 0
Number of GET = 64
Number of MULTI GET = 0


Worker 1
Average throughput (ops/sec) = 63
Average response time (msec) = 0.9577584918032787
Average queue length = 1
Average wait time in queue (msec) = 0.24368124590163934
Average service time (msec) = 0.6680169836065574
Number of SET = 0
Number of GET = 63
Number of MULTI GET = 0


Worker 30
Average throughput (ops/sec) = 63
Average response time (msec) = 0.9598601803278689
Average queue length = 1
Average wait time in queue (msec) = 0.25185250819672134
Average service time (msec) = 0.6609183114754099
Number of SET = 0
Number of GET = 63
Number of MULTI GET = 0


Worker 35
Average throughput (ops/sec) = 63
Average response time (msec) = 0.9102273934426229
Average queue length = 0
Average wait time in queue (msec) = 0.22351008196721311
Average service time (msec) = 0.6410393278688524
Number of SET = 0
Number of GET = 63
Number of MULTI GET = 0


Worker 36
Average throughput (ops/sec) = 63
Average response time (msec) = 0.9552269344262295
Average queue length = 0
Average wait time in queue (msec) = 0.2358712786885246
Average service time (msec) = 0.6666772786885247
Number of SET = 0
Number of GET = 63
Number of MULTI GET = 0


Worker 37
Average throughput (ops/sec) = 62
Average response time (msec) = 0.9422339016393443
Average queue length = 0
Average wait time in queue (msec) = 0.2527421475409836
Average service time (msec) = 0.6392973606557377
Number of SET = 0
Number of GET = 62
Number of MULTI GET = 0


Worker 38
Average throughput (ops/sec) = 63
Average response time (msec) = 0.9567097540983607
Average queue length = 0
Average wait time in queue (msec) = 0.24924955737704918
Average service time (msec) = 0.6502423114754099
Number of SET = 0
Number of GET = 63
Number of MULTI GET = 0


Worker 31
Average throughput (ops/sec) = 63
Average response time (msec) = 0.9916920655737704
Average queue length = 0
Average wait time in queue (msec) = 0.2683624262295082
Average service time (msec) = 0.6742225573770493
Number of SET = 0
Number of GET = 63
Number of MULTI GET = 0


Worker 32
Average throughput (ops/sec) = 62
Average response time (msec) = 0.9207653278688525
Average queue length = 0
Average wait time in queue (msec) = 0.23907075409836065
Average service time (msec) = 0.6358553606557377
Number of SET = 0
Number of GET = 62
Number of MULTI GET = 0


Worker 33
Average throughput (ops/sec) = 63
Average response time (msec) = 0.9282185573770493
Average queue length = 0
Average wait time in queue (msec) = 0.23141037704918033
Average service time (msec) = 0.649309081967213
Number of SET = 0
Number of GET = 63
Number of MULTI GET = 0


Worker 34
Average throughput (ops/sec) = 63
Average response time (msec) = 0.9414358852459016
Average queue length = 1
Average wait time in queue (msec) = 0.2423219344262295
Average service time (msec) = 0.6542181475409836
Number of SET = 0
Number of GET = 63
Number of MULTI GET = 0


Worker 39
Average throughput (ops/sec) = 63
Average response time (msec) = 0.9362323770491803
Average queue length = 0
Average wait time in queue (msec) = 0.2538206557377049
Average service time (msec) = 0.638737606557377
Number of SET = 0
Number of GET = 63
Number of MULTI GET = 0


Worker 40
Average throughput (ops/sec) = 63
Average response time (msec) = 0.9417783278688524
Average queue length = 1
Average wait time in queue (msec) = 0.236295
Average service time (msec) = 0.6596546721311476
Number of SET = 0
Number of GET = 63
Number of MULTI GET = 0


Worker 41
Average throughput (ops/sec) = 63
Average response time (msec) = 0.9250118196721311
Average queue length = 1
Average wait time in queue (msec) = 0.2616346065573771
Average service time (msec) = 0.6193518852459017
Number of SET = 0
Number of GET = 63
Number of MULTI GET = 0


FINAL STATS
Average throughput (ops/sec) = 4010
Average response time (msec) = 0.9173472558550956
Average queue length = 0
Average wait time in queue (msec) = 0.24639753919057375
Average service time (msec) = 0.6570589134221311
Number of SET = 0
Number of GET = 4010
Number of MULTI GET = 0
Number of Cache misses = 578
Arrival rate (lambda) = [0, 0, 724, 3180, 3430, 3774, 3919, 4110, 4198, 4186, 4419, 3779, 4449, 4230, 4548, 4299, 4383, 4153, 3759, 4262, 3959, 4469, 4324, 4280, 4351, 4024, 3558, 4160, 3685, 3672, 3911, 4079, 4056, 3992, 4250, 3925, 4164, 4002, 3763, 4160, 3986, 4424, 4230, 4008, 4334, 4471, 4209, 4424, 4114, 4400, 4149, 4030, 3922, 4339, 4159, 4497, 4211, 4385, 4514, 4263, 4261, 3929, 2620, 0, 0]


Histogram response times (0.1 msec step)
0.0 msec : 675
0.1 msec : 7723
0.2 msec : 22275
0.3 msec : 38954
0.4 msec : 43980
0.5 msec : 36828
0.6 msec : 27695
0.7 msec : 17955
0.8 msec : 10962
0.9 msec : 6685
1.0 msec : 4874
1.1 msec : 3416
1.2 msec : 2551
1.3 msec : 2036
1.4 msec : 1673
1.5 msec : 1406
1.6 msec : 1248
1.7 msec : 1048
1.8 msec : 901
1.9 msec : 875
2.0 msec : 851
2.1 msec : 812
2.2 msec : 875
2.3 msec : 670
2.4 msec : 685
2.5 msec : 621
2.6 msec : 530
2.7 msec : 541
2.8 msec : 555
2.9 msec : 498
3.0 msec : 494
3.1 msec : 447
3.2 msec : 358
3.3 msec : 337
3.4 msec : 274
3.5 msec : 247
3.6 msec : 217
3.7 msec : 155
3.8 msec : 171
3.9 msec : 141
4.0 msec : 134
4.1 msec : 146
4.2 msec : 151
4.3 msec : 124
4.4 msec : 137
4.5 msec : 116
4.6 msec : 92
4.7 msec : 90
4.8 msec : 102
4.9 msec : 134
5.0 msec : 111
5.1 msec : 100
5.2 msec : 69
5.3 msec : 58
5.4 msec : 74
5.5 msec : 85
5.6 msec : 58
5.7 msec : 71
5.8 msec : 71
5.9 msec : 62
6.0 msec : 42
6.1 msec : 30
6.2 msec : 45
6.3 msec : 51
6.4 msec : 58
6.5 msec : 34
6.6 msec : 50
6.7 msec : 50
6.8 msec : 49
6.9 msec : 41
7.0 msec : 49
7.1 msec : 39
7.2 msec : 52
7.3 msec : 53
7.4 msec : 39
7.5 msec : 42
7.6 msec : 56
7.7 msec : 23
7.8 msec : 19
7.9 msec : 27
8.0 msec : 12
8.1 msec : 7
8.2 msec : 19
8.3 msec : 14
8.4 msec : 6
8.5 msec : 19
8.6 msec : 3
8.7 msec : 3
8.8 msec : 6
8.9 msec : 22
9.0 msec : 6
9.1 msec : 5
9.2 msec : 11
9.3 msec : 9
9.4 msec : 1
9.5 msec : 3
9.6 msec : 16
9.7 msec : 11
9.8 msec : 16
9.9 msec : 7
10.0 msec : 13
10.1 msec : 14
10.2 msec : 6
10.3 msec : 0
10.4 msec : 5
10.5 msec : 4
10.6 msec : 0
10.7 msec : 0
10.8 msec : 2
10.9 msec : 4
11.0 msec : 5
11.1 msec : 2
11.2 msec : 2
11.3 msec : 3
11.4 msec : 2
11.5 msec : 1
11.6 msec : 5
11.7 msec : 6
11.8 msec : 0
11.9 msec : 6
12.0 msec : 1
12.1 msec : 1
12.2 msec : 1
12.3 msec : 1
12.4 msec : 0
12.5 msec : 2
12.6 msec : 13
12.7 msec : 0
12.8 msec : 0
12.9 msec : 0
13.0 msec : 7
13.1 msec : 3
13.2 msec : 1
13.3 msec : 0
13.4 msec : 9
13.5 msec : 4
13.6 msec : 0
13.7 msec : 0
13.8 msec : 2
13.9 msec : 0
14.0 msec : 0
14.1 msec : 0
14.2 msec : 0
14.3 msec : 0
14.4 msec : 0
14.5 msec : 0
14.6 msec : 0
14.7 msec : 0
14.8 msec : 0
14.9 msec : 0
15.0 msec : 0
15.1 msec : 2
15.2 msec : 0
15.3 msec : 0
15.4 msec : 1
15.5 msec : 0
15.6 msec : 0
15.7 msec : 0
15.8 msec : 0
15.9 msec : 0
16.0 msec : 0
16.1 msec : 0
16.2 msec : 0
16.3 msec : 0
16.4 msec : 0
16.5 msec : 0
16.6 msec : 0
16.7 msec : 0
16.8 msec : 1
16.9 msec : 0
17.0 msec : 0
17.1 msec : 0
17.2 msec : 0
17.3 msec : 0
17.4 msec : 0
17.5 msec : 0
17.6 msec : 0
17.7 msec : 0
17.8 msec : 0
17.9 msec : 0
18.0 msec : 0
18.1 msec : 0
18.2 msec : 4
18.3 msec : 2
18.4 msec : 0
18.5 msec : 0
18.6 msec : 1
18.7 msec : 0
18.8 msec : 1
18.9 msec : 0
19.0 msec : 2
19.1 msec : 4
19.2 msec : 3
19.3 msec : 0
19.4 msec : 0
19.5 msec : 0
19.6 msec : 0
19.7 msec : 0
19.8 msec : 0
19.9 msec : 0
20.0 msec : 0
20.1 msec : 2
20.2 msec : 4
20.3 msec : 2
20.4 msec : 3
20.5 msec : 0
20.6 msec : 0
20.7 msec : 0
20.8 msec : 0
20.9 msec : 0
21.0 msec : 0
21.1 msec : 0
21.2 msec : 1
21.3 msec : 1
21.4 msec : 2
21.5 msec : 0
21.6 msec : 2
21.7 msec : 0
21.8 msec : 0
21.9 msec : 0
22.0 msec : 0
22.1 msec : 0
22.2 msec : 1
22.3 msec : 0
22.4 msec : 0
22.5 msec : 1
22.6 msec : 1
22.7 msec : 0
22.8 msec : 1
22.9 msec : 0
23.0 msec : 1
23.1 msec : 3
23.2 msec : 0
23.3 msec : 0
23.4 msec : 0
23.5 msec : 0
23.6 msec : 0
23.7 msec : 0
23.8 msec : 0
23.9 msec : 0
24.0 msec : 0
24.1 msec : 0
24.2 msec : 0
24.3 msec : 0
24.4 msec : 0
24.5 msec : 0
24.6 msec : 0
24.7 msec : 0
24.8 msec : 0
24.9 msec : 0
25.0 msec : 0
25.1 msec : 0
25.2 msec : 0
25.3 msec : 0
25.4 msec : 0
25.5 msec : 1
25.6 msec : 0
25.7 msec : 0
25.8 msec : 0
25.9 msec : 0
26.0 msec : 0
26.1 msec : 0
26.2 msec : 0
26.3 msec : 0
26.4 msec : 0
26.5 msec : 0
26.6 msec : 0
26.7 msec : 0
26.8 msec : 0
26.9 msec : 0
27.0 msec : 0
27.1 msec : 0
27.2 msec : 0
27.3 msec : 0
27.4 msec : 0
27.5 msec : 0
27.6 msec : 0
27.7 msec : 0
27.8 msec : 0
27.9 msec : 0
28.0 msec : 0
28.1 msec : 0
28.2 msec : 0
28.3 msec : 0
28.4 msec : 0
28.5 msec : 0
28.6 msec : 0
28.7 msec : 0
28.8 msec : 0
28.9 msec : 0
29.0 msec : 0
29.1 msec : 0
29.2 msec : 0
29.3 msec : 0
29.4 msec : 0
29.5 msec : 0
29.6 msec : 0
29.7 msec : 0
29.8 msec : 0
29.9 msec : 0
30.0 msec : 0
30.1 msec : 0
30.2 msec : 0
30.3 msec : 0
30.4 msec : 0
30.5 msec : 0
30.6 msec : 0
30.7 msec : 2
30.8 msec : 0
30.9 msec : 0
31.0 msec : 0
31.1 msec : 0
31.2 msec : 0
31.3 msec : 0
31.4 msec : 0
31.5 msec : 0
31.6 msec : 0
31.7 msec : 0
31.8 msec : 0
31.9 msec : 0
32.0 msec : 0
32.1 msec : 0
32.2 msec : 0
32.3 msec : 0
32.4 msec : 0
32.5 msec : 0
32.6 msec : 0
32.7 msec : 0
32.8 msec : 0
32.9 msec : 0
33.0 msec : 0
33.1 msec : 0
33.2 msec : 0
33.3 msec : 0
33.4 msec : 0
33.5 msec : 0
33.6 msec : 0
33.7 msec : 0
33.8 msec : 0
33.9 msec : 0
34.0 msec : 0
34.1 msec : 0
34.2 msec : 0
34.3 msec : 0
34.4 msec : 0
34.5 msec : 0
34.6 msec : 0
34.7 msec : 0
34.8 msec : 0
34.9 msec : 0
35.0 msec : 0
35.1 msec : 0
35.2 msec : 0
35.3 msec : 0
35.4 msec : 0
35.5 msec : 0
35.6 msec : 0
35.7 msec : 0
35.8 msec : 0
35.9 msec : 0
36.0 msec : 0
36.1 msec : 0
36.2 msec : 0
36.3 msec : 0
36.4 msec : 0
36.5 msec : 0
36.6 msec : 0
36.7 msec : 0
36.8 msec : 0
36.9 msec : 0
37.0 msec : 0
37.1 msec : 0
37.2 msec : 0
37.3 msec : 0
37.4 msec : 0
37.5 msec : 0
37.6 msec : 0
37.7 msec : 0
37.8 msec : 0
37.9 msec : 0
38.0 msec : 0
38.1 msec : 0
38.2 msec : 0
38.3 msec : 0
38.4 msec : 0
38.5 msec : 0
38.6 msec : 0
38.7 msec : 0
38.8 msec : 0
38.9 msec : 0
39.0 msec : 0
39.1 msec : 0
39.2 msec : 0
39.3 msec : 0
39.4 msec : 0
39.5 msec : 0
39.6 msec : 0
39.7 msec : 0
39.8 msec : 0
39.9 msec : 0
40.0 msec : 0
40.1 msec : 0
40.2 msec : 0
40.3 msec : 0
40.4 msec : 0
40.5 msec : 0
40.6 msec : 0
40.7 msec : 0
40.8 msec : 0
40.9 msec : 0
41.0 msec : 0
41.1 msec : 0
41.2 msec : 0
41.3 msec : 0
41.4 msec : 0
41.5 msec : 0
41.6 msec : 0
41.7 msec : 0
41.8 msec : 2
41.9 msec : 0
42.0 msec : 0
42.1 msec : 0
42.2 msec : 0
42.3 msec : 3
42.4 msec : 3
