Middleware started...
Middleware shuts down...
Smaller resolution statistics are in a log file...
Final aggregates per worker:


Worker 46
Average throughput (ops/sec) = 46
Average response time (msec) = 0.954466606557377
Average queue length = 0
Average wait time in queue (msec) = 0.19796295081967213
Average service time (msec) = 0.710779393442623
Number of SET = 0
Number of GET = 46
Number of MULTI GET = 0


Worker 47
Average throughput (ops/sec) = 46
Average response time (msec) = 0.896195393442623
Average queue length = 0
Average wait time in queue (msec) = 0.18622495081967214
Average service time (msec) = 0.6638555901639344
Number of SET = 0
Number of GET = 46
Number of MULTI GET = 0


Worker 48
Average throughput (ops/sec) = 47
Average response time (msec) = 0.8694961475409836
Average queue length = 0
Average wait time in queue (msec) = 0.17940968852459016
Average service time (msec) = 0.6410300491803279
Number of SET = 0
Number of GET = 47
Number of MULTI GET = 0


Worker 49
Average throughput (ops/sec) = 46
Average response time (msec) = 0.9270795901639344
Average queue length = 0
Average wait time in queue (msec) = 0.22520495081967215
Average service time (msec) = 0.656601131147541
Number of SET = 0
Number of GET = 46
Number of MULTI GET = 0


Worker 42
Average throughput (ops/sec) = 45
Average response time (msec) = 0.911406606557377
Average queue length = 0
Average wait time in queue (msec) = 0.18715229508196723
Average service time (msec) = 0.6735069672131148
Number of SET = 0
Number of GET = 45
Number of MULTI GET = 0


Worker 43
Average throughput (ops/sec) = 47
Average response time (msec) = 0.9314039180327869
Average queue length = 0
Average wait time in queue (msec) = 0.22733
Average service time (msec) = 0.6475013770491803
Number of SET = 0
Number of GET = 47
Number of MULTI GET = 0


Worker 44
Average throughput (ops/sec) = 45
Average response time (msec) = 0.9224120655737704
Average queue length = 0
Average wait time in queue (msec) = 0.20001096721311476
Average service time (msec) = 0.674357131147541
Number of SET = 0
Number of GET = 45
Number of MULTI GET = 0


Worker 45
Average throughput (ops/sec) = 46
Average response time (msec) = 0.8962635737704917
Average queue length = 0
Average wait time in queue (msec) = 0.199029
Average service time (msec) = 0.6524330655737705
Number of SET = 0
Number of GET = 46
Number of MULTI GET = 0


Worker 50
Average throughput (ops/sec) = 46
Average response time (msec) = 0.9315824262295083
Average queue length = 0
Average wait time in queue (msec) = 0.19575288524590165
Average service time (msec) = 0.6895454262295082
Number of SET = 0
Number of GET = 46
Number of MULTI GET = 0


Worker 51
Average throughput (ops/sec) = 46
Average response time (msec) = 0.9283338360655737
Average queue length = 1
Average wait time in queue (msec) = 0.1994391967213115
Average service time (msec) = 0.6744991147540984
Number of SET = 0
Number of GET = 46
Number of MULTI GET = 0


Worker 52
Average throughput (ops/sec) = 45
Average response time (msec) = 0.900760606557377
Average queue length = 0
Average wait time in queue (msec) = 0.198595
Average service time (msec) = 0.6595794590163934
Number of SET = 0
Number of GET = 45
Number of MULTI GET = 0


Worker 57
Average throughput (ops/sec) = 46
Average response time (msec) = 0.8778235409836066
Average queue length = 0
Average wait time in queue (msec) = 0.19150788524590165
Average service time (msec) = 0.6373094754098361
Number of SET = 0
Number of GET = 46
Number of MULTI GET = 0


Worker 13
Average throughput (ops/sec) = 46
Average response time (msec) = 0.8707153114754099
Average queue length = 0
Average wait time in queue (msec) = 0.1927833606557377
Average service time (msec) = 0.6310052950819672
Number of SET = 0
Number of GET = 46
Number of MULTI GET = 0


Worker 58
Average throughput (ops/sec) = 46
Average response time (msec) = 0.8889233934426229
Average queue length = 0
Average wait time in queue (msec) = 0.17703031147540985
Average service time (msec) = 0.6638011967213114
Number of SET = 0
Number of GET = 46
Number of MULTI GET = 0


Worker 14
Average throughput (ops/sec) = 46
Average response time (msec) = 0.9169451639344263
Average queue length = 1
Average wait time in queue (msec) = 0.1817069180327869
Average service time (msec) = 0.6849302459016393
Number of SET = 0
Number of GET = 46
Number of MULTI GET = 0


Worker 15
Average throughput (ops/sec) = 47
Average response time (msec) = 0.87341945
Average queue length = 0
Average wait time in queue (msec) = 0.19185338333333332
Average service time (msec) = 0.6387265
Number of SET = 0
Number of GET = 47
Number of MULTI GET = 0


Worker 59
Average throughput (ops/sec) = 46
Average response time (msec) = 0.9758397540983607
Average queue length = 0
Average wait time in queue (msec) = 0.20581118032786885
Average service time (msec) = 0.7231354262295082
Number of SET = 0
Number of GET = 46
Number of MULTI GET = 0


Worker 16
Average throughput (ops/sec) = 46
Average response time (msec) = 0.9618636229508196
Average queue length = 0
Average wait time in queue (msec) = 0.1932257049180328
Average service time (msec) = 0.7218986229508196
Number of SET = 0
Number of GET = 46
Number of MULTI GET = 0


Worker 53
Average throughput (ops/sec) = 46
Average response time (msec) = 1.0759852295081966
Average queue length = 0
Average wait time in queue (msec) = 0.183976262295082
Average service time (msec) = 0.8359636229508197
Number of SET = 0
Number of GET = 46
Number of MULTI GET = 0


Worker 54
Average throughput (ops/sec) = 46
Average response time (msec) = 0.8802272950819673
Average queue length = 1
Average wait time in queue (msec) = 0.18079577049180326
Average service time (msec) = 0.6526558852459017
Number of SET = 0
Number of GET = 46
Number of MULTI GET = 0


Worker 10
Average throughput (ops/sec) = 46
Average response time (msec) = 0.9203609836065574
Average queue length = 0
Average wait time in queue (msec) = 0.16178024590163934
Average service time (msec) = 0.7144651967213115
Number of SET = 0
Number of GET = 46
Number of MULTI GET = 0


Worker 55
Average throughput (ops/sec) = 46
Average response time (msec) = 0.889866655737705
Average queue length = 0
Average wait time in queue (msec) = 0.18948926229508198
Average service time (msec) = 0.656112262295082
Number of SET = 0
Number of GET = 46
Number of MULTI GET = 0


Worker 11
Average throughput (ops/sec) = 46
Average response time (msec) = 0.899679081967213
Average queue length = 0
Average wait time in queue (msec) = 0.19100257377049182
Average service time (msec) = 0.6602728688524591
Number of SET = 0
Number of GET = 46
Number of MULTI GET = 0


Worker 56
Average throughput (ops/sec) = 45
Average response time (msec) = 0.9167086393442623
Average queue length = 0
Average wait time in queue (msec) = 0.19525847540983607
Average service time (msec) = 0.6702865573770492
Number of SET = 0
Number of GET = 45
Number of MULTI GET = 0


Worker 12
Average throughput (ops/sec) = 46
Average response time (msec) = 0.9193335409836066
Average queue length = 0
Average wait time in queue (msec) = 0.1985781475409836
Average service time (msec) = 0.675177786885246
Number of SET = 0
Number of GET = 46
Number of MULTI GET = 0


Worker 17
Average throughput (ops/sec) = 47
Average response time (msec) = 0.8655603000000001
Average queue length = 0
Average wait time in queue (msec) = 0.18755551666666667
Average service time (msec) = 0.6314028
Number of SET = 0
Number of GET = 47
Number of MULTI GET = 0


Worker 18
Average throughput (ops/sec) = 46
Average response time (msec) = 0.910666393442623
Average queue length = 0
Average wait time in queue (msec) = 0.18876095081967215
Average service time (msec) = 0.6754919508196721
Number of SET = 0
Number of GET = 46
Number of MULTI GET = 0


Worker 19
Average throughput (ops/sec) = 45
Average response time (msec) = 0.8424008524590164
Average queue length = 0
Average wait time in queue (msec) = 0.1738130655737705
Average service time (msec) = 0.6236487868852459
Number of SET = 0
Number of GET = 45
Number of MULTI GET = 0


Worker 60
Average throughput (ops/sec) = 46
Average response time (msec) = 0.9208156885245901
Average queue length = 1
Average wait time in queue (msec) = 0.17317709836065573
Average service time (msec) = 0.702814131147541
Number of SET = 0
Number of GET = 46
Number of MULTI GET = 0


Worker 61
Average throughput (ops/sec) = 45
Average response time (msec) = 0.9272678032786886
Average queue length = 1
Average wait time in queue (msec) = 0.18315716393442624
Average service time (msec) = 0.6984038852459017
Number of SET = 0
Number of GET = 45
Number of MULTI GET = 0


Worker 62
Average throughput (ops/sec) = 46
Average response time (msec) = 0.9706068360655737
Average queue length = 0
Average wait time in queue (msec) = 0.1889961475409836
Average service time (msec) = 0.736898737704918
Number of SET = 0
Number of GET = 46
Number of MULTI GET = 0


Worker 63
Average throughput (ops/sec) = 46
Average response time (msec) = 0.8857122295081967
Average queue length = 1
Average wait time in queue (msec) = 0.18801044262295083
Average service time (msec) = 0.6467409344262296
Number of SET = 0
Number of GET = 46
Number of MULTI GET = 0


Worker 24
Average throughput (ops/sec) = 46
Average response time (msec) = 0.9685802459016394
Average queue length = 0
Average wait time in queue (msec) = 0.2027470819672131
Average service time (msec) = 0.7192206721311476
Number of SET = 0
Number of GET = 46
Number of MULTI GET = 0


Worker 7
Average throughput (ops/sec) = 46
Average response time (msec) = 0.9042857540983607
Average queue length = 0
Average wait time in queue (msec) = 0.1904357868852459
Average service time (msec) = 0.6678486393442623
Number of SET = 0
Number of GET = 46
Number of MULTI GET = 0


Worker 25
Average throughput (ops/sec) = 46
Average response time (msec) = 0.914324049180328
Average queue length = 0
Average wait time in queue (msec) = 0.1958730655737705
Average service time (msec) = 0.6696810327868853
Number of SET = 0
Number of GET = 46
Number of MULTI GET = 0


Worker 6
Average throughput (ops/sec) = 46
Average response time (msec) = 0.9887168360655737
Average queue length = 0
Average wait time in queue (msec) = 0.18275875409836065
Average service time (msec) = 0.7538966721311476
Number of SET = 0
Number of GET = 46
Number of MULTI GET = 0


Worker 26
Average throughput (ops/sec) = 46
Average response time (msec) = 0.875805950819672
Average queue length = 0
Average wait time in queue (msec) = 0.18383788524590164
Average service time (msec) = 0.6449455737704918
Number of SET = 0
Number of GET = 46
Number of MULTI GET = 0


Worker 9
Average throughput (ops/sec) = 46
Average response time (msec) = 0.924171868852459
Average queue length = 0
Average wait time in queue (msec) = 0.19130318032786883
Average service time (msec) = 0.6854340163934426
Number of SET = 0
Number of GET = 46
Number of MULTI GET = 0


Worker 27
Average throughput (ops/sec) = 46
Average response time (msec) = 0.9129393278688525
Average queue length = 0
Average wait time in queue (msec) = 0.19478018032786884
Average service time (msec) = 0.6719043278688525
Number of SET = 0
Number of GET = 46
Number of MULTI GET = 0


Worker 8
Average throughput (ops/sec) = 46
Average response time (msec) = 0.9958356885245901
Average queue length = 0
Average wait time in queue (msec) = 0.17632883606557376
Average service time (msec) = 0.7748554918032787
Number of SET = 0
Number of GET = 46
Number of MULTI GET = 0


Worker 64
Average throughput (ops/sec) = 46
Average response time (msec) = 0.9626858852459016
Average queue length = 0
Average wait time in queue (msec) = 0.2311010819672131
Average service time (msec) = 0.6838275081967213
Number of SET = 0
Number of GET = 46
Number of MULTI GET = 0


Worker 20
Average throughput (ops/sec) = 46
Average response time (msec) = 0.9022380163934426
Average queue length = 0
Average wait time in queue (msec) = 0.1901228524590164
Average service time (msec) = 0.6667305081967213
Number of SET = 0
Number of GET = 46
Number of MULTI GET = 0


Worker 3
Average throughput (ops/sec) = 46
Average response time (msec) = 0.9225723770491804
Average queue length = 0
Average wait time in queue (msec) = 0.19919275409836065
Average service time (msec) = 0.6775565245901639
Number of SET = 0
Number of GET = 46
Number of MULTI GET = 0


Worker 21
Average throughput (ops/sec) = 47
Average response time (msec) = 0.8917002786885246
Average queue length = 0
Average wait time in queue (msec) = 0.20359670491803278
Average service time (msec) = 0.6401605737704917
Number of SET = 0
Number of GET = 47
Number of MULTI GET = 0


Worker 2
Average throughput (ops/sec) = 45
Average response time (msec) = 0.8848873770491803
Average queue length = 0
Average wait time in queue (msec) = 0.17859252459016392
Average service time (msec) = 0.6596289836065573
Number of SET = 0
Number of GET = 45
Number of MULTI GET = 0


Worker 22
Average throughput (ops/sec) = 46
Average response time (msec) = 0.8818572459016394
Average queue length = 0
Average wait time in queue (msec) = 0.19606393442622952
Average service time (msec) = 0.6401403770491804
Number of SET = 0
Number of GET = 46
Number of MULTI GET = 0


Worker 5
Average throughput (ops/sec) = 47
Average response time (msec) = 0.8709330655737705
Average queue length = 0
Average wait time in queue (msec) = 0.19204670491803277
Average service time (msec) = 0.6319868360655737
Number of SET = 0
Number of GET = 47
Number of MULTI GET = 0


Worker 23
Average throughput (ops/sec) = 45
Average response time (msec) = 0.875049475409836
Average queue length = 0
Average wait time in queue (msec) = 0.18934045901639343
Average service time (msec) = 0.6393141475409836
Number of SET = 0
Number of GET = 45
Number of MULTI GET = 0


Worker 4
Average throughput (ops/sec) = 46
Average response time (msec) = 0.9112850163934426
Average queue length = 0
Average wait time in queue (msec) = 0.17946650819672133
Average service time (msec) = 0.6868495901639344
Number of SET = 0
Number of GET = 46
Number of MULTI GET = 0


Worker 28
Average throughput (ops/sec) = 47
Average response time (msec) = 0.8793895573770493
Average queue length = 0
Average wait time in queue (msec) = 0.185657
Average service time (msec) = 0.6466117213114754
Number of SET = 0
Number of GET = 47
Number of MULTI GET = 0


Worker 29
Average throughput (ops/sec) = 46
Average response time (msec) = 0.8647179016393443
Average queue length = 0
Average wait time in queue (msec) = 0.19006929508196724
Average service time (msec) = 0.628556737704918
Number of SET = 0
Number of GET = 46
Number of MULTI GET = 0


Worker 1
Average throughput (ops/sec) = 46
Average response time (msec) = 0.8738471803278689
Average queue length = 0
Average wait time in queue (msec) = 0.17533949180327868
Average service time (msec) = 0.6486099508196721
Number of SET = 0
Number of GET = 46
Number of MULTI GET = 0


Worker 30
Average throughput (ops/sec) = 46
Average response time (msec) = 0.8561167540983606
Average queue length = 0
Average wait time in queue (msec) = 0.16783849180327867
Average service time (msec) = 0.6415509836065574
Number of SET = 0
Number of GET = 46
Number of MULTI GET = 0


Worker 35
Average throughput (ops/sec) = 46
Average response time (msec) = 0.8715487213114754
Average queue length = 0
Average wait time in queue (msec) = 0.1852566393442623
Average service time (msec) = 0.640604131147541
Number of SET = 0
Number of GET = 46
Number of MULTI GET = 0


Worker 36
Average throughput (ops/sec) = 46
Average response time (msec) = 0.9647882786885246
Average queue length = 1
Average wait time in queue (msec) = 0.22352011475409836
Average service time (msec) = 0.692014131147541
Number of SET = 0
Number of GET = 46
Number of MULTI GET = 0


Worker 37
Average throughput (ops/sec) = 46
Average response time (msec) = 0.9125521967213114
Average queue length = 0
Average wait time in queue (msec) = 0.19459031147540984
Average service time (msec) = 0.6722990327868853
Number of SET = 0
Number of GET = 46
Number of MULTI GET = 0


Worker 38
Average throughput (ops/sec) = 46
Average response time (msec) = 1.0594717049180327
Average queue length = 1
Average wait time in queue (msec) = 0.1873050163934426
Average service time (msec) = 0.6924254426229508
Number of SET = 0
Number of GET = 46
Number of MULTI GET = 0


Worker 31
Average throughput (ops/sec) = 46
Average response time (msec) = 0.9407226229508197
Average queue length = 0
Average wait time in queue (msec) = 0.2217451475409836
Average service time (msec) = 0.672263655737705
Number of SET = 0
Number of GET = 46
Number of MULTI GET = 0


Worker 32
Average throughput (ops/sec) = 46
Average response time (msec) = 0.9109543606557376
Average queue length = 0
Average wait time in queue (msec) = 0.19352040983606558
Average service time (msec) = 0.6717823934426229
Number of SET = 0
Number of GET = 46
Number of MULTI GET = 0


Worker 33
Average throughput (ops/sec) = 47
Average response time (msec) = 0.8711759344262295
Average queue length = 0
Average wait time in queue (msec) = 0.1728896393442623
Average service time (msec) = 0.6510033114754099
Number of SET = 0
Number of GET = 47
Number of MULTI GET = 0


Worker 34
Average throughput (ops/sec) = 46
Average response time (msec) = 0.9891337540983607
Average queue length = 1
Average wait time in queue (msec) = 0.19889501639344262
Average service time (msec) = 0.7305284918032787
Number of SET = 0
Number of GET = 46
Number of MULTI GET = 0


Worker 39
Average throughput (ops/sec) = 45
Average response time (msec) = 0.944198524590164
Average queue length = 0
Average wait time in queue (msec) = 0.2262072950819672
Average service time (msec) = 0.6722996557377049
Number of SET = 0
Number of GET = 45
Number of MULTI GET = 0


Worker 40
Average throughput (ops/sec) = 46
Average response time (msec) = 0.9572497049180327
Average queue length = 0
Average wait time in queue (msec) = 0.21962755737704917
Average service time (msec) = 0.679793131147541
Number of SET = 0
Number of GET = 46
Number of MULTI GET = 0


Worker 41
Average throughput (ops/sec) = 46
Average response time (msec) = 0.8877472
Average queue length = 1
Average wait time in queue (msec) = 0.19438773333333334
Average service time (msec) = 0.64953575
Number of SET = 0
Number of GET = 46
Number of MULTI GET = 0


FINAL STATS
Average throughput (ops/sec) = 2943
Average response time (msec) = 0.8804034287825809
Average queue length = 0
Average wait time in queue (msec) = 0.1926378001109973
Average service time (msec) = 0.6738857948386271
Number of SET = 0
Number of GET = 2943
Number of MULTI GET = 0
Number of Cache misses = 441
Arrival rate (lambda) = [0, 0, 41, 2327, 2837, 2262, 2908, 3058, 2931, 3094, 3048, 3097, 2875, 2962, 2763, 2963, 2908, 3066, 3152, 3101, 2938, 2942, 3189, 3247, 3152, 3120, 3023, 3042, 3113, 3014, 3076, 3079, 3140, 3186, 2904, 2741, 3173, 3109, 3247, 3122, 3005, 3238, 3063, 3077, 3092, 3018, 2988, 3074, 3044, 3060, 3044, 3131, 3049, 3127, 2854, 3112, 3073, 3152, 3001, 3194, 3011, 3072, 2889, 9, 0, 0, 0, 0, 0, 0, 0]


Histogram response times (0.1 msec step)
0.0 msec : 645
0.1 msec : 6835
0.2 msec : 20453
0.3 msec : 35336
0.4 msec : 36943
0.5 msec : 27564
0.6 msec : 15891
0.7 msec : 8656
0.8 msec : 5487
0.9 msec : 3673
1.0 msec : 2681
1.1 msec : 1862
1.2 msec : 1397
1.3 msec : 996
1.4 msec : 900
1.5 msec : 885
1.6 msec : 664
1.7 msec : 656
1.8 msec : 580
1.9 msec : 586
2.0 msec : 542
2.1 msec : 530
2.2 msec : 458
2.3 msec : 462
2.4 msec : 354
2.5 msec : 401
2.6 msec : 351
2.7 msec : 357
2.8 msec : 321
2.9 msec : 364
3.0 msec : 375
3.1 msec : 360
3.2 msec : 341
3.3 msec : 325
3.4 msec : 239
3.5 msec : 254
3.6 msec : 227
3.7 msec : 206
3.8 msec : 114
3.9 msec : 127
4.0 msec : 93
4.1 msec : 102
4.2 msec : 40
4.3 msec : 70
4.4 msec : 63
4.5 msec : 77
4.6 msec : 61
4.7 msec : 81
4.8 msec : 54
4.9 msec : 68
5.0 msec : 47
5.1 msec : 63
5.2 msec : 61
5.3 msec : 59
5.4 msec : 39
5.5 msec : 29
5.6 msec : 51
5.7 msec : 37
5.8 msec : 43
5.9 msec : 31
6.0 msec : 25
6.1 msec : 28
6.2 msec : 45
6.3 msec : 37
6.4 msec : 18
6.5 msec : 17
6.6 msec : 19
6.7 msec : 22
6.8 msec : 14
6.9 msec : 25
7.0 msec : 16
7.1 msec : 23
7.2 msec : 45
7.3 msec : 52
7.4 msec : 17
7.5 msec : 16
7.6 msec : 36
7.7 msec : 45
7.8 msec : 18
7.9 msec : 7
8.0 msec : 6
8.1 msec : 8
8.2 msec : 25
8.3 msec : 2
8.4 msec : 10
8.5 msec : 13
8.6 msec : 3
8.7 msec : 14
8.8 msec : 21
8.9 msec : 17
9.0 msec : 0
9.1 msec : 1
9.2 msec : 4
9.3 msec : 2
9.4 msec : 0
9.5 msec : 0
9.6 msec : 7
9.7 msec : 4
9.8 msec : 0
9.9 msec : 0
10.0 msec : 1
10.1 msec : 0
10.2 msec : 0
10.3 msec : 0
10.4 msec : 0
10.5 msec : 1
10.6 msec : 7
10.7 msec : 1
10.8 msec : 1
10.9 msec : 0
11.0 msec : 3
11.1 msec : 1
11.2 msec : 0
11.3 msec : 0
11.4 msec : 2
11.5 msec : 0
11.6 msec : 0
11.7 msec : 1
11.8 msec : 2
11.9 msec : 7
12.0 msec : 3
12.1 msec : 2
12.2 msec : 0
12.3 msec : 0
12.4 msec : 0
12.5 msec : 2
12.6 msec : 3
12.7 msec : 1
12.8 msec : 10
12.9 msec : 1
13.0 msec : 0
13.1 msec : 0
13.2 msec : 0
13.3 msec : 1
13.4 msec : 0
13.5 msec : 0
13.6 msec : 0
13.7 msec : 0
13.8 msec : 0
13.9 msec : 0
14.0 msec : 0
14.1 msec : 0
14.2 msec : 2
14.3 msec : 0
14.4 msec : 0
14.5 msec : 0
14.6 msec : 0
14.7 msec : 0
14.8 msec : 0
14.9 msec : 0
15.0 msec : 0
15.1 msec : 0
15.2 msec : 0
15.3 msec : 0
15.4 msec : 0
15.5 msec : 0
15.6 msec : 0
15.7 msec : 0
15.8 msec : 0
15.9 msec : 0
16.0 msec : 1
16.1 msec : 0
16.2 msec : 0
16.3 msec : 0
16.4 msec : 0
16.5 msec : 1
16.6 msec : 1
16.7 msec : 1
16.8 msec : 0
16.9 msec : 0
17.0 msec : 0
17.1 msec : 0
17.2 msec : 0
17.3 msec : 0
17.4 msec : 0
17.5 msec : 0
17.6 msec : 0
17.7 msec : 0
17.8 msec : 0
17.9 msec : 0
18.0 msec : 2
18.1 msec : 5
18.2 msec : 0
18.3 msec : 0
18.4 msec : 0
18.5 msec : 1
18.6 msec : 0
18.7 msec : 0
18.8 msec : 0
18.9 msec : 0
19.0 msec : 1
19.1 msec : 0
19.2 msec : 0
19.3 msec : 2
19.4 msec : 1
19.5 msec : 0
19.6 msec : 0
19.7 msec : 1
19.8 msec : 0
19.9 msec : 0
20.0 msec : 0
20.1 msec : 0
20.2 msec : 0
20.3 msec : 0
20.4 msec : 0
20.5 msec : 0
20.6 msec : 0
20.7 msec : 0
20.8 msec : 0
20.9 msec : 0
21.0 msec : 0
21.1 msec : 0
21.2 msec : 0
21.3 msec : 0
21.4 msec : 0
21.5 msec : 0
21.6 msec : 0
21.7 msec : 0
21.8 msec : 0
21.9 msec : 0
22.0 msec : 0
22.1 msec : 0
22.2 msec : 0
22.3 msec : 0
22.4 msec : 0
22.5 msec : 0
22.6 msec : 0
22.7 msec : 0
22.8 msec : 0
22.9 msec : 0
23.0 msec : 0
23.1 msec : 0
23.2 msec : 0
23.3 msec : 0
23.4 msec : 0
23.5 msec : 1
23.6 msec : 2
23.7 msec : 1
23.8 msec : 0
23.9 msec : 0
24.0 msec : 0
24.1 msec : 0
24.2 msec : 0
24.3 msec : 0
24.4 msec : 0
24.5 msec : 0
24.6 msec : 0
24.7 msec : 0
24.8 msec : 0
24.9 msec : 0
25.0 msec : 0
25.1 msec : 0
25.2 msec : 0
25.3 msec : 0
25.4 msec : 0
25.5 msec : 0
25.6 msec : 0
25.7 msec : 1
25.8 msec : 6
25.9 msec : 3
26.0 msec : 0
26.1 msec : 0
26.2 msec : 0
26.3 msec : 0
26.4 msec : 0
26.5 msec : 3
26.6 msec : 1
26.7 msec : 0
26.8 msec : 1
26.9 msec : 0
27.0 msec : 0
27.1 msec : 0
27.2 msec : 0
27.3 msec : 0
27.4 msec : 0
27.5 msec : 0
27.6 msec : 0
27.7 msec : 0
27.8 msec : 0
27.9 msec : 0
28.0 msec : 0
28.1 msec : 0
28.2 msec : 0
28.3 msec : 0
28.4 msec : 0
28.5 msec : 0
28.6 msec : 0
28.7 msec : 0
28.8 msec : 0
28.9 msec : 0
29.0 msec : 0
29.1 msec : 0
29.2 msec : 0
29.3 msec : 0
29.4 msec : 0
29.5 msec : 0
29.6 msec : 0
29.7 msec : 0
29.8 msec : 0
29.9 msec : 0
30.0 msec : 0
30.1 msec : 0
30.2 msec : 0
30.3 msec : 0
30.4 msec : 0
30.5 msec : 0
30.6 msec : 0
30.7 msec : 0
30.8 msec : 0
30.9 msec : 0
31.0 msec : 0
31.1 msec : 0
31.2 msec : 0
31.3 msec : 0
31.4 msec : 0
31.5 msec : 0
31.6 msec : 0
31.7 msec : 0
31.8 msec : 0
31.9 msec : 0
32.0 msec : 0
32.1 msec : 0
32.2 msec : 0
32.3 msec : 0
32.4 msec : 0
32.5 msec : 0
32.6 msec : 0
32.7 msec : 0
32.8 msec : 0
32.9 msec : 0
33.0 msec : 0
33.1 msec : 0
33.2 msec : 0
33.3 msec : 0
33.4 msec : 0
33.5 msec : 0
33.6 msec : 0
33.7 msec : 0
33.8 msec : 0
33.9 msec : 0
34.0 msec : 0
34.1 msec : 0
34.2 msec : 0
34.3 msec : 0
34.4 msec : 0
34.5 msec : 0
34.6 msec : 0
34.7 msec : 0
34.8 msec : 0
34.9 msec : 0
35.0 msec : 0
35.1 msec : 0
35.2 msec : 0
35.3 msec : 0
35.4 msec : 0
35.5 msec : 0
35.6 msec : 0
35.7 msec : 0
35.8 msec : 0
35.9 msec : 0
36.0 msec : 0
36.1 msec : 0
36.2 msec : 0
36.3 msec : 0
36.4 msec : 0
36.5 msec : 0
36.6 msec : 0
36.7 msec : 0
36.8 msec : 0
36.9 msec : 0
37.0 msec : 0
37.1 msec : 0
37.2 msec : 0
37.3 msec : 0
37.4 msec : 0
37.5 msec : 0
37.6 msec : 0
37.7 msec : 0
37.8 msec : 0
37.9 msec : 0
38.0 msec : 0
38.1 msec : 0
38.2 msec : 0
38.3 msec : 0
38.4 msec : 0
38.5 msec : 0
38.6 msec : 0
38.7 msec : 0
38.8 msec : 0
38.9 msec : 0
39.0 msec : 0
39.1 msec : 0
39.2 msec : 0
39.3 msec : 0
39.4 msec : 0
39.5 msec : 0
39.6 msec : 0
39.7 msec : 0
39.8 msec : 0
39.9 msec : 0
40.0 msec : 0
40.1 msec : 0
40.2 msec : 0
40.3 msec : 0
40.4 msec : 0
40.5 msec : 0
40.6 msec : 0
40.7 msec : 0
40.8 msec : 0
40.9 msec : 0
41.0 msec : 0
41.1 msec : 0
41.2 msec : 0
41.3 msec : 0
41.4 msec : 0
