Middleware started...
Middleware shuts down...
Smaller resolution statistics are in a log file...
Final aggregates per worker:


Worker 46
Average throughput (ops/sec) = 85
Average response time (msec) = 1.606198213114754
Average queue length = 0
Average wait time in queue (msec) = 0.38111103278688524
Average service time (msec) = 1.1737879344262294
Number of SET = 0
Number of GET = 85
Number of MULTI GET = 0


Worker 47
Average throughput (ops/sec) = 86
Average response time (msec) = 1.6035756885245902
Average queue length = 2
Average wait time in queue (msec) = 0.38035804918032784
Average service time (msec) = 1.1702836721311474
Number of SET = 0
Number of GET = 86
Number of MULTI GET = 0


Worker 48
Average throughput (ops/sec) = 83
Average response time (msec) = 1.5458783278688526
Average queue length = 1
Average wait time in queue (msec) = 0.341016131147541
Average service time (msec) = 1.1332088032786887
Number of SET = 0
Number of GET = 83
Number of MULTI GET = 0


Worker 49
Average throughput (ops/sec) = 84
Average response time (msec) = 1.6324783770491802
Average queue length = 2
Average wait time in queue (msec) = 0.3875371967213115
Average service time (msec) = 1.1897845409836065
Number of SET = 0
Number of GET = 84
Number of MULTI GET = 0


Worker 42
Average throughput (ops/sec) = 83
Average response time (msec) = 1.6893421475409836
Average queue length = 2
Average wait time in queue (msec) = 0.3727950983606557
Average service time (msec) = 1.2422920655737706
Number of SET = 0
Number of GET = 83
Number of MULTI GET = 0


Worker 43
Average throughput (ops/sec) = 83
Average response time (msec) = 1.5881895409836067
Average queue length = 0
Average wait time in queue (msec) = 0.38728288524590165
Average service time (msec) = 1.1483076721311474
Number of SET = 0
Number of GET = 83
Number of MULTI GET = 0


Worker 44
Average throughput (ops/sec) = 84
Average response time (msec) = 1.565207737704918
Average queue length = 1
Average wait time in queue (msec) = 0.33491227868852463
Average service time (msec) = 1.1789101639344262
Number of SET = 0
Number of GET = 84
Number of MULTI GET = 0


Worker 45
Average throughput (ops/sec) = 85
Average response time (msec) = 1.6207866557377049
Average queue length = 1
Average wait time in queue (msec) = 0.3718478852459016
Average service time (msec) = 1.1773913442622952
Number of SET = 0
Number of GET = 85
Number of MULTI GET = 0


Worker 50
Average throughput (ops/sec) = 86
Average response time (msec) = 1.5886117704918032
Average queue length = 2
Average wait time in queue (msec) = 0.37222580327868854
Average service time (msec) = 1.1632497213114754
Number of SET = 0
Number of GET = 86
Number of MULTI GET = 0


Worker 51
Average throughput (ops/sec) = 85
Average response time (msec) = 1.5731685573770493
Average queue length = 2
Average wait time in queue (msec) = 0.33841754098360655
Average service time (msec) = 1.186939573770492
Number of SET = 0
Number of GET = 85
Number of MULTI GET = 0


Worker 52
Average throughput (ops/sec) = 85
Average response time (msec) = 1.6326030655737707
Average queue length = 3
Average wait time in queue (msec) = 0.3613582295081967
Average service time (msec) = 1.21971862295082
Number of SET = 0
Number of GET = 85
Number of MULTI GET = 0


Worker 57
Average throughput (ops/sec) = 84
Average response time (msec) = 1.5759033278688526
Average queue length = 0
Average wait time in queue (msec) = 0.3447544262295082
Average service time (msec) = 1.1751147049180328
Number of SET = 0
Number of GET = 84
Number of MULTI GET = 0


Worker 13
Average throughput (ops/sec) = 85
Average response time (msec) = 1.819605786885246
Average queue length = 1
Average wait time in queue (msec) = 0.4401800983606557
Average service time (msec) = 1.215323950819672
Number of SET = 0
Number of GET = 85
Number of MULTI GET = 0


Worker 58
Average throughput (ops/sec) = 85
Average response time (msec) = 1.5722683606557377
Average queue length = 2
Average wait time in queue (msec) = 0.35509796721311476
Average service time (msec) = 1.1649424918032787
Number of SET = 0
Number of GET = 85
Number of MULTI GET = 0


Worker 14
Average throughput (ops/sec) = 84
Average response time (msec) = 1.7747842950819672
Average queue length = 2
Average wait time in queue (msec) = 0.38846378688524585
Average service time (msec) = 1.2792250655737705
Number of SET = 0
Number of GET = 84
Number of MULTI GET = 0


Worker 59
Average throughput (ops/sec) = 84
Average response time (msec) = 1.6824211311475408
Average queue length = 3
Average wait time in queue (msec) = 0.35771437704918035
Average service time (msec) = 1.2763594098360656
Number of SET = 0
Number of GET = 84
Number of MULTI GET = 0


Worker 15
Average throughput (ops/sec) = 84
Average response time (msec) = 1.5919382459016393
Average queue length = 2
Average wait time in queue (msec) = 0.3569381967213115
Average service time (msec) = 1.1550645081967212
Number of SET = 0
Number of GET = 84
Number of MULTI GET = 0


Worker 16
Average throughput (ops/sec) = 84
Average response time (msec) = 1.6851908524590165
Average queue length = 2
Average wait time in queue (msec) = 0.39457003278688524
Average service time (msec) = 1.1772257704918032
Number of SET = 0
Number of GET = 84
Number of MULTI GET = 0


Worker 53
Average throughput (ops/sec) = 85
Average response time (msec) = 1.6106449180327869
Average queue length = 2
Average wait time in queue (msec) = 0.3654431639344262
Average service time (msec) = 1.1929707704918033
Number of SET = 0
Number of GET = 85
Number of MULTI GET = 0


Worker 54
Average throughput (ops/sec) = 85
Average response time (msec) = 1.7312564098360654
Average queue length = 2
Average wait time in queue (msec) = 0.42665495081967214
Average service time (msec) = 1.256405918032787
Number of SET = 0
Number of GET = 85
Number of MULTI GET = 0


Worker 10
Average throughput (ops/sec) = 84
Average response time (msec) = 1.6659831967213115
Average queue length = 1
Average wait time in queue (msec) = 0.38781055737704917
Average service time (msec) = 1.2057401147540985
Number of SET = 0
Number of GET = 84
Number of MULTI GET = 0


Worker 55
Average throughput (ops/sec) = 86
Average response time (msec) = 1.5636609016393441
Average queue length = 1
Average wait time in queue (msec) = 0.366387262295082
Average service time (msec) = 1.1392693934426228
Number of SET = 0
Number of GET = 86
Number of MULTI GET = 0


Worker 11
Average throughput (ops/sec) = 86
Average response time (msec) = 1.5551131639344262
Average queue length = 1
Average wait time in queue (msec) = 0.35878039344262297
Average service time (msec) = 1.1418739836065575
Number of SET = 0
Number of GET = 86
Number of MULTI GET = 0


Worker 56
Average throughput (ops/sec) = 84
Average response time (msec) = 1.602424475409836
Average queue length = 1
Average wait time in queue (msec) = 0.35997345901639344
Average service time (msec) = 1.1970878524590165
Number of SET = 0
Number of GET = 84
Number of MULTI GET = 0


Worker 12
Average throughput (ops/sec) = 85
Average response time (msec) = 1.7365770983606559
Average queue length = 2
Average wait time in queue (msec) = 0.3695780983606557
Average service time (msec) = 1.1733400819672133
Number of SET = 0
Number of GET = 85
Number of MULTI GET = 0


Worker 17
Average throughput (ops/sec) = 85
Average response time (msec) = 1.6338719016393441
Average queue length = 2
Average wait time in queue (msec) = 0.37165434426229504
Average service time (msec) = 1.169341262295082
Number of SET = 0
Number of GET = 85
Number of MULTI GET = 0


Worker 18
Average throughput (ops/sec) = 84
Average response time (msec) = 1.6734793770491803
Average queue length = 1
Average wait time in queue (msec) = 0.37549811475409833
Average service time (msec) = 1.1677376721311474
Number of SET = 0
Number of GET = 84
Number of MULTI GET = 0


Worker 19
Average throughput (ops/sec) = 86
Average response time (msec) = 1.642146950819672
Average queue length = 1
Average wait time in queue (msec) = 0.37444698360655737
Average service time (msec) = 1.2020179344262294
Number of SET = 0
Number of GET = 86
Number of MULTI GET = 0


Worker 60
Average throughput (ops/sec) = 86
Average response time (msec) = 1.5746998688524592
Average queue length = 3
Average wait time in queue (msec) = 0.37475773770491805
Average service time (msec) = 1.1478511311475408
Number of SET = 0
Number of GET = 86
Number of MULTI GET = 0


Worker 61
Average throughput (ops/sec) = 82
Average response time (msec) = 1.6611097213114754
Average queue length = 1
Average wait time in queue (msec) = 0.34918755737704915
Average service time (msec) = 1.2062183770491801
Number of SET = 0
Number of GET = 82
Number of MULTI GET = 0


Worker 62
Average throughput (ops/sec) = 84
Average response time (msec) = 1.539279163934426
Average queue length = 1
Average wait time in queue (msec) = 0.3287034426229508
Average service time (msec) = 1.160408573770492
Number of SET = 0
Number of GET = 84
Number of MULTI GET = 0


Worker 63
Average throughput (ops/sec) = 85
Average response time (msec) = 1.6229662950819672
Average queue length = 1
Average wait time in queue (msec) = 0.36417934426229503
Average service time (msec) = 1.1949558032786887
Number of SET = 0
Number of GET = 85
Number of MULTI GET = 0


Worker 24
Average throughput (ops/sec) = 85
Average response time (msec) = 1.638666262295082
Average queue length = 2
Average wait time in queue (msec) = 0.3525697704918033
Average service time (msec) = 1.192423868852459
Number of SET = 0
Number of GET = 85
Number of MULTI GET = 0


Worker 7
Average throughput (ops/sec) = 83
Average response time (msec) = 1.686677524590164
Average queue length = 1
Average wait time in queue (msec) = 0.39806288524590167
Average service time (msec) = 1.200984163934426
Number of SET = 0
Number of GET = 83
Number of MULTI GET = 0


Worker 25
Average throughput (ops/sec) = 85
Average response time (msec) = 1.6309128688524592
Average queue length = 2
Average wait time in queue (msec) = 0.34033175409836064
Average service time (msec) = 1.157791524590164
Number of SET = 0
Number of GET = 85
Number of MULTI GET = 0


Worker 6
Average throughput (ops/sec) = 86
Average response time (msec) = 1.7931719836065574
Average queue length = 1
Average wait time in queue (msec) = 0.4012875409836065
Average service time (msec) = 1.1955671311475409
Number of SET = 0
Number of GET = 86
Number of MULTI GET = 0


Worker 26
Average throughput (ops/sec) = 85
Average response time (msec) = 1.640150737704918
Average queue length = 1
Average wait time in queue (msec) = 0.3508700163934426
Average service time (msec) = 1.1420513114754098
Number of SET = 0
Number of GET = 85
Number of MULTI GET = 0


Worker 9
Average throughput (ops/sec) = 85
Average response time (msec) = 1.6280103278688525
Average queue length = 1
Average wait time in queue (msec) = 0.36461675409836064
Average service time (msec) = 1.2180786557377048
Number of SET = 0
Number of GET = 85
Number of MULTI GET = 0


Worker 27
Average throughput (ops/sec) = 84
Average response time (msec) = 1.6350817704918033
Average queue length = 0
Average wait time in queue (msec) = 0.37641131147540985
Average service time (msec) = 1.1970322295081968
Number of SET = 0
Number of GET = 84
Number of MULTI GET = 0


Worker 8
Average throughput (ops/sec) = 84
Average response time (msec) = 1.5807323278688525
Average queue length = 2
Average wait time in queue (msec) = 0.35518844262295085
Average service time (msec) = 1.1756782622950819
Number of SET = 0
Number of GET = 84
Number of MULTI GET = 0


Worker 64
Average throughput (ops/sec) = 85
Average response time (msec) = 1.6265640983606557
Average queue length = 1
Average wait time in queue (msec) = 0.36577898360655736
Average service time (msec) = 1.1772423934426228
Number of SET = 0
Number of GET = 85
Number of MULTI GET = 0


Worker 20
Average throughput (ops/sec) = 83
Average response time (msec) = 1.5783328032786885
Average queue length = 2
Average wait time in queue (msec) = 0.36839091803278684
Average service time (msec) = 1.1573411311475408
Number of SET = 0
Number of GET = 83
Number of MULTI GET = 0


Worker 3
Average throughput (ops/sec) = 83
Average response time (msec) = 1.6649856885245902
Average queue length = 2
Average wait time in queue (msec) = 0.37527273770491804
Average service time (msec) = 1.1885909180327867
Number of SET = 0
Number of GET = 83
Number of MULTI GET = 0


Worker 21
Average throughput (ops/sec) = 85
Average response time (msec) = 1.6331194262295081
Average queue length = 1
Average wait time in queue (msec) = 0.35615855737704916
Average service time (msec) = 1.1668265901639345
Number of SET = 0
Number of GET = 85
Number of MULTI GET = 0


Worker 2
Average throughput (ops/sec) = 86
Average response time (msec) = 1.5465928524590165
Average queue length = 1
Average wait time in queue (msec) = 0.3700717704918033
Average service time (msec) = 1.120357524590164
Number of SET = 0
Number of GET = 86
Number of MULTI GET = 0


Worker 22
Average throughput (ops/sec) = 85
Average response time (msec) = 1.5292702295081968
Average queue length = 1
Average wait time in queue (msec) = 0.36249554098360653
Average service time (msec) = 1.1244041147540984
Number of SET = 0
Number of GET = 85
Number of MULTI GET = 0


Worker 5
Average throughput (ops/sec) = 85
Average response time (msec) = 1.5366676229508198
Average queue length = 1
Average wait time in queue (msec) = 0.34782765573770497
Average service time (msec) = 1.1454200327868853
Number of SET = 0
Number of GET = 85
Number of MULTI GET = 0


Worker 23
Average throughput (ops/sec) = 85
Average response time (msec) = 1.554592393442623
Average queue length = 2
Average wait time in queue (msec) = 0.3711233278688525
Average service time (msec) = 1.1358515409836065
Number of SET = 0
Number of GET = 84
Number of MULTI GET = 0


Worker 4
Average throughput (ops/sec) = 86
Average response time (msec) = 1.6568958032786887
Average queue length = 1
Average wait time in queue (msec) = 0.3615202295081967
Average service time (msec) = 1.2528954590163934
Number of SET = 0
Number of GET = 86
Number of MULTI GET = 0


Worker 28
Average throughput (ops/sec) = 83
Average response time (msec) = 1.650360606557377
Average queue length = 1
Average wait time in queue (msec) = 0.3795297049180328
Average service time (msec) = 1.1945208852459015
Number of SET = 0
Number of GET = 83
Number of MULTI GET = 0


Worker 29
Average throughput (ops/sec) = 85
Average response time (msec) = 1.6460726721311474
Average queue length = 2
Average wait time in queue (msec) = 0.35774704918032785
Average service time (msec) = 1.1632044098360654
Number of SET = 0
Number of GET = 85
Number of MULTI GET = 0


Worker 1
Average throughput (ops/sec) = 84
Average response time (msec) = 1.6586082131147541
Average queue length = 1
Average wait time in queue (msec) = 0.39705837704918034
Average service time (msec) = 1.213314393442623
Number of SET = 0
Number of GET = 84
Number of MULTI GET = 0


Worker 30
Average throughput (ops/sec) = 84
Average response time (msec) = 1.576830262295082
Average queue length = 1
Average wait time in queue (msec) = 0.3494485081967213
Average service time (msec) = 1.1818083278688525
Number of SET = 0
Number of GET = 84
Number of MULTI GET = 0


Worker 35
Average throughput (ops/sec) = 85
Average response time (msec) = 1.5885374918032786
Average queue length = 3
Average wait time in queue (msec) = 0.32939626229508195
Average service time (msec) = 1.1698517704918032
Number of SET = 0
Number of GET = 85
Number of MULTI GET = 0


Worker 36
Average throughput (ops/sec) = 86
Average response time (msec) = 1.6200274262295082
Average queue length = 3
Average wait time in queue (msec) = 0.40078762295081966
Average service time (msec) = 1.165346918032787
Number of SET = 0
Number of GET = 86
Number of MULTI GET = 0


Worker 37
Average throughput (ops/sec) = 84
Average response time (msec) = 1.5859678196721312
Average queue length = 1
Average wait time in queue (msec) = 0.37367854098360653
Average service time (msec) = 1.1599946065573772
Number of SET = 0
Number of GET = 84
Number of MULTI GET = 0


Worker 38
Average throughput (ops/sec) = 85
Average response time (msec) = 1.550114
Average queue length = 1
Average wait time in queue (msec) = 0.35542254098360654
Average service time (msec) = 1.1410279344262295
Number of SET = 0
Number of GET = 85
Number of MULTI GET = 0


Worker 31
Average throughput (ops/sec) = 84
Average response time (msec) = 1.6596370163934426
Average queue length = 1
Average wait time in queue (msec) = 0.3696956393442623
Average service time (msec) = 1.2100661967213113
Number of SET = 0
Number of GET = 84
Number of MULTI GET = 0


Worker 32
Average throughput (ops/sec) = 85
Average response time (msec) = 1.673324
Average queue length = 0
Average wait time in queue (msec) = 0.41560308196721313
Average service time (msec) = 1.1928461803278687
Number of SET = 0
Number of GET = 85
Number of MULTI GET = 0


Worker 33
Average throughput (ops/sec) = 84
Average response time (msec) = 1.5565964918032786
Average queue length = 2
Average wait time in queue (msec) = 0.3759810491803279
Average service time (msec) = 1.1216823770491802
Number of SET = 0
Number of GET = 84
Number of MULTI GET = 0


Worker 34
Average throughput (ops/sec) = 85
Average response time (msec) = 1.6061420163934426
Average queue length = 1
Average wait time in queue (msec) = 0.3525698524590164
Average service time (msec) = 1.2079889836065574
Number of SET = 0
Number of GET = 85
Number of MULTI GET = 0


Worker 39
Average throughput (ops/sec) = 86
Average response time (msec) = 1.5885261967213113
Average queue length = 0
Average wait time in queue (msec) = 0.36381824590163936
Average service time (msec) = 1.1725748852459015
Number of SET = 0
Number of GET = 86
Number of MULTI GET = 0


Worker 40
Average throughput (ops/sec) = 85
Average response time (msec) = 1.5982138524590166
Average queue length = 1
Average wait time in queue (msec) = 0.3634422131147541
Average service time (msec) = 1.177017
Number of SET = 0
Number of GET = 85
Number of MULTI GET = 0


Worker 41
Average throughput (ops/sec) = 86
Average response time (msec) = 1.5338157213114754
Average queue length = 1
Average wait time in queue (msec) = 0.3322912786885246
Average service time (msec) = 1.1472144918032787
Number of SET = 0
Number of GET = 86
Number of MULTI GET = 0


FINAL STATS
Average throughput (ops/sec) = 5417
Average response time (msec) = 1.577525953396843
Average queue length = 1
Average wait time in queue (msec) = 0.3683450717213115
Average service time (msec) = 1.1804585171618853
Number of SET = 0
Number of GET = 5416
Number of MULTI GET = 0
Number of Cache misses = 761
Arrival rate (lambda) = [0, 0, 0, 0, 0, 395, 5085, 5711, 5493, 6080, 5808, 5643, 5839, 5718, 5345, 5896, 6018, 5253, 5995, 5885, 5894, 5486, 5836, 5072, 6126, 5809, 5967, 5978, 6049, 5773, 4413, 6190, 5670, 5535, 5449, 5834, 5820, 5927, 4188, 6029, 5883, 5181, 4865, 5794, 5560, 5284, 5075, 5285, 4840, 5720, 5481, 4947, 6712, 5039, 5482, 5526, 5545, 5318, 5360, 5296, 6452, 5465, 4008, 5979, 5631, 3401, 25]


Histogram response times (0.1 msec step)
0.0 msec : 509
0.1 msec : 5266
0.2 msec : 16432
0.3 msec : 30543
0.4 msec : 37945
0.5 msec : 36846
0.6 msec : 32563
0.7 msec : 25575
0.8 msec : 21223
0.9 msec : 16838
1.0 msec : 12504
1.1 msec : 9992
1.2 msec : 7466
1.3 msec : 5354
1.4 msec : 4254
1.5 msec : 3396
1.6 msec : 2823
1.7 msec : 2245
1.8 msec : 2177
1.9 msec : 2053
2.0 msec : 1753
2.1 msec : 1696
2.2 msec : 1739
2.3 msec : 1744
2.4 msec : 1542
2.5 msec : 1532
2.6 msec : 1484
2.7 msec : 1202
2.8 msec : 1306
2.9 msec : 1275
3.0 msec : 1186
3.1 msec : 1039
3.2 msec : 988
3.3 msec : 1007
3.4 msec : 1029
3.5 msec : 1016
3.6 msec : 1002
3.7 msec : 914
3.8 msec : 939
3.9 msec : 790
4.0 msec : 636
4.1 msec : 744
4.2 msec : 830
4.3 msec : 872
4.4 msec : 842
4.5 msec : 891
4.6 msec : 810
4.7 msec : 802
4.8 msec : 739
4.9 msec : 764
5.0 msec : 732
5.1 msec : 730
5.2 msec : 744
5.3 msec : 905
5.4 msec : 1014
5.5 msec : 983
5.6 msec : 972
5.7 msec : 853
5.8 msec : 940
5.9 msec : 948
6.0 msec : 942
6.1 msec : 927
6.2 msec : 688
6.3 msec : 742
6.4 msec : 727
6.5 msec : 674
6.6 msec : 653
6.7 msec : 677
6.8 msec : 673
6.9 msec : 616
7.0 msec : 530
7.1 msec : 582
7.2 msec : 521
7.3 msec : 423
7.4 msec : 423
7.5 msec : 460
7.6 msec : 372
7.7 msec : 401
7.8 msec : 455
7.9 msec : 313
8.0 msec : 256
8.1 msec : 254
8.2 msec : 179
8.3 msec : 167
8.4 msec : 121
8.5 msec : 109
8.6 msec : 105
8.7 msec : 93
8.8 msec : 96
8.9 msec : 65
9.0 msec : 51
9.1 msec : 50
9.2 msec : 49
9.3 msec : 43
9.4 msec : 46
9.5 msec : 44
9.6 msec : 19
9.7 msec : 47
9.8 msec : 69
9.9 msec : 36
10.0 msec : 36
10.1 msec : 25
10.2 msec : 41
10.3 msec : 24
10.4 msec : 43
10.5 msec : 7
10.6 msec : 21
10.7 msec : 7
10.8 msec : 11
10.9 msec : 6
11.0 msec : 6
11.1 msec : 9
11.2 msec : 5
11.3 msec : 3
11.4 msec : 11
11.5 msec : 6
11.6 msec : 13
11.7 msec : 8
11.8 msec : 5
11.9 msec : 4
12.0 msec : 15
12.1 msec : 9
12.2 msec : 13
12.3 msec : 4
12.4 msec : 24
12.5 msec : 15
12.6 msec : 7
12.7 msec : 5
12.8 msec : 16
12.9 msec : 6
13.0 msec : 2
13.1 msec : 11
13.2 msec : 11
13.3 msec : 8
13.4 msec : 1
13.5 msec : 0
13.6 msec : 0
13.7 msec : 1
13.8 msec : 3
13.9 msec : 1
14.0 msec : 13
14.1 msec : 15
14.2 msec : 6
14.3 msec : 1
14.4 msec : 3
14.5 msec : 0
14.6 msec : 0
14.7 msec : 1
14.8 msec : 2
14.9 msec : 2
15.0 msec : 10
15.1 msec : 4
15.2 msec : 1
15.3 msec : 2
15.4 msec : 2
15.5 msec : 0
15.6 msec : 6
15.7 msec : 14
15.8 msec : 0
15.9 msec : 0
16.0 msec : 2
16.1 msec : 3
16.2 msec : 1
16.3 msec : 0
16.4 msec : 1
16.5 msec : 1
16.6 msec : 1
16.7 msec : 1
16.8 msec : 13
16.9 msec : 0
17.0 msec : 1
17.1 msec : 0
17.2 msec : 0
17.3 msec : 0
17.4 msec : 0
17.5 msec : 0
17.6 msec : 3
17.7 msec : 2
17.8 msec : 2
17.9 msec : 0
18.0 msec : 3
18.1 msec : 1
18.2 msec : 0
18.3 msec : 0
18.4 msec : 1
18.5 msec : 0
18.6 msec : 0
18.7 msec : 0
18.8 msec : 0
18.9 msec : 1
19.0 msec : 1
19.1 msec : 0
19.2 msec : 2
19.3 msec : 1
19.4 msec : 0
19.5 msec : 0
19.6 msec : 2
19.7 msec : 0
19.8 msec : 2
19.9 msec : 13
20.0 msec : 3
20.1 msec : 0
20.2 msec : 0
20.3 msec : 0
20.4 msec : 0
20.5 msec : 1
20.6 msec : 1
20.7 msec : 0
20.8 msec : 1
20.9 msec : 1
21.0 msec : 1
21.1 msec : 2
21.2 msec : 1
21.3 msec : 8
21.4 msec : 10
21.5 msec : 4
21.6 msec : 1
21.7 msec : 1
21.8 msec : 1
21.9 msec : 4
22.0 msec : 1
22.1 msec : 2
22.2 msec : 0
22.3 msec : 0
22.4 msec : 0
22.5 msec : 0
22.6 msec : 1
22.7 msec : 1
22.8 msec : 0
22.9 msec : 1
23.0 msec : 4
23.1 msec : 1
23.2 msec : 0
23.3 msec : 0
23.4 msec : 0
23.5 msec : 0
23.6 msec : 0
23.7 msec : 0
23.8 msec : 0
23.9 msec : 0
24.0 msec : 0
24.1 msec : 0
24.2 msec : 0
24.3 msec : 0
24.4 msec : 0
24.5 msec : 0
24.6 msec : 0
24.7 msec : 0
24.8 msec : 0
24.9 msec : 0
25.0 msec : 0
25.1 msec : 0
25.2 msec : 0
25.3 msec : 0
25.4 msec : 0
25.5 msec : 1
25.6 msec : 0
25.7 msec : 0
25.8 msec : 0
25.9 msec : 1
26.0 msec : 2
26.1 msec : 0
26.2 msec : 1
26.3 msec : 4
26.4 msec : 4
26.5 msec : 1
26.6 msec : 1
26.7 msec : 2
26.8 msec : 2
26.9 msec : 1
27.0 msec : 0
27.1 msec : 0
27.2 msec : 0
27.3 msec : 0
27.4 msec : 0
27.5 msec : 0
27.6 msec : 0
27.7 msec : 0
27.8 msec : 0
27.9 msec : 0
28.0 msec : 0
28.1 msec : 0
28.2 msec : 1
28.3 msec : 1
28.4 msec : 0
28.5 msec : 0
28.6 msec : 0
28.7 msec : 0
28.8 msec : 2
28.9 msec : 0
29.0 msec : 0
29.1 msec : 2
29.2 msec : 1
29.3 msec : 0
29.4 msec : 0
29.5 msec : 0
29.6 msec : 0
29.7 msec : 0
29.8 msec : 0
29.9 msec : 0
30.0 msec : 0
30.1 msec : 0
30.2 msec : 0
30.3 msec : 0
30.4 msec : 0
30.5 msec : 0
30.6 msec : 1
30.7 msec : 0
30.8 msec : 0
30.9 msec : 0
31.0 msec : 0
31.1 msec : 0
31.2 msec : 0
31.3 msec : 1
31.4 msec : 0
31.5 msec : 0
31.6 msec : 0
31.7 msec : 0
31.8 msec : 1
31.9 msec : 1
32.0 msec : 0
32.1 msec : 0
32.2 msec : 0
32.3 msec : 0
32.4 msec : 0
32.5 msec : 0
32.6 msec : 0
32.7 msec : 0
32.8 msec : 0
32.9 msec : 0
33.0 msec : 0
33.1 msec : 0
33.2 msec : 0
33.3 msec : 0
33.4 msec : 0
33.5 msec : 0
33.6 msec : 0
33.7 msec : 0
33.8 msec : 0
33.9 msec : 0
34.0 msec : 0
34.1 msec : 0
34.2 msec : 0
34.3 msec : 0
34.4 msec : 0
34.5 msec : 0
34.6 msec : 0
34.7 msec : 0
34.8 msec : 0
34.9 msec : 0
35.0 msec : 0
35.1 msec : 0
35.2 msec : 0
35.3 msec : 0
35.4 msec : 0
35.5 msec : 0
35.6 msec : 0
35.7 msec : 0
35.8 msec : 0
35.9 msec : 0
36.0 msec : 0
36.1 msec : 0
36.2 msec : 0
36.3 msec : 0
36.4 msec : 2
36.5 msec : 4
36.6 msec : 2
36.7 msec : 2
36.8 msec : 1
36.9 msec : 0
37.0 msec : 0
37.1 msec : 0
37.2 msec : 1
37.3 msec : 1
37.4 msec : 0
37.5 msec : 0
37.6 msec : 0
37.7 msec : 0
37.8 msec : 0
37.9 msec : 1
38.0 msec : 0
38.1 msec : 0
38.2 msec : 0
38.3 msec : 0
38.4 msec : 0
38.5 msec : 0
38.6 msec : 1
38.7 msec : 2
38.8 msec : 1
38.9 msec : 0
39.0 msec : 0
39.1 msec : 0
39.2 msec : 0
39.3 msec : 0
39.4 msec : 1
39.5 msec : 0
39.6 msec : 0
39.7 msec : 0
39.8 msec : 0
39.9 msec : 0
40.0 msec : 0
40.1 msec : 0
40.2 msec : 0
40.3 msec : 0
40.4 msec : 0
40.5 msec : 0
40.6 msec : 0
40.7 msec : 0
40.8 msec : 0
40.9 msec : 0
41.0 msec : 0
41.1 msec : 0
41.2 msec : 0
41.3 msec : 0
41.4 msec : 0
41.5 msec : 0
41.6 msec : 0
41.7 msec : 0
41.8 msec : 0
41.9 msec : 0
42.0 msec : 0
42.1 msec : 0
42.2 msec : 0
42.3 msec : 0
42.4 msec : 0
42.5 msec : 0
42.6 msec : 0
42.7 msec : 0
42.8 msec : 0
42.9 msec : 0
43.0 msec : 0
43.1 msec : 0
43.2 msec : 0
43.3 msec : 0
43.4 msec : 0
43.5 msec : 0
43.6 msec : 0
43.7 msec : 0
43.8 msec : 0
43.9 msec : 0
44.0 msec : 0
44.1 msec : 0
44.2 msec : 0
44.3 msec : 0
44.4 msec : 0
44.5 msec : 0
44.6 msec : 0
44.7 msec : 0
44.8 msec : 0
44.9 msec : 0
45.0 msec : 0
45.1 msec : 0
45.2 msec : 0
45.3 msec : 0
45.4 msec : 0
45.5 msec : 0
45.6 msec : 0
45.7 msec : 0
45.8 msec : 0
45.9 msec : 0
46.0 msec : 0
46.1 msec : 0
46.2 msec : 0
46.3 msec : 0
46.4 msec : 0
46.5 msec : 0
46.6 msec : 0
46.7 msec : 0
46.8 msec : 0
46.9 msec : 0
47.0 msec : 0
47.1 msec : 0
47.2 msec : 0
47.3 msec : 0
47.4 msec : 0
47.5 msec : 0
47.6 msec : 0
47.7 msec : 0
47.8 msec : 0
47.9 msec : 0
48.0 msec : 0
48.1 msec : 0
48.2 msec : 0
48.3 msec : 0
48.4 msec : 0
48.5 msec : 0
48.6 msec : 0
48.7 msec : 0
48.8 msec : 0
48.9 msec : 0
49.0 msec : 0
49.1 msec : 0
49.2 msec : 0
49.3 msec : 0
49.4 msec : 0
49.5 msec : 0
49.6 msec : 0
49.7 msec : 0
49.8 msec : 0
49.9 msec : 0
50.0 msec : 0
50.1 msec : 0
50.2 msec : 0
50.3 msec : 0
50.4 msec : 0
50.5 msec : 0
50.6 msec : 0
50.7 msec : 0
50.8 msec : 0
50.9 msec : 0
51.0 msec : 0
51.1 msec : 0
51.2 msec : 0
51.3 msec : 0
51.4 msec : 0
51.5 msec : 0
51.6 msec : 0
51.7 msec : 0
51.8 msec : 0
51.9 msec : 0
52.0 msec : 0
52.1 msec : 0
52.2 msec : 0
52.3 msec : 0
52.4 msec : 0
52.5 msec : 0
52.6 msec : 0
52.7 msec : 0
52.8 msec : 0
52.9 msec : 0
53.0 msec : 0
53.1 msec : 0
53.2 msec : 0
53.3 msec : 0
53.4 msec : 0
53.5 msec : 0
53.6 msec : 0
53.7 msec : 0
53.8 msec : 0
53.9 msec : 0
54.0 msec : 0
54.1 msec : 0
54.2 msec : 0
54.3 msec : 0
54.4 msec : 0
54.5 msec : 0
54.6 msec : 0
54.7 msec : 0
54.8 msec : 0
54.9 msec : 0
55.0 msec : 0
55.1 msec : 0
55.2 msec : 0
55.3 msec : 0
55.4 msec : 0
55.5 msec : 0
55.6 msec : 0
55.7 msec : 0
55.8 msec : 0
55.9 msec : 0
56.0 msec : 0
56.1 msec : 0
56.2 msec : 0
56.3 msec : 0
56.4 msec : 0
56.5 msec : 0
56.6 msec : 0
56.7 msec : 0
56.8 msec : 0
56.9 msec : 0
57.0 msec : 0
57.1 msec : 0
57.2 msec : 0
57.3 msec : 0
57.4 msec : 0
57.5 msec : 0
57.6 msec : 0
57.7 msec : 0
57.8 msec : 0
57.9 msec : 0
58.0 msec : 0
58.1 msec : 0
58.2 msec : 0
58.3 msec : 0
58.4 msec : 0
58.5 msec : 0
58.6 msec : 0
58.7 msec : 0
58.8 msec : 0
58.9 msec : 0
59.0 msec : 0
59.1 msec : 0
59.2 msec : 0
59.3 msec : 0
59.4 msec : 0
59.5 msec : 0
59.6 msec : 0
59.7 msec : 0
59.8 msec : 0
59.9 msec : 0
60.0 msec : 0
60.1 msec : 0
60.2 msec : 0
60.3 msec : 0
60.4 msec : 0
60.5 msec : 0
60.6 msec : 0
60.7 msec : 0
60.8 msec : 0
60.9 msec : 0
61.0 msec : 0
61.1 msec : 0
61.2 msec : 0
61.3 msec : 0
61.4 msec : 0
61.5 msec : 0
61.6 msec : 0
61.7 msec : 0
61.8 msec : 0
61.9 msec : 0
62.0 msec : 0
62.1 msec : 0
62.2 msec : 0
62.3 msec : 0
62.4 msec : 0
62.5 msec : 0
62.6 msec : 0
62.7 msec : 0
62.8 msec : 0
62.9 msec : 0
63.0 msec : 0
63.1 msec : 0
63.2 msec : 0
63.3 msec : 0
63.4 msec : 0
63.5 msec : 0
63.6 msec : 0
63.7 msec : 0
63.8 msec : 0
63.9 msec : 0
64.0 msec : 0
64.1 msec : 0
64.2 msec : 0
64.3 msec : 0
64.4 msec : 0
64.5 msec : 0
64.6 msec : 0
64.7 msec : 0
64.8 msec : 0
64.9 msec : 0
65.0 msec : 0
65.1 msec : 0
65.2 msec : 0
65.3 msec : 0
65.4 msec : 0
65.5 msec : 0
65.6 msec : 0
65.7 msec : 0
65.8 msec : 0
65.9 msec : 0
66.0 msec : 0
66.1 msec : 0
66.2 msec : 0
66.3 msec : 0
66.4 msec : 1
66.5 msec : 3
66.6 msec : 3
66.7 msec : 3
66.8 msec : 3
66.9 msec : 4
