Middleware started...
Middleware shuts down...
Smaller resolution statistics are in a log file...
Final aggregates per worker:


Worker 46
Average throughput (ops/sec) = 88
Average response time (msec) = 1.7963951803278688
Average queue length = 2
Average wait time in queue (msec) = 0.361562393442623
Average service time (msec) = 1.340207786885246
Number of SET = 0
Number of GET = 88
Number of MULTI GET = 0


Worker 47
Average throughput (ops/sec) = 86
Average response time (msec) = 1.845160655737705
Average queue length = 3
Average wait time in queue (msec) = 0.41768698360655737
Average service time (msec) = 1.3788138852459015
Number of SET = 0
Number of GET = 86
Number of MULTI GET = 0


Worker 48
Average throughput (ops/sec) = 89
Average response time (msec) = 1.8057951311475409
Average queue length = 3
Average wait time in queue (msec) = 0.3906381967213115
Average service time (msec) = 1.3678299180327869
Number of SET = 0
Number of GET = 89
Number of MULTI GET = 0


Worker 49
Average throughput (ops/sec) = 86
Average response time (msec) = 1.7803043442622952
Average queue length = 3
Average wait time in queue (msec) = 0.3748082950819672
Average service time (msec) = 1.357149049180328
Number of SET = 0
Number of GET = 86
Number of MULTI GET = 0


Worker 42
Average throughput (ops/sec) = 86
Average response time (msec) = 1.7889273934426229
Average queue length = 3
Average wait time in queue (msec) = 0.36036565573770496
Average service time (msec) = 1.3828223278688525
Number of SET = 0
Number of GET = 86
Number of MULTI GET = 0


Worker 43
Average throughput (ops/sec) = 89
Average response time (msec) = 1.7733969836065573
Average queue length = 2
Average wait time in queue (msec) = 0.3836576229508197
Average service time (msec) = 1.295738524590164
Number of SET = 0
Number of GET = 89
Number of MULTI GET = 0


Worker 44
Average throughput (ops/sec) = 89
Average response time (msec) = 1.8436358688524592
Average queue length = 2
Average wait time in queue (msec) = 0.4187010655737705
Average service time (msec) = 1.31874531147541
Number of SET = 0
Number of GET = 89
Number of MULTI GET = 0


Worker 45
Average throughput (ops/sec) = 88
Average response time (msec) = 1.8429528524590164
Average queue length = 3
Average wait time in queue (msec) = 0.40665491803278686
Average service time (msec) = 1.3895762459016394
Number of SET = 0
Number of GET = 88
Number of MULTI GET = 0


Worker 50
Average throughput (ops/sec) = 87
Average response time (msec) = 1.727912606557377
Average queue length = 2
Average wait time in queue (msec) = 0.36457952459016396
Average service time (msec) = 1.3164146721311474
Number of SET = 0
Number of GET = 87
Number of MULTI GET = 0


Worker 51
Average throughput (ops/sec) = 87
Average response time (msec) = 1.783900213114754
Average queue length = 3
Average wait time in queue (msec) = 0.3741819344262295
Average service time (msec) = 1.331182524590164
Number of SET = 0
Number of GET = 87
Number of MULTI GET = 0


Worker 52
Average throughput (ops/sec) = 87
Average response time (msec) = 1.7517894590163934
Average queue length = 2
Average wait time in queue (msec) = 0.36006795081967213
Average service time (msec) = 1.3432864426229507
Number of SET = 0
Number of GET = 87
Number of MULTI GET = 0


Worker 57
Average throughput (ops/sec) = 87
Average response time (msec) = 1.7408708852459016
Average queue length = 1
Average wait time in queue (msec) = 0.35788404918032785
Average service time (msec) = 1.3313022459016393
Number of SET = 0
Number of GET = 87
Number of MULTI GET = 0


Worker 13
Average throughput (ops/sec) = 88
Average response time (msec) = 1.8596768688524592
Average queue length = 2
Average wait time in queue (msec) = 0.38027152459016395
Average service time (msec) = 1.377969524590164
Number of SET = 0
Number of GET = 88
Number of MULTI GET = 0


Worker 58
Average throughput (ops/sec) = 87
Average response time (msec) = 1.8309194098360655
Average queue length = 3
Average wait time in queue (msec) = 0.3714258360655738
Average service time (msec) = 1.4087721967213114
Number of SET = 0
Number of GET = 87
Number of MULTI GET = 0


Worker 14
Average throughput (ops/sec) = 89
Average response time (msec) = 1.761166836065574
Average queue length = 2
Average wait time in queue (msec) = 0.35987208196721315
Average service time (msec) = 1.3511510819672132
Number of SET = 0
Number of GET = 89
Number of MULTI GET = 0


Worker 59
Average throughput (ops/sec) = 88
Average response time (msec) = 1.746656213114754
Average queue length = 1
Average wait time in queue (msec) = 0.342843393442623
Average service time (msec) = 1.3606240491803279
Number of SET = 0
Number of GET = 88
Number of MULTI GET = 0


Worker 15
Average throughput (ops/sec) = 86
Average response time (msec) = 1.7611771311475408
Average queue length = 2
Average wait time in queue (msec) = 0.3381919836065574
Average service time (msec) = 1.3074839016393442
Number of SET = 0
Number of GET = 86
Number of MULTI GET = 0


Worker 16
Average throughput (ops/sec) = 89
Average response time (msec) = 1.882668163934426
Average queue length = 2
Average wait time in queue (msec) = 0.4115606229508197
Average service time (msec) = 1.313138655737705
Number of SET = 0
Number of GET = 89
Number of MULTI GET = 0


Worker 53
Average throughput (ops/sec) = 88
Average response time (msec) = 1.800200262295082
Average queue length = 3
Average wait time in queue (msec) = 0.42159816393442623
Average service time (msec) = 1.3091446229508197
Number of SET = 0
Number of GET = 88
Number of MULTI GET = 0


Worker 54
Average throughput (ops/sec) = 88
Average response time (msec) = 1.743059950819672
Average queue length = 2
Average wait time in queue (msec) = 0.3494864426229508
Average service time (msec) = 1.3381978524590166
Number of SET = 0
Number of GET = 88
Number of MULTI GET = 0


Worker 10
Average throughput (ops/sec) = 87
Average response time (msec) = 1.77922268852459
Average queue length = 2
Average wait time in queue (msec) = 0.38294368852459015
Average service time (msec) = 1.3489275573770492
Number of SET = 0
Number of GET = 87
Number of MULTI GET = 0


Worker 55
Average throughput (ops/sec) = 87
Average response time (msec) = 1.7723523770491802
Average queue length = 2
Average wait time in queue (msec) = 0.32848475409836064
Average service time (msec) = 1.394395819672131
Number of SET = 0
Number of GET = 87
Number of MULTI GET = 0


Worker 11
Average throughput (ops/sec) = 89
Average response time (msec) = 1.8462832950819672
Average queue length = 1
Average wait time in queue (msec) = 0.38084747540983604
Average service time (msec) = 1.3564429672131146
Number of SET = 0
Number of GET = 89
Number of MULTI GET = 0


Worker 56
Average throughput (ops/sec) = 88
Average response time (msec) = 1.700370426229508
Average queue length = 1
Average wait time in queue (msec) = 0.33605304918032786
Average service time (msec) = 1.3128639836065574
Number of SET = 0
Number of GET = 88
Number of MULTI GET = 0


Worker 12
Average throughput (ops/sec) = 87
Average response time (msec) = 1.7710101967213114
Average queue length = 2
Average wait time in queue (msec) = 0.36193159016393445
Average service time (msec) = 1.3284358688524591
Number of SET = 0
Number of GET = 87
Number of MULTI GET = 0


Worker 17
Average throughput (ops/sec) = 88
Average response time (msec) = 1.821208950819672
Average queue length = 2
Average wait time in queue (msec) = 0.37452973770491804
Average service time (msec) = 1.3387031639344262
Number of SET = 0
Number of GET = 88
Number of MULTI GET = 0


Worker 18
Average throughput (ops/sec) = 87
Average response time (msec) = 1.744016901639344
Average queue length = 3
Average wait time in queue (msec) = 0.354727606557377
Average service time (msec) = 1.288041393442623
Number of SET = 0
Number of GET = 87
Number of MULTI GET = 0


Worker 19
Average throughput (ops/sec) = 88
Average response time (msec) = 1.768959360655738
Average queue length = 1
Average wait time in queue (msec) = 0.3747725409836065
Average service time (msec) = 1.3076801311475408
Number of SET = 0
Number of GET = 88
Number of MULTI GET = 0


Worker 60
Average throughput (ops/sec) = 87
Average response time (msec) = 1.781592081967213
Average queue length = 1
Average wait time in queue (msec) = 0.37480749180327866
Average service time (msec) = 1.3593809344262295
Number of SET = 0
Number of GET = 87
Number of MULTI GET = 0


Worker 61
Average throughput (ops/sec) = 88
Average response time (msec) = 1.8248866721311474
Average queue length = 2
Average wait time in queue (msec) = 0.38704404918032786
Average service time (msec) = 1.3967117704918033
Number of SET = 0
Number of GET = 88
Number of MULTI GET = 0


Worker 62
Average throughput (ops/sec) = 88
Average response time (msec) = 1.7673869344262294
Average queue length = 2
Average wait time in queue (msec) = 0.37529262295081967
Average service time (msec) = 1.3367987213114754
Number of SET = 0
Number of GET = 88
Number of MULTI GET = 0


Worker 63
Average throughput (ops/sec) = 87
Average response time (msec) = 1.7122509836065574
Average queue length = 3
Average wait time in queue (msec) = 0.3507792950819672
Average service time (msec) = 1.312302786885246
Number of SET = 0
Number of GET = 87
Number of MULTI GET = 0


Worker 24
Average throughput (ops/sec) = 88
Average response time (msec) = 1.7020860819672132
Average queue length = 3
Average wait time in queue (msec) = 0.35071404918032784
Average service time (msec) = 1.2952295573770491
Number of SET = 0
Number of GET = 88
Number of MULTI GET = 0


Worker 7
Average throughput (ops/sec) = 88
Average response time (msec) = 1.7767332459016394
Average queue length = 0
Average wait time in queue (msec) = 0.38624932786885247
Average service time (msec) = 1.3079836885245901
Number of SET = 0
Number of GET = 88
Number of MULTI GET = 0


Worker 25
Average throughput (ops/sec) = 87
Average response time (msec) = 1.708574524590164
Average queue length = 2
Average wait time in queue (msec) = 0.345797131147541
Average service time (msec) = 1.3017698032786886
Number of SET = 0
Number of GET = 87
Number of MULTI GET = 0


Worker 6
Average throughput (ops/sec) = 88
Average response time (msec) = 1.8280440491803278
Average queue length = 0
Average wait time in queue (msec) = 0.38240375409836064
Average service time (msec) = 1.3690176885245902
Number of SET = 0
Number of GET = 88
Number of MULTI GET = 0


Worker 26
Average throughput (ops/sec) = 89
Average response time (msec) = 1.6959188524590165
Average queue length = 3
Average wait time in queue (msec) = 0.35516196721311477
Average service time (msec) = 1.2950021967213114
Number of SET = 0
Number of GET = 89
Number of MULTI GET = 0


Worker 9
Average throughput (ops/sec) = 88
Average response time (msec) = 1.8481897377049181
Average queue length = 2
Average wait time in queue (msec) = 0.37599683606557377
Average service time (msec) = 1.3756593278688525
Number of SET = 0
Number of GET = 88
Number of MULTI GET = 0


Worker 27
Average throughput (ops/sec) = 87
Average response time (msec) = 1.7400062295081966
Average queue length = 2
Average wait time in queue (msec) = 0.3449127868852459
Average service time (msec) = 1.340612213114754
Number of SET = 0
Number of GET = 87
Number of MULTI GET = 0


Worker 8
Average throughput (ops/sec) = 87
Average response time (msec) = 1.738119393442623
Average queue length = 2
Average wait time in queue (msec) = 0.38162704918032786
Average service time (msec) = 1.3110988524590166
Number of SET = 0
Number of GET = 87
Number of MULTI GET = 0


Worker 64
Average throughput (ops/sec) = 87
Average response time (msec) = 1.9025876065573772
Average queue length = 3
Average wait time in queue (msec) = 0.44567863934426233
Average service time (msec) = 1.4086878688524591
Number of SET = 0
Number of GET = 87
Number of MULTI GET = 0


Worker 20
Average throughput (ops/sec) = 90
Average response time (msec) = 1.878833950819672
Average queue length = 2
Average wait time in queue (msec) = 0.406963
Average service time (msec) = 1.3338902786885247
Number of SET = 0
Number of GET = 90
Number of MULTI GET = 0


Worker 3
Average throughput (ops/sec) = 87
Average response time (msec) = 1.7433397049180328
Average queue length = 1
Average wait time in queue (msec) = 0.3565226393442623
Average service time (msec) = 1.3101939016393442
Number of SET = 0
Number of GET = 87
Number of MULTI GET = 0


Worker 21
Average throughput (ops/sec) = 89
Average response time (msec) = 1.795956426229508
Average queue length = 2
Average wait time in queue (msec) = 0.4178129016393443
Average service time (msec) = 1.304293524590164
Number of SET = 0
Number of GET = 89
Number of MULTI GET = 0


Worker 2
Average throughput (ops/sec) = 88
Average response time (msec) = 1.8688401967213115
Average queue length = 2
Average wait time in queue (msec) = 0.3708373114754098
Average service time (msec) = 1.3317997213114754
Number of SET = 0
Number of GET = 88
Number of MULTI GET = 0


Worker 22
Average throughput (ops/sec) = 89
Average response time (msec) = 1.8628846721311474
Average queue length = 2
Average wait time in queue (msec) = 0.4311532950819672
Average service time (msec) = 1.2933219672131147
Number of SET = 0
Number of GET = 89
Number of MULTI GET = 0


Worker 5
Average throughput (ops/sec) = 88
Average response time (msec) = 1.9163604590163934
Average queue length = 1
Average wait time in queue (msec) = 0.4116408360655738
Average service time (msec) = 1.3541859344262295
Number of SET = 0
Number of GET = 88
Number of MULTI GET = 0


Worker 23
Average throughput (ops/sec) = 88
Average response time (msec) = 1.701173262295082
Average queue length = 2
Average wait time in queue (msec) = 0.34452926229508196
Average service time (msec) = 1.3096314262295081
Number of SET = 0
Number of GET = 88
Number of MULTI GET = 0


Worker 4
Average throughput (ops/sec) = 87
Average response time (msec) = 1.8680387049180327
Average queue length = 1
Average wait time in queue (msec) = 0.34630340983606556
Average service time (msec) = 1.4669234754098361
Number of SET = 0
Number of GET = 87
Number of MULTI GET = 0


Worker 28
Average throughput (ops/sec) = 89
Average response time (msec) = 1.7418064754098361
Average queue length = 1
Average wait time in queue (msec) = 0.37086426229508196
Average service time (msec) = 1.3211603442622952
Number of SET = 0
Number of GET = 89
Number of MULTI GET = 0


Worker 29
Average throughput (ops/sec) = 89
Average response time (msec) = 1.7510344754098361
Average queue length = 1
Average wait time in queue (msec) = 0.3803506229508197
Average service time (msec) = 1.3177030163934427
Number of SET = 0
Number of GET = 89
Number of MULTI GET = 0


Worker 1
Average throughput (ops/sec) = 88
Average response time (msec) = 1.9763799180327868
Average queue length = 2
Average wait time in queue (msec) = 0.4739907213114754
Average service time (msec) = 1.3585023934426228
Number of SET = 0
Number of GET = 88
Number of MULTI GET = 0


Worker 30
Average throughput (ops/sec) = 87
Average response time (msec) = 1.7514051967213113
Average queue length = 1
Average wait time in queue (msec) = 0.342996
Average service time (msec) = 1.3534363442622952
Number of SET = 0
Number of GET = 87
Number of MULTI GET = 0


Worker 35
Average throughput (ops/sec) = 88
Average response time (msec) = 1.8182871803278688
Average queue length = 2
Average wait time in queue (msec) = 0.3711987213114754
Average service time (msec) = 1.3474656229508197
Number of SET = 0
Number of GET = 88
Number of MULTI GET = 0


Worker 36
Average throughput (ops/sec) = 88
Average response time (msec) = 1.849975426229508
Average queue length = 1
Average wait time in queue (msec) = 0.40185521311475414
Average service time (msec) = 1.390731950819672
Number of SET = 0
Number of GET = 88
Number of MULTI GET = 0


Worker 37
Average throughput (ops/sec) = 86
Average response time (msec) = 1.8111751147540984
Average queue length = 3
Average wait time in queue (msec) = 0.3788846393442623
Average service time (msec) = 1.3854533442622952
Number of SET = 0
Number of GET = 86
Number of MULTI GET = 0


Worker 38
Average throughput (ops/sec) = 87
Average response time (msec) = 1.8732002950819673
Average queue length = 2
Average wait time in queue (msec) = 0.42932614754098364
Average service time (msec) = 1.396492163934426
Number of SET = 0
Number of GET = 87
Number of MULTI GET = 0


Worker 31
Average throughput (ops/sec) = 89
Average response time (msec) = 1.697928950819672
Average queue length = 0
Average wait time in queue (msec) = 0.362271262295082
Average service time (msec) = 1.2861409180327867
Number of SET = 0
Number of GET = 89
Number of MULTI GET = 0


Worker 32
Average throughput (ops/sec) = 87
Average response time (msec) = 1.76223731147541
Average queue length = 2
Average wait time in queue (msec) = 0.3568414426229508
Average service time (msec) = 1.3188293606557377
Number of SET = 0
Number of GET = 87
Number of MULTI GET = 0


Worker 33
Average throughput (ops/sec) = 87
Average response time (msec) = 1.8137905737704918
Average queue length = 2
Average wait time in queue (msec) = 0.4174977213114754
Average service time (msec) = 1.3338320655737705
Number of SET = 0
Number of GET = 87
Number of MULTI GET = 0


Worker 34
Average throughput (ops/sec) = 88
Average response time (msec) = 1.817620524590164
Average queue length = 2
Average wait time in queue (msec) = 0.39792781967213114
Average service time (msec) = 1.367045475409836
Number of SET = 0
Number of GET = 88
Number of MULTI GET = 0


Worker 39
Average throughput (ops/sec) = 89
Average response time (msec) = 1.7525827704918033
Average queue length = 2
Average wait time in queue (msec) = 0.3629940819672131
Average service time (msec) = 1.3411720983606559
Number of SET = 0
Number of GET = 89
Number of MULTI GET = 0


Worker 40
Average throughput (ops/sec) = 88
Average response time (msec) = 1.7972400163934426
Average queue length = 2
Average wait time in queue (msec) = 0.39782598360655735
Average service time (msec) = 1.3449659836065573
Number of SET = 0
Number of GET = 88
Number of MULTI GET = 0


Worker 41
Average throughput (ops/sec) = 87
Average response time (msec) = 1.8146044590163934
Average queue length = 2
Average wait time in queue (msec) = 0.41630065573770497
Average service time (msec) = 1.3556445901639345
Number of SET = 0
Number of GET = 87
Number of MULTI GET = 0


FINAL STATS
Average throughput (ops/sec) = 5615
Average response time (msec) = 1.7354771782234224
Average queue length = 1
Average wait time in queue (msec) = 0.3788075317622951
Average service time (msec) = 1.3426267658811475
Number of SET = 0
Number of GET = 5615
Number of MULTI GET = 0
Number of Cache misses = 780
Arrival rate (lambda) = [0, 0, 0, 0, 0, 129, 4258, 4899, 5967, 5942, 5982, 5439, 5787, 5890, 5901, 5944, 5582, 5921, 5863, 5912, 5848, 5741, 6204, 5805, 5807, 5792, 5929, 5047, 5465, 5621, 5262, 5572, 6551, 6133, 5906, 6689, 6404, 5722, 5846, 5942, 5749, 5729, 5752, 5886, 4774, 5763, 5807, 6042, 5613, 5233, 5885, 5751, 5934, 5873, 5913, 5757, 5328, 6225, 5808, 5370, 5176, 5351, 6119, 5848, 5863, 5468, 25, 0]


Histogram response times (0.1 msec step)
0.0 msec : 729
0.1 msec : 6255
0.2 msec : 18493
0.3 msec : 32350
0.4 msec : 39957
0.5 msec : 37340
0.6 msec : 31314
0.7 msec : 25027
0.8 msec : 19999
0.9 msec : 16228
1.0 msec : 12266
1.1 msec : 9038
1.2 msec : 6879
1.3 msec : 4883
1.4 msec : 3800
1.5 msec : 3311
1.6 msec : 2935
1.7 msec : 2509
1.8 msec : 2002
1.9 msec : 2019
2.0 msec : 1822
2.1 msec : 1690
2.2 msec : 1489
2.3 msec : 1476
2.4 msec : 1534
2.5 msec : 1387
2.6 msec : 1380
2.7 msec : 1314
2.8 msec : 1287
2.9 msec : 1358
3.0 msec : 1324
3.1 msec : 1250
3.2 msec : 1058
3.3 msec : 1025
3.4 msec : 1068
3.5 msec : 998
3.6 msec : 1059
3.7 msec : 1050
3.8 msec : 1006
3.9 msec : 970
4.0 msec : 936
4.1 msec : 885
4.2 msec : 911
4.3 msec : 938
4.4 msec : 940
4.5 msec : 813
4.6 msec : 838
4.7 msec : 926
4.8 msec : 1146
4.9 msec : 987
5.0 msec : 1197
5.1 msec : 1255
5.2 msec : 1364
5.3 msec : 1248
5.4 msec : 1355
5.5 msec : 1458
5.6 msec : 1489
5.7 msec : 1584
5.8 msec : 1444
5.9 msec : 1299
6.0 msec : 1248
6.1 msec : 1313
6.2 msec : 1185
6.3 msec : 1071
6.4 msec : 1027
6.5 msec : 963
6.6 msec : 888
6.7 msec : 877
6.8 msec : 900
6.9 msec : 721
7.0 msec : 677
7.1 msec : 611
7.2 msec : 674
7.3 msec : 575
7.4 msec : 635
7.5 msec : 531
7.6 msec : 533
7.7 msec : 457
7.8 msec : 425
7.9 msec : 355
8.0 msec : 269
8.1 msec : 215
8.2 msec : 195
8.3 msec : 156
8.4 msec : 146
8.5 msec : 173
8.6 msec : 142
8.7 msec : 104
8.8 msec : 99
8.9 msec : 69
9.0 msec : 69
9.1 msec : 60
9.2 msec : 67
9.3 msec : 56
9.4 msec : 28
9.5 msec : 35
9.6 msec : 35
9.7 msec : 42
9.8 msec : 42
9.9 msec : 55
10.0 msec : 39
10.1 msec : 38
10.2 msec : 21
10.3 msec : 24
10.4 msec : 20
10.5 msec : 16
10.6 msec : 24
10.7 msec : 32
10.8 msec : 20
10.9 msec : 8
11.0 msec : 16
11.1 msec : 7
11.2 msec : 15
11.3 msec : 11
11.4 msec : 11
11.5 msec : 8
11.6 msec : 20
11.7 msec : 10
11.8 msec : 11
11.9 msec : 23
12.0 msec : 17
12.1 msec : 13
12.2 msec : 12
12.3 msec : 15
12.4 msec : 9
12.5 msec : 10
12.6 msec : 14
12.7 msec : 7
12.8 msec : 24
12.9 msec : 6
13.0 msec : 17
13.1 msec : 18
13.2 msec : 15
13.3 msec : 3
13.4 msec : 0
13.5 msec : 1
13.6 msec : 11
13.7 msec : 6
13.8 msec : 7
13.9 msec : 3
14.0 msec : 0
14.1 msec : 0
14.2 msec : 5
14.3 msec : 0
14.4 msec : 8
14.5 msec : 2
14.6 msec : 8
14.7 msec : 5
14.8 msec : 5
14.9 msec : 4
15.0 msec : 15
15.1 msec : 3
15.2 msec : 2
15.3 msec : 3
15.4 msec : 0
15.5 msec : 1
15.6 msec : 2
15.7 msec : 1
15.8 msec : 2
15.9 msec : 3
16.0 msec : 0
16.1 msec : 2
16.2 msec : 7
16.3 msec : 3
16.4 msec : 10
16.5 msec : 4
16.6 msec : 7
16.7 msec : 7
16.8 msec : 3
16.9 msec : 2
17.0 msec : 4
17.1 msec : 4
17.2 msec : 0
17.3 msec : 0
17.4 msec : 9
17.5 msec : 5
17.6 msec : 5
17.7 msec : 3
17.8 msec : 0
17.9 msec : 0
18.0 msec : 1
18.1 msec : 1
18.2 msec : 2
18.3 msec : 1
18.4 msec : 1
18.5 msec : 0
18.6 msec : 0
18.7 msec : 0
18.8 msec : 1
18.9 msec : 2
19.0 msec : 2
19.1 msec : 2
19.2 msec : 7
19.3 msec : 22
19.4 msec : 0
19.5 msec : 0
19.6 msec : 3
19.7 msec : 4
19.8 msec : 0
19.9 msec : 0
20.0 msec : 5
20.1 msec : 11
20.2 msec : 25
20.3 msec : 13
20.4 msec : 13
20.5 msec : 4
20.6 msec : 10
20.7 msec : 2
20.8 msec : 7
20.9 msec : 16
21.0 msec : 16
21.1 msec : 7
21.2 msec : 4
21.3 msec : 9
21.4 msec : 3
21.5 msec : 1
21.6 msec : 4
21.7 msec : 1
21.8 msec : 2
21.9 msec : 0
22.0 msec : 4
22.1 msec : 3
22.2 msec : 0
22.3 msec : 0
22.4 msec : 0
22.5 msec : 0
22.6 msec : 0
22.7 msec : 3
22.8 msec : 0
22.9 msec : 0
23.0 msec : 0
23.1 msec : 1
23.2 msec : 1
23.3 msec : 0
23.4 msec : 2
23.5 msec : 1
23.6 msec : 3
23.7 msec : 0
23.8 msec : 3
23.9 msec : 6
24.0 msec : 5
24.1 msec : 1
24.2 msec : 2
24.3 msec : 1
24.4 msec : 0
24.5 msec : 1
24.6 msec : 0
24.7 msec : 0
24.8 msec : 0
24.9 msec : 0
25.0 msec : 0
25.1 msec : 0
25.2 msec : 0
25.3 msec : 0
25.4 msec : 0
25.5 msec : 0
25.6 msec : 0
25.7 msec : 0
25.8 msec : 0
25.9 msec : 0
26.0 msec : 0
26.1 msec : 0
26.2 msec : 0
26.3 msec : 0
26.4 msec : 0
26.5 msec : 0
26.6 msec : 4
26.7 msec : 0
26.8 msec : 0
26.9 msec : 0
27.0 msec : 2
27.1 msec : 3
27.2 msec : 1
27.3 msec : 0
27.4 msec : 3
27.5 msec : 9
27.6 msec : 4
27.7 msec : 2
27.8 msec : 1
27.9 msec : 0
28.0 msec : 0
28.1 msec : 0
28.2 msec : 0
28.3 msec : 0
28.4 msec : 0
28.5 msec : 0
28.6 msec : 1
28.7 msec : 0
28.8 msec : 0
28.9 msec : 0
29.0 msec : 0
29.1 msec : 0
29.2 msec : 0
29.3 msec : 0
29.4 msec : 0
29.5 msec : 0
29.6 msec : 0
29.7 msec : 0
29.8 msec : 0
29.9 msec : 0
30.0 msec : 0
30.1 msec : 0
30.2 msec : 0
30.3 msec : 0
30.4 msec : 0
30.5 msec : 0
30.6 msec : 2
30.7 msec : 0
30.8 msec : 0
30.9 msec : 0
31.0 msec : 0
31.1 msec : 0
31.2 msec : 0
31.3 msec : 0
31.4 msec : 0
31.5 msec : 0
31.6 msec : 5
31.7 msec : 4
31.8 msec : 0
31.9 msec : 0
32.0 msec : 0
32.1 msec : 0
32.2 msec : 0
32.3 msec : 0
32.4 msec : 0
32.5 msec : 0
32.6 msec : 0
32.7 msec : 0
32.8 msec : 0
32.9 msec : 0
33.0 msec : 0
33.1 msec : 1
33.2 msec : 0
33.3 msec : 0
33.4 msec : 3
33.5 msec : 2
33.6 msec : 1
33.7 msec : 0
33.8 msec : 1
33.9 msec : 0
34.0 msec : 0
34.1 msec : 0
34.2 msec : 0
34.3 msec : 0
34.4 msec : 0
34.5 msec : 0
34.6 msec : 0
34.7 msec : 0
34.8 msec : 0
34.9 msec : 0
35.0 msec : 0
35.1 msec : 0
35.2 msec : 0
35.3 msec : 0
35.4 msec : 0
35.5 msec : 0
35.6 msec : 0
35.7 msec : 0
35.8 msec : 0
35.9 msec : 0
36.0 msec : 0
36.1 msec : 0
36.2 msec : 0
36.3 msec : 0
36.4 msec : 0
36.5 msec : 0
36.6 msec : 0
36.7 msec : 0
36.8 msec : 0
36.9 msec : 0
37.0 msec : 0
37.1 msec : 0
37.2 msec : 0
37.3 msec : 0
37.4 msec : 0
37.5 msec : 0
37.6 msec : 0
37.7 msec : 0
37.8 msec : 0
37.9 msec : 0
38.0 msec : 0
38.1 msec : 0
38.2 msec : 0
38.3 msec : 0
38.4 msec : 0
38.5 msec : 0
38.6 msec : 0
38.7 msec : 0
38.8 msec : 0
38.9 msec : 0
39.0 msec : 0
39.1 msec : 0
39.2 msec : 0
39.3 msec : 0
39.4 msec : 0
39.5 msec : 0
39.6 msec : 0
39.7 msec : 2
39.8 msec : 1
39.9 msec : 3
40.0 msec : 2
40.1 msec : 3
40.2 msec : 1
40.3 msec : 0
40.4 msec : 0
40.5 msec : 2
40.6 msec : 0
40.7 msec : 1
40.8 msec : 0
40.9 msec : 1
41.0 msec : 3
41.1 msec : 0
41.2 msec : 1
41.3 msec : 3
41.4 msec : 4
41.5 msec : 2
41.6 msec : 3
41.7 msec : 2
41.8 msec : 4
41.9 msec : 1
42.0 msec : 1
42.1 msec : 0
42.2 msec : 0
42.3 msec : 0
42.4 msec : 0
42.5 msec : 0
42.6 msec : 0
42.7 msec : 0
42.8 msec : 0
42.9 msec : 0
43.0 msec : 0
43.1 msec : 0
43.2 msec : 0
43.3 msec : 0
43.4 msec : 0
43.5 msec : 0
43.6 msec : 0
43.7 msec : 0
43.8 msec : 0
43.9 msec : 0
44.0 msec : 0
44.1 msec : 1
44.2 msec : 0
44.3 msec : 1
44.4 msec : 1
44.5 msec : 0
44.6 msec : 1
44.7 msec : 0
44.8 msec : 0
44.9 msec : 0
45.0 msec : 0
45.1 msec : 0
45.2 msec : 2
45.3 msec : 0
45.4 msec : 0
45.5 msec : 0
45.6 msec : 0
45.7 msec : 1
45.8 msec : 0
45.9 msec : 0
46.0 msec : 2
46.1 msec : 0
46.2 msec : 0
46.3 msec : 1
46.4 msec : 0
46.5 msec : 0
46.6 msec : 1
46.7 msec : 0
46.8 msec : 4
46.9 msec : 2
47.0 msec : 2
47.1 msec : 0
47.2 msec : 2
47.3 msec : 1
47.4 msec : 0
47.5 msec : 1
47.6 msec : 2
47.7 msec : 0
47.8 msec : 5
47.9 msec : 0
48.0 msec : 0
48.1 msec : 0
48.2 msec : 0
48.3 msec : 0
48.4 msec : 0
48.5 msec : 0
48.6 msec : 0
48.7 msec : 0
48.8 msec : 0
48.9 msec : 0
49.0 msec : 0
49.1 msec : 0
49.2 msec : 0
49.3 msec : 0
49.4 msec : 0
49.5 msec : 0
49.6 msec : 0
49.7 msec : 0
49.8 msec : 0
49.9 msec : 0
50.0 msec : 0
50.1 msec : 0
50.2 msec : 0
50.3 msec : 0
50.4 msec : 0
50.5 msec : 0
50.6 msec : 0
50.7 msec : 0
50.8 msec : 0
50.9 msec : 0
51.0 msec : 0
51.1 msec : 0
51.2 msec : 5
51.3 msec : 0
51.4 msec : 0
51.5 msec : 0
51.6 msec : 0
51.7 msec : 1
51.8 msec : 3
51.9 msec : 4
52.0 msec : 4
