Middleware started...
Middleware shuts down...
Smaller resolution statistics are in a log file...
Final aggregates per worker:


Worker 24
Average throughput (ops/sec) = 128
Average response time (msec) = 2.8584802131147544
Average queue length = 0
Average wait time in queue (msec) = 0.22225760655737706
Average service time (msec) = 2.513206704918033
Number of SET = 0
Number of GET = 128
Number of MULTI GET = 0


Worker 7
Average throughput (ops/sec) = 129
Average response time (msec) = 2.785927327868852
Average queue length = 0
Average wait time in queue (msec) = 0.21444595081967213
Average service time (msec) = 2.458922606557377
Number of SET = 0
Number of GET = 129
Number of MULTI GET = 0


Worker 25
Average throughput (ops/sec) = 129
Average response time (msec) = 2.8074708852459014
Average queue length = 0
Average wait time in queue (msec) = 0.22309016393442624
Average service time (msec) = 2.4780587540983605
Number of SET = 0
Number of GET = 129
Number of MULTI GET = 0


Worker 6
Average throughput (ops/sec) = 128
Average response time (msec) = 2.8122959016393443
Average queue length = 0
Average wait time in queue (msec) = 0.20663667213114753
Average service time (msec) = 2.4916824918032785
Number of SET = 0
Number of GET = 128
Number of MULTI GET = 0


Worker 26
Average throughput (ops/sec) = 129
Average response time (msec) = 2.805383426229508
Average queue length = 1
Average wait time in queue (msec) = 0.22216555737704918
Average service time (msec) = 2.471952786885246
Number of SET = 0
Number of GET = 129
Number of MULTI GET = 0


Worker 9
Average throughput (ops/sec) = 128
Average response time (msec) = 2.8309015409836067
Average queue length = 0
Average wait time in queue (msec) = 0.21782373770491803
Average service time (msec) = 2.4898156721311477
Number of SET = 0
Number of GET = 128
Number of MULTI GET = 0


Worker 27
Average throughput (ops/sec) = 129
Average response time (msec) = 2.7649235573770494
Average queue length = 0
Average wait time in queue (msec) = 0.21364368852459018
Average service time (msec) = 2.446883950819672
Number of SET = 0
Number of GET = 129
Number of MULTI GET = 0


Worker 8
Average throughput (ops/sec) = 128
Average response time (msec) = 2.828359950819672
Average queue length = 0
Average wait time in queue (msec) = 0.20620875409836065
Average service time (msec) = 2.4977790655737704
Number of SET = 0
Number of GET = 128
Number of MULTI GET = 0


Worker 20
Average throughput (ops/sec) = 128
Average response time (msec) = 2.8397673114754096
Average queue length = 0
Average wait time in queue (msec) = 0.22749339344262293
Average service time (msec) = 2.4821227377049184
Number of SET = 0
Number of GET = 128
Number of MULTI GET = 0


Worker 3
Average throughput (ops/sec) = 128
Average response time (msec) = 2.7639090491803278
Average queue length = 0
Average wait time in queue (msec) = 0.20510037704918033
Average service time (msec) = 2.4482211639344262
Number of SET = 0
Number of GET = 128
Number of MULTI GET = 0


Worker 21
Average throughput (ops/sec) = 130
Average response time (msec) = 2.7649399180327867
Average queue length = 0
Average wait time in queue (msec) = 0.20206670491803277
Average service time (msec) = 2.4395389672131147
Number of SET = 0
Number of GET = 130
Number of MULTI GET = 0


Worker 2
Average throughput (ops/sec) = 129
Average response time (msec) = 2.7921289344262292
Average queue length = 0
Average wait time in queue (msec) = 0.21312596721311475
Average service time (msec) = 2.4532965573770493
Number of SET = 0
Number of GET = 129
Number of MULTI GET = 0


Worker 22
Average throughput (ops/sec) = 129
Average response time (msec) = 2.782761573770492
Average queue length = 1
Average wait time in queue (msec) = 0.2028341475409836
Average service time (msec) = 2.4708999344262295
Number of SET = 0
Number of GET = 129
Number of MULTI GET = 0


Worker 5
Average throughput (ops/sec) = 128
Average response time (msec) = 2.800275950819672
Average queue length = 0
Average wait time in queue (msec) = 0.22228409836065574
Average service time (msec) = 2.464849704918033
Number of SET = 0
Number of GET = 128
Number of MULTI GET = 0


Worker 23
Average throughput (ops/sec) = 130
Average response time (msec) = 2.761852819672131
Average queue length = 0
Average wait time in queue (msec) = 0.20322126229508197
Average service time (msec) = 2.448785081967213
Number of SET = 0
Number of GET = 130
Number of MULTI GET = 0


Worker 4
Average throughput (ops/sec) = 128
Average response time (msec) = 2.764284081967213
Average queue length = 0
Average wait time in queue (msec) = 0.20762031147540982
Average service time (msec) = 2.4416735081967214
Number of SET = 0
Number of GET = 128
Number of MULTI GET = 0


Worker 28
Average throughput (ops/sec) = 128
Average response time (msec) = 2.7847699344262296
Average queue length = 0
Average wait time in queue (msec) = 0.202518868852459
Average service time (msec) = 2.4685070819672132
Number of SET = 0
Number of GET = 128
Number of MULTI GET = 0


Worker 29
Average throughput (ops/sec) = 129
Average response time (msec) = 2.8188893770491803
Average queue length = 0
Average wait time in queue (msec) = 0.22057321311475409
Average service time (msec) = 2.478968950819672
Number of SET = 0
Number of GET = 129
Number of MULTI GET = 0


Worker 1
Average throughput (ops/sec) = 129
Average response time (msec) = 2.83150362295082
Average queue length = 0
Average wait time in queue (msec) = 0.2221692131147541
Average service time (msec) = 2.4823701311475412
Number of SET = 0
Number of GET = 129
Number of MULTI GET = 0


Worker 30
Average throughput (ops/sec) = 129
Average response time (msec) = 2.7932234590163936
Average queue length = 0
Average wait time in queue (msec) = 0.21751570491803277
Average service time (msec) = 2.462059540983607
Number of SET = 0
Number of GET = 129
Number of MULTI GET = 0


Worker 13
Average throughput (ops/sec) = 130
Average response time (msec) = 2.812286704918033
Average queue length = 1
Average wait time in queue (msec) = 0.22167232786885246
Average service time (msec) = 2.483052950819672
Number of SET = 0
Number of GET = 130
Number of MULTI GET = 0


Worker 14
Average throughput (ops/sec) = 129
Average response time (msec) = 2.810286327868852
Average queue length = 0
Average wait time in queue (msec) = 0.2216509180327869
Average service time (msec) = 2.4716104918032786
Number of SET = 0
Number of GET = 129
Number of MULTI GET = 0


Worker 15
Average throughput (ops/sec) = 127
Average response time (msec) = 2.802947360655738
Average queue length = 1
Average wait time in queue (msec) = 0.2208904098360656
Average service time (msec) = 2.474196770491803
Number of SET = 0
Number of GET = 127
Number of MULTI GET = 0


Worker 16
Average throughput (ops/sec) = 128
Average response time (msec) = 2.8051273114754096
Average queue length = 1
Average wait time in queue (msec) = 0.21531165573770492
Average service time (msec) = 2.4710422786885244
Number of SET = 0
Number of GET = 128
Number of MULTI GET = 0


Worker 31
Average throughput (ops/sec) = 128
Average response time (msec) = 2.8105887213114755
Average queue length = 0
Average wait time in queue (msec) = 0.21426675409836066
Average service time (msec) = 2.4844519180327866
Number of SET = 0
Number of GET = 128
Number of MULTI GET = 0


Worker 32
Average throughput (ops/sec) = 128
Average response time (msec) = 2.7981793934426227
Average queue length = 0
Average wait time in queue (msec) = 0.21550904918032784
Average service time (msec) = 2.46523837704918
Number of SET = 0
Number of GET = 128
Number of MULTI GET = 0


Worker 10
Average throughput (ops/sec) = 129
Average response time (msec) = 2.8314576229508197
Average queue length = 0
Average wait time in queue (msec) = 0.2212679180327869
Average service time (msec) = 2.4885111967213116
Number of SET = 0
Number of GET = 129
Number of MULTI GET = 0


Worker 11
Average throughput (ops/sec) = 129
Average response time (msec) = 2.7986954590163933
Average queue length = 0
Average wait time in queue (msec) = 0.21278772131147541
Average service time (msec) = 2.477323131147541
Number of SET = 0
Number of GET = 129
Number of MULTI GET = 0


Worker 12
Average throughput (ops/sec) = 128
Average response time (msec) = 2.8478278852459016
Average queue length = 0
Average wait time in queue (msec) = 0.20606052459016394
Average service time (msec) = 2.512930475409836
Number of SET = 0
Number of GET = 128
Number of MULTI GET = 0


Worker 17
Average throughput (ops/sec) = 127
Average response time (msec) = 2.801704147540984
Average queue length = 0
Average wait time in queue (msec) = 0.21499436065573768
Average service time (msec) = 2.467388901639344
Number of SET = 0
Number of GET = 127
Number of MULTI GET = 0


Worker 18
Average throughput (ops/sec) = 128
Average response time (msec) = 2.8039866721311477
Average queue length = 0
Average wait time in queue (msec) = 0.22006454098360656
Average service time (msec) = 2.4649930327868854
Number of SET = 0
Number of GET = 128
Number of MULTI GET = 0


Worker 19
Average throughput (ops/sec) = 128
Average response time (msec) = 2.8054250983606557
Average queue length = 0
Average wait time in queue (msec) = 0.2228881967213115
Average service time (msec) = 2.4620594590163933
Number of SET = 0
Number of GET = 128
Number of MULTI GET = 0


FINAL STATS
Average throughput (ops/sec) = 4112
Average response time (msec) = 2.756906270177543
Average queue length = 0
Average wait time in queue (msec) = 0.21500499282786883
Average service time (msec) = 2.472262324282787
Number of SET = 0
Number of GET = 128
Number of MULTI GET = 0
Number of Cache misses = 251827


Histogram response times (0.1 msec step)
0.0 msec : 1348
0.1 msec : 14433
0.2 msec : 28822
0.3 msec : 34033
0.4 msec : 31125
0.5 msec : 25457
0.6 msec : 19484
0.7 msec : 15320
0.8 msec : 11695
0.9 msec : 9058
1.0 msec : 7245
1.1 msec : 5622
1.2 msec : 4403
1.3 msec : 3560
1.4 msec : 2968
1.5 msec : 2493
1.6 msec : 2072
1.7 msec : 1600
1.8 msec : 1386
1.9 msec : 1148
2.0 msec : 982
2.1 msec : 815
2.2 msec : 693
2.3 msec : 631
2.4 msec : 570
2.5 msec : 491
2.6 msec : 429
2.7 msec : 417
2.8 msec : 361
2.9 msec : 303
3.0 msec : 309
3.1 msec : 275
3.2 msec : 241
3.3 msec : 236
3.4 msec : 223
3.5 msec : 267
3.6 msec : 218
3.7 msec : 237
3.8 msec : 213
3.9 msec : 226
4.0 msec : 215
4.1 msec : 179
4.2 msec : 236
4.3 msec : 292
4.4 msec : 335
4.5 msec : 436
4.6 msec : 520
4.7 msec : 629
4.8 msec : 611
4.9 msec : 732
5.0 msec : 735
5.1 msec : 760
5.2 msec : 769
5.3 msec : 765
5.4 msec : 772
5.5 msec : 785
5.6 msec : 812
5.7 msec : 799
5.8 msec : 833
5.9 msec : 877
6.0 msec : 886
6.1 msec : 807
6.2 msec : 755
6.3 msec : 672
6.4 msec : 579
6.5 msec : 495
6.6 msec : 444
6.7 msec : 416
6.8 msec : 331
6.9 msec : 271
7.0 msec : 237
7.1 msec : 212
7.2 msec : 176
7.3 msec : 132
7.4 msec : 131
7.5 msec : 100
7.6 msec : 102
7.7 msec : 98
7.8 msec : 66
7.9 msec : 64
8.0 msec : 47
8.1 msec : 32
8.2 msec : 47
8.3 msec : 35
8.4 msec : 30
8.5 msec : 38
8.6 msec : 36
8.7 msec : 41
8.8 msec : 37
8.9 msec : 34
9.0 msec : 41
9.1 msec : 32
9.2 msec : 33
9.3 msec : 30
9.4 msec : 31
9.5 msec : 17
9.6 msec : 30
9.7 msec : 24
9.8 msec : 21
9.9 msec : 27
10.0 msec : 25
10.1 msec : 15
10.2 msec : 16
10.3 msec : 14
10.4 msec : 13
10.5 msec : 14
10.6 msec : 16
10.7 msec : 14
10.8 msec : 6
10.9 msec : 11
11.0 msec : 13
11.1 msec : 13
11.2 msec : 8
11.3 msec : 15
11.4 msec : 8
11.5 msec : 14
11.6 msec : 8
11.7 msec : 10
11.8 msec : 10
11.9 msec : 13
12.0 msec : 11
12.1 msec : 9
12.2 msec : 4
12.3 msec : 9
12.4 msec : 3
12.5 msec : 3
12.6 msec : 3
12.7 msec : 4
12.8 msec : 6
12.9 msec : 6
13.0 msec : 6
13.1 msec : 4
13.2 msec : 7
13.3 msec : 5
13.4 msec : 3
13.5 msec : 5
13.6 msec : 4
13.7 msec : 6
13.8 msec : 6
13.9 msec : 4
14.0 msec : 5
14.1 msec : 4
14.2 msec : 2
14.3 msec : 6
14.4 msec : 2
14.5 msec : 5
14.6 msec : 8
14.7 msec : 3
14.8 msec : 9
14.9 msec : 13
15.0 msec : 7
15.1 msec : 7
15.2 msec : 3
15.3 msec : 4
15.4 msec : 2
15.5 msec : 6
15.6 msec : 4
15.7 msec : 5
15.8 msec : 6
15.9 msec : 3
16.0 msec : 0
16.1 msec : 4
16.2 msec : 3
16.3 msec : 4
16.4 msec : 1
16.5 msec : 6
16.6 msec : 3
16.7 msec : 2
16.8 msec : 1
16.9 msec : 3
17.0 msec : 1
17.1 msec : 2
17.2 msec : 0
17.3 msec : 3
17.4 msec : 1
17.5 msec : 2
17.6 msec : 0
17.7 msec : 1
17.8 msec : 1
17.9 msec : 0
18.0 msec : 3
18.1 msec : 1
18.2 msec : 2
18.3 msec : 3
18.4 msec : 3
18.5 msec : 3
18.6 msec : 2
18.7 msec : 5
18.8 msec : 2
18.9 msec : 0
19.0 msec : 0
19.1 msec : 1
19.2 msec : 1
19.3 msec : 1
19.4 msec : 0
19.5 msec : 0
19.6 msec : 1
19.7 msec : 1
19.8 msec : 0
19.9 msec : 1
20.0 msec : 1
20.1 msec : 1
20.2 msec : 2
20.3 msec : 2
20.4 msec : 7
20.5 msec : 3
20.6 msec : 2
20.7 msec : 0
20.8 msec : 0
20.9 msec : 0
21.0 msec : 1
21.1 msec : 1
21.2 msec : 0
21.3 msec : 1
21.4 msec : 0
21.5 msec : 1
21.6 msec : 0
21.7 msec : 2
21.8 msec : 0
21.9 msec : 2
22.0 msec : 1
22.1 msec : 1
22.2 msec : 1
22.3 msec : 1
22.4 msec : 0
22.5 msec : 0
22.6 msec : 0
22.7 msec : 1
22.8 msec : 2
22.9 msec : 0
23.0 msec : 0
23.1 msec : 0
23.2 msec : 0
23.3 msec : 1
23.4 msec : 1
23.5 msec : 2
23.6 msec : 1
23.7 msec : 0
23.8 msec : 0
23.9 msec : 1
24.0 msec : 0
24.1 msec : 0
24.2 msec : 1
24.3 msec : 0
24.4 msec : 1
24.5 msec : 1
24.6 msec : 2
24.7 msec : 4
24.8 msec : 2
24.9 msec : 1
25.0 msec : 1
25.1 msec : 2
25.2 msec : 0
25.3 msec : 6
25.4 msec : 2
25.5 msec : 1
25.6 msec : 0
25.7 msec : 1
25.8 msec : 1
25.9 msec : 0
26.0 msec : 0
26.1 msec : 0
26.2 msec : 1
26.3 msec : 2
26.4 msec : 0
26.5 msec : 2
26.6 msec : 2
26.7 msec : 2
26.8 msec : 0
26.9 msec : 1
27.0 msec : 0
27.1 msec : 1
27.2 msec : 0
27.3 msec : 0
27.4 msec : 1
27.5 msec : 2
27.6 msec : 0
27.7 msec : 1
27.8 msec : 0
27.9 msec : 0
28.0 msec : 2
28.1 msec : 1
28.2 msec : 0
28.3 msec : 0
28.4 msec : 0
28.5 msec : 0
28.6 msec : 1
28.7 msec : 0
28.8 msec : 0
28.9 msec : 1
29.0 msec : 0
29.1 msec : 3
29.2 msec : 0
29.3 msec : 0
29.4 msec : 0
29.5 msec : 0
29.6 msec : 0
29.7 msec : 0
29.8 msec : 0
29.9 msec : 1
30.0 msec : 1
30.1 msec : 0
30.2 msec : 1
30.3 msec : 1
30.4 msec : 0
30.5 msec : 0
30.6 msec : 2
30.7 msec : 0
30.8 msec : 0
30.9 msec : 1
31.0 msec : 0
31.1 msec : 0
31.2 msec : 0
31.3 msec : 0
31.4 msec : 0
31.5 msec : 0
31.6 msec : 0
31.7 msec : 0
31.8 msec : 0
31.9 msec : 0
32.0 msec : 0
32.1 msec : 0
32.2 msec : 0
32.3 msec : 0
32.4 msec : 0
32.5 msec : 1
32.6 msec : 0
32.7 msec : 0
32.8 msec : 0
32.9 msec : 0
33.0 msec : 0
33.1 msec : 0
33.2 msec : 0
33.3 msec : 0
33.4 msec : 0
33.5 msec : 0
33.6 msec : 0
33.7 msec : 0
33.8 msec : 0
33.9 msec : 0
34.0 msec : 0
34.1 msec : 0
34.2 msec : 0
34.3 msec : 0
34.4 msec : 0
34.5 msec : 0
34.6 msec : 0
34.7 msec : 0
34.8 msec : 0
34.9 msec : 0
35.0 msec : 0
35.1 msec : 1
35.2 msec : 1
35.3 msec : 1
35.4 msec : 0
35.5 msec : 0
35.6 msec : 0
35.7 msec : 0
35.8 msec : 0
35.9 msec : 0
36.0 msec : 0
36.1 msec : 2
36.2 msec : 0
36.3 msec : 0
36.4 msec : 0
36.5 msec : 1
36.6 msec : 0
36.7 msec : 0
36.8 msec : 0
36.9 msec : 0
37.0 msec : 3
37.1 msec : 1
37.2 msec : 0
37.3 msec : 0
37.4 msec : 1
37.5 msec : 0
37.6 msec : 1
37.7 msec : 0
37.8 msec : 0
37.9 msec : 0
38.0 msec : 0
38.1 msec : 0
38.2 msec : 0
38.3 msec : 0
38.4 msec : 0
38.5 msec : 0
38.6 msec : 0
38.7 msec : 0
38.8 msec : 0
38.9 msec : 0
39.0 msec : 0
39.1 msec : 0
39.2 msec : 0
39.3 msec : 0
39.4 msec : 0
39.5 msec : 0
39.6 msec : 1
39.7 msec : 1
39.8 msec : 0
39.9 msec : 0
40.0 msec : 0
40.1 msec : 0
40.2 msec : 0
40.3 msec : 0
40.4 msec : 0
40.5 msec : 0
40.6 msec : 1
40.7 msec : 1
40.8 msec : 1
40.9 msec : 0
41.0 msec : 1
41.1 msec : 1
41.2 msec : 0
41.3 msec : 1
41.4 msec : 1
41.5 msec : 0
41.6 msec : 0
41.7 msec : 0
41.8 msec : 0
41.9 msec : 0
42.0 msec : 0
42.1 msec : 0
42.2 msec : 0
42.3 msec : 0
42.4 msec : 0
42.5 msec : 0
42.6 msec : 0
42.7 msec : 0
42.8 msec : 0
42.9 msec : 0
43.0 msec : 0
43.1 msec : 0
43.2 msec : 0
43.3 msec : 0
43.4 msec : 0
43.5 msec : 1
43.6 msec : 1
43.7 msec : 1
43.8 msec : 2
43.9 msec : 0
44.0 msec : 0
44.1 msec : 0
44.2 msec : 0
44.3 msec : 0
44.4 msec : 0
44.5 msec : 0
44.6 msec : 0
44.7 msec : 0
44.8 msec : 0
44.9 msec : 0
45.0 msec : 0
45.1 msec : 0
45.2 msec : 0
45.3 msec : 0
45.4 msec : 0
45.5 msec : 0
45.6 msec : 0
45.7 msec : 0
45.8 msec : 0
45.9 msec : 0
46.0 msec : 0
46.1 msec : 0
46.2 msec : 0
46.3 msec : 0
46.4 msec : 0
46.5 msec : 0
46.6 msec : 0
46.7 msec : 0
46.8 msec : 0
46.9 msec : 0
47.0 msec : 0
47.1 msec : 0
47.2 msec : 0
47.3 msec : 0
47.4 msec : 0
47.5 msec : 0
47.6 msec : 0
47.7 msec : 0
47.8 msec : 0
47.9 msec : 0
48.0 msec : 0
48.1 msec : 0
48.2 msec : 0
48.3 msec : 0
48.4 msec : 0
48.5 msec : 0
48.6 msec : 0
48.7 msec : 0
48.8 msec : 0
48.9 msec : 0
49.0 msec : 0
49.1 msec : 0
49.2 msec : 0
49.3 msec : 0
49.4 msec : 0
49.5 msec : 0
49.6 msec : 0
49.7 msec : 3
49.8 msec : 1
49.9 msec : 2
50.0 msec : 0
50.1 msec : 0
50.2 msec : 0
50.3 msec : 0
50.4 msec : 0
50.5 msec : 0
50.6 msec : 0
50.7 msec : 0
50.8 msec : 0
50.9 msec : 0
51.0 msec : 0
51.1 msec : 0
51.2 msec : 0
51.3 msec : 0
51.4 msec : 0
51.5 msec : 0
51.6 msec : 0
51.7 msec : 0
51.8 msec : 0
51.9 msec : 0
52.0 msec : 0
52.1 msec : 0
52.2 msec : 0
52.3 msec : 0
52.4 msec : 0
52.5 msec : 0
52.6 msec : 0
52.7 msec : 0
52.8 msec : 0
52.9 msec : 0
53.0 msec : 0
53.1 msec : 0
53.2 msec : 0
53.3 msec : 0
53.4 msec : 0
53.5 msec : 0
53.6 msec : 0
53.7 msec : 0
53.8 msec : 0
53.9 msec : 0
54.0 msec : 0
54.1 msec : 0
54.2 msec : 0
54.3 msec : 0
54.4 msec : 0
54.5 msec : 0
54.6 msec : 0
54.7 msec : 0
54.8 msec : 0
54.9 msec : 0
55.0 msec : 0
55.1 msec : 0
55.2 msec : 0
55.3 msec : 0
55.4 msec : 1
55.5 msec : 0
55.6 msec : 1
55.7 msec : 0
55.8 msec : 0
55.9 msec : 0
56.0 msec : 0
56.1 msec : 0
56.2 msec : 0
56.3 msec : 0
56.4 msec : 0
56.5 msec : 0
56.6 msec : 0
56.7 msec : 0
56.8 msec : 0
56.9 msec : 0
57.0 msec : 0
57.1 msec : 0
57.2 msec : 0
57.3 msec : 0
57.4 msec : 0
57.5 msec : 0
57.6 msec : 0
57.7 msec : 0
57.8 msec : 0
57.9 msec : 0
58.0 msec : 0
58.1 msec : 0
58.2 msec : 0
58.3 msec : 0
58.4 msec : 0
58.5 msec : 0
58.6 msec : 0
58.7 msec : 0
58.8 msec : 0
58.9 msec : 0
59.0 msec : 0
59.1 msec : 0
59.2 msec : 0
59.3 msec : 0
59.4 msec : 0
59.5 msec : 0
59.6 msec : 0
59.7 msec : 0
59.8 msec : 0
59.9 msec : 0
60.0 msec : 0
60.1 msec : 0
60.2 msec : 0
60.3 msec : 0
60.4 msec : 0
60.5 msec : 0
60.6 msec : 1
60.7 msec : 1
60.8 msec : 0
60.9 msec : 0
61.0 msec : 3
61.1 msec : 0
61.2 msec : 0
61.3 msec : 4
61.4 msec : 2
61.5 msec : 0
61.6 msec : 2
61.7 msec : 0
61.8 msec : 0
61.9 msec : 0
62.0 msec : 1
62.1 msec : 0
62.2 msec : 0
62.3 msec : 1
62.4 msec : 0
62.5 msec : 0
62.6 msec : 0
62.7 msec : 0
62.8 msec : 0
62.9 msec : 0
63.0 msec : 0
63.1 msec : 0
63.2 msec : 0
63.3 msec : 0
63.4 msec : 0
63.5 msec : 0
63.6 msec : 0
63.7 msec : 0
63.8 msec : 0
63.9 msec : 0
64.0 msec : 0
64.1 msec : 0
64.2 msec : 0
64.3 msec : 0
64.4 msec : 0
64.5 msec : 0
64.6 msec : 0
64.7 msec : 0
64.8 msec : 0
64.9 msec : 0
65.0 msec : 0
65.1 msec : 0
65.2 msec : 0
65.3 msec : 0
65.4 msec : 0
65.5 msec : 0
65.6 msec : 0
65.7 msec : 0
65.8 msec : 0
65.9 msec : 0
66.0 msec : 0
66.1 msec : 0
66.2 msec : 0
66.3 msec : 0
66.4 msec : 0
66.5 msec : 0
66.6 msec : 0
66.7 msec : 0
66.8 msec : 0
66.9 msec : 0
67.0 msec : 0
67.1 msec : 0
67.2 msec : 0
67.3 msec : 0
67.4 msec : 0
67.5 msec : 0
67.6 msec : 0
67.7 msec : 0
67.8 msec : 0
67.9 msec : 0
68.0 msec : 0
68.1 msec : 0
68.2 msec : 0
68.3 msec : 0
68.4 msec : 0
68.5 msec : 0
68.6 msec : 0
68.7 msec : 0
68.8 msec : 0
68.9 msec : 0
69.0 msec : 0
69.1 msec : 0
69.2 msec : 0
69.3 msec : 0
69.4 msec : 0
69.5 msec : 0
69.6 msec : 0
69.7 msec : 0
69.8 msec : 0
69.9 msec : 0
70.0 msec : 0
70.1 msec : 0
70.2 msec : 0
70.3 msec : 0
70.4 msec : 0
70.5 msec : 0
70.6 msec : 0
70.7 msec : 0
70.8 msec : 0
70.9 msec : 0
71.0 msec : 0
71.1 msec : 0
71.2 msec : 0
71.3 msec : 0
71.4 msec : 0
71.5 msec : 0
71.6 msec : 0
71.7 msec : 0
71.8 msec : 0
71.9 msec : 0
72.0 msec : 0
72.1 msec : 0
72.2 msec : 0
72.3 msec : 0
72.4 msec : 0
72.5 msec : 0
72.6 msec : 0
72.7 msec : 0
72.8 msec : 0
72.9 msec : 0
73.0 msec : 0
73.1 msec : 0
73.2 msec : 0
73.3 msec : 0
73.4 msec : 0
73.5 msec : 0
73.6 msec : 0
73.7 msec : 0
73.8 msec : 0
73.9 msec : 0
74.0 msec : 0
74.1 msec : 0
74.2 msec : 0
74.3 msec : 0
74.4 msec : 0
74.5 msec : 1
74.6 msec : 2
74.7 msec : 0
74.8 msec : 0
74.9 msec : 0
75.0 msec : 0
75.1 msec : 1
75.2 msec : 0
75.3 msec : 0
75.4 msec : 0
75.5 msec : 0
75.6 msec : 0
75.7 msec : 0
75.8 msec : 0
75.9 msec : 0
76.0 msec : 0
76.1 msec : 0
76.2 msec : 0
76.3 msec : 0
76.4 msec : 0
76.5 msec : 0
76.6 msec : 0
76.7 msec : 0
76.8 msec : 0
76.9 msec : 0
77.0 msec : 0
77.1 msec : 0
77.2 msec : 0
77.3 msec : 0
77.4 msec : 0
77.5 msec : 0
77.6 msec : 0
77.7 msec : 0
77.8 msec : 0
77.9 msec : 0
78.0 msec : 0
78.1 msec : 0
78.2 msec : 0
78.3 msec : 0
78.4 msec : 0
78.5 msec : 0
78.6 msec : 0
78.7 msec : 0
78.8 msec : 0
78.9 msec : 0
79.0 msec : 1
79.1 msec : 0
79.2 msec : 0
79.3 msec : 0
79.4 msec : 0
79.5 msec : 0
79.6 msec : 0
79.7 msec : 0
79.8 msec : 0
79.9 msec : 0
80.0 msec : 0
80.1 msec : 0
80.2 msec : 0
80.3 msec : 0
80.4 msec : 0
80.5 msec : 0
80.6 msec : 0
80.7 msec : 0
80.8 msec : 0
80.9 msec : 0
81.0 msec : 0
81.1 msec : 0
81.2 msec : 0
81.3 msec : 0
81.4 msec : 0
81.5 msec : 0
81.6 msec : 0
81.7 msec : 0
81.8 msec : 0
81.9 msec : 0
82.0 msec : 0
82.1 msec : 0
82.2 msec : 0
82.3 msec : 0
82.4 msec : 0
82.5 msec : 0
82.6 msec : 0
82.7 msec : 0
82.8 msec : 0
82.9 msec : 0
83.0 msec : 0
83.1 msec : 0
83.2 msec : 0
83.3 msec : 0
83.4 msec : 0
83.5 msec : 0
83.6 msec : 0
83.7 msec : 0
83.8 msec : 0
83.9 msec : 0
84.0 msec : 0
84.1 msec : 0
84.2 msec : 0
84.3 msec : 0
84.4 msec : 0
84.5 msec : 0
84.6 msec : 0
84.7 msec : 0
84.8 msec : 0
84.9 msec : 0
85.0 msec : 0
85.1 msec : 1
85.2 msec : 0
85.3 msec : 0
85.4 msec : 0
85.5 msec : 0
85.6 msec : 0
85.7 msec : 0
85.8 msec : 0
85.9 msec : 0
86.0 msec : 0
86.1 msec : 0
86.2 msec : 0
86.3 msec : 0
86.4 msec : 0
86.5 msec : 0
86.6 msec : 0
86.7 msec : 0
86.8 msec : 0
86.9 msec : 0
87.0 msec : 0
87.1 msec : 0
87.2 msec : 0
87.3 msec : 0
87.4 msec : 0
87.5 msec : 0
87.6 msec : 0
87.7 msec : 0
87.8 msec : 0
87.9 msec : 0
88.0 msec : 0
88.1 msec : 0
88.2 msec : 0
88.3 msec : 0
88.4 msec : 0
88.5 msec : 0
88.6 msec : 0
88.7 msec : 0
88.8 msec : 0
88.9 msec : 0
89.0 msec : 0
89.1 msec : 0
89.2 msec : 0
89.3 msec : 0
89.4 msec : 0
89.5 msec : 0
89.6 msec : 0
89.7 msec : 0
89.8 msec : 0
89.9 msec : 0
90.0 msec : 0
90.1 msec : 0
90.2 msec : 0
90.3 msec : 0
90.4 msec : 0
90.5 msec : 0
90.6 msec : 0
90.7 msec : 0
90.8 msec : 0
90.9 msec : 0
91.0 msec : 0
91.1 msec : 0
91.2 msec : 0
91.3 msec : 0
91.4 msec : 0
91.5 msec : 0
91.6 msec : 0
91.7 msec : 0
91.8 msec : 0
91.9 msec : 0
92.0 msec : 0
92.1 msec : 0
92.2 msec : 0
92.3 msec : 0
92.4 msec : 0
92.5 msec : 0
92.6 msec : 0
92.7 msec : 0
92.8 msec : 0
92.9 msec : 0
93.0 msec : 0
93.1 msec : 0
93.2 msec : 0
93.3 msec : 0
93.4 msec : 0
93.5 msec : 0
93.6 msec : 0
93.7 msec : 0
93.8 msec : 0
93.9 msec : 0
94.0 msec : 0
94.1 msec : 0
94.2 msec : 0
94.3 msec : 0
94.4 msec : 0
94.5 msec : 0
94.6 msec : 0
94.7 msec : 0
94.8 msec : 0
94.9 msec : 0
95.0 msec : 0
95.1 msec : 0
95.2 msec : 0
95.3 msec : 0
95.4 msec : 0
95.5 msec : 0
95.6 msec : 0
95.7 msec : 0
95.8 msec : 0
95.9 msec : 0
96.0 msec : 0
96.1 msec : 0
96.2 msec : 0
96.3 msec : 0
96.4 msec : 0
96.5 msec : 0
96.6 msec : 0
96.7 msec : 0
96.8 msec : 0
96.9 msec : 0
97.0 msec : 0
97.1 msec : 0
97.2 msec : 0
97.3 msec : 0
97.4 msec : 0
97.5 msec : 0
97.6 msec : 0
97.7 msec : 0
97.8 msec : 0
97.9 msec : 0
98.0 msec : 0
98.1 msec : 0
98.2 msec : 0
98.3 msec : 0
98.4 msec : 0
98.5 msec : 0
98.6 msec : 0
98.7 msec : 0
98.8 msec : 0
98.9 msec : 0
99.0 msec : 0
99.1 msec : 0
99.2 msec : 0
99.3 msec : 0
99.4 msec : 0
99.5 msec : 0
99.6 msec : 0
99.7 msec : 0
99.8 msec : 0
99.9 msec : 0
100.0 msec : 0
100.1 msec : 0
100.2 msec : 0
100.3 msec : 0
100.4 msec : 0
100.5 msec : 0
100.6 msec : 0
100.7 msec : 0
100.8 msec : 0
100.9 msec : 0
101.0 msec : 0
101.1 msec : 0
101.2 msec : 0
101.3 msec : 0
101.4 msec : 0
101.5 msec : 0
101.6 msec : 0
101.7 msec : 0
101.8 msec : 0
101.9 msec : 0
102.0 msec : 0
102.1 msec : 0
102.2 msec : 0
102.3 msec : 1
102.4 msec : 0
