Middleware started...
Middleware shuts down...
Smaller resolution statistics are in a log file...
Final aggregates per worker:


Worker 24
Average throughput (ops/sec) = 100
Average response time (msec) = 2.235742655737705
Average queue length = 0
Average wait time in queue (msec) = 0.12554231147540984
Average service time (msec) = 2.0390758524590167
Number of SET = 0
Number of GET = 100
Number of MULTI GET = 0


Worker 7
Average throughput (ops/sec) = 102
Average response time (msec) = 2.2252732622950817
Average queue length = 0
Average wait time in queue (msec) = 0.11560801639344262
Average service time (msec) = 2.0343457540983607
Number of SET = 0
Number of GET = 102
Number of MULTI GET = 0


Worker 25
Average throughput (ops/sec) = 101
Average response time (msec) = 2.186539098360656
Average queue length = 0
Average wait time in queue (msec) = 0.11934091803278689
Average service time (msec) = 1.9923834426229508
Number of SET = 0
Number of GET = 101
Number of MULTI GET = 0


Worker 6
Average throughput (ops/sec) = 101
Average response time (msec) = 2.2471992786885244
Average queue length = 0
Average wait time in queue (msec) = 0.1255754918032787
Average service time (msec) = 2.048666344262295
Number of SET = 0
Number of GET = 101
Number of MULTI GET = 0


Worker 26
Average throughput (ops/sec) = 101
Average response time (msec) = 2.2237921311475413
Average queue length = 0
Average wait time in queue (msec) = 0.12259283606557377
Average service time (msec) = 2.030187163934426
Number of SET = 0
Number of GET = 101
Number of MULTI GET = 0


Worker 9
Average throughput (ops/sec) = 100
Average response time (msec) = 2.2095765081967214
Average queue length = 0
Average wait time in queue (msec) = 0.11234021311475409
Average service time (msec) = 2.0134851147540984
Number of SET = 0
Number of GET = 100
Number of MULTI GET = 0


Worker 27
Average throughput (ops/sec) = 101
Average response time (msec) = 2.207552163934426
Average queue length = 0
Average wait time in queue (msec) = 0.11699281967213115
Average service time (msec) = 2.0152648032786886
Number of SET = 0
Number of GET = 101
Number of MULTI GET = 0


Worker 8
Average throughput (ops/sec) = 101
Average response time (msec) = 2.2207373114754096
Average queue length = 0
Average wait time in queue (msec) = 0.11790129508196721
Average service time (msec) = 2.0265630819672134
Number of SET = 0
Number of GET = 101
Number of MULTI GET = 0


Worker 20
Average throughput (ops/sec) = 100
Average response time (msec) = 2.2198523606557377
Average queue length = 0
Average wait time in queue (msec) = 0.12122619672131146
Average service time (msec) = 2.02605568852459
Number of SET = 0
Number of GET = 100
Number of MULTI GET = 0


Worker 3
Average throughput (ops/sec) = 102
Average response time (msec) = 2.2152568360655738
Average queue length = 0
Average wait time in queue (msec) = 0.11518932786885246
Average service time (msec) = 2.012867770491803
Number of SET = 0
Number of GET = 102
Number of MULTI GET = 0


Worker 21
Average throughput (ops/sec) = 101
Average response time (msec) = 2.196093573770492
Average queue length = 0
Average wait time in queue (msec) = 0.12050221311475409
Average service time (msec) = 1.9988371475409834
Number of SET = 0
Number of GET = 101
Number of MULTI GET = 0


Worker 2
Average throughput (ops/sec) = 101
Average response time (msec) = 2.2022525081967212
Average queue length = 0
Average wait time in queue (msec) = 0.12550554098360656
Average service time (msec) = 1.9989115245901639
Number of SET = 0
Number of GET = 101
Number of MULTI GET = 0


Worker 22
Average throughput (ops/sec) = 100
Average response time (msec) = 2.220870295081967
Average queue length = 0
Average wait time in queue (msec) = 0.11993416393442624
Average service time (msec) = 2.01673831147541
Number of SET = 0
Number of GET = 100
Number of MULTI GET = 0


Worker 5
Average throughput (ops/sec) = 100
Average response time (msec) = 2.227516180327869
Average queue length = 0
Average wait time in queue (msec) = 0.11787378688524591
Average service time (msec) = 2.027716967213115
Number of SET = 0
Number of GET = 100
Number of MULTI GET = 0


Worker 23
Average throughput (ops/sec) = 101
Average response time (msec) = 2.2242645409836066
Average queue length = 0
Average wait time in queue (msec) = 0.12113854098360655
Average service time (msec) = 2.02651237704918
Number of SET = 0
Number of GET = 101
Number of MULTI GET = 0


Worker 4
Average throughput (ops/sec) = 100
Average response time (msec) = 2.234359180327869
Average queue length = 0
Average wait time in queue (msec) = 0.11192350819672131
Average service time (msec) = 2.0462192295081967
Number of SET = 0
Number of GET = 100
Number of MULTI GET = 0


Worker 28
Average throughput (ops/sec) = 102
Average response time (msec) = 2.2232102459016394
Average queue length = 0
Average wait time in queue (msec) = 0.1202982131147541
Average service time (msec) = 2.032316737704918
Number of SET = 0
Number of GET = 102
Number of MULTI GET = 0


Worker 29
Average throughput (ops/sec) = 102
Average response time (msec) = 2.241002655737705
Average queue length = 0
Average wait time in queue (msec) = 0.11868962295081967
Average service time (msec) = 2.047869426229508
Number of SET = 0
Number of GET = 102
Number of MULTI GET = 0


Worker 1
Average throughput (ops/sec) = 101
Average response time (msec) = 2.230967704918033
Average queue length = 0
Average wait time in queue (msec) = 0.13649522950819673
Average service time (msec) = 2.00766762295082
Number of SET = 0
Number of GET = 101
Number of MULTI GET = 0


Worker 30
Average throughput (ops/sec) = 101
Average response time (msec) = 2.231727049180328
Average queue length = 0
Average wait time in queue (msec) = 0.12625631147540983
Average service time (msec) = 2.027288786885246
Number of SET = 0
Number of GET = 101
Number of MULTI GET = 0


Worker 13
Average throughput (ops/sec) = 101
Average response time (msec) = 2.2210899672131146
Average queue length = 0
Average wait time in queue (msec) = 0.12077031147540984
Average service time (msec) = 2.0245905409836067
Number of SET = 0
Number of GET = 101
Number of MULTI GET = 0


Worker 14
Average throughput (ops/sec) = 102
Average response time (msec) = 2.243271049180328
Average queue length = 0
Average wait time in queue (msec) = 0.128354131147541
Average service time (msec) = 2.039145606557377
Number of SET = 0
Number of GET = 102
Number of MULTI GET = 0


Worker 15
Average throughput (ops/sec) = 101
Average response time (msec) = 2.2088984098360656
Average queue length = 0
Average wait time in queue (msec) = 0.11535890163934426
Average service time (msec) = 2.016498393442623
Number of SET = 0
Number of GET = 101
Number of MULTI GET = 0


Worker 16
Average throughput (ops/sec) = 101
Average response time (msec) = 2.242261180327869
Average queue length = 0
Average wait time in queue (msec) = 0.13129437704918032
Average service time (msec) = 2.027592737704918
Number of SET = 0
Number of GET = 101
Number of MULTI GET = 0


Worker 31
Average throughput (ops/sec) = 101
Average response time (msec) = 2.224914704918033
Average queue length = 0
Average wait time in queue (msec) = 0.11823177049180328
Average service time (msec) = 2.0297402459016394
Number of SET = 0
Number of GET = 101
Number of MULTI GET = 0


Worker 32
Average throughput (ops/sec) = 101
Average response time (msec) = 2.206144049180328
Average queue length = 0
Average wait time in queue (msec) = 0.12941465573770491
Average service time (msec) = 1.9938286721311476
Number of SET = 0
Number of GET = 101
Number of MULTI GET = 0


Worker 10
Average throughput (ops/sec) = 102
Average response time (msec) = 2.2277181475409837
Average queue length = 0
Average wait time in queue (msec) = 0.13004627868852459
Average service time (msec) = 2.0198868852459015
Number of SET = 0
Number of GET = 102
Number of MULTI GET = 0


Worker 11
Average throughput (ops/sec) = 101
Average response time (msec) = 2.2328600163934427
Average queue length = 0
Average wait time in queue (msec) = 0.1211122950819672
Average service time (msec) = 2.035051245901639
Number of SET = 0
Number of GET = 101
Number of MULTI GET = 0


Worker 12
Average throughput (ops/sec) = 101
Average response time (msec) = 2.225791704918033
Average queue length = 0
Average wait time in queue (msec) = 0.1230225737704918
Average service time (msec) = 2.025148163934426
Number of SET = 0
Number of GET = 101
Number of MULTI GET = 0


Worker 17
Average throughput (ops/sec) = 102
Average response time (msec) = 2.225946786885246
Average queue length = 0
Average wait time in queue (msec) = 0.11752111475409836
Average service time (msec) = 2.0268550655737707
Number of SET = 0
Number of GET = 102
Number of MULTI GET = 0


Worker 18
Average throughput (ops/sec) = 101
Average response time (msec) = 2.242771967213115
Average queue length = 0
Average wait time in queue (msec) = 0.1272415737704918
Average service time (msec) = 2.033851344262295
Number of SET = 0
Number of GET = 101
Number of MULTI GET = 0


Worker 19
Average throughput (ops/sec) = 100
Average response time (msec) = 2.2013345901639343
Average queue length = 0
Average wait time in queue (msec) = 0.12467604918032787
Average service time (msec) = 1.991927213114754
Number of SET = 0
Number of GET = 100
Number of MULTI GET = 0


FINAL STATS
Average throughput (ops/sec) = 3232
Average response time (msec) = 2.17551507318451
Average queue length = 0
Average wait time in queue (msec) = 0.12181158094262295
Average service time (msec) = 2.0229090394467213
Number of SET = 0
Number of GET = 101
Number of MULTI GET = 0
Number of Cache misses = 198266


Histogram response times (0.1 msec step)
0.0 msec : 3245
0.1 msec : 24045
0.2 msec : 41282
0.3 msec : 40586
0.4 msec : 29181
0.5 msec : 19130
0.6 msec : 11741
0.7 msec : 7297
0.8 msec : 4748
0.9 msec : 3161
1.0 msec : 2248
1.1 msec : 1629
1.2 msec : 1279
1.3 msec : 931
1.4 msec : 769
1.5 msec : 610
1.6 msec : 492
1.7 msec : 494
1.8 msec : 411
1.9 msec : 335
2.0 msec : 306
2.1 msec : 287
2.2 msec : 217
2.3 msec : 205
2.4 msec : 186
2.5 msec : 173
2.6 msec : 158
2.7 msec : 141
2.8 msec : 119
2.9 msec : 121
3.0 msec : 126
3.1 msec : 120
3.2 msec : 98
3.3 msec : 112
3.4 msec : 107
3.5 msec : 112
3.6 msec : 87
3.7 msec : 83
3.8 msec : 54
3.9 msec : 66
4.0 msec : 49
4.1 msec : 42
4.2 msec : 48
4.3 msec : 40
4.4 msec : 47
4.5 msec : 39
4.6 msec : 44
4.7 msec : 50
4.8 msec : 65
4.9 msec : 67
5.0 msec : 56
5.1 msec : 50
5.2 msec : 65
5.3 msec : 59
5.4 msec : 60
5.5 msec : 52
5.6 msec : 46
5.7 msec : 55
5.8 msec : 48
5.9 msec : 56
6.0 msec : 39
6.1 msec : 47
6.2 msec : 27
6.3 msec : 34
6.4 msec : 40
6.5 msec : 29
6.6 msec : 24
6.7 msec : 27
6.8 msec : 26
6.9 msec : 16
7.0 msec : 18
7.1 msec : 14
7.2 msec : 18
7.3 msec : 20
7.4 msec : 20
7.5 msec : 16
7.6 msec : 19
7.7 msec : 15
7.8 msec : 11
7.9 msec : 10
8.0 msec : 11
8.1 msec : 9
8.2 msec : 9
8.3 msec : 11
8.4 msec : 9
8.5 msec : 3
8.6 msec : 3
8.7 msec : 7
8.8 msec : 8
8.9 msec : 12
9.0 msec : 4
9.1 msec : 5
9.2 msec : 4
9.3 msec : 3
9.4 msec : 4
9.5 msec : 5
9.6 msec : 4
9.7 msec : 9
9.8 msec : 9
9.9 msec : 3
10.0 msec : 2
10.1 msec : 3
10.2 msec : 1
10.3 msec : 2
10.4 msec : 6
10.5 msec : 3
10.6 msec : 7
10.7 msec : 1
10.8 msec : 1
10.9 msec : 2
11.0 msec : 1
11.1 msec : 1
11.2 msec : 0
11.3 msec : 1
11.4 msec : 4
11.5 msec : 2
11.6 msec : 0
11.7 msec : 0
11.8 msec : 1
11.9 msec : 1
12.0 msec : 1
12.1 msec : 0
12.2 msec : 1
12.3 msec : 1
12.4 msec : 3
12.5 msec : 1
12.6 msec : 1
12.7 msec : 0
12.8 msec : 0
12.9 msec : 1
13.0 msec : 2
13.1 msec : 2
13.2 msec : 1
13.3 msec : 0
13.4 msec : 0
13.5 msec : 1
13.6 msec : 1
13.7 msec : 1
13.8 msec : 2
13.9 msec : 0
14.0 msec : 1
14.1 msec : 1
14.2 msec : 1
14.3 msec : 2
14.4 msec : 1
14.5 msec : 0
14.6 msec : 3
14.7 msec : 3
14.8 msec : 3
14.9 msec : 3
15.0 msec : 1
15.1 msec : 0
15.2 msec : 1
15.3 msec : 1
15.4 msec : 1
15.5 msec : 0
15.6 msec : 0
15.7 msec : 1
15.8 msec : 1
15.9 msec : 0
16.0 msec : 1
16.1 msec : 0
16.2 msec : 0
16.3 msec : 0
16.4 msec : 0
16.5 msec : 0
16.6 msec : 3
16.7 msec : 1
16.8 msec : 1
16.9 msec : 0
17.0 msec : 1
17.1 msec : 0
17.2 msec : 0
17.3 msec : 0
17.4 msec : 0
17.5 msec : 0
17.6 msec : 0
17.7 msec : 2
17.8 msec : 0
17.9 msec : 2
18.0 msec : 1
18.1 msec : 0
18.2 msec : 2
18.3 msec : 0
18.4 msec : 0
18.5 msec : 1
18.6 msec : 2
18.7 msec : 0
18.8 msec : 0
18.9 msec : 1
19.0 msec : 2
19.1 msec : 1
19.2 msec : 3
19.3 msec : 0
19.4 msec : 0
19.5 msec : 0
19.6 msec : 0
19.7 msec : 0
19.8 msec : 0
19.9 msec : 0
20.0 msec : 0
20.1 msec : 0
20.2 msec : 0
20.3 msec : 0
20.4 msec : 0
20.5 msec : 0
20.6 msec : 0
20.7 msec : 0
20.8 msec : 0
20.9 msec : 0
21.0 msec : 0
21.1 msec : 0
21.2 msec : 0
21.3 msec : 0
21.4 msec : 0
21.5 msec : 0
21.6 msec : 0
21.7 msec : 0
21.8 msec : 0
21.9 msec : 0
22.0 msec : 0
22.1 msec : 0
22.2 msec : 0
22.3 msec : 0
22.4 msec : 0
22.5 msec : 0
22.6 msec : 0
22.7 msec : 0
22.8 msec : 0
22.9 msec : 1
23.0 msec : 0
23.1 msec : 0
23.2 msec : 0
23.3 msec : 0
23.4 msec : 0
23.5 msec : 0
23.6 msec : 2
23.7 msec : 0
23.8 msec : 0
23.9 msec : 1
24.0 msec : 0
24.1 msec : 1
24.2 msec : 0
24.3 msec : 0
24.4 msec : 2
24.5 msec : 0
24.6 msec : 2
24.7 msec : 2
24.8 msec : 0
24.9 msec : 0
25.0 msec : 0
25.1 msec : 0
25.2 msec : 1
25.3 msec : 0
25.4 msec : 0
25.5 msec : 1
25.6 msec : 0
25.7 msec : 2
25.8 msec : 0
25.9 msec : 0
26.0 msec : 1
26.1 msec : 1
26.2 msec : 0
26.3 msec : 0
26.4 msec : 0
26.5 msec : 0
26.6 msec : 0
26.7 msec : 0
26.8 msec : 0
26.9 msec : 0
27.0 msec : 0
27.1 msec : 0
27.2 msec : 0
27.3 msec : 0
27.4 msec : 0
27.5 msec : 0
27.6 msec : 0
27.7 msec : 0
27.8 msec : 0
27.9 msec : 0
28.0 msec : 0
28.1 msec : 0
28.2 msec : 0
28.3 msec : 0
28.4 msec : 0
28.5 msec : 0
28.6 msec : 0
28.7 msec : 0
28.8 msec : 0
28.9 msec : 0
29.0 msec : 0
29.1 msec : 0
29.2 msec : 0
29.3 msec : 0
29.4 msec : 1
29.5 msec : 0
29.6 msec : 1
29.7 msec : 0
29.8 msec : 0
29.9 msec : 0
30.0 msec : 0
30.1 msec : 0
30.2 msec : 0
30.3 msec : 0
30.4 msec : 0
30.5 msec : 0
30.6 msec : 0
30.7 msec : 0
30.8 msec : 1
30.9 msec : 0
31.0 msec : 0
31.1 msec : 0
31.2 msec : 1
31.3 msec : 0
31.4 msec : 1
31.5 msec : 1
31.6 msec : 0
31.7 msec : 0
31.8 msec : 0
31.9 msec : 0
32.0 msec : 0
32.1 msec : 0
32.2 msec : 0
32.3 msec : 0
32.4 msec : 0
32.5 msec : 0
32.6 msec : 0
32.7 msec : 0
32.8 msec : 0
32.9 msec : 0
33.0 msec : 0
33.1 msec : 0
33.2 msec : 0
33.3 msec : 0
33.4 msec : 0
33.5 msec : 0
33.6 msec : 0
33.7 msec : 0
33.8 msec : 0
33.9 msec : 0
34.0 msec : 0
34.1 msec : 0
34.2 msec : 0
34.3 msec : 0
34.4 msec : 0
34.5 msec : 0
34.6 msec : 0
34.7 msec : 0
34.8 msec : 0
34.9 msec : 0
35.0 msec : 0
35.1 msec : 0
35.2 msec : 0
35.3 msec : 0
35.4 msec : 0
35.5 msec : 0
35.6 msec : 0
35.7 msec : 0
35.8 msec : 0
35.9 msec : 2
36.0 msec : 0
36.1 msec : 1
36.2 msec : 0
36.3 msec : 0
36.4 msec : 0
36.5 msec : 0
36.6 msec : 0
36.7 msec : 1
36.8 msec : 0
36.9 msec : 0
