Middleware started...
Middleware shuts down...
Smaller resolution statistics are in a log file...
Final aggregates per worker:


Worker 24
Average throughput (ops/sec) = 134
Average response time (msec) = 1.0831864918032788
Average queue length = 0
Average wait time in queue (msec) = 0.11532118032786885
Average service time (msec) = 0.9040493442622951
Number of SET = 0
Number of GET = 134
Number of MULTI GET = 0


Worker 7
Average throughput (ops/sec) = 136
Average response time (msec) = 1.0662315901639345
Average queue length = 0
Average wait time in queue (msec) = 0.11108795081967213
Average service time (msec) = 0.8958556065573771
Number of SET = 0
Number of GET = 136
Number of MULTI GET = 0


Worker 25
Average throughput (ops/sec) = 132
Average response time (msec) = 1.082121573770492
Average queue length = 0
Average wait time in queue (msec) = 0.11694421311475409
Average service time (msec) = 0.9040324098360656
Number of SET = 0
Number of GET = 132
Number of MULTI GET = 0


Worker 6
Average throughput (ops/sec) = 134
Average response time (msec) = 1.0793380819672131
Average queue length = 0
Average wait time in queue (msec) = 0.10535268852459016
Average service time (msec) = 0.9123849836065574
Number of SET = 0
Number of GET = 134
Number of MULTI GET = 0


Worker 26
Average throughput (ops/sec) = 135
Average response time (msec) = 1.085054950819672
Average queue length = 0
Average wait time in queue (msec) = 0.11728811475409837
Average service time (msec) = 0.907826786885246
Number of SET = 0
Number of GET = 135
Number of MULTI GET = 0


Worker 9
Average throughput (ops/sec) = 135
Average response time (msec) = 1.073217475409836
Average queue length = 0
Average wait time in queue (msec) = 0.11142622950819672
Average service time (msec) = 0.900215180327869
Number of SET = 0
Number of GET = 135
Number of MULTI GET = 0


Worker 27
Average throughput (ops/sec) = 135
Average response time (msec) = 1.071055950819672
Average queue length = 0
Average wait time in queue (msec) = 0.11069790163934426
Average service time (msec) = 0.9018445737704918
Number of SET = 0
Number of GET = 135
Number of MULTI GET = 0


Worker 8
Average throughput (ops/sec) = 135
Average response time (msec) = 1.0773169344262294
Average queue length = 0
Average wait time in queue (msec) = 0.1089745081967213
Average service time (msec) = 0.9043649672131148
Number of SET = 0
Number of GET = 135
Number of MULTI GET = 0


Worker 20
Average throughput (ops/sec) = 134
Average response time (msec) = 1.0631914262295081
Average queue length = 0
Average wait time in queue (msec) = 0.10824354098360656
Average service time (msec) = 0.8915416885245901
Number of SET = 0
Number of GET = 134
Number of MULTI GET = 0


Worker 3
Average throughput (ops/sec) = 135
Average response time (msec) = 1.0820316721311474
Average queue length = 0
Average wait time in queue (msec) = 0.11055831147540983
Average service time (msec) = 0.9105389344262296
Number of SET = 0
Number of GET = 135
Number of MULTI GET = 0


Worker 21
Average throughput (ops/sec) = 134
Average response time (msec) = 1.060819344262295
Average queue length = 0
Average wait time in queue (msec) = 0.1086104262295082
Average service time (msec) = 0.8910028852459017
Number of SET = 0
Number of GET = 134
Number of MULTI GET = 0


Worker 2
Average throughput (ops/sec) = 134
Average response time (msec) = 1.0737922295081967
Average queue length = 0
Average wait time in queue (msec) = 0.11152860655737705
Average service time (msec) = 0.9036181803278689
Number of SET = 0
Number of GET = 134
Number of MULTI GET = 0


Worker 22
Average throughput (ops/sec) = 135
Average response time (msec) = 1.057811
Average queue length = 0
Average wait time in queue (msec) = 0.10658781967213116
Average service time (msec) = 0.8957833114754099
Number of SET = 0
Number of GET = 135
Number of MULTI GET = 0


Worker 5
Average throughput (ops/sec) = 134
Average response time (msec) = 1.0611580655737705
Average queue length = 0
Average wait time in queue (msec) = 0.10629603278688525
Average service time (msec) = 0.8984406885245901
Number of SET = 0
Number of GET = 134
Number of MULTI GET = 0


Worker 23
Average throughput (ops/sec) = 135
Average response time (msec) = 1.0640571967213115
Average queue length = 0
Average wait time in queue (msec) = 0.11155552459016393
Average service time (msec) = 0.8954629672131147
Number of SET = 0
Number of GET = 135
Number of MULTI GET = 0


Worker 4
Average throughput (ops/sec) = 135
Average response time (msec) = 1.0635416557377049
Average queue length = 0
Average wait time in queue (msec) = 0.10446788524590163
Average service time (msec) = 0.899250786885246
Number of SET = 0
Number of GET = 135
Number of MULTI GET = 0


Worker 28
Average throughput (ops/sec) = 135
Average response time (msec) = 1.0860364262295081
Average queue length = 0
Average wait time in queue (msec) = 0.11623845901639344
Average service time (msec) = 0.9060787049180328
Number of SET = 0
Number of GET = 135
Number of MULTI GET = 0


Worker 29
Average throughput (ops/sec) = 134
Average response time (msec) = 1.0706399016393442
Average queue length = 0
Average wait time in queue (msec) = 0.11561688524590163
Average service time (msec) = 0.895837475409836
Number of SET = 0
Number of GET = 134
Number of MULTI GET = 0


Worker 1
Average throughput (ops/sec) = 134
Average response time (msec) = 1.0749018688524592
Average queue length = 0
Average wait time in queue (msec) = 0.11177688524590164
Average service time (msec) = 0.9046481967213115
Number of SET = 0
Number of GET = 134
Number of MULTI GET = 0


Worker 30
Average throughput (ops/sec) = 133
Average response time (msec) = 1.06612568852459
Average queue length = 0
Average wait time in queue (msec) = 0.10915265573770491
Average service time (msec) = 0.8970473278688524
Number of SET = 0
Number of GET = 133
Number of MULTI GET = 0


Worker 13
Average throughput (ops/sec) = 133
Average response time (msec) = 1.060722524590164
Average queue length = 0
Average wait time in queue (msec) = 0.10702814754098361
Average service time (msec) = 0.8937519508196721
Number of SET = 0
Number of GET = 133
Number of MULTI GET = 0


Worker 14
Average throughput (ops/sec) = 134
Average response time (msec) = 1.057435573770492
Average queue length = 0
Average wait time in queue (msec) = 0.10774395081967213
Average service time (msec) = 0.8927367704918033
Number of SET = 0
Number of GET = 134
Number of MULTI GET = 0


Worker 15
Average throughput (ops/sec) = 136
Average response time (msec) = 1.0553990655737706
Average queue length = 0
Average wait time in queue (msec) = 0.10852944262295082
Average service time (msec) = 0.8863343770491803
Number of SET = 0
Number of GET = 136
Number of MULTI GET = 0


Worker 16
Average throughput (ops/sec) = 134
Average response time (msec) = 1.0739960819672132
Average queue length = 0
Average wait time in queue (msec) = 0.11243670491803279
Average service time (msec) = 0.896811786885246
Number of SET = 0
Number of GET = 134
Number of MULTI GET = 0


Worker 31
Average throughput (ops/sec) = 136
Average response time (msec) = 1.0658896557377049
Average queue length = 0
Average wait time in queue (msec) = 0.1122437213114754
Average service time (msec) = 0.8962264426229508
Number of SET = 0
Number of GET = 136
Number of MULTI GET = 0


Worker 32
Average throughput (ops/sec) = 135
Average response time (msec) = 1.0763102459016394
Average queue length = 0
Average wait time in queue (msec) = 0.11341091803278688
Average service time (msec) = 0.8965220655737705
Number of SET = 0
Number of GET = 135
Number of MULTI GET = 0


Worker 10
Average throughput (ops/sec) = 134
Average response time (msec) = 1.0559215245901639
Average queue length = 0
Average wait time in queue (msec) = 0.10032744262295082
Average service time (msec) = 0.898234262295082
Number of SET = 0
Number of GET = 134
Number of MULTI GET = 0


Worker 11
Average throughput (ops/sec) = 136
Average response time (msec) = 1.0837097213114755
Average queue length = 0
Average wait time in queue (msec) = 0.11306577049180329
Average service time (msec) = 0.9096405901639344
Number of SET = 0
Number of GET = 136
Number of MULTI GET = 0


Worker 12
Average throughput (ops/sec) = 134
Average response time (msec) = 1.0729324918032788
Average queue length = 0
Average wait time in queue (msec) = 0.11410477049180329
Average service time (msec) = 0.8982971475409837
Number of SET = 0
Number of GET = 134
Number of MULTI GET = 0


Worker 17
Average throughput (ops/sec) = 135
Average response time (msec) = 1.0707768032786886
Average queue length = 0
Average wait time in queue (msec) = 0.12014055737704918
Average service time (msec) = 0.891354393442623
Number of SET = 0
Number of GET = 135
Number of MULTI GET = 0


Worker 18
Average throughput (ops/sec) = 136
Average response time (msec) = 1.0598980327868852
Average queue length = 0
Average wait time in queue (msec) = 0.105975131147541
Average service time (msec) = 0.8957271803278689
Number of SET = 0
Number of GET = 136
Number of MULTI GET = 0


Worker 19
Average throughput (ops/sec) = 136
Average response time (msec) = 1.0660849180327867
Average queue length = 0
Average wait time in queue (msec) = 0.1049727868852459
Average service time (msec) = 0.9022448852459016
Number of SET = 0
Number of GET = 136
Number of MULTI GET = 0


FINAL STATS
Average throughput (ops/sec) = 4307
Average response time (msec) = 1.0539437838555497
Average queue length = 0
Average wait time in queue (msec) = 0.11055328637295082
Average service time (msec) = 0.8993033391393442
Number of SET = 0
Number of GET = 4307
Number of MULTI GET = 0
Number of Cache misses = 179722


Histogram response times (0.1 msec step)
0.0 msec : 930
0.1 msec : 15369
0.2 msec : 40694
0.3 msec : 52648
0.4 msec : 47642
0.5 msec : 34126
0.6 msec : 22421
0.7 msec : 13659
0.8 msec : 9109
0.9 msec : 5880
1.0 msec : 3938
1.1 msec : 2902
1.2 msec : 2094
1.3 msec : 1480
1.4 msec : 1094
1.5 msec : 783
1.6 msec : 711
1.7 msec : 659
1.8 msec : 518
1.9 msec : 415
2.0 msec : 340
2.1 msec : 322
2.2 msec : 255
2.3 msec : 212
2.4 msec : 198
2.5 msec : 203
2.6 msec : 193
2.7 msec : 199
2.8 msec : 152
2.9 msec : 172
3.0 msec : 154
3.1 msec : 158
3.2 msec : 139
3.3 msec : 125
3.4 msec : 140
3.5 msec : 137
3.6 msec : 122
3.7 msec : 142
3.8 msec : 144
3.9 msec : 99
4.0 msec : 137
4.1 msec : 111
4.2 msec : 124
4.3 msec : 120
4.4 msec : 105
4.5 msec : 73
4.6 msec : 75
4.7 msec : 46
4.8 msec : 68
4.9 msec : 69
5.0 msec : 60
5.1 msec : 49
5.2 msec : 61
5.3 msec : 96
5.4 msec : 120
5.5 msec : 142
5.6 msec : 111
5.7 msec : 118
5.8 msec : 127
5.9 msec : 105
6.0 msec : 107
6.1 msec : 104
6.2 msec : 81
6.3 msec : 49
6.4 msec : 32
6.5 msec : 36
6.6 msec : 32
6.7 msec : 36
6.8 msec : 42
6.9 msec : 20
7.0 msec : 18
7.1 msec : 18
7.2 msec : 21
7.3 msec : 21
7.4 msec : 14
7.5 msec : 24
7.6 msec : 20
7.7 msec : 15
7.8 msec : 18
7.9 msec : 11
8.0 msec : 21
8.1 msec : 24
8.2 msec : 3
8.3 msec : 14
8.4 msec : 9
8.5 msec : 3
8.6 msec : 4
8.7 msec : 16
8.8 msec : 12
8.9 msec : 18
9.0 msec : 8
9.1 msec : 4
9.2 msec : 17
9.3 msec : 9
9.4 msec : 6
9.5 msec : 4
9.6 msec : 3
9.7 msec : 6
9.8 msec : 4
9.9 msec : 6
10.0 msec : 7
10.1 msec : 2
10.2 msec : 9
10.3 msec : 7
10.4 msec : 2
10.5 msec : 5
10.6 msec : 1
10.7 msec : 2
10.8 msec : 1
10.9 msec : 0
11.0 msec : 0
11.1 msec : 4
11.2 msec : 2
11.3 msec : 1
11.4 msec : 0
11.5 msec : 0
11.6 msec : 0
11.7 msec : 1
11.8 msec : 1
11.9 msec : 1
12.0 msec : 1
12.1 msec : 0
12.2 msec : 0
12.3 msec : 1
12.4 msec : 2
12.5 msec : 1
12.6 msec : 1
12.7 msec : 5
12.8 msec : 0
12.9 msec : 1
13.0 msec : 2
13.1 msec : 1
13.2 msec : 1
13.3 msec : 2
13.4 msec : 0
13.5 msec : 0
13.6 msec : 0
13.7 msec : 0
13.8 msec : 1
13.9 msec : 0
14.0 msec : 0
14.1 msec : 0
14.2 msec : 0
14.3 msec : 0
14.4 msec : 0
14.5 msec : 0
14.6 msec : 0
14.7 msec : 0
14.8 msec : 0
14.9 msec : 0
15.0 msec : 0
15.1 msec : 0
15.2 msec : 0
15.3 msec : 0
15.4 msec : 3
15.5 msec : 4
15.6 msec : 2
15.7 msec : 0
15.8 msec : 1
15.9 msec : 0
16.0 msec : 1
16.1 msec : 0
16.2 msec : 0
16.3 msec : 1
16.4 msec : 0
16.5 msec : 2
16.6 msec : 2
16.7 msec : 5
16.8 msec : 2
16.9 msec : 0
17.0 msec : 3
17.1 msec : 0
17.2 msec : 1
17.3 msec : 1
17.4 msec : 0
17.5 msec : 0
17.6 msec : 0
17.7 msec : 1
17.8 msec : 0
17.9 msec : 0
18.0 msec : 0
18.1 msec : 0
18.2 msec : 0
18.3 msec : 0
18.4 msec : 0
18.5 msec : 0
18.6 msec : 1
18.7 msec : 0
18.8 msec : 0
18.9 msec : 0
19.0 msec : 0
19.1 msec : 0
19.2 msec : 0
19.3 msec : 0
19.4 msec : 0
19.5 msec : 0
19.6 msec : 0
19.7 msec : 0
19.8 msec : 0
19.9 msec : 0
20.0 msec : 0
20.1 msec : 0
20.2 msec : 1
20.3 msec : 0
20.4 msec : 0
20.5 msec : 0
20.6 msec : 0
20.7 msec : 0
20.8 msec : 0
20.9 msec : 0
21.0 msec : 2
21.1 msec : 2
21.2 msec : 0
21.3 msec : 0
21.4 msec : 0
21.5 msec : 0
21.6 msec : 0
21.7 msec : 0
21.8 msec : 0
21.9 msec : 0
22.0 msec : 0
22.1 msec : 0
22.2 msec : 0
22.3 msec : 0
22.4 msec : 0
22.5 msec : 1
22.6 msec : 0
22.7 msec : 0
22.8 msec : 0
22.9 msec : 0
23.0 msec : 0
23.1 msec : 0
23.2 msec : 0
23.3 msec : 0
23.4 msec : 0
23.5 msec : 0
23.6 msec : 0
23.7 msec : 0
23.8 msec : 0
23.9 msec : 2
24.0 msec : 0
24.1 msec : 0
24.2 msec : 0
24.3 msec : 0
24.4 msec : 0
24.5 msec : 1
24.6 msec : 0
24.7 msec : 0
24.8 msec : 0
24.9 msec : 0
25.0 msec : 0
25.1 msec : 0
25.2 msec : 0
25.3 msec : 0
25.4 msec : 0
25.5 msec : 0
25.6 msec : 0
25.7 msec : 0
25.8 msec : 0
25.9 msec : 0
26.0 msec : 0
26.1 msec : 0
26.2 msec : 0
26.3 msec : 0
26.4 msec : 0
26.5 msec : 0
26.6 msec : 0
26.7 msec : 0
26.8 msec : 0
26.9 msec : 0
27.0 msec : 0
27.1 msec : 0
27.2 msec : 0
27.3 msec : 0
27.4 msec : 0
27.5 msec : 0
27.6 msec : 0
27.7 msec : 0
27.8 msec : 0
27.9 msec : 0
28.0 msec : 0
28.1 msec : 0
28.2 msec : 0
28.3 msec : 0
28.4 msec : 1
28.5 msec : 1
28.6 msec : 1
28.7 msec : 1
28.8 msec : 1
28.9 msec : 0
29.0 msec : 1
29.1 msec : 0
29.2 msec : 0
29.3 msec : 0
29.4 msec : 0
29.5 msec : 0
29.6 msec : 0
29.7 msec : 0
29.8 msec : 0
29.9 msec : 0
30.0 msec : 0
30.1 msec : 0
30.2 msec : 0
30.3 msec : 0
30.4 msec : 0
30.5 msec : 0
30.6 msec : 0
30.7 msec : 0
30.8 msec : 0
30.9 msec : 0
31.0 msec : 0
31.1 msec : 0
31.2 msec : 0
31.3 msec : 0
31.4 msec : 0
31.5 msec : 0
31.6 msec : 0
31.7 msec : 0
31.8 msec : 0
31.9 msec : 0
32.0 msec : 0
32.1 msec : 0
32.2 msec : 0
32.3 msec : 0
32.4 msec : 0
32.5 msec : 0
32.6 msec : 0
32.7 msec : 0
32.8 msec : 0
32.9 msec : 0
33.0 msec : 0
33.1 msec : 0
33.2 msec : 0
33.3 msec : 0
33.4 msec : 0
33.5 msec : 0
33.6 msec : 0
33.7 msec : 0
33.8 msec : 0
33.9 msec : 0
34.0 msec : 0
34.1 msec : 0
34.2 msec : 0
34.3 msec : 0
34.4 msec : 0
34.5 msec : 0
34.6 msec : 0
34.7 msec : 0
34.8 msec : 0
34.9 msec : 0
35.0 msec : 0
35.1 msec : 0
35.2 msec : 0
35.3 msec : 0
35.4 msec : 0
35.5 msec : 0
35.6 msec : 0
35.7 msec : 2
35.8 msec : 2
35.9 msec : 0
36.0 msec : 0
36.1 msec : 0
36.2 msec : 0
36.3 msec : 0
36.4 msec : 0
36.5 msec : 0
36.6 msec : 0
36.7 msec : 0
