Middleware started...
Middleware shuts down...
Smaller resolution statistics are in a log file...
Final aggregates per worker:


Worker 24
Average throughput (ops/sec) = 120
Average response time (msec) = 2.7143971666666666
Average queue length = 3
Average wait time in queue (msec) = 0.49588283333333333
Average service time (msec) = 1.8166445
Number of SET = 120
Number of GET = 0
Number of MULTI GET = 0


Worker 7
Average throughput (ops/sec) = 125
Average response time (msec) = 2.8230925
Average queue length = 0
Average wait time in queue (msec) = 0.4573673333333333
Average service time (msec) = 1.9512365
Number of SET = 125
Number of GET = 0
Number of MULTI GET = 0


Worker 25
Average throughput (ops/sec) = 120
Average response time (msec) = 2.6767806666666667
Average queue length = 0
Average wait time in queue (msec) = 0.4940658333333333
Average service time (msec) = 1.8337445
Number of SET = 120
Number of GET = 0
Number of MULTI GET = 0


Worker 6
Average throughput (ops/sec) = 117
Average response time (msec) = 3.0394936666666665
Average queue length = 2
Average wait time in queue (msec) = 0.2990656666666667
Average service time (msec) = 2.270161
Number of SET = 117
Number of GET = 0
Number of MULTI GET = 0


Worker 26
Average throughput (ops/sec) = 121
Average response time (msec) = 2.8397956666666664
Average queue length = 2
Average wait time in queue (msec) = 0.46053516666666666
Average service time (msec) = 1.9749576666666668
Number of SET = 121
Number of GET = 0
Number of MULTI GET = 0


Worker 9
Average throughput (ops/sec) = 122
Average response time (msec) = 2.8035326666666665
Average queue length = 5
Average wait time in queue (msec) = 0.3442826666666667
Average service time (msec) = 2.1048078333333335
Number of SET = 122
Number of GET = 0
Number of MULTI GET = 0


Worker 27
Average throughput (ops/sec) = 127
Average response time (msec) = 2.488262
Average queue length = 1
Average wait time in queue (msec) = 0.5186546666666667
Average service time (msec) = 1.6107168333333333
Number of SET = 127
Number of GET = 0
Number of MULTI GET = 0


Worker 8
Average throughput (ops/sec) = 118
Average response time (msec) = 3.1171203333333333
Average queue length = 3
Average wait time in queue (msec) = 0.339205
Average service time (msec) = 2.3405541666666667
Number of SET = 118
Number of GET = 0
Number of MULTI GET = 0


Worker 20
Average throughput (ops/sec) = 119
Average response time (msec) = 2.5617303333333337
Average queue length = 5
Average wait time in queue (msec) = 0.3359018333333333
Average service time (msec) = 1.7354986666666667
Number of SET = 119
Number of GET = 0
Number of MULTI GET = 0


Worker 3
Average throughput (ops/sec) = 119
Average response time (msec) = 2.4201378333333334
Average queue length = 3
Average wait time in queue (msec) = 0.3964241666666667
Average service time (msec) = 1.7244131666666667
Number of SET = 119
Number of GET = 0
Number of MULTI GET = 0


Worker 21
Average throughput (ops/sec) = 124
Average response time (msec) = 2.4713473333333336
Average queue length = 4
Average wait time in queue (msec) = 0.26746
Average service time (msec) = 1.6891686666666668
Number of SET = 124
Number of GET = 0
Number of MULTI GET = 0


Worker 2
Average throughput (ops/sec) = 123
Average response time (msec) = 2.6445913333333335
Average queue length = 1
Average wait time in queue (msec) = 0.3885381666666667
Average service time (msec) = 1.9321243333333333
Number of SET = 123
Number of GET = 0
Number of MULTI GET = 0


Worker 22
Average throughput (ops/sec) = 125
Average response time (msec) = 2.7227946666666667
Average queue length = 1
Average wait time in queue (msec) = 0.42348816666666667
Average service time (msec) = 1.8178515
Number of SET = 125
Number of GET = 0
Number of MULTI GET = 0


Worker 5
Average throughput (ops/sec) = 120
Average response time (msec) = 2.6080245
Average queue length = 3
Average wait time in queue (msec) = 0.37738
Average service time (msec) = 1.7196736666666668
Number of SET = 120
Number of GET = 0
Number of MULTI GET = 0


Worker 23
Average throughput (ops/sec) = 121
Average response time (msec) = 2.8414401666666667
Average queue length = 1
Average wait time in queue (msec) = 0.5682875
Average service time (msec) = 1.9631356666666668
Number of SET = 121
Number of GET = 0
Number of MULTI GET = 0


Worker 4
Average throughput (ops/sec) = 125
Average response time (msec) = 2.7652323333333335
Average queue length = 4
Average wait time in queue (msec) = 0.3579093333333333
Average service time (msec) = 1.965155
Number of SET = 125
Number of GET = 0
Number of MULTI GET = 0


Worker 28
Average throughput (ops/sec) = 124
Average response time (msec) = 2.6539393333333336
Average queue length = 2
Average wait time in queue (msec) = 0.3137905
Average service time (msec) = 1.9282003333333333
Number of SET = 124
Number of GET = 0
Number of MULTI GET = 0


Worker 29
Average throughput (ops/sec) = 125
Average response time (msec) = 2.5994596666666667
Average queue length = 1
Average wait time in queue (msec) = 0.338071
Average service time (msec) = 1.8741085
Number of SET = 125
Number of GET = 0
Number of MULTI GET = 0


Worker 1
Average throughput (ops/sec) = 124
Average response time (msec) = 2.9780153333333335
Average queue length = 3
Average wait time in queue (msec) = 0.2675801666666667
Average service time (msec) = 2.138655
Number of SET = 124
Number of GET = 0
Number of MULTI GET = 0


Worker 30
Average throughput (ops/sec) = 126
Average response time (msec) = 2.6971246666666664
Average queue length = 3
Average wait time in queue (msec) = 0.3144453333333333
Average service time (msec) = 1.8767001666666667
Number of SET = 127
Number of GET = 0
Number of MULTI GET = 0


Worker 13
Average throughput (ops/sec) = 125
Average response time (msec) = 2.5811905
Average queue length = 5
Average wait time in queue (msec) = 0.36135033333333333
Average service time (msec) = 1.8681198333333333
Number of SET = 125
Number of GET = 0
Number of MULTI GET = 0


Worker 14
Average throughput (ops/sec) = 120
Average response time (msec) = 2.9527455
Average queue length = 4
Average wait time in queue (msec) = 0.4453806666666667
Average service time (msec) = 2.0560346666666667
Number of SET = 120
Number of GET = 0
Number of MULTI GET = 0


Worker 15
Average throughput (ops/sec) = 121
Average response time (msec) = 2.6518168333333336
Average queue length = 3
Average wait time in queue (msec) = 0.3499653333333333
Average service time (msec) = 1.8967186666666667
Number of SET = 121
Number of GET = 0
Number of MULTI GET = 0


Worker 16
Average throughput (ops/sec) = 122
Average response time (msec) = 2.6752521666666667
Average queue length = 6
Average wait time in queue (msec) = 0.3988905
Average service time (msec) = 1.8383701666666667
Number of SET = 122
Number of GET = 0
Number of MULTI GET = 0


Worker 31
Average throughput (ops/sec) = 120
Average response time (msec) = 3.061273
Average queue length = 1
Average wait time in queue (msec) = 0.331081
Average service time (msec) = 2.2344395
Number of SET = 120
Number of GET = 0
Number of MULTI GET = 0


Worker 32
Average throughput (ops/sec) = 121
Average response time (msec) = 2.8407916666666666
Average queue length = 3
Average wait time in queue (msec) = 0.5062363333333333
Average service time (msec) = 1.829545
Number of SET = 121
Number of GET = 0
Number of MULTI GET = 0


Worker 10
Average throughput (ops/sec) = 126
Average response time (msec) = 2.8932845
Average queue length = 3
Average wait time in queue (msec) = 0.3848595
Average service time (msec) = 2.1645235
Number of SET = 126
Number of GET = 0
Number of MULTI GET = 0


Worker 11
Average throughput (ops/sec) = 126
Average response time (msec) = 2.5536628333333335
Average queue length = 4
Average wait time in queue (msec) = 0.3288786666666667
Average service time (msec) = 1.8295153333333332
Number of SET = 126
Number of GET = 0
Number of MULTI GET = 0


Worker 12
Average throughput (ops/sec) = 126
Average response time (msec) = 2.5361056666666664
Average queue length = 3
Average wait time in queue (msec) = 0.315144
Average service time (msec) = 1.814192
Number of SET = 126
Number of GET = 0
Number of MULTI GET = 0


Worker 17
Average throughput (ops/sec) = 119
Average response time (msec) = 3.2703078333333333
Average queue length = 1
Average wait time in queue (msec) = 0.4038331666666667
Average service time (msec) = 2.2300663333333337
Number of SET = 119
Number of GET = 0
Number of MULTI GET = 0


Worker 18
Average throughput (ops/sec) = 124
Average response time (msec) = 2.4912415
Average queue length = 2
Average wait time in queue (msec) = 0.2928803333333333
Average service time (msec) = 1.8450391666666668
Number of SET = 124
Number of GET = 0
Number of MULTI GET = 0


Worker 19
Average throughput (ops/sec) = 130
Average response time (msec) = 2.4083843333333337
Average queue length = 6
Average wait time in queue (msec) = 0.295928
Average service time (msec) = 1.7448553333333332
Number of SET = 130
Number of GET = 0
Number of MULTI GET = 0


FINAL STATS
Average throughput (ops/sec) = 3925
Average response time (msec) = 2.360405334851552
Average queue length = 2
Average wait time in queue (msec) = 0.3803988489583333
Average service time (msec) = 1.9255914739583333
Number of SET = 122
Number of GET = 0
Number of MULTI GET = 0
Number of Cache misses = 0


Histogram response times (0.1 msec step)
0.0 msec : 40
0.1 msec : 226
0.2 msec : 722
0.3 msec : 1226
0.4 msec : 1640
0.5 msec : 1709
0.6 msec : 1678
0.7 msec : 1653
0.8 msec : 1538
0.9 msec : 1371
1.0 msec : 1175
1.1 msec : 972
1.2 msec : 870
1.3 msec : 808
1.4 msec : 667
1.5 msec : 624
1.6 msec : 521
1.7 msec : 451
1.8 msec : 383
1.9 msec : 346
2.0 msec : 304
2.1 msec : 266
2.2 msec : 251
2.3 msec : 199
2.4 msec : 198
2.5 msec : 160
2.6 msec : 144
2.7 msec : 130
2.8 msec : 141
2.9 msec : 121
3.0 msec : 104
3.1 msec : 100
3.2 msec : 107
3.3 msec : 93
3.4 msec : 105
3.5 msec : 115
3.6 msec : 108
3.7 msec : 112
3.8 msec : 104
3.9 msec : 112
4.0 msec : 89
4.1 msec : 100
4.2 msec : 101
4.3 msec : 91
4.4 msec : 90
4.5 msec : 60
4.6 msec : 86
4.7 msec : 75
4.8 msec : 74
4.9 msec : 56
5.0 msec : 65
5.1 msec : 43
5.2 msec : 46
5.3 msec : 56
5.4 msec : 51
5.5 msec : 38
5.6 msec : 32
5.7 msec : 37
5.8 msec : 43
5.9 msec : 32
6.0 msec : 30
6.1 msec : 28
6.2 msec : 24
6.3 msec : 27
6.4 msec : 26
6.5 msec : 24
6.6 msec : 25
6.7 msec : 29
6.8 msec : 20
6.9 msec : 14
7.0 msec : 13
7.1 msec : 16
7.2 msec : 19
7.3 msec : 18
7.4 msec : 12
7.5 msec : 16
7.6 msec : 14
7.7 msec : 8
7.8 msec : 8
7.9 msec : 16
8.0 msec : 9
8.1 msec : 17
8.2 msec : 12
8.3 msec : 6
8.4 msec : 13
8.5 msec : 10
8.6 msec : 9
8.7 msec : 13
8.8 msec : 4
8.9 msec : 6
9.0 msec : 4
9.1 msec : 4
9.2 msec : 3
9.3 msec : 5
9.4 msec : 6
9.5 msec : 4
9.6 msec : 6
9.7 msec : 4
9.8 msec : 3
9.9 msec : 3
10.0 msec : 6
10.1 msec : 5
10.2 msec : 5
10.3 msec : 4
10.4 msec : 6
10.5 msec : 8
10.6 msec : 4
10.7 msec : 4
10.8 msec : 4
10.9 msec : 2
11.0 msec : 7
11.1 msec : 4
11.2 msec : 7
11.3 msec : 5
11.4 msec : 4
11.5 msec : 3
11.6 msec : 7
11.7 msec : 5
11.8 msec : 7
11.9 msec : 7
12.0 msec : 6
12.1 msec : 2
12.2 msec : 8
12.3 msec : 4
12.4 msec : 3
12.5 msec : 3
12.6 msec : 4
12.7 msec : 1
12.8 msec : 3
12.9 msec : 1
13.0 msec : 3
13.1 msec : 0
13.2 msec : 2
13.3 msec : 4
13.4 msec : 0
13.5 msec : 2
13.6 msec : 2
13.7 msec : 2
13.8 msec : 2
13.9 msec : 4
14.0 msec : 3
14.1 msec : 2
14.2 msec : 4
14.3 msec : 0
14.4 msec : 2
14.5 msec : 1
14.6 msec : 1
14.7 msec : 2
14.8 msec : 3
14.9 msec : 0
15.0 msec : 3
15.1 msec : 1
15.2 msec : 2
15.3 msec : 2
15.4 msec : 1
15.5 msec : 1
15.6 msec : 3
15.7 msec : 3
15.8 msec : 1
15.9 msec : 1
16.0 msec : 1
16.1 msec : 2
16.2 msec : 3
16.3 msec : 1
16.4 msec : 1
16.5 msec : 0
16.6 msec : 1
16.7 msec : 1
16.8 msec : 1
16.9 msec : 2
17.0 msec : 1
17.1 msec : 0
17.2 msec : 2
17.3 msec : 3
17.4 msec : 0
17.5 msec : 1
17.6 msec : 0
17.7 msec : 1
17.8 msec : 0
17.9 msec : 0
18.0 msec : 0
18.1 msec : 1
18.2 msec : 1
18.3 msec : 0
18.4 msec : 0
18.5 msec : 0
18.6 msec : 2
18.7 msec : 0
18.8 msec : 1
18.9 msec : 1
19.0 msec : 1
19.1 msec : 0
19.2 msec : 2
19.3 msec : 0
19.4 msec : 2
19.5 msec : 0
19.6 msec : 2
19.7 msec : 0
19.8 msec : 1
19.9 msec : 1
20.0 msec : 2
20.1 msec : 0
20.2 msec : 1
20.3 msec : 1
20.4 msec : 1
20.5 msec : 2
20.6 msec : 0
20.7 msec : 1
20.8 msec : 1
20.9 msec : 0
21.0 msec : 0
21.1 msec : 0
21.2 msec : 0
21.3 msec : 0
21.4 msec : 0
21.5 msec : 0
21.6 msec : 0
21.7 msec : 0
21.8 msec : 0
21.9 msec : 0
22.0 msec : 1
22.1 msec : 1
22.2 msec : 1
22.3 msec : 1
22.4 msec : 0
22.5 msec : 1
22.6 msec : 1
22.7 msec : 0
22.8 msec : 1
22.9 msec : 0
23.0 msec : 2
23.1 msec : 1
23.2 msec : 1
23.3 msec : 0
23.4 msec : 1
23.5 msec : 0
23.6 msec : 0
23.7 msec : 0
23.8 msec : 0
23.9 msec : 0
24.0 msec : 0
24.1 msec : 1
24.2 msec : 1
24.3 msec : 1
24.4 msec : 1
24.5 msec : 1
24.6 msec : 1
24.7 msec : 0
24.8 msec : 0
24.9 msec : 0
25.0 msec : 0
25.1 msec : 0
25.2 msec : 0
25.3 msec : 0
25.4 msec : 0
25.5 msec : 1
25.6 msec : 0
25.7 msec : 0
25.8 msec : 0
25.9 msec : 0
26.0 msec : 0
26.1 msec : 0
26.2 msec : 0
26.3 msec : 0
26.4 msec : 0
26.5 msec : 0
26.6 msec : 0
26.7 msec : 0
26.8 msec : 1
26.9 msec : 0
27.0 msec : 0
27.1 msec : 0
27.2 msec : 0
27.3 msec : 1
27.4 msec : 0
27.5 msec : 0
27.6 msec : 0
27.7 msec : 0
27.8 msec : 0
27.9 msec : 0
28.0 msec : 0
28.1 msec : 0
28.2 msec : 0
28.3 msec : 0
28.4 msec : 0
28.5 msec : 0
28.6 msec : 1
28.7 msec : 0
28.8 msec : 1
28.9 msec : 0
29.0 msec : 0
29.1 msec : 1
29.2 msec : 0
29.3 msec : 1
29.4 msec : 0
29.5 msec : 0
29.6 msec : 0
29.7 msec : 0
29.8 msec : 1
29.9 msec : 0
30.0 msec : 0
30.1 msec : 0
30.2 msec : 0
30.3 msec : 1
30.4 msec : 0
30.5 msec : 0
30.6 msec : 0
30.7 msec : 0
30.8 msec : 0
30.9 msec : 0
31.0 msec : 0
31.1 msec : 0
31.2 msec : 0
31.3 msec : 0
31.4 msec : 0
31.5 msec : 0
31.6 msec : 0
31.7 msec : 0
31.8 msec : 1
31.9 msec : 0
32.0 msec : 0
32.1 msec : 0
32.2 msec : 0
32.3 msec : 0
32.4 msec : 0
32.5 msec : 1
32.6 msec : 0
32.7 msec : 0
32.8 msec : 0
32.9 msec : 2
33.0 msec : 0
33.1 msec : 0
33.2 msec : 0
33.3 msec : 0
33.4 msec : 0
33.5 msec : 0
33.6 msec : 0
33.7 msec : 1
33.8 msec : 0
33.9 msec : 0
34.0 msec : 0
34.1 msec : 0
34.2 msec : 0
34.3 msec : 0
34.4 msec : 1
34.5 msec : 0
34.6 msec : 0
34.7 msec : 0
34.8 msec : 0
34.9 msec : 0
35.0 msec : 0
35.1 msec : 0
35.2 msec : 0
35.3 msec : 0
35.4 msec : 0
35.5 msec : 0
35.6 msec : 1
35.7 msec : 0
35.8 msec : 3
35.9 msec : 1
36.0 msec : 0
36.1 msec : 3
36.2 msec : 1
36.3 msec : 0
36.4 msec : 1
36.5 msec : 0
36.6 msec : 0
36.7 msec : 0
36.8 msec : 0
36.9 msec : 0
37.0 msec : 0
37.1 msec : 0
37.2 msec : 0
37.3 msec : 0
37.4 msec : 1
37.5 msec : 0
37.6 msec : 0
37.7 msec : 0
37.8 msec : 0
37.9 msec : 0
38.0 msec : 0
38.1 msec : 0
38.2 msec : 0
38.3 msec : 0
38.4 msec : 0
38.5 msec : 0
38.6 msec : 0
38.7 msec : 0
38.8 msec : 0
38.9 msec : 0
39.0 msec : 0
39.1 msec : 0
39.2 msec : 0
39.3 msec : 0
39.4 msec : 0
39.5 msec : 0
39.6 msec : 0
39.7 msec : 0
39.8 msec : 0
39.9 msec : 0
40.0 msec : 0
40.1 msec : 0
40.2 msec : 0
40.3 msec : 0
40.4 msec : 0
40.5 msec : 0
40.6 msec : 0
40.7 msec : 0
40.8 msec : 0
40.9 msec : 0
41.0 msec : 0
41.1 msec : 0
41.2 msec : 0
41.3 msec : 0
41.4 msec : 0
41.5 msec : 0
41.6 msec : 1
41.7 msec : 1
41.8 msec : 0
41.9 msec : 0
42.0 msec : 0
42.1 msec : 1
42.2 msec : 2
42.3 msec : 1
42.4 msec : 0
42.5 msec : 2
42.6 msec : 0
42.7 msec : 2
42.8 msec : 0
42.9 msec : 0
43.0 msec : 0
43.1 msec : 0
43.2 msec : 0
43.3 msec : 1
43.4 msec : 3
43.5 msec : 0
43.6 msec : 0
43.7 msec : 0
43.8 msec : 0
43.9 msec : 0
44.0 msec : 0
44.1 msec : 0
44.2 msec : 0
44.3 msec : 0
44.4 msec : 0
44.5 msec : 0
44.6 msec : 0
44.7 msec : 0
44.8 msec : 0
44.9 msec : 0
45.0 msec : 0
45.1 msec : 0
45.2 msec : 0
45.3 msec : 0
45.4 msec : 0
45.5 msec : 0
45.6 msec : 0
45.7 msec : 0
45.8 msec : 0
45.9 msec : 0
46.0 msec : 0
46.1 msec : 0
46.2 msec : 0
46.3 msec : 0
46.4 msec : 0
46.5 msec : 0
46.6 msec : 0
46.7 msec : 0
46.8 msec : 0
46.9 msec : 0
47.0 msec : 0
47.1 msec : 0
47.2 msec : 0
47.3 msec : 0
47.4 msec : 0
47.5 msec : 0
47.6 msec : 0
47.7 msec : 0
47.8 msec : 0
47.9 msec : 0
48.0 msec : 0
48.1 msec : 0
48.2 msec : 3
48.3 msec : 0
48.4 msec : 1
48.5 msec : 0
48.6 msec : 0
48.7 msec : 1
48.8 msec : 0
48.9 msec : 0
49.0 msec : 0
49.1 msec : 0
49.2 msec : 0
49.3 msec : 0
49.4 msec : 0
49.5 msec : 0
49.6 msec : 0
49.7 msec : 0
49.8 msec : 0
49.9 msec : 0
50.0 msec : 0
50.1 msec : 0
50.2 msec : 0
50.3 msec : 0
50.4 msec : 0
50.5 msec : 0
50.6 msec : 0
50.7 msec : 0
50.8 msec : 0
50.9 msec : 0
51.0 msec : 0
51.1 msec : 0
51.2 msec : 0
51.3 msec : 0
51.4 msec : 0
51.5 msec : 0
51.6 msec : 0
51.7 msec : 0
51.8 msec : 0
51.9 msec : 0
52.0 msec : 1
52.1 msec : 0
52.2 msec : 0
52.3 msec : 0
52.4 msec : 0
52.5 msec : 0
52.6 msec : 0
52.7 msec : 0
52.8 msec : 0
52.9 msec : 0
53.0 msec : 0
53.1 msec : 0
53.2 msec : 0
53.3 msec : 0
53.4 msec : 0
53.5 msec : 0
53.6 msec : 0
53.7 msec : 0
53.8 msec : 0
53.9 msec : 0
54.0 msec : 1
54.1 msec : 1
54.2 msec : 0
54.3 msec : 0
54.4 msec : 0
54.5 msec : 0
54.6 msec : 0
54.7 msec : 0
54.8 msec : 0
54.9 msec : 0
55.0 msec : 0
55.1 msec : 0
55.2 msec : 0
55.3 msec : 0
55.4 msec : 0
55.5 msec : 0
55.6 msec : 0
55.7 msec : 0
55.8 msec : 0
55.9 msec : 0
56.0 msec : 0
56.1 msec : 0
56.2 msec : 0
56.3 msec : 0
56.4 msec : 0
56.5 msec : 0
56.6 msec : 0
56.7 msec : 0
56.8 msec : 0
56.9 msec : 0
57.0 msec : 0
57.1 msec : 0
57.2 msec : 0
57.3 msec : 0
57.4 msec : 0
57.5 msec : 0
57.6 msec : 0
57.7 msec : 0
57.8 msec : 0
57.9 msec : 0
58.0 msec : 0
58.1 msec : 0
58.2 msec : 0
58.3 msec : 0
58.4 msec : 0
58.5 msec : 0
58.6 msec : 0
58.7 msec : 0
58.8 msec : 0
58.9 msec : 0
59.0 msec : 0
59.1 msec : 0
59.2 msec : 0
59.3 msec : 0
59.4 msec : 0
59.5 msec : 0
59.6 msec : 0
59.7 msec : 0
59.8 msec : 0
59.9 msec : 0
60.0 msec : 0
60.1 msec : 0
60.2 msec : 0
60.3 msec : 0
60.4 msec : 0
60.5 msec : 0
60.6 msec : 0
60.7 msec : 0
60.8 msec : 0
60.9 msec : 0
61.0 msec : 0
61.1 msec : 0
61.2 msec : 0
61.3 msec : 0
61.4 msec : 0
61.5 msec : 0
61.6 msec : 0
61.7 msec : 0
61.8 msec : 0
61.9 msec : 0
62.0 msec : 0
62.1 msec : 0
62.2 msec : 0
62.3 msec : 0
62.4 msec : 0
62.5 msec : 0
62.6 msec : 0
62.7 msec : 0
62.8 msec : 0
62.9 msec : 0
63.0 msec : 0
63.1 msec : 0
63.2 msec : 0
63.3 msec : 0
63.4 msec : 0
63.5 msec : 0
63.6 msec : 0
63.7 msec : 0
63.8 msec : 0
63.9 msec : 0
64.0 msec : 0
64.1 msec : 0
64.2 msec : 0
64.3 msec : 0
64.4 msec : 0
64.5 msec : 0
64.6 msec : 0
64.7 msec : 0
64.8 msec : 0
64.9 msec : 0
65.0 msec : 0
65.1 msec : 0
65.2 msec : 0
65.3 msec : 0
65.4 msec : 0
65.5 msec : 0
65.6 msec : 0
65.7 msec : 0
65.8 msec : 0
65.9 msec : 0
66.0 msec : 0
66.1 msec : 0
66.2 msec : 0
66.3 msec : 0
66.4 msec : 0
66.5 msec : 0
66.6 msec : 0
66.7 msec : 0
66.8 msec : 0
66.9 msec : 0
67.0 msec : 0
67.1 msec : 0
67.2 msec : 0
67.3 msec : 0
67.4 msec : 0
67.5 msec : 0
67.6 msec : 0
67.7 msec : 0
67.8 msec : 0
67.9 msec : 0
68.0 msec : 0
68.1 msec : 0
68.2 msec : 0
68.3 msec : 0
68.4 msec : 0
68.5 msec : 0
68.6 msec : 0
68.7 msec : 0
68.8 msec : 0
68.9 msec : 0
69.0 msec : 0
69.1 msec : 0
69.2 msec : 0
69.3 msec : 0
69.4 msec : 0
69.5 msec : 0
69.6 msec : 0
69.7 msec : 0
69.8 msec : 0
69.9 msec : 0
70.0 msec : 0
70.1 msec : 0
70.2 msec : 0
70.3 msec : 0
70.4 msec : 0
70.5 msec : 0
70.6 msec : 0
70.7 msec : 0
70.8 msec : 0
70.9 msec : 0
71.0 msec : 0
71.1 msec : 0
71.2 msec : 0
71.3 msec : 0
71.4 msec : 0
71.5 msec : 0
71.6 msec : 0
71.7 msec : 0
71.8 msec : 0
71.9 msec : 0
72.0 msec : 0
72.1 msec : 0
72.2 msec : 0
72.3 msec : 0
72.4 msec : 0
72.5 msec : 0
72.6 msec : 0
72.7 msec : 0
72.8 msec : 0
72.9 msec : 0
73.0 msec : 0
73.1 msec : 0
73.2 msec : 0
73.3 msec : 0
73.4 msec : 0
73.5 msec : 0
73.6 msec : 0
73.7 msec : 0
73.8 msec : 0
73.9 msec : 0
74.0 msec : 0
74.1 msec : 0
74.2 msec : 0
74.3 msec : 0
74.4 msec : 0
74.5 msec : 0
74.6 msec : 0
74.7 msec : 0
74.8 msec : 0
74.9 msec : 0
75.0 msec : 0
75.1 msec : 0
75.2 msec : 0
75.3 msec : 0
75.4 msec : 0
75.5 msec : 0
75.6 msec : 0
75.7 msec : 0
75.8 msec : 0
75.9 msec : 0
76.0 msec : 0
76.1 msec : 0
76.2 msec : 0
76.3 msec : 0
76.4 msec : 0
76.5 msec : 1
76.6 msec : 0
76.7 msec : 1
76.8 msec : 0
76.9 msec : 0
77.0 msec : 0
77.1 msec : 0
77.2 msec : 0
77.3 msec : 0
77.4 msec : 0
77.5 msec : 0
77.6 msec : 0
77.7 msec : 0
77.8 msec : 0
77.9 msec : 0
78.0 msec : 0
78.1 msec : 0
78.2 msec : 0
78.3 msec : 0
78.4 msec : 0
78.5 msec : 0
78.6 msec : 0
78.7 msec : 0
78.8 msec : 0
78.9 msec : 0
79.0 msec : 0
79.1 msec : 0
79.2 msec : 0
79.3 msec : 0
79.4 msec : 0
79.5 msec : 0
79.6 msec : 0
79.7 msec : 0
79.8 msec : 0
79.9 msec : 0
80.0 msec : 0
80.1 msec : 0
80.2 msec : 0
80.3 msec : 0
80.4 msec : 0
80.5 msec : 0
80.6 msec : 0
80.7 msec : 0
80.8 msec : 0
80.9 msec : 0
81.0 msec : 0
81.1 msec : 0
81.2 msec : 0
81.3 msec : 0
81.4 msec : 0
81.5 msec : 0
81.6 msec : 0
81.7 msec : 0
81.8 msec : 0
81.9 msec : 0
82.0 msec : 0
82.1 msec : 0
82.2 msec : 0
82.3 msec : 0
82.4 msec : 0
82.5 msec : 0
82.6 msec : 0
82.7 msec : 0
82.8 msec : 0
82.9 msec : 0
83.0 msec : 0
83.1 msec : 0
83.2 msec : 0
83.3 msec : 0
83.4 msec : 0
83.5 msec : 1
83.6 msec : 1
83.7 msec : 0
83.8 msec : 0
83.9 msec : 0
84.0 msec : 0
84.1 msec : 0
84.2 msec : 0
84.3 msec : 0
84.4 msec : 0
84.5 msec : 0
84.6 msec : 0
84.7 msec : 0
84.8 msec : 0
84.9 msec : 0
85.0 msec : 0
85.1 msec : 0
85.2 msec : 0
85.3 msec : 0
85.4 msec : 0
85.5 msec : 0
85.6 msec : 0
85.7 msec : 0
85.8 msec : 0
85.9 msec : 0
86.0 msec : 0
86.1 msec : 0
86.2 msec : 0
86.3 msec : 0
86.4 msec : 0
86.5 msec : 0
86.6 msec : 0
86.7 msec : 0
86.8 msec : 0
86.9 msec : 0
87.0 msec : 0
87.1 msec : 0
87.2 msec : 0
87.3 msec : 0
87.4 msec : 0
87.5 msec : 0
87.6 msec : 0
87.7 msec : 0
87.8 msec : 0
87.9 msec : 0
88.0 msec : 0
88.1 msec : 0
88.2 msec : 0
88.3 msec : 0
88.4 msec : 0
88.5 msec : 0
88.6 msec : 0
88.7 msec : 0
88.8 msec : 0
88.9 msec : 0
89.0 msec : 0
89.1 msec : 0
89.2 msec : 0
89.3 msec : 0
89.4 msec : 0
89.5 msec : 0
89.6 msec : 0
89.7 msec : 0
89.8 msec : 0
89.9 msec : 0
90.0 msec : 0
90.1 msec : 0
90.2 msec : 0
90.3 msec : 0
90.4 msec : 0
90.5 msec : 0
90.6 msec : 0
90.7 msec : 0
90.8 msec : 0
90.9 msec : 0
91.0 msec : 0
91.1 msec : 0
91.2 msec : 0
91.3 msec : 0
91.4 msec : 0
91.5 msec : 0
91.6 msec : 0
91.7 msec : 0
91.8 msec : 0
91.9 msec : 0
92.0 msec : 0
92.1 msec : 0
92.2 msec : 0
92.3 msec : 0
92.4 msec : 0
92.5 msec : 0
92.6 msec : 0
92.7 msec : 0
92.8 msec : 0
92.9 msec : 0
93.0 msec : 0
93.1 msec : 0
93.2 msec : 0
93.3 msec : 0
93.4 msec : 0
93.5 msec : 0
93.6 msec : 0
93.7 msec : 0
93.8 msec : 0
93.9 msec : 1
94.0 msec : 0
94.1 msec : 0
94.2 msec : 0
94.3 msec : 1
94.4 msec : 0
94.5 msec : 0
94.6 msec : 0
94.7 msec : 0
94.8 msec : 0
94.9 msec : 0
95.0 msec : 0
95.1 msec : 0
95.2 msec : 0
95.3 msec : 0
95.4 msec : 0
95.5 msec : 0
95.6 msec : 0
95.7 msec : 0
95.8 msec : 0
95.9 msec : 0
96.0 msec : 1
96.1 msec : 0
96.2 msec : 0
96.3 msec : 1
96.4 msec : 0
96.5 msec : 1
96.6 msec : 0
96.7 msec : 0
96.8 msec : 0
96.9 msec : 0
97.0 msec : 0
97.1 msec : 0
97.2 msec : 0
97.3 msec : 0
97.4 msec : 0
97.5 msec : 0
97.6 msec : 0
97.7 msec : 0
97.8 msec : 0
97.9 msec : 0
98.0 msec : 0
98.1 msec : 0
98.2 msec : 0
98.3 msec : 0
98.4 msec : 0
98.5 msec : 0
98.6 msec : 0
98.7 msec : 0
98.8 msec : 0
98.9 msec : 0
99.0 msec : 0
99.1 msec : 0
99.2 msec : 0
99.3 msec : 0
99.4 msec : 0
99.5 msec : 0
99.6 msec : 0
99.7 msec : 0
99.8 msec : 0
99.9 msec : 0
100.0 msec : 0
100.1 msec : 0
100.2 msec : 0
100.3 msec : 1
100.4 msec : 0
100.5 msec : 0
100.6 msec : 0
100.7 msec : 0
100.8 msec : 0
100.9 msec : 0
101.0 msec : 0
101.1 msec : 0
101.2 msec : 0
101.3 msec : 0
101.4 msec : 0
101.5 msec : 0
101.6 msec : 0
101.7 msec : 0
101.8 msec : 0
101.9 msec : 0
102.0 msec : 0
102.1 msec : 0
102.2 msec : 0
102.3 msec : 0
102.4 msec : 0
102.5 msec : 0
102.6 msec : 1
102.7 msec : 0
102.8 msec : 0
102.9 msec : 0
103.0 msec : 0
103.1 msec : 0
103.2 msec : 0
103.3 msec : 0
103.4 msec : 1
103.5 msec : 0
103.6 msec : 0
103.7 msec : 0
103.8 msec : 0
103.9 msec : 0
104.0 msec : 0
104.1 msec : 0
104.2 msec : 0
104.3 msec : 0
104.4 msec : 1
104.5 msec : 0
104.6 msec : 0
104.7 msec : 0
104.8 msec : 1
104.9 msec : 0
105.0 msec : 0
105.1 msec : 0
105.2 msec : 0
105.3 msec : 0
105.4 msec : 0
105.5 msec : 0
105.6 msec : 0
105.7 msec : 0
105.8 msec : 0
105.9 msec : 0
106.0 msec : 0
106.1 msec : 0
106.2 msec : 0
106.3 msec : 0
106.4 msec : 0
106.5 msec : 0
106.6 msec : 0
106.7 msec : 0
106.8 msec : 0
106.9 msec : 1
107.0 msec : 0
107.1 msec : 0
107.2 msec : 0
107.3 msec : 0
107.4 msec : 0
107.5 msec : 0
107.6 msec : 0
107.7 msec : 0
107.8 msec : 0
107.9 msec : 0
108.0 msec : 0
108.1 msec : 0
108.2 msec : 0
108.3 msec : 0
108.4 msec : 0
108.5 msec : 0
108.6 msec : 0
108.7 msec : 0
108.8 msec : 0
108.9 msec : 0
109.0 msec : 0
109.1 msec : 0
109.2 msec : 0
109.3 msec : 0
109.4 msec : 0
109.5 msec : 0
109.6 msec : 1
109.7 msec : 1
109.8 msec : 0
109.9 msec : 0
110.0 msec : 0
110.1 msec : 0
110.2 msec : 0
110.3 msec : 0
110.4 msec : 0
110.5 msec : 0
110.6 msec : 0
110.7 msec : 0
110.8 msec : 0
110.9 msec : 0
111.0 msec : 0
111.1 msec : 0
111.2 msec : 0
111.3 msec : 0
111.4 msec : 0
111.5 msec : 0
111.6 msec : 0
111.7 msec : 0
111.8 msec : 0
111.9 msec : 0
112.0 msec : 0
112.1 msec : 0
112.2 msec : 0
112.3 msec : 0
112.4 msec : 0
112.5 msec : 0
112.6 msec : 0
112.7 msec : 0
112.8 msec : 0
112.9 msec : 0
113.0 msec : 0
113.1 msec : 0
113.2 msec : 0
113.3 msec : 0
113.4 msec : 0
113.5 msec : 0
113.6 msec : 0
113.7 msec : 0
113.8 msec : 0
113.9 msec : 0
114.0 msec : 0
114.1 msec : 0
114.2 msec : 0
114.3 msec : 0
114.4 msec : 0
114.5 msec : 0
114.6 msec : 0
114.7 msec : 0
114.8 msec : 0
114.9 msec : 0
115.0 msec : 0
115.1 msec : 0
115.2 msec : 0
115.3 msec : 0
115.4 msec : 0
115.5 msec : 0
115.6 msec : 0
115.7 msec : 0
115.8 msec : 0
115.9 msec : 0
116.0 msec : 0
116.1 msec : 0
116.2 msec : 0
116.3 msec : 0
116.4 msec : 0
116.5 msec : 0
116.6 msec : 0
116.7 msec : 0
116.8 msec : 0
