Middleware started...
Middleware shuts down...
Smaller resolution statistics are in a log file...
Final aggregates per worker:


Worker 46
Average throughput (ops/sec) = 59
Average response time (msec) = 6.144418209302326
Average queue length = 3
Average wait time in queue (msec) = 0.7941619844961241
Average service time (msec) = 3.801644503875969
Number of SET = 59
Number of GET = 0
Number of MULTI GET = 0


Worker 47
Average throughput (ops/sec) = 57
Average response time (msec) = 6.602620108527131
Average queue length = 2
Average wait time in queue (msec) = 0.7891714031007752
Average service time (msec) = 4.100023775193798
Number of SET = 57
Number of GET = 0
Number of MULTI GET = 0


Worker 48
Average throughput (ops/sec) = 58
Average response time (msec) = 6.473261837209302
Average queue length = 3
Average wait time in queue (msec) = 0.7372940310077519
Average service time (msec) = 3.7347798449612406
Number of SET = 58
Number of GET = 0
Number of MULTI GET = 0


Worker 49
Average throughput (ops/sec) = 58
Average response time (msec) = 6.118392519379845
Average queue length = 2
Average wait time in queue (msec) = 0.8105446356589147
Average service time (msec) = 3.943322891472868
Number of SET = 58
Number of GET = 0
Number of MULTI GET = 0


Worker 42
Average throughput (ops/sec) = 57
Average response time (msec) = 6.013631046875
Average queue length = 3
Average wait time in queue (msec) = 0.7216815
Average service time (msec) = 4.1289152265625
Number of SET = 57
Number of GET = 0
Number of MULTI GET = 0


Worker 43
Average throughput (ops/sec) = 58
Average response time (msec) = 7.022500294573644
Average queue length = 3
Average wait time in queue (msec) = 0.8322627209302326
Average service time (msec) = 4.088874240310077
Number of SET = 58
Number of GET = 0
Number of MULTI GET = 0


Worker 44
Average throughput (ops/sec) = 59
Average response time (msec) = 5.850525
Average queue length = 3
Average wait time in queue (msec) = 0.7860294341085271
Average service time (msec) = 3.841720031007752
Number of SET = 59
Number of GET = 0
Number of MULTI GET = 0


Worker 45
Average throughput (ops/sec) = 58
Average response time (msec) = 6.301823837209302
Average queue length = 2
Average wait time in queue (msec) = 0.8797034108527132
Average service time (msec) = 4.174844356589148
Number of SET = 58
Number of GET = 0
Number of MULTI GET = 0


Worker 50
Average throughput (ops/sec) = 59
Average response time (msec) = 6.694602124031007
Average queue length = 2
Average wait time in queue (msec) = 0.8059719147286821
Average service time (msec) = 4.173827697674419
Number of SET = 59
Number of GET = 0
Number of MULTI GET = 0


Worker 51
Average throughput (ops/sec) = 59
Average response time (msec) = 6.481457627906977
Average queue length = 3
Average wait time in queue (msec) = 0.7877256666666667
Average service time (msec) = 4.266998713178294
Number of SET = 59
Number of GET = 0
Number of MULTI GET = 0


Worker 52
Average throughput (ops/sec) = 58
Average response time (msec) = 6.026472906976744
Average queue length = 4
Average wait time in queue (msec) = 0.6954643953488373
Average service time (msec) = 4.1043417829457365
Number of SET = 58
Number of GET = 0
Number of MULTI GET = 0


Worker 57
Average throughput (ops/sec) = 58
Average response time (msec) = 7.032682976744186
Average queue length = 3
Average wait time in queue (msec) = 0.7894399534883721
Average service time (msec) = 4.689252046511628
Number of SET = 58
Number of GET = 0
Number of MULTI GET = 0


Worker 13
Average throughput (ops/sec) = 160
Average response time (msec) = 11.939433540145986
Average queue length = 8
Average wait time in queue (msec) = 5.012670003649635
Average service time (msec) = 6.035582879562043
Number of SET = 160
Number of GET = 0
Number of MULTI GET = 0


Worker 58
Average throughput (ops/sec) = 60
Average response time (msec) = 6.2088256953125
Average queue length = 2
Average wait time in queue (msec) = 0.71617196875
Average service time (msec) = 4.1810383203125
Number of SET = 60
Number of GET = 0
Number of MULTI GET = 0


Worker 14
Average throughput (ops/sec) = 160
Average response time (msec) = 9.67551247810219
Average queue length = 9
Average wait time in queue (msec) = 5.071408182481751
Average service time (msec) = 3.7898057189781023
Number of SET = 160
Number of GET = 0
Number of MULTI GET = 0


Worker 59
Average throughput (ops/sec) = 58
Average response time (msec) = 6.4285325234375
Average queue length = 2
Average wait time in queue (msec) = 0.7824552421875
Average service time (msec) = 4.131733046875
Number of SET = 58
Number of GET = 0
Number of MULTI GET = 0


Worker 15
Average throughput (ops/sec) = 160
Average response time (msec) = 10.345262047445257
Average queue length = 9
Average wait time in queue (msec) = 5.025068359489051
Average service time (msec) = 4.488140534671533
Number of SET = 160
Number of GET = 0
Number of MULTI GET = 0


Worker 16
Average throughput (ops/sec) = 159
Average response time (msec) = 10.523015193430657
Average queue length = 9
Average wait time in queue (msec) = 5.0026416113138685
Average service time (msec) = 2.9312556259124087
Number of SET = 159
Number of GET = 0
Number of MULTI GET = 0


Worker 53
Average throughput (ops/sec) = 59
Average response time (msec) = 6.16925176744186
Average queue length = 2
Average wait time in queue (msec) = 0.752622503875969
Average service time (msec) = 3.946212069767442
Number of SET = 59
Number of GET = 0
Number of MULTI GET = 0


Worker 54
Average throughput (ops/sec) = 59
Average response time (msec) = 6.384660546875
Average queue length = 2
Average wait time in queue (msec) = 0.7377505625
Average service time (msec) = 4.143885859375
Number of SET = 58
Number of GET = 0
Number of MULTI GET = 0


Worker 10
Average throughput (ops/sec) = 159
Average response time (msec) = 10.364853226277372
Average queue length = 9
Average wait time in queue (msec) = 5.025888810218977
Average service time (msec) = 4.505841383211679
Number of SET = 159
Number of GET = 0
Number of MULTI GET = 0


Worker 55
Average throughput (ops/sec) = 57
Average response time (msec) = 6.16289715503876
Average queue length = 2
Average wait time in queue (msec) = 0.7950809922480621
Average service time (msec) = 4.050922503875969
Number of SET = 57
Number of GET = 0
Number of MULTI GET = 0


Worker 11
Average throughput (ops/sec) = 160
Average response time (msec) = 9.943224001824817
Average queue length = 9
Average wait time in queue (msec) = 5.054105237226278
Average service time (msec) = 3.9727137317518246
Number of SET = 160
Number of GET = 0
Number of MULTI GET = 0


Worker 56
Average throughput (ops/sec) = 59
Average response time (msec) = 6.1870028984375
Average queue length = 3
Average wait time in queue (msec) = 0.73790296875
Average service time (msec) = 3.9022177265625
Number of SET = 59
Number of GET = 0
Number of MULTI GET = 0


Worker 12
Average throughput (ops/sec) = 160
Average response time (msec) = 11.931340255474453
Average queue length = 9
Average wait time in queue (msec) = 5.065864348540146
Average service time (msec) = 2.9973560583941605
Number of SET = 160
Number of GET = 0
Number of MULTI GET = 0


Worker 17
Average throughput (ops/sec) = 87
Average response time (msec) = 5.621227010344827
Average queue length = 5
Average wait time in queue (msec) = 1.0295140999999999
Average service time (msec) = 3.588971203448276
Number of SET = 87
Number of GET = 0
Number of MULTI GET = 0


Worker 18
Average throughput (ops/sec) = 87
Average response time (msec) = 5.902656827586207
Average queue length = 5
Average wait time in queue (msec) = 1.019552720689655
Average service time (msec) = 3.479181575862069
Number of SET = 87
Number of GET = 0
Number of MULTI GET = 0


Worker 19
Average throughput (ops/sec) = 87
Average response time (msec) = 5.800324255172414
Average queue length = 4
Average wait time in queue (msec) = 1.041400848275862
Average service time (msec) = 3.373383079310345
Number of SET = 87
Number of GET = 0
Number of MULTI GET = 0


Worker 60
Average throughput (ops/sec) = 61
Average response time (msec) = 6.1505695078125
Average queue length = 2
Average wait time in queue (msec) = 0.7911294140625
Average service time (msec) = 3.8716322265625
Number of SET = 61
Number of GET = 0
Number of MULTI GET = 0


Worker 61
Average throughput (ops/sec) = 59
Average response time (msec) = 6.318723410852714
Average queue length = 3
Average wait time in queue (msec) = 0.669549519379845
Average service time (msec) = 4.1773872868217055
Number of SET = 59
Number of GET = 0
Number of MULTI GET = 0


Worker 62
Average throughput (ops/sec) = 58
Average response time (msec) = 6.73663519379845
Average queue length = 3
Average wait time in queue (msec) = 0.7357057596899225
Average service time (msec) = 4.323037317829457
Number of SET = 58
Number of GET = 0
Number of MULTI GET = 0


Worker 63
Average throughput (ops/sec) = 59
Average response time (msec) = 6.442565751937985
Average queue length = 2
Average wait time in queue (msec) = 0.7577891627906976
Average service time (msec) = 4.021455333333334
Number of SET = 59
Number of GET = 0
Number of MULTI GET = 0


Worker 24
Average throughput (ops/sec) = 86
Average response time (msec) = 5.577396303448276
Average queue length = 5
Average wait time in queue (msec) = 1.0347671896551724
Average service time (msec) = 3.4609833241379313
Number of SET = 86
Number of GET = 0
Number of MULTI GET = 0


Worker 7
Average throughput (ops/sec) = 250
Average response time (msec) = 9.083371442822383
Average queue length = 13
Average wait time in queue (msec) = 5.172516052311435
Average service time (msec) = 3.2151928929440388
Number of SET = 250
Number of GET = 0
Number of MULTI GET = 0


Worker 25
Average throughput (ops/sec) = 87
Average response time (msec) = 5.732025324137931
Average queue length = 4
Average wait time in queue (msec) = 1.0142100862068966
Average service time (msec) = 3.6811052137931037
Number of SET = 87
Number of GET = 0
Number of MULTI GET = 0


Worker 6
Average throughput (ops/sec) = 251
Average response time (msec) = 6.2731474981729605
Average queue length = 13
Average wait time in queue (msec) = 3.1534157941534713
Average service time (msec) = 2.4740963349573692
Number of SET = 251
Number of GET = 0
Number of MULTI GET = 0


Worker 26
Average throughput (ops/sec) = 87
Average response time (msec) = 5.61928284137931
Average queue length = 5
Average wait time in queue (msec) = 1.0273656689655173
Average service time (msec) = 3.40959264137931
Number of SET = 87
Number of GET = 0
Number of MULTI GET = 0


Worker 9
Average throughput (ops/sec) = 160
Average response time (msec) = 9.800686240875914
Average queue length = 9
Average wait time in queue (msec) = 5.039025439781022
Average service time (msec) = 3.9602222591240874
Number of SET = 160
Number of GET = 0
Number of MULTI GET = 0


Worker 27
Average throughput (ops/sec) = 87
Average response time (msec) = 5.831115351724137
Average queue length = 4
Average wait time in queue (msec) = 1.0525282344827587
Average service time (msec) = 3.4288598206896554
Number of SET = 87
Number of GET = 0
Number of MULTI GET = 0


Worker 8
Average throughput (ops/sec) = 251
Average response time (msec) = 9.420905704379562
Average queue length = 13
Average wait time in queue (msec) = 5.182641087591241
Average service time (msec) = 3.5995781630170316
Number of SET = 251
Number of GET = 0
Number of MULTI GET = 0


Worker 64
Average throughput (ops/sec) = 59
Average response time (msec) = 6.300708961240311
Average queue length = 1
Average wait time in queue (msec) = 0.7306633875968992
Average service time (msec) = 4.36080384496124
Number of SET = 59
Number of GET = 0
Number of MULTI GET = 0


Worker 20
Average throughput (ops/sec) = 87
Average response time (msec) = 5.450255051724138
Average queue length = 5
Average wait time in queue (msec) = 1.0177486
Average service time (msec) = 3.3870259827586207
Number of SET = 87
Number of GET = 0
Number of MULTI GET = 0


Worker 3
Average throughput (ops/sec) = 251
Average response time (msec) = 9.34962444890511
Average queue length = 13
Average wait time in queue (msec) = 5.175631688564477
Average service time (msec) = 3.525993875912409
Number of SET = 251
Number of GET = 0
Number of MULTI GET = 0


Worker 21
Average throughput (ops/sec) = 87
Average response time (msec) = 5.8947726620689656
Average queue length = 5
Average wait time in queue (msec) = 1.0593019551724137
Average service time (msec) = 3.5851384965517243
Number of SET = 87
Number of GET = 0
Number of MULTI GET = 0


Worker 2
Average throughput (ops/sec) = 251
Average response time (msec) = 8.929382133819951
Average queue length = 13
Average wait time in queue (msec) = 5.149800665450122
Average service time (msec) = 3.078173318734793
Number of SET = 251
Number of GET = 0
Number of MULTI GET = 0


Worker 22
Average throughput (ops/sec) = 87
Average response time (msec) = 5.762538034482758
Average queue length = 5
Average wait time in queue (msec) = 1.0339533344827587
Average service time (msec) = 3.665615331034483
Number of SET = 87
Number of GET = 0
Number of MULTI GET = 0


Worker 5
Average throughput (ops/sec) = 251
Average response time (msec) = 8.697844481751826
Average queue length = 13
Average wait time in queue (msec) = 5.18105699513382
Average service time (msec) = 2.874270721411192
Number of SET = 251
Number of GET = 0
Number of MULTI GET = 0


Worker 23
Average throughput (ops/sec) = 88
Average response time (msec) = 5.764661517241379
Average queue length = 4
Average wait time in queue (msec) = 1.067015093103448
Average service time (msec) = 3.3437382586206894
Number of SET = 88
Number of GET = 0
Number of MULTI GET = 0


Worker 4
Average throughput (ops/sec) = 251
Average response time (msec) = 10.459187136253043
Average queue length = 13
Average wait time in queue (msec) = 5.200371166666667
Average service time (msec) = 2.5606777068126525
Number of SET = 251
Number of GET = 0
Number of MULTI GET = 0


Worker 28
Average throughput (ops/sec) = 88
Average response time (msec) = 5.49619665862069
Average queue length = 4
Average wait time in queue (msec) = 1.0211121896551725
Average service time (msec) = 3.4036214310344826
Number of SET = 88
Number of GET = 0
Number of MULTI GET = 0


Worker 29
Average throughput (ops/sec) = 88
Average response time (msec) = 5.6132613172413794
Average queue length = 5
Average wait time in queue (msec) = 1.0212576724137932
Average service time (msec) = 3.4874994103448276
Number of SET = 88
Number of GET = 0
Number of MULTI GET = 0


Worker 1
Average throughput (ops/sec) = 252
Average response time (msec) = 9.310609450121655
Average queue length = 13
Average wait time in queue (msec) = 5.171712391727494
Average service time (msec) = 3.5047895535279805
Number of SET = 252
Number of GET = 0
Number of MULTI GET = 0


Worker 30
Average throughput (ops/sec) = 88
Average response time (msec) = 5.69799634137931
Average queue length = 4
Average wait time in queue (msec) = 1.0313157103448276
Average service time (msec) = 3.661858086206897
Number of SET = 87
Number of GET = 0
Number of MULTI GET = 0


Worker 35
Average throughput (ops/sec) = 58
Average response time (msec) = 6.872788170542636
Average queue length = 3
Average wait time in queue (msec) = 0.7423113100775194
Average service time (msec) = 5.004929488372093
Number of SET = 58
Number of GET = 0
Number of MULTI GET = 0


Worker 36
Average throughput (ops/sec) = 57
Average response time (msec) = 6.906292170542636
Average queue length = 3
Average wait time in queue (msec) = 0.8109575736434108
Average service time (msec) = 4.124683604651163
Number of SET = 57
Number of GET = 0
Number of MULTI GET = 0


Worker 37
Average throughput (ops/sec) = 57
Average response time (msec) = 7.154041356589147
Average queue length = 3
Average wait time in queue (msec) = 0.6822835426356588
Average service time (msec) = 4.632870294573643
Number of SET = 57
Number of GET = 0
Number of MULTI GET = 0


Worker 38
Average throughput (ops/sec) = 58
Average response time (msec) = 6.64351572868217
Average queue length = 3
Average wait time in queue (msec) = 0.8669984573643411
Average service time (msec) = 4.3564994263565895
Number of SET = 58
Number of GET = 0
Number of MULTI GET = 0


Worker 31
Average throughput (ops/sec) = 89
Average response time (msec) = 5.765125941379311
Average queue length = 4
Average wait time in queue (msec) = 1.1219554689655173
Average service time (msec) = 3.2772735655172416
Number of SET = 89
Number of GET = 0
Number of MULTI GET = 0


Worker 32
Average throughput (ops/sec) = 88
Average response time (msec) = 5.961597968965517
Average queue length = 4
Average wait time in queue (msec) = 1.0760893586206897
Average service time (msec) = 3.6796921655172414
Number of SET = 88
Number of GET = 0
Number of MULTI GET = 0


Worker 33
Average throughput (ops/sec) = 57
Average response time (msec) = 6.672678364341085
Average queue length = 3
Average wait time in queue (msec) = 0.8445041782945737
Average service time (msec) = 4.015287813953488
Number of SET = 57
Number of GET = 0
Number of MULTI GET = 0


Worker 34
Average throughput (ops/sec) = 57
Average response time (msec) = 6.927390085271318
Average queue length = 3
Average wait time in queue (msec) = 0.726425007751938
Average service time (msec) = 3.9462267596899223
Number of SET = 57
Number of GET = 0
Number of MULTI GET = 0


Worker 39
Average throughput (ops/sec) = 58
Average response time (msec) = 5.716944968992248
Average queue length = 3
Average wait time in queue (msec) = 0.729405534883721
Average service time (msec) = 3.7405402558139533
Number of SET = 58
Number of GET = 0
Number of MULTI GET = 0


Worker 40
Average throughput (ops/sec) = 57
Average response time (msec) = 7.08726180620155
Average queue length = 3
Average wait time in queue (msec) = 0.7912952480620156
Average service time (msec) = 4.603641418604651
Number of SET = 57
Number of GET = 0
Number of MULTI GET = 0


Worker 41
Average throughput (ops/sec) = 57
Average response time (msec) = 6.769120124031008
Average queue length = 3
Average wait time in queue (msec) = 0.7148264341085272
Average service time (msec) = 4.257362007751938
Number of SET = 57
Number of GET = 0
Number of MULTI GET = 0


FINAL STATS
Average throughput (ops/sec) = 6546
Average response time (msec) = 1.9126322914669223
Average queue length = 5
Average wait time in queue (msec) = 1.8890341544433535
Average service time (msec) = 3.847939719710277
Number of SET = 102
Number of GET = 0
Number of MULTI GET = 0
Number of Cache misses = 0


Histogram response times (0.1 msec step)
0.0 msec : 47
0.1 msec : 256
0.2 msec : 804
0.3 msec : 1427
0.4 msec : 1729
0.5 msec : 1591
0.6 msec : 1469
0.7 msec : 1277
0.8 msec : 1048
0.9 msec : 849
1.0 msec : 689
1.1 msec : 546
1.2 msec : 428
1.3 msec : 366
1.4 msec : 303
1.5 msec : 223
1.6 msec : 206
1.7 msec : 175
1.8 msec : 145
1.9 msec : 111
2.0 msec : 112
2.1 msec : 86
2.2 msec : 94
2.3 msec : 73
2.4 msec : 86
2.5 msec : 50
2.6 msec : 56
2.7 msec : 43
2.8 msec : 37
2.9 msec : 35
3.0 msec : 32
3.1 msec : 48
3.2 msec : 35
3.3 msec : 43
3.4 msec : 63
3.5 msec : 51
3.6 msec : 62
3.7 msec : 51
3.8 msec : 51
3.9 msec : 50
4.0 msec : 38
4.1 msec : 35
4.2 msec : 54
4.3 msec : 48
4.4 msec : 26
4.5 msec : 26
4.6 msec : 26
4.7 msec : 31
4.8 msec : 27
4.9 msec : 18
5.0 msec : 26
5.1 msec : 17
5.2 msec : 22
5.3 msec : 11
5.4 msec : 11
5.5 msec : 13
5.6 msec : 10
5.7 msec : 11
5.8 msec : 11
5.9 msec : 10
6.0 msec : 3
6.1 msec : 4
6.2 msec : 10
6.3 msec : 11
6.4 msec : 13
6.5 msec : 7
6.6 msec : 5
6.7 msec : 2
6.8 msec : 5
6.9 msec : 4
7.0 msec : 2
7.1 msec : 5
7.2 msec : 4
7.3 msec : 5
7.4 msec : 9
7.5 msec : 6
7.6 msec : 7
7.7 msec : 12
7.8 msec : 6
7.9 msec : 9
8.0 msec : 7
8.1 msec : 5
8.2 msec : 7
8.3 msec : 7
8.4 msec : 5
8.5 msec : 4
8.6 msec : 9
8.7 msec : 0
8.8 msec : 7
8.9 msec : 4
9.0 msec : 5
9.1 msec : 4
9.2 msec : 4
9.3 msec : 3
9.4 msec : 1
9.5 msec : 0
9.6 msec : 0
9.7 msec : 2
9.8 msec : 1
9.9 msec : 2
10.0 msec : 4
10.1 msec : 1
10.2 msec : 1
10.3 msec : 3
10.4 msec : 4
10.5 msec : 1
10.6 msec : 2
10.7 msec : 4
10.8 msec : 3
10.9 msec : 0
11.0 msec : 1
11.1 msec : 2
11.2 msec : 0
11.3 msec : 0
11.4 msec : 0
11.5 msec : 1
11.6 msec : 5
11.7 msec : 5
11.8 msec : 3
11.9 msec : 2
12.0 msec : 0
12.1 msec : 1
12.2 msec : 0
12.3 msec : 2
12.4 msec : 1
12.5 msec : 1
12.6 msec : 1
12.7 msec : 0
12.8 msec : 0
12.9 msec : 1
13.0 msec : 0
13.1 msec : 0
13.2 msec : 3
13.3 msec : 2
13.4 msec : 0
13.5 msec : 0
13.6 msec : 0
13.7 msec : 0
13.8 msec : 1
13.9 msec : 1
14.0 msec : 0
14.1 msec : 0
14.2 msec : 0
14.3 msec : 1
14.4 msec : 0
14.5 msec : 0
14.6 msec : 0
14.7 msec : 0
14.8 msec : 2
14.9 msec : 0
15.0 msec : 0
15.1 msec : 1
15.2 msec : 0
15.3 msec : 1
15.4 msec : 1
15.5 msec : 0
15.6 msec : 0
15.7 msec : 0
15.8 msec : 0
15.9 msec : 0
16.0 msec : 2
16.1 msec : 3
16.2 msec : 3
16.3 msec : 1
16.4 msec : 0
16.5 msec : 0
16.6 msec : 0
16.7 msec : 2
16.8 msec : 0
16.9 msec : 3
17.0 msec : 1
17.1 msec : 0
17.2 msec : 0
17.3 msec : 1
17.4 msec : 1
17.5 msec : 1
17.6 msec : 1
17.7 msec : 1
17.8 msec : 0
17.9 msec : 0
18.0 msec : 0
18.1 msec : 0
18.2 msec : 0
18.3 msec : 1
18.4 msec : 0
18.5 msec : 2
18.6 msec : 0
18.7 msec : 0
18.8 msec : 0
18.9 msec : 1
19.0 msec : 3
19.1 msec : 0
19.2 msec : 0
19.3 msec : 0
19.4 msec : 0
19.5 msec : 0
19.6 msec : 0
19.7 msec : 0
19.8 msec : 1
19.9 msec : 0
20.0 msec : 0
20.1 msec : 0
20.2 msec : 0
20.3 msec : 0
20.4 msec : 0
20.5 msec : 0
20.6 msec : 0
20.7 msec : 0
20.8 msec : 0
20.9 msec : 0
21.0 msec : 0
21.1 msec : 0
21.2 msec : 0
21.3 msec : 0
21.4 msec : 0
21.5 msec : 0
21.6 msec : 1
21.7 msec : 0
21.8 msec : 0
21.9 msec : 0
22.0 msec : 0
22.1 msec : 0
22.2 msec : 0
22.3 msec : 0
22.4 msec : 0
22.5 msec : 1
22.6 msec : 0
22.7 msec : 0
22.8 msec : 0
22.9 msec : 0
23.0 msec : 0
23.1 msec : 0
23.2 msec : 0
23.3 msec : 0
23.4 msec : 0
23.5 msec : 1
23.6 msec : 0
23.7 msec : 0
23.8 msec : 0
23.9 msec : 0
24.0 msec : 0
24.1 msec : 0
24.2 msec : 0
24.3 msec : 0
24.4 msec : 0
24.5 msec : 0
24.6 msec : 0
24.7 msec : 0
24.8 msec : 0
24.9 msec : 1
25.0 msec : 0
25.1 msec : 0
25.2 msec : 0
25.3 msec : 0
25.4 msec : 0
25.5 msec : 0
25.6 msec : 0
25.7 msec : 0
25.8 msec : 0
25.9 msec : 0
26.0 msec : 0
26.1 msec : 0
26.2 msec : 1
26.3 msec : 0
26.4 msec : 0
26.5 msec : 1
26.6 msec : 0
26.7 msec : 0
26.8 msec : 1
26.9 msec : 0
27.0 msec : 0
27.1 msec : 1
27.2 msec : 0
27.3 msec : 0
27.4 msec : 0
27.5 msec : 0
27.6 msec : 0
27.7 msec : 1
27.8 msec : 1
27.9 msec : 0
28.0 msec : 0
28.1 msec : 0
28.2 msec : 0
28.3 msec : 0
28.4 msec : 0
28.5 msec : 0
28.6 msec : 0
28.7 msec : 0
28.8 msec : 0
28.9 msec : 1
29.0 msec : 0
29.1 msec : 0
29.2 msec : 0
29.3 msec : 0
29.4 msec : 0
29.5 msec : 0
29.6 msec : 0
29.7 msec : 0
29.8 msec : 0
29.9 msec : 0
30.0 msec : 0
30.1 msec : 0
30.2 msec : 0
30.3 msec : 0
30.4 msec : 0
30.5 msec : 0
30.6 msec : 0
30.7 msec : 0
30.8 msec : 0
30.9 msec : 1
31.0 msec : 0
31.1 msec : 0
31.2 msec : 0
31.3 msec : 0
31.4 msec : 0
31.5 msec : 0
31.6 msec : 0
31.7 msec : 0
31.8 msec : 1
31.9 msec : 1
32.0 msec : 0
32.1 msec : 0
32.2 msec : 0
32.3 msec : 0
32.4 msec : 0
32.5 msec : 0
32.6 msec : 1
32.7 msec : 0
32.8 msec : 0
32.9 msec : 0
33.0 msec : 0
33.1 msec : 0
33.2 msec : 0
33.3 msec : 0
33.4 msec : 0
33.5 msec : 0
33.6 msec : 0
33.7 msec : 0
33.8 msec : 0
33.9 msec : 0
34.0 msec : 0
34.1 msec : 0
34.2 msec : 0
34.3 msec : 0
34.4 msec : 0
34.5 msec : 0
34.6 msec : 0
34.7 msec : 0
34.8 msec : 0
34.9 msec : 0
35.0 msec : 0
35.1 msec : 0
35.2 msec : 0
35.3 msec : 0
35.4 msec : 0
35.5 msec : 0
35.6 msec : 0
35.7 msec : 0
35.8 msec : 0
35.9 msec : 0
36.0 msec : 0
36.1 msec : 0
36.2 msec : 0
36.3 msec : 0
36.4 msec : 0
36.5 msec : 0
36.6 msec : 0
36.7 msec : 0
36.8 msec : 0
36.9 msec : 0
37.0 msec : 0
37.1 msec : 0
37.2 msec : 0
37.3 msec : 0
37.4 msec : 0
37.5 msec : 0
37.6 msec : 0
37.7 msec : 0
37.8 msec : 0
37.9 msec : 1
38.0 msec : 0
38.1 msec : 0
38.2 msec : 0
38.3 msec : 0
38.4 msec : 0
38.5 msec : 0
38.6 msec : 0
38.7 msec : 0
38.8 msec : 1
38.9 msec : 0
39.0 msec : 0
39.1 msec : 0
39.2 msec : 0
39.3 msec : 0
39.4 msec : 0
39.5 msec : 0
39.6 msec : 0
39.7 msec : 0
39.8 msec : 0
39.9 msec : 0
40.0 msec : 0
40.1 msec : 0
40.2 msec : 0
40.3 msec : 0
40.4 msec : 0
40.5 msec : 0
40.6 msec : 0
40.7 msec : 0
40.8 msec : 0
40.9 msec : 0
41.0 msec : 0
41.1 msec : 0
41.2 msec : 0
41.3 msec : 0
41.4 msec : 0
41.5 msec : 0
41.6 msec : 0
41.7 msec : 0
41.8 msec : 0
41.9 msec : 0
42.0 msec : 0
42.1 msec : 0
42.2 msec : 0
42.3 msec : 0
42.4 msec : 0
42.5 msec : 0
42.6 msec : 0
42.7 msec : 0
42.8 msec : 0
42.9 msec : 0
43.0 msec : 0
43.1 msec : 0
43.2 msec : 0
43.3 msec : 0
43.4 msec : 0
43.5 msec : 1
43.6 msec : 0
43.7 msec : 0
43.8 msec : 0
43.9 msec : 0
44.0 msec : 0
44.1 msec : 0
44.2 msec : 0
44.3 msec : 0
44.4 msec : 0
44.5 msec : 0
44.6 msec : 0
44.7 msec : 0
44.8 msec : 0
44.9 msec : 0
45.0 msec : 0
45.1 msec : 0
45.2 msec : 0
45.3 msec : 0
45.4 msec : 0
45.5 msec : 0
45.6 msec : 0
45.7 msec : 0
45.8 msec : 0
45.9 msec : 0
46.0 msec : 0
46.1 msec : 0
46.2 msec : 0
46.3 msec : 0
46.4 msec : 0
46.5 msec : 0
46.6 msec : 0
46.7 msec : 0
46.8 msec : 0
46.9 msec : 0
47.0 msec : 1
47.1 msec : 0
47.2 msec : 1
47.3 msec : 0
47.4 msec : 0
47.5 msec : 1
47.6 msec : 0
47.7 msec : 0
47.8 msec : 0
47.9 msec : 0
48.0 msec : 0
48.1 msec : 0
48.2 msec : 0
48.3 msec : 0
48.4 msec : 0
48.5 msec : 0
48.6 msec : 0
48.7 msec : 0
48.8 msec : 0
48.9 msec : 0
49.0 msec : 0
49.1 msec : 0
49.2 msec : 0
49.3 msec : 0
49.4 msec : 0
49.5 msec : 0
49.6 msec : 0
49.7 msec : 0
49.8 msec : 0
49.9 msec : 0
50.0 msec : 0
50.1 msec : 0
50.2 msec : 0
50.3 msec : 0
50.4 msec : 0
50.5 msec : 0
50.6 msec : 0
50.7 msec : 0
50.8 msec : 0
50.9 msec : 0
51.0 msec : 0
51.1 msec : 0
51.2 msec : 0
51.3 msec : 0
51.4 msec : 0
51.5 msec : 0
51.6 msec : 0
51.7 msec : 0
51.8 msec : 0
51.9 msec : 0
52.0 msec : 0
52.1 msec : 0
52.2 msec : 0
52.3 msec : 0
52.4 msec : 0
52.5 msec : 0
52.6 msec : 0
52.7 msec : 0
52.8 msec : 0
52.9 msec : 0
53.0 msec : 0
53.1 msec : 0
53.2 msec : 0
53.3 msec : 2
53.4 msec : 0
53.5 msec : 0
53.6 msec : 0
53.7 msec : 0
53.8 msec : 0
53.9 msec : 0
54.0 msec : 0
54.1 msec : 0
54.2 msec : 1
54.3 msec : 0
54.4 msec : 0
54.5 msec : 0
54.6 msec : 0
54.7 msec : 1
54.8 msec : 0
54.9 msec : 0
55.0 msec : 0
55.1 msec : 0
55.2 msec : 0
55.3 msec : 0
55.4 msec : 0
55.5 msec : 0
55.6 msec : 0
55.7 msec : 0
55.8 msec : 0
55.9 msec : 0
56.0 msec : 0
56.1 msec : 0
56.2 msec : 0
56.3 msec : 0
56.4 msec : 0
56.5 msec : 0
56.6 msec : 0
56.7 msec : 0
56.8 msec : 0
56.9 msec : 0
57.0 msec : 0
57.1 msec : 0
57.2 msec : 0
57.3 msec : 0
57.4 msec : 0
57.5 msec : 0
57.6 msec : 0
57.7 msec : 0
57.8 msec : 0
57.9 msec : 0
58.0 msec : 0
58.1 msec : 0
58.2 msec : 0
58.3 msec : 0
58.4 msec : 0
58.5 msec : 0
58.6 msec : 0
58.7 msec : 0
58.8 msec : 0
58.9 msec : 0
59.0 msec : 0
59.1 msec : 0
59.2 msec : 0
59.3 msec : 0
59.4 msec : 0
59.5 msec : 0
59.6 msec : 0
59.7 msec : 0
59.8 msec : 0
59.9 msec : 0
60.0 msec : 0
60.1 msec : 0
60.2 msec : 0
60.3 msec : 0
60.4 msec : 0
60.5 msec : 0
60.6 msec : 0
60.7 msec : 0
60.8 msec : 0
60.9 msec : 0
61.0 msec : 0
61.1 msec : 0
61.2 msec : 0
61.3 msec : 0
61.4 msec : 0
61.5 msec : 0
61.6 msec : 0
61.7 msec : 0
61.8 msec : 0
61.9 msec : 0
62.0 msec : 0
62.1 msec : 0
62.2 msec : 0
62.3 msec : 0
62.4 msec : 0
62.5 msec : 0
62.6 msec : 0
62.7 msec : 0
62.8 msec : 0
62.9 msec : 0
63.0 msec : 0
63.1 msec : 0
63.2 msec : 0
63.3 msec : 0
63.4 msec : 0
63.5 msec : 0
63.6 msec : 0
63.7 msec : 0
63.8 msec : 0
63.9 msec : 0
64.0 msec : 0
64.1 msec : 0
64.2 msec : 0
64.3 msec : 0
64.4 msec : 0
64.5 msec : 0
64.6 msec : 0
64.7 msec : 0
64.8 msec : 0
64.9 msec : 0
65.0 msec : 0
65.1 msec : 0
65.2 msec : 0
65.3 msec : 0
65.4 msec : 0
65.5 msec : 0
65.6 msec : 0
65.7 msec : 0
65.8 msec : 0
65.9 msec : 0
66.0 msec : 0
66.1 msec : 0
66.2 msec : 0
66.3 msec : 0
66.4 msec : 0
66.5 msec : 0
66.6 msec : 0
66.7 msec : 0
66.8 msec : 0
66.9 msec : 0
67.0 msec : 0
67.1 msec : 0
67.2 msec : 0
67.3 msec : 0
67.4 msec : 0
67.5 msec : 0
67.6 msec : 0
67.7 msec : 0
67.8 msec : 0
67.9 msec : 0
68.0 msec : 0
68.1 msec : 0
68.2 msec : 0
68.3 msec : 0
68.4 msec : 0
68.5 msec : 0
68.6 msec : 0
68.7 msec : 0
68.8 msec : 0
68.9 msec : 0
69.0 msec : 0
69.1 msec : 0
69.2 msec : 0
69.3 msec : 0
69.4 msec : 0
69.5 msec : 0
69.6 msec : 0
69.7 msec : 0
69.8 msec : 0
69.9 msec : 0
70.0 msec : 0
70.1 msec : 0
70.2 msec : 0
70.3 msec : 0
70.4 msec : 0
70.5 msec : 0
70.6 msec : 0
70.7 msec : 0
70.8 msec : 0
70.9 msec : 0
71.0 msec : 0
71.1 msec : 0
71.2 msec : 0
71.3 msec : 0
71.4 msec : 0
71.5 msec : 0
71.6 msec : 0
71.7 msec : 0
71.8 msec : 0
71.9 msec : 0
72.0 msec : 0
72.1 msec : 0
72.2 msec : 0
72.3 msec : 0
72.4 msec : 0
72.5 msec : 0
72.6 msec : 0
72.7 msec : 0
72.8 msec : 0
72.9 msec : 0
73.0 msec : 0
73.1 msec : 0
73.2 msec : 0
73.3 msec : 0
73.4 msec : 0
73.5 msec : 0
73.6 msec : 0
73.7 msec : 0
73.8 msec : 0
73.9 msec : 0
74.0 msec : 0
74.1 msec : 0
74.2 msec : 0
74.3 msec : 0
74.4 msec : 0
74.5 msec : 0
74.6 msec : 0
74.7 msec : 0
74.8 msec : 0
74.9 msec : 0
75.0 msec : 0
75.1 msec : 0
75.2 msec : 0
75.3 msec : 0
75.4 msec : 0
75.5 msec : 0
75.6 msec : 0
75.7 msec : 0
75.8 msec : 0
75.9 msec : 0
76.0 msec : 0
76.1 msec : 0
76.2 msec : 0
76.3 msec : 0
76.4 msec : 0
76.5 msec : 0
76.6 msec : 0
76.7 msec : 0
76.8 msec : 0
76.9 msec : 0
77.0 msec : 0
77.1 msec : 0
77.2 msec : 0
77.3 msec : 0
77.4 msec : 0
77.5 msec : 0
77.6 msec : 0
77.7 msec : 0
77.8 msec : 0
77.9 msec : 0
78.0 msec : 0
78.1 msec : 0
78.2 msec : 0
78.3 msec : 0
78.4 msec : 0
78.5 msec : 0
78.6 msec : 0
78.7 msec : 0
78.8 msec : 0
78.9 msec : 0
79.0 msec : 0
79.1 msec : 0
79.2 msec : 0
79.3 msec : 0
79.4 msec : 0
79.5 msec : 0
79.6 msec : 0
79.7 msec : 0
79.8 msec : 0
79.9 msec : 0
80.0 msec : 0
80.1 msec : 0
80.2 msec : 0
80.3 msec : 0
80.4 msec : 0
80.5 msec : 0
80.6 msec : 0
80.7 msec : 0
80.8 msec : 0
80.9 msec : 0
81.0 msec : 0
81.1 msec : 0
81.2 msec : 0
81.3 msec : 0
81.4 msec : 0
81.5 msec : 0
81.6 msec : 0
81.7 msec : 0
81.8 msec : 0
81.9 msec : 0
82.0 msec : 0
82.1 msec : 0
82.2 msec : 0
82.3 msec : 0
82.4 msec : 0
82.5 msec : 0
82.6 msec : 0
82.7 msec : 0
82.8 msec : 0
82.9 msec : 0
83.0 msec : 0
83.1 msec : 0
83.2 msec : 0
83.3 msec : 0
83.4 msec : 0
83.5 msec : 0
83.6 msec : 0
83.7 msec : 0
83.8 msec : 0
83.9 msec : 0
84.0 msec : 0
84.1 msec : 0
84.2 msec : 0
84.3 msec : 0
84.4 msec : 0
84.5 msec : 0
84.6 msec : 0
84.7 msec : 0
84.8 msec : 0
84.9 msec : 0
85.0 msec : 0
85.1 msec : 0
85.2 msec : 0
85.3 msec : 0
85.4 msec : 0
85.5 msec : 0
85.6 msec : 0
85.7 msec : 0
85.8 msec : 0
85.9 msec : 0
86.0 msec : 0
86.1 msec : 0
86.2 msec : 0
86.3 msec : 0
86.4 msec : 0
86.5 msec : 0
86.6 msec : 0
86.7 msec : 0
86.8 msec : 0
86.9 msec : 0
87.0 msec : 0
87.1 msec : 0
87.2 msec : 0
87.3 msec : 0
87.4 msec : 0
87.5 msec : 0
87.6 msec : 0
87.7 msec : 0
87.8 msec : 0
87.9 msec : 0
88.0 msec : 0
88.1 msec : 0
88.2 msec : 0
88.3 msec : 0
88.4 msec : 0
88.5 msec : 0
88.6 msec : 0
88.7 msec : 0
88.8 msec : 0
88.9 msec : 0
89.0 msec : 0
89.1 msec : 0
89.2 msec : 0
89.3 msec : 0
89.4 msec : 0
89.5 msec : 0
89.6 msec : 0
89.7 msec : 0
89.8 msec : 0
89.9 msec : 0
90.0 msec : 0
90.1 msec : 0
90.2 msec : 0
90.3 msec : 0
90.4 msec : 0
90.5 msec : 0
90.6 msec : 0
90.7 msec : 0
90.8 msec : 0
90.9 msec : 0
91.0 msec : 0
91.1 msec : 0
91.2 msec : 0
91.3 msec : 0
91.4 msec : 0
91.5 msec : 0
91.6 msec : 0
91.7 msec : 0
91.8 msec : 0
91.9 msec : 0
92.0 msec : 0
92.1 msec : 0
92.2 msec : 0
92.3 msec : 0
92.4 msec : 0
92.5 msec : 0
92.6 msec : 0
92.7 msec : 0
92.8 msec : 0
92.9 msec : 0
93.0 msec : 0
93.1 msec : 0
93.2 msec : 0
93.3 msec : 0
93.4 msec : 0
93.5 msec : 0
93.6 msec : 0
93.7 msec : 0
93.8 msec : 0
93.9 msec : 0
94.0 msec : 0
94.1 msec : 0
94.2 msec : 0
94.3 msec : 0
94.4 msec : 0
94.5 msec : 0
94.6 msec : 0
94.7 msec : 0
94.8 msec : 0
94.9 msec : 0
95.0 msec : 0
95.1 msec : 0
95.2 msec : 0
95.3 msec : 0
95.4 msec : 0
95.5 msec : 0
95.6 msec : 0
95.7 msec : 0
95.8 msec : 0
95.9 msec : 0
96.0 msec : 0
96.1 msec : 0
96.2 msec : 0
96.3 msec : 0
96.4 msec : 0
96.5 msec : 0
96.6 msec : 0
96.7 msec : 0
96.8 msec : 0
96.9 msec : 0
97.0 msec : 0
97.1 msec : 0
97.2 msec : 0
97.3 msec : 0
97.4 msec : 0
97.5 msec : 0
97.6 msec : 0
97.7 msec : 0
97.8 msec : 0
97.9 msec : 0
98.0 msec : 0
98.1 msec : 0
98.2 msec : 0
98.3 msec : 0
98.4 msec : 0
98.5 msec : 0
98.6 msec : 0
98.7 msec : 0
98.8 msec : 0
98.9 msec : 0
99.0 msec : 0
99.1 msec : 0
99.2 msec : 0
99.3 msec : 0
99.4 msec : 0
99.5 msec : 0
99.6 msec : 0
99.7 msec : 0
99.8 msec : 0
99.9 msec : 0
100.0 msec : 0
100.1 msec : 0
100.2 msec : 0
100.3 msec : 0
100.4 msec : 0
100.5 msec : 0
100.6 msec : 0
100.7 msec : 0
100.8 msec : 0
100.9 msec : 0
101.0 msec : 0
101.1 msec : 0
101.2 msec : 0
101.3 msec : 0
101.4 msec : 0
101.5 msec : 0
101.6 msec : 0
101.7 msec : 0
101.8 msec : 0
101.9 msec : 0
102.0 msec : 0
102.1 msec : 0
102.2 msec : 0
102.3 msec : 0
102.4 msec : 0
102.5 msec : 0
102.6 msec : 0
102.7 msec : 0
102.8 msec : 0
102.9 msec : 0
103.0 msec : 0
103.1 msec : 0
103.2 msec : 0
103.3 msec : 0
103.4 msec : 0
103.5 msec : 0
103.6 msec : 0
103.7 msec : 0
103.8 msec : 0
103.9 msec : 0
104.0 msec : 0
104.1 msec : 0
104.2 msec : 0
104.3 msec : 0
104.4 msec : 0
104.5 msec : 0
104.6 msec : 0
104.7 msec : 0
104.8 msec : 0
104.9 msec : 0
105.0 msec : 0
105.1 msec : 1
105.2 msec : 0
105.3 msec : 0
105.4 msec : 0
105.5 msec : 0
105.6 msec : 0
105.7 msec : 0
105.8 msec : 0
105.9 msec : 0
106.0 msec : 0
106.1 msec : 0
106.2 msec : 0
106.3 msec : 0
106.4 msec : 0
106.5 msec : 0
106.6 msec : 0
106.7 msec : 0
106.8 msec : 0
106.9 msec : 0
107.0 msec : 0
107.1 msec : 0
107.2 msec : 0
107.3 msec : 0
107.4 msec : 0
107.5 msec : 0
107.6 msec : 0
107.7 msec : 0
107.8 msec : 0
107.9 msec : 0
108.0 msec : 0
108.1 msec : 0
108.2 msec : 0
108.3 msec : 0
108.4 msec : 0
108.5 msec : 0
108.6 msec : 0
108.7 msec : 0
108.8 msec : 0
108.9 msec : 0
109.0 msec : 0
109.1 msec : 0
109.2 msec : 0
109.3 msec : 0
109.4 msec : 0
109.5 msec : 0
109.6 msec : 0
109.7 msec : 0
109.8 msec : 0
109.9 msec : 0
110.0 msec : 0
110.1 msec : 0
110.2 msec : 0
110.3 msec : 0
110.4 msec : 0
110.5 msec : 0
110.6 msec : 0
110.7 msec : 0
110.8 msec : 0
110.9 msec : 0
111.0 msec : 0
111.1 msec : 0
111.2 msec : 0
111.3 msec : 0
111.4 msec : 0
111.5 msec : 0
111.6 msec : 0
111.7 msec : 0
111.8 msec : 0
111.9 msec : 0
112.0 msec : 0
112.1 msec : 0
112.2 msec : 0
112.3 msec : 0
112.4 msec : 0
112.5 msec : 0
112.6 msec : 0
112.7 msec : 0
112.8 msec : 0
112.9 msec : 0
113.0 msec : 0
113.1 msec : 0
113.2 msec : 0
113.3 msec : 0
113.4 msec : 0
113.5 msec : 0
113.6 msec : 0
113.7 msec : 0
113.8 msec : 0
113.9 msec : 0
114.0 msec : 0
114.1 msec : 0
114.2 msec : 0
114.3 msec : 0
114.4 msec : 0
114.5 msec : 0
114.6 msec : 0
114.7 msec : 0
114.8 msec : 0
114.9 msec : 0
115.0 msec : 0
115.1 msec : 0
115.2 msec : 0
115.3 msec : 0
115.4 msec : 0
115.5 msec : 0
115.6 msec : 0
115.7 msec : 0
115.8 msec : 0
115.9 msec : 0
116.0 msec : 0
116.1 msec : 0
116.2 msec : 0
116.3 msec : 0
116.4 msec : 0
116.5 msec : 0
116.6 msec : 0
116.7 msec : 0
116.8 msec : 0
116.9 msec : 0
117.0 msec : 0
117.1 msec : 0
117.2 msec : 0
117.3 msec : 0
117.4 msec : 0
117.5 msec : 0
117.6 msec : 0
117.7 msec : 0
117.8 msec : 0
117.9 msec : 0
118.0 msec : 0
118.1 msec : 0
118.2 msec : 0
118.3 msec : 0
118.4 msec : 0
118.5 msec : 0
118.6 msec : 0
118.7 msec : 0
118.8 msec : 0
118.9 msec : 0
119.0 msec : 0
119.1 msec : 0
119.2 msec : 0
119.3 msec : 0
119.4 msec : 0
119.5 msec : 0
119.6 msec : 0
119.7 msec : 0
119.8 msec : 0
119.9 msec : 0
120.0 msec : 0
120.1 msec : 0
120.2 msec : 0
120.3 msec : 0
120.4 msec : 0
120.5 msec : 0
120.6 msec : 0
120.7 msec : 0
120.8 msec : 0
120.9 msec : 0
121.0 msec : 0
121.1 msec : 0
121.2 msec : 0
121.3 msec : 0
121.4 msec : 0
121.5 msec : 0
121.6 msec : 0
121.7 msec : 0
121.8 msec : 0
121.9 msec : 0
122.0 msec : 0
122.1 msec : 0
122.2 msec : 0
122.3 msec : 0
122.4 msec : 0
122.5 msec : 0
122.6 msec : 0
122.7 msec : 0
122.8 msec : 0
122.9 msec : 0
123.0 msec : 0
123.1 msec : 0
123.2 msec : 0
123.3 msec : 0
123.4 msec : 0
123.5 msec : 0
123.6 msec : 0
123.7 msec : 0
123.8 msec : 0
123.9 msec : 0
124.0 msec : 0
124.1 msec : 0
124.2 msec : 0
124.3 msec : 0
124.4 msec : 0
124.5 msec : 0
124.6 msec : 0
124.7 msec : 0
124.8 msec : 0
124.9 msec : 0
125.0 msec : 0
125.1 msec : 0
125.2 msec : 0
125.3 msec : 0
125.4 msec : 0
125.5 msec : 0
125.6 msec : 0
125.7 msec : 0
125.8 msec : 0
125.9 msec : 0
126.0 msec : 0
126.1 msec : 0
126.2 msec : 0
126.3 msec : 0
126.4 msec : 0
126.5 msec : 0
126.6 msec : 0
126.7 msec : 0
126.8 msec : 0
126.9 msec : 0
127.0 msec : 0
127.1 msec : 0
127.2 msec : 0
127.3 msec : 0
127.4 msec : 0
127.5 msec : 0
127.6 msec : 0
127.7 msec : 0
127.8 msec : 0
127.9 msec : 0
128.0 msec : 0
128.1 msec : 0
128.2 msec : 0
128.3 msec : 0
128.4 msec : 0
128.5 msec : 0
128.6 msec : 0
128.7 msec : 0
128.8 msec : 0
128.9 msec : 0
129.0 msec : 0
129.1 msec : 0
129.2 msec : 0
129.3 msec : 0
129.4 msec : 0
129.5 msec : 0
129.6 msec : 0
129.7 msec : 0
129.8 msec : 0
129.9 msec : 0
130.0 msec : 0
130.1 msec : 0
130.2 msec : 0
130.3 msec : 0
130.4 msec : 0
130.5 msec : 0
130.6 msec : 0
130.7 msec : 0
130.8 msec : 0
130.9 msec : 0
131.0 msec : 0
131.1 msec : 1
131.2 msec : 0
131.3 msec : 1
131.4 msec : 0
131.5 msec : 0
131.6 msec : 0
131.7 msec : 0
131.8 msec : 0
131.9 msec : 0
132.0 msec : 0
132.1 msec : 0
132.2 msec : 0
132.3 msec : 0
132.4 msec : 0
132.5 msec : 0
132.6 msec : 0
132.7 msec : 0
132.8 msec : 0
132.9 msec : 1
133.0 msec : 0
133.1 msec : 0
133.2 msec : 0
133.3 msec : 0
133.4 msec : 0
133.5 msec : 0
133.6 msec : 0
133.7 msec : 0
133.8 msec : 0
133.9 msec : 0
134.0 msec : 0
134.1 msec : 0
134.2 msec : 0
134.3 msec : 0
134.4 msec : 0
134.5 msec : 0
134.6 msec : 0
134.7 msec : 0
134.8 msec : 0
134.9 msec : 0
135.0 msec : 0
135.1 msec : 0
135.2 msec : 0
135.3 msec : 0
135.4 msec : 0
135.5 msec : 0
135.6 msec : 0
135.7 msec : 0
135.8 msec : 0
135.9 msec : 0
136.0 msec : 0
136.1 msec : 0
136.2 msec : 0
136.3 msec : 0
136.4 msec : 0
136.5 msec : 0
136.6 msec : 0
136.7 msec : 0
136.8 msec : 0
136.9 msec : 0
137.0 msec : 0
137.1 msec : 0
137.2 msec : 0
137.3 msec : 0
137.4 msec : 0
137.5 msec : 0
137.6 msec : 0
137.7 msec : 0
137.8 msec : 0
137.9 msec : 0
138.0 msec : 0
138.1 msec : 0
138.2 msec : 0
138.3 msec : 0
138.4 msec : 0
138.5 msec : 0
138.6 msec : 0
138.7 msec : 0
138.8 msec : 0
138.9 msec : 0
139.0 msec : 0
139.1 msec : 0
139.2 msec : 0
139.3 msec : 0
139.4 msec : 0
139.5 msec : 0
139.6 msec : 0
139.7 msec : 0
139.8 msec : 0
139.9 msec : 0
140.0 msec : 0
140.1 msec : 1
140.2 msec : 0
140.3 msec : 0
