Middleware started...
Middleware shuts down...
Smaller resolution statistics are in a log file...
Final aggregates per worker:


Worker 46
Average throughput (ops/sec) = 59
Average response time (msec) = 6.144418209302326
Average queue length = 3
Average wait time in queue (msec) = 0.7941619844961241
Average service time (msec) = 3.801644503875969
Number of SET = 59
Number of GET = 0
Number of MULTI GET = 0


Worker 47
Average throughput (ops/sec) = 57
Average response time (msec) = 6.602620108527131
Average queue length = 2
Average wait time in queue (msec) = 0.7891714031007752
Average service time (msec) = 4.100023775193798
Number of SET = 57
Number of GET = 0
Number of MULTI GET = 0


Worker 48
Average throughput (ops/sec) = 58
Average response time (msec) = 6.473261837209302
Average queue length = 3
Average wait time in queue (msec) = 0.7372940310077519
Average service time (msec) = 3.7347798449612406
Number of SET = 58
Number of GET = 0
Number of MULTI GET = 0


Worker 49
Average throughput (ops/sec) = 58
Average response time (msec) = 6.118392519379845
Average queue length = 2
Average wait time in queue (msec) = 0.8105446356589147
Average service time (msec) = 3.943322891472868
Number of SET = 58
Number of GET = 0
Number of MULTI GET = 0


Worker 42
Average throughput (ops/sec) = 57
Average response time (msec) = 6.013631046875
Average queue length = 3
Average wait time in queue (msec) = 0.7216815
Average service time (msec) = 4.1289152265625
Number of SET = 57
Number of GET = 0
Number of MULTI GET = 0


Worker 43
Average throughput (ops/sec) = 58
Average response time (msec) = 7.022500294573644
Average queue length = 3
Average wait time in queue (msec) = 0.8322627209302326
Average service time (msec) = 4.088874240310077
Number of SET = 58
Number of GET = 0
Number of MULTI GET = 0


Worker 44
Average throughput (ops/sec) = 59
Average response time (msec) = 5.850525
Average queue length = 3
Average wait time in queue (msec) = 0.7860294341085271
Average service time (msec) = 3.841720031007752
Number of SET = 59
Number of GET = 0
Number of MULTI GET = 0


Worker 45
Average throughput (ops/sec) = 58
Average response time (msec) = 6.301823837209302
Average queue length = 2
Average wait time in queue (msec) = 0.8797034108527132
Average service time (msec) = 4.174844356589148
Number of SET = 58
Number of GET = 0
Number of MULTI GET = 0


Worker 50
Average throughput (ops/sec) = 59
Average response time (msec) = 6.694602124031007
Average queue length = 2
Average wait time in queue (msec) = 0.8059719147286821
Average service time (msec) = 4.173827697674419
Number of SET = 59
Number of GET = 0
Number of MULTI GET = 0


Worker 51
Average throughput (ops/sec) = 59
Average response time (msec) = 6.481457627906977
Average queue length = 3
Average wait time in queue (msec) = 0.7877256666666667
Average service time (msec) = 4.266998713178294
Number of SET = 59
Number of GET = 0
Number of MULTI GET = 0


Worker 52
Average throughput (ops/sec) = 58
Average response time (msec) = 6.026472906976744
Average queue length = 4
Average wait time in queue (msec) = 0.6954643953488373
Average service time (msec) = 4.1043417829457365
Number of SET = 58
Number of GET = 0
Number of MULTI GET = 0


Worker 57
Average throughput (ops/sec) = 58
Average response time (msec) = 7.032682976744186
Average queue length = 3
Average wait time in queue (msec) = 0.7894399534883721
Average service time (msec) = 4.689252046511628
Number of SET = 58
Number of GET = 0
Number of MULTI GET = 0


Worker 13
Average throughput (ops/sec) = 157
Average response time (msec) = 11.381533603741497
Average queue length = 8
Average wait time in queue (msec) = 4.705070294217687
Average service time (msec) = 5.807504639455782
Number of SET = 157
Number of GET = 0
Number of MULTI GET = 0


Worker 58
Average throughput (ops/sec) = 60
Average response time (msec) = 6.2088256953125
Average queue length = 2
Average wait time in queue (msec) = 0.71617196875
Average service time (msec) = 4.1810383203125
Number of SET = 60
Number of GET = 0
Number of MULTI GET = 0


Worker 14
Average throughput (ops/sec) = 157
Average response time (msec) = 9.274047187074832
Average queue length = 9
Average wait time in queue (msec) = 4.757959775510204
Average service time (msec) = 3.7093170442176873
Number of SET = 157
Number of GET = 0
Number of MULTI GET = 0


Worker 59
Average throughput (ops/sec) = 58
Average response time (msec) = 6.4285325234375
Average queue length = 2
Average wait time in queue (msec) = 0.7824552421875
Average service time (msec) = 4.131733046875
Number of SET = 58
Number of GET = 0
Number of MULTI GET = 0


Worker 15
Average throughput (ops/sec) = 158
Average response time (msec) = 9.87404099829932
Average queue length = 8
Average wait time in queue (msec) = 4.712605557823129
Average service time (msec) = 4.342205454081633
Number of SET = 158
Number of GET = 0
Number of MULTI GET = 0


Worker 16
Average throughput (ops/sec) = 157
Average response time (msec) = 10.056851552721088
Average queue length = 9
Average wait time in queue (msec) = 4.6924000408163264
Average service time (msec) = 2.9122569166666663
Number of SET = 157
Number of GET = 0
Number of MULTI GET = 0


Worker 53
Average throughput (ops/sec) = 59
Average response time (msec) = 6.16925176744186
Average queue length = 2
Average wait time in queue (msec) = 0.752622503875969
Average service time (msec) = 3.946212069767442
Number of SET = 59
Number of GET = 0
Number of MULTI GET = 0


Worker 54
Average throughput (ops/sec) = 59
Average response time (msec) = 6.384660546875
Average queue length = 2
Average wait time in queue (msec) = 0.7377505625
Average service time (msec) = 4.143885859375
Number of SET = 58
Number of GET = 0
Number of MULTI GET = 0


Worker 10
Average throughput (ops/sec) = 157
Average response time (msec) = 9.90197506632653
Average queue length = 9
Average wait time in queue (msec) = 4.714531950680271
Average service time (msec) = 4.371401350340136
Number of SET = 157
Number of GET = 0
Number of MULTI GET = 0


Worker 55
Average throughput (ops/sec) = 57
Average response time (msec) = 6.16289715503876
Average queue length = 2
Average wait time in queue (msec) = 0.7950809922480621
Average service time (msec) = 4.050922503875969
Number of SET = 57
Number of GET = 0
Number of MULTI GET = 0


Worker 11
Average throughput (ops/sec) = 158
Average response time (msec) = 9.51119644557823
Average queue length = 9
Average wait time in queue (msec) = 4.743840047619048
Average service time (msec) = 3.868851595238095
Number of SET = 158
Number of GET = 0
Number of MULTI GET = 0


Worker 56
Average throughput (ops/sec) = 59
Average response time (msec) = 6.1870028984375
Average queue length = 3
Average wait time in queue (msec) = 0.73790296875
Average service time (msec) = 3.9022177265625
Number of SET = 59
Number of GET = 0
Number of MULTI GET = 0


Worker 12
Average throughput (ops/sec) = 158
Average response time (msec) = 11.368638358843537
Average queue length = 9
Average wait time in queue (msec) = 4.751143380952381
Average service time (msec) = 2.971555018707483
Number of SET = 158
Number of GET = 0
Number of MULTI GET = 0


Worker 17
Average throughput (ops/sec) = 92
Average response time (msec) = 5.3683730999999995
Average queue length = 5
Average wait time in queue (msec) = 0.9610302121212122
Average service time (msec) = 3.4516103575757575
Number of SET = 92
Number of GET = 0
Number of MULTI GET = 0


Worker 18
Average throughput (ops/sec) = 92
Average response time (msec) = 5.612689318181818
Average queue length = 5
Average wait time in queue (msec) = 0.9462891848484848
Average service time (msec) = 3.3475981212121213
Number of SET = 92
Number of GET = 0
Number of MULTI GET = 0


Worker 19
Average throughput (ops/sec) = 92
Average response time (msec) = 5.5432688151515155
Average queue length = 4
Average wait time in queue (msec) = 0.9726201454545456
Average service time (msec) = 3.255132184848485
Number of SET = 92
Number of GET = 0
Number of MULTI GET = 0


Worker 60
Average throughput (ops/sec) = 61
Average response time (msec) = 6.1505695078125
Average queue length = 2
Average wait time in queue (msec) = 0.7911294140625
Average service time (msec) = 3.8716322265625
Number of SET = 61
Number of GET = 0
Number of MULTI GET = 0


Worker 61
Average throughput (ops/sec) = 59
Average response time (msec) = 6.318723410852714
Average queue length = 3
Average wait time in queue (msec) = 0.669549519379845
Average service time (msec) = 4.1773872868217055
Number of SET = 59
Number of GET = 0
Number of MULTI GET = 0


Worker 62
Average throughput (ops/sec) = 58
Average response time (msec) = 6.73663519379845
Average queue length = 3
Average wait time in queue (msec) = 0.7357057596899225
Average service time (msec) = 4.323037317829457
Number of SET = 58
Number of GET = 0
Number of MULTI GET = 0


Worker 63
Average throughput (ops/sec) = 59
Average response time (msec) = 6.442565751937985
Average queue length = 2
Average wait time in queue (msec) = 0.7577891627906976
Average service time (msec) = 4.021455333333334
Number of SET = 59
Number of GET = 0
Number of MULTI GET = 0


Worker 24
Average throughput (ops/sec) = 92
Average response time (msec) = 5.350241027272728
Average queue length = 4
Average wait time in queue (msec) = 0.9669737515151514
Average service time (msec) = 3.3562826030303032
Number of SET = 92
Number of GET = 0
Number of MULTI GET = 0


Worker 7
Average throughput (ops/sec) = 245
Average response time (msec) = 8.829578221577727
Average queue length = 13
Average wait time in queue (msec) = 4.952516668213457
Average service time (msec) = 3.1767816229698376
Number of SET = 245
Number of GET = 0
Number of MULTI GET = 0


Worker 25
Average throughput (ops/sec) = 92
Average response time (msec) = 5.4930532727272725
Average queue length = 4
Average wait time in queue (msec) = 0.9416079636363637
Average service time (msec) = 3.5499568878787877
Number of SET = 92
Number of GET = 0
Number of MULTI GET = 0


Worker 6
Average throughput (ops/sec) = 246
Average response time (msec) = 6.156815828106852
Average queue length = 12
Average wait time in queue (msec) = 3.0284047839721255
Average service time (msec) = 2.4818468896631822
Number of SET = 246
Number of GET = 0
Number of MULTI GET = 0


Worker 26
Average throughput (ops/sec) = 92
Average response time (msec) = 5.36731993939394
Average queue length = 5
Average wait time in queue (msec) = 0.9589476818181818
Average service time (msec) = 3.2787236545454546
Number of SET = 92
Number of GET = 0
Number of MULTI GET = 0


Worker 9
Average throughput (ops/sec) = 158
Average response time (msec) = 9.385387680272109
Average queue length = 8
Average wait time in queue (msec) = 4.732203329931973
Average service time (msec) = 3.8559107193877553
Number of SET = 158
Number of GET = 0
Number of MULTI GET = 0


Worker 27
Average throughput (ops/sec) = 93
Average response time (msec) = 5.556663645454545
Average queue length = 4
Average wait time in queue (msec) = 0.9817617272727273
Average service time (msec) = 3.316027178787879
Number of SET = 93
Number of GET = 0
Number of MULTI GET = 0


Worker 8
Average throughput (ops/sec) = 245
Average response time (msec) = 9.147752125290022
Average queue length = 12
Average wait time in queue (msec) = 4.963143503480279
Average service time (msec) = 3.540651118329466
Number of SET = 245
Number of GET = 0
Number of MULTI GET = 0


Worker 64
Average throughput (ops/sec) = 59
Average response time (msec) = 6.300708961240311
Average queue length = 1
Average wait time in queue (msec) = 0.7306633875968992
Average service time (msec) = 4.36080384496124
Number of SET = 59
Number of GET = 0
Number of MULTI GET = 0


Worker 20
Average throughput (ops/sec) = 92
Average response time (msec) = 5.241404175757576
Average queue length = 4
Average wait time in queue (msec) = 0.9534739757575758
Average service time (msec) = 3.2914421454545457
Number of SET = 92
Number of GET = 0
Number of MULTI GET = 0


Worker 3
Average throughput (ops/sec) = 245
Average response time (msec) = 9.08606288399072
Average queue length = 12
Average wait time in queue (msec) = 4.95853793387471
Average service time (msec) = 3.4810858654292343
Number of SET = 245
Number of GET = 0
Number of MULTI GET = 0


Worker 21
Average throughput (ops/sec) = 92
Average response time (msec) = 5.626938848484849
Average queue length = 4
Average wait time in queue (msec) = 0.9878133333333333
Average service time (msec) = 3.458309309090909
Number of SET = 92
Number of GET = 0
Number of MULTI GET = 0


Worker 2
Average throughput (ops/sec) = 246
Average response time (msec) = 8.678307730858469
Average queue length = 12
Average wait time in queue (msec) = 4.931710228538283
Average service time (msec) = 3.043195084686775
Number of SET = 246
Number of GET = 0
Number of MULTI GET = 0


Worker 22
Average throughput (ops/sec) = 93
Average response time (msec) = 5.4906743
Average queue length = 4
Average wait time in queue (msec) = 0.9677261515151515
Average service time (msec) = 3.5079744696969697
Number of SET = 93
Number of GET = 0
Number of MULTI GET = 0


Worker 5
Average throughput (ops/sec) = 246
Average response time (msec) = 8.464130629930393
Average queue length = 12
Average wait time in queue (msec) = 4.961983259860788
Average service time (msec) = 2.8554662366589327
Number of SET = 246
Number of GET = 0
Number of MULTI GET = 0


Worker 23
Average throughput (ops/sec) = 92
Average response time (msec) = 5.512684148484849
Average queue length = 4
Average wait time in queue (msec) = 1.0001255575757577
Average service time (msec) = 3.253919478787879
Number of SET = 92
Number of GET = 0
Number of MULTI GET = 0


Worker 4
Average throughput (ops/sec) = 246
Average response time (msec) = 10.137034255220417
Average queue length = 12
Average wait time in queue (msec) = 4.981583170533643
Average service time (msec) = 2.5548736426914154
Number of SET = 245
Number of GET = 0
Number of MULTI GET = 0


Worker 28
Average throughput (ops/sec) = 93
Average response time (msec) = 5.27241336969697
Average queue length = 4
Average wait time in queue (msec) = 0.9526045484848484
Average service time (msec) = 3.2940304696969696
Number of SET = 93
Number of GET = 0
Number of MULTI GET = 0


Worker 29
Average throughput (ops/sec) = 93
Average response time (msec) = 5.3575803242424245
Average queue length = 5
Average wait time in queue (msec) = 0.9468219636363636
Average service time (msec) = 3.364783836363636
Number of SET = 92
Number of GET = 0
Number of MULTI GET = 0


Worker 1
Average throughput (ops/sec) = 246
Average response time (msec) = 9.040470182134571
Average queue length = 12
Average wait time in queue (msec) = 4.951754277262181
Average service time (msec) = 3.4493960986078886
Number of SET = 246
Number of GET = 0
Number of MULTI GET = 0


Worker 30
Average throughput (ops/sec) = 92
Average response time (msec) = 5.437425536363636
Average queue length = 4
Average wait time in queue (msec) = 0.9575177787878788
Average service time (msec) = 3.530434927272727
Number of SET = 92
Number of GET = 0
Number of MULTI GET = 0


Worker 35
Average throughput (ops/sec) = 58
Average response time (msec) = 6.872788170542636
Average queue length = 3
Average wait time in queue (msec) = 0.7423113100775194
Average service time (msec) = 5.004929488372093
Number of SET = 58
Number of GET = 0
Number of MULTI GET = 0


Worker 36
Average throughput (ops/sec) = 57
Average response time (msec) = 6.906292170542636
Average queue length = 3
Average wait time in queue (msec) = 0.8109575736434108
Average service time (msec) = 4.124683604651163
Number of SET = 57
Number of GET = 0
Number of MULTI GET = 0


Worker 37
Average throughput (ops/sec) = 57
Average response time (msec) = 7.154041356589147
Average queue length = 3
Average wait time in queue (msec) = 0.6822835426356588
Average service time (msec) = 4.632870294573643
Number of SET = 57
Number of GET = 0
Number of MULTI GET = 0


Worker 38
Average throughput (ops/sec) = 58
Average response time (msec) = 6.64351572868217
Average queue length = 3
Average wait time in queue (msec) = 0.8669984573643411
Average service time (msec) = 4.3564994263565895
Number of SET = 58
Number of GET = 0
Number of MULTI GET = 0


Worker 31
Average throughput (ops/sec) = 93
Average response time (msec) = 5.502402396969696
Average queue length = 4
Average wait time in queue (msec) = 1.0433632393939394
Average service time (msec) = 3.1702215272727274
Number of SET = 93
Number of GET = 0
Number of MULTI GET = 0


Worker 32
Average throughput (ops/sec) = 93
Average response time (msec) = 5.687500587878788
Average queue length = 4
Average wait time in queue (msec) = 0.9969080303030303
Average service time (msec) = 3.5442543727272726
Number of SET = 93
Number of GET = 0
Number of MULTI GET = 0


Worker 33
Average throughput (ops/sec) = 57
Average response time (msec) = 6.672678364341085
Average queue length = 3
Average wait time in queue (msec) = 0.8445041782945737
Average service time (msec) = 4.015287813953488
Number of SET = 57
Number of GET = 0
Number of MULTI GET = 0


Worker 34
Average throughput (ops/sec) = 57
Average response time (msec) = 6.927390085271318
Average queue length = 3
Average wait time in queue (msec) = 0.726425007751938
Average service time (msec) = 3.9462267596899223
Number of SET = 57
Number of GET = 0
Number of MULTI GET = 0


Worker 39
Average throughput (ops/sec) = 58
Average response time (msec) = 5.716944968992248
Average queue length = 3
Average wait time in queue (msec) = 0.729405534883721
Average service time (msec) = 3.7405402558139533
Number of SET = 58
Number of GET = 0
Number of MULTI GET = 0


Worker 40
Average throughput (ops/sec) = 57
Average response time (msec) = 7.08726180620155
Average queue length = 3
Average wait time in queue (msec) = 0.7912952480620156
Average service time (msec) = 4.603641418604651
Number of SET = 57
Number of GET = 0
Number of MULTI GET = 0


Worker 41
Average throughput (ops/sec) = 57
Average response time (msec) = 6.769120124031008
Average queue length = 3
Average wait time in queue (msec) = 0.7148264341085272
Average service time (msec) = 4.257362007751938
Number of SET = 57
Number of GET = 0
Number of MULTI GET = 0


FINAL STATS
Average throughput (ops/sec) = 6565
Average response time (msec) = 4.730467615824483
Average queue length = 4
Average wait time in queue (msec) = 1.8065664573090896
Average service time (msec) = 3.8005298834015924
Number of SET = 102
Number of GET = 0
Number of MULTI GET = 0
Number of Cache misses = 0


Histogram response times (0.1 msec step)
0.0 msec : 16
0.1 msec : 151
0.2 msec : 436
0.3 msec : 720
0.4 msec : 880
0.5 msec : 820
0.6 msec : 789
0.7 msec : 765
0.8 msec : 732
0.9 msec : 691
1.0 msec : 646
1.1 msec : 519
1.2 msec : 527
1.3 msec : 514
1.4 msec : 496
1.5 msec : 507
1.6 msec : 466
1.7 msec : 435
1.8 msec : 392
1.9 msec : 414
2.0 msec : 404
2.1 msec : 374
2.2 msec : 347
2.3 msec : 374
2.4 msec : 338
2.5 msec : 306
2.6 msec : 313
2.7 msec : 304
2.8 msec : 290
2.9 msec : 286
3.0 msec : 257
3.1 msec : 264
3.2 msec : 268
3.3 msec : 230
3.4 msec : 265
3.5 msec : 270
3.6 msec : 237
3.7 msec : 228
3.8 msec : 232
3.9 msec : 228
4.0 msec : 249
4.1 msec : 223
4.2 msec : 213
4.3 msec : 221
4.4 msec : 197
4.5 msec : 195
4.6 msec : 204
4.7 msec : 197
4.8 msec : 192
4.9 msec : 171
5.0 msec : 159
5.1 msec : 160
5.2 msec : 170
5.3 msec : 169
5.4 msec : 151
5.5 msec : 153
5.6 msec : 158
5.7 msec : 137
5.8 msec : 124
5.9 msec : 112
6.0 msec : 108
6.1 msec : 141
6.2 msec : 132
6.3 msec : 105
6.4 msec : 128
6.5 msec : 114
6.6 msec : 103
6.7 msec : 104
6.8 msec : 111
6.9 msec : 101
7.0 msec : 99
7.1 msec : 86
7.2 msec : 105
7.3 msec : 81
7.4 msec : 75
7.5 msec : 80
7.6 msec : 71
7.7 msec : 71
7.8 msec : 58
7.9 msec : 65
8.0 msec : 57
8.1 msec : 81
8.2 msec : 55
8.3 msec : 70
8.4 msec : 76
8.5 msec : 73
8.6 msec : 73
8.7 msec : 64
8.8 msec : 63
8.9 msec : 58
9.0 msec : 62
9.1 msec : 48
9.2 msec : 68
9.3 msec : 63
9.4 msec : 54
9.5 msec : 64
9.6 msec : 58
9.7 msec : 56
9.8 msec : 55
9.9 msec : 40
10.0 msec : 54
10.1 msec : 61
10.2 msec : 39
10.3 msec : 39
10.4 msec : 45
10.5 msec : 34
10.6 msec : 47
10.7 msec : 43
10.8 msec : 39
10.9 msec : 36
11.0 msec : 44
11.1 msec : 28
11.2 msec : 28
11.3 msec : 25
11.4 msec : 35
11.5 msec : 30
11.6 msec : 28
11.7 msec : 25
11.8 msec : 40
11.9 msec : 24
12.0 msec : 27
12.1 msec : 23
12.2 msec : 28
12.3 msec : 13
12.4 msec : 32
12.5 msec : 25
12.6 msec : 25
12.7 msec : 33
12.8 msec : 18
12.9 msec : 26
13.0 msec : 23
13.1 msec : 28
13.2 msec : 27
13.3 msec : 23
13.4 msec : 30
13.5 msec : 29
13.6 msec : 23
13.7 msec : 19
13.8 msec : 17
13.9 msec : 19
14.0 msec : 22
14.1 msec : 22
14.2 msec : 20
14.3 msec : 19
14.4 msec : 21
14.5 msec : 19
14.6 msec : 9
14.7 msec : 22
14.8 msec : 17
14.9 msec : 15
15.0 msec : 18
15.1 msec : 14
15.2 msec : 27
15.3 msec : 11
15.4 msec : 17
15.5 msec : 21
15.6 msec : 8
15.7 msec : 9
15.8 msec : 15
15.9 msec : 9
16.0 msec : 11
16.1 msec : 12
16.2 msec : 9
16.3 msec : 12
16.4 msec : 13
16.5 msec : 8
16.6 msec : 11
16.7 msec : 9
16.8 msec : 10
16.9 msec : 7
17.0 msec : 4
17.1 msec : 12
17.2 msec : 7
17.3 msec : 5
17.4 msec : 10
17.5 msec : 8
17.6 msec : 9
17.7 msec : 11
17.8 msec : 10
17.9 msec : 7
18.0 msec : 4
18.1 msec : 6
18.2 msec : 4
18.3 msec : 5
18.4 msec : 11
18.5 msec : 11
18.6 msec : 6
18.7 msec : 4
18.8 msec : 6
18.9 msec : 9
19.0 msec : 4
19.1 msec : 5
19.2 msec : 4
19.3 msec : 5
19.4 msec : 9
19.5 msec : 13
19.6 msec : 3
19.7 msec : 9
19.8 msec : 2
19.9 msec : 7
20.0 msec : 8
20.1 msec : 6
20.2 msec : 3
20.3 msec : 1
20.4 msec : 5
20.5 msec : 5
20.6 msec : 8
20.7 msec : 5
20.8 msec : 6
20.9 msec : 4
21.0 msec : 6
21.1 msec : 6
21.2 msec : 5
21.3 msec : 3
21.4 msec : 2
21.5 msec : 2
21.6 msec : 3
21.7 msec : 4
21.8 msec : 7
21.9 msec : 3
22.0 msec : 7
22.1 msec : 4
22.2 msec : 6
22.3 msec : 2
22.4 msec : 6
22.5 msec : 3
22.6 msec : 3
22.7 msec : 1
22.8 msec : 4
22.9 msec : 1
23.0 msec : 4
23.1 msec : 2
23.2 msec : 2
23.3 msec : 2
23.4 msec : 4
23.5 msec : 2
23.6 msec : 3
23.7 msec : 2
23.8 msec : 0
23.9 msec : 2
24.0 msec : 0
24.1 msec : 4
24.2 msec : 5
24.3 msec : 4
24.4 msec : 0
24.5 msec : 1
24.6 msec : 2
24.7 msec : 1
24.8 msec : 0
24.9 msec : 3
25.0 msec : 2
25.1 msec : 2
25.2 msec : 2
25.3 msec : 3
25.4 msec : 3
25.5 msec : 3
25.6 msec : 0
25.7 msec : 1
25.8 msec : 1
25.9 msec : 1
26.0 msec : 3
26.1 msec : 2
26.2 msec : 1
26.3 msec : 5
26.4 msec : 2
26.5 msec : 3
26.6 msec : 2
26.7 msec : 2
26.8 msec : 0
26.9 msec : 3
27.0 msec : 1
27.1 msec : 0
27.2 msec : 2
27.3 msec : 0
27.4 msec : 0
27.5 msec : 0
27.6 msec : 0
27.7 msec : 1
27.8 msec : 1
27.9 msec : 1
28.0 msec : 2
28.1 msec : 1
28.2 msec : 2
28.3 msec : 0
28.4 msec : 0
28.5 msec : 1
28.6 msec : 1
28.7 msec : 1
28.8 msec : 1
28.9 msec : 2
29.0 msec : 1
29.1 msec : 0
29.2 msec : 0
29.3 msec : 2
29.4 msec : 1
29.5 msec : 0
29.6 msec : 1
29.7 msec : 1
29.8 msec : 3
29.9 msec : 1
30.0 msec : 1
30.1 msec : 0
30.2 msec : 0
30.3 msec : 0
30.4 msec : 2
30.5 msec : 1
30.6 msec : 0
30.7 msec : 0
30.8 msec : 1
30.9 msec : 0
31.0 msec : 0
31.1 msec : 1
31.2 msec : 0
31.3 msec : 0
31.4 msec : 1
31.5 msec : 0
31.6 msec : 2
31.7 msec : 1
31.8 msec : 1
31.9 msec : 0
32.0 msec : 0
32.1 msec : 1
32.2 msec : 0
32.3 msec : 1
32.4 msec : 3
32.5 msec : 0
32.6 msec : 0
32.7 msec : 1
32.8 msec : 0
32.9 msec : 0
33.0 msec : 0
33.1 msec : 0
33.2 msec : 1
33.3 msec : 1
33.4 msec : 0
33.5 msec : 0
33.6 msec : 0
33.7 msec : 1
33.8 msec : 0
33.9 msec : 0
34.0 msec : 0
34.1 msec : 0
34.2 msec : 1
34.3 msec : 1
34.4 msec : 0
34.5 msec : 0
34.6 msec : 0
34.7 msec : 0
34.8 msec : 0
34.9 msec : 0
35.0 msec : 0
35.1 msec : 1
35.2 msec : 0
35.3 msec : 1
35.4 msec : 0
35.5 msec : 1
35.6 msec : 0
35.7 msec : 0
35.8 msec : 0
35.9 msec : 1
36.0 msec : 0
36.1 msec : 0
36.2 msec : 0
36.3 msec : 0
36.4 msec : 0
36.5 msec : 1
36.6 msec : 1
36.7 msec : 1
36.8 msec : 0
36.9 msec : 0
37.0 msec : 0
37.1 msec : 1
37.2 msec : 0
37.3 msec : 1
37.4 msec : 2
37.5 msec : 0
37.6 msec : 0
37.7 msec : 0
37.8 msec : 0
37.9 msec : 0
38.0 msec : 0
38.1 msec : 0
38.2 msec : 0
38.3 msec : 0
38.4 msec : 0
38.5 msec : 1
38.6 msec : 0
38.7 msec : 0
38.8 msec : 0
38.9 msec : 0
39.0 msec : 0
39.1 msec : 0
39.2 msec : 0
39.3 msec : 0
39.4 msec : 0
39.5 msec : 0
39.6 msec : 0
39.7 msec : 0
39.8 msec : 0
39.9 msec : 1
40.0 msec : 0
40.1 msec : 0
40.2 msec : 1
40.3 msec : 0
40.4 msec : 0
40.5 msec : 1
40.6 msec : 0
40.7 msec : 0
40.8 msec : 1
40.9 msec : 0
41.0 msec : 1
41.1 msec : 0
41.2 msec : 0
41.3 msec : 1
41.4 msec : 1
41.5 msec : 0
41.6 msec : 0
41.7 msec : 0
41.8 msec : 0
41.9 msec : 0
42.0 msec : 0
42.1 msec : 0
42.2 msec : 0
42.3 msec : 2
42.4 msec : 0
42.5 msec : 0
42.6 msec : 0
42.7 msec : 0
42.8 msec : 0
42.9 msec : 0
43.0 msec : 0
43.1 msec : 0
43.2 msec : 0
43.3 msec : 0
43.4 msec : 0
43.5 msec : 0
43.6 msec : 0
43.7 msec : 0
43.8 msec : 0
43.9 msec : 1
44.0 msec : 0
44.1 msec : 0
44.2 msec : 2
44.3 msec : 0
44.4 msec : 0
44.5 msec : 0
44.6 msec : 0
44.7 msec : 0
44.8 msec : 0
44.9 msec : 0
45.0 msec : 1
45.1 msec : 0
45.2 msec : 0
45.3 msec : 0
45.4 msec : 1
45.5 msec : 0
45.6 msec : 0
45.7 msec : 0
45.8 msec : 0
45.9 msec : 0
46.0 msec : 0
46.1 msec : 0
46.2 msec : 1
46.3 msec : 0
46.4 msec : 0
46.5 msec : 0
46.6 msec : 0
46.7 msec : 0
46.8 msec : 1
46.9 msec : 1
47.0 msec : 0
47.1 msec : 1
47.2 msec : 3
47.3 msec : 1
47.4 msec : 1
47.5 msec : 0
47.6 msec : 2
47.7 msec : 0
47.8 msec : 0
47.9 msec : 3
48.0 msec : 0
48.1 msec : 0
48.2 msec : 0
48.3 msec : 0
48.4 msec : 0
48.5 msec : 0
48.6 msec : 0
48.7 msec : 1
48.8 msec : 0
48.9 msec : 0
49.0 msec : 1
49.1 msec : 1
49.2 msec : 0
49.3 msec : 0
49.4 msec : 0
49.5 msec : 0
49.6 msec : 0
49.7 msec : 0
49.8 msec : 0
49.9 msec : 0
50.0 msec : 0
50.1 msec : 0
50.2 msec : 0
50.3 msec : 0
50.4 msec : 0
50.5 msec : 0
50.6 msec : 0
50.7 msec : 0
50.8 msec : 1
50.9 msec : 0
51.0 msec : 0
51.1 msec : 0
51.2 msec : 1
51.3 msec : 1
51.4 msec : 1
51.5 msec : 1
51.6 msec : 0
51.7 msec : 1
51.8 msec : 1
51.9 msec : 0
52.0 msec : 0
52.1 msec : 0
52.2 msec : 1
52.3 msec : 0
52.4 msec : 1
52.5 msec : 1
52.6 msec : 1
52.7 msec : 1
52.8 msec : 0
52.9 msec : 0
53.0 msec : 0
53.1 msec : 1
53.2 msec : 1
53.3 msec : 1
53.4 msec : 1
53.5 msec : 3
53.6 msec : 0
53.7 msec : 0
53.8 msec : 0
53.9 msec : 0
54.0 msec : 0
54.1 msec : 1
54.2 msec : 1
54.3 msec : 0
54.4 msec : 1
54.5 msec : 0
54.6 msec : 0
54.7 msec : 0
54.8 msec : 0
54.9 msec : 0
55.0 msec : 0
55.1 msec : 0
55.2 msec : 2
55.3 msec : 0
55.4 msec : 0
55.5 msec : 1
55.6 msec : 0
55.7 msec : 0
55.8 msec : 0
55.9 msec : 0
56.0 msec : 0
56.1 msec : 0
56.2 msec : 0
56.3 msec : 0
56.4 msec : 0
56.5 msec : 0
56.6 msec : 0
56.7 msec : 0
56.8 msec : 0
56.9 msec : 0
57.0 msec : 0
57.1 msec : 0
57.2 msec : 0
57.3 msec : 0
57.4 msec : 0
57.5 msec : 0
57.6 msec : 0
57.7 msec : 0
57.8 msec : 0
57.9 msec : 0
58.0 msec : 0
58.1 msec : 0
58.2 msec : 0
58.3 msec : 0
58.4 msec : 0
58.5 msec : 0
58.6 msec : 0
58.7 msec : 1
58.8 msec : 0
58.9 msec : 1
59.0 msec : 0
59.1 msec : 0
59.2 msec : 0
59.3 msec : 0
59.4 msec : 0
59.5 msec : 0
59.6 msec : 1
59.7 msec : 0
59.8 msec : 0
59.9 msec : 0
60.0 msec : 0
60.1 msec : 0
60.2 msec : 0
60.3 msec : 0
60.4 msec : 0
60.5 msec : 1
60.6 msec : 0
60.7 msec : 0
60.8 msec : 0
60.9 msec : 0
61.0 msec : 0
61.1 msec : 0
61.2 msec : 0
61.3 msec : 0
61.4 msec : 0
61.5 msec : 0
61.6 msec : 0
61.7 msec : 0
61.8 msec : 0
61.9 msec : 0
62.0 msec : 0
62.1 msec : 0
62.2 msec : 0
62.3 msec : 0
62.4 msec : 0
62.5 msec : 0
62.6 msec : 0
62.7 msec : 0
62.8 msec : 0
62.9 msec : 0
63.0 msec : 0
63.1 msec : 0
63.2 msec : 0
63.3 msec : 0
63.4 msec : 0
63.5 msec : 0
63.6 msec : 0
63.7 msec : 0
63.8 msec : 0
63.9 msec : 0
64.0 msec : 0
64.1 msec : 0
64.2 msec : 1
64.3 msec : 0
64.4 msec : 0
64.5 msec : 0
64.6 msec : 0
64.7 msec : 0
64.8 msec : 0
64.9 msec : 0
65.0 msec : 0
65.1 msec : 0
65.2 msec : 0
65.3 msec : 0
65.4 msec : 0
65.5 msec : 0
65.6 msec : 0
65.7 msec : 0
65.8 msec : 0
65.9 msec : 0
66.0 msec : 0
66.1 msec : 0
66.2 msec : 0
66.3 msec : 0
66.4 msec : 0
66.5 msec : 0
66.6 msec : 0
66.7 msec : 0
66.8 msec : 0
66.9 msec : 0
67.0 msec : 0
67.1 msec : 0
67.2 msec : 0
67.3 msec : 0
67.4 msec : 0
67.5 msec : 0
67.6 msec : 0
67.7 msec : 0
67.8 msec : 0
67.9 msec : 0
68.0 msec : 0
68.1 msec : 0
68.2 msec : 0
68.3 msec : 0
68.4 msec : 0
68.5 msec : 0
68.6 msec : 0
68.7 msec : 0
68.8 msec : 0
68.9 msec : 0
69.0 msec : 0
69.1 msec : 0
69.2 msec : 0
69.3 msec : 0
69.4 msec : 1
69.5 msec : 0
69.6 msec : 1
69.7 msec : 0
69.8 msec : 0
69.9 msec : 0
70.0 msec : 0
70.1 msec : 0
70.2 msec : 0
70.3 msec : 0
70.4 msec : 0
70.5 msec : 0
70.6 msec : 0
70.7 msec : 0
70.8 msec : 0
70.9 msec : 0
71.0 msec : 0
71.1 msec : 0
71.2 msec : 0
71.3 msec : 0
71.4 msec : 0
71.5 msec : 0
71.6 msec : 0
71.7 msec : 0
71.8 msec : 0
71.9 msec : 0
72.0 msec : 0
72.1 msec : 0
72.2 msec : 0
72.3 msec : 0
72.4 msec : 0
72.5 msec : 0
72.6 msec : 0
72.7 msec : 0
72.8 msec : 0
72.9 msec : 0
73.0 msec : 0
73.1 msec : 0
73.2 msec : 0
73.3 msec : 0
73.4 msec : 0
73.5 msec : 0
73.6 msec : 0
73.7 msec : 0
73.8 msec : 0
73.9 msec : 0
74.0 msec : 0
74.1 msec : 0
74.2 msec : 0
74.3 msec : 0
74.4 msec : 1
74.5 msec : 0
74.6 msec : 0
74.7 msec : 0
74.8 msec : 0
74.9 msec : 0
75.0 msec : 0
75.1 msec : 0
75.2 msec : 0
75.3 msec : 0
75.4 msec : 0
75.5 msec : 0
75.6 msec : 0
75.7 msec : 0
75.8 msec : 0
75.9 msec : 0
76.0 msec : 0
76.1 msec : 1
76.2 msec : 0
76.3 msec : 0
76.4 msec : 0
76.5 msec : 1
76.6 msec : 0
76.7 msec : 0
76.8 msec : 0
76.9 msec : 0
77.0 msec : 0
77.1 msec : 0
77.2 msec : 0
77.3 msec : 0
77.4 msec : 0
77.5 msec : 0
77.6 msec : 1
77.7 msec : 1
77.8 msec : 0
77.9 msec : 0
78.0 msec : 0
78.1 msec : 0
78.2 msec : 0
78.3 msec : 0
78.4 msec : 0
78.5 msec : 0
78.6 msec : 0
78.7 msec : 0
78.8 msec : 0
78.9 msec : 0
79.0 msec : 0
79.1 msec : 0
79.2 msec : 1
79.3 msec : 1
79.4 msec : 0
79.5 msec : 1
79.6 msec : 0
79.7 msec : 0
79.8 msec : 0
79.9 msec : 0
80.0 msec : 0
80.1 msec : 0
80.2 msec : 0
80.3 msec : 0
80.4 msec : 0
80.5 msec : 0
80.6 msec : 0
80.7 msec : 0
80.8 msec : 1
80.9 msec : 0
81.0 msec : 1
81.1 msec : 0
81.2 msec : 0
81.3 msec : 0
81.4 msec : 0
81.5 msec : 0
81.6 msec : 0
81.7 msec : 0
81.8 msec : 0
81.9 msec : 0
82.0 msec : 1
82.1 msec : 0
82.2 msec : 0
82.3 msec : 0
82.4 msec : 0
82.5 msec : 0
82.6 msec : 0
82.7 msec : 1
82.8 msec : 0
82.9 msec : 0
83.0 msec : 0
83.1 msec : 0
83.2 msec : 0
83.3 msec : 0
83.4 msec : 0
83.5 msec : 0
83.6 msec : 0
83.7 msec : 1
83.8 msec : 0
83.9 msec : 0
84.0 msec : 0
84.1 msec : 1
84.2 msec : 0
84.3 msec : 0
84.4 msec : 0
84.5 msec : 0
84.6 msec : 0
84.7 msec : 1
84.8 msec : 0
84.9 msec : 0
85.0 msec : 0
85.1 msec : 0
85.2 msec : 0
85.3 msec : 0
85.4 msec : 0
85.5 msec : 0
85.6 msec : 0
85.7 msec : 0
85.8 msec : 0
85.9 msec : 0
86.0 msec : 0
86.1 msec : 0
86.2 msec : 0
86.3 msec : 0
86.4 msec : 0
86.5 msec : 0
86.6 msec : 0
86.7 msec : 0
86.8 msec : 0
86.9 msec : 0
87.0 msec : 0
87.1 msec : 0
87.2 msec : 0
87.3 msec : 0
87.4 msec : 0
87.5 msec : 0
87.6 msec : 0
87.7 msec : 0
87.8 msec : 0
87.9 msec : 0
88.0 msec : 0
88.1 msec : 0
88.2 msec : 0
88.3 msec : 0
88.4 msec : 0
88.5 msec : 0
88.6 msec : 0
88.7 msec : 0
88.8 msec : 0
88.9 msec : 0
89.0 msec : 0
89.1 msec : 0
89.2 msec : 0
89.3 msec : 0
89.4 msec : 0
89.5 msec : 0
89.6 msec : 0
89.7 msec : 0
89.8 msec : 0
89.9 msec : 0
90.0 msec : 0
90.1 msec : 0
90.2 msec : 0
90.3 msec : 0
90.4 msec : 0
90.5 msec : 0
90.6 msec : 0
90.7 msec : 0
90.8 msec : 0
90.9 msec : 0
91.0 msec : 0
91.1 msec : 0
91.2 msec : 0
91.3 msec : 0
91.4 msec : 0
91.5 msec : 0
91.6 msec : 0
91.7 msec : 0
91.8 msec : 0
91.9 msec : 0
92.0 msec : 0
92.1 msec : 0
92.2 msec : 0
92.3 msec : 0
92.4 msec : 0
92.5 msec : 0
92.6 msec : 0
92.7 msec : 0
92.8 msec : 0
92.9 msec : 0
93.0 msec : 0
93.1 msec : 1
93.2 msec : 0
93.3 msec : 0
93.4 msec : 0
93.5 msec : 0
93.6 msec : 0
93.7 msec : 0
93.8 msec : 0
93.9 msec : 0
94.0 msec : 0
94.1 msec : 0
94.2 msec : 0
94.3 msec : 0
94.4 msec : 0
94.5 msec : 0
94.6 msec : 0
94.7 msec : 0
94.8 msec : 0
94.9 msec : 0
95.0 msec : 2
95.1 msec : 0
95.2 msec : 0
95.3 msec : 0
95.4 msec : 0
95.5 msec : 0
95.6 msec : 0
95.7 msec : 0
95.8 msec : 0
95.9 msec : 0
96.0 msec : 0
96.1 msec : 0
96.2 msec : 0
96.3 msec : 0
96.4 msec : 0
96.5 msec : 0
96.6 msec : 0
96.7 msec : 0
96.8 msec : 0
96.9 msec : 0
97.0 msec : 0
97.1 msec : 0
97.2 msec : 0
97.3 msec : 0
97.4 msec : 0
97.5 msec : 0
97.6 msec : 0
97.7 msec : 2
97.8 msec : 1
97.9 msec : 1
98.0 msec : 0
98.1 msec : 0
98.2 msec : 0
98.3 msec : 0
98.4 msec : 1
98.5 msec : 1
98.6 msec : 0
98.7 msec : 0
98.8 msec : 0
98.9 msec : 0
99.0 msec : 0
99.1 msec : 1
99.2 msec : 1
99.3 msec : 0
99.4 msec : 0
99.5 msec : 0
99.6 msec : 0
99.7 msec : 0
99.8 msec : 0
99.9 msec : 0
100.0 msec : 0
100.1 msec : 0
100.2 msec : 0
100.3 msec : 0
100.4 msec : 0
100.5 msec : 0
100.6 msec : 0
100.7 msec : 0
100.8 msec : 0
100.9 msec : 0
101.0 msec : 0
101.1 msec : 0
101.2 msec : 0
101.3 msec : 0
101.4 msec : 0
101.5 msec : 0
101.6 msec : 0
101.7 msec : 0
101.8 msec : 0
101.9 msec : 0
102.0 msec : 0
102.1 msec : 0
102.2 msec : 0
102.3 msec : 0
102.4 msec : 0
102.5 msec : 0
102.6 msec : 0
102.7 msec : 0
102.8 msec : 0
102.9 msec : 1
103.0 msec : 0
103.1 msec : 0
103.2 msec : 0
103.3 msec : 0
103.4 msec : 0
103.5 msec : 0
103.6 msec : 0
103.7 msec : 0
103.8 msec : 0
103.9 msec : 0
104.0 msec : 0
104.1 msec : 0
104.2 msec : 1
104.3 msec : 0
104.4 msec : 0
104.5 msec : 0
104.6 msec : 0
104.7 msec : 0
104.8 msec : 0
104.9 msec : 0
105.0 msec : 0
105.1 msec : 0
105.2 msec : 0
105.3 msec : 0
105.4 msec : 0
