Middleware started...
Middleware shuts down...
Smaller resolution statistics are in a log file...
Final aggregates per worker:


Worker 24
Average throughput (ops/sec) = 214
Average response time (msec) = 1.7241567666666666
Average queue length = 2
Average wait time in queue (msec) = 0.28612136666666665
Average service time (msec) = 1.3454296166666666
Number of SET = 0
Number of GET = 214
Number of MULTI GET = 0


Worker 7
Average throughput (ops/sec) = 210
Average response time (msec) = 1.7328109672131147
Average queue length = 1
Average wait time in queue (msec) = 0.291462131147541
Average service time (msec) = 1.3501560819672132
Number of SET = 0
Number of GET = 210
Number of MULTI GET = 0


Worker 25
Average throughput (ops/sec) = 210
Average response time (msec) = 2.085057901639344
Average queue length = 1
Average wait time in queue (msec) = 0.2791700983606557
Average service time (msec) = 1.493210213114754
Number of SET = 0
Number of GET = 210
Number of MULTI GET = 0


Worker 6
Average throughput (ops/sec) = 213
Average response time (msec) = 1.7030870983606559
Average queue length = 2
Average wait time in queue (msec) = 0.2836820655737705
Average service time (msec) = 1.3371584262295082
Number of SET = 0
Number of GET = 213
Number of MULTI GET = 0


Worker 26
Average throughput (ops/sec) = 214
Average response time (msec) = 1.6857379666666665
Average queue length = 2
Average wait time in queue (msec) = 0.28852075
Average service time (msec) = 1.3192218999999998
Number of SET = 0
Number of GET = 214
Number of MULTI GET = 0


Worker 9
Average throughput (ops/sec) = 210
Average response time (msec) = 1.733174737704918
Average queue length = 2
Average wait time in queue (msec) = 0.26937849180327866
Average service time (msec) = 1.374619901639344
Number of SET = 0
Number of GET = 210
Number of MULTI GET = 0


Worker 27
Average throughput (ops/sec) = 215
Average response time (msec) = 1.6815898333333332
Average queue length = 1
Average wait time in queue (msec) = 0.28072058333333333
Average service time (msec) = 1.3121762166666666
Number of SET = 0
Number of GET = 215
Number of MULTI GET = 0


Worker 8
Average throughput (ops/sec) = 208
Average response time (msec) = 1.6965818524590164
Average queue length = 1
Average wait time in queue (msec) = 0.2793739672131148
Average service time (msec) = 1.3351124098360654
Number of SET = 0
Number of GET = 208
Number of MULTI GET = 0


Worker 3
Average throughput (ops/sec) = 211
Average response time (msec) = 1.703860950819672
Average queue length = 1
Average wait time in queue (msec) = 0.2769107868852459
Average service time (msec) = 1.3437391475409834
Number of SET = 0
Number of GET = 211
Number of MULTI GET = 0


Worker 20
Average throughput (ops/sec) = 209
Average response time (msec) = 1.7727466065573771
Average queue length = 2
Average wait time in queue (msec) = 0.35117724590163935
Average service time (msec) = 1.3434085901639345
Number of SET = 0
Number of GET = 209
Number of MULTI GET = 0


Worker 2
Average throughput (ops/sec) = 209
Average response time (msec) = 1.7294673770491802
Average queue length = 2
Average wait time in queue (msec) = 0.2732342786885246
Average service time (msec) = 1.3651514590163933
Number of SET = 0
Number of GET = 209
Number of MULTI GET = 0


Worker 21
Average throughput (ops/sec) = 209
Average response time (msec) = 1.682545786885246
Average queue length = 1
Average wait time in queue (msec) = 0.41910426229508196
Average service time (msec) = 1.328229
Number of SET = 0
Number of GET = 209
Number of MULTI GET = 0


Worker 22
Average throughput (ops/sec) = 213
Average response time (msec) = 1.7029367666666666
Average queue length = 1
Average wait time in queue (msec) = 0.28026409999999996
Average service time (msec) = 1.3433518500000001
Number of SET = 0
Number of GET = 213
Number of MULTI GET = 0


Worker 5
Average throughput (ops/sec) = 212
Average response time (msec) = 1.7283038688524592
Average queue length = 2
Average wait time in queue (msec) = 0.2976414098360656
Average service time (msec) = 1.345212163934426
Number of SET = 0
Number of GET = 212
Number of MULTI GET = 0


Worker 23
Average throughput (ops/sec) = 210
Average response time (msec) = 1.8036745573770492
Average queue length = 2
Average wait time in queue (msec) = 0.2897604262295082
Average service time (msec) = 1.3949151147540986
Number of SET = 0
Number of GET = 210
Number of MULTI GET = 0


Worker 4
Average throughput (ops/sec) = 210
Average response time (msec) = 1.6832411803278688
Average queue length = 2
Average wait time in queue (msec) = 0.2849988360655738
Average service time (msec) = 1.3221562459016394
Number of SET = 0
Number of GET = 210
Number of MULTI GET = 0


Worker 28
Average throughput (ops/sec) = 214
Average response time (msec) = 1.7322891666666667
Average queue length = 1
Average wait time in queue (msec) = 0.29156166666666666
Average service time (msec) = 1.3637153166666667
Number of SET = 0
Number of GET = 214
Number of MULTI GET = 0


Worker 29
Average throughput (ops/sec) = 210
Average response time (msec) = 1.7547079672131147
Average queue length = 2
Average wait time in queue (msec) = 0.3601524426229508
Average service time (msec) = 1.3353917213114754
Number of SET = 0
Number of GET = 210
Number of MULTI GET = 0


Worker 1
Average throughput (ops/sec) = 212
Average response time (msec) = 1.6854166721311474
Average queue length = 1
Average wait time in queue (msec) = 0.28590875409836064
Average service time (msec) = 1.318726786885246
Number of SET = 0
Number of GET = 212
Number of MULTI GET = 0


Worker 30
Average throughput (ops/sec) = 215
Average response time (msec) = 1.7019789666666665
Average queue length = 3
Average wait time in queue (msec) = 0.28626436666666666
Average service time (msec) = 1.3363901166666667
Number of SET = 0
Number of GET = 215
Number of MULTI GET = 0


Worker 13
Average throughput (ops/sec) = 213
Average response time (msec) = 1.7021888524590165
Average queue length = 0
Average wait time in queue (msec) = 0.2822012131147541
Average service time (msec) = 1.3390342131147541
Number of SET = 0
Number of GET = 213
Number of MULTI GET = 0


Worker 14
Average throughput (ops/sec) = 212
Average response time (msec) = 1.7326447166666665
Average queue length = 1
Average wait time in queue (msec) = 0.28529903333333334
Average service time (msec) = 1.3549461666666667
Number of SET = 0
Number of GET = 212
Number of MULTI GET = 0


Worker 15
Average throughput (ops/sec) = 213
Average response time (msec) = 1.6977929666666665
Average queue length = 1
Average wait time in queue (msec) = 0.27689834999999996
Average service time (msec) = 1.3341049833333334
Number of SET = 0
Number of GET = 213
Number of MULTI GET = 0


Worker 16
Average throughput (ops/sec) = 213
Average response time (msec) = 1.7077991166666666
Average queue length = 1
Average wait time in queue (msec) = 0.27868945
Average service time (msec) = 1.3483664499999999
Number of SET = 0
Number of GET = 213
Number of MULTI GET = 0


Worker 31
Average throughput (ops/sec) = 216
Average response time (msec) = 1.6915657833333335
Average queue length = 2
Average wait time in queue (msec) = 0.2840744
Average service time (msec) = 1.3267254
Number of SET = 0
Number of GET = 216
Number of MULTI GET = 0


Worker 32
Average throughput (ops/sec) = 215
Average response time (msec) = 1.7051599499999999
Average queue length = 2
Average wait time in queue (msec) = 0.28803106666666667
Average service time (msec) = 1.3334447333333335
Number of SET = 0
Number of GET = 215
Number of MULTI GET = 0


Worker 10
Average throughput (ops/sec) = 210
Average response time (msec) = 1.7032483278688526
Average queue length = 0
Average wait time in queue (msec) = 0.2853014426229508
Average service time (msec) = 1.3396564098360655
Number of SET = 0
Number of GET = 210
Number of MULTI GET = 0


Worker 11
Average throughput (ops/sec) = 214
Average response time (msec) = 1.7043631000000001
Average queue length = 1
Average wait time in queue (msec) = 0.2804316666666667
Average service time (msec) = 1.340282
Number of SET = 0
Number of GET = 214
Number of MULTI GET = 0


Worker 12
Average throughput (ops/sec) = 215
Average response time (msec) = 1.7074044833333335
Average queue length = 1
Average wait time in queue (msec) = 0.2783339
Average service time (msec) = 1.3455967333333334
Number of SET = 0
Number of GET = 215
Number of MULTI GET = 0


Worker 17
Average throughput (ops/sec) = 209
Average response time (msec) = 1.7311664754098361
Average queue length = 1
Average wait time in queue (msec) = 0.31869472131147536
Average service time (msec) = 1.3395249344262294
Number of SET = 0
Number of GET = 209
Number of MULTI GET = 0


Worker 18
Average throughput (ops/sec) = 212
Average response time (msec) = 1.7126839016393443
Average queue length = 1
Average wait time in queue (msec) = 0.30237934426229507
Average service time (msec) = 1.3447669836065574
Number of SET = 0
Number of GET = 212
Number of MULTI GET = 0


Worker 19
Average throughput (ops/sec) = 211
Average response time (msec) = 1.678208786885246
Average queue length = 1
Average wait time in queue (msec) = 0.4144916721311475
Average service time (msec) = 1.310613901639344
Number of SET = 0
Number of GET = 211
Number of MULTI GET = 0


FINAL STATS
Average throughput (ops/sec) = 6781
Average response time (msec) = 1.6788916096646878
Average queue length = 1
Average wait time in queue (msec) = 0.29781982156762293
Average service time (msec) = 1.3457667246328553
Number of SET = 0
Number of GET = 6781
Number of MULTI GET = 0
Number of Cache misses = 248028


Histogram response times (0.1 msec step)
0.0 msec : 759
0.1 msec : 7771
0.2 msec : 21665
0.3 msec : 33722
0.4 msec : 40948
0.5 msec : 43527
0.6 msec : 42545
0.7 msec : 38214
0.8 msec : 33036
0.9 msec : 25994
1.0 msec : 20830
1.1 msec : 15504
1.2 msec : 11829
1.3 msec : 8687
1.4 msec : 6868
1.5 msec : 4972
1.6 msec : 3902
1.7 msec : 3210
1.8 msec : 2538
1.9 msec : 2175
2.0 msec : 1754
2.1 msec : 1380
2.2 msec : 1123
2.3 msec : 1061
2.4 msec : 962
2.5 msec : 1031
2.6 msec : 872
2.7 msec : 848
2.8 msec : 686
2.9 msec : 660
3.0 msec : 541
3.1 msec : 514
3.2 msec : 544
3.3 msec : 486
3.4 msec : 478
3.5 msec : 439
3.6 msec : 554
3.7 msec : 458
3.8 msec : 459
3.9 msec : 464
4.0 msec : 439
4.1 msec : 425
4.2 msec : 406
4.3 msec : 359
4.4 msec : 420
4.5 msec : 459
4.6 msec : 408
4.7 msec : 478
4.8 msec : 418
4.9 msec : 385
5.0 msec : 356
5.1 msec : 313
5.2 msec : 356
5.3 msec : 551
5.4 msec : 934
5.5 msec : 1173
5.6 msec : 1387
5.7 msec : 1406
5.8 msec : 1807
5.9 msec : 1638
6.0 msec : 1558
6.1 msec : 1665
6.2 msec : 1425
6.3 msec : 1178
6.4 msec : 1129
6.5 msec : 865
6.6 msec : 747
6.7 msec : 561
6.8 msec : 485
6.9 msec : 409
7.0 msec : 399
7.1 msec : 298
7.2 msec : 239
7.3 msec : 221
7.4 msec : 203
7.5 msec : 167
7.6 msec : 119
7.7 msec : 90
7.8 msec : 107
7.9 msec : 67
8.0 msec : 77
8.1 msec : 84
8.2 msec : 72
8.3 msec : 88
8.4 msec : 84
8.5 msec : 42
8.6 msec : 48
8.7 msec : 63
8.8 msec : 42
8.9 msec : 38
9.0 msec : 35
9.1 msec : 59
9.2 msec : 70
9.3 msec : 31
9.4 msec : 35
9.5 msec : 37
9.6 msec : 40
9.7 msec : 37
9.8 msec : 32
9.9 msec : 55
10.0 msec : 25
10.1 msec : 25
10.2 msec : 15
10.3 msec : 33
10.4 msec : 30
10.5 msec : 11
10.6 msec : 16
10.7 msec : 13
10.8 msec : 27
10.9 msec : 20
11.0 msec : 33
11.1 msec : 19
11.2 msec : 13
11.3 msec : 17
11.4 msec : 14
11.5 msec : 15
11.6 msec : 13
11.7 msec : 6
11.8 msec : 7
11.9 msec : 10
12.0 msec : 9
12.1 msec : 10
12.2 msec : 6
12.3 msec : 7
12.4 msec : 5
12.5 msec : 3
12.6 msec : 1
12.7 msec : 3
12.8 msec : 1
12.9 msec : 5
13.0 msec : 2
13.1 msec : 0
13.2 msec : 0
13.3 msec : 0
13.4 msec : 0
13.5 msec : 0
13.6 msec : 7
13.7 msec : 4
13.8 msec : 6
13.9 msec : 2
14.0 msec : 1
14.1 msec : 1
14.2 msec : 1
14.3 msec : 2
14.4 msec : 2
14.5 msec : 2
14.6 msec : 5
14.7 msec : 5
14.8 msec : 4
14.9 msec : 6
15.0 msec : 7
15.1 msec : 9
15.2 msec : 12
15.3 msec : 8
15.4 msec : 6
15.5 msec : 3
15.6 msec : 18
15.7 msec : 7
15.8 msec : 8
15.9 msec : 13
16.0 msec : 3
16.1 msec : 4
16.2 msec : 2
16.3 msec : 3
16.4 msec : 3
16.5 msec : 0
16.6 msec : 0
16.7 msec : 0
16.8 msec : 1
16.9 msec : 3
17.0 msec : 2
17.1 msec : 0
17.2 msec : 3
17.3 msec : 1
17.4 msec : 1
17.5 msec : 4
17.6 msec : 3
17.7 msec : 0
17.8 msec : 1
17.9 msec : 1
18.0 msec : 0
18.1 msec : 0
18.2 msec : 0
18.3 msec : 1
18.4 msec : 0
18.5 msec : 0
18.6 msec : 3
18.7 msec : 0
18.8 msec : 1
18.9 msec : 1
19.0 msec : 2
19.1 msec : 0
19.2 msec : 0
19.3 msec : 2
19.4 msec : 3
19.5 msec : 2
19.6 msec : 3
19.7 msec : 2
19.8 msec : 2
19.9 msec : 1
20.0 msec : 2
20.1 msec : 1
20.2 msec : 4
20.3 msec : 2
20.4 msec : 0
20.5 msec : 1
20.6 msec : 4
20.7 msec : 5
20.8 msec : 2
20.9 msec : 0
21.0 msec : 0
21.1 msec : 0
21.2 msec : 0
21.3 msec : 1
21.4 msec : 3
21.5 msec : 6
21.6 msec : 8
21.7 msec : 0
21.8 msec : 2
21.9 msec : 3
22.0 msec : 0
22.1 msec : 0
22.2 msec : 3
22.3 msec : 0
22.4 msec : 3
22.5 msec : 2
22.6 msec : 1
22.7 msec : 2
22.8 msec : 0
22.9 msec : 2
23.0 msec : 2
23.1 msec : 2
23.2 msec : 0
23.3 msec : 0
23.4 msec : 1
23.5 msec : 0
23.6 msec : 1
23.7 msec : 1
23.8 msec : 1
23.9 msec : 0
24.0 msec : 2
24.1 msec : 0
24.2 msec : 1
24.3 msec : 1
24.4 msec : 1
24.5 msec : 0
24.6 msec : 0
24.7 msec : 0
24.8 msec : 0
24.9 msec : 5
25.0 msec : 8
25.1 msec : 6
25.2 msec : 6
25.3 msec : 3
25.4 msec : 2
25.5 msec : 3
25.6 msec : 8
25.7 msec : 2
25.8 msec : 11
25.9 msec : 8
26.0 msec : 9
26.1 msec : 1
26.2 msec : 3
26.3 msec : 0
26.4 msec : 2
26.5 msec : 0
26.6 msec : 0
26.7 msec : 3
26.8 msec : 7
26.9 msec : 0
27.0 msec : 1
27.1 msec : 1
27.2 msec : 2
27.3 msec : 1
27.4 msec : 1
27.5 msec : 0
27.6 msec : 0
27.7 msec : 0
27.8 msec : 0
27.9 msec : 0
28.0 msec : 0
28.1 msec : 2
28.2 msec : 0
28.3 msec : 0
28.4 msec : 0
28.5 msec : 1
28.6 msec : 0
28.7 msec : 1
28.8 msec : 1
28.9 msec : 0
29.0 msec : 0
29.1 msec : 0
29.2 msec : 0
29.3 msec : 0
29.4 msec : 2
29.5 msec : 5
29.6 msec : 4
29.7 msec : 3
29.8 msec : 1
29.9 msec : 1
30.0 msec : 0
30.1 msec : 1
30.2 msec : 0
30.3 msec : 0
30.4 msec : 0
30.5 msec : 0
30.6 msec : 2
30.7 msec : 0
30.8 msec : 0
30.9 msec : 0
31.0 msec : 0
31.1 msec : 0
31.2 msec : 0
31.3 msec : 0
31.4 msec : 0
31.5 msec : 0
31.6 msec : 1
31.7 msec : 1
31.8 msec : 1
31.9 msec : 0
32.0 msec : 0
32.1 msec : 0
32.2 msec : 0
32.3 msec : 0
32.4 msec : 0
32.5 msec : 0
32.6 msec : 0
32.7 msec : 0
32.8 msec : 0
32.9 msec : 0
33.0 msec : 0
33.1 msec : 0
33.2 msec : 0
33.3 msec : 0
33.4 msec : 0
33.5 msec : 2
33.6 msec : 3
33.7 msec : 0
33.8 msec : 1
33.9 msec : 0
34.0 msec : 1
34.1 msec : 1
34.2 msec : 0
34.3 msec : 0
34.4 msec : 1
34.5 msec : 0
34.6 msec : 0
34.7 msec : 0
34.8 msec : 0
34.9 msec : 0
35.0 msec : 0
35.1 msec : 0
35.2 msec : 1
35.3 msec : 1
35.4 msec : 0
35.5 msec : 0
35.6 msec : 0
35.7 msec : 0
35.8 msec : 0
35.9 msec : 0
36.0 msec : 0
36.1 msec : 0
36.2 msec : 0
36.3 msec : 0
36.4 msec : 0
36.5 msec : 0
36.6 msec : 0
36.7 msec : 0
36.8 msec : 0
36.9 msec : 0
37.0 msec : 0
37.1 msec : 0
37.2 msec : 0
37.3 msec : 0
37.4 msec : 0
37.5 msec : 0
37.6 msec : 0
37.7 msec : 0
37.8 msec : 0
37.9 msec : 0
38.0 msec : 0
38.1 msec : 0
38.2 msec : 0
38.3 msec : 0
38.4 msec : 0
38.5 msec : 0
38.6 msec : 0
38.7 msec : 0
38.8 msec : 0
38.9 msec : 0
39.0 msec : 0
39.1 msec : 1
39.2 msec : 0
39.3 msec : 0
39.4 msec : 0
39.5 msec : 0
39.6 msec : 0
39.7 msec : 0
39.8 msec : 0
39.9 msec : 0
40.0 msec : 0
40.1 msec : 0
40.2 msec : 0
40.3 msec : 0
40.4 msec : 0
40.5 msec : 0
40.6 msec : 0
40.7 msec : 0
40.8 msec : 0
40.9 msec : 0
41.0 msec : 0
41.1 msec : 0
41.2 msec : 0
41.3 msec : 1
41.4 msec : 1
41.5 msec : 0
41.6 msec : 0
41.7 msec : 1
41.8 msec : 2
41.9 msec : 1
42.0 msec : 0
42.1 msec : 0
42.2 msec : 0
42.3 msec : 0
42.4 msec : 0
42.5 msec : 0
42.6 msec : 1
42.7 msec : 2
42.8 msec : 0
42.9 msec : 0
43.0 msec : 0
43.1 msec : 0
43.2 msec : 0
43.3 msec : 0
43.4 msec : 0
43.5 msec : 0
43.6 msec : 0
43.7 msec : 0
43.8 msec : 0
43.9 msec : 0
44.0 msec : 0
44.1 msec : 0
44.2 msec : 0
44.3 msec : 0
44.4 msec : 0
44.5 msec : 0
44.6 msec : 0
44.7 msec : 0
44.8 msec : 0
44.9 msec : 0
45.0 msec : 1
45.1 msec : 6
45.2 msec : 0
45.3 msec : 0
45.4 msec : 1
45.5 msec : 1
45.6 msec : 2
45.7 msec : 2
45.8 msec : 1
45.9 msec : 2
46.0 msec : 1
46.1 msec : 1
46.2 msec : 2
46.3 msec : 1
46.4 msec : 0
46.5 msec : 0
46.6 msec : 0
46.7 msec : 0
46.8 msec : 0
46.9 msec : 0
47.0 msec : 1
47.1 msec : 0
47.2 msec : 0
47.3 msec : 0
47.4 msec : 0
47.5 msec : 0
47.6 msec : 0
47.7 msec : 0
47.8 msec : 0
47.9 msec : 0
48.0 msec : 0
48.1 msec : 0
48.2 msec : 0
48.3 msec : 0
48.4 msec : 0
48.5 msec : 0
48.6 msec : 0
48.7 msec : 0
48.8 msec : 0
48.9 msec : 0
49.0 msec : 0
49.1 msec : 0
49.2 msec : 0
49.3 msec : 0
49.4 msec : 0
49.5 msec : 0
49.6 msec : 0
49.7 msec : 0
49.8 msec : 0
49.9 msec : 0
50.0 msec : 0
50.1 msec : 0
50.2 msec : 0
50.3 msec : 0
50.4 msec : 0
50.5 msec : 0
50.6 msec : 0
50.7 msec : 0
50.8 msec : 0
50.9 msec : 0
51.0 msec : 0
51.1 msec : 0
51.2 msec : 0
51.3 msec : 0
51.4 msec : 0
51.5 msec : 0
51.6 msec : 0
51.7 msec : 0
51.8 msec : 0
51.9 msec : 0
52.0 msec : 0
52.1 msec : 0
52.2 msec : 0
52.3 msec : 0
52.4 msec : 0
52.5 msec : 0
52.6 msec : 0
52.7 msec : 0
52.8 msec : 0
52.9 msec : 0
53.0 msec : 0
53.1 msec : 0
