Middleware started...
Middleware shuts down...
Smaller resolution statistics are in a log file...
Final aggregates per worker:


Worker 24
Average throughput (ops/sec) = 162
Average response time (msec) = 1.278108737704918
Average queue length = 0
Average wait time in queue (msec) = 0.1478713442622951
Average service time (msec) = 1.0666568524590165
Number of SET = 0
Number of GET = 162
Number of MULTI GET = 0


Worker 7
Average throughput (ops/sec) = 160
Average response time (msec) = 1.2743379672131148
Average queue length = 0
Average wait time in queue (msec) = 0.14331242622950818
Average service time (msec) = 1.064795
Number of SET = 0
Number of GET = 160
Number of MULTI GET = 0


Worker 25
Average throughput (ops/sec) = 162
Average response time (msec) = 1.2894348032786886
Average queue length = 0
Average wait time in queue (msec) = 0.14094063934426232
Average service time (msec) = 1.0842479180327869
Number of SET = 0
Number of GET = 162
Number of MULTI GET = 0


Worker 6
Average throughput (ops/sec) = 162
Average response time (msec) = 1.3264804426229508
Average queue length = 0
Average wait time in queue (msec) = 0.16031855737704917
Average service time (msec) = 1.0911634918032787
Number of SET = 0
Number of GET = 162
Number of MULTI GET = 0


Worker 26
Average throughput (ops/sec) = 162
Average response time (msec) = 1.2874269016393443
Average queue length = 0
Average wait time in queue (msec) = 0.15057809836065575
Average service time (msec) = 1.0689842295081966
Number of SET = 0
Number of GET = 162
Number of MULTI GET = 0


Worker 9
Average throughput (ops/sec) = 160
Average response time (msec) = 1.2962915901639345
Average queue length = 1
Average wait time in queue (msec) = 0.14887377049180328
Average service time (msec) = 1.0758718196721313
Number of SET = 0
Number of GET = 160
Number of MULTI GET = 0


Worker 27
Average throughput (ops/sec) = 161
Average response time (msec) = 1.2831868360655738
Average queue length = 0
Average wait time in queue (msec) = 0.13722165573770492
Average service time (msec) = 1.0834054590163935
Number of SET = 0
Number of GET = 161
Number of MULTI GET = 0


Worker 8
Average throughput (ops/sec) = 161
Average response time (msec) = 1.297981098360656
Average queue length = 0
Average wait time in queue (msec) = 0.15218083606557375
Average service time (msec) = 1.0807236721311475
Number of SET = 0
Number of GET = 161
Number of MULTI GET = 0


Worker 20
Average throughput (ops/sec) = 163
Average response time (msec) = 1.2984049344262294
Average queue length = 0
Average wait time in queue (msec) = 0.14681340983606558
Average service time (msec) = 1.083280262295082
Number of SET = 0
Number of GET = 163
Number of MULTI GET = 0


Worker 3
Average throughput (ops/sec) = 163
Average response time (msec) = 1.2785021311475409
Average queue length = 0
Average wait time in queue (msec) = 0.15037373770491802
Average service time (msec) = 1.0585348032786885
Number of SET = 0
Number of GET = 163
Number of MULTI GET = 0


Worker 21
Average throughput (ops/sec) = 160
Average response time (msec) = 1.2841617704918034
Average queue length = 0
Average wait time in queue (msec) = 0.15747622950819673
Average service time (msec) = 1.0568295737704918
Number of SET = 0
Number of GET = 160
Number of MULTI GET = 0


Worker 2
Average throughput (ops/sec) = 164
Average response time (msec) = 1.249602475409836
Average queue length = 0
Average wait time in queue (msec) = 0.13760468852459015
Average service time (msec) = 1.046337918032787
Number of SET = 0
Number of GET = 164
Number of MULTI GET = 0


Worker 22
Average throughput (ops/sec) = 161
Average response time (msec) = 1.2675347049180328
Average queue length = 1
Average wait time in queue (msec) = 0.1413057868852459
Average service time (msec) = 1.0591197704918034
Number of SET = 0
Number of GET = 161
Number of MULTI GET = 0


Worker 5
Average throughput (ops/sec) = 161
Average response time (msec) = 1.3008351475409836
Average queue length = 1
Average wait time in queue (msec) = 0.1567239836065574
Average service time (msec) = 1.0723045409836065
Number of SET = 0
Number of GET = 161
Number of MULTI GET = 0


Worker 23
Average throughput (ops/sec) = 163
Average response time (msec) = 1.3113204918032786
Average queue length = 1
Average wait time in queue (msec) = 0.1532808032786885
Average service time (msec) = 1.0929378852459015
Number of SET = 0
Number of GET = 163
Number of MULTI GET = 0


Worker 4
Average throughput (ops/sec) = 161
Average response time (msec) = 1.291667049180328
Average queue length = 0
Average wait time in queue (msec) = 0.1444552131147541
Average service time (msec) = 1.0826140327868852
Number of SET = 0
Number of GET = 161
Number of MULTI GET = 0


Worker 28
Average throughput (ops/sec) = 161
Average response time (msec) = 1.2636771147540984
Average queue length = 0
Average wait time in queue (msec) = 0.1466478524590164
Average service time (msec) = 1.0524097049180328
Number of SET = 0
Number of GET = 161
Number of MULTI GET = 0


Worker 29
Average throughput (ops/sec) = 161
Average response time (msec) = 1.2952943606557379
Average queue length = 0
Average wait time in queue (msec) = 0.15764957377049182
Average service time (msec) = 1.0681669016393442
Number of SET = 0
Number of GET = 161
Number of MULTI GET = 0


Worker 1
Average throughput (ops/sec) = 162
Average response time (msec) = 1.2807747377049181
Average queue length = 0
Average wait time in queue (msec) = 0.14632454098360656
Average service time (msec) = 1.0680886721311476
Number of SET = 0
Number of GET = 162
Number of MULTI GET = 0


Worker 30
Average throughput (ops/sec) = 161
Average response time (msec) = 1.2759544098360656
Average queue length = 0
Average wait time in queue (msec) = 0.15037450819672132
Average service time (msec) = 1.0525485409836066
Number of SET = 0
Number of GET = 161
Number of MULTI GET = 0


Worker 13
Average throughput (ops/sec) = 162
Average response time (msec) = 1.2568749508196722
Average queue length = 1
Average wait time in queue (msec) = 0.14769426229508198
Average service time (msec) = 1.0398747213114754
Number of SET = 0
Number of GET = 162
Number of MULTI GET = 0


Worker 14
Average throughput (ops/sec) = 161
Average response time (msec) = 1.265426262295082
Average queue length = 1
Average wait time in queue (msec) = 0.140483737704918
Average service time (msec) = 1.0620503606557379
Number of SET = 0
Number of GET = 161
Number of MULTI GET = 0


Worker 15
Average throughput (ops/sec) = 160
Average response time (msec) = 1.249350573770492
Average queue length = 0
Average wait time in queue (msec) = 0.13599031147540983
Average service time (msec) = 1.049151868852459
Number of SET = 0
Number of GET = 160
Number of MULTI GET = 0


Worker 16
Average throughput (ops/sec) = 163
Average response time (msec) = 1.279137344262295
Average queue length = 1
Average wait time in queue (msec) = 0.14679726229508197
Average service time (msec) = 1.067584049180328
Number of SET = 0
Number of GET = 163
Number of MULTI GET = 0


Worker 31
Average throughput (ops/sec) = 161
Average response time (msec) = 1.2665199344262295
Average queue length = 0
Average wait time in queue (msec) = 0.14522334426229508
Average service time (msec) = 1.054001213114754
Number of SET = 0
Number of GET = 161
Number of MULTI GET = 0


Worker 32
Average throughput (ops/sec) = 162
Average response time (msec) = 1.3022307049180328
Average queue length = 0
Average wait time in queue (msec) = 0.1392210819672131
Average service time (msec) = 1.0961649836065575
Number of SET = 0
Number of GET = 162
Number of MULTI GET = 0


Worker 10
Average throughput (ops/sec) = 162
Average response time (msec) = 1.2748597704918032
Average queue length = 1
Average wait time in queue (msec) = 0.14224859016393443
Average service time (msec) = 1.0677975901639345
Number of SET = 0
Number of GET = 162
Number of MULTI GET = 0


Worker 11
Average throughput (ops/sec) = 162
Average response time (msec) = 1.24593768852459
Average queue length = 1
Average wait time in queue (msec) = 0.13755734426229507
Average service time (msec) = 1.0427936229508197
Number of SET = 0
Number of GET = 162
Number of MULTI GET = 0


Worker 12
Average throughput (ops/sec) = 161
Average response time (msec) = 1.2639259016393443
Average queue length = 1
Average wait time in queue (msec) = 0.14435229508196723
Average service time (msec) = 1.0540821475409836
Number of SET = 0
Number of GET = 161
Number of MULTI GET = 0


Worker 17
Average throughput (ops/sec) = 162
Average response time (msec) = 1.2557037540983607
Average queue length = 0
Average wait time in queue (msec) = 0.1470608524590164
Average service time (msec) = 1.042204
Number of SET = 0
Number of GET = 162
Number of MULTI GET = 0


Worker 18
Average throughput (ops/sec) = 162
Average response time (msec) = 1.2669819016393442
Average queue length = 0
Average wait time in queue (msec) = 0.14054070491803278
Average service time (msec) = 1.0558071311475408
Number of SET = 0
Number of GET = 162
Number of MULTI GET = 0


Worker 19
Average throughput (ops/sec) = 163
Average response time (msec) = 1.2589892295081968
Average queue length = 1
Average wait time in queue (msec) = 0.13966383606557375
Average service time (msec) = 1.0563289836065575
Number of SET = 0
Number of GET = 163
Number of MULTI GET = 0


FINAL STATS
Average throughput (ops/sec) = 5172
Average response time (msec) = 1.2457315404064349
Average queue length = 0
Average wait time in queue (msec) = 0.1461612899590164
Average service time (msec) = 1.0655269287909834
Number of SET = 0
Number of GET = 5172
Number of MULTI GET = 0
Number of Cache misses = 211427


Histogram response times (0.1 msec step)
0.0 msec : 1512
0.1 msec : 16488
0.2 msec : 41600
0.3 msec : 54385
0.4 msec : 52323
0.5 msec : 41401
0.6 msec : 29923
0.7 msec : 20335
0.8 msec : 12671
0.9 msec : 8203
1.0 msec : 5428
1.1 msec : 3866
1.2 msec : 2735
1.3 msec : 2031
1.4 msec : 1657
1.5 msec : 1235
1.6 msec : 1034
1.7 msec : 899
1.8 msec : 762
1.9 msec : 593
2.0 msec : 546
2.1 msec : 485
2.2 msec : 410
2.3 msec : 430
2.4 msec : 409
2.5 msec : 331
2.6 msec : 315
2.7 msec : 303
2.8 msec : 282
2.9 msec : 282
3.0 msec : 255
3.1 msec : 223
3.2 msec : 256
3.3 msec : 211
3.4 msec : 206
3.5 msec : 201
3.6 msec : 203
3.7 msec : 184
3.8 msec : 231
3.9 msec : 194
4.0 msec : 184
4.1 msec : 215
4.2 msec : 188
4.3 msec : 168
4.4 msec : 146
4.5 msec : 143
4.6 msec : 175
4.7 msec : 179
4.8 msec : 113
4.9 msec : 93
5.0 msec : 95
5.1 msec : 115
5.2 msec : 202
5.3 msec : 470
5.4 msec : 721
5.5 msec : 895
5.6 msec : 817
5.7 msec : 737
5.8 msec : 859
5.9 msec : 846
6.0 msec : 866
6.1 msec : 623
6.2 msec : 458
6.3 msec : 296
6.4 msec : 226
6.5 msec : 210
6.6 msec : 153
6.7 msec : 117
6.8 msec : 74
6.9 msec : 59
7.0 msec : 58
7.1 msec : 46
7.2 msec : 41
7.3 msec : 33
7.4 msec : 27
7.5 msec : 35
7.6 msec : 44
7.7 msec : 34
7.8 msec : 27
7.9 msec : 24
8.0 msec : 20
8.1 msec : 19
8.2 msec : 18
8.3 msec : 16
8.4 msec : 30
8.5 msec : 32
8.6 msec : 27
8.7 msec : 10
8.8 msec : 12
8.9 msec : 11
9.0 msec : 10
9.1 msec : 6
9.2 msec : 11
9.3 msec : 22
9.4 msec : 12
9.5 msec : 13
9.6 msec : 8
9.7 msec : 7
9.8 msec : 7
9.9 msec : 5
10.0 msec : 5
10.1 msec : 13
10.2 msec : 16
10.3 msec : 6
10.4 msec : 10
10.5 msec : 18
10.6 msec : 7
10.7 msec : 6
10.8 msec : 5
10.9 msec : 10
11.0 msec : 6
11.1 msec : 4
11.2 msec : 4
11.3 msec : 3
11.4 msec : 3
11.5 msec : 2
11.6 msec : 1
11.7 msec : 4
11.8 msec : 2
11.9 msec : 0
12.0 msec : 0
12.1 msec : 0
12.2 msec : 2
12.3 msec : 0
12.4 msec : 1
12.5 msec : 0
12.6 msec : 0
12.7 msec : 0
12.8 msec : 0
12.9 msec : 1
13.0 msec : 0
13.1 msec : 0
13.2 msec : 0
13.3 msec : 0
13.4 msec : 1
13.5 msec : 0
13.6 msec : 0
13.7 msec : 0
13.8 msec : 0
13.9 msec : 2
14.0 msec : 1
14.1 msec : 1
14.2 msec : 0
14.3 msec : 0
14.4 msec : 2
14.5 msec : 1
14.6 msec : 0
14.7 msec : 0
14.8 msec : 2
14.9 msec : 0
15.0 msec : 2
15.1 msec : 1
15.2 msec : 1
15.3 msec : 0
15.4 msec : 1
15.5 msec : 4
15.6 msec : 0
15.7 msec : 1
15.8 msec : 2
15.9 msec : 1
16.0 msec : 0
16.1 msec : 3
16.2 msec : 5
16.3 msec : 0
16.4 msec : 0
16.5 msec : 0
16.6 msec : 1
16.7 msec : 0
16.8 msec : 3
16.9 msec : 3
17.0 msec : 1
17.1 msec : 0
17.2 msec : 0
17.3 msec : 1
17.4 msec : 0
17.5 msec : 1
17.6 msec : 0
17.7 msec : 0
17.8 msec : 0
17.9 msec : 0
18.0 msec : 0
18.1 msec : 0
18.2 msec : 0
18.3 msec : 0
18.4 msec : 0
18.5 msec : 0
18.6 msec : 0
18.7 msec : 0
18.8 msec : 0
18.9 msec : 0
19.0 msec : 0
19.1 msec : 0
19.2 msec : 0
19.3 msec : 0
19.4 msec : 0
19.5 msec : 0
19.6 msec : 0
19.7 msec : 0
19.8 msec : 0
19.9 msec : 0
20.0 msec : 0
20.1 msec : 0
20.2 msec : 0
20.3 msec : 0
20.4 msec : 0
20.5 msec : 0
20.6 msec : 0
20.7 msec : 0
20.8 msec : 0
20.9 msec : 0
21.0 msec : 0
21.1 msec : 0
21.2 msec : 1
21.3 msec : 0
21.4 msec : 0
21.5 msec : 0
21.6 msec : 0
21.7 msec : 0
21.8 msec : 0
21.9 msec : 0
22.0 msec : 0
22.1 msec : 0
22.2 msec : 0
22.3 msec : 0
22.4 msec : 0
22.5 msec : 0
22.6 msec : 0
22.7 msec : 0
22.8 msec : 0
22.9 msec : 0
23.0 msec : 0
23.1 msec : 0
23.2 msec : 0
23.3 msec : 0
23.4 msec : 0
23.5 msec : 0
23.6 msec : 0
23.7 msec : 0
23.8 msec : 0
23.9 msec : 0
24.0 msec : 0
24.1 msec : 0
24.2 msec : 4
24.3 msec : 2
24.4 msec : 0
24.5 msec : 1
24.6 msec : 3
24.7 msec : 0
24.8 msec : 3
24.9 msec : 0
25.0 msec : 0
25.1 msec : 0
25.2 msec : 0
25.3 msec : 0
25.4 msec : 0
25.5 msec : 1
25.6 msec : 3
25.7 msec : 6
25.8 msec : 1
25.9 msec : 5
26.0 msec : 0
26.1 msec : 1
26.2 msec : 0
26.3 msec : 1
26.4 msec : 3
26.5 msec : 1
26.6 msec : 3
26.7 msec : 0
26.8 msec : 0
26.9 msec : 0
27.0 msec : 0
27.1 msec : 0
27.2 msec : 0
27.3 msec : 0
27.4 msec : 0
27.5 msec : 0
27.6 msec : 0
27.7 msec : 0
27.8 msec : 0
27.9 msec : 0
28.0 msec : 0
28.1 msec : 0
28.2 msec : 0
28.3 msec : 0
28.4 msec : 0
28.5 msec : 0
28.6 msec : 0
28.7 msec : 0
28.8 msec : 2
28.9 msec : 0
29.0 msec : 0
29.1 msec : 0
29.2 msec : 0
29.3 msec : 0
29.4 msec : 0
29.5 msec : 0
29.6 msec : 1
29.7 msec : 0
29.8 msec : 0
29.9 msec : 0
30.0 msec : 0
30.1 msec : 0
30.2 msec : 1
30.3 msec : 0
30.4 msec : 0
30.5 msec : 0
30.6 msec : 0
30.7 msec : 0
30.8 msec : 0
30.9 msec : 0
31.0 msec : 0
31.1 msec : 0
31.2 msec : 0
31.3 msec : 0
31.4 msec : 0
31.5 msec : 0
31.6 msec : 0
31.7 msec : 0
31.8 msec : 0
31.9 msec : 0
32.0 msec : 0
32.1 msec : 0
32.2 msec : 0
32.3 msec : 0
32.4 msec : 0
32.5 msec : 0
32.6 msec : 0
32.7 msec : 0
32.8 msec : 0
32.9 msec : 0
33.0 msec : 0
33.1 msec : 0
33.2 msec : 0
33.3 msec : 0
33.4 msec : 0
33.5 msec : 0
33.6 msec : 0
33.7 msec : 0
33.8 msec : 0
33.9 msec : 0
34.0 msec : 0
34.1 msec : 0
34.2 msec : 0
34.3 msec : 0
34.4 msec : 0
34.5 msec : 0
34.6 msec : 2
34.7 msec : 0
34.8 msec : 0
34.9 msec : 0
35.0 msec : 0
35.1 msec : 0
35.2 msec : 0
35.3 msec : 1
35.4 msec : 1
35.5 msec : 1
35.6 msec : 0
35.7 msec : 0
35.8 msec : 0
35.9 msec : 0
36.0 msec : 0
36.1 msec : 0
36.2 msec : 0
36.3 msec : 0
36.4 msec : 0
36.5 msec : 0
36.6 msec : 0
36.7 msec : 0
36.8 msec : 0
36.9 msec : 0
37.0 msec : 0
37.1 msec : 0
37.2 msec : 0
37.3 msec : 0
37.4 msec : 0
37.5 msec : 0
37.6 msec : 0
37.7 msec : 0
37.8 msec : 0
37.9 msec : 0
38.0 msec : 0
38.1 msec : 0
38.2 msec : 0
38.3 msec : 0
38.4 msec : 0
38.5 msec : 0
38.6 msec : 0
38.7 msec : 0
38.8 msec : 0
38.9 msec : 0
39.0 msec : 0
39.1 msec : 0
39.2 msec : 0
39.3 msec : 0
39.4 msec : 0
39.5 msec : 0
39.6 msec : 0
39.7 msec : 1
39.8 msec : 0
39.9 msec : 2
40.0 msec : 0
40.1 msec : 0
40.2 msec : 0
40.3 msec : 0
40.4 msec : 0
40.5 msec : 0
40.6 msec : 0
40.7 msec : 0
40.8 msec : 0
40.9 msec : 0
41.0 msec : 0
41.1 msec : 0
41.2 msec : 0
41.3 msec : 0
41.4 msec : 0
41.5 msec : 0
41.6 msec : 0
41.7 msec : 0
41.8 msec : 0
41.9 msec : 0
42.0 msec : 0
42.1 msec : 0
42.2 msec : 0
42.3 msec : 0
42.4 msec : 0
42.5 msec : 0
42.6 msec : 0
42.7 msec : 0
42.8 msec : 0
42.9 msec : 0
43.0 msec : 0
43.1 msec : 0
43.2 msec : 0
43.3 msec : 0
43.4 msec : 0
43.5 msec : 0
43.6 msec : 0
43.7 msec : 0
43.8 msec : 0
43.9 msec : 0
44.0 msec : 0
44.1 msec : 0
44.2 msec : 0
44.3 msec : 0
44.4 msec : 1
44.5 msec : 4
44.6 msec : 2
44.7 msec : 0
44.8 msec : 2
44.9 msec : 0
45.0 msec : 0
45.1 msec : 0
45.2 msec : 0
45.3 msec : 0
45.4 msec : 0
45.5 msec : 0
45.6 msec : 0
45.7 msec : 0
45.8 msec : 0
45.9 msec : 0
46.0 msec : 0
46.1 msec : 0
46.2 msec : 0
46.3 msec : 0
46.4 msec : 0
46.5 msec : 0
46.6 msec : 0
46.7 msec : 0
46.8 msec : 0
46.9 msec : 0
47.0 msec : 0
47.1 msec : 0
47.2 msec : 0
47.3 msec : 0
47.4 msec : 0
47.5 msec : 0
47.6 msec : 0
47.7 msec : 0
47.8 msec : 0
47.9 msec : 0
48.0 msec : 0
48.1 msec : 0
48.2 msec : 0
48.3 msec : 0
48.4 msec : 0
48.5 msec : 0
48.6 msec : 0
48.7 msec : 0
48.8 msec : 0
48.9 msec : 0
49.0 msec : 0
49.1 msec : 0
49.2 msec : 0
49.3 msec : 0
49.4 msec : 0
49.5 msec : 0
49.6 msec : 0
49.7 msec : 0
49.8 msec : 0
49.9 msec : 0
50.0 msec : 0
50.1 msec : 0
50.2 msec : 0
50.3 msec : 0
50.4 msec : 0
50.5 msec : 0
50.6 msec : 0
50.7 msec : 0
50.8 msec : 0
50.9 msec : 0
51.0 msec : 0
51.1 msec : 0
51.2 msec : 0
51.3 msec : 0
51.4 msec : 0
51.5 msec : 0
51.6 msec : 0
51.7 msec : 0
51.8 msec : 0
51.9 msec : 0
52.0 msec : 0
52.1 msec : 0
52.2 msec : 0
52.3 msec : 0
52.4 msec : 0
52.5 msec : 0
52.6 msec : 0
52.7 msec : 0
52.8 msec : 0
52.9 msec : 0
53.0 msec : 0
53.1 msec : 0
53.2 msec : 0
53.3 msec : 0
53.4 msec : 3
53.5 msec : 0
53.6 msec : 0
53.7 msec : 0
53.8 msec : 0
53.9 msec : 2
54.0 msec : 1
54.1 msec : 0
54.2 msec : 1
54.3 msec : 2
54.4 msec : 2
54.5 msec : 2
54.6 msec : 3
54.7 msec : 2
54.8 msec : 0
54.9 msec : 0
55.0 msec : 0
55.1 msec : 0
55.2 msec : 0
55.3 msec : 0
55.4 msec : 0
55.5 msec : 0
55.6 msec : 0
55.7 msec : 0
55.8 msec : 0
55.9 msec : 0
56.0 msec : 0
56.1 msec : 0
56.2 msec : 0
56.3 msec : 0
56.4 msec : 0
56.5 msec : 0
56.6 msec : 0
56.7 msec : 0
56.8 msec : 0
56.9 msec : 0
57.0 msec : 0
57.1 msec : 0
57.2 msec : 0
57.3 msec : 0
57.4 msec : 0
57.5 msec : 0
57.6 msec : 0
57.7 msec : 0
57.8 msec : 0
57.9 msec : 0
58.0 msec : 0
58.1 msec : 0
58.2 msec : 0
58.3 msec : 0
58.4 msec : 0
58.5 msec : 0
58.6 msec : 0
58.7 msec : 0
58.8 msec : 1
58.9 msec : 1
59.0 msec : 0
59.1 msec : 0
59.2 msec : 0
59.3 msec : 0
59.4 msec : 0
59.5 msec : 0
59.6 msec : 0
59.7 msec : 0
59.8 msec : 0
59.9 msec : 0
60.0 msec : 0
60.1 msec : 0
60.2 msec : 0
60.3 msec : 0
60.4 msec : 0
60.5 msec : 0
60.6 msec : 0
60.7 msec : 0
60.8 msec : 0
60.9 msec : 0
61.0 msec : 0
61.1 msec : 0
61.2 msec : 0
61.3 msec : 0
61.4 msec : 0
61.5 msec : 0
61.6 msec : 0
61.7 msec : 0
61.8 msec : 0
61.9 msec : 0
62.0 msec : 0
62.1 msec : 0
62.2 msec : 0
62.3 msec : 0
62.4 msec : 0
62.5 msec : 0
62.6 msec : 0
62.7 msec : 0
62.8 msec : 0
62.9 msec : 0
63.0 msec : 0
63.1 msec : 0
63.2 msec : 0
63.3 msec : 0
63.4 msec : 0
63.5 msec : 0
63.6 msec : 0
63.7 msec : 0
63.8 msec : 0
63.9 msec : 0
64.0 msec : 2
64.1 msec : 0
64.2 msec : 1
64.3 msec : 2
64.4 msec : 0
64.5 msec : 0
64.6 msec : 0
64.7 msec : 0
64.8 msec : 0
64.9 msec : 0
65.0 msec : 0
65.1 msec : 0
65.2 msec : 0
65.3 msec : 0
65.4 msec : 0
65.5 msec : 0
65.6 msec : 0
65.7 msec : 0
65.8 msec : 0
65.9 msec : 0
66.0 msec : 0
66.1 msec : 0
66.2 msec : 0
66.3 msec : 0
66.4 msec : 0
66.5 msec : 0
66.6 msec : 0
66.7 msec : 0
66.8 msec : 0
66.9 msec : 0
67.0 msec : 0
67.1 msec : 0
67.2 msec : 0
67.3 msec : 0
67.4 msec : 0
67.5 msec : 0
67.6 msec : 0
67.7 msec : 0
67.8 msec : 0
67.9 msec : 0
68.0 msec : 0
68.1 msec : 0
68.2 msec : 0
68.3 msec : 0
68.4 msec : 0
68.5 msec : 0
68.6 msec : 0
68.7 msec : 0
68.8 msec : 0
68.9 msec : 0
69.0 msec : 0
69.1 msec : 0
69.2 msec : 0
69.3 msec : 0
69.4 msec : 0
69.5 msec : 0
69.6 msec : 0
69.7 msec : 0
69.8 msec : 0
69.9 msec : 0
70.0 msec : 0
70.1 msec : 0
70.2 msec : 0
70.3 msec : 0
70.4 msec : 0
70.5 msec : 0
70.6 msec : 0
70.7 msec : 0
70.8 msec : 0
70.9 msec : 0
71.0 msec : 0
71.1 msec : 0
71.2 msec : 0
71.3 msec : 0
71.4 msec : 0
71.5 msec : 0
71.6 msec : 0
71.7 msec : 0
71.8 msec : 0
71.9 msec : 0
72.0 msec : 0
72.1 msec : 0
72.2 msec : 0
72.3 msec : 0
72.4 msec : 0
72.5 msec : 0
72.6 msec : 0
72.7 msec : 0
72.8 msec : 0
72.9 msec : 0
73.0 msec : 0
73.1 msec : 0
73.2 msec : 0
73.3 msec : 0
73.4 msec : 0
73.5 msec : 0
73.6 msec : 0
73.7 msec : 0
73.8 msec : 0
73.9 msec : 0
74.0 msec : 0
74.1 msec : 0
74.2 msec : 0
74.3 msec : 0
74.4 msec : 0
74.5 msec : 0
74.6 msec : 0
74.7 msec : 0
74.8 msec : 0
74.9 msec : 0
75.0 msec : 0
75.1 msec : 0
75.2 msec : 0
75.3 msec : 0
75.4 msec : 0
75.5 msec : 0
75.6 msec : 0
75.7 msec : 0
75.8 msec : 0
75.9 msec : 0
76.0 msec : 0
76.1 msec : 0
76.2 msec : 0
76.3 msec : 0
76.4 msec : 0
76.5 msec : 0
76.6 msec : 0
76.7 msec : 0
76.8 msec : 0
76.9 msec : 0
77.0 msec : 0
77.1 msec : 0
77.2 msec : 0
77.3 msec : 0
77.4 msec : 0
77.5 msec : 0
77.6 msec : 0
77.7 msec : 0
77.8 msec : 0
77.9 msec : 0
78.0 msec : 0
78.1 msec : 0
78.2 msec : 0
78.3 msec : 0
78.4 msec : 0
78.5 msec : 0
78.6 msec : 0
78.7 msec : 0
78.8 msec : 0
78.9 msec : 0
79.0 msec : 0
79.1 msec : 0
79.2 msec : 0
79.3 msec : 0
79.4 msec : 0
79.5 msec : 0
79.6 msec : 0
79.7 msec : 0
79.8 msec : 0
79.9 msec : 0
80.0 msec : 0
80.1 msec : 0
80.2 msec : 0
80.3 msec : 0
80.4 msec : 0
80.5 msec : 0
80.6 msec : 0
80.7 msec : 0
80.8 msec : 0
80.9 msec : 0
81.0 msec : 0
81.1 msec : 0
81.2 msec : 0
81.3 msec : 0
81.4 msec : 0
81.5 msec : 0
81.6 msec : 0
81.7 msec : 0
81.8 msec : 0
81.9 msec : 0
82.0 msec : 0
82.1 msec : 0
82.2 msec : 0
82.3 msec : 0
82.4 msec : 0
82.5 msec : 0
82.6 msec : 0
82.7 msec : 0
82.8 msec : 0
82.9 msec : 0
83.0 msec : 0
83.1 msec : 2
83.2 msec : 1
83.3 msec : 0
83.4 msec : 0
83.5 msec : 0
83.6 msec : 1
83.7 msec : 0
83.8 msec : 0
83.9 msec : 0
84.0 msec : 0
84.1 msec : 0
84.2 msec : 1
84.3 msec : 0
84.4 msec : 0
84.5 msec : 2
84.6 msec : 1
84.7 msec : 0
84.8 msec : 0
84.9 msec : 0
85.0 msec : 0
85.1 msec : 0
85.2 msec : 0
85.3 msec : 0
85.4 msec : 0
85.5 msec : 0
85.6 msec : 0
85.7 msec : 0
85.8 msec : 0
85.9 msec : 0
86.0 msec : 0
86.1 msec : 0
86.2 msec : 0
86.3 msec : 0
86.4 msec : 0
86.5 msec : 0
86.6 msec : 0
86.7 msec : 0
86.8 msec : 0
86.9 msec : 0
87.0 msec : 0
87.1 msec : 0
87.2 msec : 0
87.3 msec : 0
87.4 msec : 0
87.5 msec : 0
87.6 msec : 0
87.7 msec : 0
87.8 msec : 0
87.9 msec : 0
88.0 msec : 0
88.1 msec : 0
88.2 msec : 0
88.3 msec : 0
88.4 msec : 0
88.5 msec : 0
88.6 msec : 0
88.7 msec : 0
88.8 msec : 0
88.9 msec : 0
89.0 msec : 0
89.1 msec : 0
89.2 msec : 0
89.3 msec : 0
89.4 msec : 0
89.5 msec : 0
89.6 msec : 0
89.7 msec : 0
89.8 msec : 0
89.9 msec : 0
90.0 msec : 0
90.1 msec : 0
90.2 msec : 0
90.3 msec : 0
90.4 msec : 0
90.5 msec : 0
90.6 msec : 0
90.7 msec : 0
90.8 msec : 0
90.9 msec : 0
91.0 msec : 0
91.1 msec : 0
91.2 msec : 0
91.3 msec : 0
91.4 msec : 0
91.5 msec : 0
91.6 msec : 0
91.7 msec : 0
91.8 msec : 0
91.9 msec : 0
92.0 msec : 0
92.1 msec : 0
92.2 msec : 0
92.3 msec : 0
92.4 msec : 0
92.5 msec : 0
92.6 msec : 0
92.7 msec : 0
92.8 msec : 0
92.9 msec : 0
93.0 msec : 0
93.1 msec : 0
93.2 msec : 0
93.3 msec : 0
93.4 msec : 0
93.5 msec : 0
93.6 msec : 0
93.7 msec : 0
93.8 msec : 0
93.9 msec : 0
94.0 msec : 0
94.1 msec : 0
