Middleware started...
Middleware shuts down...
Smaller resolution statistics are in a log file...
Final aggregates per worker:


Worker 7
Average throughput (ops/sec) = 232
Average response time (msec) = 1.6626827704918032
Average queue length = 2
Average wait time in queue (msec) = 0.24862116393442624
Average service time (msec) = 1.3319315081967213
Number of SET = 0
Number of GET = 232
Number of MULTI GET = 0


Worker 24
Average throughput (ops/sec) = 234
Average response time (msec) = 1.6622
Average queue length = 2
Average wait time in queue (msec) = 0.26245534426229505
Average service time (msec) = 1.3199842950819674
Number of SET = 0
Number of GET = 234
Number of MULTI GET = 0


Worker 25
Average throughput (ops/sec) = 233
Average response time (msec) = 1.67956168852459
Average queue length = 3
Average wait time in queue (msec) = 0.2592486557377049
Average service time (msec) = 1.3319431147540985
Number of SET = 0
Number of GET = 233
Number of MULTI GET = 0


Worker 6
Average throughput (ops/sec) = 234
Average response time (msec) = 1.6586656393442623
Average queue length = 2
Average wait time in queue (msec) = 0.25563296721311474
Average service time (msec) = 1.3230953278688524
Number of SET = 0
Number of GET = 234
Number of MULTI GET = 0


Worker 9
Average throughput (ops/sec) = 235
Average response time (msec) = 1.6583627049180327
Average queue length = 1
Average wait time in queue (msec) = 0.25480316393442626
Average service time (msec) = 1.3247369180327868
Number of SET = 0
Number of GET = 235
Number of MULTI GET = 0


Worker 26
Average throughput (ops/sec) = 234
Average response time (msec) = 1.6526612295081966
Average queue length = 3
Average wait time in queue (msec) = 0.2510335245901639
Average service time (msec) = 1.3233282295081967
Number of SET = 0
Number of GET = 234
Number of MULTI GET = 0


Worker 27
Average throughput (ops/sec) = 232
Average response time (msec) = 1.6668501967213114
Average queue length = 2
Average wait time in queue (msec) = 0.2528693606557377
Average service time (msec) = 1.3398315737704918
Number of SET = 0
Number of GET = 232
Number of MULTI GET = 0


Worker 8
Average throughput (ops/sec) = 232
Average response time (msec) = 1.657726213114754
Average queue length = 2
Average wait time in queue (msec) = 0.2547020163934426
Average service time (msec) = 1.323100426229508
Number of SET = 0
Number of GET = 232
Number of MULTI GET = 0


Worker 20
Average throughput (ops/sec) = 234
Average response time (msec) = 1.6622074918032788
Average queue length = 2
Average wait time in queue (msec) = 0.24742973770491802
Average service time (msec) = 1.3340671967213114
Number of SET = 0
Number of GET = 234
Number of MULTI GET = 0


Worker 3
Average throughput (ops/sec) = 235
Average response time (msec) = 1.664308639344262
Average queue length = 1
Average wait time in queue (msec) = 0.25634918032786885
Average service time (msec) = 1.332404049180328
Number of SET = 0
Number of GET = 235
Number of MULTI GET = 0


Worker 21
Average throughput (ops/sec) = 232
Average response time (msec) = 1.651683524590164
Average queue length = 2
Average wait time in queue (msec) = 0.25588711475409837
Average service time (msec) = 1.3213404590163933
Number of SET = 0
Number of GET = 232
Number of MULTI GET = 0


Worker 2
Average throughput (ops/sec) = 232
Average response time (msec) = 1.6512085737704918
Average queue length = 2
Average wait time in queue (msec) = 0.24263977049180327
Average service time (msec) = 1.3352445409836067
Number of SET = 0
Number of GET = 232
Number of MULTI GET = 0


Worker 22
Average throughput (ops/sec) = 231
Average response time (msec) = 1.6467517704918033
Average queue length = 3
Average wait time in queue (msec) = 0.24621667213114753
Average service time (msec) = 1.3221521311475408
Number of SET = 0
Number of GET = 231
Number of MULTI GET = 0


Worker 5
Average throughput (ops/sec) = 235
Average response time (msec) = 1.6573882950819672
Average queue length = 2
Average wait time in queue (msec) = 0.24525322950819672
Average service time (msec) = 1.3312234262295082
Number of SET = 0
Number of GET = 235
Number of MULTI GET = 0


Worker 23
Average throughput (ops/sec) = 231
Average response time (msec) = 1.6717698524590165
Average queue length = 3
Average wait time in queue (msec) = 0.256400262295082
Average service time (msec) = 1.3338920655737705
Number of SET = 0
Number of GET = 231
Number of MULTI GET = 0


Worker 4
Average throughput (ops/sec) = 233
Average response time (msec) = 1.659228786885246
Average queue length = 1
Average wait time in queue (msec) = 0.2543436393442623
Average service time (msec) = 1.3255577540983607
Number of SET = 0
Number of GET = 233
Number of MULTI GET = 0


Worker 28
Average throughput (ops/sec) = 235
Average response time (msec) = 1.6433018524590164
Average queue length = 2
Average wait time in queue (msec) = 0.24828772131147542
Average service time (msec) = 1.3216499672131148
Number of SET = 0
Number of GET = 235
Number of MULTI GET = 0


Worker 29
Average throughput (ops/sec) = 234
Average response time (msec) = 1.6625973606557378
Average queue length = 3
Average wait time in queue (msec) = 0.25757796721311477
Average service time (msec) = 1.3279563442622953
Number of SET = 0
Number of GET = 234
Number of MULTI GET = 0


Worker 1
Average throughput (ops/sec) = 235
Average response time (msec) = 1.6753667213114753
Average queue length = 2
Average wait time in queue (msec) = 0.2606478524590164
Average service time (msec) = 1.3375971803278688
Number of SET = 0
Number of GET = 235
Number of MULTI GET = 0


Worker 30
Average throughput (ops/sec) = 231
Average response time (msec) = 1.6460578688524592
Average queue length = 2
Average wait time in queue (msec) = 0.2565939344262295
Average service time (msec) = 1.3081779016393442
Number of SET = 0
Number of GET = 235
Number of MULTI GET = 0


Worker 13
Average throughput (ops/sec) = 234
Average response time (msec) = 1.6576289344262294
Average queue length = 2
Average wait time in queue (msec) = 0.24759359016393442
Average service time (msec) = 1.3341585573770491
Number of SET = 0
Number of GET = 234
Number of MULTI GET = 0


Worker 14
Average throughput (ops/sec) = 235
Average response time (msec) = 1.6311975737704918
Average queue length = 2
Average wait time in queue (msec) = 0.251655131147541
Average service time (msec) = 1.306922262295082
Number of SET = 0
Number of GET = 235
Number of MULTI GET = 0


Worker 15
Average throughput (ops/sec) = 237
Average response time (msec) = 1.6666355081967212
Average queue length = 1
Average wait time in queue (msec) = 0.2584855737704918
Average service time (msec) = 1.3278593442622952
Number of SET = 0
Number of GET = 237
Number of MULTI GET = 0


Worker 16
Average throughput (ops/sec) = 234
Average response time (msec) = 1.63935068852459
Average queue length = 2
Average wait time in queue (msec) = 0.2542894754098361
Average service time (msec) = 1.3128910163934426
Number of SET = 0
Number of GET = 234
Number of MULTI GET = 0


Worker 31
Average throughput (ops/sec) = 233
Average response time (msec) = 1.669586836065574
Average queue length = 3
Average wait time in queue (msec) = 0.25993232786885245
Average service time (msec) = 1.3287564918032786
Number of SET = 0
Number of GET = 233
Number of MULTI GET = 0


Worker 32
Average throughput (ops/sec) = 232
Average response time (msec) = 1.6637229836065575
Average queue length = 1
Average wait time in queue (msec) = 0.24019795081967216
Average service time (msec) = 1.3365240655737705
Number of SET = 0
Number of GET = 232
Number of MULTI GET = 0


Worker 10
Average throughput (ops/sec) = 231
Average response time (msec) = 1.671651901639344
Average queue length = 2
Average wait time in queue (msec) = 0.25886844262295083
Average service time (msec) = 1.3361638032786887
Number of SET = 0
Number of GET = 231
Number of MULTI GET = 0


Worker 11
Average throughput (ops/sec) = 235
Average response time (msec) = 1.652207
Average queue length = 1
Average wait time in queue (msec) = 0.2456710163934426
Average service time (msec) = 1.3273354590163935
Number of SET = 0
Number of GET = 235
Number of MULTI GET = 0


Worker 12
Average throughput (ops/sec) = 234
Average response time (msec) = 1.6575949508196721
Average queue length = 2
Average wait time in queue (msec) = 0.25609881967213116
Average service time (msec) = 1.3240801967213114
Number of SET = 0
Number of GET = 234
Number of MULTI GET = 0


Worker 17
Average throughput (ops/sec) = 232
Average response time (msec) = 1.6566333442622951
Average queue length = 1
Average wait time in queue (msec) = 0.2610670655737705
Average service time (msec) = 1.3184603278688525
Number of SET = 0
Number of GET = 232
Number of MULTI GET = 0


Worker 18
Average throughput (ops/sec) = 235
Average response time (msec) = 1.6600801475409834
Average queue length = 2
Average wait time in queue (msec) = 0.25664388524590165
Average service time (msec) = 1.3281064262295081
Number of SET = 0
Number of GET = 235
Number of MULTI GET = 0


Worker 19
Average throughput (ops/sec) = 233
Average response time (msec) = 1.6419053770491803
Average queue length = 2
Average wait time in queue (msec) = 0.2494637213114754
Average service time (msec) = 1.3179151967213114
Number of SET = 0
Number of GET = 233
Number of MULTI GET = 0


FINAL STATS
Average throughput (ops/sec) = 7469
Average response time (msec) = 1.6377646252201108
Average queue length = 1
Average wait time in queue (msec) = 0.2533425087090164
Average service time (msec) = 1.3265121111680327
Number of SET = 0
Number of GET = 7473
Number of MULTI GET = 0
Number of Cache misses = 272962


Histogram response times (0.1 msec step)
0.0 msec : 447
0.1 msec : 6141
0.2 msec : 19461
0.3 msec : 33795
0.4 msec : 44253
0.5 msec : 51023
0.6 msec : 50950
0.7 msec : 46502
0.8 msec : 39482
0.9 msec : 31168
1.0 msec : 24399
1.1 msec : 18145
1.2 msec : 13336
1.3 msec : 10568
1.4 msec : 7555
1.5 msec : 5649
1.6 msec : 4084
1.7 msec : 3218
1.8 msec : 2596
1.9 msec : 1821
2.0 msec : 1615
2.1 msec : 1419
2.2 msec : 1134
2.3 msec : 1100
2.4 msec : 960
2.5 msec : 718
2.6 msec : 835
2.7 msec : 638
2.8 msec : 663
2.9 msec : 531
3.0 msec : 621
3.1 msec : 481
3.2 msec : 429
3.3 msec : 478
3.4 msec : 387
3.5 msec : 327
3.6 msec : 370
3.7 msec : 331
3.8 msec : 301
3.9 msec : 368
4.0 msec : 291
4.1 msec : 302
4.2 msec : 299
4.3 msec : 267
4.4 msec : 287
4.5 msec : 347
4.6 msec : 300
4.7 msec : 388
4.8 msec : 388
4.9 msec : 352
5.0 msec : 306
5.1 msec : 335
5.2 msec : 367
5.3 msec : 402
5.4 msec : 733
5.5 msec : 1069
5.6 msec : 1304
5.7 msec : 1366
5.8 msec : 1614
5.9 msec : 1555
6.0 msec : 1652
6.1 msec : 1636
6.2 msec : 1546
6.3 msec : 1521
6.4 msec : 1320
6.5 msec : 1131
6.6 msec : 959
6.7 msec : 814
6.8 msec : 566
6.9 msec : 518
7.0 msec : 374
7.1 msec : 351
7.2 msec : 288
7.3 msec : 238
7.4 msec : 216
7.5 msec : 207
7.6 msec : 155
7.7 msec : 184
7.8 msec : 147
7.9 msec : 114
8.0 msec : 95
8.1 msec : 72
8.2 msec : 88
8.3 msec : 81
8.4 msec : 75
8.5 msec : 63
8.6 msec : 58
8.7 msec : 60
8.8 msec : 63
8.9 msec : 56
9.0 msec : 45
9.1 msec : 48
9.2 msec : 21
9.3 msec : 42
9.4 msec : 58
9.5 msec : 40
9.6 msec : 50
9.7 msec : 48
9.8 msec : 49
9.9 msec : 45
10.0 msec : 30
10.1 msec : 23
10.2 msec : 27
10.3 msec : 13
10.4 msec : 21
10.5 msec : 9
10.6 msec : 13
10.7 msec : 14
10.8 msec : 42
10.9 msec : 30
11.0 msec : 16
11.1 msec : 17
11.2 msec : 21
11.3 msec : 15
11.4 msec : 15
11.5 msec : 10
11.6 msec : 23
11.7 msec : 19
11.8 msec : 18
11.9 msec : 14
12.0 msec : 5
12.1 msec : 10
12.2 msec : 12
12.3 msec : 18
12.4 msec : 7
12.5 msec : 6
12.6 msec : 7
12.7 msec : 5
12.8 msec : 7
12.9 msec : 12
13.0 msec : 7
13.1 msec : 5
13.2 msec : 0
13.3 msec : 6
13.4 msec : 5
13.5 msec : 3
13.6 msec : 4
13.7 msec : 4
13.8 msec : 6
13.9 msec : 4
14.0 msec : 4
14.1 msec : 6
14.2 msec : 8
14.3 msec : 6
14.4 msec : 2
14.5 msec : 8
14.6 msec : 4
14.7 msec : 7
14.8 msec : 4
14.9 msec : 4
15.0 msec : 10
15.1 msec : 6
15.2 msec : 9
15.3 msec : 18
15.4 msec : 12
15.5 msec : 17
15.6 msec : 14
15.7 msec : 4
15.8 msec : 2
15.9 msec : 2
16.0 msec : 5
16.1 msec : 10
16.2 msec : 5
16.3 msec : 7
16.4 msec : 4
16.5 msec : 8
16.6 msec : 6
16.7 msec : 1
16.8 msec : 1
16.9 msec : 1
17.0 msec : 0
17.1 msec : 3
17.2 msec : 0
17.3 msec : 0
17.4 msec : 1
17.5 msec : 1
17.6 msec : 0
17.7 msec : 2
17.8 msec : 1
17.9 msec : 2
18.0 msec : 2
18.1 msec : 5
18.2 msec : 5
18.3 msec : 3
18.4 msec : 0
18.5 msec : 3
18.6 msec : 1
18.7 msec : 2
18.8 msec : 1
18.9 msec : 0
19.0 msec : 0
19.1 msec : 0
19.2 msec : 1
19.3 msec : 0
19.4 msec : 0
19.5 msec : 0
19.6 msec : 0
19.7 msec : 0
19.8 msec : 3
19.9 msec : 0
20.0 msec : 1
20.1 msec : 0
20.2 msec : 0
20.3 msec : 1
20.4 msec : 0
20.5 msec : 1
20.6 msec : 6
20.7 msec : 5
20.8 msec : 2
20.9 msec : 3
21.0 msec : 5
21.1 msec : 2
21.2 msec : 0
21.3 msec : 1
21.4 msec : 1
21.5 msec : 0
21.6 msec : 0
21.7 msec : 0
21.8 msec : 0
21.9 msec : 0
22.0 msec : 0
22.1 msec : 0
22.2 msec : 0
22.3 msec : 0
22.4 msec : 0
22.5 msec : 0
22.6 msec : 0
22.7 msec : 0
22.8 msec : 0
22.9 msec : 0
23.0 msec : 0
23.1 msec : 0
23.2 msec : 1
23.3 msec : 0
23.4 msec : 0
23.5 msec : 0
23.6 msec : 1
23.7 msec : 1
23.8 msec : 2
23.9 msec : 1
24.0 msec : 2
24.1 msec : 1
24.2 msec : 1
24.3 msec : 1
24.4 msec : 2
24.5 msec : 3
24.6 msec : 2
24.7 msec : 0
24.8 msec : 4
24.9 msec : 4
25.0 msec : 3
25.1 msec : 6
25.2 msec : 2
25.3 msec : 4
25.4 msec : 4
25.5 msec : 2
25.6 msec : 1
25.7 msec : 0
25.8 msec : 0
25.9 msec : 2
26.0 msec : 1
26.1 msec : 0
26.2 msec : 0
26.3 msec : 0
26.4 msec : 0
26.5 msec : 0
26.6 msec : 0
26.7 msec : 0
26.8 msec : 0
26.9 msec : 0
27.0 msec : 0
27.1 msec : 0
27.2 msec : 0
27.3 msec : 0
27.4 msec : 0
27.5 msec : 0
27.6 msec : 0
27.7 msec : 0
27.8 msec : 1
27.9 msec : 0
28.0 msec : 0
28.1 msec : 0
28.2 msec : 1
28.3 msec : 0
28.4 msec : 0
28.5 msec : 1
28.6 msec : 0
28.7 msec : 0
28.8 msec : 0
28.9 msec : 0
29.0 msec : 0
29.1 msec : 0
29.2 msec : 0
29.3 msec : 0
29.4 msec : 0
29.5 msec : 0
29.6 msec : 0
29.7 msec : 1
29.8 msec : 0
29.9 msec : 0
30.0 msec : 0
30.1 msec : 0
30.2 msec : 1
30.3 msec : 1
30.4 msec : 0
30.5 msec : 0
30.6 msec : 1
30.7 msec : 0
30.8 msec : 0
30.9 msec : 0
31.0 msec : 0
31.1 msec : 0
31.2 msec : 1
31.3 msec : 0
31.4 msec : 0
31.5 msec : 0
31.6 msec : 1
31.7 msec : 1
31.8 msec : 0
31.9 msec : 0
32.0 msec : 0
32.1 msec : 0
32.2 msec : 0
32.3 msec : 0
32.4 msec : 0
32.5 msec : 0
32.6 msec : 1
32.7 msec : 1
32.8 msec : 0
32.9 msec : 2
33.0 msec : 0
33.1 msec : 4
33.2 msec : 1
33.3 msec : 0
33.4 msec : 2
33.5 msec : 0
33.6 msec : 0
33.7 msec : 0
33.8 msec : 2
33.9 msec : 0
34.0 msec : 3
34.1 msec : 1
34.2 msec : 0
34.3 msec : 3
34.4 msec : 4
34.5 msec : 3
34.6 msec : 2
34.7 msec : 1
34.8 msec : 3
34.9 msec : 0
35.0 msec : 1
35.1 msec : 0
35.2 msec : 0
35.3 msec : 0
35.4 msec : 0
35.5 msec : 0
35.6 msec : 0
35.7 msec : 0
35.8 msec : 0
35.9 msec : 0
36.0 msec : 0
36.1 msec : 0
36.2 msec : 0
36.3 msec : 0
36.4 msec : 0
36.5 msec : 0
36.6 msec : 0
36.7 msec : 0
36.8 msec : 0
36.9 msec : 0
37.0 msec : 0
37.1 msec : 0
37.2 msec : 0
37.3 msec : 0
37.4 msec : 0
37.5 msec : 0
37.6 msec : 0
37.7 msec : 0
37.8 msec : 0
37.9 msec : 0
38.0 msec : 0
38.1 msec : 0
38.2 msec : 0
38.3 msec : 0
38.4 msec : 0
38.5 msec : 0
38.6 msec : 0
38.7 msec : 3
38.8 msec : 1
38.9 msec : 1
39.0 msec : 4
39.1 msec : 1
39.2 msec : 3
39.3 msec : 1
39.4 msec : 0
39.5 msec : 4
39.6 msec : 2
39.7 msec : 1
39.8 msec : 0
39.9 msec : 0
40.0 msec : 0
40.1 msec : 1
40.2 msec : 0
40.3 msec : 0
40.4 msec : 0
40.5 msec : 0
40.6 msec : 0
40.7 msec : 0
40.8 msec : 1
40.9 msec : 1
41.0 msec : 1
41.1 msec : 2
41.2 msec : 4
41.3 msec : 1
41.4 msec : 4
41.5 msec : 3
41.6 msec : 0
41.7 msec : 0
41.8 msec : 1
41.9 msec : 0
42.0 msec : 0
42.1 msec : 0
42.2 msec : 0
42.3 msec : 0
42.4 msec : 0
42.5 msec : 0
42.6 msec : 0
42.7 msec : 0
42.8 msec : 0
42.9 msec : 0
43.0 msec : 0
43.1 msec : 0
43.2 msec : 0
43.3 msec : 0
43.4 msec : 0
43.5 msec : 0
43.6 msec : 1
43.7 msec : 0
43.8 msec : 0
43.9 msec : 0
44.0 msec : 0
44.1 msec : 0
44.2 msec : 0
44.3 msec : 0
44.4 msec : 0
44.5 msec : 0
44.6 msec : 0
44.7 msec : 0
44.8 msec : 0
44.9 msec : 0
45.0 msec : 0
45.1 msec : 0
45.2 msec : 0
45.3 msec : 0
45.4 msec : 0
45.5 msec : 0
45.6 msec : 0
45.7 msec : 0
45.8 msec : 0
45.9 msec : 0
46.0 msec : 0
46.1 msec : 0
46.2 msec : 0
46.3 msec : 0
46.4 msec : 0
46.5 msec : 0
46.6 msec : 0
46.7 msec : 0
46.8 msec : 0
46.9 msec : 0
47.0 msec : 0
47.1 msec : 0
47.2 msec : 0
47.3 msec : 0
47.4 msec : 1
47.5 msec : 0
47.6 msec : 0
47.7 msec : 0
47.8 msec : 0
47.9 msec : 0
48.0 msec : 0
48.1 msec : 0
48.2 msec : 0
48.3 msec : 0
48.4 msec : 0
48.5 msec : 0
48.6 msec : 0
48.7 msec : 0
48.8 msec : 0
48.9 msec : 0
49.0 msec : 0
49.1 msec : 0
49.2 msec : 0
49.3 msec : 0
49.4 msec : 0
49.5 msec : 0
49.6 msec : 0
49.7 msec : 0
49.8 msec : 0
49.9 msec : 0
50.0 msec : 0
50.1 msec : 0
50.2 msec : 0
50.3 msec : 0
50.4 msec : 0
50.5 msec : 0
50.6 msec : 0
50.7 msec : 0
50.8 msec : 0
50.9 msec : 0
51.0 msec : 0
51.1 msec : 0
51.2 msec : 0
51.3 msec : 0
51.4 msec : 0
51.5 msec : 0
51.6 msec : 0
51.7 msec : 0
51.8 msec : 0
51.9 msec : 0
52.0 msec : 0
52.1 msec : 0
52.2 msec : 0
52.3 msec : 0
52.4 msec : 0
52.5 msec : 0
52.6 msec : 0
52.7 msec : 0
52.8 msec : 0
52.9 msec : 0
53.0 msec : 0
53.1 msec : 0
53.2 msec : 0
53.3 msec : 0
53.4 msec : 0
53.5 msec : 0
53.6 msec : 0
53.7 msec : 0
53.8 msec : 0
53.9 msec : 0
54.0 msec : 0
54.1 msec : 0
54.2 msec : 0
54.3 msec : 0
54.4 msec : 0
54.5 msec : 0
54.6 msec : 0
54.7 msec : 0
54.8 msec : 0
54.9 msec : 0
55.0 msec : 0
55.1 msec : 0
55.2 msec : 0
55.3 msec : 0
55.4 msec : 0
55.5 msec : 0
55.6 msec : 0
55.7 msec : 0
55.8 msec : 0
55.9 msec : 0
56.0 msec : 0
56.1 msec : 0
56.2 msec : 0
56.3 msec : 0
56.4 msec : 0
56.5 msec : 0
56.6 msec : 0
56.7 msec : 0
56.8 msec : 0
56.9 msec : 0
57.0 msec : 0
57.1 msec : 0
57.2 msec : 0
57.3 msec : 1
57.4 msec : 0
57.5 msec : 0
57.6 msec : 0
57.7 msec : 1
57.8 msec : 1
