Middleware started...
Middleware shuts down...
Smaller resolution statistics are in a log file...
Final aggregates per worker:


Worker 24
Average throughput (ops/sec) = 207
Average response time (msec) = 1.5599886885245902
Average queue length = 2
Average wait time in queue (msec) = 0.2153640819672131
Average service time (msec) = 1.2629378524590165
Number of SET = 0
Number of GET = 207
Number of MULTI GET = 0


Worker 7
Average throughput (ops/sec) = 206
Average response time (msec) = 1.581084950819672
Average queue length = 1
Average wait time in queue (msec) = 0.23654480327868851
Average service time (msec) = 1.2629486721311474
Number of SET = 0
Number of GET = 206
Number of MULTI GET = 0


Worker 25
Average throughput (ops/sec) = 203
Average response time (msec) = 1.5569162459016392
Average queue length = 2
Average wait time in queue (msec) = 0.21594027868852458
Average service time (msec) = 1.2586481475409834
Number of SET = 0
Number of GET = 203
Number of MULTI GET = 0


Worker 6
Average throughput (ops/sec) = 203
Average response time (msec) = 1.5694200327868852
Average queue length = 1
Average wait time in queue (msec) = 0.22697618032786884
Average service time (msec) = 1.2574046721311474
Number of SET = 0
Number of GET = 203
Number of MULTI GET = 0


Worker 26
Average throughput (ops/sec) = 202
Average response time (msec) = 1.5431145409836067
Average queue length = 1
Average wait time in queue (msec) = 0.21947811475409834
Average service time (msec) = 1.2433863114754098
Number of SET = 0
Number of GET = 202
Number of MULTI GET = 0


Worker 9
Average throughput (ops/sec) = 204
Average response time (msec) = 1.5669577704918034
Average queue length = 1
Average wait time in queue (msec) = 0.23225816393442625
Average service time (msec) = 1.250369836065574
Number of SET = 0
Number of GET = 204
Number of MULTI GET = 0


Worker 27
Average throughput (ops/sec) = 203
Average response time (msec) = 1.58198131147541
Average queue length = 2
Average wait time in queue (msec) = 0.2314055737704918
Average service time (msec) = 1.2754330983606559
Number of SET = 0
Number of GET = 203
Number of MULTI GET = 0


Worker 8
Average throughput (ops/sec) = 207
Average response time (msec) = 1.568607262295082
Average queue length = 1
Average wait time in queue (msec) = 0.22731090163934425
Average service time (msec) = 1.2633563278688524
Number of SET = 0
Number of GET = 207
Number of MULTI GET = 0


Worker 20
Average throughput (ops/sec) = 202
Average response time (msec) = 1.5686317540983608
Average queue length = 1
Average wait time in queue (msec) = 0.22823488524590166
Average service time (msec) = 1.2502141147540984
Number of SET = 0
Number of GET = 202
Number of MULTI GET = 0


Worker 3
Average throughput (ops/sec) = 205
Average response time (msec) = 1.5660726885245901
Average queue length = 1
Average wait time in queue (msec) = 0.21687239344262293
Average service time (msec) = 1.2648371803278688
Number of SET = 0
Number of GET = 205
Number of MULTI GET = 0


Worker 21
Average throughput (ops/sec) = 206
Average response time (msec) = 1.5944128196721312
Average queue length = 1
Average wait time in queue (msec) = 0.22487752459016394
Average service time (msec) = 1.2812293114754099
Number of SET = 0
Number of GET = 206
Number of MULTI GET = 0


Worker 2
Average throughput (ops/sec) = 206
Average response time (msec) = 1.5598701147540985
Average queue length = 1
Average wait time in queue (msec) = 0.22531803278688525
Average service time (msec) = 1.24900368852459
Number of SET = 0
Number of GET = 206
Number of MULTI GET = 0


Worker 22
Average throughput (ops/sec) = 205
Average response time (msec) = 1.5685537049180327
Average queue length = 1
Average wait time in queue (msec) = 0.22075975409836066
Average service time (msec) = 1.275072344262295
Number of SET = 0
Number of GET = 205
Number of MULTI GET = 0


Worker 5
Average throughput (ops/sec) = 205
Average response time (msec) = 1.5742955573770492
Average queue length = 1
Average wait time in queue (msec) = 0.2232446557377049
Average service time (msec) = 1.2680662786885246
Number of SET = 0
Number of GET = 205
Number of MULTI GET = 0


Worker 23
Average throughput (ops/sec) = 205
Average response time (msec) = 1.550963606557377
Average queue length = 0
Average wait time in queue (msec) = 0.21825218032786883
Average service time (msec) = 1.2533540163934427
Number of SET = 0
Number of GET = 205
Number of MULTI GET = 0


Worker 4
Average throughput (ops/sec) = 203
Average response time (msec) = 1.6104883934426228
Average queue length = 1
Average wait time in queue (msec) = 0.2485239836065574
Average service time (msec) = 1.2699863442622952
Number of SET = 0
Number of GET = 203
Number of MULTI GET = 0


Worker 28
Average throughput (ops/sec) = 203
Average response time (msec) = 1.5790860655737706
Average queue length = 1
Average wait time in queue (msec) = 0.2239773606557377
Average service time (msec) = 1.267620524590164
Number of SET = 0
Number of GET = 203
Number of MULTI GET = 0


Worker 29
Average throughput (ops/sec) = 203
Average response time (msec) = 1.5629191639344262
Average queue length = 2
Average wait time in queue (msec) = 0.2165767868852459
Average service time (msec) = 1.2678280163934426
Number of SET = 0
Number of GET = 203
Number of MULTI GET = 0


Worker 1
Average throughput (ops/sec) = 205
Average response time (msec) = 1.5900087049180327
Average queue length = 0
Average wait time in queue (msec) = 0.23431811475409836
Average service time (msec) = 1.2689888524590165
Number of SET = 0
Number of GET = 205
Number of MULTI GET = 0


Worker 30
Average throughput (ops/sec) = 204
Average response time (msec) = 1.5672380819672131
Average queue length = 1
Average wait time in queue (msec) = 0.2259596557377049
Average service time (msec) = 1.2622778032786885
Number of SET = 0
Number of GET = 204
Number of MULTI GET = 0


Worker 13
Average throughput (ops/sec) = 204
Average response time (msec) = 1.5963105409836067
Average queue length = 1
Average wait time in queue (msec) = 0.2385960655737705
Average service time (msec) = 1.2715170163934426
Number of SET = 0
Number of GET = 204
Number of MULTI GET = 0


Worker 14
Average throughput (ops/sec) = 205
Average response time (msec) = 1.5511004590163935
Average queue length = 1
Average wait time in queue (msec) = 0.2248622786885246
Average service time (msec) = 1.2441971147540984
Number of SET = 0
Number of GET = 205
Number of MULTI GET = 0


Worker 15
Average throughput (ops/sec) = 203
Average response time (msec) = 1.580286
Average queue length = 1
Average wait time in queue (msec) = 0.23117483606557376
Average service time (msec) = 1.2688120655737705
Number of SET = 0
Number of GET = 203
Number of MULTI GET = 0


Worker 16
Average throughput (ops/sec) = 205
Average response time (msec) = 1.5914098524590166
Average queue length = 1
Average wait time in queue (msec) = 0.2397099836065574
Average service time (msec) = 1.2669631475409835
Number of SET = 0
Number of GET = 205
Number of MULTI GET = 0


Worker 31
Average throughput (ops/sec) = 205
Average response time (msec) = 1.59220931147541
Average queue length = 1
Average wait time in queue (msec) = 0.2298227868852459
Average service time (msec) = 1.281901737704918
Number of SET = 0
Number of GET = 205
Number of MULTI GET = 0


Worker 32
Average throughput (ops/sec) = 204
Average response time (msec) = 1.559234163934426
Average queue length = 2
Average wait time in queue (msec) = 0.22160227868852458
Average service time (msec) = 1.2591256229508199
Number of SET = 0
Number of GET = 204
Number of MULTI GET = 0


Worker 10
Average throughput (ops/sec) = 202
Average response time (msec) = 1.572788524590164
Average queue length = 1
Average wait time in queue (msec) = 0.22580411475409834
Average service time (msec) = 1.2650146229508197
Number of SET = 0
Number of GET = 202
Number of MULTI GET = 0


Worker 11
Average throughput (ops/sec) = 206
Average response time (msec) = 1.5669830983606559
Average queue length = 1
Average wait time in queue (msec) = 0.22941722950819673
Average service time (msec) = 1.2551635409836066
Number of SET = 0
Number of GET = 206
Number of MULTI GET = 0


Worker 12
Average throughput (ops/sec) = 203
Average response time (msec) = 1.5545132786885245
Average queue length = 1
Average wait time in queue (msec) = 0.2225808524590164
Average service time (msec) = 1.2438841967213115
Number of SET = 0
Number of GET = 203
Number of MULTI GET = 0


Worker 17
Average throughput (ops/sec) = 207
Average response time (msec) = 1.5757976229508197
Average queue length = 1
Average wait time in queue (msec) = 0.224409737704918
Average service time (msec) = 1.2683032950819673
Number of SET = 0
Number of GET = 207
Number of MULTI GET = 0


Worker 18
Average throughput (ops/sec) = 203
Average response time (msec) = 1.561622081967213
Average queue length = 1
Average wait time in queue (msec) = 0.21589344262295082
Average service time (msec) = 1.2678531475409835
Number of SET = 0
Number of GET = 203
Number of MULTI GET = 0


Worker 19
Average throughput (ops/sec) = 204
Average response time (msec) = 1.5634771311475408
Average queue length = 1
Average wait time in queue (msec) = 0.22617606557377049
Average service time (msec) = 1.257081426229508
Number of SET = 0
Number of GET = 204
Number of MULTI GET = 0


FINAL STATS
Average throughput (ops/sec) = 6538
Average response time (msec) = 1.5421251821441253
Average queue length = 1
Average wait time in queue (msec) = 0.2263200968237705
Average service time (msec) = 1.2625868852459017
Number of SET = 0
Number of GET = 6538
Number of MULTI GET = 0
Number of Cache misses = 248090


Histogram response times (0.1 msec step)
0.0 msec : 1090
0.1 msec : 11100
0.2 msec : 29089
0.3 msec : 42957
0.4 msec : 49113
0.5 msec : 47754
0.6 msec : 43292
0.7 msec : 36601
0.8 msec : 28838
0.9 msec : 22083
1.0 msec : 15961
1.1 msec : 10760
1.2 msec : 7418
1.3 msec : 5182
1.4 msec : 3780
1.5 msec : 2798
1.6 msec : 2184
1.7 msec : 1834
1.8 msec : 1509
1.9 msec : 1244
2.0 msec : 1099
2.1 msec : 911
2.2 msec : 790
2.3 msec : 682
2.4 msec : 641
2.5 msec : 503
2.6 msec : 535
2.7 msec : 494
2.8 msec : 490
2.9 msec : 408
3.0 msec : 466
3.1 msec : 425
3.2 msec : 351
3.3 msec : 306
3.4 msec : 283
3.5 msec : 321
3.6 msec : 316
3.7 msec : 326
3.8 msec : 335
3.9 msec : 310
4.0 msec : 278
4.1 msec : 239
4.2 msec : 217
4.3 msec : 210
4.4 msec : 216
4.5 msec : 275
4.6 msec : 207
4.7 msec : 237
4.8 msec : 212
4.9 msec : 224
5.0 msec : 193
5.1 msec : 234
5.2 msec : 318
5.3 msec : 543
5.4 msec : 1155
5.5 msec : 1499
5.6 msec : 1717
5.7 msec : 1731
5.8 msec : 1983
5.9 msec : 1824
6.0 msec : 1678
6.1 msec : 1522
6.2 msec : 1429
6.3 msec : 1208
6.4 msec : 894
6.5 msec : 747
6.6 msec : 602
6.7 msec : 456
6.8 msec : 332
6.9 msec : 334
7.0 msec : 238
7.1 msec : 184
7.2 msec : 119
7.3 msec : 117
7.4 msec : 129
7.5 msec : 135
7.6 msec : 119
7.7 msec : 61
7.8 msec : 50
7.9 msec : 56
8.0 msec : 64
8.1 msec : 61
8.2 msec : 55
8.3 msec : 57
8.4 msec : 49
8.5 msec : 54
8.6 msec : 29
8.7 msec : 52
8.8 msec : 33
8.9 msec : 33
9.0 msec : 29
9.1 msec : 54
9.2 msec : 22
9.3 msec : 33
9.4 msec : 22
9.5 msec : 20
9.6 msec : 19
9.7 msec : 21
9.8 msec : 25
9.9 msec : 13
10.0 msec : 18
10.1 msec : 18
10.2 msec : 14
10.3 msec : 15
10.4 msec : 22
10.5 msec : 23
10.6 msec : 15
10.7 msec : 19
10.8 msec : 13
10.9 msec : 7
11.0 msec : 11
11.1 msec : 18
11.2 msec : 14
11.3 msec : 17
11.4 msec : 16
11.5 msec : 7
11.6 msec : 4
11.7 msec : 6
11.8 msec : 9
11.9 msec : 6
12.0 msec : 5
12.1 msec : 4
12.2 msec : 3
12.3 msec : 3
12.4 msec : 3
12.5 msec : 1
12.6 msec : 2
12.7 msec : 11
12.8 msec : 10
12.9 msec : 3
13.0 msec : 2
13.1 msec : 1
13.2 msec : 5
13.3 msec : 10
13.4 msec : 8
13.5 msec : 4
13.6 msec : 7
13.7 msec : 6
13.8 msec : 5
13.9 msec : 3
14.0 msec : 1
14.1 msec : 5
14.2 msec : 3
14.3 msec : 4
14.4 msec : 5
14.5 msec : 8
14.6 msec : 6
14.7 msec : 5
14.8 msec : 6
14.9 msec : 10
15.0 msec : 5
15.1 msec : 4
15.2 msec : 3
15.3 msec : 1
15.4 msec : 2
15.5 msec : 1
15.6 msec : 2
15.7 msec : 8
15.8 msec : 11
15.9 msec : 11
16.0 msec : 6
16.1 msec : 7
16.2 msec : 6
16.3 msec : 2
16.4 msec : 2
16.5 msec : 4
16.6 msec : 2
16.7 msec : 0
16.8 msec : 0
16.9 msec : 0
17.0 msec : 0
17.1 msec : 4
17.2 msec : 1
17.3 msec : 1
17.4 msec : 2
17.5 msec : 1
17.6 msec : 1
17.7 msec : 0
17.8 msec : 0
17.9 msec : 2
18.0 msec : 0
18.1 msec : 0
18.2 msec : 0
18.3 msec : 2
18.4 msec : 2
18.5 msec : 4
18.6 msec : 4
18.7 msec : 12
18.8 msec : 6
18.9 msec : 9
19.0 msec : 4
19.1 msec : 4
19.2 msec : 6
19.3 msec : 3
19.4 msec : 3
19.5 msec : 0
19.6 msec : 0
19.7 msec : 3
19.8 msec : 2
19.9 msec : 6
20.0 msec : 4
20.1 msec : 2
20.2 msec : 1
20.3 msec : 1
20.4 msec : 1
20.5 msec : 0
20.6 msec : 1
20.7 msec : 0
20.8 msec : 1
20.9 msec : 0
21.0 msec : 6
21.1 msec : 1
21.2 msec : 0
21.3 msec : 0
21.4 msec : 0
21.5 msec : 0
21.6 msec : 1
21.7 msec : 0
21.8 msec : 1
21.9 msec : 0
22.0 msec : 0
22.1 msec : 0
22.2 msec : 0
22.3 msec : 0
22.4 msec : 2
22.5 msec : 0
22.6 msec : 2
22.7 msec : 2
22.8 msec : 2
22.9 msec : 2
23.0 msec : 2
23.1 msec : 2
23.2 msec : 4
23.3 msec : 5
23.4 msec : 0
23.5 msec : 0
23.6 msec : 2
23.7 msec : 3
23.8 msec : 3
23.9 msec : 0
24.0 msec : 1
24.1 msec : 2
24.2 msec : 1
24.3 msec : 2
24.4 msec : 0
24.5 msec : 2
24.6 msec : 1
24.7 msec : 0
24.8 msec : 0
24.9 msec : 2
25.0 msec : 0
25.1 msec : 3
25.2 msec : 0
25.3 msec : 3
25.4 msec : 1
25.5 msec : 0
25.6 msec : 3
25.7 msec : 7
25.8 msec : 1
25.9 msec : 3
26.0 msec : 3
26.1 msec : 0
26.2 msec : 0
26.3 msec : 0
26.4 msec : 0
26.5 msec : 0
26.6 msec : 1
26.7 msec : 0
26.8 msec : 0
26.9 msec : 1
27.0 msec : 0
27.1 msec : 0
27.2 msec : 0
27.3 msec : 1
27.4 msec : 4
27.5 msec : 2
27.6 msec : 2
27.7 msec : 1
27.8 msec : 0
27.9 msec : 0
28.0 msec : 0
28.1 msec : 1
28.2 msec : 0
28.3 msec : 0
28.4 msec : 0
28.5 msec : 0
28.6 msec : 0
28.7 msec : 0
28.8 msec : 0
28.9 msec : 0
29.0 msec : 0
29.1 msec : 0
29.2 msec : 0
29.3 msec : 0
29.4 msec : 0
29.5 msec : 0
29.6 msec : 0
29.7 msec : 0
29.8 msec : 1
29.9 msec : 0
30.0 msec : 0
30.1 msec : 0
30.2 msec : 1
30.3 msec : 3
30.4 msec : 0
30.5 msec : 1
30.6 msec : 1
30.7 msec : 0
30.8 msec : 0
30.9 msec : 0
31.0 msec : 0
31.1 msec : 0
31.2 msec : 1
31.3 msec : 4
31.4 msec : 1
31.5 msec : 0
31.6 msec : 0
31.7 msec : 0
31.8 msec : 0
31.9 msec : 0
32.0 msec : 3
32.1 msec : 1
32.2 msec : 0
32.3 msec : 0
32.4 msec : 0
32.5 msec : 0
32.6 msec : 0
32.7 msec : 0
32.8 msec : 1
32.9 msec : 0
33.0 msec : 0
33.1 msec : 0
33.2 msec : 0
33.3 msec : 0
33.4 msec : 2
33.5 msec : 1
33.6 msec : 0
33.7 msec : 0
33.8 msec : 0
33.9 msec : 0
34.0 msec : 0
34.1 msec : 0
34.2 msec : 0
34.3 msec : 0
34.4 msec : 0
34.5 msec : 0
34.6 msec : 0
34.7 msec : 0
34.8 msec : 0
34.9 msec : 0
35.0 msec : 0
35.1 msec : 0
35.2 msec : 0
35.3 msec : 0
35.4 msec : 0
35.5 msec : 0
35.6 msec : 5
35.7 msec : 3
35.8 msec : 2
35.9 msec : 0
36.0 msec : 1
36.1 msec : 0
36.2 msec : 0
36.3 msec : 0
