Middleware started...
Middleware shuts down...
Smaller resolution statistics are in a log file...
Final aggregates per worker:


Worker 7
Average throughput (ops/sec) = 433
Average response time (msec) = 18.241820950819672
Average queue length = 54
Average wait time in queue (msec) = 15.951628885245903
Average service time (msec) = 2.1860040327868853
Number of SET = 433
Number of GET = 0
Number of MULTI GET = 0


Worker 6
Average throughput (ops/sec) = 433
Average response time (msec) = 18.252607032786884
Average queue length = 54
Average wait time in queue (msec) = 15.958170065573771
Average service time (msec) = 2.184930868852459
Number of SET = 434
Number of GET = 0
Number of MULTI GET = 0


Worker 8
Average throughput (ops/sec) = 433
Average response time (msec) = 18.220588016393442
Average queue length = 54
Average wait time in queue (msec) = 15.934045295081967
Average service time (msec) = 2.195574295081967
Number of SET = 434
Number of GET = 0
Number of MULTI GET = 0


Worker 3
Average throughput (ops/sec) = 433
Average response time (msec) = 18.285221163934423
Average queue length = 55
Average wait time in queue (msec) = 15.993470967213115
Average service time (msec) = 2.200325459016393
Number of SET = 433
Number of GET = 0
Number of MULTI GET = 0


Worker 2
Average throughput (ops/sec) = 434
Average response time (msec) = 18.252762672131148
Average queue length = 55
Average wait time in queue (msec) = 15.964851508196721
Average service time (msec) = 2.1767088852459016
Number of SET = 434
Number of GET = 0
Number of MULTI GET = 0


Worker 5
Average throughput (ops/sec) = 434
Average response time (msec) = 18.2737961147541
Average queue length = 55
Average wait time in queue (msec) = 15.988356114754097
Average service time (msec) = 2.1964144754098363
Number of SET = 434
Number of GET = 0
Number of MULTI GET = 0


Worker 4
Average throughput (ops/sec) = 434
Average response time (msec) = 18.257311901639348
Average queue length = 55
Average wait time in queue (msec) = 15.973041327868852
Average service time (msec) = 2.191147819672131
Number of SET = 434
Number of GET = 0
Number of MULTI GET = 0


Worker 1
Average throughput (ops/sec) = 433
Average response time (msec) = 18.27185906557377
Average queue length = 55
Average wait time in queue (msec) = 15.98228193442623
Average service time (msec) = 2.200918704918033
Number of SET = 433
Number of GET = 0
Number of MULTI GET = 0


FINAL STATS
Average throughput (ops/sec) = 3467
Average response time (msec) = 18.0906180882103
Average queue length = 54
Average wait time in queue (msec) = 15.968230762295082
Average service time (msec) = 2.1915030676229508
Number of SET = 433
Number of GET = 0
Number of MULTI GET = 0
Number of Cache misses = 0


Histogram response times (0.1 msec step)
0.0 msec : 3
0.1 msec : 1
0.2 msec : 3
0.3 msec : 1
0.4 msec : 3
0.5 msec : 2
0.6 msec : 6
0.7 msec : 5
0.8 msec : 3
0.9 msec : 2
1.0 msec : 1
1.1 msec : 2
1.2 msec : 1
1.3 msec : 1
1.4 msec : 6
1.5 msec : 7
1.6 msec : 3
1.7 msec : 6
1.8 msec : 4
1.9 msec : 3
2.0 msec : 6
2.1 msec : 6
2.2 msec : 4
2.3 msec : 6
2.4 msec : 6
2.5 msec : 5
2.6 msec : 3
2.7 msec : 14
2.8 msec : 9
2.9 msec : 7
3.0 msec : 9
3.1 msec : 3
3.2 msec : 10
3.3 msec : 12
3.4 msec : 16
3.5 msec : 12
3.6 msec : 10
3.7 msec : 18
3.8 msec : 15
3.9 msec : 24
4.0 msec : 20
4.1 msec : 19
4.2 msec : 21
4.3 msec : 18
4.4 msec : 13
4.5 msec : 15
4.6 msec : 28
4.7 msec : 29
4.8 msec : 35
4.9 msec : 30
5.0 msec : 33
5.1 msec : 46
5.2 msec : 41
5.3 msec : 60
5.4 msec : 64
5.5 msec : 84
5.6 msec : 77
5.7 msec : 83
5.8 msec : 98
5.9 msec : 126
6.0 msec : 122
6.1 msec : 173
6.2 msec : 281
6.3 msec : 384
6.4 msec : 557
6.5 msec : 817
6.6 msec : 1212
6.7 msec : 1561
6.8 msec : 2139
6.9 msec : 2685
7.0 msec : 3315
7.1 msec : 4008
7.2 msec : 4573
7.3 msec : 5092
7.4 msec : 5623
7.5 msec : 6000
7.6 msec : 6403
7.7 msec : 6802
7.8 msec : 6708
7.9 msec : 6793
8.0 msec : 6680
8.1 msec : 6865
8.2 msec : 6700
8.3 msec : 6602
8.4 msec : 6456
8.5 msec : 6203
8.6 msec : 5955
8.7 msec : 5864
8.8 msec : 5592
8.9 msec : 5283
9.0 msec : 4929
9.1 msec : 4719
9.2 msec : 4628
9.3 msec : 4279
9.4 msec : 3986
9.5 msec : 3700
9.6 msec : 3511
9.7 msec : 3182
9.8 msec : 2820
9.9 msec : 2680
10.0 msec : 2403
10.1 msec : 2161
10.2 msec : 2090
10.3 msec : 1861
10.4 msec : 1742
10.5 msec : 1519
10.6 msec : 1424
10.7 msec : 1236
10.8 msec : 1205
10.9 msec : 1092
11.0 msec : 1116
11.1 msec : 1012
11.2 msec : 1029
11.3 msec : 992
11.4 msec : 870
11.5 msec : 816
11.6 msec : 811
11.7 msec : 712
11.8 msec : 700
11.9 msec : 633
12.0 msec : 602
12.1 msec : 588
12.2 msec : 578
12.3 msec : 576
12.4 msec : 568
12.5 msec : 518
12.6 msec : 559
12.7 msec : 563
12.8 msec : 526
12.9 msec : 513
13.0 msec : 525
13.1 msec : 464
13.2 msec : 458
13.3 msec : 402
13.4 msec : 378
13.5 msec : 377
13.6 msec : 365
13.7 msec : 307
13.8 msec : 331
13.9 msec : 324
14.0 msec : 310
14.1 msec : 310
14.2 msec : 269
14.3 msec : 261
14.4 msec : 209
14.5 msec : 221
14.6 msec : 192
14.7 msec : 180
14.8 msec : 194
14.9 msec : 187
15.0 msec : 180
15.1 msec : 152
15.2 msec : 177
15.3 msec : 188
15.4 msec : 163
15.5 msec : 151
15.6 msec : 134
15.7 msec : 150
15.8 msec : 134
15.9 msec : 143
16.0 msec : 133
16.1 msec : 130
16.2 msec : 101
16.3 msec : 118
16.4 msec : 118
16.5 msec : 111
16.6 msec : 128
16.7 msec : 106
16.8 msec : 111
16.9 msec : 98
17.0 msec : 97
17.1 msec : 109
17.2 msec : 84
17.3 msec : 92
17.4 msec : 81
17.5 msec : 98
17.6 msec : 112
17.7 msec : 139
17.8 msec : 111
17.9 msec : 96
18.0 msec : 89
18.1 msec : 91
18.2 msec : 81
18.3 msec : 106
18.4 msec : 76
18.5 msec : 76
18.6 msec : 75
18.7 msec : 65
18.8 msec : 70
18.9 msec : 60
19.0 msec : 65
19.1 msec : 70
19.2 msec : 43
19.3 msec : 52
19.4 msec : 52
19.5 msec : 45
19.6 msec : 52
19.7 msec : 35
19.8 msec : 38
19.9 msec : 44
20.0 msec : 41
20.1 msec : 35
20.2 msec : 39
20.3 msec : 43
20.4 msec : 37
20.5 msec : 43
20.6 msec : 28
20.7 msec : 29
20.8 msec : 34
20.9 msec : 23
21.0 msec : 39
21.1 msec : 31
21.2 msec : 36
21.3 msec : 38
21.4 msec : 37
21.5 msec : 33
21.6 msec : 29
21.7 msec : 32
21.8 msec : 30
21.9 msec : 23
22.0 msec : 24
22.1 msec : 22
22.2 msec : 17
22.3 msec : 28
22.4 msec : 20
22.5 msec : 26
22.6 msec : 16
22.7 msec : 28
22.8 msec : 25
22.9 msec : 18
23.0 msec : 17
23.1 msec : 23
23.2 msec : 16
23.3 msec : 12
23.4 msec : 17
23.5 msec : 24
23.6 msec : 28
23.7 msec : 21
23.8 msec : 16
23.9 msec : 26
24.0 msec : 21
24.1 msec : 16
24.2 msec : 19
24.3 msec : 26
24.4 msec : 21
24.5 msec : 8
24.6 msec : 20
24.7 msec : 20
24.8 msec : 17
24.9 msec : 11
25.0 msec : 10
25.1 msec : 14
25.2 msec : 14
25.3 msec : 5
25.4 msec : 9
25.5 msec : 4
25.6 msec : 17
25.7 msec : 9
25.8 msec : 16
25.9 msec : 18
26.0 msec : 10
26.1 msec : 18
26.2 msec : 16
26.3 msec : 14
26.4 msec : 14
26.5 msec : 6
26.6 msec : 6
26.7 msec : 14
26.8 msec : 6
26.9 msec : 12
27.0 msec : 6
27.1 msec : 7
27.2 msec : 10
27.3 msec : 5
27.4 msec : 3
27.5 msec : 8
27.6 msec : 5
27.7 msec : 10
27.8 msec : 8
27.9 msec : 5
28.0 msec : 7
28.1 msec : 11
28.2 msec : 9
28.3 msec : 12
28.4 msec : 14
28.5 msec : 8
28.6 msec : 11
28.7 msec : 12
28.8 msec : 11
28.9 msec : 12
29.0 msec : 8
29.1 msec : 7
29.2 msec : 6
29.3 msec : 8
29.4 msec : 9
29.5 msec : 4
29.6 msec : 8
29.7 msec : 5
29.8 msec : 7
29.9 msec : 6
30.0 msec : 7
30.1 msec : 5
30.2 msec : 2
30.3 msec : 6
30.4 msec : 7
30.5 msec : 6
30.6 msec : 10
30.7 msec : 9
30.8 msec : 5
30.9 msec : 8
31.0 msec : 9
31.1 msec : 7
31.2 msec : 9
31.3 msec : 6
31.4 msec : 6
31.5 msec : 12
31.6 msec : 8
31.7 msec : 7
31.8 msec : 6
31.9 msec : 9
32.0 msec : 4
32.1 msec : 6
32.2 msec : 4
32.3 msec : 6
32.4 msec : 6
32.5 msec : 9
32.6 msec : 9
32.7 msec : 6
32.8 msec : 5
32.9 msec : 5
33.0 msec : 8
33.1 msec : 11
33.2 msec : 4
33.3 msec : 3
33.4 msec : 10
33.5 msec : 10
33.6 msec : 4
33.7 msec : 11
33.8 msec : 5
33.9 msec : 5
34.0 msec : 6
34.1 msec : 7
34.2 msec : 6
34.3 msec : 1
34.4 msec : 4
34.5 msec : 7
34.6 msec : 3
34.7 msec : 3
34.8 msec : 3
34.9 msec : 5
35.0 msec : 5
35.1 msec : 8
35.2 msec : 5
35.3 msec : 4
35.4 msec : 13
35.5 msec : 11
35.6 msec : 6
35.7 msec : 6
35.8 msec : 5
35.9 msec : 7
36.0 msec : 4
36.1 msec : 5
36.2 msec : 4
36.3 msec : 7
36.4 msec : 2
36.5 msec : 2
36.6 msec : 1
36.7 msec : 5
36.8 msec : 3
36.9 msec : 1
37.0 msec : 1
37.1 msec : 1
37.2 msec : 3
37.3 msec : 0
37.4 msec : 2
37.5 msec : 3
37.6 msec : 1
37.7 msec : 3
37.8 msec : 1
37.9 msec : 1
38.0 msec : 0
38.1 msec : 0
38.2 msec : 2
38.3 msec : 0
38.4 msec : 0
38.5 msec : 0
38.6 msec : 0
38.7 msec : 0
38.8 msec : 1
38.9 msec : 1
39.0 msec : 0
39.1 msec : 1
39.2 msec : 3
39.3 msec : 3
39.4 msec : 2
39.5 msec : 3
39.6 msec : 1
39.7 msec : 1
39.8 msec : 2
39.9 msec : 2
40.0 msec : 1
40.1 msec : 3
40.2 msec : 0
40.3 msec : 4
40.4 msec : 3
40.5 msec : 3
40.6 msec : 5
40.7 msec : 2
40.8 msec : 6
40.9 msec : 1
41.0 msec : 3
41.1 msec : 1
41.2 msec : 4
41.3 msec : 3
41.4 msec : 5
41.5 msec : 2
41.6 msec : 5
41.7 msec : 1
41.8 msec : 2
41.9 msec : 5
42.0 msec : 2
42.1 msec : 4
42.2 msec : 0
42.3 msec : 2
42.4 msec : 1
42.5 msec : 0
42.6 msec : 1
42.7 msec : 0
42.8 msec : 0
42.9 msec : 1
43.0 msec : 0
43.1 msec : 1
43.2 msec : 0
43.3 msec : 0
43.4 msec : 0
43.5 msec : 0
43.6 msec : 0
43.7 msec : 0
43.8 msec : 0
43.9 msec : 0
44.0 msec : 0
44.1 msec : 0
44.2 msec : 0
44.3 msec : 0
44.4 msec : 0
44.5 msec : 0
44.6 msec : 0
44.7 msec : 0
44.8 msec : 0
44.9 msec : 0
45.0 msec : 0
45.1 msec : 0
45.2 msec : 0
45.3 msec : 0
45.4 msec : 0
45.5 msec : 0
45.6 msec : 0
45.7 msec : 0
45.8 msec : 0
45.9 msec : 0
46.0 msec : 0
46.1 msec : 0
46.2 msec : 0
46.3 msec : 0
46.4 msec : 0
46.5 msec : 0
46.6 msec : 0
46.7 msec : 0
46.8 msec : 0
46.9 msec : 1
47.0 msec : 0
47.1 msec : 0
47.2 msec : 0
47.3 msec : 0
47.4 msec : 0
47.5 msec : 0
47.6 msec : 0
47.7 msec : 0
47.8 msec : 0
47.9 msec : 0
48.0 msec : 0
48.1 msec : 0
48.2 msec : 0
48.3 msec : 0
48.4 msec : 0
48.5 msec : 0
48.6 msec : 0
48.7 msec : 0
48.8 msec : 0
48.9 msec : 0
49.0 msec : 0
49.1 msec : 0
49.2 msec : 0
49.3 msec : 0
49.4 msec : 0
49.5 msec : 0
49.6 msec : 0
49.7 msec : 0
49.8 msec : 0
49.9 msec : 0
50.0 msec : 0
50.1 msec : 0
50.2 msec : 0
50.3 msec : 0
50.4 msec : 0
50.5 msec : 0
50.6 msec : 0
50.7 msec : 0
50.8 msec : 0
50.9 msec : 0
51.0 msec : 0
51.1 msec : 0
51.2 msec : 0
51.3 msec : 0
51.4 msec : 0
51.5 msec : 0
51.6 msec : 0
51.7 msec : 0
51.8 msec : 0
51.9 msec : 0
52.0 msec : 0
52.1 msec : 0
52.2 msec : 0
52.3 msec : 0
52.4 msec : 0
52.5 msec : 0
52.6 msec : 0
52.7 msec : 0
52.8 msec : 0
52.9 msec : 0
53.0 msec : 0
53.1 msec : 0
53.2 msec : 0
53.3 msec : 0
53.4 msec : 0
53.5 msec : 0
53.6 msec : 0
53.7 msec : 0
53.8 msec : 0
53.9 msec : 0
54.0 msec : 0
54.1 msec : 0
54.2 msec : 0
54.3 msec : 0
54.4 msec : 0
54.5 msec : 0
54.6 msec : 0
54.7 msec : 0
54.8 msec : 0
54.9 msec : 0
55.0 msec : 0
55.1 msec : 0
55.2 msec : 0
55.3 msec : 0
55.4 msec : 0
55.5 msec : 0
55.6 msec : 0
55.7 msec : 0
55.8 msec : 0
55.9 msec : 0
56.0 msec : 0
56.1 msec : 0
56.2 msec : 0
56.3 msec : 0
56.4 msec : 0
56.5 msec : 0
56.6 msec : 0
56.7 msec : 0
56.8 msec : 0
56.9 msec : 0
57.0 msec : 0
57.1 msec : 0
57.2 msec : 0
57.3 msec : 0
57.4 msec : 0
57.5 msec : 0
57.6 msec : 0
57.7 msec : 0
57.8 msec : 0
57.9 msec : 0
58.0 msec : 0
58.1 msec : 0
58.2 msec : 0
58.3 msec : 0
58.4 msec : 0
58.5 msec : 0
58.6 msec : 0
58.7 msec : 0
58.8 msec : 0
58.9 msec : 0
59.0 msec : 0
59.1 msec : 0
59.2 msec : 0
59.3 msec : 0
59.4 msec : 0
59.5 msec : 0
59.6 msec : 0
59.7 msec : 0
59.8 msec : 0
59.9 msec : 0
60.0 msec : 0
60.1 msec : 0
60.2 msec : 0
60.3 msec : 0
60.4 msec : 0
60.5 msec : 0
60.6 msec : 0
60.7 msec : 0
60.8 msec : 0
60.9 msec : 0
61.0 msec : 0
61.1 msec : 0
61.2 msec : 0
61.3 msec : 0
61.4 msec : 0
61.5 msec : 0
61.6 msec : 0
61.7 msec : 0
61.8 msec : 0
61.9 msec : 0
62.0 msec : 0
62.1 msec : 0
62.2 msec : 0
62.3 msec : 0
62.4 msec : 0
62.5 msec : 0
62.6 msec : 0
62.7 msec : 0
62.8 msec : 0
62.9 msec : 0
63.0 msec : 0
63.1 msec : 0
63.2 msec : 0
63.3 msec : 0
63.4 msec : 0
63.5 msec : 0
63.6 msec : 0
63.7 msec : 0
63.8 msec : 0
63.9 msec : 0
64.0 msec : 0
64.1 msec : 0
64.2 msec : 0
64.3 msec : 0
64.4 msec : 0
64.5 msec : 0
64.6 msec : 0
64.7 msec : 0
64.8 msec : 0
64.9 msec : 0
65.0 msec : 0
65.1 msec : 0
65.2 msec : 0
65.3 msec : 0
65.4 msec : 0
65.5 msec : 0
65.6 msec : 0
65.7 msec : 0
65.8 msec : 0
65.9 msec : 0
66.0 msec : 0
66.1 msec : 0
66.2 msec : 0
66.3 msec : 0
66.4 msec : 0
66.5 msec : 0
66.6 msec : 0
66.7 msec : 0
66.8 msec : 0
66.9 msec : 0
67.0 msec : 0
67.1 msec : 0
67.2 msec : 0
67.3 msec : 0
67.4 msec : 0
67.5 msec : 0
67.6 msec : 0
67.7 msec : 0
67.8 msec : 0
67.9 msec : 0
68.0 msec : 0
68.1 msec : 0
68.2 msec : 0
68.3 msec : 0
68.4 msec : 0
68.5 msec : 0
68.6 msec : 0
68.7 msec : 0
68.8 msec : 0
68.9 msec : 0
69.0 msec : 0
69.1 msec : 0
69.2 msec : 0
69.3 msec : 0
69.4 msec : 0
69.5 msec : 0
69.6 msec : 0
69.7 msec : 0
69.8 msec : 0
69.9 msec : 0
70.0 msec : 0
70.1 msec : 0
70.2 msec : 0
70.3 msec : 0
70.4 msec : 0
70.5 msec : 0
70.6 msec : 0
70.7 msec : 0
70.8 msec : 0
70.9 msec : 0
71.0 msec : 0
71.1 msec : 0
71.2 msec : 0
71.3 msec : 0
71.4 msec : 0
71.5 msec : 0
71.6 msec : 0
71.7 msec : 0
71.8 msec : 0
71.9 msec : 0
72.0 msec : 0
72.1 msec : 0
72.2 msec : 0
72.3 msec : 0
72.4 msec : 0
72.5 msec : 0
72.6 msec : 0
72.7 msec : 0
72.8 msec : 0
72.9 msec : 0
73.0 msec : 0
73.1 msec : 0
73.2 msec : 0
73.3 msec : 0
73.4 msec : 0
73.5 msec : 0
73.6 msec : 0
73.7 msec : 0
73.8 msec : 0
73.9 msec : 0
74.0 msec : 0
74.1 msec : 0
74.2 msec : 0
74.3 msec : 0
74.4 msec : 0
74.5 msec : 0
74.6 msec : 0
74.7 msec : 0
74.8 msec : 0
74.9 msec : 0
75.0 msec : 0
75.1 msec : 0
75.2 msec : 0
75.3 msec : 0
75.4 msec : 0
75.5 msec : 0
75.6 msec : 0
75.7 msec : 0
75.8 msec : 0
75.9 msec : 0
76.0 msec : 0
76.1 msec : 0
76.2 msec : 0
76.3 msec : 0
76.4 msec : 0
76.5 msec : 0
76.6 msec : 0
76.7 msec : 0
76.8 msec : 0
76.9 msec : 0
77.0 msec : 0
77.1 msec : 0
77.2 msec : 0
77.3 msec : 0
77.4 msec : 0
77.5 msec : 0
77.6 msec : 0
77.7 msec : 0
77.8 msec : 0
77.9 msec : 0
78.0 msec : 0
78.1 msec : 0
78.2 msec : 0
78.3 msec : 0
78.4 msec : 0
78.5 msec : 0
78.6 msec : 0
78.7 msec : 0
78.8 msec : 0
78.9 msec : 0
79.0 msec : 0
79.1 msec : 0
79.2 msec : 0
79.3 msec : 0
79.4 msec : 0
79.5 msec : 0
79.6 msec : 0
79.7 msec : 0
79.8 msec : 0
79.9 msec : 0
80.0 msec : 0
80.1 msec : 0
80.2 msec : 0
80.3 msec : 0
80.4 msec : 0
80.5 msec : 0
80.6 msec : 0
80.7 msec : 0
80.8 msec : 0
80.9 msec : 0
81.0 msec : 0
81.1 msec : 0
81.2 msec : 0
81.3 msec : 0
81.4 msec : 0
81.5 msec : 0
81.6 msec : 0
81.7 msec : 0
81.8 msec : 0
81.9 msec : 0
82.0 msec : 0
82.1 msec : 0
82.2 msec : 0
82.3 msec : 0
82.4 msec : 0
82.5 msec : 0
82.6 msec : 0
82.7 msec : 0
82.8 msec : 0
82.9 msec : 0
83.0 msec : 0
83.1 msec : 0
83.2 msec : 0
83.3 msec : 0
83.4 msec : 0
83.5 msec : 0
83.6 msec : 0
83.7 msec : 0
83.8 msec : 0
83.9 msec : 0
84.0 msec : 0
84.1 msec : 0
84.2 msec : 0
84.3 msec : 0
84.4 msec : 0
84.5 msec : 0
84.6 msec : 0
84.7 msec : 0
84.8 msec : 0
84.9 msec : 0
85.0 msec : 0
85.1 msec : 0
85.2 msec : 0
85.3 msec : 0
85.4 msec : 0
85.5 msec : 0
85.6 msec : 0
85.7 msec : 0
85.8 msec : 0
85.9 msec : 0
86.0 msec : 0
86.1 msec : 0
86.2 msec : 0
86.3 msec : 0
86.4 msec : 0
86.5 msec : 0
86.6 msec : 0
86.7 msec : 0
86.8 msec : 0
86.9 msec : 0
87.0 msec : 0
87.1 msec : 0
87.2 msec : 0
87.3 msec : 0
87.4 msec : 0
87.5 msec : 0
87.6 msec : 0
87.7 msec : 0
87.8 msec : 0
87.9 msec : 0
88.0 msec : 0
88.1 msec : 0
88.2 msec : 0
88.3 msec : 0
88.4 msec : 0
88.5 msec : 0
88.6 msec : 0
88.7 msec : 0
88.8 msec : 0
88.9 msec : 0
89.0 msec : 0
89.1 msec : 0
89.2 msec : 0
89.3 msec : 0
89.4 msec : 0
89.5 msec : 0
89.6 msec : 0
89.7 msec : 0
89.8 msec : 0
89.9 msec : 0
90.0 msec : 0
90.1 msec : 0
90.2 msec : 0
90.3 msec : 0
90.4 msec : 0
90.5 msec : 0
90.6 msec : 0
90.7 msec : 0
90.8 msec : 0
90.9 msec : 0
91.0 msec : 0
91.1 msec : 0
91.2 msec : 0
91.3 msec : 0
91.4 msec : 0
91.5 msec : 0
91.6 msec : 0
91.7 msec : 0
91.8 msec : 0
91.9 msec : 0
92.0 msec : 0
92.1 msec : 0
92.2 msec : 0
92.3 msec : 0
92.4 msec : 0
92.5 msec : 0
92.6 msec : 0
92.7 msec : 0
92.8 msec : 0
92.9 msec : 0
93.0 msec : 0
93.1 msec : 0
93.2 msec : 0
93.3 msec : 0
93.4 msec : 0
93.5 msec : 0
93.6 msec : 0
93.7 msec : 0
93.8 msec : 0
93.9 msec : 0
94.0 msec : 0
94.1 msec : 0
94.2 msec : 0
94.3 msec : 0
94.4 msec : 0
94.5 msec : 0
94.6 msec : 0
94.7 msec : 0
94.8 msec : 0
94.9 msec : 0
95.0 msec : 0
95.1 msec : 0
95.2 msec : 0
95.3 msec : 0
95.4 msec : 0
95.5 msec : 0
95.6 msec : 0
95.7 msec : 0
95.8 msec : 0
95.9 msec : 0
96.0 msec : 0
96.1 msec : 0
96.2 msec : 0
96.3 msec : 0
96.4 msec : 0
96.5 msec : 0
96.6 msec : 0
96.7 msec : 0
96.8 msec : 0
96.9 msec : 0
97.0 msec : 0
97.1 msec : 0
97.2 msec : 0
97.3 msec : 0
97.4 msec : 0
97.5 msec : 0
97.6 msec : 0
97.7 msec : 0
97.8 msec : 0
97.9 msec : 0
98.0 msec : 0
98.1 msec : 0
98.2 msec : 0
98.3 msec : 0
98.4 msec : 0
98.5 msec : 0
98.6 msec : 0
98.7 msec : 0
98.8 msec : 0
98.9 msec : 0
99.0 msec : 0
99.1 msec : 0
99.2 msec : 0
99.3 msec : 0
99.4 msec : 0
99.5 msec : 0
99.6 msec : 0
99.7 msec : 0
99.8 msec : 0
99.9 msec : 0
100.0 msec : 0
100.1 msec : 0
100.2 msec : 0
100.3 msec : 0
100.4 msec : 0
100.5 msec : 0
100.6 msec : 0
100.7 msec : 0
100.8 msec : 0
100.9 msec : 0
101.0 msec : 0
101.1 msec : 0
101.2 msec : 0
101.3 msec : 0
101.4 msec : 0
101.5 msec : 0
101.6 msec : 0
101.7 msec : 0
101.8 msec : 0
101.9 msec : 0
102.0 msec : 0
102.1 msec : 0
102.2 msec : 0
102.3 msec : 0
102.4 msec : 0
102.5 msec : 0
102.6 msec : 0
102.7 msec : 0
102.8 msec : 0
102.9 msec : 0
103.0 msec : 0
103.1 msec : 0
103.2 msec : 0
103.3 msec : 0
103.4 msec : 0
103.5 msec : 0
103.6 msec : 0
103.7 msec : 0
103.8 msec : 0
103.9 msec : 0
104.0 msec : 0
104.1 msec : 0
104.2 msec : 0
104.3 msec : 0
104.4 msec : 0
104.5 msec : 0
104.6 msec : 0
104.7 msec : 0
104.8 msec : 0
104.9 msec : 0
105.0 msec : 0
105.1 msec : 0
105.2 msec : 0
105.3 msec : 0
105.4 msec : 0
105.5 msec : 0
105.6 msec : 0
105.7 msec : 0
105.8 msec : 0
105.9 msec : 0
106.0 msec : 0
106.1 msec : 0
106.2 msec : 0
106.3 msec : 0
106.4 msec : 0
106.5 msec : 0
106.6 msec : 0
106.7 msec : 0
106.8 msec : 0
106.9 msec : 0
107.0 msec : 0
107.1 msec : 0
107.2 msec : 0
107.3 msec : 0
107.4 msec : 0
107.5 msec : 0
107.6 msec : 0
107.7 msec : 0
107.8 msec : 0
107.9 msec : 0
108.0 msec : 0
108.1 msec : 0
108.2 msec : 0
108.3 msec : 0
108.4 msec : 0
108.5 msec : 0
108.6 msec : 0
108.7 msec : 0
108.8 msec : 0
108.9 msec : 0
109.0 msec : 0
109.1 msec : 0
109.2 msec : 0
109.3 msec : 0
109.4 msec : 0
109.5 msec : 0
109.6 msec : 0
109.7 msec : 0
109.8 msec : 0
109.9 msec : 0
110.0 msec : 0
110.1 msec : 0
110.2 msec : 0
110.3 msec : 0
110.4 msec : 0
110.5 msec : 0
110.6 msec : 0
110.7 msec : 0
110.8 msec : 0
110.9 msec : 0
111.0 msec : 0
111.1 msec : 0
111.2 msec : 0
111.3 msec : 0
111.4 msec : 0
111.5 msec : 0
111.6 msec : 0
111.7 msec : 0
111.8 msec : 0
111.9 msec : 0
112.0 msec : 0
112.1 msec : 0
112.2 msec : 0
112.3 msec : 0
112.4 msec : 0
112.5 msec : 0
112.6 msec : 0
112.7 msec : 0
112.8 msec : 0
112.9 msec : 0
113.0 msec : 0
113.1 msec : 0
113.2 msec : 0
113.3 msec : 0
113.4 msec : 0
113.5 msec : 0
113.6 msec : 0
113.7 msec : 0
113.8 msec : 0
113.9 msec : 0
114.0 msec : 0
114.1 msec : 0
114.2 msec : 0
114.3 msec : 0
114.4 msec : 0
114.5 msec : 0
114.6 msec : 0
114.7 msec : 0
114.8 msec : 0
114.9 msec : 0
115.0 msec : 0
115.1 msec : 0
115.2 msec : 0
115.3 msec : 0
115.4 msec : 0
115.5 msec : 0
115.6 msec : 0
115.7 msec : 0
115.8 msec : 0
115.9 msec : 0
116.0 msec : 0
116.1 msec : 0
116.2 msec : 0
116.3 msec : 0
116.4 msec : 0
116.5 msec : 0
116.6 msec : 0
116.7 msec : 0
116.8 msec : 0
116.9 msec : 0
117.0 msec : 0
117.1 msec : 0
117.2 msec : 0
117.3 msec : 0
117.4 msec : 0
117.5 msec : 0
117.6 msec : 0
117.7 msec : 0
117.8 msec : 0
117.9 msec : 0
118.0 msec : 0
118.1 msec : 0
118.2 msec : 0
118.3 msec : 0
118.4 msec : 0
118.5 msec : 0
118.6 msec : 0
118.7 msec : 0
118.8 msec : 0
118.9 msec : 0
119.0 msec : 0
119.1 msec : 0
119.2 msec : 0
119.3 msec : 0
119.4 msec : 0
119.5 msec : 0
119.6 msec : 0
119.7 msec : 0
119.8 msec : 0
119.9 msec : 0
120.0 msec : 0
120.1 msec : 0
120.2 msec : 0
120.3 msec : 0
120.4 msec : 0
120.5 msec : 0
120.6 msec : 0
120.7 msec : 0
120.8 msec : 0
120.9 msec : 0
121.0 msec : 0
121.1 msec : 0
121.2 msec : 0
121.3 msec : 0
121.4 msec : 0
121.5 msec : 0
121.6 msec : 0
121.7 msec : 0
121.8 msec : 0
121.9 msec : 0
122.0 msec : 0
122.1 msec : 0
122.2 msec : 0
122.3 msec : 0
122.4 msec : 0
122.5 msec : 0
122.6 msec : 0
122.7 msec : 0
122.8 msec : 0
122.9 msec : 0
123.0 msec : 0
123.1 msec : 0
123.2 msec : 0
123.3 msec : 0
123.4 msec : 0
123.5 msec : 0
123.6 msec : 0
123.7 msec : 0
123.8 msec : 0
123.9 msec : 0
124.0 msec : 0
124.1 msec : 0
124.2 msec : 0
124.3 msec : 0
124.4 msec : 0
124.5 msec : 0
124.6 msec : 0
124.7 msec : 0
124.8 msec : 0
124.9 msec : 0
125.0 msec : 0
125.1 msec : 0
125.2 msec : 0
125.3 msec : 0
125.4 msec : 0
125.5 msec : 0
125.6 msec : 0
125.7 msec : 0
125.8 msec : 0
125.9 msec : 0
126.0 msec : 0
126.1 msec : 0
126.2 msec : 0
126.3 msec : 0
126.4 msec : 0
126.5 msec : 0
126.6 msec : 0
126.7 msec : 0
126.8 msec : 0
126.9 msec : 0
127.0 msec : 0
127.1 msec : 0
127.2 msec : 0
127.3 msec : 0
127.4 msec : 0
127.5 msec : 0
127.6 msec : 0
127.7 msec : 0
127.8 msec : 0
127.9 msec : 0
128.0 msec : 0
128.1 msec : 0
128.2 msec : 0
128.3 msec : 0
128.4 msec : 0
128.5 msec : 0
128.6 msec : 0
128.7 msec : 0
128.8 msec : 0
128.9 msec : 0
129.0 msec : 0
129.1 msec : 0
129.2 msec : 0
129.3 msec : 0
129.4 msec : 0
129.5 msec : 0
129.6 msec : 0
129.7 msec : 0
129.8 msec : 0
129.9 msec : 0
130.0 msec : 0
130.1 msec : 0
130.2 msec : 0
130.3 msec : 0
130.4 msec : 0
130.5 msec : 0
130.6 msec : 0
130.7 msec : 0
130.8 msec : 0
130.9 msec : 0
131.0 msec : 0
131.1 msec : 0
131.2 msec : 0
131.3 msec : 0
131.4 msec : 0
131.5 msec : 0
131.6 msec : 0
131.7 msec : 0
131.8 msec : 0
131.9 msec : 0
132.0 msec : 0
132.1 msec : 0
132.2 msec : 0
132.3 msec : 0
132.4 msec : 0
132.5 msec : 0
132.6 msec : 0
132.7 msec : 0
132.8 msec : 0
132.9 msec : 0
133.0 msec : 0
133.1 msec : 0
133.2 msec : 0
133.3 msec : 0
133.4 msec : 0
133.5 msec : 0
133.6 msec : 0
133.7 msec : 0
133.8 msec : 0
133.9 msec : 0
134.0 msec : 0
134.1 msec : 0
134.2 msec : 0
134.3 msec : 0
134.4 msec : 0
134.5 msec : 0
134.6 msec : 0
134.7 msec : 0
134.8 msec : 0
134.9 msec : 0
135.0 msec : 0
135.1 msec : 0
135.2 msec : 0
135.3 msec : 0
135.4 msec : 0
135.5 msec : 0
135.6 msec : 0
135.7 msec : 0
135.8 msec : 0
135.9 msec : 0
136.0 msec : 0
136.1 msec : 0
136.2 msec : 0
136.3 msec : 0
136.4 msec : 0
136.5 msec : 0
136.6 msec : 0
136.7 msec : 0
136.8 msec : 0
136.9 msec : 0
137.0 msec : 0
137.1 msec : 0
137.2 msec : 0
137.3 msec : 0
137.4 msec : 0
137.5 msec : 0
137.6 msec : 0
137.7 msec : 0
137.8 msec : 0
137.9 msec : 0
138.0 msec : 0
138.1 msec : 0
138.2 msec : 0
138.3 msec : 0
138.4 msec : 0
138.5 msec : 0
138.6 msec : 0
138.7 msec : 0
138.8 msec : 0
138.9 msec : 0
139.0 msec : 0
139.1 msec : 0
139.2 msec : 0
139.3 msec : 0
139.4 msec : 0
139.5 msec : 0
139.6 msec : 0
139.7 msec : 0
139.8 msec : 0
139.9 msec : 0
140.0 msec : 0
140.1 msec : 0
140.2 msec : 0
140.3 msec : 0
140.4 msec : 0
140.5 msec : 0
140.6 msec : 0
140.7 msec : 0
140.8 msec : 0
140.9 msec : 0
141.0 msec : 0
141.1 msec : 0
141.2 msec : 0
141.3 msec : 0
141.4 msec : 0
141.5 msec : 0
141.6 msec : 0
141.7 msec : 0
141.8 msec : 0
141.9 msec : 0
142.0 msec : 0
142.1 msec : 0
142.2 msec : 0
142.3 msec : 0
142.4 msec : 0
142.5 msec : 0
142.6 msec : 0
142.7 msec : 0
142.8 msec : 0
142.9 msec : 0
143.0 msec : 0
143.1 msec : 0
143.2 msec : 0
143.3 msec : 0
143.4 msec : 0
143.5 msec : 0
143.6 msec : 0
143.7 msec : 0
143.8 msec : 0
143.9 msec : 0
144.0 msec : 0
144.1 msec : 0
144.2 msec : 0
144.3 msec : 0
144.4 msec : 0
144.5 msec : 0
144.6 msec : 0
144.7 msec : 0
144.8 msec : 0
144.9 msec : 0
145.0 msec : 0
145.1 msec : 0
145.2 msec : 0
145.3 msec : 0
145.4 msec : 0
145.5 msec : 0
145.6 msec : 0
145.7 msec : 0
145.8 msec : 0
145.9 msec : 0
146.0 msec : 0
146.1 msec : 0
146.2 msec : 0
146.3 msec : 0
146.4 msec : 0
146.5 msec : 0
146.6 msec : 0
146.7 msec : 0
146.8 msec : 0
146.9 msec : 0
147.0 msec : 0
147.1 msec : 0
147.2 msec : 0
147.3 msec : 0
147.4 msec : 0
147.5 msec : 0
147.6 msec : 0
147.7 msec : 0
147.8 msec : 0
147.9 msec : 0
148.0 msec : 0
148.1 msec : 0
148.2 msec : 0
148.3 msec : 0
148.4 msec : 0
148.5 msec : 0
148.6 msec : 0
148.7 msec : 0
148.8 msec : 0
148.9 msec : 0
149.0 msec : 0
149.1 msec : 0
149.2 msec : 0
149.3 msec : 0
149.4 msec : 0
149.5 msec : 0
149.6 msec : 0
149.7 msec : 0
149.8 msec : 0
149.9 msec : 0
150.0 msec : 0
150.1 msec : 0
150.2 msec : 0
150.3 msec : 0
150.4 msec : 0
150.5 msec : 0
150.6 msec : 0
150.7 msec : 0
150.8 msec : 0
150.9 msec : 0
151.0 msec : 0
151.1 msec : 0
151.2 msec : 0
151.3 msec : 0
151.4 msec : 0
151.5 msec : 0
151.6 msec : 0
151.7 msec : 0
151.8 msec : 0
151.9 msec : 0
152.0 msec : 0
152.1 msec : 0
152.2 msec : 0
152.3 msec : 0
152.4 msec : 0
152.5 msec : 0
152.6 msec : 0
152.7 msec : 0
152.8 msec : 0
152.9 msec : 0
153.0 msec : 0
153.1 msec : 0
153.2 msec : 0
153.3 msec : 0
153.4 msec : 0
153.5 msec : 0
153.6 msec : 0
153.7 msec : 0
153.8 msec : 0
153.9 msec : 0
154.0 msec : 0
154.1 msec : 0
154.2 msec : 0
154.3 msec : 0
154.4 msec : 0
154.5 msec : 0
154.6 msec : 0
154.7 msec : 0
154.8 msec : 0
154.9 msec : 0
155.0 msec : 0
155.1 msec : 0
155.2 msec : 0
155.3 msec : 0
155.4 msec : 0
155.5 msec : 0
155.6 msec : 0
155.7 msec : 0
155.8 msec : 0
155.9 msec : 0
156.0 msec : 0
156.1 msec : 0
156.2 msec : 0
156.3 msec : 0
156.4 msec : 0
156.5 msec : 0
156.6 msec : 0
156.7 msec : 0
156.8 msec : 0
156.9 msec : 0
157.0 msec : 0
157.1 msec : 0
157.2 msec : 0
157.3 msec : 0
157.4 msec : 0
157.5 msec : 0
157.6 msec : 0
157.7 msec : 0
157.8 msec : 0
157.9 msec : 0
158.0 msec : 0
158.1 msec : 0
158.2 msec : 0
158.3 msec : 0
158.4 msec : 0
158.5 msec : 0
158.6 msec : 0
158.7 msec : 0
158.8 msec : 0
158.9 msec : 0
159.0 msec : 0
159.1 msec : 0
159.2 msec : 0
159.3 msec : 0
159.4 msec : 0
159.5 msec : 0
159.6 msec : 0
159.7 msec : 0
159.8 msec : 0
159.9 msec : 0
160.0 msec : 0
160.1 msec : 0
160.2 msec : 0
160.3 msec : 0
160.4 msec : 0
160.5 msec : 0
160.6 msec : 0
160.7 msec : 0
160.8 msec : 0
160.9 msec : 0
161.0 msec : 0
161.1 msec : 0
161.2 msec : 0
161.3 msec : 0
161.4 msec : 0
161.5 msec : 0
161.6 msec : 0
161.7 msec : 0
161.8 msec : 0
161.9 msec : 0
162.0 msec : 0
162.1 msec : 0
162.2 msec : 0
162.3 msec : 0
162.4 msec : 0
162.5 msec : 0
162.6 msec : 0
162.7 msec : 0
162.8 msec : 0
162.9 msec : 0
163.0 msec : 0
163.1 msec : 0
163.2 msec : 0
163.3 msec : 0
163.4 msec : 0
163.5 msec : 0
163.6 msec : 0
163.7 msec : 0
163.8 msec : 0
163.9 msec : 0
164.0 msec : 0
164.1 msec : 0
164.2 msec : 0
164.3 msec : 0
164.4 msec : 0
164.5 msec : 0
164.6 msec : 0
164.7 msec : 0
164.8 msec : 0
164.9 msec : 0
165.0 msec : 0
165.1 msec : 0
165.2 msec : 0
165.3 msec : 0
165.4 msec : 0
165.5 msec : 0
165.6 msec : 0
165.7 msec : 0
165.8 msec : 0
165.9 msec : 0
166.0 msec : 0
166.1 msec : 0
166.2 msec : 0
166.3 msec : 0
166.4 msec : 0
166.5 msec : 0
166.6 msec : 0
166.7 msec : 0
166.8 msec : 0
166.9 msec : 0
167.0 msec : 0
167.1 msec : 0
167.2 msec : 0
167.3 msec : 0
167.4 msec : 0
167.5 msec : 0
167.6 msec : 0
167.7 msec : 0
167.8 msec : 0
167.9 msec : 0
168.0 msec : 0
168.1 msec : 0
168.2 msec : 0
168.3 msec : 0
168.4 msec : 0
168.5 msec : 0
168.6 msec : 0
168.7 msec : 0
168.8 msec : 0
168.9 msec : 0
169.0 msec : 0
169.1 msec : 0
169.2 msec : 0
169.3 msec : 0
169.4 msec : 0
169.5 msec : 0
169.6 msec : 0
169.7 msec : 0
169.8 msec : 0
169.9 msec : 0
170.0 msec : 0
170.1 msec : 0
170.2 msec : 0
170.3 msec : 0
170.4 msec : 0
170.5 msec : 0
170.6 msec : 0
170.7 msec : 0
170.8 msec : 0
170.9 msec : 0
171.0 msec : 0
171.1 msec : 0
171.2 msec : 0
171.3 msec : 0
171.4 msec : 0
171.5 msec : 0
171.6 msec : 0
171.7 msec : 0
171.8 msec : 0
171.9 msec : 0
172.0 msec : 0
172.1 msec : 0
172.2 msec : 0
172.3 msec : 0
172.4 msec : 0
172.5 msec : 0
172.6 msec : 0
172.7 msec : 0
172.8 msec : 0
172.9 msec : 0
173.0 msec : 0
173.1 msec : 0
173.2 msec : 0
173.3 msec : 0
173.4 msec : 0
173.5 msec : 0
173.6 msec : 0
173.7 msec : 0
173.8 msec : 0
173.9 msec : 0
174.0 msec : 0
174.1 msec : 0
174.2 msec : 0
174.3 msec : 0
174.4 msec : 0
174.5 msec : 0
174.6 msec : 0
174.7 msec : 0
174.8 msec : 0
174.9 msec : 0
175.0 msec : 0
175.1 msec : 0
175.2 msec : 0
175.3 msec : 0
175.4 msec : 0
175.5 msec : 0
175.6 msec : 0
175.7 msec : 0
175.8 msec : 0
175.9 msec : 0
176.0 msec : 0
176.1 msec : 0
176.2 msec : 0
176.3 msec : 0
176.4 msec : 0
176.5 msec : 0
176.6 msec : 0
176.7 msec : 0
176.8 msec : 0
176.9 msec : 0
177.0 msec : 0
177.1 msec : 0
177.2 msec : 0
177.3 msec : 0
177.4 msec : 0
177.5 msec : 0
177.6 msec : 0
177.7 msec : 0
177.8 msec : 0
177.9 msec : 0
178.0 msec : 0
178.1 msec : 0
178.2 msec : 0
178.3 msec : 0
178.4 msec : 0
178.5 msec : 0
178.6 msec : 0
178.7 msec : 0
178.8 msec : 0
178.9 msec : 0
179.0 msec : 0
179.1 msec : 0
179.2 msec : 0
179.3 msec : 0
179.4 msec : 0
179.5 msec : 0
179.6 msec : 0
179.7 msec : 0
179.8 msec : 0
179.9 msec : 0
180.0 msec : 0
180.1 msec : 0
180.2 msec : 0
180.3 msec : 0
180.4 msec : 0
180.5 msec : 0
180.6 msec : 0
180.7 msec : 0
180.8 msec : 0
180.9 msec : 0
181.0 msec : 0
181.1 msec : 0
181.2 msec : 0
181.3 msec : 0
181.4 msec : 0
181.5 msec : 0
181.6 msec : 0
181.7 msec : 0
181.8 msec : 0
181.9 msec : 0
182.0 msec : 0
182.1 msec : 0
182.2 msec : 0
182.3 msec : 0
182.4 msec : 0
182.5 msec : 0
182.6 msec : 0
182.7 msec : 0
182.8 msec : 0
182.9 msec : 0
183.0 msec : 0
183.1 msec : 0
183.2 msec : 0
183.3 msec : 0
183.4 msec : 0
183.5 msec : 0
183.6 msec : 0
183.7 msec : 0
183.8 msec : 0
183.9 msec : 0
184.0 msec : 0
184.1 msec : 0
184.2 msec : 0
184.3 msec : 0
184.4 msec : 0
184.5 msec : 0
184.6 msec : 0
184.7 msec : 0
184.8 msec : 0
184.9 msec : 0
185.0 msec : 0
185.1 msec : 0
185.2 msec : 0
185.3 msec : 0
185.4 msec : 0
185.5 msec : 0
185.6 msec : 0
185.7 msec : 0
185.8 msec : 0
185.9 msec : 0
186.0 msec : 0
186.1 msec : 0
186.2 msec : 0
186.3 msec : 0
186.4 msec : 0
186.5 msec : 0
186.6 msec : 0
186.7 msec : 0
186.8 msec : 0
186.9 msec : 0
187.0 msec : 0
187.1 msec : 0
187.2 msec : 0
187.3 msec : 0
187.4 msec : 0
187.5 msec : 0
187.6 msec : 0
187.7 msec : 0
187.8 msec : 0
187.9 msec : 0
188.0 msec : 0
188.1 msec : 0
188.2 msec : 0
188.3 msec : 0
188.4 msec : 0
188.5 msec : 0
188.6 msec : 0
188.7 msec : 0
188.8 msec : 0
188.9 msec : 0
189.0 msec : 0
189.1 msec : 0
189.2 msec : 0
189.3 msec : 0
189.4 msec : 0
189.5 msec : 0
189.6 msec : 0
189.7 msec : 0
189.8 msec : 0
189.9 msec : 0
190.0 msec : 0
190.1 msec : 0
190.2 msec : 0
190.3 msec : 0
190.4 msec : 0
190.5 msec : 0
190.6 msec : 0
190.7 msec : 0
190.8 msec : 0
190.9 msec : 0
191.0 msec : 0
191.1 msec : 0
191.2 msec : 0
191.3 msec : 0
191.4 msec : 0
191.5 msec : 0
191.6 msec : 0
191.7 msec : 0
191.8 msec : 0
191.9 msec : 0
192.0 msec : 0
192.1 msec : 0
192.2 msec : 0
192.3 msec : 0
192.4 msec : 0
192.5 msec : 0
192.6 msec : 0
192.7 msec : 0
192.8 msec : 0
192.9 msec : 0
193.0 msec : 0
193.1 msec : 0
193.2 msec : 0
193.3 msec : 0
193.4 msec : 0
193.5 msec : 0
193.6 msec : 0
193.7 msec : 0
193.8 msec : 0
193.9 msec : 0
194.0 msec : 0
194.1 msec : 0
194.2 msec : 0
194.3 msec : 0
194.4 msec : 0
194.5 msec : 0
194.6 msec : 0
194.7 msec : 0
194.8 msec : 0
194.9 msec : 0
195.0 msec : 0
195.1 msec : 0
195.2 msec : 0
195.3 msec : 0
195.4 msec : 0
195.5 msec : 0
195.6 msec : 0
195.7 msec : 0
195.8 msec : 0
195.9 msec : 0
196.0 msec : 0
196.1 msec : 0
196.2 msec : 0
196.3 msec : 0
196.4 msec : 0
196.5 msec : 0
196.6 msec : 0
196.7 msec : 0
196.8 msec : 0
196.9 msec : 0
197.0 msec : 0
197.1 msec : 0
197.2 msec : 0
197.3 msec : 0
197.4 msec : 0
197.5 msec : 0
197.6 msec : 0
197.7 msec : 0
197.8 msec : 0
197.9 msec : 0
198.0 msec : 0
198.1 msec : 0
198.2 msec : 0
198.3 msec : 0
198.4 msec : 0
198.5 msec : 0
198.6 msec : 0
198.7 msec : 0
198.8 msec : 0
198.9 msec : 0
199.0 msec : 0
199.1 msec : 0
199.2 msec : 0
199.3 msec : 0
199.4 msec : 0
199.5 msec : 0
199.6 msec : 0
199.7 msec : 0
199.8 msec : 0
199.9 msec : 0
200.0 msec : 0
200.1 msec : 0
200.2 msec : 0
200.3 msec : 0
200.4 msec : 0
200.5 msec : 0
200.6 msec : 0
200.7 msec : 0
200.8 msec : 0
200.9 msec : 0
201.0 msec : 0
201.1 msec : 0
201.2 msec : 0
201.3 msec : 0
201.4 msec : 0
201.5 msec : 0
201.6 msec : 0
201.7 msec : 0
201.8 msec : 0
201.9 msec : 0
202.0 msec : 0
202.1 msec : 0
202.2 msec : 0
202.3 msec : 0
202.4 msec : 0
202.5 msec : 0
202.6 msec : 0
202.7 msec : 0
202.8 msec : 0
202.9 msec : 0
203.0 msec : 0
203.1 msec : 0
203.2 msec : 0
203.3 msec : 0
203.4 msec : 0
203.5 msec : 0
203.6 msec : 0
203.7 msec : 0
203.8 msec : 0
203.9 msec : 0
204.0 msec : 0
204.1 msec : 0
204.2 msec : 0
204.3 msec : 0
204.4 msec : 0
204.5 msec : 0
204.6 msec : 0
204.7 msec : 0
204.8 msec : 0
204.9 msec : 0
205.0 msec : 0
205.1 msec : 0
205.2 msec : 0
205.3 msec : 0
205.4 msec : 0
205.5 msec : 0
205.6 msec : 0
205.7 msec : 0
205.8 msec : 0
205.9 msec : 0
206.0 msec : 0
206.1 msec : 0
206.2 msec : 0
206.3 msec : 0
206.4 msec : 0
206.5 msec : 0
206.6 msec : 0
206.7 msec : 0
206.8 msec : 0
206.9 msec : 0
207.0 msec : 0
207.1 msec : 0
207.2 msec : 0
207.3 msec : 0
207.4 msec : 0
207.5 msec : 0
207.6 msec : 0
207.7 msec : 0
207.8 msec : 0
207.9 msec : 0
208.0 msec : 0
208.1 msec : 0
208.2 msec : 0
208.3 msec : 0
208.4 msec : 0
208.5 msec : 0
208.6 msec : 0
208.7 msec : 0
208.8 msec : 0
208.9 msec : 0
209.0 msec : 0
209.1 msec : 0
209.2 msec : 0
209.3 msec : 0
209.4 msec : 0
209.5 msec : 0
209.6 msec : 0
209.7 msec : 0
209.8 msec : 0
209.9 msec : 0
210.0 msec : 0
210.1 msec : 0
210.2 msec : 0
210.3 msec : 0
210.4 msec : 0
210.5 msec : 0
210.6 msec : 0
210.7 msec : 0
210.8 msec : 0
210.9 msec : 0
211.0 msec : 0
211.1 msec : 0
211.2 msec : 0
211.3 msec : 0
211.4 msec : 0
211.5 msec : 0
211.6 msec : 0
211.7 msec : 0
211.8 msec : 0
211.9 msec : 0
212.0 msec : 0
212.1 msec : 0
212.2 msec : 0
212.3 msec : 0
212.4 msec : 0
212.5 msec : 0
212.6 msec : 0
212.7 msec : 0
212.8 msec : 0
212.9 msec : 0
213.0 msec : 0
213.1 msec : 0
213.2 msec : 0
213.3 msec : 0
213.4 msec : 0
213.5 msec : 0
213.6 msec : 0
213.7 msec : 0
213.8 msec : 0
213.9 msec : 0
214.0 msec : 0
214.1 msec : 0
214.2 msec : 0
214.3 msec : 0
214.4 msec : 0
214.5 msec : 0
214.6 msec : 0
214.7 msec : 0
214.8 msec : 0
214.9 msec : 0
215.0 msec : 0
215.1 msec : 0
215.2 msec : 0
215.3 msec : 0
215.4 msec : 0
215.5 msec : 0
215.6 msec : 0
215.7 msec : 0
215.8 msec : 0
215.9 msec : 0
216.0 msec : 0
216.1 msec : 0
216.2 msec : 0
216.3 msec : 0
216.4 msec : 0
216.5 msec : 0
216.6 msec : 0
216.7 msec : 0
216.8 msec : 0
216.9 msec : 0
217.0 msec : 0
217.1 msec : 0
217.2 msec : 0
217.3 msec : 0
217.4 msec : 0
217.5 msec : 0
217.6 msec : 0
217.7 msec : 0
217.8 msec : 0
217.9 msec : 0
218.0 msec : 0
218.1 msec : 0
218.2 msec : 0
218.3 msec : 0
218.4 msec : 0
218.5 msec : 0
218.6 msec : 0
218.7 msec : 0
218.8 msec : 0
218.9 msec : 0
219.0 msec : 0
219.1 msec : 0
219.2 msec : 0
219.3 msec : 0
219.4 msec : 0
219.5 msec : 0
219.6 msec : 0
219.7 msec : 0
219.8 msec : 0
219.9 msec : 0
220.0 msec : 0
220.1 msec : 0
220.2 msec : 0
220.3 msec : 0
220.4 msec : 0
220.5 msec : 0
220.6 msec : 0
220.7 msec : 0
220.8 msec : 0
220.9 msec : 0
221.0 msec : 0
221.1 msec : 0
221.2 msec : 0
221.3 msec : 0
221.4 msec : 0
221.5 msec : 0
221.6 msec : 0
221.7 msec : 0
221.8 msec : 0
221.9 msec : 0
222.0 msec : 0
222.1 msec : 0
222.2 msec : 0
222.3 msec : 0
222.4 msec : 0
222.5 msec : 0
222.6 msec : 0
222.7 msec : 0
222.8 msec : 0
222.9 msec : 0
223.0 msec : 0
223.1 msec : 0
223.2 msec : 0
223.3 msec : 0
223.4 msec : 0
223.5 msec : 0
223.6 msec : 0
223.7 msec : 0
223.8 msec : 0
223.9 msec : 0
224.0 msec : 0
224.1 msec : 0
224.2 msec : 0
224.3 msec : 0
224.4 msec : 0
224.5 msec : 0
224.6 msec : 0
224.7 msec : 0
224.8 msec : 0
224.9 msec : 0
225.0 msec : 0
225.1 msec : 0
225.2 msec : 0
225.3 msec : 0
225.4 msec : 0
225.5 msec : 0
225.6 msec : 0
225.7 msec : 0
225.8 msec : 0
225.9 msec : 0
226.0 msec : 0
226.1 msec : 0
226.2 msec : 0
226.3 msec : 0
226.4 msec : 0
226.5 msec : 0
226.6 msec : 0
226.7 msec : 0
226.8 msec : 0
226.9 msec : 0
227.0 msec : 0
227.1 msec : 0
227.2 msec : 0
227.3 msec : 0
227.4 msec : 0
227.5 msec : 0
227.6 msec : 0
227.7 msec : 0
227.8 msec : 0
227.9 msec : 0
228.0 msec : 0
228.1 msec : 0
228.2 msec : 0
228.3 msec : 0
228.4 msec : 0
228.5 msec : 0
228.6 msec : 0
228.7 msec : 0
228.8 msec : 0
228.9 msec : 0
229.0 msec : 0
229.1 msec : 0
229.2 msec : 0
229.3 msec : 0
229.4 msec : 0
229.5 msec : 0
229.6 msec : 0
229.7 msec : 0
229.8 msec : 0
229.9 msec : 0
230.0 msec : 0
230.1 msec : 0
230.2 msec : 0
230.3 msec : 0
230.4 msec : 0
230.5 msec : 0
230.6 msec : 0
230.7 msec : 0
230.8 msec : 0
230.9 msec : 0
231.0 msec : 0
231.1 msec : 0
231.2 msec : 0
231.3 msec : 0
231.4 msec : 0
231.5 msec : 0
231.6 msec : 0
231.7 msec : 0
231.8 msec : 0
231.9 msec : 0
232.0 msec : 0
232.1 msec : 0
232.2 msec : 0
232.3 msec : 0
232.4 msec : 0
232.5 msec : 0
232.6 msec : 0
232.7 msec : 0
232.8 msec : 0
232.9 msec : 0
233.0 msec : 0
233.1 msec : 0
233.2 msec : 0
233.3 msec : 0
233.4 msec : 0
233.5 msec : 0
233.6 msec : 0
233.7 msec : 0
233.8 msec : 0
233.9 msec : 0
234.0 msec : 0
234.1 msec : 0
234.2 msec : 0
234.3 msec : 0
234.4 msec : 0
234.5 msec : 0
234.6 msec : 0
234.7 msec : 0
234.8 msec : 0
234.9 msec : 0
235.0 msec : 0
235.1 msec : 0
235.2 msec : 0
235.3 msec : 0
235.4 msec : 0
235.5 msec : 0
235.6 msec : 0
235.7 msec : 0
235.8 msec : 0
235.9 msec : 0
236.0 msec : 0
236.1 msec : 0
236.2 msec : 0
236.3 msec : 0
236.4 msec : 0
236.5 msec : 0
236.6 msec : 0
236.7 msec : 0
236.8 msec : 0
236.9 msec : 0
237.0 msec : 0
237.1 msec : 0
237.2 msec : 0
237.3 msec : 0
237.4 msec : 0
237.5 msec : 0
237.6 msec : 0
237.7 msec : 0
237.8 msec : 0
237.9 msec : 0
238.0 msec : 0
238.1 msec : 0
238.2 msec : 0
238.3 msec : 0
238.4 msec : 0
238.5 msec : 0
238.6 msec : 0
238.7 msec : 0
238.8 msec : 0
238.9 msec : 0
239.0 msec : 0
239.1 msec : 0
239.2 msec : 0
239.3 msec : 0
239.4 msec : 0
239.5 msec : 0
239.6 msec : 0
239.7 msec : 0
239.8 msec : 0
239.9 msec : 0
240.0 msec : 0
240.1 msec : 0
240.2 msec : 0
240.3 msec : 0
240.4 msec : 0
240.5 msec : 0
240.6 msec : 0
240.7 msec : 0
240.8 msec : 0
240.9 msec : 0
241.0 msec : 0
241.1 msec : 0
241.2 msec : 0
241.3 msec : 0
241.4 msec : 0
241.5 msec : 0
241.6 msec : 0
241.7 msec : 0
241.8 msec : 0
241.9 msec : 0
242.0 msec : 0
242.1 msec : 0
242.2 msec : 0
242.3 msec : 0
242.4 msec : 0
242.5 msec : 0
242.6 msec : 0
242.7 msec : 0
242.8 msec : 0
242.9 msec : 0
243.0 msec : 0
243.1 msec : 0
243.2 msec : 0
243.3 msec : 0
243.4 msec : 0
243.5 msec : 0
243.6 msec : 0
243.7 msec : 0
243.8 msec : 0
243.9 msec : 0
244.0 msec : 0
244.1 msec : 0
244.2 msec : 0
244.3 msec : 0
244.4 msec : 0
244.5 msec : 0
244.6 msec : 0
244.7 msec : 0
244.8 msec : 0
244.9 msec : 0
245.0 msec : 0
245.1 msec : 0
245.2 msec : 0
245.3 msec : 0
245.4 msec : 0
245.5 msec : 0
245.6 msec : 0
245.7 msec : 0
245.8 msec : 0
245.9 msec : 0
246.0 msec : 0
246.1 msec : 0
246.2 msec : 0
246.3 msec : 0
246.4 msec : 0
246.5 msec : 0
246.6 msec : 0
246.7 msec : 0
246.8 msec : 0
246.9 msec : 0
247.0 msec : 0
247.1 msec : 0
247.2 msec : 0
247.3 msec : 0
247.4 msec : 0
247.5 msec : 0
247.6 msec : 0
247.7 msec : 0
247.8 msec : 0
247.9 msec : 0
248.0 msec : 0
248.1 msec : 0
248.2 msec : 0
248.3 msec : 0
248.4 msec : 0
248.5 msec : 0
248.6 msec : 0
248.7 msec : 0
248.8 msec : 0
248.9 msec : 0
249.0 msec : 0
249.1 msec : 0
249.2 msec : 0
249.3 msec : 0
249.4 msec : 0
249.5 msec : 0
249.6 msec : 0
249.7 msec : 0
249.8 msec : 0
249.9 msec : 0
250.0 msec : 0
250.1 msec : 0
250.2 msec : 0
250.3 msec : 0
250.4 msec : 0
250.5 msec : 0
250.6 msec : 0
250.7 msec : 0
250.8 msec : 0
250.9 msec : 0
251.0 msec : 0
251.1 msec : 0
251.2 msec : 0
251.3 msec : 0
251.4 msec : 0
251.5 msec : 0
251.6 msec : 0
251.7 msec : 0
251.8 msec : 0
251.9 msec : 0
252.0 msec : 0
252.1 msec : 0
252.2 msec : 0
252.3 msec : 0
252.4 msec : 0
252.5 msec : 0
252.6 msec : 0
252.7 msec : 0
252.8 msec : 0
252.9 msec : 0
253.0 msec : 0
253.1 msec : 0
253.2 msec : 0
253.3 msec : 0
253.4 msec : 0
253.5 msec : 0
253.6 msec : 0
253.7 msec : 0
253.8 msec : 0
253.9 msec : 0
254.0 msec : 0
254.1 msec : 0
254.2 msec : 0
254.3 msec : 0
254.4 msec : 0
254.5 msec : 0
254.6 msec : 0
254.7 msec : 0
254.8 msec : 0
254.9 msec : 0
255.0 msec : 0
255.1 msec : 0
255.2 msec : 0
255.3 msec : 0
255.4 msec : 0
255.5 msec : 0
255.6 msec : 0
255.7 msec : 0
255.8 msec : 0
255.9 msec : 0
256.0 msec : 0
256.1 msec : 0
256.2 msec : 0
256.3 msec : 0
256.4 msec : 0
256.5 msec : 0
256.6 msec : 0
256.7 msec : 0
256.8 msec : 0
256.9 msec : 0
257.0 msec : 0
257.1 msec : 0
257.2 msec : 0
257.3 msec : 0
257.4 msec : 0
257.5 msec : 0
257.6 msec : 0
257.7 msec : 0
257.8 msec : 0
257.9 msec : 0
258.0 msec : 0
258.1 msec : 0
258.2 msec : 0
258.3 msec : 0
258.4 msec : 0
258.5 msec : 0
258.6 msec : 0
258.7 msec : 0
258.8 msec : 0
258.9 msec : 0
259.0 msec : 0
259.1 msec : 0
259.2 msec : 0
259.3 msec : 0
259.4 msec : 0
259.5 msec : 0
259.6 msec : 0
259.7 msec : 0
259.8 msec : 0
259.9 msec : 0
260.0 msec : 0
260.1 msec : 0
260.2 msec : 0
260.3 msec : 0
260.4 msec : 0
260.5 msec : 0
260.6 msec : 0
260.7 msec : 0
260.8 msec : 0
260.9 msec : 0
261.0 msec : 0
261.1 msec : 0
261.2 msec : 0
261.3 msec : 0
261.4 msec : 0
261.5 msec : 0
261.6 msec : 0
261.7 msec : 0
261.8 msec : 0
261.9 msec : 0
262.0 msec : 0
262.1 msec : 0
262.2 msec : 0
262.3 msec : 0
262.4 msec : 0
262.5 msec : 0
262.6 msec : 0
262.7 msec : 0
262.8 msec : 0
262.9 msec : 0
263.0 msec : 0
263.1 msec : 0
263.2 msec : 0
263.3 msec : 0
263.4 msec : 0
263.5 msec : 0
263.6 msec : 0
263.7 msec : 0
263.8 msec : 0
263.9 msec : 0
264.0 msec : 0
264.1 msec : 0
264.2 msec : 0
264.3 msec : 0
264.4 msec : 0
264.5 msec : 0
264.6 msec : 0
264.7 msec : 0
264.8 msec : 0
264.9 msec : 0
265.0 msec : 0
265.1 msec : 0
265.2 msec : 0
265.3 msec : 0
265.4 msec : 0
265.5 msec : 0
265.6 msec : 0
265.7 msec : 0
265.8 msec : 0
265.9 msec : 0
266.0 msec : 0
266.1 msec : 0
266.2 msec : 0
266.3 msec : 0
266.4 msec : 0
266.5 msec : 0
266.6 msec : 0
266.7 msec : 0
266.8 msec : 0
266.9 msec : 0
267.0 msec : 0
267.1 msec : 0
267.2 msec : 0
267.3 msec : 0
267.4 msec : 0
267.5 msec : 0
267.6 msec : 0
267.7 msec : 0
267.8 msec : 0
267.9 msec : 0
268.0 msec : 0
268.1 msec : 0
268.2 msec : 0
268.3 msec : 0
268.4 msec : 0
268.5 msec : 0
268.6 msec : 0
268.7 msec : 0
268.8 msec : 0
268.9 msec : 0
269.0 msec : 0
269.1 msec : 0
269.2 msec : 0
269.3 msec : 0
269.4 msec : 0
269.5 msec : 0
269.6 msec : 0
269.7 msec : 0
269.8 msec : 0
269.9 msec : 0
270.0 msec : 0
270.1 msec : 0
270.2 msec : 0
270.3 msec : 0
270.4 msec : 0
270.5 msec : 0
270.6 msec : 0
270.7 msec : 0
270.8 msec : 0
270.9 msec : 0
271.0 msec : 0
271.1 msec : 0
271.2 msec : 0
271.3 msec : 0
271.4 msec : 0
271.5 msec : 0
271.6 msec : 0
271.7 msec : 0
271.8 msec : 0
271.9 msec : 0
272.0 msec : 0
272.1 msec : 0
272.2 msec : 0
272.3 msec : 0
272.4 msec : 0
272.5 msec : 0
272.6 msec : 0
272.7 msec : 0
272.8 msec : 0
272.9 msec : 0
273.0 msec : 0
273.1 msec : 0
273.2 msec : 0
273.3 msec : 0
273.4 msec : 0
273.5 msec : 0
273.6 msec : 0
273.7 msec : 0
273.8 msec : 0
273.9 msec : 0
274.0 msec : 0
274.1 msec : 0
274.2 msec : 0
274.3 msec : 0
274.4 msec : 0
274.5 msec : 0
274.6 msec : 0
274.7 msec : 0
274.8 msec : 0
274.9 msec : 0
275.0 msec : 0
275.1 msec : 0
275.2 msec : 0
275.3 msec : 0
275.4 msec : 0
275.5 msec : 0
275.6 msec : 0
275.7 msec : 0
275.8 msec : 0
275.9 msec : 0
276.0 msec : 0
276.1 msec : 0
276.2 msec : 0
276.3 msec : 0
276.4 msec : 0
276.5 msec : 0
276.6 msec : 0
276.7 msec : 0
276.8 msec : 0
276.9 msec : 0
277.0 msec : 0
277.1 msec : 0
277.2 msec : 0
277.3 msec : 0
277.4 msec : 0
277.5 msec : 0
277.6 msec : 0
277.7 msec : 0
277.8 msec : 0
277.9 msec : 0
278.0 msec : 0
278.1 msec : 0
278.2 msec : 0
278.3 msec : 0
278.4 msec : 0
278.5 msec : 0
278.6 msec : 0
278.7 msec : 0
278.8 msec : 0
278.9 msec : 0
279.0 msec : 0
279.1 msec : 0
279.2 msec : 0
279.3 msec : 0
279.4 msec : 0
279.5 msec : 0
279.6 msec : 0
279.7 msec : 0
279.8 msec : 0
279.9 msec : 0
280.0 msec : 0
280.1 msec : 0
280.2 msec : 0
280.3 msec : 0
280.4 msec : 0
280.5 msec : 0
280.6 msec : 0
280.7 msec : 0
280.8 msec : 0
280.9 msec : 0
281.0 msec : 0
281.1 msec : 0
281.2 msec : 0
281.3 msec : 0
281.4 msec : 0
281.5 msec : 0
281.6 msec : 0
281.7 msec : 0
281.8 msec : 0
281.9 msec : 0
282.0 msec : 0
282.1 msec : 0
282.2 msec : 0
282.3 msec : 0
282.4 msec : 0
282.5 msec : 0
282.6 msec : 0
282.7 msec : 0
282.8 msec : 0
282.9 msec : 0
283.0 msec : 0
283.1 msec : 0
283.2 msec : 0
283.3 msec : 0
283.4 msec : 0
283.5 msec : 0
283.6 msec : 0
283.7 msec : 0
283.8 msec : 0
283.9 msec : 0
284.0 msec : 0
284.1 msec : 0
284.2 msec : 0
284.3 msec : 0
284.4 msec : 0
284.5 msec : 0
284.6 msec : 0
284.7 msec : 0
284.8 msec : 0
284.9 msec : 0
285.0 msec : 0
285.1 msec : 0
285.2 msec : 0
285.3 msec : 0
285.4 msec : 0
285.5 msec : 0
285.6 msec : 0
285.7 msec : 0
285.8 msec : 0
285.9 msec : 0
286.0 msec : 0
286.1 msec : 0
286.2 msec : 0
286.3 msec : 0
286.4 msec : 0
286.5 msec : 0
286.6 msec : 0
286.7 msec : 0
286.8 msec : 0
286.9 msec : 0
287.0 msec : 0
287.1 msec : 0
287.2 msec : 0
287.3 msec : 0
287.4 msec : 0
287.5 msec : 0
287.6 msec : 0
287.7 msec : 0
287.8 msec : 0
287.9 msec : 0
288.0 msec : 0
288.1 msec : 0
288.2 msec : 0
288.3 msec : 0
288.4 msec : 0
288.5 msec : 0
288.6 msec : 0
288.7 msec : 0
288.8 msec : 0
288.9 msec : 0
289.0 msec : 0
289.1 msec : 0
289.2 msec : 0
289.3 msec : 0
289.4 msec : 0
289.5 msec : 0
289.6 msec : 0
289.7 msec : 0
289.8 msec : 0
289.9 msec : 0
290.0 msec : 0
290.1 msec : 0
290.2 msec : 0
290.3 msec : 0
290.4 msec : 0
290.5 msec : 0
290.6 msec : 0
290.7 msec : 0
290.8 msec : 0
290.9 msec : 0
291.0 msec : 0
291.1 msec : 0
291.2 msec : 0
291.3 msec : 0
291.4 msec : 0
291.5 msec : 0
291.6 msec : 0
291.7 msec : 0
291.8 msec : 0
291.9 msec : 0
292.0 msec : 0
292.1 msec : 0
292.2 msec : 0
292.3 msec : 0
292.4 msec : 0
292.5 msec : 0
292.6 msec : 0
292.7 msec : 0
292.8 msec : 0
292.9 msec : 0
293.0 msec : 0
293.1 msec : 0
293.2 msec : 0
293.3 msec : 0
293.4 msec : 0
293.5 msec : 0
293.6 msec : 0
293.7 msec : 0
293.8 msec : 0
293.9 msec : 0
294.0 msec : 0
294.1 msec : 0
294.2 msec : 0
294.3 msec : 0
294.4 msec : 0
294.5 msec : 0
294.6 msec : 0
294.7 msec : 0
294.8 msec : 0
294.9 msec : 0
295.0 msec : 0
295.1 msec : 0
295.2 msec : 0
295.3 msec : 0
295.4 msec : 0
295.5 msec : 0
295.6 msec : 2
295.7 msec : 1
295.8 msec : 0
295.9 msec : 1
296.0 msec : 1
296.1 msec : 1
296.2 msec : 1
296.3 msec : 1
296.4 msec : 0
296.5 msec : 2
296.6 msec : 1
296.7 msec : 1
296.8 msec : 0
296.9 msec : 0
297.0 msec : 2
297.1 msec : 0
297.2 msec : 1
297.3 msec : 7
297.4 msec : 6
297.5 msec : 5
297.6 msec : 10
297.7 msec : 4
297.8 msec : 2
297.9 msec : 2
298.0 msec : 6
298.1 msec : 2
298.2 msec : 2
298.3 msec : 1
298.4 msec : 1
298.5 msec : 2
298.6 msec : 0
298.7 msec : 0
298.8 msec : 0
298.9 msec : 0
299.0 msec : 0
299.1 msec : 0
299.2 msec : 0
299.3 msec : 0
299.4 msec : 0
299.5 msec : 0
299.6 msec : 0
299.7 msec : 0
299.8 msec : 1
299.9 msec : 0
300.0 msec : 0
300.1 msec : 0
300.2 msec : 0
300.3 msec : 0
300.4 msec : 0
300.5 msec : 0
300.6 msec : 0
300.7 msec : 0
300.8 msec : 0
300.9 msec : 0
301.0 msec : 0
301.1 msec : 0
301.2 msec : 0
301.3 msec : 0
301.4 msec : 0
301.5 msec : 0
301.6 msec : 0
301.7 msec : 0
301.8 msec : 0
301.9 msec : 0
302.0 msec : 0
302.1 msec : 0
302.2 msec : 0
302.3 msec : 0
302.4 msec : 0
302.5 msec : 0
302.6 msec : 0
302.7 msec : 0
302.8 msec : 0
302.9 msec : 0
303.0 msec : 0
303.1 msec : 0
303.2 msec : 0
303.3 msec : 0
303.4 msec : 0
303.5 msec : 0
303.6 msec : 0
303.7 msec : 0
303.8 msec : 0
303.9 msec : 0
304.0 msec : 0
304.1 msec : 0
304.2 msec : 0
304.3 msec : 0
304.4 msec : 0
304.5 msec : 0
304.6 msec : 0
304.7 msec : 0
304.8 msec : 0
304.9 msec : 0
305.0 msec : 0
305.1 msec : 0
305.2 msec : 0
305.3 msec : 0
305.4 msec : 0
305.5 msec : 0
305.6 msec : 0
305.7 msec : 0
305.8 msec : 0
305.9 msec : 0
306.0 msec : 0
306.1 msec : 0
306.2 msec : 0
306.3 msec : 0
306.4 msec : 0
306.5 msec : 0
306.6 msec : 0
306.7 msec : 0
306.8 msec : 0
306.9 msec : 0
307.0 msec : 0
307.1 msec : 0
307.2 msec : 0
307.3 msec : 0
307.4 msec : 0
307.5 msec : 0
307.6 msec : 0
307.7 msec : 0
307.8 msec : 0
307.9 msec : 0
308.0 msec : 0
308.1 msec : 0
308.2 msec : 0
308.3 msec : 0
308.4 msec : 0
308.5 msec : 0
308.6 msec : 0
308.7 msec : 0
308.8 msec : 0
308.9 msec : 0
309.0 msec : 0
309.1 msec : 0
309.2 msec : 0
309.3 msec : 0
309.4 msec : 0
309.5 msec : 0
309.6 msec : 0
309.7 msec : 0
309.8 msec : 0
309.9 msec : 0
310.0 msec : 0
310.1 msec : 0
310.2 msec : 0
310.3 msec : 0
310.4 msec : 0
310.5 msec : 0
310.6 msec : 0
310.7 msec : 0
310.8 msec : 0
310.9 msec : 0
311.0 msec : 0
311.1 msec : 0
311.2 msec : 0
311.3 msec : 0
311.4 msec : 0
311.5 msec : 0
311.6 msec : 0
311.7 msec : 0
311.8 msec : 0
311.9 msec : 0
312.0 msec : 0
312.1 msec : 0
312.2 msec : 0
312.3 msec : 0
312.4 msec : 0
312.5 msec : 0
312.6 msec : 0
312.7 msec : 0
312.8 msec : 0
312.9 msec : 0
313.0 msec : 0
313.1 msec : 0
313.2 msec : 0
313.3 msec : 0
313.4 msec : 0
313.5 msec : 0
313.6 msec : 0
313.7 msec : 0
313.8 msec : 0
313.9 msec : 0
314.0 msec : 0
314.1 msec : 0
314.2 msec : 0
314.3 msec : 0
314.4 msec : 0
314.5 msec : 0
314.6 msec : 0
314.7 msec : 0
314.8 msec : 0
314.9 msec : 0
315.0 msec : 0
315.1 msec : 0
315.2 msec : 0
315.3 msec : 0
315.4 msec : 0
315.5 msec : 0
315.6 msec : 0
315.7 msec : 0
315.8 msec : 0
315.9 msec : 0
316.0 msec : 0
316.1 msec : 0
316.2 msec : 0
316.3 msec : 0
316.4 msec : 0
316.5 msec : 0
316.6 msec : 0
316.7 msec : 0
316.8 msec : 0
316.9 msec : 0
317.0 msec : 0
317.1 msec : 0
317.2 msec : 0
317.3 msec : 0
317.4 msec : 0
317.5 msec : 0
317.6 msec : 0
317.7 msec : 0
317.8 msec : 0
317.9 msec : 0
318.0 msec : 0
318.1 msec : 0
318.2 msec : 0
318.3 msec : 0
318.4 msec : 0
318.5 msec : 0
318.6 msec : 0
318.7 msec : 0
318.8 msec : 0
318.9 msec : 0
319.0 msec : 0
319.1 msec : 0
319.2 msec : 0
319.3 msec : 0
319.4 msec : 0
319.5 msec : 0
319.6 msec : 0
319.7 msec : 0
319.8 msec : 0
319.9 msec : 0
320.0 msec : 0
320.1 msec : 0
320.2 msec : 0
320.3 msec : 0
320.4 msec : 0
320.5 msec : 0
320.6 msec : 0
320.7 msec : 0
320.8 msec : 0
320.9 msec : 0
321.0 msec : 0
321.1 msec : 0
321.2 msec : 0
321.3 msec : 0
321.4 msec : 0
321.5 msec : 0
321.6 msec : 0
321.7 msec : 0
321.8 msec : 0
321.9 msec : 0
322.0 msec : 0
322.1 msec : 0
322.2 msec : 0
322.3 msec : 0
322.4 msec : 0
322.5 msec : 0
322.6 msec : 0
322.7 msec : 0
322.8 msec : 0
322.9 msec : 0
323.0 msec : 0
323.1 msec : 0
323.2 msec : 0
323.3 msec : 0
323.4 msec : 0
323.5 msec : 0
323.6 msec : 0
323.7 msec : 0
323.8 msec : 0
323.9 msec : 0
324.0 msec : 0
324.1 msec : 0
324.2 msec : 0
324.3 msec : 0
324.4 msec : 0
324.5 msec : 0
324.6 msec : 0
324.7 msec : 0
324.8 msec : 0
324.9 msec : 0
325.0 msec : 0
325.1 msec : 0
325.2 msec : 0
325.3 msec : 0
325.4 msec : 0
325.5 msec : 0
325.6 msec : 0
325.7 msec : 0
325.8 msec : 0
325.9 msec : 0
326.0 msec : 0
326.1 msec : 0
326.2 msec : 0
326.3 msec : 0
326.4 msec : 0
326.5 msec : 0
326.6 msec : 0
326.7 msec : 0
326.8 msec : 0
326.9 msec : 0
327.0 msec : 0
327.1 msec : 0
327.2 msec : 0
327.3 msec : 0
327.4 msec : 0
327.5 msec : 0
327.6 msec : 0
327.7 msec : 0
327.8 msec : 0
327.9 msec : 0
328.0 msec : 0
328.1 msec : 0
328.2 msec : 0
328.3 msec : 0
328.4 msec : 0
328.5 msec : 0
328.6 msec : 0
328.7 msec : 0
328.8 msec : 0
328.9 msec : 0
329.0 msec : 0
329.1 msec : 0
329.2 msec : 0
329.3 msec : 0
329.4 msec : 0
329.5 msec : 0
329.6 msec : 0
329.7 msec : 0
329.8 msec : 0
329.9 msec : 0
330.0 msec : 0
330.1 msec : 0
330.2 msec : 0
330.3 msec : 0
330.4 msec : 0
330.5 msec : 0
330.6 msec : 0
330.7 msec : 0
330.8 msec : 0
330.9 msec : 0
331.0 msec : 0
331.1 msec : 0
331.2 msec : 0
331.3 msec : 0
331.4 msec : 0
331.5 msec : 0
331.6 msec : 0
331.7 msec : 0
331.8 msec : 0
331.9 msec : 0
332.0 msec : 0
332.1 msec : 0
332.2 msec : 0
332.3 msec : 0
332.4 msec : 0
332.5 msec : 0
332.6 msec : 0
332.7 msec : 0
332.8 msec : 0
332.9 msec : 0
333.0 msec : 0
333.1 msec : 0
333.2 msec : 0
333.3 msec : 0
333.4 msec : 0
333.5 msec : 0
333.6 msec : 0
333.7 msec : 0
333.8 msec : 0
333.9 msec : 0
334.0 msec : 0
334.1 msec : 0
334.2 msec : 0
334.3 msec : 0
334.4 msec : 0
334.5 msec : 0
334.6 msec : 0
334.7 msec : 0
334.8 msec : 0
334.9 msec : 0
335.0 msec : 0
335.1 msec : 0
335.2 msec : 0
335.3 msec : 0
335.4 msec : 0
335.5 msec : 0
335.6 msec : 0
335.7 msec : 0
335.8 msec : 0
335.9 msec : 0
336.0 msec : 0
336.1 msec : 0
336.2 msec : 0
336.3 msec : 0
336.4 msec : 0
336.5 msec : 0
336.6 msec : 0
336.7 msec : 0
336.8 msec : 0
336.9 msec : 0
337.0 msec : 0
337.1 msec : 0
337.2 msec : 0
337.3 msec : 0
337.4 msec : 0
337.5 msec : 0
337.6 msec : 0
337.7 msec : 0
337.8 msec : 0
337.9 msec : 0
338.0 msec : 0
338.1 msec : 0
338.2 msec : 0
338.3 msec : 0
338.4 msec : 0
338.5 msec : 0
338.6 msec : 0
338.7 msec : 0
338.8 msec : 0
338.9 msec : 0
339.0 msec : 0
339.1 msec : 0
339.2 msec : 0
339.3 msec : 0
339.4 msec : 0
339.5 msec : 0
339.6 msec : 0
339.7 msec : 0
339.8 msec : 0
339.9 msec : 0
340.0 msec : 0
340.1 msec : 0
340.2 msec : 0
340.3 msec : 0
340.4 msec : 0
340.5 msec : 0
340.6 msec : 0
340.7 msec : 0
340.8 msec : 0
340.9 msec : 0
341.0 msec : 0
341.1 msec : 0
341.2 msec : 0
341.3 msec : 0
341.4 msec : 0
341.5 msec : 0
341.6 msec : 0
341.7 msec : 0
341.8 msec : 0
341.9 msec : 0
342.0 msec : 0
342.1 msec : 0
342.2 msec : 0
342.3 msec : 0
342.4 msec : 0
342.5 msec : 0
342.6 msec : 0
342.7 msec : 0
342.8 msec : 0
342.9 msec : 0
343.0 msec : 0
343.1 msec : 0
343.2 msec : 0
343.3 msec : 0
343.4 msec : 0
343.5 msec : 0
343.6 msec : 0
343.7 msec : 0
343.8 msec : 0
343.9 msec : 0
344.0 msec : 0
344.1 msec : 0
344.2 msec : 0
344.3 msec : 0
344.4 msec : 0
344.5 msec : 0
344.6 msec : 0
344.7 msec : 0
344.8 msec : 0
344.9 msec : 0
345.0 msec : 0
345.1 msec : 0
345.2 msec : 0
345.3 msec : 0
345.4 msec : 0
345.5 msec : 0
345.6 msec : 0
345.7 msec : 0
345.8 msec : 0
345.9 msec : 0
346.0 msec : 0
346.1 msec : 0
346.2 msec : 0
346.3 msec : 0
346.4 msec : 0
346.5 msec : 0
346.6 msec : 0
346.7 msec : 0
346.8 msec : 0
346.9 msec : 0
347.0 msec : 0
347.1 msec : 0
347.2 msec : 0
347.3 msec : 0
347.4 msec : 0
347.5 msec : 0
347.6 msec : 0
347.7 msec : 0
347.8 msec : 0
347.9 msec : 0
348.0 msec : 0
348.1 msec : 0
348.2 msec : 0
348.3 msec : 0
348.4 msec : 0
348.5 msec : 0
348.6 msec : 0
348.7 msec : 0
348.8 msec : 0
348.9 msec : 0
349.0 msec : 0
349.1 msec : 0
349.2 msec : 0
349.3 msec : 0
349.4 msec : 0
349.5 msec : 0
349.6 msec : 0
349.7 msec : 0
349.8 msec : 0
349.9 msec : 0
350.0 msec : 0
350.1 msec : 0
350.2 msec : 1
350.3 msec : 0
350.4 msec : 2
350.5 msec : 1
350.6 msec : 0
350.7 msec : 0
350.8 msec : 0
350.9 msec : 0
351.0 msec : 0
351.1 msec : 0
351.2 msec : 0
351.3 msec : 0
351.4 msec : 0
351.5 msec : 0
351.6 msec : 1
351.7 msec : 3
351.8 msec : 0
351.9 msec : 0
352.0 msec : 1
352.1 msec : 2
352.2 msec : 3
352.3 msec : 3
352.4 msec : 0
352.5 msec : 3
352.6 msec : 0
352.7 msec : 0
352.8 msec : 3
352.9 msec : 0
353.0 msec : 0
353.1 msec : 1
353.2 msec : 5
353.3 msec : 4
353.4 msec : 1
353.5 msec : 6
353.6 msec : 7
353.7 msec : 1
353.8 msec : 2
353.9 msec : 2
354.0 msec : 2
354.1 msec : 3
354.2 msec : 2
354.3 msec : 2
354.4 msec : 0
354.5 msec : 0
354.6 msec : 2
354.7 msec : 1
354.8 msec : 0
354.9 msec : 0
355.0 msec : 0
355.1 msec : 0
355.2 msec : 0
355.3 msec : 0
355.4 msec : 0
355.5 msec : 0
355.6 msec : 0
355.7 msec : 0
355.8 msec : 0
355.9 msec : 0
356.0 msec : 0
356.1 msec : 0
356.2 msec : 0
356.3 msec : 1
356.4 msec : 0
356.5 msec : 0
356.6 msec : 0
