Middleware started...
Middleware shuts down...
Smaller resolution statistics are in a log file...
Final aggregates per worker:


Worker 7
Average throughput (ops/sec) = 501
Average response time (msec) = 1.6703683278688526
Average queue length = 1
Average wait time in queue (msec) = 0.43567032786885246
Average service time (msec) = 1.109163049180328
Number of SET = 0
Number of GET = 501
Number of MULTI GET = 0


Worker 6
Average throughput (ops/sec) = 503
Average response time (msec) = 1.6551708196721313
Average queue length = 1
Average wait time in queue (msec) = 0.42210639344262296
Average service time (msec) = 1.1011635573770493
Number of SET = 0
Number of GET = 503
Number of MULTI GET = 0


Worker 8
Average throughput (ops/sec) = 503
Average response time (msec) = 1.6476121475409835
Average queue length = 1
Average wait time in queue (msec) = 0.42624972131147537
Average service time (msec) = 1.094705475409836
Number of SET = 0
Number of GET = 503
Number of MULTI GET = 0


Worker 3
Average throughput (ops/sec) = 500
Average response time (msec) = 1.6597468524590164
Average queue length = 1
Average wait time in queue (msec) = 0.4189381967213115
Average service time (msec) = 1.1003504098360655
Number of SET = 0
Number of GET = 500
Number of MULTI GET = 0


Worker 2
Average throughput (ops/sec) = 498
Average response time (msec) = 1.6655076557377049
Average queue length = 1
Average wait time in queue (msec) = 0.4155839672131148
Average service time (msec) = 1.1102654262295082
Number of SET = 0
Number of GET = 498
Number of MULTI GET = 0


Worker 5
Average throughput (ops/sec) = 493
Average response time (msec) = 1.6881931475409835
Average queue length = 1
Average wait time in queue (msec) = 0.41960672131147536
Average service time (msec) = 1.141405901639344
Number of SET = 0
Number of GET = 493
Number of MULTI GET = 0


Worker 4
Average throughput (ops/sec) = 503
Average response time (msec) = 1.6748735409836066
Average queue length = 0
Average wait time in queue (msec) = 0.43395273770491805
Average service time (msec) = 1.1168860163934426
Number of SET = 0
Number of GET = 504
Number of MULTI GET = 0


Worker 1
Average throughput (ops/sec) = 500
Average response time (msec) = 1.703849737704918
Average queue length = 1
Average wait time in queue (msec) = 0.4083429344262295
Average service time (msec) = 1.166870098360656
Number of SET = 0
Number of GET = 500
Number of MULTI GET = 0


FINAL STATS
Average throughput (ops/sec) = 4001
Average response time (msec) = 1.5997726584247587
Average queue length = 0
Average wait time in queue (msec) = 0.422556375
Average service time (msec) = 1.1176012418032786
Number of SET = 0
Number of GET = 4002
Number of MULTI GET = 0
Number of Cache misses = 0
Arrival rate (lambda) = [0, 0, 0, 0, 0, 198, 2157, 4233, 4198, 4166, 3793, 3710, 3831, 4469, 4505, 4167, 4055, 4000, 3832, 4465, 4510, 4132, 4121, 4059, 4117, 3835, 4375, 4181, 4535, 4225, 4170, 4240, 4189, 4163, 4212, 4121, 4147, 4188, 4177, 3925, 3926, 4221, 3891, 4064, 4004, 4316, 3919, 3922, 4164, 4222, 3945, 3902, 4227, 4122, 4287, 3956, 4043, 3941, 3819, 4040, 3989, 4093, 4234, 4100, 4136, 3396, 13, 0]


Histogram response times (0.1 msec step)
0.0 msec : 547
0.1 msec : 5358
0.2 msec : 15550
0.3 msec : 25873
0.4 msec : 30684
0.5 msec : 29935
0.6 msec : 26154
0.7 msec : 20978
0.8 msec : 15395
0.9 msec : 11313
1.0 msec : 8195
1.1 msec : 6044
1.2 msec : 4604
1.3 msec : 3551
1.4 msec : 2861
1.5 msec : 2266
1.6 msec : 1776
1.7 msec : 1308
1.8 msec : 1034
1.9 msec : 735
2.0 msec : 665
2.1 msec : 616
2.2 msec : 536
2.3 msec : 437
2.4 msec : 368
2.5 msec : 315
2.6 msec : 326
2.7 msec : 298
2.8 msec : 220
2.9 msec : 210
3.0 msec : 208
3.1 msec : 168
3.2 msec : 165
3.3 msec : 138
3.4 msec : 134
3.5 msec : 134
3.6 msec : 125
3.7 msec : 142
3.8 msec : 100
3.9 msec : 108
4.0 msec : 93
4.1 msec : 96
4.2 msec : 96
4.3 msec : 109
4.4 msec : 104
4.5 msec : 85
4.6 msec : 73
4.7 msec : 84
4.8 msec : 82
4.9 msec : 89
5.0 msec : 112
5.1 msec : 98
5.2 msec : 82
5.3 msec : 144
5.4 msec : 268
5.5 msec : 523
5.6 msec : 873
5.7 msec : 1335
5.8 msec : 1679
5.9 msec : 1900
6.0 msec : 1974
6.1 msec : 1913
6.2 msec : 1979
6.3 msec : 1926
6.4 msec : 1620
6.5 msec : 1392
6.6 msec : 1187
6.7 msec : 932
6.8 msec : 739
6.9 msec : 536
7.0 msec : 384
7.1 msec : 299
7.2 msec : 208
7.3 msec : 167
7.4 msec : 134
7.5 msec : 115
7.6 msec : 95
7.7 msec : 66
7.8 msec : 61
7.9 msec : 49
8.0 msec : 47
8.1 msec : 43
8.2 msec : 45
8.3 msec : 39
8.4 msec : 38
8.5 msec : 42
8.6 msec : 38
8.7 msec : 23
8.8 msec : 20
8.9 msec : 21
9.0 msec : 18
9.1 msec : 20
9.2 msec : 16
9.3 msec : 26
9.4 msec : 17
9.5 msec : 13
9.6 msec : 13
9.7 msec : 8
9.8 msec : 13
9.9 msec : 11
10.0 msec : 19
10.1 msec : 18
10.2 msec : 18
10.3 msec : 19
10.4 msec : 19
10.5 msec : 10
10.6 msec : 10
10.7 msec : 11
10.8 msec : 14
10.9 msec : 12
11.0 msec : 8
11.1 msec : 7
11.2 msec : 10
11.3 msec : 8
11.4 msec : 4
11.5 msec : 4
11.6 msec : 4
11.7 msec : 6
11.8 msec : 6
11.9 msec : 3
12.0 msec : 7
12.1 msec : 5
12.2 msec : 5
12.3 msec : 1
12.4 msec : 3
12.5 msec : 1
12.6 msec : 3
12.7 msec : 2
12.8 msec : 0
12.9 msec : 0
13.0 msec : 2
13.1 msec : 3
13.2 msec : 8
13.3 msec : 1
13.4 msec : 3
13.5 msec : 4
13.6 msec : 4
13.7 msec : 3
13.8 msec : 5
13.9 msec : 4
14.0 msec : 2
14.1 msec : 4
14.2 msec : 3
14.3 msec : 1
14.4 msec : 2
14.5 msec : 0
14.6 msec : 0
14.7 msec : 0
14.8 msec : 2
14.9 msec : 3
15.0 msec : 0
15.1 msec : 3
15.2 msec : 3
15.3 msec : 7
15.4 msec : 1
15.5 msec : 3
15.6 msec : 12
15.7 msec : 5
15.8 msec : 3
15.9 msec : 0
16.0 msec : 2
16.1 msec : 14
16.2 msec : 4
16.3 msec : 5
16.4 msec : 3
16.5 msec : 3
16.6 msec : 3
16.7 msec : 0
16.8 msec : 2
16.9 msec : 3
17.0 msec : 2
17.1 msec : 2
17.2 msec : 2
17.3 msec : 0
17.4 msec : 0
17.5 msec : 1
17.6 msec : 0
17.7 msec : 0
17.8 msec : 0
17.9 msec : 0
18.0 msec : 0
18.1 msec : 0
18.2 msec : 0
18.3 msec : 2
18.4 msec : 0
18.5 msec : 0
18.6 msec : 0
18.7 msec : 2
18.8 msec : 0
18.9 msec : 0
19.0 msec : 2
19.1 msec : 2
19.2 msec : 2
19.3 msec : 1
19.4 msec : 1
19.5 msec : 0
19.6 msec : 0
19.7 msec : 1
19.8 msec : 3
19.9 msec : 2
20.0 msec : 2
20.1 msec : 1
20.2 msec : 0
20.3 msec : 0
20.4 msec : 0
20.5 msec : 0
20.6 msec : 0
20.7 msec : 1
20.8 msec : 1
20.9 msec : 4
21.0 msec : 0
21.1 msec : 1
21.2 msec : 2
21.3 msec : 0
21.4 msec : 0
21.5 msec : 0
21.6 msec : 0
21.7 msec : 0
21.8 msec : 0
21.9 msec : 0
22.0 msec : 0
22.1 msec : 1
22.2 msec : 0
22.3 msec : 0
22.4 msec : 0
22.5 msec : 0
22.6 msec : 0
22.7 msec : 0
22.8 msec : 0
22.9 msec : 0
23.0 msec : 2
23.1 msec : 1
23.2 msec : 1
23.3 msec : 2
23.4 msec : 1
23.5 msec : 0
23.6 msec : 0
23.7 msec : 1
23.8 msec : 0
23.9 msec : 0
24.0 msec : 0
24.1 msec : 0
24.2 msec : 0
24.3 msec : 0
24.4 msec : 0
24.5 msec : 1
24.6 msec : 0
24.7 msec : 0
24.8 msec : 0
24.9 msec : 0
25.0 msec : 1
25.1 msec : 3
25.2 msec : 0
25.3 msec : 0
25.4 msec : 0
25.5 msec : 1
25.6 msec : 2
25.7 msec : 0
25.8 msec : 1
25.9 msec : 0
26.0 msec : 1
26.1 msec : 0
26.2 msec : 0
26.3 msec : 4
26.4 msec : 3
26.5 msec : 1
26.6 msec : 4
26.7 msec : 1
26.8 msec : 0
26.9 msec : 0
27.0 msec : 4
27.1 msec : 2
27.2 msec : 0
27.3 msec : 0
27.4 msec : 0
27.5 msec : 0
27.6 msec : 0
27.7 msec : 1
27.8 msec : 1
27.9 msec : 0
28.0 msec : 2
28.1 msec : 2
28.2 msec : 2
28.3 msec : 0
28.4 msec : 0
28.5 msec : 0
28.6 msec : 0
28.7 msec : 0
28.8 msec : 2
28.9 msec : 0
29.0 msec : 1
29.1 msec : 1
29.2 msec : 0
29.3 msec : 0
29.4 msec : 1
29.5 msec : 0
29.6 msec : 0
29.7 msec : 0
29.8 msec : 1
29.9 msec : 0
30.0 msec : 0
30.1 msec : 0
30.2 msec : 0
30.3 msec : 0
30.4 msec : 0
30.5 msec : 0
30.6 msec : 1
30.7 msec : 0
30.8 msec : 0
30.9 msec : 2
31.0 msec : 0
31.1 msec : 0
31.2 msec : 0
31.3 msec : 0
31.4 msec : 0
31.5 msec : 0
31.6 msec : 0
31.7 msec : 0
31.8 msec : 0
31.9 msec : 0
32.0 msec : 0
32.1 msec : 0
32.2 msec : 0
32.3 msec : 0
32.4 msec : 0
32.5 msec : 0
32.6 msec : 0
32.7 msec : 0
32.8 msec : 0
32.9 msec : 0
33.0 msec : 0
33.1 msec : 0
33.2 msec : 0
33.3 msec : 0
33.4 msec : 0
33.5 msec : 0
33.6 msec : 0
33.7 msec : 0
33.8 msec : 0
33.9 msec : 0
34.0 msec : 1
34.1 msec : 1
34.2 msec : 0
34.3 msec : 0
34.4 msec : 0
34.5 msec : 0
34.6 msec : 0
34.7 msec : 0
34.8 msec : 0
34.9 msec : 0
35.0 msec : 0
35.1 msec : 0
35.2 msec : 0
35.3 msec : 0
35.4 msec : 0
35.5 msec : 0
35.6 msec : 0
35.7 msec : 0
35.8 msec : 0
35.9 msec : 0
36.0 msec : 0
36.1 msec : 0
36.2 msec : 1
36.3 msec : 2
36.4 msec : 1
36.5 msec : 1
36.6 msec : 0
36.7 msec : 0
36.8 msec : 0
36.9 msec : 0
37.0 msec : 0
37.1 msec : 0
37.2 msec : 0
37.3 msec : 0
37.4 msec : 0
37.5 msec : 0
37.6 msec : 0
37.7 msec : 0
37.8 msec : 0
37.9 msec : 0
38.0 msec : 0
38.1 msec : 0
38.2 msec : 0
38.3 msec : 0
38.4 msec : 0
38.5 msec : 0
38.6 msec : 0
38.7 msec : 0
38.8 msec : 0
38.9 msec : 0
39.0 msec : 0
39.1 msec : 0
39.2 msec : 1
39.3 msec : 0
39.4 msec : 1
39.5 msec : 0
39.6 msec : 0
39.7 msec : 0
39.8 msec : 0
39.9 msec : 0
40.0 msec : 0
40.1 msec : 0
40.2 msec : 0
40.3 msec : 1
40.4 msec : 0
40.5 msec : 0
40.6 msec : 0
40.7 msec : 0
40.8 msec : 0
40.9 msec : 0
41.0 msec : 0
41.1 msec : 0
41.2 msec : 0
41.3 msec : 0
41.4 msec : 0
41.5 msec : 0
41.6 msec : 0
41.7 msec : 1
41.8 msec : 0
41.9 msec : 0
42.0 msec : 0
42.1 msec : 0
42.2 msec : 0
42.3 msec : 0
42.4 msec : 0
42.5 msec : 0
42.6 msec : 0
42.7 msec : 0
42.8 msec : 0
42.9 msec : 0
43.0 msec : 0
43.1 msec : 0
43.2 msec : 0
43.3 msec : 0
43.4 msec : 0
43.5 msec : 0
43.6 msec : 0
43.7 msec : 0
43.8 msec : 0
43.9 msec : 0
44.0 msec : 0
44.1 msec : 0
44.2 msec : 0
44.3 msec : 0
44.4 msec : 0
44.5 msec : 0
44.6 msec : 0
44.7 msec : 0
44.8 msec : 0
44.9 msec : 1
45.0 msec : 0
45.1 msec : 0
45.2 msec : 0
45.3 msec : 0
45.4 msec : 0
45.5 msec : 0
45.6 msec : 0
45.7 msec : 2
45.8 msec : 2
45.9 msec : 0
46.0 msec : 0
46.1 msec : 0
46.2 msec : 0
46.3 msec : 0
46.4 msec : 0
46.5 msec : 0
46.6 msec : 0
46.7 msec : 0
46.8 msec : 0
46.9 msec : 0
47.0 msec : 0
47.1 msec : 0
47.2 msec : 0
47.3 msec : 0
47.4 msec : 0
47.5 msec : 0
47.6 msec : 0
47.7 msec : 0
47.8 msec : 0
47.9 msec : 0
48.0 msec : 0
48.1 msec : 0
48.2 msec : 0
48.3 msec : 0
48.4 msec : 0
48.5 msec : 0
48.6 msec : 0
48.7 msec : 0
48.8 msec : 0
48.9 msec : 0
49.0 msec : 0
49.1 msec : 0
49.2 msec : 0
49.3 msec : 0
49.4 msec : 1
49.5 msec : 0
49.6 msec : 0
49.7 msec : 0
49.8 msec : 0
49.9 msec : 0
50.0 msec : 0
50.1 msec : 0
50.2 msec : 0
50.3 msec : 0
50.4 msec : 0
50.5 msec : 0
50.6 msec : 0
50.7 msec : 0
50.8 msec : 0
50.9 msec : 0
51.0 msec : 0
51.1 msec : 0
51.2 msec : 2
51.3 msec : 1
51.4 msec : 0
51.5 msec : 0
51.6 msec : 0
51.7 msec : 0
51.8 msec : 1
51.9 msec : 1
52.0 msec : 4
52.1 msec : 1
52.2 msec : 0
52.3 msec : 0
52.4 msec : 0
52.5 msec : 0
52.6 msec : 0
52.7 msec : 0
52.8 msec : 0
52.9 msec : 0
53.0 msec : 0
53.1 msec : 0
53.2 msec : 0
53.3 msec : 0
53.4 msec : 0
53.5 msec : 0
53.6 msec : 0
53.7 msec : 0
53.8 msec : 0
53.9 msec : 0
54.0 msec : 0
54.1 msec : 0
54.2 msec : 0
54.3 msec : 0
54.4 msec : 0
54.5 msec : 1
54.6 msec : 0
54.7 msec : 0
54.8 msec : 0
54.9 msec : 0
55.0 msec : 0
55.1 msec : 0
55.2 msec : 0
55.3 msec : 0
55.4 msec : 0
55.5 msec : 0
55.6 msec : 0
55.7 msec : 0
55.8 msec : 0
55.9 msec : 0
56.0 msec : 0
56.1 msec : 0
56.2 msec : 0
56.3 msec : 0
56.4 msec : 0
56.5 msec : 0
56.6 msec : 0
56.7 msec : 0
56.8 msec : 0
56.9 msec : 0
57.0 msec : 0
57.1 msec : 0
57.2 msec : 0
57.3 msec : 0
57.4 msec : 0
57.5 msec : 0
57.6 msec : 0
57.7 msec : 0
57.8 msec : 0
57.9 msec : 0
58.0 msec : 0
58.1 msec : 0
58.2 msec : 0
58.3 msec : 0
58.4 msec : 0
58.5 msec : 0
58.6 msec : 0
58.7 msec : 0
58.8 msec : 0
58.9 msec : 0
59.0 msec : 0
59.1 msec : 0
59.2 msec : 0
59.3 msec : 0
59.4 msec : 0
59.5 msec : 0
59.6 msec : 0
59.7 msec : 0
59.8 msec : 0
59.9 msec : 0
60.0 msec : 0
60.1 msec : 0
60.2 msec : 0
60.3 msec : 0
60.4 msec : 0
60.5 msec : 0
60.6 msec : 0
60.7 msec : 0
60.8 msec : 0
60.9 msec : 0
61.0 msec : 0
61.1 msec : 0
61.2 msec : 0
61.3 msec : 0
61.4 msec : 0
61.5 msec : 0
61.6 msec : 0
61.7 msec : 0
61.8 msec : 0
61.9 msec : 0
62.0 msec : 0
62.1 msec : 0
62.2 msec : 0
62.3 msec : 0
62.4 msec : 0
62.5 msec : 0
62.6 msec : 0
62.7 msec : 0
62.8 msec : 0
62.9 msec : 0
63.0 msec : 0
63.1 msec : 0
63.2 msec : 0
63.3 msec : 0
63.4 msec : 0
63.5 msec : 0
63.6 msec : 0
63.7 msec : 0
63.8 msec : 0
63.9 msec : 2
64.0 msec : 1
64.1 msec : 1
64.2 msec : 0
64.3 msec : 0
64.4 msec : 0
64.5 msec : 0
64.6 msec : 0
64.7 msec : 0
64.8 msec : 0
64.9 msec : 0
65.0 msec : 0
65.1 msec : 0
65.2 msec : 0
65.3 msec : 0
65.4 msec : 0
65.5 msec : 0
65.6 msec : 0
65.7 msec : 0
65.8 msec : 0
65.9 msec : 0
66.0 msec : 0
66.1 msec : 0
66.2 msec : 0
66.3 msec : 0
66.4 msec : 0
66.5 msec : 0
66.6 msec : 0
66.7 msec : 0
66.8 msec : 0
66.9 msec : 0
67.0 msec : 0
67.1 msec : 0
67.2 msec : 0
67.3 msec : 0
67.4 msec : 0
67.5 msec : 0
67.6 msec : 0
67.7 msec : 0
67.8 msec : 0
67.9 msec : 0
68.0 msec : 0
68.1 msec : 0
68.2 msec : 0
68.3 msec : 0
68.4 msec : 0
68.5 msec : 0
68.6 msec : 0
68.7 msec : 0
68.8 msec : 0
68.9 msec : 0
69.0 msec : 0
69.1 msec : 0
69.2 msec : 0
69.3 msec : 0
69.4 msec : 0
69.5 msec : 0
69.6 msec : 1
69.7 msec : 0
69.8 msec : 0
69.9 msec : 1
