Middleware started...
Middleware shuts down...
Smaller resolution statistics are in a log file...
Final aggregates per worker:


Worker 7
Average throughput (ops/sec) = 333
Average response time (msec) = 0.8719526885245901
Average queue length = 0
Average wait time in queue (msec) = 0.11116929508196721
Average service time (msec) = 0.6861423770491804
Number of SET = 0
Number of GET = 333
Number of MULTI GET = 0


Worker 6
Average throughput (ops/sec) = 340
Average response time (msec) = 0.8497852131147541
Average queue length = 0
Average wait time in queue (msec) = 0.10824703278688524
Average service time (msec) = 0.6707679672131147
Number of SET = 0
Number of GET = 340
Number of MULTI GET = 0


Worker 8
Average throughput (ops/sec) = 336
Average response time (msec) = 0.8495790655737704
Average queue length = 0
Average wait time in queue (msec) = 0.11222096721311475
Average service time (msec) = 0.6605747049180327
Number of SET = 0
Number of GET = 336
Number of MULTI GET = 0


Worker 3
Average throughput (ops/sec) = 332
Average response time (msec) = 0.8758616721311476
Average queue length = 0
Average wait time in queue (msec) = 0.11619108196721312
Average service time (msec) = 0.6860167704918033
Number of SET = 0
Number of GET = 332
Number of MULTI GET = 0


Worker 2
Average throughput (ops/sec) = 339
Average response time (msec) = 0.8557739344262295
Average queue length = 0
Average wait time in queue (msec) = 0.10790113114754099
Average service time (msec) = 0.6737425573770492
Number of SET = 0
Number of GET = 339
Number of MULTI GET = 0


Worker 5
Average throughput (ops/sec) = 333
Average response time (msec) = 0.8730543770491803
Average queue length = 0
Average wait time in queue (msec) = 0.11087760655737705
Average service time (msec) = 0.6820913934426229
Number of SET = 0
Number of GET = 333
Number of MULTI GET = 0


Worker 4
Average throughput (ops/sec) = 337
Average response time (msec) = 0.864102868852459
Average queue length = 0
Average wait time in queue (msec) = 0.1059414262295082
Average service time (msec) = 0.6810105737704918
Number of SET = 0
Number of GET = 337
Number of MULTI GET = 0


Worker 1
Average throughput (ops/sec) = 337
Average response time (msec) = 0.8477392131147541
Average queue length = 0
Average wait time in queue (msec) = 0.1079715737704918
Average service time (msec) = 0.6699544262295083
Number of SET = 0
Number of GET = 337
Number of MULTI GET = 0


FINAL STATS
Average throughput (ops/sec) = 2687
Average response time (msec) = 0.8380318828395806
Average queue length = 0
Average wait time in queue (msec) = 0.11006501434426229
Average service time (msec) = 0.6762875963114754
Number of SET = 0
Number of GET = 2687
Number of MULTI GET = 0
Number of Cache misses = 0
Arrival rate (lambda) = [0, 0, 0, 0, 0, 256, 1801, 2350, 2473, 2707, 2751, 2647, 2696, 2573, 2603, 2578, 2714, 2600, 2737, 2682, 2838, 2760, 2717, 2738, 2584, 2938, 2516, 2942, 2735, 2616, 2790, 2838, 2959, 2847, 2722, 2816, 2786, 2755, 2786, 2931, 3057, 2867, 3008, 2620, 2546, 2529, 2841, 2754, 2751, 2866, 2770, 2751, 2670, 2810, 2886, 2777, 2789, 2727, 2791, 2895, 2736, 2837, 2544, 3033, 3148, 2366, 5]


Histogram response times (0.1 msec step)
0.0 msec : 2054
0.1 msec : 15161
0.2 msec : 28890
0.3 msec : 33300
0.4 msec : 29688
0.5 msec : 20880
0.6 msec : 12102
0.7 msec : 6276
0.8 msec : 3451
0.9 msec : 2219
1.0 msec : 1589
1.1 msec : 1133
1.2 msec : 889
1.3 msec : 640
1.4 msec : 554
1.5 msec : 441
1.6 msec : 373
1.7 msec : 287
1.8 msec : 277
1.9 msec : 254
2.0 msec : 187
2.1 msec : 155
2.2 msec : 141
2.3 msec : 130
2.4 msec : 130
2.5 msec : 130
2.6 msec : 104
2.7 msec : 109
2.8 msec : 73
2.9 msec : 67
3.0 msec : 89
3.1 msec : 59
3.2 msec : 58
3.3 msec : 46
3.4 msec : 50
3.5 msec : 55
3.6 msec : 43
3.7 msec : 42
3.8 msec : 59
3.9 msec : 43
4.0 msec : 51
4.1 msec : 60
4.2 msec : 47
4.3 msec : 41
4.4 msec : 28
4.5 msec : 22
4.6 msec : 17
4.7 msec : 18
4.8 msec : 30
4.9 msec : 24
5.0 msec : 21
5.1 msec : 14
5.2 msec : 16
5.3 msec : 33
5.4 msec : 37
5.5 msec : 72
5.6 msec : 141
5.7 msec : 143
5.8 msec : 149
5.9 msec : 139
6.0 msec : 161
6.1 msec : 137
6.2 msec : 87
6.3 msec : 77
6.4 msec : 54
6.5 msec : 35
6.6 msec : 16
6.7 msec : 23
6.8 msec : 14
6.9 msec : 13
7.0 msec : 17
7.1 msec : 12
7.2 msec : 9
7.3 msec : 11
7.4 msec : 15
7.5 msec : 14
7.6 msec : 8
7.7 msec : 7
7.8 msec : 15
7.9 msec : 3
8.0 msec : 7
8.1 msec : 5
8.2 msec : 3
8.3 msec : 5
8.4 msec : 2
8.5 msec : 3
8.6 msec : 3
8.7 msec : 1
8.8 msec : 0
8.9 msec : 1
9.0 msec : 3
9.1 msec : 1
9.2 msec : 2
9.3 msec : 3
9.4 msec : 6
9.5 msec : 4
9.6 msec : 0
9.7 msec : 3
9.8 msec : 2
9.9 msec : 4
10.0 msec : 1
10.1 msec : 2
10.2 msec : 2
10.3 msec : 1
10.4 msec : 1
10.5 msec : 0
10.6 msec : 0
10.7 msec : 0
10.8 msec : 1
10.9 msec : 0
11.0 msec : 1
11.1 msec : 0
11.2 msec : 0
11.3 msec : 0
11.4 msec : 0
11.5 msec : 0
11.6 msec : 0
11.7 msec : 0
11.8 msec : 0
11.9 msec : 0
12.0 msec : 0
12.1 msec : 2
12.2 msec : 4
12.3 msec : 0
12.4 msec : 0
12.5 msec : 0
12.6 msec : 1
12.7 msec : 0
12.8 msec : 2
12.9 msec : 1
13.0 msec : 0
13.1 msec : 0
13.2 msec : 0
13.3 msec : 0
13.4 msec : 0
13.5 msec : 0
13.6 msec : 0
13.7 msec : 2
13.8 msec : 0
13.9 msec : 0
14.0 msec : 0
14.1 msec : 1
14.2 msec : 0
14.3 msec : 0
14.4 msec : 0
14.5 msec : 0
14.6 msec : 0
14.7 msec : 0
14.8 msec : 0
14.9 msec : 0
15.0 msec : 0
15.1 msec : 0
15.2 msec : 0
15.3 msec : 2
15.4 msec : 1
15.5 msec : 0
15.6 msec : 1
15.7 msec : 0
15.8 msec : 0
15.9 msec : 0
16.0 msec : 0
16.1 msec : 0
16.2 msec : 0
16.3 msec : 4
16.4 msec : 1
16.5 msec : 0
16.6 msec : 0
16.7 msec : 0
16.8 msec : 0
16.9 msec : 0
17.0 msec : 0
17.1 msec : 0
17.2 msec : 0
17.3 msec : 0
17.4 msec : 0
17.5 msec : 0
17.6 msec : 1
17.7 msec : 0
17.8 msec : 0
17.9 msec : 0
18.0 msec : 0
18.1 msec : 0
18.2 msec : 0
18.3 msec : 0
18.4 msec : 0
18.5 msec : 0
18.6 msec : 0
18.7 msec : 0
18.8 msec : 0
18.9 msec : 0
19.0 msec : 0
19.1 msec : 0
19.2 msec : 0
19.3 msec : 0
19.4 msec : 0
19.5 msec : 0
19.6 msec : 0
19.7 msec : 0
19.8 msec : 0
19.9 msec : 0
20.0 msec : 0
20.1 msec : 0
20.2 msec : 0
20.3 msec : 0
20.4 msec : 0
20.5 msec : 0
20.6 msec : 0
20.7 msec : 0
20.8 msec : 0
20.9 msec : 0
21.0 msec : 0
21.1 msec : 0
21.2 msec : 0
21.3 msec : 0
21.4 msec : 0
21.5 msec : 0
21.6 msec : 0
21.7 msec : 0
21.8 msec : 0
21.9 msec : 0
22.0 msec : 0
22.1 msec : 0
22.2 msec : 0
22.3 msec : 0
22.4 msec : 0
22.5 msec : 0
22.6 msec : 0
22.7 msec : 0
22.8 msec : 0
22.9 msec : 0
23.0 msec : 0
23.1 msec : 0
23.2 msec : 0
23.3 msec : 0
23.4 msec : 0
23.5 msec : 0
23.6 msec : 0
23.7 msec : 0
23.8 msec : 0
23.9 msec : 0
24.0 msec : 0
24.1 msec : 0
24.2 msec : 0
24.3 msec : 0
24.4 msec : 0
24.5 msec : 0
24.6 msec : 1
24.7 msec : 0
24.8 msec : 0
24.9 msec : 0
25.0 msec : 0
25.1 msec : 0
25.2 msec : 0
25.3 msec : 0
25.4 msec : 0
25.5 msec : 0
25.6 msec : 0
25.7 msec : 0
25.8 msec : 0
25.9 msec : 0
26.0 msec : 0
26.1 msec : 0
26.2 msec : 0
26.3 msec : 0
26.4 msec : 0
26.5 msec : 0
26.6 msec : 0
26.7 msec : 0
26.8 msec : 0
26.9 msec : 0
27.0 msec : 0
27.1 msec : 0
27.2 msec : 0
27.3 msec : 0
27.4 msec : 0
27.5 msec : 0
27.6 msec : 0
27.7 msec : 0
27.8 msec : 0
27.9 msec : 0
28.0 msec : 0
28.1 msec : 0
28.2 msec : 0
28.3 msec : 0
28.4 msec : 0
28.5 msec : 0
28.6 msec : 0
28.7 msec : 0
28.8 msec : 0
28.9 msec : 0
29.0 msec : 0
29.1 msec : 0
29.2 msec : 0
29.3 msec : 0
29.4 msec : 0
29.5 msec : 0
29.6 msec : 0
29.7 msec : 0
29.8 msec : 0
29.9 msec : 0
30.0 msec : 0
30.1 msec : 0
30.2 msec : 0
30.3 msec : 0
30.4 msec : 0
30.5 msec : 0
30.6 msec : 0
30.7 msec : 0
30.8 msec : 0
30.9 msec : 0
31.0 msec : 0
31.1 msec : 0
31.2 msec : 0
31.3 msec : 0
31.4 msec : 0
31.5 msec : 0
31.6 msec : 0
31.7 msec : 0
31.8 msec : 0
31.9 msec : 0
32.0 msec : 0
32.1 msec : 0
32.2 msec : 0
32.3 msec : 0
32.4 msec : 0
32.5 msec : 0
32.6 msec : 0
32.7 msec : 0
32.8 msec : 0
32.9 msec : 0
33.0 msec : 0
33.1 msec : 0
33.2 msec : 0
33.3 msec : 0
33.4 msec : 0
33.5 msec : 0
33.6 msec : 0
33.7 msec : 0
33.8 msec : 0
33.9 msec : 0
34.0 msec : 0
34.1 msec : 0
34.2 msec : 0
34.3 msec : 0
34.4 msec : 0
34.5 msec : 0
34.6 msec : 0
34.7 msec : 0
34.8 msec : 0
34.9 msec : 0
35.0 msec : 0
35.1 msec : 0
35.2 msec : 0
35.3 msec : 0
35.4 msec : 0
35.5 msec : 0
35.6 msec : 0
35.7 msec : 0
35.8 msec : 0
35.9 msec : 0
36.0 msec : 0
36.1 msec : 0
36.2 msec : 0
36.3 msec : 0
36.4 msec : 0
36.5 msec : 0
36.6 msec : 0
36.7 msec : 0
36.8 msec : 0
36.9 msec : 0
37.0 msec : 0
37.1 msec : 0
37.2 msec : 0
37.3 msec : 0
37.4 msec : 0
37.5 msec : 0
37.6 msec : 0
37.7 msec : 0
37.8 msec : 0
37.9 msec : 0
38.0 msec : 0
38.1 msec : 0
38.2 msec : 0
38.3 msec : 0
38.4 msec : 0
38.5 msec : 0
38.6 msec : 0
38.7 msec : 0
38.8 msec : 0
38.9 msec : 0
39.0 msec : 0
39.1 msec : 0
39.2 msec : 0
39.3 msec : 0
39.4 msec : 0
39.5 msec : 0
39.6 msec : 0
39.7 msec : 0
39.8 msec : 0
39.9 msec : 0
40.0 msec : 0
40.1 msec : 0
40.2 msec : 0
40.3 msec : 0
40.4 msec : 0
40.5 msec : 0
40.6 msec : 0
40.7 msec : 0
40.8 msec : 0
40.9 msec : 0
41.0 msec : 0
41.1 msec : 0
41.2 msec : 0
41.3 msec : 0
41.4 msec : 0
41.5 msec : 0
41.6 msec : 0
41.7 msec : 0
41.8 msec : 0
41.9 msec : 0
42.0 msec : 0
42.1 msec : 0
42.2 msec : 0
42.3 msec : 0
42.4 msec : 0
42.5 msec : 0
42.6 msec : 0
42.7 msec : 0
42.8 msec : 0
42.9 msec : 0
43.0 msec : 0
43.1 msec : 0
43.2 msec : 0
43.3 msec : 0
43.4 msec : 0
43.5 msec : 0
43.6 msec : 0
43.7 msec : 0
43.8 msec : 0
43.9 msec : 0
44.0 msec : 0
44.1 msec : 0
44.2 msec : 0
44.3 msec : 0
44.4 msec : 0
44.5 msec : 0
44.6 msec : 0
44.7 msec : 0
44.8 msec : 0
44.9 msec : 0
45.0 msec : 0
45.1 msec : 0
45.2 msec : 0
45.3 msec : 0
45.4 msec : 0
45.5 msec : 0
45.6 msec : 0
45.7 msec : 0
45.8 msec : 0
45.9 msec : 0
46.0 msec : 0
46.1 msec : 0
46.2 msec : 0
46.3 msec : 0
46.4 msec : 0
46.5 msec : 0
46.6 msec : 0
46.7 msec : 0
46.8 msec : 0
46.9 msec : 0
47.0 msec : 0
47.1 msec : 0
47.2 msec : 0
47.3 msec : 0
47.4 msec : 0
47.5 msec : 0
47.6 msec : 0
47.7 msec : 0
47.8 msec : 0
47.9 msec : 0
48.0 msec : 0
48.1 msec : 0
48.2 msec : 0
48.3 msec : 0
48.4 msec : 0
48.5 msec : 0
48.6 msec : 0
48.7 msec : 0
48.8 msec : 0
48.9 msec : 0
49.0 msec : 0
49.1 msec : 0
49.2 msec : 0
49.3 msec : 0
49.4 msec : 0
49.5 msec : 0
49.6 msec : 0
49.7 msec : 0
49.8 msec : 0
49.9 msec : 0
50.0 msec : 0
50.1 msec : 0
50.2 msec : 0
50.3 msec : 0
50.4 msec : 0
50.5 msec : 0
50.6 msec : 0
50.7 msec : 0
50.8 msec : 0
50.9 msec : 0
51.0 msec : 0
51.1 msec : 0
51.2 msec : 0
51.3 msec : 0
51.4 msec : 0
51.5 msec : 0
51.6 msec : 0
51.7 msec : 0
51.8 msec : 0
51.9 msec : 0
52.0 msec : 0
52.1 msec : 0
52.2 msec : 0
52.3 msec : 0
52.4 msec : 0
52.5 msec : 0
52.6 msec : 0
52.7 msec : 0
52.8 msec : 0
52.9 msec : 0
53.0 msec : 0
53.1 msec : 0
53.2 msec : 0
53.3 msec : 0
53.4 msec : 0
53.5 msec : 0
53.6 msec : 0
53.7 msec : 0
53.8 msec : 0
53.9 msec : 0
54.0 msec : 0
54.1 msec : 0
54.2 msec : 0
54.3 msec : 0
54.4 msec : 0
54.5 msec : 0
54.6 msec : 0
54.7 msec : 0
54.8 msec : 0
54.9 msec : 0
55.0 msec : 0
55.1 msec : 0
55.2 msec : 0
55.3 msec : 0
55.4 msec : 0
55.5 msec : 0
55.6 msec : 0
55.7 msec : 0
55.8 msec : 0
55.9 msec : 0
56.0 msec : 0
56.1 msec : 0
56.2 msec : 0
56.3 msec : 0
56.4 msec : 0
56.5 msec : 0
56.6 msec : 0
56.7 msec : 0
56.8 msec : 0
56.9 msec : 0
57.0 msec : 0
57.1 msec : 0
57.2 msec : 0
57.3 msec : 0
57.4 msec : 0
57.5 msec : 0
57.6 msec : 0
57.7 msec : 0
57.8 msec : 0
57.9 msec : 0
58.0 msec : 0
