Middleware started...
Middleware shuts down...
Smaller resolution statistics are in a log file...
Final aggregates per worker:


Worker 7
Average throughput (ops/sec) = 637
Average response time (msec) = 2.535218366666667
Average queue length = 6
Average wait time in queue (msec) = 1.2903347166666665
Average service time (msec) = 1.1352565666666667
Number of SET = 0
Number of GET = 637
Number of MULTI GET = 0


Worker 6
Average throughput (ops/sec) = 640
Average response time (msec) = 2.5376851166666667
Average queue length = 6
Average wait time in queue (msec) = 1.2957370333333333
Average service time (msec) = 1.1344739666666666
Number of SET = 0
Number of GET = 640
Number of MULTI GET = 0


Worker 8
Average throughput (ops/sec) = 636
Average response time (msec) = 2.5422251333333334
Average queue length = 5
Average wait time in queue (msec) = 1.2941305833333332
Average service time (msec) = 1.1407893
Number of SET = 0
Number of GET = 636
Number of MULTI GET = 0


Worker 3
Average throughput (ops/sec) = 642
Average response time (msec) = 2.5417107000000003
Average queue length = 6
Average wait time in queue (msec) = 1.3034503666666668
Average service time (msec) = 1.13527225
Number of SET = 0
Number of GET = 642
Number of MULTI GET = 0


Worker 2
Average throughput (ops/sec) = 638
Average response time (msec) = 2.5431004833333333
Average queue length = 6
Average wait time in queue (msec) = 1.2922797
Average service time (msec) = 1.1422297333333333
Number of SET = 0
Number of GET = 638
Number of MULTI GET = 0


Worker 5
Average throughput (ops/sec) = 640
Average response time (msec) = 2.5289226333333334
Average queue length = 6
Average wait time in queue (msec) = 1.28616835
Average service time (msec) = 1.1349379
Number of SET = 0
Number of GET = 640
Number of MULTI GET = 0


Worker 4
Average throughput (ops/sec) = 638
Average response time (msec) = 2.54461585
Average queue length = 5
Average wait time in queue (msec) = 1.2965943
Average service time (msec) = 1.1408577666666666
Number of SET = 0
Number of GET = 638
Number of MULTI GET = 0


Worker 1
Average throughput (ops/sec) = 640
Average response time (msec) = 2.5493834
Average queue length = 5
Average wait time in queue (msec) = 1.30484485
Average service time (msec) = 1.1372118166666667
Number of SET = 0
Number of GET = 640
Number of MULTI GET = 0


FINAL STATS
Average throughput (ops/sec) = 5111
Average response time (msec) = 2.5176661044179323
Average queue length = 5
Average wait time in queue (msec) = 1.2954424875000001
Average service time (msec) = 1.1376286625
Number of SET = 0
Number of GET = 5111
Number of MULTI GET = 0
Number of Cache misses = 0
Arrival rate (lambda) = [0, 0, 0, 0, 0, 2, 3375, 5005, 5069, 5733, 5013, 5659, 5386, 5321, 5258, 4249, 5590, 5534, 5049, 5525, 5652, 5580, 5435, 5280, 5299, 5733, 5424, 5279, 5731, 5079, 5474, 5377, 5298, 5407, 5584, 5530, 5571, 5166, 5072, 4843, 4673, 4742, 5473, 4823, 5456, 4699, 4876, 5006, 4716, 5100, 4822, 4714, 5097, 5000, 5047, 4462, 4746, 4606, 4806, 4903, 5268, 4979, 4945, 4868, 4381, 5073, 25, 0]


Histogram response times (0.1 msec step)
0.0 msec : 122
0.1 msec : 839
0.2 msec : 2559
0.3 msec : 4810
0.4 msec : 7099
0.5 msec : 9445
0.6 msec : 11152
0.7 msec : 12982
0.8 msec : 14399
0.9 msec : 15882
1.0 msec : 16623
1.1 msec : 17338
1.2 msec : 16983
1.3 msec : 16835
1.4 msec : 15652
1.5 msec : 14543
1.6 msec : 13038
1.7 msec : 11407
1.8 msec : 9921
1.9 msec : 8553
2.0 msec : 6926
2.1 msec : 5983
2.2 msec : 5086
2.3 msec : 4111
2.4 msec : 3622
2.5 msec : 3053
2.6 msec : 2626
2.7 msec : 2232
2.8 msec : 1999
2.9 msec : 1672
3.0 msec : 1456
3.1 msec : 1147
3.2 msec : 1092
3.3 msec : 930
3.4 msec : 739
3.5 msec : 617
3.6 msec : 564
3.7 msec : 616
3.8 msec : 537
3.9 msec : 487
4.0 msec : 475
4.1 msec : 356
4.2 msec : 379
4.3 msec : 333
4.4 msec : 378
4.5 msec : 360
4.6 msec : 356
4.7 msec : 311
4.8 msec : 259
4.9 msec : 259
5.0 msec : 246
5.1 msec : 218
5.2 msec : 237
5.3 msec : 248
5.4 msec : 227
5.5 msec : 259
5.6 msec : 303
5.7 msec : 377
5.8 msec : 464
5.9 msec : 546
6.0 msec : 667
6.1 msec : 950
6.2 msec : 1178
6.3 msec : 1422
6.4 msec : 1752
6.5 msec : 1894
6.6 msec : 2138
6.7 msec : 2223
6.8 msec : 2198
6.9 msec : 2174
7.0 msec : 2029
7.1 msec : 1903
7.2 msec : 1660
7.3 msec : 1445
7.4 msec : 1306
7.5 msec : 1103
7.6 msec : 937
7.7 msec : 783
7.8 msec : 750
7.9 msec : 605
8.0 msec : 456
8.1 msec : 360
8.2 msec : 335
8.3 msec : 286
8.4 msec : 230
8.5 msec : 187
8.6 msec : 210
8.7 msec : 177
8.8 msec : 158
8.9 msec : 116
9.0 msec : 111
9.1 msec : 110
9.2 msec : 111
9.3 msec : 123
9.4 msec : 79
9.5 msec : 79
9.6 msec : 80
9.7 msec : 72
9.8 msec : 93
9.9 msec : 78
10.0 msec : 68
10.1 msec : 77
10.2 msec : 88
10.3 msec : 88
10.4 msec : 69
10.5 msec : 46
10.6 msec : 41
10.7 msec : 30
10.8 msec : 45
10.9 msec : 41
11.0 msec : 34
11.1 msec : 51
11.2 msec : 32
11.3 msec : 19
11.4 msec : 20
11.5 msec : 37
11.6 msec : 28
11.7 msec : 28
11.8 msec : 24
11.9 msec : 36
12.0 msec : 26
12.1 msec : 16
12.2 msec : 26
12.3 msec : 21
12.4 msec : 19
12.5 msec : 30
12.6 msec : 25
12.7 msec : 36
12.8 msec : 27
12.9 msec : 12
13.0 msec : 21
13.1 msec : 21
13.2 msec : 18
13.3 msec : 15
13.4 msec : 13
13.5 msec : 15
13.6 msec : 22
13.7 msec : 19
13.8 msec : 13
13.9 msec : 31
14.0 msec : 23
14.1 msec : 20
14.2 msec : 20
14.3 msec : 20
14.4 msec : 15
14.5 msec : 22
14.6 msec : 12
14.7 msec : 14
14.8 msec : 9
14.9 msec : 13
15.0 msec : 6
15.1 msec : 5
15.2 msec : 6
15.3 msec : 9
15.4 msec : 8
15.5 msec : 7
15.6 msec : 4
15.7 msec : 7
15.8 msec : 9
15.9 msec : 9
16.0 msec : 8
16.1 msec : 7
16.2 msec : 18
16.3 msec : 12
16.4 msec : 4
16.5 msec : 10
16.6 msec : 7
16.7 msec : 8
16.8 msec : 6
16.9 msec : 16
17.0 msec : 14
17.1 msec : 14
17.2 msec : 8
17.3 msec : 4
17.4 msec : 8
17.5 msec : 9
17.6 msec : 4
17.7 msec : 3
17.8 msec : 5
17.9 msec : 1
18.0 msec : 9
18.1 msec : 7
18.2 msec : 2
18.3 msec : 0
18.4 msec : 2
18.5 msec : 5
18.6 msec : 0
18.7 msec : 3
18.8 msec : 1
18.9 msec : 3
19.0 msec : 5
19.1 msec : 7
19.2 msec : 4
19.3 msec : 1
19.4 msec : 1
19.5 msec : 2
19.6 msec : 1
19.7 msec : 2
19.8 msec : 2
19.9 msec : 12
20.0 msec : 8
20.1 msec : 5
20.2 msec : 0
20.3 msec : 0
20.4 msec : 3
20.5 msec : 3
20.6 msec : 0
20.7 msec : 3
20.8 msec : 3
20.9 msec : 1
21.0 msec : 0
21.1 msec : 2
21.2 msec : 0
21.3 msec : 1
21.4 msec : 1
21.5 msec : 0
21.6 msec : 0
21.7 msec : 0
21.8 msec : 1
21.9 msec : 0
22.0 msec : 0
22.1 msec : 1
22.2 msec : 0
22.3 msec : 0
22.4 msec : 0
22.5 msec : 0
22.6 msec : 0
22.7 msec : 0
22.8 msec : 1
22.9 msec : 0
23.0 msec : 1
23.1 msec : 1
23.2 msec : 1
23.3 msec : 0
23.4 msec : 0
23.5 msec : 0
23.6 msec : 0
23.7 msec : 0
23.8 msec : 0
23.9 msec : 0
24.0 msec : 1
24.1 msec : 2
24.2 msec : 1
24.3 msec : 1
24.4 msec : 1
24.5 msec : 2
24.6 msec : 1
24.7 msec : 1
24.8 msec : 3
24.9 msec : 4
25.0 msec : 1
25.1 msec : 1
25.2 msec : 0
25.3 msec : 2
25.4 msec : 3
25.5 msec : 1
25.6 msec : 7
25.7 msec : 1
25.8 msec : 6
25.9 msec : 10
26.0 msec : 2
26.1 msec : 5
26.2 msec : 6
26.3 msec : 7
26.4 msec : 3
26.5 msec : 9
26.6 msec : 4
26.7 msec : 0
26.8 msec : 7
26.9 msec : 7
27.0 msec : 4
27.1 msec : 2
27.2 msec : 0
27.3 msec : 0
27.4 msec : 1
27.5 msec : 1
27.6 msec : 0
27.7 msec : 1
27.8 msec : 2
27.9 msec : 0
28.0 msec : 0
28.1 msec : 0
28.2 msec : 0
28.3 msec : 0
28.4 msec : 0
28.5 msec : 0
28.6 msec : 0
28.7 msec : 0
28.8 msec : 0
28.9 msec : 0
29.0 msec : 0
29.1 msec : 0
29.2 msec : 0
29.3 msec : 0
29.4 msec : 0
29.5 msec : 0
29.6 msec : 0
29.7 msec : 0
29.8 msec : 0
29.9 msec : 0
30.0 msec : 0
30.1 msec : 0
30.2 msec : 0
30.3 msec : 0
30.4 msec : 0
30.5 msec : 1
30.6 msec : 0
30.7 msec : 0
30.8 msec : 0
30.9 msec : 0
31.0 msec : 0
31.1 msec : 2
31.2 msec : 2
31.3 msec : 1
31.4 msec : 1
31.5 msec : 1
31.6 msec : 1
31.7 msec : 0
31.8 msec : 0
31.9 msec : 0
32.0 msec : 1
32.1 msec : 0
32.2 msec : 0
32.3 msec : 1
32.4 msec : 0
32.5 msec : 0
32.6 msec : 0
32.7 msec : 0
32.8 msec : 0
32.9 msec : 1
33.0 msec : 2
33.1 msec : 3
33.2 msec : 1
33.3 msec : 0
33.4 msec : 0
33.5 msec : 1
33.6 msec : 0
33.7 msec : 0
33.8 msec : 0
33.9 msec : 1
34.0 msec : 1
34.1 msec : 0
34.2 msec : 0
34.3 msec : 0
34.4 msec : 0
34.5 msec : 0
34.6 msec : 0
34.7 msec : 0
34.8 msec : 0
34.9 msec : 0
35.0 msec : 0
35.1 msec : 0
35.2 msec : 0
35.3 msec : 0
35.4 msec : 0
35.5 msec : 3
35.6 msec : 1
35.7 msec : 1
35.8 msec : 0
35.9 msec : 0
36.0 msec : 0
36.1 msec : 1
36.2 msec : 0
36.3 msec : 0
36.4 msec : 0
36.5 msec : 0
36.6 msec : 0
36.7 msec : 0
36.8 msec : 0
36.9 msec : 0
37.0 msec : 0
37.1 msec : 0
37.2 msec : 0
37.3 msec : 0
37.4 msec : 0
37.5 msec : 1
37.6 msec : 0
37.7 msec : 0
37.8 msec : 0
37.9 msec : 0
38.0 msec : 0
38.1 msec : 0
38.2 msec : 0
38.3 msec : 0
38.4 msec : 0
38.5 msec : 0
38.6 msec : 0
38.7 msec : 0
38.8 msec : 0
38.9 msec : 0
39.0 msec : 0
39.1 msec : 0
39.2 msec : 0
39.3 msec : 0
39.4 msec : 0
39.5 msec : 0
39.6 msec : 0
39.7 msec : 0
39.8 msec : 0
39.9 msec : 0
40.0 msec : 0
40.1 msec : 0
40.2 msec : 0
40.3 msec : 0
40.4 msec : 0
40.5 msec : 0
40.6 msec : 0
40.7 msec : 0
40.8 msec : 0
40.9 msec : 0
41.0 msec : 0
41.1 msec : 0
41.2 msec : 0
41.3 msec : 0
41.4 msec : 0
41.5 msec : 0
41.6 msec : 1
41.7 msec : 2
41.8 msec : 0
41.9 msec : 0
42.0 msec : 0
42.1 msec : 0
42.2 msec : 0
42.3 msec : 0
42.4 msec : 0
42.5 msec : 0
42.6 msec : 0
42.7 msec : 0
42.8 msec : 0
42.9 msec : 0
43.0 msec : 0
43.1 msec : 0
43.2 msec : 0
43.3 msec : 0
43.4 msec : 0
43.5 msec : 0
43.6 msec : 0
43.7 msec : 0
43.8 msec : 0
43.9 msec : 0
44.0 msec : 0
44.1 msec : 0
44.2 msec : 0
44.3 msec : 0
44.4 msec : 0
44.5 msec : 0
44.6 msec : 0
44.7 msec : 0
44.8 msec : 0
44.9 msec : 0
45.0 msec : 0
45.1 msec : 0
45.2 msec : 0
45.3 msec : 0
45.4 msec : 0
45.5 msec : 0
45.6 msec : 0
45.7 msec : 0
45.8 msec : 0
45.9 msec : 0
46.0 msec : 0
46.1 msec : 0
46.2 msec : 0
46.3 msec : 0
46.4 msec : 0
46.5 msec : 0
46.6 msec : 0
46.7 msec : 0
46.8 msec : 0
46.9 msec : 0
47.0 msec : 0
47.1 msec : 0
47.2 msec : 0
47.3 msec : 0
47.4 msec : 0
47.5 msec : 0
47.6 msec : 0
47.7 msec : 0
47.8 msec : 0
47.9 msec : 0
48.0 msec : 0
48.1 msec : 0
48.2 msec : 0
48.3 msec : 0
48.4 msec : 0
48.5 msec : 0
48.6 msec : 0
48.7 msec : 0
48.8 msec : 0
48.9 msec : 0
49.0 msec : 0
49.1 msec : 0
49.2 msec : 0
49.3 msec : 0
49.4 msec : 0
49.5 msec : 0
49.6 msec : 0
49.7 msec : 0
49.8 msec : 0
49.9 msec : 0
50.0 msec : 0
50.1 msec : 0
50.2 msec : 0
50.3 msec : 0
50.4 msec : 0
50.5 msec : 0
50.6 msec : 0
50.7 msec : 0
50.8 msec : 0
50.9 msec : 0
51.0 msec : 0
51.1 msec : 0
51.2 msec : 1
51.3 msec : 0
51.4 msec : 2
51.5 msec : 3
51.6 msec : 2
51.7 msec : 0
51.8 msec : 0
51.9 msec : 0
52.0 msec : 0
52.1 msec : 0
52.2 msec : 1
52.3 msec : 2
52.4 msec : 1
52.5 msec : 1
52.6 msec : 0
52.7 msec : 0
52.8 msec : 0
52.9 msec : 0
53.0 msec : 0
53.1 msec : 1
53.2 msec : 1
53.3 msec : 1
53.4 msec : 0
53.5 msec : 0
53.6 msec : 0
53.7 msec : 0
53.8 msec : 0
53.9 msec : 0
54.0 msec : 0
54.1 msec : 0
54.2 msec : 0
54.3 msec : 0
54.4 msec : 0
54.5 msec : 0
54.6 msec : 0
54.7 msec : 0
54.8 msec : 0
54.9 msec : 0
55.0 msec : 0
55.1 msec : 0
55.2 msec : 0
55.3 msec : 0
55.4 msec : 0
55.5 msec : 0
55.6 msec : 0
55.7 msec : 0
55.8 msec : 0
55.9 msec : 0
56.0 msec : 0
56.1 msec : 0
56.2 msec : 0
56.3 msec : 0
56.4 msec : 0
56.5 msec : 0
56.6 msec : 0
56.7 msec : 0
56.8 msec : 0
56.9 msec : 0
57.0 msec : 0
57.1 msec : 0
57.2 msec : 0
57.3 msec : 1
57.4 msec : 0
57.5 msec : 0
57.6 msec : 1
57.7 msec : 2
57.8 msec : 1
57.9 msec : 0
58.0 msec : 2
58.1 msec : 2
58.2 msec : 1
58.3 msec : 0
58.4 msec : 0
58.5 msec : 0
58.6 msec : 0
58.7 msec : 0
58.8 msec : 0
58.9 msec : 0
59.0 msec : 0
59.1 msec : 0
59.2 msec : 0
59.3 msec : 1
59.4 msec : 1
59.5 msec : 0
59.6 msec : 1
59.7 msec : 1
59.8 msec : 0
59.9 msec : 0
60.0 msec : 0
60.1 msec : 0
60.2 msec : 0
60.3 msec : 0
60.4 msec : 0
60.5 msec : 0
60.6 msec : 0
60.7 msec : 0
60.8 msec : 0
60.9 msec : 0
61.0 msec : 0
61.1 msec : 0
61.2 msec : 0
61.3 msec : 0
61.4 msec : 0
61.5 msec : 0
61.6 msec : 0
61.7 msec : 0
61.8 msec : 0
61.9 msec : 0
62.0 msec : 1
62.1 msec : 2
62.2 msec : 1
62.3 msec : 1
62.4 msec : 1
62.5 msec : 0
62.6 msec : 0
62.7 msec : 0
62.8 msec : 0
62.9 msec : 0
63.0 msec : 0
63.1 msec : 0
63.2 msec : 0
63.3 msec : 0
63.4 msec : 0
63.5 msec : 0
63.6 msec : 0
63.7 msec : 0
63.8 msec : 0
63.9 msec : 0
64.0 msec : 0
64.1 msec : 0
64.2 msec : 0
64.3 msec : 0
64.4 msec : 0
64.5 msec : 0
64.6 msec : 0
64.7 msec : 0
64.8 msec : 0
64.9 msec : 0
65.0 msec : 0
65.1 msec : 0
65.2 msec : 0
65.3 msec : 0
65.4 msec : 0
65.5 msec : 0
65.6 msec : 0
65.7 msec : 0
65.8 msec : 0
65.9 msec : 0
66.0 msec : 0
66.1 msec : 0
66.2 msec : 0
66.3 msec : 0
66.4 msec : 0
66.5 msec : 0
66.6 msec : 0
66.7 msec : 0
66.8 msec : 0
66.9 msec : 0
67.0 msec : 0
67.1 msec : 1
67.2 msec : 0
67.3 msec : 0
67.4 msec : 0
67.5 msec : 0
67.6 msec : 0
67.7 msec : 0
67.8 msec : 0
67.9 msec : 0
68.0 msec : 0
68.1 msec : 0
68.2 msec : 0
68.3 msec : 0
68.4 msec : 0
68.5 msec : 0
68.6 msec : 0
68.7 msec : 0
68.8 msec : 0
68.9 msec : 0
69.0 msec : 0
69.1 msec : 0
69.2 msec : 0
69.3 msec : 0
69.4 msec : 0
69.5 msec : 0
69.6 msec : 0
69.7 msec : 0
69.8 msec : 0
69.9 msec : 0
70.0 msec : 0
70.1 msec : 0
70.2 msec : 6
70.3 msec : 2
70.4 msec : 0
70.5 msec : 0
70.6 msec : 0
70.7 msec : 0
70.8 msec : 0
70.9 msec : 0
71.0 msec : 0
71.1 msec : 0
71.2 msec : 0
71.3 msec : 2
