Middleware started...
Middleware shuts down...
Smaller resolution statistics are in a log file...
Final aggregates per worker:


Worker 7
Average throughput (ops/sec) = 348
Average response time (msec) = 0.8116100819672131
Average queue length = 0
Average wait time in queue (msec) = 0.12577475409836067
Average service time (msec) = 0.6184689344262295
Number of SET = 0
Number of GET = 348
Number of MULTI GET = 0


Worker 6
Average throughput (ops/sec) = 349
Average response time (msec) = 0.829420131147541
Average queue length = 0
Average wait time in queue (msec) = 0.12483909836065574
Average service time (msec) = 0.637506
Number of SET = 0
Number of GET = 349
Number of MULTI GET = 0


Worker 8
Average throughput (ops/sec) = 353
Average response time (msec) = 0.8212404918032786
Average queue length = 0
Average wait time in queue (msec) = 0.12407555737704917
Average service time (msec) = 0.6294864098360656
Number of SET = 0
Number of GET = 353
Number of MULTI GET = 0


Worker 3
Average throughput (ops/sec) = 354
Average response time (msec) = 0.8195106229508197
Average queue length = 0
Average wait time in queue (msec) = 0.1262389344262295
Average service time (msec) = 0.6248565409836065
Number of SET = 0
Number of GET = 354
Number of MULTI GET = 0


Worker 2
Average throughput (ops/sec) = 352
Average response time (msec) = 0.8161471147540984
Average queue length = 0
Average wait time in queue (msec) = 0.12654126229508197
Average service time (msec) = 0.6235629836065574
Number of SET = 0
Number of GET = 352
Number of MULTI GET = 0


Worker 5
Average throughput (ops/sec) = 357
Average response time (msec) = 0.809522
Average queue length = 0
Average wait time in queue (msec) = 0.12395427868852459
Average service time (msec) = 0.6216817540983607
Number of SET = 0
Number of GET = 357
Number of MULTI GET = 0


Worker 4
Average throughput (ops/sec) = 357
Average response time (msec) = 0.8078171967213115
Average queue length = 0
Average wait time in queue (msec) = 0.12588540983606558
Average service time (msec) = 0.6181433934426229
Number of SET = 0
Number of GET = 357
Number of MULTI GET = 0


Worker 1
Average throughput (ops/sec) = 352
Average response time (msec) = 0.8231510655737705
Average queue length = 0
Average wait time in queue (msec) = 0.12838749180327869
Average service time (msec) = 0.6289919672131147
Number of SET = 0
Number of GET = 352
Number of MULTI GET = 0


FINAL STATS
Average throughput (ops/sec) = 2822
Average response time (msec) = 0.8011350597147382
Average queue length = 0
Average wait time in queue (msec) = 0.12571209836065575
Average service time (msec) = 0.6253372479508197
Number of SET = 0
Number of GET = 2822
Number of MULTI GET = 0
Number of Cache misses = 0
Arrival rate (lambda) = [0, 0, 741, 2378, 2558, 2422, 2833, 2858, 3013, 3100, 3087, 2769, 2803, 2995, 2710, 2753, 2804, 2960, 2762, 2791, 2786, 2509, 2634, 2868, 3249, 2960, 2965, 2649, 2905, 2875, 3106, 2896, 2667, 2619, 3065, 2870, 2875, 2913, 2952, 2947, 2892, 2823, 2923, 3094, 3295, 3020, 3159, 3135, 2887, 2869, 2747, 3105, 2865, 2818, 2808, 3233, 3166, 2604, 2863, 3040, 2807, 3100, 1508, 0, 0, 0]


Histogram response times (0.1 msec step)
0.0 msec : 2006
0.1 msec : 16957
0.2 msec : 35939
0.3 msec : 37702
0.4 msec : 29228
0.5 msec : 18123
0.6 msec : 10191
0.7 msec : 5847
0.8 msec : 3520
0.9 msec : 2481
1.0 msec : 1740
1.1 msec : 1113
1.2 msec : 981
1.3 msec : 703
1.4 msec : 590
1.5 msec : 433
1.6 msec : 373
1.7 msec : 373
1.8 msec : 253
1.9 msec : 231
2.0 msec : 227
2.1 msec : 207
2.2 msec : 164
2.3 msec : 151
2.4 msec : 130
2.5 msec : 145
2.6 msec : 132
2.7 msec : 94
2.8 msec : 83
2.9 msec : 107
3.0 msec : 110
3.1 msec : 80
3.2 msec : 80
3.3 msec : 45
3.4 msec : 82
3.5 msec : 63
3.6 msec : 70
3.7 msec : 71
3.8 msec : 61
3.9 msec : 68
4.0 msec : 75
4.1 msec : 91
4.2 msec : 69
4.3 msec : 39
4.4 msec : 44
4.5 msec : 58
4.6 msec : 45
4.7 msec : 51
4.8 msec : 58
4.9 msec : 50
5.0 msec : 37
5.1 msec : 40
5.2 msec : 44
5.3 msec : 40
5.4 msec : 38
5.5 msec : 54
5.6 msec : 43
5.7 msec : 58
5.8 msec : 68
5.9 msec : 28
6.0 msec : 35
6.1 msec : 42
6.2 msec : 36
6.3 msec : 23
6.4 msec : 22
6.5 msec : 14
6.6 msec : 9
6.7 msec : 10
6.8 msec : 10
6.9 msec : 7
7.0 msec : 8
7.1 msec : 4
7.2 msec : 8
7.3 msec : 12
7.4 msec : 8
7.5 msec : 12
7.6 msec : 19
7.7 msec : 8
7.8 msec : 8
7.9 msec : 9
8.0 msec : 7
8.1 msec : 11
8.2 msec : 4
8.3 msec : 4
8.4 msec : 4
8.5 msec : 5
8.6 msec : 3
8.7 msec : 5
8.8 msec : 1
8.9 msec : 2
9.0 msec : 10
9.1 msec : 0
9.2 msec : 1
9.3 msec : 3
9.4 msec : 3
9.5 msec : 2
9.6 msec : 4
9.7 msec : 2
9.8 msec : 3
9.9 msec : 0
10.0 msec : 0
10.1 msec : 1
10.2 msec : 0
10.3 msec : 1
10.4 msec : 1
10.5 msec : 2
10.6 msec : 1
10.7 msec : 1
10.8 msec : 4
10.9 msec : 0
11.0 msec : 2
11.1 msec : 0
11.2 msec : 0
11.3 msec : 1
11.4 msec : 1
11.5 msec : 0
11.6 msec : 0
11.7 msec : 0
11.8 msec : 0
11.9 msec : 0
12.0 msec : 0
12.1 msec : 0
12.2 msec : 1
12.3 msec : 0
12.4 msec : 0
12.5 msec : 1
12.6 msec : 0
12.7 msec : 0
12.8 msec : 0
12.9 msec : 0
13.0 msec : 0
13.1 msec : 1
13.2 msec : 0
13.3 msec : 0
13.4 msec : 0
13.5 msec : 0
13.6 msec : 0
13.7 msec : 0
13.8 msec : 1
13.9 msec : 1
14.0 msec : 0
14.1 msec : 0
14.2 msec : 0
14.3 msec : 0
14.4 msec : 0
14.5 msec : 0
14.6 msec : 0
14.7 msec : 0
14.8 msec : 0
14.9 msec : 0
15.0 msec : 0
15.1 msec : 2
15.2 msec : 0
15.3 msec : 0
15.4 msec : 1
15.5 msec : 2
15.6 msec : 0
15.7 msec : 0
15.8 msec : 0
15.9 msec : 0
16.0 msec : 0
16.1 msec : 0
16.2 msec : 0
16.3 msec : 0
16.4 msec : 0
16.5 msec : 0
16.6 msec : 0
16.7 msec : 1
16.8 msec : 1
16.9 msec : 0
17.0 msec : 0
17.1 msec : 0
17.2 msec : 1
17.3 msec : 0
17.4 msec : 0
17.5 msec : 0
17.6 msec : 0
17.7 msec : 0
17.8 msec : 1
17.9 msec : 0
18.0 msec : 0
18.1 msec : 0
18.2 msec : 0
18.3 msec : 0
18.4 msec : 0
18.5 msec : 0
18.6 msec : 0
18.7 msec : 0
18.8 msec : 0
18.9 msec : 0
19.0 msec : 0
19.1 msec : 0
19.2 msec : 0
19.3 msec : 1
19.4 msec : 0
19.5 msec : 0
19.6 msec : 0
19.7 msec : 1
19.8 msec : 0
19.9 msec : 1
20.0 msec : 0
20.1 msec : 0
20.2 msec : 0
20.3 msec : 0
20.4 msec : 1
20.5 msec : 4
20.6 msec : 0
20.7 msec : 0
20.8 msec : 0
20.9 msec : 0
21.0 msec : 1
21.1 msec : 0
21.2 msec : 0
21.3 msec : 0
21.4 msec : 0
21.5 msec : 0
21.6 msec : 0
21.7 msec : 0
21.8 msec : 0
21.9 msec : 0
22.0 msec : 0
22.1 msec : 0
22.2 msec : 0
22.3 msec : 0
22.4 msec : 0
22.5 msec : 0
22.6 msec : 0
22.7 msec : 0
22.8 msec : 0
22.9 msec : 0
23.0 msec : 0
23.1 msec : 0
23.2 msec : 0
23.3 msec : 0
23.4 msec : 0
23.5 msec : 0
23.6 msec : 0
23.7 msec : 0
23.8 msec : 0
23.9 msec : 0
24.0 msec : 0
24.1 msec : 0
24.2 msec : 0
24.3 msec : 0
24.4 msec : 0
24.5 msec : 0
24.6 msec : 0
24.7 msec : 0
24.8 msec : 0
24.9 msec : 0
25.0 msec : 0
25.1 msec : 0
25.2 msec : 0
25.3 msec : 0
25.4 msec : 0
25.5 msec : 0
25.6 msec : 0
25.7 msec : 0
25.8 msec : 0
25.9 msec : 0
26.0 msec : 0
26.1 msec : 0
26.2 msec : 0
26.3 msec : 0
26.4 msec : 0
26.5 msec : 0
26.6 msec : 0
26.7 msec : 0
26.8 msec : 0
26.9 msec : 0
27.0 msec : 0
27.1 msec : 0
27.2 msec : 0
27.3 msec : 0
27.4 msec : 0
27.5 msec : 0
27.6 msec : 0
27.7 msec : 0
27.8 msec : 0
27.9 msec : 0
28.0 msec : 0
28.1 msec : 0
28.2 msec : 0
28.3 msec : 0
28.4 msec : 0
28.5 msec : 0
28.6 msec : 0
28.7 msec : 0
28.8 msec : 0
28.9 msec : 0
29.0 msec : 0
29.1 msec : 0
29.2 msec : 0
29.3 msec : 0
29.4 msec : 0
29.5 msec : 0
29.6 msec : 0
29.7 msec : 0
29.8 msec : 0
29.9 msec : 0
30.0 msec : 0
30.1 msec : 0
30.2 msec : 0
30.3 msec : 0
30.4 msec : 0
30.5 msec : 0
30.6 msec : 0
30.7 msec : 0
30.8 msec : 0
30.9 msec : 0
31.0 msec : 0
31.1 msec : 0
31.2 msec : 0
31.3 msec : 0
31.4 msec : 0
31.5 msec : 0
31.6 msec : 0
31.7 msec : 0
31.8 msec : 0
31.9 msec : 0
32.0 msec : 0
32.1 msec : 0
32.2 msec : 0
32.3 msec : 0
32.4 msec : 0
32.5 msec : 0
32.6 msec : 0
32.7 msec : 0
32.8 msec : 0
32.9 msec : 0
33.0 msec : 0
33.1 msec : 0
33.2 msec : 0
33.3 msec : 0
33.4 msec : 0
33.5 msec : 0
33.6 msec : 0
33.7 msec : 0
33.8 msec : 0
33.9 msec : 0
34.0 msec : 0
34.1 msec : 0
34.2 msec : 0
34.3 msec : 0
34.4 msec : 0
34.5 msec : 0
34.6 msec : 0
34.7 msec : 0
34.8 msec : 0
34.9 msec : 0
35.0 msec : 0
35.1 msec : 0
35.2 msec : 0
35.3 msec : 0
35.4 msec : 0
35.5 msec : 0
35.6 msec : 0
35.7 msec : 0
35.8 msec : 0
35.9 msec : 0
36.0 msec : 0
36.1 msec : 0
36.2 msec : 0
36.3 msec : 0
36.4 msec : 0
36.5 msec : 0
36.6 msec : 0
36.7 msec : 0
36.8 msec : 0
36.9 msec : 0
37.0 msec : 0
37.1 msec : 0
37.2 msec : 0
37.3 msec : 0
37.4 msec : 0
37.5 msec : 0
37.6 msec : 0
37.7 msec : 0
37.8 msec : 0
37.9 msec : 0
38.0 msec : 0
38.1 msec : 0
38.2 msec : 0
38.3 msec : 0
38.4 msec : 0
38.5 msec : 0
38.6 msec : 0
38.7 msec : 0
38.8 msec : 0
38.9 msec : 0
39.0 msec : 0
39.1 msec : 0
39.2 msec : 0
39.3 msec : 0
39.4 msec : 0
39.5 msec : 0
39.6 msec : 0
39.7 msec : 0
39.8 msec : 0
39.9 msec : 0
40.0 msec : 0
40.1 msec : 0
40.2 msec : 0
40.3 msec : 0
40.4 msec : 0
40.5 msec : 0
40.6 msec : 0
40.7 msec : 0
40.8 msec : 0
40.9 msec : 0
41.0 msec : 0
41.1 msec : 0
41.2 msec : 0
41.3 msec : 0
41.4 msec : 0
41.5 msec : 0
41.6 msec : 0
41.7 msec : 0
41.8 msec : 0
41.9 msec : 0
42.0 msec : 0
42.1 msec : 0
42.2 msec : 0
42.3 msec : 0
42.4 msec : 0
42.5 msec : 0
42.6 msec : 0
42.7 msec : 0
42.8 msec : 0
42.9 msec : 0
43.0 msec : 0
43.1 msec : 0
43.2 msec : 0
43.3 msec : 0
43.4 msec : 0
43.5 msec : 0
43.6 msec : 0
43.7 msec : 0
43.8 msec : 0
43.9 msec : 1
44.0 msec : 0
44.1 msec : 0
44.2 msec : 0
44.3 msec : 1
