Middleware started...
Middleware shuts down...
Smaller resolution statistics are in a log file...
Final aggregates per worker:


Worker 13
Average throughput (ops/sec) = 43
Average response time (msec) = 2.234414868852459
Average queue length = 0
Average wait time in queue (msec) = 0.03325531147540983
Average service time (msec) = 2.130627393442623
Number of SET = 43
Number of GET = 0
Number of MULTI GET = 0


Worker 7
Average throughput (ops/sec) = 43
Average response time (msec) = 2.2463472131147544
Average queue length = 0
Average wait time in queue (msec) = 0.03404427868852459
Average service time (msec) = 2.138274967213115
Number of SET = 43
Number of GET = 0
Number of MULTI GET = 0


Worker 14
Average throughput (ops/sec) = 43
Average response time (msec) = 2.251775770491803
Average queue length = 0
Average wait time in queue (msec) = 0.030530950819672133
Average service time (msec) = 2.1449304918032785
Number of SET = 43
Number of GET = 0
Number of MULTI GET = 0


Worker 6
Average throughput (ops/sec) = 43
Average response time (msec) = 2.2450532786885242
Average queue length = 0
Average wait time in queue (msec) = 0.028466852459016395
Average service time (msec) = 2.138953475409836
Number of SET = 43
Number of GET = 0
Number of MULTI GET = 0


Worker 9
Average throughput (ops/sec) = 43
Average response time (msec) = 2.2379232459016394
Average queue length = 0
Average wait time in queue (msec) = 0.03479609836065573
Average service time (msec) = 2.1207866229508197
Number of SET = 43
Number of GET = 0
Number of MULTI GET = 0


Worker 15
Average throughput (ops/sec) = 43
Average response time (msec) = 2.2469246393442623
Average queue length = 0
Average wait time in queue (msec) = 0.03184739344262295
Average service time (msec) = 2.1425906393442626
Number of SET = 43
Number of GET = 0
Number of MULTI GET = 0


Worker 8
Average throughput (ops/sec) = 43
Average response time (msec) = 2.2406098852459015
Average queue length = 0
Average wait time in queue (msec) = 0.034409803278688526
Average service time (msec) = 2.1287918852459016
Number of SET = 43
Number of GET = 0
Number of MULTI GET = 0


Worker 16
Average throughput (ops/sec) = 43
Average response time (msec) = 2.227454852459016
Average queue length = 0
Average wait time in queue (msec) = 0.027993081967213115
Average service time (msec) = 2.1215207540983605
Number of SET = 43
Number of GET = 0
Number of MULTI GET = 0


Worker 3
Average throughput (ops/sec) = 43
Average response time (msec) = 2.2474674098360654
Average queue length = 0
Average wait time in queue (msec) = 0.03490713114754098
Average service time (msec) = 2.1418784918032787
Number of SET = 43
Number of GET = 0
Number of MULTI GET = 0


Worker 10
Average throughput (ops/sec) = 43
Average response time (msec) = 2.232728180327869
Average queue length = 0
Average wait time in queue (msec) = 0.029545672131147543
Average service time (msec) = 2.1296331475409835
Number of SET = 43
Number of GET = 0
Number of MULTI GET = 0


Worker 2
Average throughput (ops/sec) = 43
Average response time (msec) = 2.2232828360655734
Average queue length = 0
Average wait time in queue (msec) = 0.03114345901639344
Average service time (msec) = 2.1112459836065574
Number of SET = 43
Number of GET = 0
Number of MULTI GET = 0


Worker 11
Average throughput (ops/sec) = 43
Average response time (msec) = 2.254118442622951
Average queue length = 0
Average wait time in queue (msec) = 0.03382606557377049
Average service time (msec) = 2.1282705081967213
Number of SET = 43
Number of GET = 0
Number of MULTI GET = 0


Worker 5
Average throughput (ops/sec) = 43
Average response time (msec) = 2.242398442622951
Average queue length = 0
Average wait time in queue (msec) = 0.04522014754098361
Average service time (msec) = 2.123478426229508
Number of SET = 43
Number of GET = 0
Number of MULTI GET = 0


Worker 12
Average throughput (ops/sec) = 43
Average response time (msec) = 2.231369426229508
Average queue length = 0
Average wait time in queue (msec) = 0.03201108196721311
Average service time (msec) = 2.1260503114754097
Number of SET = 43
Number of GET = 0
Number of MULTI GET = 0


Worker 4
Average throughput (ops/sec) = 43
Average response time (msec) = 2.227458524590164
Average queue length = 0
Average wait time in queue (msec) = 0.02959195081967213
Average service time (msec) = 2.1223950327868852
Number of SET = 43
Number of GET = 0
Number of MULTI GET = 0


Worker 1
Average throughput (ops/sec) = 43
Average response time (msec) = 2.2685646393442624
Average queue length = 0
Average wait time in queue (msec) = 0.03428218032786885
Average service time (msec) = 2.158016426229508
Number of SET = 43
Number of GET = 0
Number of MULTI GET = 0


FINAL STATS
Average throughput (ops/sec) = 688
Average response time (msec) = 2.2353805179862873
Average queue length = 0
Average wait time in queue (msec) = 0.03286696618852459
Average service time (msec) = 2.1317152848360656
Number of SET = 43
Number of GET = 0
Number of MULTI GET = 0
Number of Cache misses = 0


Histogram response times (0.1 msec step)
0.0 msec : 432
0.1 msec : 3777
0.2 msec : 8589
0.3 msec : 8546
0.4 msec : 5613
0.5 msec : 3806
0.6 msec : 2749
0.7 msec : 2215
0.8 msec : 1572
0.9 msec : 1176
1.0 msec : 838
1.1 msec : 651
1.2 msec : 517
1.3 msec : 360
1.4 msec : 309
1.5 msec : 263
1.6 msec : 175
1.7 msec : 139
1.8 msec : 120
1.9 msec : 106
2.0 msec : 83
2.1 msec : 70
2.2 msec : 45
2.3 msec : 37
2.4 msec : 36
2.5 msec : 28
2.6 msec : 26
2.7 msec : 16
2.8 msec : 14
2.9 msec : 10
3.0 msec : 26
3.1 msec : 10
3.2 msec : 8
3.3 msec : 12
3.4 msec : 13
3.5 msec : 8
3.6 msec : 7
3.7 msec : 4
3.8 msec : 8
3.9 msec : 4
4.0 msec : 6
4.1 msec : 7
4.2 msec : 7
4.3 msec : 4
4.4 msec : 9
4.5 msec : 12
4.6 msec : 6
4.7 msec : 9
4.8 msec : 4
4.9 msec : 6
5.0 msec : 4
5.1 msec : 5
5.2 msec : 4
5.3 msec : 4
5.4 msec : 2
5.5 msec : 3
5.6 msec : 2
5.7 msec : 6
5.8 msec : 6
5.9 msec : 4
6.0 msec : 5
6.1 msec : 3
6.2 msec : 3
6.3 msec : 5
6.4 msec : 3
6.5 msec : 2
6.6 msec : 4
6.7 msec : 4
6.8 msec : 2
6.9 msec : 0
7.0 msec : 3
7.1 msec : 2
7.2 msec : 0
7.3 msec : 0
7.4 msec : 1
7.5 msec : 1
7.6 msec : 0
7.7 msec : 0
7.8 msec : 0
7.9 msec : 2
8.0 msec : 0
8.1 msec : 0
8.2 msec : 1
8.3 msec : 2
8.4 msec : 0
8.5 msec : 1
8.6 msec : 1
8.7 msec : 0
8.8 msec : 0
8.9 msec : 0
9.0 msec : 0
9.1 msec : 0
9.2 msec : 0
9.3 msec : 0
9.4 msec : 0
9.5 msec : 1
9.6 msec : 0
9.7 msec : 0
9.8 msec : 0
9.9 msec : 0
10.0 msec : 0
10.1 msec : 0
10.2 msec : 0
10.3 msec : 0
10.4 msec : 0
10.5 msec : 0
10.6 msec : 0
10.7 msec : 1
10.8 msec : 0
10.9 msec : 0
11.0 msec : 0
11.1 msec : 0
11.2 msec : 0
11.3 msec : 0
11.4 msec : 0
11.5 msec : 0
11.6 msec : 0
11.7 msec : 0
11.8 msec : 0
11.9 msec : 0
12.0 msec : 0
12.1 msec : 0
12.2 msec : 0
12.3 msec : 0
12.4 msec : 0
12.5 msec : 0
12.6 msec : 0
12.7 msec : 1
12.8 msec : 0
12.9 msec : 0
13.0 msec : 0
13.1 msec : 0
13.2 msec : 0
13.3 msec : 0
13.4 msec : 0
13.5 msec : 0
13.6 msec : 1
13.7 msec : 0
13.8 msec : 0
13.9 msec : 0
14.0 msec : 0
14.1 msec : 0
14.2 msec : 0
14.3 msec : 0
14.4 msec : 0
14.5 msec : 0
14.6 msec : 0
14.7 msec : 0
14.8 msec : 1
14.9 msec : 0
15.0 msec : 0
15.1 msec : 0
15.2 msec : 0
15.3 msec : 0
15.4 msec : 0
15.5 msec : 0
15.6 msec : 0
15.7 msec : 0
15.8 msec : 0
15.9 msec : 0
16.0 msec : 0
16.1 msec : 0
16.2 msec : 0
16.3 msec : 0
16.4 msec : 0
16.5 msec : 0
16.6 msec : 0
16.7 msec : 1
16.8 msec : 0
16.9 msec : 0
17.0 msec : 0
17.1 msec : 0
17.2 msec : 0
17.3 msec : 0
17.4 msec : 0
17.5 msec : 0
17.6 msec : 0
17.7 msec : 0
17.8 msec : 0
17.9 msec : 0
18.0 msec : 0
18.1 msec : 0
18.2 msec : 0
18.3 msec : 0
18.4 msec : 0
18.5 msec : 0
18.6 msec : 0
18.7 msec : 0
18.8 msec : 0
18.9 msec : 1
19.0 msec : 0
19.1 msec : 0
19.2 msec : 0
19.3 msec : 0
19.4 msec : 0
19.5 msec : 0
19.6 msec : 0
19.7 msec : 0
19.8 msec : 0
19.9 msec : 0
20.0 msec : 1
20.1 msec : 0
20.2 msec : 0
20.3 msec : 0
20.4 msec : 0
20.5 msec : 0
20.6 msec : 0
20.7 msec : 0
20.8 msec : 0
20.9 msec : 0
21.0 msec : 1
21.1 msec : 0
21.2 msec : 0
21.3 msec : 0
21.4 msec : 0
21.5 msec : 0
21.6 msec : 0
21.7 msec : 0
21.8 msec : 0
21.9 msec : 0
22.0 msec : 0
22.1 msec : 0
22.2 msec : 0
22.3 msec : 1
22.4 msec : 0
22.5 msec : 0
22.6 msec : 0
22.7 msec : 0
22.8 msec : 0
22.9 msec : 0
23.0 msec : 0
23.1 msec : 0
23.2 msec : 0
23.3 msec : 0
23.4 msec : 0
23.5 msec : 0
23.6 msec : 0
23.7 msec : 0
23.8 msec : 0
23.9 msec : 0
24.0 msec : 0
24.1 msec : 0
24.2 msec : 0
24.3 msec : 0
24.4 msec : 0
24.5 msec : 0
24.6 msec : 0
24.7 msec : 0
24.8 msec : 0
24.9 msec : 0
25.0 msec : 0
25.1 msec : 0
25.2 msec : 0
25.3 msec : 0
25.4 msec : 0
25.5 msec : 0
25.6 msec : 0
25.7 msec : 1
25.8 msec : 0
25.9 msec : 0
26.0 msec : 0
26.1 msec : 0
26.2 msec : 0
26.3 msec : 0
26.4 msec : 0
26.5 msec : 0
26.6 msec : 0
26.7 msec : 0
26.8 msec : 0
26.9 msec : 0
27.0 msec : 0
27.1 msec : 0
27.2 msec : 0
27.3 msec : 0
27.4 msec : 0
27.5 msec : 1
27.6 msec : 0
27.7 msec : 0
27.8 msec : 0
27.9 msec : 0
28.0 msec : 0
28.1 msec : 0
28.2 msec : 0
28.3 msec : 0
28.4 msec : 0
28.5 msec : 0
28.6 msec : 0
28.7 msec : 0
28.8 msec : 0
28.9 msec : 0
29.0 msec : 0
29.1 msec : 0
29.2 msec : 0
29.3 msec : 0
29.4 msec : 0
29.5 msec : 0
29.6 msec : 1
29.7 msec : 0
29.8 msec : 0
29.9 msec : 0
30.0 msec : 0
30.1 msec : 0
30.2 msec : 0
30.3 msec : 0
30.4 msec : 0
30.5 msec : 0
30.6 msec : 0
30.7 msec : 1
30.8 msec : 0
30.9 msec : 0
31.0 msec : 0
31.1 msec : 0
31.2 msec : 0
31.3 msec : 0
31.4 msec : 0
31.5 msec : 0
31.6 msec : 0
31.7 msec : 0
31.8 msec : 0
31.9 msec : 0
32.0 msec : 0
32.1 msec : 0
32.2 msec : 0
32.3 msec : 0
32.4 msec : 0
32.5 msec : 0
32.6 msec : 0
32.7 msec : 0
