Middleware started...
Middleware shuts down...
Smaller resolution statistics are in a log file...
Final aggregates per worker:


Worker 46
Average throughput (ops/sec) = 16
Average response time (msec) = 1.1045039508196721
Average queue length = 0
Average wait time in queue (msec) = 0.019544950819672134
Average service time (msec) = 1.031785786885246
Number of SET = 0
Number of GET = 16
Number of MULTI GET = 0


Worker 47
Average throughput (ops/sec) = 16
Average response time (msec) = 1.1301037213114753
Average queue length = 0
Average wait time in queue (msec) = 0.01797627868852459
Average service time (msec) = 1.0592517213114754
Number of SET = 0
Number of GET = 16
Number of MULTI GET = 0


Worker 48
Average throughput (ops/sec) = 16
Average response time (msec) = 1.0752830655737706
Average queue length = 0
Average wait time in queue (msec) = 0.017069983606557378
Average service time (msec) = 1.0072609836065574
Number of SET = 0
Number of GET = 16
Number of MULTI GET = 0


Worker 49
Average throughput (ops/sec) = 16
Average response time (msec) = 1.0807679344262295
Average queue length = 0
Average wait time in queue (msec) = 0.017871786885245905
Average service time (msec) = 1.0107770655737705
Number of SET = 0
Number of GET = 16
Number of MULTI GET = 0


Worker 42
Average throughput (ops/sec) = 16
Average response time (msec) = 1.0780006393442623
Average queue length = 0
Average wait time in queue (msec) = 0.01717439344262295
Average service time (msec) = 1.0107592786885247
Number of SET = 0
Number of GET = 16
Number of MULTI GET = 0


Worker 43
Average throughput (ops/sec) = 16
Average response time (msec) = 1.0703712295081966
Average queue length = 0
Average wait time in queue (msec) = 0.01892116393442623
Average service time (msec) = 1.001230606557377
Number of SET = 0
Number of GET = 16
Number of MULTI GET = 0


Worker 44
Average throughput (ops/sec) = 16
Average response time (msec) = 1.0661038852459015
Average queue length = 0
Average wait time in queue (msec) = 0.019509573770491805
Average service time (msec) = 0.9924428360655737
Number of SET = 0
Number of GET = 16
Number of MULTI GET = 0


Worker 45
Average throughput (ops/sec) = 16
Average response time (msec) = 1.0864404098360654
Average queue length = 0
Average wait time in queue (msec) = 0.01831654098360656
Average service time (msec) = 1.0176615573770493
Number of SET = 0
Number of GET = 16
Number of MULTI GET = 0


Worker 50
Average throughput (ops/sec) = 16
Average response time (msec) = 1.090897918032787
Average queue length = 0
Average wait time in queue (msec) = 0.019418196721311478
Average service time (msec) = 1.016764868852459
Number of SET = 0
Number of GET = 16
Number of MULTI GET = 0


Worker 51
Average throughput (ops/sec) = 16
Average response time (msec) = 1.0861834590163935
Average queue length = 0
Average wait time in queue (msec) = 0.01840072131147541
Average service time (msec) = 1.0142740327868853
Number of SET = 0
Number of GET = 16
Number of MULTI GET = 0


Worker 52
Average throughput (ops/sec) = 16
Average response time (msec) = 1.1193216229508198
Average queue length = 0
Average wait time in queue (msec) = 0.018733475409836064
Average service time (msec) = 1.0464379672131148
Number of SET = 0
Number of GET = 16
Number of MULTI GET = 0


Worker 57
Average throughput (ops/sec) = 16
Average response time (msec) = 1.0606784590163933
Average queue length = 0
Average wait time in queue (msec) = 0.018738262295081968
Average service time (msec) = 0.9878772950819673
Number of SET = 0
Number of GET = 16
Number of MULTI GET = 0


Worker 13
Average throughput (ops/sec) = 16
Average response time (msec) = 1.1169558032786886
Average queue length = 0
Average wait time in queue (msec) = 0.019835885245901637
Average service time (msec) = 1.046147868852459
Number of SET = 0
Number of GET = 16
Number of MULTI GET = 0


Worker 58
Average throughput (ops/sec) = 16
Average response time (msec) = 1.1020485081967213
Average queue length = 0
Average wait time in queue (msec) = 0.05174550819672131
Average service time (msec) = 0.9982321803278689
Number of SET = 0
Number of GET = 16
Number of MULTI GET = 0


Worker 14
Average throughput (ops/sec) = 16
Average response time (msec) = 1.1077185737704918
Average queue length = 0
Average wait time in queue (msec) = 0.017605377049180325
Average service time (msec) = 1.0394095409836066
Number of SET = 0
Number of GET = 16
Number of MULTI GET = 0


Worker 59
Average throughput (ops/sec) = 16
Average response time (msec) = 1.1125372295081968
Average queue length = 0
Average wait time in queue (msec) = 0.019329803278688523
Average service time (msec) = 1.0399512950819672
Number of SET = 0
Number of GET = 16
Number of MULTI GET = 0


Worker 15
Average throughput (ops/sec) = 16
Average response time (msec) = 1.0772096721311475
Average queue length = 0
Average wait time in queue (msec) = 0.019576442622950822
Average service time (msec) = 1.0054288852459017
Number of SET = 0
Number of GET = 16
Number of MULTI GET = 0


Worker 16
Average throughput (ops/sec) = 16
Average response time (msec) = 1.1145582459016394
Average queue length = 0
Average wait time in queue (msec) = 0.019601852459016394
Average service time (msec) = 1.041960524590164
Number of SET = 0
Number of GET = 16
Number of MULTI GET = 0


Worker 53
Average throughput (ops/sec) = 16
Average response time (msec) = 1.132434213114754
Average queue length = 0
Average wait time in queue (msec) = 0.023176950819672134
Average service time (msec) = 1.0541030163934426
Number of SET = 0
Number of GET = 16
Number of MULTI GET = 0


Worker 54
Average throughput (ops/sec) = 16
Average response time (msec) = 1.0742454098360654
Average queue length = 0
Average wait time in queue (msec) = 0.019518016393442625
Average service time (msec) = 1.0011562459016394
Number of SET = 0
Number of GET = 16
Number of MULTI GET = 0


Worker 10
Average throughput (ops/sec) = 16
Average response time (msec) = 1.1177851803278689
Average queue length = 0
Average wait time in queue (msec) = 0.01778450819672131
Average service time (msec) = 1.048350868852459
Number of SET = 0
Number of GET = 16
Number of MULTI GET = 0


Worker 55
Average throughput (ops/sec) = 16
Average response time (msec) = 1.1001107540983606
Average queue length = 0
Average wait time in queue (msec) = 0.018910163934426228
Average service time (msec) = 1.0244805737704918
Number of SET = 0
Number of GET = 16
Number of MULTI GET = 0


Worker 11
Average throughput (ops/sec) = 16
Average response time (msec) = 1.0610665737704918
Average queue length = 0
Average wait time in queue (msec) = 0.01827345901639344
Average service time (msec) = 0.9904264590163934
Number of SET = 0
Number of GET = 16
Number of MULTI GET = 0


Worker 56
Average throughput (ops/sec) = 16
Average response time (msec) = 1.0945142950819673
Average queue length = 0
Average wait time in queue (msec) = 0.018078852459016394
Average service time (msec) = 1.0222884918032786
Number of SET = 0
Number of GET = 16
Number of MULTI GET = 0


Worker 12
Average throughput (ops/sec) = 16
Average response time (msec) = 1.0612880163934426
Average queue length = 0
Average wait time in queue (msec) = 0.01760383606557377
Average service time (msec) = 0.9919928524590164
Number of SET = 0
Number of GET = 16
Number of MULTI GET = 0


Worker 17
Average throughput (ops/sec) = 16
Average response time (msec) = 1.069786
Average queue length = 0
Average wait time in queue (msec) = 0.01821190163934426
Average service time (msec) = 1.0008951639344263
Number of SET = 0
Number of GET = 16
Number of MULTI GET = 0


Worker 18
Average throughput (ops/sec) = 16
Average response time (msec) = 1.110734950819672
Average queue length = 0
Average wait time in queue (msec) = 0.01952686885245902
Average service time (msec) = 1.030988
Number of SET = 0
Number of GET = 16
Number of MULTI GET = 0


Worker 19
Average throughput (ops/sec) = 16
Average response time (msec) = 1.0919771803278688
Average queue length = 0
Average wait time in queue (msec) = 0.020565311475409836
Average service time (msec) = 1.0171613770491803
Number of SET = 0
Number of GET = 16
Number of MULTI GET = 0


Worker 60
Average throughput (ops/sec) = 16
Average response time (msec) = 1.1366045081967213
Average queue length = 0
Average wait time in queue (msec) = 0.019540967213114754
Average service time (msec) = 1.0634575245901638
Number of SET = 0
Number of GET = 16
Number of MULTI GET = 0


Worker 61
Average throughput (ops/sec) = 16
Average response time (msec) = 1.089531393442623
Average queue length = 0
Average wait time in queue (msec) = 0.018979918032786886
Average service time (msec) = 1.0137619836065574
Number of SET = 0
Number of GET = 16
Number of MULTI GET = 0


Worker 62
Average throughput (ops/sec) = 16
Average response time (msec) = 1.0746814918032788
Average queue length = 0
Average wait time in queue (msec) = 0.019633360655737706
Average service time (msec) = 0.9993854262295082
Number of SET = 0
Number of GET = 16
Number of MULTI GET = 0


Worker 63
Average throughput (ops/sec) = 16
Average response time (msec) = 1.0976086393442621
Average queue length = 0
Average wait time in queue (msec) = 0.01797283606557377
Average service time (msec) = 1.0233336229508196
Number of SET = 0
Number of GET = 16
Number of MULTI GET = 0


Worker 7
Average throughput (ops/sec) = 16
Average response time (msec) = 1.0718580163934426
Average queue length = 0
Average wait time in queue (msec) = 0.018994573770491803
Average service time (msec) = 1.0004924262295083
Number of SET = 0
Number of GET = 16
Number of MULTI GET = 0


Worker 24
Average throughput (ops/sec) = 16
Average response time (msec) = 1.0680824918032787
Average queue length = 0
Average wait time in queue (msec) = 0.018264016393442623
Average service time (msec) = 0.9967039672131147
Number of SET = 0
Number of GET = 16
Number of MULTI GET = 0


Worker 25
Average throughput (ops/sec) = 16
Average response time (msec) = 1.068031786885246
Average queue length = 0
Average wait time in queue (msec) = 0.018307311475409836
Average service time (msec) = 0.997398131147541
Number of SET = 0
Number of GET = 16
Number of MULTI GET = 0


Worker 6
Average throughput (ops/sec) = 16
Average response time (msec) = 1.088913868852459
Average queue length = 0
Average wait time in queue (msec) = 0.01944026229508197
Average service time (msec) = 1.0144295737704918
Number of SET = 0
Number of GET = 16
Number of MULTI GET = 0


Worker 9
Average throughput (ops/sec) = 16
Average response time (msec) = 1.0808565737704918
Average queue length = 0
Average wait time in queue (msec) = 0.01893750819672131
Average service time (msec) = 1.0073988524590163
Number of SET = 0
Number of GET = 16
Number of MULTI GET = 0


Worker 26
Average throughput (ops/sec) = 16
Average response time (msec) = 1.0594717540983607
Average queue length = 0
Average wait time in queue (msec) = 0.017392950819672133
Average service time (msec) = 0.9882048688524591
Number of SET = 0
Number of GET = 16
Number of MULTI GET = 0


Worker 8
Average throughput (ops/sec) = 16
Average response time (msec) = 1.130299524590164
Average queue length = 0
Average wait time in queue (msec) = 0.019587934426229508
Average service time (msec) = 1.0582639672131147
Number of SET = 0
Number of GET = 16
Number of MULTI GET = 0


Worker 27
Average throughput (ops/sec) = 16
Average response time (msec) = 1.0795660655737707
Average queue length = 0
Average wait time in queue (msec) = 0.018580737704918034
Average service time (msec) = 1.0067068852459016
Number of SET = 0
Number of GET = 16
Number of MULTI GET = 0


Worker 64
Average throughput (ops/sec) = 16
Average response time (msec) = 1.0951701147540984
Average queue length = 0
Average wait time in queue (msec) = 0.027303114754098363
Average service time (msec) = 1.0131791311475409
Number of SET = 0
Number of GET = 16
Number of MULTI GET = 0


Worker 20
Average throughput (ops/sec) = 16
Average response time (msec) = 1.1144689344262295
Average queue length = 0
Average wait time in queue (msec) = 0.019948049180327866
Average service time (msec) = 1.0429967049180326
Number of SET = 0
Number of GET = 16
Number of MULTI GET = 0


Worker 3
Average throughput (ops/sec) = 16
Average response time (msec) = 1.0696076721311474
Average queue length = 0
Average wait time in queue (msec) = 0.018673065573770492
Average service time (msec) = 0.9933194590163934
Number of SET = 0
Number of GET = 16
Number of MULTI GET = 0


Worker 21
Average throughput (ops/sec) = 16
Average response time (msec) = 1.1110230327868853
Average queue length = 0
Average wait time in queue (msec) = 0.01912983606557377
Average service time (msec) = 1.0388744426229508
Number of SET = 0
Number of GET = 16
Number of MULTI GET = 0


Worker 2
Average throughput (ops/sec) = 16
Average response time (msec) = 1.0860023114754098
Average queue length = 0
Average wait time in queue (msec) = 0.019721639344262295
Average service time (msec) = 1.011745131147541
Number of SET = 0
Number of GET = 16
Number of MULTI GET = 0


Worker 22
Average throughput (ops/sec) = 16
Average response time (msec) = 1.0702636393442622
Average queue length = 0
Average wait time in queue (msec) = 0.01779849180327869
Average service time (msec) = 0.9977154754098361
Number of SET = 0
Number of GET = 16
Number of MULTI GET = 0


Worker 5
Average throughput (ops/sec) = 16
Average response time (msec) = 1.092955950819672
Average queue length = 0
Average wait time in queue (msec) = 0.017680655737704918
Average service time (msec) = 1.0202801147540983
Number of SET = 0
Number of GET = 16
Number of MULTI GET = 0


Worker 4
Average throughput (ops/sec) = 16
Average response time (msec) = 1.090206868852459
Average queue length = 0
Average wait time in queue (msec) = 0.018332622950819673
Average service time (msec) = 1.0177379672131148
Number of SET = 0
Number of GET = 16
Number of MULTI GET = 0


Worker 23
Average throughput (ops/sec) = 16
Average response time (msec) = 1.0559121311475408
Average queue length = 0
Average wait time in queue (msec) = 0.017533
Average service time (msec) = 0.9847870491803279
Number of SET = 0
Number of GET = 16
Number of MULTI GET = 0


Worker 28
Average throughput (ops/sec) = 16
Average response time (msec) = 1.0317708524590163
Average queue length = 0
Average wait time in queue (msec) = 0.023233377049180326
Average service time (msec) = 0.9562714262295082
Number of SET = 0
Number of GET = 16
Number of MULTI GET = 0


Worker 29
Average throughput (ops/sec) = 16
Average response time (msec) = 1.086573836065574
Average queue length = 0
Average wait time in queue (msec) = 0.01958509836065574
Average service time (msec) = 1.0131231639344263
Number of SET = 0
Number of GET = 16
Number of MULTI GET = 0


Worker 1
Average throughput (ops/sec) = 16
Average response time (msec) = 1.0909165573770492
Average queue length = 0
Average wait time in queue (msec) = 0.018352590163934427
Average service time (msec) = 1.0160179836065573
Number of SET = 0
Number of GET = 16
Number of MULTI GET = 0


Worker 30
Average throughput (ops/sec) = 16
Average response time (msec) = 1.0831311475409835
Average queue length = 0
Average wait time in queue (msec) = 0.02020539344262295
Average service time (msec) = 1.0117045409836065
Number of SET = 0
Number of GET = 16
Number of MULTI GET = 0


Worker 35
Average throughput (ops/sec) = 16
Average response time (msec) = 1.0698416065573773
Average queue length = 0
Average wait time in queue (msec) = 0.028317311475409834
Average service time (msec) = 0.9897164918032787
Number of SET = 0
Number of GET = 16
Number of MULTI GET = 0


Worker 36
Average throughput (ops/sec) = 16
Average response time (msec) = 1.0577867704918034
Average queue length = 0
Average wait time in queue (msec) = 0.018314803278688525
Average service time (msec) = 0.9855570983606557
Number of SET = 0
Number of GET = 16
Number of MULTI GET = 0


Worker 37
Average throughput (ops/sec) = 16
Average response time (msec) = 1.078504213114754
Average queue length = 0
Average wait time in queue (msec) = 0.020488573770491802
Average service time (msec) = 1.0064934098360656
Number of SET = 0
Number of GET = 16
Number of MULTI GET = 0


Worker 38
Average throughput (ops/sec) = 16
Average response time (msec) = 1.0769256065573771
Average queue length = 0
Average wait time in queue (msec) = 0.020021377049180326
Average service time (msec) = 1.0050970655737705
Number of SET = 0
Number of GET = 16
Number of MULTI GET = 0


Worker 31
Average throughput (ops/sec) = 16
Average response time (msec) = 1.1356440655737705
Average queue length = 0
Average wait time in queue (msec) = 0.01857083606557377
Average service time (msec) = 1.063560163934426
Number of SET = 0
Number of GET = 16
Number of MULTI GET = 0


Worker 32
Average throughput (ops/sec) = 16
Average response time (msec) = 1.0992311147540985
Average queue length = 0
Average wait time in queue (msec) = 0.024768803278688523
Average service time (msec) = 1.014279131147541
Number of SET = 0
Number of GET = 16
Number of MULTI GET = 0


Worker 33
Average throughput (ops/sec) = 16
Average response time (msec) = 1.1306681147540985
Average queue length = 0
Average wait time in queue (msec) = 0.018611475409836063
Average service time (msec) = 1.0583551803278688
Number of SET = 0
Number of GET = 16
Number of MULTI GET = 0


Worker 34
Average throughput (ops/sec) = 16
Average response time (msec) = 1.1190255901639345
Average queue length = 0
Average wait time in queue (msec) = 0.018445491803278688
Average service time (msec) = 1.0489908360655738
Number of SET = 0
Number of GET = 16
Number of MULTI GET = 0


Worker 39
Average throughput (ops/sec) = 16
Average response time (msec) = 1.0888281475409836
Average queue length = 0
Average wait time in queue (msec) = 0.019641311475409835
Average service time (msec) = 1.0149045409836066
Number of SET = 0
Number of GET = 16
Number of MULTI GET = 0


Worker 40
Average throughput (ops/sec) = 16
Average response time (msec) = 1.0958340327868852
Average queue length = 0
Average wait time in queue (msec) = 0.020113754098360657
Average service time (msec) = 1.0193967704918032
Number of SET = 0
Number of GET = 16
Number of MULTI GET = 0


Worker 41
Average throughput (ops/sec) = 16
Average response time (msec) = 1.111310836065574
Average queue length = 0
Average wait time in queue (msec) = 0.018242983606557378
Average service time (msec) = 1.0375644590163935
Number of SET = 0
Number of GET = 16
Number of MULTI GET = 0


FINAL STATS
Average throughput (ops/sec) = 1024
Average response time (msec) = 1.0802319357114376
Average queue length = 0
Average wait time in queue (msec) = 0.01983884528688525
Average service time (msec) = 1.0168859736168032
Number of SET = 0
Number of GET = 1024
Number of MULTI GET = 0
Number of Cache misses = 1071


Histogram response times (0.1 msec step)
0.0 msec : 2196
0.1 msec : 11664
0.2 msec : 15373
0.3 msec : 9118
0.4 msec : 5060
0.5 msec : 3847
0.6 msec : 2940
0.7 msec : 2424
0.8 msec : 1794
0.9 msec : 1527
1.0 msec : 1213
1.1 msec : 1004
1.2 msec : 971
1.3 msec : 844
1.4 msec : 638
1.5 msec : 481
1.6 msec : 410
1.7 msec : 445
1.8 msec : 330
1.9 msec : 281
2.0 msec : 261
2.1 msec : 245
2.2 msec : 197
2.3 msec : 172
2.4 msec : 173
2.5 msec : 177
2.6 msec : 130
2.7 msec : 151
2.8 msec : 121
2.9 msec : 81
3.0 msec : 83
3.1 msec : 69
3.2 msec : 63
3.3 msec : 81
3.4 msec : 52
3.5 msec : 60
3.6 msec : 42
3.7 msec : 47
3.8 msec : 43
3.9 msec : 39
4.0 msec : 24
4.1 msec : 27
4.2 msec : 16
4.3 msec : 21
4.4 msec : 17
4.5 msec : 24
4.6 msec : 10
4.7 msec : 13
4.8 msec : 10
4.9 msec : 16
5.0 msec : 9
5.1 msec : 4
5.2 msec : 7
5.3 msec : 11
5.4 msec : 3
5.5 msec : 18
5.6 msec : 6
5.7 msec : 9
5.8 msec : 1
5.9 msec : 8
6.0 msec : 10
6.1 msec : 10
6.2 msec : 8
6.3 msec : 1
6.4 msec : 5
6.5 msec : 3
6.6 msec : 14
6.7 msec : 2
6.8 msec : 4
6.9 msec : 4
7.0 msec : 5
7.1 msec : 3
7.2 msec : 3
7.3 msec : 7
7.4 msec : 1
7.5 msec : 3
7.6 msec : 1
7.7 msec : 0
7.8 msec : 4
7.9 msec : 2
8.0 msec : 0
8.1 msec : 0
8.2 msec : 2
8.3 msec : 1
8.4 msec : 1
8.5 msec : 0
8.6 msec : 0
8.7 msec : 2
8.8 msec : 0
8.9 msec : 0
9.0 msec : 0
9.1 msec : 0
9.2 msec : 0
9.3 msec : 0
9.4 msec : 0
9.5 msec : 0
9.6 msec : 0
9.7 msec : 0
9.8 msec : 0
9.9 msec : 0
10.0 msec : 0
10.1 msec : 0
10.2 msec : 0
10.3 msec : 0
10.4 msec : 0
10.5 msec : 0
10.6 msec : 2
10.7 msec : 0
10.8 msec : 0
10.9 msec : 0
11.0 msec : 0
11.1 msec : 0
11.2 msec : 0
11.3 msec : 0
11.4 msec : 0
11.5 msec : 0
11.6 msec : 0
11.7 msec : 0
11.8 msec : 0
11.9 msec : 0
12.0 msec : 0
12.1 msec : 0
12.2 msec : 0
12.3 msec : 0
12.4 msec : 0
12.5 msec : 0
12.6 msec : 0
12.7 msec : 0
12.8 msec : 0
12.9 msec : 0
13.0 msec : 0
13.1 msec : 0
13.2 msec : 0
13.3 msec : 0
13.4 msec : 0
13.5 msec : 0
13.6 msec : 0
13.7 msec : 0
13.8 msec : 0
13.9 msec : 0
14.0 msec : 0
14.1 msec : 0
14.2 msec : 0
14.3 msec : 0
14.4 msec : 0
14.5 msec : 0
14.6 msec : 0
14.7 msec : 0
14.8 msec : 0
14.9 msec : 0
15.0 msec : 0
15.1 msec : 0
15.2 msec : 0
15.3 msec : 0
15.4 msec : 0
15.5 msec : 0
15.6 msec : 0
15.7 msec : 0
15.8 msec : 0
15.9 msec : 0
16.0 msec : 0
16.1 msec : 0
16.2 msec : 0
16.3 msec : 0
16.4 msec : 0
16.5 msec : 0
16.6 msec : 0
16.7 msec : 0
16.8 msec : 0
16.9 msec : 0
17.0 msec : 0
17.1 msec : 0
17.2 msec : 1
17.3 msec : 1
17.4 msec : 0
17.5 msec : 0
17.6 msec : 0
17.7 msec : 1
17.8 msec : 0
17.9 msec : 0
18.0 msec : 0
18.1 msec : 0
18.2 msec : 0
18.3 msec : 0
18.4 msec : 0
18.5 msec : 0
18.6 msec : 0
18.7 msec : 0
18.8 msec : 0
18.9 msec : 0
19.0 msec : 0
19.1 msec : 0
19.2 msec : 0
19.3 msec : 0
19.4 msec : 0
19.5 msec : 0
19.6 msec : 0
19.7 msec : 0
19.8 msec : 0
19.9 msec : 0
20.0 msec : 0
20.1 msec : 0
20.2 msec : 0
20.3 msec : 0
20.4 msec : 0
20.5 msec : 0
20.6 msec : 0
20.7 msec : 0
20.8 msec : 0
20.9 msec : 0
21.0 msec : 0
21.1 msec : 0
21.2 msec : 0
21.3 msec : 0
21.4 msec : 0
21.5 msec : 0
21.6 msec : 0
21.7 msec : 0
21.8 msec : 0
21.9 msec : 0
22.0 msec : 0
22.1 msec : 0
22.2 msec : 0
22.3 msec : 0
22.4 msec : 0
22.5 msec : 1
22.6 msec : 0
22.7 msec : 0
22.8 msec : 0
22.9 msec : 0
23.0 msec : 0
23.1 msec : 0
23.2 msec : 0
23.3 msec : 0
23.4 msec : 0
23.5 msec : 0
23.6 msec : 0
23.7 msec : 0
23.8 msec : 0
23.9 msec : 0
24.0 msec : 0
24.1 msec : 0
24.2 msec : 0
24.3 msec : 0
24.4 msec : 0
24.5 msec : 0
24.6 msec : 0
24.7 msec : 0
24.8 msec : 1
24.9 msec : 0
25.0 msec : 0
25.1 msec : 0
25.2 msec : 0
25.3 msec : 0
25.4 msec : 0
25.5 msec : 0
25.6 msec : 0
25.7 msec : 0
25.8 msec : 0
25.9 msec : 0
26.0 msec : 0
26.1 msec : 0
26.2 msec : 0
26.3 msec : 0
26.4 msec : 0
26.5 msec : 0
26.6 msec : 0
26.7 msec : 0
26.8 msec : 0
26.9 msec : 0
27.0 msec : 0
27.1 msec : 0
27.2 msec : 0
27.3 msec : 0
27.4 msec : 0
27.5 msec : 1
27.6 msec : 0
27.7 msec : 0
27.8 msec : 0
27.9 msec : 0
28.0 msec : 0
28.1 msec : 0
28.2 msec : 0
28.3 msec : 0
28.4 msec : 0
28.5 msec : 0
28.6 msec : 0
28.7 msec : 0
28.8 msec : 0
28.9 msec : 0
29.0 msec : 0
29.1 msec : 0
29.2 msec : 0
29.3 msec : 0
29.4 msec : 0
29.5 msec : 0
29.6 msec : 0
29.7 msec : 0
29.8 msec : 0
29.9 msec : 0
30.0 msec : 0
30.1 msec : 0
30.2 msec : 0
30.3 msec : 0
30.4 msec : 0
30.5 msec : 0
30.6 msec : 0
30.7 msec : 0
30.8 msec : 0
30.9 msec : 0
31.0 msec : 0
31.1 msec : 0
31.2 msec : 0
31.3 msec : 0
31.4 msec : 0
31.5 msec : 0
31.6 msec : 0
31.7 msec : 0
31.8 msec : 0
31.9 msec : 0
32.0 msec : 0
32.1 msec : 0
32.2 msec : 0
32.3 msec : 0
32.4 msec : 0
32.5 msec : 0
32.6 msec : 0
32.7 msec : 0
32.8 msec : 0
32.9 msec : 0
