Middleware started...
Middleware shuts down...
Smaller resolution statistics are in a log file...
Final aggregates per worker:


Worker 46
Average throughput (ops/sec) = 169
Average response time (msec) = 2.8802104918032785
Average queue length = 3
Average wait time in queue (msec) = 0.46740965573770493
Average service time (msec) = 2.2629685409836067
Number of SET = 0
Number of GET = 169
Number of MULTI GET = 0


Worker 47
Average throughput (ops/sec) = 169
Average response time (msec) = 2.8839666065573772
Average queue length = 2
Average wait time in queue (msec) = 0.4670468032786885
Average service time (msec) = 2.259512524590164
Number of SET = 0
Number of GET = 169
Number of MULTI GET = 0


Worker 48
Average throughput (ops/sec) = 169
Average response time (msec) = 2.8677032622950818
Average queue length = 3
Average wait time in queue (msec) = 0.49157232786885247
Average service time (msec) = 2.2193825573770494
Number of SET = 0
Number of GET = 169
Number of MULTI GET = 0


Worker 49
Average throughput (ops/sec) = 172
Average response time (msec) = 2.858405491803279
Average queue length = 5
Average wait time in queue (msec) = 0.4754362786885246
Average service time (msec) = 2.2412276721311475
Number of SET = 0
Number of GET = 172
Number of MULTI GET = 0


Worker 42
Average throughput (ops/sec) = 168
Average response time (msec) = 2.9056247213114754
Average queue length = 1
Average wait time in queue (msec) = 0.479159131147541
Average service time (msec) = 2.279233737704918
Number of SET = 0
Number of GET = 168
Number of MULTI GET = 0


Worker 43
Average throughput (ops/sec) = 165
Average response time (msec) = 2.9068195901639347
Average queue length = 3
Average wait time in queue (msec) = 0.4714882786885246
Average service time (msec) = 2.2820525737704918
Number of SET = 0
Number of GET = 165
Number of MULTI GET = 0


Worker 44
Average throughput (ops/sec) = 167
Average response time (msec) = 2.881172491803279
Average queue length = 3
Average wait time in queue (msec) = 0.4767130327868852
Average service time (msec) = 2.269263081967213
Number of SET = 0
Number of GET = 167
Number of MULTI GET = 0


Worker 45
Average throughput (ops/sec) = 168
Average response time (msec) = 2.8503832786885246
Average queue length = 2
Average wait time in queue (msec) = 0.4488374918032787
Average service time (msec) = 2.2424755901639344
Number of SET = 0
Number of GET = 168
Number of MULTI GET = 0


Worker 50
Average throughput (ops/sec) = 169
Average response time (msec) = 2.884430426229508
Average queue length = 5
Average wait time in queue (msec) = 0.4870995081967213
Average service time (msec) = 2.255751
Number of SET = 0
Number of GET = 169
Number of MULTI GET = 0


Worker 51
Average throughput (ops/sec) = 168
Average response time (msec) = 2.9064886229508198
Average queue length = 4
Average wait time in queue (msec) = 0.49872381967213114
Average service time (msec) = 2.2560754098360656
Number of SET = 0
Number of GET = 168
Number of MULTI GET = 0


Worker 52
Average throughput (ops/sec) = 166
Average response time (msec) = 2.932621901639344
Average queue length = 5
Average wait time in queue (msec) = 0.4901990327868852
Average service time (msec) = 2.29991
Number of SET = 0
Number of GET = 166
Number of MULTI GET = 0


Worker 57
Average throughput (ops/sec) = 168
Average response time (msec) = 2.906708704918033
Average queue length = 4
Average wait time in queue (msec) = 0.48949954098360654
Average service time (msec) = 2.263436786885246
Number of SET = 0
Number of GET = 168
Number of MULTI GET = 0


Worker 13
Average throughput (ops/sec) = 169
Average response time (msec) = 2.880237475409836
Average queue length = 4
Average wait time in queue (msec) = 0.47476891803278687
Average service time (msec) = 2.2597424098360657
Number of SET = 0
Number of GET = 169
Number of MULTI GET = 0


Worker 58
Average throughput (ops/sec) = 168
Average response time (msec) = 2.9034323114754095
Average queue length = 5
Average wait time in queue (msec) = 0.4771106229508197
Average service time (msec) = 2.2922795737704917
Number of SET = 0
Number of GET = 168
Number of MULTI GET = 0


Worker 14
Average throughput (ops/sec) = 169
Average response time (msec) = 2.911071524590164
Average queue length = 5
Average wait time in queue (msec) = 0.48883401639344265
Average service time (msec) = 2.2973520327868853
Number of SET = 0
Number of GET = 169
Number of MULTI GET = 0


Worker 59
Average throughput (ops/sec) = 170
Average response time (msec) = 2.8542199344262293
Average queue length = 6
Average wait time in queue (msec) = 0.4490452295081967
Average service time (msec) = 2.2581978032786885
Number of SET = 0
Number of GET = 170
Number of MULTI GET = 0


Worker 15
Average throughput (ops/sec) = 168
Average response time (msec) = 2.874310819672131
Average queue length = 6
Average wait time in queue (msec) = 0.47643281967213114
Average service time (msec) = 2.2694432459016394
Number of SET = 0
Number of GET = 168
Number of MULTI GET = 0


Worker 16
Average throughput (ops/sec) = 170
Average response time (msec) = 2.8326466721311476
Average queue length = 5
Average wait time in queue (msec) = 0.46305621311475414
Average service time (msec) = 2.2286322459016397
Number of SET = 0
Number of GET = 170
Number of MULTI GET = 0


Worker 53
Average throughput (ops/sec) = 169
Average response time (msec) = 2.8801192622950818
Average queue length = 4
Average wait time in queue (msec) = 0.48368211475409834
Average service time (msec) = 2.2525756557377052
Number of SET = 0
Number of GET = 169
Number of MULTI GET = 0


Worker 54
Average throughput (ops/sec) = 168
Average response time (msec) = 2.8397657377049184
Average queue length = 5
Average wait time in queue (msec) = 0.4530477868852459
Average service time (msec) = 2.2401033770491803
Number of SET = 0
Number of GET = 168
Number of MULTI GET = 0


Worker 10
Average throughput (ops/sec) = 167
Average response time (msec) = 2.9182550163934424
Average queue length = 3
Average wait time in queue (msec) = 0.458685
Average service time (msec) = 2.3080214262295082
Number of SET = 0
Number of GET = 167
Number of MULTI GET = 0


Worker 55
Average throughput (ops/sec) = 169
Average response time (msec) = 2.8738481147540984
Average queue length = 5
Average wait time in queue (msec) = 0.47247073770491804
Average service time (msec) = 2.268503229508197
Number of SET = 0
Number of GET = 169
Number of MULTI GET = 0


Worker 11
Average throughput (ops/sec) = 173
Average response time (msec) = 2.9015966065573773
Average queue length = 4
Average wait time in queue (msec) = 0.5031466065573771
Average service time (msec) = 2.243879803278688
Number of SET = 0
Number of GET = 173
Number of MULTI GET = 0


Worker 56
Average throughput (ops/sec) = 169
Average response time (msec) = 2.8528154262295082
Average queue length = 6
Average wait time in queue (msec) = 0.46327181967213116
Average service time (msec) = 2.265360573770492
Number of SET = 0
Number of GET = 169
Number of MULTI GET = 0


Worker 12
Average throughput (ops/sec) = 169
Average response time (msec) = 2.8664164098360656
Average queue length = 4
Average wait time in queue (msec) = 0.4791690327868852
Average service time (msec) = 2.239512901639344
Number of SET = 0
Number of GET = 169
Number of MULTI GET = 0


Worker 17
Average throughput (ops/sec) = 171
Average response time (msec) = 2.8884424426229507
Average queue length = 4
Average wait time in queue (msec) = 0.46508703278688523
Average service time (msec) = 2.2706863770491803
Number of SET = 0
Number of GET = 171
Number of MULTI GET = 0


Worker 18
Average throughput (ops/sec) = 169
Average response time (msec) = 2.8621056885245904
Average queue length = 5
Average wait time in queue (msec) = 0.46954952459016397
Average service time (msec) = 2.2493571967213115
Number of SET = 0
Number of GET = 169
Number of MULTI GET = 0


Worker 19
Average throughput (ops/sec) = 169
Average response time (msec) = 2.875909950819672
Average queue length = 4
Average wait time in queue (msec) = 0.476715524590164
Average service time (msec) = 2.2679554918032787
Number of SET = 0
Number of GET = 169
Number of MULTI GET = 0


Worker 60
Average throughput (ops/sec) = 166
Average response time (msec) = 2.90664
Average queue length = 6
Average wait time in queue (msec) = 0.4697101967213115
Average service time (msec) = 2.275464770491803
Number of SET = 0
Number of GET = 166
Number of MULTI GET = 0


Worker 61
Average throughput (ops/sec) = 169
Average response time (msec) = 2.8418392459016397
Average queue length = 5
Average wait time in queue (msec) = 0.4720081639344262
Average service time (msec) = 2.2334380983606557
Number of SET = 0
Number of GET = 169
Number of MULTI GET = 0


Worker 62
Average throughput (ops/sec) = 171
Average response time (msec) = 2.8669729180327868
Average queue length = 2
Average wait time in queue (msec) = 0.489306868852459
Average service time (msec) = 2.2459108688524587
Number of SET = 0
Number of GET = 171
Number of MULTI GET = 0


Worker 63
Average throughput (ops/sec) = 169
Average response time (msec) = 2.857579770491803
Average queue length = 6
Average wait time in queue (msec) = 0.4692533278688525
Average service time (msec) = 2.2398821475409836
Number of SET = 0
Number of GET = 169
Number of MULTI GET = 0


Worker 24
Average throughput (ops/sec) = 168
Average response time (msec) = 2.881935524590164
Average queue length = 7
Average wait time in queue (msec) = 0.46789736065573767
Average service time (msec) = 2.2739806229508197
Number of SET = 0
Number of GET = 168
Number of MULTI GET = 0


Worker 7
Average throughput (ops/sec) = 170
Average response time (msec) = 2.855812672131148
Average queue length = 3
Average wait time in queue (msec) = 0.45786873770491804
Average service time (msec) = 2.25046475409836
Number of SET = 0
Number of GET = 170
Number of MULTI GET = 0


Worker 6
Average throughput (ops/sec) = 168
Average response time (msec) = 2.8789658852459015
Average queue length = 3
Average wait time in queue (msec) = 0.4744771967213115
Average service time (msec) = 2.2648206393442623
Number of SET = 0
Number of GET = 168
Number of MULTI GET = 0


Worker 25
Average throughput (ops/sec) = 170
Average response time (msec) = 2.860006672131148
Average queue length = 5
Average wait time in queue (msec) = 0.46592904918032785
Average service time (msec) = 2.251805573770492
Number of SET = 0
Number of GET = 170
Number of MULTI GET = 0


Worker 26
Average throughput (ops/sec) = 167
Average response time (msec) = 2.875300672131148
Average queue length = 5
Average wait time in queue (msec) = 0.4447105573770492
Average service time (msec) = 2.2800781147540983
Number of SET = 0
Number of GET = 167
Number of MULTI GET = 0


Worker 9
Average throughput (ops/sec) = 167
Average response time (msec) = 2.873750131147541
Average queue length = 6
Average wait time in queue (msec) = 0.4447983114754098
Average service time (msec) = 2.2884886065573773
Number of SET = 0
Number of GET = 167
Number of MULTI GET = 0


Worker 27
Average throughput (ops/sec) = 168
Average response time (msec) = 2.887482426229508
Average queue length = 3
Average wait time in queue (msec) = 0.4627658032786885
Average service time (msec) = 2.2845034590163933
Number of SET = 0
Number of GET = 168
Number of MULTI GET = 0


Worker 8
Average throughput (ops/sec) = 169
Average response time (msec) = 2.8963571639344265
Average queue length = 4
Average wait time in queue (msec) = 0.45998150819672134
Average service time (msec) = 2.293460786885246
Number of SET = 0
Number of GET = 169
Number of MULTI GET = 0


Worker 64
Average throughput (ops/sec) = 172
Average response time (msec) = 2.8553525409836067
Average queue length = 4
Average wait time in queue (msec) = 0.45964086885245903
Average service time (msec) = 2.2724923114754096
Number of SET = 0
Number of GET = 172
Number of MULTI GET = 0


Worker 20
Average throughput (ops/sec) = 168
Average response time (msec) = 2.919467868852459
Average queue length = 5
Average wait time in queue (msec) = 0.49165454098360656
Average service time (msec) = 2.297812573770492
Number of SET = 0
Number of GET = 168
Number of MULTI GET = 0


Worker 3
Average throughput (ops/sec) = 167
Average response time (msec) = 2.891612573770492
Average queue length = 4
Average wait time in queue (msec) = 0.49200227868852464
Average service time (msec) = 2.2386518032786884
Number of SET = 0
Number of GET = 167
Number of MULTI GET = 0


Worker 21
Average throughput (ops/sec) = 169
Average response time (msec) = 2.840826491803279
Average queue length = 5
Average wait time in queue (msec) = 0.45069495081967215
Average service time (msec) = 2.260358147540984
Number of SET = 0
Number of GET = 169
Number of MULTI GET = 0


Worker 2
Average throughput (ops/sec) = 169
Average response time (msec) = 2.8582375573770493
Average queue length = 4
Average wait time in queue (msec) = 0.4801050327868852
Average service time (msec) = 2.2477084098360653
Number of SET = 0
Number of GET = 169
Number of MULTI GET = 0


Worker 22
Average throughput (ops/sec) = 168
Average response time (msec) = 2.881781868852459
Average queue length = 5
Average wait time in queue (msec) = 0.44494354098360656
Average service time (msec) = 2.262140393442623
Number of SET = 0
Number of GET = 168
Number of MULTI GET = 0


Worker 5
Average throughput (ops/sec) = 168
Average response time (msec) = 2.884672295081967
Average queue length = 5
Average wait time in queue (msec) = 0.4571967213114754
Average service time (msec) = 2.2677825409836068
Number of SET = 0
Number of GET = 168
Number of MULTI GET = 0


Worker 23
Average throughput (ops/sec) = 168
Average response time (msec) = 2.8624368524590165
Average queue length = 4
Average wait time in queue (msec) = 0.458772393442623
Average service time (msec) = 2.2521291147540983
Number of SET = 0
Number of GET = 168
Number of MULTI GET = 0


Worker 4
Average throughput (ops/sec) = 168
Average response time (msec) = 2.8597018688524587
Average queue length = 6
Average wait time in queue (msec) = 0.4706044262295082
Average service time (msec) = 2.25447062295082
Number of SET = 0
Number of GET = 168
Number of MULTI GET = 0


Worker 28
Average throughput (ops/sec) = 168
Average response time (msec) = 2.84757662295082
Average queue length = 3
Average wait time in queue (msec) = 0.45035721311475413
Average service time (msec) = 2.2505457868852456
Number of SET = 0
Number of GET = 168
Number of MULTI GET = 0


Worker 29
Average throughput (ops/sec) = 168
Average response time (msec) = 2.8725301147540985
Average queue length = 3
Average wait time in queue (msec) = 0.4382858032786885
Average service time (msec) = 2.2968467049180328
Number of SET = 0
Number of GET = 168
Number of MULTI GET = 0


Worker 1
Average throughput (ops/sec) = 168
Average response time (msec) = 2.9298576065573774
Average queue length = 6
Average wait time in queue (msec) = 0.4785665409836065
Average service time (msec) = 2.310704655737705
Number of SET = 0
Number of GET = 168
Number of MULTI GET = 0


Worker 30
Average throughput (ops/sec) = 168
Average response time (msec) = 2.912944475409836
Average queue length = 3
Average wait time in queue (msec) = 0.4699486393442623
Average service time (msec) = 2.312582606557377
Number of SET = 0
Number of GET = 168
Number of MULTI GET = 0


Worker 35
Average throughput (ops/sec) = 167
Average response time (msec) = 2.870266081967213
Average queue length = 3
Average wait time in queue (msec) = 0.4641838524590164
Average service time (msec) = 2.272551295081967
Number of SET = 0
Number of GET = 167
Number of MULTI GET = 0


Worker 36
Average throughput (ops/sec) = 167
Average response time (msec) = 2.8766534590163935
Average queue length = 3
Average wait time in queue (msec) = 0.46158988524590167
Average service time (msec) = 2.2881500163934425
Number of SET = 0
Number of GET = 167
Number of MULTI GET = 0


Worker 37
Average throughput (ops/sec) = 170
Average response time (msec) = 2.841914081967213
Average queue length = 4
Average wait time in queue (msec) = 0.47398421311475414
Average service time (msec) = 2.242158491803279
Number of SET = 0
Number of GET = 170
Number of MULTI GET = 0


Worker 38
Average throughput (ops/sec) = 170
Average response time (msec) = 2.8618898852459016
Average queue length = 5
Average wait time in queue (msec) = 0.49156801639344266
Average service time (msec) = 2.2382574918032785
Number of SET = 0
Number of GET = 170
Number of MULTI GET = 0


Worker 31
Average throughput (ops/sec) = 165
Average response time (msec) = 2.8991247213114755
Average queue length = 3
Average wait time in queue (msec) = 0.4602429344262295
Average service time (msec) = 2.3018591639344264
Number of SET = 0
Number of GET = 165
Number of MULTI GET = 0


Worker 32
Average throughput (ops/sec) = 166
Average response time (msec) = 2.853805606557377
Average queue length = 4
Average wait time in queue (msec) = 0.44394172131147536
Average service time (msec) = 2.261503852459016
Number of SET = 0
Number of GET = 166
Number of MULTI GET = 0


Worker 33
Average throughput (ops/sec) = 172
Average response time (msec) = 2.8700280327868852
Average queue length = 3
Average wait time in queue (msec) = 0.48304954098360653
Average service time (msec) = 2.259608557377049
Number of SET = 0
Number of GET = 172
Number of MULTI GET = 0


Worker 34
Average throughput (ops/sec) = 169
Average response time (msec) = 2.8733510983606556
Average queue length = 3
Average wait time in queue (msec) = 0.4715889016393443
Average service time (msec) = 2.2559143278688523
Number of SET = 0
Number of GET = 169
Number of MULTI GET = 0


Worker 39
Average throughput (ops/sec) = 168
Average response time (msec) = 2.877195393442623
Average queue length = 4
Average wait time in queue (msec) = 0.481817393442623
Average service time (msec) = 2.2444960655737707
Number of SET = 0
Number of GET = 168
Number of MULTI GET = 0


Worker 40
Average throughput (ops/sec) = 172
Average response time (msec) = 2.9244720327868854
Average queue length = 5
Average wait time in queue (msec) = 0.4977361639344262
Average service time (msec) = 2.2910840983606557
Number of SET = 0
Number of GET = 172
Number of MULTI GET = 0


Worker 41
Average throughput (ops/sec) = 169
Average response time (msec) = 2.8834687868852455
Average queue length = 4
Average wait time in queue (msec) = 0.4729037704918033
Average service time (msec) = 2.2816877377049183
Number of SET = 0
Number of GET = 169
Number of MULTI GET = 0


FINAL STATS
Average throughput (ops/sec) = 10791
Average response time (msec) = 2.8167584297826065
Average queue length = 4
Average wait time in queue (msec) = 0.47064600512295085
Average service time (msec) = 2.265417000512295
Number of SET = 0
Number of GET = 10791
Number of MULTI GET = 0
Number of Cache misses = 12248


Histogram response times (0.1 msec step)
0.0 msec : 567
0.1 msec : 4887
0.2 msec : 15010
0.3 msec : 28833
0.4 msec : 42687
0.5 msec : 52306
0.6 msec : 54794
0.7 msec : 52442
0.8 msec : 47786
0.9 msec : 39961
1.0 msec : 31696
1.1 msec : 24986
1.2 msec : 20005
1.3 msec : 15548
1.4 msec : 12249
1.5 msec : 9543
1.6 msec : 7655
1.7 msec : 6319
1.8 msec : 4972
1.9 msec : 4067
2.0 msec : 3593
2.1 msec : 2961
2.2 msec : 2740
2.3 msec : 2174
2.4 msec : 2254
2.5 msec : 1983
2.6 msec : 2043
2.7 msec : 2114
2.8 msec : 2075
2.9 msec : 1783
3.0 msec : 1558
3.1 msec : 1590
3.2 msec : 1415
3.3 msec : 1449
3.4 msec : 1622
3.5 msec : 1639
3.6 msec : 1593
3.7 msec : 1613
3.8 msec : 1400
3.9 msec : 1347
4.0 msec : 1274
4.1 msec : 1300
4.2 msec : 1123
4.3 msec : 1070
4.4 msec : 1194
4.5 msec : 1064
4.6 msec : 947
4.7 msec : 955
4.8 msec : 1046
4.9 msec : 805
5.0 msec : 919
5.1 msec : 790
5.2 msec : 781
5.3 msec : 764
5.4 msec : 1667
5.5 msec : 3606
5.6 msec : 5438
5.7 msec : 6485
5.8 msec : 7357
5.9 msec : 7979
6.0 msec : 8446
6.1 msec : 9072
6.2 msec : 8450
6.3 msec : 7435
6.4 msec : 6297
6.5 msec : 5425
6.6 msec : 4520
6.7 msec : 3724
6.8 msec : 3245
6.9 msec : 2573
7.0 msec : 2233
7.1 msec : 1885
7.2 msec : 1765
7.3 msec : 1405
7.4 msec : 1380
7.5 msec : 1299
7.6 msec : 1253
7.7 msec : 1039
7.8 msec : 895
7.9 msec : 832
8.0 msec : 813
8.1 msec : 763
8.2 msec : 775
8.3 msec : 909
8.4 msec : 937
8.5 msec : 891
8.6 msec : 881
8.7 msec : 1084
8.8 msec : 933
8.9 msec : 867
9.0 msec : 736
9.1 msec : 739
9.2 msec : 681
9.3 msec : 710
9.4 msec : 765
9.5 msec : 775
9.6 msec : 825
9.7 msec : 863
9.8 msec : 788
9.9 msec : 725
10.0 msec : 715
10.1 msec : 676
10.2 msec : 522
10.3 msec : 440
10.4 msec : 473
10.5 msec : 385
10.6 msec : 280
10.7 msec : 272
10.8 msec : 255
10.9 msec : 215
11.0 msec : 169
11.1 msec : 134
11.2 msec : 144
11.3 msec : 102
11.4 msec : 130
11.5 msec : 106
11.6 msec : 93
11.7 msec : 86
11.8 msec : 71
11.9 msec : 56
12.0 msec : 62
12.1 msec : 61
12.2 msec : 69
12.3 msec : 63
12.4 msec : 73
12.5 msec : 60
12.6 msec : 56
12.7 msec : 48
12.8 msec : 43
12.9 msec : 40
13.0 msec : 28
13.1 msec : 26
13.2 msec : 25
13.3 msec : 26
13.4 msec : 12
13.5 msec : 24
13.6 msec : 25
13.7 msec : 23
13.8 msec : 21
13.9 msec : 35
14.0 msec : 18
14.1 msec : 21
14.2 msec : 12
14.3 msec : 23
14.4 msec : 21
14.5 msec : 10
14.6 msec : 24
14.7 msec : 21
14.8 msec : 15
14.9 msec : 25
15.0 msec : 25
15.1 msec : 22
15.2 msec : 33
15.3 msec : 17
15.4 msec : 34
15.5 msec : 28
15.6 msec : 22
15.7 msec : 22
15.8 msec : 27
15.9 msec : 41
16.0 msec : 48
16.1 msec : 42
16.2 msec : 37
16.3 msec : 31
16.4 msec : 34
16.5 msec : 57
16.6 msec : 31
16.7 msec : 33
16.8 msec : 37
16.9 msec : 30
17.0 msec : 40
17.1 msec : 29
17.2 msec : 31
17.3 msec : 39
17.4 msec : 32
17.5 msec : 23
17.6 msec : 17
17.7 msec : 19
17.8 msec : 17
17.9 msec : 20
18.0 msec : 13
18.1 msec : 8
18.2 msec : 27
18.3 msec : 24
18.4 msec : 20
18.5 msec : 12
18.6 msec : 13
18.7 msec : 31
18.8 msec : 27
18.9 msec : 25
19.0 msec : 19
19.1 msec : 19
19.2 msec : 18
19.3 msec : 17
19.4 msec : 13
19.5 msec : 10
19.6 msec : 17
19.7 msec : 5
19.8 msec : 9
19.9 msec : 13
20.0 msec : 4
20.1 msec : 10
20.2 msec : 6
20.3 msec : 8
20.4 msec : 2
20.5 msec : 4
20.6 msec : 6
20.7 msec : 1
20.8 msec : 4
20.9 msec : 17
21.0 msec : 15
21.1 msec : 12
21.2 msec : 31
21.3 msec : 18
21.4 msec : 9
21.5 msec : 21
21.6 msec : 15
21.7 msec : 26
21.8 msec : 21
21.9 msec : 14
22.0 msec : 32
22.1 msec : 32
22.2 msec : 23
22.3 msec : 16
22.4 msec : 12
22.5 msec : 13
22.6 msec : 21
22.7 msec : 8
22.8 msec : 10
22.9 msec : 14
23.0 msec : 28
23.1 msec : 25
23.2 msec : 15
23.3 msec : 26
23.4 msec : 12
23.5 msec : 9
23.6 msec : 19
23.7 msec : 16
23.8 msec : 14
23.9 msec : 13
24.0 msec : 17
24.1 msec : 7
24.2 msec : 14
24.3 msec : 23
24.4 msec : 16
24.5 msec : 11
24.6 msec : 11
24.7 msec : 27
24.8 msec : 15
24.9 msec : 24
25.0 msec : 2
25.1 msec : 8
25.2 msec : 9
25.3 msec : 15
25.4 msec : 6
25.5 msec : 4
25.6 msec : 9
25.7 msec : 4
25.8 msec : 10
25.9 msec : 6
26.0 msec : 3
26.1 msec : 3
26.2 msec : 1
26.3 msec : 5
26.4 msec : 1
26.5 msec : 1
26.6 msec : 3
26.7 msec : 5
26.8 msec : 4
26.9 msec : 4
27.0 msec : 7
27.1 msec : 8
27.2 msec : 8
27.3 msec : 6
27.4 msec : 3
27.5 msec : 2
27.6 msec : 7
27.7 msec : 3
27.8 msec : 4
27.9 msec : 4
28.0 msec : 2
28.1 msec : 2
28.2 msec : 1
28.3 msec : 3
28.4 msec : 1
28.5 msec : 0
28.6 msec : 0
28.7 msec : 0
28.8 msec : 1
28.9 msec : 0
29.0 msec : 0
29.1 msec : 0
29.2 msec : 0
29.3 msec : 0
29.4 msec : 0
29.5 msec : 0
29.6 msec : 1
29.7 msec : 0
29.8 msec : 0
29.9 msec : 0
30.0 msec : 0
30.1 msec : 1
30.2 msec : 0
30.3 msec : 0
30.4 msec : 1
30.5 msec : 2
30.6 msec : 3
30.7 msec : 1
30.8 msec : 3
30.9 msec : 4
31.0 msec : 1
31.1 msec : 2
31.2 msec : 3
31.3 msec : 1
31.4 msec : 5
31.5 msec : 2
31.6 msec : 2
31.7 msec : 3
31.8 msec : 4
31.9 msec : 1
32.0 msec : 1
32.1 msec : 2
32.2 msec : 2
32.3 msec : 1
32.4 msec : 2
32.5 msec : 1
32.6 msec : 1
32.7 msec : 2
32.8 msec : 1
32.9 msec : 1
33.0 msec : 0
33.1 msec : 0
33.2 msec : 2
33.3 msec : 2
33.4 msec : 1
33.5 msec : 0
33.6 msec : 0
33.7 msec : 0
33.8 msec : 1
33.9 msec : 0
34.0 msec : 0
34.1 msec : 1
34.2 msec : 0
34.3 msec : 0
34.4 msec : 1
34.5 msec : 0
34.6 msec : 1
34.7 msec : 0
34.8 msec : 0
34.9 msec : 0
35.0 msec : 0
35.1 msec : 0
35.2 msec : 0
35.3 msec : 0
35.4 msec : 1
35.5 msec : 0
35.6 msec : 0
35.7 msec : 0
35.8 msec : 0
35.9 msec : 0
36.0 msec : 0
36.1 msec : 0
36.2 msec : 0
36.3 msec : 0
36.4 msec : 0
36.5 msec : 0
36.6 msec : 1
36.7 msec : 0
36.8 msec : 0
36.9 msec : 0
37.0 msec : 0
37.1 msec : 1
37.2 msec : 0
37.3 msec : 0
37.4 msec : 0
37.5 msec : 0
37.6 msec : 0
37.7 msec : 0
37.8 msec : 0
37.9 msec : 0
38.0 msec : 0
38.1 msec : 1
38.2 msec : 0
38.3 msec : 1
38.4 msec : 1
38.5 msec : 0
38.6 msec : 2
38.7 msec : 1
38.8 msec : 1
38.9 msec : 2
39.0 msec : 3
39.1 msec : 5
39.2 msec : 8
39.3 msec : 5
39.4 msec : 3
39.5 msec : 1
39.6 msec : 2
39.7 msec : 3
39.8 msec : 4
39.9 msec : 5
40.0 msec : 7
40.1 msec : 0
40.2 msec : 1
40.3 msec : 3
40.4 msec : 2
40.5 msec : 0
40.6 msec : 2
40.7 msec : 4
40.8 msec : 0
40.9 msec : 0
41.0 msec : 1
41.1 msec : 1
41.2 msec : 1
41.3 msec : 1
41.4 msec : 0
41.5 msec : 0
41.6 msec : 0
41.7 msec : 0
41.8 msec : 0
41.9 msec : 4
42.0 msec : 4
42.1 msec : 1
42.2 msec : 1
42.3 msec : 0
42.4 msec : 0
42.5 msec : 0
42.6 msec : 0
42.7 msec : 0
42.8 msec : 0
42.9 msec : 0
43.0 msec : 1
43.1 msec : 1
43.2 msec : 1
43.3 msec : 0
43.4 msec : 0
43.5 msec : 1
43.6 msec : 1
43.7 msec : 0
43.8 msec : 0
43.9 msec : 1
44.0 msec : 0
44.1 msec : 0
44.2 msec : 1
44.3 msec : 0
44.4 msec : 0
44.5 msec : 0
44.6 msec : 0
44.7 msec : 0
44.8 msec : 0
44.9 msec : 0
45.0 msec : 0
45.1 msec : 0
45.2 msec : 0
45.3 msec : 0
45.4 msec : 0
45.5 msec : 0
45.6 msec : 0
45.7 msec : 0
45.8 msec : 0
45.9 msec : 0
46.0 msec : 0
46.1 msec : 0
46.2 msec : 1
46.3 msec : 2
46.4 msec : 0
46.5 msec : 2
46.6 msec : 1
46.7 msec : 2
46.8 msec : 0
46.9 msec : 1
47.0 msec : 0
47.1 msec : 0
47.2 msec : 0
47.3 msec : 0
47.4 msec : 1
47.5 msec : 0
47.6 msec : 0
47.7 msec : 0
47.8 msec : 0
47.9 msec : 0
48.0 msec : 0
48.1 msec : 0
48.2 msec : 0
48.3 msec : 0
48.4 msec : 0
48.5 msec : 0
48.6 msec : 0
48.7 msec : 0
48.8 msec : 0
48.9 msec : 0
49.0 msec : 0
49.1 msec : 1
49.2 msec : 0
49.3 msec : 0
49.4 msec : 0
49.5 msec : 1
49.6 msec : 1
49.7 msec : 0
49.8 msec : 0
49.9 msec : 0
50.0 msec : 1
50.1 msec : 0
50.2 msec : 1
50.3 msec : 1
50.4 msec : 4
50.5 msec : 3
50.6 msec : 0
50.7 msec : 1
50.8 msec : 2
50.9 msec : 1
51.0 msec : 2
51.1 msec : 1
51.2 msec : 4
51.3 msec : 0
51.4 msec : 0
51.5 msec : 0
51.6 msec : 0
51.7 msec : 5
51.8 msec : 1
51.9 msec : 4
52.0 msec : 1
52.1 msec : 2
52.2 msec : 0
52.3 msec : 0
52.4 msec : 0
52.5 msec : 0
52.6 msec : 0
52.7 msec : 0
52.8 msec : 0
52.9 msec : 0
53.0 msec : 0
53.1 msec : 0
53.2 msec : 0
53.3 msec : 0
53.4 msec : 0
53.5 msec : 1
53.6 msec : 0
53.7 msec : 0
53.8 msec : 4
53.9 msec : 3
54.0 msec : 7
54.1 msec : 1
54.2 msec : 1
54.3 msec : 0
54.4 msec : 0
54.5 msec : 0
54.6 msec : 0
54.7 msec : 0
54.8 msec : 0
54.9 msec : 0
55.0 msec : 0
55.1 msec : 2
55.2 msec : 0
55.3 msec : 0
55.4 msec : 0
55.5 msec : 4
55.6 msec : 2
55.7 msec : 2
55.8 msec : 1
55.9 msec : 0
56.0 msec : 1
56.1 msec : 0
56.2 msec : 0
56.3 msec : 0
56.4 msec : 0
56.5 msec : 0
56.6 msec : 0
56.7 msec : 0
56.8 msec : 0
56.9 msec : 0
57.0 msec : 0
57.1 msec : 0
57.2 msec : 0
57.3 msec : 0
57.4 msec : 0
57.5 msec : 1
57.6 msec : 0
57.7 msec : 1
57.8 msec : 1
57.9 msec : 1
58.0 msec : 0
58.1 msec : 0
58.2 msec : 0
58.3 msec : 0
58.4 msec : 0
58.5 msec : 0
58.6 msec : 0
58.7 msec : 0
58.8 msec : 0
58.9 msec : 0
59.0 msec : 0
59.1 msec : 0
59.2 msec : 0
59.3 msec : 2
59.4 msec : 0
59.5 msec : 0
59.6 msec : 0
59.7 msec : 2
59.8 msec : 1
59.9 msec : 2
60.0 msec : 0
60.1 msec : 2
60.2 msec : 0
60.3 msec : 1
60.4 msec : 0
60.5 msec : 0
60.6 msec : 1
60.7 msec : 0
60.8 msec : 0
60.9 msec : 0
61.0 msec : 0
61.1 msec : 0
61.2 msec : 0
61.3 msec : 0
61.4 msec : 0
61.5 msec : 0
61.6 msec : 0
61.7 msec : 2
61.8 msec : 1
61.9 msec : 0
62.0 msec : 2
62.1 msec : 1
62.2 msec : 0
62.3 msec : 0
62.4 msec : 0
62.5 msec : 1
62.6 msec : 0
62.7 msec : 0
62.8 msec : 0
62.9 msec : 0
63.0 msec : 0
63.1 msec : 0
63.2 msec : 0
63.3 msec : 0
63.4 msec : 0
63.5 msec : 0
63.6 msec : 0
63.7 msec : 0
63.8 msec : 0
63.9 msec : 0
64.0 msec : 0
64.1 msec : 1
64.2 msec : 0
64.3 msec : 0
64.4 msec : 0
64.5 msec : 0
64.6 msec : 0
64.7 msec : 0
64.8 msec : 0
64.9 msec : 0
65.0 msec : 0
65.1 msec : 0
65.2 msec : 0
65.3 msec : 0
65.4 msec : 0
65.5 msec : 0
65.6 msec : 0
65.7 msec : 0
65.8 msec : 0
65.9 msec : 0
66.0 msec : 0
66.1 msec : 0
66.2 msec : 0
66.3 msec : 0
66.4 msec : 1
66.5 msec : 1
66.6 msec : 1
66.7 msec : 0
66.8 msec : 0
66.9 msec : 1
67.0 msec : 0
67.1 msec : 2
67.2 msec : 0
67.3 msec : 0
67.4 msec : 0
67.5 msec : 0
67.6 msec : 0
67.7 msec : 0
67.8 msec : 0
67.9 msec : 1
68.0 msec : 0
68.1 msec : 0
68.2 msec : 0
68.3 msec : 0
68.4 msec : 0
68.5 msec : 0
68.6 msec : 0
68.7 msec : 0
68.8 msec : 0
68.9 msec : 0
69.0 msec : 0
69.1 msec : 0
69.2 msec : 0
69.3 msec : 0
69.4 msec : 0
69.5 msec : 0
69.6 msec : 0
69.7 msec : 0
69.8 msec : 0
69.9 msec : 0
70.0 msec : 0
70.1 msec : 0
70.2 msec : 0
70.3 msec : 0
70.4 msec : 0
70.5 msec : 0
70.6 msec : 0
70.7 msec : 0
70.8 msec : 0
70.9 msec : 0
71.0 msec : 0
71.1 msec : 0
71.2 msec : 0
71.3 msec : 0
71.4 msec : 0
71.5 msec : 0
71.6 msec : 0
71.7 msec : 0
71.8 msec : 0
71.9 msec : 0
72.0 msec : 0
72.1 msec : 0
72.2 msec : 0
72.3 msec : 0
72.4 msec : 0
72.5 msec : 0
72.6 msec : 0
72.7 msec : 0
72.8 msec : 0
72.9 msec : 0
73.0 msec : 1
73.1 msec : 0
73.2 msec : 1
73.3 msec : 1
73.4 msec : 0
73.5 msec : 0
73.6 msec : 0
73.7 msec : 0
73.8 msec : 0
73.9 msec : 0
74.0 msec : 0
74.1 msec : 0
74.2 msec : 0
74.3 msec : 0
74.4 msec : 0
74.5 msec : 0
74.6 msec : 0
74.7 msec : 0
74.8 msec : 0
74.9 msec : 0
75.0 msec : 0
75.1 msec : 0
75.2 msec : 0
75.3 msec : 0
75.4 msec : 0
75.5 msec : 0
75.6 msec : 0
75.7 msec : 0
75.8 msec : 0
75.9 msec : 0
76.0 msec : 0
76.1 msec : 0
76.2 msec : 0
76.3 msec : 0
76.4 msec : 0
76.5 msec : 0
76.6 msec : 0
76.7 msec : 0
76.8 msec : 0
76.9 msec : 0
77.0 msec : 0
77.1 msec : 0
77.2 msec : 0
77.3 msec : 0
77.4 msec : 0
77.5 msec : 0
77.6 msec : 0
77.7 msec : 0
77.8 msec : 0
77.9 msec : 0
78.0 msec : 0
78.1 msec : 0
78.2 msec : 0
78.3 msec : 0
78.4 msec : 0
78.5 msec : 0
78.6 msec : 0
78.7 msec : 0
78.8 msec : 0
78.9 msec : 0
79.0 msec : 0
79.1 msec : 0
79.2 msec : 0
79.3 msec : 0
79.4 msec : 0
79.5 msec : 0
79.6 msec : 0
79.7 msec : 0
79.8 msec : 0
79.9 msec : 0
80.0 msec : 0
80.1 msec : 0
80.2 msec : 0
80.3 msec : 0
80.4 msec : 0
80.5 msec : 0
80.6 msec : 0
80.7 msec : 0
80.8 msec : 0
80.9 msec : 0
81.0 msec : 0
81.1 msec : 0
81.2 msec : 0
81.3 msec : 0
81.4 msec : 0
81.5 msec : 0
81.6 msec : 0
81.7 msec : 0
81.8 msec : 0
81.9 msec : 0
82.0 msec : 0
82.1 msec : 0
82.2 msec : 0
82.3 msec : 0
82.4 msec : 0
82.5 msec : 0
82.6 msec : 0
82.7 msec : 0
82.8 msec : 0
82.9 msec : 0
83.0 msec : 0
83.1 msec : 0
83.2 msec : 0
83.3 msec : 0
83.4 msec : 0
83.5 msec : 0
83.6 msec : 0
83.7 msec : 0
83.8 msec : 0
83.9 msec : 0
84.0 msec : 0
84.1 msec : 0
84.2 msec : 0
84.3 msec : 0
84.4 msec : 0
84.5 msec : 0
84.6 msec : 0
84.7 msec : 0
84.8 msec : 0
84.9 msec : 0
85.0 msec : 0
85.1 msec : 0
85.2 msec : 0
85.3 msec : 0
85.4 msec : 0
85.5 msec : 0
85.6 msec : 0
85.7 msec : 0
85.8 msec : 0
85.9 msec : 0
86.0 msec : 0
86.1 msec : 0
86.2 msec : 0
86.3 msec : 0
86.4 msec : 0
86.5 msec : 0
86.6 msec : 0
86.7 msec : 0
86.8 msec : 0
86.9 msec : 0
87.0 msec : 0
87.1 msec : 0
87.2 msec : 0
87.3 msec : 0
87.4 msec : 0
87.5 msec : 0
87.6 msec : 0
87.7 msec : 0
87.8 msec : 0
87.9 msec : 0
88.0 msec : 0
88.1 msec : 0
88.2 msec : 0
88.3 msec : 0
88.4 msec : 0
88.5 msec : 0
88.6 msec : 0
88.7 msec : 0
88.8 msec : 0
88.9 msec : 0
89.0 msec : 0
89.1 msec : 0
89.2 msec : 0
89.3 msec : 0
89.4 msec : 0
89.5 msec : 0
89.6 msec : 0
89.7 msec : 0
89.8 msec : 0
89.9 msec : 0
90.0 msec : 0
90.1 msec : 0
90.2 msec : 0
90.3 msec : 0
90.4 msec : 0
90.5 msec : 0
90.6 msec : 0
90.7 msec : 0
90.8 msec : 0
90.9 msec : 0
91.0 msec : 0
91.1 msec : 0
91.2 msec : 0
91.3 msec : 0
91.4 msec : 0
91.5 msec : 0
91.6 msec : 0
91.7 msec : 0
91.8 msec : 0
91.9 msec : 0
92.0 msec : 0
92.1 msec : 0
92.2 msec : 0
92.3 msec : 0
92.4 msec : 0
92.5 msec : 0
92.6 msec : 0
92.7 msec : 0
92.8 msec : 0
92.9 msec : 0
93.0 msec : 0
93.1 msec : 0
93.2 msec : 0
93.3 msec : 0
93.4 msec : 0
93.5 msec : 0
93.6 msec : 0
93.7 msec : 0
93.8 msec : 0
93.9 msec : 0
94.0 msec : 0
94.1 msec : 0
94.2 msec : 0
94.3 msec : 0
94.4 msec : 0
94.5 msec : 0
94.6 msec : 0
94.7 msec : 0
94.8 msec : 0
94.9 msec : 0
95.0 msec : 0
95.1 msec : 0
95.2 msec : 0
95.3 msec : 0
95.4 msec : 0
95.5 msec : 0
95.6 msec : 0
95.7 msec : 0
95.8 msec : 0
95.9 msec : 0
96.0 msec : 0
96.1 msec : 0
96.2 msec : 0
96.3 msec : 0
96.4 msec : 0
96.5 msec : 0
96.6 msec : 0
96.7 msec : 0
96.8 msec : 0
96.9 msec : 0
97.0 msec : 0
97.1 msec : 0
97.2 msec : 0
97.3 msec : 0
97.4 msec : 0
97.5 msec : 0
97.6 msec : 0
97.7 msec : 0
97.8 msec : 0
97.9 msec : 0
98.0 msec : 0
98.1 msec : 0
98.2 msec : 0
98.3 msec : 0
98.4 msec : 0
98.5 msec : 0
98.6 msec : 0
98.7 msec : 0
98.8 msec : 0
98.9 msec : 0
99.0 msec : 0
99.1 msec : 0
99.2 msec : 0
99.3 msec : 0
99.4 msec : 0
99.5 msec : 0
99.6 msec : 0
99.7 msec : 0
99.8 msec : 0
99.9 msec : 0
100.0 msec : 0
100.1 msec : 0
100.2 msec : 0
100.3 msec : 0
100.4 msec : 0
100.5 msec : 0
100.6 msec : 0
100.7 msec : 0
100.8 msec : 0
100.9 msec : 0
101.0 msec : 0
101.1 msec : 0
101.2 msec : 0
101.3 msec : 0
101.4 msec : 0
101.5 msec : 0
101.6 msec : 0
101.7 msec : 0
101.8 msec : 0
101.9 msec : 0
102.0 msec : 0
102.1 msec : 0
102.2 msec : 0
102.3 msec : 0
102.4 msec : 1
102.5 msec : 0
102.6 msec : 0
102.7 msec : 1
102.8 msec : 0
102.9 msec : 0
103.0 msec : 0
103.1 msec : 0
103.2 msec : 0
103.3 msec : 0
103.4 msec : 0
103.5 msec : 0
103.6 msec : 0
103.7 msec : 0
103.8 msec : 0
103.9 msec : 0
104.0 msec : 0
104.1 msec : 0
104.2 msec : 0
104.3 msec : 0
104.4 msec : 0
104.5 msec : 0
104.6 msec : 0
104.7 msec : 0
104.8 msec : 0
104.9 msec : 0
105.0 msec : 0
105.1 msec : 0
105.2 msec : 0
105.3 msec : 0
105.4 msec : 0
105.5 msec : 0
105.6 msec : 0
105.7 msec : 0
105.8 msec : 0
105.9 msec : 0
106.0 msec : 0
106.1 msec : 0
106.2 msec : 0
106.3 msec : 0
106.4 msec : 0
106.5 msec : 0
106.6 msec : 0
106.7 msec : 0
106.8 msec : 0
106.9 msec : 0
107.0 msec : 0
107.1 msec : 0
107.2 msec : 0
107.3 msec : 0
107.4 msec : 0
107.5 msec : 0
107.6 msec : 0
107.7 msec : 0
107.8 msec : 0
107.9 msec : 0
108.0 msec : 0
108.1 msec : 0
108.2 msec : 0
108.3 msec : 0
108.4 msec : 0
108.5 msec : 0
108.6 msec : 0
108.7 msec : 0
108.8 msec : 0
108.9 msec : 0
109.0 msec : 0
109.1 msec : 0
109.2 msec : 0
109.3 msec : 0
109.4 msec : 0
109.5 msec : 0
109.6 msec : 0
109.7 msec : 0
109.8 msec : 0
109.9 msec : 0
110.0 msec : 0
110.1 msec : 0
110.2 msec : 0
110.3 msec : 0
110.4 msec : 0
110.5 msec : 0
110.6 msec : 0
110.7 msec : 0
110.8 msec : 0
110.9 msec : 0
111.0 msec : 0
111.1 msec : 0
111.2 msec : 0
111.3 msec : 0
111.4 msec : 0
111.5 msec : 0
111.6 msec : 0
111.7 msec : 0
111.8 msec : 0
111.9 msec : 0
112.0 msec : 0
112.1 msec : 0
112.2 msec : 0
112.3 msec : 0
112.4 msec : 0
112.5 msec : 0
112.6 msec : 0
112.7 msec : 0
112.8 msec : 0
112.9 msec : 0
113.0 msec : 0
113.1 msec : 0
113.2 msec : 0
113.3 msec : 0
113.4 msec : 0
113.5 msec : 0
113.6 msec : 0
113.7 msec : 0
113.8 msec : 0
113.9 msec : 0
114.0 msec : 0
114.1 msec : 0
114.2 msec : 0
114.3 msec : 0
114.4 msec : 0
114.5 msec : 0
114.6 msec : 0
114.7 msec : 0
114.8 msec : 0
114.9 msec : 0
115.0 msec : 0
115.1 msec : 0
115.2 msec : 0
115.3 msec : 0
115.4 msec : 0
115.5 msec : 0
115.6 msec : 0
115.7 msec : 0
115.8 msec : 0
115.9 msec : 0
116.0 msec : 0
116.1 msec : 0
116.2 msec : 0
116.3 msec : 0
116.4 msec : 0
116.5 msec : 0
116.6 msec : 0
116.7 msec : 0
116.8 msec : 0
116.9 msec : 0
117.0 msec : 0
117.1 msec : 0
117.2 msec : 0
117.3 msec : 0
117.4 msec : 0
117.5 msec : 0
117.6 msec : 0
117.7 msec : 0
117.8 msec : 0
117.9 msec : 0
118.0 msec : 0
118.1 msec : 0
118.2 msec : 0
118.3 msec : 0
118.4 msec : 0
118.5 msec : 0
118.6 msec : 0
118.7 msec : 0
118.8 msec : 0
118.9 msec : 0
119.0 msec : 0
119.1 msec : 0
119.2 msec : 0
119.3 msec : 0
119.4 msec : 0
119.5 msec : 0
119.6 msec : 0
119.7 msec : 0
119.8 msec : 0
119.9 msec : 0
120.0 msec : 0
120.1 msec : 0
120.2 msec : 0
120.3 msec : 0
120.4 msec : 0
120.5 msec : 0
120.6 msec : 0
120.7 msec : 0
120.8 msec : 0
120.9 msec : 0
121.0 msec : 0
121.1 msec : 0
121.2 msec : 0
121.3 msec : 0
121.4 msec : 0
121.5 msec : 0
121.6 msec : 0
121.7 msec : 0
121.8 msec : 0
121.9 msec : 0
122.0 msec : 0
122.1 msec : 0
122.2 msec : 0
122.3 msec : 0
122.4 msec : 0
122.5 msec : 0
122.6 msec : 0
122.7 msec : 0
122.8 msec : 0
122.9 msec : 0
123.0 msec : 0
123.1 msec : 0
123.2 msec : 0
123.3 msec : 0
123.4 msec : 0
123.5 msec : 0
123.6 msec : 0
123.7 msec : 0
123.8 msec : 0
123.9 msec : 0
124.0 msec : 0
124.1 msec : 0
124.2 msec : 0
124.3 msec : 0
124.4 msec : 0
124.5 msec : 0
124.6 msec : 0
124.7 msec : 0
124.8 msec : 0
124.9 msec : 0
125.0 msec : 0
125.1 msec : 0
125.2 msec : 0
125.3 msec : 0
125.4 msec : 0
125.5 msec : 0
125.6 msec : 0
125.7 msec : 0
125.8 msec : 0
125.9 msec : 0
126.0 msec : 0
126.1 msec : 0
126.2 msec : 0
126.3 msec : 0
126.4 msec : 0
126.5 msec : 0
126.6 msec : 0
126.7 msec : 0
126.8 msec : 0
126.9 msec : 0
127.0 msec : 0
127.1 msec : 0
127.2 msec : 0
127.3 msec : 0
127.4 msec : 0
127.5 msec : 0
127.6 msec : 0
127.7 msec : 0
127.8 msec : 0
127.9 msec : 0
128.0 msec : 0
128.1 msec : 0
128.2 msec : 0
128.3 msec : 0
128.4 msec : 0
128.5 msec : 0
128.6 msec : 0
128.7 msec : 0
128.8 msec : 0
128.9 msec : 0
129.0 msec : 0
129.1 msec : 0
129.2 msec : 0
129.3 msec : 0
129.4 msec : 0
129.5 msec : 0
129.6 msec : 0
129.7 msec : 0
129.8 msec : 0
129.9 msec : 0
130.0 msec : 0
130.1 msec : 0
130.2 msec : 0
130.3 msec : 0
130.4 msec : 0
130.5 msec : 0
130.6 msec : 0
130.7 msec : 0
130.8 msec : 0
130.9 msec : 0
131.0 msec : 0
131.1 msec : 0
131.2 msec : 0
131.3 msec : 0
131.4 msec : 0
131.5 msec : 0
131.6 msec : 0
131.7 msec : 0
131.8 msec : 0
131.9 msec : 0
132.0 msec : 0
132.1 msec : 0
132.2 msec : 0
132.3 msec : 0
132.4 msec : 0
132.5 msec : 0
132.6 msec : 0
132.7 msec : 0
132.8 msec : 0
132.9 msec : 0
133.0 msec : 0
133.1 msec : 0
133.2 msec : 0
133.3 msec : 5
133.4 msec : 1
133.5 msec : 5
133.6 msec : 4
133.7 msec : 1
133.8 msec : 3
133.9 msec : 2
134.0 msec : 1
134.1 msec : 4
134.2 msec : 3
134.3 msec : 0
134.4 msec : 1
134.5 msec : 0
134.6 msec : 0
134.7 msec : 0
134.8 msec : 0
134.9 msec : 0
135.0 msec : 0
135.1 msec : 0
135.2 msec : 0
135.3 msec : 0
135.4 msec : 0
135.5 msec : 0
135.6 msec : 0
135.7 msec : 0
135.8 msec : 0
135.9 msec : 0
136.0 msec : 0
136.1 msec : 0
136.2 msec : 0
136.3 msec : 0
136.4 msec : 0
136.5 msec : 0
136.6 msec : 0
136.7 msec : 0
136.8 msec : 0
136.9 msec : 0
137.0 msec : 0
137.1 msec : 0
137.2 msec : 0
137.3 msec : 0
137.4 msec : 0
137.5 msec : 0
137.6 msec : 0
137.7 msec : 0
137.8 msec : 0
137.9 msec : 0
138.0 msec : 0
138.1 msec : 0
138.2 msec : 0
138.3 msec : 0
138.4 msec : 0
138.5 msec : 0
138.6 msec : 0
138.7 msec : 0
138.8 msec : 0
138.9 msec : 1
139.0 msec : 0
139.1 msec : 0
139.2 msec : 0
139.3 msec : 1
139.4 msec : 0
139.5 msec : 0
139.6 msec : 0
139.7 msec : 0
139.8 msec : 0
