Middleware started...
Middleware shuts down...
Smaller resolution statistics are in a log file...
Final aggregates per worker:


Worker 46
Average throughput (ops/sec) = 75
Average response time (msec) = 1.2053641639344261
Average queue length = 1
Average wait time in queue (msec) = 0.1402939180327869
Average service time (msec) = 1.0037880163934427
Number of SET = 0
Number of GET = 75
Number of MULTI GET = 0


Worker 47
Average throughput (ops/sec) = 75
Average response time (msec) = 1.167694393442623
Average queue length = 1
Average wait time in queue (msec) = 0.10948939344262296
Average service time (msec) = 1.0004245409836066
Number of SET = 0
Number of GET = 75
Number of MULTI GET = 0


Worker 48
Average throughput (ops/sec) = 75
Average response time (msec) = 1.1830833606557378
Average queue length = 1
Average wait time in queue (msec) = 0.1137865737704918
Average service time (msec) = 1.0092336393442622
Number of SET = 0
Number of GET = 75
Number of MULTI GET = 0


Worker 49
Average throughput (ops/sec) = 76
Average response time (msec) = 1.2194192295081967
Average queue length = 0
Average wait time in queue (msec) = 0.13229704918032786
Average service time (msec) = 1.024794655737705
Number of SET = 0
Number of GET = 76
Number of MULTI GET = 0


Worker 42
Average throughput (ops/sec) = 74
Average response time (msec) = 1.19714137704918
Average queue length = 0
Average wait time in queue (msec) = 0.10795903278688525
Average service time (msec) = 1.0285455081967214
Number of SET = 0
Number of GET = 74
Number of MULTI GET = 0


Worker 43
Average throughput (ops/sec) = 75
Average response time (msec) = 1.216636786885246
Average queue length = 0
Average wait time in queue (msec) = 0.13288829508196723
Average service time (msec) = 1.0160595737704918
Number of SET = 0
Number of GET = 75
Number of MULTI GET = 0


Worker 44
Average throughput (ops/sec) = 75
Average response time (msec) = 1.196500426229508
Average queue length = 0
Average wait time in queue (msec) = 0.11807673770491804
Average service time (msec) = 1.0181821967213114
Number of SET = 0
Number of GET = 75
Number of MULTI GET = 0


Worker 45
Average throughput (ops/sec) = 75
Average response time (msec) = 1.1616631475409835
Average queue length = 0
Average wait time in queue (msec) = 0.10138303278688525
Average service time (msec) = 1.0000846721311476
Number of SET = 0
Number of GET = 75
Number of MULTI GET = 0


Worker 50
Average throughput (ops/sec) = 75
Average response time (msec) = 1.1927180983606558
Average queue length = 1
Average wait time in queue (msec) = 0.11780790163934426
Average service time (msec) = 1.012596262295082
Number of SET = 0
Number of GET = 75
Number of MULTI GET = 0


Worker 51
Average throughput (ops/sec) = 76
Average response time (msec) = 1.227243049180328
Average queue length = 0
Average wait time in queue (msec) = 0.1276146393442623
Average service time (msec) = 1.0365820655737705
Number of SET = 0
Number of GET = 76
Number of MULTI GET = 0


Worker 52
Average throughput (ops/sec) = 75
Average response time (msec) = 1.1882695573770492
Average queue length = 1
Average wait time in queue (msec) = 0.11143744262295083
Average service time (msec) = 1.013510950819672
Number of SET = 0
Number of GET = 75
Number of MULTI GET = 0


Worker 57
Average throughput (ops/sec) = 74
Average response time (msec) = 1.1807334098360656
Average queue length = 0
Average wait time in queue (msec) = 0.11539027868852458
Average service time (msec) = 1.0007876393442623
Number of SET = 0
Number of GET = 74
Number of MULTI GET = 0


Worker 13
Average throughput (ops/sec) = 76
Average response time (msec) = 1.1752904590163935
Average queue length = 0
Average wait time in queue (msec) = 0.12781683606557376
Average service time (msec) = 0.9851931147540983
Number of SET = 0
Number of GET = 76
Number of MULTI GET = 0


Worker 58
Average throughput (ops/sec) = 75
Average response time (msec) = 1.213353
Average queue length = 0
Average wait time in queue (msec) = 0.12662067213114755
Average service time (msec) = 1.026565344262295
Number of SET = 0
Number of GET = 75
Number of MULTI GET = 0


Worker 14
Average throughput (ops/sec) = 76
Average response time (msec) = 1.237973262295082
Average queue length = 0
Average wait time in queue (msec) = 0.14527113114754098
Average service time (msec) = 1.031815950819672
Number of SET = 0
Number of GET = 76
Number of MULTI GET = 0


Worker 59
Average throughput (ops/sec) = 75
Average response time (msec) = 1.1930505081967213
Average queue length = 0
Average wait time in queue (msec) = 0.11124668852459016
Average service time (msec) = 1.0139429344262296
Number of SET = 0
Number of GET = 75
Number of MULTI GET = 0


Worker 15
Average throughput (ops/sec) = 75
Average response time (msec) = 1.1905569836065573
Average queue length = 0
Average wait time in queue (msec) = 0.10649280327868853
Average service time (msec) = 1.0171265737704918
Number of SET = 0
Number of GET = 75
Number of MULTI GET = 0


Worker 16
Average throughput (ops/sec) = 75
Average response time (msec) = 1.1917744426229508
Average queue length = 0
Average wait time in queue (msec) = 0.11640393442622951
Average service time (msec) = 1.0132596065573771
Number of SET = 0
Number of GET = 75
Number of MULTI GET = 0


Worker 53
Average throughput (ops/sec) = 75
Average response time (msec) = 1.187331213114754
Average queue length = 0
Average wait time in queue (msec) = 0.11399165573770492
Average service time (msec) = 1.0141068032786886
Number of SET = 0
Number of GET = 75
Number of MULTI GET = 0


Worker 54
Average throughput (ops/sec) = 74
Average response time (msec) = 1.2056308196721313
Average queue length = 1
Average wait time in queue (msec) = 0.11386122950819672
Average service time (msec) = 1.0303414098360657
Number of SET = 0
Number of GET = 74
Number of MULTI GET = 0


Worker 10
Average throughput (ops/sec) = 76
Average response time (msec) = 1.1651316393442621
Average queue length = 0
Average wait time in queue (msec) = 0.10982086885245901
Average service time (msec) = 0.9964821147540983
Number of SET = 0
Number of GET = 76
Number of MULTI GET = 0


Worker 55
Average throughput (ops/sec) = 76
Average response time (msec) = 1.1968591639344262
Average queue length = 0
Average wait time in queue (msec) = 0.11751231147540983
Average service time (msec) = 1.0182190327868852
Number of SET = 0
Number of GET = 76
Number of MULTI GET = 0


Worker 11
Average throughput (ops/sec) = 75
Average response time (msec) = 1.1870359344262293
Average queue length = 0
Average wait time in queue (msec) = 0.12526445901639344
Average service time (msec) = 1.0021642131147541
Number of SET = 0
Number of GET = 75
Number of MULTI GET = 0


Worker 56
Average throughput (ops/sec) = 75
Average response time (msec) = 1.2013507213114754
Average queue length = 1
Average wait time in queue (msec) = 0.13083467213114755
Average service time (msec) = 1.0123698360655737
Number of SET = 0
Number of GET = 75
Number of MULTI GET = 0


Worker 12
Average throughput (ops/sec) = 75
Average response time (msec) = 1.2111333770491801
Average queue length = 0
Average wait time in queue (msec) = 0.12753673770491802
Average service time (msec) = 1.0263851639344264
Number of SET = 0
Number of GET = 75
Number of MULTI GET = 0


Worker 17
Average throughput (ops/sec) = 76
Average response time (msec) = 1.2142992786885247
Average queue length = 0
Average wait time in queue (msec) = 0.12291624590163934
Average service time (msec) = 1.0217752786885246
Number of SET = 0
Number of GET = 76
Number of MULTI GET = 0


Worker 18
Average throughput (ops/sec) = 76
Average response time (msec) = 1.214063262295082
Average queue length = 0
Average wait time in queue (msec) = 0.12418065573770491
Average service time (msec) = 1.0304930983606557
Number of SET = 0
Number of GET = 76
Number of MULTI GET = 0


Worker 19
Average throughput (ops/sec) = 75
Average response time (msec) = 1.1804789180327868
Average queue length = 0
Average wait time in queue (msec) = 0.11694996721311475
Average service time (msec) = 1.0026979836065573
Number of SET = 0
Number of GET = 75
Number of MULTI GET = 0


Worker 60
Average throughput (ops/sec) = 76
Average response time (msec) = 1.2100935737704919
Average queue length = 0
Average wait time in queue (msec) = 0.14039290163934426
Average service time (msec) = 1.0135408852459016
Number of SET = 0
Number of GET = 76
Number of MULTI GET = 0


Worker 61
Average throughput (ops/sec) = 76
Average response time (msec) = 1.1955121147540986
Average queue length = 0
Average wait time in queue (msec) = 0.129023131147541
Average service time (msec) = 1.0091833278688525
Number of SET = 0
Number of GET = 76
Number of MULTI GET = 0


Worker 62
Average throughput (ops/sec) = 75
Average response time (msec) = 1.1839939180327868
Average queue length = 0
Average wait time in queue (msec) = 0.10954481967213116
Average service time (msec) = 1.0068781639344262
Number of SET = 0
Number of GET = 75
Number of MULTI GET = 0


Worker 63
Average throughput (ops/sec) = 76
Average response time (msec) = 1.1895657704918032
Average queue length = 0
Average wait time in queue (msec) = 0.11903475409836066
Average service time (msec) = 1.0069190655737705
Number of SET = 0
Number of GET = 76
Number of MULTI GET = 0


Worker 24
Average throughput (ops/sec) = 75
Average response time (msec) = 1.1902648852459015
Average queue length = 1
Average wait time in queue (msec) = 0.111847131147541
Average service time (msec) = 1.0236957049180326
Number of SET = 0
Number of GET = 75
Number of MULTI GET = 0


Worker 7
Average throughput (ops/sec) = 75
Average response time (msec) = 1.210474819672131
Average queue length = 0
Average wait time in queue (msec) = 0.13052391803278687
Average service time (msec) = 1.0216804262295083
Number of SET = 0
Number of GET = 75
Number of MULTI GET = 0


Worker 25
Average throughput (ops/sec) = 76
Average response time (msec) = 1.1882437049180328
Average queue length = 0
Average wait time in queue (msec) = 0.11274340983606558
Average service time (msec) = 1.0108465081967213
Number of SET = 0
Number of GET = 76
Number of MULTI GET = 0


Worker 6
Average throughput (ops/sec) = 76
Average response time (msec) = 1.2308731967213113
Average queue length = 0
Average wait time in queue (msec) = 0.14365124590163933
Average service time (msec) = 1.0242729508196722
Number of SET = 0
Number of GET = 76
Number of MULTI GET = 0


Worker 26
Average throughput (ops/sec) = 76
Average response time (msec) = 1.193841737704918
Average queue length = 1
Average wait time in queue (msec) = 0.1199213606557377
Average service time (msec) = 1.014993213114754
Number of SET = 0
Number of GET = 76
Number of MULTI GET = 0


Worker 9
Average throughput (ops/sec) = 75
Average response time (msec) = 1.1681792786885246
Average queue length = 0
Average wait time in queue (msec) = 0.11246040983606558
Average service time (msec) = 0.9943611803278689
Number of SET = 0
Number of GET = 75
Number of MULTI GET = 0


Worker 27
Average throughput (ops/sec) = 76
Average response time (msec) = 1.2053017213114754
Average queue length = 0
Average wait time in queue (msec) = 0.11616672131147542
Average service time (msec) = 1.0172241475409836
Number of SET = 0
Number of GET = 76
Number of MULTI GET = 0


Worker 8
Average throughput (ops/sec) = 75
Average response time (msec) = 1.216443213114754
Average queue length = 0
Average wait time in queue (msec) = 0.12383940983606558
Average service time (msec) = 1.0266820655737705
Number of SET = 0
Number of GET = 75
Number of MULTI GET = 0


Worker 64
Average throughput (ops/sec) = 76
Average response time (msec) = 1.1672713934426229
Average queue length = 0
Average wait time in queue (msec) = 0.11523462295081967
Average service time (msec) = 0.989760262295082
Number of SET = 0
Number of GET = 76
Number of MULTI GET = 0


Worker 20
Average throughput (ops/sec) = 75
Average response time (msec) = 1.1927204098360655
Average queue length = 0
Average wait time in queue (msec) = 0.10988847540983607
Average service time (msec) = 1.0204735409836065
Number of SET = 0
Number of GET = 75
Number of MULTI GET = 0


Worker 3
Average throughput (ops/sec) = 75
Average response time (msec) = 1.1645290983606558
Average queue length = 0
Average wait time in queue (msec) = 0.11088216393442624
Average service time (msec) = 0.994655655737705
Number of SET = 0
Number of GET = 75
Number of MULTI GET = 0


Worker 21
Average throughput (ops/sec) = 75
Average response time (msec) = 1.2233639016393443
Average queue length = 0
Average wait time in queue (msec) = 0.14770177049180327
Average service time (msec) = 1.0091084262295082
Number of SET = 0
Number of GET = 75
Number of MULTI GET = 0


Worker 2
Average throughput (ops/sec) = 76
Average response time (msec) = 1.1677151147540985
Average queue length = 0
Average wait time in queue (msec) = 0.11918967213114755
Average service time (msec) = 0.9908236393442623
Number of SET = 0
Number of GET = 75
Number of MULTI GET = 0


Worker 22
Average throughput (ops/sec) = 75
Average response time (msec) = 1.2177968688524592
Average queue length = 1
Average wait time in queue (msec) = 0.1371429180327869
Average service time (msec) = 1.0170229836065574
Number of SET = 0
Number of GET = 75
Number of MULTI GET = 0


Worker 5
Average throughput (ops/sec) = 76
Average response time (msec) = 1.2055983934426229
Average queue length = 0
Average wait time in queue (msec) = 0.12620191803278688
Average service time (msec) = 1.017413475409836
Number of SET = 0
Number of GET = 76
Number of MULTI GET = 0


Worker 23
Average throughput (ops/sec) = 75
Average response time (msec) = 1.1743221803278687
Average queue length = 1
Average wait time in queue (msec) = 0.10842647540983608
Average service time (msec) = 1.003720131147541
Number of SET = 0
Number of GET = 75
Number of MULTI GET = 0


Worker 4
Average throughput (ops/sec) = 75
Average response time (msec) = 1.1866038196721311
Average queue length = 0
Average wait time in queue (msec) = 0.12018862295081967
Average service time (msec) = 1.0051974590163935
Number of SET = 0
Number of GET = 75
Number of MULTI GET = 0


Worker 28
Average throughput (ops/sec) = 76
Average response time (msec) = 1.2069207704918032
Average queue length = 0
Average wait time in queue (msec) = 0.10999472131147542
Average service time (msec) = 1.0325033278688525
Number of SET = 0
Number of GET = 76
Number of MULTI GET = 0


Worker 29
Average throughput (ops/sec) = 75
Average response time (msec) = 1.1926063442622952
Average queue length = 1
Average wait time in queue (msec) = 0.123805
Average service time (msec) = 1.0119739016393443
Number of SET = 0
Number of GET = 75
Number of MULTI GET = 0


Worker 1
Average throughput (ops/sec) = 75
Average response time (msec) = 1.1911028032786886
Average queue length = 0
Average wait time in queue (msec) = 0.11902208196721312
Average service time (msec) = 1.0141256229508198
Number of SET = 0
Number of GET = 75
Number of MULTI GET = 0


Worker 30
Average throughput (ops/sec) = 76
Average response time (msec) = 1.2012799180327869
Average queue length = 0
Average wait time in queue (msec) = 0.13525283606557376
Average service time (msec) = 1.004645475409836
Number of SET = 0
Number of GET = 76
Number of MULTI GET = 0


Worker 35
Average throughput (ops/sec) = 76
Average response time (msec) = 1.2101001311475408
Average queue length = 0
Average wait time in queue (msec) = 0.11600255737704918
Average service time (msec) = 1.0257318032786886
Number of SET = 0
Number of GET = 76
Number of MULTI GET = 0


Worker 36
Average throughput (ops/sec) = 74
Average response time (msec) = 1.1987118032786885
Average queue length = 0
Average wait time in queue (msec) = 0.11834718032786884
Average service time (msec) = 1.0161671639344263
Number of SET = 0
Number of GET = 74
Number of MULTI GET = 0


Worker 37
Average throughput (ops/sec) = 75
Average response time (msec) = 1.1973893278688525
Average queue length = 0
Average wait time in queue (msec) = 0.1256255737704918
Average service time (msec) = 1.013009393442623
Number of SET = 0
Number of GET = 75
Number of MULTI GET = 0


Worker 38
Average throughput (ops/sec) = 76
Average response time (msec) = 1.2020537213114755
Average queue length = 0
Average wait time in queue (msec) = 0.11556452459016393
Average service time (msec) = 1.0283010983606558
Number of SET = 0
Number of GET = 76
Number of MULTI GET = 0


Worker 31
Average throughput (ops/sec) = 75
Average response time (msec) = 1.186174524590164
Average queue length = 0
Average wait time in queue (msec) = 0.12606875409836066
Average service time (msec) = 0.9961240655737704
Number of SET = 0
Number of GET = 75
Number of MULTI GET = 0


Worker 32
Average throughput (ops/sec) = 76
Average response time (msec) = 1.2047431967213114
Average queue length = 0
Average wait time in queue (msec) = 0.11893708196721312
Average service time (msec) = 1.0273388196721311
Number of SET = 0
Number of GET = 76
Number of MULTI GET = 0


Worker 33
Average throughput (ops/sec) = 76
Average response time (msec) = 1.2015928196721313
Average queue length = 0
Average wait time in queue (msec) = 0.1318628524590164
Average service time (msec) = 1.007504868852459
Number of SET = 0
Number of GET = 76
Number of MULTI GET = 0


Worker 34
Average throughput (ops/sec) = 75
Average response time (msec) = 1.177014868852459
Average queue length = 0
Average wait time in queue (msec) = 0.11934427868852458
Average service time (msec) = 0.9977326885245901
Number of SET = 0
Number of GET = 75
Number of MULTI GET = 0


Worker 39
Average throughput (ops/sec) = 76
Average response time (msec) = 1.217563049180328
Average queue length = 0
Average wait time in queue (msec) = 0.125436868852459
Average service time (msec) = 1.0299818360655737
Number of SET = 0
Number of GET = 76
Number of MULTI GET = 0


Worker 40
Average throughput (ops/sec) = 75
Average response time (msec) = 1.2081328032786887
Average queue length = 0
Average wait time in queue (msec) = 0.1159502950819672
Average service time (msec) = 1.0279138360655737
Number of SET = 0
Number of GET = 75
Number of MULTI GET = 0


Worker 41
Average throughput (ops/sec) = 75
Average response time (msec) = 1.1900174918032786
Average queue length = 0
Average wait time in queue (msec) = 0.13167695081967215
Average service time (msec) = 0.9991018524590164
Number of SET = 0
Number of GET = 75
Number of MULTI GET = 0


FINAL STATS
Average throughput (ops/sec) = 4821
Average response time (msec) = 1.1629231316389108
Average queue length = 0
Average wait time in queue (msec) = 0.12128191521516393
Average service time (msec) = 1.013408392930328
Number of SET = 0
Number of GET = 4820
Number of MULTI GET = 0
Number of Cache misses = 4877


Histogram response times (0.1 msec step)
0.0 msec : 2868
0.1 msec : 29549
0.2 msec : 50766
0.3 msec : 50241
0.4 msec : 40320
0.5 msec : 29052
0.6 msec : 20433
0.7 msec : 13776
0.8 msec : 9321
0.9 msec : 7388
1.0 msec : 5600
1.1 msec : 4327
1.2 msec : 3897
1.3 msec : 3170
1.4 msec : 2473
1.5 msec : 2158
1.6 msec : 1743
1.7 msec : 1521
1.8 msec : 1222
1.9 msec : 1149
2.0 msec : 1101
2.1 msec : 926
2.2 msec : 810
2.3 msec : 765
2.4 msec : 781
2.5 msec : 829
2.6 msec : 748
2.7 msec : 611
2.8 msec : 487
2.9 msec : 373
3.0 msec : 410
3.1 msec : 428
3.2 msec : 318
3.3 msec : 296
3.4 msec : 248
3.5 msec : 282
3.6 msec : 257
3.7 msec : 224
3.8 msec : 209
3.9 msec : 157
4.0 msec : 209
4.1 msec : 161
4.2 msec : 178
4.3 msec : 165
4.4 msec : 98
4.5 msec : 113
4.6 msec : 93
4.7 msec : 101
4.8 msec : 66
4.9 msec : 81
5.0 msec : 70
5.1 msec : 56
5.2 msec : 80
5.3 msec : 137
5.4 msec : 260
5.5 msec : 212
5.6 msec : 228
5.7 msec : 221
5.8 msec : 254
5.9 msec : 246
6.0 msec : 203
6.1 msec : 170
6.2 msec : 133
6.3 msec : 90
6.4 msec : 69
6.5 msec : 34
6.6 msec : 64
6.7 msec : 26
6.8 msec : 32
6.9 msec : 45
7.0 msec : 49
7.1 msec : 46
7.2 msec : 23
7.3 msec : 23
7.4 msec : 22
7.5 msec : 28
7.6 msec : 21
7.7 msec : 13
7.8 msec : 30
7.9 msec : 15
8.0 msec : 9
8.1 msec : 11
8.2 msec : 25
8.3 msec : 20
8.4 msec : 9
8.5 msec : 5
8.6 msec : 11
8.7 msec : 28
8.8 msec : 8
8.9 msec : 18
9.0 msec : 21
9.1 msec : 15
9.2 msec : 10
9.3 msec : 9
9.4 msec : 10
9.5 msec : 14
9.6 msec : 7
9.7 msec : 7
9.8 msec : 4
9.9 msec : 2
10.0 msec : 1
10.1 msec : 5
10.2 msec : 1
10.3 msec : 1
10.4 msec : 13
10.5 msec : 1
10.6 msec : 4
10.7 msec : 3
10.8 msec : 3
10.9 msec : 2
11.0 msec : 2
11.1 msec : 4
11.2 msec : 2
11.3 msec : 2
11.4 msec : 5
11.5 msec : 3
11.6 msec : 1
11.7 msec : 1
11.8 msec : 0
11.9 msec : 1
12.0 msec : 1
12.1 msec : 0
12.2 msec : 2
12.3 msec : 0
12.4 msec : 0
12.5 msec : 1
12.6 msec : 2
12.7 msec : 3
12.8 msec : 1
12.9 msec : 0
13.0 msec : 2
13.1 msec : 4
13.2 msec : 6
13.3 msec : 1
13.4 msec : 1
13.5 msec : 0
13.6 msec : 0
13.7 msec : 1
13.8 msec : 0
13.9 msec : 2
14.0 msec : 1
14.1 msec : 0
14.2 msec : 0
14.3 msec : 2
14.4 msec : 1
14.5 msec : 0
14.6 msec : 0
14.7 msec : 1
14.8 msec : 1
14.9 msec : 0
15.0 msec : 2
15.1 msec : 2
15.2 msec : 3
15.3 msec : 1
15.4 msec : 1
15.5 msec : 0
15.6 msec : 3
15.7 msec : 1
15.8 msec : 0
15.9 msec : 0
16.0 msec : 4
16.1 msec : 1
16.2 msec : 0
16.3 msec : 0
16.4 msec : 0
16.5 msec : 0
16.6 msec : 0
16.7 msec : 0
16.8 msec : 0
16.9 msec : 0
17.0 msec : 0
17.1 msec : 1
17.2 msec : 0
17.3 msec : 1
17.4 msec : 2
17.5 msec : 1
17.6 msec : 0
17.7 msec : 0
17.8 msec : 0
17.9 msec : 0
18.0 msec : 0
18.1 msec : 0
18.2 msec : 0
18.3 msec : 0
18.4 msec : 0
18.5 msec : 0
18.6 msec : 0
18.7 msec : 0
18.8 msec : 1
18.9 msec : 0
19.0 msec : 0
19.1 msec : 0
19.2 msec : 1
19.3 msec : 0
19.4 msec : 0
19.5 msec : 0
19.6 msec : 0
19.7 msec : 0
19.8 msec : 0
19.9 msec : 0
20.0 msec : 0
20.1 msec : 0
20.2 msec : 0
20.3 msec : 0
20.4 msec : 0
20.5 msec : 1
20.6 msec : 0
20.7 msec : 0
20.8 msec : 1
20.9 msec : 0
21.0 msec : 1
21.1 msec : 1
21.2 msec : 1
21.3 msec : 1
21.4 msec : 0
21.5 msec : 1
21.6 msec : 2
21.7 msec : 0
21.8 msec : 0
21.9 msec : 0
22.0 msec : 0
22.1 msec : 0
22.2 msec : 0
22.3 msec : 0
22.4 msec : 0
22.5 msec : 0
22.6 msec : 0
22.7 msec : 0
22.8 msec : 0
22.9 msec : 1
23.0 msec : 0
23.1 msec : 0
23.2 msec : 0
23.3 msec : 0
23.4 msec : 0
23.5 msec : 0
23.6 msec : 0
23.7 msec : 1
23.8 msec : 0
23.9 msec : 0
24.0 msec : 1
24.1 msec : 2
24.2 msec : 0
24.3 msec : 0
24.4 msec : 1
24.5 msec : 0
24.6 msec : 0
24.7 msec : 0
24.8 msec : 0
24.9 msec : 0
25.0 msec : 0
25.1 msec : 0
25.2 msec : 0
25.3 msec : 0
25.4 msec : 0
25.5 msec : 0
25.6 msec : 0
25.7 msec : 0
25.8 msec : 0
25.9 msec : 0
26.0 msec : 0
26.1 msec : 0
26.2 msec : 0
26.3 msec : 0
26.4 msec : 0
26.5 msec : 0
26.6 msec : 0
26.7 msec : 0
26.8 msec : 0
26.9 msec : 0
27.0 msec : 0
27.1 msec : 1
27.2 msec : 0
27.3 msec : 0
27.4 msec : 0
27.5 msec : 0
27.6 msec : 0
27.7 msec : 0
27.8 msec : 0
27.9 msec : 0
28.0 msec : 0
28.1 msec : 3
28.2 msec : 4
28.3 msec : 0
28.4 msec : 0
28.5 msec : 0
28.6 msec : 0
28.7 msec : 0
28.8 msec : 0
28.9 msec : 0
29.0 msec : 0
29.1 msec : 0
29.2 msec : 0
29.3 msec : 0
29.4 msec : 0
29.5 msec : 0
29.6 msec : 0
29.7 msec : 0
29.8 msec : 0
29.9 msec : 0
30.0 msec : 0
30.1 msec : 0
30.2 msec : 0
30.3 msec : 0
30.4 msec : 0
30.5 msec : 0
30.6 msec : 0
30.7 msec : 0
30.8 msec : 0
30.9 msec : 0
31.0 msec : 0
31.1 msec : 0
31.2 msec : 0
31.3 msec : 0
31.4 msec : 0
31.5 msec : 0
31.6 msec : 0
31.7 msec : 0
31.8 msec : 0
31.9 msec : 0
32.0 msec : 0
32.1 msec : 0
32.2 msec : 0
32.3 msec : 0
32.4 msec : 0
32.5 msec : 0
32.6 msec : 0
32.7 msec : 0
32.8 msec : 0
32.9 msec : 0
33.0 msec : 0
33.1 msec : 0
33.2 msec : 0
33.3 msec : 0
33.4 msec : 0
33.5 msec : 0
33.6 msec : 0
33.7 msec : 0
33.8 msec : 0
33.9 msec : 0
34.0 msec : 0
34.1 msec : 0
34.2 msec : 0
34.3 msec : 2
34.4 msec : 0
34.5 msec : 0
34.6 msec : 0
34.7 msec : 0
34.8 msec : 1
34.9 msec : 2
35.0 msec : 0
35.1 msec : 0
35.2 msec : 0
35.3 msec : 0
35.4 msec : 0
35.5 msec : 0
35.6 msec : 0
35.7 msec : 0
35.8 msec : 0
35.9 msec : 0
36.0 msec : 0
36.1 msec : 0
36.2 msec : 0
36.3 msec : 0
36.4 msec : 0
36.5 msec : 0
36.6 msec : 0
36.7 msec : 0
36.8 msec : 0
36.9 msec : 0
37.0 msec : 0
37.1 msec : 0
37.2 msec : 0
37.3 msec : 0
37.4 msec : 0
37.5 msec : 0
37.6 msec : 0
37.7 msec : 0
37.8 msec : 0
37.9 msec : 0
38.0 msec : 0
38.1 msec : 0
38.2 msec : 0
38.3 msec : 0
38.4 msec : 0
38.5 msec : 1
38.6 msec : 0
38.7 msec : 0
38.8 msec : 0
38.9 msec : 0
39.0 msec : 0
39.1 msec : 0
39.2 msec : 0
39.3 msec : 0
39.4 msec : 0
39.5 msec : 0
39.6 msec : 1
39.7 msec : 0
39.8 msec : 2
39.9 msec : 0
40.0 msec : 0
40.1 msec : 0
40.2 msec : 0
40.3 msec : 0
40.4 msec : 0
40.5 msec : 0
40.6 msec : 0
40.7 msec : 0
40.8 msec : 0
40.9 msec : 0
41.0 msec : 0
41.1 msec : 0
41.2 msec : 0
41.3 msec : 0
41.4 msec : 0
41.5 msec : 0
41.6 msec : 0
41.7 msec : 0
41.8 msec : 0
41.9 msec : 0
42.0 msec : 0
42.1 msec : 0
42.2 msec : 0
42.3 msec : 0
42.4 msec : 0
42.5 msec : 0
42.6 msec : 0
42.7 msec : 0
42.8 msec : 0
42.9 msec : 0
43.0 msec : 0
43.1 msec : 0
43.2 msec : 0
43.3 msec : 0
43.4 msec : 0
43.5 msec : 0
43.6 msec : 0
43.7 msec : 0
43.8 msec : 0
43.9 msec : 0
44.0 msec : 0
44.1 msec : 0
44.2 msec : 0
44.3 msec : 0
44.4 msec : 0
44.5 msec : 0
44.6 msec : 0
44.7 msec : 0
44.8 msec : 0
44.9 msec : 0
45.0 msec : 0
45.1 msec : 0
45.2 msec : 0
45.3 msec : 0
45.4 msec : 0
45.5 msec : 0
45.6 msec : 0
45.7 msec : 0
45.8 msec : 0
45.9 msec : 0
46.0 msec : 0
46.1 msec : 0
46.2 msec : 0
46.3 msec : 0
46.4 msec : 0
46.5 msec : 0
46.6 msec : 0
46.7 msec : 0
46.8 msec : 0
46.9 msec : 0
47.0 msec : 0
47.1 msec : 0
47.2 msec : 0
47.3 msec : 0
47.4 msec : 0
47.5 msec : 0
47.6 msec : 0
47.7 msec : 0
47.8 msec : 0
47.9 msec : 0
48.0 msec : 0
48.1 msec : 0
48.2 msec : 0
48.3 msec : 0
48.4 msec : 0
48.5 msec : 0
48.6 msec : 0
48.7 msec : 0
48.8 msec : 0
48.9 msec : 0
49.0 msec : 0
49.1 msec : 0
49.2 msec : 0
49.3 msec : 0
49.4 msec : 0
49.5 msec : 0
49.6 msec : 0
49.7 msec : 0
49.8 msec : 0
49.9 msec : 0
50.0 msec : 0
50.1 msec : 0
50.2 msec : 0
50.3 msec : 0
50.4 msec : 0
50.5 msec : 0
50.6 msec : 0
50.7 msec : 0
50.8 msec : 0
50.9 msec : 0
51.0 msec : 0
51.1 msec : 0
51.2 msec : 0
51.3 msec : 0
51.4 msec : 0
51.5 msec : 0
51.6 msec : 0
51.7 msec : 0
51.8 msec : 0
51.9 msec : 0
52.0 msec : 0
52.1 msec : 0
52.2 msec : 0
52.3 msec : 0
52.4 msec : 0
52.5 msec : 0
52.6 msec : 0
52.7 msec : 0
52.8 msec : 0
52.9 msec : 0
53.0 msec : 0
53.1 msec : 0
53.2 msec : 0
53.3 msec : 0
53.4 msec : 0
53.5 msec : 0
53.6 msec : 0
53.7 msec : 0
53.8 msec : 0
53.9 msec : 0
54.0 msec : 0
54.1 msec : 0
54.2 msec : 0
54.3 msec : 0
54.4 msec : 0
54.5 msec : 0
54.6 msec : 0
54.7 msec : 0
54.8 msec : 0
54.9 msec : 0
55.0 msec : 0
55.1 msec : 0
55.2 msec : 0
55.3 msec : 0
55.4 msec : 0
55.5 msec : 0
55.6 msec : 0
55.7 msec : 0
55.8 msec : 0
55.9 msec : 0
56.0 msec : 0
56.1 msec : 0
56.2 msec : 0
56.3 msec : 0
56.4 msec : 0
56.5 msec : 0
56.6 msec : 0
56.7 msec : 0
56.8 msec : 0
56.9 msec : 0
57.0 msec : 0
57.1 msec : 0
57.2 msec : 0
57.3 msec : 0
57.4 msec : 0
57.5 msec : 0
57.6 msec : 0
57.7 msec : 0
57.8 msec : 0
57.9 msec : 0
58.0 msec : 0
58.1 msec : 0
58.2 msec : 0
58.3 msec : 0
58.4 msec : 0
58.5 msec : 0
58.6 msec : 0
58.7 msec : 0
58.8 msec : 0
58.9 msec : 0
59.0 msec : 0
59.1 msec : 0
59.2 msec : 0
59.3 msec : 0
59.4 msec : 0
59.5 msec : 0
59.6 msec : 0
59.7 msec : 0
59.8 msec : 0
59.9 msec : 0
60.0 msec : 0
60.1 msec : 0
60.2 msec : 0
60.3 msec : 0
60.4 msec : 0
60.5 msec : 0
60.6 msec : 0
60.7 msec : 0
60.8 msec : 0
60.9 msec : 0
61.0 msec : 0
61.1 msec : 0
61.2 msec : 0
61.3 msec : 0
61.4 msec : 0
61.5 msec : 0
61.6 msec : 0
61.7 msec : 0
61.8 msec : 0
61.9 msec : 0
62.0 msec : 0
62.1 msec : 0
62.2 msec : 0
62.3 msec : 0
62.4 msec : 1
62.5 msec : 0
62.6 msec : 0
62.7 msec : 0
62.8 msec : 0
62.9 msec : 0
63.0 msec : 0
63.1 msec : 0
63.2 msec : 0
63.3 msec : 0
63.4 msec : 1
63.5 msec : 1
63.6 msec : 0
63.7 msec : 0
63.8 msec : 0
63.9 msec : 0
64.0 msec : 0
64.1 msec : 0
64.2 msec : 0
64.3 msec : 0
64.4 msec : 0
64.5 msec : 0
64.6 msec : 0
64.7 msec : 0
64.8 msec : 0
64.9 msec : 0
65.0 msec : 0
65.1 msec : 0
65.2 msec : 0
65.3 msec : 0
65.4 msec : 0
65.5 msec : 0
65.6 msec : 0
65.7 msec : 0
65.8 msec : 0
65.9 msec : 0
66.0 msec : 0
66.1 msec : 0
66.2 msec : 0
66.3 msec : 0
66.4 msec : 0
66.5 msec : 0
66.6 msec : 1
66.7 msec : 0
66.8 msec : 0
66.9 msec : 0
67.0 msec : 0
67.1 msec : 0
67.2 msec : 0
67.3 msec : 0
67.4 msec : 1
67.5 msec : 0
67.6 msec : 0
67.7 msec : 0
67.8 msec : 0
67.9 msec : 0
68.0 msec : 0
68.1 msec : 0
68.2 msec : 1
68.3 msec : 0
68.4 msec : 0
