Middleware started...
Middleware shuts down...
Smaller resolution statistics are in a log file...
Final aggregates per worker:


Worker 46
Average throughput (ops/sec) = 16
Average response time (msec) = 1.0864054098360656
Average queue length = 0
Average wait time in queue (msec) = 0.028421426229508197
Average service time (msec) = 1.0030211147540984
Number of SET = 0
Number of GET = 16
Number of MULTI GET = 0


Worker 47
Average throughput (ops/sec) = 16
Average response time (msec) = 1.1149663770491802
Average queue length = 0
Average wait time in queue (msec) = 0.024584426229508197
Average service time (msec) = 1.0338994098360657
Number of SET = 0
Number of GET = 16
Number of MULTI GET = 0


Worker 48
Average throughput (ops/sec) = 16
Average response time (msec) = 1.1069094426229507
Average queue length = 0
Average wait time in queue (msec) = 0.02318367213114754
Average service time (msec) = 1.0112159180327869
Number of SET = 0
Number of GET = 16
Number of MULTI GET = 0


Worker 49
Average throughput (ops/sec) = 16
Average response time (msec) = 1.0816575737704919
Average queue length = 0
Average wait time in queue (msec) = 0.02606749180327869
Average service time (msec) = 0.9946948524590163
Number of SET = 0
Number of GET = 16
Number of MULTI GET = 0


Worker 42
Average throughput (ops/sec) = 16
Average response time (msec) = 1.0601037049180329
Average queue length = 0
Average wait time in queue (msec) = 0.025759754098360656
Average service time (msec) = 0.9817155573770492
Number of SET = 0
Number of GET = 16
Number of MULTI GET = 0


Worker 43
Average throughput (ops/sec) = 16
Average response time (msec) = 1.0878301475409835
Average queue length = 0
Average wait time in queue (msec) = 0.023546819672131146
Average service time (msec) = 1.0008292295081966
Number of SET = 0
Number of GET = 16
Number of MULTI GET = 0


Worker 44
Average throughput (ops/sec) = 16
Average response time (msec) = 1.1235338688524592
Average queue length = 0
Average wait time in queue (msec) = 0.041993901639344265
Average service time (msec) = 1.0281962295081968
Number of SET = 0
Number of GET = 16
Number of MULTI GET = 0


Worker 45
Average throughput (ops/sec) = 16
Average response time (msec) = 1.1391575901639346
Average queue length = 0
Average wait time in queue (msec) = 0.024347819672131146
Average service time (msec) = 1.0491150819672133
Number of SET = 0
Number of GET = 16
Number of MULTI GET = 0


Worker 50
Average throughput (ops/sec) = 16
Average response time (msec) = 1.0662851967213114
Average queue length = 0
Average wait time in queue (msec) = 0.02762260655737705
Average service time (msec) = 0.9846552459016393
Number of SET = 0
Number of GET = 16
Number of MULTI GET = 0


Worker 51
Average throughput (ops/sec) = 16
Average response time (msec) = 1.1704713606557378
Average queue length = 0
Average wait time in queue (msec) = 0.02461539344262295
Average service time (msec) = 1.0855908196721311
Number of SET = 0
Number of GET = 16
Number of MULTI GET = 0


Worker 52
Average throughput (ops/sec) = 16
Average response time (msec) = 1.1932443770491803
Average queue length = 0
Average wait time in queue (msec) = 0.028835590163934426
Average service time (msec) = 1.1114015409836067
Number of SET = 0
Number of GET = 16
Number of MULTI GET = 0


Worker 57
Average throughput (ops/sec) = 16
Average response time (msec) = 1.0968098196721312
Average queue length = 0
Average wait time in queue (msec) = 0.023863852459016396
Average service time (msec) = 1.017747213114754
Number of SET = 0
Number of GET = 16
Number of MULTI GET = 0


Worker 13
Average throughput (ops/sec) = 16
Average response time (msec) = 1.1241186557377048
Average queue length = 0
Average wait time in queue (msec) = 0.022455885245901638
Average service time (msec) = 1.0347843606557376
Number of SET = 0
Number of GET = 16
Number of MULTI GET = 0


Worker 58
Average throughput (ops/sec) = 16
Average response time (msec) = 1.1182105081967213
Average queue length = 0
Average wait time in queue (msec) = 0.03547806557377049
Average service time (msec) = 1.0251460983606557
Number of SET = 0
Number of GET = 16
Number of MULTI GET = 0


Worker 14
Average throughput (ops/sec) = 16
Average response time (msec) = 1.0961312295081966
Average queue length = 0
Average wait time in queue (msec) = 0.02747222950819672
Average service time (msec) = 1.0132766721311477
Number of SET = 0
Number of GET = 16
Number of MULTI GET = 0


Worker 59
Average throughput (ops/sec) = 16
Average response time (msec) = 1.1009191803278688
Average queue length = 0
Average wait time in queue (msec) = 0.03369334426229508
Average service time (msec) = 1.0148114918032787
Number of SET = 0
Number of GET = 16
Number of MULTI GET = 0


Worker 15
Average throughput (ops/sec) = 16
Average response time (msec) = 1.1155104918032788
Average queue length = 0
Average wait time in queue (msec) = 0.022146131147540982
Average service time (msec) = 1.041203786885246
Number of SET = 0
Number of GET = 16
Number of MULTI GET = 0


Worker 16
Average throughput (ops/sec) = 16
Average response time (msec) = 1.094760426229508
Average queue length = 0
Average wait time in queue (msec) = 0.02606834426229508
Average service time (msec) = 1.0141173278688524
Number of SET = 0
Number of GET = 16
Number of MULTI GET = 0


Worker 53
Average throughput (ops/sec) = 16
Average response time (msec) = 1.0859330819672133
Average queue length = 0
Average wait time in queue (msec) = 0.02481683606557377
Average service time (msec) = 1.0013463278688524
Number of SET = 0
Number of GET = 16
Number of MULTI GET = 0


Worker 54
Average throughput (ops/sec) = 16
Average response time (msec) = 1.0977477049180326
Average queue length = 0
Average wait time in queue (msec) = 0.022781196721311476
Average service time (msec) = 1.0212421967213114
Number of SET = 0
Number of GET = 16
Number of MULTI GET = 0


Worker 10
Average throughput (ops/sec) = 16
Average response time (msec) = 1.0906157213114753
Average queue length = 0
Average wait time in queue (msec) = 0.024409114754098363
Average service time (msec) = 1.0151391147540985
Number of SET = 0
Number of GET = 16
Number of MULTI GET = 0


Worker 55
Average throughput (ops/sec) = 16
Average response time (msec) = 1.079979
Average queue length = 0
Average wait time in queue (msec) = 0.024400311475409834
Average service time (msec) = 1.0047836721311476
Number of SET = 0
Number of GET = 16
Number of MULTI GET = 0


Worker 11
Average throughput (ops/sec) = 16
Average response time (msec) = 1.1003676393442623
Average queue length = 0
Average wait time in queue (msec) = 0.024272754098360657
Average service time (msec) = 1.0237047540983606
Number of SET = 0
Number of GET = 16
Number of MULTI GET = 0


Worker 56
Average throughput (ops/sec) = 16
Average response time (msec) = 1.1056908524590165
Average queue length = 0
Average wait time in queue (msec) = 0.024149
Average service time (msec) = 1.0253720983606558
Number of SET = 0
Number of GET = 16
Number of MULTI GET = 0


Worker 12
Average throughput (ops/sec) = 16
Average response time (msec) = 1.062038262295082
Average queue length = 0
Average wait time in queue (msec) = 0.02398945901639344
Average service time (msec) = 0.9841999672131148
Number of SET = 0
Number of GET = 16
Number of MULTI GET = 0


Worker 17
Average throughput (ops/sec) = 16
Average response time (msec) = 1.0718005081967212
Average queue length = 0
Average wait time in queue (msec) = 0.029497360655737707
Average service time (msec) = 0.9871149344262296
Number of SET = 0
Number of GET = 16
Number of MULTI GET = 0


Worker 18
Average throughput (ops/sec) = 16
Average response time (msec) = 1.0850090327868853
Average queue length = 0
Average wait time in queue (msec) = 0.02519970491803279
Average service time (msec) = 1.008815524590164
Number of SET = 0
Number of GET = 16
Number of MULTI GET = 0


Worker 19
Average throughput (ops/sec) = 16
Average response time (msec) = 1.0902943278688526
Average queue length = 0
Average wait time in queue (msec) = 0.027849049180327868
Average service time (msec) = 1.0065472786885246
Number of SET = 0
Number of GET = 16
Number of MULTI GET = 0


Worker 60
Average throughput (ops/sec) = 16
Average response time (msec) = 1.0873857540983607
Average queue length = 0
Average wait time in queue (msec) = 0.02426622950819672
Average service time (msec) = 1.0106943770491803
Number of SET = 0
Number of GET = 16
Number of MULTI GET = 0


Worker 61
Average throughput (ops/sec) = 16
Average response time (msec) = 1.0601043934426229
Average queue length = 0
Average wait time in queue (msec) = 0.023485049180327868
Average service time (msec) = 0.9810485901639344
Number of SET = 0
Number of GET = 16
Number of MULTI GET = 0


Worker 62
Average throughput (ops/sec) = 16
Average response time (msec) = 1.0767423770491802
Average queue length = 0
Average wait time in queue (msec) = 0.02779470491803279
Average service time (msec) = 0.9937095081967213
Number of SET = 0
Number of GET = 16
Number of MULTI GET = 0


Worker 63
Average throughput (ops/sec) = 16
Average response time (msec) = 1.101432573770492
Average queue length = 0
Average wait time in queue (msec) = 0.02480613114754098
Average service time (msec) = 1.0190528852459015
Number of SET = 0
Number of GET = 16
Number of MULTI GET = 0


Worker 24
Average throughput (ops/sec) = 16
Average response time (msec) = 1.0679919180327868
Average queue length = 0
Average wait time in queue (msec) = 0.027486311475409836
Average service time (msec) = 0.9848745573770492
Number of SET = 0
Number of GET = 16
Number of MULTI GET = 0


Worker 7
Average throughput (ops/sec) = 16
Average response time (msec) = 1.073918426229508
Average queue length = 0
Average wait time in queue (msec) = 0.023477311475409834
Average service time (msec) = 0.9977668852459016
Number of SET = 0
Number of GET = 16
Number of MULTI GET = 0


Worker 25
Average throughput (ops/sec) = 16
Average response time (msec) = 1.0869670819672133
Average queue length = 0
Average wait time in queue (msec) = 0.025019885245901638
Average service time (msec) = 1.007226655737705
Number of SET = 0
Number of GET = 16
Number of MULTI GET = 0


Worker 6
Average throughput (ops/sec) = 16
Average response time (msec) = 1.1262681147540985
Average queue length = 0
Average wait time in queue (msec) = 0.03358819672131148
Average service time (msec) = 1.039686950819672
Number of SET = 0
Number of GET = 16
Number of MULTI GET = 0


Worker 26
Average throughput (ops/sec) = 16
Average response time (msec) = 1.1103358196721311
Average queue length = 0
Average wait time in queue (msec) = 0.024587950819672133
Average service time (msec) = 1.0325049508196722
Number of SET = 0
Number of GET = 16
Number of MULTI GET = 0


Worker 9
Average throughput (ops/sec) = 16
Average response time (msec) = 1.1071450327868853
Average queue length = 0
Average wait time in queue (msec) = 0.024450032786885248
Average service time (msec) = 1.028391180327869
Number of SET = 0
Number of GET = 16
Number of MULTI GET = 0


Worker 27
Average throughput (ops/sec) = 16
Average response time (msec) = 1.1057184262295081
Average queue length = 0
Average wait time in queue (msec) = 0.03242665573770492
Average service time (msec) = 1.0220153606557376
Number of SET = 0
Number of GET = 16
Number of MULTI GET = 0


Worker 8
Average throughput (ops/sec) = 16
Average response time (msec) = 1.1137191475409836
Average queue length = 0
Average wait time in queue (msec) = 0.024858409836065572
Average service time (msec) = 1.03735768852459
Number of SET = 0
Number of GET = 16
Number of MULTI GET = 0


Worker 64
Average throughput (ops/sec) = 16
Average response time (msec) = 1.0970839344262295
Average queue length = 0
Average wait time in queue (msec) = 0.031721950819672134
Average service time (msec) = 1.0068753114754099
Number of SET = 0
Number of GET = 16
Number of MULTI GET = 0


Worker 3
Average throughput (ops/sec) = 16
Average response time (msec) = 1.0839963770491803
Average queue length = 0
Average wait time in queue (msec) = 0.027155491803278687
Average service time (msec) = 1.004944918032787
Number of SET = 0
Number of GET = 16
Number of MULTI GET = 0


Worker 20
Average throughput (ops/sec) = 16
Average response time (msec) = 1.0652702459016394
Average queue length = 0
Average wait time in queue (msec) = 0.022256344262295082
Average service time (msec) = 0.9891281475409837
Number of SET = 0
Number of GET = 16
Number of MULTI GET = 0


Worker 21
Average throughput (ops/sec) = 16
Average response time (msec) = 1.073294344262295
Average queue length = 0
Average wait time in queue (msec) = 0.023082524590163935
Average service time (msec) = 0.9996308032786886
Number of SET = 0
Number of GET = 16
Number of MULTI GET = 0


Worker 2
Average throughput (ops/sec) = 16
Average response time (msec) = 1.0730014098360654
Average queue length = 0
Average wait time in queue (msec) = 0.0256085737704918
Average service time (msec) = 0.9843554918032786
Number of SET = 0
Number of GET = 16
Number of MULTI GET = 0


Worker 22
Average throughput (ops/sec) = 16
Average response time (msec) = 1.1079747868852459
Average queue length = 0
Average wait time in queue (msec) = 0.02419706557377049
Average service time (msec) = 1.031654918032787
Number of SET = 0
Number of GET = 16
Number of MULTI GET = 0


Worker 5
Average throughput (ops/sec) = 16
Average response time (msec) = 1.1199184098360655
Average queue length = 0
Average wait time in queue (msec) = 0.024422557377049178
Average service time (msec) = 1.0330263278688525
Number of SET = 0
Number of GET = 16
Number of MULTI GET = 0


Worker 23
Average throughput (ops/sec) = 16
Average response time (msec) = 1.1244677213114753
Average queue length = 0
Average wait time in queue (msec) = 0.02457083606557377
Average service time (msec) = 1.0440724918032787
Number of SET = 0
Number of GET = 16
Number of MULTI GET = 0


Worker 4
Average throughput (ops/sec) = 16
Average response time (msec) = 1.0886964918032787
Average queue length = 0
Average wait time in queue (msec) = 0.023960590163934425
Average service time (msec) = 1.0125010819672131
Number of SET = 0
Number of GET = 16
Number of MULTI GET = 0


Worker 28
Average throughput (ops/sec) = 16
Average response time (msec) = 1.0774789180327868
Average queue length = 0
Average wait time in queue (msec) = 0.026607803278688523
Average service time (msec) = 1.0007792950819672
Number of SET = 0
Number of GET = 16
Number of MULTI GET = 0


Worker 29
Average throughput (ops/sec) = 16
Average response time (msec) = 1.0744991475409835
Average queue length = 0
Average wait time in queue (msec) = 0.03592016393442623
Average service time (msec) = 0.982704786885246
Number of SET = 0
Number of GET = 16
Number of MULTI GET = 0


Worker 1
Average throughput (ops/sec) = 16
Average response time (msec) = 1.0578657704918033
Average queue length = 0
Average wait time in queue (msec) = 0.023332491803278687
Average service time (msec) = 0.9844651147540984
Number of SET = 0
Number of GET = 16
Number of MULTI GET = 0


Worker 30
Average throughput (ops/sec) = 16
Average response time (msec) = 1.0595140655737705
Average queue length = 0
Average wait time in queue (msec) = 0.024441049180327867
Average service time (msec) = 0.9829379016393442
Number of SET = 0
Number of GET = 16
Number of MULTI GET = 0


Worker 35
Average throughput (ops/sec) = 16
Average response time (msec) = 1.0924688196721313
Average queue length = 0
Average wait time in queue (msec) = 0.024513475409836064
Average service time (msec) = 1.0101216229508196
Number of SET = 0
Number of GET = 16
Number of MULTI GET = 0


Worker 36
Average throughput (ops/sec) = 16
Average response time (msec) = 1.0946628196721313
Average queue length = 0
Average wait time in queue (msec) = 0.0230065737704918
Average service time (msec) = 1.0187630327868853
Number of SET = 0
Number of GET = 16
Number of MULTI GET = 0


Worker 37
Average throughput (ops/sec) = 16
Average response time (msec) = 1.040575262295082
Average queue length = 0
Average wait time in queue (msec) = 0.023847508196721313
Average service time (msec) = 0.9636992950819673
Number of SET = 0
Number of GET = 16
Number of MULTI GET = 0


Worker 38
Average throughput (ops/sec) = 16
Average response time (msec) = 1.0609444098360654
Average queue length = 0
Average wait time in queue (msec) = 0.02427809836065574
Average service time (msec) = 0.9826103442622951
Number of SET = 0
Number of GET = 16
Number of MULTI GET = 0


Worker 31
Average throughput (ops/sec) = 16
Average response time (msec) = 1.1175383114754098
Average queue length = 0
Average wait time in queue (msec) = 0.024331245901639344
Average service time (msec) = 1.0377270655737705
Number of SET = 0
Number of GET = 16
Number of MULTI GET = 0


Worker 32
Average throughput (ops/sec) = 16
Average response time (msec) = 1.0525658032786886
Average queue length = 0
Average wait time in queue (msec) = 0.026579852459016395
Average service time (msec) = 0.9699965245901639
Number of SET = 0
Number of GET = 16
Number of MULTI GET = 0


Worker 33
Average throughput (ops/sec) = 16
Average response time (msec) = 1.1127672950819671
Average queue length = 0
Average wait time in queue (msec) = 0.022965409836065574
Average service time (msec) = 1.0348485901639344
Number of SET = 0
Number of GET = 16
Number of MULTI GET = 0


Worker 34
Average throughput (ops/sec) = 16
Average response time (msec) = 1.1125196721311474
Average queue length = 0
Average wait time in queue (msec) = 0.029231196721311477
Average service time (msec) = 1.029566950819672
Number of SET = 0
Number of GET = 16
Number of MULTI GET = 0


Worker 39
Average throughput (ops/sec) = 16
Average response time (msec) = 1.1721139016393443
Average queue length = 0
Average wait time in queue (msec) = 0.02619416393442623
Average service time (msec) = 1.091280393442623
Number of SET = 0
Number of GET = 16
Number of MULTI GET = 0


Worker 40
Average throughput (ops/sec) = 16
Average response time (msec) = 1.0882048032786886
Average queue length = 0
Average wait time in queue (msec) = 0.02490503278688525
Average service time (msec) = 1.0118832786885246
Number of SET = 0
Number of GET = 16
Number of MULTI GET = 0


Worker 41
Average throughput (ops/sec) = 16
Average response time (msec) = 1.0906861311475409
Average queue length = 0
Average wait time in queue (msec) = 0.029210639344262292
Average service time (msec) = 1.001175213114754
Number of SET = 0
Number of GET = 16
Number of MULTI GET = 0


FINAL STATS
Average throughput (ops/sec) = 1024
Average response time (msec) = 1.0823590808468182
Average queue length = 0
Average wait time in queue (msec) = 0.026157953893442623
Average service time (msec) = 1.0138557236168033
Number of SET = 0
Number of GET = 1024
Number of MULTI GET = 0
Number of Cache misses = 1054


Histogram response times (0.1 msec step)
0.0 msec : 2527
0.1 msec : 12072
0.2 msec : 15335
0.3 msec : 8677
0.4 msec : 4916
0.5 msec : 3631
0.6 msec : 2807
0.7 msec : 2247
0.8 msec : 1700
0.9 msec : 1325
1.0 msec : 1161
1.1 msec : 965
1.2 msec : 839
1.3 msec : 712
1.4 msec : 587
1.5 msec : 487
1.6 msec : 402
1.7 msec : 398
1.8 msec : 294
1.9 msec : 293
2.0 msec : 312
2.1 msec : 253
2.2 msec : 187
2.3 msec : 162
2.4 msec : 166
2.5 msec : 141
2.6 msec : 175
2.7 msec : 133
2.8 msec : 138
2.9 msec : 89
3.0 msec : 99
3.1 msec : 72
3.2 msec : 95
3.3 msec : 76
3.4 msec : 62
3.5 msec : 57
3.6 msec : 44
3.7 msec : 34
3.8 msec : 39
3.9 msec : 27
4.0 msec : 33
4.1 msec : 25
4.2 msec : 19
4.3 msec : 22
4.4 msec : 18
4.5 msec : 12
4.6 msec : 12
4.7 msec : 16
4.8 msec : 8
4.9 msec : 16
5.0 msec : 18
5.1 msec : 13
5.2 msec : 5
5.3 msec : 11
5.4 msec : 8
5.5 msec : 16
5.6 msec : 15
5.7 msec : 6
5.8 msec : 9
5.9 msec : 7
6.0 msec : 4
6.1 msec : 5
6.2 msec : 12
6.3 msec : 7
6.4 msec : 2
6.5 msec : 3
6.6 msec : 5
6.7 msec : 6
6.8 msec : 7
6.9 msec : 4
7.0 msec : 6
7.1 msec : 0
7.2 msec : 4
7.3 msec : 1
7.4 msec : 3
7.5 msec : 0
7.6 msec : 0
7.7 msec : 5
7.8 msec : 0
7.9 msec : 0
8.0 msec : 1
8.1 msec : 4
8.2 msec : 1
8.3 msec : 2
8.4 msec : 1
8.5 msec : 0
8.6 msec : 3
8.7 msec : 3
8.8 msec : 4
8.9 msec : 1
9.0 msec : 0
9.1 msec : 1
9.2 msec : 0
9.3 msec : 0
9.4 msec : 2
9.5 msec : 0
9.6 msec : 2
9.7 msec : 0
9.8 msec : 2
9.9 msec : 0
10.0 msec : 1
10.1 msec : 1
10.2 msec : 0
10.3 msec : 0
10.4 msec : 0
10.5 msec : 0
10.6 msec : 0
10.7 msec : 0
10.8 msec : 0
10.9 msec : 0
11.0 msec : 0
11.1 msec : 0
11.2 msec : 0
11.3 msec : 0
11.4 msec : 0
11.5 msec : 0
11.6 msec : 0
11.7 msec : 0
11.8 msec : 0
11.9 msec : 1
12.0 msec : 2
12.1 msec : 0
12.2 msec : 0
12.3 msec : 0
12.4 msec : 0
12.5 msec : 0
12.6 msec : 0
12.7 msec : 0
12.8 msec : 0
12.9 msec : 0
13.0 msec : 0
13.1 msec : 0
13.2 msec : 0
13.3 msec : 0
13.4 msec : 0
13.5 msec : 0
13.6 msec : 0
13.7 msec : 0
13.8 msec : 0
13.9 msec : 0
14.0 msec : 2
14.1 msec : 0
14.2 msec : 0
14.3 msec : 0
14.4 msec : 0
14.5 msec : 1
14.6 msec : 0
14.7 msec : 0
14.8 msec : 0
14.9 msec : 0
15.0 msec : 0
15.1 msec : 1
15.2 msec : 0
15.3 msec : 0
15.4 msec : 0
15.5 msec : 0
15.6 msec : 0
15.7 msec : 0
15.8 msec : 0
15.9 msec : 0
16.0 msec : 0
16.1 msec : 0
16.2 msec : 1
16.3 msec : 0
16.4 msec : 0
16.5 msec : 0
16.6 msec : 1
16.7 msec : 0
16.8 msec : 0
16.9 msec : 0
17.0 msec : 0
17.1 msec : 0
17.2 msec : 0
17.3 msec : 0
17.4 msec : 0
17.5 msec : 0
17.6 msec : 0
17.7 msec : 0
17.8 msec : 0
17.9 msec : 0
18.0 msec : 0
18.1 msec : 0
18.2 msec : 0
18.3 msec : 0
18.4 msec : 0
18.5 msec : 0
18.6 msec : 0
18.7 msec : 0
18.8 msec : 0
18.9 msec : 0
19.0 msec : 0
19.1 msec : 0
19.2 msec : 0
19.3 msec : 0
19.4 msec : 0
19.5 msec : 0
19.6 msec : 0
19.7 msec : 0
19.8 msec : 0
19.9 msec : 0
20.0 msec : 0
20.1 msec : 0
20.2 msec : 0
20.3 msec : 0
20.4 msec : 0
20.5 msec : 0
20.6 msec : 0
20.7 msec : 0
20.8 msec : 0
20.9 msec : 0
21.0 msec : 0
21.1 msec : 0
21.2 msec : 0
21.3 msec : 0
21.4 msec : 0
21.5 msec : 0
21.6 msec : 0
21.7 msec : 0
21.8 msec : 0
21.9 msec : 0
22.0 msec : 0
22.1 msec : 0
22.2 msec : 0
22.3 msec : 0
22.4 msec : 0
22.5 msec : 0
22.6 msec : 0
22.7 msec : 0
22.8 msec : 0
22.9 msec : 0
23.0 msec : 0
23.1 msec : 0
23.2 msec : 0
23.3 msec : 0
23.4 msec : 0
23.5 msec : 0
23.6 msec : 0
23.7 msec : 0
23.8 msec : 0
23.9 msec : 0
24.0 msec : 0
24.1 msec : 0
24.2 msec : 0
24.3 msec : 0
24.4 msec : 0
24.5 msec : 0
24.6 msec : 0
24.7 msec : 0
24.8 msec : 0
24.9 msec : 0
25.0 msec : 0
25.1 msec : 0
25.2 msec : 0
25.3 msec : 0
25.4 msec : 0
25.5 msec : 0
25.6 msec : 0
25.7 msec : 0
25.8 msec : 0
25.9 msec : 0
26.0 msec : 0
26.1 msec : 0
26.2 msec : 0
26.3 msec : 1
26.4 msec : 0
26.5 msec : 0
26.6 msec : 0
26.7 msec : 0
26.8 msec : 0
26.9 msec : 0
27.0 msec : 0
27.1 msec : 0
27.2 msec : 0
27.3 msec : 0
27.4 msec : 0
27.5 msec : 0
27.6 msec : 0
27.7 msec : 0
27.8 msec : 0
27.9 msec : 0
28.0 msec : 0
28.1 msec : 0
28.2 msec : 0
28.3 msec : 0
28.4 msec : 0
28.5 msec : 0
28.6 msec : 0
28.7 msec : 0
28.8 msec : 0
28.9 msec : 0
29.0 msec : 0
29.1 msec : 0
29.2 msec : 0
29.3 msec : 0
29.4 msec : 0
29.5 msec : 0
29.6 msec : 0
29.7 msec : 0
29.8 msec : 0
29.9 msec : 0
30.0 msec : 0
30.1 msec : 0
30.2 msec : 0
30.3 msec : 0
30.4 msec : 0
30.5 msec : 0
30.6 msec : 0
30.7 msec : 0
30.8 msec : 0
30.9 msec : 0
31.0 msec : 0
31.1 msec : 2
31.2 msec : 2
31.3 msec : 1
31.4 msec : 0
31.5 msec : 0
31.6 msec : 0
31.7 msec : 0
31.8 msec : 0
31.9 msec : 0
32.0 msec : 0
32.1 msec : 0
32.2 msec : 0
32.3 msec : 0
32.4 msec : 0
32.5 msec : 0
32.6 msec : 0
32.7 msec : 0
32.8 msec : 0
32.9 msec : 0
33.0 msec : 0
33.1 msec : 0
33.2 msec : 0
33.3 msec : 0
33.4 msec : 0
33.5 msec : 0
33.6 msec : 0
33.7 msec : 0
33.8 msec : 0
33.9 msec : 0
34.0 msec : 0
34.1 msec : 0
34.2 msec : 0
34.3 msec : 0
34.4 msec : 0
34.5 msec : 0
34.6 msec : 0
34.7 msec : 0
34.8 msec : 0
34.9 msec : 0
35.0 msec : 0
35.1 msec : 0
35.2 msec : 0
35.3 msec : 0
35.4 msec : 0
35.5 msec : 0
35.6 msec : 1
35.7 msec : 0
35.8 msec : 0
35.9 msec : 0
36.0 msec : 0
36.1 msec : 0
36.2 msec : 0
36.3 msec : 0
36.4 msec : 0
36.5 msec : 0
36.6 msec : 0
36.7 msec : 0
36.8 msec : 0
36.9 msec : 0
37.0 msec : 0
37.1 msec : 0
37.2 msec : 0
37.3 msec : 0
37.4 msec : 0
37.5 msec : 0
37.6 msec : 0
37.7 msec : 0
37.8 msec : 0
37.9 msec : 0
38.0 msec : 0
38.1 msec : 0
38.2 msec : 0
38.3 msec : 0
38.4 msec : 0
38.5 msec : 0
38.6 msec : 0
38.7 msec : 0
38.8 msec : 0
38.9 msec : 0
39.0 msec : 0
39.1 msec : 0
39.2 msec : 0
39.3 msec : 0
39.4 msec : 0
39.5 msec : 0
39.6 msec : 0
39.7 msec : 0
39.8 msec : 0
39.9 msec : 0
40.0 msec : 0
40.1 msec : 0
40.2 msec : 0
40.3 msec : 0
40.4 msec : 0
40.5 msec : 0
40.6 msec : 0
40.7 msec : 0
40.8 msec : 0
40.9 msec : 0
41.0 msec : 0
41.1 msec : 0
41.2 msec : 0
41.3 msec : 0
41.4 msec : 0
41.5 msec : 0
41.6 msec : 0
41.7 msec : 0
41.8 msec : 0
41.9 msec : 0
42.0 msec : 0
42.1 msec : 0
42.2 msec : 0
42.3 msec : 0
42.4 msec : 0
42.5 msec : 0
42.6 msec : 1
42.7 msec : 0
42.8 msec : 0
42.9 msec : 0
43.0 msec : 0
43.1 msec : 0
43.2 msec : 0
43.3 msec : 0
43.4 msec : 0
43.5 msec : 0
43.6 msec : 0
43.7 msec : 0
43.8 msec : 0
