Middleware started...
Middleware shuts down...
Smaller resolution statistics are in a log file...
Final aggregates per worker:


Worker 46
Average throughput (ops/sec) = 170
Average response time (msec) = 3.341563295081967
Average queue length = 5
Average wait time in queue (msec) = 0.5475636393442623
Average service time (msec) = 2.633813508196721
Number of SET = 0
Number of GET = 170
Number of MULTI GET = 0


Worker 47
Average throughput (ops/sec) = 169
Average response time (msec) = 3.29857731147541
Average queue length = 5
Average wait time in queue (msec) = 0.511192524590164
Average service time (msec) = 2.6381202459016397
Number of SET = 0
Number of GET = 169
Number of MULTI GET = 0


Worker 48
Average throughput (ops/sec) = 169
Average response time (msec) = 3.3806944098360656
Average queue length = 6
Average wait time in queue (msec) = 0.5320509344262295
Average service time (msec) = 2.6777867377049183
Number of SET = 0
Number of GET = 169
Number of MULTI GET = 0


Worker 49
Average throughput (ops/sec) = 172
Average response time (msec) = 3.346752
Average queue length = 6
Average wait time in queue (msec) = 0.5203700819672131
Average service time (msec) = 2.6674694918032786
Number of SET = 0
Number of GET = 172
Number of MULTI GET = 0


Worker 42
Average throughput (ops/sec) = 170
Average response time (msec) = 3.3067173770491802
Average queue length = 5
Average wait time in queue (msec) = 0.5418624098360656
Average service time (msec) = 2.6166227213114754
Number of SET = 0
Number of GET = 170
Number of MULTI GET = 0


Worker 43
Average throughput (ops/sec) = 172
Average response time (msec) = 3.3343154262295083
Average queue length = 5
Average wait time in queue (msec) = 0.5464822950819672
Average service time (msec) = 2.630790081967213
Number of SET = 0
Number of GET = 172
Number of MULTI GET = 0


Worker 44
Average throughput (ops/sec) = 172
Average response time (msec) = 3.3362347540983603
Average queue length = 7
Average wait time in queue (msec) = 0.5489822786885247
Average service time (msec) = 2.6185231147540984
Number of SET = 0
Number of GET = 172
Number of MULTI GET = 0


Worker 45
Average throughput (ops/sec) = 170
Average response time (msec) = 3.3420385409836064
Average queue length = 5
Average wait time in queue (msec) = 0.5162852131147542
Average service time (msec) = 2.679167475409836
Number of SET = 0
Number of GET = 170
Number of MULTI GET = 0


Worker 50
Average throughput (ops/sec) = 173
Average response time (msec) = 3.3320299508196722
Average queue length = 5
Average wait time in queue (msec) = 0.5431591967213114
Average service time (msec) = 2.6232851967213118
Number of SET = 0
Number of GET = 173
Number of MULTI GET = 0


Worker 51
Average throughput (ops/sec) = 172
Average response time (msec) = 3.2853851147540984
Average queue length = 5
Average wait time in queue (msec) = 0.523273737704918
Average service time (msec) = 2.613302901639344
Number of SET = 0
Number of GET = 172
Number of MULTI GET = 0


Worker 52
Average throughput (ops/sec) = 170
Average response time (msec) = 3.3577614098360655
Average queue length = 5
Average wait time in queue (msec) = 0.5243020327868853
Average service time (msec) = 2.6736691967213115
Number of SET = 0
Number of GET = 170
Number of MULTI GET = 0


Worker 57
Average throughput (ops/sec) = 167
Average response time (msec) = 3.33520668852459
Average queue length = 8
Average wait time in queue (msec) = 0.526047655737705
Average service time (msec) = 2.6449288524590164
Number of SET = 0
Number of GET = 167
Number of MULTI GET = 0


Worker 13
Average throughput (ops/sec) = 171
Average response time (msec) = 3.3100960327868854
Average queue length = 4
Average wait time in queue (msec) = 0.5340855409836066
Average service time (msec) = 2.614337213114754
Number of SET = 0
Number of GET = 171
Number of MULTI GET = 0


Worker 58
Average throughput (ops/sec) = 173
Average response time (msec) = 3.3383232950819672
Average queue length = 10
Average wait time in queue (msec) = 0.5497540327868853
Average service time (msec) = 2.622242229508197
Number of SET = 0
Number of GET = 173
Number of MULTI GET = 0


Worker 14
Average throughput (ops/sec) = 171
Average response time (msec) = 3.376416393442623
Average queue length = 4
Average wait time in queue (msec) = 0.569731737704918
Average service time (msec) = 2.6394188852459015
Number of SET = 0
Number of GET = 171
Number of MULTI GET = 0


Worker 59
Average throughput (ops/sec) = 172
Average response time (msec) = 3.315554950819672
Average queue length = 7
Average wait time in queue (msec) = 0.5463475081967213
Average service time (msec) = 2.6130794918032785
Number of SET = 0
Number of GET = 172
Number of MULTI GET = 0


Worker 15
Average throughput (ops/sec) = 170
Average response time (msec) = 3.2988671639344265
Average queue length = 4
Average wait time in queue (msec) = 0.5231958524590163
Average service time (msec) = 2.631212868852459
Number of SET = 0
Number of GET = 170
Number of MULTI GET = 0


Worker 16
Average throughput (ops/sec) = 169
Average response time (msec) = 3.348553131147541
Average queue length = 4
Average wait time in queue (msec) = 0.5462414426229507
Average service time (msec) = 2.6458963114754095
Number of SET = 0
Number of GET = 169
Number of MULTI GET = 0


Worker 53
Average throughput (ops/sec) = 171
Average response time (msec) = 3.415627950819672
Average queue length = 6
Average wait time in queue (msec) = 0.5508778852459016
Average service time (msec) = 2.725507295081967
Number of SET = 0
Number of GET = 171
Number of MULTI GET = 0


Worker 54
Average throughput (ops/sec) = 169
Average response time (msec) = 3.3941916393442626
Average queue length = 3
Average wait time in queue (msec) = 0.512831737704918
Average service time (msec) = 2.7040455409836066
Number of SET = 0
Number of GET = 169
Number of MULTI GET = 0


Worker 10
Average throughput (ops/sec) = 170
Average response time (msec) = 3.4220250163934427
Average queue length = 4
Average wait time in queue (msec) = 0.5602069672131147
Average service time (msec) = 2.7035414590163933
Number of SET = 0
Number of GET = 170
Number of MULTI GET = 0


Worker 55
Average throughput (ops/sec) = 171
Average response time (msec) = 3.311840836065574
Average queue length = 6
Average wait time in queue (msec) = 0.5498957049180327
Average service time (msec) = 2.611384229508197
Number of SET = 0
Number of GET = 171
Number of MULTI GET = 0


Worker 11
Average throughput (ops/sec) = 171
Average response time (msec) = 3.3264915901639345
Average queue length = 4
Average wait time in queue (msec) = 0.536476737704918
Average service time (msec) = 2.641805344262295
Number of SET = 0
Number of GET = 171
Number of MULTI GET = 0


Worker 56
Average throughput (ops/sec) = 170
Average response time (msec) = 3.3774722786885243
Average queue length = 3
Average wait time in queue (msec) = 0.5373568852459016
Average service time (msec) = 2.6838054426229507
Number of SET = 0
Number of GET = 170
Number of MULTI GET = 0


Worker 12
Average throughput (ops/sec) = 171
Average response time (msec) = 3.35311
Average queue length = 7
Average wait time in queue (msec) = 0.5053767540983607
Average service time (msec) = 2.6911476721311476
Number of SET = 0
Number of GET = 171
Number of MULTI GET = 0


Worker 17
Average throughput (ops/sec) = 171
Average response time (msec) = 3.3123424918032787
Average queue length = 7
Average wait time in queue (msec) = 0.5314160491803279
Average service time (msec) = 2.620907213114754
Number of SET = 0
Number of GET = 171
Number of MULTI GET = 0


Worker 18
Average throughput (ops/sec) = 172
Average response time (msec) = 3.373688426229508
Average queue length = 6
Average wait time in queue (msec) = 0.5429241147540983
Average service time (msec) = 2.6500814098360657
Number of SET = 0
Number of GET = 172
Number of MULTI GET = 0


Worker 19
Average throughput (ops/sec) = 170
Average response time (msec) = 3.3589040819672134
Average queue length = 6
Average wait time in queue (msec) = 0.5352673278688524
Average service time (msec) = 2.6605861967213116
Number of SET = 0
Number of GET = 170
Number of MULTI GET = 0


Worker 60
Average throughput (ops/sec) = 169
Average response time (msec) = 3.3916177540983603
Average queue length = 10
Average wait time in queue (msec) = 0.5488684262295083
Average service time (msec) = 2.6655559836065574
Number of SET = 0
Number of GET = 169
Number of MULTI GET = 0


Worker 61
Average throughput (ops/sec) = 169
Average response time (msec) = 3.3527565081967214
Average queue length = 9
Average wait time in queue (msec) = 0.5530065081967214
Average service time (msec) = 2.6611155737704917
Number of SET = 0
Number of GET = 169
Number of MULTI GET = 0


Worker 62
Average throughput (ops/sec) = 169
Average response time (msec) = 3.3470976229508196
Average queue length = 10
Average wait time in queue (msec) = 0.5285866393442623
Average service time (msec) = 2.673531295081967
Number of SET = 0
Number of GET = 169
Number of MULTI GET = 0


Worker 63
Average throughput (ops/sec) = 170
Average response time (msec) = 3.3821948852459016
Average queue length = 10
Average wait time in queue (msec) = 0.5503240163934426
Average service time (msec) = 2.6552227540983604
Number of SET = 0
Number of GET = 170
Number of MULTI GET = 0


Worker 7
Average throughput (ops/sec) = 169
Average response time (msec) = 3.311111524590164
Average queue length = 5
Average wait time in queue (msec) = 0.5195669836065574
Average service time (msec) = 2.638838770491803
Number of SET = 0
Number of GET = 169
Number of MULTI GET = 0


Worker 24
Average throughput (ops/sec) = 174
Average response time (msec) = 3.3072111475409836
Average queue length = 9
Average wait time in queue (msec) = 0.537767344262295
Average service time (msec) = 2.6232873606557376
Number of SET = 0
Number of GET = 174
Number of MULTI GET = 0


Worker 25
Average throughput (ops/sec) = 170
Average response time (msec) = 3.317307540983607
Average queue length = 5
Average wait time in queue (msec) = 0.5156091147540983
Average service time (msec) = 2.6494814918032787
Number of SET = 0
Number of GET = 170
Number of MULTI GET = 0


Worker 6
Average throughput (ops/sec) = 172
Average response time (msec) = 3.3349029180327867
Average queue length = 9
Average wait time in queue (msec) = 0.5613052786885246
Average service time (msec) = 2.6204239836065573
Number of SET = 0
Number of GET = 172
Number of MULTI GET = 0


Worker 26
Average throughput (ops/sec) = 170
Average response time (msec) = 3.3098858524590162
Average queue length = 8
Average wait time in queue (msec) = 0.534497606557377
Average service time (msec) = 2.6307672622950817
Number of SET = 0
Number of GET = 170
Number of MULTI GET = 0


Worker 9
Average throughput (ops/sec) = 170
Average response time (msec) = 3.3797737213114756
Average queue length = 5
Average wait time in queue (msec) = 0.5594650327868853
Average service time (msec) = 2.6647363278688525
Number of SET = 0
Number of GET = 170
Number of MULTI GET = 0


Worker 27
Average throughput (ops/sec) = 171
Average response time (msec) = 3.455508327868852
Average queue length = 2
Average wait time in queue (msec) = 0.5636580819672131
Average service time (msec) = 2.723675737704918
Number of SET = 0
Number of GET = 171
Number of MULTI GET = 0


Worker 8
Average throughput (ops/sec) = 172
Average response time (msec) = 3.302449344262295
Average queue length = 5
Average wait time in queue (msec) = 0.552530655737705
Average service time (msec) = 2.621928049180328
Number of SET = 0
Number of GET = 172
Number of MULTI GET = 0


Worker 64
Average throughput (ops/sec) = 171
Average response time (msec) = 3.3799967868852456
Average queue length = 7
Average wait time in queue (msec) = 0.5628794262295083
Average service time (msec) = 2.661640672131148
Number of SET = 0
Number of GET = 171
Number of MULTI GET = 0


Worker 20
Average throughput (ops/sec) = 169
Average response time (msec) = 3.3527805901639347
Average queue length = 6
Average wait time in queue (msec) = 0.5285728196721311
Average service time (msec) = 2.647936868852459
Number of SET = 0
Number of GET = 169
Number of MULTI GET = 0


Worker 3
Average throughput (ops/sec) = 171
Average response time (msec) = 3.399515131147541
Average queue length = 6
Average wait time in queue (msec) = 0.5638500491803279
Average service time (msec) = 2.6685454098360655
Number of SET = 0
Number of GET = 170
Number of MULTI GET = 0


Worker 2
Average throughput (ops/sec) = 173
Average response time (msec) = 3.4027875901639346
Average queue length = 5
Average wait time in queue (msec) = 0.5710205081967213
Average service time (msec) = 2.6617469508196723
Number of SET = 0
Number of GET = 173
Number of MULTI GET = 0


Worker 21
Average throughput (ops/sec) = 171
Average response time (msec) = 3.375586098360656
Average queue length = 6
Average wait time in queue (msec) = 0.5850172950819672
Average service time (msec) = 2.638252950819672
Number of SET = 0
Number of GET = 171
Number of MULTI GET = 0


Worker 22
Average throughput (ops/sec) = 171
Average response time (msec) = 3.3470260983606557
Average queue length = 7
Average wait time in queue (msec) = 0.5427525573770492
Average service time (msec) = 2.640832295081967
Number of SET = 0
Number of GET = 171
Number of MULTI GET = 0


Worker 5
Average throughput (ops/sec) = 171
Average response time (msec) = 3.3570009672131147
Average queue length = 7
Average wait time in queue (msec) = 0.5452997704918033
Average service time (msec) = 2.6700501147540985
Number of SET = 0
Number of GET = 170
Number of MULTI GET = 0


Worker 23
Average throughput (ops/sec) = 171
Average response time (msec) = 3.388683
Average queue length = 6
Average wait time in queue (msec) = 0.5464260491803279
Average service time (msec) = 2.6884320655737706
Number of SET = 0
Number of GET = 171
Number of MULTI GET = 0


Worker 4
Average throughput (ops/sec) = 171
Average response time (msec) = 3.325626950819672
Average queue length = 9
Average wait time in queue (msec) = 0.5302665573770492
Average service time (msec) = 2.6154576393442626
Number of SET = 0
Number of GET = 171
Number of MULTI GET = 0


Worker 28
Average throughput (ops/sec) = 168
Average response time (msec) = 3.354823918032787
Average queue length = 7
Average wait time in queue (msec) = 0.5236354426229508
Average service time (msec) = 2.673217557377049
Number of SET = 0
Number of GET = 168
Number of MULTI GET = 0


Worker 29
Average throughput (ops/sec) = 170
Average response time (msec) = 3.346022180327869
Average queue length = 7
Average wait time in queue (msec) = 0.520138262295082
Average service time (msec) = 2.6660767540983605
Number of SET = 0
Number of GET = 170
Number of MULTI GET = 0


Worker 1
Average throughput (ops/sec) = 171
Average response time (msec) = 3.3567154098360654
Average queue length = 8
Average wait time in queue (msec) = 0.549563393442623
Average service time (msec) = 2.644485426229508
Number of SET = 0
Number of GET = 171
Number of MULTI GET = 0


Worker 30
Average throughput (ops/sec) = 169
Average response time (msec) = 3.4098024426229507
Average queue length = 9
Average wait time in queue (msec) = 0.5339922786885246
Average service time (msec) = 2.6934059344262296
Number of SET = 0
Number of GET = 169
Number of MULTI GET = 0


Worker 35
Average throughput (ops/sec) = 170
Average response time (msec) = 3.3890419672131147
Average queue length = 5
Average wait time in queue (msec) = 0.5532512459016393
Average service time (msec) = 2.666433229508197
Number of SET = 0
Number of GET = 170
Number of MULTI GET = 0


Worker 36
Average throughput (ops/sec) = 171
Average response time (msec) = 3.2961520327868854
Average queue length = 2
Average wait time in queue (msec) = 0.529917213114754
Average service time (msec) = 2.618827737704918
Number of SET = 0
Number of GET = 171
Number of MULTI GET = 0


Worker 37
Average throughput (ops/sec) = 173
Average response time (msec) = 3.320483704918033
Average queue length = 6
Average wait time in queue (msec) = 0.5337729180327869
Average service time (msec) = 2.625213901639344
Number of SET = 0
Number of GET = 173
Number of MULTI GET = 0


Worker 38
Average throughput (ops/sec) = 173
Average response time (msec) = 3.3747007213114757
Average queue length = 7
Average wait time in queue (msec) = 0.580451655737705
Average service time (msec) = 2.6425784098360654
Number of SET = 0
Number of GET = 173
Number of MULTI GET = 0


Worker 31
Average throughput (ops/sec) = 170
Average response time (msec) = 3.393148950819672
Average queue length = 5
Average wait time in queue (msec) = 0.565973918032787
Average service time (msec) = 2.672550295081967
Number of SET = 0
Number of GET = 170
Number of MULTI GET = 0


Worker 32
Average throughput (ops/sec) = 171
Average response time (msec) = 3.3273812950819672
Average queue length = 5
Average wait time in queue (msec) = 0.5364449836065573
Average service time (msec) = 2.631197344262295
Number of SET = 0
Number of GET = 171
Number of MULTI GET = 0


Worker 33
Average throughput (ops/sec) = 171
Average response time (msec) = 3.377142
Average queue length = 7
Average wait time in queue (msec) = 0.5650366885245901
Average service time (msec) = 2.648549229508197
Number of SET = 0
Number of GET = 171
Number of MULTI GET = 0


Worker 34
Average throughput (ops/sec) = 170
Average response time (msec) = 3.3761586885245904
Average queue length = 8
Average wait time in queue (msec) = 0.546905
Average service time (msec) = 2.672582344262295
Number of SET = 0
Number of GET = 170
Number of MULTI GET = 0


Worker 39
Average throughput (ops/sec) = 171
Average response time (msec) = 3.378818459016393
Average queue length = 5
Average wait time in queue (msec) = 0.549668131147541
Average service time (msec) = 2.670450098360656
Number of SET = 0
Number of GET = 171
Number of MULTI GET = 0


Worker 40
Average throughput (ops/sec) = 170
Average response time (msec) = 3.4002441639344263
Average queue length = 6
Average wait time in queue (msec) = 0.5608380983606557
Average service time (msec) = 2.660212819672131
Number of SET = 0
Number of GET = 170
Number of MULTI GET = 0


Worker 41
Average throughput (ops/sec) = 171
Average response time (msec) = 3.37786537704918
Average queue length = 5
Average wait time in queue (msec) = 0.5468696229508196
Average service time (msec) = 2.669369655737705
Number of SET = 0
Number of GET = 171
Number of MULTI GET = 0


FINAL STATS
Average throughput (ops/sec) = 10921
Average response time (msec) = 3.2886721833736954
Average queue length = 6
Average wait time in queue (msec) = 0.5423638726946721
Average service time (msec) = 2.6523920097336067
Number of SET = 0
Number of GET = 10919
Number of MULTI GET = 0
Number of Cache misses = 12186


Histogram response times (0.1 msec step)
0.0 msec : 241
0.1 msec : 3023
0.2 msec : 10552
0.3 msec : 21601
0.4 msec : 32652
0.5 msec : 41602
0.6 msec : 46366
0.7 msec : 46824
0.8 msec : 43402
0.9 msec : 39207
1.0 msec : 32971
1.1 msec : 26785
1.2 msec : 21800
1.3 msec : 18037
1.4 msec : 14596
1.5 msec : 11547
1.6 msec : 9579
1.7 msec : 7922
1.8 msec : 6454
1.9 msec : 5180
2.0 msec : 4214
2.1 msec : 3876
2.2 msec : 3489
2.3 msec : 3319
2.4 msec : 3028
2.5 msec : 2703
2.6 msec : 2672
2.7 msec : 2523
2.8 msec : 2300
2.9 msec : 2070
3.0 msec : 2236
3.1 msec : 2185
3.2 msec : 2122
3.3 msec : 2049
3.4 msec : 2131
3.5 msec : 2064
3.6 msec : 2176
3.7 msec : 2106
3.8 msec : 2006
3.9 msec : 1966
4.0 msec : 2225
4.1 msec : 2122
4.2 msec : 2039
4.3 msec : 2120
4.4 msec : 1799
4.5 msec : 1909
4.6 msec : 1771
4.7 msec : 1865
4.8 msec : 1784
4.9 msec : 1545
5.0 msec : 1517
5.1 msec : 1453
5.2 msec : 1220
5.3 msec : 1218
5.4 msec : 1370
5.5 msec : 2248
5.6 msec : 3839
5.7 msec : 5163
5.8 msec : 6306
5.9 msec : 6632
6.0 msec : 7142
6.1 msec : 6852
6.2 msec : 7010
6.3 msec : 6742
6.4 msec : 5847
6.5 msec : 5451
6.6 msec : 4775
6.7 msec : 4082
6.8 msec : 3259
6.9 msec : 2813
7.0 msec : 2427
7.1 msec : 2146
7.2 msec : 1779
7.3 msec : 1587
7.4 msec : 1343
7.5 msec : 1253
7.6 msec : 1327
7.7 msec : 1253
7.8 msec : 1193
7.9 msec : 1097
8.0 msec : 1129
8.1 msec : 1119
8.2 msec : 1230
8.3 msec : 1378
8.4 msec : 1242
8.5 msec : 1369
8.6 msec : 1525
8.7 msec : 1558
8.8 msec : 1594
8.9 msec : 1468
9.0 msec : 1526
9.1 msec : 1736
9.2 msec : 1812
9.3 msec : 2016
9.4 msec : 2127
9.5 msec : 2019
9.6 msec : 1993
9.7 msec : 2348
9.8 msec : 2267
9.9 msec : 2197
10.0 msec : 2174
10.1 msec : 2090
10.2 msec : 2018
10.3 msec : 1916
10.4 msec : 1829
10.5 msec : 1671
10.6 msec : 1420
10.7 msec : 1184
10.8 msec : 1009
10.9 msec : 817
11.0 msec : 705
11.1 msec : 569
11.2 msec : 419
11.3 msec : 363
11.4 msec : 313
11.5 msec : 230
11.6 msec : 192
11.7 msec : 180
11.8 msec : 130
11.9 msec : 128
12.0 msec : 93
12.1 msec : 85
12.2 msec : 70
12.3 msec : 79
12.4 msec : 47
12.5 msec : 72
12.6 msec : 64
12.7 msec : 68
12.8 msec : 61
12.9 msec : 58
13.0 msec : 45
13.1 msec : 50
13.2 msec : 46
13.3 msec : 42
13.4 msec : 39
13.5 msec : 36
13.6 msec : 39
13.7 msec : 18
13.8 msec : 19
13.9 msec : 32
14.0 msec : 28
14.1 msec : 34
14.2 msec : 25
14.3 msec : 16
14.4 msec : 15
14.5 msec : 25
14.6 msec : 37
14.7 msec : 30
14.8 msec : 29
14.9 msec : 49
15.0 msec : 34
15.1 msec : 31
15.2 msec : 21
15.3 msec : 28
15.4 msec : 21
15.5 msec : 30
15.6 msec : 34
15.7 msec : 36
15.8 msec : 18
15.9 msec : 15
16.0 msec : 28
16.1 msec : 17
16.2 msec : 26
16.3 msec : 13
16.4 msec : 16
16.5 msec : 17
16.6 msec : 16
16.7 msec : 15
16.8 msec : 25
16.9 msec : 37
17.0 msec : 17
17.1 msec : 23
17.2 msec : 16
17.3 msec : 24
17.4 msec : 21
17.5 msec : 17
17.6 msec : 26
17.7 msec : 19
17.8 msec : 23
17.9 msec : 28
18.0 msec : 34
18.1 msec : 35
18.2 msec : 23
18.3 msec : 30
18.4 msec : 20
18.5 msec : 17
18.6 msec : 19
18.7 msec : 13
18.8 msec : 21
18.9 msec : 12
19.0 msec : 10
19.1 msec : 19
19.2 msec : 26
19.3 msec : 18
19.4 msec : 13
19.5 msec : 21
19.6 msec : 34
19.7 msec : 27
19.8 msec : 22
19.9 msec : 23
20.0 msec : 36
20.1 msec : 22
20.2 msec : 14
20.3 msec : 17
20.4 msec : 13
20.5 msec : 16
20.6 msec : 21
20.7 msec : 23
20.8 msec : 16
20.9 msec : 26
21.0 msec : 20
21.1 msec : 19
21.2 msec : 9
21.3 msec : 9
21.4 msec : 15
21.5 msec : 11
21.6 msec : 16
21.7 msec : 21
21.8 msec : 8
21.9 msec : 11
22.0 msec : 9
22.1 msec : 16
22.2 msec : 19
22.3 msec : 12
22.4 msec : 7
22.5 msec : 6
22.6 msec : 5
22.7 msec : 3
22.8 msec : 20
22.9 msec : 15
23.0 msec : 9
23.1 msec : 5
23.2 msec : 17
23.3 msec : 12
23.4 msec : 9
23.5 msec : 12
23.6 msec : 13
23.7 msec : 9
23.8 msec : 8
23.9 msec : 6
24.0 msec : 11
24.1 msec : 12
24.2 msec : 3
24.3 msec : 3
24.4 msec : 12
24.5 msec : 28
24.6 msec : 8
24.7 msec : 17
24.8 msec : 15
24.9 msec : 16
25.0 msec : 19
25.1 msec : 12
25.2 msec : 15
25.3 msec : 32
25.4 msec : 33
25.5 msec : 36
25.6 msec : 18
25.7 msec : 11
25.8 msec : 9
25.9 msec : 14
26.0 msec : 2
26.1 msec : 3
26.2 msec : 2
26.3 msec : 6
26.4 msec : 1
26.5 msec : 3
26.6 msec : 8
26.7 msec : 12
26.8 msec : 4
26.9 msec : 0
27.0 msec : 1
27.1 msec : 1
27.2 msec : 0
27.3 msec : 0
27.4 msec : 0
27.5 msec : 2
27.6 msec : 2
27.7 msec : 0
27.8 msec : 0
27.9 msec : 3
28.0 msec : 0
28.1 msec : 3
28.2 msec : 2
28.3 msec : 2
28.4 msec : 0
28.5 msec : 3
28.6 msec : 1
28.7 msec : 0
28.8 msec : 0
28.9 msec : 0
29.0 msec : 2
29.1 msec : 1
29.2 msec : 0
29.3 msec : 0
29.4 msec : 11
29.5 msec : 4
29.6 msec : 3
29.7 msec : 1
29.8 msec : 2
29.9 msec : 1
30.0 msec : 3
30.1 msec : 5
30.2 msec : 7
30.3 msec : 1
30.4 msec : 0
30.5 msec : 1
30.6 msec : 3
30.7 msec : 5
30.8 msec : 2
30.9 msec : 3
31.0 msec : 6
31.1 msec : 3
31.2 msec : 8
31.3 msec : 10
31.4 msec : 7
31.5 msec : 4
31.6 msec : 4
31.7 msec : 5
31.8 msec : 10
31.9 msec : 9
32.0 msec : 1
32.1 msec : 0
32.2 msec : 1
32.3 msec : 5
32.4 msec : 5
32.5 msec : 5
32.6 msec : 4
32.7 msec : 4
32.8 msec : 3
32.9 msec : 2
33.0 msec : 3
33.1 msec : 4
33.2 msec : 8
33.3 msec : 7
33.4 msec : 3
33.5 msec : 1
33.6 msec : 0
33.7 msec : 0
33.8 msec : 1
33.9 msec : 1
34.0 msec : 0
34.1 msec : 3
34.2 msec : 4
34.3 msec : 2
34.4 msec : 0
34.5 msec : 2
34.6 msec : 1
34.7 msec : 1
34.8 msec : 0
34.9 msec : 0
35.0 msec : 2
35.1 msec : 4
35.2 msec : 5
35.3 msec : 3
35.4 msec : 4
35.5 msec : 11
35.6 msec : 10
35.7 msec : 6
35.8 msec : 5
35.9 msec : 0
36.0 msec : 1
36.1 msec : 2
36.2 msec : 4
36.3 msec : 5
36.4 msec : 2
36.5 msec : 6
36.6 msec : 10
36.7 msec : 2
36.8 msec : 2
36.9 msec : 0
37.0 msec : 3
37.1 msec : 0
37.2 msec : 1
37.3 msec : 3
37.4 msec : 4
37.5 msec : 6
37.6 msec : 7
37.7 msec : 3
37.8 msec : 0
37.9 msec : 0
38.0 msec : 0
38.1 msec : 1
38.2 msec : 1
38.3 msec : 0
38.4 msec : 0
38.5 msec : 1
38.6 msec : 0
38.7 msec : 0
38.8 msec : 0
38.9 msec : 0
39.0 msec : 0
39.1 msec : 0
39.2 msec : 0
39.3 msec : 0
39.4 msec : 0
39.5 msec : 0
39.6 msec : 0
39.7 msec : 0
39.8 msec : 0
39.9 msec : 0
40.0 msec : 0
40.1 msec : 0
40.2 msec : 0
40.3 msec : 0
40.4 msec : 0
40.5 msec : 0
40.6 msec : 0
40.7 msec : 0
40.8 msec : 0
40.9 msec : 0
41.0 msec : 0
41.1 msec : 3
41.2 msec : 0
41.3 msec : 0
41.4 msec : 0
41.5 msec : 3
41.6 msec : 0
41.7 msec : 1
41.8 msec : 2
41.9 msec : 0
42.0 msec : 1
42.1 msec : 0
42.2 msec : 1
42.3 msec : 0
42.4 msec : 1
42.5 msec : 1
42.6 msec : 2
42.7 msec : 1
42.8 msec : 1
42.9 msec : 1
43.0 msec : 1
43.1 msec : 0
43.2 msec : 0
43.3 msec : 0
43.4 msec : 0
43.5 msec : 0
43.6 msec : 1
43.7 msec : 2
43.8 msec : 1
43.9 msec : 2
44.0 msec : 2
44.1 msec : 2
44.2 msec : 1
44.3 msec : 2
44.4 msec : 3
44.5 msec : 0
44.6 msec : 0
44.7 msec : 0
44.8 msec : 0
44.9 msec : 0
45.0 msec : 0
45.1 msec : 0
45.2 msec : 0
45.3 msec : 0
45.4 msec : 0
45.5 msec : 0
45.6 msec : 0
45.7 msec : 0
45.8 msec : 0
45.9 msec : 0
46.0 msec : 0
46.1 msec : 0
46.2 msec : 0
46.3 msec : 1
46.4 msec : 0
46.5 msec : 1
46.6 msec : 0
46.7 msec : 3
46.8 msec : 0
46.9 msec : 1
47.0 msec : 7
47.1 msec : 2
47.2 msec : 7
47.3 msec : 4
47.4 msec : 1
47.5 msec : 2
47.6 msec : 0
47.7 msec : 2
47.8 msec : 2
47.9 msec : 0
48.0 msec : 0
48.1 msec : 0
48.2 msec : 0
48.3 msec : 0
48.4 msec : 1
48.5 msec : 0
48.6 msec : 2
48.7 msec : 1
48.8 msec : 0
48.9 msec : 0
49.0 msec : 2
49.1 msec : 1
49.2 msec : 1
49.3 msec : 0
49.4 msec : 0
49.5 msec : 0
49.6 msec : 0
49.7 msec : 0
49.8 msec : 0
49.9 msec : 3
50.0 msec : 0
50.1 msec : 0
50.2 msec : 0
50.3 msec : 0
50.4 msec : 0
50.5 msec : 0
50.6 msec : 0
50.7 msec : 1
50.8 msec : 1
50.9 msec : 0
51.0 msec : 0
51.1 msec : 0
51.2 msec : 0
51.3 msec : 0
51.4 msec : 0
51.5 msec : 0
51.6 msec : 0
51.7 msec : 0
51.8 msec : 0
51.9 msec : 0
52.0 msec : 0
52.1 msec : 0
52.2 msec : 0
52.3 msec : 0
52.4 msec : 0
52.5 msec : 0
52.6 msec : 0
52.7 msec : 0
52.8 msec : 0
52.9 msec : 0
53.0 msec : 1
53.1 msec : 0
53.2 msec : 0
53.3 msec : 0
53.4 msec : 0
53.5 msec : 0
53.6 msec : 0
53.7 msec : 0
53.8 msec : 0
53.9 msec : 0
54.0 msec : 0
54.1 msec : 1
54.2 msec : 0
54.3 msec : 3
54.4 msec : 0
54.5 msec : 1
54.6 msec : 1
54.7 msec : 3
54.8 msec : 1
54.9 msec : 0
55.0 msec : 1
55.1 msec : 2
55.2 msec : 1
55.3 msec : 1
55.4 msec : 0
55.5 msec : 0
55.6 msec : 0
55.7 msec : 1
55.8 msec : 0
55.9 msec : 0
56.0 msec : 1
56.1 msec : 4
56.2 msec : 1
56.3 msec : 2
56.4 msec : 1
56.5 msec : 2
56.6 msec : 1
56.7 msec : 1
56.8 msec : 0
56.9 msec : 1
57.0 msec : 3
57.1 msec : 0
57.2 msec : 1
57.3 msec : 0
57.4 msec : 4
57.5 msec : 1
57.6 msec : 1
57.7 msec : 1
57.8 msec : 1
57.9 msec : 1
58.0 msec : 0
58.1 msec : 1
58.2 msec : 1
58.3 msec : 0
58.4 msec : 3
58.5 msec : 0
58.6 msec : 0
58.7 msec : 0
58.8 msec : 1
58.9 msec : 0
59.0 msec : 1
59.1 msec : 0
59.2 msec : 0
59.3 msec : 0
59.4 msec : 0
59.5 msec : 1
59.6 msec : 0
59.7 msec : 0
59.8 msec : 1
59.9 msec : 0
60.0 msec : 0
60.1 msec : 0
60.2 msec : 0
60.3 msec : 0
60.4 msec : 0
60.5 msec : 1
60.6 msec : 0
60.7 msec : 0
60.8 msec : 0
60.9 msec : 0
61.0 msec : 1
61.1 msec : 0
61.2 msec : 0
61.3 msec : 0
61.4 msec : 1
61.5 msec : 1
61.6 msec : 0
61.7 msec : 0
61.8 msec : 5
61.9 msec : 2
62.0 msec : 1
62.1 msec : 0
62.2 msec : 0
62.3 msec : 0
62.4 msec : 0
62.5 msec : 0
62.6 msec : 0
62.7 msec : 1
62.8 msec : 9
62.9 msec : 0
63.0 msec : 0
63.1 msec : 0
63.2 msec : 1
63.3 msec : 0
63.4 msec : 0
63.5 msec : 0
63.6 msec : 5
63.7 msec : 0
63.8 msec : 5
63.9 msec : 0
64.0 msec : 1
64.1 msec : 1
64.2 msec : 3
64.3 msec : 1
64.4 msec : 0
64.5 msec : 0
64.6 msec : 0
64.7 msec : 1
64.8 msec : 1
64.9 msec : 1
65.0 msec : 5
65.1 msec : 4
65.2 msec : 5
65.3 msec : 3
65.4 msec : 8
65.5 msec : 5
65.6 msec : 1
65.7 msec : 0
65.8 msec : 0
65.9 msec : 1
66.0 msec : 1
66.1 msec : 0
66.2 msec : 0
66.3 msec : 0
66.4 msec : 0
66.5 msec : 1
66.6 msec : 0
66.7 msec : 0
66.8 msec : 1
66.9 msec : 0
67.0 msec : 0
67.1 msec : 0
67.2 msec : 0
67.3 msec : 0
67.4 msec : 0
67.5 msec : 0
67.6 msec : 0
67.7 msec : 0
67.8 msec : 1
67.9 msec : 1
68.0 msec : 0
68.1 msec : 0
68.2 msec : 8
68.3 msec : 5
68.4 msec : 1
68.5 msec : 1
68.6 msec : 2
68.7 msec : 2
68.8 msec : 0
68.9 msec : 0
69.0 msec : 0
69.1 msec : 0
69.2 msec : 0
69.3 msec : 0
69.4 msec : 0
69.5 msec : 0
69.6 msec : 0
69.7 msec : 0
69.8 msec : 0
69.9 msec : 0
70.0 msec : 0
70.1 msec : 0
70.2 msec : 0
70.3 msec : 0
70.4 msec : 0
70.5 msec : 2
70.6 msec : 1
70.7 msec : 0
70.8 msec : 2
70.9 msec : 0
71.0 msec : 0
71.1 msec : 0
71.2 msec : 0
71.3 msec : 0
71.4 msec : 0
71.5 msec : 0
71.6 msec : 0
71.7 msec : 0
71.8 msec : 0
71.9 msec : 0
72.0 msec : 1
72.1 msec : 0
72.2 msec : 0
72.3 msec : 0
72.4 msec : 0
72.5 msec : 1
72.6 msec : 1
72.7 msec : 0
72.8 msec : 0
72.9 msec : 0
73.0 msec : 0
73.1 msec : 0
73.2 msec : 0
73.3 msec : 0
73.4 msec : 0
73.5 msec : 0
73.6 msec : 0
73.7 msec : 0
73.8 msec : 0
73.9 msec : 0
74.0 msec : 0
74.1 msec : 0
74.2 msec : 0
74.3 msec : 0
74.4 msec : 0
74.5 msec : 0
74.6 msec : 0
74.7 msec : 0
74.8 msec : 0
74.9 msec : 0
75.0 msec : 0
75.1 msec : 0
75.2 msec : 0
75.3 msec : 0
75.4 msec : 0
75.5 msec : 0
75.6 msec : 0
75.7 msec : 0
75.8 msec : 0
75.9 msec : 0
76.0 msec : 0
76.1 msec : 0
76.2 msec : 0
76.3 msec : 0
76.4 msec : 0
76.5 msec : 0
76.6 msec : 0
76.7 msec : 0
76.8 msec : 0
76.9 msec : 0
77.0 msec : 0
77.1 msec : 0
77.2 msec : 0
77.3 msec : 0
77.4 msec : 0
77.5 msec : 0
77.6 msec : 0
77.7 msec : 0
77.8 msec : 0
77.9 msec : 0
78.0 msec : 0
78.1 msec : 0
78.2 msec : 0
78.3 msec : 0
78.4 msec : 0
78.5 msec : 0
78.6 msec : 0
78.7 msec : 0
78.8 msec : 0
78.9 msec : 0
79.0 msec : 0
79.1 msec : 0
79.2 msec : 0
79.3 msec : 2
79.4 msec : 1
79.5 msec : 0
79.6 msec : 0
79.7 msec : 0
79.8 msec : 0
79.9 msec : 0
80.0 msec : 0
80.1 msec : 0
80.2 msec : 0
80.3 msec : 0
80.4 msec : 0
80.5 msec : 0
80.6 msec : 0
80.7 msec : 0
80.8 msec : 0
80.9 msec : 0
81.0 msec : 0
81.1 msec : 0
81.2 msec : 0
81.3 msec : 0
81.4 msec : 0
81.5 msec : 0
81.6 msec : 1
81.7 msec : 1
81.8 msec : 0
81.9 msec : 0
82.0 msec : 0
82.1 msec : 0
82.2 msec : 0
82.3 msec : 0
82.4 msec : 0
82.5 msec : 0
82.6 msec : 0
82.7 msec : 0
82.8 msec : 0
82.9 msec : 0
83.0 msec : 0
83.1 msec : 0
83.2 msec : 0
83.3 msec : 0
83.4 msec : 0
83.5 msec : 0
83.6 msec : 0
83.7 msec : 0
83.8 msec : 0
83.9 msec : 0
84.0 msec : 0
84.1 msec : 0
84.2 msec : 0
84.3 msec : 0
84.4 msec : 0
84.5 msec : 0
84.6 msec : 0
84.7 msec : 0
84.8 msec : 0
84.9 msec : 0
85.0 msec : 0
85.1 msec : 0
85.2 msec : 0
85.3 msec : 0
85.4 msec : 0
85.5 msec : 0
85.6 msec : 0
85.7 msec : 0
85.8 msec : 0
85.9 msec : 0
86.0 msec : 0
86.1 msec : 0
86.2 msec : 0
86.3 msec : 0
86.4 msec : 0
86.5 msec : 0
86.6 msec : 0
86.7 msec : 0
86.8 msec : 0
86.9 msec : 0
87.0 msec : 0
87.1 msec : 0
87.2 msec : 0
87.3 msec : 0
87.4 msec : 0
87.5 msec : 0
87.6 msec : 0
87.7 msec : 0
87.8 msec : 0
87.9 msec : 0
88.0 msec : 0
88.1 msec : 0
88.2 msec : 0
88.3 msec : 0
88.4 msec : 0
88.5 msec : 0
88.6 msec : 0
88.7 msec : 0
88.8 msec : 0
88.9 msec : 0
89.0 msec : 0
89.1 msec : 0
89.2 msec : 0
89.3 msec : 0
89.4 msec : 0
89.5 msec : 0
89.6 msec : 0
89.7 msec : 0
89.8 msec : 0
89.9 msec : 0
90.0 msec : 0
90.1 msec : 0
90.2 msec : 0
90.3 msec : 0
90.4 msec : 0
90.5 msec : 0
90.6 msec : 0
90.7 msec : 0
90.8 msec : 0
90.9 msec : 0
91.0 msec : 0
91.1 msec : 0
91.2 msec : 0
91.3 msec : 0
91.4 msec : 0
91.5 msec : 0
91.6 msec : 0
91.7 msec : 0
91.8 msec : 0
91.9 msec : 0
92.0 msec : 0
92.1 msec : 0
92.2 msec : 0
92.3 msec : 0
92.4 msec : 0
92.5 msec : 0
92.6 msec : 0
92.7 msec : 0
92.8 msec : 0
92.9 msec : 0
93.0 msec : 0
93.1 msec : 0
93.2 msec : 0
93.3 msec : 0
93.4 msec : 0
93.5 msec : 0
93.6 msec : 0
93.7 msec : 0
93.8 msec : 0
93.9 msec : 0
94.0 msec : 0
94.1 msec : 0
94.2 msec : 0
94.3 msec : 0
94.4 msec : 0
94.5 msec : 0
94.6 msec : 0
94.7 msec : 0
94.8 msec : 0
94.9 msec : 0
95.0 msec : 0
95.1 msec : 0
95.2 msec : 0
95.3 msec : 0
95.4 msec : 0
95.5 msec : 0
95.6 msec : 0
95.7 msec : 0
95.8 msec : 0
95.9 msec : 0
96.0 msec : 0
96.1 msec : 0
96.2 msec : 0
96.3 msec : 0
96.4 msec : 0
96.5 msec : 0
96.6 msec : 0
96.7 msec : 0
96.8 msec : 0
96.9 msec : 0
97.0 msec : 0
97.1 msec : 0
97.2 msec : 0
97.3 msec : 0
97.4 msec : 0
97.5 msec : 0
97.6 msec : 0
97.7 msec : 0
97.8 msec : 0
97.9 msec : 0
98.0 msec : 0
98.1 msec : 0
98.2 msec : 0
98.3 msec : 0
98.4 msec : 0
98.5 msec : 0
98.6 msec : 0
98.7 msec : 0
98.8 msec : 0
98.9 msec : 0
99.0 msec : 0
99.1 msec : 0
99.2 msec : 0
99.3 msec : 0
99.4 msec : 0
99.5 msec : 0
99.6 msec : 0
99.7 msec : 0
99.8 msec : 0
99.9 msec : 0
100.0 msec : 0
100.1 msec : 0
100.2 msec : 0
100.3 msec : 0
100.4 msec : 0
100.5 msec : 0
100.6 msec : 0
100.7 msec : 0
100.8 msec : 0
100.9 msec : 0
101.0 msec : 0
101.1 msec : 0
101.2 msec : 0
101.3 msec : 0
101.4 msec : 0
101.5 msec : 0
101.6 msec : 0
101.7 msec : 0
101.8 msec : 0
101.9 msec : 0
102.0 msec : 0
102.1 msec : 0
102.2 msec : 0
102.3 msec : 0
102.4 msec : 0
102.5 msec : 0
102.6 msec : 0
102.7 msec : 0
102.8 msec : 0
102.9 msec : 0
103.0 msec : 0
103.1 msec : 0
103.2 msec : 0
103.3 msec : 0
103.4 msec : 0
103.5 msec : 0
103.6 msec : 0
103.7 msec : 0
103.8 msec : 0
103.9 msec : 0
104.0 msec : 0
104.1 msec : 0
104.2 msec : 0
104.3 msec : 0
104.4 msec : 0
104.5 msec : 0
104.6 msec : 0
104.7 msec : 0
104.8 msec : 0
104.9 msec : 0
105.0 msec : 0
105.1 msec : 0
105.2 msec : 0
105.3 msec : 0
105.4 msec : 0
105.5 msec : 0
105.6 msec : 0
105.7 msec : 10
105.8 msec : 0
105.9 msec : 0
106.0 msec : 0
106.1 msec : 0
106.2 msec : 0
106.3 msec : 0
106.4 msec : 0
106.5 msec : 0
106.6 msec : 0
106.7 msec : 0
106.8 msec : 0
106.9 msec : 0
107.0 msec : 0
107.1 msec : 0
107.2 msec : 0
107.3 msec : 0
107.4 msec : 0
107.5 msec : 0
107.6 msec : 0
107.7 msec : 0
107.8 msec : 0
107.9 msec : 0
108.0 msec : 0
108.1 msec : 0
108.2 msec : 0
108.3 msec : 0
108.4 msec : 0
108.5 msec : 0
108.6 msec : 0
108.7 msec : 0
108.8 msec : 0
108.9 msec : 0
109.0 msec : 0
109.1 msec : 0
109.2 msec : 0
109.3 msec : 0
109.4 msec : 0
109.5 msec : 2
109.6 msec : 1
109.7 msec : 0
109.8 msec : 0
109.9 msec : 0
110.0 msec : 0
110.1 msec : 0
110.2 msec : 0
110.3 msec : 0
110.4 msec : 0
110.5 msec : 0
110.6 msec : 0
110.7 msec : 0
110.8 msec : 0
110.9 msec : 0
111.0 msec : 0
111.1 msec : 0
111.2 msec : 0
111.3 msec : 0
111.4 msec : 0
111.5 msec : 0
111.6 msec : 0
111.7 msec : 0
111.8 msec : 0
111.9 msec : 0
112.0 msec : 0
112.1 msec : 0
112.2 msec : 0
112.3 msec : 0
112.4 msec : 0
112.5 msec : 0
112.6 msec : 0
112.7 msec : 0
112.8 msec : 0
112.9 msec : 0
113.0 msec : 0
113.1 msec : 0
113.2 msec : 0
113.3 msec : 0
113.4 msec : 0
113.5 msec : 0
113.6 msec : 0
113.7 msec : 0
113.8 msec : 0
113.9 msec : 0
114.0 msec : 0
114.1 msec : 0
114.2 msec : 0
114.3 msec : 0
114.4 msec : 0
114.5 msec : 0
114.6 msec : 0
114.7 msec : 0
114.8 msec : 0
114.9 msec : 0
115.0 msec : 0
115.1 msec : 0
115.2 msec : 0
115.3 msec : 0
115.4 msec : 0
115.5 msec : 0
115.6 msec : 0
115.7 msec : 0
115.8 msec : 0
115.9 msec : 0
116.0 msec : 0
116.1 msec : 0
116.2 msec : 0
116.3 msec : 0
116.4 msec : 0
116.5 msec : 0
116.6 msec : 0
116.7 msec : 0
116.8 msec : 0
116.9 msec : 0
117.0 msec : 0
117.1 msec : 0
117.2 msec : 0
117.3 msec : 0
117.4 msec : 0
117.5 msec : 0
117.6 msec : 0
117.7 msec : 0
117.8 msec : 0
117.9 msec : 0
118.0 msec : 0
118.1 msec : 0
118.2 msec : 0
118.3 msec : 0
118.4 msec : 0
118.5 msec : 0
118.6 msec : 0
118.7 msec : 0
118.8 msec : 0
118.9 msec : 0
119.0 msec : 0
119.1 msec : 0
119.2 msec : 0
119.3 msec : 0
119.4 msec : 0
119.5 msec : 0
119.6 msec : 0
119.7 msec : 0
119.8 msec : 0
119.9 msec : 0
120.0 msec : 0
120.1 msec : 0
120.2 msec : 0
120.3 msec : 0
120.4 msec : 0
120.5 msec : 0
120.6 msec : 0
120.7 msec : 0
120.8 msec : 0
120.9 msec : 0
121.0 msec : 0
121.1 msec : 0
121.2 msec : 0
121.3 msec : 0
121.4 msec : 0
121.5 msec : 0
121.6 msec : 0
121.7 msec : 0
121.8 msec : 0
121.9 msec : 0
122.0 msec : 0
122.1 msec : 0
122.2 msec : 0
122.3 msec : 0
122.4 msec : 0
122.5 msec : 0
122.6 msec : 0
122.7 msec : 0
122.8 msec : 0
122.9 msec : 0
123.0 msec : 0
123.1 msec : 0
123.2 msec : 0
123.3 msec : 0
123.4 msec : 0
123.5 msec : 0
123.6 msec : 0
123.7 msec : 0
123.8 msec : 0
123.9 msec : 0
124.0 msec : 0
124.1 msec : 0
124.2 msec : 0
124.3 msec : 0
124.4 msec : 0
124.5 msec : 0
124.6 msec : 0
124.7 msec : 0
124.8 msec : 0
124.9 msec : 0
125.0 msec : 0
125.1 msec : 0
125.2 msec : 0
125.3 msec : 0
125.4 msec : 0
125.5 msec : 0
125.6 msec : 0
125.7 msec : 0
125.8 msec : 0
125.9 msec : 0
126.0 msec : 0
126.1 msec : 0
126.2 msec : 0
126.3 msec : 0
126.4 msec : 0
126.5 msec : 0
126.6 msec : 0
126.7 msec : 0
126.8 msec : 0
126.9 msec : 0
127.0 msec : 0
127.1 msec : 0
127.2 msec : 0
127.3 msec : 0
127.4 msec : 0
127.5 msec : 0
127.6 msec : 0
127.7 msec : 0
127.8 msec : 0
127.9 msec : 0
128.0 msec : 0
128.1 msec : 0
128.2 msec : 0
128.3 msec : 0
128.4 msec : 0
128.5 msec : 0
128.6 msec : 0
128.7 msec : 0
128.8 msec : 0
128.9 msec : 0
129.0 msec : 0
129.1 msec : 0
129.2 msec : 0
129.3 msec : 0
129.4 msec : 0
129.5 msec : 0
129.6 msec : 0
129.7 msec : 0
129.8 msec : 0
129.9 msec : 0
130.0 msec : 0
130.1 msec : 0
130.2 msec : 0
130.3 msec : 0
130.4 msec : 0
130.5 msec : 0
130.6 msec : 0
130.7 msec : 0
130.8 msec : 0
130.9 msec : 0
131.0 msec : 0
131.1 msec : 0
131.2 msec : 0
131.3 msec : 0
131.4 msec : 0
131.5 msec : 0
131.6 msec : 0
131.7 msec : 0
131.8 msec : 0
131.9 msec : 0
132.0 msec : 0
132.1 msec : 0
132.2 msec : 0
132.3 msec : 0
132.4 msec : 0
132.5 msec : 0
132.6 msec : 0
132.7 msec : 0
132.8 msec : 0
132.9 msec : 0
133.0 msec : 0
133.1 msec : 0
133.2 msec : 0
133.3 msec : 0
133.4 msec : 0
133.5 msec : 0
133.6 msec : 0
133.7 msec : 0
133.8 msec : 0
133.9 msec : 0
134.0 msec : 0
134.1 msec : 0
134.2 msec : 0
134.3 msec : 0
134.4 msec : 0
134.5 msec : 0
134.6 msec : 0
134.7 msec : 0
134.8 msec : 0
134.9 msec : 0
135.0 msec : 0
135.1 msec : 0
135.2 msec : 0
135.3 msec : 0
135.4 msec : 0
135.5 msec : 0
135.6 msec : 0
135.7 msec : 0
135.8 msec : 0
135.9 msec : 0
136.0 msec : 0
136.1 msec : 0
136.2 msec : 0
136.3 msec : 0
136.4 msec : 0
136.5 msec : 0
136.6 msec : 0
136.7 msec : 0
136.8 msec : 0
136.9 msec : 0
137.0 msec : 0
137.1 msec : 0
137.2 msec : 0
137.3 msec : 0
137.4 msec : 0
137.5 msec : 0
137.6 msec : 0
137.7 msec : 0
137.8 msec : 0
137.9 msec : 0
138.0 msec : 0
138.1 msec : 0
138.2 msec : 0
138.3 msec : 0
138.4 msec : 0
138.5 msec : 0
138.6 msec : 0
138.7 msec : 0
138.8 msec : 0
138.9 msec : 0
139.0 msec : 0
139.1 msec : 0
139.2 msec : 0
139.3 msec : 0
139.4 msec : 0
139.5 msec : 1
139.6 msec : 1
139.7 msec : 0
139.8 msec : 0
139.9 msec : 0
140.0 msec : 0
140.1 msec : 0
140.2 msec : 0
140.3 msec : 0
140.4 msec : 0
140.5 msec : 0
140.6 msec : 0
140.7 msec : 0
140.8 msec : 0
140.9 msec : 0
141.0 msec : 0
141.1 msec : 0
141.2 msec : 0
141.3 msec : 0
141.4 msec : 0
141.5 msec : 0
141.6 msec : 0
141.7 msec : 0
141.8 msec : 0
141.9 msec : 0
142.0 msec : 0
142.1 msec : 0
142.2 msec : 0
142.3 msec : 0
142.4 msec : 0
142.5 msec : 0
142.6 msec : 0
142.7 msec : 0
142.8 msec : 0
142.9 msec : 0
143.0 msec : 0
143.1 msec : 0
143.2 msec : 0
143.3 msec : 0
143.4 msec : 0
143.5 msec : 0
143.6 msec : 0
143.7 msec : 0
143.8 msec : 0
143.9 msec : 0
144.0 msec : 0
144.1 msec : 0
144.2 msec : 0
144.3 msec : 0
144.4 msec : 0
144.5 msec : 0
144.6 msec : 0
144.7 msec : 0
144.8 msec : 0
144.9 msec : 0
145.0 msec : 0
145.1 msec : 0
145.2 msec : 0
145.3 msec : 3
145.4 msec : 9
145.5 msec : 0
145.6 msec : 0
145.7 msec : 0
145.8 msec : 0
145.9 msec : 0
146.0 msec : 0
146.1 msec : 0
146.2 msec : 0
146.3 msec : 0
146.4 msec : 0
146.5 msec : 0
146.6 msec : 0
146.7 msec : 0
146.8 msec : 0
146.9 msec : 0
147.0 msec : 0
147.1 msec : 0
147.2 msec : 0
147.3 msec : 0
147.4 msec : 0
147.5 msec : 0
147.6 msec : 0
147.7 msec : 0
147.8 msec : 0
147.9 msec : 0
148.0 msec : 0
148.1 msec : 0
148.2 msec : 0
148.3 msec : 0
148.4 msec : 0
148.5 msec : 0
148.6 msec : 0
148.7 msec : 0
148.8 msec : 0
148.9 msec : 0
149.0 msec : 0
149.1 msec : 0
149.2 msec : 0
149.3 msec : 0
149.4 msec : 0
149.5 msec : 0
149.6 msec : 0
149.7 msec : 0
149.8 msec : 0
149.9 msec : 0
150.0 msec : 0
150.1 msec : 0
150.2 msec : 0
150.3 msec : 1
150.4 msec : 1
150.5 msec : 0
150.6 msec : 0
150.7 msec : 0
150.8 msec : 0
150.9 msec : 0
151.0 msec : 0
151.1 msec : 0
151.2 msec : 0
151.3 msec : 0
151.4 msec : 0
151.5 msec : 0
151.6 msec : 0
151.7 msec : 0
151.8 msec : 0
151.9 msec : 0
152.0 msec : 0
152.1 msec : 0
152.2 msec : 0
152.3 msec : 0
152.4 msec : 0
152.5 msec : 0
152.6 msec : 0
152.7 msec : 0
152.8 msec : 0
152.9 msec : 0
153.0 msec : 0
153.1 msec : 0
153.2 msec : 0
153.3 msec : 0
153.4 msec : 0
153.5 msec : 0
153.6 msec : 0
153.7 msec : 0
153.8 msec : 0
153.9 msec : 0
154.0 msec : 0
154.1 msec : 0
154.2 msec : 0
154.3 msec : 0
154.4 msec : 0
154.5 msec : 0
154.6 msec : 0
154.7 msec : 0
154.8 msec : 0
154.9 msec : 0
155.0 msec : 0
155.1 msec : 0
155.2 msec : 0
155.3 msec : 0
155.4 msec : 0
155.5 msec : 0
155.6 msec : 0
155.7 msec : 0
155.8 msec : 0
155.9 msec : 0
156.0 msec : 0
156.1 msec : 0
156.2 msec : 0
156.3 msec : 0
156.4 msec : 0
156.5 msec : 0
156.6 msec : 0
156.7 msec : 0
156.8 msec : 0
156.9 msec : 0
157.0 msec : 0
157.1 msec : 0
157.2 msec : 0
157.3 msec : 0
157.4 msec : 0
157.5 msec : 0
157.6 msec : 0
157.7 msec : 0
157.8 msec : 0
157.9 msec : 0
158.0 msec : 0
158.1 msec : 0
158.2 msec : 0
158.3 msec : 0
158.4 msec : 0
158.5 msec : 0
158.6 msec : 0
158.7 msec : 0
158.8 msec : 0
158.9 msec : 0
159.0 msec : 0
159.1 msec : 0
159.2 msec : 0
159.3 msec : 0
159.4 msec : 0
159.5 msec : 0
159.6 msec : 0
159.7 msec : 0
159.8 msec : 0
159.9 msec : 0
160.0 msec : 0
160.1 msec : 0
160.2 msec : 0
160.3 msec : 0
160.4 msec : 0
160.5 msec : 0
160.6 msec : 0
160.7 msec : 0
160.8 msec : 0
160.9 msec : 0
161.0 msec : 0
161.1 msec : 0
161.2 msec : 0
161.3 msec : 0
161.4 msec : 0
161.5 msec : 0
161.6 msec : 0
161.7 msec : 0
161.8 msec : 0
161.9 msec : 0
162.0 msec : 0
162.1 msec : 0
162.2 msec : 0
162.3 msec : 0
162.4 msec : 0
162.5 msec : 0
162.6 msec : 0
162.7 msec : 0
162.8 msec : 0
162.9 msec : 0
163.0 msec : 0
163.1 msec : 0
163.2 msec : 0
163.3 msec : 0
163.4 msec : 0
163.5 msec : 0
163.6 msec : 0
163.7 msec : 0
163.8 msec : 0
163.9 msec : 0
164.0 msec : 0
164.1 msec : 0
164.2 msec : 0
164.3 msec : 0
164.4 msec : 0
164.5 msec : 0
164.6 msec : 0
164.7 msec : 0
164.8 msec : 0
164.9 msec : 0
165.0 msec : 0
165.1 msec : 0
165.2 msec : 0
165.3 msec : 0
165.4 msec : 0
165.5 msec : 0
165.6 msec : 0
165.7 msec : 0
165.8 msec : 0
165.9 msec : 0
166.0 msec : 0
166.1 msec : 0
166.2 msec : 0
166.3 msec : 0
166.4 msec : 0
166.5 msec : 0
166.6 msec : 0
166.7 msec : 0
166.8 msec : 0
166.9 msec : 0
167.0 msec : 0
167.1 msec : 0
167.2 msec : 0
167.3 msec : 0
167.4 msec : 0
167.5 msec : 0
167.6 msec : 0
167.7 msec : 0
167.8 msec : 0
167.9 msec : 0
168.0 msec : 0
168.1 msec : 0
168.2 msec : 0
168.3 msec : 0
168.4 msec : 0
168.5 msec : 0
168.6 msec : 0
168.7 msec : 0
168.8 msec : 0
168.9 msec : 0
169.0 msec : 0
169.1 msec : 0
169.2 msec : 0
169.3 msec : 0
169.4 msec : 0
169.5 msec : 0
169.6 msec : 0
169.7 msec : 0
169.8 msec : 0
169.9 msec : 0
170.0 msec : 0
170.1 msec : 0
170.2 msec : 0
170.3 msec : 0
170.4 msec : 0
170.5 msec : 6
170.6 msec : 5
