Middleware started...
Middleware shuts down...
Smaller resolution statistics are in a log file...
Final aggregates per worker:


Worker 46
Average throughput (ops/sec) = 83
Average response time (msec) = 2.4554223114754095
Average queue length = 3
Average wait time in queue (msec) = 0.4208835737704918
Average service time (msec) = 1.9390840655737704
Number of SET = 0
Number of GET = 83
Number of MULTI GET = 0


Worker 47
Average throughput (ops/sec) = 82
Average response time (msec) = 2.4838770655737705
Average queue length = 3
Average wait time in queue (msec) = 0.446157606557377
Average service time (msec) = 1.9397784590163933
Number of SET = 0
Number of GET = 82
Number of MULTI GET = 0


Worker 48
Average throughput (ops/sec) = 84
Average response time (msec) = 2.452395196721312
Average queue length = 2
Average wait time in queue (msec) = 0.42458781967213116
Average service time (msec) = 1.9150345081967213
Number of SET = 0
Number of GET = 84
Number of MULTI GET = 0


Worker 49
Average throughput (ops/sec) = 81
Average response time (msec) = 2.540578704918033
Average queue length = 4
Average wait time in queue (msec) = 0.4592343278688525
Average service time (msec) = 1.9803120655737705
Number of SET = 0
Number of GET = 81
Number of MULTI GET = 0


Worker 42
Average throughput (ops/sec) = 84
Average response time (msec) = 2.467357475409836
Average queue length = 3
Average wait time in queue (msec) = 0.48406691803278684
Average service time (msec) = 1.8915373442622951
Number of SET = 0
Number of GET = 84
Number of MULTI GET = 0


Worker 43
Average throughput (ops/sec) = 83
Average response time (msec) = 2.4510041475409836
Average queue length = 3
Average wait time in queue (msec) = 0.4438980327868852
Average service time (msec) = 1.9139854098360656
Number of SET = 0
Number of GET = 83
Number of MULTI GET = 0


Worker 44
Average throughput (ops/sec) = 80
Average response time (msec) = 2.5580717213114754
Average queue length = 1
Average wait time in queue (msec) = 0.4571248360655738
Average service time (msec) = 2.01650262295082
Number of SET = 0
Number of GET = 80
Number of MULTI GET = 0


Worker 45
Average throughput (ops/sec) = 84
Average response time (msec) = 2.4574699344262294
Average queue length = 3
Average wait time in queue (msec) = 0.48456688524590164
Average service time (msec) = 1.863710393442623
Number of SET = 0
Number of GET = 84
Number of MULTI GET = 0


Worker 50
Average throughput (ops/sec) = 81
Average response time (msec) = 2.529538868852459
Average queue length = 2
Average wait time in queue (msec) = 0.46974737704918035
Average service time (msec) = 1.9671429836065573
Number of SET = 0
Number of GET = 81
Number of MULTI GET = 0


Worker 51
Average throughput (ops/sec) = 81
Average response time (msec) = 2.562948704918033
Average queue length = 2
Average wait time in queue (msec) = 0.4567929016393443
Average service time (msec) = 1.988132475409836
Number of SET = 0
Number of GET = 81
Number of MULTI GET = 0


Worker 52
Average throughput (ops/sec) = 82
Average response time (msec) = 2.4458968852459013
Average queue length = 2
Average wait time in queue (msec) = 0.437521131147541
Average service time (msec) = 1.9108016065573772
Number of SET = 0
Number of GET = 82
Number of MULTI GET = 0


Worker 57
Average throughput (ops/sec) = 82
Average response time (msec) = 2.441883918032787
Average queue length = 2
Average wait time in queue (msec) = 0.4251109180327869
Average service time (msec) = 1.916027262295082
Number of SET = 0
Number of GET = 82
Number of MULTI GET = 0


Worker 13
Average throughput (ops/sec) = 83
Average response time (msec) = 2.5856925409836067
Average queue length = 3
Average wait time in queue (msec) = 0.4971732786885246
Average service time (msec) = 1.9998950983606558
Number of SET = 0
Number of GET = 83
Number of MULTI GET = 0


Worker 58
Average throughput (ops/sec) = 83
Average response time (msec) = 2.4749542786885246
Average queue length = 2
Average wait time in queue (msec) = 0.43743281967213116
Average service time (msec) = 1.9482631967213113
Number of SET = 0
Number of GET = 83
Number of MULTI GET = 0


Worker 14
Average throughput (ops/sec) = 81
Average response time (msec) = 2.58450131147541
Average queue length = 3
Average wait time in queue (msec) = 0.5354460983606557
Average service time (msec) = 1.9585460327868853
Number of SET = 0
Number of GET = 81
Number of MULTI GET = 0


Worker 59
Average throughput (ops/sec) = 82
Average response time (msec) = 2.451236918032787
Average queue length = 2
Average wait time in queue (msec) = 0.44297855737704916
Average service time (msec) = 1.9041381147540986
Number of SET = 0
Number of GET = 82
Number of MULTI GET = 0


Worker 15
Average throughput (ops/sec) = 83
Average response time (msec) = 2.4764232131147543
Average queue length = 2
Average wait time in queue (msec) = 0.41605304918032787
Average service time (msec) = 1.930840049180328
Number of SET = 0
Number of GET = 83
Number of MULTI GET = 0


Worker 16
Average throughput (ops/sec) = 83
Average response time (msec) = 2.5747120491803277
Average queue length = 2
Average wait time in queue (msec) = 0.5281849672131147
Average service time (msec) = 1.94439668852459
Number of SET = 0
Number of GET = 83
Number of MULTI GET = 0


Worker 53
Average throughput (ops/sec) = 82
Average response time (msec) = 2.458930524590164
Average queue length = 1
Average wait time in queue (msec) = 0.4235552786885246
Average service time (msec) = 1.9161794590163934
Number of SET = 0
Number of GET = 82
Number of MULTI GET = 0


Worker 54
Average throughput (ops/sec) = 81
Average response time (msec) = 2.4946561311475413
Average queue length = 2
Average wait time in queue (msec) = 0.43987759016393446
Average service time (msec) = 1.9528737049180327
Number of SET = 0
Number of GET = 81
Number of MULTI GET = 0


Worker 10
Average throughput (ops/sec) = 82
Average response time (msec) = 2.4586585081967214
Average queue length = 3
Average wait time in queue (msec) = 0.468465737704918
Average service time (msec) = 1.8787959344262295
Number of SET = 0
Number of GET = 82
Number of MULTI GET = 0


Worker 55
Average throughput (ops/sec) = 80
Average response time (msec) = 2.460502180327869
Average queue length = 1
Average wait time in queue (msec) = 0.41113401639344266
Average service time (msec) = 1.9515736065573772
Number of SET = 0
Number of GET = 80
Number of MULTI GET = 0


Worker 11
Average throughput (ops/sec) = 82
Average response time (msec) = 2.4134708360655734
Average queue length = 2
Average wait time in queue (msec) = 0.4342037704918033
Average service time (msec) = 1.88314831147541
Number of SET = 0
Number of GET = 82
Number of MULTI GET = 0


Worker 56
Average throughput (ops/sec) = 82
Average response time (msec) = 2.448112655737705
Average queue length = 1
Average wait time in queue (msec) = 0.45133888524590166
Average service time (msec) = 1.9065459180327868
Number of SET = 0
Number of GET = 82
Number of MULTI GET = 0


Worker 12
Average throughput (ops/sec) = 81
Average response time (msec) = 2.556651344262295
Average queue length = 1
Average wait time in queue (msec) = 0.5347208360655737
Average service time (msec) = 1.9312943278688526
Number of SET = 0
Number of GET = 81
Number of MULTI GET = 0


Worker 17
Average throughput (ops/sec) = 83
Average response time (msec) = 2.4494641967213115
Average queue length = 3
Average wait time in queue (msec) = 0.4686522295081967
Average service time (msec) = 1.8910849672131147
Number of SET = 0
Number of GET = 83
Number of MULTI GET = 0


Worker 18
Average throughput (ops/sec) = 82
Average response time (msec) = 2.4960108852459015
Average queue length = 3
Average wait time in queue (msec) = 0.4585209344262295
Average service time (msec) = 1.9369843770491801
Number of SET = 0
Number of GET = 82
Number of MULTI GET = 0


Worker 19
Average throughput (ops/sec) = 82
Average response time (msec) = 2.4836475901639345
Average queue length = 2
Average wait time in queue (msec) = 0.41695550819672134
Average service time (msec) = 1.954720393442623
Number of SET = 0
Number of GET = 82
Number of MULTI GET = 0


Worker 60
Average throughput (ops/sec) = 81
Average response time (msec) = 2.4983517213114754
Average queue length = 1
Average wait time in queue (msec) = 0.4400430983606557
Average service time (msec) = 1.9645567704918032
Number of SET = 0
Number of GET = 81
Number of MULTI GET = 0


Worker 61
Average throughput (ops/sec) = 82
Average response time (msec) = 2.4886735409836067
Average queue length = 2
Average wait time in queue (msec) = 0.4744797049180328
Average service time (msec) = 1.9252313934426228
Number of SET = 0
Number of GET = 82
Number of MULTI GET = 0


Worker 62
Average throughput (ops/sec) = 82
Average response time (msec) = 2.4186014098360653
Average queue length = 2
Average wait time in queue (msec) = 0.4367098360655738
Average service time (msec) = 1.897025344262295
Number of SET = 0
Number of GET = 82
Number of MULTI GET = 0


Worker 63
Average throughput (ops/sec) = 82
Average response time (msec) = 2.5253464754098363
Average queue length = 1
Average wait time in queue (msec) = 0.47050562295081966
Average service time (msec) = 1.9589451311475408
Number of SET = 0
Number of GET = 82
Number of MULTI GET = 0


Worker 24
Average throughput (ops/sec) = 84
Average response time (msec) = 2.3840768360655735
Average queue length = 2
Average wait time in queue (msec) = 0.4571223606557377
Average service time (msec) = 1.855343360655738
Number of SET = 0
Number of GET = 84
Number of MULTI GET = 0


Worker 7
Average throughput (ops/sec) = 82
Average response time (msec) = 2.4384848688524587
Average queue length = 3
Average wait time in queue (msec) = 0.4426222786885246
Average service time (msec) = 1.9037185737704918
Number of SET = 0
Number of GET = 82
Number of MULTI GET = 0


Worker 25
Average throughput (ops/sec) = 83
Average response time (msec) = 2.526924
Average queue length = 2
Average wait time in queue (msec) = 0.4773136721311475
Average service time (msec) = 1.9470451967213114
Number of SET = 0
Number of GET = 83
Number of MULTI GET = 0


Worker 6
Average throughput (ops/sec) = 83
Average response time (msec) = 2.499505770491803
Average queue length = 1
Average wait time in queue (msec) = 0.47627362295081965
Average service time (msec) = 1.9248886885245902
Number of SET = 0
Number of GET = 83
Number of MULTI GET = 0


Worker 26
Average throughput (ops/sec) = 81
Average response time (msec) = 2.543088508196721
Average queue length = 2
Average wait time in queue (msec) = 0.49517531147540983
Average service time (msec) = 1.9635231475409836
Number of SET = 0
Number of GET = 81
Number of MULTI GET = 0


Worker 9
Average throughput (ops/sec) = 83
Average response time (msec) = 2.4837194590163936
Average queue length = 1
Average wait time in queue (msec) = 0.478558
Average service time (msec) = 1.9167710983606558
Number of SET = 0
Number of GET = 83
Number of MULTI GET = 0


Worker 27
Average throughput (ops/sec) = 82
Average response time (msec) = 2.5526280819672134
Average queue length = 2
Average wait time in queue (msec) = 0.44685509836065573
Average service time (msec) = 1.9956841475409834
Number of SET = 0
Number of GET = 82
Number of MULTI GET = 0


Worker 8
Average throughput (ops/sec) = 82
Average response time (msec) = 2.505823704918033
Average queue length = 3
Average wait time in queue (msec) = 0.5200156721311475
Average service time (msec) = 1.890925344262295
Number of SET = 0
Number of GET = 82
Number of MULTI GET = 0


Worker 64
Average throughput (ops/sec) = 83
Average response time (msec) = 2.458285901639344
Average queue length = 2
Average wait time in queue (msec) = 0.43047547540983605
Average service time (msec) = 1.9407313770491803
Number of SET = 0
Number of GET = 83
Number of MULTI GET = 0


Worker 20
Average throughput (ops/sec) = 83
Average response time (msec) = 2.4490376393442626
Average queue length = 3
Average wait time in queue (msec) = 0.43244644262295084
Average service time (msec) = 1.8958598196721312
Number of SET = 0
Number of GET = 83
Number of MULTI GET = 0


Worker 3
Average throughput (ops/sec) = 81
Average response time (msec) = 2.52680062295082
Average queue length = 2
Average wait time in queue (msec) = 0.4419076393442623
Average service time (msec) = 1.932502
Number of SET = 0
Number of GET = 81
Number of MULTI GET = 0


Worker 21
Average throughput (ops/sec) = 82
Average response time (msec) = 2.4774561475409835
Average queue length = 3
Average wait time in queue (msec) = 0.45375139344262294
Average service time (msec) = 1.9110680327868852
Number of SET = 0
Number of GET = 82
Number of MULTI GET = 0


Worker 2
Average throughput (ops/sec) = 81
Average response time (msec) = 2.5095334098360653
Average queue length = 2
Average wait time in queue (msec) = 0.4797796885245902
Average service time (msec) = 1.9225032950819672
Number of SET = 0
Number of GET = 81
Number of MULTI GET = 0


Worker 22
Average throughput (ops/sec) = 82
Average response time (msec) = 2.518598819672131
Average queue length = 4
Average wait time in queue (msec) = 0.440541606557377
Average service time (msec) = 1.9659122459016394
Number of SET = 0
Number of GET = 82
Number of MULTI GET = 0


Worker 5
Average throughput (ops/sec) = 83
Average response time (msec) = 2.507889
Average queue length = 2
Average wait time in queue (msec) = 0.4491937049180328
Average service time (msec) = 1.961486475409836
Number of SET = 0
Number of GET = 83
Number of MULTI GET = 0


Worker 23
Average throughput (ops/sec) = 82
Average response time (msec) = 2.4614802786885246
Average queue length = 2
Average wait time in queue (msec) = 0.4348067868852459
Average service time (msec) = 1.9320064426229508
Number of SET = 0
Number of GET = 82
Number of MULTI GET = 0


Worker 4
Average throughput (ops/sec) = 82
Average response time (msec) = 2.484265262295082
Average queue length = 2
Average wait time in queue (msec) = 0.4225080655737705
Average service time (msec) = 1.966580950819672
Number of SET = 0
Number of GET = 82
Number of MULTI GET = 0


Worker 28
Average throughput (ops/sec) = 82
Average response time (msec) = 2.5583766721311476
Average queue length = 2
Average wait time in queue (msec) = 0.47877106557377047
Average service time (msec) = 1.9928058360655738
Number of SET = 0
Number of GET = 82
Number of MULTI GET = 0


Worker 29
Average throughput (ops/sec) = 82
Average response time (msec) = 2.4116858360655735
Average queue length = 2
Average wait time in queue (msec) = 0.43496788524590163
Average service time (msec) = 1.8794713770491802
Number of SET = 0
Number of GET = 82
Number of MULTI GET = 0


Worker 1
Average throughput (ops/sec) = 83
Average response time (msec) = 2.4926304262295083
Average queue length = 2
Average wait time in queue (msec) = 0.478427393442623
Average service time (msec) = 1.9212133442622952
Number of SET = 0
Number of GET = 83
Number of MULTI GET = 0


Worker 30
Average throughput (ops/sec) = 82
Average response time (msec) = 2.4707142459016396
Average queue length = 2
Average wait time in queue (msec) = 0.44749418032786886
Average service time (msec) = 1.940703163934426
Number of SET = 0
Number of GET = 82
Number of MULTI GET = 0


Worker 35
Average throughput (ops/sec) = 81
Average response time (msec) = 2.4600363606557374
Average queue length = 2
Average wait time in queue (msec) = 0.43399175409836066
Average service time (msec) = 1.9309354590163934
Number of SET = 0
Number of GET = 81
Number of MULTI GET = 0


Worker 36
Average throughput (ops/sec) = 82
Average response time (msec) = 2.4575656885245905
Average queue length = 1
Average wait time in queue (msec) = 0.461052737704918
Average service time (msec) = 1.9053622295081967
Number of SET = 0
Number of GET = 82
Number of MULTI GET = 0


Worker 37
Average throughput (ops/sec) = 84
Average response time (msec) = 2.472880344262295
Average queue length = 2
Average wait time in queue (msec) = 0.45110704918032785
Average service time (msec) = 1.9314395901639345
Number of SET = 0
Number of GET = 84
Number of MULTI GET = 0


Worker 38
Average throughput (ops/sec) = 81
Average response time (msec) = 2.5335193442622947
Average queue length = 1
Average wait time in queue (msec) = 0.48197850819672133
Average service time (msec) = 1.9538424426229508
Number of SET = 0
Number of GET = 81
Number of MULTI GET = 0


Worker 31
Average throughput (ops/sec) = 81
Average response time (msec) = 2.571712
Average queue length = 3
Average wait time in queue (msec) = 0.4857159836065574
Average service time (msec) = 1.9759592295081967
Number of SET = 0
Number of GET = 81
Number of MULTI GET = 0


Worker 32
Average throughput (ops/sec) = 84
Average response time (msec) = 2.5553153606557375
Average queue length = 3
Average wait time in queue (msec) = 0.48729208196721313
Average service time (msec) = 1.9765614262295081
Number of SET = 0
Number of GET = 84
Number of MULTI GET = 0


Worker 33
Average throughput (ops/sec) = 82
Average response time (msec) = 2.467400049180328
Average queue length = 2
Average wait time in queue (msec) = 0.4198351967213115
Average service time (msec) = 1.9629984426229508
Number of SET = 0
Number of GET = 82
Number of MULTI GET = 0


Worker 34
Average throughput (ops/sec) = 81
Average response time (msec) = 2.4389904426229507
Average queue length = 2
Average wait time in queue (msec) = 0.40673634426229505
Average service time (msec) = 1.9412682295081967
Number of SET = 0
Number of GET = 81
Number of MULTI GET = 0


Worker 39
Average throughput (ops/sec) = 84
Average response time (msec) = 2.531665950819672
Average queue length = 2
Average wait time in queue (msec) = 0.49396544262295083
Average service time (msec) = 1.95191531147541
Number of SET = 0
Number of GET = 84
Number of MULTI GET = 0


Worker 40
Average throughput (ops/sec) = 84
Average response time (msec) = 2.522456295081967
Average queue length = 1
Average wait time in queue (msec) = 0.46159334426229504
Average service time (msec) = 1.8805509016393442
Number of SET = 0
Number of GET = 84
Number of MULTI GET = 0


Worker 41
Average throughput (ops/sec) = 82
Average response time (msec) = 2.4759684426229507
Average queue length = 3
Average wait time in queue (msec) = 0.41708432786885247
Average service time (msec) = 1.9580442950819672
Number of SET = 0
Number of GET = 82
Number of MULTI GET = 0


FINAL STATS
Average throughput (ops/sec) = 5260
Average response time (msec) = 2.440109917194199
Average queue length = 2
Average wait time in queue (msec) = 0.45649194159836065
Average service time (msec) = 1.9344798358094262
Number of SET = 0
Number of GET = 5260
Number of MULTI GET = 0
Number of Cache misses = 0
Arrival rate (lambda) = [0, 0, 0, 0, 0, 409, 4315, 4854, 5790, 5484, 5271, 5233, 5541, 5515, 5695, 5039, 5607, 5396, 5363, 5628, 5641, 5526, 5540, 5743, 5630, 5444, 5644, 5251, 5593, 5507, 5518, 5582, 5703, 5438, 5325, 5438, 5391, 5439, 5389, 5306, 5040, 5282, 5383, 5276, 5438, 5486, 5390, 5413, 5459, 5386, 5327, 5274, 5520, 5146, 5298, 4980, 5166, 5315, 5242, 5432, 5385, 5378, 5443, 5495, 5547, 4356, 25, 0]


Histogram response times (0.1 msec step)
0.0 msec : 139
0.1 msec : 1500
0.2 msec : 6020
0.3 msec : 13202
0.4 msec : 20467
0.5 msec : 25124
0.6 msec : 26816
0.7 msec : 25918
0.8 msec : 23127
0.9 msec : 20273
1.0 msec : 16843
1.1 msec : 14130
1.2 msec : 11896
1.3 msec : 10228
1.4 msec : 8206
1.5 msec : 6491
1.6 msec : 5125
1.7 msec : 4049
1.8 msec : 3317
1.9 msec : 2565
2.0 msec : 2351
2.1 msec : 1821
2.2 msec : 1658
2.3 msec : 1530
2.4 msec : 1267
2.5 msec : 1263
2.6 msec : 1162
2.7 msec : 1063
2.8 msec : 906
2.9 msec : 848
3.0 msec : 876
3.1 msec : 857
3.2 msec : 801
3.3 msec : 733
3.4 msec : 744
3.5 msec : 665
3.6 msec : 602
3.7 msec : 580
3.8 msec : 600
3.9 msec : 559
4.0 msec : 490
4.1 msec : 542
4.2 msec : 517
4.3 msec : 484
4.4 msec : 570
4.5 msec : 568
4.6 msec : 568
4.7 msec : 592
4.8 msec : 654
4.9 msec : 639
5.0 msec : 546
5.1 msec : 583
5.2 msec : 598
5.3 msec : 623
5.4 msec : 672
5.5 msec : 624
5.6 msec : 683
5.7 msec : 849
5.8 msec : 919
5.9 msec : 979
6.0 msec : 1057
6.1 msec : 1158
6.2 msec : 1194
6.3 msec : 1275
6.4 msec : 1279
6.5 msec : 1268
6.6 msec : 1317
6.7 msec : 1335
6.8 msec : 1403
6.9 msec : 1465
7.0 msec : 1394
7.1 msec : 1400
7.2 msec : 1533
7.3 msec : 1658
7.4 msec : 1753
7.5 msec : 1827
7.6 msec : 1850
7.7 msec : 1895
7.8 msec : 1836
7.9 msec : 1703
8.0 msec : 1556
8.1 msec : 1311
8.2 msec : 1094
8.3 msec : 924
8.4 msec : 800
8.5 msec : 718
8.6 msec : 658
8.7 msec : 612
8.8 msec : 586
8.9 msec : 583
9.0 msec : 587
9.1 msec : 562
9.2 msec : 556
9.3 msec : 525
9.4 msec : 487
9.5 msec : 425
9.6 msec : 366
9.7 msec : 245
9.8 msec : 183
9.9 msec : 130
10.0 msec : 116
10.1 msec : 89
10.2 msec : 86
10.3 msec : 69
10.4 msec : 62
10.5 msec : 63
10.6 msec : 36
10.7 msec : 60
10.8 msec : 51
10.9 msec : 43
11.0 msec : 37
11.1 msec : 21
11.2 msec : 17
11.3 msec : 23
11.4 msec : 26
11.5 msec : 32
11.6 msec : 38
11.7 msec : 30
11.8 msec : 33
11.9 msec : 27
12.0 msec : 29
12.1 msec : 28
12.2 msec : 19
12.3 msec : 16
12.4 msec : 26
12.5 msec : 12
12.6 msec : 10
12.7 msec : 20
12.8 msec : 15
12.9 msec : 10
13.0 msec : 6
13.1 msec : 3
13.2 msec : 7
13.3 msec : 7
13.4 msec : 2
13.5 msec : 1
13.6 msec : 3
13.7 msec : 4
13.8 msec : 11
13.9 msec : 12
14.0 msec : 12
14.1 msec : 9
14.2 msec : 4
14.3 msec : 5
14.4 msec : 8
14.5 msec : 5
14.6 msec : 6
14.7 msec : 11
14.8 msec : 4
14.9 msec : 2
15.0 msec : 3
15.1 msec : 2
15.2 msec : 3
15.3 msec : 3
15.4 msec : 1
15.5 msec : 0
15.6 msec : 0
15.7 msec : 2
15.8 msec : 2
15.9 msec : 2
16.0 msec : 3
16.1 msec : 2
16.2 msec : 0
16.3 msec : 6
16.4 msec : 0
16.5 msec : 1
16.6 msec : 1
16.7 msec : 0
16.8 msec : 1
16.9 msec : 1
17.0 msec : 1
17.1 msec : 0
17.2 msec : 0
17.3 msec : 0
17.4 msec : 1
17.5 msec : 1
17.6 msec : 0
17.7 msec : 1
17.8 msec : 0
17.9 msec : 1
18.0 msec : 0
18.1 msec : 2
18.2 msec : 0
18.3 msec : 0
18.4 msec : 1
18.5 msec : 1
18.6 msec : 2
18.7 msec : 2
18.8 msec : 3
18.9 msec : 2
19.0 msec : 3
19.1 msec : 3
19.2 msec : 7
19.3 msec : 5
19.4 msec : 7
19.5 msec : 3
19.6 msec : 2
19.7 msec : 2
19.8 msec : 0
19.9 msec : 0
20.0 msec : 0
20.1 msec : 0
20.2 msec : 0
20.3 msec : 0
20.4 msec : 0
20.5 msec : 0
20.6 msec : 0
20.7 msec : 0
20.8 msec : 0
20.9 msec : 0
21.0 msec : 0
21.1 msec : 0
21.2 msec : 0
21.3 msec : 1
21.4 msec : 0
21.5 msec : 0
21.6 msec : 0
21.7 msec : 1
21.8 msec : 1
21.9 msec : 0
22.0 msec : 0
22.1 msec : 0
22.2 msec : 0
22.3 msec : 0
22.4 msec : 0
22.5 msec : 0
22.6 msec : 0
22.7 msec : 0
22.8 msec : 0
22.9 msec : 0
23.0 msec : 0
23.1 msec : 0
23.2 msec : 0
23.3 msec : 1
23.4 msec : 0
23.5 msec : 0
23.6 msec : 1
23.7 msec : 0
23.8 msec : 0
23.9 msec : 1
24.0 msec : 0
24.1 msec : 0
24.2 msec : 1
24.3 msec : 1
24.4 msec : 2
24.5 msec : 5
24.6 msec : 7
24.7 msec : 2
24.8 msec : 4
24.9 msec : 2
25.0 msec : 2
25.1 msec : 2
25.2 msec : 4
25.3 msec : 0
25.4 msec : 2
25.5 msec : 2
25.6 msec : 1
25.7 msec : 2
25.8 msec : 0
25.9 msec : 0
26.0 msec : 0
26.1 msec : 0
26.2 msec : 0
26.3 msec : 0
26.4 msec : 2
26.5 msec : 6
26.6 msec : 1
26.7 msec : 0
26.8 msec : 0
26.9 msec : 0
27.0 msec : 0
27.1 msec : 0
27.2 msec : 0
27.3 msec : 0
27.4 msec : 0
27.5 msec : 0
27.6 msec : 0
27.7 msec : 1
27.8 msec : 1
27.9 msec : 3
28.0 msec : 6
28.1 msec : 2
28.2 msec : 0
28.3 msec : 0
28.4 msec : 0
28.5 msec : 1
28.6 msec : 2
28.7 msec : 3
28.8 msec : 5
28.9 msec : 1
29.0 msec : 2
29.1 msec : 3
29.2 msec : 2
29.3 msec : 1
29.4 msec : 1
29.5 msec : 1
29.6 msec : 1
29.7 msec : 1
29.8 msec : 0
29.9 msec : 1
30.0 msec : 1
30.1 msec : 1
30.2 msec : 0
30.3 msec : 4
30.4 msec : 2
30.5 msec : 2
30.6 msec : 1
30.7 msec : 1
30.8 msec : 0
30.9 msec : 0
31.0 msec : 0
31.1 msec : 0
31.2 msec : 2
31.3 msec : 0
31.4 msec : 0
31.5 msec : 0
31.6 msec : 0
31.7 msec : 0
31.8 msec : 0
31.9 msec : 0
32.0 msec : 0
32.1 msec : 0
32.2 msec : 0
32.3 msec : 0
32.4 msec : 0
32.5 msec : 0
32.6 msec : 0
32.7 msec : 0
32.8 msec : 0
32.9 msec : 0
33.0 msec : 0
33.1 msec : 0
33.2 msec : 0
33.3 msec : 0
33.4 msec : 0
33.5 msec : 0
33.6 msec : 0
33.7 msec : 0
33.8 msec : 0
33.9 msec : 0
34.0 msec : 0
34.1 msec : 0
34.2 msec : 0
34.3 msec : 1
34.4 msec : 0
34.5 msec : 0
34.6 msec : 0
34.7 msec : 0
34.8 msec : 0
34.9 msec : 0
35.0 msec : 0
35.1 msec : 0
35.2 msec : 1
35.3 msec : 0
35.4 msec : 0
35.5 msec : 0
35.6 msec : 1
35.7 msec : 1
35.8 msec : 0
35.9 msec : 0
36.0 msec : 3
36.1 msec : 1
36.2 msec : 2
36.3 msec : 0
36.4 msec : 0
36.5 msec : 0
36.6 msec : 0
36.7 msec : 0
36.8 msec : 0
36.9 msec : 0
37.0 msec : 0
37.1 msec : 0
37.2 msec : 0
37.3 msec : 0
37.4 msec : 0
37.5 msec : 0
37.6 msec : 0
37.7 msec : 0
37.8 msec : 0
37.9 msec : 0
38.0 msec : 0
38.1 msec : 0
38.2 msec : 0
38.3 msec : 0
38.4 msec : 0
38.5 msec : 0
38.6 msec : 0
38.7 msec : 0
38.8 msec : 0
38.9 msec : 0
39.0 msec : 1
39.1 msec : 0
39.2 msec : 0
39.3 msec : 1
39.4 msec : 0
39.5 msec : 0
39.6 msec : 0
39.7 msec : 0
39.8 msec : 0
39.9 msec : 0
40.0 msec : 0
40.1 msec : 0
40.2 msec : 0
40.3 msec : 0
40.4 msec : 0
40.5 msec : 0
40.6 msec : 0
40.7 msec : 0
40.8 msec : 1
40.9 msec : 0
41.0 msec : 0
41.1 msec : 0
41.2 msec : 0
41.3 msec : 0
41.4 msec : 0
41.5 msec : 0
41.6 msec : 0
41.7 msec : 0
41.8 msec : 0
41.9 msec : 0
42.0 msec : 0
42.1 msec : 0
42.2 msec : 0
42.3 msec : 0
42.4 msec : 0
42.5 msec : 0
42.6 msec : 0
42.7 msec : 0
42.8 msec : 0
42.9 msec : 0
43.0 msec : 1
43.1 msec : 1
43.2 msec : 0
43.3 msec : 0
43.4 msec : 1
43.5 msec : 0
43.6 msec : 0
43.7 msec : 0
43.8 msec : 0
43.9 msec : 0
44.0 msec : 0
44.1 msec : 0
44.2 msec : 0
44.3 msec : 0
44.4 msec : 0
44.5 msec : 0
44.6 msec : 0
44.7 msec : 0
44.8 msec : 0
44.9 msec : 0
45.0 msec : 2
45.1 msec : 0
45.2 msec : 0
45.3 msec : 0
45.4 msec : 0
45.5 msec : 0
45.6 msec : 0
45.7 msec : 0
45.8 msec : 0
45.9 msec : 0
46.0 msec : 0
46.1 msec : 0
46.2 msec : 0
46.3 msec : 1
46.4 msec : 0
46.5 msec : 0
46.6 msec : 0
46.7 msec : 0
46.8 msec : 0
46.9 msec : 0
47.0 msec : 0
47.1 msec : 0
47.2 msec : 0
47.3 msec : 0
47.4 msec : 0
47.5 msec : 0
47.6 msec : 0
47.7 msec : 0
47.8 msec : 0
47.9 msec : 0
48.0 msec : 0
48.1 msec : 0
48.2 msec : 0
48.3 msec : 0
48.4 msec : 0
48.5 msec : 0
48.6 msec : 0
48.7 msec : 0
48.8 msec : 0
48.9 msec : 0
49.0 msec : 0
49.1 msec : 0
49.2 msec : 0
49.3 msec : 0
49.4 msec : 0
49.5 msec : 0
49.6 msec : 0
49.7 msec : 0
49.8 msec : 0
49.9 msec : 0
50.0 msec : 0
50.1 msec : 0
50.2 msec : 0
50.3 msec : 0
50.4 msec : 0
50.5 msec : 0
50.6 msec : 0
50.7 msec : 0
50.8 msec : 0
50.9 msec : 0
51.0 msec : 0
51.1 msec : 0
51.2 msec : 0
51.3 msec : 0
51.4 msec : 0
51.5 msec : 0
51.6 msec : 0
51.7 msec : 1
51.8 msec : 0
51.9 msec : 0
52.0 msec : 0
52.1 msec : 0
52.2 msec : 0
52.3 msec : 0
52.4 msec : 0
52.5 msec : 0
52.6 msec : 0
52.7 msec : 0
52.8 msec : 0
52.9 msec : 0
53.0 msec : 0
53.1 msec : 0
53.2 msec : 0
53.3 msec : 0
53.4 msec : 0
53.5 msec : 0
53.6 msec : 0
53.7 msec : 0
53.8 msec : 0
53.9 msec : 0
54.0 msec : 0
54.1 msec : 0
54.2 msec : 0
54.3 msec : 0
54.4 msec : 0
54.5 msec : 0
54.6 msec : 0
54.7 msec : 0
54.8 msec : 0
54.9 msec : 0
55.0 msec : 0
55.1 msec : 0
55.2 msec : 0
55.3 msec : 0
55.4 msec : 0
55.5 msec : 0
55.6 msec : 0
55.7 msec : 0
55.8 msec : 0
55.9 msec : 0
56.0 msec : 0
56.1 msec : 0
56.2 msec : 0
56.3 msec : 0
56.4 msec : 0
56.5 msec : 0
56.6 msec : 0
56.7 msec : 0
56.8 msec : 0
56.9 msec : 0
57.0 msec : 0
57.1 msec : 0
57.2 msec : 0
57.3 msec : 0
57.4 msec : 0
57.5 msec : 0
57.6 msec : 0
57.7 msec : 0
57.8 msec : 0
57.9 msec : 0
58.0 msec : 0
58.1 msec : 0
58.2 msec : 0
58.3 msec : 0
58.4 msec : 0
58.5 msec : 0
58.6 msec : 0
58.7 msec : 0
58.8 msec : 0
58.9 msec : 0
59.0 msec : 0
59.1 msec : 0
59.2 msec : 0
59.3 msec : 0
59.4 msec : 0
59.5 msec : 0
59.6 msec : 0
59.7 msec : 0
59.8 msec : 0
59.9 msec : 0
60.0 msec : 0
60.1 msec : 0
60.2 msec : 0
60.3 msec : 0
60.4 msec : 0
60.5 msec : 0
60.6 msec : 0
60.7 msec : 0
60.8 msec : 0
60.9 msec : 0
61.0 msec : 0
61.1 msec : 0
61.2 msec : 0
61.3 msec : 0
61.4 msec : 0
61.5 msec : 0
61.6 msec : 0
61.7 msec : 0
61.8 msec : 0
61.9 msec : 0
62.0 msec : 0
62.1 msec : 0
62.2 msec : 0
62.3 msec : 0
62.4 msec : 2
62.5 msec : 2
62.6 msec : 2
62.7 msec : 3
62.8 msec : 0
62.9 msec : 1
63.0 msec : 1
63.1 msec : 1
63.2 msec : 3
63.3 msec : 3
63.4 msec : 1
63.5 msec : 1
63.6 msec : 0
63.7 msec : 0
63.8 msec : 0
63.9 msec : 0
64.0 msec : 0
64.1 msec : 0
64.2 msec : 0
64.3 msec : 0
64.4 msec : 0
64.5 msec : 0
64.6 msec : 0
64.7 msec : 0
64.8 msec : 0
64.9 msec : 0
65.0 msec : 0
65.1 msec : 0
65.2 msec : 0
65.3 msec : 1
65.4 msec : 0
65.5 msec : 0
65.6 msec : 0
65.7 msec : 0
65.8 msec : 0
65.9 msec : 0
66.0 msec : 1
66.1 msec : 0
66.2 msec : 0
66.3 msec : 0
66.4 msec : 0
66.5 msec : 0
66.6 msec : 0
66.7 msec : 0
66.8 msec : 0
66.9 msec : 0
67.0 msec : 0
67.1 msec : 0
67.2 msec : 0
67.3 msec : 0
67.4 msec : 0
67.5 msec : 0
67.6 msec : 0
67.7 msec : 0
67.8 msec : 0
67.9 msec : 0
68.0 msec : 0
68.1 msec : 0
68.2 msec : 0
68.3 msec : 0
68.4 msec : 0
68.5 msec : 0
68.6 msec : 0
68.7 msec : 0
68.8 msec : 0
68.9 msec : 0
69.0 msec : 0
69.1 msec : 0
69.2 msec : 0
69.3 msec : 0
69.4 msec : 0
69.5 msec : 0
69.6 msec : 0
69.7 msec : 0
69.8 msec : 0
69.9 msec : 0
70.0 msec : 0
70.1 msec : 0
70.2 msec : 0
70.3 msec : 0
70.4 msec : 0
70.5 msec : 0
70.6 msec : 0
70.7 msec : 0
70.8 msec : 0
70.9 msec : 0
71.0 msec : 0
71.1 msec : 0
71.2 msec : 0
71.3 msec : 0
71.4 msec : 0
71.5 msec : 0
71.6 msec : 0
71.7 msec : 0
71.8 msec : 0
71.9 msec : 0
72.0 msec : 0
72.1 msec : 0
72.2 msec : 0
72.3 msec : 0
72.4 msec : 0
72.5 msec : 0
72.6 msec : 0
72.7 msec : 0
72.8 msec : 0
72.9 msec : 0
73.0 msec : 0
73.1 msec : 0
73.2 msec : 0
73.3 msec : 0
73.4 msec : 0
73.5 msec : 0
73.6 msec : 0
73.7 msec : 2
73.8 msec : 0
73.9 msec : 0
74.0 msec : 0
74.1 msec : 0
74.2 msec : 0
74.3 msec : 0
74.4 msec : 0
74.5 msec : 1
74.6 msec : 7
74.7 msec : 4
74.8 msec : 0
74.9 msec : 0
75.0 msec : 0
75.1 msec : 0
75.2 msec : 0
75.3 msec : 0
75.4 msec : 0
75.5 msec : 0
75.6 msec : 0
75.7 msec : 1
75.8 msec : 0
75.9 msec : 1
76.0 msec : 1
76.1 msec : 0
76.2 msec : 0
76.3 msec : 0
76.4 msec : 0
76.5 msec : 0
76.6 msec : 0
76.7 msec : 0
76.8 msec : 0
76.9 msec : 0
77.0 msec : 0
77.1 msec : 0
77.2 msec : 0
77.3 msec : 0
77.4 msec : 0
77.5 msec : 0
77.6 msec : 0
77.7 msec : 0
77.8 msec : 0
77.9 msec : 0
78.0 msec : 0
78.1 msec : 0
78.2 msec : 0
78.3 msec : 0
78.4 msec : 0
78.5 msec : 0
78.6 msec : 0
78.7 msec : 0
78.8 msec : 0
78.9 msec : 0
79.0 msec : 0
79.1 msec : 0
79.2 msec : 0
79.3 msec : 0
79.4 msec : 0
79.5 msec : 0
79.6 msec : 0
79.7 msec : 0
79.8 msec : 0
79.9 msec : 0
80.0 msec : 0
80.1 msec : 0
80.2 msec : 0
