Middleware started...
Middleware shuts down...
Smaller resolution statistics are in a log file...
Final aggregates per worker:


Worker 46
Average throughput (ops/sec) = 42
Average response time (msec) = 0.8823966229508197
Average queue length = 0
Average wait time in queue (msec) = 0.1306277049180328
Average service time (msec) = 0.6760210491803279
Number of SET = 0
Number of GET = 42
Number of MULTI GET = 0


Worker 47
Average throughput (ops/sec) = 43
Average response time (msec) = 0.8427290983606557
Average queue length = 0
Average wait time in queue (msec) = 0.11604362295081967
Average service time (msec) = 0.6596712950819672
Number of SET = 0
Number of GET = 43
Number of MULTI GET = 0


Worker 48
Average throughput (ops/sec) = 42
Average response time (msec) = 0.8824318852459017
Average queue length = 0
Average wait time in queue (msec) = 0.12611911475409837
Average service time (msec) = 0.6834630819672131
Number of SET = 0
Number of GET = 42
Number of MULTI GET = 0


Worker 49
Average throughput (ops/sec) = 42
Average response time (msec) = 0.8297163934426229
Average queue length = 0
Average wait time in queue (msec) = 0.1214864918032787
Average service time (msec) = 0.6387957213114753
Number of SET = 0
Number of GET = 42
Number of MULTI GET = 0


Worker 42
Average throughput (ops/sec) = 43
Average response time (msec) = 0.8814192622950819
Average queue length = 0
Average wait time in queue (msec) = 0.13598949180327868
Average service time (msec) = 0.6718246885245901
Number of SET = 0
Number of GET = 43
Number of MULTI GET = 0


Worker 43
Average throughput (ops/sec) = 43
Average response time (msec) = 0.8301644098360657
Average queue length = 0
Average wait time in queue (msec) = 0.11491239344262295
Average service time (msec) = 0.646162131147541
Number of SET = 0
Number of GET = 43
Number of MULTI GET = 0


Worker 44
Average throughput (ops/sec) = 43
Average response time (msec) = 0.8348139836065573
Average queue length = 0
Average wait time in queue (msec) = 0.12391490163934425
Average service time (msec) = 0.6393724590163934
Number of SET = 0
Number of GET = 43
Number of MULTI GET = 0


Worker 45
Average throughput (ops/sec) = 43
Average response time (msec) = 0.8501675737704918
Average queue length = 0
Average wait time in queue (msec) = 0.1246547049180328
Average service time (msec) = 0.6561501475409837
Number of SET = 0
Number of GET = 43
Number of MULTI GET = 0


Worker 50
Average throughput (ops/sec) = 42
Average response time (msec) = 0.855380344262295
Average queue length = 0
Average wait time in queue (msec) = 0.12397070491803279
Average service time (msec) = 0.6636827704918034
Number of SET = 0
Number of GET = 42
Number of MULTI GET = 0


Worker 51
Average throughput (ops/sec) = 43
Average response time (msec) = 0.8832366721311475
Average queue length = 0
Average wait time in queue (msec) = 0.13563652459016393
Average service time (msec) = 0.6712700327868852
Number of SET = 0
Number of GET = 43
Number of MULTI GET = 0


Worker 52
Average throughput (ops/sec) = 42
Average response time (msec) = 0.853819868852459
Average queue length = 0
Average wait time in queue (msec) = 0.11648078688524591
Average service time (msec) = 0.6630013278688525
Number of SET = 0
Number of GET = 42
Number of MULTI GET = 0


Worker 57
Average throughput (ops/sec) = 42
Average response time (msec) = 0.8605763114754099
Average queue length = 0
Average wait time in queue (msec) = 0.12158424590163934
Average service time (msec) = 0.6627751147540983
Number of SET = 0
Number of GET = 42
Number of MULTI GET = 0


Worker 13
Average throughput (ops/sec) = 43
Average response time (msec) = 0.8669578032786885
Average queue length = 0
Average wait time in queue (msec) = 0.126132868852459
Average service time (msec) = 0.6746022131147541
Number of SET = 0
Number of GET = 43
Number of MULTI GET = 0


Worker 58
Average throughput (ops/sec) = 43
Average response time (msec) = 0.889006262295082
Average queue length = 0
Average wait time in queue (msec) = 0.12664895081967212
Average service time (msec) = 0.6858802131147541
Number of SET = 0
Number of GET = 43
Number of MULTI GET = 0


Worker 14
Average throughput (ops/sec) = 43
Average response time (msec) = 0.8406160983606558
Average queue length = 0
Average wait time in queue (msec) = 0.12244652459016393
Average service time (msec) = 0.6485296229508196
Number of SET = 0
Number of GET = 43
Number of MULTI GET = 0


Worker 59
Average throughput (ops/sec) = 43
Average response time (msec) = 0.8380059836065573
Average queue length = 0
Average wait time in queue (msec) = 0.139038
Average service time (msec) = 0.6311298852459016
Number of SET = 0
Number of GET = 43
Number of MULTI GET = 0


Worker 15
Average throughput (ops/sec) = 42
Average response time (msec) = 0.8394465901639344
Average queue length = 0
Average wait time in queue (msec) = 0.1253360655737705
Average service time (msec) = 0.6456187213114754
Number of SET = 0
Number of GET = 42
Number of MULTI GET = 0


Worker 16
Average throughput (ops/sec) = 43
Average response time (msec) = 0.8601918360655737
Average queue length = 0
Average wait time in queue (msec) = 0.12078545901639345
Average service time (msec) = 0.6645530491803279
Number of SET = 0
Number of GET = 43
Number of MULTI GET = 0


Worker 53
Average throughput (ops/sec) = 42
Average response time (msec) = 0.8756934918032787
Average queue length = 0
Average wait time in queue (msec) = 0.12647295081967214
Average service time (msec) = 0.6742725573770493
Number of SET = 0
Number of GET = 42
Number of MULTI GET = 0


Worker 54
Average throughput (ops/sec) = 42
Average response time (msec) = 0.8751281639344263
Average queue length = 0
Average wait time in queue (msec) = 0.12572050819672131
Average service time (msec) = 0.6756889344262296
Number of SET = 0
Number of GET = 42
Number of MULTI GET = 0


Worker 10
Average throughput (ops/sec) = 43
Average response time (msec) = 0.8697178852459017
Average queue length = 0
Average wait time in queue (msec) = 0.121391
Average service time (msec) = 0.680372393442623
Number of SET = 0
Number of GET = 43
Number of MULTI GET = 0


Worker 55
Average throughput (ops/sec) = 43
Average response time (msec) = 0.8737360983606557
Average queue length = 0
Average wait time in queue (msec) = 0.11638054098360655
Average service time (msec) = 0.6855230327868853
Number of SET = 0
Number of GET = 43
Number of MULTI GET = 0


Worker 11
Average throughput (ops/sec) = 42
Average response time (msec) = 0.8571726721311476
Average queue length = 0
Average wait time in queue (msec) = 0.11989018032786884
Average service time (msec) = 0.6689932295081967
Number of SET = 0
Number of GET = 42
Number of MULTI GET = 0


Worker 56
Average throughput (ops/sec) = 43
Average response time (msec) = 0.8616046721311476
Average queue length = 0
Average wait time in queue (msec) = 0.12319975409836066
Average service time (msec) = 0.6638690327868852
Number of SET = 0
Number of GET = 43
Number of MULTI GET = 0


Worker 12
Average throughput (ops/sec) = 42
Average response time (msec) = 0.8289010655737704
Average queue length = 0
Average wait time in queue (msec) = 0.11511175409836066
Average service time (msec) = 0.630941262295082
Number of SET = 0
Number of GET = 42
Number of MULTI GET = 0


Worker 17
Average throughput (ops/sec) = 43
Average response time (msec) = 0.8531879836065573
Average queue length = 0
Average wait time in queue (msec) = 0.12875827868852457
Average service time (msec) = 0.6520247704918033
Number of SET = 0
Number of GET = 43
Number of MULTI GET = 0


Worker 18
Average throughput (ops/sec) = 43
Average response time (msec) = 0.868150262295082
Average queue length = 0
Average wait time in queue (msec) = 0.13344631147540983
Average service time (msec) = 0.6632389836065573
Number of SET = 0
Number of GET = 43
Number of MULTI GET = 0


Worker 19
Average throughput (ops/sec) = 42
Average response time (msec) = 0.880387524590164
Average queue length = 0
Average wait time in queue (msec) = 0.13164219672131147
Average service time (msec) = 0.6683074098360656
Number of SET = 0
Number of GET = 42
Number of MULTI GET = 0


Worker 60
Average throughput (ops/sec) = 43
Average response time (msec) = 0.8355357377049181
Average queue length = 0
Average wait time in queue (msec) = 0.12066490163934426
Average service time (msec) = 0.6474643606557376
Number of SET = 0
Number of GET = 43
Number of MULTI GET = 0


Worker 61
Average throughput (ops/sec) = 43
Average response time (msec) = 0.8379201147540983
Average queue length = 0
Average wait time in queue (msec) = 0.1060710655737705
Average service time (msec) = 0.6615449672131147
Number of SET = 0
Number of GET = 43
Number of MULTI GET = 0


Worker 62
Average throughput (ops/sec) = 42
Average response time (msec) = 0.838228655737705
Average queue length = 0
Average wait time in queue (msec) = 0.12031145901639345
Average service time (msec) = 0.648095524590164
Number of SET = 0
Number of GET = 42
Number of MULTI GET = 0


Worker 63
Average throughput (ops/sec) = 43
Average response time (msec) = 0.845667606557377
Average queue length = 0
Average wait time in queue (msec) = 0.12529562295081967
Average service time (msec) = 0.649062262295082
Number of SET = 0
Number of GET = 43
Number of MULTI GET = 0


Worker 24
Average throughput (ops/sec) = 43
Average response time (msec) = 0.8388457704918033
Average queue length = 0
Average wait time in queue (msec) = 0.11780786885245902
Average service time (msec) = 0.6505737868852459
Number of SET = 0
Number of GET = 43
Number of MULTI GET = 0


Worker 7
Average throughput (ops/sec) = 43
Average response time (msec) = 0.8584442950819673
Average queue length = 0
Average wait time in queue (msec) = 0.12265344262295083
Average service time (msec) = 0.6638453770491803
Number of SET = 0
Number of GET = 43
Number of MULTI GET = 0


Worker 25
Average throughput (ops/sec) = 42
Average response time (msec) = 0.8739180983606557
Average queue length = 0
Average wait time in queue (msec) = 0.13798929508196722
Average service time (msec) = 0.6678429016393442
Number of SET = 0
Number of GET = 42
Number of MULTI GET = 0


Worker 6
Average throughput (ops/sec) = 42
Average response time (msec) = 0.8668257540983607
Average queue length = 0
Average wait time in queue (msec) = 0.1453194262295082
Average service time (msec) = 0.6506916557377049
Number of SET = 0
Number of GET = 42
Number of MULTI GET = 0


Worker 26
Average throughput (ops/sec) = 43
Average response time (msec) = 0.8520631639344263
Average queue length = 0
Average wait time in queue (msec) = 0.12057060655737704
Average service time (msec) = 0.6573895081967214
Number of SET = 0
Number of GET = 43
Number of MULTI GET = 0


Worker 9
Average throughput (ops/sec) = 42
Average response time (msec) = 0.863040049180328
Average queue length = 0
Average wait time in queue (msec) = 0.11698801639344263
Average service time (msec) = 0.6786421475409836
Number of SET = 0
Number of GET = 42
Number of MULTI GET = 0


Worker 27
Average throughput (ops/sec) = 43
Average response time (msec) = 0.8353213114754099
Average queue length = 0
Average wait time in queue (msec) = 0.1265107049180328
Average service time (msec) = 0.640864131147541
Number of SET = 0
Number of GET = 43
Number of MULTI GET = 0


Worker 8
Average throughput (ops/sec) = 43
Average response time (msec) = 0.8384975573770492
Average queue length = 0
Average wait time in queue (msec) = 0.1279999344262295
Average service time (msec) = 0.6383799836065573
Number of SET = 0
Number of GET = 43
Number of MULTI GET = 0


Worker 64
Average throughput (ops/sec) = 42
Average response time (msec) = 0.8879440983606557
Average queue length = 0
Average wait time in queue (msec) = 0.1272985737704918
Average service time (msec) = 0.6880045409836066
Number of SET = 0
Number of GET = 42
Number of MULTI GET = 0


Worker 20
Average throughput (ops/sec) = 43
Average response time (msec) = 0.8687175573770493
Average queue length = 0
Average wait time in queue (msec) = 0.12970068852459016
Average service time (msec) = 0.6611666721311475
Number of SET = 0
Number of GET = 43
Number of MULTI GET = 0


Worker 3
Average throughput (ops/sec) = 43
Average response time (msec) = 0.8273945573770493
Average queue length = 0
Average wait time in queue (msec) = 0.11012708196721312
Average service time (msec) = 0.6478785409836066
Number of SET = 0
Number of GET = 43
Number of MULTI GET = 0


Worker 21
Average throughput (ops/sec) = 43
Average response time (msec) = 0.8499334918032787
Average queue length = 0
Average wait time in queue (msec) = 0.11337281967213116
Average service time (msec) = 0.6524735901639344
Number of SET = 0
Number of GET = 43
Number of MULTI GET = 0


Worker 2
Average throughput (ops/sec) = 43
Average response time (msec) = 0.839747262295082
Average queue length = 0
Average wait time in queue (msec) = 0.11830513114754099
Average service time (msec) = 0.6538100163934426
Number of SET = 0
Number of GET = 43
Number of MULTI GET = 0


Worker 22
Average throughput (ops/sec) = 43
Average response time (msec) = 0.8824885573770492
Average queue length = 0
Average wait time in queue (msec) = 0.1451470819672131
Average service time (msec) = 0.6638795409836066
Number of SET = 0
Number of GET = 43
Number of MULTI GET = 0


Worker 5
Average throughput (ops/sec) = 43
Average response time (msec) = 0.8431373770491803
Average queue length = 0
Average wait time in queue (msec) = 0.12148529508196722
Average service time (msec) = 0.649502786885246
Number of SET = 0
Number of GET = 43
Number of MULTI GET = 0


Worker 23
Average throughput (ops/sec) = 42
Average response time (msec) = 0.8627143606557377
Average queue length = 0
Average wait time in queue (msec) = 0.1187827868852459
Average service time (msec) = 0.668078393442623
Number of SET = 0
Number of GET = 42
Number of MULTI GET = 0


Worker 4
Average throughput (ops/sec) = 43
Average response time (msec) = 0.852140524590164
Average queue length = 0
Average wait time in queue (msec) = 0.11922088524590163
Average service time (msec) = 0.660735475409836
Number of SET = 0
Number of GET = 43
Number of MULTI GET = 0


Worker 28
Average throughput (ops/sec) = 42
Average response time (msec) = 0.8837131475409836
Average queue length = 0
Average wait time in queue (msec) = 0.12884555737704917
Average service time (msec) = 0.6717370983606558
Number of SET = 0
Number of GET = 42
Number of MULTI GET = 0


Worker 29
Average throughput (ops/sec) = 43
Average response time (msec) = 0.8216789016393443
Average queue length = 0
Average wait time in queue (msec) = 0.12180708196721311
Average service time (msec) = 0.6317266885245901
Number of SET = 0
Number of GET = 43
Number of MULTI GET = 0


Worker 1
Average throughput (ops/sec) = 43
Average response time (msec) = 0.841230524590164
Average queue length = 0
Average wait time in queue (msec) = 0.12263662295081967
Average service time (msec) = 0.6479720163934426
Number of SET = 0
Number of GET = 43
Number of MULTI GET = 0


Worker 30
Average throughput (ops/sec) = 43
Average response time (msec) = 0.8542390163934427
Average queue length = 0
Average wait time in queue (msec) = 0.1283095737704918
Average service time (msec) = 0.6564779016393443
Number of SET = 0
Number of GET = 43
Number of MULTI GET = 0


Worker 35
Average throughput (ops/sec) = 43
Average response time (msec) = 0.8985222295081967
Average queue length = 0
Average wait time in queue (msec) = 0.12442219672131147
Average service time (msec) = 0.6864413442622951
Number of SET = 0
Number of GET = 43
Number of MULTI GET = 0


Worker 36
Average throughput (ops/sec) = 43
Average response time (msec) = 0.844488606557377
Average queue length = 0
Average wait time in queue (msec) = 0.11992509836065574
Average service time (msec) = 0.6460086721311475
Number of SET = 0
Number of GET = 43
Number of MULTI GET = 0


Worker 37
Average throughput (ops/sec) = 43
Average response time (msec) = 0.8505111475409837
Average queue length = 0
Average wait time in queue (msec) = 0.12816454098360655
Average service time (msec) = 0.6508622622950819
Number of SET = 0
Number of GET = 43
Number of MULTI GET = 0


Worker 38
Average throughput (ops/sec) = 42
Average response time (msec) = 0.8446333606557377
Average queue length = 0
Average wait time in queue (msec) = 0.12442370491803278
Average service time (msec) = 0.6501394918032787
Number of SET = 0
Number of GET = 42
Number of MULTI GET = 0


Worker 31
Average throughput (ops/sec) = 42
Average response time (msec) = 0.8953600983606557
Average queue length = 0
Average wait time in queue (msec) = 0.1507195737704918
Average service time (msec) = 0.6659345737704917
Number of SET = 0
Number of GET = 42
Number of MULTI GET = 0


Worker 32
Average throughput (ops/sec) = 43
Average response time (msec) = 0.863796081967213
Average queue length = 0
Average wait time in queue (msec) = 0.12635311475409836
Average service time (msec) = 0.6699331475409837
Number of SET = 0
Number of GET = 43
Number of MULTI GET = 0


Worker 33
Average throughput (ops/sec) = 42
Average response time (msec) = 0.8632326885245901
Average queue length = 0
Average wait time in queue (msec) = 0.12974460655737705
Average service time (msec) = 0.6496060491803279
Number of SET = 0
Number of GET = 42
Number of MULTI GET = 0


Worker 34
Average throughput (ops/sec) = 43
Average response time (msec) = 0.8443743442622951
Average queue length = 0
Average wait time in queue (msec) = 0.12085108196721311
Average service time (msec) = 0.6537136557377049
Number of SET = 0
Number of GET = 43
Number of MULTI GET = 0


Worker 39
Average throughput (ops/sec) = 43
Average response time (msec) = 0.8454374918032787
Average queue length = 0
Average wait time in queue (msec) = 0.12274552459016393
Average service time (msec) = 0.6483112459016394
Number of SET = 0
Number of GET = 43
Number of MULTI GET = 0


Worker 40
Average throughput (ops/sec) = 42
Average response time (msec) = 0.848564868852459
Average queue length = 0
Average wait time in queue (msec) = 0.12751486885245902
Average service time (msec) = 0.6546941475409837
Number of SET = 0
Number of GET = 42
Number of MULTI GET = 0


Worker 41
Average throughput (ops/sec) = 42
Average response time (msec) = 0.8557187049180327
Average queue length = 0
Average wait time in queue (msec) = 0.12444726229508196
Average service time (msec) = 0.6567945901639344
Number of SET = 0
Number of GET = 42
Number of MULTI GET = 0


FINAL STATS
Average throughput (ops/sec) = 2728
Average response time (msec) = 0.8354872851396554
Average queue length = 0
Average wait time in queue (msec) = 0.12478679892418033
Average service time (msec) = 0.6591564715676229
Number of SET = 0
Number of GET = 2728
Number of MULTI GET = 0
Number of Cache misses = 0
Arrival rate (lambda) = [0, 0, 630, 2102, 2185, 2124, 2891, 3077, 2505, 2663, 2867, 2962, 3019, 2997, 2824, 2322, 2629, 2563, 2992, 2725, 2933, 3062, 3031, 2930, 3001, 2943, 2966, 3110, 3151, 3055, 2573, 2649, 2692, 2765, 2848, 3098, 3060, 2783, 2812, 2669, 2944, 3075, 2981, 2802, 2854, 2611, 2505, 2637, 2804, 2916, 2840, 3097, 2700, 2592, 2824, 2746, 3110, 2945, 2981, 3050, 2874, 2748, 1468, 0, 0, 0]


Histogram response times (0.1 msec step)
0.0 msec : 1757
0.1 msec : 13116
0.2 msec : 26807
0.3 msec : 34752
0.4 msec : 30872
0.5 msec : 21818
0.6 msec : 13611
0.7 msec : 7820
0.8 msec : 4591
0.9 msec : 2871
1.0 msec : 1845
1.1 msec : 1366
1.2 msec : 1088
1.3 msec : 803
1.4 msec : 571
1.5 msec : 439
1.6 msec : 421
1.7 msec : 328
1.8 msec : 250
1.9 msec : 215
2.0 msec : 162
2.1 msec : 146
2.2 msec : 147
2.3 msec : 129
2.4 msec : 121
2.5 msec : 99
2.6 msec : 90
2.7 msec : 73
2.8 msec : 62
2.9 msec : 85
3.0 msec : 70
3.1 msec : 63
3.2 msec : 61
3.3 msec : 67
3.4 msec : 64
3.5 msec : 48
3.6 msec : 51
3.7 msec : 64
3.8 msec : 57
3.9 msec : 18
4.0 msec : 15
4.1 msec : 28
4.2 msec : 29
4.3 msec : 28
4.4 msec : 28
4.5 msec : 29
4.6 msec : 33
4.7 msec : 33
4.8 msec : 39
4.9 msec : 25
5.0 msec : 28
5.1 msec : 15
5.2 msec : 32
5.3 msec : 19
5.4 msec : 42
5.5 msec : 36
5.6 msec : 50
5.7 msec : 67
5.8 msec : 70
5.9 msec : 60
6.0 msec : 92
6.1 msec : 54
6.2 msec : 53
6.3 msec : 30
6.4 msec : 30
6.5 msec : 17
6.6 msec : 21
6.7 msec : 17
6.8 msec : 23
6.9 msec : 12
7.0 msec : 10
7.1 msec : 9
7.2 msec : 8
7.3 msec : 7
7.4 msec : 16
7.5 msec : 13
7.6 msec : 10
7.7 msec : 10
7.8 msec : 6
7.9 msec : 4
8.0 msec : 2
8.1 msec : 4
8.2 msec : 4
8.3 msec : 0
8.4 msec : 3
8.5 msec : 11
8.6 msec : 5
8.7 msec : 4
8.8 msec : 1
8.9 msec : 5
9.0 msec : 7
9.1 msec : 1
9.2 msec : 5
9.3 msec : 5
9.4 msec : 10
9.5 msec : 4
9.6 msec : 7
9.7 msec : 1
9.8 msec : 1
9.9 msec : 4
10.0 msec : 3
10.1 msec : 0
10.2 msec : 0
10.3 msec : 0
10.4 msec : 0
10.5 msec : 1
10.6 msec : 0
10.7 msec : 0
10.8 msec : 0
10.9 msec : 2
11.0 msec : 0
11.1 msec : 0
11.2 msec : 0
11.3 msec : 0
11.4 msec : 0
11.5 msec : 2
11.6 msec : 1
11.7 msec : 1
11.8 msec : 1
11.9 msec : 0
12.0 msec : 0
12.1 msec : 1
12.2 msec : 0
12.3 msec : 1
12.4 msec : 2
12.5 msec : 0
12.6 msec : 0
12.7 msec : 0
12.8 msec : 0
12.9 msec : 0
13.0 msec : 0
13.1 msec : 0
13.2 msec : 1
13.3 msec : 0
13.4 msec : 0
13.5 msec : 0
13.6 msec : 0
13.7 msec : 0
13.8 msec : 0
13.9 msec : 0
14.0 msec : 0
14.1 msec : 0
14.2 msec : 0
14.3 msec : 0
14.4 msec : 0
14.5 msec : 2
14.6 msec : 2
14.7 msec : 0
14.8 msec : 0
14.9 msec : 0
15.0 msec : 0
15.1 msec : 1
15.2 msec : 2
15.3 msec : 1
15.4 msec : 0
15.5 msec : 0
15.6 msec : 1
15.7 msec : 0
15.8 msec : 0
15.9 msec : 0
16.0 msec : 0
16.1 msec : 0
16.2 msec : 0
16.3 msec : 0
16.4 msec : 0
16.5 msec : 1
16.6 msec : 1
16.7 msec : 0
16.8 msec : 0
16.9 msec : 0
17.0 msec : 1
17.1 msec : 0
17.2 msec : 0
17.3 msec : 0
17.4 msec : 0
17.5 msec : 0
17.6 msec : 0
17.7 msec : 0
17.8 msec : 0
17.9 msec : 0
18.0 msec : 2
18.1 msec : 0
18.2 msec : 0
18.3 msec : 0
18.4 msec : 0
18.5 msec : 0
18.6 msec : 4
18.7 msec : 2
18.8 msec : 1
18.9 msec : 4
19.0 msec : 2
19.1 msec : 1
19.2 msec : 2
19.3 msec : 1
19.4 msec : 0
19.5 msec : 0
19.6 msec : 0
19.7 msec : 0
19.8 msec : 0
19.9 msec : 0
20.0 msec : 1
20.1 msec : 0
20.2 msec : 1
20.3 msec : 2
20.4 msec : 0
20.5 msec : 1
20.6 msec : 0
20.7 msec : 0
20.8 msec : 0
20.9 msec : 0
21.0 msec : 0
21.1 msec : 0
21.2 msec : 0
21.3 msec : 0
21.4 msec : 0
21.5 msec : 0
21.6 msec : 0
21.7 msec : 0
21.8 msec : 0
21.9 msec : 0
22.0 msec : 0
22.1 msec : 0
22.2 msec : 1
22.3 msec : 0
22.4 msec : 0
22.5 msec : 0
22.6 msec : 0
22.7 msec : 0
22.8 msec : 0
22.9 msec : 0
23.0 msec : 0
23.1 msec : 1
23.2 msec : 0
23.3 msec : 0
23.4 msec : 0
23.5 msec : 0
23.6 msec : 0
23.7 msec : 0
23.8 msec : 0
23.9 msec : 1
24.0 msec : 0
24.1 msec : 0
24.2 msec : 0
24.3 msec : 0
24.4 msec : 0
24.5 msec : 0
24.6 msec : 0
24.7 msec : 0
24.8 msec : 0
24.9 msec : 0
25.0 msec : 0
25.1 msec : 0
25.2 msec : 0
25.3 msec : 0
25.4 msec : 0
25.5 msec : 0
25.6 msec : 0
25.7 msec : 0
25.8 msec : 0
25.9 msec : 0
26.0 msec : 0
26.1 msec : 0
26.2 msec : 0
26.3 msec : 0
26.4 msec : 0
26.5 msec : 0
26.6 msec : 0
26.7 msec : 0
26.8 msec : 1
26.9 msec : 0
27.0 msec : 0
27.1 msec : 0
27.2 msec : 0
27.3 msec : 0
27.4 msec : 0
27.5 msec : 0
27.6 msec : 0
27.7 msec : 0
27.8 msec : 0
27.9 msec : 0
28.0 msec : 0
